[1] "Adding old segment 1"
[1] "Adding old segment 8"
[1] "Adding old segment 7"
[1] "Adding old segment 6"
[1] "Adding old segment 5"
[1] "Adding old segment 4"
[1] "Adding old segment 3"
[1] "Storing new segment 1"
[1] "Adding old segment 2"
[1] "Storing new segment 2"
simplify.outline: Removing vertex 144
simplify.outline: Removing vertex 155
Triangulating...
[1] "Non-adjacent points in rim connected by line: 10 8"
[1] "In triangle: 215" "In triangle: 219"
[1] "Other points in triangles: 11 9"
[1] "Non-adjacent points in rim connected by line: 11 8"
[1] "In triangle: 87"  "In triangle: 881"
[1] "Other points in triangles: 365 523"
[1] "Non-adjacent points in rim connected by line: 38 36"
[1] "In triangle: 159" "In triangle: 162"
[1] "Other points in triangles: 37 212"
[1] "Non-adjacent points in rim connected by line: 43 41"
[1] "In triangle: 49" "In triangle: 50"
[1] "Other points in triangles: 45 42"
[1] "Non-adjacent points in rim connected by line: 45 41"
[1] "In triangle: 52"  "In triangle: 887"
[1] "Other points in triangles: 180 526"
[1] "Non-adjacent points in rim connected by line: 45 43"
[1] "In triangle: 47" "In triangle: 49"
[1] "Other points in triangles: 44 526"
[1] "Non-adjacent points in rim connected by line: 64 61"
[1] "In triangle: 11" "In triangle: 13"
[1] "Other points in triangles: 364 62"
[1] "Non-adjacent points in rim connected by line: 64 62"
[1] "In triangle: 9"  "In triangle: 13"
[1] "Other points in triangles: 63 529"
[1] "Non-adjacent points in rim connected by line: 121 119"
[1] "In triangle: 131" "In triangle: 217"
[1] "Other points in triangles: 120 208"
[1] "Non-adjacent points in rim connected by line: 149 147"
[1] "In triangle: 301" "In triangle: 311"
[1] "Other points in triangles: 148 270"
[1] "Non-adjacent points in rim connected by line: 166 1"
[1] "In triangle: 68"  "In triangle: 253"
[1] "Other points in triangles: 161 184"
Stitching...
Tear 1 child of rim
Tear 2 child of rim
Tear 3 child of rim
Tear 4 child of rim
Tear 5 child of rim
Tear 6 child of rim
Tear 1 : Sf = 4148.86824739014 ; Sb = 4413.90813141137
  Forwards path
    i = 1 ; sf/Sf = 0.0361544380432804 ; sf = 150
      k =    2 ; sb/Sb = 0 ; sb = 0
      k =    3 ; sb/Sb = 0.0618379162304512 ; sb = 272.946881279124
      Creating new point: f = 0.58466455933838
    i = 161 ; sf/Sf = 0.0497891304754897 ; sf = 206.568542494924
      k =    2 ; sb/Sb = 0 ; sb = 0
      k =    3 ; sb/Sb = 0.0618379162304512 ; sb = 272.946881279124
      Creating new point: f = 0.805155372473106
    i = 166 ; sf/Sf = 0.0806409176057555 ; sf = 334.568542494924
      k =    2 ; sb/Sb = 0 ; sb = 0
      k =    3 ; sb/Sb = 0.0618379162304512 ; sb = 272.946881279124
      k =    4 ; sb/Sb = 0.161135891396073 ; sb = 711.239021295346
      Creating new point: f = 0.189359363511112
    i = 160 ; sf/Sf = 0.1346986233951 ; sf = 558.846841571095
      k =    2 ; sb/Sb = 0 ; sb = 0
      k =    3 ; sb/Sb = 0.0618379162304512 ; sb = 272.946881279124
      k =    4 ; sb/Sb = 0.161135891396073 ; sb = 711.239021295346
      Creating new point: f = 0.733758236692368
    i = 159 ; sf/Sf = 0.22632157536859 ; sf = 938.978397746059
      k =    2 ; sb/Sb = 0 ; sb = 0
      k =    3 ; sb/Sb = 0.0618379162304512 ; sb = 272.946881279124
      k =    4 ; sb/Sb = 0.161135891396073 ; sb = 711.239021295346
      k =    5 ; sb/Sb = 0.279401906434 ; sb = 1233.25434674087
      Creating new point: f = 0.551178493260405
    i = 158 ; sf/Sf = 0.334784889498431 ; sf = 1388.97839774606
      k =    2 ; sb/Sb = 0 ; sb = 0
      k =    3 ; sb/Sb = 0.0618379162304512 ; sb = 272.946881279124
      k =    4 ; sb/Sb = 0.161135891396073 ; sb = 711.239021295346
      k =    5 ; sb/Sb = 0.279401906434 ; sb = 1233.25434674087
      k =    6 ; sb/Sb = 0.347368885145013 ; sb = 1533.25434674087
      Creating new point: f = 0.814851330966366
    i = 157 ; sf/Sf = 0.426819063415844 ; sf = 1770.81605958679
      k =    2 ; sb/Sb = 0 ; sb = 0
      k =    3 ; sb/Sb = 0.0618379162304512 ; sb = 272.946881279124
      k =    4 ; sb/Sb = 0.161135891396073 ; sb = 711.239021295346
      k =    5 ; sb/Sb = 0.279401906434 ; sb = 1233.25434674087
      k =    6 ; sb/Sb = 0.347368885145013 ; sb = 1533.25434674087
      k =    7 ; sb/Sb = 0.42088641317929 ; sb = 1857.75396153263
      k =    8 ; sb/Sb = 0.447404182834312 ; sb = 1974.80096063983
      Creating new point: f = 0.223723575313237
    i = 156 ; sf/Sf = 0.548795276440574 ; sf = 2276.87929674199
      k =    2 ; sb/Sb = 0 ; sb = 0
      k =    3 ; sb/Sb = 0.0618379162304512 ; sb = 272.946881279124
      k =    4 ; sb/Sb = 0.161135891396073 ; sb = 711.239021295346
      k =    5 ; sb/Sb = 0.279401906434 ; sb = 1233.25434674087
      k =    6 ; sb/Sb = 0.347368885145013 ; sb = 1533.25434674087
      k =    7 ; sb/Sb = 0.42088641317929 ; sb = 1857.75396153263
      k =    8 ; sb/Sb = 0.447404182834312 ; sb = 1974.80096063983
      k =    9 ; sb/Sb = 0.488184370060919 ; sb = 2154.80096063983
      k =   10 ; sb/Sb = 0.51310559558829 ; sb = 2264.80096063983
      k =   11 ; sb/Sb = 0.565213612600066 ; sb = 2494.80096063983
      Creating new point: f = 0.684917271832064
    i = 155 ; sf/Sf = 0.596638283394978 ; sf = 2475.37362915479
      k =    2 ; sb/Sb = 0 ; sb = 0
      k =    3 ; sb/Sb = 0.0618379162304512 ; sb = 272.946881279124
      k =    4 ; sb/Sb = 0.161135891396073 ; sb = 711.239021295346
      k =    5 ; sb/Sb = 0.279401906434 ; sb = 1233.25434674087
      k =    6 ; sb/Sb = 0.347368885145013 ; sb = 1533.25434674087
      k =    7 ; sb/Sb = 0.42088641317929 ; sb = 1857.75396153263
      k =    8 ; sb/Sb = 0.447404182834312 ; sb = 1974.80096063983
      k =    9 ; sb/Sb = 0.488184370060919 ; sb = 2154.80096063983
      k =   10 ; sb/Sb = 0.51310559558829 ; sb = 2264.80096063983
      k =   11 ; sb/Sb = 0.565213612600066 ; sb = 2494.80096063983
      k =   12 ; sb/Sb = 0.601035355667895 ; sb = 2652.91484364825
      Creating new point: f = 0.877251303360908
    i = 154 ; sf/Sf = 0.650155536745074 ; sf = 2697.40966226653
      k =    2 ; sb/Sb = 0 ; sb = 0
      k =    3 ; sb/Sb = 0.0618379162304512 ; sb = 272.946881279124
      k =    4 ; sb/Sb = 0.161135891396073 ; sb = 711.239021295346
      k =    5 ; sb/Sb = 0.279401906434 ; sb = 1233.25434674087
      k =    6 ; sb/Sb = 0.347368885145013 ; sb = 1533.25434674087
      k =    7 ; sb/Sb = 0.42088641317929 ; sb = 1857.75396153263
      k =    8 ; sb/Sb = 0.447404182834312 ; sb = 1974.80096063983
      k =    9 ; sb/Sb = 0.488184370060919 ; sb = 2154.80096063983
      k =   10 ; sb/Sb = 0.51310559558829 ; sb = 2264.80096063983
      k =   11 ; sb/Sb = 0.565213612600066 ; sb = 2494.80096063983
      k =   12 ; sb/Sb = 0.601035355667895 ; sb = 2652.91484364825
      k =   13 ; sb/Sb = 0.630487713109334 ; sb = 2782.91484364825
      k =   14 ; sb/Sb = 0.64875328980071 ; sb = 2863.53742113123
      k =   15 ; sb/Sb = 0.674584716082221 ; sb = 2977.55496364115
      Creating new point: f = 0.0542845342367855
    i = 153 ; sf/Sf = 0.692798023703013 ; sf = 2874.32772239607
      k =    2 ; sb/Sb = 0 ; sb = 0
      k =    3 ; sb/Sb = 0.0618379162304512 ; sb = 272.946881279124
      k =    4 ; sb/Sb = 0.161135891396073 ; sb = 711.239021295346
      k =    5 ; sb/Sb = 0.279401906434 ; sb = 1233.25434674087
      k =    6 ; sb/Sb = 0.347368885145013 ; sb = 1533.25434674087
      k =    7 ; sb/Sb = 0.42088641317929 ; sb = 1857.75396153263
      k =    8 ; sb/Sb = 0.447404182834312 ; sb = 1974.80096063983
      k =    9 ; sb/Sb = 0.488184370060919 ; sb = 2154.80096063983
      k =   10 ; sb/Sb = 0.51310559558829 ; sb = 2264.80096063983
      k =   11 ; sb/Sb = 0.565213612600066 ; sb = 2494.80096063983
      k =   12 ; sb/Sb = 0.601035355667895 ; sb = 2652.91484364825
      k =   13 ; sb/Sb = 0.630487713109334 ; sb = 2782.91484364825
      k =   14 ; sb/Sb = 0.64875328980071 ; sb = 2863.53742113123
      k =   15 ; sb/Sb = 0.674584716082221 ; sb = 2977.55496364115
      k =   16 ; sb/Sb = 0.684716635057095 ; sb = 3022.27632319114
      k =   17 ; sb/Sb = 0.710548061338605 ; sb = 3136.29386570106
      Creating new point: f = 0.312851042673662
    i = 152 ; sf/Sf = 0.765307479581509 ; sf = 3175.1599015259
      k =    2 ; sb/Sb = 0 ; sb = 0
      k =    3 ; sb/Sb = 0.0618379162304512 ; sb = 272.946881279124
      k =    4 ; sb/Sb = 0.161135891396073 ; sb = 711.239021295346
      k =    5 ; sb/Sb = 0.279401906434 ; sb = 1233.25434674087
      k =    6 ; sb/Sb = 0.347368885145013 ; sb = 1533.25434674087
      k =    7 ; sb/Sb = 0.42088641317929 ; sb = 1857.75396153263
      k =    8 ; sb/Sb = 0.447404182834312 ; sb = 1974.80096063983
      k =    9 ; sb/Sb = 0.488184370060919 ; sb = 2154.80096063983
      k =   10 ; sb/Sb = 0.51310559558829 ; sb = 2264.80096063983
      k =   11 ; sb/Sb = 0.565213612600066 ; sb = 2494.80096063983
      k =   12 ; sb/Sb = 0.601035355667895 ; sb = 2652.91484364825
      k =   13 ; sb/Sb = 0.630487713109334 ; sb = 2782.91484364825
      k =   14 ; sb/Sb = 0.64875328980071 ; sb = 2863.53742113123
      k =   15 ; sb/Sb = 0.674584716082221 ; sb = 2977.55496364115
      k =   16 ; sb/Sb = 0.684716635057095 ; sb = 3022.27632319114
      k =   17 ; sb/Sb = 0.710548061338605 ; sb = 3136.29386570106
      k =   18 ; sb/Sb = 0.748525867208525 ; sb = 3303.92441184346
      k =   19 ; sb/Sb = 0.788157085538714 ; sb = 3478.85296868882
      Creating new point: f = 0.423444271462127
    i = 151 ; sf/Sf = 0.822599558362178 ; sf = 3412.85718800599
      k =    2 ; sb/Sb = 0 ; sb = 0
      k =    3 ; sb/Sb = 0.0618379162304512 ; sb = 272.946881279124
      k =    4 ; sb/Sb = 0.161135891396073 ; sb = 711.239021295346
      k =    5 ; sb/Sb = 0.279401906434 ; sb = 1233.25434674087
      k =    6 ; sb/Sb = 0.347368885145013 ; sb = 1533.25434674087
      k =    7 ; sb/Sb = 0.42088641317929 ; sb = 1857.75396153263
      k =    8 ; sb/Sb = 0.447404182834312 ; sb = 1974.80096063983
      k =    9 ; sb/Sb = 0.488184370060919 ; sb = 2154.80096063983
      k =   10 ; sb/Sb = 0.51310559558829 ; sb = 2264.80096063983
      k =   11 ; sb/Sb = 0.565213612600066 ; sb = 2494.80096063983
      k =   12 ; sb/Sb = 0.601035355667895 ; sb = 2652.91484364825
      k =   13 ; sb/Sb = 0.630487713109334 ; sb = 2782.91484364825
      k =   14 ; sb/Sb = 0.64875328980071 ; sb = 2863.53742113123
      k =   15 ; sb/Sb = 0.674584716082221 ; sb = 2977.55496364115
      k =   16 ; sb/Sb = 0.684716635057095 ; sb = 3022.27632319114
      k =   17 ; sb/Sb = 0.710548061338605 ; sb = 3136.29386570106
      k =   18 ; sb/Sb = 0.748525867208525 ; sb = 3303.92441184346
      k =   19 ; sb/Sb = 0.788157085538714 ; sb = 3478.85296868882
      k =   20 ; sb/Sb = 0.824406140851254 ; sb = 3638.85296868882
      Creating new point: f = 0.95016194288377
    i = 150 ; sf/Sf = 0.869399038801601 ; sf = 3607.02206639547
      k =    2 ; sb/Sb = 0 ; sb = 0
      k =    3 ; sb/Sb = 0.0618379162304512 ; sb = 272.946881279124
      k =    4 ; sb/Sb = 0.161135891396073 ; sb = 711.239021295346
      k =    5 ; sb/Sb = 0.279401906434 ; sb = 1233.25434674087
      k =    6 ; sb/Sb = 0.347368885145013 ; sb = 1533.25434674087
      k =    7 ; sb/Sb = 0.42088641317929 ; sb = 1857.75396153263
      k =    8 ; sb/Sb = 0.447404182834312 ; sb = 1974.80096063983
      k =    9 ; sb/Sb = 0.488184370060919 ; sb = 2154.80096063983
      k =   10 ; sb/Sb = 0.51310559558829 ; sb = 2264.80096063983
      k =   11 ; sb/Sb = 0.565213612600066 ; sb = 2494.80096063983
      k =   12 ; sb/Sb = 0.601035355667895 ; sb = 2652.91484364825
      k =   13 ; sb/Sb = 0.630487713109334 ; sb = 2782.91484364825
      k =   14 ; sb/Sb = 0.64875328980071 ; sb = 2863.53742113123
      k =   15 ; sb/Sb = 0.674584716082221 ; sb = 2977.55496364115
      k =   16 ; sb/Sb = 0.684716635057095 ; sb = 3022.27632319114
      k =   17 ; sb/Sb = 0.710548061338605 ; sb = 3136.29386570106
      k =   18 ; sb/Sb = 0.748525867208525 ; sb = 3303.92441184346
      k =   19 ; sb/Sb = 0.788157085538714 ; sb = 3478.85296868882
      k =   20 ; sb/Sb = 0.824406140851254 ; sb = 3638.85296868882
      k =   21 ; sb/Sb = 0.869943453010523 ; sb = 3839.85048111124
      Creating new point: f = 0.988044656500178
    i = 149 ; sf/Sf = 0.913051353592911 ; sf = 3788.12976915822
      k =    2 ; sb/Sb = 0 ; sb = 0
      k =    3 ; sb/Sb = 0.0618379162304512 ; sb = 272.946881279124
      k =    4 ; sb/Sb = 0.161135891396073 ; sb = 711.239021295346
      k =    5 ; sb/Sb = 0.279401906434 ; sb = 1233.25434674087
      k =    6 ; sb/Sb = 0.347368885145013 ; sb = 1533.25434674087
      k =    7 ; sb/Sb = 0.42088641317929 ; sb = 1857.75396153263
      k =    8 ; sb/Sb = 0.447404182834312 ; sb = 1974.80096063983
      k =    9 ; sb/Sb = 0.488184370060919 ; sb = 2154.80096063983
      k =   10 ; sb/Sb = 0.51310559558829 ; sb = 2264.80096063983
      k =   11 ; sb/Sb = 0.565213612600066 ; sb = 2494.80096063983
      k =   12 ; sb/Sb = 0.601035355667895 ; sb = 2652.91484364825
      k =   13 ; sb/Sb = 0.630487713109334 ; sb = 2782.91484364825
      k =   14 ; sb/Sb = 0.64875328980071 ; sb = 2863.53742113123
      k =   15 ; sb/Sb = 0.674584716082221 ; sb = 2977.55496364115
      k =   16 ; sb/Sb = 0.684716635057095 ; sb = 3022.27632319114
      k =   17 ; sb/Sb = 0.710548061338605 ; sb = 3136.29386570106
      k =   18 ; sb/Sb = 0.748525867208525 ; sb = 3303.92441184346
      k =   19 ; sb/Sb = 0.788157085538714 ; sb = 3478.85296868882
      k =   20 ; sb/Sb = 0.824406140851254 ; sb = 3638.85296868882
      k =   21 ; sb/Sb = 0.869943453010523 ; sb = 3839.85048111124
      k =   22 ; sb/Sb = 0.905114494713415 ; sb = 3995.09222807384
      k =   23 ; sb/Sb = 0.953281087656687 ; sb = 4207.69514432853
      Creating new point: f = 0.164779329292489
    i = 148 ; sf/Sf = 0.965913268919477 ; sf = 4007.44689115283
      k =    2 ; sb/Sb = 0 ; sb = 0
      k =    3 ; sb/Sb = 0.0618379162304512 ; sb = 272.946881279124
      k =    4 ; sb/Sb = 0.161135891396073 ; sb = 711.239021295346
      k =    5 ; sb/Sb = 0.279401906434 ; sb = 1233.25434674087
      k =    6 ; sb/Sb = 0.347368885145013 ; sb = 1533.25434674087
      k =    7 ; sb/Sb = 0.42088641317929 ; sb = 1857.75396153263
      k =    8 ; sb/Sb = 0.447404182834312 ; sb = 1974.80096063983
      k =    9 ; sb/Sb = 0.488184370060919 ; sb = 2154.80096063983
      k =   10 ; sb/Sb = 0.51310559558829 ; sb = 2264.80096063983
      k =   11 ; sb/Sb = 0.565213612600066 ; sb = 2494.80096063983
      k =   12 ; sb/Sb = 0.601035355667895 ; sb = 2652.91484364825
      k =   13 ; sb/Sb = 0.630487713109334 ; sb = 2782.91484364825
      k =   14 ; sb/Sb = 0.64875328980071 ; sb = 2863.53742113123
      k =   15 ; sb/Sb = 0.674584716082221 ; sb = 2977.55496364115
      k =   16 ; sb/Sb = 0.684716635057095 ; sb = 3022.27632319114
      k =   17 ; sb/Sb = 0.710548061338605 ; sb = 3136.29386570106
      k =   18 ; sb/Sb = 0.748525867208525 ; sb = 3303.92441184346
      k =   19 ; sb/Sb = 0.788157085538714 ; sb = 3478.85296868882
      k =   20 ; sb/Sb = 0.824406140851254 ; sb = 3638.85296868882
      k =   21 ; sb/Sb = 0.869943453010523 ; sb = 3839.85048111124
      k =   22 ; sb/Sb = 0.905114494713415 ; sb = 3995.09222807384
      k =   23 ; sb/Sb = 0.953281087656687 ; sb = 4207.69514432853
      k =   24 ; sb/Sb = 0.979112513938198 ; sb = 4321.71268683844
      Creating new point: f = 0.489023762185013
Tear 2 : Sf = 2566.43579079738 ; Sb = 3100.62825977316
  Forwards path
    i = 118 ; sf/Sf = 0.0860754908172125 ; sf = 220.907220343745
      k =  119 ; sb/Sb = 0 ; sb = 0
      k =  120 ; sb/Sb = 0.0377494460157437 ; sb = 117.046999107196
      k =  121 ; sb/Sb = 0.0926718196097078 ; sb = 287.34086276646
      Creating new point: f = 0.879897237485376
    i = 117 ; sf/Sf = 0.130501906205726 ; sf = 334.924762853659
      k =  119 ; sb/Sb = 0 ; sb = 0
      k =  120 ; sb/Sb = 0.0377494460157437 ; sb = 117.046999107196
      k =  121 ; sb/Sb = 0.0926718196097078 ; sb = 287.34086276646
      k =  122 ; sb/Sb = 0.158452288423029 ; sb = 491.301643310172
      Creating new point: f = 0.575096031975339
    i = 116 ; sf/Sf = 0.213066294437834 ; sf = 546.82096385783
      k =  119 ; sb/Sb = 0 ; sb = 0
      k =  120 ; sb/Sb = 0.0377494460157437 ; sb = 117.046999107196
      k =  121 ; sb/Sb = 0.0926718196097078 ; sb = 287.34086276646
      k =  122 ; sb/Sb = 0.158452288423029 ; sb = 491.301643310172
      k =  123 ; sb/Sb = 0.197154122356769 ; sb = 611.301643310172
      k =  124 ; sb/Sb = 0.253478995038703 ; sb = 785.944135275901
      Creating new point: f = 0.282507022624291
    i = 115 ; sf/Sf = 0.365874883076128 ; sf = 938.994394880382
      k =  119 ; sb/Sb = 0 ; sb = 0
      k =  120 ; sb/Sb = 0.0377494460157437 ; sb = 117.046999107196
      k =  121 ; sb/Sb = 0.0926718196097078 ; sb = 287.34086276646
      k =  122 ; sb/Sb = 0.158452288423029 ; sb = 491.301643310172
      k =  123 ; sb/Sb = 0.197154122356769 ; sb = 611.301643310172
      k =  124 ; sb/Sb = 0.253478995038703 ; sb = 785.944135275901
      k =  125 ; sb/Sb = 0.312947874793849 ; sb = 970.335024421759
      k =  126 ; sb/Sb = 0.381287637980963 ; sb = 1182.23122542593
      Creating new point: f = 0.774468710659204
    i = 114 ; sf/Sf = 0.486727798819269 ; sf = 1249.1556432658
      k =  119 ; sb/Sb = 0 ; sb = 0
      k =  120 ; sb/Sb = 0.0377494460157437 ; sb = 117.046999107196
      k =  121 ; sb/Sb = 0.0926718196097078 ; sb = 287.34086276646
      k =  122 ; sb/Sb = 0.158452288423029 ; sb = 491.301643310172
      k =  123 ; sb/Sb = 0.197154122356769 ; sb = 611.301643310172
      k =  124 ; sb/Sb = 0.253478995038703 ; sb = 785.944135275901
      k =  125 ; sb/Sb = 0.312947874793849 ; sb = 970.335024421759
      k =  126 ; sb/Sb = 0.381287637980963 ; sb = 1182.23122542593
      k =  127 ; sb/Sb = 0.483784598279152 ; sb = 1500.03619706734
      k =  128 ; sb/Sb = 0.520556998243751 ; sb = 1614.05373957726
      Creating new point: f = 0.0800383043519038
    i = 113 ; sf/Sf = 0.685294111710075 ; sf = 1758.76333551543
      k =  119 ; sb/Sb = 0 ; sb = 0
      k =  120 ; sb/Sb = 0.0377494460157437 ; sb = 117.046999107196
      k =  121 ; sb/Sb = 0.0926718196097078 ; sb = 287.34086276646
      k =  122 ; sb/Sb = 0.158452288423029 ; sb = 491.301643310172
      k =  123 ; sb/Sb = 0.197154122356769 ; sb = 611.301643310172
      k =  124 ; sb/Sb = 0.253478995038703 ; sb = 785.944135275901
      k =  125 ; sb/Sb = 0.312947874793849 ; sb = 970.335024421759
      k =  126 ; sb/Sb = 0.381287637980963 ; sb = 1182.23122542593
      k =  127 ; sb/Sb = 0.483784598279152 ; sb = 1500.03619706734
      k =  128 ; sb/Sb = 0.520556998243751 ; sb = 1614.05373957726
      k =  129 ; sb/Sb = 0.608586538843723 ; sb = 1887.00062085638
      k =  130 ; sb/Sb = 0.659580682533811 ; sb = 2045.1145038648
      k =  131 ; sb/Sb = 0.721197140792952 ; sb = 2236.16423561023
      Creating new point: f = 0.417314300476682
    i = 112 ; sf/Sf = 0.852614959015692 ; sf = 2188.18154658711
      k =  119 ; sb/Sb = 0 ; sb = 0
      k =  120 ; sb/Sb = 0.0377494460157437 ; sb = 117.046999107196
      k =  121 ; sb/Sb = 0.0926718196097078 ; sb = 287.34086276646
      k =  122 ; sb/Sb = 0.158452288423029 ; sb = 491.301643310172
      k =  123 ; sb/Sb = 0.197154122356769 ; sb = 611.301643310172
      k =  124 ; sb/Sb = 0.253478995038703 ; sb = 785.944135275901
      k =  125 ; sb/Sb = 0.312947874793849 ; sb = 970.335024421759
      k =  126 ; sb/Sb = 0.381287637980963 ; sb = 1182.23122542593
      k =  127 ; sb/Sb = 0.483784598279152 ; sb = 1500.03619706734
      k =  128 ; sb/Sb = 0.520556998243751 ; sb = 1614.05373957726
      k =  129 ; sb/Sb = 0.608586538843723 ; sb = 1887.00062085638
      k =  130 ; sb/Sb = 0.659580682533811 ; sb = 2045.1145038648
      k =  131 ; sb/Sb = 0.721197140792952 ; sb = 2236.16423561023
      k =  132 ; sb/Sb = 0.776871910727788 ; sb = 2408.79100062655
      k =  133 ; sb/Sb = 0.860601748026612 ; sb = 2668.40610034149
      Creating new point: f = 0.90461239065333
    i = 111 ; sf/Sf = 0.941553184171658 ; sf = 2416.43579079738
      k =  119 ; sb/Sb = 0 ; sb = 0
      k =  120 ; sb/Sb = 0.0377494460157437 ; sb = 117.046999107196
      k =  121 ; sb/Sb = 0.0926718196097078 ; sb = 287.34086276646
      k =  122 ; sb/Sb = 0.158452288423029 ; sb = 491.301643310172
      k =  123 ; sb/Sb = 0.197154122356769 ; sb = 611.301643310172
      k =  124 ; sb/Sb = 0.253478995038703 ; sb = 785.944135275901
      k =  125 ; sb/Sb = 0.312947874793849 ; sb = 970.335024421759
      k =  126 ; sb/Sb = 0.381287637980963 ; sb = 1182.23122542593
      k =  127 ; sb/Sb = 0.483784598279152 ; sb = 1500.03619706734
      k =  128 ; sb/Sb = 0.520556998243751 ; sb = 1614.05373957726
      k =  129 ; sb/Sb = 0.608586538843723 ; sb = 1887.00062085638
      k =  130 ; sb/Sb = 0.659580682533811 ; sb = 2045.1145038648
      k =  131 ; sb/Sb = 0.721197140792952 ; sb = 2236.16423561023
      k =  132 ; sb/Sb = 0.776871910727788 ; sb = 2408.79100062655
      k =  133 ; sb/Sb = 0.860601748026612 ; sb = 2668.40610034149
      k =  134 ; sb/Sb = 0.883177817821294 ; sb = 2738.40610034149
      k =  135 ; sb/Sb = 0.938383541740858 ; sb = 2909.57852802773
      k =  136 ; sb/Sb = 1 ; sb = 3100.62825977316
      Creating new point: f = 0.0514414901529857
Tear 3 : Sf = 974.88762390784 ; Sb = 1183.0719683082
  Forwards path
    i = 89 ; sf/Sf = 0.110952827393924 ; sf = 108.16653826392
      k =   90 ; sb/Sb = 0 ; sb = 0
      k =   91 ; sb/Sb = 0.169051423208008 ; sb = 200
      Creating new point: f = 0.656325899471448
    i = 88 ; sf/Sf = 0.27150954653408 ; sf = 264.691296688905
      k =   90 ; sb/Sb = 0 ; sb = 0
      k =   91 ; sb/Sb = 0.169051423208008 ; sb = 200
      k =   92 ; sb/Sb = 0.252727608611742 ; sb = 298.994949366117
      k =   93 ; sb/Sb = 0.339752155019598 ; sb = 401.951250775987
      Creating new point: f = 0.215823450941231
    i = 87 ; sf/Sf = 0.485694366463593 ; sf = 473.497426867116
      k =   90 ; sb/Sb = 0 ; sb = 0
      k =   91 ; sb/Sb = 0.169051423208008 ; sb = 200
      k =   92 ; sb/Sb = 0.252727608611742 ; sb = 298.994949366117
      k =   93 ; sb/Sb = 0.339752155019598 ; sb = 401.951250775987
      k =   94 ; sb/Sb = 0.377553202418217 ; sb = 446.672610325982
      k =   95 ; sb/Sb = 0.59404465548136 ; sb = 702.797579823296
      Creating new point: f = 0.499517013329091
    i = 86 ; sf/Sf = 0.707600021251442 ; sf = 689.830503394955
      k =   90 ; sb/Sb = 0 ; sb = 0
      k =   91 ; sb/Sb = 0.169051423208008 ; sb = 200
      k =   92 ; sb/Sb = 0.252727608611742 ; sb = 298.994949366117
      k =   93 ; sb/Sb = 0.339752155019598 ; sb = 401.951250775987
      k =   94 ; sb/Sb = 0.377553202418217 ; sb = 446.672610325982
      k =   95 ; sb/Sb = 0.59404465548136 ; sb = 702.797579823296
      k =   96 ; sb/Sb = 0.76182340244689 ; sb = 901.291912236088
      Creating new point: f = 0.676816151174451
    i = 85 ; sf/Sf = 0.808625591381432 ; sf = 788.319081412916
      k =   90 ; sb/Sb = 0 ; sb = 0
      k =   91 ; sb/Sb = 0.169051423208008 ; sb = 200
      k =   92 ; sb/Sb = 0.252727608611742 ; sb = 298.994949366117
      k =   93 ; sb/Sb = 0.339752155019598 ; sb = 401.951250775987
      k =   94 ; sb/Sb = 0.377553202418217 ; sb = 446.672610325982
      k =   95 ; sb/Sb = 0.59404465548136 ; sb = 702.797579823296
      k =   96 ; sb/Sb = 0.76182340244689 ; sb = 901.291912236088
      k =   97 ; sb/Sb = 1 ; sb = 1183.0719683082
      Creating new point: f = 0.196502046865064
    i = 84 ; sf/Sf = 0.8666512972245 ; sf = 844.88762390784
      k =   90 ; sb/Sb = 0 ; sb = 0
      k =   91 ; sb/Sb = 0.169051423208008 ; sb = 200
      k =   92 ; sb/Sb = 0.252727608611742 ; sb = 298.994949366117
      k =   93 ; sb/Sb = 0.339752155019598 ; sb = 401.951250775987
      k =   94 ; sb/Sb = 0.377553202418217 ; sb = 446.672610325982
      k =   95 ; sb/Sb = 0.59404465548136 ; sb = 702.797579823296
      k =   96 ; sb/Sb = 0.76182340244689 ; sb = 901.291912236088
      k =   97 ; sb/Sb = 1 ; sb = 1183.0719683082
      Creating new point: f = 0.440126762471847
Tear 4 : Sf = 1914.58831185522 ; Sb = 2027.50509445668
  Forwards path
    i = 52 ; sf/Sf = 0.150655940105274 ; sf = 288.444102037119
      k =   53 ; sb/Sb = 0 ; sb = 0
      k =   54 ; sb/Sb = 0.0577295709032789 ; sb = 117.046999107196
      k =   55 ; sb/Sb = 0.141721401121046 ; sb = 287.34086276646
      k =   56 ; sb/Sb = 0.223809071443538 ; sb = 453.774032537393
      Creating new point: f = 0.108841424651568
    i = 51 ; sf/Sf = 0.244670929586528 ; sf = 468.444102037119
      k =   53 ; sb/Sb = 0 ; sb = 0
      k =   54 ; sb/Sb = 0.0577295709032789 ; sb = 117.046999107196
      k =   55 ; sb/Sb = 0.141721401121046 ; sb = 287.34086276646
      k =   56 ; sb/Sb = 0.223809071443538 ; sb = 453.774032537393
      k =   57 ; sb/Sb = 0.339373511166925 ; sb = 688.081522814592
      Creating new point: f = 0.180521431964061
    i = 50 ; sf/Sf = 0.363889376078082 ; sf = 696.698346247386
      k =   53 ; sb/Sb = 0 ; sb = 0
      k =   54 ; sb/Sb = 0.0577295709032789 ; sb = 117.046999107196
      k =   55 ; sb/Sb = 0.141721401121046 ; sb = 287.34086276646
      k =   56 ; sb/Sb = 0.223809071443538 ; sb = 453.774032537393
      k =   57 ; sb/Sb = 0.339373511166925 ; sb = 688.081522814592
      k =   58 ; sb/Sb = 0.403681141495712 ; sb = 818.465570918645
      Creating new point: f = 0.381227931830395
    i = 49 ; sf/Sf = 0.446473126344063 ; sf = 854.812229255805
      k =   53 ; sb/Sb = 0 ; sb = 0
      k =   54 ; sb/Sb = 0.0577295709032789 ; sb = 117.046999107196
      k =   55 ; sb/Sb = 0.141721401121046 ; sb = 287.34086276646
      k =   56 ; sb/Sb = 0.223809071443538 ; sb = 453.774032537393
      k =   57 ; sb/Sb = 0.339373511166925 ; sb = 688.081522814592
      k =   58 ; sb/Sb = 0.403681141495712 ; sb = 818.465570918645
      k =   59 ; sb/Sb = 0.557134262068735 ; sb = 1129.59255464073
      Creating new point: f = 0.278860310488037
    i = 48 ; sf/Sf = 0.52359060882742 ; sf = 1002.46045985814
      k =   53 ; sb/Sb = 0 ; sb = 0
      k =   54 ; sb/Sb = 0.0577295709032789 ; sb = 117.046999107196
      k =   55 ; sb/Sb = 0.141721401121046 ; sb = 287.34086276646
      k =   56 ; sb/Sb = 0.223809071443538 ; sb = 453.774032537393
      k =   57 ; sb/Sb = 0.339373511166925 ; sb = 688.081522814592
      k =   58 ; sb/Sb = 0.403681141495712 ; sb = 818.465570918645
      k =   59 ; sb/Sb = 0.557134262068735 ; sb = 1129.59255464073
      Creating new point: f = 0.781407812913434
    i = 47 ; sf/Sf = 0.612536029942129 ; sf = 1172.7543235174
      k =   53 ; sb/Sb = 0 ; sb = 0
      k =   54 ; sb/Sb = 0.0577295709032789 ; sb = 117.046999107196
      k =   55 ; sb/Sb = 0.141721401121046 ; sb = 287.34086276646
      k =   56 ; sb/Sb = 0.223809071443538 ; sb = 453.774032537393
      k =   57 ; sb/Sb = 0.339373511166925 ; sb = 688.081522814592
      k =   58 ; sb/Sb = 0.403681141495712 ; sb = 818.465570918645
      k =   59 ; sb/Sb = 0.557134262068735 ; sb = 1129.59255464073
      k =   60 ; sb/Sb = 0.711928988546898 ; sb = 1443.43965117023
      Creating new point: f = 0.357904749947728
    i = 46 ; sf/Sf = 0.740047051921634 ; sf = 1416.88543583208
      k =   53 ; sb/Sb = 0 ; sb = 0
      k =   54 ; sb/Sb = 0.0577295709032789 ; sb = 117.046999107196
      k =   55 ; sb/Sb = 0.141721401121046 ; sb = 287.34086276646
      k =   56 ; sb/Sb = 0.223809071443538 ; sb = 453.774032537393
      k =   57 ; sb/Sb = 0.339373511166925 ; sb = 688.081522814592
      k =   58 ; sb/Sb = 0.403681141495712 ; sb = 818.465570918645
      k =   59 ; sb/Sb = 0.557134262068735 ; sb = 1129.59255464073
      k =   60 ; sb/Sb = 0.711928988546898 ; sb = 1443.43965117023
      k =   61 ; sb/Sb = 0.846098520805265 ; sb = 1715.46906134494
      Creating new point: f = 0.209571151523355
    i = 45 ; sf/Sf = 0.847723088594562 ; sf = 1623.04071711296
      k =   53 ; sb/Sb = 0 ; sb = 0
      k =   54 ; sb/Sb = 0.0577295709032789 ; sb = 117.046999107196
      k =   55 ; sb/Sb = 0.141721401121046 ; sb = 287.34086276646
      k =   56 ; sb/Sb = 0.223809071443538 ; sb = 453.774032537393
      k =   57 ; sb/Sb = 0.339373511166925 ; sb = 688.081522814592
      k =   58 ; sb/Sb = 0.403681141495712 ; sb = 818.465570918645
      k =   59 ; sb/Sb = 0.557134262068735 ; sb = 1129.59255464073
      k =   60 ; sb/Sb = 0.711928988546898 ; sb = 1443.43965117023
      k =   61 ; sb/Sb = 0.846098520805265 ; sb = 1715.46906134494
      k =   62 ; sb/Sb = 0.955610469119873 ; sb = 1937.50509445668
      Creating new point: f = 0.0148346168093934
Tear 5 : Sf = 445.81642945111 ; Sb = 158.113883008419
  Forwards path
    i = 40 ; sf/Sf = 0.285496926998148 ; sf = 127.279220613579
      k =   41 ; sb/Sb = 0 ; sb = 0
      k =   42 ; sb/Sb = 1 ; sb = 158.113883008419
      Creating new point: f = 0.285496926998148
    i = 39 ; sf/Sf = 0.464942983076647 ; sf = 207.279220613579
      k =   41 ; sb/Sb = 0 ; sb = 0
      k =   42 ; sb/Sb = 1 ; sb = 158.113883008419
      Creating new point: f = 0.464942983076647
Tear 6 : Sf = 290.688837074973 ; Sb = 298.408431655772
  Forwards path
Tear 1 : Sf = 4413.90813141137 ; Sb = 4148.86824739014
  Backwards path
    i = 3 ; sf/Sf = 0.0618379162304512 ; sf = 272.946881279124
      k =    2 ; sb/Sb = 0 ; sb = 0
      k =    1 ; sb/Sb = 0.0361544380432804 ; sb = 150
      k =  161 ; sb/Sb = 0.0497891304754897 ; sb = 206.568542494924
      k =  166 ; sb/Sb = 0.0806409176057555 ; sb = 334.568542494924
      Creating new point: f = 0.390537692487238
    i = 4 ; sf/Sf = 0.161135891396073 ; sf = 711.239021295346
      k =    2 ; sb/Sb = 0 ; sb = 0
      k =    1 ; sb/Sb = 0.0361544380432804 ; sb = 150
      k =  161 ; sb/Sb = 0.0497891304754897 ; sb = 206.568542494924
      k =  166 ; sb/Sb = 0.0806409176057555 ; sb = 334.568542494924
      k =  160 ; sb/Sb = 0.1346986233951 ; sb = 558.846841571095
      k =  159 ; sb/Sb = 0.22632157536859 ; sb = 938.978397746059
      Creating new point: f = 0.288544163133075
    i = 5 ; sf/Sf = 0.279401906434 ; sf = 1233.25434674087
      k =    2 ; sb/Sb = 0 ; sb = 0
      k =    1 ; sb/Sb = 0.0361544380432804 ; sb = 150
      k =  161 ; sb/Sb = 0.0497891304754897 ; sb = 206.568542494924
      k =  166 ; sb/Sb = 0.0806409176057555 ; sb = 334.568542494924
      k =  160 ; sb/Sb = 0.1346986233951 ; sb = 558.846841571095
      k =  159 ; sb/Sb = 0.22632157536859 ; sb = 938.978397746059
      k =  158 ; sb/Sb = 0.334784889498431 ; sb = 1388.97839774606
      Creating new point: f = 0.489385111373858
    i = 6 ; sf/Sf = 0.347368885145013 ; sf = 1533.25434674087
      k =    2 ; sb/Sb = 0 ; sb = 0
      k =    1 ; sb/Sb = 0.0361544380432804 ; sb = 150
      k =  161 ; sb/Sb = 0.0497891304754897 ; sb = 206.568542494924
      k =  166 ; sb/Sb = 0.0806409176057555 ; sb = 334.568542494924
      k =  160 ; sb/Sb = 0.1346986233951 ; sb = 558.846841571095
      k =  159 ; sb/Sb = 0.22632157536859 ; sb = 938.978397746059
      k =  158 ; sb/Sb = 0.334784889498431 ; sb = 1388.97839774606
      k =  157 ; sb/Sb = 0.426819063415844 ; sb = 1770.81605958679
      Creating new point: f = 0.136731771590339
    i = 7 ; sf/Sf = 0.42088641317929 ; sf = 1857.75396153263
      k =    2 ; sb/Sb = 0 ; sb = 0
      k =    1 ; sb/Sb = 0.0361544380432804 ; sb = 150
      k =  161 ; sb/Sb = 0.0497891304754897 ; sb = 206.568542494924
      k =  166 ; sb/Sb = 0.0806409176057555 ; sb = 334.568542494924
      k =  160 ; sb/Sb = 0.1346986233951 ; sb = 558.846841571095
      k =  159 ; sb/Sb = 0.22632157536859 ; sb = 938.978397746059
      k =  158 ; sb/Sb = 0.334784889498431 ; sb = 1388.97839774606
      k =  157 ; sb/Sb = 0.426819063415844 ; sb = 1770.81605958679
      Creating new point: f = 0.935538615885462
    i = 8 ; sf/Sf = 0.447404182834312 ; sf = 1974.80096063983
      k =    2 ; sb/Sb = 0 ; sb = 0
      k =    1 ; sb/Sb = 0.0361544380432804 ; sb = 150
      k =  161 ; sb/Sb = 0.0497891304754897 ; sb = 206.568542494924
      k =  166 ; sb/Sb = 0.0806409176057555 ; sb = 334.568542494924
      k =  160 ; sb/Sb = 0.1346986233951 ; sb = 558.846841571095
      k =  159 ; sb/Sb = 0.22632157536859 ; sb = 938.978397746059
      k =  158 ; sb/Sb = 0.334784889498431 ; sb = 1388.97839774606
      k =  157 ; sb/Sb = 0.426819063415844 ; sb = 1770.81605958679
      k =  156 ; sb/Sb = 0.548795276440575 ; sb = 2276.87929674199
      Creating new point: f = 0.168763391713875
    i = 9 ; sf/Sf = 0.488184370060919 ; sf = 2154.80096063983
      k =    2 ; sb/Sb = 0 ; sb = 0
      k =    1 ; sb/Sb = 0.0361544380432804 ; sb = 150
      k =  161 ; sb/Sb = 0.0497891304754897 ; sb = 206.568542494924
      k =  166 ; sb/Sb = 0.0806409176057555 ; sb = 334.568542494924
      k =  160 ; sb/Sb = 0.1346986233951 ; sb = 558.846841571095
      k =  159 ; sb/Sb = 0.22632157536859 ; sb = 938.978397746059
      k =  158 ; sb/Sb = 0.334784889498431 ; sb = 1388.97839774606
      k =  157 ; sb/Sb = 0.426819063415844 ; sb = 1770.81605958679
      k =  156 ; sb/Sb = 0.548795276440575 ; sb = 2276.87929674199
      Creating new point: f = 0.503092407309228
    i = 10 ; sf/Sf = 0.51310559558829 ; sf = 2264.80096063983
      k =    2 ; sb/Sb = 0 ; sb = 0
      k =    1 ; sb/Sb = 0.0361544380432804 ; sb = 150
      k =  161 ; sb/Sb = 0.0497891304754897 ; sb = 206.568542494924
      k =  166 ; sb/Sb = 0.0806409176057555 ; sb = 334.568542494924
      k =  160 ; sb/Sb = 0.1346986233951 ; sb = 558.846841571095
      k =  159 ; sb/Sb = 0.22632157536859 ; sb = 938.978397746059
      k =  158 ; sb/Sb = 0.334784889498431 ; sb = 1388.97839774606
      k =  157 ; sb/Sb = 0.426819063415844 ; sb = 1770.81605958679
      k =  156 ; sb/Sb = 0.548795276440575 ; sb = 2276.87929674199
      Creating new point: f = 0.707404583506389
    i = 11 ; sf/Sf = 0.565213612600066 ; sf = 2494.80096063983
      k =    2 ; sb/Sb = 0 ; sb = 0
      k =    1 ; sb/Sb = 0.0361544380432804 ; sb = 150
      k =  161 ; sb/Sb = 0.0497891304754897 ; sb = 206.568542494924
      k =  166 ; sb/Sb = 0.0806409176057555 ; sb = 334.568542494924
      k =  160 ; sb/Sb = 0.1346986233951 ; sb = 558.846841571095
      k =  159 ; sb/Sb = 0.22632157536859 ; sb = 938.978397746059
      k =  158 ; sb/Sb = 0.334784889498431 ; sb = 1388.97839774606
      k =  157 ; sb/Sb = 0.426819063415844 ; sb = 1770.81605958679
      k =  156 ; sb/Sb = 0.548795276440575 ; sb = 2276.87929674199
      k =  155 ; sb/Sb = 0.596638283394978 ; sb = 2475.37362915479
      Creating new point: f = 0.34317107566292
    i = 12 ; sf/Sf = 0.601035355667895 ; sf = 2652.91484364825
      k =    2 ; sb/Sb = 0 ; sb = 0
      k =    1 ; sb/Sb = 0.0361544380432804 ; sb = 150
      k =  161 ; sb/Sb = 0.0497891304754897 ; sb = 206.568542494924
      k =  166 ; sb/Sb = 0.0806409176057555 ; sb = 334.568542494924
      k =  160 ; sb/Sb = 0.1346986233951 ; sb = 558.846841571095
      k =  159 ; sb/Sb = 0.22632157536859 ; sb = 938.978397746059
      k =  158 ; sb/Sb = 0.334784889498431 ; sb = 1388.97839774606
      k =  157 ; sb/Sb = 0.426819063415844 ; sb = 1770.81605958679
      k =  156 ; sb/Sb = 0.548795276440575 ; sb = 2276.87929674199
      k =  155 ; sb/Sb = 0.596638283394978 ; sb = 2475.37362915479
      k =  154 ; sb/Sb = 0.650155536745074 ; sb = 2697.40966226653
      Creating new point: f = 0.082161770226731
    i = 13 ; sf/Sf = 0.630487713109333 ; sf = 2782.91484364825
      k =    2 ; sb/Sb = 0 ; sb = 0
      k =    1 ; sb/Sb = 0.0361544380432804 ; sb = 150
      k =  161 ; sb/Sb = 0.0497891304754897 ; sb = 206.568542494924
      k =  166 ; sb/Sb = 0.0806409176057555 ; sb = 334.568542494924
      k =  160 ; sb/Sb = 0.1346986233951 ; sb = 558.846841571095
      k =  159 ; sb/Sb = 0.22632157536859 ; sb = 938.978397746059
      k =  158 ; sb/Sb = 0.334784889498431 ; sb = 1388.97839774606
      k =  157 ; sb/Sb = 0.426819063415844 ; sb = 1770.81605958679
      k =  156 ; sb/Sb = 0.548795276440575 ; sb = 2276.87929674199
      k =  155 ; sb/Sb = 0.596638283394978 ; sb = 2475.37362915479
      k =  154 ; sb/Sb = 0.650155536745074 ; sb = 2697.40966226653
      Creating new point: f = 0.632495645711133
    i = 14 ; sf/Sf = 0.64875328980071 ; sf = 2863.53742113123
      k =    2 ; sb/Sb = 0 ; sb = 0
      k =    1 ; sb/Sb = 0.0361544380432804 ; sb = 150
      k =  161 ; sb/Sb = 0.0497891304754897 ; sb = 206.568542494924
      k =  166 ; sb/Sb = 0.0806409176057555 ; sb = 334.568542494924
      k =  160 ; sb/Sb = 0.1346986233951 ; sb = 558.846841571095
      k =  159 ; sb/Sb = 0.22632157536859 ; sb = 938.978397746059
      k =  158 ; sb/Sb = 0.334784889498431 ; sb = 1388.97839774606
      k =  157 ; sb/Sb = 0.426819063415844 ; sb = 1770.81605958679
      k =  156 ; sb/Sb = 0.548795276440575 ; sb = 2276.87929674199
      k =  155 ; sb/Sb = 0.596638283394978 ; sb = 2475.37362915479
      k =  154 ; sb/Sb = 0.650155536745074 ; sb = 2697.40966226653
      Creating new point: f = 0.973798226616923
    i = 15 ; sf/Sf = 0.674584716082221 ; sf = 2977.55496364115
      k =    2 ; sb/Sb = 0 ; sb = 0
      k =    1 ; sb/Sb = 0.0361544380432804 ; sb = 150
      k =  161 ; sb/Sb = 0.0497891304754897 ; sb = 206.568542494924
      k =  166 ; sb/Sb = 0.0806409176057555 ; sb = 334.568542494924
      k =  160 ; sb/Sb = 0.1346986233951 ; sb = 558.846841571095
      k =  159 ; sb/Sb = 0.22632157536859 ; sb = 938.978397746059
      k =  158 ; sb/Sb = 0.334784889498431 ; sb = 1388.97839774606
      k =  157 ; sb/Sb = 0.426819063415844 ; sb = 1770.81605958679
      k =  156 ; sb/Sb = 0.548795276440575 ; sb = 2276.87929674199
      k =  155 ; sb/Sb = 0.596638283394978 ; sb = 2475.37362915479
      k =  154 ; sb/Sb = 0.650155536745074 ; sb = 2697.40966226653
      k =  153 ; sb/Sb = 0.692798023703013 ; sb = 2874.32772239607
      Creating new point: f = 0.572883550653202
    i = 16 ; sf/Sf = 0.684716635057094 ; sf = 3022.27632319114
      k =    2 ; sb/Sb = 0 ; sb = 0
      k =    1 ; sb/Sb = 0.0361544380432804 ; sb = 150
      k =  161 ; sb/Sb = 0.0497891304754897 ; sb = 206.568542494924
      k =  166 ; sb/Sb = 0.0806409176057555 ; sb = 334.568542494924
      k =  160 ; sb/Sb = 0.1346986233951 ; sb = 558.846841571095
      k =  159 ; sb/Sb = 0.22632157536859 ; sb = 938.978397746059
      k =  158 ; sb/Sb = 0.334784889498431 ; sb = 1388.97839774606
      k =  157 ; sb/Sb = 0.426819063415844 ; sb = 1770.81605958679
      k =  156 ; sb/Sb = 0.548795276440575 ; sb = 2276.87929674199
      k =  155 ; sb/Sb = 0.596638283394978 ; sb = 2475.37362915479
      k =  154 ; sb/Sb = 0.650155536745074 ; sb = 2697.40966226653
      k =  153 ; sb/Sb = 0.692798023703013 ; sb = 2874.32772239607
      Creating new point: f = 0.810485053231305
    i = 17 ; sf/Sf = 0.710548061338605 ; sf = 3136.29386570106
      k =    2 ; sb/Sb = 0 ; sb = 0
      k =    1 ; sb/Sb = 0.0361544380432804 ; sb = 150
      k =  161 ; sb/Sb = 0.0497891304754897 ; sb = 206.568542494924
      k =  166 ; sb/Sb = 0.0806409176057555 ; sb = 334.568542494924
      k =  160 ; sb/Sb = 0.1346986233951 ; sb = 558.846841571095
      k =  159 ; sb/Sb = 0.22632157536859 ; sb = 938.978397746059
      k =  158 ; sb/Sb = 0.334784889498431 ; sb = 1388.97839774606
      k =  157 ; sb/Sb = 0.426819063415844 ; sb = 1770.81605958679
      k =  156 ; sb/Sb = 0.548795276440575 ; sb = 2276.87929674199
      k =  155 ; sb/Sb = 0.596638283394978 ; sb = 2475.37362915479
      k =  154 ; sb/Sb = 0.650155536745074 ; sb = 2697.40966226653
      k =  153 ; sb/Sb = 0.692798023703013 ; sb = 2874.32772239607
      k =  152 ; sb/Sb = 0.765307479581509 ; sb = 3175.1599015259
      Creating new point: f = 0.244796177554223
    i = 18 ; sf/Sf = 0.748525867208525 ; sf = 3303.92441184346
      k =    2 ; sb/Sb = 0 ; sb = 0
      k =    1 ; sb/Sb = 0.0361544380432804 ; sb = 150
      k =  161 ; sb/Sb = 0.0497891304754897 ; sb = 206.568542494924
      k =  166 ; sb/Sb = 0.0806409176057555 ; sb = 334.568542494924
      k =  160 ; sb/Sb = 0.1346986233951 ; sb = 558.846841571095
      k =  159 ; sb/Sb = 0.22632157536859 ; sb = 938.978397746059
      k =  158 ; sb/Sb = 0.334784889498431 ; sb = 1388.97839774606
      k =  157 ; sb/Sb = 0.426819063415844 ; sb = 1770.81605958679
      k =  156 ; sb/Sb = 0.548795276440575 ; sb = 2276.87929674199
      k =  155 ; sb/Sb = 0.596638283394978 ; sb = 2475.37362915479
      k =  154 ; sb/Sb = 0.650155536745074 ; sb = 2697.40966226653
      k =  153 ; sb/Sb = 0.692798023703013 ; sb = 2874.32772239607
      k =  152 ; sb/Sb = 0.765307479581509 ; sb = 3175.1599015259
      Creating new point: f = 0.768559670326248
    i = 19 ; sf/Sf = 0.788157085538714 ; sf = 3478.85296868882
      k =    2 ; sb/Sb = 0 ; sb = 0
      k =    1 ; sb/Sb = 0.0361544380432804 ; sb = 150
      k =  161 ; sb/Sb = 0.0497891304754897 ; sb = 206.568542494924
      k =  166 ; sb/Sb = 0.0806409176057555 ; sb = 334.568542494924
      k =  160 ; sb/Sb = 0.1346986233951 ; sb = 558.846841571095
      k =  159 ; sb/Sb = 0.22632157536859 ; sb = 938.978397746059
      k =  158 ; sb/Sb = 0.334784889498431 ; sb = 1388.97839774606
      k =  157 ; sb/Sb = 0.426819063415844 ; sb = 1770.81605958679
      k =  156 ; sb/Sb = 0.548795276440575 ; sb = 2276.87929674199
      k =  155 ; sb/Sb = 0.596638283394978 ; sb = 2475.37362915479
      k =  154 ; sb/Sb = 0.650155536745074 ; sb = 2697.40966226653
      k =  153 ; sb/Sb = 0.692798023703013 ; sb = 2874.32772239607
      k =  152 ; sb/Sb = 0.765307479581509 ; sb = 3175.1599015259
      k =  151 ; sb/Sb = 0.822599558362178 ; sb = 3412.85718800599
      Creating new point: f = 0.398826616933906
    i = 20 ; sf/Sf = 0.824406140851254 ; sf = 3638.85296868882
      k =    2 ; sb/Sb = 0 ; sb = 0
      k =    1 ; sb/Sb = 0.0361544380432804 ; sb = 150
      k =  161 ; sb/Sb = 0.0497891304754897 ; sb = 206.568542494924
      k =  166 ; sb/Sb = 0.0806409176057555 ; sb = 334.568542494924
      k =  160 ; sb/Sb = 0.1346986233951 ; sb = 558.846841571095
      k =  159 ; sb/Sb = 0.22632157536859 ; sb = 938.978397746059
      k =  158 ; sb/Sb = 0.334784889498431 ; sb = 1388.97839774606
      k =  157 ; sb/Sb = 0.426819063415844 ; sb = 1770.81605958679
      k =  156 ; sb/Sb = 0.548795276440575 ; sb = 2276.87929674199
      k =  155 ; sb/Sb = 0.596638283394978 ; sb = 2475.37362915479
      k =  154 ; sb/Sb = 0.650155536745074 ; sb = 2697.40966226653
      k =  153 ; sb/Sb = 0.692798023703013 ; sb = 2874.32772239607
      k =  152 ; sb/Sb = 0.765307479581509 ; sb = 3175.1599015259
      k =  151 ; sb/Sb = 0.822599558362178 ; sb = 3412.85718800599
      k =  150 ; sb/Sb = 0.869399038801601 ; sb = 3607.02206639547
      Creating new point: f = 0.038602618493041
    i = 21 ; sf/Sf = 0.869943453010523 ; sf = 3839.85048111124
      k =    2 ; sb/Sb = 0 ; sb = 0
      k =    1 ; sb/Sb = 0.0361544380432804 ; sb = 150
      k =  161 ; sb/Sb = 0.0497891304754897 ; sb = 206.568542494924
      k =  166 ; sb/Sb = 0.0806409176057555 ; sb = 334.568542494924
      k =  160 ; sb/Sb = 0.1346986233951 ; sb = 558.846841571095
      k =  159 ; sb/Sb = 0.22632157536859 ; sb = 938.978397746059
      k =  158 ; sb/Sb = 0.334784889498431 ; sb = 1388.97839774606
      k =  157 ; sb/Sb = 0.426819063415844 ; sb = 1770.81605958679
      k =  156 ; sb/Sb = 0.548795276440575 ; sb = 2276.87929674199
      k =  155 ; sb/Sb = 0.596638283394978 ; sb = 2475.37362915479
      k =  154 ; sb/Sb = 0.650155536745074 ; sb = 2697.40966226653
      k =  153 ; sb/Sb = 0.692798023703013 ; sb = 2874.32772239607
      k =  152 ; sb/Sb = 0.765307479581509 ; sb = 3175.1599015259
      k =  151 ; sb/Sb = 0.822599558362178 ; sb = 3412.85718800599
      k =  150 ; sb/Sb = 0.869399038801601 ; sb = 3607.02206639547
      k =  149 ; sb/Sb = 0.913051353592911 ; sb = 3788.12976915822
      Creating new point: f = 0.0124715999947617
    i = 22 ; sf/Sf = 0.905114494713414 ; sf = 3995.09222807384
      k =    2 ; sb/Sb = 0 ; sb = 0
      k =    1 ; sb/Sb = 0.0361544380432804 ; sb = 150
      k =  161 ; sb/Sb = 0.0497891304754897 ; sb = 206.568542494924
      k =  166 ; sb/Sb = 0.0806409176057555 ; sb = 334.568542494924
      k =  160 ; sb/Sb = 0.1346986233951 ; sb = 558.846841571095
      k =  159 ; sb/Sb = 0.22632157536859 ; sb = 938.978397746059
      k =  158 ; sb/Sb = 0.334784889498431 ; sb = 1388.97839774606
      k =  157 ; sb/Sb = 0.426819063415844 ; sb = 1770.81605958679
      k =  156 ; sb/Sb = 0.548795276440575 ; sb = 2276.87929674199
      k =  155 ; sb/Sb = 0.596638283394978 ; sb = 2475.37362915479
      k =  154 ; sb/Sb = 0.650155536745074 ; sb = 2697.40966226653
      k =  153 ; sb/Sb = 0.692798023703013 ; sb = 2874.32772239607
      k =  152 ; sb/Sb = 0.765307479581509 ; sb = 3175.1599015259
      k =  151 ; sb/Sb = 0.822599558362178 ; sb = 3412.85718800599
      k =  150 ; sb/Sb = 0.869399038801601 ; sb = 3607.02206639547
      k =  149 ; sb/Sb = 0.913051353592911 ; sb = 3788.12976915822
      Creating new point: f = 0.818180114446607
    i = 23 ; sf/Sf = 0.953281087656687 ; sf = 4207.69514432853
      k =    2 ; sb/Sb = 0 ; sb = 0
      k =    1 ; sb/Sb = 0.0361544380432804 ; sb = 150
      k =  161 ; sb/Sb = 0.0497891304754897 ; sb = 206.568542494924
      k =  166 ; sb/Sb = 0.0806409176057555 ; sb = 334.568542494924
      k =  160 ; sb/Sb = 0.1346986233951 ; sb = 558.846841571095
      k =  159 ; sb/Sb = 0.22632157536859 ; sb = 938.978397746059
      k =  158 ; sb/Sb = 0.334784889498431 ; sb = 1388.97839774606
      k =  157 ; sb/Sb = 0.426819063415844 ; sb = 1770.81605958679
      k =  156 ; sb/Sb = 0.548795276440575 ; sb = 2276.87929674199
      k =  155 ; sb/Sb = 0.596638283394978 ; sb = 2475.37362915479
      k =  154 ; sb/Sb = 0.650155536745074 ; sb = 2697.40966226653
      k =  153 ; sb/Sb = 0.692798023703013 ; sb = 2874.32772239607
      k =  152 ; sb/Sb = 0.765307479581509 ; sb = 3175.1599015259
      k =  151 ; sb/Sb = 0.822599558362178 ; sb = 3412.85718800599
      k =  150 ; sb/Sb = 0.869399038801601 ; sb = 3607.02206639547
      k =  149 ; sb/Sb = 0.913051353592911 ; sb = 3788.12976915822
      k =  148 ; sb/Sb = 0.965913268919477 ; sb = 4007.44689115283
      Creating new point: f = 0.761034363118482
    i = 24 ; sf/Sf = 0.979112513938198 ; sf = 4321.71268683844
      k =    2 ; sb/Sb = 0 ; sb = 0
      k =    1 ; sb/Sb = 0.0361544380432804 ; sb = 150
      k =  161 ; sb/Sb = 0.0497891304754897 ; sb = 206.568542494924
      k =  166 ; sb/Sb = 0.0806409176057555 ; sb = 334.568542494924
      k =  160 ; sb/Sb = 0.1346986233951 ; sb = 558.846841571095
      k =  159 ; sb/Sb = 0.22632157536859 ; sb = 938.978397746059
      k =  158 ; sb/Sb = 0.334784889498431 ; sb = 1388.97839774606
      k =  157 ; sb/Sb = 0.426819063415844 ; sb = 1770.81605958679
      k =  156 ; sb/Sb = 0.548795276440575 ; sb = 2276.87929674199
      k =  155 ; sb/Sb = 0.596638283394978 ; sb = 2475.37362915479
      k =  154 ; sb/Sb = 0.650155536745074 ; sb = 2697.40966226653
      k =  153 ; sb/Sb = 0.692798023703013 ; sb = 2874.32772239607
      k =  152 ; sb/Sb = 0.765307479581509 ; sb = 3175.1599015259
      k =  151 ; sb/Sb = 0.822599558362178 ; sb = 3412.85718800599
      k =  150 ; sb/Sb = 0.869399038801601 ; sb = 3607.02206639547
      k =  149 ; sb/Sb = 0.913051353592911 ; sb = 3788.12976915822
      k =  148 ; sb/Sb = 0.965913268919477 ; sb = 4007.44689115283
      k =  147 ; sb/Sb = 1 ; sb = 4148.86824739014
      Creating new point: f = 0.387225310269293
Tear 2 : Sf = 3100.62825977316 ; Sb = 2566.43579079738
  Backwards path
    i = 120 ; sf/Sf = 0.0377494460157437 ; sf = 117.046999107196
      k =  119 ; sb/Sb = 0 ; sb = 0
      k =  118 ; sb/Sb = 0.0860754908172125 ; sb = 220.907220343745
      Creating new point: f = 0.438562076815889
    i = 121 ; sf/Sf = 0.0926718196097078 ; sf = 287.34086276646
      k =  119 ; sb/Sb = 0 ; sb = 0
      k =  118 ; sb/Sb = 0.0860754908172125 ; sb = 220.907220343745
      k =  117 ; sb/Sb = 0.130501906205726 ; sb = 334.924762853659
      Creating new point: f = 0.148477628339124
    i = 122 ; sf/Sf = 0.158452288423029 ; sf = 491.301643310172
      k =  119 ; sb/Sb = 0 ; sb = 0
      k =  118 ; sb/Sb = 0.0860754908172125 ; sb = 220.907220343745
      k =  117 ; sb/Sb = 0.130501906205726 ; sb = 334.924762853659
      k =  116 ; sb/Sb = 0.213066294437834 ; sb = 546.82096385783
      Creating new point: f = 0.338528302768111
    i = 123 ; sf/Sf = 0.197154122356769 ; sf = 611.301643310172
      k =  119 ; sb/Sb = 0 ; sb = 0
      k =  118 ; sb/Sb = 0.0860754908172125 ; sb = 220.907220343745
      k =  117 ; sb/Sb = 0.130501906205726 ; sb = 334.924762853659
      k =  116 ; sb/Sb = 0.213066294437834 ; sb = 546.82096385783
      Creating new point: f = 0.807275601239451
    i = 124 ; sf/Sf = 0.253478995038703 ; sf = 785.944135275901
      k =  119 ; sb/Sb = 0 ; sb = 0
      k =  118 ; sb/Sb = 0.0860754908172125 ; sb = 220.907220343745
      k =  117 ; sb/Sb = 0.130501906205726 ; sb = 334.924762853659
      k =  116 ; sb/Sb = 0.213066294437834 ; sb = 546.82096385783
      k =  115 ; sb/Sb = 0.365874883076128 ; sb = 938.994394880381
      Creating new point: f = 0.26446615966415
    i = 125 ; sf/Sf = 0.312947874793849 ; sf = 970.335024421759
      k =  119 ; sb/Sb = 0 ; sb = 0
      k =  118 ; sb/Sb = 0.0860754908172125 ; sb = 220.907220343745
      k =  117 ; sb/Sb = 0.130501906205726 ; sb = 334.924762853659
      k =  116 ; sb/Sb = 0.213066294437834 ; sb = 546.82096385783
      k =  115 ; sb/Sb = 0.365874883076128 ; sb = 938.994394880381
      Creating new point: f = 0.653638524156777
    i = 126 ; sf/Sf = 0.381287637980963 ; sf = 1182.23122542593
      k =  119 ; sb/Sb = 0 ; sb = 0
      k =  118 ; sb/Sb = 0.0860754908172125 ; sb = 220.907220343745
      k =  117 ; sb/Sb = 0.130501906205726 ; sb = 334.924762853659
      k =  116 ; sb/Sb = 0.213066294437834 ; sb = 546.82096385783
      k =  115 ; sb/Sb = 0.365874883076128 ; sb = 938.994394880381
      k =  114 ; sb/Sb = 0.486727798819269 ; sb = 1249.1556432658
      Creating new point: f = 0.127533165501712
    i = 127 ; sf/Sf = 0.483784598279152 ; sf = 1500.03619706734
      k =  119 ; sb/Sb = 0 ; sb = 0
      k =  118 ; sb/Sb = 0.0860754908172125 ; sb = 220.907220343745
      k =  117 ; sb/Sb = 0.130501906205726 ; sb = 334.924762853659
      k =  116 ; sb/Sb = 0.213066294437834 ; sb = 546.82096385783
      k =  115 ; sb/Sb = 0.365874883076128 ; sb = 938.994394880381
      k =  114 ; sb/Sb = 0.486727798819269 ; sb = 1249.1556432658
      Creating new point: f = 0.975646425061253
    i = 128 ; sf/Sf = 0.52055699824375 ; sf = 1614.05373957726
      k =  119 ; sb/Sb = 0 ; sb = 0
      k =  118 ; sb/Sb = 0.0860754908172125 ; sb = 220.907220343745
      k =  117 ; sb/Sb = 0.130501906205726 ; sb = 334.924762853659
      k =  116 ; sb/Sb = 0.213066294437834 ; sb = 546.82096385783
      k =  115 ; sb/Sb = 0.365874883076128 ; sb = 938.994394880381
      k =  114 ; sb/Sb = 0.486727798819269 ; sb = 1249.1556432658
      k =  113 ; sb/Sb = 0.685294111710075 ; sb = 1758.76333551543
      Creating new point: f = 0.17036726387262
    i = 129 ; sf/Sf = 0.608586538843723 ; sf = 1887.00062085638
      k =  119 ; sb/Sb = 0 ; sb = 0
      k =  118 ; sb/Sb = 0.0860754908172125 ; sb = 220.907220343745
      k =  117 ; sb/Sb = 0.130501906205726 ; sb = 334.924762853659
      k =  116 ; sb/Sb = 0.213066294437834 ; sb = 546.82096385783
      k =  115 ; sb/Sb = 0.365874883076128 ; sb = 938.994394880381
      k =  114 ; sb/Sb = 0.486727798819269 ; sb = 1249.1556432658
      k =  113 ; sb/Sb = 0.685294111710075 ; sb = 1758.76333551543
      Creating new point: f = 0.613692918251774
    i = 130 ; sf/Sf = 0.659580682533811 ; sf = 2045.1145038648
      k =  119 ; sb/Sb = 0 ; sb = 0
      k =  118 ; sb/Sb = 0.0860754908172125 ; sb = 220.907220343745
      k =  117 ; sb/Sb = 0.130501906205726 ; sb = 334.924762853659
      k =  116 ; sb/Sb = 0.213066294437834 ; sb = 546.82096385783
      k =  115 ; sb/Sb = 0.365874883076128 ; sb = 938.994394880381
      k =  114 ; sb/Sb = 0.486727798819269 ; sb = 1249.1556432658
      k =  113 ; sb/Sb = 0.685294111710075 ; sb = 1758.76333551543
      Creating new point: f = 0.870504574507535
    i = 131 ; sf/Sf = 0.721197140792952 ; sf = 2236.16423561023
      k =  119 ; sb/Sb = 0 ; sb = 0
      k =  118 ; sb/Sb = 0.0860754908172125 ; sb = 220.907220343745
      k =  117 ; sb/Sb = 0.130501906205726 ; sb = 334.924762853659
      k =  116 ; sb/Sb = 0.213066294437834 ; sb = 546.82096385783
      k =  115 ; sb/Sb = 0.365874883076128 ; sb = 938.994394880381
      k =  114 ; sb/Sb = 0.486727798819269 ; sb = 1249.1556432658
      k =  113 ; sb/Sb = 0.685294111710075 ; sb = 1758.76333551543
      k =  112 ; sb/Sb = 0.852614959015692 ; sb = 2188.18154658711
      Creating new point: f = 0.214575945920827
    i = 132 ; sf/Sf = 0.776871910727788 ; sf = 2408.79100062655
      k =  119 ; sb/Sb = 0 ; sb = 0
      k =  118 ; sb/Sb = 0.0860754908172125 ; sb = 220.907220343745
      k =  117 ; sb/Sb = 0.130501906205726 ; sb = 334.924762853659
      k =  116 ; sb/Sb = 0.213066294437834 ; sb = 546.82096385783
      k =  115 ; sb/Sb = 0.365874883076128 ; sb = 938.994394880381
      k =  114 ; sb/Sb = 0.486727798819269 ; sb = 1249.1556432658
      k =  113 ; sb/Sb = 0.685294111710075 ; sb = 1758.76333551543
      k =  112 ; sb/Sb = 0.852614959015692 ; sb = 2188.18154658711
      Creating new point: f = 0.547318523019686
    i = 133 ; sf/Sf = 0.860601748026612 ; sf = 2668.40610034149
      k =  119 ; sb/Sb = 0 ; sb = 0
      k =  118 ; sb/Sb = 0.0860754908172125 ; sb = 220.907220343745
      k =  117 ; sb/Sb = 0.130501906205726 ; sb = 334.924762853659
      k =  116 ; sb/Sb = 0.213066294437834 ; sb = 546.82096385783
      k =  115 ; sb/Sb = 0.365874883076128 ; sb = 938.994394880381
      k =  114 ; sb/Sb = 0.486727798819269 ; sb = 1249.1556432658
      k =  113 ; sb/Sb = 0.685294111710075 ; sb = 1758.76333551543
      k =  112 ; sb/Sb = 0.852614959015692 ; sb = 2188.18154658711
      k =  111 ; sb/Sb = 0.941553184171658 ; sb = 2416.43579079738
      Creating new point: f = 0.0898015335578629
    i = 134 ; sf/Sf = 0.883177817821294 ; sf = 2738.40610034149
      k =  119 ; sb/Sb = 0 ; sb = 0
      k =  118 ; sb/Sb = 0.0860754908172125 ; sb = 220.907220343745
      k =  117 ; sb/Sb = 0.130501906205726 ; sb = 334.924762853659
      k =  116 ; sb/Sb = 0.213066294437834 ; sb = 546.82096385783
      k =  115 ; sb/Sb = 0.365874883076128 ; sb = 938.994394880381
      k =  114 ; sb/Sb = 0.486727798819269 ; sb = 1249.1556432658
      k =  113 ; sb/Sb = 0.685294111710075 ; sb = 1758.76333551543
      k =  112 ; sb/Sb = 0.852614959015692 ; sb = 2188.18154658711
      k =  111 ; sb/Sb = 0.941553184171658 ; sb = 2416.43579079738
      Creating new point: f = 0.343641429228043
    i = 135 ; sf/Sf = 0.938383541740858 ; sf = 2909.57852802773
      k =  119 ; sb/Sb = 0 ; sb = 0
      k =  118 ; sb/Sb = 0.0860754908172125 ; sb = 220.907220343745
      k =  117 ; sb/Sb = 0.130501906205726 ; sb = 334.924762853659
      k =  116 ; sb/Sb = 0.213066294437834 ; sb = 546.82096385783
      k =  115 ; sb/Sb = 0.365874883076128 ; sb = 938.994394880381
      k =  114 ; sb/Sb = 0.486727798819269 ; sb = 1249.1556432658
      k =  113 ; sb/Sb = 0.685294111710075 ; sb = 1758.76333551543
      k =  112 ; sb/Sb = 0.852614959015692 ; sb = 2188.18154658711
      k =  111 ; sb/Sb = 0.941553184171658 ; sb = 2416.43579079738
      Creating new point: f = 0.964361303306409
Tear 3 : Sf = 1183.0719683082 ; Sb = 974.88762390784
  Backwards path
    i = 91 ; sf/Sf = 0.169051423208008 ; sf = 200
      k =   90 ; sb/Sb = 0 ; sb = 0
      k =   89 ; sb/Sb = 0.110952827393924 ; sb = 108.16653826392
      k =   88 ; sb/Sb = 0.27150954653408 ; sb = 264.691296688905
      Creating new point: f = 0.361857143850624
    i = 92 ; sf/Sf = 0.252727608611742 ; sf = 298.994949366117
      k =   90 ; sb/Sb = 0 ; sb = 0
      k =   89 ; sb/Sb = 0.110952827393924 ; sb = 108.16653826392
      k =   88 ; sb/Sb = 0.271509546534081 ; sb = 264.691296688905
      Creating new point: f = 0.883019919546666
    i = 93 ; sf/Sf = 0.339752155019598 ; sf = 401.951250775987
      k =   90 ; sb/Sb = 0 ; sb = 0
      k =   89 ; sb/Sb = 0.110952827393924 ; sb = 108.16653826392
      k =   88 ; sb/Sb = 0.271509546534081 ; sb = 264.691296688905
      k =   87 ; sb/Sb = 0.485694366463593 ; sb = 473.497426867116
      Creating new point: f = 0.318615523303545
    i = 94 ; sf/Sf = 0.377553202418217 ; sf = 446.672610325982
      k =   90 ; sb/Sb = 0 ; sb = 0
      k =   89 ; sb/Sb = 0.110952827393924 ; sb = 108.16653826392
      k =   88 ; sb/Sb = 0.271509546534081 ; sb = 264.691296688905
      k =   87 ; sb/Sb = 0.485694366463593 ; sb = 473.497426867116
      Creating new point: f = 0.495103508824925
    i = 95 ; sf/Sf = 0.59404465548136 ; sf = 702.797579823296
      k =   90 ; sb/Sb = 0 ; sb = 0
      k =   89 ; sb/Sb = 0.110952827393924 ; sb = 108.16653826392
      k =   88 ; sb/Sb = 0.271509546534081 ; sb = 264.691296688905
      k =   87 ; sb/Sb = 0.485694366463593 ; sb = 473.497426867116
      k =   86 ; sb/Sb = 0.707600021251442 ; sb = 689.830503394955
      Creating new point: f = 0.488271869959124
    i = 96 ; sf/Sf = 0.76182340244689 ; sf = 901.291912236088
      k =   90 ; sb/Sb = 0 ; sb = 0
      k =   89 ; sb/Sb = 0.110952827393924 ; sb = 108.16653826392
      k =   88 ; sb/Sb = 0.271509546534081 ; sb = 264.691296688905
      k =   87 ; sb/Sb = 0.485694366463593 ; sb = 473.497426867116
      k =   86 ; sb/Sb = 0.707600021251442 ; sb = 689.830503394955
      k =   85 ; sb/Sb = 0.808625591381432 ; sb = 788.319081412916
      Creating new point: f = 0.536729276812576
Tear 4 : Sf = 2027.50509445668 ; Sb = 1914.58831185522
  Backwards path
    i = 54 ; sf/Sf = 0.0577295709032789 ; sf = 117.046999107196
      k =   53 ; sb/Sb = 0 ; sb = 0
      k =   52 ; sb/Sb = 0.150655940105274 ; sb = 288.444102037119
      Creating new point: f = 0.383188149520948
    i = 55 ; sf/Sf = 0.141721401121046 ; sf = 287.34086276646
      k =   53 ; sb/Sb = 0 ; sb = 0
      k =   52 ; sb/Sb = 0.150655940105274 ; sb = 288.444102037119
      Creating new point: f = 0.940695740387103
    i = 56 ; sf/Sf = 0.223809071443538 ; sf = 453.774032537393
      k =   53 ; sb/Sb = 0 ; sb = 0
      k =   52 ; sb/Sb = 0.150655940105274 ; sb = 288.444102037119
      k =   51 ; sb/Sb = 0.244670929586528 ; sb = 468.444102037119
      Creating new point: f = 0.778100723532495
    i = 57 ; sf/Sf = 0.339373511166925 ; sf = 688.081522814592
      k =   53 ; sb/Sb = 0 ; sb = 0
      k =   52 ; sb/Sb = 0.150655940105274 ; sb = 288.444102037119
      k =   51 ; sb/Sb = 0.244670929586528 ; sb = 468.444102037119
      k =   50 ; sb/Sb = 0.363889376078082 ; sb = 696.698346247386
      Creating new point: f = 0.794361815368111
    i = 58 ; sf/Sf = 0.403681141495712 ; sf = 818.465570918645
      k =   53 ; sb/Sb = 0 ; sb = 0
      k =   52 ; sb/Sb = 0.150655940105274 ; sb = 288.444102037119
      k =   51 ; sb/Sb = 0.244670929586528 ; sb = 468.444102037119
      k =   50 ; sb/Sb = 0.363889376078082 ; sb = 696.698346247386
      k =   49 ; sb/Sb = 0.446473126344063 ; sb = 854.812229255805
      Creating new point: f = 0.48183529192451
    i = 59 ; sf/Sf = 0.557134262068735 ; sf = 1129.59255464073
      k =   53 ; sb/Sb = 0 ; sb = 0
      k =   52 ; sb/Sb = 0.150655940105274 ; sb = 288.444102037119
      k =   51 ; sb/Sb = 0.244670929586528 ; sb = 468.444102037119
      k =   50 ; sb/Sb = 0.363889376078082 ; sb = 696.698346247386
      k =   49 ; sb/Sb = 0.446473126344063 ; sb = 854.812229255805
      k =   48 ; sb/Sb = 0.52359060882742 ; sb = 1002.46045985814
      k =   47 ; sb/Sb = 0.612536029942129 ; sb = 1172.7543235174
      Creating new point: f = 0.377126251367741
    i = 60 ; sf/Sf = 0.711928988546898 ; sf = 1443.43965117023
      k =   53 ; sb/Sb = 0 ; sb = 0
      k =   52 ; sb/Sb = 0.150655940105274 ; sb = 288.444102037119
      k =   51 ; sb/Sb = 0.244670929586528 ; sb = 468.444102037119
      k =   50 ; sb/Sb = 0.363889376078082 ; sb = 696.698346247386
      k =   49 ; sb/Sb = 0.446473126344063 ; sb = 854.812229255805
      k =   48 ; sb/Sb = 0.52359060882742 ; sb = 1002.46045985814
      k =   47 ; sb/Sb = 0.612536029942129 ; sb = 1172.7543235174
      k =   46 ; sb/Sb = 0.740047051921634 ; sb = 1416.88543583208
      Creating new point: f = 0.779485232427553
    i = 61 ; sf/Sf = 0.846098520805265 ; sf = 1715.46906134494
      k =   53 ; sb/Sb = 0 ; sb = 0
      k =   52 ; sb/Sb = 0.150655940105274 ; sb = 288.444102037119
      k =   51 ; sb/Sb = 0.244670929586528 ; sb = 468.444102037119
      k =   50 ; sb/Sb = 0.363889376078082 ; sb = 696.698346247386
      k =   49 ; sb/Sb = 0.446473126344063 ; sb = 854.812229255805
      k =   48 ; sb/Sb = 0.52359060882742 ; sb = 1002.46045985814
      k =   47 ; sb/Sb = 0.612536029942129 ; sb = 1172.7543235174
      k =   46 ; sb/Sb = 0.740047051921634 ; sb = 1416.88543583208
      k =   45 ; sb/Sb = 0.847723088594562 ; sb = 1623.04071711296
      Creating new point: f = 0.984912448122214
    i = 62 ; sf/Sf = 0.955610469119873 ; sf = 1937.50509445668
      k =   53 ; sb/Sb = 0 ; sb = 0
      k =   52 ; sb/Sb = 0.150655940105274 ; sb = 288.444102037119
      k =   51 ; sb/Sb = 0.244670929586528 ; sb = 468.444102037119
      k =   50 ; sb/Sb = 0.363889376078082 ; sb = 696.698346247386
      k =   49 ; sb/Sb = 0.446473126344063 ; sb = 854.812229255805
      k =   48 ; sb/Sb = 0.52359060882742 ; sb = 1002.46045985814
      k =   47 ; sb/Sb = 0.612536029942129 ; sb = 1172.7543235174
      k =   46 ; sb/Sb = 0.740047051921634 ; sb = 1416.88543583208
      k =   45 ; sb/Sb = 0.847723088594562 ; sb = 1623.04071711296
      k =   44 ; sb/Sb = 1 ; sb = 1914.58831185522
      Creating new point: f = 0.70849467282706
Tear 5 : Sf = 158.113883008419 ; Sb = 445.81642945111
  Backwards path
Tear 6 : Sf = 298.408431655772 ; Sb = 290.688837074973
  Backwards path
    i = 71 ; sf/Sf = 0.61791447420816 ; sf = 184.390889145858
      k =   70 ; sb/Sb = 0 ; sb = 0
      k =   69 ; sb/Sb = 1 ; sb = 290.688837074973
      Creating new point: f = 0.61791447420816
Triangulating...
[1] "Non-adjacent points in rim connected by line: 574 1"
[1] "In triangle: 745" "In triangle: 746"
[1] "Other points in triangles: 533 161"
[1] "Non-adjacent points in rim connected by line: 595 594"
[1] "In triangle: 1190" "In triangle: 1193"
[1] "Other points in triangles: 532 148"
Merging points...
Projecting to sphere...
Optimising mapping with FIRE...
E =  0.00595 | E_L =  0.00595 | E_A =  0.00000 |   0 flippped triangles
E =  0.00490 | E_L =  0.00490 | E_A =  0.00000 | 125 flippped triangles
        phi0    phi0.1    phi0.2    phi0.3    phi0.4    phi0.5    phi0.6
id     47.00   150.000   151.000   153.000  160.0000  161.0000   165.000
A   11541.76  4497.157  2148.828  6168.837  354.6945  441.9906  3116.334
a  -11122.48 -3694.934 -2013.803 -4891.732 -380.0616 -403.4766 -3784.591
      phi0.7    phi0.8    phi0.9   phi0.10   phi0.11   phi0.12   phi0.13
id   171.000   173.000    176.00    181.00    198.00    204.00  214.0000
A   6309.629  5350.276  18452.93  17876.70  35153.26  32822.92  394.1304
a  -5245.788 -5200.499 -16262.21 -14604.43 -31599.88 -29075.55 -375.5619
     phi0.14   phi0.15   phi0.16   phi0.17    phi0.18   phi0.19   phi0.20
id   308.000  334.0000   336.000    338.00   341.0000   429.000   542.000
A   7304.959 6433.6548  3153.182  14554.91 10035.3199  6363.535  1587.094
a  -6761.414 -569.1155 -3365.306 -13542.94  -421.5697 -5693.965 -1964.441
     phi0.21   phi0.22   phi0.23   phi0.24   phi0.25   phi0.26   phi0.27
id   543.000    546.00   550.000   553.000   565.000  570.0000 571.00000
A   1552.387  37828.97  9419.683  9073.249 25003.694 2213.8352 386.02038
a  -1676.010 -34867.73 -7290.824 -8808.793 -2154.987 -479.4095 -77.63149
     phi0.28   phi0.29   phi0.30   phi0.31   phi0.32   phi0.33   phi0.34
id   574.000   577.000   578.000 581.00000   585.000   594.000  599.0000
A   2897.807  3427.095  4894.321  76.85026  2107.493 22882.832  318.9334
a  -1657.391 -4659.394 -5191.776 -86.53773 -1942.733 -7301.209 -268.9837
     phi0.35   phi0.36    phi0.37    phi0.38   phi0.39   phi0.40   phi0.41
id   607.000   608.000    613.000  619.00000   642.000   650.000    739.00
A   3121.267  5572.841   8824.945 8692.09575  5055.218  6974.254  41372.54
a  -3225.032 -2567.022 -10298.185  -84.67775 -4104.124 -5874.196 -26061.87
     phi0.42   phi0.43   phi0.44   phi0.45   phi0.46   phi0.47    phi0.48
id   745.000  746.0000    748.00    750.00    760.00 796.00000    813.000
A   1789.726 1059.6866  15368.05  30305.91  11661.85  58.38611   9019.002
a  -2005.204 -990.1696 -15284.92 -26420.31 -10925.09 -60.41614 -10367.972
     phi0.49   phi0.50   phi0.51   phi0.52   phi0.53   phi0.54    phi0.55
id  815.0000   816.000   819.000   823.000   824.000   827.000 831.000000
A   898.9278 10734.712  6623.895  2919.727  3279.975  9547.203   7.777685
a  -943.6887 -9861.795 -4507.133 -2980.396 -3203.936 -5401.526  -7.339579
     phi0.56   phi0.57   phi0.58   phi0.59   phi0.60   phi0.61   phi0.62
id  832.0000   835.000    837.00   858.000    859.00   866.000   867.000
A   681.9588 26564.206  60139.45  6030.591  14710.14  9361.409  1593.634
a  -745.6499 -5638.274 -61821.58 -4406.215 -10291.52 -8489.422 -1375.570
     phi0.63   phi0.64   phi0.65   phi0.66   phi0.67   phi0.68   phi0.69
id    868.00   871.000    873.00   874.000   877.000    878.00   879.000
A   12778.25  9669.589  12050.81  3741.456  2006.660  14098.49  3996.260
a  -14649.07 -4800.465 -11087.48 -3224.553 -2073.423 -13386.30 -4437.946
     phi0.70   phi0.71   phi0.72   phi0.73   phi0.74   phi0.75   phi0.76
id    882.00   883.000   884.000  886.0000    891.00   895.000   896.000
A   32683.49  2768.186  3544.447  507.3628  27746.41 14417.567  4155.550
a  -24573.28 -2971.383 -3947.920 -496.9233 -18214.26 -5344.294 -3536.009
     phi0.77   phi0.78   phi0.79   phi0.80   phi0.81   phi0.82   phi0.83
id    897.00  900.0000   905.000   906.000    913.00   930.000    941.00
A   10125.00  923.6106  2475.000  8591.500  31184.48  9256.429  36814.63
a  -11558.88 -801.6439 -2599.688 -4057.703 -34173.11 -5439.347 -36164.24
     phi0.84   phi0.85   phi0.86   phi0.87   phi0.88   phi0.89   phi0.90
id   943.000   990.000    994.00  996.0000  1003.000   1006.00 1008.0000
A   3176.877  6347.744  18435.89  563.4415  4229.685  21505.06  112.1719
a  -4175.089 -4341.007 -16419.25 -421.4455 -4900.474 -22215.70 -110.8710
     phi0.91   phi0.92   phi0.93   phi0.94   phi0.95   phi0.96   phi0.97
id  1009.000   1015.00  1017.000  1021.000   1022.00  1025.000   1029.00
A   1177.387  89461.17  2950.022  3076.131  33123.78 18937.726  44516.85
a  -1555.023 -91285.77 -2860.522 -2504.319 -29192.34 -6965.638 -42182.32
     phi0.98   phi0.99  phi0.100  phi0.101  phi0.102  phi0.103  phi0.104
id   1030.00 1054.0000   1067.00   1068.00  1075.000 1077.0000   1078.00
A   58049.59  130.0963  76789.08 105985.24  6929.388  816.0215  29848.50
a  -56469.39 -109.0394 -47877.00 -31015.72 -6552.958 -732.7696 -27878.67
    phi0.105  phi0.106  phi0.107  phi0.108  phi0.109  phi0.110  phi0.111
id   1080.00   1081.00   1091.00 1106.0000  1107.000  1110.000 1114.0000
A   57457.16  13643.14  91833.96  448.2614  3243.651  3517.501  342.2255
a  -45474.71 -15529.50 -11735.09 -471.8299 -3523.939 -1704.179 -334.2385
    phi0.112  phi0.113  phi0.114  phi0.115  phi0.116  phi0.117  phi0.118
id 1117.0000 1119.0000  1128.000  1129.000   1131.00  1136.000  1140.000
A   573.6216 1035.6750  7145.564  6696.433  22051.36 13520.826  8935.989
a  -132.2385 -141.4185 -3586.554 -7043.705 -15918.69 -2078.793 -8632.553
    phi0.119  phi0.120  phi0.121  phi0.122  phi0.123  phi0.124
id 1190.0000   1192.00  1203.000   1219.00  1221.000  1222.000
A  2377.6253  35411.96 42984.418  16420.16  1791.027  1060.988
a  -252.7001 -37254.03 -9094.585 -15836.31 -1882.158 -1005.408
E =  0.00431 | E_L =  0.00431 | E_A =  0.00000 | 121 flippped triangles
        phi0    phi0.1    phi0.2    phi0.3    phi0.4    phi0.5    phi0.6
id     47.00   150.000   151.000   153.000  161.0000   165.000   171.000
A   11541.76  4497.157  2148.828  6168.837  441.9906  3116.334  6309.629
a  -12498.89 -3826.629 -2176.328 -4880.478 -427.2480 -3817.716 -5752.603
      phi0.7    phi0.8    phi0.9   phi0.10   phi0.11   phi0.12   phi0.13
id   173.000    176.00    181.00    198.00    204.00  214.0000   308.000
A   5350.276  18452.93  17876.70  35153.26  32822.92  394.1304  7304.959
a  -5167.960 -16704.19 -12697.18 -30888.08 -24680.40 -401.2400 -6908.512
     phi0.14   phi0.15   phi0.16   phi0.17   phi0.18   phi0.19   phi0.20
id  332.0000   334.000   335.000   336.000    338.00   429.000   542.000
A   451.5801  6433.655  2011.853  3153.182  14554.91  6363.535  1587.094
a  -484.9820 -5669.961 -1895.714 -3187.662 -17045.92 -6008.463 -1498.382
     phi0.21   phi0.22   phi0.23   phi0.24   phi0.25   phi0.26   phi0.27
id   543.000    546.00   550.000   553.000   565.000   570.000  571.0000
A   1552.387  37828.97  9419.683  9073.249 25003.694  2213.835  386.0204
a  -1741.527 -37223.97 -7807.244 -7616.960 -9942.076 -2301.471 -408.6094
     phi0.28   phi0.29   phi0.30   phi0.31   phi0.32     phi0.33   phi0.34
id   574.000   577.000   578.000 581.00000   585.000   594.00000  599.0000
A   2897.807  3427.095  4894.321  76.85026  2107.493 22882.83154  318.9334
a  -3155.028 -3372.291 -5096.341 -87.81048 -2019.891   -37.08079 -302.1287
     phi0.35   phi0.36   phi0.37   phi0.38   phi0.39   phi0.40   phi0.41
id   607.000   608.000   613.000   619.000   642.000   650.000    739.00
A   3121.267  5572.841  8824.945  8692.096  5055.218  6974.254  41372.54
a  -3282.064 -2489.303 -9762.873 -1026.316 -4269.678 -7484.638 -17577.94
     phi0.42   phi0.43   phi0.44   phi0.45   phi0.46   phi0.47   phi0.48
id   745.000   746.000    748.00    750.00    760.00   813.000  815.0000
A   1789.726  1059.687  15368.05  30305.91  11661.85  9019.002  898.9278
a  -1769.764 -1061.435 -14080.54 -27867.97 -11806.58 -9963.258 -920.5375
     phi0.49   phi0.50   phi0.51   phi0.52   phi0.53   phi0.54   phi0.55
id    816.00   819.000   823.000   824.000   827.000  832.0000   835.000
A   10734.71  6623.895  2919.727  3279.975  9547.203  681.9588 26564.206
a  -10712.74 -4498.575 -2963.420 -3274.272 -5815.005 -590.8513 -3105.014
     phi0.56   phi0.57   phi0.58   phi0.59   phi0.60   phi0.61   phi0.62
id    837.00   854.000   858.000   859.000   866.000   867.000    868.00
A   60139.45 11431.318  6030.591 14710.140  9361.409  1593.634  12778.25
a  -50757.36 -4936.154 -3323.611 -7629.278 -8112.930 -1363.001 -14883.91
     phi0.63   phi0.64   phi0.65   phi0.66   phi0.67   phi0.68   phi0.69
id   871.000    873.00   874.000   877.000    878.00   879.000   882.000
A   9669.589  12050.81  3741.456  2006.660  14098.49  3996.260 32683.486
a  -4953.378 -11586.63 -3545.346 -2146.836 -14332.65 -5322.496 -4780.397
     phi0.70   phi0.71   phi0.72   phi0.73   phi0.74  phi0.75   phi0.76
id   883.000   884.000  886.0000   891.000    895.00   896.00    897.00
A   2768.186  3544.447  507.3628 27746.410  14417.57  4155.55  10125.00
a  -3456.480 -3521.589 -482.9987 -8580.605 -11791.11 -3009.52 -10260.97
     phi0.77   phi0.78   phi0.79   phi0.80   phi0.81   phi0.82   phi0.83
id  900.0000   905.000   906.000    913.00   930.000    941.00   943.000
A   923.6106  2475.000  8591.500  31184.48  9256.429  36814.63  3176.877
a  -769.5362 -2430.452 -7254.359 -24520.31 -6988.960 -37617.94 -4139.072
     phi0.84   phi0.85   phi0.86   phi0.87   phi0.88    phi0.89   phi0.90
id   990.000    994.00  996.0000  1003.000   1006.00 1008.00000  1009.000
A   6347.744  18435.89  563.4415  4229.685  21505.06  112.17187  1177.387
a  -4986.744 -17885.44 -379.9831 -4478.068 -21097.48  -94.62209 -1548.660
     phi0.91   phi0.92   phi0.93   phi0.94   phi0.95   phi0.96   phi0.97
id   1015.00  1017.000  1021.000   1022.00   1025.00   1029.00   1030.00
A   89461.17  2950.022  3076.131  33123.78  18937.73  44516.85  58049.59
a  -80634.80 -3100.061 -2388.368 -20799.49 -16442.40 -22891.29 -30066.67
     phi0.98   phi0.99  phi0.100  phi0.101  phi0.102  phi0.103  phi0.104
id 1054.0000   1067.00  1075.000 1077.0000   1078.00   1080.00   1081.00
A   130.0963  76789.08  6929.388  816.0215  29848.50  57457.16  13643.14
a  -108.8705 -19130.90 -6316.530 -734.0372 -26160.24 -14385.10 -14242.27
    phi0.105  phi0.106  phi0.107  phi0.108   phi0.109  phi0.110  phi0.111
id 1106.0000  1107.000  1110.000 1114.0000 1119.00000  1128.000  1129.000
A   448.2614  3243.651  3517.501  342.2255 1035.67503  7145.564  6696.433
a  -456.3613 -3380.521 -2577.324 -339.2285  -69.01911 -2124.328 -6941.458
    phi0.112  phi0.113  phi0.114  phi0.115  phi0.116  phi0.117  phi0.118
id   1131.00  1136.000  1140.000   1192.00   1203.00   1217.00   1219.00
A   22051.36 13520.826  8935.989  35411.96  42984.42  28974.26  16420.16
a  -18200.06 -4544.114 -8361.104 -34770.07 -10316.23 -11901.02 -18384.12
    phi0.119  phi0.120
id  1221.000  1222.000
A   1791.027  1060.988
a  -1971.628 -1086.943
E =  0.00415 | E_L =  0.00415 | E_A =  0.00000 | 117 flippped triangles
        phi0    phi0.1    phi0.2    phi0.3    phi0.4    phi0.5    phi0.6
id     47.00  48.00000   150.000   151.000   153.000  161.0000   165.000
A   11541.76  14.61317  4497.157  2148.828  6168.837  441.9906  3116.334
a  -11005.52 -12.23967 -3796.451 -2185.818 -5108.143 -441.3095 -3844.531
      phi0.7    phi0.8    phi0.9   phi0.10   phi0.11   phi0.12   phi0.13
id   171.000   173.000    176.00    181.00 185.00000    198.00    204.00
A   6309.629  5350.276  18452.93  17876.70  13.03081  35153.26  32822.92
a  -6127.624 -5223.048 -17305.17 -13192.35 -11.42427 -30489.91 -25933.08
     phi0.14   phi0.15   phi0.16   phi0.17   phi0.18   phi0.19   phi0.20
id  214.0000   308.000  332.0000   334.000   335.000   336.000    338.00
A   394.1304  7304.959  451.5801  6433.655  2011.853  3153.182  14554.91
a  -413.0084 -6922.779 -479.6653 -5456.382 -1895.948 -3240.395 -16875.60
     phi0.21   phi0.22   phi0.23   phi0.24   phi0.25   phi0.26   phi0.27
id   429.000   542.000   543.000    546.00   550.000   553.000    565.00
A   6363.535  1587.094  1552.387  37828.97  9419.683  9073.249  25003.69
a  -6061.027 -1635.999 -1744.522 -35708.60 -7900.599 -7685.042 -12723.08
     phi0.28   phi0.29   phi0.30   phi0.31   phi0.32   phi0.33   phi0.34
id   570.000  571.0000   574.000   577.000   578.000 581.00000   585.000
A   2213.835  386.0204  2897.807  3427.095  4894.321  76.85026  2107.493
a  -2438.195 -411.0694 -3115.448 -2892.545 -5046.453 -85.75137 -2178.352
     phi0.35   phi0.36   phi0.37    phi0.38   phi0.39   phi0.40   phi0.41
id  599.0000   607.000   608.000    613.000   619.000   642.000   650.000
A   318.9334  3121.267  5572.841   8824.945  8692.096  5055.218  6974.254
a  -305.1670 -3196.860 -3148.732 -10381.355 -2202.893 -4173.553 -7263.696
     phi0.42   phi0.43   phi0.44   phi0.45   phi0.46   phi0.47   phi0.48
id    731.00   745.000   746.000    748.00    750.00    760.00   813.000
A   22767.13  1789.726  1059.687  15368.05  30305.91  11661.85  9019.002
a  -16281.38 -1581.163 -1027.886 -13688.26 -29807.10 -12056.02 -9480.427
     phi0.49   phi0.50   phi0.51   phi0.52   phi0.53   phi0.54    phi0.55
id  815.0000    816.00   819.000   823.000   824.000   827.000 831.000000
A   898.9278  10734.71  6623.895  2919.727  3279.975  9547.203   7.777685
a  -916.0710 -10750.94 -4475.149 -2943.544 -3288.693 -7808.820  -6.405593
     phi0.56   phi0.57  phi0.58   phi0.59   phi0.60   phi0.61   phi0.62
id  832.0000    835.00   837.00   858.000   859.000   866.000   867.000
A   681.9588  26564.21 60139.45  6030.591 14710.140  9361.409  1593.634
a  -593.4845 -23075.99 -9419.04 -4411.664 -1869.715 -6129.229 -1394.133
     phi0.63   phi0.64   phi0.65   phi0.66   phi0.67   phi0.68   phi0.69
id    868.00   871.000    873.00   874.000   877.000    878.00   879.000
A   12778.25  9669.589  12050.81  3741.456  2006.660  14098.49  3996.260
a  -14862.72 -6671.976 -10941.19 -3501.639 -2081.552 -13581.13 -5040.162
     phi0.70   phi0.71   phi0.72   phi0.73   phi0.74   phi0.75   phi0.76
id   883.000   884.000  886.0000    895.00    897.00  900.0000   905.000
A   2768.186  3544.447  507.3628  14417.57  10125.00  923.6106  2475.000
a  -3306.299 -3355.952 -476.7821 -11138.70 -10148.27 -750.4693 -2385.314
    phi0.77   phi0.78   phi0.79   phi0.80   phi0.81   phi0.82   phi0.83
id   906.00   930.000    941.00   943.000   990.000    994.00  996.0000
A   8591.50  9256.429  36814.63  3176.877  6347.744  18435.89  563.4415
a  -7675.94 -6190.748 -36537.34 -4199.156 -5162.081 -18366.73 -386.3781
     phi0.84   phi0.85    phi0.86   phi0.87   phi0.88   phi0.89   phi0.90
id  1003.000   1006.00 1008.00000  1009.000   1015.00  1017.000  1021.000
A   4229.685  21505.06  112.17187  1177.387  89461.17  2950.022  3076.131
a  -4660.791 -21418.03  -91.81318 -1588.602 -81318.58 -3072.656 -2609.903
     phi0.91   phi0.92   phi0.93   phi0.94   phi0.95   phi0.96   phi0.97
id   1022.00   1025.00   1029.00   1030.00 1054.0000  1075.000 1077.0000
A   33123.78  18937.73  44516.85  58049.59  130.0963  6929.388  816.0215
a  -22189.30 -16755.17 -28241.82 -36953.95 -109.5412 -6277.630 -696.1666
     phi0.98   phi0.99  phi0.100  phi0.101  phi0.102  phi0.103  phi0.104
id   1078.00  1079.000   1081.00 1106.0000  1107.000  1110.000 1114.0000
A   29848.50  3671.481  13643.14  448.2614  3243.651  3517.501  342.2255
a  -25121.54 -3608.664 -14563.65 -446.0110 -3351.341 -2568.302 -342.8696
     phi0.105  phi0.106  phi0.107  phi0.108 phi0.109  phi0.110  phi0.111
id 1119.00000  1128.000  1129.000   1131.00  1136.00  1140.000   1192.00
A  1035.67503  7145.564  6696.433  22051.36 13520.83  8935.989  35411.96
a   -26.67749 -1942.275 -7075.335 -18290.34 -2662.07 -8544.677 -27760.63
      phi0.112  phi0.113  phi0.114  phi0.115  phi0.116
id 1215.000000   1217.00   1219.00  1221.000  1222.000
A     6.871682  28974.26  16420.16  1791.027  1060.988
a    -5.863302 -10742.36 -15930.49 -1928.458 -1072.325
E =  0.00411 | E_L =  0.00411 | E_A =  0.00000 | 115 flippped triangles
        phi0    phi0.1    phi0.2    phi0.3    phi0.4    phi0.5    phi0.6
id    17.000     47.00  48.00000   150.000   151.000   153.000  161.0000
A  26659.551  11541.76  14.61317  4497.157  2148.828  6168.837  441.9906
a  -1118.619 -11392.30 -13.98491 -3706.500 -2200.117 -5211.181 -442.1344
      phi0.7    phi0.8    phi0.9   phi0.10   phi0.11   phi0.12   phi0.13
id   165.000   171.000   173.000    176.00    181.00 185.00000    198.00
A   3116.334  6309.629  5350.276  18452.93  17876.70  13.03081  35153.26
a  -3788.832 -6309.558 -5246.894 -17529.58 -12838.97 -12.32729 -30621.83
     phi0.14   phi0.15   phi0.16   phi0.17   phi0.18   phi0.19   phi0.20
id    204.00  214.0000   308.000  332.0000   334.000   335.000   336.000
A   32822.92  394.1304  7304.959  451.5801  6433.655  2011.853  3153.182
a  -23874.05 -413.8706 -7167.671 -489.4810 -5623.659 -2010.764 -3270.018
     phi0.21   phi0.22   phi0.23   phi0.24   phi0.25   phi0.26   phi0.27
id    338.00   429.000   542.000   543.000    546.00   550.000   553.000
A   14554.91  6363.535  1587.094  1552.387  37828.97  9419.683  9073.249
a  -17130.21 -6062.739 -1685.207 -1763.258 -34151.50 -8081.403 -7781.028
     phi0.28   phi0.29   phi0.30   phi0.31   phi0.32   phi0.33   phi0.34
id    565.00   570.000  571.0000   574.000   577.000   578.000 581.00000
A   25003.69  2213.835  386.0204  2897.807  3427.095  4894.321  76.85026
a  -11505.47 -2530.670 -397.9368 -3102.151 -3049.278 -5077.352 -87.10418
     phi0.35   phi0.36   phi0.37   phi0.38    phi0.39   phi0.40   phi0.41
id   585.000  599.0000   607.000   608.000    613.000   619.000   642.000
A   2107.493  318.9334  3121.267  5572.841   8824.945  8692.096  5055.218
a  -2172.433 -303.0406 -3237.332 -3437.476 -10015.084 -3228.832 -4164.198
     phi0.42   phi0.43   phi0.44   phi0.45   phi0.46   phi0.47   phi0.48
id   650.000    731.00   745.000   746.000    748.00    750.00    760.00
A   6974.254  22767.13  1789.726  1059.687  15368.05  30305.91  11661.85
a  -7643.756 -14222.52 -1735.873 -1022.797 -13767.27 -28579.19 -12112.48
     phi0.49   phi0.50   phi0.51   phi0.52   phi0.53   phi0.54   phi0.55
id   813.000  815.0000    816.00   819.000   823.000   824.000   827.000
A   9019.002  898.9278  10734.71  6623.895  2919.727  3279.975  9547.203
a  -9215.846 -926.1549 -10653.49 -4107.686 -2928.758 -3209.633 -7132.556
     phi0.56   phi0.57   phi0.58   phi0.59   phi0.60   phi0.61   phi0.62
id  832.0000    835.00    837.00   858.000   859.000   866.000   867.000
A   681.9588  26564.21  60139.45  6030.591 14710.140  9361.409  1593.634
a  -604.7194 -23730.26 -13946.50 -4434.294 -4572.832 -6562.391 -1385.871
     phi0.63   phi0.64   phi0.65   phi0.66   phi0.67   phi0.68  phi0.69
id    868.00   871.000    873.00   874.000   877.000    878.00   879.00
A   12778.25  9669.589  12050.81  3741.456  2006.660  14098.49  3996.26
a  -15092.85 -6683.954 -10937.96 -3440.791 -2092.148 -13813.34 -5072.93
     phi0.70   phi0.71   phi0.72   phi0.73   phi0.74   phi0.75   phi0.76
id   883.000   884.000  886.0000    895.00   897.000  900.0000   905.000
A   2768.186  3544.447  507.3628  14417.57 10125.000  923.6106  2475.000
a  -3270.168 -3432.365 -483.6627 -11578.96 -9982.317 -800.0208 -2401.542
     phi0.77   phi0.78   phi0.79   phi0.80   phi0.81   phi0.82   phi0.83
id   906.000   930.000    941.00   943.000   990.000    994.00  996.0000
A   8591.500  9256.429  36814.63  3176.877  6347.744  18435.89  563.4415
a  -7616.482 -6545.900 -36736.54 -4262.177 -5217.487 -18501.34 -412.9260
     phi0.84   phi0.85    phi0.86   phi0.87   phi0.88   phi0.89   phi0.90
id  1003.000   1006.00 1008.00000  1009.000   1015.00  1017.000  1021.000
A   4229.685  21505.06  112.17187  1177.387  89461.17  2950.022  3076.131
a  -4674.670 -21652.71  -92.71334 -1596.852 -76308.70 -3114.421 -2617.893
     phi0.91   phi0.92   phi0.93   phi0.94   phi0.95   phi0.96   phi0.97
id   1022.00   1025.00   1029.00   1030.00 1054.0000  1075.000 1077.0000
A   33123.78  18937.73  44516.85  58049.59  130.0963  6929.388  816.0215
a  -16775.77 -17270.03 -20224.17 -26321.36 -108.3358 -6513.089 -755.7281
     phi0.98   phi0.99  phi0.100  phi0.101  phi0.102  phi0.103  phi0.104
id   1078.00  1079.000   1081.00 1106.0000  1107.000  1110.000 1114.0000
A   29848.50  3671.481  13643.14  448.2614  3243.651  3517.501  342.2255
a  -25764.37 -3817.790 -14473.08 -452.1642 -3404.224 -2440.275 -342.6954
    phi0.105  phi0.106  phi0.107  phi0.108  phi0.109  phi0.110  phi0.111
id 1128.0000  1129.000   1131.00  1136.000  1140.000   1192.00   1217.00
A  7145.5641  6696.433  22051.36 13520.826  8935.989  35411.96  28974.26
a  -860.1596 -7140.805 -18349.81 -2181.719 -8291.524 -28882.60 -13344.81
    phi0.112  phi0.113  phi0.114
id   1219.00  1221.000  1222.000
A   16420.16  1791.027  1060.988
a  -16829.65 -1912.280 -1054.652
E =  0.00410 | E_L =  0.00410 | E_A =  0.00000 | 115 flippped triangles
         phi0    phi0.1    phi0.2    phi0.3    phi0.4    phi0.5    phi0.6
id    17.0000     47.00  48.00000   150.000   151.000   153.000  161.0000
A  26659.5513  11541.76  14.61317  4497.157  2148.828  6168.837  441.9906
a   -521.0343 -11421.60 -13.96736 -3783.405 -2200.032 -5213.728 -441.4940
      phi0.7    phi0.8    phi0.9   phi0.10   phi0.11   phi0.12   phi0.13
id   165.000   171.000   173.000    176.00    181.00 185.00000    198.00
A   3116.334  6309.629  5350.276  18452.93  17876.70  13.03081  35153.26
a  -3789.695 -6262.833 -5261.478 -17440.76 -12754.36 -11.96278 -30757.70
     phi0.14   phi0.15   phi0.16   phi0.17   phi0.18   phi0.19   phi0.20
id    204.00  214.0000   308.000  332.0000   334.000   335.000   336.000
A   32822.92  394.1304  7304.959  451.5801  6433.655  2011.853  3153.182
a  -24681.50 -412.4302 -7145.958 -487.0864 -5617.243 -2004.182 -3239.699
     phi0.21   phi0.22   phi0.23   phi0.24   phi0.25   phi0.26   phi0.27
id    338.00   429.000   542.000   543.000    546.00   550.000   553.000
A   14554.91  6363.535  1587.094  1552.387  37828.97  9419.683  9073.249
a  -17201.62 -6038.016 -1645.181 -1741.331 -34555.42 -8029.823 -7665.628
     phi0.28   phi0.29   phi0.30   phi0.31   phi0.32   phi0.33   phi0.34
id    565.00   570.000  571.0000   574.000   577.000   578.000 581.00000
A   25003.69  2213.835  386.0204  2897.807  3427.095  4894.321  76.85026
a  -11470.27 -2509.300 -404.7579 -3129.743 -2822.250 -5059.192 -87.14669
     phi0.35   phi0.36   phi0.37   phi0.38   phi0.39   phi0.40   phi0.41
id   585.000  599.0000   607.000   608.000   613.000   619.000   642.000
A   2107.493  318.9334  3121.267  5572.841  8824.945  8692.096  5055.218
a  -2140.640 -305.7867 -3235.873 -3192.162 -9917.711 -2981.917 -4239.274
     phi0.42   phi0.43   phi0.44   phi0.45   phi0.46   phi0.47   phi0.48
id   650.000    731.00   745.000   746.000    748.00    750.00    760.00
A   6974.254  22767.13  1789.726  1059.687  15368.05  30305.91  11661.85
a  -7682.953 -14089.32 -1696.272 -1023.244 -13833.34 -28197.02 -11901.69
     phi0.49   phi0.50   phi0.51   phi0.52   phi0.53   phi0.54   phi0.55
id   813.000  815.0000    816.00   819.000   823.000   824.000   827.000
A   9019.002  898.9278  10734.71  6623.895  2919.727  3279.975  9547.203
a  -9037.182 -934.0071 -10624.34 -4117.757 -2970.688 -3189.000 -7395.068
     phi0.56   phi0.57   phi0.58   phi0.59   phi0.60   phi0.61   phi0.62
id  832.0000    835.00   837.000   858.000   859.000   866.000   867.000
A   681.9588  26564.21 60139.453  6030.591 14710.140  9361.409  1593.634
a  -621.8776 -23945.23 -9067.249 -4376.096 -3145.537 -6047.169 -1371.492
     phi0.63   phi0.64   phi0.65   phi0.66   phi0.67   phi0.68   phi0.69
id    868.00   871.000    873.00   874.000   877.000    878.00   879.000
A   12778.25  9669.589  12050.81  3741.456  2006.660  14098.49  3996.260
a  -15453.86 -5794.376 -11149.16 -3499.410 -2093.476 -13942.83 -5118.381
     phi0.70   phi0.71   phi0.72   phi0.73   phi0.74   phi0.75   phi0.76
id   883.000   884.000  886.0000    895.00    897.00  900.0000   905.000
A   2768.186  3544.447  507.3628  14417.57  10125.00  923.6106  2475.000
a  -3320.384 -3433.026 -481.9813 -11716.63 -10202.83 -779.4614 -2404.464
     phi0.77   phi0.78   phi0.79   phi0.80   phi0.81   phi0.82   phi0.83
id   906.000   930.000    941.00   943.000   990.000    994.00  996.0000
A   8591.500  9256.429  36814.63  3176.877  6347.744  18435.89  563.4415
a  -7671.481 -6545.014 -36671.66 -4259.762 -5270.138 -18351.24 -406.0359
     phi0.84   phi0.85    phi0.86   phi0.87   phi0.88   phi0.89   phi0.90
id  1003.000   1006.00 1008.00000  1009.000   1015.00  1017.000  1021.000
A   4229.685  21505.06  112.17187  1177.387  89461.17  2950.022  3076.131
a  -4664.045 -21444.70  -93.46495 -1585.487 -77037.63 -3082.589 -2554.729
     phi0.91   phi0.92   phi0.93   phi0.94   phi0.95   phi0.96   phi0.97
id   1022.00   1025.00   1029.00   1030.00 1054.0000  1075.000 1077.0000
A   33123.78  18937.73  44516.85  58049.59  130.0963  6929.388  816.0215
a  -18044.39 -17125.98 -20013.80 -26366.91 -110.9339 -6483.841 -734.0775
     phi0.98   phi0.99  phi0.100  phi0.101  phi0.102  phi0.103  phi0.104
id   1078.00  1079.000   1081.00 1106.0000  1107.000  1110.000 1114.0000
A   29848.50  3671.481  13643.14  448.2614  3243.651  3517.501  342.2255
a  -25899.05 -3782.979 -14441.26 -452.6461 -3401.158 -2422.584 -342.5399
    phi0.105  phi0.106  phi0.107  phi0.108  phi0.109  phi0.110  phi0.111
id 1128.0000  1129.000   1131.00  1136.000  1140.000   1192.00   1217.00
A  7145.5641  6696.433  22051.36 13520.826  8935.989  35411.96  28974.26
a  -474.6231 -7157.487 -18428.26 -2497.199 -8409.764 -27488.41 -13112.17
    phi0.112  phi0.113  phi0.114
id   1219.00  1221.000  1222.000
A   16420.16  1791.027  1060.988
a  -16464.92 -1951.213 -1053.958
FIRE:  4  stops.  17 hits of maxmove.  0 hits of dtmax.
Frms = 3.88785775184069e-06; Ftanrms = 3.88579769085714e-06
E =  0.01070 | E_L =  0.01069 | E_A =  0.00001 |   0 flippped triangles
E =  0.00660 | E_L =  0.00659 | E_A =  0.00002 |   0 flippped triangles
E =  0.00582 | E_L =  0.00581 | E_A =  0.00000 |   0 flippped triangles
E =  0.00568 | E_L =  0.00568 | E_A =  0.00000 |   0 flippped triangles
E =  0.00533 | E_L =  0.00533 | E_A =  0.00000 |   0 flippped triangles
E =  0.00517 | E_L =  0.00516 | E_A =  0.00000 |   0 flippped triangles
E =  0.00502 | E_L =  0.00502 | E_A =  0.00000 |   0 flippped triangles
E =  0.00496 | E_L =  0.00496 | E_A =  0.00000 |   0 flippped triangles
E =  0.00491 | E_L =  0.00491 | E_A =  0.00000 |   0 flippped triangles
E =  0.00490 | E_L =  0.00490 | E_A =  0.00000 |   0 flippped triangles
E =  0.00488 | E_L =  0.00488 | E_A =  0.00000 |   0 flippped triangles
E =  0.00488 | E_L =  0.00488 | E_A =  0.00000 |   0 flippped triangles
E =  0.00487 | E_L =  0.00487 | E_A =  0.00000 |   0 flippped triangles
E =  0.00487 | E_L =  0.00487 | E_A =  0.00000 |   0 flippped triangles
E =  0.00487 | E_L =  0.00487 | E_A =  0.00000 |   0 flippped triangles
Optimising mapping with BFGS...
E =  0.00487 | E_L =  0.00487 | E_A =  0.00000 |   0 flippped triangles
Transforming image...
Mapping optimised. Error: 0.00486769 ; 0 flipped triangles.
Inferring coordinates of datapoints
Inferring coordinates of landmarks
Mapping optimised. Error: 0.00486769 ; 0 flipped triangles. OD displacement: 10.69698 degrees.
Computing Kernel Density estimates of datapoints

[1] 0.7
Saving adult_retina/data/CD-1/GMA256/R-CONTRA/r.mat
