[1] "Adding old segment 1"
[1] "Intersection found. Old points:"
   X    Y 
1430 1609 
   X    Y 
1560 1569 
   X    Y 
1560 1569 
   X    Y 
1650 1659 
[1] "Point i+1 has been changed:"
   X    Y 
1430 1609 
   X    Y 
1560 1569 
   X    Y 
1560 1569 
   X    Y 
1650 1659 
[1] "a= 0.392837100659193"
[1] "l= 127.279220613579"
[1] "New points:"
   X    Y 
1430 1609 
   X    Y 
1560 1569 
       X        Y 
1614.645 1623.645 
   X    Y 
1650 1659 
[1] "Storing new segment 1"
[1] "Adding old segment 2"
[1] "Adding old segment 3"
[1] "Adding old segment 4"
[1] "Adding old segment 5"
[1] "Adding old segment 6"
[1] "Storing new segment 2"
simplify.outline: Removing vertex 1
simplify.outline: Removing vertex 22
Triangulating...
[1] "Non-adjacent points in rim connected by line: 17 14"
[1] "In triangle: 88" "In triangle: 97"
[1] "Other points in triangles: 155 118"
[1] "Non-adjacent points in rim connected by line: 60 41"
[1] "In triangle: 22" "In triangle: 68"
[1] "Other points in triangles: 76 67"
[1] "Non-adjacent points in rim connected by line: 62 10"
[1] "In triangle: 35" "In triangle: 77"
[1] "Other points in triangles: 63 65"
[1] "Non-adjacent points in rim connected by line: 63 10"
[1] "In triangle: 45"  "In triangle: 801"
[1] "Other points in triangles: 64 457"
[1] "Non-adjacent points in rim connected by line: 64 63"
[1] "In triangle: 38" "In triangle: 45"
[1] "Other points in triangles: 11 458"
[1] "Non-adjacent points in rim connected by line: 67 41"
[1] "In triangle: 25"  "In triangle: 800"
[1] "Other points in triangles: 68 456"
[1] "Non-adjacent points in rim connected by line: 68 67"
[1] "In triangle: 3"  "In triangle: 25"
[1] "Other points in triangles: 42 460"
[1] "Non-adjacent points in rim connected by line: 90 27"
[1] "In triangle: 27"  "In triangle: 669"
[1] "Other points in triangles: 26 384"
[1] "Non-adjacent points in rim connected by line: 116 16"
[1] "In triangle: 44"  "In triangle: 225"
[1] "Other points in triangles: 15 155"
[1] "Non-adjacent points in rim connected by line: 369 368"
[1] "In triangle: 157" "In triangle: 642"
[1] "Other points in triangles: 371 19"
Stitching...
Tear 1 child of rim
Tear 2 child of rim
Tear 3 child of rim
Tear 4 child of backward side of tear 3
Tear 5 child of rim
Tear 6 child of rim
Tear 7 child of forward side of tear 8
Tear 8 child of rim
Tear 1 : Sf = 2227.30774121586 ; Sb = 1854.64374994968
  Forwards path
    i = 160 ; sf/Sf = 0.244360287584097 ; sf = 544.265560181792
      k =   39 ; sb/Sb = 0 ; sb = 0
      k =  126 ; sb/Sb = 0.198915470922081 ; sb = 368.917334913934
      k =   38 ; sb/Sb = 0.397830941844161 ; sb = 737.834669827869
      Creating new point: f = 0.228462956910064
    i = 40 ; sf/Sf = 0.488720575168194 ; sf = 1088.53112036358
      k =   39 ; sb/Sb = 0 ; sb = 0
      k =  126 ; sb/Sb = 0.198915470922081 ; sb = 368.917334913934
      k =   38 ; sb/Sb = 0.397830941844161 ; sb = 737.834669827869
      k =   37 ; sb/Sb = 0.595573724752089 ; sb = 1104.57708624571
      Creating new point: f = 0.459635653890603
    i = 70 ; sf/Sf = 0.636711348233552 ; sf = 1418.15211484057
      k =   39 ; sb/Sb = 0 ; sb = 0
      k =  126 ; sb/Sb = 0.198915470922081 ; sb = 368.917334913934
      k =   38 ; sb/Sb = 0.397830941844161 ; sb = 737.834669827869
      k =   37 ; sb/Sb = 0.595573724752089 ; sb = 1104.57708624571
      k =   36 ; sb/Sb = 1 ; sb = 1854.64374994968
      Creating new point: f = 0.101718473796604
    i = 41 ; sf/Sf = 0.78470212129891 ; sf = 1747.77310931756
      k =   39 ; sb/Sb = 0 ; sb = 0
      k =  126 ; sb/Sb = 0.198915470922081 ; sb = 368.917334913934
      k =   38 ; sb/Sb = 0.397830941844161 ; sb = 737.834669827869
      k =   37 ; sb/Sb = 0.595573724752089 ; sb = 1104.57708624571
      k =   36 ; sb/Sb = 1 ; sb = 1854.64374994968
      Creating new point: f = 0.467646164757435
    i = 68 ; sf/Sf = 0.792783626906291 ; sf = 1765.77310931756
      k =   39 ; sb/Sb = 0 ; sb = 0
      k =  126 ; sb/Sb = 0.198915470922081 ; sb = 368.917334913934
      k =   38 ; sb/Sb = 0.397830941844161 ; sb = 737.834669827869
      k =   37 ; sb/Sb = 0.595573724752089 ; sb = 1104.57708624571
      k =   36 ; sb/Sb = 1 ; sb = 1854.64374994968
      Creating new point: f = 0.48762880708805
    i = 42 ; sf/Sf = 0.80715074798608 ; sf = 1797.77310931756
      k =   39 ; sb/Sb = 0 ; sb = 0
      k =  126 ; sb/Sb = 0.198915470922081 ; sb = 368.917334913934
      k =   38 ; sb/Sb = 0.397830941844161 ; sb = 737.834669827869
      k =   37 ; sb/Sb = 0.595573724752089 ; sb = 1104.57708624571
      k =   36 ; sb/Sb = 1 ; sb = 1854.64374994968
      Creating new point: f = 0.523153504564696
    i = 67 ; sf/Sf = 0.82151786906587 ; sf = 1829.77310931756
      k =   39 ; sb/Sb = 0 ; sb = 0
      k =  126 ; sb/Sb = 0.198915470922081 ; sb = 368.917334913934
      k =   38 ; sb/Sb = 0.397830941844161 ; sb = 737.834669827869
      k =   37 ; sb/Sb = 0.595573724752089 ; sb = 1104.57708624571
      k =   36 ; sb/Sb = 1 ; sb = 1854.64374994968
      Creating new point: f = 0.558678202041344
    i = 60 ; sf/Sf = 0.835884990145659 ; sf = 1861.77310931756
      k =   39 ; sb/Sb = 0 ; sb = 0
      k =  126 ; sb/Sb = 0.198915470922081 ; sb = 368.917334913934
      k =   38 ; sb/Sb = 0.397830941844161 ; sb = 737.834669827869
      k =   37 ; sb/Sb = 0.595573724752089 ; sb = 1104.57708624571
      k =   36 ; sb/Sb = 1 ; sb = 1854.64374994968
      Creating new point: f = 0.594202899517991
    i = 58 ; sf/Sf = 0.864619232305237 ; sf = 1925.77310931756
      k =   39 ; sb/Sb = 0 ; sb = 0
      k =  126 ; sb/Sb = 0.198915470922081 ; sb = 368.917334913934
      k =   38 ; sb/Sb = 0.397830941844161 ; sb = 737.834669827869
      k =   37 ; sb/Sb = 0.595573724752089 ; sb = 1104.57708624571
      k =   36 ; sb/Sb = 1 ; sb = 1854.64374994968
      Creating new point: f = 0.665252294471285
    i = 56 ; sf/Sf = 0.922087716624394 ; sf = 2053.77310931756
      k =   39 ; sb/Sb = 0 ; sb = 0
      k =  126 ; sb/Sb = 0.198915470922081 ; sb = 368.917334913934
      k =   38 ; sb/Sb = 0.397830941844161 ; sb = 737.834669827869
      k =   37 ; sb/Sb = 0.595573724752089 ; sb = 1104.57708624571
      k =   36 ; sb/Sb = 1 ; sb = 1854.64374994968
      Creating new point: f = 0.807351084377872
Tear 2 : Sf = 928.019999508663 ; Sb = 904.267659490264
  Forwards path
    i = 34 ; sf/Sf = 0.122861083349799 ; sf = 114.017542509914
      k =   33 ; sb/Sb = 0 ; sb = 0
      k =  171 ; sb/Sb = 0.5 ; sb = 452.133829745132
      Creating new point: f = 0.245722166699597
Tear 3 : Sf = 1850.31034145711 ; Sb = 1786.89025034193
  Forwards path
    i = 418 ; sf/Sf = 0.202402808979769 ; sf = 374.508010595234
      k =   29 ; sb/Sb = 0 ; sb = 0
      k =   28 ; sb/Sb = 0.203401208797337 ; sb = 363.455636907725
      Creating new point: f = 0.995091475495787
    i = 134 ; sf/Sf = 0.404805617959538 ; sf = 749.016021190468
      k =   29 ; sb/Sb = 0 ; sb = 0
      k =   28 ; sb/Sb = 0.203401208797337 ; sb = 363.455636907725
      k =   26 ; sb/Sb = 0.203401208797337 ; sb = 363.455636907725
      k =   90 ; sb/Sb = 0.346666862606246 ; sb = 619.455636907725
      k =   25 ; sb/Sb = 0.586615976743924 ; sb = 1048.21836953852
      Creating new point: f = 0.242296186682039
    i = 135 ; sf/Sf = 0.607208426939307 ; sf = 1123.5240317857
      k =   29 ; sb/Sb = 0 ; sb = 0
      k =   28 ; sb/Sb = 0.203401208797337 ; sb = 363.455636907725
      k =   26 ; sb/Sb = 0.203401208797337 ; sb = 363.455636907725
      k =   90 ; sb/Sb = 0.346666862606246 ; sb = 619.455636907725
      k =   25 ; sb/Sb = 0.586615976743924 ; sb = 1048.21836953852
      k =   24 ; sb/Sb = 0.802853981094384 ; sb = 1434.61195126576
      Creating new point: f = 0.0952304857660873
    i = 30 ; sf/Sf = 0.809611235919076 ; sf = 1498.03204238094
      k =   29 ; sb/Sb = 0 ; sb = 0
      k =   28 ; sb/Sb = 0.203401208797337 ; sb = 363.455636907725
      k =   26 ; sb/Sb = 0.203401208797337 ; sb = 363.455636907725
      k =   90 ; sb/Sb = 0.346666862606246 ; sb = 619.455636907725
      k =   25 ; sb/Sb = 0.586615976743924 ; sb = 1048.21836953852
      k =   24 ; sb/Sb = 0.802853981094384 ; sb = 1434.61195126576
      k =   23 ; sb/Sb = 1 ; sb = 1786.89025034193
      Creating new point: f = 0.0342753805641257
Tear 4 : Sf = 441.81444068749 ; Sb = 347.850542618522
  Forwards path
Tear 5 : Sf = 1110.21553583493 ; Sb = 967.475209720107
  Forwards path
    i = 18 ; sf/Sf = 0.544175684071454 ; sf = 604.152298679729
      k =   17 ; sb/Sb = 0 ; sb = 0
      k =   16 ; sb/Sb = 0.365439224737921 ; sb = 353.553390593274
      k =   15 ; sb/Sb = 1 ; sb = 967.475209720107
      Creating new point: f = 0.281669567835663
    i = 369 ; sf/Sf = 0.772087842035727 ; sf = 857.183917257329
      k =   17 ; sb/Sb = 0 ; sb = 0
      k =   16 ; sb/Sb = 0.365439224737921 ; sb = 353.553390593274
      k =   15 ; sb/Sb = 1 ; sb = 967.475209720107
      Creating new point: f = 0.640834783917832
Tear 6 : Sf = 639.531078212779 ; Sb = 975.348910479652
  Forwards path
    i = 116 ; sf/Sf = 0.599706708991512 ; sf = 383.531078212779
      k =   14 ; sb/Sb = 0 ; sb = 0
      k =   13 ; sb/Sb = 0.21749348574311 ; sb = 212.132034355964
      k =  141 ; sb/Sb = 0.608746742871555 ; sb = 593.740472417808
      Creating new point: f = 0.97689467444593
Tear 7 : Sf = 364.965751817893 ; Sb = 465.18813398452
  Forwards path
Tear 8 : Sf = 6142.20272833621 ; Sb = 5423.97826330695
  Forwards path
    i = 54 ; sf/Sf = 0.0392093687277369 ; sf = 240.831891575846
      k =   53 ; sb/Sb = 0 ; sb = 0
      k =   52 ; sb/Sb = 0.0333901970050169 ; sb = 181.107702762748
      k =  344 ; sb/Sb = 0.111077499457851 ; sb = 602.481942601873
      Creating new point: f = 0.0749050557683216
    i = 108 ; sf/Sf = 0.0938168461197805 ; sf = 576.242088200814
      k =   53 ; sb/Sb = 0 ; sb = 0
      k =   52 ; sb/Sb = 0.0333901970050169 ; sb = 181.107702762748
      k =  344 ; sb/Sb = 0.111077499457851 ; sb = 602.481942601873
      Creating new point: f = 0.77781886108673
    i = 105 ; sf/Sf = 0.148424323511824 ; sf = 911.652284825783
      k =   53 ; sb/Sb = 0 ; sb = 0
      k =   52 ; sb/Sb = 0.0333901970050169 ; sb = 181.107702762748
      k =  344 ; sb/Sb = 0.111077499457851 ; sb = 602.481942601873
      k =  329 ; sb/Sb = 0.188764801910685 ; sb = 1023.856182441
      Creating new point: f = 0.480732666405138
    i = 180 ; sf/Sf = 0.203031800903868 ; sf = 1247.06248145075
      k =   53 ; sb/Sb = 0 ; sb = 0
      k =   52 ; sb/Sb = 0.0333901970050169 ; sb = 181.107702762748
      k =  344 ; sb/Sb = 0.111077499457851 ; sb = 602.481942601873
      k =  329 ; sb/Sb = 0.188764801910685 ; sb = 1023.856182441
      k =  361 ; sb/Sb = 0.266452104363519 ; sb = 1445.23042228012
      Creating new point: f = 0.183646471723546
    i = 99 ; sf/Sf = 0.257639278295911 ; sf = 1582.47267807572
      k =   53 ; sb/Sb = 0 ; sb = 0
      k =   52 ; sb/Sb = 0.0333901970050169 ; sb = 181.107702762748
      k =  344 ; sb/Sb = 0.111077499457851 ; sb = 602.481942601873
      k =  329 ; sb/Sb = 0.188764801910685 ; sb = 1023.856182441
      k =  361 ; sb/Sb = 0.266452104363519 ; sb = 1445.23042228012
      Creating new point: f = 0.886560277041954
    i = 226 ; sf/Sf = 0.366854233079999 ; sf = 2253.29307132566
      k =   53 ; sb/Sb = 0 ; sb = 0
      k =   52 ; sb/Sb = 0.0333901970050169 ; sb = 181.107702762748
      k =  344 ; sb/Sb = 0.111077499457851 ; sb = 602.481942601873
      k =  329 ; sb/Sb = 0.188764801910685 ; sb = 1023.856182441
      k =  361 ; sb/Sb = 0.266452104363519 ; sb = 1445.23042228012
      k =   51 ; sb/Sb = 0.344139406816353 ; sb = 1866.60466211925
      k =  284 ; sb/Sb = 0.396286133581104 ; sb = 2149.44737459386
      Creating new point: f = 0.435594478750676
    i = 307 ; sf/Sf = 0.421461710472042 ; sf = 2588.70326795063
      k =   53 ; sb/Sb = 0 ; sb = 0
      k =   52 ; sb/Sb = 0.0333901970050169 ; sb = 181.107702762748
      k =  344 ; sb/Sb = 0.111077499457851 ; sb = 602.481942601873
      k =  329 ; sb/Sb = 0.188764801910685 ; sb = 1023.856182441
      k =  361 ; sb/Sb = 0.266452104363519 ; sb = 1445.23042228012
      k =   51 ; sb/Sb = 0.344139406816353 ; sb = 1866.60466211925
      k =  284 ; sb/Sb = 0.396286133581104 ; sb = 2149.44737459386
      k =  191 ; sb/Sb = 0.448432860345856 ; sb = 2432.29008706848
      Creating new point: f = 0.482783454549548
    i = 1 ; sf/Sf = 0.476069187864086 ; sf = 2924.11346457559
      k =   53 ; sb/Sb = 0 ; sb = 0
      k =   52 ; sb/Sb = 0.0333901970050169 ; sb = 181.107702762748
      k =  344 ; sb/Sb = 0.111077499457851 ; sb = 602.481942601873
      k =  329 ; sb/Sb = 0.188764801910685 ; sb = 1023.856182441
      k =  361 ; sb/Sb = 0.266452104363519 ; sb = 1445.23042228012
      k =   51 ; sb/Sb = 0.344139406816353 ; sb = 1866.60466211925
      k =  284 ; sb/Sb = 0.396286133581104 ; sb = 2149.44737459386
      k =  191 ; sb/Sb = 0.448432860345856 ; sb = 2432.29008706848
      k =   50 ; sb/Sb = 0.552726313875359 ; sb = 2997.97551201772
      Creating new point: f = 0.264986215174209
    i = 311 ; sf/Sf = 0.530121703012933 ; sf = 3256.11497059627
      k =   53 ; sb/Sb = 0 ; sb = 0
      k =   52 ; sb/Sb = 0.0333901970050169 ; sb = 181.107702762748
      k =  344 ; sb/Sb = 0.111077499457851 ; sb = 602.481942601873
      k =  329 ; sb/Sb = 0.188764801910685 ; sb = 1023.856182441
      k =  361 ; sb/Sb = 0.266452104363519 ; sb = 1445.23042228012
      k =   51 ; sb/Sb = 0.344139406816353 ; sb = 1866.60466211925
      k =  284 ; sb/Sb = 0.396286133581104 ; sb = 2149.44737459386
      k =  191 ; sb/Sb = 0.448432860345856 ; sb = 2432.29008706848
      k =   50 ; sb/Sb = 0.552726313875359 ; sb = 2997.97551201772
      Creating new point: f = 0.78325954221056
    i = 2 ; sf/Sf = 0.584174218161779 ; sf = 3588.11647661696
      k =   53 ; sb/Sb = 0 ; sb = 0
      k =   52 ; sb/Sb = 0.0333901970050169 ; sb = 181.107702762748
      k =  344 ; sb/Sb = 0.111077499457851 ; sb = 602.481942601873
      k =  329 ; sb/Sb = 0.188764801910685 ; sb = 1023.856182441
      k =  361 ; sb/Sb = 0.266452104363519 ; sb = 1445.23042228012
      k =   51 ; sb/Sb = 0.344139406816353 ; sb = 1866.60466211925
      k =  284 ; sb/Sb = 0.396286133581104 ; sb = 2149.44737459386
      k =  191 ; sb/Sb = 0.448432860345856 ; sb = 2432.29008706848
      k =   50 ; sb/Sb = 0.552726313875359 ; sb = 2997.97551201772
      k =  164 ; sb/Sb = 0.626244992442956 ; sb = 3396.73922651542
      Creating new point: f = 0.427753938171043
    i = 352 ; sf/Sf = 0.696417346013158 ; sf = 4277.53652274268
      k =   53 ; sb/Sb = 0 ; sb = 0
      k =   52 ; sb/Sb = 0.0333901970050169 ; sb = 181.107702762748
      k =  344 ; sb/Sb = 0.111077499457851 ; sb = 602.481942601873
      k =  329 ; sb/Sb = 0.188764801910685 ; sb = 1023.856182441
      k =  361 ; sb/Sb = 0.266452104363519 ; sb = 1445.23042228012
      k =   51 ; sb/Sb = 0.344139406816353 ; sb = 1866.60466211925
      k =  284 ; sb/Sb = 0.396286133581104 ; sb = 2149.44737459386
      k =  191 ; sb/Sb = 0.448432860345856 ; sb = 2432.29008706848
      k =   50 ; sb/Sb = 0.552726313875359 ; sb = 2997.97551201772
      k =  164 ; sb/Sb = 0.626244992442956 ; sb = 3396.73922651542
      k =   96 ; sb/Sb = 0.699763671010552 ; sb = 3795.50294101312
      Creating new point: f = 0.954483335900578
    i = 437 ; sf/Sf = 0.752538909938847 ; sf = 4622.24654580555
      k =   53 ; sb/Sb = 0 ; sb = 0
      k =   52 ; sb/Sb = 0.0333901970050169 ; sb = 181.107702762748
      k =  344 ; sb/Sb = 0.111077499457851 ; sb = 602.481942601873
      k =  329 ; sb/Sb = 0.188764801910685 ; sb = 1023.856182441
      k =  361 ; sb/Sb = 0.266452104363519 ; sb = 1445.23042228012
      k =   51 ; sb/Sb = 0.344139406816353 ; sb = 1866.60466211925
      k =  284 ; sb/Sb = 0.396286133581104 ; sb = 2149.44737459386
      k =  191 ; sb/Sb = 0.448432860345856 ; sb = 2432.29008706848
      k =   50 ; sb/Sb = 0.552726313875359 ; sb = 2997.97551201772
      k =  164 ; sb/Sb = 0.626244992442956 ; sb = 3396.73922651542
      k =   96 ; sb/Sb = 0.699763671010552 ; sb = 3795.50294101312
      k =  128 ; sb/Sb = 0.773282349578149 ; sb = 4194.26665551081
      Creating new point: f = 0.717848034765343
    i = 3 ; sf/Sf = 0.808660473864536 ; sf = 4966.95656886841
      k =   53 ; sb/Sb = 0 ; sb = 0
      k =   52 ; sb/Sb = 0.0333901970050169 ; sb = 181.107702762748
      k =  344 ; sb/Sb = 0.111077499457851 ; sb = 602.481942601873
      k =  329 ; sb/Sb = 0.188764801910685 ; sb = 1023.856182441
      k =  361 ; sb/Sb = 0.266452104363519 ; sb = 1445.23042228012
      k =   51 ; sb/Sb = 0.344139406816353 ; sb = 1866.60466211925
      k =  284 ; sb/Sb = 0.396286133581104 ; sb = 2149.44737459386
      k =  191 ; sb/Sb = 0.448432860345856 ; sb = 2432.29008706848
      k =   50 ; sb/Sb = 0.552726313875359 ; sb = 2997.97551201772
      k =  164 ; sb/Sb = 0.626244992442956 ; sb = 3396.73922651542
      k =   96 ; sb/Sb = 0.699763671010552 ; sb = 3795.50294101312
      k =  128 ; sb/Sb = 0.773282349578149 ; sb = 4194.26665551081
      k =   49 ; sb/Sb = 0.846801028145746 ; sb = 4593.03037000851
      Creating new point: f = 0.481212733630114
    i = 431 ; sf/Sf = 0.868987389575661 ; sf = 5337.49671514139
      k =   53 ; sb/Sb = 0 ; sb = 0
      k =   52 ; sb/Sb = 0.0333901970050169 ; sb = 181.107702762748
      k =  344 ; sb/Sb = 0.111077499457851 ; sb = 602.481942601873
      k =  329 ; sb/Sb = 0.188764801910685 ; sb = 1023.856182441
      k =  361 ; sb/Sb = 0.266452104363519 ; sb = 1445.23042228012
      k =   51 ; sb/Sb = 0.344139406816353 ; sb = 1866.60466211925
      k =  284 ; sb/Sb = 0.396286133581104 ; sb = 2149.44737459386
      k =  191 ; sb/Sb = 0.448432860345856 ; sb = 2432.29008706848
      k =   50 ; sb/Sb = 0.552726313875359 ; sb = 2997.97551201772
      k =  164 ; sb/Sb = 0.626244992442956 ; sb = 3396.73922651542
      k =   96 ; sb/Sb = 0.699763671010552 ; sb = 3795.50294101312
      k =  128 ; sb/Sb = 0.773282349578149 ; sb = 4194.26665551081
      k =   49 ; sb/Sb = 0.846801028145746 ; sb = 4593.03037000851
      k =   48 ; sb/Sb = 0.917199109278161 ; sb = 4974.86803184924
      Creating new point: f = 0.315155769490129
    i = 4 ; sf/Sf = 0.929314305286785 ; sf = 5708.03686141437
      k =   53 ; sb/Sb = 0 ; sb = 0
      k =   52 ; sb/Sb = 0.0333901970050169 ; sb = 181.107702762748
      k =  344 ; sb/Sb = 0.111077499457851 ; sb = 602.481942601873
      k =  329 ; sb/Sb = 0.188764801910685 ; sb = 1023.856182441
      k =  361 ; sb/Sb = 0.266452104363519 ; sb = 1445.23042228012
      k =   51 ; sb/Sb = 0.344139406816353 ; sb = 1866.60466211925
      k =  284 ; sb/Sb = 0.396286133581104 ; sb = 2149.44737459386
      k =  191 ; sb/Sb = 0.448432860345856 ; sb = 2432.29008706848
      k =   50 ; sb/Sb = 0.552726313875359 ; sb = 2997.97551201772
      k =  164 ; sb/Sb = 0.626244992442956 ; sb = 3396.73922651542
      k =   96 ; sb/Sb = 0.699763671010552 ; sb = 3795.50294101312
      k =  128 ; sb/Sb = 0.773282349578149 ; sb = 4194.26665551081
      k =   49 ; sb/Sb = 0.846801028145746 ; sb = 4593.03037000851
      k =   48 ; sb/Sb = 0.917199109278161 ; sb = 4974.86803184924
      k =   47 ; sb/Sb = 1 ; sb = 5423.97826330695
    i = 6 ; sf/Sf = 0.929314305286785 ; sf = 5708.03686141437
      k =   53 ; sb/Sb = 0 ; sb = 0
      k =   52 ; sb/Sb = 0.0333901970050169 ; sb = 181.107702762748
      k =  344 ; sb/Sb = 0.111077499457851 ; sb = 602.481942601873
      k =  329 ; sb/Sb = 0.188764801910685 ; sb = 1023.856182441
      k =  361 ; sb/Sb = 0.266452104363519 ; sb = 1445.23042228012
      k =   51 ; sb/Sb = 0.344139406816353 ; sb = 1866.60466211925
      k =  284 ; sb/Sb = 0.396286133581104 ; sb = 2149.44737459386
      k =  191 ; sb/Sb = 0.448432860345856 ; sb = 2432.29008706848
      k =   50 ; sb/Sb = 0.552726313875359 ; sb = 2997.97551201772
      k =  164 ; sb/Sb = 0.626244992442956 ; sb = 3396.73922651542
      k =   96 ; sb/Sb = 0.699763671010552 ; sb = 3795.50294101312
      k =  128 ; sb/Sb = 0.773282349578149 ; sb = 4194.26665551081
      k =   49 ; sb/Sb = 0.846801028145746 ; sb = 4593.03037000851
      k =   48 ; sb/Sb = 0.917199109278161 ; sb = 4974.86803184924
      k =   47 ; sb/Sb = 1 ; sb = 5423.97826330695
      Creating new point: f = 0.146317218365737
Tear 1 : Sf = 1854.64374994968 ; Sb = 2227.30774121586
  Backwards path
    i = 126 ; sf/Sf = 0.198915470922081 ; sf = 368.917334913934
      k =   39 ; sb/Sb = 0 ; sb = 0
      k =  160 ; sb/Sb = 0.244360287584097 ; sb = 544.265560181792
      Creating new point: f = 0.814025359393242
    i = 38 ; sf/Sf = 0.397830941844161 ; sf = 737.834669827869
      k =   39 ; sb/Sb = 0 ; sb = 0
      k =  160 ; sb/Sb = 0.244360287584097 ; sb = 544.265560181792
      k =   40 ; sb/Sb = 0.488720575168194 ; sb = 1088.53112036358
      Creating new point: f = 0.628050718786485
    i = 37 ; sf/Sf = 0.595573724752089 ; sf = 1104.57708624571
      k =   39 ; sb/Sb = 0 ; sb = 0
      k =  160 ; sb/Sb = 0.244360287584097 ; sb = 544.265560181792
      k =   40 ; sb/Sb = 0.488720575168194 ; sb = 1088.53112036358
      k =   70 ; sb/Sb = 0.636711348233552 ; sb = 1418.15211484057
      Creating new point: f = 0.722025754515825
Tear 2 : Sf = 904.267659490264 ; Sb = 928.019999508663
  Backwards path
    i = 171 ; sf/Sf = 0.5 ; sf = 452.133829745132
      k =   33 ; sb/Sb = 0 ; sb = 0
      k =   34 ; sb/Sb = 0.122861083349799 ; sb = 114.017542509914
      k =   35 ; sb/Sb = 1 ; sb = 928.019999508663
      Creating new point: f = 0.429964865873808
Tear 3 : Sf = 1786.89025034193 ; Sb = 1850.31034145711
  Backwards path
    i = 28 ; sf/Sf = 0.203401208797337 ; sf = 363.455636907725
      k =   29 ; sb/Sb = 0 ; sb = 0
      k =  418 ; sb/Sb = 0.202402808979769 ; sb = 374.508010595234
      k =  134 ; sb/Sb = 0.404805617959538 ; sb = 749.016021190468
    i = 26 ; sf/Sf = 0.203401208797337 ; sf = 363.455636907725
      k =   29 ; sb/Sb = 0 ; sb = 0
      k =  418 ; sb/Sb = 0.202402808979769 ; sb = 374.508010595234
      k =  134 ; sb/Sb = 0.404805617959538 ; sb = 749.016021190468
      Creating new point: f = 0.00493273696447602
    i = 90 ; sf/Sf = 0.346666862606246 ; sf = 619.455636907725
      k =   29 ; sb/Sb = 0 ; sb = 0
      k =  418 ; sb/Sb = 0.202402808979769 ; sb = 374.508010595234
      k =  134 ; sb/Sb = 0.404805617959538 ; sb = 749.016021190468
      Creating new point: f = 0.71275717147234
    i = 25 ; sf/Sf = 0.586615976743924 ; sf = 1048.21836953852
      k =   29 ; sb/Sb = 0 ; sb = 0
      k =  418 ; sb/Sb = 0.202402808979769 ; sb = 374.508010595234
      k =  134 ; sb/Sb = 0.404805617959538 ; sb = 749.016021190468
      k =  135 ; sb/Sb = 0.607208426939307 ; sb = 1123.5240317857
      Creating new point: f = 0.898260057263128
    i = 24 ; sf/Sf = 0.802853981094384 ; sf = 1434.61195126576
      k =   29 ; sb/Sb = 0 ; sb = 0
      k =  418 ; sb/Sb = 0.202402808979769 ; sb = 374.508010595234
      k =  134 ; sb/Sb = 0.404805617959538 ; sb = 749.016021190468
      k =  135 ; sb/Sb = 0.607208426939307 ; sb = 1123.5240317857
      k =   30 ; sb/Sb = 0.809611235919076 ; sb = 1498.03204238094
      Creating new point: f = 0.966614816964484
Tear 4 : Sf = 347.850542618522 ; Sb = 441.81444068749
  Backwards path
Tear 5 : Sf = 967.475209720107 ; Sb = 1110.21553583493
  Backwards path
    i = 16 ; sf/Sf = 0.365439224737921 ; sf = 353.553390593274
      k =   17 ; sb/Sb = 0 ; sb = 0
      k =   18 ; sb/Sb = 0.544175684071454 ; sb = 604.152298679729
      Creating new point: f = 0.671546405755859
Tear 6 : Sf = 975.348910479652 ; Sb = 639.531078212779
  Backwards path
    i = 13 ; sf/Sf = 0.21749348574311 ; sf = 212.132034355964
      k =   14 ; sb/Sb = 0 ; sb = 0
      k =  116 ; sb/Sb = 0.599706708991512 ; sb = 383.531078212779
      Creating new point: f = 0.362666420905737
    i = 141 ; sf/Sf = 0.608746742871555 ; sf = 593.740472417808
      k =   14 ; sb/Sb = 0 ; sb = 0
      k =  116 ; sb/Sb = 0.599706708991512 ; sb = 383.531078212779
      k =   15 ; sb/Sb = 1 ; sb = 639.531078212779
      Creating new point: f = 0.022583525837437
Tear 7 : Sf = 465.18813398452 ; Sb = 364.965751817893
  Backwards path
    i = 433 ; sf/Sf = 0.5 ; sf = 232.59406699226
      k =    5 ; sb/Sb = 0 ; sb = 0
      k =    6 ; sb/Sb = 1 ; sb = 364.965751817893
      Creating new point: f = 0.5
Tear 8 : Sf = 5423.97826330695 ; Sb = 6142.20272833621
  Backwards path
    i = 52 ; sf/Sf = 0.0333901970050169 ; sf = 181.107702762748
      k =   53 ; sb/Sb = 0 ; sb = 0
      k =   54 ; sb/Sb = 0.0392093687277369 ; sb = 240.831891575846
      Creating new point: f = 0.851587212150052
    i = 344 ; sf/Sf = 0.111077499457851 ; sf = 602.481942601873
      k =   53 ; sb/Sb = 0 ; sb = 0
      k =   54 ; sb/Sb = 0.0392093687277369 ; sb = 240.831891575846
      k =  108 ; sb/Sb = 0.0938168461197805 ; sb = 576.242088200814
      k =  105 ; sb/Sb = 0.148424323511824 ; sb = 911.652284825783
      Creating new point: f = 0.316085894503987
    i = 329 ; sf/Sf = 0.188764801910685 ; sf = 1023.856182441
      k =   53 ; sb/Sb = 0 ; sb = 0
      k =   54 ; sb/Sb = 0.0392093687277369 ; sb = 240.831891575846
      k =  108 ; sb/Sb = 0.0938168461197805 ; sb = 576.242088200814
      k =  105 ; sb/Sb = 0.148424323511824 ; sb = 911.652284825783
      k =  180 ; sb/Sb = 0.203031800903868 ; sb = 1247.06248145075
      Creating new point: f = 0.738735431949075
    i = 361 ; sf/Sf = 0.266452104363519 ; sf = 1445.23042228012
      k =   53 ; sb/Sb = 0 ; sb = 0
      k =   54 ; sb/Sb = 0.0392093687277369 ; sb = 240.831891575846
      k =  108 ; sb/Sb = 0.0938168461197805 ; sb = 576.242088200814
      k =  105 ; sb/Sb = 0.148424323511824 ; sb = 911.652284825783
      k =  180 ; sb/Sb = 0.203031800903868 ; sb = 1247.06248145075
      k =   99 ; sb/Sb = 0.257639278295911 ; sb = 1582.47267807572
      k =  226 ; sb/Sb = 0.366854233079999 ; sb = 2253.29307132566
      Creating new point: f = 0.0806924846970822
    i = 51 ; sf/Sf = 0.344139406816353 ; sf = 1866.60466211925
      k =   53 ; sb/Sb = 0 ; sb = 0
      k =   54 ; sb/Sb = 0.0392093687277369 ; sb = 240.831891575846
      k =  108 ; sb/Sb = 0.0938168461197805 ; sb = 576.242088200814
      k =  105 ; sb/Sb = 0.148424323511824 ; sb = 911.652284825783
      k =  180 ; sb/Sb = 0.203031800903868 ; sb = 1247.06248145075
      k =   99 ; sb/Sb = 0.257639278295911 ; sb = 1582.47267807572
      k =  226 ; sb/Sb = 0.366854233079999 ; sb = 2253.29307132566
      Creating new point: f = 0.792017253419625
    i = 284 ; sf/Sf = 0.396286133581104 ; sf = 2149.44737459386
      k =   53 ; sb/Sb = 0 ; sb = 0
      k =   54 ; sb/Sb = 0.0392093687277369 ; sb = 240.831891575846
      k =  108 ; sb/Sb = 0.0938168461197805 ; sb = 576.242088200814
      k =  105 ; sb/Sb = 0.148424323511824 ; sb = 911.652284825783
      k =  180 ; sb/Sb = 0.203031800903868 ; sb = 1247.06248145075
      k =   99 ; sb/Sb = 0.257639278295911 ; sb = 1582.47267807572
      k =  226 ; sb/Sb = 0.366854233079999 ; sb = 2253.29307132566
      k =  307 ; sb/Sb = 0.421461710472042 ; sb = 2588.70326795063
      Creating new point: f = 0.53897198527969
    i = 191 ; sf/Sf = 0.448432860345856 ; sf = 2432.29008706848
      k =   53 ; sb/Sb = 0 ; sb = 0
      k =   54 ; sb/Sb = 0.0392093687277369 ; sb = 240.831891575846
      k =  108 ; sb/Sb = 0.0938168461197805 ; sb = 576.242088200814
      k =  105 ; sb/Sb = 0.148424323511824 ; sb = 911.652284825783
      k =  180 ; sb/Sb = 0.203031800903868 ; sb = 1247.06248145075
      k =   99 ; sb/Sb = 0.257639278295911 ; sb = 1582.47267807572
      k =  226 ; sb/Sb = 0.366854233079999 ; sb = 2253.29307132566
      k =  307 ; sb/Sb = 0.421461710472042 ; sb = 2588.70326795063
      k =    1 ; sb/Sb = 0.476069187864086 ; sb = 2924.11346457559
      Creating new point: f = 0.493909463720131
    i = 50 ; sf/Sf = 0.552726313875359 ; sf = 2997.97551201772
      k =   53 ; sb/Sb = 0 ; sb = 0
      k =   54 ; sb/Sb = 0.0392093687277369 ; sb = 240.831891575846
      k =  108 ; sb/Sb = 0.0938168461197805 ; sb = 576.242088200814
      k =  105 ; sb/Sb = 0.148424323511824 ; sb = 911.652284825783
      k =  180 ; sb/Sb = 0.203031800903868 ; sb = 1247.06248145075
      k =   99 ; sb/Sb = 0.257639278295911 ; sb = 1582.47267807572
      k =  226 ; sb/Sb = 0.366854233079999 ; sb = 2253.29307132566
      k =  307 ; sb/Sb = 0.421461710472042 ; sb = 2588.70326795063
      k =    1 ; sb/Sb = 0.476069187864086 ; sb = 2924.11346457559
      k =  311 ; sb/Sb = 0.530121703012933 ; sb = 3256.11497059627
      k =    2 ; sb/Sb = 0.584174218161779 ; sb = 3588.11647661695
      Creating new point: f = 0.418197206923284
    i = 164 ; sf/Sf = 0.626244992442956 ; sf = 3396.73922651542
      k =   53 ; sb/Sb = 0 ; sb = 0
      k =   54 ; sb/Sb = 0.0392093687277369 ; sb = 240.831891575846
      k =  108 ; sb/Sb = 0.0938168461197805 ; sb = 576.242088200814
      k =  105 ; sb/Sb = 0.148424323511824 ; sb = 911.652284825783
      k =  180 ; sb/Sb = 0.203031800903868 ; sb = 1247.06248145075
      k =   99 ; sb/Sb = 0.257639278295911 ; sb = 1582.47267807572
      k =  226 ; sb/Sb = 0.366854233079999 ; sb = 2253.29307132566
      k =  307 ; sb/Sb = 0.421461710472042 ; sb = 2588.70326795063
      k =    1 ; sb/Sb = 0.476069187864086 ; sb = 2924.11346457559
      k =  311 ; sb/Sb = 0.530121703012933 ; sb = 3256.11497059627
      k =    2 ; sb/Sb = 0.584174218161779 ; sb = 3588.11647661695
      k =  352 ; sb/Sb = 0.696417346013158 ; sb = 4277.53652274268
      Creating new point: f = 0.37481826359011
    i = 96 ; sf/Sf = 0.699763671010552 ; sf = 3795.50294101312
      k =   53 ; sb/Sb = 0 ; sb = 0
      k =   54 ; sb/Sb = 0.0392093687277369 ; sb = 240.831891575846
      k =  108 ; sb/Sb = 0.0938168461197805 ; sb = 576.242088200814
      k =  105 ; sb/Sb = 0.148424323511824 ; sb = 911.652284825783
      k =  180 ; sb/Sb = 0.203031800903868 ; sb = 1247.06248145075
      k =   99 ; sb/Sb = 0.257639278295911 ; sb = 1582.47267807572
      k =  226 ; sb/Sb = 0.366854233079999 ; sb = 2253.29307132566
      k =  307 ; sb/Sb = 0.421461710472042 ; sb = 2588.70326795063
      k =    1 ; sb/Sb = 0.476069187864086 ; sb = 2924.11346457559
      k =  311 ; sb/Sb = 0.530121703012933 ; sb = 3256.11497059627
      k =    2 ; sb/Sb = 0.584174218161779 ; sb = 3588.11647661695
      k =  352 ; sb/Sb = 0.696417346013158 ; sb = 4277.53652274268
      k =  437 ; sb/Sb = 0.752538909938847 ; sb = 4622.24654580554
      Creating new point: f = 0.0596263675371815
    i = 128 ; sf/Sf = 0.773282349578149 ; sf = 4194.26665551081
      k =   53 ; sb/Sb = 0 ; sb = 0
      k =   54 ; sb/Sb = 0.0392093687277369 ; sb = 240.831891575846
      k =  108 ; sb/Sb = 0.0938168461197805 ; sb = 576.242088200814
      k =  105 ; sb/Sb = 0.148424323511824 ; sb = 911.652284825783
      k =  180 ; sb/Sb = 0.203031800903868 ; sb = 1247.06248145075
      k =   99 ; sb/Sb = 0.257639278295911 ; sb = 1582.47267807572
      k =  226 ; sb/Sb = 0.366854233079999 ; sb = 2253.29307132566
      k =  307 ; sb/Sb = 0.421461710472042 ; sb = 2588.70326795063
      k =    1 ; sb/Sb = 0.476069187864086 ; sb = 2924.11346457559
      k =  311 ; sb/Sb = 0.530121703012933 ; sb = 3256.11497059627
      k =    2 ; sb/Sb = 0.584174218161779 ; sb = 3588.11647661695
      k =  352 ; sb/Sb = 0.696417346013158 ; sb = 4277.53652274268
      k =  437 ; sb/Sb = 0.752538909938847 ; sb = 4622.24654580554
      k =    3 ; sb/Sb = 0.808660473864536 ; sb = 4966.95656886841
      Creating new point: f = 0.369616207894154
    i = 49 ; sf/Sf = 0.846801028145746 ; sf = 4593.03037000851
      k =   53 ; sb/Sb = 0 ; sb = 0
      k =   54 ; sb/Sb = 0.0392093687277369 ; sb = 240.831891575846
      k =  108 ; sb/Sb = 0.0938168461197805 ; sb = 576.242088200814
      k =  105 ; sb/Sb = 0.148424323511824 ; sb = 911.652284825783
      k =  180 ; sb/Sb = 0.203031800903868 ; sb = 1247.06248145075
      k =   99 ; sb/Sb = 0.257639278295911 ; sb = 1582.47267807572
      k =  226 ; sb/Sb = 0.366854233079999 ; sb = 2253.29307132566
      k =  307 ; sb/Sb = 0.421461710472042 ; sb = 2588.70326795063
      k =    1 ; sb/Sb = 0.476069187864086 ; sb = 2924.11346457559
      k =  311 ; sb/Sb = 0.530121703012933 ; sb = 3256.11497059627
      k =    2 ; sb/Sb = 0.584174218161779 ; sb = 3588.11647661695
      k =  352 ; sb/Sb = 0.696417346013158 ; sb = 4277.53652274268
      k =  437 ; sb/Sb = 0.752538909938847 ; sb = 4622.24654580554
      k =    3 ; sb/Sb = 0.808660473864536 ; sb = 4966.95656886841
      k =  431 ; sb/Sb = 0.868987389575661 ; sb = 5337.49671514139
      Creating new point: f = 0.632231133178532
    i = 48 ; sf/Sf = 0.917199109278161 ; sf = 4974.86803184924
      k =   53 ; sb/Sb = 0 ; sb = 0
      k =   54 ; sb/Sb = 0.0392093687277369 ; sb = 240.831891575846
      k =  108 ; sb/Sb = 0.0938168461197805 ; sb = 576.242088200814
      k =  105 ; sb/Sb = 0.148424323511824 ; sb = 911.652284825783
      k =  180 ; sb/Sb = 0.203031800903868 ; sb = 1247.06248145075
      k =   99 ; sb/Sb = 0.257639278295911 ; sb = 1582.47267807572
      k =  226 ; sb/Sb = 0.366854233079999 ; sb = 2253.29307132566
      k =  307 ; sb/Sb = 0.421461710472042 ; sb = 2588.70326795063
      k =    1 ; sb/Sb = 0.476069187864086 ; sb = 2924.11346457559
      k =  311 ; sb/Sb = 0.530121703012933 ; sb = 3256.11497059627
      k =    2 ; sb/Sb = 0.584174218161779 ; sb = 3588.11647661695
      k =  352 ; sb/Sb = 0.696417346013158 ; sb = 4277.53652274268
      k =  437 ; sb/Sb = 0.752538909938847 ; sb = 4622.24654580554
      k =    3 ; sb/Sb = 0.808660473864536 ; sb = 4966.95656886841
      k =  431 ; sb/Sb = 0.868987389575661 ; sb = 5337.49671514139
      k =    4 ; sb/Sb = 0.929314305286785 ; sb = 5708.03686141436
      Creating new point: f = 0.799174284549234
Triangulating...
[1] "Non-adjacent points in rim connected by line: 60 41"
[1] "In triangle: 123" "In triangle: 125"
[1] "Other points in triangles: 460 456"
[1] "Non-adjacent points in rim connected by line: 62 10"
[1] "In triangle: 844" "In triangle: 847"
[1] "Other points in triangles: 457 458"
[1] "Non-adjacent points in rim connected by line: 64 63"
[1] "In triangle: 849" "In triangle: 935"
[1] "Other points in triangles: 458 459"
[1] "Non-adjacent points in rim connected by line: 68 67"
[1] "In triangle: 135" "In triangle: 140"
[1] "Other points in triangles: 461 460"
[1] "Non-adjacent points in rim connected by line: 508 481"
[1] "In triangle: 225" "In triangle: 446"
[1] "Other points in triangles: 524 15"
Merging points...
Projecting to sphere...
Optimising mapping with FIRE...
E =  0.00253 | E_L =  0.00253 | E_A =  0.00000 |   1 flippped triangles
   rbind.id...which.ft.flipped...A...A.ft.flipped...a...ft.areas.ft.flipped..
id                                                                978.0000000
A                                                                  11.3980360
a                                                                  -0.6493554
E =  0.00208 | E_L =  0.00208 | E_A =  0.00000 |  36 flippped triangles
        phi0    phi0.1    phi0.2    phi0.3    phi0.4    phi0.5    phi0.6
id   26.0000    28.000     39.00    41.000    57.000   69.0000 122.00000
A   527.5805 10022.983  36941.44 17510.083  6008.594  210.5594  11.11075
a  -547.3702 -6780.363 -11644.58 -4277.248 -5101.266 -137.0374 -33.07951
       phi0.7    phi0.8    phi0.9   phi0.10   phi0.11   phi0.12   phi0.13
id  139.00000 140.00000   160.000   230.000   235.000  241.0000   254.000
A    58.10575  12.99004  7593.280  1720.741  5962.891  196.3727  5532.892
a  -118.81212 -12.22031 -7542.336 -1666.662 -4737.339 -133.3078 -4023.382
     phi0.14   phi0.15   phi0.16   phi0.17   phi0.18   phi0.19   phi0.20
id  270.0000  271.0000  280.0000   463.000   545.000    563.00   564.000
A   659.5999  240.0466  931.8693 20502.015  7592.612  32789.44  9891.167
a  -745.1552 -288.6929 -751.3377 -1163.386 -6313.210 -13415.94 -7436.081
     phi0.21   phi0.22   phi0.23   phi0.24   phi0.25   phi0.26   phi0.27
id   565.000   575.000   580.000   584.000   602.000    716.00  720.0000
A   8248.029  6531.538  3474.037  3077.593  3946.604  27770.49  774.0526
a  -4504.499 -2856.717 -3591.050 -2541.415 -3067.221 -12640.20 -308.6702
     phi0.28   phi0.29  phi0.30    phi0.31     phi0.32    phi0.33    phi0.34
id   721.000 810.00000 846.0000 849.000000 933.0000000 935.000000 976.000000
A   1827.115 104.71405 102.3514   8.634336  21.1075658   5.276891   6.289458
a  -2919.897 -31.43139 -30.3504 -10.656081  -0.1589026  -5.264179  -6.694709
     phi0.35
id 980.00000
A   19.57702
a  -19.08240
E =  0.00200 | E_L =  0.00200 | E_A =  0.00000 |  33 flippped triangles
        phi0    phi0.1     phi0.2    phi0.3    phi0.4     phi0.5    phi0.6
id   26.0000    28.000    41.0000    57.000 122.00000  139.00000 140.00000
A   527.5805 10022.983 17510.0826  6008.594  11.11075   58.10575  12.99004
a  -570.8807 -5809.765  -766.5396 -5491.565 -31.57297 -104.27262 -14.40465
      phi0.7    phi0.8    phi0.9   phi0.10   phi0.11    phi0.12    phi0.13
id   160.000   230.000   235.000   254.000  270.0000 276.000000   280.0000
A   7593.280  1720.741  5962.891  5532.892  659.5999   4.596666   931.8693
a  -7089.292 -1652.696 -4940.776 -5195.917 -700.5791  -4.739169 -1006.6666
     phi0.14   phi0.15   phi0.16   phi0.17   phi0.18   phi0.19   phi0.20
id    459.00    463.00   471.000  472.0000   545.000   564.000   580.000
A   23662.10  20502.02  4427.317 4532.0310  7592.612  9891.167  3474.037
a  -20305.57 -17873.17 -1040.996 -522.7665 -6190.271 -7512.608 -4238.395
     phi0.21   phi0.22   phi0.23   phi0.24   phi0.25   phi0.26   phi0.27
id   584.000   602.000   716.000  720.0000   721.000 810.00000 846.00000
A   3077.593  3946.604 27770.486  774.0526  1827.115 104.71405 102.35138
a  -2663.001 -3105.474  -299.083 -248.6577 -3397.084 -87.22684 -44.97966
      phi0.28   phi0.29    phi0.30    phi0.31   phi0.32
id 849.000000 933.00000 935.000000 976.000000 980.00000
A    8.634336  21.10757   5.276891   6.289458  19.57702
a   -9.983047 -64.32858  -6.921621  -5.820686 -26.05362
E =  0.00187 | E_L =  0.00187 | E_A =  0.00000 |  30 flippped triangles
        phi0    phi0.1    phi0.2    phi0.3     phi0.4    phi0.5    phi0.6
id   26.0000    28.000    57.000 122.00000  139.00000 140.00000   160.000
A   527.5805 10022.983  6008.594  11.11075   58.10575  12.99004  7593.280
a  -565.6598 -6433.161 -5775.403 -26.88587 -106.87284 -13.02690 -7233.529
      phi0.7    phi0.8    phi0.9   phi0.10    phi0.11   phi0.12   phi0.13
id   230.000   235.000   254.000  270.0000 276.000000  280.0000    459.00
A   1720.741  5962.891  5532.892  659.5999   4.596666  931.8693  23662.10
a  -1634.981 -5009.435 -4792.453 -712.2066  -4.686445 -960.6378 -21221.62
     phi0.14   phi0.15   phi0.16   phi0.17   phi0.18   phi0.19   phi0.20
id    463.00   545.000   564.000   580.000   584.000   602.000   716.000
A   20502.02  7592.612  9891.167  3474.037  3077.593  3946.604 27770.486
a  -18525.57 -5349.000 -6414.137 -4122.209 -2602.013 -3008.422 -2592.353
     phi0.21   phi0.22   phi0.23   phi0.24    phi0.25   phi0.26    phi0.27
id  720.0000   721.000 810.00000 846.00000 849.000000 933.00000 935.000000
A   774.0526  1827.115 104.71405 102.35138   8.634336  21.10757   5.276891
a  -279.5334 -3468.981 -77.35223 -18.93508  -9.941726 -54.69511  -6.911398
      phi0.28   phi0.29
id 976.000000 980.00000
A    6.289458  19.57702
a   -9.119066 -24.93069
E =  0.00183 | E_L =  0.00183 | E_A =  0.00000 |  33 flippped triangles
        phi0    phi0.1     phi0.2    phi0.3    phi0.4     phi0.5    phi0.6
id   26.0000    28.000    41.0000    57.000 122.00000  139.00000 140.00000
A   527.5805 10022.983 17510.0826  6008.594  11.11075   58.10575  12.99004
a  -572.7161 -5956.047  -149.2797 -5511.335 -30.38559 -103.29245 -13.23957
      phi0.7    phi0.8    phi0.9   phi0.10   phi0.11    phi0.12   phi0.13
id   160.000   230.000   235.000   254.000  270.0000 276.000000  280.0000
A   7593.280  1720.741  5962.891  5532.892  659.5999   4.596666  931.8693
a  -7037.208 -1622.983 -4822.217 -5100.872 -703.0816  -4.936262 -998.3732
     phi0.14   phi0.15   phi0.16   phi0.17   phi0.18   phi0.19   phi0.20
id    459.00    463.00   471.000   472.000   545.000   564.000   580.000
A   23662.10  20502.02  4427.317  4532.031  7592.612  9891.167  3474.037
a  -20866.57 -18451.92 -1709.388 -1299.752 -5684.598 -6954.943 -4230.757
     phi0.21   phi0.22  phi0.23   phi0.24   phi0.25  phi0.26   phi0.27
id   584.000   602.000   716.00  720.0000   721.000 810.0000 846.00000
A   3077.593  3946.604 27770.49  774.0526  1827.115 104.7141 102.35138
a  -2604.116 -3066.986 -1722.50 -230.7073 -3408.450 -90.8232 -28.94194
      phi0.28   phi0.29    phi0.30    phi0.31   phi0.32
id 849.000000 933.00000 935.000000 976.000000 980.00000
A    8.634336  21.10757   5.276891   6.289458  19.57702
a   -9.825359 -55.11098  -6.773499  -3.396919 -25.16948
E =  0.00183 | E_L =  0.00183 | E_A =  0.00000 |  32 flippped triangles
        phi0    phi0.1    phi0.2    phi0.3     phi0.4    phi0.5    phi0.6
id   26.0000    28.000    57.000 122.00000  139.00000 140.00000   160.000
A   527.5805 10022.983  6008.594  11.11075   58.10575  12.99004  7593.280
a  -573.3780 -6447.437 -5519.389 -30.22048 -105.87961 -14.07998 -6996.203
      phi0.7    phi0.8    phi0.9   phi0.10    phi0.11   phi0.12   phi0.13
id   230.000   235.000   254.000  270.0000 276.000000  280.0000    459.00
A   1720.741  5962.891  5532.892  659.5999   4.596666  931.8693  23662.10
a  -1607.326 -4886.892 -5199.297 -688.9867  -4.639084 -958.2301 -20617.04
     phi0.14   phi0.15   phi0.16   phi0.17   phi0.18   phi0.19   phi0.20
id    463.00  471.0000  472.0000   545.000   564.000   580.000   584.000
A   20502.02 4427.3170 4532.0310  7592.612  9891.167  3474.037  3077.593
a  -18135.06 -877.9358 -406.2957 -5441.344 -6625.199 -4288.925 -2529.445
     phi0.21   phi0.22   phi0.23   phi0.24   phi0.25   phi0.26    phi0.27
id   602.000   716.000  720.0000   721.000 810.00000 846.00000 849.000000
A   3946.604 27770.486  774.0526  1827.115 104.71405 102.35138   8.634336
a  -2985.975 -1215.001 -279.6796 -3408.373 -85.15487 -43.43126  -9.863688
     phi0.28    phi0.29    phi0.30   phi0.31
id 933.00000 935.000000 976.000000 980.00000
A   21.10757   5.276891   6.289458  19.57702
a  -63.16957  -6.807651  -6.632535 -25.52210
FIRE:  10  stops.  8 hits of maxmove.  0 hits of dtmax.
Frms = 8.82118220133449e-06; Ftanrms = 8.82093227352807e-06
E =  0.00312 | E_L =  0.00312 | E_A =  0.00000 |   0 flippped triangles
E =  0.00211 | E_L =  0.00210 | E_A =  0.00001 |   0 flippped triangles
E =  0.00205 | E_L =  0.00205 | E_A =  0.00000 |   0 flippped triangles
E =  0.00205 | E_L =  0.00205 | E_A =  0.00000 |   0 flippped triangles
Optimising mapping with BFGS...
E =  0.00205 | E_L =  0.00205 | E_A =  0.00000 |   0 flippped triangles
Transforming image...
Mapping optimised. Error: 0.002050789 ; 0 flipped triangles.
Inferring coordinates of datapoints
Inferring coordinates of landmarks
Mapping optimised. Error: 0.002050789 ; 0 flipped triangles. OD displacement: 8.064097 degrees.
Computing Kernel Density estimates of datapoints

[1] 0.725
Saving adult_retina/data/CD-1/GMA547/R-CONTRA/r.mat
