[1] "Adding old segment 1"
[1] "Storing new segment 1"
[1] "Adding old segment 2"
[1] "Adding old segment 6"
[1] "Adding old segment 3"
[1] "Adding old segment 5"
[1] "Adding old segment 4"
[1] "Adding old segment 7"
[1] "Adding old segment 8"
[1] "Adding old segment 9"
[1] "Adding old segment 10"
[1] "Storing new segment 2"
simplify.outline: Removing vertex 1
simplify.outline: Removing vertex 49
simplify.outline: Removing vertex 56
simplify.outline: Removing vertex 67
Triangulating...
[1] "Non-adjacent points in rim connected by line: 22 19"
[1] "In triangle: 20" "In triangle: 24"
[1] "Other points in triangles: 23 20"
[1] "Non-adjacent points in rim connected by line: 22 20"
[1] "In triangle: 24" "In triangle: 26"
[1] "Other points in triangles: 451 21"
[1] "Non-adjacent points in rim connected by line: 23 18"
[1] "In triangle: 13" "In triangle: 25"
[1] "Other points in triangles: 24 19"
[1] "Non-adjacent points in rim connected by line: 23 19"
[1] "In triangle: 25"  "In triangle: 795"
[1] "Other points in triangles: 453 451"
[1] "Non-adjacent points in rim connected by line: 24 17"
[1] "In triangle: 12"  "In triangle: 117"
[1] "Other points in triangles: 18 119"
[1] "Non-adjacent points in rim connected by line: 24 18"
[1] "In triangle: 12"  "In triangle: 799"
[1] "Other points in triangles: 455 453"
[1] "Non-adjacent points in rim connected by line: 55 53"
[1] "In triangle: 142" "In triangle: 152"
[1] "Other points in triangles: 54 98"
Stitching...
Tear 1 child of rim
Tear 2 child of rim
Tear 3 child of rim
Tear 4 child of rim
Tear 5 child of backward side of tear 4
Tear 1 : Sf = 4019.71477427338 ; Sb = 4219.40917403156
  Forwards path
    i = 4 ; sf/Sf = 0.0999129876405381 ; sf = 401.621712560464
      k =    3 ; sb/Sb = 0 ; sb = 0
      k =    2 ; sb/Sb = 0.0901846529013502 ; sb = 380.525951808809
      k =    1 ; sb/Sb = 0.131574924563215 ; sb = 555.168443774539
      Creating new point: f = 0.235039161343588
    i = 5 ; sf/Sf = 0.222798214366215 ; sf = 895.585273969603
      k =    3 ; sb/Sb = 0 ; sb = 0
      k =    2 ; sb/Sb = 0.0901846529013502 ; sb = 380.525951808809
      k =    1 ; sb/Sb = 0.131574924563215 ; sb = 555.168443774539
      k =   80 ; sb/Sb = 0.247414359951981 ; sb = 1043.94242016854
      Creating new point: f = 0.787497707467653
    i = 6 ; sf/Sf = 0.297347404570787 ; sf = 1195.25175524504
      k =    3 ; sb/Sb = 0 ; sb = 0
      k =    2 ; sb/Sb = 0.0901846529013502 ; sb = 380.525951808809
      k =    1 ; sb/Sb = 0.131574924563215 ; sb = 555.168443774539
      k =   80 ; sb/Sb = 0.247414359951981 ; sb = 1043.94242016854
      k =   79 ; sb/Sb = 0.368539681646938 ; sb = 1555.01971373576
      Creating new point: f = 0.41224282354897
    i = 178 ; sf/Sf = 0.380239888326965 ; sf = 1528.45589687596
      k =    3 ; sb/Sb = 0 ; sb = 0
      k =    2 ; sb/Sb = 0.0901846529013502 ; sb = 380.525951808809
      k =    1 ; sb/Sb = 0.131574924563215 ; sb = 555.168443774539
      k =   80 ; sb/Sb = 0.247414359951981 ; sb = 1043.94242016854
      k =   79 ; sb/Sb = 0.368539681646938 ; sb = 1555.01971373576
      k =  241 ; sb/Sb = 0.476628314730107 ; sb = 2011.08988377542
      Creating new point: f = 0.108246411729753
    i = 7 ; sf/Sf = 0.463132372083143 ; sf = 1861.66003850688
      k =    3 ; sb/Sb = 0 ; sb = 0
      k =    2 ; sb/Sb = 0.0901846529013502 ; sb = 380.525951808809
      k =    1 ; sb/Sb = 0.131574924563215 ; sb = 555.168443774539
      k =   80 ; sb/Sb = 0.247414359951981 ; sb = 1043.94242016854
      k =   79 ; sb/Sb = 0.368539681646938 ; sb = 1555.01971373576
      k =  241 ; sb/Sb = 0.476628314730107 ; sb = 2011.08988377542
      Creating new point: f = 0.875140037744949
    i = 246 ; sf/Sf = 0.536108396341102 ; sf = 2155.00284138433
      k =    3 ; sb/Sb = 0 ; sb = 0
      k =    2 ; sb/Sb = 0.0901846529013502 ; sb = 380.525951808809
      k =    1 ; sb/Sb = 0.131574924563215 ; sb = 555.168443774539
      k =   80 ; sb/Sb = 0.247414359951981 ; sb = 1043.94242016854
      k =   79 ; sb/Sb = 0.368539681646938 ; sb = 1555.01971373576
      k =  241 ; sb/Sb = 0.476628314730107 ; sb = 2011.08988377542
      k =   78 ; sb/Sb = 0.584716947813276 ; sb = 2467.16005381507
      Creating new point: f = 0.550289886312355
    i = 8 ; sf/Sf = 0.609084420599062 ; sf = 2448.34564426179
      k =    3 ; sb/Sb = 0 ; sb = 0
      k =    2 ; sb/Sb = 0.0901846529013502 ; sb = 380.525951808809
      k =    1 ; sb/Sb = 0.131574924563215 ; sb = 555.168443774539
      k =   80 ; sb/Sb = 0.247414359951981 ; sb = 1043.94242016854
      k =   79 ; sb/Sb = 0.368539681646938 ; sb = 1555.01971373576
      k =  241 ; sb/Sb = 0.476628314730107 ; sb = 2011.08988377542
      k =   78 ; sb/Sb = 0.584716947813276 ; sb = 2467.16005381507
      k =  153 ; sb/Sb = 0.690772795503847 ; sb = 2914.65307052036
      Creating new point: f = 0.2297607658267
    i = 9 ; sf/Sf = 0.718375173152317 ; sf = 2887.66329699156
      k =    3 ; sb/Sb = 0 ; sb = 0
      k =    2 ; sb/Sb = 0.0901846529013502 ; sb = 380.525951808809
      k =    1 ; sb/Sb = 0.131574924563215 ; sb = 555.168443774539
      k =   80 ; sb/Sb = 0.247414359951981 ; sb = 1043.94242016854
      k =   79 ; sb/Sb = 0.368539681646938 ; sb = 1555.01971373576
      k =  241 ; sb/Sb = 0.476628314730107 ; sb = 2011.08988377542
      k =   78 ; sb/Sb = 0.584716947813276 ; sb = 2467.16005381507
      k =  153 ; sb/Sb = 0.690772795503847 ; sb = 2914.65307052036
      k =   77 ; sb/Sb = 0.796828643194418 ; sb = 3362.14608722565
      Creating new point: f = 0.260262665845666
    i = 243 ; sf/Sf = 0.816009013139074 ; sf = 3280.12348605537
      k =    3 ; sb/Sb = 0 ; sb = 0
      k =    2 ; sb/Sb = 0.0901846529013502 ; sb = 380.525951808809
      k =    1 ; sb/Sb = 0.131574924563215 ; sb = 555.168443774539
      k =   80 ; sb/Sb = 0.247414359951981 ; sb = 1043.94242016854
      k =   79 ; sb/Sb = 0.368539681646938 ; sb = 1555.01971373576
      k =  241 ; sb/Sb = 0.476628314730107 ; sb = 2011.08988377542
      k =   78 ; sb/Sb = 0.584716947813276 ; sb = 2467.16005381507
      k =  153 ; sb/Sb = 0.690772795503847 ; sb = 2914.65307052036
      k =   77 ; sb/Sb = 0.796828643194418 ; sb = 3362.14608722565
      k =  116 ; sb/Sb = 0.898414321597209 ; sb = 3790.77763062861
      Creating new point: f = 0.188809783487437
    i = 10 ; sf/Sf = 0.91364285312583 ; sf = 3672.58367511918
      k =    3 ; sb/Sb = 0 ; sb = 0
      k =    2 ; sb/Sb = 0.0901846529013502 ; sb = 380.525951808809
      k =    1 ; sb/Sb = 0.131574924563215 ; sb = 555.168443774539
      k =   80 ; sb/Sb = 0.247414359951981 ; sb = 1043.94242016854
      k =   79 ; sb/Sb = 0.368539681646938 ; sb = 1555.01971373576
      k =  241 ; sb/Sb = 0.476628314730107 ; sb = 2011.08988377542
      k =   78 ; sb/Sb = 0.584716947813276 ; sb = 2467.16005381507
      k =  153 ; sb/Sb = 0.690772795503847 ; sb = 2914.65307052036
      k =   77 ; sb/Sb = 0.796828643194418 ; sb = 3362.14608722565
      k =  116 ; sb/Sb = 0.898414321597209 ; sb = 3790.77763062861
      k =   76 ; sb/Sb = 1 ; sb = 4219.40917403156
      Creating new point: f = 0.149908252502281
Tear 2 : Sf = 2217.69008791357 ; Sb = 1956.26156433297
  Forwards path
    i = 64 ; sf/Sf = 0.0544848265294022 ; sf = 120.830459735946
      k =   63 ; sb/Sb = 0 ; sb = 0
      k =   62 ; sb/Sb = 0.0726521987789398 ; sb = 142.126704035519
      Creating new point: f = 0.749940503455156
    i = 65 ; sf/Sf = 0.190135962262643 ; sf = 421.662638865772
      k =   63 ; sb/Sb = 0 ; sb = 0
      k =   62 ; sb/Sb = 0.0726521987789398 ; sb = 142.126704035519
      k =   61 ; sb/Sb = 0.318550062133551 ; sb = 623.167242867747
      Creating new point: f = 0.477774641393604
    i = 66 ; sf/Sf = 0.507834364754578 ; sf = 1126.21923701811
      k =   63 ; sb/Sb = 0 ; sb = 0
      k =   62 ; sb/Sb = 0.0726521987789398 ; sb = 142.126704035519
      k =   61 ; sb/Sb = 0.318550062133551 ; sb = 623.167242867747
      k =   60 ; sb/Sb = 0.49030927800446 ; sb = 959.173195195975
      k =   59 ; sb/Sb = 0.620634884931451 ; sb = 1214.12417087561
      Creating new point: f = 0.134471552930771
    i = 165 ; sf/Sf = 0.689829461189324 ; sf = 1529.82795843032
      k =   63 ; sb/Sb = 0 ; sb = 0
      k =   62 ; sb/Sb = 0.0726521987789398 ; sb = 142.126704035519
      k =   61 ; sb/Sb = 0.318550062133551 ; sb = 623.167242867747
      k =   60 ; sb/Sb = 0.49030927800446 ; sb = 959.173195195975
      k =   59 ; sb/Sb = 0.620634884931451 ; sb = 1214.12417087561
      k =   58 ; sb/Sb = 0.859635025621665 ; sb = 1681.67095997805
      Creating new point: f = 0.289516885044689
    i = 67 ; sf/Sf = 0.87182455762407 ; sf = 1933.43667984254
      k =   63 ; sb/Sb = 0 ; sb = 0
      k =   62 ; sb/Sb = 0.0726521987789398 ; sb = 142.126704035519
      k =   61 ; sb/Sb = 0.318550062133551 ; sb = 623.167242867747
      k =   60 ; sb/Sb = 0.49030927800446 ; sb = 959.173195195975
      k =   59 ; sb/Sb = 0.620634884931451 ; sb = 1214.12417087561
      k =   58 ; sb/Sb = 0.859635025621665 ; sb = 1681.67095997805
      k =   57 ; sb/Sb = 1 ; sb = 1956.26156433297
      Creating new point: f = 0.0868416929251165
Tear 3 : Sf = 2864.59747027841 ; Sb = 2543.64646132721
  Forwards path
    i = 46 ; sf/Sf = 0.0444317995579352 ; sf = 127.279220613579
      k =   45 ; sb/Sb = 0 ; sb = 0
      k =   44 ; sb/Sb = 0.0594923318963347 ; sb = 151.327459504216
      Creating new point: f = 0.746849184452168
    i = 47 ; sf/Sf = 0.124036381837227 ; sf = 355.314305633406
      k =   45 ; sb/Sb = 0 ; sb = 0
      k =   44 ; sb/Sb = 0.0594923318963347 ; sb = 151.327459504216
      k =   43 ; sb/Sb = 0.131662580512989 ; sb = 334.903057011074
      Creating new point: f = 0.894330436406414
    i = 48 ; sf/Sf = 0.245617685653539 ; sf = 703.595800978766
      k =   45 ; sb/Sb = 0 ; sb = 0
      k =   44 ; sb/Sb = 0.0594923318963347 ; sb = 151.327459504216
      k =   43 ; sb/Sb = 0.131662580512989 ; sb = 334.903057011074
      k =   42 ; sb/Sb = 0.191154912409324 ; sb = 486.230516515289
      k =   41 ; sb/Sb = 0.329648332950306 ; sb = 838.50881559146
      Creating new point: f = 0.3932517012828
    i = 49 ; sf/Sf = 0.383319985037328 ; sf = 1098.05745944509
      k =   45 ; sb/Sb = 0 ; sb = 0
      k =   44 ; sb/Sb = 0.0594923318963347 ; sb = 151.327459504216
      k =   43 ; sb/Sb = 0.131662580512989 ; sb = 334.903057011074
      k =   42 ; sb/Sb = 0.191154912409324 ; sb = 486.230516515289
      k =   41 ; sb/Sb = 0.329648332950306 ; sb = 838.50881559146
      k =   40 ; sb/Sb = 0.426745859850998 ; sb = 1085.49059629603
      Creating new point: f = 0.552760238084284
    i = 50 ; sf/Sf = 0.46629753736233 ; sf = 1335.75474592518
      k =   45 ; sb/Sb = 0 ; sb = 0
      k =   44 ; sb/Sb = 0.0594923318963347 ; sb = 151.327459504216
      k =   43 ; sb/Sb = 0.131662580512989 ; sb = 334.903057011074
      k =   42 ; sb/Sb = 0.191154912409324 ; sb = 486.230516515289
      k =   41 ; sb/Sb = 0.329648332950306 ; sb = 838.50881559146
      k =   40 ; sb/Sb = 0.426745859850998 ; sb = 1085.49059629603
      k =   39 ; sb/Sb = 0.576189409477239 ; sb = 1465.62215247099
      Creating new point: f = 0.264659649815937
    i = 51 ; sf/Sf = 0.576689230889206 ; sf = 1651.98251194202
      k =   45 ; sb/Sb = 0 ; sb = 0
      k =   44 ; sb/Sb = 0.0594923318963347 ; sb = 151.327459504216
      k =   43 ; sb/Sb = 0.131662580512989 ; sb = 334.903057011074
      k =   42 ; sb/Sb = 0.191154912409324 ; sb = 486.230516515289
      k =   41 ; sb/Sb = 0.329648332950306 ; sb = 838.50881559146
      k =   40 ; sb/Sb = 0.426745859850998 ; sb = 1085.49059629603
      k =   39 ; sb/Sb = 0.576189409477239 ; sb = 1465.62215247099
      k =   38 ; sb/Sb = 0.804140726371502 ; sb = 2045.44971304396
      Creating new point: f = 0.00219266735887572
    i = 52 ; sf/Sf = 0.636443674388592 ; sf = 1823.15493962826
      k =   45 ; sb/Sb = 0 ; sb = 0
      k =   44 ; sb/Sb = 0.0594923318963347 ; sb = 151.327459504216
      k =   43 ; sb/Sb = 0.131662580512989 ; sb = 334.903057011074
      k =   42 ; sb/Sb = 0.191154912409324 ; sb = 486.230516515289
      k =   41 ; sb/Sb = 0.329648332950306 ; sb = 838.50881559146
      k =   40 ; sb/Sb = 0.426745859850998 ; sb = 1085.49059629603
      k =   39 ; sb/Sb = 0.576189409477239 ; sb = 1465.62215247099
      k =   38 ; sb/Sb = 0.804140726371502 ; sb = 2045.44971304396
      Creating new point: f = 0.264329531990827
    i = 133 ; sf/Sf = 0.788497964045251 ; sf = 2258.7292731237
      k =   45 ; sb/Sb = 0 ; sb = 0
      k =   44 ; sb/Sb = 0.0594923318963347 ; sb = 151.327459504216
      k =   43 ; sb/Sb = 0.131662580512989 ; sb = 334.903057011074
      k =   42 ; sb/Sb = 0.191154912409324 ; sb = 486.230516515289
      k =   41 ; sb/Sb = 0.329648332950306 ; sb = 838.50881559146
      k =   40 ; sb/Sb = 0.426745859850998 ; sb = 1085.49059629603
      k =   39 ; sb/Sb = 0.576189409477239 ; sb = 1465.62215247099
      k =   38 ; sb/Sb = 0.804140726371502 ; sb = 2045.44971304396
      Creating new point: f = 0.931376740703335
    i = 53 ; sf/Sf = 0.940552253701909 ; sf = 2694.30360661914
      k =   45 ; sb/Sb = 0 ; sb = 0
      k =   44 ; sb/Sb = 0.0594923318963347 ; sb = 151.327459504216
      k =   43 ; sb/Sb = 0.131662580512989 ; sb = 334.903057011074
      k =   42 ; sb/Sb = 0.191154912409324 ; sb = 486.230516515289
      k =   41 ; sb/Sb = 0.329648332950306 ; sb = 838.50881559146
      k =   40 ; sb/Sb = 0.426745859850998 ; sb = 1085.49059629603
      k =   39 ; sb/Sb = 0.576189409477239 ; sb = 1465.62215247099
      k =   38 ; sb/Sb = 0.804140726371502 ; sb = 2045.44971304396
      k =   37 ; sb/Sb = 1 ; sb = 2543.64646132721
      Creating new point: f = 0.69647724513239
Tear 4 : Sf = 1969.95917025027 ; Sb = 1847.19519054276
  Forwards path
    i = 28 ; sf/Sf = 0.166513293417884 ; sf = 328.024389337134
      k =   27 ; sb/Sb = 0 ; sb = 0
      k =   20 ; sb/Sb = 0 ; sb = 0
      k =   19 ; sb/Sb = 0.190709839912836 ; sb = 352.278299076171
      Creating new point: f = 0.873123764846054
    i = 29 ; sf/Sf = 0.465107119968807 ; sf = 916.242036131244
      k =   27 ; sb/Sb = 0 ; sb = 0
      k =   20 ; sb/Sb = 0 ; sb = 0
      k =   19 ; sb/Sb = 0.190709839912836 ; sb = 352.278299076171
      k =   18 ; sb/Sb = 0.322872977606445 ; sb = 596.409411390845
      k =   17 ; sb/Sb = 0.490782275970459 ; sb = 906.570659776261
      Creating new point: f = 0.847089135314053
    i = 30 ; sf/Sf = 0.612667963596872 ; sf = 1206.93087320622
      k =   27 ; sb/Sb = 0 ; sb = 0
      k =   20 ; sb/Sb = 0 ; sb = 0
      k =   19 ; sb/Sb = 0.190709839912836 ; sb = 352.278299076171
      k =   18 ; sb/Sb = 0.322872977606445 ; sb = 596.409411390845
      k =   17 ; sb/Sb = 0.490782275970459 ; sb = 906.570659776261
      k =   16 ; sb/Sb = 0.619462389310431 ; sb = 1144.26794625636
      Creating new point: f = 0.947199100644177
    i = 31 ; sf/Sf = 0.787485549846996 ; sf = 1551.31438036067
      k =   27 ; sb/Sb = 0 ; sb = 0
      k =   20 ; sb/Sb = 0 ; sb = 0
      k =   19 ; sb/Sb = 0.190709839912836 ; sb = 352.278299076171
      k =   18 ; sb/Sb = 0.322872977606445 ; sb = 596.409411390845
      k =   17 ; sb/Sb = 0.490782275970459 ; sb = 906.570659776261
      k =   16 ; sb/Sb = 0.619462389310431 ; sb = 1144.26794625636
      k =   15 ; sb/Sb = 0.83849639749448 ; sb = 1548.86651273923
      Creating new point: f = 0.767109920188191
    i = 32 ; sf/Sf = 0.837480788075944 ; sf = 1649.80295837863
      k =   27 ; sb/Sb = 0 ; sb = 0
      k =   20 ; sb/Sb = 0 ; sb = 0
      k =   19 ; sb/Sb = 0.190709839912836 ; sb = 352.278299076171
      k =   18 ; sb/Sb = 0.322872977606445 ; sb = 596.409411390845
      k =   17 ; sb/Sb = 0.490782275970459 ; sb = 906.570659776261
      k =   16 ; sb/Sb = 0.619462389310431 ; sb = 1144.26794625636
      k =   15 ; sb/Sb = 0.83849639749448 ; sb = 1548.86651273923
      Creating new point: f = 0.995363234107084
Tear 5 : Sf = 672.370073430038 ; Sb = 645.150956409802
  Forwards path
    i = 25 ; sf/Sf = 0.499733652055814 ; sf = 336.005952328229
      k =   24 ; sb/Sb = 0 ; sb = 0
      k =   23 ; sb/Sb = 0.256574762740216 ; sb = 165.529453572468
      k =   22 ; sb/Sb = 0.442577742054992 ; sb = 285.529453572468
      k =   21 ; sb/Sb = 0.653403911862229 ; sb = 421.544158659823
      Creating new point: f = 0.271104436669704
    i = 26 ; sf/Sf = 0.673814866750708 ; sf = 453.052951435425
      k =   24 ; sb/Sb = 0 ; sb = 0
      k =   23 ; sb/Sb = 0.256574762740216 ; sb = 165.529453572468
      k =   22 ; sb/Sb = 0.442577742054992 ; sb = 285.529453572468
      k =   21 ; sb/Sb = 0.653403911862229 ; sb = 421.544158659823
      k =   20 ; sb/Sb = 1 ; sb = 645.150956409802
      Creating new point: f = 0.058889743961466
Tear 1 : Sf = 4219.40917403156 ; Sb = 4019.71477427338
  Backwards path
    i = 2 ; sf/Sf = 0.0901846529013501 ; sf = 380.525951808809
      k =    3 ; sb/Sb = 0 ; sb = 0
      k =    4 ; sb/Sb = 0.0999129876405381 ; sb = 401.621712560464
      Creating new point: f = 0.902631930353359
    i = 1 ; sf/Sf = 0.131574924563215 ; sf = 555.168443774539
      k =    3 ; sb/Sb = 0 ; sb = 0
      k =    4 ; sb/Sb = 0.0999129876405381 ; sb = 401.621712560464
      k =    5 ; sb/Sb = 0.222798214366215 ; sb = 895.585273969603
      Creating new point: f = 0.257654542912282
    i = 80 ; sf/Sf = 0.247414359951981 ; sf = 1043.94242016854
      k =    3 ; sb/Sb = 0 ; sb = 0
      k =    4 ; sb/Sb = 0.0999129876405381 ; sb = 401.621712560464
      k =    5 ; sb/Sb = 0.222798214366215 ; sb = 895.585273969603
      k =    6 ; sb/Sb = 0.297347404570787 ; sb = 1195.25175524504
      Creating new point: f = 0.330200039976503
    i = 79 ; sf/Sf = 0.368539681646938 ; sf = 1555.01971373576
      k =    3 ; sb/Sb = 0 ; sb = 0
      k =    4 ; sb/Sb = 0.0999129876405381 ; sb = 401.621712560464
      k =    5 ; sb/Sb = 0.222798214366215 ; sb = 895.585273969603
      k =    6 ; sb/Sb = 0.297347404570787 ; sb = 1195.25175524504
      k =  178 ; sb/Sb = 0.380239888326965 ; sb = 1528.45589687596
      Creating new point: f = 0.858850813127493
    i = 241 ; sf/Sf = 0.476628314730107 ; sf = 2011.08988377542
      k =    3 ; sb/Sb = 0 ; sb = 0
      k =    4 ; sb/Sb = 0.0999129876405381 ; sb = 401.621712560464
      k =    5 ; sb/Sb = 0.222798214366215 ; sb = 895.585273969603
      k =    6 ; sb/Sb = 0.297347404570787 ; sb = 1195.25175524504
      k =  178 ; sb/Sb = 0.380239888326965 ; sb = 1528.45589687596
      k =    7 ; sb/Sb = 0.463132372083143 ; sb = 1861.66003850688
      k =  246 ; sb/Sb = 0.536108396341102 ; sb = 2155.00284138433
      Creating new point: f = 0.184936666311916
    i = 78 ; sf/Sf = 0.584716947813276 ; sf = 2467.16005381507
      k =    3 ; sb/Sb = 0 ; sb = 0
      k =    4 ; sb/Sb = 0.0999129876405381 ; sb = 401.621712560464
      k =    5 ; sb/Sb = 0.222798214366215 ; sb = 895.585273969603
      k =    6 ; sb/Sb = 0.297347404570787 ; sb = 1195.25175524504
      k =  178 ; sb/Sb = 0.380239888326965 ; sb = 1528.45589687596
      k =    7 ; sb/Sb = 0.463132372083143 ; sb = 1861.66003850688
      k =  246 ; sb/Sb = 0.536108396341102 ; sb = 2155.00284138433
      k =    8 ; sb/Sb = 0.609084420599062 ; sb = 2448.34564426179
      Creating new point: f = 0.66608933504448
    i = 153 ; sf/Sf = 0.690772795503847 ; sf = 2914.65307052036
      k =    3 ; sb/Sb = 0 ; sb = 0
      k =    4 ; sb/Sb = 0.0999129876405381 ; sb = 401.621712560464
      k =    5 ; sb/Sb = 0.222798214366215 ; sb = 895.585273969603
      k =    6 ; sb/Sb = 0.297347404570787 ; sb = 1195.25175524504
      k =  178 ; sb/Sb = 0.380239888326965 ; sb = 1528.45589687596
      k =    7 ; sb/Sb = 0.463132372083143 ; sb = 1861.66003850688
      k =  246 ; sb/Sb = 0.536108396341102 ; sb = 2155.00284138433
      k =    8 ; sb/Sb = 0.609084420599062 ; sb = 2448.34564426179
      k =    9 ; sb/Sb = 0.718375173152317 ; sb = 2887.66329699156
      Creating new point: f = 0.747440867560868
    i = 77 ; sf/Sf = 0.796828643194418 ; sf = 3362.14608722565
      k =    3 ; sb/Sb = 0 ; sb = 0
      k =    4 ; sb/Sb = 0.0999129876405381 ; sb = 401.621712560464
      k =    5 ; sb/Sb = 0.222798214366215 ; sb = 895.585273969603
      k =    6 ; sb/Sb = 0.297347404570787 ; sb = 1195.25175524504
      k =  178 ; sb/Sb = 0.380239888326965 ; sb = 1528.45589687596
      k =    7 ; sb/Sb = 0.463132372083143 ; sb = 1861.66003850688
      k =  246 ; sb/Sb = 0.536108396341102 ; sb = 2155.00284138433
      k =    8 ; sb/Sb = 0.609084420599062 ; sb = 2448.34564426179
      k =    9 ; sb/Sb = 0.718375173152317 ; sb = 2887.66329699156
      k =  243 ; sb/Sb = 0.816009013139074 ; sb = 3280.12348605537
      Creating new point: f = 0.803547930233438
    i = 116 ; sf/Sf = 0.898414321597209 ; sf = 3790.77763062861
      k =    3 ; sb/Sb = 0 ; sb = 0
      k =    4 ; sb/Sb = 0.0999129876405381 ; sb = 401.621712560464
      k =    5 ; sb/Sb = 0.222798214366215 ; sb = 895.585273969603
      k =    6 ; sb/Sb = 0.297347404570787 ; sb = 1195.25175524504
      k =  178 ; sb/Sb = 0.380239888326965 ; sb = 1528.45589687596
      k =    7 ; sb/Sb = 0.463132372083143 ; sb = 1861.66003850688
      k =  246 ; sb/Sb = 0.536108396341102 ; sb = 2155.00284138433
      k =    8 ; sb/Sb = 0.609084420599062 ; sb = 2448.34564426179
      k =    9 ; sb/Sb = 0.718375173152317 ; sb = 2887.66329699156
      k =  243 ; sb/Sb = 0.816009013139074 ; sb = 3280.12348605537
      k =   10 ; sb/Sb = 0.91364285312583 ; sb = 3672.58367511918
      Creating new point: f = 0.844024044012947
Tear 2 : Sf = 1956.26156433297 ; Sb = 2217.69008791357
  Backwards path
    i = 62 ; sf/Sf = 0.0726521987789398 ; sf = 142.126704035519
      k =   63 ; sb/Sb = 0 ; sb = 0
      k =   64 ; sb/Sb = 0.0544848265294022 ; sb = 120.830459735946
      k =   65 ; sb/Sb = 0.190135962262643 ; sb = 421.662638865772
      Creating new point: f = 0.133927166561023
    i = 61 ; sf/Sf = 0.318550062133551 ; sf = 623.167242867747
      k =   63 ; sb/Sb = 0 ; sb = 0
      k =   64 ; sb/Sb = 0.0544848265294022 ; sb = 120.830459735946
      k =   65 ; sb/Sb = 0.190135962262643 ; sb = 421.662638865772
      k =   66 ; sb/Sb = 0.507834364754578 ; sb = 1126.21923701811
      Creating new point: f = 0.404201276631123
    i = 60 ; sf/Sf = 0.49030927800446 ; sf = 959.173195195975
      k =   63 ; sb/Sb = 0 ; sb = 0
      k =   64 ; sb/Sb = 0.0544848265294022 ; sb = 120.830459735946
      k =   65 ; sb/Sb = 0.190135962262643 ; sb = 421.662638865772
      k =   66 ; sb/Sb = 0.507834364754578 ; sb = 1126.21923701811
      Creating new point: f = 0.944837346953412
    i = 59 ; sf/Sf = 0.620634884931451 ; sf = 1214.12417087561
      k =   63 ; sb/Sb = 0 ; sb = 0
      k =   64 ; sb/Sb = 0.0544848265294022 ; sb = 120.830459735946
      k =   65 ; sb/Sb = 0.190135962262643 ; sb = 421.662638865772
      k =   66 ; sb/Sb = 0.507834364754578 ; sb = 1126.21923701811
      k =  165 ; sb/Sb = 0.689829461189324 ; sb = 1529.82795843032
      Creating new point: f = 0.619799776953427
    i = 58 ; sf/Sf = 0.859635025621665 ; sf = 1681.67095997805
      k =   63 ; sb/Sb = 0 ; sb = 0
      k =   64 ; sb/Sb = 0.0544848265294022 ; sb = 120.830459735946
      k =   65 ; sb/Sb = 0.190135962262643 ; sb = 421.662638865772
      k =   66 ; sb/Sb = 0.507834364754578 ; sb = 1126.21923701811
      k =  165 ; sb/Sb = 0.689829461189324 ; sb = 1529.82795843032
      k =   67 ; sb/Sb = 0.87182455762407 ; sb = 1933.43667984254
      Creating new point: f = 0.933022744891506
Tear 3 : Sf = 2543.64646132721 ; Sb = 2864.59747027841
  Backwards path
    i = 44 ; sf/Sf = 0.0594923318963347 ; sf = 151.327459504216
      k =   45 ; sb/Sb = 0 ; sb = 0
      k =   46 ; sb/Sb = 0.0444317995579352 ; sb = 127.279220613579
      k =   47 ; sb/Sb = 0.124036381837227 ; sb = 355.314305633406
      Creating new point: f = 0.189191776492964
    i = 43 ; sf/Sf = 0.131662580512989 ; sf = 334.903057011074
      k =   45 ; sb/Sb = 0 ; sb = 0
      k =   46 ; sb/Sb = 0.0444317995579352 ; sb = 127.279220613579
      k =   47 ; sb/Sb = 0.124036381837227 ; sb = 355.314305633406
      k =   48 ; sb/Sb = 0.245617685653539 ; sb = 703.595800978766
      Creating new point: f = 0.0627250937141152
    i = 42 ; sf/Sf = 0.191154912409324 ; sf = 486.230516515289
      k =   45 ; sb/Sb = 0 ; sb = 0
      k =   46 ; sb/Sb = 0.0444317995579352 ; sb = 127.279220613579
      k =   47 ; sb/Sb = 0.124036381837227 ; sb = 355.314305633406
      k =   48 ; sb/Sb = 0.245617685653539 ; sb = 703.595800978766
      Creating new point: f = 0.552046478079402
    i = 41 ; sf/Sf = 0.329648332950306 ; sf = 838.50881559146
      k =   45 ; sb/Sb = 0 ; sb = 0
      k =   46 ; sb/Sb = 0.0444317995579352 ; sb = 127.279220613579
      k =   47 ; sb/Sb = 0.124036381837227 ; sb = 355.314305633406
      k =   48 ; sb/Sb = 0.245617685653539 ; sb = 703.595800978766
      k =   49 ; sb/Sb = 0.383319985037328 ; sb = 1098.05745944509
      Creating new point: f = 0.610234162194823
    i = 40 ; sf/Sf = 0.426745859850998 ; sf = 1085.49059629603
      k =   45 ; sb/Sb = 0 ; sb = 0
      k =   46 ; sb/Sb = 0.0444317995579352 ; sb = 127.279220613579
      k =   47 ; sb/Sb = 0.124036381837227 ; sb = 355.314305633406
      k =   48 ; sb/Sb = 0.245617685653539 ; sb = 703.595800978766
      k =   49 ; sb/Sb = 0.383319985037328 ; sb = 1098.05745944509
      k =   50 ; sb/Sb = 0.46629753736233 ; sb = 1335.75474592518
      Creating new point: f = 0.523344851672444
    i = 39 ; sf/Sf = 0.576189409477239 ; sf = 1465.62215247099
      k =   45 ; sb/Sb = 0 ; sb = 0
      k =   46 ; sb/Sb = 0.0444317995579352 ; sb = 127.279220613579
      k =   47 ; sb/Sb = 0.124036381837227 ; sb = 355.314305633406
      k =   48 ; sb/Sb = 0.245617685653539 ; sb = 703.595800978766
      k =   49 ; sb/Sb = 0.383319985037328 ; sb = 1098.05745944509
      k =   50 ; sb/Sb = 0.46629753736233 ; sb = 1335.75474592518
      k =   51 ; sb/Sb = 0.576689230889206 ; sb = 1651.98251194202
      Creating new point: f = 0.995472291474133
    i = 38 ; sf/Sf = 0.804140726371502 ; sf = 2045.44971304396
      k =   45 ; sb/Sb = 0 ; sb = 0
      k =   46 ; sb/Sb = 0.0444317995579352 ; sb = 127.279220613579
      k =   47 ; sb/Sb = 0.124036381837227 ; sb = 355.314305633406
      k =   48 ; sb/Sb = 0.245617685653539 ; sb = 703.595800978766
      k =   49 ; sb/Sb = 0.383319985037328 ; sb = 1098.05745944509
      k =   50 ; sb/Sb = 0.46629753736233 ; sb = 1335.75474592518
      k =   51 ; sb/Sb = 0.576689230889206 ; sb = 1651.98251194202
      k =   52 ; sb/Sb = 0.636443674388592 ; sb = 1823.15493962826
      k =  133 ; sb/Sb = 0.788497964045251 ; sb = 2258.7292731237
      k =   53 ; sb/Sb = 0.940552253701909 ; sb = 2694.30360661914
      Creating new point: f = 0.102876165885047
Tear 4 : Sf = 1847.19519054276 ; Sb = 1969.95917025027
  Backwards path
    i = 19 ; sf/Sf = 0.190709839912836 ; sf = 352.278299076171
      k =   27 ; sb/Sb = 0 ; sb = 0
      k =   28 ; sb/Sb = 0.166513293417884 ; sb = 328.024389337134
      k =   29 ; sb/Sb = 0.465107119968807 ; sb = 916.242036131244
      Creating new point: f = 0.0810349858014424
    i = 18 ; sf/Sf = 0.322872977606445 ; sf = 596.409411390845
      k =   27 ; sb/Sb = 0 ; sb = 0
      k =   28 ; sb/Sb = 0.166513293417884 ; sb = 328.024389337134
      k =   29 ; sb/Sb = 0.465107119968807 ; sb = 916.242036131244
      Creating new point: f = 0.523653439170802
    i = 17 ; sf/Sf = 0.490782275970459 ; sf = 906.570659776261
      k =   27 ; sb/Sb = 0 ; sb = 0
      k =   28 ; sb/Sb = 0.166513293417884 ; sb = 328.024389337134
      k =   29 ; sb/Sb = 0.465107119968807 ; sb = 916.242036131244
      k =   30 ; sb/Sb = 0.612667963596872 ; sb = 1206.93087320622
      Creating new point: f = 0.173997080596583
    i = 16 ; sf/Sf = 0.619462389310431 ; sf = 1144.26794625636
      k =   27 ; sb/Sb = 0 ; sb = 0
      k =   28 ; sb/Sb = 0.166513293417884 ; sb = 328.024389337134
      k =   29 ; sb/Sb = 0.465107119968807 ; sb = 916.242036131244
      k =   30 ; sb/Sb = 0.612667963596872 ; sb = 1206.93087320622
      k =   31 ; sb/Sb = 0.787485549846996 ; sb = 1551.31438036067
      Creating new point: f = 0.0388658021158038
    i = 15 ; sf/Sf = 0.83849639749448 ; sf = 1548.86651273923
      k =   27 ; sb/Sb = 0 ; sb = 0
      k =   28 ; sb/Sb = 0.166513293417884 ; sb = 328.024389337134
      k =   29 ; sb/Sb = 0.465107119968807 ; sb = 916.242036131244
      k =   30 ; sb/Sb = 0.612667963596872 ; sb = 1206.93087320622
      k =   31 ; sb/Sb = 0.787485549846996 ; sb = 1551.31438036067
      k =   32 ; sb/Sb = 0.837480788075944 ; sb = 1649.80295837863
      k =   33 ; sb/Sb = 1 ; sb = 1969.95917025027
      Creating new point: f = 0.00624916529259984
Tear 5 : Sf = 645.150956409802 ; Sb = 672.370073430038
  Backwards path
    i = 23 ; sf/Sf = 0.256574762740216 ; sf = 165.529453572468
      k =   24 ; sb/Sb = 0 ; sb = 0
      k =   25 ; sb/Sb = 0.499733652055814 ; sb = 336.005952328229
      Creating new point: f = 0.513423023814214
    i = 22 ; sf/Sf = 0.442577742054992 ; sf = 285.529453572468
      k =   24 ; sb/Sb = 0 ; sb = 0
      k =   25 ; sb/Sb = 0.499733652055814 ; sb = 336.005952328229
      Creating new point: f = 0.885627254106876
    i = 21 ; sf/Sf = 0.653403911862229 ; sf = 421.544158659823
      k =   24 ; sb/Sb = 0 ; sb = 0
      k =   25 ; sb/Sb = 0.499733652055814 ; sb = 336.005952328229
      k =   26 ; sb/Sb = 0.673814866750708 ; sb = 453.052951435425
      Creating new point: f = 0.882750387948218
Triangulating...
[1] "Non-adjacent points in rim connected by line: 481 36"
[1] "In triangle: 657" "In triangle: 664"
[1] "Other points in triangles: 445 37"
[1] "Non-adjacent points in rim connected by line: 488 487"
[1] "In triangle: 166" "In triangle: 176"
[1] "Other points in triangles: 21 452"
[1] "Non-adjacent points in rim connected by line: 508 52"
[1] "In triangle: 654" "In triangle: 735"
[1] "Other points in triangles: 571 51"
Merging points...
Projecting to sphere...
Optimising mapping with FIRE...
E =  0.00349 | E_L =  0.00349 | E_A =  0.00000 |   0 flippped triangles
E =  0.00275 | E_L =  0.00275 | E_A =  0.00000 |  59 flippped triangles
        phi0    phi0.1    phi0.2    phi0.3    phi0.4    phi0.5    phi0.6
id    57.000  103.0000   118.000   123.000  126.0000   140.000  150.0000
A  12913.245  642.8184  1156.102  5294.036  212.1661  2633.777  233.3597
a  -8423.951 -398.7413 -1019.816 -4674.562 -219.9942 -2412.161 -255.2474
      phi0.7    phi0.8    phi0.9   phi0.10   phi0.11   phi0.12   phi0.13
id   151.000    159.00  166.0000   168.000   169.000   170.000   171.000
A   3691.236  16327.41  280.6475  2564.737  1481.709  5102.305  7581.820
a  -3698.555 -16390.02 -111.3370 -2661.225 -1618.211 -5805.863 -8837.591
     phi0.14   phi0.15   phi0.16   phi0.17   phi0.18   phi0.19   phi0.20
id  175.0000  176.0000   177.000   178.000   182.000    195.00  218.0000
A  8697.0882  936.1832  2657.022  3060.315  1483.230  17386.28  253.6812
a  -269.2938 -233.0133 -2482.759 -2941.550 -1576.168 -16257.10 -202.3500
     phi0.21   phi0.22   phi0.23   phi0.24   phi0.25   phi0.26   phi0.27
id    255.00    265.00   280.000   281.000    286.00   308.000   333.000
A   32712.36  43636.09  8381.537  5967.346  37025.66  3806.062  3367.324
a  -21594.57 -36560.29 -8966.668 -2852.860 -28164.73 -3698.024 -2243.467
     phi0.28   phi0.29   phi0.30   phi0.31   phi0.32   phi0.33   phi0.34
id  371.0000  382.0000  384.0000   500.000   503.000  509.0000  622.0000
A   857.3699  689.5420  482.7141  2846.513  9657.603  258.3344  241.3042
a  -698.5325 -799.6128 -363.0070 -4561.671 -9494.376 -232.2608 -232.8651
     phi0.35   phi0.36   phi0.37   phi0.38   phi0.39   phi0.40   phi0.41
id    635.00    643.00  645.0000   662.000    672.00 673.00000    677.00
A   16192.66  32928.27  506.8443  2132.481  35241.65 260.28156  27050.94
a  -12776.64 -38909.98 -481.8444 -2183.358 -26905.95 -23.31504 -27755.58
     phi0.42   phi0.43   phi0.44   phi0.45   phi0.46   phi0.47   phi0.48
id    678.00   691.000    694.00   696.000   700.000    717.00    718.00
A   24915.49  3533.128  21121.00  1976.692  2506.991  31792.56  25137.08
a  -12036.77 -3790.980 -19887.06 -2149.830 -2502.828 -28005.30 -26851.75
     phi0.49   phi0.50   phi0.51   phi0.52   phi0.53   phi0.54   phi0.55
id   722.000   724.000 735.00000    736.00    741.00   747.000   748.000
A   3445.764  6426.752  52.26639  11710.28  40900.13  2824.301  2704.574
a  -3086.463 -6024.782 -16.87201 -11134.60 -42396.81 -2222.289 -2468.329
     phi0.56   phi0.57   phi0.58
id   856.000   1001.00   1009.00
A  10548.382  26175.56  10521.50
a  -5708.655 -19609.79 -14075.62
E =  0.00258 | E_L =  0.00258 | E_A =  0.00000 |  58 flippped triangles
        phi0    phi0.1    phi0.2    phi0.3    phi0.4    phi0.5    phi0.6
id    57.000  103.0000  118.0000   123.000  126.0000   140.000  150.0000
A  12913.245  642.8184 1156.1016  5294.036  212.1661  2633.777  233.3597
a  -9657.543 -537.1250 -985.0954 -4565.722 -221.8455 -2235.194 -252.5775
      phi0.7    phi0.8    phi0.9   phi0.10   phi0.11   phi0.12   phi0.13
id   151.000    159.00   168.000   169.000   170.000   171.000 176.00000
A   3691.236  16327.41  2564.737  1481.709  5102.305  7581.820 936.18325
a  -3591.083 -14410.83 -2609.987 -1653.705 -5798.021 -9215.507 -45.26279
     phi0.14   phi0.15   phi0.16   phi0.17   phi0.18   phi0.19   phi0.20
id   177.000   178.000   182.000    195.00  218.0000    255.00    265.00
A   2657.022  3060.315  1483.230  17386.28  253.6812  32712.36  43636.09
a  -2470.942 -3017.350 -1699.851 -13616.04 -244.9688 -11465.50 -33180.59
     phi0.21   phi0.22   phi0.23   phi0.24   phi0.25   phi0.26   phi0.27
id   280.000   281.000    286.00   308.000   333.000  371.0000  382.0000
A   8381.537  5967.346  37025.66  3806.062  3367.324  857.3699  689.5420
a  -8378.871 -3774.639 -13971.26 -3837.461 -2210.154 -830.1778 -784.2972
     phi0.28   phi0.29   phi0.30   phi0.31   phi0.32   phi0.33   phi0.34
id  384.0000   500.000   503.000  509.0000  622.0000    635.00    643.00
A   482.7141  2846.513  9657.603  258.3344  241.3042  16192.66  32928.27
a  -255.0493 -4328.266 -8450.860 -240.2228 -234.1112 -11116.70 -38993.79
     phi0.35   phi0.36   phi0.37     phi0.38   phi0.39   phi0.40   phi0.41
id  645.0000   662.000    672.00 676.0000000    677.00   678.000   691.000
A   506.8443  2132.481  35241.65   2.1771485  27050.94 24915.489  3533.128
a  -400.2008 -2005.879 -25254.78  -0.5759985 -17545.64 -7483.717 -3750.507
     phi0.42   phi0.43   phi0.44   phi0.45   phi0.46   phi0.47   phi0.48
id    694.00   696.000   700.000    717.00    718.00   722.000   724.000
A   21121.00  1976.692  2506.991  31792.56  25137.08  3445.764  6426.752
a  -18176.76 -1927.552 -2320.941 -28071.14 -27889.47 -2640.265 -6280.803
     phi0.49   phi0.50   phi0.51   phi0.52   phi0.53   phi0.54   phi0.55
id 735.00000    736.00    741.00   748.000   856.000   946.000   956.000
A   52.26639  11710.28  40900.13  2704.574 10548.382  1701.308 10831.410
a  -47.41164 -10595.21 -42190.79 -2078.312 -7442.279 -1761.077 -7781.717
     phi0.56   phi0.57
id   1001.00  1009.000
A   26175.56 10521.504
a  -12612.25 -9687.162
E =  0.00253 | E_L =  0.00253 | E_A =  0.00000 |  61 flippped triangles
       phi0    phi0.1    phi0.2    phi0.3    phi0.4    phi0.5    phi0.6
id    57.00  103.0000   118.000   123.000  126.0000   140.000  150.0000
A  12913.24  642.8184  1156.102  5294.036  212.1661  2633.777  233.3597
a  -7898.47 -526.0690 -1062.367 -4500.970 -222.8082 -1675.121 -245.0801
      phi0.7    phi0.8   phi0.9   phi0.10   phi0.11   phi0.12   phi0.13
id   151.000    159.00 166.0000   168.000   169.000   170.000   171.000
A   3691.236  16327.41 280.6475  2564.737  1481.709  5102.305  7581.820
a  -3574.460 -15168.00 -10.8230 -2549.785 -1626.648 -6096.798 -8931.814
     phi0.14   phi0.15   phi0.16   phi0.17   phi0.18   phi0.19  phi0.20
id 176.00000   177.000   178.000   182.000    195.00  218.0000   255.00
A  936.18325  2657.022  3060.315  1483.230  17386.28  253.6812 32712.36
a  -39.45335 -2521.912 -2911.544 -1585.423 -11359.17 -232.4901 -5965.48
     phi0.21   phi0.22   phi0.23   phi0.24   phi0.25   phi0.26   phi0.27
id    265.00   280.000   281.000    286.00   308.000   333.000  371.0000
A   43636.09  8381.537  5967.346  37025.66  3806.062  3367.324  857.3699
a  -32034.63 -8453.129 -3552.456 -17099.90 -3734.755 -2145.060 -855.8815
     phi0.28   phi0.29   phi0.30   phi0.31   phi0.32   phi0.33   phi0.34
id  382.0000  384.0000   500.000   503.000  509.0000  622.0000   635.000
A   689.5420  482.7141  2846.513  9657.603  258.3344  241.3042 16192.655
a  -760.3183 -392.3519 -4414.080 -8462.487 -255.0072 -233.6158 -9059.614
     phi0.35   phi0.36   phi0.37   phi0.38   phi0.39   phi0.40   phi0.41
id    643.00  645.0000   662.000    672.00  673.0000    677.00   678.000
A   32928.27  506.8443  2132.481  35241.65  260.2816  27050.94 24915.489
a  -39230.61 -380.2556 -2029.169 -23068.11 -187.7892 -19809.07 -4346.069
     phi0.42   phi0.43   phi0.44   phi0.45   phi0.46   phi0.47   phi0.48
id   691.000    694.00   696.000   700.000    717.00    718.00   722.000
A   3533.128  21121.00  1976.692  2506.991  31792.56  25137.08  3445.764
a  -3686.499 -18462.94 -2022.434 -2394.574 -28776.23 -28026.98 -1535.845
     phi0.49   phi0.50   phi0.51   phi0.52   phi0.53   phi0.54   phi0.55
id   724.000 735.00000    736.00    741.00   748.000    856.00    871.00
A   6426.752  52.26639  11710.28  40900.13  2704.574  10548.38  61693.45
a  -6244.155 -24.78512 -10128.69 -42038.78 -2132.043 -10579.46 -10087.06
     phi0.56   phi0.57   phi0.58   phi0.59   phi0.60
id    943.00   946.000    956.00  1001.000  1009.000
A   56879.91  1701.308  10831.41 26175.560 10521.504
a  -24355.10 -1732.592 -10494.11 -9006.525 -8483.639
E =  0.00253 | E_L =  0.00253 | E_A =  0.00000 |  60 flippped triangles
        phi0    phi0.1    phi0.2    phi0.3    phi0.4    phi0.5    phi0.6
id    57.000  103.0000   118.000   123.000  126.0000   140.000  150.0000
A  12913.245  642.8184  1156.102  5294.036  212.1661  2633.777  233.3597
a  -7748.139 -503.4449 -1062.813 -4526.225 -222.7213 -1960.295 -246.1206
      phi0.7    phi0.8    phi0.9   phi0.10   phi0.11   phi0.12    phi0.13
id   151.000    159.00   168.000   169.000   170.000   171.000 176.000000
A   3691.236  16327.41  2564.737  1481.709  5102.305  7581.820 936.183248
a  -3564.314 -14857.55 -2564.848 -1623.557 -5974.820 -9027.728  -4.380754
     phi0.14   phi0.15   phi0.16   phi0.17   phi0.18   phi0.19   phi0.20
id   177.000   178.000   182.000    195.00  218.0000   255.000    265.00
A   2657.022  3060.315  1483.230  17386.28  253.6812 32712.358  43636.09
a  -2505.735 -2911.601 -1591.028 -10642.06 -243.9957 -4066.759 -31352.28
     phi0.21   phi0.22   phi0.23   phi0.24   phi0.25   phi0.26   phi0.27
id   280.000   281.000   286.000   308.000   333.000  371.0000  382.0000
A   8381.537  5967.346 37025.658  3806.062  3367.324  857.3699  689.5420
a  -8284.100 -3756.221 -6639.924 -3659.643 -2141.648 -844.3554 -766.2874
     phi0.28   phi0.29   phi0.30   phi0.31   phi0.32   phi0.33   phi0.34
id  384.0000   500.000   503.000  509.0000  622.0000   635.000    643.00
A   482.7141  2846.513  9657.603  258.3344  241.3042 16192.655  32928.27
a  -404.6476 -4454.840 -8857.463 -247.6444 -234.1130 -8456.388 -38756.12
     phi0.35   phi0.36   phi0.37   phi0.38   phi0.39   phi0.40   phi0.41
id  645.0000   662.000    672.00  673.0000    677.00   678.000   691.000
A   506.8443  2132.481  35241.65  260.2816  27050.94 24915.489  3533.128
a  -371.4191 -1992.088 -22273.55 -152.7979 -12336.98 -4877.922 -3685.315
     phi0.42   phi0.43   phi0.44   phi0.45   phi0.46   phi0.47   phi0.48
id    694.00   696.000   700.000    717.00    718.00   722.000   724.000
A   21121.00  1976.692  2506.991  31792.56  25137.08  3445.764  6426.752
a  -18172.84 -1947.319 -2248.084 -28525.84 -27814.60 -2162.920 -6147.458
     phi0.49   phi0.50   phi0.51   phi0.52   phi0.53   phi0.54   phi0.55
id 735.00000   736.000    741.00   748.000   851.000   856.000    871.00
A   52.26639 11710.282  40900.13  2704.574 14138.929 10548.382  61693.45
a  -36.84639 -9795.204 -41594.16 -2072.740 -4954.717 -3648.169 -43388.59
     phi0.56  phi0.57   phi0.58   phi0.59
id    943.00   956.00  1001.000  1009.000
A   56879.91 10831.41 26175.560 10521.504
a  -49104.32 -9793.72 -7518.613 -9176.701
FIRE:  5  stops.  0 hits of maxmove.  0 hits of dtmax.
Frms = 9.03693939421846e-06; Ftanrms = 9.03564964292825e-06
E =  0.00597 | E_L =  0.00592 | E_A =  0.00004 |   0 flippped triangles
E =  0.00341 | E_L =  0.00341 | E_A =  0.00000 |   0 flippped triangles
E =  0.00319 | E_L =  0.00319 | E_A =  0.00000 |   0 flippped triangles
E =  0.00296 | E_L =  0.00296 | E_A =  0.00000 |   0 flippped triangles
E =  0.00286 | E_L =  0.00286 | E_A =  0.00000 |   0 flippped triangles
E =  0.00283 | E_L =  0.00283 | E_A =  0.00000 |   0 flippped triangles
E =  0.00281 | E_L =  0.00281 | E_A =  0.00000 |   0 flippped triangles
E =  0.00281 | E_L =  0.00281 | E_A =  0.00000 |   0 flippped triangles
E =  0.00281 | E_L =  0.00281 | E_A =  0.00000 |   0 flippped triangles
Optimising mapping with BFGS...
E =  0.00281 | E_L =  0.00281 | E_A =  0.00000 |   0 flippped triangles
Transforming image...
Mapping optimised. Error: 0.002808002 ; 0 flipped triangles.
Inferring coordinates of datapoints
Inferring coordinates of landmarks
Mapping optimised. Error: 0.002808002 ; 0 flipped triangles. OD displacement: 7.585308 degrees.
Computing Kernel Density estimates of datapoints

[1] 0.775
Saving adult_retina/data/C57BL6J/GM133/R-CONTRA/r.mat
