[1] "Adding old segment 1"
[1] "Storing new segment 1"
[1] "Adding old segment 2"
[1] "Adding old segment 3"
[1] "Adding old segment 4"
[1] "Adding old segment 5"
[1] "Storing new segment 2"
simplify.outline: Removing vertex 15
simplify.outline: Removing vertex 34
Triangulating...
[1] "Non-adjacent points in rim connected by line: 26 24"
[1] "In triangle: 14" "In triangle: 20"
[1] "Other points in triangles: 25 57"
[1] "Non-adjacent points in rim connected by line: 45 15"
[1] "In triangle: 30" "In triangle: 58"
[1] "Other points in triangles: 48 16"
[1] "Non-adjacent points in rim connected by line: 368 355"
[1] "In triangle: 656" "In triangle: 658"
[1] "Other points in triangles: 31 370"
[1] "Non-adjacent points in rim connected by line: 436 434"
[1] "In triangle: 218" "In triangle: 776"
[1] "Other points in triangles: 437 20"
Stitching...
Tear 1 child of rim
Tear 2 child of rim
Tear 3 child of rim
Tear 4 child of rim
Tear 1 : Sf = 1973.34715557371 ; Sb = 1922.82009753638
  Forwards path
    i = 169 ; sf/Sf = 0.174374838931264 ; sf = 344.102092408634
      k =   13 ; sb/Sb = 0 ; sb = 0
      k =   12 ; sb/Sb = 0.32261078275894 ; sb = 620.322496770833
      Creating new point: f = 0.540511502560531
    i = 68 ; sf/Sf = 0.348749677862528 ; sf = 688.204184817268
      k =   13 ; sb/Sb = 0 ; sb = 0
      k =   12 ; sb/Sb = 0.32261078275894 ; sb = 620.322496770833
      k =  424 ; sb/Sb = 0.491958087069205 ; sb = 945.946896962219
      Creating new point: f = 0.15435081892829
    i = 130 ; sf/Sf = 0.523124516793792 ; sf = 1032.3062772259
      k =   13 ; sb/Sb = 0 ; sb = 0
      k =   12 ; sb/Sb = 0.32261078275894 ; sb = 620.322496770833
      k =  424 ; sb/Sb = 0.491958087069205 ; sb = 945.946896962219
      k =  402 ; sb/Sb = 0.66130539137947 ; sb = 1271.57129715361
      Creating new point: f = 0.18403853460511
    i = 14 ; sf/Sf = 0.697499355725056 ; sf = 1376.40836963454
      k =   13 ; sb/Sb = 0 ; sb = 0
      k =   12 ; sb/Sb = 0.32261078275894 ; sb = 620.322496770833
      k =  424 ; sb/Sb = 0.491958087069205 ; sb = 945.946896962219
      k =  402 ; sb/Sb = 0.66130539137947 ; sb = 1271.57129715361
      k =   11 ; sb/Sb = 1 ; sb = 1922.82009753638
      Creating new point: f = 0.106863125140965
    i = 15 ; sf/Sf = 0.971333709664239 ; sf = 1916.77861307879
      k =   13 ; sb/Sb = 0 ; sb = 0
      k =   12 ; sb/Sb = 0.32261078275894 ; sb = 620.322496770833
      k =  424 ; sb/Sb = 0.491958087069205 ; sb = 945.946896962219
      k =  402 ; sb/Sb = 0.66130539137947 ; sb = 1271.57129715361
      k =   11 ; sb/Sb = 1 ; sb = 1922.82009753638
      Creating new point: f = 0.915362425010201
Tear 2 : Sf = 1049.38076978759 ; Sb = 1173.37121150981
  Forwards path
    i = 137 ; sf/Sf = 0.5 ; sf = 524.690384893796
      k =   19 ; sb/Sb = 0 ; sb = 0
      k =  297 ; sb/Sb = 0.25 ; sb = 293.342802877453
      k =  221 ; sb/Sb = 0.5 ; sb = 586.685605754905
      k =  227 ; sb/Sb = 0.75 ; sb = 880.028408632358
      Creating new point: f = 0
      Point 221 already exists
    i = 434 ; sf/Sf = 0.75 ; sf = 787.035577340694
      k =   19 ; sb/Sb = 0 ; sb = 0
      k =  297 ; sb/Sb = 0.25 ; sb = 293.342802877453
      k =  221 ; sb/Sb = 0.5 ; sb = 586.685605754905
      k =  227 ; sb/Sb = 0.75 ; sb = 880.028408632358
      k =   18 ; sb/Sb = 1 ; sb = 1173.37121150981
      Creating new point: f = 0
      Point 227 already exists
Tear 3 : Sf = 1431.85006590689 ; Sb = 2114.78172745764
  Forwards path
    i = 28 ; sf/Sf = 0.159412112793875 ; sf = 228.254244210267
      k =   27 ; sb/Sb = 0 ; sb = 0
      k =   26 ; sb/Sb = 0.0851151670467635 ; sb = 180
      k =   25 ; sb/Sb = 0.179687574876501 ; sb = 380
      Creating new point: f = 0.785609116359515
    i = 29 ; sf/Sf = 0.301857739888587 ; sf = 432.215024753978
      k =   27 ; sb/Sb = 0 ; sb = 0
      k =   26 ; sb/Sb = 0.0851151670467635 ; sb = 180
      k =   25 ; sb/Sb = 0.179687574876501 ; sb = 380
      k =   24 ; sb/Sb = 0.27101240365231 ; sb = 573.13207915828
      k =   60 ; sb/Sb = 0.494973863109783 ; sb = 1046.76168127369
      Creating new point: f = 0.137726090511272
    i = 380 ; sf/Sf = 0.470524627061375 ; sf = 673.720718268644
      k =   27 ; sb/Sb = 0 ; sb = 0
      k =   26 ; sb/Sb = 0.0851151670467635 ; sb = 180
      k =   25 ; sb/Sb = 0.179687574876501 ; sb = 380
      k =   24 ; sb/Sb = 0.27101240365231 ; sb = 573.13207915828
      k =   60 ; sb/Sb = 0.494973863109783 ; sb = 1046.76168127369
      Creating new point: f = 0.890832841920059
    i = 30 ; sf/Sf = 0.639191514234163 ; sf = 915.226411783311
      k =   27 ; sb/Sb = 0 ; sb = 0
      k =   26 ; sb/Sb = 0.0851151670467635 ; sb = 180
      k =   25 ; sb/Sb = 0.179687574876501 ; sb = 380
      k =   24 ; sb/Sb = 0.27101240365231 ; sb = 573.13207915828
      k =   60 ; sb/Sb = 0.494973863109783 ; sb = 1046.76168127369
      k =   75 ; sb/Sb = 0.606954592838519 ; sb = 1283.57648233139
      k =   23 ; sb/Sb = 0.718935322567256 ; sb = 1520.3912833891
      Creating new point: f = 0.28787918665769
    i = 355 ; sf/Sf = 0.819595757117081 ; sf = 1173.5382388451
      k =   27 ; sb/Sb = 0 ; sb = 0
      k =   26 ; sb/Sb = 0.0851151670467635 ; sb = 180
      k =   25 ; sb/Sb = 0.179687574876501 ; sb = 380
      k =   24 ; sb/Sb = 0.27101240365231 ; sb = 573.13207915828
      k =   60 ; sb/Sb = 0.494973863109783 ; sb = 1046.76168127369
      k =   75 ; sb/Sb = 0.606954592838519 ; sb = 1283.57648233139
      k =   23 ; sb/Sb = 0.718935322567256 ; sb = 1520.3912833891
      k =  104 ; sb/Sb = 0.859467661283628 ; sb = 1817.58650542337
      Creating new point: f = 0.716279508825241
Tear 4 : Sf = 3686.75405989305 ; Sb = 2481.12850736156
  Forwards path
    i = 1 ; sf/Sf = 0.00813723929305724 ; sf = 30
      k =   40 ; sb/Sb = 0 ; sb = 0
      k =  118 ; sb/Sb = 0.127453199251302 ; sb = 316.227766016838
      Creating new point: f = 0.0638449198675108
    i = 41 ; sf/Sf = 0.0572985575311326 ; sf = 211.245689603919
      k =   40 ; sb/Sb = 0 ; sb = 0
      k =  118 ; sb/Sb = 0.127453199251302 ; sb = 316.227766016838
      Creating new point: f = 0.449565470837308
    i = 2 ; sf/Sf = 0.106459875769208 ; sf = 392.491379207837
      k =   40 ; sb/Sb = 0 ; sb = 0
      k =  118 ; sb/Sb = 0.127453199251302 ; sb = 316.227766016838
      Creating new point: f = 0.835286021807105
    i = 254 ; sf/Sf = 0.212008997519812 ; sf = 781.625032340023
      k =   40 ; sb/Sb = 0 ; sb = 0
      k =  118 ; sb/Sb = 0.127453199251302 ; sb = 316.227766016838
      k =   39 ; sb/Sb = 0.254906398502603 ; sb = 632.455532033676
      Creating new point: f = 0.663426251872976
    i = 3 ; sf/Sf = 0.317558119270416 ; sf = 1170.75868547221
      k =   40 ; sb/Sb = 0 ; sb = 0
      k =  118 ; sb/Sb = 0.127453199251302 ; sb = 316.227766016838
      k =   39 ; sb/Sb = 0.254906398502603 ; sb = 632.455532033676
      k =  245 ; sb/Sb = 0.351436947617385 ; sb = 871.960229273626
      Creating new point: f = 0.649035163918068
    i = 4 ; sf/Sf = 0.436719214801297 ; sf = 1610.07633820198
      k =   40 ; sb/Sb = 0 ; sb = 0
      k =  118 ; sb/Sb = 0.127453199251302 ; sb = 316.227766016838
      k =   39 ; sb/Sb = 0.254906398502603 ; sb = 632.455532033676
      k =  245 ; sb/Sb = 0.351436947617385 ; sb = 871.960229273626
      k =  191 ; sb/Sb = 0.447967496732166 ; sb = 1111.46492651358
      Creating new point: f = 0.883474381591942
    i = 101 ; sf/Sf = 0.532271642045763 ; sf = 1962.35463727815
      k =   40 ; sb/Sb = 0 ; sb = 0
      k =  118 ; sb/Sb = 0.127453199251302 ; sb = 316.227766016838
      k =   39 ; sb/Sb = 0.254906398502603 ; sb = 632.455532033676
      k =  245 ; sb/Sb = 0.351436947617385 ; sb = 871.960229273626
      k =  191 ; sb/Sb = 0.447967496732166 ; sb = 1111.46492651358
      k =  262 ; sb/Sb = 0.544498045846947 ; sb = 1350.96962375353
      Creating new point: f = 0.8733416114038
    i = 5 ; sf/Sf = 0.627824069290229 ; sf = 2314.63293635433
      k =   40 ; sb/Sb = 0 ; sb = 0
      k =  118 ; sb/Sb = 0.127453199251302 ; sb = 316.227766016838
      k =   39 ; sb/Sb = 0.254906398502603 ; sb = 632.455532033676
      k =  245 ; sb/Sb = 0.351436947617385 ; sb = 871.960229273626
      k =  191 ; sb/Sb = 0.447967496732166 ; sb = 1111.46492651358
      k =  262 ; sb/Sb = 0.544498045846947 ; sb = 1350.96962375353
      k =   38 ; sb/Sb = 0.641028594961729 ; sb = 1590.47432099347
      Creating new point: f = 0.863208841215658
    i = 98 ; sf/Sf = 0.707390755353894 ; sf = 2607.97573923178
      k =   40 ; sb/Sb = 0 ; sb = 0
      k =  118 ; sb/Sb = 0.127453199251302 ; sb = 316.227766016838
      k =   39 ; sb/Sb = 0.254906398502603 ; sb = 632.455532033676
      k =  245 ; sb/Sb = 0.351436947617385 ; sb = 871.960229273626
      k =  191 ; sb/Sb = 0.447967496732166 ; sb = 1111.46492651358
      k =  262 ; sb/Sb = 0.544498045846947 ; sb = 1350.96962375353
      k =   38 ; sb/Sb = 0.641028594961729 ; sb = 1590.47432099347
      k =   37 ; sb/Sb = 0.828908617882418 ; sb = 2056.62880182574
      Creating new point: f = 0.353215628572597
    i = 6 ; sf/Sf = 0.786957441417559 ; sf = 2901.31854210923
      k =   40 ; sb/Sb = 0 ; sb = 0
      k =  118 ; sb/Sb = 0.127453199251302 ; sb = 316.227766016838
      k =   39 ; sb/Sb = 0.254906398502603 ; sb = 632.455532033676
      k =  245 ; sb/Sb = 0.351436947617385 ; sb = 871.960229273626
      k =  191 ; sb/Sb = 0.447967496732166 ; sb = 1111.46492651358
      k =  262 ; sb/Sb = 0.544498045846947 ; sb = 1350.96962375353
      k =   38 ; sb/Sb = 0.641028594961729 ; sb = 1590.47432099347
      k =   37 ; sb/Sb = 0.828908617882418 ; sb = 2056.62880182574
      Creating new point: f = 0.77671294790842
    i = 7 ; sf/Sf = 0.832425770310446 ; sf = 3068.94908825163
      k =   40 ; sb/Sb = 0 ; sb = 0
      k =  118 ; sb/Sb = 0.127453199251302 ; sb = 316.227766016838
      k =   39 ; sb/Sb = 0.254906398502603 ; sb = 632.455532033676
      k =  245 ; sb/Sb = 0.351436947617385 ; sb = 871.960229273626
      k =  191 ; sb/Sb = 0.447967496732166 ; sb = 1111.46492651358
      k =  262 ; sb/Sb = 0.544498045846947 ; sb = 1350.96962375353
      k =   38 ; sb/Sb = 0.641028594961729 ; sb = 1590.47432099347
      k =   37 ; sb/Sb = 0.828908617882418 ; sb = 2056.62880182574
      k =   36 ; sb/Sb = 1 ; sb = 2481.12850736156
      Creating new point: f = 0.0205571571431363
    i = 8 ; sf/Sf = 0.913798163241018 ; sf = 3368.94908825163
      k =   40 ; sb/Sb = 0 ; sb = 0
      k =  118 ; sb/Sb = 0.127453199251302 ; sb = 316.227766016838
      k =   39 ; sb/Sb = 0.254906398502603 ; sb = 632.455532033676
      k =  245 ; sb/Sb = 0.351436947617385 ; sb = 871.960229273626
      k =  191 ; sb/Sb = 0.447967496732166 ; sb = 1111.46492651358
      k =  262 ; sb/Sb = 0.544498045846947 ; sb = 1350.96962375353
      k =   38 ; sb/Sb = 0.641028594961729 ; sb = 1590.47432099347
      k =   37 ; sb/Sb = 0.828908617882418 ; sb = 2056.62880182574
      k =   36 ; sb/Sb = 1 ; sb = 2481.12850736156
      Creating new point: f = 0.496164940091838
Tear 1 : Sf = 1922.82009753638 ; Sb = 1973.34715557371
  Backwards path
    i = 12 ; sf/Sf = 0.32261078275894 ; sf = 620.322496770833
      k =   13 ; sb/Sb = 0 ; sb = 0
      k =  169 ; sb/Sb = 0.174374838931264 ; sb = 344.102092408634
      k =   68 ; sb/Sb = 0.348749677862528 ; sb = 688.204184817268
      Creating new point: f = 0.850099387825721
    i = 424 ; sf/Sf = 0.491958087069205 ; sf = 945.946896962219
      k =   13 ; sb/Sb = 0 ; sb = 0
      k =  169 ; sb/Sb = 0.174374838931264 ; sb = 344.102092408634
      k =   68 ; sb/Sb = 0.348749677862528 ; sb = 688.204184817268
      k =  130 ; sb/Sb = 0.523124516793792 ; sb = 1032.3062772259
      Creating new point: f = 0.821267621432057
    i = 402 ; sf/Sf = 0.66130539137947 ; sf = 1271.57129715361
      k =   13 ; sb/Sb = 0 ; sb = 0
      k =  169 ; sb/Sb = 0.174374838931264 ; sb = 344.102092408634
      k =   68 ; sb/Sb = 0.348749677862528 ; sb = 688.204184817268
      k =  130 ; sb/Sb = 0.523124516793792 ; sb = 1032.3062772259
      k =   14 ; sb/Sb = 0.697499355725056 ; sb = 1376.40836963454
      Creating new point: f = 0.792435855038392
Tear 2 : Sf = 1173.37121150981 ; Sb = 1049.38076978759
  Backwards path
    i = 297 ; sf/Sf = 0.25 ; sf = 293.342802877453
      k =   19 ; sb/Sb = 0 ; sb = 0
      k =  137 ; sb/Sb = 0.5 ; sb = 524.690384893796
      Creating new point: f = 0.5
    i = 221 ; sf/Sf = 0.5 ; sf = 586.685605754905
      k =   19 ; sb/Sb = 0 ; sb = 0
      k =  137 ; sb/Sb = 0.5 ; sb = 524.690384893796
      k =  434 ; sb/Sb = 0.75 ; sb = 787.035577340694
      Creating new point: f = 0
      Point 137 already exists
    i = 227 ; sf/Sf = 0.75 ; sf = 880.028408632358
      k =   19 ; sb/Sb = 0 ; sb = 0
      k =  137 ; sb/Sb = 0.5 ; sb = 524.690384893796
      k =  434 ; sb/Sb = 0.75 ; sb = 787.035577340694
      k =   20 ; sb/Sb = 1 ; sb = 1049.38076978759
      Creating new point: f = 0
      Point 434 already exists
Tear 3 : Sf = 2114.78172745764 ; Sb = 1431.85006590689
  Backwards path
    i = 26 ; sf/Sf = 0.0851151670467635 ; sf = 180
      k =   27 ; sb/Sb = 0 ; sb = 0
      k =   28 ; sb/Sb = 0.159412112793875 ; sb = 228.254244210267
      Creating new point: f = 0.533931616330938
    i = 25 ; sf/Sf = 0.179687574876501 ; sf = 380
      k =   27 ; sb/Sb = 0 ; sb = 0
      k =   28 ; sb/Sb = 0.159412112793875 ; sb = 228.254244210267
      k =   29 ; sb/Sb = 0.301857739888587 ; sb = 432.215024753978
      Creating new point: f = 0.142338255628897
    i = 24 ; sf/Sf = 0.27101240365231 ; sf = 573.13207915828
      k =   27 ; sb/Sb = 0 ; sb = 0
      k =   28 ; sb/Sb = 0.159412112793875 ; sb = 228.254244210267
      k =   29 ; sb/Sb = 0.301857739888587 ; sb = 432.215024753978
      Creating new point: f = 0.783458875745146
    i = 60 ; sf/Sf = 0.494973863109783 ; sf = 1046.76168127369
      k =   27 ; sb/Sb = 0 ; sb = 0
      k =   28 ; sb/Sb = 0.159412112793875 ; sb = 228.254244210267
      k =   29 ; sb/Sb = 0.301857739888587 ; sb = 432.215024753978
      k =  380 ; sb/Sb = 0.470524627061375 ; sb = 673.720718268644
      k =   30 ; sb/Sb = 0.639191514234163 ; sb = 915.226411783311
      Creating new point: f = 0.14495575544334
    i = 75 ; sf/Sf = 0.606954592838519 ; sf = 1283.57648233139
      k =   27 ; sb/Sb = 0 ; sb = 0
      k =   28 ; sb/Sb = 0.159412112793875 ; sb = 228.254244210267
      k =   29 ; sb/Sb = 0.301857739888587 ; sb = 432.215024753978
      k =  380 ; sb/Sb = 0.470524627061375 ; sb = 673.720718268644
      k =   30 ; sb/Sb = 0.639191514234163 ; sb = 915.226411783311
      Creating new point: f = 0.808872257406287
    i = 23 ; sf/Sf = 0.718935322567256 ; sf = 1520.3912833891
      k =   27 ; sb/Sb = 0 ; sb = 0
      k =   28 ; sb/Sb = 0.159412112793875 ; sb = 228.254244210267
      k =   29 ; sb/Sb = 0.301857739888587 ; sb = 432.215024753978
      k =  380 ; sb/Sb = 0.470524627061375 ; sb = 673.720718268644
      k =   30 ; sb/Sb = 0.639191514234163 ; sb = 915.226411783311
      k =  355 ; sb/Sb = 0.819595757117082 ; sb = 1173.5382388451
      Creating new point: f = 0.442028452650341
    i = 104 ; sf/Sf = 0.859467661283628 ; sf = 1817.58650542337
      k =   27 ; sb/Sb = 0 ; sb = 0
      k =   28 ; sb/Sb = 0.159412112793875 ; sb = 228.254244210267
      k =   29 ; sb/Sb = 0.301857739888587 ; sb = 432.215024753978
      k =  380 ; sb/Sb = 0.470524627061375 ; sb = 673.720718268644
      k =   30 ; sb/Sb = 0.639191514234163 ; sb = 915.226411783311
      k =  355 ; sb/Sb = 0.819595757117082 ; sb = 1173.5382388451
      k =   31 ; sb/Sb = 1 ; sb = 1431.85006590689
      Creating new point: f = 0.22101422632517
Tear 4 : Sf = 2481.12850736156 ; Sb = 3686.75405989305
  Backwards path
    i = 118 ; sf/Sf = 0.127453199251302 ; sf = 316.227766016838
      k =   40 ; sb/Sb = 0 ; sb = 0
      k =    1 ; sb/Sb = 0.00813723929305724 ; sb = 30
      k =   41 ; sb/Sb = 0.0572985575311326 ; sb = 211.245689603919
      k =    2 ; sb/Sb = 0.106459875769208 ; sb = 392.491379207837
      k =  254 ; sb/Sb = 0.212008997519812 ; sb = 781.625032340023
      Creating new point: f = 0.198896240289876
    i = 39 ; sf/Sf = 0.254906398502603 ; sf = 632.455532033676
      k =   40 ; sb/Sb = 0 ; sb = 0
      k =    1 ; sb/Sb = 0.00813723929305724 ; sb = 30
      k =   41 ; sb/Sb = 0.0572985575311326 ; sb = 211.245689603919
      k =    2 ; sb/Sb = 0.106459875769208 ; sb = 392.491379207837
      k =  254 ; sb/Sb = 0.212008997519812 ; sb = 781.625032340022
      k =    3 ; sb/Sb = 0.317558119270416 ; sb = 1170.75868547221
      Creating new point: f = 0.406421202481918
    i = 245 ; sf/Sf = 0.351436947617385 ; sf = 871.960229273626
      k =   40 ; sb/Sb = 0 ; sb = 0
      k =    1 ; sb/Sb = 0.00813723929305724 ; sb = 30
      k =   41 ; sb/Sb = 0.0572985575311326 ; sb = 211.245689603919
      k =    2 ; sb/Sb = 0.106459875769208 ; sb = 392.491379207837
      k =  254 ; sb/Sb = 0.212008997519812 ; sb = 781.625032340022
      k =    3 ; sb/Sb = 0.317558119270416 ; sb = 1170.75868547221
      k =    4 ; sb/Sb = 0.436719214801297 ; sb = 1610.07633820198
      Creating new point: f = 0.284311152025189
    i = 191 ; sf/Sf = 0.447967496732166 ; sf = 1111.46492651358
      k =   40 ; sb/Sb = 0 ; sb = 0
      k =    1 ; sb/Sb = 0.00813723929305724 ; sb = 30
      k =   41 ; sb/Sb = 0.0572985575311326 ; sb = 211.245689603919
      k =    2 ; sb/Sb = 0.106459875769208 ; sb = 392.491379207837
      k =  254 ; sb/Sb = 0.212008997519812 ; sb = 781.625032340022
      k =    3 ; sb/Sb = 0.317558119270416 ; sb = 1170.75868547221
      k =    4 ; sb/Sb = 0.436719214801297 ; sb = 1610.07633820198
      k =  101 ; sb/Sb = 0.532271642045763 ; sb = 1962.35463727815
      Creating new point: f = 0.11771843222874
    i = 262 ; sf/Sf = 0.544498045846947 ; sf = 1350.96962375353
      k =   40 ; sb/Sb = 0 ; sb = 0
      k =    1 ; sb/Sb = 0.00813723929305724 ; sb = 30
      k =   41 ; sb/Sb = 0.0572985575311326 ; sb = 211.245689603919
      k =    2 ; sb/Sb = 0.106459875769208 ; sb = 392.491379207837
      k =  254 ; sb/Sb = 0.212008997519812 ; sb = 781.625032340022
      k =    3 ; sb/Sb = 0.317558119270416 ; sb = 1170.75868547221
      k =    4 ; sb/Sb = 0.436719214801297 ; sb = 1610.07633820198
      k =  101 ; sb/Sb = 0.532271642045763 ; sb = 1962.35463727815
      k =    5 ; sb/Sb = 0.627824069290229 ; sb = 2314.63293635433
      Creating new point: f = 0.127954926460465
    i = 38 ; sf/Sf = 0.641028594961729 ; sf = 1590.47432099347
      k =   40 ; sb/Sb = 0 ; sb = 0
      k =    1 ; sb/Sb = 0.00813723929305724 ; sb = 30
      k =   41 ; sb/Sb = 0.0572985575311326 ; sb = 211.245689603919
      k =    2 ; sb/Sb = 0.106459875769208 ; sb = 392.491379207837
      k =  254 ; sb/Sb = 0.212008997519812 ; sb = 781.625032340022
      k =    3 ; sb/Sb = 0.317558119270416 ; sb = 1170.75868547221
      k =    4 ; sb/Sb = 0.436719214801297 ; sb = 1610.07633820198
      k =  101 ; sb/Sb = 0.532271642045763 ; sb = 1962.35463727815
      k =    5 ; sb/Sb = 0.627824069290229 ; sb = 2314.63293635433
      k =   98 ; sb/Sb = 0.707390755353894 ; sb = 2607.97573923178
      Creating new point: f = 0.165955456042674
    i = 37 ; sf/Sf = 0.828908617882418 ; sf = 2056.62880182574
      k =   40 ; sb/Sb = 0 ; sb = 0
      k =    1 ; sb/Sb = 0.00813723929305724 ; sb = 30
      k =   41 ; sb/Sb = 0.0572985575311326 ; sb = 211.245689603919
      k =    2 ; sb/Sb = 0.106459875769208 ; sb = 392.491379207837
      k =  254 ; sb/Sb = 0.212008997519812 ; sb = 781.625032340022
      k =    3 ; sb/Sb = 0.317558119270416 ; sb = 1170.75868547221
      k =    4 ; sb/Sb = 0.436719214801297 ; sb = 1610.07633820198
      k =  101 ; sb/Sb = 0.532271642045763 ; sb = 1962.35463727815
      k =    5 ; sb/Sb = 0.627824069290229 ; sb = 2314.63293635433
      k =   98 ; sb/Sb = 0.707390755353894 ; sb = 2607.97573923178
      k =    6 ; sb/Sb = 0.786957441417559 ; sb = 2901.31854210923
      k =    7 ; sb/Sb = 0.832425770310446 ; sb = 3068.94908825163
      Creating new point: f = 0.922646103042113
Triangulating...
[1] "Non-adjacent points in rim connected by line: 447 24"
[1] "In triangle: 44"  "In triangle: 192"
[1] "Other points in triangles: 438 25"
Merging points...
Projecting to sphere...
Optimising mapping with FIRE...
E =  0.00530 | E_L =  0.00530 | E_A =  0.00000 |   0 flippped triangles
E =  0.00489 | E_L =  0.00489 | E_A =  0.00000 |  18 flippped triangles
        phi0    phi0.1    phi0.2    phi0.3    phi0.4   phi0.5    phi0.6
id  170.0000   326.000   407.000   545.000  547.0000  558.000   560.000
A  1135.2237  2042.100  6104.142  3316.989  549.0318 5319.821  3077.022
a  -990.3977 -1787.314 -4540.514 -3693.181 -682.2548 -781.023 -2675.074
      phi0.7    phi0.8    phi0.9   phi0.10    phi0.11   phi0.12   phi0.13
id   615.000   653.000    660.00    664.00   707.0000    711.00    712.00
A   9418.505  1239.484  22381.05  28970.63 19831.4748  20551.30  18348.26
a  -5786.169 -1331.200 -23428.17 -29376.38  -808.3074 -11910.17 -19089.40
     phi0.14   phi0.15   phi0.16   phi0.17
id   716.000   823.000    862.00    901.00
A  24302.478  2736.722  36298.04  18348.26
a  -2440.991 -1944.180 -37133.20 -19827.88
FIRE:  3  stops.  0 hits of maxmove.  0 hits of dtmax.
Frms = 4.74660804148313e-07; Ftanrms = 4.6409866551663e-07
E =  0.00659 | E_L =  0.00659 | E_A =  0.00000 |   0 flippped triangles
E =  0.00519 | E_L =  0.00519 | E_A =  0.00000 |   0 flippped triangles
E =  0.00483 | E_L =  0.00483 | E_A =  0.00000 |   0 flippped triangles
E =  0.00473 | E_L =  0.00473 | E_A =  0.00000 |   0 flippped triangles
E =  0.00466 | E_L =  0.00466 | E_A =  0.00000 |   0 flippped triangles
E =  0.00463 | E_L =  0.00463 | E_A =  0.00000 |   0 flippped triangles
E =  0.00463 | E_L =  0.00463 | E_A =  0.00000 |   0 flippped triangles
Optimising mapping with BFGS...
E =  0.00463 | E_L =  0.00463 | E_A =  0.00000 |   0 flippped triangles
Transforming image...
Mapping optimised. Error: 0.00463384 ; 0 flipped triangles.
Inferring coordinates of datapoints
Inferring coordinates of landmarks
Mapping optimised. Error: 0.00463384 ; 0 flipped triangles. OD displacement: 15.15945 degrees.
Computing Kernel Density estimates of datapoints

[1] 0.7
Saving adult_retina/data/nAChR-B2/GMB527/R-CONTRA/r.mat
