[1] "Adding old segment 1"
[1] "Intersection found. Old points:"
   X    Y 
2530 1269 
   X    Y 
2680 1199 
   X    Y 
2660 1159 
   X    Y 
2660 1359 
[1] "Point i+1 has been changed:"
   X    Y 
2530 1269 
       X        Y 
2660.000 1208.333 
   X    Y 
2660 1159 
   X    Y 
2660 1359 
[1] "a= 0.331858407079648"
[1] "l= 150.666666666666"
[1] "New points:"
   X    Y 
2530 1269 
       X        Y 
2660.000 1208.333 
   X    Y 
2660 1309 
   X    Y 
2660 1359 
[1] "Storing new segment 1"
[1] "Adding old segment 2"
[1] "Adding old segment 3"
[1] "Adding old segment 4"
[1] "Adding old segment 5"
[1] "Storing new segment 2"
simplify.outline: Removing vertex 1
Triangulating...
[1] "Non-adjacent points in rim connected by line: 32 30"
[1] "In triangle: 54"  "In triangle: 750"
[1] "Other points in triangles: 31 443"
[1] "Non-adjacent points in rim connected by line: 61 55"
[1] "In triangle: 25"  "In triangle: 253"
[1] "Other points in triangles: 103 181"
[1] "Non-adjacent points in rim connected by line: 71 49"
[1] "In triangle: 1"  "In triangle: 74"
[1] "Other points in triangles: 48 98"
[1] "Non-adjacent points in rim connected by line: 76 65"
[1] "In triangle: 15" "In triangle: 26"
[1] "Other points in triangles: 92 91"
[1] "Non-adjacent points in rim connected by line: 77 27"
[1] "In triangle: 76"  "In triangle: 117"
[1] "Other points in triangles: 81 83"
[1] "Non-adjacent points in rim connected by line: 78 75"
[1] "In triangle: 22"  "In triangle: 119"
[1] "Other points in triangles: 82 28"
[1] "Non-adjacent points in rim connected by line: 80 79"
[1] "In triangle: 52" "In triangle: 82"
[1] "Other points in triangles: 81 82"
[1] "Non-adjacent points in rim connected by line: 81 27"
[1] "In triangle: 116" "In triangle: 810"
[1] "Other points in triangles: 79 478"
[1] "Non-adjacent points in rim connected by line: 81 79"
[1] "In triangle: 116" "In triangle: 814"
[1] "Other points in triangles: 481 480"
[1] "Non-adjacent points in rim connected by line: 82 75"
[1] "In triangle: 47"  "In triangle: 812"
[1] "Other points in triangles: 80 479"
[1] "Non-adjacent points in rim connected by line: 82 80"
[1] "In triangle: 47" "In triangle: 82"
[1] "Other points in triangles: 483 480"
[1] "Non-adjacent points in rim connected by line: 83 27"
[1] "In triangle: 57"  "In triangle: 811"
[1] "Other points in triangles: 84 478"
[1] "Non-adjacent points in rim connected by line: 92 65"
[1] "In triangle: 71"  "In triangle: 808"
[1] "Other points in triangles: 93 477"
[1] "Non-adjacent points in rim connected by line: 93 92"
[1] "In triangle: 60" "In triangle: 71"
[1] "Other points in triangles: 94 486"
[1] "Non-adjacent points in rim connected by line: 94 93"
[1] "In triangle: 37" "In triangle: 60"
[1] "Other points in triangles: 64 487"
[1] "Non-adjacent points in rim connected by line: 109 16"
[1] "In triangle: 58"  "In triangle: 127"
[1] "Other points in triangles: 201 17"
[1] "Non-adjacent points in rim connected by line: 454 453"
[1] "In triangle: 770" "In triangle: 771"
[1] "Other points in triangles: 66 455"
Stitching...
Tear 1 child of rim
Tear 2 child of rim
Tear 3 child of rim
Tear 4 child of rim
Tear 5 child of rim
Tear 6 child of rim
Tear 7 child of forward side of tear 6
Tear 1 : Sf = 1568.84027823647 ; Sb = 1587.44102463237
  Forwards path
    i = 34 ; sf/Sf = 0.216814312937106 ; sf = 340.147027033899
      k =   33 ; sb/Sb = 0 ; sb = 0
      k =   32 ; sb/Sb = 0.183117881272026 ; sb = 290.688837074973
      k =   31 ; sb/Sb = 0.336906972347842 ; sb = 534.819949389647
      Creating new point: f = 0.219108074762396
    i = 35 ; sf/Sf = 0.362306653602178 ; sf = 568.401271244166
      k =   33 ; sb/Sb = 0 ; sb = 0
      k =   32 ; sb/Sb = 0.183117881272026 ; sb = 290.688837074973
      k =   31 ; sb/Sb = 0.336906972347842 ; sb = 534.819949389647
      k =   30 ; sb/Sb = 0.426438930908906 ; sb = 676.946653425166
      Creating new point: f = 0.283694020130398
    i = 36 ; sf/Sf = 0.508911762605717 ; sf = 798.401271244165
      k =   33 ; sb/Sb = 0 ; sb = 0
      k =   32 ; sb/Sb = 0.183117881272026 ; sb = 290.688837074973
      k =   31 ; sb/Sb = 0.336906972347842 ; sb = 534.819949389647
      k =   30 ; sb/Sb = 0.426438930908906 ; sb = 676.946653425166
      k =   99 ; sb/Sb = 0.713219465454453 ; sb = 1132.19383902877
      Creating new point: f = 0.287581693183964
    i = 37 ; sf/Sf = 0.664524233614621 ; sf = 1042.53238355884
      k =   33 ; sb/Sb = 0 ; sb = 0
      k =   32 ; sb/Sb = 0.183117881272026 ; sb = 290.688837074973
      k =   31 ; sb/Sb = 0.336906972347842 ; sb = 534.819949389647
      k =   30 ; sb/Sb = 0.426438930908906 ; sb = 676.946653425166
      k =   99 ; sb/Sb = 0.713219465454453 ; sb = 1132.19383902877
      Creating new point: f = 0.830200358901633
Tear 2 : Sf = 1896.79020168996 ; Sb = 1816.64537100829
  Forwards path
    i = 24 ; sf/Sf = 0.245080120907733 ; sf = 464.865571966778
      k =   23 ; sb/Sb = 0 ; sb = 0
      k =   22 ; sb/Sb = 0.076670925979645 ; sb = 139.283882771841
      k =  174 ; sb/Sb = 0.316692045440318 ; sb = 575.3171383843
      Creating new point: f = 0.701643235839007
    i = 164 ; sf/Sf = 0.448482075501059 ; sf = 850.676406443987
      k =   23 ; sb/Sb = 0 ; sb = 0
      k =   22 ; sb/Sb = 0.076670925979645 ; sb = 139.283882771841
      k =  174 ; sb/Sb = 0.316692045440318 ; sb = 575.3171383843
      k =   21 ; sb/Sb = 0.556713164900991 ; sb = 1011.35039399676
      Creating new point: f = 0.549076807727892
    i = 25 ; sf/Sf = 0.651884030094386 ; sf = 1236.4872409212
      k =   23 ; sb/Sb = 0 ; sb = 0
      k =   22 ; sb/Sb = 0.076670925979645 ; sb = 139.283882771841
      k =  174 ; sb/Sb = 0.316692045440318 ; sb = 575.3171383843
      k =   21 ; sb/Sb = 0.556713164900991 ; sb = 1011.35039399676
      k =  219 ; sb/Sb = 0.778356582450495 ; sb = 1413.99788250252
      Creating new point: f = 0.429387284520363
    i = 153 ; sf/Sf = 0.825942015047193 ; sf = 1566.63872130558
      k =   23 ; sb/Sb = 0 ; sb = 0
      k =   22 ; sb/Sb = 0.076670925979645 ; sb = 139.283882771841
      k =  174 ; sb/Sb = 0.316692045440318 ; sb = 575.3171383843
      k =   21 ; sb/Sb = 0.556713164900991 ; sb = 1011.35039399676
      k =  219 ; sb/Sb = 0.778356582450495 ; sb = 1413.99788250252
      k =   20 ; sb/Sb = 1 ; sb = 1816.64537100829
      Creating new point: f = 0.214693642260181
Tear 3 : Sf = 1828.6397840655 ; Sb = 1689.87547270489
  Forwards path
    i = 44 ; sf/Sf = 0.207876673955896 ; sf = 380.131556174964
      k =   43 ; sb/Sb = 0 ; sb = 0
      k =  383 ; sb/Sb = 0.146063958516933 ; sb = 246.82990094395
      k =   42 ; sb/Sb = 0.292127917033866 ; sb = 493.659801887899
      Creating new point: f = 0.423189375850016
    i = 247 ; sf/Sf = 0.418894519566584 ; sf = 766.007183806459
      k =   43 ; sb/Sb = 0 ; sb = 0
      k =  383 ; sb/Sb = 0.146063958516933 ; sb = 246.82990094395
      k =   42 ; sb/Sb = 0.292127917033866 ; sb = 493.659801887899
      k =   41 ; sb/Sb = 0.404406403037572 ; sb = 683.396461498002
      k =  388 ; sb/Sb = 0.702203201518786 ; sb = 1186.63596710145
      Creating new point: f = 0.0486510150643074
    i = 45 ; sf/Sf = 0.629912365177272 ; sf = 1151.88281143795
      k =   43 ; sb/Sb = 0 ; sb = 0
      k =  383 ; sb/Sb = 0.146063958516933 ; sb = 246.82990094395
      k =   42 ; sb/Sb = 0.292127917033866 ; sb = 493.659801887899
      k =   41 ; sb/Sb = 0.404406403037572 ; sb = 683.396461498002
      k =  388 ; sb/Sb = 0.702203201518786 ; sb = 1186.63596710145
      Creating new point: f = 0.757247771936424
    i = 118 ; sf/Sf = 0.814956182588636 ; sf = 1490.26129775173
      k =   43 ; sb/Sb = 0 ; sb = 0
      k =  383 ; sb/Sb = 0.146063958516933 ; sb = 246.82990094395
      k =   42 ; sb/Sb = 0.292127917033866 ; sb = 493.659801887899
      k =   41 ; sb/Sb = 0.404406403037572 ; sb = 683.396461498002
      k =  388 ; sb/Sb = 0.702203201518786 ; sb = 1186.63596710145
      k =  469 ; sb/Sb = 0.851101600759393 ; sb = 1438.25571990317
      Creating new point: f = 0.757247771936425
Tear 4 : Sf = 1430.33292475851 ; Sb = 1605.64159353
  Forwards path
    i = 54 ; sf/Sf = 0.110543412845729 ; sf = 158.113883008419
      k =   53 ; sb/Sb = 0 ; sb = 0
      k =   52 ; sb/Sb = 0.136591579888289 ; sb = 219.317121994613
      Creating new point: f = 0.809298881645093
    i = 55 ; sf/Sf = 0.251068397584057 ; sf = 359.111395430837
      k =   53 ; sb/Sb = 0 ; sb = 0
      k =   52 ; sb/Sb = 0.136591579888289 ; sb = 219.317121994613
      k =   51 ; sb/Sb = 0.261773633736636 ; sb = 420.314634417031
      Creating new point: f = 0.914482660864886
    i = 56 ; sf/Sf = 0.508992499398479 ; sf = 728.028730344771
      k =   53 ; sb/Sb = 0 ; sb = 0
      k =   52 ; sb/Sb = 0.136591579888289 ; sb = 219.317121994613
      k =   51 ; sb/Sb = 0.261773633736636 ; sb = 420.314634417031
      k =  236 ; sb/Sb = 0.446330225302477 ; sb = 716.646374195273
      k =  107 ; sb/Sb = 0.630886816868318 ; sb = 1012.97811397352
      Creating new point: f = 0.339528778486608
    i = 57 ; sf/Sf = 0.851855328688636 ; sf = 1218.43672375434
      k =   53 ; sb/Sb = 0 ; sb = 0
      k =   52 ; sb/Sb = 0.136591579888289 ; sb = 219.317121994613
      k =   51 ; sb/Sb = 0.261773633736636 ; sb = 420.314634417031
      k =  236 ; sb/Sb = 0.446330225302477 ; sb = 716.646374195273
      k =  107 ; sb/Sb = 0.630886816868318 ; sb = 1012.97811397352
      k =  363 ; sb/Sb = 0.815443408434159 ; sb = 1309.30985375176
      k =   50 ; sb/Sb = 1 ; sb = 1605.64159353
      Creating new point: f = 0.197294065443809
Tear 5 : Sf = 944.178810702801 ; Sb = 976.777316799796
  Forwards path
    i = 62 ; sf/Sf = 0.527650846043042 ; sf = 498.196748283246
      k =   61 ; sb/Sb = 0 ; sb = 0
      k =  180 ; sb/Sb = 0.355125918111535 ; sb = 346.878941419049
      k =   60 ; sb/Sb = 0.710251836223069 ; sb = 693.757882838098
      Creating new point: f = 0.485813395003521
Tear 6 : Sf = 3716.69421881817 ; Sb = 3987.75647216202
  Forwards path
    i = 1 ; sf/Sf = 0.0834508383323612 ; sf = 310.161248385416
      k =   69 ; sb/Sb = 0 ; sb = 0
      k =  331 ; sb/Sb = 0.0713917258732164 ; sb = 284.692816909735
      k =   68 ; sb/Sb = 0.142783451746433 ; sb = 569.38563381947
      Creating new point: f = 0.168914707014654
    i = 2 ; sf/Sf = 0.142459492012876 ; sf = 529.47837038003
      k =   69 ; sb/Sb = 0 ; sb = 0
      k =  331 ; sb/Sb = 0.0713917258732164 ; sb = 284.692816909735
      k =   68 ; sb/Sb = 0.142783451746433 ; sb = 569.38563381947
      Creating new point: f = 0.995462222973402
    i = 184 ; sf/Sf = 0.21903721204512 ; sf = 814.094339714148
      k =   69 ; sb/Sb = 0 ; sb = 0
      k =  331 ; sb/Sb = 0.0713917258732164 ; sb = 284.692816909735
      k =   68 ; sb/Sb = 0.142783451746433 ; sb = 569.38563381947
      k =  156 ; sb/Sb = 0.268923527709599 ; sb = 1072.4015381406
      Creating new point: f = 0.60451652431979
    i = 114 ; sf/Sf = 0.295614932077365 ; sf = 1098.71030904827
      k =   69 ; sb/Sb = 0 ; sb = 0
      k =  331 ; sb/Sb = 0.0713917258732164 ; sb = 284.692816909735
      k =   68 ; sb/Sb = 0.142783451746433 ; sb = 569.38563381947
      k =  156 ; sb/Sb = 0.268923527709599 ; sb = 1072.4015381406
      k =  262 ; sb/Sb = 0.331993565691183 ; sb = 1323.90949030116
      Creating new point: f = 0.423202604944672
    i = 190 ; sf/Sf = 0.372192652109609 ; sf = 1383.32627838239
      k =   69 ; sb/Sb = 0 ; sb = 0
      k =  331 ; sb/Sb = 0.0713917258732164 ; sb = 284.692816909735
      k =   68 ; sb/Sb = 0.142783451746433 ; sb = 569.38563381947
      k =  156 ; sb/Sb = 0.268923527709599 ; sb = 1072.4015381406
      k =  262 ; sb/Sb = 0.331993565691183 ; sb = 1323.90949030116
      k =  143 ; sb/Sb = 0.395063603672766 ; sb = 1575.41744246172
      Creating new point: f = 0.637372161249765
    i = 3 ; sf/Sf = 0.448770372141853 ; sf = 1667.9422477165
      k =   69 ; sb/Sb = 0 ; sb = 0
      k =  331 ; sb/Sb = 0.0713917258732164 ; sb = 284.692816909735
      k =   68 ; sb/Sb = 0.142783451746433 ; sb = 569.38563381947
      k =  156 ; sb/Sb = 0.268923527709599 ; sb = 1072.4015381406
      k =  262 ; sb/Sb = 0.331993565691183 ; sb = 1323.90949030116
      k =  143 ; sb/Sb = 0.395063603672766 ; sb = 1575.41744246172
      k =  426 ; sb/Sb = 0.458133641654349 ; sb = 1826.92539462228
      Creating new point: f = 0.85154171755486
    i = 472 ; sf/Sf = 0.557630165996924 ; sf = 2072.54081419938
      k =   69 ; sb/Sb = 0 ; sb = 0
      k =  331 ; sb/Sb = 0.0713917258732164 ; sb = 284.692816909735
      k =   68 ; sb/Sb = 0.142783451746433 ; sb = 569.38563381947
      k =  156 ; sb/Sb = 0.268923527709599 ; sb = 1072.4015381406
      k =  262 ; sb/Sb = 0.331993565691183 ; sb = 1323.90949030116
      k =  143 ; sb/Sb = 0.395063603672766 ; sb = 1575.41744246172
      k =  426 ; sb/Sb = 0.458133641654349 ; sb = 1826.92539462229
      k =  208 ; sb/Sb = 0.521203679635932 ; sb = 2078.43334678285
      k =  463 ; sb/Sb = 0.584273717617515 ; sb = 2329.94129894341
      Creating new point: f = 0.577556118986777
    i = 4 ; sf/Sf = 0.666489959851994 ; sf = 2477.13938068226
      k =   69 ; sb/Sb = 0 ; sb = 0
      k =  331 ; sb/Sb = 0.0713917258732164 ; sb = 284.692816909735
      k =   68 ; sb/Sb = 0.142783451746433 ; sb = 569.38563381947
      k =  156 ; sb/Sb = 0.268923527709599 ; sb = 1072.4015381406
      k =  262 ; sb/Sb = 0.331993565691183 ; sb = 1323.90949030116
      k =  143 ; sb/Sb = 0.395063603672766 ; sb = 1575.41744246172
      k =  426 ; sb/Sb = 0.458133641654349 ; sb = 1826.92539462229
      k =  208 ; sb/Sb = 0.521203679635932 ; sb = 2078.43334678285
      k =  463 ; sb/Sb = 0.584273717617515 ; sb = 2329.94129894341
      k =   67 ; sb/Sb = 0.647343755599099 ; sb = 2581.44925110397
      k =  457 ; sb/Sb = 0.735507816699324 ; sb = 2933.02605636848
      Creating new point: f = 0.217165634318163
    i = 5 ; sf/Sf = 0.7578106967722 ; sf = 2816.5506356518
      k =   69 ; sb/Sb = 0 ; sb = 0
      k =  331 ; sb/Sb = 0.0713917258732164 ; sb = 284.692816909735
      k =   68 ; sb/Sb = 0.142783451746433 ; sb = 569.38563381947
      k =  156 ; sb/Sb = 0.268923527709599 ; sb = 1072.4015381406
      k =  262 ; sb/Sb = 0.331993565691183 ; sb = 1323.90949030116
      k =  143 ; sb/Sb = 0.395063603672766 ; sb = 1575.41744246172
      k =  426 ; sb/Sb = 0.458133641654349 ; sb = 1826.92539462229
      k =  208 ; sb/Sb = 0.521203679635932 ; sb = 2078.43334678285
      k =  463 ; sb/Sb = 0.584273717617515 ; sb = 2329.94129894341
      k =   67 ; sb/Sb = 0.647343755599099 ; sb = 2581.44925110397
      k =  457 ; sb/Sb = 0.735507816699324 ; sb = 2933.02605636848
      k =  449 ; sb/Sb = 0.823671877799549 ; sb = 3284.602861633
      Creating new point: f = 0.2529701989059
    i = 6 ; sf/Sf = 0.867068759496032 ; sf = 3222.62944573674
      k =   69 ; sb/Sb = 0 ; sb = 0
      k =  331 ; sb/Sb = 0.0713917258732164 ; sb = 284.692816909735
      k =   68 ; sb/Sb = 0.142783451746433 ; sb = 569.38563381947
      k =  156 ; sb/Sb = 0.268923527709599 ; sb = 1072.4015381406
      k =  262 ; sb/Sb = 0.331993565691183 ; sb = 1323.90949030116
      k =  143 ; sb/Sb = 0.395063603672766 ; sb = 1575.41744246172
      k =  426 ; sb/Sb = 0.458133641654349 ; sb = 1826.92539462229
      k =  208 ; sb/Sb = 0.521203679635932 ; sb = 2078.43334678285
      k =  463 ; sb/Sb = 0.584273717617515 ; sb = 2329.94129894341
      k =   67 ; sb/Sb = 0.647343755599099 ; sb = 2581.44925110397
      k =  457 ; sb/Sb = 0.735507816699324 ; sb = 2933.02605636848
      k =  449 ; sb/Sb = 0.823671877799549 ; sb = 3284.60286163299
      k =  456 ; sb/Sb = 0.879737689948629 ; sb = 3508.17966689751
      Creating new point: f = 0.774034657361069
    i = 7 ; sf/Sf = 1 ; sf = 3716.69421881817
      k =   69 ; sb/Sb = 0 ; sb = 0
      k =  331 ; sb/Sb = 0.0713917258732164 ; sb = 284.692816909735
      k =   68 ; sb/Sb = 0.142783451746433 ; sb = 569.38563381947
      k =  156 ; sb/Sb = 0.268923527709599 ; sb = 1072.4015381406
      k =  262 ; sb/Sb = 0.331993565691183 ; sb = 1323.90949030116
      k =  143 ; sb/Sb = 0.395063603672766 ; sb = 1575.41744246172
      k =  426 ; sb/Sb = 0.458133641654349 ; sb = 1826.92539462229
      k =  208 ; sb/Sb = 0.521203679635932 ; sb = 2078.43334678285
      k =  463 ; sb/Sb = 0.584273717617515 ; sb = 2329.94129894341
      k =   67 ; sb/Sb = 0.647343755599099 ; sb = 2581.44925110397
      k =  457 ; sb/Sb = 0.735507816699324 ; sb = 2933.02605636848
      k =  449 ; sb/Sb = 0.823671877799549 ; sb = 3284.60286163299
      k =  456 ; sb/Sb = 0.879737689948629 ; sb = 3508.17966689751
      k =  454 ; sb/Sb = 0.935803502097708 ; sb = 3731.75647216202
      k =   66 ; sb/Sb = 1 ; sb = 3987.75647216202
Tear 7 : Sf = 2084.75823441134 ; Sb = 1842.53897131877
  Forwards path
    i = 205 ; sf/Sf = 0.120444465187924 ; sf = 251.097590589794
      k =   11 ; sb/Sb = 0 ; sb = 0
      k =   10 ; sb/Sb = 0.298698439924322 ; sb = 550.363516232681
      Creating new point: f = 0.403230981783633
    i = 12 ; sf/Sf = 0.240888930375848 ; sf = 502.195181179589
      k =   11 ; sb/Sb = 0 ; sb = 0
      k =   10 ; sb/Sb = 0.298698439924322 ; sb = 550.36351623268
      Creating new point: f = 0.806461963567267
    i = 145 ; sf/Sf = 0.361309514436307 ; sf = 753.242985392253
      k =   11 ; sb/Sb = 0 ; sb = 0
      k =   10 ; sb/Sb = 0.298698439924322 ; sb = 550.36351623268
      k =  375 ; sb/Sb = 0.456929879953835 ; sb = 841.911110974946
      Creating new point: f = 0.395693008294096
    i = 13 ; sf/Sf = 0.481730098496765 ; sf = 1004.29078960492
      k =   11 ; sb/Sb = 0 ; sb = 0
      k =   10 ; sb/Sb = 0.298698439924322 ; sb = 550.36351623268
      k =  375 ; sb/Sb = 0.456929879953835 ; sb = 841.911110974946
      k =    9 ; sb/Sb = 0.615161319983347 ; sb = 1133.45870571721
      Creating new point: f = 0.156733823178916
    i = 14 ; sf/Sf = 0.599713792464248 ; sf = 1250.25826712989
      k =   11 ; sb/Sb = 0 ; sb = 0
      k =   10 ; sb/Sb = 0.298698439924322 ; sb = 550.36351623268
      k =  375 ; sb/Sb = 0.456929879953835 ; sb = 841.911110974946
      k =    9 ; sb/Sb = 0.615161319983347 ; sb = 1133.45870571721
      Creating new point: f = 0.902373842289385
    i = 15 ; sf/Sf = 0.796379282607171 ; sf = 1660.25826712989
      k =   11 ; sb/Sb = 0 ; sb = 0
      k =   10 ; sb/Sb = 0.298698439924322 ; sb = 550.36351623268
      k =  375 ; sb/Sb = 0.456929879953835 ; sb = 841.911110974946
      k =    9 ; sb/Sb = 0.615161319983347 ; sb = 1133.45870571721
      k =  133 ; sb/Sb = 0.738236496649306 ; sb = 1360.22951512618
      k =    8 ; sb/Sb = 0.861311673315265 ; sb = 1587.00032453515
      Creating new point: f = 0.472416839308477
    i = 16 ; sf/Sf = 0.894799733429742 ; sf = 1865.44111241673
      k =   11 ; sb/Sb = 0 ; sb = 0
      k =   10 ; sb/Sb = 0.298698439924322 ; sb = 550.36351623268
      k =  375 ; sb/Sb = 0.456929879953835 ; sb = 841.911110974946
      k =    9 ; sb/Sb = 0.615161319983347 ; sb = 1133.45870571721
      k =  133 ; sb/Sb = 0.738236496649306 ; sb = 1360.22951512618
      k =    8 ; sb/Sb = 0.861311673315265 ; sb = 1587.00032453515
      k =    7 ; sb/Sb = 1 ; sb = 1842.53897131877
      Creating new point: f = 0.241462716545726
Tear 1 : Sf = 1587.44102463237 ; Sb = 1568.84027823647
  Backwards path
    i = 32 ; sf/Sf = 0.183117881272026 ; sf = 290.688837074973
      k =   33 ; sb/Sb = 0 ; sb = 0
      k =   34 ; sb/Sb = 0.216814312937106 ; sb = 340.147027033899
      Creating new point: f = 0.844583915108707
    i = 31 ; sf/Sf = 0.336906972347842 ; sf = 534.819949389647
      k =   33 ; sb/Sb = 0 ; sb = 0
      k =   34 ; sb/Sb = 0.216814312937106 ; sb = 340.147027033899
      k =   35 ; sb/Sb = 0.362306653602178 ; sb = 568.401271244166
      Creating new point: f = 0.825422553941809
    i = 30 ; sf/Sf = 0.426438930908906 ; sf = 676.946653425166
      k =   33 ; sb/Sb = 0 ; sb = 0
      k =   34 ; sb/Sb = 0.216814312937106 ; sb = 340.147027033899
      k =   35 ; sb/Sb = 0.362306653602178 ; sb = 568.401271244166
      k =   36 ; sb/Sb = 0.508911762605717 ; sb = 798.401271244165
      Creating new point: f = 0.437449129451415
    i = 99 ; sf/Sf = 0.713219465454453 ; sf = 1132.19383902877
      k =   33 ; sb/Sb = 0 ; sb = 0
      k =   34 ; sb/Sb = 0.216814312937106 ; sb = 340.147027033899
      k =   35 ; sb/Sb = 0.362306653602178 ; sb = 568.401271244166
      k =   36 ; sb/Sb = 0.508911762605717 ; sb = 798.401271244165
      k =   37 ; sb/Sb = 0.664524233614621 ; sb = 1042.53238355884
      k =   38 ; sb/Sb = 1 ; sb = 1568.84027823647
      Creating new point: f = 0.145152755337603
    i = 105 ; sf/Sf = 0.856609732727226 ; sf = 1359.81743183057
      k =   33 ; sb/Sb = 0 ; sb = 0
      k =   34 ; sb/Sb = 0.216814312937106 ; sb = 340.147027033899
      k =   35 ; sb/Sb = 0.362306653602178 ; sb = 568.401271244166
      k =   36 ; sb/Sb = 0.508911762605717 ; sb = 798.401271244165
      k =   37 ; sb/Sb = 0.664524233614621 ; sb = 1042.53238355884
      k =   38 ; sb/Sb = 1 ; sb = 1568.84027823647
      Creating new point: f = 0.572576377668801
Tear 2 : Sf = 1816.64537100829 ; Sb = 1896.79020168996
  Backwards path
    i = 22 ; sf/Sf = 0.076670925979645 ; sf = 139.283882771841
      k =   23 ; sb/Sb = 0 ; sb = 0
      k =   24 ; sb/Sb = 0.245080120907733 ; sb = 464.865571966778
      Creating new point: f = 0.312840248714052
    i = 174 ; sf/Sf = 0.316692045440318 ; sf = 575.3171383843
      k =   23 ; sb/Sb = 0 ; sb = 0
      k =   24 ; sb/Sb = 0.245080120907733 ; sb = 464.865571966778
      k =  164 ; sb/Sb = 0.448482075501059 ; sb = 850.676406443987
      Creating new point: f = 0.35207097530485
    i = 21 ; sf/Sf = 0.556713164900991 ; sf = 1011.35039399676
      k =   23 ; sb/Sb = 0 ; sb = 0
      k =   24 ; sb/Sb = 0.245080120907733 ; sb = 464.865571966778
      k =  164 ; sb/Sb = 0.448482075501059 ; sb = 850.676406443987
      k =   25 ; sb/Sb = 0.651884030094386 ; sb = 1236.4872409212
      Creating new point: f = 0.532104470757542
    i = 219 ; sf/Sf = 0.778356582450495 ; sf = 1413.99788250252
      k =   23 ; sb/Sb = 0 ; sb = 0
      k =   24 ; sb/Sb = 0.245080120907733 ; sb = 464.865571966778
      k =  164 ; sb/Sb = 0.448482075501059 ; sb = 850.676406443987
      k =   25 ; sb/Sb = 0.651884030094386 ; sb = 1236.4872409212
      k =  153 ; sb/Sb = 0.825942015047193 ; sb = 1566.63872130558
      Creating new point: f = 0.72661160813967
Tear 3 : Sf = 1689.87547270489 ; Sb = 1828.6397840655
  Backwards path
    i = 383 ; sf/Sf = 0.146063958516933 ; sf = 246.82990094395
      k =   43 ; sb/Sb = 0 ; sb = 0
      k =   44 ; sb/Sb = 0.207876673955896 ; sb = 380.131556174964
      Creating new point: f = 0.702647178913023
    i = 42 ; sf/Sf = 0.292127917033866 ; sf = 493.659801887899
      k =   43 ; sb/Sb = 0 ; sb = 0
      k =   44 ; sb/Sb = 0.207876673955896 ; sb = 380.131556174964
      k =  247 ; sb/Sb = 0.418894519566584 ; sb = 766.007183806459
      Creating new point: f = 0.399261222832342
    i = 41 ; sf/Sf = 0.404406403037572 ; sf = 683.396461498002
      k =   43 ; sb/Sb = 0 ; sb = 0
      k =   44 ; sb/Sb = 0.207876673955896 ; sb = 380.131556174964
      k =  247 ; sb/Sb = 0.418894519566584 ; sb = 766.007183806459
      Creating new point: f = 0.931341747485464
    i = 388 ; sf/Sf = 0.702203201518786 ; sf = 1186.63596710145
      k =   43 ; sb/Sb = 0 ; sb = 0
      k =   44 ; sb/Sb = 0.207876673955896 ; sb = 380.131556174964
      k =  247 ; sb/Sb = 0.418894519566584 ; sb = 766.007183806459
      k =   45 ; sb/Sb = 0.629912365177272 ; sb = 1151.88281143795
      k =  118 ; sb/Sb = 0.814956182588636 ; sb = 1490.26129775173
      Creating new point: f = 0.390668747288147
    i = 469 ; sf/Sf = 0.851101600759393 ; sf = 1438.25571990317
      k =   43 ; sb/Sb = 0 ; sb = 0
      k =   44 ; sb/Sb = 0.207876673955896 ; sb = 380.131556174964
      k =  247 ; sb/Sb = 0.418894519566584 ; sb = 766.007183806459
      k =   45 ; sb/Sb = 0.629912365177272 ; sb = 1151.88281143795
      k =  118 ; sb/Sb = 0.814956182588636 ; sb = 1490.26129775173
      k =   46 ; sb/Sb = 1 ; sb = 1828.6397840655
      Creating new point: f = 0.195334373644074
Tear 4 : Sf = 1605.64159353 ; Sb = 1430.33292475851
  Backwards path
    i = 52 ; sf/Sf = 0.136591579888289 ; sf = 219.317121994613
      k =   53 ; sb/Sb = 0 ; sb = 0
      k =   54 ; sb/Sb = 0.110543412845729 ; sb = 158.113883008419
      k =   55 ; sb/Sb = 0.251068397584057 ; sb = 359.111395430837
      Creating new point: f = 0.185363244059871
    i = 51 ; sf/Sf = 0.261773633736636 ; sf = 420.314634417031
      k =   53 ; sb/Sb = 0 ; sb = 0
      k =   54 ; sb/Sb = 0.110543412845729 ; sb = 158.113883008419
      k =   55 ; sb/Sb = 0.251068397584057 ; sb = 359.111395430837
      k =   56 ; sb/Sb = 0.508992499398479 ; sb = 728.028730344771
      Creating new point: f = 0.041505373391904
    i = 236 ; sf/Sf = 0.446330225302477 ; sf = 716.646374195273
      k =   53 ; sb/Sb = 0 ; sb = 0
      k =   54 ; sb/Sb = 0.110543412845729 ; sb = 158.113883008419
      k =   55 ; sb/Sb = 0.251068397584057 ; sb = 359.111395430837
      k =   56 ; sb/Sb = 0.508992499398479 ; sb = 728.028730344771
      Creating new point: f = 0.757051498269488
    i = 107 ; sf/Sf = 0.630886816868318 ; sf = 1012.97811397352
      k =   53 ; sb/Sb = 0 ; sb = 0
      k =   54 ; sb/Sb = 0.110543412845729 ; sb = 158.113883008419
      k =   55 ; sb/Sb = 0.251068397584057 ; sb = 359.111395430837
      k =   56 ; sb/Sb = 0.508992499398479 ; sb = 728.028730344771
      k =   57 ; sb/Sb = 0.851855328688636 ; sb = 1218.43672375434
      Creating new point: f = 0.355519196181755
    i = 363 ; sf/Sf = 0.815443408434159 ; sf = 1309.30985375176
      k =   53 ; sb/Sb = 0 ; sb = 0
      k =   54 ; sb/Sb = 0.110543412845729 ; sb = 158.113883008419
      k =   55 ; sb/Sb = 0.251068397584057 ; sb = 359.111395430837
      k =   56 ; sb/Sb = 0.508992499398479 ; sb = 728.028730344771
      k =   57 ; sb/Sb = 0.851855328688636 ; sb = 1218.43672375434
      Creating new point: f = 0.893800327291638
Tear 5 : Sf = 976.777316799796 ; Sb = 944.178810702801
  Backwards path
    i = 180 ; sf/Sf = 0.355125918111535 ; sf = 346.878941419049
      k =   61 ; sb/Sb = 0 ; sb = 0
      k =   62 ; sb/Sb = 0.527650846043042 ; sb = 498.196748283246
      Creating new point: f = 0.673032026338429
    i = 60 ; sf/Sf = 0.710251836223069 ; sf = 693.757882838098
      k =   61 ; sb/Sb = 0 ; sb = 0
      k =   62 ; sb/Sb = 0.527650846043042 ; sb = 498.196748283246
      k =   63 ; sb/Sb = 1 ; sb = 944.178810702801
      Creating new point: f = 0.386580538252995
Tear 6 : Sf = 3987.75647216202 ; Sb = 3716.69421881817
  Backwards path
    i = 331 ; sf/Sf = 0.0713917258732164 ; sf = 284.692816909735
      k =   69 ; sb/Sb = 0 ; sb = 0
      k =    1 ; sb/Sb = 0.0834508383323612 ; sb = 310.161248385416
      Creating new point: f = 0.855494412037938
    i = 68 ; sf/Sf = 0.142783451746433 ; sf = 569.38563381947
      k =   69 ; sb/Sb = 0 ; sb = 0
      k =    1 ; sb/Sb = 0.0834508383323612 ; sb = 310.161248385416
      k =    2 ; sb/Sb = 0.142459492012876 ; sb = 529.47837038003
      k =  184 ; sb/Sb = 0.21903721204512 ; sb = 814.094339714148
      Creating new point: f = 0.00423046982099013
    i = 156 ; sf/Sf = 0.268923527709599 ; sf = 1072.4015381406
      k =   69 ; sb/Sb = 0 ; sb = 0
      k =    1 ; sb/Sb = 0.0834508383323612 ; sb = 310.161248385416
      k =    2 ; sb/Sb = 0.142459492012876 ; sb = 529.47837038003
      k =  184 ; sb/Sb = 0.21903721204512 ; sb = 814.094339714148
      k =  114 ; sb/Sb = 0.295614932077365 ; sb = 1098.71030904827
      Creating new point: f = 0.651446865269342
    i = 262 ; sf/Sf = 0.331993565691183 ; sf = 1323.90949030116
      k =   69 ; sb/Sb = 0 ; sb = 0
      k =    1 ; sb/Sb = 0.0834508383323612 ; sb = 310.161248385416
      k =    2 ; sb/Sb = 0.142459492012876 ; sb = 529.47837038003
      k =  184 ; sb/Sb = 0.21903721204512 ; sb = 814.094339714148
      k =  114 ; sb/Sb = 0.295614932077365 ; sb = 1098.71030904827
      k =  190 ; sb/Sb = 0.372192652109609 ; sb = 1383.32627838239
      Creating new point: f = 0.475055062993518
    i = 143 ; sf/Sf = 0.395063603672766 ; sf = 1575.41744246172
      k =   69 ; sb/Sb = 0 ; sb = 0
      k =    1 ; sb/Sb = 0.0834508383323612 ; sb = 310.161248385416
      k =    2 ; sb/Sb = 0.142459492012876 ; sb = 529.47837038003
      k =  184 ; sb/Sb = 0.21903721204512 ; sb = 814.094339714148
      k =  114 ; sb/Sb = 0.295614932077365 ; sb = 1098.71030904827
      k =  190 ; sb/Sb = 0.372192652109609 ; sb = 1383.32627838239
      k =    3 ; sb/Sb = 0.448770372141853 ; sb = 1667.9422477165
      Creating new point: f = 0.298663260717694
    i = 426 ; sf/Sf = 0.458133641654349 ; sf = 1826.92539462229
      k =   69 ; sb/Sb = 0 ; sb = 0
      k =    1 ; sb/Sb = 0.0834508383323612 ; sb = 310.161248385416
      k =    2 ; sb/Sb = 0.142459492012876 ; sb = 529.47837038003
      k =  184 ; sb/Sb = 0.21903721204512 ; sb = 814.094339714148
      k =  114 ; sb/Sb = 0.295614932077365 ; sb = 1098.71030904827
      k =  190 ; sb/Sb = 0.372192652109609 ; sb = 1383.32627838239
      k =    3 ; sb/Sb = 0.448770372141853 ; sb = 1667.9422477165
      k =  472 ; sb/Sb = 0.557630165996924 ; sb = 2072.54081419938
      Creating new point: f = 0.0860121922053371
    i = 208 ; sf/Sf = 0.521203679635932 ; sf = 2078.43334678285
      k =   69 ; sb/Sb = 0 ; sb = 0
      k =    1 ; sb/Sb = 0.0834508383323612 ; sb = 310.161248385416
      k =    2 ; sb/Sb = 0.142459492012876 ; sb = 529.47837038003
      k =  184 ; sb/Sb = 0.21903721204512 ; sb = 814.094339714148
      k =  114 ; sb/Sb = 0.295614932077365 ; sb = 1098.71030904827
      k =  190 ; sb/Sb = 0.372192652109609 ; sb = 1383.32627838239
      k =    3 ; sb/Sb = 0.448770372141853 ; sb = 1667.9422477165
      k =  472 ; sb/Sb = 0.557630165996924 ; sb = 2072.54081419938
      Creating new point: f = 0.665381633833628
    i = 463 ; sf/Sf = 0.584273717617515 ; sf = 2329.94129894341
      k =   69 ; sb/Sb = 0 ; sb = 0
      k =    1 ; sb/Sb = 0.0834508383323612 ; sb = 310.161248385416
      k =    2 ; sb/Sb = 0.142459492012876 ; sb = 529.47837038003
      k =  184 ; sb/Sb = 0.21903721204512 ; sb = 814.094339714148
      k =  114 ; sb/Sb = 0.295614932077365 ; sb = 1098.71030904827
      k =  190 ; sb/Sb = 0.372192652109609 ; sb = 1383.32627838239
      k =    3 ; sb/Sb = 0.448770372141853 ; sb = 1667.9422477165
      k =  472 ; sb/Sb = 0.557630165996924 ; sb = 2072.54081419938
      k =    4 ; sb/Sb = 0.666489959851994 ; sb = 2477.13938068226
      Creating new point: f = 0.244751075461921
    i = 67 ; sf/Sf = 0.647343755599099 ; sf = 2581.44925110397
      k =   69 ; sb/Sb = 0 ; sb = 0
      k =    1 ; sb/Sb = 0.0834508383323612 ; sb = 310.161248385416
      k =    2 ; sb/Sb = 0.142459492012876 ; sb = 529.47837038003
      k =  184 ; sb/Sb = 0.21903721204512 ; sb = 814.094339714148
      k =  114 ; sb/Sb = 0.295614932077365 ; sb = 1098.71030904827
      k =  190 ; sb/Sb = 0.372192652109609 ; sb = 1383.32627838239
      k =    3 ; sb/Sb = 0.448770372141853 ; sb = 1667.9422477165
      k =  472 ; sb/Sb = 0.557630165996924 ; sb = 2072.54081419938
      k =    4 ; sb/Sb = 0.666489959851994 ; sb = 2477.13938068226
      Creating new point: f = 0.824120517090214
    i = 457 ; sf/Sf = 0.735507816699324 ; sf = 2933.02605636848
      k =   69 ; sb/Sb = 0 ; sb = 0
      k =    1 ; sb/Sb = 0.0834508383323612 ; sb = 310.161248385416
      k =    2 ; sb/Sb = 0.142459492012876 ; sb = 529.47837038003
      k =  184 ; sb/Sb = 0.21903721204512 ; sb = 814.094339714148
      k =  114 ; sb/Sb = 0.295614932077365 ; sb = 1098.71030904827
      k =  190 ; sb/Sb = 0.372192652109609 ; sb = 1383.32627838239
      k =    3 ; sb/Sb = 0.448770372141853 ; sb = 1667.9422477165
      k =  472 ; sb/Sb = 0.557630165996924 ; sb = 2072.54081419938
      k =    4 ; sb/Sb = 0.666489959851994 ; sb = 2477.13938068226
      k =    5 ; sb/Sb = 0.7578106967722 ; sb = 2816.5506356518
      Creating new point: f = 0.755774199540639
    i = 449 ; sf/Sf = 0.823671877799549 ; sf = 3284.60286163299
      k =   69 ; sb/Sb = 0 ; sb = 0
      k =    1 ; sb/Sb = 0.0834508383323612 ; sb = 310.161248385416
      k =    2 ; sb/Sb = 0.142459492012876 ; sb = 529.47837038003
      k =  184 ; sb/Sb = 0.21903721204512 ; sb = 814.094339714148
      k =  114 ; sb/Sb = 0.295614932077365 ; sb = 1098.71030904827
      k =  190 ; sb/Sb = 0.372192652109609 ; sb = 1383.32627838239
      k =    3 ; sb/Sb = 0.448770372141853 ; sb = 1667.9422477165
      k =  472 ; sb/Sb = 0.557630165996924 ; sb = 2072.54081419938
      k =    4 ; sb/Sb = 0.666489959851994 ; sb = 2477.13938068226
      k =    5 ; sb/Sb = 0.7578106967722 ; sb = 2816.5506356518
      k =    6 ; sb/Sb = 0.867068759496032 ; sb = 3222.62944573674
      Creating new point: f = 0.602803851591479
    i = 456 ; sf/Sf = 0.879737689948629 ; sf = 3508.17966689751
      k =   69 ; sb/Sb = 0 ; sb = 0
      k =    1 ; sb/Sb = 0.0834508383323612 ; sb = 310.161248385416
      k =    2 ; sb/Sb = 0.142459492012876 ; sb = 529.47837038003
      k =  184 ; sb/Sb = 0.21903721204512 ; sb = 814.094339714148
      k =  114 ; sb/Sb = 0.295614932077365 ; sb = 1098.71030904827
      k =  190 ; sb/Sb = 0.372192652109609 ; sb = 1383.32627838239
      k =    3 ; sb/Sb = 0.448770372141853 ; sb = 1667.9422477165
      k =  472 ; sb/Sb = 0.557630165996924 ; sb = 2072.54081419938
      k =    4 ; sb/Sb = 0.666489959851994 ; sb = 2477.13938068226
      k =    5 ; sb/Sb = 0.7578106967722 ; sb = 2816.5506356518
      k =    6 ; sb/Sb = 0.867068759496032 ; sb = 3222.62944573674
      k =    7 ; sb/Sb = 1 ; sb = 3716.69421881817
      Creating new point: f = 0.0953043874755575
    i = 454 ; sf/Sf = 0.935803502097708 ; sf = 3731.75647216202
      k =   69 ; sb/Sb = 0 ; sb = 0
      k =    1 ; sb/Sb = 0.0834508383323612 ; sb = 310.161248385416
      k =    2 ; sb/Sb = 0.142459492012876 ; sb = 529.47837038003
      k =  184 ; sb/Sb = 0.21903721204512 ; sb = 814.094339714148
      k =  114 ; sb/Sb = 0.295614932077365 ; sb = 1098.71030904827
      k =  190 ; sb/Sb = 0.372192652109609 ; sb = 1383.32627838239
      k =    3 ; sb/Sb = 0.448770372141853 ; sb = 1667.9422477165
      k =  472 ; sb/Sb = 0.557630165996924 ; sb = 2072.54081419938
      k =    4 ; sb/Sb = 0.666489959851994 ; sb = 2477.13938068226
      k =    5 ; sb/Sb = 0.7578106967722 ; sb = 2816.5506356518
      k =    6 ; sb/Sb = 0.867068759496032 ; sb = 3222.62944573674
      k =    7 ; sb/Sb = 1 ; sb = 3716.69421881817
      Creating new point: f = 0.517069895241251
Tear 7 : Sf = 1842.53897131877 ; Sb = 2084.75823441134
  Backwards path
    i = 10 ; sf/Sf = 0.298698439924322 ; sf = 550.36351623268
      k =   11 ; sb/Sb = 0 ; sb = 0
      k =  205 ; sb/Sb = 0.120444465187924 ; sb = 251.097590589794
      k =   12 ; sb/Sb = 0.240888930375848 ; sb = 502.195181179589
      k =  145 ; sb/Sb = 0.361309514436307 ; sb = 753.242985392253
      Creating new point: f = 0.480063354612613
    i = 375 ; sf/Sf = 0.456929879953835 ; sf = 841.911110974946
      k =   11 ; sb/Sb = 0 ; sb = 0
      k =  205 ; sb/Sb = 0.120444465187924 ; sb = 251.097590589794
      k =   12 ; sb/Sb = 0.240888930375848 ; sb = 502.195181179589
      k =  145 ; sb/Sb = 0.361309514436307 ; sb = 753.242985392253
      k =   13 ; sb/Sb = 0.481730098496765 ; sb = 1004.29078960492
      Creating new point: f = 0.794053327872256
    i = 9 ; sf/Sf = 0.615161319983347 ; sf = 1133.45870571721
      k =   11 ; sb/Sb = 0 ; sb = 0
      k =  205 ; sb/Sb = 0.120444465187924 ; sb = 251.097590589794
      k =   12 ; sb/Sb = 0.240888930375848 ; sb = 502.195181179589
      k =  145 ; sb/Sb = 0.361309514436307 ; sb = 753.242985392253
      k =   13 ; sb/Sb = 0.481730098496765 ; sb = 1004.29078960492
      k =   14 ; sb/Sb = 0.599713792464248 ; sb = 1250.25826712989
      k =   15 ; sb/Sb = 0.796379282607171 ; sb = 1660.25826712989
      Creating new point: f = 0.0785472199920427
    i = 133 ; sf/Sf = 0.738236496649306 ; sf = 1360.22951512618
      k =   11 ; sb/Sb = 0 ; sb = 0
      k =  205 ; sb/Sb = 0.120444465187924 ; sb = 251.097590589794
      k =   12 ; sb/Sb = 0.240888930375848 ; sb = 502.195181179589
      k =  145 ; sb/Sb = 0.361309514436307 ; sb = 753.242985392253
      k =   13 ; sb/Sb = 0.481730098496765 ; sb = 1004.29078960492
      k =   14 ; sb/Sb = 0.599713792464248 ; sb = 1250.25826712989
      k =   15 ; sb/Sb = 0.796379282607171 ; sb = 1660.25826712989
      Creating new point: f = 0.704356946835916
    i = 8 ; sf/Sf = 0.861311673315265 ; sf = 1587.00032453515
      k =   11 ; sb/Sb = 0 ; sb = 0
      k =  205 ; sb/Sb = 0.120444465187924 ; sb = 251.097590589794
      k =   12 ; sb/Sb = 0.240888930375848 ; sb = 502.195181179589
      k =  145 ; sb/Sb = 0.361309514436307 ; sb = 753.242985392253
      k =   13 ; sb/Sb = 0.481730098496765 ; sb = 1004.29078960492
      k =   14 ; sb/Sb = 0.599713792464248 ; sb = 1250.25826712989
      k =   15 ; sb/Sb = 0.796379282607171 ; sb = 1660.25826712989
      k =   16 ; sb/Sb = 0.894799733429742 ; sb = 1865.44111241673
      Creating new point: f = 0.65974490225768
Triangulating...
[1] "Non-adjacent points in rim connected by line: 71 49"
[1] "In triangle: 11" "In triangle: 14"
[1] "Other points in triangles: 48 476"
[1] "Non-adjacent points in rim connected by line: 76 65"
[1] "In triangle: 541" "In triangle: 543"
[1] "Other points in triangles: 477 92"
[1] "Non-adjacent points in rim connected by line: 78 75"
[1] "In triangle: 464" "In triangle: 465"
[1] "Other points in triangles: 566 483"
[1] "Non-adjacent points in rim connected by line: 83 27"
[1] "In triangle: 366" "In triangle: 368"
[1] "Other points in triangles: 478 485"
[1] "Non-adjacent points in rim connected by line: 92 65"
[1] "In triangle: 539"  "In triangle: 1038"
[1] "Other points in triangles: 486 628"
[1] "Non-adjacent points in rim connected by line: 94 93"
[1] "In triangle: 545" "In triangle: 546"
[1] "Other points in triangles: 487 488"
Merging points...
Projecting to sphere...
Optimising mapping with FIRE...
E =  0.00257 | E_L =  0.00257 | E_A =  0.00000 |   4 flippped triangles
            X1         X2        X3         X4
id 366.0000000 450.000000 452.00000  539.00000
A    5.6778455   1.461505   1.64655   73.33539
a   -0.4130579  -3.617685  -1.36171 -156.57859
E =  0.00245 | E_L =  0.00245 | E_A =  0.00000 |  46 flippped triangles
        phi0    phi0.1    phi0.2    phi0.3    phi0.4    phi0.5     phi0.6
id   11.0000   124.000   167.000  170.0000    326.00  327.0000 369.000000
A  1416.8018  6868.619  3717.039  315.7996  15840.58 1457.7392   2.773501
a   -95.8862 -6277.464 -1564.793 -186.7150 -12302.11 -896.7608  -5.597310
        phi0.7     phi0.8    phi0.9    phi0.10   phi0.11   phi0.12   phi0.13
id 443.0000000 444.000000   449.000 450.000000 452.00000   455.000  456.0000
A    1.7265044   5.054706  1778.261   1.461505   1.64655  1189.837  482.7206
a   -0.3466591  -6.165195 -2001.200  -1.303657  -1.63501 -1337.658 -565.3010
        phi0.14     phi0.15    phi0.16    phi0.17    phi0.18   phi0.19
id 459.00000000 461.0000000 462.000000 464.000000 466.000000   471.000
A    2.52735277   2.3312576   2.496151   1.359911   7.100163  1038.134
a   -0.03589485  -0.6099122  -1.999084  -1.015267 -21.206989 -1156.848
     phi0.20   phi0.21   phi0.22   phi0.23    phi0.24   phi0.25   phi0.26
id  514.0000 538.00000 539.00000  541.0000 546.000000 547.00000 548.00000
A  1275.1954 138.71571  73.33539  393.7339  13.471223  55.36984 117.06760
a  -563.0416 -35.16996 -30.41954 -414.0720  -9.830321 -50.06182 -30.36268
     phi0.27   phi0.28   phi0.29   phi0.30   phi0.31    phi0.32   phi0.33
id 550.00000  581.0000   582.000   598.000  605.0000 606.000000  608.0000
A   93.97585  290.9947  3114.819  2705.760  536.9691   2.247937  409.4575
a  -10.34158 -452.4628 -2497.186 -2207.947 -481.6221  -1.806375 -398.7458
      phi0.34    phi0.35   phi0.36   phi0.37   phi0.38   phi0.39   phi0.40
id 619.000000 620.000000  622.0000  633.0000   717.000   750.000 1036.0000
A    1.952723   1.120501  459.6326  120.1047  1667.133  3532.738  258.6735
a   -1.730226  -3.122075 -418.1905 -275.3193 -1457.304 -3123.539 -260.7747
      phi0.41  phi0.42      phi0.43    phi0.44    phi0.45
id 1037.00000 1038.000 1040.0000000 1044.00000 1045.00000
A   144.25186  100.179    0.7661617   71.39277   28.84715
a   -29.56109 -158.236   -0.7609146  -42.30960  -33.82776
E =  0.00245 | E_L =  0.00245 | E_A =  0.00000 |  52 flippped triangles
         phi0    phi0.1    phi0.2    phi0.3    phi0.4    phi0.5     phi0.6
id   11.00000   124.000   167.000  170.0000    326.00   327.000 369.000000
A  1416.80180  6868.619  3717.039  315.7996  15840.58  1457.739   2.773501
a   -58.71565 -6913.076 -1930.552 -255.9561 -15620.15 -1006.169  -5.145489
        phi0.7     phi0.8    phi0.9    phi0.10    phi0.11    phi0.12   phi0.13
id 443.0000000 444.000000   449.000 450.000000 451.000000 452.000000   455.000
A    1.7265044   5.054706  1778.261   1.461505   1.976336   1.646550  1189.837
a   -0.7303138  -4.346679 -1994.276  -1.430691  -2.355676  -1.313651 -1276.801
     phi0.14    phi0.15    phi0.16    phi0.17     phi0.18    phi0.19    phi0.20
id  456.0000 459.000000 461.000000 462.000000 463.0000000 464.000000 466.000000
A   482.7206   2.527353   2.331258   2.496151   1.3956344   1.359911   7.100163
a  -546.2553  -2.644439  -1.780923  -0.100082  -0.7778094  -1.640151 -23.738166
     phi0.21   phi0.22  phi0.23   phi0.24   phi0.25   phi0.26   phi0.27
id   471.000  514.0000 538.0000 539.00000  541.0000 546.00000 547.00000
A   1038.134 1275.1954 138.7157  73.33539  393.7339  13.47122  55.36984
a  -1115.236 -609.6413 -93.6225 -57.09067 -420.8074 -14.03384 -69.21163
      phi0.28   phi0.29   phi0.30   phi0.31   phi0.32    phi0.33   phi0.34
id  550.00000  581.0000   582.000   598.000  605.0000 606.000000  608.0000
A    93.97585  290.9947  3114.819  2705.760  536.9691   2.247937  409.4575
a  -118.67766 -388.7225 -2667.723 -2328.667 -428.3648  -2.309139 -383.4642
    phi0.35    phi0.36   phi0.37    phi0.38   phi0.39   phi0.40   phi0.41
id  614.000 619.000000  622.0000 624.000000  633.0000   717.000   750.000
A  3495.195   1.952723  459.6326   1.977131  120.1047  1667.133  3532.738
a  -369.085  -2.077370 -401.3758  -2.482561 -276.2615 -1513.874 -3271.574
     phi0.42   phi0.43   phi0.44   phi0.45    phi0.46    phi0.47      phi0.48
id   758.000   930.000  1006.000 1036.0000 1037.00000 1038.00000 1040.0000000
A   8360.004 21985.442  1396.929  258.6735  144.25186  100.17900    0.7661617
a  -2629.559 -6432.436 -1211.423 -273.3405  -52.40427  -92.08744   -0.7854438
      phi0.49    phi0.50    phi0.51
id 1043.00000 1044.00000 1045.00000
A    44.54916   71.39277   28.84715
a   -29.41557  -48.31598  -37.40176
FIRE:  1  stops.  161 hits of maxmove.  121 hits of dtmax.
Frms = 0.000265099413282461; Ftanrms = 0.000265099368903868
E =  0.00886 | E_L =  0.00492 | E_A =  0.00394 |   8 flippped triangles
          phi0     phi0.1        phi0.2       phi0.3        phi0.4
id 450.0000000 457.000000 458.000000000 459.00000000 461.000000000
A    1.4615050   1.320663   1.485773143   2.52735277   2.331257582
a   -0.3626421  -0.023726  -0.002680951  -0.02557147  -0.005391816
          phi0.5        phi0.6        phi0.7
id 463.000000000 465.000000000  1.040000e+03
A    1.395634361   0.920912412  7.661617e-01
a   -0.007016138  -0.009490979 -4.183098e-03
FIRE:  14  stops.  1 hits of maxmove.  0 hits of dtmax.
Frms = 0.000155232706621639; Ftanrms = 0.000155232694437413
E =  0.00798 | E_L =  0.00412 | E_A =  0.00386 |   7 flippped triangles
          phi0       phi0.1       phi0.2        phi0.3        phi0.4
id 450.0000000 458.00000000 460.00000000 462.000000000  4.650000e+02
A    1.4615050   1.48577314   3.84303230   2.496150883  9.209124e-01
a   -0.2783903  -0.06100307  -0.02480064  -0.007136701 -6.595382e-04
        phi0.5       phi0.6
id 466.0000000 1039.0000000
A    7.1001625    1.2051604
a   -0.6588442   -0.0059673
FIRE:  15  stops.  0 hits of maxmove.  0 hits of dtmax.
Frms = 0.000130446730020811; Ftanrms = 0.000130446714527366
E =  0.00739 | E_L =  0.00383 | E_A =  0.00356 |   7 flippped triangles
          phi0       phi0.1       phi0.2       phi0.3      phi0.4      phi0.5
id 452.0000000 459.00000000 463.00000000 464.00000000 468.0000000 620.0000000
A    1.6465495   2.52735277   1.39563436   1.35991111  15.1987854   1.1205013
a   -0.1439467  -0.02427273  -0.02267072  -0.06168417  -0.1225498  -0.1915601
         phi0.6
id 1039.0000000
A     1.2051604
a    -0.1125297
FIRE:  13  stops.  0 hits of maxmove.  0 hits of dtmax.
Frms = 0.000105222163246484; Ftanrms = 0.000105222150641037
E =  0.00727 | E_L =  0.00372 | E_A =  0.00355 |   5 flippped triangles
          phi0       phi0.1       phi0.2        phi0.3        phi0.4
id 452.0000000 459.00000000 461.00000000 465.000000000  1.040000e+03
A    1.6465495   2.52735277   2.33125758   0.920912412  7.661617e-01
a   -0.1956734  -0.05985727  -0.03612645  -0.001450777 -1.227177e-03
FIRE:  15  stops.  0 hits of maxmove.  0 hits of dtmax.
Frms = 0.000120610141036504; Ftanrms = 0.000120610100402226
E =  0.00716 | E_L =  0.00362 | E_A =  0.00355 |   6 flippped triangles
          phi0      phi0.1        phi0.2       phi0.3       phi0.4
id 459.0000000 461.0000000 463.000000000 468.00000000 624.00000000
A    2.5273528   2.3312576   1.395634361  15.19878538   1.97713067
a   -0.1434816  -0.2445079  -0.004414091  -0.06938526  -0.03338352
          phi0.5
id  1.040000e+03
A   7.661617e-01
a  -2.052935e-03
FIRE:  13  stops.  0 hits of maxmove.  0 hits of dtmax.
Frms = 0.000143445342304008; Ftanrms = 0.000143445281111504
E =  0.00993 | E_L =  0.00359 | E_A =  0.00634 |   8 flippped triangles
          phi0      phi0.1       phi0.2        phi0.3    phi0.4      phi0.5
id 459.0000000 461.0000000 463.00000000 465.000000000 468.00000 620.0000000
A    2.5273528   2.3312576   1.39563436   0.920912412  15.19879   1.1205013
a   -0.1328846  -0.2916574  -0.04016041  -0.008931816  -1.60495  -0.1767991
        phi0.6        phi0.7
id 624.0000000 1040.00000000
A    1.9771307    0.76616172
a   -0.1716977   -0.01522269
FIRE:  15  stops.  1 hits of maxmove.  0 hits of dtmax.
Frms = 8.42921470628951e-05; Ftanrms = 8.42921254361632e-05
E =  0.00705 | E_L =  0.00380 | E_A =  0.00326 |   6 flippped triangles
          phi0      phi0.1        phi0.2      phi0.3        phi0.4
id 459.0000000 461.0000000 464.000000000 466.0000000  1.039000e+03
A    2.5273528   2.3312576   1.359911107   7.1001625  1.205160e+00
a   -0.1282996  -0.3588047  -0.003020724  -0.4765274 -8.941163e-03
          phi0.5
id  1.040000e+03
A   7.661617e-01
a  -7.322601e-03
FIRE:  15  stops.  0 hits of maxmove.  0 hits of dtmax.
Frms = 0.000168927013217609; Ftanrms = 0.000168927001884436
E =  0.00708 | E_L =  0.00384 | E_A =  0.00324 |   6 flippped triangles
          phi0      phi0.1        phi0.2        phi0.3        phi0.4
id 459.0000000 461.0000000 465.000000000 620.000000000  1.039000e+03
A    2.5273528   2.3312576   0.920912412   1.120501269  1.205160e+00
a   -0.1074813  -0.4228433  -0.009388237  -0.003507567 -1.500826e-03
          phi0.5
id 1040.00000000
A     0.76616172
a    -0.02507809
FIRE:  14  stops.  0 hits of maxmove.  0 hits of dtmax.
Frms = 0.000196963007926633; Ftanrms = 0.000196962983417223
E =  0.00733 | E_L =  0.00411 | E_A =  0.00322 |   7 flippped triangles
           phi0      phi0.1      phi0.2      phi0.3       phi0.4        phi0.5
id 459.00000000 461.0000000 465.0000000 468.0000000 624.00000000 1039.00000000
A    2.52735277   2.3312576   0.9209124  15.1987854   1.97713067    1.20516042
a   -0.03251356  -0.4998752  -0.0106282  -0.2003854  -0.03035183   -0.02257473
          phi0.6
id 1040.00000000
A     0.76616172
a    -0.05195818
FIRE:  13  stops.  2 hits of maxmove.  0 hits of dtmax.
Frms = 0.000727750038189092; Ftanrms = 0.000727739719738725
E =  0.07207 | E_L =  0.00371 | E_A =  0.06836 |   6 flippped triangles
           phi0    phi0.1       phi0.2       phi0.3      phi0.4     phi0.5
id 465.00000000 1038.0000 1039.0000000 1040.0000000 1044.000000 1046.00000
A    0.92091241  100.1790    1.2051604    0.7661617   71.392770   13.84246
a   -0.08725491 -122.3855   -0.1022215   -0.2609743   -3.305289  -29.09421
FIRE:  14  stops.  2 hits of maxmove.  0 hits of dtmax.
Frms = 6.53758534448875e-05; Ftanrms = 6.53757927540856e-05
E =  0.00642 | E_L =  0.00389 | E_A =  0.00253 |   3 flippped triangles
          phi0      phi0.1       phi0.2
id 462.0000000 464.0000000 468.00000000
A    2.4961509   1.3599111  15.19878538
a   -0.2707882  -0.1030623  -0.05707617
FIRE:  14  stops.  1 hits of maxmove.  0 hits of dtmax.
Frms = 5.90587070606716e-05; Ftanrms = 5.90586756806896e-05
E =  0.00604 | E_L =  0.00372 | E_A =  0.00231 |   2 flippped triangles
          phi0      phi0.1
id 464.0000000 468.0000000
A    1.3599111  15.1987854
a   -0.3639981  -0.3110424
FIRE:  15  stops.  0 hits of maxmove.  0 hits of dtmax.
Frms = 4.76203560052289e-05; Ftanrms = 4.76203133759561e-05
E =  0.00403 | E_L =  0.00378 | E_A =  0.00025 |   0 flippped triangles
FIRE:  15  stops.  0 hits of maxmove.  0 hits of dtmax.
Frms = 4.73409215325297e-05; Ftanrms = 4.73408294646438e-05
E =  0.00409 | E_L =  0.00370 | E_A =  0.00039 |   0 flippped triangles
FIRE:  15  stops.  0 hits of maxmove.  0 hits of dtmax.
Frms = 0.0001597054591796; Ftanrms = 0.000159705394423893
E =  0.00438 | E_L =  0.00369 | E_A =  0.00069 |   0 flippped triangles
FIRE:  14  stops.  1 hits of maxmove.  0 hits of dtmax.
Frms = 0.000764101437519536; Ftanrms = 0.000763923296297536
E =  0.22371 | E_L =  0.00392 | E_A =  0.21978 |   9 flippped triangles
         phi0     phi0.1     phi0.2      phi0.3    phi0.4     phi0.5     phi0.6
id 368.000000 446.000000 452.000000 465.0000000 538.00000 541.000000 546.000000
A    7.049803   2.078176   1.646550   0.9209124 138.71571 393.733929  13.471223
a   -3.811477  -3.653174  -0.478675  -0.6435872 -68.22183  -7.067465  -0.693751
         phi0.7     phi0.8
id 1040.0000000 1044.00000
A     0.7661617   71.39277
a    -0.1866907  -91.98010
FIRE:  14  stops.  4 hits of maxmove.  0 hits of dtmax.
Frms = 3.05158127187352e-05; Ftanrms = 3.05157570912449e-05
E =  0.00418 | E_L =  0.00387 | E_A =  0.00031 |   0 flippped triangles
FIRE:  15  stops.  0 hits of maxmove.  0 hits of dtmax.
Frms = 2.92508670892134e-05; Ftanrms = 2.92507447315576e-05
E =  0.00402 | E_L =  0.00380 | E_A =  0.00022 |   0 flippped triangles
FIRE:  16  stops.  0 hits of maxmove.  0 hits of dtmax.
Frms = 4.50426272874716e-05; Ftanrms = 4.50425428256908e-05
E =  0.00391 | E_L =  0.00368 | E_A =  0.00023 |   0 flippped triangles
FIRE:  14  stops.  0 hits of maxmove.  0 hits of dtmax.
Frms = 0.000685055907261589; Ftanrms = 0.000685055784981528
E =  0.05368 | E_L =  0.00372 | E_A =  0.04996 |   3 flippped triangles
          phi0      phi0.1     phi0.2
id 457.0000000 464.0000000 1037.00000
A    1.3206632   1.3599111  144.25186
a   -0.2136868  -0.1262205  -62.79907
FIRE:  16  stops.  0 hits of maxmove.  0 hits of dtmax.
Frms = 0.000111533404624128; Ftanrms = 0.000111532577226786
E =  0.00775 | E_L =  0.00387 | E_A =  0.00388 |   0 flippped triangles
FIRE:  16  stops.  0 hits of maxmove.  0 hits of dtmax.
Frms = 0.000278543758145537; Ftanrms = 0.000278543561598197
E =  0.01027 | E_L =  0.00369 | E_A =  0.00658 |   1 flippped triangles
          phi0
id 465.0000000
A    0.9209124
a   -0.8633875
FIRE:  13  stops.  1 hits of maxmove.  0 hits of dtmax.
Frms = 3.04776135600769e-05; Ftanrms = 3.04775620235747e-05
E =  0.00385 | E_L =  0.00364 | E_A =  0.00021 |   0 flippped triangles
FIRE:  13  stops.  0 hits of maxmove.  0 hits of dtmax.
Frms = 0.000111489435199013; Ftanrms = 0.00011148941035852
E =  0.01117 | E_L =  0.00366 | E_A =  0.00751 |   7 flippped triangles
          phi0    phi0.1     phi0.2     phi0.3       phi0.4       phi0.5
id 443.0000000 447.00000 450.000000 461.000000 465.00000000 624.00000000
A    1.7265044   3.69569   1.461505   2.331258   0.92091241   1.97713067
a   -0.0545346  -1.18761  -1.162641  -0.100766  -0.06476777  -0.07390761
         phi0.6
id 1040.0000000
A     0.7661617
a    -0.2141202
FIRE:  15  stops.  0 hits of maxmove.  0 hits of dtmax.
Frms = 1.74708863283402e-05; Ftanrms = 1.74708050161934e-05
E =  0.00386 | E_L =  0.00368 | E_A =  0.00018 |   0 flippped triangles
FIRE:  15  stops.  0 hits of maxmove.  0 hits of dtmax.
Frms = 7.53663338942582e-05; Ftanrms = 7.53661223128346e-05
E =  0.00440 | E_L =  0.00363 | E_A =  0.00077 |   0 flippped triangles
FIRE:  15  stops.  0 hits of maxmove.  0 hits of dtmax.
Frms = 2.74809952277838e-05; Ftanrms = 2.74809440500226e-05
E =  0.00387 | E_L =  0.00365 | E_A =  0.00022 |   0 flippped triangles
FIRE:  14  stops.  0 hits of maxmove.  0 hits of dtmax.
Frms = 2.27640120011582e-05; Ftanrms = 2.27639298313529e-05
E =  0.00390 | E_L =  0.00368 | E_A =  0.00021 |   0 flippped triangles
FIRE:  15  stops.  0 hits of maxmove.  0 hits of dtmax.
Frms = 1.86555201569594e-05; Ftanrms = 1.8655444988223e-05
E =  0.00393 | E_L =  0.00375 | E_A =  0.00018 |   0 flippped triangles
FIRE:  14  stops.  0 hits of maxmove.  0 hits of dtmax.
Frms = 2.12128112961375e-05; Ftanrms = 2.12127502605606e-05
E =  0.00379 | E_L =  0.00362 | E_A =  0.00017 |   0 flippped triangles
FIRE:  16  stops.  1 hits of maxmove.  0 hits of dtmax.
Frms = 0.000589067391971865; Ftanrms = 0.000589062867992468
E =  0.06955 | E_L =  0.00361 | E_A =  0.06594 |   3 flippped triangles
        phi0    phi0.1     phi0.2
id 538.00000 546.00000 1043.00000
A  138.71571  13.47122   44.54916
a  -75.04911 -10.45583  -47.44450
FIRE:  16  stops.  0 hits of maxmove.  0 hits of dtmax.
Frms = 6.08437301467835e-05; Ftanrms = 6.08436151721319e-05
E =  0.00430 | E_L =  0.00369 | E_A =  0.00061 |   0 flippped triangles
FIRE:  15  stops.  1 hits of maxmove.  0 hits of dtmax.
Frms = 1.80554800271909e-05; Ftanrms = 1.80554066359186e-05
E =  0.00387 | E_L =  0.00370 | E_A =  0.00017 |   0 flippped triangles
FIRE:  15  stops.  0 hits of maxmove.  0 hits of dtmax.
Frms = 0.000171835942874484; Ftanrms = 0.0001718357457043
E =  0.00649 | E_L =  0.00366 | E_A =  0.00283 |   1 flippped triangles
           phi0
id 1040.0000000
A     0.7661617
a    -0.3788644
FIRE:  14  stops.  0 hits of maxmove.  0 hits of dtmax.
Frms = 3.32030216513213e-05; Ftanrms = 3.32029622252409e-05
E =  0.00411 | E_L =  0.00373 | E_A =  0.00038 |   0 flippped triangles
FIRE:  14  stops.  0 hits of maxmove.  0 hits of dtmax.
Frms = 3.34576346008099e-05; Ftanrms = 3.3457589876992e-05
E =  0.00404 | E_L =  0.00369 | E_A =  0.00035 |   0 flippped triangles
FIRE:  15  stops.  0 hits of maxmove.  0 hits of dtmax.
Frms = 5.17855585599855e-05; Ftanrms = 5.17854756954419e-05
E =  0.00423 | E_L =  0.00387 | E_A =  0.00036 |   0 flippped triangles
FIRE:  15  stops.  0 hits of maxmove.  0 hits of dtmax.
Frms = 1.64684386779617e-05; Ftanrms = 1.64682684337016e-05
E =  0.00435 | E_L =  0.00418 | E_A =  0.00017 |   0 flippped triangles
FIRE:  15  stops.  0 hits of maxmove.  0 hits of dtmax.
Frms = 9.21589976149819e-05; Ftanrms = 9.21588520265523e-05
E =  0.00501 | E_L =  0.00366 | E_A =  0.00135 |   0 flippped triangles
FIRE:  15  stops.  0 hits of maxmove.  0 hits of dtmax.
Frms = 2.60192978464456e-05; Ftanrms = 2.60192406040821e-05
E =  0.00393 | E_L =  0.00369 | E_A =  0.00024 |   0 flippped triangles
FIRE:  15  stops.  0 hits of maxmove.  0 hits of dtmax.
Frms = 3.94905318078467e-05; Ftanrms = 3.94904686495419e-05
E =  0.00400 | E_L =  0.00367 | E_A =  0.00033 |   0 flippped triangles
FIRE:  14  stops.  1 hits of maxmove.  0 hits of dtmax.
Frms = 2.38837958411742e-05; Ftanrms = 2.38837287385395e-05
E =  0.00400 | E_L =  0.00376 | E_A =  0.00023 |   0 flippped triangles
FIRE:  14  stops.  0 hits of maxmove.  0 hits of dtmax.
Frms = 2.81341895304167e-05; Ftanrms = 2.81341325536248e-05
E =  0.00398 | E_L =  0.00376 | E_A =  0.00023 |   0 flippped triangles
FIRE:  14  stops.  0 hits of maxmove.  0 hits of dtmax.
Frms = 3.52606730169763e-05; Ftanrms = 3.52606268298864e-05
E =  0.00387 | E_L =  0.00364 | E_A =  0.00023 |   0 flippped triangles
FIRE:  14  stops.  0 hits of maxmove.  0 hits of dtmax.
Frms = 2.24869129314535e-05; Ftanrms = 2.24868488653959e-05
E =  0.00388 | E_L =  0.00369 | E_A =  0.00019 |   0 flippped triangles
FIRE:  15  stops.  0 hits of maxmove.  0 hits of dtmax.
Frms = 3.42908936310978e-05; Ftanrms = 3.42908074610756e-05
E =  0.00396 | E_L =  0.00369 | E_A =  0.00027 |   0 flippped triangles
FIRE:  15  stops.  0 hits of maxmove.  0 hits of dtmax.
Frms = 3.08403957449603e-05; Ftanrms = 3.08403272167754e-05
E =  0.00405 | E_L =  0.00381 | E_A =  0.00024 |   0 flippped triangles
FIRE:  16  stops.  0 hits of maxmove.  0 hits of dtmax.
Frms = 3.53838742582182e-05; Ftanrms = 3.5383684776948e-05
E =  0.00405 | E_L =  0.00367 | E_A =  0.00037 |   0 flippped triangles
FIRE:  14  stops.  0 hits of maxmove.  0 hits of dtmax.
Frms = 2.17692914607e-05; Ftanrms = 2.17692232914241e-05
E =  0.00382 | E_L =  0.00363 | E_A =  0.00019 |   0 flippped triangles
FIRE:  14  stops.  0 hits of maxmove.  0 hits of dtmax.
Frms = 0.000121410172532096; Ftanrms = 0.000121409775445864
E =  0.00416 | E_L =  0.00373 | E_A =  0.00044 |   0 flippped triangles
E =  0.00368 | E_L =  0.00360 | E_A =  0.00008 |   0 flippped triangles
Optimising mapping with BFGS...
E =  0.00368 | E_L =  0.00368 | E_A =  0.00000 |   0 flippped triangles
E =  0.00365 | E_L =  0.00365 | E_A =  0.00000 |   0 flippped triangles
E =  0.00365 | E_L =  0.00365 | E_A =  0.00000 |   0 flippped triangles
Transforming image...
Mapping optimised. Error: 0.003649787 ; 0 flipped triangles.
Inferring coordinates of datapoints
Inferring coordinates of landmarks
Mapping optimised. Error: 0.003649787 ; 0 flipped triangles. OD displacement: 7.107721 degrees.
Computing Kernel Density estimates of datapoints

[1] 0.7
Saving adult_retina/data/nAChR-B2/GMB496/R-CONTRA/r.mat
