[1] "Adding old segment 1"
[1] "Intersection found. Old points:"
   X    Y 
2180 1309 
   X    Y 
2250 1449 
   X    Y 
2250 1449 
   X    Y 
2120 1489 
[1] "Point i+1 has been changed:"
   X    Y 
2180 1309 
   X    Y 
2250 1449 
   X    Y 
2250 1449 
   X    Y 
2120 1489 
[1] "a= 0.367607311046904"
[1] "l= 136.014705087354"
[1] "New points:"
   X    Y 
2180 1309 
   X    Y 
2250 1449 
       X        Y 
2167.789 1474.296 
   X    Y 
2120 1489 
[1] "Storing new segment 1"
[1] "Adding old segment 2"
[1] "Adding old segment 3"
[1] "Adding old segment 4"
[1] "Adding old segment 5"
[1] "Storing new segment 2"
simplify.outline: Removing vertex 1
Triangulating...
[1] "Non-adjacent points in rim connected by line: 42 25"
[1] "In triangle: 4"  "In triangle: 53"
[1] "Other points in triangles: 24 43"
[1] "Non-adjacent points in rim connected by line: 58 39"
[1] "In triangle: 22" "In triangle: 24"
[1] "Other points in triangles: 60 23"
[1] "Non-adjacent points in rim connected by line: 399 398"
[1] "In triangle: 474" "In triangle: 697"
[1] "Other points in triangles: 13 400"
Stitching...
Tear 1 child of rim
Tear 2 child of rim
Tear 3 child of rim
Tear 4 child of rim
Tear 5 child of rim
Tear 1 : Sf = 1620.49375191637 ; Sb = 1660.83088028444
  Forwards path
    i = 52 ; sf/Sf = 0.368093830174271 ; sf = 596.493751916372
      k =   22 ; sb/Sb = 0 ; sb = 0
      k =  159 ; sb/Sb = 0.276002777181593 ; sb = 458.393935387457
      k =   21 ; sb/Sb = 0.552005554363186 ; sb = 916.787870774914
      Creating new point: f = 0.333659878110891
    i = 55 ; sf/Sf = 0.684046915087135 ; sf = 1108.49375191637
      k =   22 ; sb/Sb = 0 ; sb = 0
      k =  159 ; sb/Sb = 0.276002777181593 ; sb = 458.393935387457
      k =   21 ; sb/Sb = 0.552005554363186 ; sb = 916.787870774914
      k =  338 ; sb/Sb = 0.776002777181593 ; sb = 1288.80937552968
      Creating new point: f = 0.589477668796787
    i = 58 ; sf/Sf = 0.842023457543568 ; sf = 1364.49375191637
      k =   22 ; sb/Sb = 0 ; sb = 0
      k =  159 ; sb/Sb = 0.276002777181593 ; sb = 458.393935387457
      k =   21 ; sb/Sb = 0.552005554363186 ; sb = 916.787870774914
      k =  338 ; sb/Sb = 0.776002777181593 ; sb = 1288.80937552968
      k =   20 ; sb/Sb = 1 ; sb = 1660.83088028444
      Creating new point: f = 0.294738834398393
Tear 2 : Sf = 1665.45117558297 ; Sb = 1972.3082923316
  Forwards path
    i = 236 ; sf/Sf = 0.194622012893173 ; sf = 324.133460167259
      k =   16 ; sb/Sb = 0 ; sb = 0
      k =  208 ; sb/Sb = 0.125 ; sb = 246.53853654145
      k =  200 ; sb/Sb = 0.25 ; sb = 493.0770730829
      Creating new point: f = 0.556976103145384
    i = 235 ; sf/Sf = 0.389244025786346 ; sf = 648.266920334518
      k =   16 ; sb/Sb = 0 ; sb = 0
      k =  208 ; sb/Sb = 0.125 ; sb = 246.53853654145
      k =  200 ; sb/Sb = 0.25 ; sb = 493.0770730829
      k =  268 ; sb/Sb = 0.375 ; sb = 739.615609624351
      k =   15 ; sb/Sb = 0.5 ; sb = 986.154146165801
      Creating new point: f = 0.113952206290768
    i = 297 ; sf/Sf = 0.583866038679519 ; sf = 972.400380501777
      k =   16 ; sb/Sb = 0 ; sb = 0
      k =  208 ; sb/Sb = 0.125 ; sb = 246.53853654145
      k =  200 ; sb/Sb = 0.25 ; sb = 493.0770730829
      k =  268 ; sb/Sb = 0.375 ; sb = 739.615609624351
      k =   15 ; sb/Sb = 0.5 ; sb = 986.154146165801
      k =  405 ; sb/Sb = 0.75 ; sb = 1479.2312192487
      Creating new point: f = 0.335464154718076
    i = 17 ; sf/Sf = 0.778488051572692 ; sf = 1296.53384066904
      k =   16 ; sb/Sb = 0 ; sb = 0
      k =  208 ; sb/Sb = 0.125 ; sb = 246.53853654145
      k =  200 ; sb/Sb = 0.25 ; sb = 493.0770730829
      k =  268 ; sb/Sb = 0.375 ; sb = 739.615609624351
      k =   15 ; sb/Sb = 0.5 ; sb = 986.154146165801
      k =  405 ; sb/Sb = 0.75 ; sb = 1479.2312192487
      k =  418 ; sb/Sb = 0.875 ; sb = 1725.76975579015
      Creating new point: f = 0.227904412581536
Tear 3 : Sf = 2728.37782030365 ; Sb = 2841.4862488494
  Forwards path
    i = 204 ; sf/Sf = 0.134492686426155 ; sf = 366.946862638175
      k =    9 ; sb/Sb = 0 ; sb = 0
      k =  240 ; sb/Sb = 0.136312680835294 ; sb = 387.330608137286
      Creating new point: f = 0.986648385183341
    i = 10 ; sf/Sf = 0.268985372852311 ; sf = 733.893725276351
      k =    9 ; sb/Sb = 0 ; sb = 0
      k =  240 ; sb/Sb = 0.136312680835294 ; sb = 387.330608137286
      k =    8 ; sb/Sb = 0.272625361670589 ; sb = 774.661216274573
      Creating new point: f = 0.973296770366682
    i = 269 ; sf/Sf = 0.375732801825253 ; sf = 1025.14104286056
      k =    9 ; sb/Sb = 0 ; sb = 0
      k =  240 ; sb/Sb = 0.136312680835294 ; sb = 387.330608137286
      k =    8 ; sb/Sb = 0.272625361670589 ; sb = 774.661216274572
      k =  250 ; sb/Sb = 0.358433873643315 ; sb = 1018.4849230793
      k =    7 ; sb/Sb = 0.444242385616042 ; sb = 1262.30862988404
      Creating new point: f = 0.201599209498418
    i = 11 ; sf/Sf = 0.482480230798195 ; sf = 1316.38836044478
      k =    9 ; sb/Sb = 0 ; sb = 0
      k =  240 ; sb/Sb = 0.136312680835294 ; sb = 387.330608137286
      k =    8 ; sb/Sb = 0.272625361670589 ; sb = 774.661216274572
      k =  250 ; sb/Sb = 0.358433873643315 ; sb = 1018.4849230793
      k =    7 ; sb/Sb = 0.444242385616042 ; sb = 1262.30862988404
      k =  261 ; sb/Sb = 0.572551579310122 ; sb = 1626.89743936672
      Creating new point: f = 0.298013291809166
    i = 283 ; sf/Sf = 0.633443892600188 ; sf = 1728.27426697716
      k =    9 ; sb/Sb = 0 ; sb = 0
      k =  240 ; sb/Sb = 0.136312680835294 ; sb = 387.330608137286
      k =    8 ; sb/Sb = 0.272625361670589 ; sb = 774.661216274572
      k =  250 ; sb/Sb = 0.358433873643315 ; sb = 1018.4849230793
      k =    7 ; sb/Sb = 0.444242385616042 ; sb = 1262.30862988404
      k =  261 ; sb/Sb = 0.572551579310122 ; sb = 1626.89743936672
      k =    6 ; sb/Sb = 0.700860773004202 ; sb = 1991.4862488494
      Creating new point: f = 0.474574826144164
    i = 287 ; sf/Sf = 0.708925723501184 ; sf = 1934.21722024335
      k =    9 ; sb/Sb = 0 ; sb = 0
      k =  240 ; sb/Sb = 0.136312680835294 ; sb = 387.330608137286
      k =    8 ; sb/Sb = 0.272625361670589 ; sb = 774.661216274572
      k =  250 ; sb/Sb = 0.358433873643315 ; sb = 1018.4849230793
      k =    7 ; sb/Sb = 0.444242385616042 ; sb = 1262.30862988404
      k =  261 ; sb/Sb = 0.572551579310122 ; sb = 1626.89743936672
      k =    6 ; sb/Sb = 0.700860773004202 ; sb = 1991.4862488494
      k =  260 ; sb/Sb = 0.850430386502101 ; sb = 2416.4862488494
      Creating new point: f = 0.0539210492584163
    i = 12 ; sf/Sf = 0.784407554402181 ; sf = 2140.16017350954
      k =    9 ; sb/Sb = 0 ; sb = 0
      k =  240 ; sb/Sb = 0.136312680835294 ; sb = 387.330608137286
      k =    8 ; sb/Sb = 0.272625361670589 ; sb = 774.661216274572
      k =  250 ; sb/Sb = 0.358433873643315 ; sb = 1018.4849230793
      k =    7 ; sb/Sb = 0.444242385616042 ; sb = 1262.30862988404
      k =  261 ; sb/Sb = 0.572551579310122 ; sb = 1626.89743936672
      k =    6 ; sb/Sb = 0.700860773004202 ; sb = 1991.4862488494
      k =  260 ; sb/Sb = 0.850430386502101 ; sb = 2416.4862488494
      Creating new point: f = 0.558581248183494
    i = 399 ; sf/Sf = 0.892203777201091 ; sf = 2434.26899690659
      k =    9 ; sb/Sb = 0 ; sb = 0
      k =  240 ; sb/Sb = 0.136312680835294 ; sb = 387.330608137286
      k =    8 ; sb/Sb = 0.272625361670589 ; sb = 774.661216274572
      k =  250 ; sb/Sb = 0.358433873643315 ; sb = 1018.4849230793
      k =    7 ; sb/Sb = 0.444242385616042 ; sb = 1262.30862988404
      k =  261 ; sb/Sb = 0.572551579310122 ; sb = 1626.89743936672
      k =    6 ; sb/Sb = 0.700860773004202 ; sb = 1991.4862488494
      k =  260 ; sb/Sb = 0.850430386502101 ; sb = 2416.4862488494
      k =    5 ; sb/Sb = 1 ; sb = 2841.4862488494
      Creating new point: f = 0.279290624091747
Tear 4 : Sf = 3821.21478590087 ; Sb = 3896.47624116359
  Forwards path
    i = 180 ; sf/Sf = 0.0745032228913606 ; sf = 284.692816909735
      k =   38 ; sb/Sb = 0 ; sb = 0
      k =  432 ; sb/Sb = 0.0762728177050353 ; sb = 297.195222034272
      Creating new point: f = 0.976799141988984
    i = 1 ; sf/Sf = 0.149006445782721 ; sf = 569.38563381947
      k =   38 ; sb/Sb = 0 ; sb = 0
      k =  432 ; sb/Sb = 0.0762728177050353 ; sb = 297.195222034272
      k =   37 ; sb/Sb = 0.152545635410071 ; sb = 594.390444068543
      Creating new point: f = 0.953598283977968
    i = 193 ; sf/Sf = 0.231772610402491 ; sf = 885.65292583684
      k =   38 ; sb/Sb = 0 ; sb = 0
      k =  432 ; sb/Sb = 0.0762728177050353 ; sb = 297.195222034272
      k =   37 ; sb/Sb = 0.152545635410071 ; sb = 594.390444068543
      k =  386 ; sb/Sb = 0.267441371986723 ; sb = 1042.07895185046
      Creating new point: f = 0.689555394769276
    i = 2 ; sf/Sf = 0.314538775022261 ; sf = 1201.92021785421
      k =   38 ; sb/Sb = 0 ; sb = 0
      k =  432 ; sb/Sb = 0.0762728177050353 ; sb = 297.195222034272
      k =   37 ; sb/Sb = 0.152545635410071 ; sb = 594.390444068543
      k =  386 ; sb/Sb = 0.267441371986723 ; sb = 1042.07895185046
      k =   36 ; sb/Sb = 0.382337108563376 ; sb = 1489.76745963238
      Creating new point: f = 0.409914279144001
    i = 203 ; sf/Sf = 0.410067099238881 ; sf = 1566.95446282309
      k =   38 ; sb/Sb = 0 ; sb = 0
      k =  432 ; sb/Sb = 0.0762728177050353 ; sb = 297.195222034272
      k =   37 ; sb/Sb = 0.152545635410071 ; sb = 594.390444068543
      k =  386 ; sb/Sb = 0.267441371986723 ; sb = 1042.07895185046
      k =   36 ; sb/Sb = 0.382337108563376 ; sb = 1489.76745963238
      k =  373 ; sb/Sb = 0.517616975713375 ; sb = 2016.88224789012
      Creating new point: f = 0.204982391391305
    i = 3 ; sf/Sf = 0.5055954234555 ; sf = 1931.98870779197
      k =   38 ; sb/Sb = 0 ; sb = 0
      k =  432 ; sb/Sb = 0.0762728177050353 ; sb = 297.195222034272
      k =   37 ; sb/Sb = 0.152545635410071 ; sb = 594.390444068543
      k =  386 ; sb/Sb = 0.267441371986723 ; sb = 1042.07895185046
      k =   36 ; sb/Sb = 0.382337108563376 ; sb = 1489.76745963238
      k =  373 ; sb/Sb = 0.517616975713375 ; sb = 2016.88224789012
      Creating new point: f = 0.911135688472071
    i = 247 ; sf/Sf = 0.599937966560479 ; sf = 2292.4918284442
      k =   38 ; sb/Sb = 0 ; sb = 0
      k =  432 ; sb/Sb = 0.0762728177050353 ; sb = 297.195222034272
      k =   37 ; sb/Sb = 0.152545635410071 ; sb = 594.390444068543
      k =  386 ; sb/Sb = 0.267441371986723 ; sb = 1042.07895185046
      k =   36 ; sb/Sb = 0.382337108563376 ; sb = 1489.76745963238
      k =  373 ; sb/Sb = 0.517616975713375 ; sb = 2016.88224789012
      k =  385 ; sb/Sb = 0.585256909288374 ; sb = 2280.43964201899
      k =   35 ; sb/Sb = 0.652896842863374 ; sb = 2543.99703614785
      Creating new point: f = 0.217047186420232
    i = 245 ; sf/Sf = 0.694280509665458 ; sf = 2652.99494909644
      k =   38 ; sb/Sb = 0 ; sb = 0
      k =  432 ; sb/Sb = 0.0762728177050353 ; sb = 297.195222034272
      k =   37 ; sb/Sb = 0.152545635410071 ; sb = 594.390444068543
      k =  386 ; sb/Sb = 0.267441371986723 ; sb = 1042.07895185046
      k =   36 ; sb/Sb = 0.382337108563376 ; sb = 1489.76745963238
      k =  373 ; sb/Sb = 0.517616975713375 ; sb = 2016.88224789012
      k =  385 ; sb/Sb = 0.585256909288374 ; sb = 2280.43964201899
      k =   35 ; sb/Sb = 0.652896842863374 ; sb = 2543.99703614785
      k =  381 ; sb/Sb = 0.73967263214753 ; sb = 2882.11683740179
      Creating new point: f = 0.476903375278664
    i = 255 ; sf/Sf = 0.788623052770437 ; sf = 3013.49806974867
      k =   38 ; sb/Sb = 0 ; sb = 0
      k =  432 ; sb/Sb = 0.0762728177050353 ; sb = 297.195222034272
      k =   37 ; sb/Sb = 0.152545635410071 ; sb = 594.390444068543
      k =  386 ; sb/Sb = 0.267441371986723 ; sb = 1042.07895185046
      k =   36 ; sb/Sb = 0.382337108563376 ; sb = 1489.76745963238
      k =  373 ; sb/Sb = 0.517616975713375 ; sb = 2016.88224789012
      k =  385 ; sb/Sb = 0.585256909288374 ; sb = 2280.43964201899
      k =   35 ; sb/Sb = 0.652896842863374 ; sb = 2543.99703614785
      k =  381 ; sb/Sb = 0.73967263214753 ; sb = 2882.11683740179
      k =  368 ; sb/Sb = 0.826448421431687 ; sb = 3220.23663865572
      Creating new point: f = 0.564102280448447
    i = 4 ; sf/Sf = 0.882965595875416 ; sf = 3374.00119040091
      k =   38 ; sb/Sb = 0 ; sb = 0
      k =  432 ; sb/Sb = 0.0762728177050353 ; sb = 297.195222034272
      k =   37 ; sb/Sb = 0.152545635410071 ; sb = 594.390444068543
      k =  386 ; sb/Sb = 0.267441371986723 ; sb = 1042.07895185046
      k =   36 ; sb/Sb = 0.382337108563376 ; sb = 1489.76745963238
      k =  373 ; sb/Sb = 0.517616975713375 ; sb = 2016.88224789012
      k =  385 ; sb/Sb = 0.585256909288374 ; sb = 2280.43964201899
      k =   35 ; sb/Sb = 0.652896842863374 ; sb = 2543.99703614785
      k =  381 ; sb/Sb = 0.73967263214753 ; sb = 2882.11683740179
      k =  368 ; sb/Sb = 0.826448421431687 ; sb = 3220.23663865572
      k =  415 ; sb/Sb = 0.913224210715843 ; sb = 3558.35643990966
      Creating new point: f = 0.651301185618233
Tear 5 : Sf = 2136.25100215217 ; Sb = 1469.96598600104
  Forwards path
    i = 219 ; sf/Sf = 0.147380260798678 ; sf = 314.841229828623
      k =   29 ; sb/Sb = 0 ; sb = 0
      k =  130 ; sb/Sb = 0.25 ; sb = 367.491496500259
      Creating new point: f = 0.58952104319471
    i = 30 ; sf/Sf = 0.294760521597355 ; sf = 629.682459657247
      k =   29 ; sb/Sb = 0 ; sb = 0
      k =  130 ; sb/Sb = 0.25 ; sb = 367.491496500259
      k =  110 ; sb/Sb = 0.5 ; sb = 734.982993000518
      Creating new point: f = 0.179042086389421
    i = 147 ; sf/Sf = 0.464450319114032 ; sf = 992.182459657246
      k =   29 ; sb/Sb = 0 ; sb = 0
      k =  130 ; sb/Sb = 0.25 ; sb = 367.491496500259
      k =  110 ; sb/Sb = 0.5 ; sb = 734.982993000518
      Creating new point: f = 0.857801276456129
    i = 49 ; sf/Sf = 0.634140116630709 ; sf = 1354.68245965725
      k =   29 ; sb/Sb = 0 ; sb = 0
      k =  130 ; sb/Sb = 0.25 ; sb = 367.491496500259
      k =  110 ; sb/Sb = 0.5 ; sb = 734.982993000518
      k =  129 ; sb/Sb = 0.75 ; sb = 1102.47448950078
      Creating new point: f = 0.536560466522837
    i = 51 ; sf/Sf = 0.803829914147386 ; sf = 1717.18245965725
      k =   29 ; sb/Sb = 0 ; sb = 0
      k =  130 ; sb/Sb = 0.25 ; sb = 367.491496500259
      k =  110 ; sb/Sb = 0.5 ; sb = 734.982993000518
      k =  129 ; sb/Sb = 0.75 ; sb = 1102.47448950078
      k =   28 ; sb/Sb = 1 ; sb = 1469.96598600104
      Creating new point: f = 0.215319656589544
    i = 31 ; sf/Sf = 0.973519711664063 ; sf = 2079.68245965725
      k =   29 ; sb/Sb = 0 ; sb = 0
      k =  130 ; sb/Sb = 0.25 ; sb = 367.491496500259
      k =  110 ; sb/Sb = 0.5 ; sb = 734.982993000518
      k =  129 ; sb/Sb = 0.75 ; sb = 1102.47448950078
      k =   28 ; sb/Sb = 1 ; sb = 1469.96598600104
      Creating new point: f = 0.894078846656252
Tear 1 : Sf = 1660.83088028444 ; Sb = 1620.49375191637
  Backwards path
    i = 159 ; sf/Sf = 0.276002777181593 ; sf = 458.393935387457
      k =   22 ; sb/Sb = 0 ; sb = 0
      k =   52 ; sb/Sb = 0.368093830174271 ; sb = 596.493751916372
      Creating new point: f = 0.74981636353677
    i = 21 ; sf/Sf = 0.552005554363186 ; sf = 916.787870774914
      k =   22 ; sb/Sb = 0 ; sb = 0
      k =   52 ; sb/Sb = 0.368093830174271 ; sb = 596.493751916372
      k =   55 ; sb/Sb = 0.684046915087136 ; sb = 1108.49375191637
      Creating new point: f = 0.582085546781845
    i = 338 ; sf/Sf = 0.776002777181593 ; sf = 1288.80937552968
      k =   22 ; sb/Sb = 0 ; sb = 0
      k =   52 ; sb/Sb = 0.368093830174271 ; sb = 596.493751916372
      k =   55 ; sb/Sb = 0.684046915087136 ; sb = 1108.49375191637
      k =   58 ; sb/Sb = 0.842023457543568 ; sb = 1364.49375191637
      Creating new point: f = 0.582085546781845
Tear 2 : Sf = 1972.3082923316 ; Sb = 1665.45117558297
  Backwards path
    i = 208 ; sf/Sf = 0.125 ; sf = 246.53853654145
      k =   16 ; sb/Sb = 0 ; sb = 0
      k =  236 ; sb/Sb = 0.194622012893173 ; sb = 324.133460167259
      Creating new point: f = 0.642270615444779
    i = 200 ; sf/Sf = 0.25 ; sf = 493.0770730829
      k =   16 ; sb/Sb = 0 ; sb = 0
      k =  236 ; sb/Sb = 0.194622012893173 ; sb = 324.133460167259
      k =  235 ; sb/Sb = 0.389244025786346 ; sb = 648.266920334518
      Creating new point: f = 0.284541230889559
    i = 268 ; sf/Sf = 0.375 ; sf = 739.615609624351
      k =   16 ; sb/Sb = 0 ; sb = 0
      k =  236 ; sb/Sb = 0.194622012893173 ; sb = 324.133460167259
      k =  235 ; sb/Sb = 0.389244025786346 ; sb = 648.266920334518
      Creating new point: f = 0.926811846334338
    i = 15 ; sf/Sf = 0.5 ; sf = 986.154146165801
      k =   16 ; sb/Sb = 0 ; sb = 0
      k =  236 ; sb/Sb = 0.194622012893173 ; sb = 324.133460167259
      k =  235 ; sb/Sb = 0.389244025786346 ; sb = 648.266920334518
      k =  297 ; sb/Sb = 0.583866038679519 ; sb = 972.400380501777
      Creating new point: f = 0.569082461779118
    i = 405 ; sf/Sf = 0.75 ; sf = 1479.2312192487
      k =   16 ; sb/Sb = 0 ; sb = 0
      k =  236 ; sb/Sb = 0.194622012893173 ; sb = 324.133460167259
      k =  235 ; sb/Sb = 0.389244025786346 ; sb = 648.266920334518
      k =  297 ; sb/Sb = 0.583866038679519 ; sb = 972.400380501777
      k =   17 ; sb/Sb = 0.778488051572692 ; sb = 1296.53384066904
      Creating new point: f = 0.853623692668676
    i = 418 ; sf/Sf = 0.875 ; sf = 1725.76975579015
      k =   16 ; sb/Sb = 0 ; sb = 0
      k =  236 ; sb/Sb = 0.194622012893173 ; sb = 324.133460167259
      k =  235 ; sb/Sb = 0.389244025786346 ; sb = 648.266920334518
      k =  297 ; sb/Sb = 0.583866038679519 ; sb = 972.400380501777
      k =   17 ; sb/Sb = 0.778488051572692 ; sb = 1296.53384066904
      k =   18 ; sb/Sb = 1 ; sb = 1665.45117558297
      Creating new point: f = 0.4356963545873
Tear 3 : Sf = 2841.4862488494 ; Sb = 2728.37782030365
  Backwards path
    i = 240 ; sf/Sf = 0.136312680835294 ; sf = 387.330608137286
      k =    9 ; sb/Sb = 0 ; sb = 0
      k =  204 ; sb/Sb = 0.134492686426155 ; sb = 366.946862638175
      k =   10 ; sb/Sb = 0.268985372852311 ; sb = 733.893725276351
      Creating new point: f = 0.0135322927774093
    i = 8 ; sf/Sf = 0.272625361670589 ; sf = 774.661216274572
      k =    9 ; sb/Sb = 0 ; sb = 0
      k =  204 ; sb/Sb = 0.134492686426155 ; sb = 366.946862638175
      k =   10 ; sb/Sb = 0.268985372852311 ; sb = 733.893725276351
      k =  269 ; sb/Sb = 0.375732801825253 ; sb = 1025.14104286056
      Creating new point: f = 0.0340990771702861
    i = 250 ; sf/Sf = 0.358433873643315 ; sf = 1018.4849230793
      k =    9 ; sb/Sb = 0 ; sb = 0
      k =  204 ; sb/Sb = 0.134492686426155 ; sb = 366.946862638175
      k =   10 ; sb/Sb = 0.268985372852311 ; sb = 733.893725276351
      k =  269 ; sb/Sb = 0.375732801825253 ; sb = 1025.14104286056
      Creating new point: f = 0.837945247502662
    i = 7 ; sf/Sf = 0.444242385616042 ; sf = 1262.30862988404
      k =    9 ; sb/Sb = 0 ; sb = 0
      k =  204 ; sb/Sb = 0.134492686426155 ; sb = 366.946862638175
      k =   10 ; sb/Sb = 0.268985372852311 ; sb = 733.893725276351
      k =  269 ; sb/Sb = 0.375732801825253 ; sb = 1025.14104286056
      k =   11 ; sb/Sb = 0.482480230798195 ; sb = 1316.38836044478
      Creating new point: f = 0.641791417835037
    i = 261 ; sf/Sf = 0.572551579310122 ; sf = 1626.89743936672
      k =    9 ; sb/Sb = 0 ; sb = 0
      k =  204 ; sb/Sb = 0.134492686426155 ; sb = 366.946862638175
      k =   10 ; sb/Sb = 0.268985372852311 ; sb = 733.893725276351
      k =  269 ; sb/Sb = 0.375732801825253 ; sb = 1025.14104286056
      k =   11 ; sb/Sb = 0.482480230798195 ; sb = 1316.38836044478
      k =  283 ; sb/Sb = 0.633443892600188 ; sb = 1728.27426697716
      Creating new point: f = 0.596642578994053
    i = 6 ; sf/Sf = 0.700860773004202 ; sf = 1991.4862488494
      k =    9 ; sb/Sb = 0 ; sb = 0
      k =  204 ; sb/Sb = 0.134492686426155 ; sb = 366.946862638175
      k =   10 ; sb/Sb = 0.268985372852311 ; sb = 733.893725276351
      k =  269 ; sb/Sb = 0.375732801825253 ; sb = 1025.14104286056
      k =   11 ; sb/Sb = 0.482480230798195 ; sb = 1316.38836044478
      k =  283 ; sb/Sb = 0.633443892600188 ; sb = 1728.27426697716
      k =  287 ; sb/Sb = 0.708925723501184 ; sb = 1934.21722024335
      Creating new point: f = 0.893153751032342
    i = 260 ; sf/Sf = 0.850430386502101 ; sf = 2416.4862488494
      k =    9 ; sb/Sb = 0 ; sb = 0
      k =  204 ; sb/Sb = 0.134492686426155 ; sb = 366.946862638175
      k =   10 ; sb/Sb = 0.268985372852311 ; sb = 733.893725276351
      k =  269 ; sb/Sb = 0.375732801825253 ; sb = 1025.14104286056
      k =   11 ; sb/Sb = 0.482480230798195 ; sb = 1316.38836044478
      k =  283 ; sb/Sb = 0.633443892600188 ; sb = 1728.27426697716
      k =  287 ; sb/Sb = 0.708925723501184 ; sb = 1934.21722024335
      k =   12 ; sb/Sb = 0.784407554402181 ; sb = 2140.16017350954
      k =  399 ; sb/Sb = 0.892203777201091 ; sb = 2434.26899690659
      Creating new point: f = 0.612478159119577
Tear 4 : Sf = 3896.47624116359 ; Sb = 3821.21478590087
  Backwards path
    i = 432 ; sf/Sf = 0.0762728177050353 ; sf = 297.195222034272
      k =   38 ; sb/Sb = 0 ; sb = 0
      k =  180 ; sb/Sb = 0.0745032228913606 ; sb = 284.692816909735
      k =    1 ; sb/Sb = 0.149006445782721 ; sb = 569.38563381947
      Creating new point: f = 0.0237519230041233
    i = 37 ; sf/Sf = 0.152545635410071 ; sf = 594.390444068543
      k =   38 ; sb/Sb = 0 ; sb = 0
      k =  180 ; sb/Sb = 0.0745032228913606 ; sb = 284.692816909735
      k =    1 ; sb/Sb = 0.149006445782721 ; sb = 569.38563381947
      k =  193 ; sb/Sb = 0.231772610402491 ; sb = 885.65292583684
      Creating new point: f = 0.0427613100547606
    i = 386 ; sf/Sf = 0.267441371986723 ; sf = 1042.07895185046
      k =   38 ; sb/Sb = 0 ; sb = 0
      k =  180 ; sb/Sb = 0.0745032228913606 ; sb = 284.692816909735
      k =    1 ; sb/Sb = 0.149006445782721 ; sb = 569.38563381947
      k =  193 ; sb/Sb = 0.231772610402491 ; sb = 885.65292583684
      k =    2 ; sb/Sb = 0.314538775022261 ; sb = 1201.92021785421
      Creating new point: f = 0.430958251455719
    i = 36 ; sf/Sf = 0.382337108563376 ; sf = 1489.76745963238
      k =   38 ; sb/Sb = 0 ; sb = 0
      k =  180 ; sb/Sb = 0.0745032228913606 ; sb = 284.692816909735
      k =    1 ; sb/Sb = 0.149006445782721 ; sb = 569.38563381947
      k =  193 ; sb/Sb = 0.231772610402491 ; sb = 885.65292583684
      k =    2 ; sb/Sb = 0.314538775022261 ; sb = 1201.92021785421
      k =  203 ; sb/Sb = 0.410067099238881 ; sb = 1566.95446282309
      Creating new point: f = 0.709719699336248
    i = 373 ; sf/Sf = 0.517616975713375 ; sf = 2016.88224789012
      k =   38 ; sb/Sb = 0 ; sb = 0
      k =  180 ; sb/Sb = 0.0745032228913606 ; sb = 284.692816909735
      k =    1 ; sb/Sb = 0.149006445782721 ; sb = 569.38563381947
      k =  193 ; sb/Sb = 0.231772610402491 ; sb = 885.65292583684
      k =    2 ; sb/Sb = 0.314538775022261 ; sb = 1201.92021785421
      k =  203 ; sb/Sb = 0.410067099238881 ; sb = 1566.95446282309
      k =    3 ; sb/Sb = 0.505595423455501 ; sb = 1931.98870779197
      k =  247 ; sb/Sb = 0.599937966560479 ; sb = 2292.4918284442
      Creating new point: f = 0.127424509264047
    i = 385 ; sf/Sf = 0.585256909288374 ; sf = 2280.43964201899
      k =   38 ; sb/Sb = 0 ; sb = 0
      k =  180 ; sb/Sb = 0.0745032228913606 ; sb = 284.692816909735
      k =    1 ; sb/Sb = 0.149006445782721 ; sb = 569.38563381947
      k =  193 ; sb/Sb = 0.231772610402491 ; sb = 885.65292583684
      k =    2 ; sb/Sb = 0.314538775022261 ; sb = 1201.92021785421
      k =  203 ; sb/Sb = 0.410067099238881 ; sb = 1566.95446282309
      k =    3 ; sb/Sb = 0.505595423455501 ; sb = 1931.98870779197
      k =  247 ; sb/Sb = 0.599937966560479 ; sb = 2292.4918284442
      Creating new point: f = 0.844385610256776
    i = 35 ; sf/Sf = 0.652896842863374 ; sf = 2543.99703614785
      k =   38 ; sb/Sb = 0 ; sb = 0
      k =  180 ; sb/Sb = 0.0745032228913606 ; sb = 284.692816909735
      k =    1 ; sb/Sb = 0.149006445782721 ; sb = 569.38563381947
      k =  193 ; sb/Sb = 0.231772610402491 ; sb = 885.65292583684
      k =    2 ; sb/Sb = 0.314538775022261 ; sb = 1201.92021785421
      k =  203 ; sb/Sb = 0.410067099238881 ; sb = 1566.95446282309
      k =    3 ; sb/Sb = 0.505595423455501 ; sb = 1931.98870779197
      k =  247 ; sb/Sb = 0.599937966560479 ; sb = 2292.4918284442
      k =  245 ; sb/Sb = 0.694280509665458 ; sb = 2652.99494909644
      Creating new point: f = 0.561346711249503
    i = 381 ; sf/Sf = 0.73967263214753 ; sf = 2882.11683740179
      k =   38 ; sb/Sb = 0 ; sb = 0
      k =  180 ; sb/Sb = 0.0745032228913606 ; sb = 284.692816909735
      k =    1 ; sb/Sb = 0.149006445782721 ; sb = 569.38563381947
      k =  193 ; sb/Sb = 0.231772610402491 ; sb = 885.65292583684
      k =    2 ; sb/Sb = 0.314538775022261 ; sb = 1201.92021785421
      k =  203 ; sb/Sb = 0.410067099238881 ; sb = 1566.95446282309
      k =    3 ; sb/Sb = 0.505595423455501 ; sb = 1931.98870779197
      k =  247 ; sb/Sb = 0.599937966560479 ; sb = 2292.4918284442
      k =  245 ; sb/Sb = 0.694280509665458 ; sb = 2652.99494909644
      k =  255 ; sb/Sb = 0.788623052770437 ; sb = 3013.49806974867
      Creating new point: f = 0.481141603651306
    i = 368 ; sf/Sf = 0.826448421431687 ; sf = 3220.23663865572
      k =   38 ; sb/Sb = 0 ; sb = 0
      k =  180 ; sb/Sb = 0.0745032228913606 ; sb = 284.692816909735
      k =    1 ; sb/Sb = 0.149006445782721 ; sb = 569.38563381947
      k =  193 ; sb/Sb = 0.231772610402491 ; sb = 885.65292583684
      k =    2 ; sb/Sb = 0.314538775022261 ; sb = 1201.92021785421
      k =  203 ; sb/Sb = 0.410067099238881 ; sb = 1566.95446282309
      k =    3 ; sb/Sb = 0.505595423455501 ; sb = 1931.98870779197
      k =  247 ; sb/Sb = 0.599937966560479 ; sb = 2292.4918284442
      k =  245 ; sb/Sb = 0.694280509665458 ; sb = 2652.99494909644
      k =  255 ; sb/Sb = 0.788623052770437 ; sb = 3013.49806974867
      k =    4 ; sb/Sb = 0.882965595875416 ; sb = 3374.00119040091
      Creating new point: f = 0.400936496053111
    i = 415 ; sf/Sf = 0.913224210715843 ; sf = 3558.35643990966
      k =   38 ; sb/Sb = 0 ; sb = 0
      k =  180 ; sb/Sb = 0.0745032228913606 ; sb = 284.692816909735
      k =    1 ; sb/Sb = 0.149006445782721 ; sb = 569.38563381947
      k =  193 ; sb/Sb = 0.231772610402491 ; sb = 885.65292583684
      k =    2 ; sb/Sb = 0.314538775022261 ; sb = 1201.92021785421
      k =  203 ; sb/Sb = 0.410067099238881 ; sb = 1566.95446282309
      k =    3 ; sb/Sb = 0.505595423455501 ; sb = 1931.98870779197
      k =  247 ; sb/Sb = 0.599937966560479 ; sb = 2292.4918284442
      k =  245 ; sb/Sb = 0.694280509665458 ; sb = 2652.99494909644
      k =  255 ; sb/Sb = 0.788623052770437 ; sb = 3013.49806974867
      k =    4 ; sb/Sb = 0.882965595875416 ; sb = 3374.00119040091
      k =    5 ; sb/Sb = 1 ; sb = 3821.21478590087
      Creating new point: f = 0.258544614011252
Tear 5 : Sf = 1469.96598600104 ; Sb = 2136.25100215217
  Backwards path
    i = 130 ; sf/Sf = 0.25 ; sf = 367.491496500259
      k =   29 ; sb/Sb = 0 ; sb = 0
      k =  219 ; sb/Sb = 0.147380260798678 ; sb = 314.841229828623
      k =   30 ; sb/Sb = 0.294760521597355 ; sb = 629.682459657247
      Creating new point: f = 0.696292289382644
    i = 110 ; sf/Sf = 0.5 ; sf = 734.982993000518
      k =   29 ; sb/Sb = 0 ; sb = 0
      k =  219 ; sb/Sb = 0.147380260798678 ; sb = 314.841229828623
      k =   30 ; sb/Sb = 0.294760521597355 ; sb = 629.682459657247
      k =  147 ; sb/Sb = 0.464450319114032 ; sb = 992.182459657246
      k =   49 ; sb/Sb = 0.634140116630709 ; sb = 1354.68245965725
      Creating new point: f = 0.209498045293347
    i = 129 ; sf/Sf = 0.75 ; sf = 1102.47448950078
      k =   29 ; sb/Sb = 0 ; sb = 0
      k =  219 ; sb/Sb = 0.147380260798678 ; sb = 314.841229828623
      k =   30 ; sb/Sb = 0.294760521597355 ; sb = 629.682459657247
      k =  147 ; sb/Sb = 0.464450319114032 ; sb = 992.182459657246
      k =   49 ; sb/Sb = 0.634140116630709 ; sb = 1354.68245965725
      k =   51 ; sb/Sb = 0.803829914147386 ; sb = 1717.18245965725
      Creating new point: f = 0.682774598501741
Triangulating...
[1] "Non-adjacent points in rim connected by line: 42 25"
[1] "In triangle: 54" "In triangle: 55"
[1] "Other points in triangles: 24 438"
[1] "Non-adjacent points in rim connected by line: 453 452"
[1] "In triangle: 895" "In triangle: 909"
[1] "Other points in triangles: 278 6"
Merging points...
Projecting to sphere...
Optimising mapping with FIRE...
E =  0.00374 | E_L =  0.00374 | E_A =  0.00000 |   0 flippped triangles
E =  0.00304 | E_L =  0.00304 | E_A =  0.00000 |  38 flippped triangles
        phi0    phi0.1    phi0.2    phi0.3    phi0.4    phi0.5    phi0.6
id   161.000   529.000 534.00000   538.000   565.000   575.000   685.000
A   3631.839  2696.111  64.03783  2632.073 20034.470 17992.915 23496.687
a  -2287.134 -2743.162 -23.63882 -1788.480 -4407.011 -8244.785 -8832.532
      phi0.7    phi0.8    phi0.9   phi0.10   phi0.11   phi0.12   phi0.13
id  734.0000 735.00000 740.00000   746.000   750.000    767.00    768.00
A   144.0907  33.21192  36.02268 11265.517  5125.039  17179.53  12303.96
a  -120.2964 -31.05348 -32.82467 -8960.174 -3961.190 -13836.75 -10693.86
     phi0.14   phi0.15   phi0.16   phi0.17     phi0.18   phi0.19   phi0.20
id   781.000   782.000   783.000    817.00  820.000000   823.000   849.000
A  14425.441  8265.115  3000.490  21072.50 3136.516918  3254.426 10787.572
a  -8965.532 -7238.545 -2744.873 -16854.36   -7.775589 -2925.449 -1955.125
     phi0.21   phi0.22    phi0.23   phi0.24   phi0.25   phi0.26   phi0.27
id    870.00   871.000   872.0000   876.000   877.000  888.0000   895.000
A   11170.52  9650.494 12492.6869  7385.248  4389.640  652.1647  5511.401
a  -10302.81 -7238.232  -875.9501 -3255.467 -5005.784 -518.7555 -2680.719
      phi0.28   phi0.29   phi0.30   phi0.31   phi0.32   phi0.33   phi0.34
id    900.000   901.000    903.00    907.00    910.00  913.0000 916.00000
A    8985.018 17294.287  10272.29  15999.80  15718.29  997.2710 107.65808
a  -10750.611 -6392.889 -12316.16 -11384.07 -13208.59 -726.4299 -17.27785
     phi0.35   phi0.36   phi0.37
id 917.00000    918.00   919.000
A   34.35603  10731.74  6026.824
a  -47.86345 -10894.43 -6719.309
E =  0.00276 | E_L =  0.00276 | E_A =  0.00000 |  35 flippped triangles
        phi0    phi0.1    phi0.2    phi0.3    phi0.4     phi0.5    phi0.6
id   161.000 534.00000 558.00000   565.000   575.000    658.000    677.00
A   3631.839  64.03783  61.58790 20034.470 17992.915   9251.109   9210.91
a  -2112.253 -68.13560 -67.57002 -4506.852 -7838.936 -11851.510 -10629.50
      phi0.7    phi0.8    phi0.9   phi0.10   phi0.11   phi0.12   phi0.13
id 735.00000 740.00000   750.000    767.00    768.00  777.0000   783.000
A   33.21192  36.02268  5125.039  17179.53  12303.96  132.8477  3000.490
a  -22.20338 -29.26095 -6760.393 -14119.98 -10045.35 -136.1724 -2828.535
     phi0.14   phi0.15   phi0.16   phi0.17   phi0.18   phi0.19   phi0.20
id   784.000    794.00    798.00   823.000    842.00    868.00   870.000
A   3131.730  23639.12  31741.52  3254.426  14012.07  25809.79 11170.519
a  -3364.461 -21084.43 -12419.76 -3022.894 -13359.70 -26141.51 -9601.285
     phi0.21   phi0.22   phi0.23   phi0.24    phi0.25   phi0.26   phi0.27
id   871.000    872.00   876.000   895.000    900.000    903.00    907.00
A   9650.494  12492.69  7385.248  5511.401   8985.018  10272.29  15999.80
a  -8880.082 -12940.54 -4543.770 -6785.136 -11289.036 -11428.11 -14161.48
     phi0.28   phi0.29   phi0.30   phi0.31   phi0.32   phi0.33   phi0.34
id  909.0000    910.00  913.0000 916.00000 917.00000   918.000   919.000
A   806.4894  15718.29  997.2710 107.65808  34.35603 10731.735  6026.824
a  -759.8796 -16073.09 -937.9126 -48.94762 -43.59683 -8814.381 -5307.325
E =  0.00273 | E_L =  0.00273 | E_A =  0.00000 |  35 flippped triangles
        phi0    phi0.1    phi0.2    phi0.3     phi0.4    phi0.5    phi0.6
id   161.000  528.0000 534.00000 558.00000    658.000    677.00 735.00000
A   3631.839 1591.2007  64.03783  61.58790   9251.109   9210.91  33.21192
a  -1647.583 -625.3581 -67.34151 -66.60932 -11609.249 -10141.21 -31.73534
      phi0.7    phi0.8    phi0.9   phi0.10   phi0.11   phi0.12   phi0.13
id 740.00000   750.000    767.00   768.000  777.0000   783.000   784.000
A   36.02268  5125.039  17179.53 12303.962  132.8477  3000.490  3131.730
a  -33.11878 -6710.522 -12675.89 -9766.424 -123.1005 -2769.624 -3210.759
     phi0.14   phi0.15   phi0.16   phi0.17   phi0.18   phi0.19   phi0.20
id    794.00   798.000   823.000    842.00    868.00    870.00   871.000
A   23639.12 31741.519  3254.426  14012.07  25809.79  11170.52  9650.494
a  -19516.59 -8047.453 -2959.905 -13319.63 -25830.78 -10140.91 -9058.362
     phi0.21   phi0.22   phi0.23    phi0.24   phi0.25   phi0.26   phi0.27
id    872.00   876.000   895.000    900.000   901.000    903.00    907.00
A   12492.69  7385.248  5511.401   8985.018 17294.287  10272.29  15999.80
a  -13264.07 -4387.240 -6460.481 -11455.874 -1112.284 -11444.47 -13962.58
     phi0.28   phi0.29   phi0.30  phi0.31   phi0.32   phi0.33   phi0.34
id  909.0000    910.00  913.0000 916.0000 917.00000   918.000   919.000
A   806.4894  15718.29  997.2710 107.6581  34.35603 10731.735  6026.824
a  -806.9526 -15929.13 -887.4944 -63.4541 -39.11738 -9481.344 -5315.898
E =  0.00264 | E_L =  0.00264 | E_A =  0.00000 |  35 flippped triangles
        phi0    phi0.1    phi0.2    phi0.3     phi0.4    phi0.5    phi0.6
id   161.000  528.0000 534.00000 558.00000    658.000    677.00 735.00000
A   3631.839 1591.2007  64.03783  61.58790   9251.109   9210.91  33.21192
a  -1539.316 -479.4762 -67.62623 -66.98381 -11542.240 -10203.42 -32.80232
      phi0.7    phi0.8    phi0.9   phi0.10   phi0.11   phi0.12   phi0.13
id 740.00000   750.000    767.00   768.000  777.0000   783.000   784.000
A   36.02268  5125.039  17179.53 12303.962  132.8477  3000.490  3131.730
a  -34.63916 -6641.448 -12186.96 -9572.366 -122.5252 -2690.663 -3215.365
     phi0.14   phi0.15   phi0.16   phi0.17   phi0.18   phi0.19   phi0.20
id    794.00   798.000   823.000    842.00    868.00    870.00   871.000
A   23639.12 31741.519  3254.426  14012.07  25809.79  11170.52  9650.494
a  -17328.40 -4316.167 -2877.727 -13028.43 -24730.45 -10108.22 -9151.958
     phi0.21   phi0.22   phi0.23    phi0.24   phi0.25   phi0.26   phi0.27
id    872.00   876.000   895.000    900.000   901.000    903.00    907.00
A   12492.69  7385.248  5511.401   8985.018 17294.287  10272.29  15999.80
a  -13207.15 -4571.483 -6410.763 -11578.196 -1329.994 -11344.36 -13638.73
     phi0.28   phi0.29   phi0.30   phi0.31   phi0.32   phi0.33   phi0.34
id  909.0000    910.00  913.0000 916.00000 917.00000   918.000   919.000
A   806.4894  15718.29  997.2710 107.65808  34.35603 10731.735  6026.824
a  -776.7450 -15620.75 -876.7162 -63.44363 -39.64080 -9272.409 -5280.583
E =  0.00260 | E_L =  0.00260 | E_A =  0.00000 |  35 flippped triangles
        phi0    phi0.1    phi0.2    phi0.3     phi0.4    phi0.5    phi0.6
id   161.000  528.0000 534.00000 558.00000    658.000    677.00 735.00000
A   3631.839 1591.2007  64.03783  61.58790   9251.109   9210.91  33.21192
a  -1759.150 -607.7448 -64.58261 -63.56544 -11538.120 -10264.64 -34.24609
      phi0.7    phi0.8    phi0.9   phi0.10   phi0.11   phi0.12   phi0.13
id 740.00000   750.000    767.00   768.000  777.0000   783.000   784.000
A   36.02268  5125.039  17179.53 12303.962  132.8477  3000.490  3131.730
a  -35.83165 -6710.409 -12875.67 -9997.408 -121.6579 -2752.612 -3121.299
     phi0.14   phi0.15   phi0.16   phi0.17   phi0.18   phi0.19   phi0.20
id    794.00   798.000   823.000    842.00    868.00    870.00   871.000
A   23639.12 31741.519  3254.426  14012.07  25809.79  11170.52  9650.494
a  -18712.29 -6341.326 -2954.013 -13004.32 -25424.74 -10201.35 -9110.635
     phi0.21   phi0.22   phi0.23    phi0.24   phi0.25   phi0.26   phi0.27
id    872.00   876.000   895.000    900.000   901.000    903.00    907.00
A   12492.69  7385.248  5511.401   8985.018 17294.287  10272.29  15999.80
a  -13095.22 -4607.909 -6370.642 -11399.605 -1587.265 -11268.24 -13802.08
     phi0.28   phi0.29   phi0.30   phi0.31   phi0.32   phi0.33   phi0.34
id  909.0000    910.00  913.0000 916.00000 917.00000   918.000   919.000
A   806.4894  15718.29  997.2710 107.65808  34.35603 10731.735  6026.824
a  -759.9663 -15857.35 -878.8696 -69.48376 -36.25248 -9228.461 -5161.336
E =  0.00258 | E_L =  0.00258 | E_A =  0.00000 |  34 flippped triangles
        phi0    phi0.1    phi0.2    phi0.3     phi0.4    phi0.5    phi0.6
id   161.000  528.0000 534.00000 558.00000    658.000    677.00 735.00000
A   3631.839 1591.2007  64.03783  61.58790   9251.109   9210.91  33.21192
a  -1475.356 -365.9593 -66.47028 -65.52781 -11493.636 -10174.36 -31.44204
      phi0.7    phi0.8    phi0.9   phi0.10   phi0.11   phi0.12   phi0.13
id 740.00000   750.000    767.00   768.000  777.0000   783.000   784.000
A   36.02268  5125.039  17179.53 12303.962  132.8477  3000.490  3131.730
a  -32.94286 -6556.413 -11804.70 -9502.952 -122.1086 -2727.161 -3201.836
     phi0.14   phi0.15   phi0.16   phi0.17   phi0.18   phi0.19   phi0.20
id    794.00   823.000    842.00    868.00    870.00   871.000    872.00
A   23639.12  3254.426  14012.07  25809.79  11170.52  9650.494  12492.69
a  -14453.57 -2919.145 -12928.55 -23549.42 -10156.83 -9072.618 -13181.16
     phi0.21   phi0.22    phi0.23   phi0.24   phi0.25  phi0.26   phi0.27
id   876.000   895.000    900.000   901.000    903.00    907.0  909.0000
A   7385.248  5511.401   8985.018 17294.287  10272.29  15999.8  806.4894
a  -4627.907 -6428.676 -11621.126 -1243.602 -11327.54 -13100.9 -762.4302
     phi0.28   phi0.29   phi0.30   phi0.31   phi0.32   phi0.33
id    910.00  913.0000 916.00000 917.00000   918.000   919.000
A   15718.29  997.2710 107.65808  34.35603 10731.735  6026.824
a  -15053.97 -873.9319 -73.53067 -38.38383 -9036.972 -5223.999
FIRE:  4  stops.  7 hits of maxmove.  0 hits of dtmax.
Frms = 8.27143273786382e-07; Ftanrms = 8.25022756760181e-07
E =  0.00417 | E_L =  0.00417 | E_A =  0.00000 |   0 flippped triangles
E =  0.00322 | E_L =  0.00322 | E_A =  0.00000 |   0 flippped triangles
E =  0.00308 | E_L =  0.00308 | E_A =  0.00000 |   0 flippped triangles
E =  0.00307 | E_L =  0.00307 | E_A =  0.00000 |   0 flippped triangles
Optimising mapping with BFGS...
E =  0.00307 | E_L =  0.00307 | E_A =  0.00000 |   0 flippped triangles
Transforming image...
Mapping optimised. Error: 0.003068801 ; 0 flipped triangles.
Inferring coordinates of datapoints
Inferring coordinates of landmarks
Mapping optimised. Error: 0.003068801 ; 0 flipped triangles. OD displacement: 7.799378 degrees.
Computing Kernel Density estimates of datapoints

[1] 0.725
Saving adult_retina/data/CD-1/GMA560/R-CONTRA/r.mat
