[1] "Adding old segment 1"
[1] "Adding old segment 6"
[1] "Adding old segment 5"
[1] "Adding old segment 9"
[1] "Adding old segment 4"
[1] "Adding old segment 8"
[1] "Adding old segment 3"
[1] "Adding old segment 7"
[1] "Storing new segment 1"
[1] "Adding old segment 2"
[1] "Storing new segment 2"
simplify.outline: Removing vertex 19
simplify.outline: Removing vertex 41
Triangulating...
Stitching...
Tear 1 child of rim
Tear 2 child of rim
Tear 3 child of rim
Tear 4 child of rim
Tear 1 : Sf = 1605.50733956827 ; Sb = 1579.9913658984
  Forwards path
    i = 52 ; sf/Sf = 0.081210496452239 ; sf = 130.384048104053
      k =   51 ; sb/Sb = 0 ; sb = 0
      k =   50 ; sb/Sb = 0.0707620315452907 ; sb = 111.803398874989
      k =   66 ; sb/Sb = 0.4132678080805 ; sb = 652.959568570947
      Creating new point: f = 0.0305059523744241
    i = 53 ; sf/Sf = 0.536066044734419 ; sf = 860.657969314444
      k =   51 ; sb/Sb = 0 ; sb = 0
      k =   50 ; sb/Sb = 0.0707620315452907 ; sb = 111.803398874989
      k =   66 ; sb/Sb = 0.4132678080805 ; sb = 652.959568570947
      k =   49 ; sb/Sb = 0.75577358461571 ; sb = 1194.1157382669
      Creating new point: f = 0.358528950653464
    i = 54 ; sf/Sf = 0.741608549503495 ; sf = 1190.65796931444
      k =   51 ; sb/Sb = 0 ; sb = 0
      k =   50 ; sb/Sb = 0.0707620315452907 ; sb = 111.803398874989
      k =   66 ; sb/Sb = 0.4132678080805 ; sb = 652.959568570947
      k =   49 ; sb/Sb = 0.75577358461571 ; sb = 1194.1157382669
      Creating new point: f = 0.958642930768912
Tear 2 : Sf = 5614.30633256828 ; Sb = 5986.35361906968
  Forwards path
    i = 5 ; sf/Sf = 0.0701697215534067 ; sf = 393.954312071844
      k =    4 ; sb/Sb = 0 ; sb = 0
      k =  404 ; sb/Sb = 0.0635655652877962 ; sb = 380.525951808809
      k =    3 ; sb/Sb = 0.127131130575592 ; sb = 761.051903617618
      Creating new point: f = 0.103895186579555
    i = 6 ; sf/Sf = 0.146010502568663 ; sf = 819.74768919272
      k =    4 ; sb/Sb = 0 ; sb = 0
      k =  404 ; sb/Sb = 0.0635655652877962 ; sb = 380.525951808809
      k =    3 ; sb/Sb = 0.127131130575592 ; sb = 761.051903617618
      k =  405 ; sb/Sb = 0.177272943020464 ; sb = 1061.21852401369
      Creating new point: f = 0.376519536740459
    i = 7 ; sf/Sf = 0.180594450591437 ; sf = 1013.9125675822
      k =    4 ; sb/Sb = 0 ; sb = 0
      k =  404 ; sb/Sb = 0.0635655652877962 ; sb = 380.525951808809
      k =    3 ; sb/Sb = 0.127131130575592 ; sb = 761.051903617618
      k =  405 ; sb/Sb = 0.177272943020464 ; sb = 1061.21852401369
      k =    2 ; sb/Sb = 0.227414755465336 ; sb = 1361.38514440976
      Creating new point: f = 0.066242271848961
    i = 8 ; sf/Sf = 0.233552261821228 ; sf = 1311.23394252857
      k =    4 ; sb/Sb = 0 ; sb = 0
      k =  404 ; sb/Sb = 0.0635655652877962 ; sb = 380.525951808809
      k =    3 ; sb/Sb = 0.127131130575592 ; sb = 761.051903617618
      k =  405 ; sb/Sb = 0.177272943020464 ; sb = 1061.21852401369
      k =    2 ; sb/Sb = 0.227414755465336 ; sb = 1361.38514440976
      k =   69 ; sb/Sb = 0.283599308296532 ; sb = 1697.72574558661
      Creating new point: f = 0.109238323464662
    i = 9 ; sf/Sf = 0.295510146199688 ; sf = 1659.08448514709
      k =    4 ; sb/Sb = 0 ; sb = 0
      k =  404 ; sb/Sb = 0.0635655652877962 ; sb = 380.525951808809
      k =    3 ; sb/Sb = 0.127131130575592 ; sb = 761.051903617618
      k =  405 ; sb/Sb = 0.177272943020464 ; sb = 1061.21852401369
      k =    2 ; sb/Sb = 0.227414755465336 ; sb = 1361.38514440976
      k =   69 ; sb/Sb = 0.283599308296532 ; sb = 1697.72574558661
      k =    1 ; sb/Sb = 0.339783861127729 ; sb = 2034.06634676345
      Creating new point: f = 0.211994886547216
    i = 10 ; sf/Sf = 0.39086482064405 ; sf = 2194.43483772005
      k =    4 ; sb/Sb = 0 ; sb = 0
      k =  404 ; sb/Sb = 0.0635655652877962 ; sb = 380.525951808809
      k =    3 ; sb/Sb = 0.127131130575592 ; sb = 761.051903617618
      k =  405 ; sb/Sb = 0.177272943020464 ; sb = 1061.21852401369
      k =    2 ; sb/Sb = 0.227414755465336 ; sb = 1361.38514440976
      k =   69 ; sb/Sb = 0.283599308296532 ; sb = 1697.72574558661
      k =    1 ; sb/Sb = 0.339783861127729 ; sb = 2034.06634676345
      k =   63 ; sb/Sb = 0.36577021304745 ; sb = 2189.62983862449
      k =  434 ; sb/Sb = 0.457933924727932 ; sb = 2741.35440758984
      Creating new point: f = 0.27228295322566
    i = 247 ; sf/Sf = 0.480831233282943 ; sf = 2699.53383791705
      k =    4 ; sb/Sb = 0 ; sb = 0
      k =  404 ; sb/Sb = 0.0635655652877962 ; sb = 380.525951808809
      k =    3 ; sb/Sb = 0.127131130575592 ; sb = 761.051903617618
      k =  405 ; sb/Sb = 0.177272943020464 ; sb = 1061.21852401369
      k =    2 ; sb/Sb = 0.227414755465336 ; sb = 1361.38514440976
      k =   69 ; sb/Sb = 0.283599308296532 ; sb = 1697.72574558661
      k =    1 ; sb/Sb = 0.339783861127729 ; sb = 2034.06634676345
      k =   63 ; sb/Sb = 0.36577021304745 ; sb = 2189.62983862449
      k =  434 ; sb/Sb = 0.457933924727932 ; sb = 2741.35440758984
      k =   62 ; sb/Sb = 0.550097636408414 ; sb = 3293.07897655519
      Creating new point: f = 0.24844169291264
    i = 11 ; sf/Sf = 0.570797645921837 ; sf = 3204.63283811404
      k =    4 ; sb/Sb = 0 ; sb = 0
      k =  404 ; sb/Sb = 0.0635655652877962 ; sb = 380.525951808809
      k =    3 ; sb/Sb = 0.127131130575592 ; sb = 761.051903617618
      k =  405 ; sb/Sb = 0.177272943020464 ; sb = 1061.21852401369
      k =    2 ; sb/Sb = 0.227414755465336 ; sb = 1361.38514440976
      k =   69 ; sb/Sb = 0.283599308296532 ; sb = 1697.72574558661
      k =    1 ; sb/Sb = 0.339783861127729 ; sb = 2034.06634676345
      k =   63 ; sb/Sb = 0.36577021304745 ; sb = 2189.62983862449
      k =  434 ; sb/Sb = 0.457933924727932 ; sb = 2741.35440758984
      k =   62 ; sb/Sb = 0.550097636408414 ; sb = 3293.07897655519
      k =  367 ; sb/Sb = 0.654019551703311 ; sb = 3915.19231028145
      Creating new point: f = 0.19918810632659
    i = 255 ; sf/Sf = 0.638252984112608 ; sf = 3583.34777048402
      k =    4 ; sb/Sb = 0 ; sb = 0
      k =  404 ; sb/Sb = 0.0635655652877962 ; sb = 380.525951808809
      k =    3 ; sb/Sb = 0.127131130575592 ; sb = 761.051903617618
      k =  405 ; sb/Sb = 0.177272943020464 ; sb = 1061.21852401369
      k =    2 ; sb/Sb = 0.227414755465336 ; sb = 1361.38514440976
      k =   69 ; sb/Sb = 0.283599308296532 ; sb = 1697.72574558661
      k =    1 ; sb/Sb = 0.339783861127729 ; sb = 2034.06634676345
      k =   63 ; sb/Sb = 0.36577021304745 ; sb = 2189.62983862449
      k =  434 ; sb/Sb = 0.457933924727932 ; sb = 2741.35440758984
      k =   62 ; sb/Sb = 0.550097636408414 ; sb = 3293.07897655519
      k =  367 ; sb/Sb = 0.654019551703311 ; sb = 3915.19231028145
      Creating new point: f = 0.848284478341624
    i = 12 ; sf/Sf = 0.705708322303379 ; sf = 3962.062702854
      k =    4 ; sb/Sb = 0 ; sb = 0
      k =  404 ; sb/Sb = 0.0635655652877962 ; sb = 380.525951808809
      k =    3 ; sb/Sb = 0.127131130575592 ; sb = 761.051903617618
      k =  405 ; sb/Sb = 0.177272943020464 ; sb = 1061.21852401369
      k =    2 ; sb/Sb = 0.227414755465336 ; sb = 1361.38514440976
      k =   69 ; sb/Sb = 0.283599308296532 ; sb = 1697.72574558661
      k =    1 ; sb/Sb = 0.339783861127729 ; sb = 2034.06634676345
      k =   63 ; sb/Sb = 0.36577021304745 ; sb = 2189.62983862449
      k =  434 ; sb/Sb = 0.457933924727932 ; sb = 2741.35440758984
      k =   62 ; sb/Sb = 0.550097636408414 ; sb = 3293.07897655519
      k =  367 ; sb/Sb = 0.654019551703311 ; sb = 3915.19231028145
      k =   61 ; sb/Sb = 0.757941466998208 ; sb = 4537.30564400771
      Creating new point: f = 0.497380850356658
    i = 333 ; sf/Sf = 0.810996808510139 ; sf = 4553.18451771114
      k =    4 ; sb/Sb = 0 ; sb = 0
      k =  404 ; sb/Sb = 0.0635655652877962 ; sb = 380.525951808809
      k =    3 ; sb/Sb = 0.127131130575592 ; sb = 761.051903617618
      k =  405 ; sb/Sb = 0.177272943020464 ; sb = 1061.21852401369
      k =    2 ; sb/Sb = 0.227414755465336 ; sb = 1361.38514440976
      k =   69 ; sb/Sb = 0.283599308296532 ; sb = 1697.72574558661
      k =    1 ; sb/Sb = 0.339783861127729 ; sb = 2034.06634676345
      k =   63 ; sb/Sb = 0.36577021304745 ; sb = 2189.62983862449
      k =  434 ; sb/Sb = 0.457933924727932 ; sb = 2741.35440758984
      k =   62 ; sb/Sb = 0.550097636408414 ; sb = 3293.07897655519
      k =  367 ; sb/Sb = 0.654019551703311 ; sb = 3915.19231028145
      k =   61 ; sb/Sb = 0.757941466998208 ; sb = 4537.30564400771
      k =   60 ; sb/Sb = 0.887604494645016 ; sb = 5313.51437882071
      Creating new point: f = 0.409178641551161
    i = 338 ; sf/Sf = 0.863641051613519 ; sf = 4848.74542513971
      k =    4 ; sb/Sb = 0 ; sb = 0
      k =  404 ; sb/Sb = 0.0635655652877962 ; sb = 380.525951808809
      k =    3 ; sb/Sb = 0.127131130575592 ; sb = 761.051903617618
      k =  405 ; sb/Sb = 0.177272943020464 ; sb = 1061.21852401369
      k =    2 ; sb/Sb = 0.227414755465336 ; sb = 1361.38514440976
      k =   69 ; sb/Sb = 0.283599308296532 ; sb = 1697.72574558661
      k =    1 ; sb/Sb = 0.339783861127729 ; sb = 2034.06634676345
      k =   63 ; sb/Sb = 0.36577021304745 ; sb = 2189.62983862449
      k =  434 ; sb/Sb = 0.457933924727932 ; sb = 2741.35440758984
      k =   62 ; sb/Sb = 0.550097636408414 ; sb = 3293.07897655519
      k =  367 ; sb/Sb = 0.654019551703311 ; sb = 3915.19231028145
      k =   61 ; sb/Sb = 0.757941466998208 ; sb = 4537.30564400771
      k =   60 ; sb/Sb = 0.887604494645016 ; sb = 5313.51437882071
      Creating new point: f = 0.815186769379077
    i = 13 ; sf/Sf = 0.916285294716899 ; sf = 5144.30633256828
      k =    4 ; sb/Sb = 0 ; sb = 0
      k =  404 ; sb/Sb = 0.0635655652877962 ; sb = 380.525951808809
      k =    3 ; sb/Sb = 0.127131130575592 ; sb = 761.051903617618
      k =  405 ; sb/Sb = 0.177272943020464 ; sb = 1061.21852401369
      k =    2 ; sb/Sb = 0.227414755465336 ; sb = 1361.38514440976
      k =   69 ; sb/Sb = 0.283599308296532 ; sb = 1697.72574558661
      k =    1 ; sb/Sb = 0.339783861127729 ; sb = 2034.06634676345
      k =   63 ; sb/Sb = 0.36577021304745 ; sb = 2189.62983862449
      k =  434 ; sb/Sb = 0.457933924727932 ; sb = 2741.35440758984
      k =   62 ; sb/Sb = 0.550097636408414 ; sb = 3293.07897655519
      k =  367 ; sb/Sb = 0.654019551703311 ; sb = 3915.19231028145
      k =   61 ; sb/Sb = 0.757941466998208 ; sb = 4537.30564400771
      k =   60 ; sb/Sb = 0.887604494645016 ; sb = 5313.51437882071
      k =   59 ; sb/Sb = 0.916777928604781 ; sb = 5488.15687078644
      Creating new point: f = 0.983113613277028
Tear 3 : Sf = 1827.04017387888 ; Sb = 1779.72053977507
  Forwards path
    i = 24 ; sf/Sf = 0.183581183063359 ; sf = 335.410196624968
      k =   23 ; sb/Sb = 0 ; sb = 0
      k =   22 ; sb/Sb = 0.227546474615343 ; sb = 404.969134626332
      Creating new point: f = 0.806785441847405
    i = 25 ; sf/Sf = 0.3423078515549 ; sf = 625.410196624968
      k =   23 ; sb/Sb = 0 ; sb = 0
      k =   22 ; sb/Sb = 0.227546474615343 ; sb = 404.969134626332
      k =   21 ; sb/Sb = 0.402364361338953 ; sb = 716.096118348413
      Creating new point: f = 0.65646244266181
    i = 122 ; sf/Sf = 0.509042512669555 ; sf = 930.041120859525
      k =   23 ; sb/Sb = 0 ; sb = 0
      k =   22 ; sb/Sb = 0.227546474615343 ; sb = 404.969134626332
      k =   21 ; sb/Sb = 0.402364361338953 ; sb = 716.096118348413
      k =   20 ; sb/Sb = 0.587786731101403 ; sb = 1046.09611834841
      Creating new point: f = 0.57532514263123
    i = 26 ; sf/Sf = 0.675777173784211 ; sf = 1234.67204509408
      k =   23 ; sb/Sb = 0 ; sb = 0
      k =   22 ; sb/Sb = 0.227546474615343 ; sb = 404.969134626332
      k =   21 ; sb/Sb = 0.402364361338953 ; sb = 716.096118348413
      k =   20 ; sb/Sb = 0.587786731101403 ; sb = 1046.09611834841
      k =   19 ; sb/Sb = 0.688926205517285 ; sb = 1226.09611834841
      Creating new point: f = 0.869991100813857
Tear 4 : Sf = 2359.61616345408 ; Sb = 2064.42758257993
  Forwards path
    i = 39 ; sf/Sf = 0.102064011641329 ; sf = 240.831891575846
      k =   38 ; sb/Sb = 0 ; sb = 0
      k =   37 ; sb/Sb = 0.0824896281643585 ; sb = 170.293863659264
      k =   36 ; sb/Sb = 0.261191626736232 ; sb = 539.211198573198
      Creating new point: f = 0.109536455290947
    i = 40 ; sf/Sf = 0.258410344840667 ; sf = 609.74922648978
      k =   38 ; sb/Sb = 0 ; sb = 0
      k =   37 ; sb/Sb = 0.0824896281643585 ; sb = 170.293863659264
      k =   36 ; sb/Sb = 0.261191626736232 ; sb = 539.211198573198
      Creating new point: f = 0.984436201509822
    i = 424 ; sf/Sf = 0.410151242934549 ; sf = 967.799502289143
      k =   38 ; sb/Sb = 0 ; sb = 0
      k =   37 ; sb/Sb = 0.0824896281643585 ; sb = 170.293863659264
      k =   36 ; sb/Sb = 0.261191626736232 ; sb = 539.211198573198
      k =   35 ; sb/Sb = 0.350114870668791 ; sb = 722.786796080057
      k =  268 ; sb/Sb = 0.512586153001593 ; sb = 1058.19699270502
      Creating new point: f = 0.369519901632718
    i = 41 ; sf/Sf = 0.561892141028432 ; sf = 1325.84977808851
      k =   38 ; sb/Sb = 0 ; sb = 0
      k =   37 ; sb/Sb = 0.0824896281643585 ; sb = 170.293863659264
      k =   36 ; sb/Sb = 0.261191626736232 ; sb = 539.211198573198
      k =   35 ; sb/Sb = 0.350114870668791 ; sb = 722.786796080057
      k =  268 ; sb/Sb = 0.512586153001593 ; sb = 1058.19699270502
      k =  176 ; sb/Sb = 0.675057435334395 ; sb = 1393.60718932999
      Creating new point: f = 0.303475096145555
    i = 42 ; sf/Sf = 0.858550559817748 ; sf = 2025.84977808851
      k =   38 ; sb/Sb = 0 ; sb = 0
      k =   37 ; sb/Sb = 0.0824896281643585 ; sb = 170.293863659264
      k =   36 ; sb/Sb = 0.261191626736232 ; sb = 539.211198573198
      k =   35 ; sb/Sb = 0.350114870668791 ; sb = 722.786796080057
      k =  268 ; sb/Sb = 0.512586153001593 ; sb = 1058.19699270502
      k =  176 ; sb/Sb = 0.675057435334395 ; sb = 1393.60718932999
      k =  177 ; sb/Sb = 0.837528717667198 ; sb = 1729.01738595496
      k =   34 ; sb/Sb = 1 ; sb = 2064.42758257993
      Creating new point: f = 0.129388048452094
Tear 1 : Sf = 1579.9913658984 ; Sb = 1605.50733956827
  Backwards path
    i = 50 ; sf/Sf = 0.0707620315452907 ; sf = 111.803398874989
      k =   51 ; sb/Sb = 0 ; sb = 0
      k =   52 ; sb/Sb = 0.081210496452239 ; sb = 130.384048104053
      Creating new point: f = 0.871340955130189
    i = 66 ; sf/Sf = 0.4132678080805 ; sf = 652.959568570947
      k =   51 ; sb/Sb = 0 ; sb = 0
      k =   52 ; sb/Sb = 0.081210496452239 ; sb = 130.384048104053
      k =   53 ; sb/Sb = 0.536066044734419 ; sb = 860.657969314444
      Creating new point: f = 0.730028055901084
    i = 49 ; sf/Sf = 0.75577358461571 ; sf = 1194.1157382669
      k =   51 ; sb/Sb = 0 ; sb = 0
      k =   52 ; sb/Sb = 0.081210496452239 ; sb = 130.384048104053
      k =   53 ; sb/Sb = 0.536066044734419 ; sb = 860.657969314444
      k =   54 ; sb/Sb = 0.741608549503495 ; sb = 1190.65796931444
      k =   55 ; sb/Sb = 1 ; sb = 1605.50733956827
      Creating new point: f = 0.0548200611320383
Tear 2 : Sf = 5986.35361906968 ; Sb = 5614.30633256828
  Backwards path
    i = 404 ; sf/Sf = 0.0635655652877962 ; sf = 380.525951808809
      k =    4 ; sb/Sb = 0 ; sb = 0
      k =    5 ; sb/Sb = 0.0701697215534067 ; sb = 393.954312071844
      Creating new point: f = 0.905883105712711
    i = 3 ; sf/Sf = 0.127131130575592 ; sf = 761.051903617618
      k =    4 ; sb/Sb = 0 ; sb = 0
      k =    5 ; sb/Sb = 0.0701697215534067 ; sb = 393.954312071844
      k =    6 ; sb/Sb = 0.146010502568663 ; sb = 819.74768919272
      Creating new point: f = 0.751065696577248
    i = 405 ; sf/Sf = 0.177272943020464 ; sf = 1061.21852401369
      k =    4 ; sb/Sb = 0 ; sb = 0
      k =    5 ; sb/Sb = 0.0701697215534067 ; sb = 393.954312071844
      k =    6 ; sb/Sb = 0.146010502568663 ; sb = 819.74768919272
      k =    7 ; sb/Sb = 0.180594450591437 ; sb = 1013.9125675822
      Creating new point: f = 0.903958114649446
    i = 2 ; sf/Sf = 0.227414755465336 ; sf = 1361.38514440976
      k =    4 ; sb/Sb = 0 ; sb = 0
      k =    5 ; sb/Sb = 0.0701697215534067 ; sb = 393.954312071844
      k =    6 ; sb/Sb = 0.146010502568663 ; sb = 819.74768919272
      k =    7 ; sb/Sb = 0.180594450591437 ; sb = 1013.9125675822
      k =    8 ; sb/Sb = 0.233552261821228 ; sb = 1311.23394252857
      Creating new point: f = 0.884105739769716
    i = 69 ; sf/Sf = 0.283599308296532 ; sf = 1697.72574558661
      k =    4 ; sb/Sb = 0 ; sb = 0
      k =    5 ; sb/Sb = 0.0701697215534067 ; sb = 393.954312071844
      k =    6 ; sb/Sb = 0.146010502568663 ; sb = 819.74768919272
      k =    7 ; sb/Sb = 0.180594450591437 ; sb = 1013.9125675822
      k =    8 ; sb/Sb = 0.233552261821228 ; sb = 1311.23394252857
      k =    9 ; sb/Sb = 0.295510146199688 ; sb = 1659.08448514709
      Creating new point: f = 0.807759125046943
    i = 1 ; sf/Sf = 0.339783861127729 ; sf = 2034.06634676345
      k =    4 ; sb/Sb = 0 ; sb = 0
      k =    5 ; sb/Sb = 0.0701697215534067 ; sb = 393.954312071844
      k =    6 ; sb/Sb = 0.146010502568663 ; sb = 819.74768919272
      k =    7 ; sb/Sb = 0.180594450591437 ; sb = 1013.9125675822
      k =    8 ; sb/Sb = 0.233552261821228 ; sb = 1311.23394252857
      k =    9 ; sb/Sb = 0.295510146199688 ; sb = 1659.08448514709
      k =   10 ; sb/Sb = 0.39086482064405 ; sb = 2194.43483772005
      Creating new point: f = 0.464305658700285
    i = 63 ; sf/Sf = 0.36577021304745 ; sf = 2189.62983862449
      k =    4 ; sb/Sb = 0 ; sb = 0
      k =    5 ; sb/Sb = 0.0701697215534067 ; sb = 393.954312071844
      k =    6 ; sb/Sb = 0.146010502568663 ; sb = 819.74768919272
      k =    7 ; sb/Sb = 0.180594450591437 ; sb = 1013.9125675822
      k =    8 ; sb/Sb = 0.233552261821228 ; sb = 1311.23394252857
      k =    9 ; sb/Sb = 0.295510146199688 ; sb = 1659.08448514709
      k =   10 ; sb/Sb = 0.39086482064405 ; sb = 2194.43483772005
      Creating new point: f = 0.736828763321483
    i = 434 ; sf/Sf = 0.457933924727932 ; sf = 2741.35440758984
      k =    4 ; sb/Sb = 0 ; sb = 0
      k =    5 ; sb/Sb = 0.0701697215534067 ; sb = 393.954312071844
      k =    6 ; sb/Sb = 0.146010502568663 ; sb = 819.74768919272
      k =    7 ; sb/Sb = 0.180594450591437 ; sb = 1013.9125675822
      k =    8 ; sb/Sb = 0.233552261821228 ; sb = 1311.23394252857
      k =    9 ; sb/Sb = 0.295510146199688 ; sb = 1659.08448514709
      k =   10 ; sb/Sb = 0.39086482064405 ; sb = 2194.43483772005
      k =  247 ; sb/Sb = 0.480831233282943 ; sb = 2699.53383791705
      Creating new point: f = 0.745490479353483
    i = 62 ; sf/Sf = 0.550097636408414 ; sf = 3293.07897655519
      k =    4 ; sb/Sb = 0 ; sb = 0
      k =    5 ; sb/Sb = 0.0701697215534067 ; sb = 393.954312071844
      k =    6 ; sb/Sb = 0.146010502568663 ; sb = 819.74768919272
      k =    7 ; sb/Sb = 0.180594450591437 ; sb = 1013.9125675822
      k =    8 ; sb/Sb = 0.233552261821228 ; sb = 1311.23394252857
      k =    9 ; sb/Sb = 0.295510146199688 ; sb = 1659.08448514709
      k =   10 ; sb/Sb = 0.39086482064405 ; sb = 2194.43483772005
      k =  247 ; sb/Sb = 0.480831233282943 ; sb = 2699.53383791705
      k =   11 ; sb/Sb = 0.570797645921837 ; sb = 3204.63283811404
      Creating new point: f = 0.76991402784383
    i = 367 ; sf/Sf = 0.654019551703311 ; sf = 3915.19231028145
      k =    4 ; sb/Sb = 0 ; sb = 0
      k =    5 ; sb/Sb = 0.0701697215534067 ; sb = 393.954312071844
      k =    6 ; sb/Sb = 0.146010502568663 ; sb = 819.74768919272
      k =    7 ; sb/Sb = 0.180594450591437 ; sb = 1013.9125675822
      k =    8 ; sb/Sb = 0.233552261821228 ; sb = 1311.23394252857
      k =    9 ; sb/Sb = 0.295510146199688 ; sb = 1659.08448514709
      k =   10 ; sb/Sb = 0.39086482064405 ; sb = 2194.43483772005
      k =  247 ; sb/Sb = 0.480831233282943 ; sb = 2699.53383791705
      k =   11 ; sb/Sb = 0.570797645921837 ; sb = 3204.63283811404
      k =  255 ; sb/Sb = 0.638252984112608 ; sb = 3583.34777048402
      k =   12 ; sb/Sb = 0.705708322303379 ; sb = 3962.062702854
      Creating new point: f = 0.233733430349324
    i = 61 ; sf/Sf = 0.757941466998208 ; sf = 4537.30564400771
      k =    4 ; sb/Sb = 0 ; sb = 0
      k =    5 ; sb/Sb = 0.0701697215534067 ; sb = 393.954312071844
      k =    6 ; sb/Sb = 0.146010502568663 ; sb = 819.74768919272
      k =    7 ; sb/Sb = 0.180594450591437 ; sb = 1013.9125675822
      k =    8 ; sb/Sb = 0.233552261821228 ; sb = 1311.23394252857
      k =    9 ; sb/Sb = 0.295510146199688 ; sb = 1659.08448514709
      k =   10 ; sb/Sb = 0.39086482064405 ; sb = 2194.43483772005
      k =  247 ; sb/Sb = 0.480831233282943 ; sb = 2699.53383791705
      k =   11 ; sb/Sb = 0.570797645921837 ; sb = 3204.63283811404
      k =  255 ; sb/Sb = 0.638252984112608 ; sb = 3583.34777048402
      k =   12 ; sb/Sb = 0.705708322303379 ; sb = 3962.062702854
      k =  333 ; sb/Sb = 0.810996808510139 ; sb = 4553.18451771114
      Creating new point: f = 0.496095504614395
    i = 60 ; sf/Sf = 0.887604494645016 ; sf = 5313.51437882071
      k =    4 ; sb/Sb = 0 ; sb = 0
      k =    5 ; sb/Sb = 0.0701697215534067 ; sb = 393.954312071844
      k =    6 ; sb/Sb = 0.146010502568663 ; sb = 819.74768919272
      k =    7 ; sb/Sb = 0.180594450591437 ; sb = 1013.9125675822
      k =    8 ; sb/Sb = 0.233552261821228 ; sb = 1311.23394252857
      k =    9 ; sb/Sb = 0.295510146199688 ; sb = 1659.08448514709
      k =   10 ; sb/Sb = 0.39086482064405 ; sb = 2194.43483772005
      k =  247 ; sb/Sb = 0.480831233282943 ; sb = 2699.53383791705
      k =   11 ; sb/Sb = 0.570797645921837 ; sb = 3204.63283811404
      k =  255 ; sb/Sb = 0.638252984112608 ; sb = 3583.34777048402
      k =   12 ; sb/Sb = 0.705708322303379 ; sb = 3962.062702854
      k =  333 ; sb/Sb = 0.810996808510139 ; sb = 4553.18451771114
      k =  338 ; sb/Sb = 0.863641051613519 ; sb = 4848.74542513971
      k =   13 ; sb/Sb = 0.916285294716899 ; sb = 5144.30633256828
      Creating new point: f = 0.455195888835146
    i = 59 ; sf/Sf = 0.916777928604781 ; sf = 5488.15687078644
      k =    4 ; sb/Sb = 0 ; sb = 0
      k =    5 ; sb/Sb = 0.0701697215534067 ; sb = 393.954312071844
      k =    6 ; sb/Sb = 0.146010502568663 ; sb = 819.74768919272
      k =    7 ; sb/Sb = 0.180594450591437 ; sb = 1013.9125675822
      k =    8 ; sb/Sb = 0.233552261821228 ; sb = 1311.23394252857
      k =    9 ; sb/Sb = 0.295510146199688 ; sb = 1659.08448514709
      k =   10 ; sb/Sb = 0.39086482064405 ; sb = 2194.43483772005
      k =  247 ; sb/Sb = 0.480831233282943 ; sb = 2699.53383791705
      k =   11 ; sb/Sb = 0.570797645921837 ; sb = 3204.63283811404
      k =  255 ; sb/Sb = 0.638252984112608 ; sb = 3583.34777048402
      k =   12 ; sb/Sb = 0.705708322303379 ; sb = 3962.062702854
      k =  333 ; sb/Sb = 0.810996808510139 ; sb = 4553.18451771114
      k =  338 ; sb/Sb = 0.863641051613519 ; sb = 4848.74542513971
      k =   13 ; sb/Sb = 0.916285294716899 ; sb = 5144.30633256828
      k =   14 ; sb/Sb = 1 ; sb = 5614.30633256828
      Creating new point: f = 0.0058846756518525
Tear 3 : Sf = 1779.72053977507 ; Sb = 1827.04017387888
  Backwards path
    i = 22 ; sf/Sf = 0.227546474615343 ; sf = 404.969134626332
      k =   23 ; sb/Sb = 0 ; sb = 0
      k =   24 ; sb/Sb = 0.183581183063359 ; sb = 335.410196624968
      k =   25 ; sb/Sb = 0.3423078515549 ; sb = 625.410196624968
      Creating new point: f = 0.276987427316458
    i = 21 ; sf/Sf = 0.402364361338953 ; sf = 716.096118348413
      k =   23 ; sb/Sb = 0 ; sb = 0
      k =   24 ; sb/Sb = 0.183581183063359 ; sb = 335.410196624968
      k =   25 ; sb/Sb = 0.3423078515549 ; sb = 625.410196624968
      k =  122 ; sb/Sb = 0.509042512669555 ; sb = 930.041120859525
      Creating new point: f = 0.360192112321238
    i = 20 ; sf/Sf = 0.587786731101403 ; sf = 1046.09611834841
      k =   23 ; sb/Sb = 0 ; sb = 0
      k =   24 ; sb/Sb = 0.183581183063359 ; sb = 335.410196624968
      k =   25 ; sb/Sb = 0.3423078515549 ; sb = 625.410196624968
      k =  122 ; sb/Sb = 0.509042512669555 ; sb = 930.041120859525
      k =   26 ; sb/Sb = 0.675777173784211 ; sb = 1234.67204509408
      Creating new point: f = 0.472272639086717
    i = 19 ; sf/Sf = 0.688926205517285 ; sf = 1226.09611834841
      k =   23 ; sb/Sb = 0 ; sb = 0
      k =   24 ; sb/Sb = 0.183581183063359 ; sb = 335.410196624968
      k =   25 ; sb/Sb = 0.3423078515549 ; sb = 625.410196624968
      k =  122 ; sb/Sb = 0.509042512669555 ; sb = 930.041120859525
      k =   26 ; sb/Sb = 0.675777173784211 ; sb = 1234.67204509408
      k =   27 ; sb/Sb = 1 ; sb = 1827.04017387888
      Creating new point: f = 0.0405555398012681
Tear 4 : Sf = 2064.42758257993 ; Sb = 2359.61616345408
  Backwards path
    i = 37 ; sf/Sf = 0.0824896281643585 ; sf = 170.293863659264
      k =   38 ; sb/Sb = 0 ; sb = 0
      k =   39 ; sb/Sb = 0.102064011641329 ; sb = 240.831891575846
      Creating new point: f = 0.808214637439898
    i = 36 ; sf/Sf = 0.261191626736232 ; sf = 539.211198573198
      k =   38 ; sb/Sb = 0 ; sb = 0
      k =   39 ; sb/Sb = 0.102064011641329 ; sb = 240.831891575846
      k =   40 ; sb/Sb = 0.258410344840667 ; sb = 609.74922648978
      k =  424 ; sb/Sb = 0.410151242934549 ; sb = 967.799502289143
      Creating new point: f = 0.0183291514054695
    i = 35 ; sf/Sf = 0.350114870668791 ; sf = 722.786796080057
      k =   38 ; sb/Sb = 0 ; sb = 0
      k =   39 ; sb/Sb = 0.102064011641329 ; sb = 240.831891575846
      k =   40 ; sb/Sb = 0.258410344840667 ; sb = 609.74922648978
      k =  424 ; sb/Sb = 0.410151242934549 ; sb = 967.799502289143
      Creating new point: f = 0.604349433673353
    i = 268 ; sf/Sf = 0.512586153001593 ; sf = 1058.19699270502
      k =   38 ; sb/Sb = 0 ; sb = 0
      k =   39 ; sb/Sb = 0.102064011641329 ; sb = 240.831891575846
      k =   40 ; sb/Sb = 0.258410344840667 ; sb = 609.74922648978
      k =  424 ; sb/Sb = 0.410151242934549 ; sb = 967.799502289143
      k =   41 ; sb/Sb = 0.561892141028432 ; sb = 1325.84977808851
      Creating new point: f = 0.675064609171265
    i = 176 ; sf/Sf = 0.675057435334395 ; sf = 1393.60718932999
      k =   38 ; sb/Sb = 0 ; sb = 0
      k =   39 ; sb/Sb = 0.102064011641329 ; sb = 240.831891575846
      k =   40 ; sb/Sb = 0.258410344840667 ; sb = 609.74922648978
      k =  424 ; sb/Sb = 0.410151242934549 ; sb = 967.799502289143
      k =   41 ; sb/Sb = 0.561892141028432 ; sb = 1325.84977808851
      k =   42 ; sb/Sb = 0.858550559817748 ; sb = 2025.84977808851
      Creating new point: f = 0.381466653694842
    i = 177 ; sf/Sf = 0.837528717667198 ; sf = 1729.01738595496
      k =   38 ; sb/Sb = 0 ; sb = 0
      k =   39 ; sb/Sb = 0.102064011641329 ; sb = 240.831891575846
      k =   40 ; sb/Sb = 0.258410344840667 ; sb = 609.74922648978
      k =  424 ; sb/Sb = 0.410151242934549 ; sb = 967.799502289143
      k =   41 ; sb/Sb = 0.561892141028432 ; sb = 1325.84977808851
      k =   42 ; sb/Sb = 0.858550559817748 ; sb = 2025.84977808851
      Creating new point: f = 0.92913788782283
Triangulating...
Merging points...
Projecting to sphere...
Optimising mapping with FIRE...
E =  0.00234 | E_L =  0.00234 | E_A =  0.00000 |   0 flippped triangles
E =  0.00210 | E_L =  0.00210 | E_A =  0.00000 |  26 flippped triangles
        phi0    phi0.1    phi0.2    phi0.3    phi0.4    phi0.5    phi0.6
id   15.0000     77.00    78.000   102.000    106.00    148.00   192.000
A   552.0801  21486.02 12906.607  5512.306  23914.97  15257.26  4850.943
a  -131.8982 -14509.11 -9908.258 -3931.939 -13426.02 -11959.92 -3693.335
      phi0.7    phi0.8    phi0.9   phi0.10   phi0.11   phi0.12   phi0.13
id   193.000   202.000   203.000   221.000   222.000   229.000  238.0000
A   4217.627  3709.673  3516.145  2401.341  8862.280  8424.229  532.5251
a  -3361.556 -1990.986 -3236.628 -2284.973 -8136.295 -8433.998 -421.0318
      phi0.14   phi0.15   phi0.16   phi0.17   phi0.18   phi0.19   phi0.20
id 315.000000   363.000   384.000  390.0000   509.000   632.000   669.000
A   11.714349 15300.109  2105.253 1851.7047  9819.931  3367.324  1388.894
a   -7.676928 -8261.887 -1752.152 -177.8712 -8652.656 -2768.477 -1273.625
     phi0.21   phi0.22   phi0.23   phi0.24   phi0.25
id 679.00000   699.000   702.000   848.000   875.000
A   44.40523  7087.175  1401.169  1599.267  9885.533
a  -39.98138 -6350.505 -1149.234 -1180.214 -9154.109
E =  0.00205 | E_L =  0.00205 | E_A =  0.00000 |  25 flippped triangles
        phi0    phi0.1    phi0.2    phi0.3    phi0.4    phi0.5    phi0.6
id   15.0000     78.00  100.0000   102.000    148.00   192.000   193.000
A   552.0801  12906.61  388.1949  5512.306  15257.26  4850.943  4217.627
a  -423.3330 -11193.41 -374.2772 -3890.079 -11580.52 -3627.347 -2178.057
      phi0.7    phi0.8    phi0.9  phi0.10   phi0.11   phi0.12   phi0.13
id   202.000   203.000   221.000   222.00   229.000  238.0000 317.00000
A   3709.673  3516.145  2401.341  8862.28  8424.229  532.5251  87.93816
a  -1224.357 -3030.226 -2098.983 -6592.25 -8166.278 -441.9704 -81.50161
     phi0.14   phi0.15   phi0.16   phi0.17   phi0.18   phi0.19   phi0.20
id   363.000   384.000   391.000   509.000   632.000   669.000 679.00000
A  15300.109  2105.253 11025.099  9819.931  3367.324  1388.894  44.40523
a  -7274.857 -1401.153 -3384.162 -8610.537 -2579.946 -1484.038 -44.38979
     phi0.21   phi0.22   phi0.23   phi0.24
id   699.000   702.000   848.000   875.000
A   7087.175  1401.169  1599.267  9885.533
a  -6115.977 -1052.505 -1416.695 -8610.888
FIRE:  3  stops.  0 hits of maxmove.  0 hits of dtmax.
Frms = 4.70043419813942e-06; Ftanrms = 4.70033779616561e-06
E =  0.00283 | E_L =  0.00283 | E_A =  0.00001 |   0 flippped triangles
E =  0.00204 | E_L =  0.00204 | E_A =  0.00000 |   0 flippped triangles
E =  0.00200 | E_L =  0.00200 | E_A =  0.00000 |   0 flippped triangles
E =  0.00199 | E_L =  0.00199 | E_A =  0.00000 |   0 flippped triangles
E =  0.00198 | E_L =  0.00198 | E_A =  0.00000 |   0 flippped triangles
E =  0.00196 | E_L =  0.00196 | E_A =  0.00000 |   0 flippped triangles
E =  0.00194 | E_L =  0.00194 | E_A =  0.00000 |   0 flippped triangles
E =  0.00193 | E_L =  0.00193 | E_A =  0.00000 |   0 flippped triangles
E =  0.00192 | E_L =  0.00192 | E_A =  0.00000 |   0 flippped triangles
E =  0.00192 | E_L =  0.00192 | E_A =  0.00000 |   0 flippped triangles
Optimising mapping with BFGS...
E =  0.00192 | E_L =  0.00192 | E_A =  0.00000 |   0 flippped triangles
Transforming image...
Mapping optimised. Error: 0.001921541 ; 0 flipped triangles.
Inferring coordinates of datapoints
Inferring coordinates of landmarks
Mapping optimised. Error: 0.001921541 ; 0 flipped triangles. OD displacement: 4.329939 degrees.
Computing Kernel Density estimates of datapoints

[1] 0.775
Saving adult_retina/data/C57BL6J/GM136/R-CONTRA/r.mat
