[1] "Adding old segment 1"
[1] "Intersection found. Old points:"
   X    Y 
2890 1879 
   X    Y 
2980 1859 
   X    Y 
2980 1859 
   X    Y 
3110 1929 
[1] "Point i+1 has been changed:"
   X    Y 
2890 1879 
   X    Y 
2980 1859 
   X    Y 
2980 1859 
   X    Y 
3110 1929 
[1] "a= 0.338642730739298"
[1] "l= 147.648230602334"
[1] "New points:"
   X    Y 
2890 1879 
   X    Y 
2980 1859 
       X        Y 
3065.976 1905.295 
   X    Y 
3110 1929 
[1] "Storing new segment 1"
[1] "Adding old segment 2"
[1] "Adding old segment 3"
[1] "Adding old segment 4"
[1] "Adding old segment 5"
[1] "Intersection found. Old points:"
   X    Y 
1780 1809 
   X    Y 
1270 1639 
   X    Y 
1310 1659 
   X    Y 
 870 1369 
[1] "Point i+1 has been changed:"
   X    Y 
1780 1809 
       X        Y 
1289.535 1645.512 
   X    Y 
1310 1659 
   X    Y 
 870 1369 
[1] "a= 0.0995099855834928"
[1] "l= 502.462136908341"
[1] "New points:"
   X    Y 
1780 1809 
       X        Y 
1289.535 1645.512 
        X         Y 
 911.7479 1396.5157 
   X    Y 
 870 1369 
[1] "Storing new segment 2"
simplify.outline: Removing vertex 13
Triangulating...
[1] "Non-adjacent points in rim connected by line: 56 47"
[1] "In triangle: 47" "In triangle: 63"
[1] "Other points in triangles: 73 48"
[1] "Non-adjacent points in rim connected by line: 61 50"
[1] "In triangle: 66" "In triangle: 79"
[1] "Other points in triangles: 62 64"
[1] "Non-adjacent points in rim connected by line: 62 50"
[1] "In triangle: 67"  "In triangle: 825"
[1] "Other points in triangles: 63 470"
[1] "Non-adjacent points in rim connected by line: 63 62"
[1] "In triangle: 61" "In triangle: 67"
[1] "Other points in triangles: 49 471"
[1] "Non-adjacent points in rim connected by line: 68 1"
[1] "In triangle: 89" "In triangle: 94"
[1] "Other points in triangles: 69 55"
[1] "Non-adjacent points in rim connected by line: 155 76"
[1] "In triangle: 34"  "In triangle: 232"
[1] "Other points in triangles: 37 156"
[1] "Non-adjacent points in rim connected by line: 456 13"
[1] "In triangle: 791" "In triangle: 803"
[1] "Other points in triangles: 14 450"
[1] "Non-adjacent points in rim connected by line: 461 454"
[1] "In triangle: 797" "In triangle: 799"
[1] "Other points in triangles: 17 462"
Stitching...
Tear 1 child of rim
Tear 2 child of rim
Tear 3 child of rim
Tear 4 child of rim
Tear 5 child of rim
Tear 6 child of rim
Tear 7 child of rim
Tear 1 : Sf = 908.735385026907 ; Sb = 906.090503205944
  Forwards path
    i = 460 ; sf/Sf = 0.436579659561909 ; sf = 396.735385026907
      k =   16 ; sb/Sb = 0 ; sb = 0
      k =  431 ; sb/Sb = 0.5 ; sb = 453.045251602972
      Creating new point: f = 0.873159319123817
    i = 461 ; sf/Sf = 0.718289829780954 ; sf = 652.735385026906
      k =   16 ; sb/Sb = 0 ; sb = 0
      k =  431 ; sb/Sb = 0.5 ; sb = 453.045251602972
      k =   15 ; sb/Sb = 1 ; sb = 906.090503205944
      Creating new point: f = 0.436579659561908
Tear 2 : Sf = 1610.94336750064 ; Sb = 1700.73513516949
  Forwards path
    i = 428 ; sf/Sf = 0.218347617821576 ; sf = 351.745646739231
      k =   12 ; sb/Sb = 0 ; sb = 0
      k =  382 ; sb/Sb = 0.25 ; sb = 425.183783792374
      Creating new point: f = 0.873390471286303
    i = 426 ; sf/Sf = 0.436695235643151 ; sf = 703.491293478462
      k =   12 ; sb/Sb = 0 ; sb = 0
      k =  382 ; sb/Sb = 0.25 ; sb = 425.183783792374
      k =  342 ; sb/Sb = 0.5 ; sb = 850.367567584747
      Creating new point: f = 0.746780942572606
    i = 448 ; sf/Sf = 0.655042853464727 ; sf = 1055.23694021769
      k =   12 ; sb/Sb = 0 ; sb = 0
      k =  382 ; sb/Sb = 0.25 ; sb = 425.183783792374
      k =  342 ; sb/Sb = 0.5 ; sb = 850.367567584747
      k =  380 ; sb/Sb = 0.75 ; sb = 1275.55135137712
      Creating new point: f = 0.620171413858909
    i = 13 ; sf/Sf = 0.873390471286303 ; sf = 1406.98258695692
      k =   12 ; sb/Sb = 0 ; sb = 0
      k =  382 ; sb/Sb = 0.25 ; sb = 425.183783792374
      k =  342 ; sb/Sb = 0.5 ; sb = 850.367567584747
      k =  380 ; sb/Sb = 0.75 ; sb = 1275.55135137712
      k =   11 ; sb/Sb = 1 ; sb = 1700.73513516949
      Creating new point: f = 0.493561885145212
Tear 3 : Sf = 2749.90711407431 ; Sb = 2793.64519771726
  Forwards path
    i = 132 ; sf/Sf = 0.0940023799569503 ; sf = 258.497813383534
      k =   25 ; sb/Sb = 0 ; sb = 0
      k =   24 ; sb/Sb = 0.0498573988155879 ; sb = 139.283882771841
      k =  263 ; sb/Sb = 0.147207082050836 ; sb = 411.24435784129
      Creating new point: f = 0.453468153919769
    i = 26 ; sf/Sf = 0.188004759913901 ; sf = 516.995626767068
      k =   25 ; sb/Sb = 0 ; sb = 0
      k =   24 ; sb/Sb = 0.0498573988155879 ; sb = 139.283882771841
      k =  263 ; sb/Sb = 0.147207082050836 ; sb = 411.24435784129
      k =  208 ; sb/Sb = 0.244556765286085 ; sb = 683.204832910738
      Creating new point: f = 0.419083827571122
    i = 27 ; sf/Sf = 0.352542003587548 ; sf = 969.457763675409
      k =   25 ; sb/Sb = 0 ; sb = 0
      k =   24 ; sb/Sb = 0.0498573988155879 ; sb = 139.283882771841
      k =  263 ; sb/Sb = 0.147207082050836 ; sb = 411.24435784129
      k =  208 ; sb/Sb = 0.244556765286085 ; sb = 683.204832910738
      k =   23 ; sb/Sb = 0.439256131756582 ; sb = 1227.12578304963
      Creating new point: f = 0.554625524771938
    i = 28 ; sf/Sf = 0.370724435911933 ; sf = 1019.45776367541
      k =   25 ; sb/Sb = 0 ; sb = 0
      k =   24 ; sb/Sb = 0.0498573988155879 ; sb = 139.283882771841
      k =  263 ; sb/Sb = 0.147207082050836 ; sb = 411.24435784129
      k =  208 ; sb/Sb = 0.244556765286085 ; sb = 683.204832910738
      k =   23 ; sb/Sb = 0.439256131756582 ; sb = 1227.12578304963
      Creating new point: f = 0.648012743508163
    i = 77 ; sf/Sf = 0.480197175165217 ; sf = 1320.49762814522
      k =   25 ; sb/Sb = 0 ; sb = 0
      k =   24 ; sb/Sb = 0.0498573988155879 ; sb = 139.283882771841
      k =  263 ; sb/Sb = 0.147207082050836 ; sb = 411.24435784129
      k =  208 ; sb/Sb = 0.244556765286085 ; sb = 683.204832910738
      k =   23 ; sb/Sb = 0.439256131756582 ; sb = 1227.12578304963
      k =   22 ; sb/Sb = 0.639519225182019 ; sb = 1786.58981227761
      Creating new point: f = 0.204436287826935
    i = 29 ; sf/Sf = 0.589669914418501 ; sf = 1621.53749261502
      k =   25 ; sb/Sb = 0 ; sb = 0
      k =   24 ; sb/Sb = 0.0498573988155879 ; sb = 139.283882771841
      k =  263 ; sb/Sb = 0.147207082050836 ; sb = 411.24435784129
      k =  208 ; sb/Sb = 0.244556765286085 ; sb = 683.204832910738
      k =   23 ; sb/Sb = 0.439256131756582 ; sb = 1227.12578304963
      k =   22 ; sb/Sb = 0.639519225182019 ; sb = 1786.58981227761
      Creating new point: f = 0.751080891087513
    i = 174 ; sf/Sf = 0.730885504862062 ; sf = 2009.86724939398
      k =   25 ; sb/Sb = 0 ; sb = 0
      k =   24 ; sb/Sb = 0.0498573988155879 ; sb = 139.283882771841
      k =  263 ; sb/Sb = 0.147207082050836 ; sb = 411.24435784129
      k =  208 ; sb/Sb = 0.244556765286085 ; sb = 683.204832910738
      k =   23 ; sb/Sb = 0.439256131756582 ; sb = 1227.12578304963
      k =   22 ; sb/Sb = 0.639519225182019 ; sb = 1786.58981227761
      k =   21 ; sb/Sb = 0.788533554657406 ; sb = 2202.88297820758
      Creating new point: f = 0.61313754188408
    i = 30 ; sf/Sf = 0.872101095305623 ; sf = 2398.19700617293
      k =   25 ; sb/Sb = 0 ; sb = 0
      k =   24 ; sb/Sb = 0.0498573988155879 ; sb = 139.283882771841
      k =  263 ; sb/Sb = 0.147207082050836 ; sb = 411.24435784129
      k =  208 ; sb/Sb = 0.244556765286085 ; sb = 683.204832910738
      k =   23 ; sb/Sb = 0.439256131756582 ; sb = 1227.12578304963
      k =   22 ; sb/Sb = 0.639519225182019 ; sb = 1786.58981227761
      k =   21 ; sb/Sb = 0.788533554657406 ; sb = 2202.88297820758
      k =   20 ; sb/Sb = 1 ; sb = 2793.64519771726
      Creating new point: f = 0.395181091320802
Tear 4 : Sf = 358.468966578698 ; Sb = 304.138126514911
  Forwards path
Tear 5 : Sf = 684.105255059483 ; Sb = 750
  Forwards path
    i = 155 ; sf/Sf = 0.625788578429001 ; sf = 428.105255059483
      k =   36 ; sb/Sb = 0 ; sb = 0
      k =  272 ; sb/Sb = 0.5 ; sb = 375
      k =   35 ; sb/Sb = 1 ; sb = 750
      Creating new point: f = 0.251577156858002
Tear 6 : Sf = 1751.60489285769 ; Sb = 1878.4039046388
  Forwards path
    i = 44 ; sf/Sf = 0.144428811454584 ; sf = 252.98221281347
      k =   43 ; sb/Sb = 0 ; sb = 0
      k =   42 ; sb/Sb = 0.150670169106213 ; sb = 283.019433961698
      Creating new point: f = 0.958576022787701
    i = 45 ; sf/Sf = 0.437598398473105 ; sf = 766.499495872181
      k =   43 ; sb/Sb = 0 ; sb = 0
      k =   42 ; sb/Sb = 0.150670169106213 ; sb = 283.019433961698
      k =  268 ; sb/Sb = 0.325785693118724 ; sb = 611.957118029669
      k =   41 ; sb/Sb = 0.500901217131236 ; sb = 940.894802097639
      Creating new point: f = 0.638508241830074
    i = 46 ; sf/Sf = 0.486709503963386 ; sf = 852.522748542607
      k =   43 ; sb/Sb = 0 ; sb = 0
      k =   42 ; sb/Sb = 0.150670169106213 ; sb = 283.019433961698
      k =  268 ; sb/Sb = 0.325785693118724 ; sb = 611.957118029669
      k =   41 ; sb/Sb = 0.500901217131236 ; sb = 940.894802097639
      Creating new point: f = 0.918957995027124
    i = 47 ; sf/Sf = 0.72306693398532 ; sf = 1266.5275794323
      k =   43 ; sb/Sb = 0 ; sb = 0
      k =   42 ; sb/Sb = 0.150670169106213 ; sb = 283.019433961698
      k =  268 ; sb/Sb = 0.325785693118724 ; sb = 611.957118029669
      k =   41 ; sb/Sb = 0.500901217131236 ; sb = 940.894802097639
      k =   40 ; sb/Sb = 0.740998083538629 ; sb = 1391.89369344883
      Creating new point: f = 0.925317019661206
Tear 7 : Sf = 3124.44690626064 ; Sb = 3173.39544161395
  Forwards path
    i = 296 ; sf/Sf = 0.106259288757773 ; sf = 332.001506020681
      k =    6 ; sb/Sb = 0 ; sb = 0
      k =    5 ; sb/Sb = 0.155912707438214 ; sb = 494.772675074119
      Creating new point: f = 0.681530649449353
    i = 7 ; sf/Sf = 0.212518577515546 ; sf = 664.003012041361
      k =    6 ; sb/Sb = 0 ; sb = 0
      k =    5 ; sb/Sb = 0.155912707438214 ; sb = 494.772675074119
      k =  201 ; sb/Sb = 0.229410662573358 ; sb = 728.010750867931
      Creating new point: f = 0.770169319313011
    i = 349 ; sf/Sf = 0.329722255305122 ; sf = 1030.19968051337
      k =    6 ; sb/Sb = 0 ; sb = 0
      k =    5 ; sb/Sb = 0.155912707438214 ; sb = 494.772675074119
      k =  201 ; sb/Sb = 0.229410662573358 ; sb = 728.010750867931
      k =    4 ; sb/Sb = 0.302908617708502 ; sb = 961.248826661743
      k =  203 ; sb/Sb = 0.400646593984056 ; sb = 1271.41007504716
      Creating new point: f = 0.274342058413658
    i = 8 ; sf/Sf = 0.446925933094699 ; sf = 1396.39634898538
      k =    6 ; sb/Sb = 0 ; sb = 0
      k =    5 ; sb/Sb = 0.155912707438214 ; sb = 494.772675074119
      k =  201 ; sb/Sb = 0.229410662573358 ; sb = 728.010750867931
      k =    4 ; sb/Sb = 0.302908617708502 ; sb = 961.248826661743
      k =  203 ; sb/Sb = 0.400646593984056 ; sb = 1271.41007504716
      k =    3 ; sb/Sb = 0.49838457025961 ; sb = 1581.57132343258
      Creating new point: f = 0.473504167716416
    i = 341 ; sf/Sf = 0.602474780551533 ; sf = 1882.4004641943
      k =    6 ; sb/Sb = 0 ; sb = 0
      k =    5 ; sb/Sb = 0.155912707438214 ; sb = 494.772675074119
      k =  201 ; sb/Sb = 0.229410662573358 ; sb = 728.010750867931
      k =    4 ; sb/Sb = 0.302908617708502 ; sb = 961.248826661743
      k =  203 ; sb/Sb = 0.400646593984056 ; sb = 1271.41007504716
      k =    3 ; sb/Sb = 0.49838457025961 ; sb = 1581.57132343258
      k =  109 ; sb/Sb = 0.607043827933454 ; sb = 1926.39011642391
      Creating new point: f = 0.9579506847393
    i = 9 ; sf/Sf = 0.758023628008367 ; sf = 2368.40457940321
      k =    6 ; sb/Sb = 0 ; sb = 0
      k =    5 ; sb/Sb = 0.155912707438214 ; sb = 494.772675074119
      k =  201 ; sb/Sb = 0.229410662573358 ; sb = 728.010750867931
      k =    4 ; sb/Sb = 0.302908617708502 ; sb = 961.248826661743
      k =  203 ; sb/Sb = 0.400646593984056 ; sb = 1271.41007504716
      k =    3 ; sb/Sb = 0.49838457025961 ; sb = 1581.57132343258
      k =  109 ; sb/Sb = 0.607043827933454 ; sb = 1926.39011642391
      k =    2 ; sb/Sb = 0.715703085607298 ; sb = 2271.20890941524
      k =    1 ; sb/Sb = 0.787630536317374 ; sb = 2499.46315362551
      Creating new point: f = 0.588378178056857
    i = 445 ; sf/Sf = 0.879011814004184 ; sf = 2746.42574283193
      k =    6 ; sb/Sb = 0 ; sb = 0
      k =    5 ; sb/Sb = 0.155912707438214 ; sb = 494.772675074119
      k =  201 ; sb/Sb = 0.229410662573358 ; sb = 728.010750867931
      k =    4 ; sb/Sb = 0.302908617708502 ; sb = 961.248826661743
      k =  203 ; sb/Sb = 0.400646593984056 ; sb = 1271.41007504716
      k =    3 ; sb/Sb = 0.49838457025961 ; sb = 1581.57132343258
      k =  109 ; sb/Sb = 0.607043827933454 ; sb = 1926.39011642391
      k =    2 ; sb/Sb = 0.715703085607298 ; sb = 2271.20890941524
      k =    1 ; sb/Sb = 0.787630536317374 ; sb = 2499.46315362551
      k =   55 ; sb/Sb = 0.804600261352322 ; sb = 2553.31480169685
      k =   68 ; sb/Sb = 0.824767933858793 ; sb = 2617.31480169685
      k =   59 ; sb/Sb = 0.844935606365265 ; sb = 2681.31480169685
      k =   57 ; sb/Sb = 0.885270951378208 ; sb = 2809.31480169685
      Creating new point: f = 0.844822515537775
Tear 1 : Sf = 906.090503205944 ; Sb = 908.735385026907
  Backwards path
    i = 431 ; sf/Sf = 0.5 ; sf = 453.045251602972
      k =   16 ; sb/Sb = 0 ; sb = 0
      k =  460 ; sb/Sb = 0.436579659561909 ; sb = 396.735385026907
      k =  461 ; sb/Sb = 0.718289829780954 ; sb = 652.735385026906
      Creating new point: f = 0.225126201119323
Tear 2 : Sf = 1700.73513516949 ; Sb = 1610.94336750064
  Backwards path
    i = 382 ; sf/Sf = 0.25 ; sf = 425.183783792374
      k =   12 ; sb/Sb = 0 ; sb = 0
      k =  428 ; sb/Sb = 0.218347617821576 ; sb = 351.745646739231
      k =  426 ; sb/Sb = 0.436695235643151 ; sb = 703.491293478462
      Creating new point: f = 0.144963258560894
    i = 342 ; sf/Sf = 0.5 ; sf = 850.367567584747
      k =   12 ; sb/Sb = 0 ; sb = 0
      k =  428 ; sb/Sb = 0.218347617821576 ; sb = 351.745646739231
      k =  426 ; sb/Sb = 0.436695235643151 ; sb = 703.491293478462
      k =  448 ; sb/Sb = 0.655042853464727 ; sb = 1055.23694021769
      Creating new point: f = 0.289926517121787
    i = 380 ; sf/Sf = 0.75 ; sf = 1275.55135137712
      k =   12 ; sb/Sb = 0 ; sb = 0
      k =  428 ; sb/Sb = 0.218347617821576 ; sb = 351.745646739231
      k =  426 ; sb/Sb = 0.436695235643151 ; sb = 703.491293478462
      k =  448 ; sb/Sb = 0.655042853464727 ; sb = 1055.23694021769
      k =   13 ; sb/Sb = 0.873390471286303 ; sb = 1406.98258695692
      Creating new point: f = 0.43488977568268
Tear 3 : Sf = 2793.64519771726 ; Sb = 2749.90711407431
  Backwards path
    i = 24 ; sf/Sf = 0.0498573988155879 ; sf = 139.283882771841
      k =   25 ; sb/Sb = 0 ; sb = 0
      k =  132 ; sb/Sb = 0.0940023799569503 ; sb = 258.497813383534
      Creating new point: f = 0.530384431100795
    i = 263 ; sf/Sf = 0.147207082050836 ; sf = 411.24435784129
      k =   25 ; sb/Sb = 0 ; sb = 0
      k =  132 ; sb/Sb = 0.0940023799569503 ; sb = 258.497813383534
      k =   26 ; sb/Sb = 0.188004759913901 ; sb = 516.995626767068
      Creating new point: f = 0.565993138878525
    i = 208 ; sf/Sf = 0.244556765286085 ; sf = 683.204832910738
      k =   25 ; sb/Sb = 0 ; sb = 0
      k =  132 ; sb/Sb = 0.0940023799569503 ; sb = 258.497813383534
      k =   26 ; sb/Sb = 0.188004759913901 ; sb = 516.995626767068
      k =   27 ; sb/Sb = 0.352542003587548 ; sb = 969.457763675409
      Creating new point: f = 0.343703371404183
    i = 23 ; sf/Sf = 0.439256131756582 ; sf = 1227.12578304963
      k =   25 ; sb/Sb = 0 ; sb = 0
      k =  132 ; sb/Sb = 0.0940023799569503 ; sb = 258.497813383534
      k =   26 ; sb/Sb = 0.188004759913901 ; sb = 516.995626767068
      k =   27 ; sb/Sb = 0.352542003587548 ; sb = 969.457763675409
      k =   28 ; sb/Sb = 0.370724435911933 ; sb = 1019.45776367541
      k =   77 ; sb/Sb = 0.480197175165217 ; sb = 1320.49762814522
      Creating new point: f = 0.626016086855096
    i = 22 ; sf/Sf = 0.639519225182019 ; sf = 1786.58981227761
      k =   25 ; sb/Sb = 0 ; sb = 0
      k =  132 ; sb/Sb = 0.0940023799569503 ; sb = 258.497813383534
      k =   26 ; sb/Sb = 0.188004759913901 ; sb = 516.995626767068
      k =   27 ; sb/Sb = 0.352542003587548 ; sb = 969.457763675409
      k =   28 ; sb/Sb = 0.370724435911933 ; sb = 1019.45776367541
      k =   77 ; sb/Sb = 0.480197175165217 ; sb = 1320.49762814522
      k =   29 ; sb/Sb = 0.589669914418501 ; sb = 1621.53749261502
      k =  174 ; sb/Sb = 0.730885504862062 ; sb = 2009.86724939398
      Creating new point: f = 0.353001468229821
    i = 21 ; sf/Sf = 0.788533554657406 ; sf = 2202.88297820758
      k =   25 ; sb/Sb = 0 ; sb = 0
      k =  132 ; sb/Sb = 0.0940023799569503 ; sb = 258.497813383534
      k =   26 ; sb/Sb = 0.188004759913901 ; sb = 516.995626767068
      k =   27 ; sb/Sb = 0.352542003587548 ; sb = 969.457763675409
      k =   28 ; sb/Sb = 0.370724435911933 ; sb = 1019.45776367541
      k =   77 ; sb/Sb = 0.480197175165217 ; sb = 1320.49762814522
      k =   29 ; sb/Sb = 0.589669914418501 ; sb = 1621.53749261502
      k =  174 ; sb/Sb = 0.730885504862062 ; sb = 2009.86724939398
      k =   30 ; sb/Sb = 0.872101095305623 ; sb = 2398.19700617293
      Creating new point: f = 0.408227233368999
Tear 4 : Sf = 304.138126514911 ; Sb = 358.468966578698
  Backwards path
Tear 5 : Sf = 750 ; Sb = 684.105255059483
  Backwards path
    i = 272 ; sf/Sf = 0.5 ; sf = 375
      k =   36 ; sb/Sb = 0 ; sb = 0
      k =  155 ; sb/Sb = 0.625788578429001 ; sb = 428.105255059483
      Creating new point: f = 0.798991891566982
Tear 6 : Sf = 1878.4039046388 ; Sb = 1751.60489285769
  Backwards path
    i = 42 ; sf/Sf = 0.150670169106213 ; sf = 283.019433961698
      k =   43 ; sb/Sb = 0 ; sb = 0
      k =   44 ; sb/Sb = 0.144428811454584 ; sb = 252.98221281347
      k =   45 ; sb/Sb = 0.437598398473105 ; sb = 766.499495872181
      Creating new point: f = 0.0212892398393108
    i = 268 ; sf/Sf = 0.325785693118724 ; sf = 611.957118029669
      k =   43 ; sb/Sb = 0 ; sb = 0
      k =   44 ; sb/Sb = 0.144428811454584 ; sb = 252.98221281347
      k =   45 ; sb/Sb = 0.437598398473105 ; sb = 766.499495872181
      Creating new point: f = 0.61860741937288
    i = 41 ; sf/Sf = 0.500901217131236 ; sf = 940.894802097639
      k =   43 ; sb/Sb = 0 ; sb = 0
      k =   44 ; sb/Sb = 0.144428811454584 ; sb = 252.98221281347
      k =   45 ; sb/Sb = 0.437598398473105 ; sb = 766.499495872181
      k =   46 ; sb/Sb = 0.486709503963386 ; sb = 852.522748542607
      k =   47 ; sb/Sb = 0.72306693398532 ; sb = 1266.5275794323
      Creating new point: f = 0.0600434399990422
    i = 40 ; sf/Sf = 0.740998083538629 ; sf = 1391.89369344883
      k =   43 ; sb/Sb = 0 ; sb = 0
      k =   44 ; sb/Sb = 0.144428811454584 ; sb = 252.98221281347
      k =   45 ; sb/Sb = 0.437598398473105 ; sb = 766.499495872181
      k =   46 ; sb/Sb = 0.486709503963386 ; sb = 852.522748542607
      k =   47 ; sb/Sb = 0.72306693398532 ; sb = 1266.5275794323
      k =   48 ; sb/Sb = 1 ; sb = 1751.60489285769
      Creating new point: f = 0.0647490377778112
    i = 39 ; sf/Sf = 0.924336451982169 ; sf = 1736.27720060328
      k =   43 ; sb/Sb = 0 ; sb = 0
      k =   44 ; sb/Sb = 0.144428811454584 ; sb = 252.98221281347
      k =   45 ; sb/Sb = 0.437598398473105 ; sb = 766.499495872181
      k =   46 ; sb/Sb = 0.486709503963386 ; sb = 852.522748542607
      k =   47 ; sb/Sb = 0.72306693398532 ; sb = 1266.5275794323
      k =   48 ; sb/Sb = 1 ; sb = 1751.60489285769
      Creating new point: f = 0.726780376548389
Tear 7 : Sf = 3173.39544161395 ; Sb = 3124.44690626064
  Backwards path
    i = 5 ; sf/Sf = 0.155912707438214 ; sf = 494.772675074119
      k =    6 ; sb/Sb = 0 ; sb = 0
      k =  296 ; sb/Sb = 0.106259288757773 ; sb = 332.001506020681
      k =    7 ; sb/Sb = 0.212518577515546 ; sb = 664.003012041361
      Creating new point: f = 0.467285441686235
    i = 201 ; sf/Sf = 0.229410662573358 ; sf = 728.010750867931
      k =    6 ; sb/Sb = 0 ; sb = 0
      k =  296 ; sb/Sb = 0.106259288757773 ; sb = 332.001506020681
      k =    7 ; sb/Sb = 0.212518577515546 ; sb = 664.003012041361
      k =  349 ; sb/Sb = 0.329722255305122 ; sb = 1030.19968051337
      Creating new point: f = 0.144125895845515
    i = 4 ; sf/Sf = 0.302908617708502 ; sf = 961.248826661743
      k =    6 ; sb/Sb = 0 ; sb = 0
      k =  296 ; sb/Sb = 0.106259288757773 ; sb = 332.001506020681
      k =    7 ; sb/Sb = 0.212518577515546 ; sb = 664.003012041361
      k =  349 ; sb/Sb = 0.329722255305122 ; sb = 1030.19968051337
      Creating new point: f = 0.771221875436699
    i = 203 ; sf/Sf = 0.400646593984056 ; sf = 1271.41007504716
      k =    6 ; sb/Sb = 0 ; sb = 0
      k =  296 ; sb/Sb = 0.106259288757773 ; sb = 332.001506020681
      k =    7 ; sb/Sb = 0.212518577515546 ; sb = 664.003012041361
      k =  349 ; sb/Sb = 0.329722255305122 ; sb = 1030.19968051337
      k =    8 ; sb/Sb = 0.446925933094699 ; sb = 1396.39634898538
      Creating new point: f = 0.605137483878865
    i = 3 ; sf/Sf = 0.49838457025961 ; sf = 1581.57132343258
      k =    6 ; sb/Sb = 0 ; sb = 0
      k =  296 ; sb/Sb = 0.106259288757773 ; sb = 332.001506020681
      k =    7 ; sb/Sb = 0.212518577515546 ; sb = 664.003012041361
      k =  349 ; sb/Sb = 0.329722255305122 ; sb = 1030.19968051337
      k =    8 ; sb/Sb = 0.446925933094699 ; sb = 1396.39634898538
      k =  341 ; sb/Sb = 0.602474780551533 ; sb = 1882.4004641943
      Creating new point: f = 0.330819790736099
    i = 109 ; sf/Sf = 0.607043827933454 ; sf = 1926.39011642391
      k =    6 ; sb/Sb = 0 ; sb = 0
      k =  296 ; sb/Sb = 0.106259288757773 ; sb = 332.001506020681
      k =    7 ; sb/Sb = 0.212518577515546 ; sb = 664.003012041361
      k =  349 ; sb/Sb = 0.329722255305122 ; sb = 1030.19968051337
      k =    8 ; sb/Sb = 0.446925933094699 ; sb = 1396.39634898538
      k =  341 ; sb/Sb = 0.602474780551533 ; sb = 1882.4004641943
      k =    9 ; sb/Sb = 0.758023628008367 ; sb = 2368.40457940321
      Creating new point: f = 0.0293737141523282
    i = 2 ; sf/Sf = 0.715703085607299 ; sf = 2271.20890941524
      k =    6 ; sb/Sb = 0 ; sb = 0
      k =  296 ; sb/Sb = 0.106259288757773 ; sb = 332.001506020681
      k =    7 ; sb/Sb = 0.212518577515546 ; sb = 664.003012041361
      k =  349 ; sb/Sb = 0.329722255305122 ; sb = 1030.19968051337
      k =    8 ; sb/Sb = 0.446925933094699 ; sb = 1396.39634898538
      k =  341 ; sb/Sb = 0.602474780551533 ; sb = 1882.4004641943
      k =    9 ; sb/Sb = 0.758023628008367 ; sb = 2368.40457940321
      Creating new point: f = 0.727927637568559
    i = 1 ; sf/Sf = 0.787630536317374 ; sf = 2499.46315362551
      k =    6 ; sb/Sb = 0 ; sb = 0
      k =  296 ; sb/Sb = 0.106259288757773 ; sb = 332.001506020681
      k =    7 ; sb/Sb = 0.212518577515546 ; sb = 664.003012041361
      k =  349 ; sb/Sb = 0.329722255305122 ; sb = 1030.19968051337
      k =    8 ; sb/Sb = 0.446925933094699 ; sb = 1396.39634898538
      k =  341 ; sb/Sb = 0.602474780551533 ; sb = 1882.4004641943
      k =    9 ; sb/Sb = 0.758023628008367 ; sb = 2368.40457940321
      k =  445 ; sb/Sb = 0.879011814004184 ; sb = 2746.42574283193
      Creating new point: f = 0.244709085150105
    i = 55 ; sf/Sf = 0.804600261352322 ; sf = 2553.31480169685
      k =    6 ; sb/Sb = 0 ; sb = 0
      k =  296 ; sb/Sb = 0.106259288757773 ; sb = 332.001506020681
      k =    7 ; sb/Sb = 0.212518577515546 ; sb = 664.003012041361
      k =  349 ; sb/Sb = 0.329722255305122 ; sb = 1030.19968051337
      k =    8 ; sb/Sb = 0.446925933094699 ; sb = 1396.39634898538
      k =  341 ; sb/Sb = 0.602474780551533 ; sb = 1882.4004641943
      k =    9 ; sb/Sb = 0.758023628008367 ; sb = 2368.40457940321
      k =  445 ; sb/Sb = 0.879011814004184 ; sb = 2746.42574283193
      Creating new point: f = 0.384968441014275
    i = 68 ; sf/Sf = 0.824767933858793 ; sf = 2617.31480169685
      k =    6 ; sb/Sb = 0 ; sb = 0
      k =  296 ; sb/Sb = 0.106259288757773 ; sb = 332.001506020681
      k =    7 ; sb/Sb = 0.212518577515546 ; sb = 664.003012041361
      k =  349 ; sb/Sb = 0.329722255305122 ; sb = 1030.19968051337
      k =    8 ; sb/Sb = 0.446925933094699 ; sb = 1396.39634898538
      k =  341 ; sb/Sb = 0.602474780551533 ; sb = 1882.4004641943
      k =    9 ; sb/Sb = 0.758023628008367 ; sb = 2368.40457940321
      k =  445 ; sb/Sb = 0.879011814004184 ; sb = 2746.42574283193
      Creating new point: f = 0.551659695540307
    i = 59 ; sf/Sf = 0.844935606365265 ; sf = 2681.31480169685
      k =    6 ; sb/Sb = 0 ; sb = 0
      k =  296 ; sb/Sb = 0.106259288757773 ; sb = 332.001506020681
      k =    7 ; sb/Sb = 0.212518577515546 ; sb = 664.003012041361
      k =  349 ; sb/Sb = 0.329722255305122 ; sb = 1030.19968051337
      k =    8 ; sb/Sb = 0.446925933094699 ; sb = 1396.39634898538
      k =  341 ; sb/Sb = 0.602474780551533 ; sb = 1882.4004641943
      k =    9 ; sb/Sb = 0.758023628008367 ; sb = 2368.40457940321
      k =  445 ; sb/Sb = 0.879011814004184 ; sb = 2746.42574283193
      Creating new point: f = 0.71835095006634
    i = 57 ; sf/Sf = 0.885270951378208 ; sf = 2809.31480169685
      k =    6 ; sb/Sb = 0 ; sb = 0
      k =  296 ; sb/Sb = 0.106259288757773 ; sb = 332.001506020681
      k =    7 ; sb/Sb = 0.212518577515546 ; sb = 664.003012041361
      k =  349 ; sb/Sb = 0.329722255305122 ; sb = 1030.19968051337
      k =    8 ; sb/Sb = 0.446925933094699 ; sb = 1396.39634898538
      k =  341 ; sb/Sb = 0.602474780551533 ; sb = 1882.4004641943
      k =    9 ; sb/Sb = 0.758023628008367 ; sb = 2368.40457940321
      k =  445 ; sb/Sb = 0.879011814004184 ; sb = 2746.42574283193
      k =   10 ; sb/Sb = 1 ; sb = 3124.44690626064
      Creating new point: f = 0.0517334591184043
Triangulating...
[1] "Non-adjacent points in rim connected by line: 63 62"
[1] "In triangle: 625" "In triangle: 629"
[1] "Other points in triangles: 471 472"
[1] "Non-adjacent points in rim connected by line: 518 56"
[1] "In triangle: 520" "In triangle: 548"
[1] "Other points in triangles: 469 48"
Merging points...
Projecting to sphere...
Optimising mapping with FIRE...
E =  0.00182 | E_L =  0.00182 | E_A =  0.00000 |   0 flippped triangles
E =  0.00177 | E_L =  0.00177 | E_A =  0.00000 |  10 flippped triangles
        phi0    phi0.1    phi0.2    phi0.3    phi0.4    phi0.5    phi0.6
id    76.000   83.0000   302.000 618.00000 624.00000 625.00000 627.00000
A   3367.324 2664.0390  1833.784 129.77179  40.69509  23.49068 122.05876
a  -2783.632 -560.8544 -1523.823 -55.20778 -17.15002 -25.89972 -96.04315
      phi0.7    phi0.8    phi0.9
id 642.00000   918.000 992.00000
A   53.25255  3548.485  19.40547
a  -22.90291 -2911.061 -17.78799
E =  0.00177 | E_L =  0.00177 | E_A =  0.00000 |  10 flippped triangles
        phi0    phi0.1    phi0.2    phi0.3    phi0.4    phi0.5    phi0.6
id    76.000   83.0000   302.000 618.00000 622.00000 625.00000 627.00000
A   3367.324 2664.0390  1833.784 129.77179 157.07199  23.49068 122.05876
a  -2819.796 -699.4871 -1534.894 -86.26408 -62.87058 -23.83941 -83.21858
      phi0.7    phi0.8    phi0.9
id 642.00000   918.000 992.00000
A   53.25255  3548.485  19.40547
a  -62.33081 -2911.326 -18.94650
E =  0.00177 | E_L =  0.00177 | E_A =  0.00000 |  10 flippped triangles
        phi0   phi0.1    phi0.2    phi0.3    phi0.4    phi0.5   phi0.6
id    76.000   83.000   302.000 618.00000 622.00000 625.00000 627.0000
A   3367.324 2664.039  1833.784 129.77179 157.07199  23.49068 122.0588
a  -2836.714 -718.420 -1547.903 -86.82489 -64.05375 -24.15160 -82.4679
      phi0.7    phi0.8    phi0.9
id 642.00000   918.000 992.00000
A   53.25255  3548.485  19.40547
a  -61.30150 -2903.732 -18.94896
FIRE:  7  stops.  2 hits of maxmove.  0 hits of dtmax.
Frms = 8.33907320386583e-06; Ftanrms = 8.33885364216796e-06
E =  0.00259 | E_L =  0.00259 | E_A =  0.00000 |   0 flippped triangles
E =  0.00200 | E_L =  0.00200 | E_A =  0.00000 |   0 flippped triangles
Optimising mapping with BFGS...
E =  0.00200 | E_L =  0.00200 | E_A =  0.00000 |   0 flippped triangles
Transforming image...
Mapping optimised. Error: 0.002000506 ; 0 flipped triangles.
Inferring coordinates of datapoints
Inferring coordinates of landmarks
Mapping optimised. Error: 0.002000506 ; 0 flipped triangles. OD displacement: 7.097054 degrees.
Computing Kernel Density estimates of datapoints

[1] 0.7
Saving adult_retina/data/nAChR-B2/GMBH304/R-CONTRA/r.mat
