[1] "Adding old segment 1"
[1] "Intersection found. Old points:"
   X    Y 
1710 -131 
   X    Y 
1580 -281 
   X    Y 
1580 -241 
   X    Y 
1650 -281 
[1] "Point i+1 has been changed:"
   X    Y 
1710 -131 
        X         Y 
1603.1847 -254.2484 
   X    Y 
1580 -241 
   X    Y 
1650 -281 
[1] "a= 0.5"
[1] "l= 53.9195581892593"
[1] "New points:"
   X    Y 
1710 -131 
        X         Y 
1603.1847 -254.2484 
        X         Y 
1626.5924 -267.6242 
   X    Y 
1650 -281 
[1] "Storing new segment 1"
[1] "Adding old segment 2"
[1] "Adding old segment 3"
[1] "Adding old segment 4"
[1] "Adding old segment 5"
[1] "Storing new segment 2"
simplify.outline: Removing vertex 20
simplify.outline: Removing vertex 48
Triangulating...
[1] "Non-adjacent points in rim connected by line: 57 54"
[1] "In triangle: 25" "In triangle: 51"
[1] "Other points in triangles: 61 60"
[1] "Non-adjacent points in rim connected by line: 59 58"
[1] "In triangle: 76" "In triangle: 77"
[1] "Other points in triangles: 1 60"
[1] "Non-adjacent points in rim connected by line: 60 57"
[1] "In triangle: 35" "In triangle: 51"
[1] "Other points in triangles: 59 454"
[1] "Non-adjacent points in rim connected by line: 60 59"
[1] "In triangle: 35" "In triangle: 77"
[1] "Other points in triangles: 456 455"
[1] "Non-adjacent points in rim connected by line: 61 54"
[1] "In triangle: 68"  "In triangle: 818"
[1] "Other points in triangles: 62 454"
Stitching...
Tear 1 child of rim
Tear 2 child of rim
Tear 3 child of rim
Tear 4 child of rim
Tear 1 : Sf = 1966.94251053539 ; Sb = 1815.27900348281
  Forwards path
    i = 16 ; sf/Sf = 0.196180430065778 ; sf = 385.875627631495
      k =   15 ; sb/Sb = 0 ; sb = 0
      k =   14 ; sb/Sb = 0.261014592638499 ; sb = 473.814309619285
      Creating new point: f = 0.751607134615209
    i = 17 ; sf/Sf = 0.383739208697044 ; sf = 754.792962545429
      k =   15 ; sb/Sb = 0 ; sb = 0
      k =   14 ; sb/Sb = 0.261014592638499 ; sb = 473.814309619285
      k =   13 ; sb/Sb = 0.397294655957924 ; sb = 721.200647156345
      Creating new point: f = 0.900532426161944
    i = 18 ; sf/Sf = 0.433811123605809 ; sf = 853.28154056339
      k =   15 ; sb/Sb = 0 ; sb = 0
      k =   14 ; sb/Sb = 0.261014592638499 ; sb = 473.814309619285
      k =   13 ; sb/Sb = 0.397294655957924 ; sb = 721.200647156345
      k =   12 ; sb/Sb = 0.625361432522506 ; sb = 1135.20547804603
      Creating new point: f = 0.160113051966361
    i = 112 ; sf/Sf = 0.56776839033517 ; sf = 1116.7677830885
      k =   15 ; sb/Sb = 0 ; sb = 0
      k =   14 ; sb/Sb = 0.261014592638499 ; sb = 473.814309619285
      k =   13 ; sb/Sb = 0.397294655957924 ; sb = 721.200647156345
      k =   12 ; sb/Sb = 0.625361432522506 ; sb = 1135.20547804603
      Creating new point: f = 0.747472897828997
    i = 19 ; sf/Sf = 0.701725657064531 ; sf = 1380.25402561361
      k =   15 ; sb/Sb = 0 ; sb = 0
      k =   14 ; sb/Sb = 0.261014592638499 ; sb = 473.814309619285
      k =   13 ; sb/Sb = 0.397294655957924 ; sb = 721.200647156345
      k =   12 ; sb/Sb = 0.625361432522506 ; sb = 1135.20547804603
      k =  110 ; sb/Sb = 0.812680716261253 ; sb = 1475.24224076442
      Creating new point: f = 0.407668783575588
    i = 20 ; sf/Sf = 0.795056090731802 ; sf = 1563.82962312046
      k =   15 ; sb/Sb = 0 ; sb = 0
      k =   14 ; sb/Sb = 0.261014592638499 ; sb = 473.814309619285
      k =   13 ; sb/Sb = 0.397294655957924 ; sb = 721.200647156345
      k =   12 ; sb/Sb = 0.625361432522506 ; sb = 1135.20547804603
      k =  110 ; sb/Sb = 0.812680716261253 ; sb = 1475.24224076442
      Creating new point: f = 0.905911312611935
Tear 2 : Sf = 1750.72337953677 ; Sb = 1632.78424113563
  Forwards path
    i = 30 ; sf/Sf = 0.181527804652671 ; sf = 317.804971641414
      k =   29 ; sb/Sb = 0 ; sb = 0
      k =   28 ; sb/Sb = 0.265905228617272 ; sb = 434.165866921848
      Creating new point: f = 0.682678582879433
    i = 31 ; sf/Sf = 0.375565171720417 ; sf = 657.510726670675
      k =   29 ; sb/Sb = 0 ; sb = 0
      k =   28 ; sb/Sb = 0.265905228617272 ; sb = 434.165866921848
      k =   27 ; sb/Sb = 0.359190953871051 ; sb = 586.481329039126
      k =   26 ; sb/Sb = 0.801259954244742 ; sb = 1308.28462634387
      Creating new point: f = 0.0370399594532177
    i = 32 ; sf/Sf = 0.626500104025952 ; sf = 1096.82837940045
      k =   29 ; sb/Sb = 0 ; sb = 0
      k =   28 ; sb/Sb = 0.265905228617272 ; sb = 434.165866921848
      k =   27 ; sb/Sb = 0.359190953871051 ; sb = 586.481329039126
      k =   26 ; sb/Sb = 0.801259954244742 ; sb = 1308.28462634387
      Creating new point: f = 0.604677437071901
    i = 33 ; sf/Sf = 0.922309425533951 ; sf = 1614.70867444941
      k =   29 ; sb/Sb = 0 ; sb = 0
      k =   28 ; sb/Sb = 0.265905228617272 ; sb = 434.165866921848
      k =   27 ; sb/Sb = 0.359190953871051 ; sb = 586.481329039126
      k =   26 ; sb/Sb = 0.801259954244742 ; sb = 1308.28462634387
      k =   25 ; sb/Sb = 1 ; sb = 1632.78424113563
      Creating new point: f = 0.609084449131491
Tear 3 : Sf = 3103.47249282405 ; Sb = 3116.81711938194
  Forwards path
    i = 349 ; sf/Sf = 0.157327711380824 ; sf = 488.262224629348
      k =   44 ; sb/Sb = 0 ; sb = 0
      k =  242 ; sb/Sb = 0.154003260895584 ; sb = 480
      k =   43 ; sb/Sb = 0.308006521791169 ; sb = 960
      Creating new point: f = 0.0215868837186071
    i = 45 ; sf/Sf = 0.314655422761647 ; sf = 976.524449258696
      k =   44 ; sb/Sb = 0 ; sb = 0
      k =  242 ; sb/Sb = 0.154003260895584 ; sb = 480
      k =   43 ; sb/Sb = 0.308006521791169 ; sb = 960
      k =  241 ; sb/Sb = 0.395199659396173 ; sb = 1231.7650639799
      Creating new point: f = 0.0762548653840046
    i = 176 ; sf/Sf = 0.470157732383022 ; sf = 1459.12158973924
      k =   44 ; sb/Sb = 0 ; sb = 0
      k =  242 ; sb/Sb = 0.154003260895584 ; sb = 480
      k =   43 ; sb/Sb = 0.308006521791169 ; sb = 960
      k =  241 ; sb/Sb = 0.395199659396173 ; sb = 1231.7650639799
      k =  161 ; sb/Sb = 0.482392797001177 ; sb = 1503.5301279598
      Creating new point: f = 0.859678583037336
    i = 46 ; sf/Sf = 0.625660042004397 ; sf = 1941.71873021979
      k =   44 ; sb/Sb = 0 ; sb = 0
      k =  242 ; sb/Sb = 0.154003260895584 ; sb = 480
      k =   43 ; sb/Sb = 0.308006521791169 ; sb = 960
      k =  241 ; sb/Sb = 0.395199659396173 ; sb = 1231.7650639799
      k =  161 ; sb/Sb = 0.482392797001177 ; sb = 1503.5301279598
      k =   42 ; sb/Sb = 0.656779072211185 ; sb = 2047.06025591961
      Creating new point: f = 0.821551150345333
    i = 47 ; sf/Sf = 0.809127314595348 ; sf = 2511.10436403926
      k =   44 ; sb/Sb = 0 ; sb = 0
      k =  242 ; sb/Sb = 0.154003260895584 ; sb = 480
      k =   43 ; sb/Sb = 0.308006521791169 ; sb = 960
      k =  241 ; sb/Sb = 0.395199659396173 ; sb = 1231.7650639799
      k =  161 ; sb/Sb = 0.482392797001177 ; sb = 1503.5301279598
      k =   42 ; sb/Sb = 0.656779072211185 ; sb = 2047.06025591961
      k =   41 ; sb/Sb = 0.870228199849165 ; sb = 2712.3421510588
      Creating new point: f = 0.71374497553606
    i = 154 ; sf/Sf = 0.904563657297674 ; sf = 2807.28842843166
      k =   44 ; sb/Sb = 0 ; sb = 0
      k =  242 ; sb/Sb = 0.154003260895584 ; sb = 480
      k =   43 ; sb/Sb = 0.308006521791169 ; sb = 960
      k =  241 ; sb/Sb = 0.395199659396173 ; sb = 1231.7650639799
      k =  161 ; sb/Sb = 0.482392797001177 ; sb = 1503.5301279598
      k =   42 ; sb/Sb = 0.656779072211185 ; sb = 2047.06025591961
      k =   41 ; sb/Sb = 0.870228199849165 ; sb = 2712.3421510588
      k =   40 ; sb/Sb = 1 ; sb = 3116.81711938194
      Creating new point: f = 0.264583348682846
Tear 4 : Sf = 2578.87980684307 ; Sb = 3150.2191411031
  Forwards path
    i = 451 ; sf/Sf = 0.158676084176692 ; sf = 409.206549312202
      k =    3 ; sb/Sb = 0 ; sb = 0
      k =  118 ; sb/Sb = 0.135060549419781 ; sb = 425.470327990096
      k =    2 ; sb/Sb = 0.270121098839563 ; sb = 850.940655980192
      Creating new point: f = 0.174851463720254
    i = 4 ; sf/Sf = 0.317352168353384 ; sf = 818.413098624405
      k =    3 ; sb/Sb = 0 ; sb = 0
      k =  118 ; sb/Sb = 0.135060549419781 ; sb = 425.470327990096
      k =    2 ; sb/Sb = 0.270121098839563 ; sb = 850.940655980192
      k =   55 ; sb/Sb = 0.386360610950388 ; sb = 1217.1205919842
      Creating new point: f = 0.406325428041973
    i = 359 ; sf/Sf = 0.45462599968775 ; sf = 1172.42581026058
      k =    3 ; sb/Sb = 0 ; sb = 0
      k =  118 ; sb/Sb = 0.135060549419781 ; sb = 425.470327990096
      k =    2 ; sb/Sb = 0.270121098839563 ; sb = 850.940655980192
      k =   55 ; sb/Sb = 0.386360610950388 ; sb = 1217.1205919842
      k =   56 ; sb/Sb = 0.467624798784113 ; sb = 1473.1205919842
      Creating new point: f = 0.840042712012822
    i = 5 ; sf/Sf = 0.591899831022116 ; sf = 1526.43852189676
      k =    3 ; sb/Sb = 0 ; sb = 0
      k =  118 ; sb/Sb = 0.135060549419781 ; sb = 425.470327990096
      k =    2 ; sb/Sb = 0.270121098839563 ; sb = 850.940655980192
      k =   55 ; sb/Sb = 0.386360610950388 ; sb = 1217.1205919842
      k =   56 ; sb/Sb = 0.467624798784113 ; sb = 1473.1205919842
      k =   61 ; sb/Sb = 0.487940845742545 ; sb = 1537.1205919842
      k =   57 ; sb/Sb = 0.508256892700976 ; sb = 1601.1205919842
      k =   59 ; sb/Sb = 0.528572939659408 ; sb = 1665.1205919842
      k =    1 ; sb/Sb = 0.548888986617839 ; sb = 1729.1205919842
      k =   58 ; sb/Sb = 0.569205033576271 ; sb = 1793.1205919842
      k =   60 ; sb/Sb = 0.586168944675631 ; sb = 1846.56062943737
      k =   54 ; sb/Sb = 0.603132855774991 ; sb = 1900.00066689055
      Creating new point: f = 0.337828128956727
    i = 6 ; sf/Sf = 0.920060143658557 ; sf = 2372.72452556219
      k =    3 ; sb/Sb = 0 ; sb = 0
      k =  118 ; sb/Sb = 0.135060549419781 ; sb = 425.470327990096
      k =    2 ; sb/Sb = 0.270121098839563 ; sb = 850.940655980192
      k =   55 ; sb/Sb = 0.386360610950388 ; sb = 1217.1205919842
      k =   56 ; sb/Sb = 0.467624798784113 ; sb = 1473.1205919842
      k =   61 ; sb/Sb = 0.487940845742545 ; sb = 1537.1205919842
      k =   57 ; sb/Sb = 0.508256892700976 ; sb = 1601.1205919842
      k =   59 ; sb/Sb = 0.528572939659408 ; sb = 1665.1205919842
      k =    1 ; sb/Sb = 0.548888986617839 ; sb = 1729.1205919842
      k =   58 ; sb/Sb = 0.569205033576271 ; sb = 1793.1205919842
      k =   60 ; sb/Sb = 0.586168944675631 ; sb = 1846.56062943737
      k =   54 ; sb/Sb = 0.603132855774991 ; sb = 1900.00066689055
      k =   64 ; sb/Sb = 0.705269563239493 ; sb = 2221.75367775447
      k =   53 ; sb/Sb = 0.807406270703996 ; sb = 2543.5066886184
      k =  232 ; sb/Sb = 0.903703135351998 ; sb = 2846.86291486075
      k =   52 ; sb/Sb = 1 ; sb = 3150.2191411031
      Creating new point: f = 0.169860237572113
Tear 1 : Sf = 1815.27900348281 ; Sb = 1966.94251053539
  Backwards path
    i = 14 ; sf/Sf = 0.261014592638499 ; sf = 473.814309619285
      k =   15 ; sb/Sb = 0 ; sb = 0
      k =   16 ; sb/Sb = 0.196180430065778 ; sb = 385.875627631495
      k =   17 ; sb/Sb = 0.383739208697044 ; sb = 754.792962545429
      Creating new point: f = 0.345673836467994
    i = 13 ; sf/Sf = 0.397294655957924 ; sf = 721.200647156345
      k =   15 ; sb/Sb = 0 ; sb = 0
      k =   16 ; sb/Sb = 0.196180430065778 ; sb = 385.875627631495
      k =   17 ; sb/Sb = 0.383739208697044 ; sb = 754.792962545429
      k =   18 ; sb/Sb = 0.433811123605809 ; sb = 853.28154056339
      Creating new point: f = 0.2707195697544
    i = 12 ; sf/Sf = 0.625361432522506 ; sf = 1135.20547804603
      k =   15 ; sb/Sb = 0 ; sb = 0
      k =   16 ; sb/Sb = 0.196180430065778 ; sb = 385.875627631495
      k =   17 ; sb/Sb = 0.383739208697044 ; sb = 754.792962545429
      k =   18 ; sb/Sb = 0.433811123605809 ; sb = 853.28154056339
      k =  112 ; sb/Sb = 0.56776839033517 ; sb = 1116.7677830885
      k =   19 ; sb/Sb = 0.701725657064531 ; sb = 1380.25402561361
      Creating new point: f = 0.429935931013677
    i = 110 ; sf/Sf = 0.812680716261253 ; sf = 1475.24224076442
      k =   15 ; sb/Sb = 0 ; sb = 0
      k =   16 ; sb/Sb = 0.196180430065778 ; sb = 385.875627631495
      k =   17 ; sb/Sb = 0.383739208697044 ; sb = 754.792962545429
      k =   18 ; sb/Sb = 0.433811123605809 ; sb = 853.28154056339
      k =  112 ; sb/Sb = 0.56776839033517 ; sb = 1116.7677830885
      k =   19 ; sb/Sb = 0.701725657064531 ; sb = 1380.25402561361
      k =   20 ; sb/Sb = 0.795056090731802 ; sb = 1563.82962312046
      k =   21 ; sb/Sb = 1 ; sb = 1966.94251053539
      Creating new point: f = 0.0859973130813396
Tear 2 : Sf = 1632.78424113563 ; Sb = 1750.72337953677
  Backwards path
    i = 28 ; sf/Sf = 0.265905228617272 ; sf = 434.165866921848
      k =   29 ; sb/Sb = 0 ; sb = 0
      k =   30 ; sb/Sb = 0.181527804652671 ; sb = 317.804971641414
      k =   31 ; sb/Sb = 0.375565171720417 ; sb = 657.510726670675
      Creating new point: f = 0.434851416712646
    i = 27 ; sf/Sf = 0.359190953871051 ; sf = 586.481329039126
      k =   29 ; sb/Sb = 0 ; sb = 0
      k =   30 ; sb/Sb = 0.181527804652671 ; sb = 317.804971641414
      k =   31 ; sb/Sb = 0.375565171720417 ; sb = 657.510726670675
      Creating new point: f = 0.915613069292735
    i = 26 ; sf/Sf = 0.801259954244742 ; sf = 1308.28462634387
      k =   29 ; sb/Sb = 0 ; sb = 0
      k =   30 ; sb/Sb = 0.181527804652671 ; sb = 317.804971641414
      k =   31 ; sb/Sb = 0.375565171720417 ; sb = 657.510726670675
      k =   32 ; sb/Sb = 0.626500104025952 ; sb = 1096.82837940045
      k =   33 ; sb/Sb = 0.922309425533951 ; sb = 1614.70867444941
      Creating new point: f = 0.590785473993471
Tear 3 : Sf = 3116.81711938194 ; Sb = 3103.47249282405
  Backwards path
    i = 242 ; sf/Sf = 0.154003260895584 ; sf = 480
      k =   44 ; sb/Sb = 0 ; sb = 0
      k =  349 ; sb/Sb = 0.157327711380824 ; sb = 488.262224629348
      Creating new point: f = 0.978869263042973
    i = 43 ; sf/Sf = 0.308006521791169 ; sf = 960
      k =   44 ; sb/Sb = 0 ; sb = 0
      k =  349 ; sb/Sb = 0.157327711380824 ; sb = 488.262224629348
      k =   45 ; sb/Sb = 0.314655422761647 ; sb = 976.524449258696
      Creating new point: f = 0.957738526085946
    i = 241 ; sf/Sf = 0.395199659396173 ; sf = 1231.7650639799
      k =   44 ; sb/Sb = 0 ; sb = 0
      k =  349 ; sb/Sb = 0.157327711380824 ; sb = 488.262224629348
      k =   45 ; sb/Sb = 0.314655422761647 ; sb = 976.524449258696
      k =  176 ; sb/Sb = 0.470157732383022 ; sb = 1459.12158973924
      Creating new point: f = 0.517961674206891
    i = 161 ; sf/Sf = 0.482392797001177 ; sf = 1503.5301279598
      k =   44 ; sb/Sb = 0 ; sb = 0
      k =  349 ; sb/Sb = 0.157327711380824 ; sb = 488.262224629348
      k =   45 ; sb/Sb = 0.314655422761647 ; sb = 976.524449258696
      k =  176 ; sb/Sb = 0.470157732383022 ; sb = 1459.12158973924
      k =   46 ; sb/Sb = 0.625660042004397 ; sb = 1941.71873021979
      Creating new point: f = 0.078680918939052
    i = 42 ; sf/Sf = 0.656779072211185 ; sf = 2047.06025591961
      k =   44 ; sb/Sb = 0 ; sb = 0
      k =  349 ; sb/Sb = 0.157327711380824 ; sb = 488.262224629348
      k =   45 ; sb/Sb = 0.314655422761647 ; sb = 976.524449258696
      k =  176 ; sb/Sb = 0.470157732383022 ; sb = 1459.12158973924
      k =   46 ; sb/Sb = 0.625660042004397 ; sb = 1941.71873021979
      k =   47 ; sb/Sb = 0.809127314595348 ; sb = 2511.10436403926
      Creating new point: f = 0.169616246905078
    i = 41 ; sf/Sf = 0.870228199849165 ; sf = 2712.3421510588
      k =   44 ; sb/Sb = 0 ; sb = 0
      k =  349 ; sb/Sb = 0.157327711380824 ; sb = 488.262224629348
      k =   45 ; sb/Sb = 0.314655422761647 ; sb = 976.524449258696
      k =  176 ; sb/Sb = 0.470157732383022 ; sb = 1459.12158973924
      k =   46 ; sb/Sb = 0.625660042004397 ; sb = 1941.71873021979
      k =   47 ; sb/Sb = 0.809127314595348 ; sb = 2511.10436403926
      k =  154 ; sb/Sb = 0.904563657297674 ; sb = 2807.28842843166
      Creating new point: f = 0.640226600514184
Tear 4 : Sf = 3150.2191411031 ; Sb = 2578.87980684307
  Backwards path
    i = 118 ; sf/Sf = 0.135060549419781 ; sf = 425.470327990096
      k =    3 ; sb/Sb = 0 ; sb = 0
      k =  451 ; sb/Sb = 0.158676084176692 ; sb = 409.206549312202
      Creating new point: f = 0.851171429649009
    i = 2 ; sf/Sf = 0.270121098839563 ; sf = 850.940655980192
      k =    3 ; sb/Sb = 0 ; sb = 0
      k =  451 ; sb/Sb = 0.158676084176692 ; sb = 409.206549312202
      k =    4 ; sb/Sb = 0.317352168353384 ; sb = 818.413098624405
      Creating new point: f = 0.702342859298018
    i = 55 ; sf/Sf = 0.386360610950388 ; sf = 1217.1205919842
      k =    3 ; sb/Sb = 0 ; sb = 0
      k =  451 ; sb/Sb = 0.158676084176692 ; sb = 409.206549312202
      k =    4 ; sb/Sb = 0.317352168353384 ; sb = 818.413098624405
      k =  359 ; sb/Sb = 0.45462599968775 ; sb = 1172.42581026058
      Creating new point: f = 0.502706465800578
    i = 56 ; sf/Sf = 0.467624798784113 ; sf = 1473.1205919842
      k =    3 ; sb/Sb = 0 ; sb = 0
      k =  451 ; sb/Sb = 0.158676084176692 ; sb = 409.206549312202
      k =    4 ; sb/Sb = 0.317352168353384 ; sb = 818.413098624405
      k =  359 ; sb/Sb = 0.45462599968775 ; sb = 1172.42581026058
      k =    5 ; sb/Sb = 0.591899831022116 ; sb = 1526.43852189676
      Creating new point: f = 0.0946924768545383
    i = 61 ; sf/Sf = 0.487940845742545 ; sf = 1537.1205919842
      k =    3 ; sb/Sb = 0 ; sb = 0
      k =  451 ; sb/Sb = 0.158676084176692 ; sb = 409.206549312202
      k =    4 ; sb/Sb = 0.317352168353384 ; sb = 818.413098624405
      k =  359 ; sb/Sb = 0.45462599968775 ; sb = 1172.42581026058
      k =    5 ; sb/Sb = 0.591899831022116 ; sb = 1526.43852189676
      Creating new point: f = 0.24268897961803
    i = 57 ; sf/Sf = 0.508256892700976 ; sf = 1601.1205919842
      k =    3 ; sb/Sb = 0 ; sb = 0
      k =  451 ; sb/Sb = 0.158676084176692 ; sb = 409.206549312202
      k =    4 ; sb/Sb = 0.317352168353384 ; sb = 818.413098624405
      k =  359 ; sb/Sb = 0.45462599968775 ; sb = 1172.42581026058
      k =    5 ; sb/Sb = 0.591899831022116 ; sb = 1526.43852189676
      Creating new point: f = 0.390685482381519
    i = 59 ; sf/Sf = 0.528572939659408 ; sf = 1665.1205919842
      k =    3 ; sb/Sb = 0 ; sb = 0
      k =  451 ; sb/Sb = 0.158676084176692 ; sb = 409.206549312202
      k =    4 ; sb/Sb = 0.317352168353384 ; sb = 818.413098624405
      k =  359 ; sb/Sb = 0.45462599968775 ; sb = 1172.42581026058
      k =    5 ; sb/Sb = 0.591899831022116 ; sb = 1526.43852189676
      Creating new point: f = 0.538681985145011
    i = 1 ; sf/Sf = 0.548888986617839 ; sf = 1729.1205919842
      k =    3 ; sb/Sb = 0 ; sb = 0
      k =  451 ; sb/Sb = 0.158676084176692 ; sb = 409.206549312202
      k =    4 ; sb/Sb = 0.317352168353384 ; sb = 818.413098624405
      k =  359 ; sb/Sb = 0.45462599968775 ; sb = 1172.42581026058
      k =    5 ; sb/Sb = 0.591899831022116 ; sb = 1526.43852189676
      Creating new point: f = 0.686678487908501
    i = 58 ; sf/Sf = 0.569205033576271 ; sf = 1793.1205919842
      k =    3 ; sb/Sb = 0 ; sb = 0
      k =  451 ; sb/Sb = 0.158676084176692 ; sb = 409.206549312202
      k =    4 ; sb/Sb = 0.317352168353384 ; sb = 818.413098624405
      k =  359 ; sb/Sb = 0.45462599968775 ; sb = 1172.42581026058
      k =    5 ; sb/Sb = 0.591899831022116 ; sb = 1526.43852189676
      Creating new point: f = 0.834674990671992
    i = 60 ; sf/Sf = 0.586168944675631 ; sf = 1846.56062943737
      k =    3 ; sb/Sb = 0 ; sb = 0
      k =  451 ; sb/Sb = 0.158676084176692 ; sb = 409.206549312202
      k =    4 ; sb/Sb = 0.317352168353384 ; sb = 818.413098624405
      k =  359 ; sb/Sb = 0.45462599968775 ; sb = 1172.42581026058
      k =    5 ; sb/Sb = 0.591899831022116 ; sb = 1526.43852189676
      Creating new point: f = 0.958252157087929
    i = 54 ; sf/Sf = 0.603132855774991 ; sf = 1900.00066689055
      k =    3 ; sb/Sb = 0 ; sb = 0
      k =  451 ; sb/Sb = 0.158676084176692 ; sb = 409.206549312202
      k =    4 ; sb/Sb = 0.317352168353384 ; sb = 818.413098624405
      k =  359 ; sb/Sb = 0.45462599968775 ; sb = 1172.42581026058
      k =    5 ; sb/Sb = 0.591899831022116 ; sb = 1526.43852189676
      k =    6 ; sb/Sb = 0.920060143658557 ; sb = 2372.72452556219
      Creating new point: f = 0.03423029635311
    i = 64 ; sf/Sf = 0.705269563239493 ; sf = 2221.75367775447
      k =    3 ; sb/Sb = 0 ; sb = 0
      k =  451 ; sb/Sb = 0.158676084176692 ; sb = 409.206549312202
      k =    4 ; sb/Sb = 0.317352168353384 ; sb = 818.413098624405
      k =  359 ; sb/Sb = 0.45462599968775 ; sb = 1172.42581026058
      k =    5 ; sb/Sb = 0.591899831022116 ; sb = 1526.43852189676
      k =    6 ; sb/Sb = 0.920060143658557 ; sb = 2372.72452556219
      Creating new point: f = 0.345470575971129
    i = 53 ; sf/Sf = 0.807406270703996 ; sf = 2543.5066886184
      k =    3 ; sb/Sb = 0 ; sb = 0
      k =  451 ; sb/Sb = 0.158676084176692 ; sb = 409.206549312202
      k =    4 ; sb/Sb = 0.317352168353384 ; sb = 818.413098624405
      k =  359 ; sb/Sb = 0.45462599968775 ; sb = 1172.42581026058
      k =    5 ; sb/Sb = 0.591899831022116 ; sb = 1526.43852189676
      k =    6 ; sb/Sb = 0.920060143658557 ; sb = 2372.72452556219
      Creating new point: f = 0.656710855589148
    i = 232 ; sf/Sf = 0.903703135351998 ; sf = 2846.86291486075
      k =    3 ; sb/Sb = 0 ; sb = 0
      k =  451 ; sb/Sb = 0.158676084176692 ; sb = 409.206549312202
      k =    4 ; sb/Sb = 0.317352168353384 ; sb = 818.413098624405
      k =  359 ; sb/Sb = 0.45462599968775 ; sb = 1172.42581026058
      k =    5 ; sb/Sb = 0.591899831022116 ; sb = 1526.43852189676
      k =    6 ; sb/Sb = 0.920060143658557 ; sb = 2372.72452556219
      Creating new point: f = 0.950155434168297
Triangulating...
[1] "Non-adjacent points in rim connected by line: 468 24"
[1] "In triangle: 297" "In triangle: 298"
[1] "Other points in triangles: 129 25"
[1] "Non-adjacent points in rim connected by line: 478 57"
[1] "In triangle: 701" "In triangle: 703"
[1] "Other points in triangles: 456 454"
[1] "Non-adjacent points in rim connected by line: 486 34"
[1] "In triangle: 68"  "In triangle: 239"
[1] "Other points in triangles: 67 33"
Merging points...
Projecting to sphere...
Optimising mapping with FIRE...
E =  0.00255 | E_L =  0.00255 | E_A =  0.00000 |   0 flippped triangles
E =  0.00238 | E_L =  0.00238 | E_A =  0.00000 |  42 flippped triangles
        phi0    phi0.1    phi0.2    phi0.3    phi0.4    phi0.5    phi0.6
id  135.0000  170.0000   248.000   249.000  254.0000  443.0000   455.000
A   144.6130  578.4518  5395.298  7657.297 9888.3833  957.5377  1886.013
a  -148.6136 -399.7180 -5332.894 -6787.717 -846.7102 -846.8320 -2002.638
      phi0.7    phi0.8    phi0.9   phi0.10  phi0.11   phi0.12   phi0.13
id   459.000  464.0000  660.0000  666.0000  671.000 681.00000 682.00000
A   8991.146  815.5664  291.8061  578.4547 1033.285  84.61487  18.24488
a  -1379.633 -861.7979 -312.2914 -619.0296 -718.594 -35.35493 -19.01516
      phi0.14   phi0.15   phi0.16   phi0.17   phi0.18   phi0.19  phi0.20
id 683.000000  691.0000  692.0000  693.0000  695.0000  696.0000 698.0000
A   11.160125  277.8806  174.2262  233.9237  415.2010  381.1902 101.4421
a   -9.065882 -522.1849 -190.9774 -212.0389 -406.8339 -393.4211 -51.6269
     phi0.21   phi0.22   phi0.23   phi0.24   phi0.25   phi0.26   phi0.27
id 701.00000  702.0000  703.0000   839.000 840.00000 842.00000  862.0000
A   99.19806  150.4427  112.7823  4293.729  61.70026  57.94915  143.3773
a  -97.30100 -135.4786 -103.4034 -4114.038 -54.98649 -24.68783 -144.8348
     phi0.28   phi0.29   phi0.30   phi0.31   phi0.32   phi0.33   phi0.34
id   866.000  868.0000   869.000   872.000   873.000   876.000   878.000
A   7948.970  573.5092  4082.496  1886.013  2088.983  6122.016  1513.608
a  -5584.147 -510.5475 -3085.797 -2142.765 -1908.046 -2654.327 -1651.231
     phi0.35   phi0.36   phi0.37   phi0.38   phi0.39   phi0.40   phi0.41
id  879.0000   880.000  886.0000   923.000   950.000 954.00000 955.00000
A   870.8730  2263.244  294.2054  3861.015  5928.033  85.01840  98.60261
a  -988.9729 -2402.010 -281.4126 -3478.105 -4534.304 -83.51567 -90.83741
E =  0.00233 | E_L =  0.00233 | E_A =  0.00000 |  43 flippped triangles
        phi0    phi0.1    phi0.2    phi0.3    phi0.4    phi0.5    phi0.6
id  135.0000  170.0000   248.000   249.000   254.000  443.0000   455.000
A   144.6130  578.4518  5395.298  7657.297  9888.383  957.5377  1886.013
a  -153.3069 -500.5015 -4651.980 -5652.686 -2310.874 -862.5262 -2032.825
      phi0.7    phi0.8    phi0.9   phi0.10   phi0.11    phi0.12   phi0.13
id   459.000  464.0000  660.0000  666.0000  671.0000 681.000000 682.00000
A   8991.146  815.5664  291.8061  578.4547 1033.2846  84.614873  18.24488
a  -1242.345 -842.0061 -306.0313 -645.0559 -575.4717  -4.987277 -18.16293
     phi0.14   phi0.15   phi0.16   phi0.17   phi0.18   phi0.19   phi0.20
id 683.00000  691.0000  692.0000  693.0000  695.0000  696.0000 698.00000
A   11.16012  277.8806  174.2262  233.9237  415.2010  381.1902 101.44210
a  -11.33305 -518.6408 -179.1727 -186.1168 -427.8123 -421.4435 -73.72376
     phi0.21   phi0.22   phi0.23   phi0.24   phi0.25   phi0.26   phi0.27
id 700.00000 701.00000  702.0000  703.0000   839.000 840.00000 842.00000
A   95.76028  99.19806  150.4427  112.7823  4293.729  61.70026  57.94915
a  -26.41425 -93.26485 -145.5808 -100.0447 -4170.822 -64.29664 -20.27776
     phi0.28   phi0.29   phi0.30   phi0.31   phi0.32   phi0.33   phi0.34
id  862.0000   866.000  868.0000   869.000   872.000   873.000   876.000
A   143.3773  7948.970  573.5092  4082.496  1886.013  2088.983  6122.016
a  -150.7038 -4032.153 -530.7297 -3194.194 -2140.853 -1710.818 -1563.809
     phi0.35   phi0.36   phi0.37   phi0.38   phi0.39   phi0.40   phi0.41
id   878.000  879.0000   880.000  886.0000   923.000   950.000 954.00000
A   1513.608  870.8730  2263.244  294.2054  3861.015  5928.033  85.01840
a  -1554.362 -918.3851 -2438.629 -291.3887 -3234.137 -4634.134 -82.00806
     phi0.42
id 955.00000
A   98.60261
a  -86.81078
E =  0.00232 | E_L =  0.00232 | E_A =  0.00000 |  43 flippped triangles
        phi0    phi0.1    phi0.2    phi0.3    phi0.4    phi0.5    phi0.6
id  135.0000  170.0000   248.000   249.000   254.000  443.0000   455.000
A   144.6130  578.4518  5395.298  7657.297  9888.383  957.5377  1886.013
a  -149.8027 -491.4659 -5084.936 -5948.376 -1466.711 -883.0349 -2006.066
      phi0.7    phi0.8    phi0.9   phi0.10   phi0.11    phi0.12   phi0.13
id   459.000  464.0000  660.0000  666.0000  671.0000 681.000000 682.00000
A   8991.146  815.5664  291.8061  578.4547 1033.2846  84.614873  18.24488
a  -1472.020 -839.2488 -302.8564 -646.2873 -574.1951  -3.562802 -18.13292
     phi0.14   phi0.15   phi0.16   phi0.17   phi0.18   phi0.19   phi0.20
id 683.00000  691.0000  692.0000  693.0000  695.0000  696.0000 698.00000
A   11.16012  277.8806  174.2262  233.9237  415.2010  381.1902 101.44210
a  -11.28228 -508.9078 -184.1422 -189.9900 -425.1774 -421.0709 -72.33568
     phi0.21   phi0.22   phi0.23   phi0.24   phi0.25   phi0.26   phi0.27
id 700.00000 701.00000  702.0000  703.0000   839.000 840.00000 842.00000
A   95.76028  99.19806  150.4427  112.7823  4293.729  61.70026  57.94915
a  -24.51461 -91.41194 -143.5282 -100.5261 -4160.712 -64.04545 -18.20247
     phi0.28   phi0.29   phi0.30   phi0.31   phi0.32   phi0.33   phi0.34
id  862.0000   866.000  868.0000   869.000   872.000   873.000   876.000
A   143.3773  7948.970  573.5092  4082.496  1886.013  2088.983  6122.016
a  -147.9528 -4208.088 -523.6117 -3106.887 -2145.873 -1663.456 -2223.682
     phi0.35   phi0.36   phi0.37   phi0.38   phi0.39   phi0.40   phi0.41
id   878.000  879.0000   880.000  886.0000   923.000   950.000 954.00000
A   1513.608  870.8730  2263.244  294.2054  3861.015  5928.033  85.01840
a  -1552.872 -924.2611 -2433.418 -293.3420 -3382.285 -4652.557 -81.27683
     phi0.42
id 955.00000
A   98.60261
a  -88.99105
E =  0.00231 | E_L =  0.00231 | E_A =  0.00000 |  43 flippped triangles
        phi0    phi0.1    phi0.2    phi0.3    phi0.4    phi0.5    phi0.6
id  135.0000  170.0000   248.000   249.000   254.000  443.0000   455.000
A   144.6130  578.4518  5395.298  7657.297  9888.383  957.5377  1886.013
a  -151.2962 -502.0988 -4981.460 -5637.820 -2115.224 -876.5602 -2022.784
      phi0.7    phi0.8    phi0.9   phi0.10  phi0.11    phi0.12   phi0.13
id   459.000  464.0000  660.0000  666.0000  671.000 681.000000 682.00000
A   8991.146  815.5664  291.8061  578.4547 1033.285  84.614873  18.24488
a  -1477.706 -838.8118 -299.9030 -641.4059 -550.808  -2.408631 -18.48246
     phi0.14   phi0.15   phi0.16   phi0.17  phi0.18   phi0.19   phi0.20
id 683.00000  691.0000  692.0000  693.0000  695.000  696.0000 698.00000
A   11.16012  277.8806  174.2262  233.9237  415.201  381.1902 101.44210
a  -11.29386 -523.0764 -181.7475 -192.3894 -424.284 -409.9241 -71.42262
     phi0.21   phi0.22   phi0.23   phi0.24   phi0.25   phi0.26   phi0.27
id 700.00000 701.00000  702.0000  703.0000   839.000 840.00000 842.00000
A   95.76028  99.19806  150.4427  112.7823  4293.729  61.70026  57.94915
a  -26.53037 -92.58919 -143.7945 -100.6425 -4147.186 -64.93491 -19.78402
     phi0.28   phi0.29   phi0.30   phi0.31   phi0.32   phi0.33   phi0.34
id  862.0000   866.000  868.0000   869.000   872.000   873.000   876.000
A   143.3773  7948.970  573.5092  4082.496  1886.013  2088.983  6122.016
a  -148.7056 -3845.413 -522.5924 -3174.815 -2145.557 -1616.369 -1986.548
     phi0.35   phi0.36   phi0.37   phi0.38   phi0.39   phi0.40   phi0.41
id   878.000  879.0000   880.000  886.0000   923.000   950.000 954.00000
A   1513.608  870.8730  2263.244  294.2054  3861.015  5928.033  85.01840
a  -1521.467 -926.2033 -2424.857 -292.8083 -3279.047 -4635.414 -81.92089
     phi0.42
id 955.00000
A   98.60261
a  -88.42637
E =  0.00230 | E_L =  0.00230 | E_A =  0.00000 |  43 flippped triangles
        phi0    phi0.1    phi0.2    phi0.3    phi0.4    phi0.5    phi0.6
id  135.0000  170.0000   248.000   249.000   254.000  443.0000   455.000
A   144.6130  578.4518  5395.298  7657.297  9888.383  957.5377  1886.013
a  -150.5788 -498.0278 -5189.500 -5745.045 -1752.860 -877.0586 -2018.016
      phi0.7    phi0.8    phi0.9   phi0.10   phi0.11    phi0.12   phi0.13
id   459.000  464.0000  660.0000  666.0000  671.0000 681.000000 682.00000
A   8991.146  815.5664  291.8061  578.4547 1033.2846  84.614873  18.24488
a  -1556.348 -837.1626 -298.6710 -639.0843 -542.4378  -1.721609 -18.14240
     phi0.14   phi0.15   phi0.16   phi0.17   phi0.18   phi0.19  phi0.20
id 683.00000  691.0000  692.0000  693.0000  695.0000  696.0000 698.0000
A   11.16012  277.8806  174.2262  233.9237  415.2010  381.1902 101.4421
a  -11.18203 -518.1097 -181.9462 -190.4514 -423.6172 -411.1776 -71.7762
     phi0.21   phi0.22   phi0.23  phi0.24   phi0.25   phi0.26   phi0.27
id 700.00000 701.00000  702.0000 703.0000   839.000 840.00000 842.00000
A   95.76028  99.19806  150.4427 112.7823  4293.729  61.70026  57.94915
a  -28.35477 -91.09596 -142.3070 -99.8863 -4165.289 -63.97602 -20.50632
     phi0.28   phi0.29   phi0.30   phi0.31   phi0.32   phi0.33   phi0.34
id  862.0000   866.000  868.0000   869.000   872.000   873.000   876.000
A   143.3773  7948.970  573.5092  4082.496  1886.013  2088.983  6122.016
a  -148.4247 -4001.073 -521.9165 -3128.519 -2140.429 -1604.918 -2297.354
     phi0.35   phi0.36   phi0.37   phi0.38   phi0.39   phi0.40   phi0.41
id   878.000  879.0000   880.000  886.0000   923.000   950.000 954.00000
A   1513.608  870.8730  2263.244  294.2054  3861.015  5928.033  85.01840
a  -1530.584 -915.2324 -2452.855 -293.0726 -3330.443 -4652.449 -81.38292
     phi0.42
id 955.00000
A   98.60261
a  -88.76994
FIRE:  9  stops.  0 hits of maxmove.  0 hits of dtmax.
Frms = 7.07544260728406e-06; Ftanrms = 7.07500282222707e-06
E =  0.00470 | E_L =  0.00469 | E_A =  0.00001 |   0 flippped triangles
E =  0.00286 | E_L =  0.00286 | E_A =  0.00000 |   0 flippped triangles
E =  0.00278 | E_L =  0.00278 | E_A =  0.00000 |   0 flippped triangles
E =  0.00278 | E_L =  0.00278 | E_A =  0.00000 |   0 flippped triangles
Optimising mapping with BFGS...
E =  0.00278 | E_L =  0.00278 | E_A =  0.00000 |   0 flippped triangles
Transforming image...
Mapping optimised. Error: 0.002776828 ; 0 flipped triangles.
Inferring coordinates of datapoints
Inferring coordinates of landmarks
Mapping optimised. Error: 0.002776828 ; 0 flipped triangles. OD displacement: 7.392328 degrees.
Computing Kernel Density estimates of datapoints

[1] 0.7
Saving adult_retina/data/C57BL6J/GM283/R-CONTRA/r.mat
