[1] "Adding old segment 1"
[1] "Adding old segment 3"
[1] "Adding old segment 4"
[1] "Adding old segment 5"
[1] "Storing new segment 1"
[1] "Adding old segment 2"
[1] "Storing new segment 2"
simplify.outline: Removing vertex 75
simplify.outline: Removing vertex 110
simplify.outline: Removing vertex 127
Triangulating...
[1] "Non-adjacent points in rim connected by line: 17 15"
[1] "In triangle: 173" "In triangle: 176"
[1] "Other points in triangles: 256 16"
[1] "Non-adjacent points in rim connected by line: 27 25"
[1] "In triangle: 32"  "In triangle: 153"
[1] "Other points in triangles: 178 26"
[1] "Non-adjacent points in rim connected by line: 44 41"
[1] "In triangle: 37"  "In triangle: 123"
[1] "Other points in triangles: 137 42"
[1] "Non-adjacent points in rim connected by line: 44 42"
[1] "In triangle: 38"  "In triangle: 123"
[1] "Other points in triangles: 43 471"
[1] "Non-adjacent points in rim connected by line: 81 79"
[1] "In triangle: 64"  "In triangle: 437"
[1] "Other points in triangles: 80 284"
[1] "Non-adjacent points in rim connected by line: 89 87"
[1] "In triangle: 84" "In triangle: 85"
[1] "Other points in triangles: 88 354"
[1] "Non-adjacent points in rim connected by line: 106 104"
[1] "In triangle: 114" "In triangle: 202"
[1] "Other points in triangles: 105 145"
[1] "Non-adjacent points in rim connected by line: 129 46"
[1] "In triangle: 33"  "In triangle: 189"
[1] "Other points in triangles: 47 130"
Stitching...
Tear 1 child of rim
Tear 2 child of rim
Tear 3 child of rim
Tear 4 child of rim
Tear 1 : Sf = 1643.70863796003 ; Sb = 1633.45142755879
  Forwards path
    i = 97 ; sf/Sf = 0.0800199386570708 ; sf = 131.529464379659
      k =   98 ; sb/Sb = 0 ; sb = 0
      k =   99 ; sb/Sb = 0.107091373452587 ; sb = 174.928556845359
      Creating new point: f = 0.747211806864151
    i = 96 ; sf/Sf = 0.18362337525555 ; sf = 301.823328038923
      k =   98 ; sb/Sb = 0 ; sb = 0
      k =   99 ; sb/Sb = 0.107091373452587 ; sb = 174.928556845359
      k =  100 ; sb/Sb = 0.260630511408167 ; sb = 425.727280925048
      Creating new point: f = 0.498452725617776
    i = 95 ; sf/Sf = 0.35233240681567 ; sf = 579.131820516164
      k =   98 ; sb/Sb = 0 ; sb = 0
      k =   99 ; sb/Sb = 0.107091373452587 ; sb = 174.928556845359
      k =  100 ; sb/Sb = 0.260630511408167 ; sb = 425.727280925048
      k =  101 ; sb/Sb = 0.470035346935443 ; sb = 767.77990845479
      Creating new point: f = 0.437916799660331
    i = 94 ; sf/Sf = 0.541028408784942 ; sf = 889.293068901581
      k =   98 ; sb/Sb = 0 ; sb = 0
      k =   99 ; sb/Sb = 0.107091373452587 ; sb = 174.928556845359
      k =  100 ; sb/Sb = 0.260630511408167 ; sb = 425.727280925048
      k =  101 ; sb/Sb = 0.470035346935443 ; sb = 767.779908454789
      k =  102 ; sb/Sb = 0.672802259771401 ; sb = 1098.98981168837
      Creating new point: f = 0.350121530463574
    i = 93 ; sf/Sf = 0.701645424204741 ; sf = 1153.30064455046
      k =   98 ; sb/Sb = 0 ; sb = 0
      k =   99 ; sb/Sb = 0.107091373452587 ; sb = 174.928556845359
      k =  100 ; sb/Sb = 0.260630511408167 ; sb = 425.727280925048
      k =  101 ; sb/Sb = 0.470035346935443 ; sb = 767.779908454789
      k =  102 ; sb/Sb = 0.672802259771401 ; sb = 1098.98981168837
      k =  103 ; sb/Sb = 0.809694483180922 ; sb = 1322.59660943835
      Creating new point: f = 0.210699802479313
Tear 2 : Sf = 3981.67110072122 ; Sb = 3942.55683122724
  Forwards path
    i = 68 ; sf/Sf = 0.0469188469356133 ; sf = 186.815416922694
      k =   69 ; sb/Sb = 0 ; sb = 0
      k =   70 ; sb/Sb = 0.0489865048053502 ; sb = 193.13207915828
      Creating new point: f = 0.957791275822743
    i = 67 ; sf/Sf = 0.103077879686831 ; sf = 410.422214672673
      k =   69 ; sb/Sb = 0 ; sb = 0
      k =   70 ; sb/Sb = 0.0489865048053502 ; sb = 193.13207915828
      k =   71 ; sb/Sb = 0.0898851302072264 ; sb = 354.377234124251
      k =   72 ; sb/Sb = 0.163616175698456 ; sb = 645.066071199223
      Creating new point: f = 0.178930725743929
    i = 66 ; sf/Sf = 0.142389202612683 ; sf = 566.946973097658
      k =   69 ; sb/Sb = 0 ; sb = 0
      k =   70 ; sb/Sb = 0.0489865048053502 ; sb = 193.13207915828
      k =   71 ; sb/Sb = 0.0898851302072264 ; sb = 354.377234124251
      k =   72 ; sb/Sb = 0.163616175698456 ; sb = 645.066071199223
      Creating new point: f = 0.712102643542497
    i = 65 ; sf/Sf = 0.199660403385274 ; sf = 794.982058117486
      k =   69 ; sb/Sb = 0 ; sb = 0
      k =   70 ; sb/Sb = 0.0489865048053502 ; sb = 193.13207915828
      k =   71 ; sb/Sb = 0.0898851302072264 ; sb = 354.377234124251
      k =   72 ; sb/Sb = 0.163616175698456 ; sb = 645.066071199223
      k =   73 ; sb/Sb = 0.240925147041219 ; sb = 949.861084281787
      Creating new point: f = 0.466236027472274
    i = 64 ; sf/Sf = 0.288455630728193 ; sf = 1148.53544871076
      k =   69 ; sb/Sb = 0 ; sb = 0
      k =   70 ; sb/Sb = 0.0489865048053502 ; sb = 193.13207915828
      k =   71 ; sb/Sb = 0.0898851302072264 ; sb = 354.377234124251
      k =   72 ; sb/Sb = 0.163616175698456 ; sb = 645.066071199223
      k =   73 ; sb/Sb = 0.240925147041219 ; sb = 949.861084281787
      k =   74 ; sb/Sb = 0.335998804143874 ; sb = 1324.69438056161
      Creating new point: f = 0.499933263697365
    i = 63 ; sf/Sf = 0.395747312150221 ; sf = 1575.73563597664
      k =   69 ; sb/Sb = 0 ; sb = 0
      k =   70 ; sb/Sb = 0.0489865048053502 ; sb = 193.13207915828
      k =   71 ; sb/Sb = 0.0898851302072264 ; sb = 354.377234124251
      k =   72 ; sb/Sb = 0.163616175698456 ; sb = 645.066071199223
      k =   73 ; sb/Sb = 0.240925147041219 ; sb = 949.861084281787
      k =   74 ; sb/Sb = 0.335998804143874 ; sb = 1324.69438056161
      k =   75 ; sb/Sb = 0.413307775486637 ; sb = 1629.48939364418
      Creating new point: f = 0.772853486064919
    i = 62 ; sf/Sf = 0.529448276569863 ; sf = 2108.08890214488
      k =   69 ; sb/Sb = 0 ; sb = 0
      k =   70 ; sb/Sb = 0.0489865048053502 ; sb = 193.13207915828
      k =   71 ; sb/Sb = 0.0898851302072264 ; sb = 354.377234124251
      k =   72 ; sb/Sb = 0.163616175698456 ; sb = 645.066071199223
      k =   73 ; sb/Sb = 0.240925147041219 ; sb = 949.861084281787
      k =   74 ; sb/Sb = 0.335998804143874 ; sb = 1324.69438056161
      k =   75 ; sb/Sb = 0.413307775486637 ; sb = 1629.48939364418
      k =   76 ; sb/Sb = 0.520949065554321 ; sb = 2053.87129712264
      k =   77 ; sb/Sb = 0.64759264500968 ; sb = 2553.17080643543
      Creating new point: f = 0.0671112665331672
    i = 61 ; sf/Sf = 0.644100762140016 ; sf = 2564.59739056542
      k =   69 ; sb/Sb = 0 ; sb = 0
      k =   70 ; sb/Sb = 0.0489865048053502 ; sb = 193.13207915828
      k =   71 ; sb/Sb = 0.0898851302072264 ; sb = 354.377234124251
      k =   72 ; sb/Sb = 0.163616175698456 ; sb = 645.066071199223
      k =   73 ; sb/Sb = 0.240925147041219 ; sb = 949.861084281787
      k =   74 ; sb/Sb = 0.335998804143874 ; sb = 1324.69438056161
      k =   75 ; sb/Sb = 0.413307775486637 ; sb = 1629.48939364418
      k =   76 ; sb/Sb = 0.520949065554321 ; sb = 2053.87129712264
      k =   77 ; sb/Sb = 0.64759264500968 ; sb = 2553.17080643543
      Creating new point: f = 0.972427478087078
    i = 60 ; sf/Sf = 0.742563419090069 ; sf = 2956.64330624367
      k =   69 ; sb/Sb = 0 ; sb = 0
      k =   70 ; sb/Sb = 0.0489865048053502 ; sb = 193.13207915828
      k =   71 ; sb/Sb = 0.0898851302072264 ; sb = 354.377234124251
      k =   72 ; sb/Sb = 0.163616175698456 ; sb = 645.066071199223
      k =   73 ; sb/Sb = 0.240925147041219 ; sb = 949.861084281787
      k =   74 ; sb/Sb = 0.335998804143874 ; sb = 1324.69438056161
      k =   75 ; sb/Sb = 0.413307775486637 ; sb = 1629.48939364418
      k =   76 ; sb/Sb = 0.520949065554321 ; sb = 2053.87129712264
      k =   77 ; sb/Sb = 0.64759264500968 ; sb = 2553.17080643543
      k =   78 ; sb/Sb = 0.782620062230838 ; sb = 3085.52407260368
      Creating new point: f = 0.703344372830881
    i = 59 ; sf/Sf = 0.819112939472944 ; sf = 3261.43831932623
      k =   69 ; sb/Sb = 0 ; sb = 0
      k =   70 ; sb/Sb = 0.0489865048053502 ; sb = 193.13207915828
      k =   71 ; sb/Sb = 0.0898851302072264 ; sb = 354.377234124251
      k =   72 ; sb/Sb = 0.163616175698456 ; sb = 645.066071199223
      k =   73 ; sb/Sb = 0.240925147041219 ; sb = 949.861084281787
      k =   74 ; sb/Sb = 0.335998804143874 ; sb = 1324.69438056161
      k =   75 ; sb/Sb = 0.413307775486637 ; sb = 1629.48939364418
      k =   76 ; sb/Sb = 0.520949065554321 ; sb = 2053.87129712264
      k =   77 ; sb/Sb = 0.64759264500968 ; sb = 2553.17080643543
      k =   78 ; sb/Sb = 0.782620062230838 ; sb = 3085.52407260368
      k =  285 ; sb/Sb = 0.857541267529708 ; sb = 3380.90518235852
      Creating new point: f = 0.487083424466162
    i = 58 ; sf/Sf = 0.944235466090726 ; sf = 3759.63506760948
      k =   69 ; sb/Sb = 0 ; sb = 0
      k =   70 ; sb/Sb = 0.0489865048053502 ; sb = 193.13207915828
      k =   71 ; sb/Sb = 0.0898851302072264 ; sb = 354.377234124251
      k =   72 ; sb/Sb = 0.163616175698456 ; sb = 645.066071199223
      k =   73 ; sb/Sb = 0.240925147041219 ; sb = 949.861084281787
      k =   74 ; sb/Sb = 0.335998804143874 ; sb = 1324.69438056161
      k =   75 ; sb/Sb = 0.413307775486637 ; sb = 1629.48939364418
      k =   76 ; sb/Sb = 0.520949065554321 ; sb = 2053.87129712264
      k =   77 ; sb/Sb = 0.64759264500968 ; sb = 2553.17080643543
      k =   78 ; sb/Sb = 0.782620062230838 ; sb = 3085.52407260368
      k =  285 ; sb/Sb = 0.857541267529708 ; sb = 3380.90518235852
      k =   79 ; sb/Sb = 0.932462472828578 ; sb = 3676.28629211336
      k =   80 ; sb/Sb = 1 ; sb = 3942.55683122724
      Creating new point: f = 0.174317801601864
Tear 3 : Sf = 3160.3997007726 ; Sb = 3002.61759994238
  Forwards path
    i = 4 ; sf/Sf = 0.031323553581503 ; sf = 98.9949493661167
      k =    5 ; sb/Sb = 0 ; sb = 0
      k =    6 ; sb/Sb = 0.0909029778831514 ; sb = 272.946881279124
      Creating new point: f = 0.34458226023978
    i = 3 ; sf/Sf = 0.0950009795494221 ; sf = 300.241067341098
      k =    5 ; sb/Sb = 0 ; sb = 0
      k =    6 ; sb/Sb = 0.0909029778831514 ; sb = 272.946881279124
      k =    7 ; sb/Sb = 0.164474524372449 ; sb = 493.854101622869
      Creating new point: f = 0.0557009042465459
    i = 2 ; sf/Sf = 0.140304809504146 ; sf = 443.419277973861
      k =    5 ; sb/Sb = 0 ; sb = 0
      k =    6 ; sb/Sb = 0.0909029778831514 ; sb = 272.946881279124
      k =    7 ; sb/Sb = 0.164474524372449 ; sb = 493.854101622869
      Creating new point: f = 0.671480130272662
    i = 1 ; sf/Sf = 0.176381747013677 ; sf = 557.436820483775
      k =    5 ; sb/Sb = 0 ; sb = 0
      k =    6 ; sb/Sb = 0.0909029778831514 ; sb = 272.946881279124
      k =    7 ; sb/Sb = 0.164474524372449 ; sb = 493.854101622869
      k =    8 ; sb/Sb = 0.255924932296585 ; sb = 768.444705977788
      Creating new point: f = 0.130204150112769
    i = 126 ; sf/Sf = 0.237818557788596 ; sf = 751.601698873251
      k =    5 ; sb/Sb = 0 ; sb = 0
      k =    6 ; sb/Sb = 0.0909029778831514 ; sb = 272.946881279124
      k =    7 ; sb/Sb = 0.164474524372449 ; sb = 493.854101622869
      k =    8 ; sb/Sb = 0.255924932296585 ; sb = 768.444705977788
      Creating new point: f = 0.802008816373906
    i = 125 ; sf/Sf = 0.301495983756515 ; sf = 952.847816848232
      k =    5 ; sb/Sb = 0 ; sb = 0
      k =    6 ; sb/Sb = 0.0909029778831514 ; sb = 272.946881279124
      k =    7 ; sb/Sb = 0.164474524372449 ; sb = 493.854101622869
      k =    8 ; sb/Sb = 0.255924932296585 ; sb = 768.444705977788
      k =    9 ; sb/Sb = 0.341290485460745 ; sb = 1024.76481833731
      Creating new point: f = 0.533834196239504
    i = 124 ; sf/Sf = 0.417582163130344 ; sf = 1319.72654340512
      k =    5 ; sb/Sb = 0 ; sb = 0
      k =    6 ; sb/Sb = 0.0909029778831514 ; sb = 272.946881279124
      k =    7 ; sb/Sb = 0.164474524372449 ; sb = 493.854101622869
      k =    8 ; sb/Sb = 0.255924932296585 ; sb = 768.444705977788
      k =    9 ; sb/Sb = 0.341290485460745 ; sb = 1024.76481833731
      k =   10 ; sb/Sb = 0.432740893384881 ; sb = 1299.35542269223
      Creating new point: f = 0.834240977174074
    i = 123 ; sf/Sf = 0.523899712852326 ; sf = 1655.73249573334
      k =    5 ; sb/Sb = 0 ; sb = 0
      k =    6 ; sb/Sb = 0.0909029778831514 ; sb = 272.946881279124
      k =    7 ; sb/Sb = 0.164474524372449 ; sb = 493.854101622869
      k =    8 ; sb/Sb = 0.255924932296585 ; sb = 768.444705977788
      k =    9 ; sb/Sb = 0.341290485460745 ; sb = 1024.76481833731
      k =   10 ; sb/Sb = 0.432740893384881 ; sb = 1299.35542269223
      k =   11 ; sb/Sb = 0.500176908985753 ; sb = 1501.8399900054
      k =   12 ; sb/Sb = 0.601467904722521 ; sb = 1805.97811652031
      Creating new point: f = 0.234204468956188
    i = 122 ; sf/Sf = 0.549409960009759 ; sf = 1736.35507321633
      k =    5 ; sb/Sb = 0 ; sb = 0
      k =    6 ; sb/Sb = 0.0909029778831514 ; sb = 272.946881279124
      k =    7 ; sb/Sb = 0.164474524372449 ; sb = 493.854101622869
      k =    8 ; sb/Sb = 0.255924932296585 ; sb = 768.444705977788
      k =    9 ; sb/Sb = 0.341290485460745 ; sb = 1024.76481833731
      k =   10 ; sb/Sb = 0.432740893384881 ; sb = 1299.35542269223
      k =   11 ; sb/Sb = 0.500176908985753 ; sb = 1501.8399900054
      k =   12 ; sb/Sb = 0.601467904722521 ; sb = 1805.97811652031
      Creating new point: f = 0.486055553762657
    i = 121 ; sf/Sf = 0.673459432480729 ; sf = 2128.40098889458
      k =    5 ; sb/Sb = 0 ; sb = 0
      k =    6 ; sb/Sb = 0.0909029778831514 ; sb = 272.946881279124
      k =    7 ; sb/Sb = 0.164474524372449 ; sb = 493.854101622869
      k =    8 ; sb/Sb = 0.255924932296585 ; sb = 768.444705977788
      k =    9 ; sb/Sb = 0.341290485460745 ; sb = 1024.76481833731
      k =   10 ; sb/Sb = 0.432740893384881 ; sb = 1299.35542269223
      k =   11 ; sb/Sb = 0.500176908985753 ; sb = 1501.8399900054
      k =   12 ; sb/Sb = 0.601467904722521 ; sb = 1805.97811652031
      k =   13 ; sb/Sb = 0.695253592521054 ; sb = 2087.58067332689
      Creating new point: f = 0.767617420611741
    i = 120 ; sf/Sf = 0.740207391938427 ; sf = 2339.35121999187
      k =    5 ; sb/Sb = 0 ; sb = 0
      k =    6 ; sb/Sb = 0.0909029778831514 ; sb = 272.946881279124
      k =    7 ; sb/Sb = 0.164474524372449 ; sb = 493.854101622869
      k =    8 ; sb/Sb = 0.255924932296585 ; sb = 768.444705977788
      k =    9 ; sb/Sb = 0.341290485460745 ; sb = 1024.76481833731
      k =   10 ; sb/Sb = 0.432740893384881 ; sb = 1299.35542269223
      k =   11 ; sb/Sb = 0.500176908985753 ; sb = 1501.8399900054
      k =   12 ; sb/Sb = 0.601467904722521 ; sb = 1805.97811652031
      k =   13 ; sb/Sb = 0.695253592521054 ; sb = 2087.58067332689
      k =   14 ; sb/Sb = 0.805962129891337 ; sb = 2419.99607609878
      Creating new point: f = 0.406055399928348
    i = 119 ; sf/Sf = 0.830870283587177 ; sf = 2625.88219562976
      k =    5 ; sb/Sb = 0 ; sb = 0
      k =    6 ; sb/Sb = 0.0909029778831514 ; sb = 272.946881279124
      k =    7 ; sb/Sb = 0.164474524372449 ; sb = 493.854101622869
      k =    8 ; sb/Sb = 0.255924932296585 ; sb = 768.444705977788
      k =    9 ; sb/Sb = 0.341290485460745 ; sb = 1024.76481833731
      k =   10 ; sb/Sb = 0.432740893384881 ; sb = 1299.35542269223
      k =   11 ; sb/Sb = 0.500176908985753 ; sb = 1501.8399900054
      k =   12 ; sb/Sb = 0.601467904722521 ; sb = 1805.97811652031
      k =   13 ; sb/Sb = 0.695253592521054 ; sb = 2087.58067332689
      k =   14 ; sb/Sb = 0.805962129891337 ; sb = 2419.99607609878
      k =   15 ; sb/Sb = 0.891262692141498 ; sb = 2676.12104559609
      Creating new point: f = 0.292004566427019
    i = 118 ; sf/Sf = 0.913925630954779 ; sf = 2888.37029059789
      k =    5 ; sb/Sb = 0 ; sb = 0
      k =    6 ; sb/Sb = 0.0909029778831514 ; sb = 272.946881279124
      k =    7 ; sb/Sb = 0.164474524372449 ; sb = 493.854101622869
      k =    8 ; sb/Sb = 0.255924932296585 ; sb = 768.444705977788
      k =    9 ; sb/Sb = 0.341290485460745 ; sb = 1024.76481833731
      k =   10 ; sb/Sb = 0.432740893384881 ; sb = 1299.35542269223
      k =   11 ; sb/Sb = 0.500176908985753 ; sb = 1501.8399900054
      k =   12 ; sb/Sb = 0.601467904722521 ; sb = 1805.97811652031
      k =   13 ; sb/Sb = 0.695253592521054 ; sb = 2087.58067332689
      k =   14 ; sb/Sb = 0.805962129891337 ; sb = 2419.99607609878
      k =   15 ; sb/Sb = 0.891262692141498 ; sb = 2676.12104559609
      k =   16 ; sb/Sb = 1 ; sb = 3002.61759994238
      Creating new point: f = 0.208419164126917
Tear 4 : Sf = 1586.56774480515 ; Sb = 1543.51340241732
  Forwards path
    i = 33 ; sf/Sf = 0.107334757193226 ; sf = 170.293863659264
      k =   34 ; sb/Sb = 0 ; sb = 0
      k =   35 ; sb/Sb = 0.0971808860001361 ; sb = 150
      k =   36 ; sb/Sb = 0.227401661607029 ; sb = 350.997512422418
      Creating new point: f = 0.0779742798011118
    i = 32 ; sf/Sf = 0.200396166695451 ; sf = 317.942094261598
      k =   34 ; sb/Sb = 0 ; sb = 0
      k =   35 ; sb/Sb = 0.0971808860001361 ; sb = 150
      k =   36 ; sb/Sb = 0.227401661607029 ; sb = 350.997512422418
      Creating new point: f = 0.79261761584725
    i = 31 ; sf/Sf = 0.274169883254634 ; sf = 434.989093368794
      k =   34 ; sb/Sb = 0 ; sb = 0
      k =   35 ; sb/Sb = 0.0971808860001361 ; sb = 150
      k =   36 ; sb/Sb = 0.227401661607029 ; sb = 350.997512422418
      k =   37 ; sb/Sb = 0.4028065055103 ; sb = 621.737239836036
      Creating new point: f = 0.266630160301591
    i = 30 ; sf/Sf = 0.40772623576336 ; sf = 646.885294372965
      k =   34 ; sb/Sb = 0 ; sb = 0
      k =   35 ; sb/Sb = 0.0971808860001361 ; sb = 150
      k =   36 ; sb/Sb = 0.227401661607029 ; sb = 350.997512422418
      k =   37 ; sb/Sb = 0.4028065055103 ; sb = 621.737239836036
      k =   38 ; sb/Sb = 0.548973220422032 ; sb = 847.347523289605
      Creating new point: f = 0.0336583486605054
    i = 29 ; sf/Sf = 0.517801895966056 ; sf = 821.527786338695
      k =   34 ; sb/Sb = 0 ; sb = 0
      k =   35 ; sb/Sb = 0.0971808860001361 ; sb = 150
      k =   36 ; sb/Sb = 0.227401661607029 ; sb = 350.997512422418
      k =   37 ; sb/Sb = 0.4028065055103 ; sb = 621.737239836036
      k =   38 ; sb/Sb = 0.548973220422032 ; sb = 847.347523289605
      Creating new point: f = 0.786741294180421
    i = 28 ; sf/Sf = 0.675374745167465 ; sf = 1071.5277863387
      k =   34 ; sb/Sb = 0 ; sb = 0
      k =   35 ; sb/Sb = 0.0971808860001361 ; sb = 150
      k =   36 ; sb/Sb = 0.227401661607029 ; sb = 350.997512422418
      k =   37 ; sb/Sb = 0.4028065055103 ; sb = 621.737239836036
      k =   38 ; sb/Sb = 0.548973220422032 ; sb = 847.347523289605
      k =   39 ; sb/Sb = 0.655823102493944 ; sb = 1012.27174831431
      k =   40 ; sb/Sb = 0.763065095542549 ; sb = 1177.80120188678
      Creating new point: f = 0.182313309532208
    i = 27 ; sf/Sf = 0.844968815022024 ; sf = 1340.60026728017
      k =   34 ; sb/Sb = 0 ; sb = 0
      k =   35 ; sb/Sb = 0.0971808860001361 ; sb = 150
      k =   36 ; sb/Sb = 0.227401661607029 ; sb = 350.997512422418
      k =   37 ; sb/Sb = 0.4028065055103 ; sb = 621.737239836036
      k =   38 ; sb/Sb = 0.548973220422032 ; sb = 847.347523289605
      k =   39 ; sb/Sb = 0.655823102493944 ; sb = 1012.27174831431
      k =   40 ; sb/Sb = 0.763065095542549 ; sb = 1177.80120188678
      k =   41 ; sb/Sb = 0.835499451279203 ; sb = 1289.60460076177
      k =   42 ; sb/Sb = 0.952834164718758 ; sb = 1470.71230352452
      Creating new point: f = 0.0807038553658595
Tear 1 : Sf = 1633.45142755879 ; Sb = 1643.70863796003
  Backwards path
    i = 99 ; sf/Sf = 0.107091373452587 ; sf = 174.928556845359
      k =   98 ; sb/Sb = 0 ; sb = 0
      k =   97 ; sb/Sb = 0.0800199386570708 ; sb = 131.529464379659
      k =   96 ; sb/Sb = 0.18362337525555 ; sb = 301.823328038923
      Creating new point: f = 0.261298617925511
    i = 100 ; sf/Sf = 0.260630511408167 ; sf = 425.727280925048
      k =   98 ; sb/Sb = 0 ; sb = 0
      k =   97 ; sb/Sb = 0.0800199386570708 ; sb = 131.529464379659
      k =   96 ; sb/Sb = 0.18362337525555 ; sb = 301.823328038923
      k =   95 ; sb/Sb = 0.35233240681567 ; sb = 579.131820516164
      Creating new point: f = 0.456449399540154
    i = 101 ; sf/Sf = 0.470035346935443 ; sf = 767.779908454789
      k =   98 ; sb/Sb = 0 ; sb = 0
      k =   97 ; sb/Sb = 0.0800199386570708 ; sb = 131.529464379659
      k =   96 ; sb/Sb = 0.18362337525555 ; sb = 301.823328038923
      k =   95 ; sb/Sb = 0.35233240681567 ; sb = 579.131820516164
      k =   94 ; sb/Sb = 0.541028408784942 ; sb = 889.293068901581
      Creating new point: f = 0.623770185331959
    i = 102 ; sf/Sf = 0.672802259771401 ; sf = 1098.98981168837
      k =   98 ; sb/Sb = 0 ; sb = 0
      k =   97 ; sb/Sb = 0.0800199386570708 ; sb = 131.529464379659
      k =   96 ; sb/Sb = 0.18362337525555 ; sb = 301.823328038923
      k =   95 ; sb/Sb = 0.35233240681567 ; sb = 579.131820516164
      k =   94 ; sb/Sb = 0.541028408784942 ; sb = 889.293068901581
      k =   93 ; sb/Sb = 0.70164542420474 ; sb = 1153.30064455046
      Creating new point: f = 0.820422734428518
    i = 103 ; sf/Sf = 0.809694483180922 ; sf = 1322.59660943835
      k =   98 ; sb/Sb = 0 ; sb = 0
      k =   97 ; sb/Sb = 0.0800199386570708 ; sb = 131.529464379659
      k =   96 ; sb/Sb = 0.18362337525555 ; sb = 301.823328038923
      k =   95 ; sb/Sb = 0.35233240681567 ; sb = 579.131820516164
      k =   94 ; sb/Sb = 0.541028408784942 ; sb = 889.293068901581
      k =   93 ; sb/Sb = 0.70164542420474 ; sb = 1153.30064455046
      k =   92 ; sb/Sb = 1 ; sb = 1643.70863796003
      Creating new point: f = 0.362149830242013
    i = 104 ; sf/Sf = 0.922079580411033 ; sf = 1506.17220694521
      k =   98 ; sb/Sb = 0 ; sb = 0
      k =   97 ; sb/Sb = 0.0800199386570708 ; sb = 131.529464379659
      k =   96 ; sb/Sb = 0.18362337525555 ; sb = 301.823328038923
      k =   95 ; sb/Sb = 0.35233240681567 ; sb = 579.131820516164
      k =   94 ; sb/Sb = 0.541028408784942 ; sb = 889.293068901581
      k =   93 ; sb/Sb = 0.70164542420474 ; sb = 1153.30064455046
      k =   92 ; sb/Sb = 1 ; sb = 1643.70863796003
      Creating new point: f = 0.738832832104981
Tear 2 : Sf = 3942.55683122724 ; Sb = 3981.67110072122
  Backwards path
    i = 70 ; sf/Sf = 0.0489865048053502 ; sf = 193.13207915828
      k =   69 ; sb/Sb = 0 ; sb = 0
      k =   68 ; sb/Sb = 0.0469188469356133 ; sb = 186.815416922694
      k =   67 ; sb/Sb = 0.103077879686831 ; sb = 410.422214672673
      Creating new point: f = 0.0368179038783761
    i = 71 ; sf/Sf = 0.0898851302072264 ; sf = 354.377234124251
      k =   69 ; sb/Sb = 0 ; sb = 0
      k =   68 ; sb/Sb = 0.0469188469356133 ; sb = 186.815416922694
      k =   67 ; sb/Sb = 0.103077879686831 ; sb = 410.422214672673
      Creating new point: f = 0.765082323656681
    i = 72 ; sf/Sf = 0.163616175698456 ; sf = 645.066071199223
      k =   69 ; sb/Sb = 0 ; sb = 0
      k =   68 ; sb/Sb = 0.0469188469356133 ; sb = 186.815416922694
      k =   67 ; sb/Sb = 0.103077879686831 ; sb = 410.422214672673
      k =   66 ; sb/Sb = 0.142389202612683 ; sb = 566.946973097658
      k =   65 ; sb/Sb = 0.199660403385274 ; sb = 794.982058117486
      Creating new point: f = 0.370639567521199
    i = 73 ; sf/Sf = 0.240925147041219 ; sf = 949.861084281787
      k =   69 ; sb/Sb = 0 ; sb = 0
      k =   68 ; sb/Sb = 0.0469188469356133 ; sb = 186.815416922694
      k =   67 ; sb/Sb = 0.103077879686831 ; sb = 410.422214672673
      k =   66 ; sb/Sb = 0.142389202612683 ; sb = 566.946973097658
      k =   65 ; sb/Sb = 0.199660403385274 ; sb = 794.982058117486
      k =   64 ; sb/Sb = 0.288455630728193 ; sb = 1148.53544871076
      Creating new point: f = 0.464718035988405
    i = 74 ; sf/Sf = 0.335998804143874 ; sf = 1324.69438056161
      k =   69 ; sb/Sb = 0 ; sb = 0
      k =   68 ; sb/Sb = 0.0469188469356133 ; sb = 186.815416922694
      k =   67 ; sb/Sb = 0.103077879686831 ; sb = 410.422214672673
      k =   66 ; sb/Sb = 0.142389202612683 ; sb = 566.946973097658
      k =   65 ; sb/Sb = 0.199660403385274 ; sb = 794.982058117486
      k =   64 ; sb/Sb = 0.288455630728193 ; sb = 1148.53544871076
      k =   63 ; sb/Sb = 0.395747312150221 ; sb = 1575.73563597664
      Creating new point: f = 0.443120778661964
    i = 75 ; sf/Sf = 0.413307775486637 ; sf = 1629.48939364418
      k =   69 ; sb/Sb = 0 ; sb = 0
      k =   68 ; sb/Sb = 0.0469188469356133 ; sb = 186.815416922694
      k =   67 ; sb/Sb = 0.103077879686831 ; sb = 410.422214672673
      k =   66 ; sb/Sb = 0.142389202612683 ; sb = 566.946973097658
      k =   65 ; sb/Sb = 0.199660403385274 ; sb = 794.982058117486
      k =   64 ; sb/Sb = 0.288455630728193 ; sb = 1148.53544871076
      k =   63 ; sb/Sb = 0.395747312150221 ; sb = 1575.73563597664
      k =   62 ; sb/Sb = 0.529448276569863 ; sb = 2108.08890214488
      Creating new point: f = 0.131341336336958
    i = 76 ; sf/Sf = 0.520949065554321 ; sf = 2053.87129712264
      k =   69 ; sb/Sb = 0 ; sb = 0
      k =   68 ; sb/Sb = 0.0469188469356133 ; sb = 186.815416922694
      k =   67 ; sb/Sb = 0.103077879686831 ; sb = 410.422214672673
      k =   66 ; sb/Sb = 0.142389202612683 ; sb = 566.946973097658
      k =   65 ; sb/Sb = 0.199660403385274 ; sb = 794.982058117486
      k =   64 ; sb/Sb = 0.288455630728193 ; sb = 1148.53544871076
      k =   63 ; sb/Sb = 0.395747312150221 ; sb = 1575.73563597664
      k =   62 ; sb/Sb = 0.529448276569863 ; sb = 2108.08890214488
      Creating new point: f = 0.936431191409608
    i = 77 ; sf/Sf = 0.64759264500968 ; sf = 2553.17080643543
      k =   69 ; sb/Sb = 0 ; sb = 0
      k =   68 ; sb/Sb = 0.0469188469356133 ; sb = 186.815416922694
      k =   67 ; sb/Sb = 0.103077879686831 ; sb = 410.422214672673
      k =   66 ; sb/Sb = 0.142389202612683 ; sb = 566.946973097658
      k =   65 ; sb/Sb = 0.199660403385274 ; sb = 794.982058117486
      k =   64 ; sb/Sb = 0.288455630728193 ; sb = 1148.53544871076
      k =   63 ; sb/Sb = 0.395747312150221 ; sb = 1575.73563597664
      k =   62 ; sb/Sb = 0.529448276569863 ; sb = 2108.08890214488
      k =   61 ; sb/Sb = 0.644100762140016 ; sb = 2564.59739056542
      k =   60 ; sb/Sb = 0.742563419090069 ; sb = 2956.64330624367
      Creating new point: f = 0.035464032536064
    i = 78 ; sf/Sf = 0.782620062230838 ; sf = 3085.52407260368
      k =   69 ; sb/Sb = 0 ; sb = 0
      k =   68 ; sb/Sb = 0.0469188469356133 ; sb = 186.815416922694
      k =   67 ; sb/Sb = 0.103077879686831 ; sb = 410.422214672673
      k =   66 ; sb/Sb = 0.142389202612683 ; sb = 566.946973097658
      k =   65 ; sb/Sb = 0.199660403385274 ; sb = 794.982058117486
      k =   64 ; sb/Sb = 0.288455630728193 ; sb = 1148.53544871076
      k =   63 ; sb/Sb = 0.395747312150221 ; sb = 1575.73563597664
      k =   62 ; sb/Sb = 0.529448276569863 ; sb = 2108.08890214488
      k =   61 ; sb/Sb = 0.644100762140016 ; sb = 2564.59739056542
      k =   60 ; sb/Sb = 0.742563419090069 ; sb = 2956.64330624367
      k =   59 ; sb/Sb = 0.819112939472944 ; sb = 3261.43831932623
      Creating new point: f = 0.523277519446485
    i = 285 ; sf/Sf = 0.857541267529708 ; sf = 3380.90518235852
      k =   69 ; sb/Sb = 0 ; sb = 0
      k =   68 ; sb/Sb = 0.0469188469356133 ; sb = 186.815416922694
      k =   67 ; sb/Sb = 0.103077879686831 ; sb = 410.422214672673
      k =   66 ; sb/Sb = 0.142389202612683 ; sb = 566.946973097658
      k =   65 ; sb/Sb = 0.199660403385274 ; sb = 794.982058117486
      k =   64 ; sb/Sb = 0.288455630728193 ; sb = 1148.53544871076
      k =   63 ; sb/Sb = 0.395747312150221 ; sb = 1575.73563597664
      k =   62 ; sb/Sb = 0.529448276569863 ; sb = 2108.08890214488
      k =   61 ; sb/Sb = 0.644100762140016 ; sb = 2564.59739056542
      k =   60 ; sb/Sb = 0.742563419090069 ; sb = 2956.64330624367
      k =   59 ; sb/Sb = 0.819112939472944 ; sb = 3261.43831932623
      k =   58 ; sb/Sb = 0.944235466090726 ; sb = 3759.63506760948
      Creating new point: f = 0.307125575989628
    i = 79 ; sf/Sf = 0.932462472828578 ; sf = 3676.28629211336
      k =   69 ; sb/Sb = 0 ; sb = 0
      k =   68 ; sb/Sb = 0.0469188469356133 ; sb = 186.815416922694
      k =   67 ; sb/Sb = 0.103077879686831 ; sb = 410.422214672673
      k =   66 ; sb/Sb = 0.142389202612683 ; sb = 566.946973097658
      k =   65 ; sb/Sb = 0.199660403385274 ; sb = 794.982058117486
      k =   64 ; sb/Sb = 0.288455630728193 ; sb = 1148.53544871076
      k =   63 ; sb/Sb = 0.395747312150221 ; sb = 1575.73563597664
      k =   62 ; sb/Sb = 0.529448276569863 ; sb = 2108.08890214488
      k =   61 ; sb/Sb = 0.644100762140016 ; sb = 2564.59739056542
      k =   60 ; sb/Sb = 0.742563419090069 ; sb = 2956.64330624367
      k =   59 ; sb/Sb = 0.819112939472944 ; sb = 3261.43831932623
      k =   58 ; sb/Sb = 0.944235466090726 ; sb = 3759.63506760948
      Creating new point: f = 0.90590828382077
Tear 3 : Sf = 3002.61759994238 ; Sb = 3160.3997007726
  Backwards path
    i = 6 ; sf/Sf = 0.0909029778831514 ; sf = 272.946881279124
      k =    5 ; sb/Sb = 0 ; sb = 0
      k =    4 ; sb/Sb = 0.031323553581503 ; sb = 98.9949493661167
      k =    3 ; sb/Sb = 0.0950009795494221 ; sb = 300.241067341098
      Creating new point: f = 0.935644357415841
    i = 7 ; sf/Sf = 0.164474524372449 ; sf = 493.854101622869
      k =    5 ; sb/Sb = 0 ; sb = 0
      k =    4 ; sb/Sb = 0.031323553581503 ; sb = 98.9949493661167
      k =    3 ; sb/Sb = 0.0950009795494221 ; sb = 300.241067341098
      k =    2 ; sb/Sb = 0.140304809504146 ; sb = 443.419277973861
      k =    1 ; sb/Sb = 0.176381747013677 ; sb = 557.436820483775
      Creating new point: f = 0.669949184625709
    i = 8 ; sf/Sf = 0.255924932296585 ; sf = 768.444705977788
      k =    5 ; sb/Sb = 0 ; sb = 0
      k =    4 ; sb/Sb = 0.031323553581503 ; sb = 98.9949493661167
      k =    3 ; sb/Sb = 0.0950009795494221 ; sb = 300.241067341098
      k =    2 ; sb/Sb = 0.140304809504146 ; sb = 443.419277973861
      k =    1 ; sb/Sb = 0.176381747013677 ; sb = 557.436820483775
      k =  126 ; sb/Sb = 0.237818557788596 ; sb = 751.601698873251
      k =  125 ; sb/Sb = 0.301495983756515 ; sb = 952.847816848232
      Creating new point: f = 0.284345264161757
    i = 9 ; sf/Sf = 0.341290485460745 ; sf = 1024.76481833731
      k =    5 ; sb/Sb = 0 ; sb = 0
      k =    4 ; sb/Sb = 0.031323553581503 ; sb = 98.9949493661167
      k =    3 ; sb/Sb = 0.0950009795494221 ; sb = 300.241067341098
      k =    2 ; sb/Sb = 0.140304809504146 ; sb = 443.419277973861
      k =    1 ; sb/Sb = 0.176381747013677 ; sb = 557.436820483775
      k =  126 ; sb/Sb = 0.237818557788596 ; sb = 751.601698873251
      k =  125 ; sb/Sb = 0.301495983756515 ; sb = 952.847816848232
      k =  124 ; sb/Sb = 0.417582163130344 ; sb = 1319.72654340512
      Creating new point: f = 0.342801373246002
    i = 10 ; sf/Sf = 0.432740893384881 ; sf = 1299.35542269223
      k =    5 ; sb/Sb = 0 ; sb = 0
      k =    4 ; sb/Sb = 0.031323553581503 ; sb = 98.9949493661167
      k =    3 ; sb/Sb = 0.0950009795494221 ; sb = 300.241067341098
      k =    2 ; sb/Sb = 0.140304809504146 ; sb = 443.419277973861
      k =    1 ; sb/Sb = 0.176381747013677 ; sb = 557.436820483775
      k =  126 ; sb/Sb = 0.237818557788596 ; sb = 751.601698873251
      k =  125 ; sb/Sb = 0.301495983756515 ; sb = 952.847816848232
      k =  124 ; sb/Sb = 0.417582163130344 ; sb = 1319.72654340512
      k =  123 ; sb/Sb = 0.523899712852326 ; sb = 1655.73249573334
      Creating new point: f = 0.142579755592344
    i = 11 ; sf/Sf = 0.500176908985753 ; sf = 1501.8399900054
      k =    5 ; sb/Sb = 0 ; sb = 0
      k =    4 ; sb/Sb = 0.031323553581503 ; sb = 98.9949493661167
      k =    3 ; sb/Sb = 0.0950009795494221 ; sb = 300.241067341098
      k =    2 ; sb/Sb = 0.140304809504146 ; sb = 443.419277973861
      k =    1 ; sb/Sb = 0.176381747013677 ; sb = 557.436820483775
      k =  126 ; sb/Sb = 0.237818557788596 ; sb = 751.601698873251
      k =  125 ; sb/Sb = 0.301495983756515 ; sb = 952.847816848232
      k =  124 ; sb/Sb = 0.417582163130344 ; sb = 1319.72654340512
      k =  123 ; sb/Sb = 0.523899712852326 ; sb = 1655.73249573334
      Creating new point: f = 0.776868410449563
    i = 12 ; sf/Sf = 0.601467904722521 ; sf = 1805.97811652031
      k =    5 ; sb/Sb = 0 ; sb = 0
      k =    4 ; sb/Sb = 0.031323553581503 ; sb = 98.9949493661167
      k =    3 ; sb/Sb = 0.0950009795494221 ; sb = 300.241067341098
      k =    2 ; sb/Sb = 0.140304809504146 ; sb = 443.419277973861
      k =    1 ; sb/Sb = 0.176381747013677 ; sb = 557.436820483775
      k =  126 ; sb/Sb = 0.237818557788596 ; sb = 751.601698873251
      k =  125 ; sb/Sb = 0.301495983756515 ; sb = 952.847816848232
      k =  124 ; sb/Sb = 0.417582163130344 ; sb = 1319.72654340512
      k =  123 ; sb/Sb = 0.523899712852326 ; sb = 1655.73249573334
      k =  122 ; sb/Sb = 0.549409960009759 ; sb = 1736.35507321633
      k =  121 ; sb/Sb = 0.673459432480729 ; sb = 2128.40098889458
      Creating new point: f = 0.419654704496588
    i = 13 ; sf/Sf = 0.695253592521054 ; sf = 2087.58067332689
      k =    5 ; sb/Sb = 0 ; sb = 0
      k =    4 ; sb/Sb = 0.031323553581503 ; sb = 98.9949493661167
      k =    3 ; sb/Sb = 0.0950009795494221 ; sb = 300.241067341098
      k =    2 ; sb/Sb = 0.140304809504146 ; sb = 443.419277973861
      k =    1 ; sb/Sb = 0.176381747013677 ; sb = 557.436820483775
      k =  126 ; sb/Sb = 0.237818557788596 ; sb = 751.601698873251
      k =  125 ; sb/Sb = 0.301495983756515 ; sb = 952.847816848232
      k =  124 ; sb/Sb = 0.417582163130344 ; sb = 1319.72654340512
      k =  123 ; sb/Sb = 0.523899712852326 ; sb = 1655.73249573334
      k =  122 ; sb/Sb = 0.549409960009759 ; sb = 1736.35507321633
      k =  121 ; sb/Sb = 0.673459432480729 ; sb = 2128.40098889458
      k =  120 ; sb/Sb = 0.740207391938427 ; sb = 2339.35121999187
      Creating new point: f = 0.326514251782289
    i = 14 ; sf/Sf = 0.805962129891337 ; sf = 2419.99607609878
      k =    5 ; sb/Sb = 0 ; sb = 0
      k =    4 ; sb/Sb = 0.031323553581503 ; sb = 98.9949493661167
      k =    3 ; sb/Sb = 0.0950009795494221 ; sb = 300.241067341098
      k =    2 ; sb/Sb = 0.140304809504146 ; sb = 443.419277973861
      k =    1 ; sb/Sb = 0.176381747013677 ; sb = 557.436820483775
      k =  126 ; sb/Sb = 0.237818557788596 ; sb = 751.601698873251
      k =  125 ; sb/Sb = 0.301495983756515 ; sb = 952.847816848232
      k =  124 ; sb/Sb = 0.417582163130344 ; sb = 1319.72654340512
      k =  123 ; sb/Sb = 0.523899712852326 ; sb = 1655.73249573334
      k =  122 ; sb/Sb = 0.549409960009759 ; sb = 1736.35507321633
      k =  121 ; sb/Sb = 0.673459432480729 ; sb = 2128.40098889458
      k =  120 ; sb/Sb = 0.740207391938427 ; sb = 2339.35121999187
      k =  119 ; sb/Sb = 0.830870283587176 ; sb = 2625.88219562976
      Creating new point: f = 0.725266277714379
    i = 15 ; sf/Sf = 0.891262692141498 ; sf = 2676.12104559609
      k =    5 ; sb/Sb = 0 ; sb = 0
      k =    4 ; sb/Sb = 0.031323553581503 ; sb = 98.9949493661167
      k =    3 ; sb/Sb = 0.0950009795494221 ; sb = 300.241067341098
      k =    2 ; sb/Sb = 0.140304809504146 ; sb = 443.419277973861
      k =    1 ; sb/Sb = 0.176381747013677 ; sb = 557.436820483775
      k =  126 ; sb/Sb = 0.237818557788596 ; sb = 751.601698873251
      k =  125 ; sb/Sb = 0.301495983756515 ; sb = 952.847816848232
      k =  124 ; sb/Sb = 0.417582163130344 ; sb = 1319.72654340512
      k =  123 ; sb/Sb = 0.523899712852326 ; sb = 1655.73249573334
      k =  122 ; sb/Sb = 0.549409960009759 ; sb = 1736.35507321633
      k =  121 ; sb/Sb = 0.673459432480729 ; sb = 2128.40098889458
      k =  120 ; sb/Sb = 0.740207391938427 ; sb = 2339.35121999187
      k =  119 ; sb/Sb = 0.830870283587176 ; sb = 2625.88219562976
      k =  118 ; sb/Sb = 0.913925630954778 ; sb = 2888.37029059789
      Creating new point: f = 0.727134500889218
Tear 4 : Sf = 1543.51340241732 ; Sb = 1586.56774480515
  Backwards path
    i = 35 ; sf/Sf = 0.0971808860001361 ; sf = 150
      k =   34 ; sb/Sb = 0 ; sb = 0
      k =   33 ; sb/Sb = 0.107334757193226 ; sb = 170.293863659264
      Creating new point: f = 0.905399970535076
    i = 36 ; sf/Sf = 0.227401661607029 ; sf = 350.997512422418
      k =   34 ; sb/Sb = 0 ; sb = 0
      k =   33 ; sb/Sb = 0.107334757193226 ; sb = 170.293863659264
      k =   32 ; sb/Sb = 0.200396166695451 ; sb = 317.942094261598
      k =   31 ; sb/Sb = 0.274169883254634 ; sb = 434.989093368794
      Creating new point: f = 0.366058484933634
    i = 37 ; sf/Sf = 0.4028065055103 ; sf = 621.737239836036
      k =   34 ; sb/Sb = 0 ; sb = 0
      k =   33 ; sb/Sb = 0.107334757193226 ; sb = 170.293863659264
      k =   32 ; sb/Sb = 0.200396166695451 ; sb = 317.942094261598
      k =   31 ; sb/Sb = 0.274169883254634 ; sb = 434.989093368794
      k =   30 ; sb/Sb = 0.40772623576336 ; sb = 646.885294372965
      Creating new point: f = 0.963163637216446
    i = 38 ; sf/Sf = 0.548973220422032 ; sf = 847.347523289605
      k =   34 ; sb/Sb = 0 ; sb = 0
      k =   33 ; sb/Sb = 0.107334757193226 ; sb = 170.293863659264
      k =   32 ; sb/Sb = 0.200396166695451 ; sb = 317.942094261598
      k =   31 ; sb/Sb = 0.274169883254634 ; sb = 434.989093368794
      k =   30 ; sb/Sb = 0.40772623576336 ; sb = 646.885294372965
      k =   29 ; sb/Sb = 0.517801895966056 ; sb = 821.527786338695
      k =   28 ; sb/Sb = 0.675374745167465 ; sb = 1071.5277863387
      Creating new point: f = 0.197821671778825
    i = 39 ; sf/Sf = 0.655823102493944 ; sf = 1012.27174831431
      k =   34 ; sb/Sb = 0 ; sb = 0
      k =   33 ; sb/Sb = 0.107334757193226 ; sb = 170.293863659264
      k =   32 ; sb/Sb = 0.200396166695451 ; sb = 317.942094261598
      k =   31 ; sb/Sb = 0.274169883254634 ; sb = 434.989093368794
      k =   30 ; sb/Sb = 0.40772623576336 ; sb = 646.885294372965
      k =   29 ; sb/Sb = 0.517801895966056 ; sb = 821.527786338695
      k =   28 ; sb/Sb = 0.675374745167465 ; sb = 1071.5277863387
      Creating new point: f = 0.875919977504941
    i = 40 ; sf/Sf = 0.763065095542549 ; sf = 1177.80120188678
      k =   34 ; sb/Sb = 0 ; sb = 0
      k =   33 ; sb/Sb = 0.107334757193226 ; sb = 170.293863659264
      k =   32 ; sb/Sb = 0.200396166695451 ; sb = 317.942094261598
      k =   31 ; sb/Sb = 0.274169883254634 ; sb = 434.989093368794
      k =   30 ; sb/Sb = 0.40772623576336 ; sb = 646.885294372965
      k =   29 ; sb/Sb = 0.517801895966056 ; sb = 821.527786338695
      k =   28 ; sb/Sb = 0.675374745167465 ; sb = 1071.5277863387
      k =   27 ; sb/Sb = 0.844968815022024 ; sb = 1340.60026728017
      Creating new point: f = 0.517060239490014
    i = 41 ; sf/Sf = 0.835499451279203 ; sf = 1289.60460076177
      k =   34 ; sb/Sb = 0 ; sb = 0
      k =   33 ; sb/Sb = 0.107334757193226 ; sb = 170.293863659264
      k =   32 ; sb/Sb = 0.200396166695451 ; sb = 317.942094261598
      k =   31 ; sb/Sb = 0.274169883254634 ; sb = 434.989093368794
      k =   30 ; sb/Sb = 0.40772623576336 ; sb = 646.885294372965
      k =   29 ; sb/Sb = 0.517801895966056 ; sb = 821.527786338695
      k =   28 ; sb/Sb = 0.675374745167465 ; sb = 1071.5277863387
      k =   27 ; sb/Sb = 0.844968815022024 ; sb = 1340.60026728017
      Creating new point: f = 0.944164535051601
    i = 42 ; sf/Sf = 0.952834164718758 ; sf = 1470.71230352452
      k =   34 ; sb/Sb = 0 ; sb = 0
      k =   33 ; sb/Sb = 0.107334757193226 ; sb = 170.293863659264
      k =   32 ; sb/Sb = 0.200396166695451 ; sb = 317.942094261598
      k =   31 ; sb/Sb = 0.274169883254634 ; sb = 434.989093368794
      k =   30 ; sb/Sb = 0.40772623576336 ; sb = 646.885294372965
      k =   29 ; sb/Sb = 0.517801895966056 ; sb = 821.527786338695
      k =   28 ; sb/Sb = 0.675374745167465 ; sb = 1071.5277863387
      k =   27 ; sb/Sb = 0.844968815022024 ; sb = 1340.60026728017
      k =   26 ; sb/Sb = 1 ; sb = 1586.56774480515
      Creating new point: f = 0.695765498483789
Triangulating...
[1] "Non-adjacent points in rim connected by line: 518 91"
[1] "In triangle: 463" "In triangle: 470"
[1] "Other points in triangles: 92 135"
[1] "Non-adjacent points in rim connected by line: 547 25"
[1] "In triangle: 654" "In triangle: 658"
[1] "Other points in triangles: 26 470"
Merging points...
Projecting to sphere...
Optimising mapping with FIRE...
E =  0.00152 | E_L =  0.00152 | E_A =  0.00000 |   0 flippped triangles
E =  0.00137 | E_L =  0.00137 | E_A =  0.00000 |  23 flippped triangles
        phi0    phi0.1    phi0.2    phi0.3    phi0.4    phi0.5    phi0.6
id   109.000   117.000    126.00  160.0000   202.000 203.00000   204.000
A   1542.527  3199.198  11448.90  747.3909  2031.079  89.50723  1797.132
a  -1510.677 -3017.298 -10804.77 -631.6410 -1819.406 -88.14050 -1621.258
      phi0.7    phi0.8    phi0.9   phi0.10   phi0.11   phi0.12   phi0.13
id 205.00000   209.000   211.000   262.000    341.00    363.00    370.00
A   91.29205  1805.772  2097.968  1512.370  10910.13  10841.56  15458.94
a  -93.36806 -1735.268 -2086.497 -1477.129 -11068.56 -10530.40 -15221.09
     phi0.14   phi0.15   phi0.16   phi0.17   phi0.18   phi0.19   phi0.20
id   610.000   613.000  617.0000   810.000   814.000  815.0000   820.000
A   1820.832  2833.528  349.5629  7762.389 13199.908 3395.0692  1530.905
a  -1749.191 -2219.618 -331.5364 -6351.074 -8232.107 -741.7115 -1510.522
     phi0.21   phi0.22
id  829.0000   907.000
A   225.9296  1218.828
a  -182.4412 -1030.272
E =  0.00134 | E_L =  0.00134 | E_A =  0.00000 |  23 flippped triangles
        phi0    phi0.1    phi0.2    phi0.3    phi0.4    phi0.5    phi0.6
id   109.000   117.000    126.00  160.0000   202.000 203.00000   204.000
A   1542.527  3199.198  11448.90  747.3909  2031.079  89.50723  1797.132
a  -1529.053 -2929.255 -10716.34 -657.6604 -1905.659 -86.87982 -1659.014
      phi0.7    phi0.8    phi0.9   phi0.10   phi0.11   phi0.12   phi0.13
id 205.00000   209.000   211.000   262.000    341.00    363.00    370.00
A   91.29205  1805.772  2097.968  1512.370  10910.13  10841.56  15458.94
a  -89.30190 -1764.702 -2021.206 -1503.208 -10829.01 -10775.79 -15562.55
     phi0.14   phi0.15   phi0.16   phi0.17   phi0.18   phi0.19   phi0.20
id   610.000   613.000  617.0000   810.000   814.000   815.000   820.000
A   1820.832  2833.528  349.5629  7762.389 13199.908  3395.069  1530.905
a  -1718.058 -1889.078 -332.6574 -6560.981 -9951.342 -1029.950 -1516.145
     phi0.21  phi0.22
id  829.0000  907.000
A   225.9296 1218.828
a  -184.9877 -999.337
E =  0.00134 | E_L =  0.00134 | E_A =  0.00000 |  26 flippped triangles
        phi0    phi0.1    phi0.2    phi0.3    phi0.4    phi0.5    phi0.6
id    72.000   109.000   117.000    126.00  160.0000   198.000   202.000
A   8474.691  1542.527  3199.198  11448.90  747.3909  7081.500  2031.079
a  -8121.671 -1541.800 -2969.170 -10829.88 -661.4866 -6962.746 -1925.813
      phi0.7    phi0.8    phi0.9   phi0.10   phi0.11   phi0.12   phi0.13
id 203.00000   204.000 205.00000   209.000   211.000   262.000  282.0000
A   89.50723  1797.132  91.29205  1805.772  2097.968  1512.370  255.2819
a  -87.02509 -1660.021 -88.00087 -1746.529 -2010.843 -1512.209 -259.0531
     phi0.14   phi0.15   phi0.16   phi0.17   phi0.18   phi0.19   phi0.20
id    341.00    363.00    370.00   610.000   613.000  617.0000   810.000
A   10910.13  10841.56  15458.94  1820.832  2833.528  349.5629  7762.389
a  -10683.81 -10611.17 -15454.94 -1728.573 -1959.177 -333.4122 -6679.128
     phi0.21   phi0.22   phi0.23   phi0.24   phi0.25
id   814.000  815.0000   820.000  829.0000  907.0000
A  13199.908 3395.0692  1530.905  225.9296 1218.8283
a  -9797.053 -968.9032 -1514.982 -185.9874 -982.4569
E =  0.00134 | E_L =  0.00134 | E_A =  0.00000 |  26 flippped triangles
        phi0    phi0.1    phi0.2    phi0.3    phi0.4    phi0.5    phi0.6
id    72.000   109.000   117.000    126.00  160.0000   198.000   202.000
A   8474.691  1542.527  3199.198  11448.90  747.3909  7081.500  2031.079
a  -8161.787 -1542.463 -2958.748 -10798.14 -665.8101 -6962.806 -1931.559
      phi0.7    phi0.8    phi0.9   phi0.10   phi0.11   phi0.12   phi0.13
id 203.00000   204.000 205.00000   209.000   211.000   262.000  282.0000
A   89.50723  1797.132  91.29205  1805.772  2097.968  1512.370  255.2819
a  -86.79432 -1655.101 -87.85287 -1753.075 -2007.114 -1512.544 -259.9200
     phi0.14   phi0.15   phi0.16   phi0.17   phi0.18   phi0.19   phi0.20
id    341.00    363.00    370.00   610.000   613.000  617.0000   810.000
A   10910.13  10841.56  15458.94  1820.832  2833.528  349.5629  7762.389
a  -10737.89 -10684.45 -15522.06 -1724.363 -1929.225 -333.6721 -6662.673
    phi0.21   phi0.22   phi0.23   phi0.24   phi0.25
id   814.00  815.0000   820.000  829.0000  907.0000
A  13199.91 3395.0692  1530.905  225.9296 1218.8283
a  -9790.63 -957.2213 -1515.903 -185.8559 -984.6078
E =  0.00134 | E_L =  0.00134 | E_A =  0.00000 |  26 flippped triangles
        phi0    phi0.1    phi0.2    phi0.3    phi0.4    phi0.5    phi0.6
id    72.000   109.000   117.000    126.00  160.0000   198.000   202.000
A   8474.691  1542.527  3199.198  11448.90  747.3909  7081.500  2031.079
a  -8128.410 -1542.883 -2964.635 -10863.09 -667.8330 -6961.236 -1931.372
      phi0.7    phi0.8    phi0.9   phi0.10   phi0.11  phi0.12   phi0.13
id 203.00000   204.000 205.00000   209.000   211.000   262.00  282.0000
A   89.50723  1797.132  91.29205  1805.772  2097.968  1512.37  255.2819
a  -86.49786 -1654.663 -87.60610 -1751.040 -2003.013 -1514.00 -260.4562
     phi0.14   phi0.15   phi0.16   phi0.17   phi0.18   phi0.19   phi0.20
id    341.00    363.00    370.00   610.000   613.000  617.0000   810.000
A   10910.13  10841.56  15458.94  1820.832  2833.528  349.5629  7762.389
a  -10673.69 -10641.78 -15493.72 -1728.770 -1951.254 -333.6436 -6666.266
     phi0.21   phi0.22   phi0.23   phi0.24   phi0.25
id   814.000   815.000   820.000  829.0000  907.0000
A  13199.908  3395.069  1530.905  225.9296 1218.8283
a  -9853.143 -1027.345 -1518.924 -185.7750 -976.0612
FIRE:  3  stops.  8 hits of maxmove.  0 hits of dtmax.
Frms = 2.85327397526109e-06; Ftanrms = 2.85201661955396e-06
E =  0.00467 | E_L =  0.00467 | E_A =  0.00000 |   0 flippped triangles
E =  0.00167 | E_L =  0.00167 | E_A =  0.00000 |   0 flippped triangles
E =  0.00164 | E_L =  0.00164 | E_A =  0.00000 |   0 flippped triangles
E =  0.00164 | E_L =  0.00164 | E_A =  0.00000 |   0 flippped triangles
Optimising mapping with BFGS...
E =  0.00164 | E_L =  0.00164 | E_A =  0.00000 |   0 flippped triangles
Transforming image...
Mapping optimised. Error: 0.001644766 ; 0 flipped triangles.
Inferring coordinates of datapoints
Inferring coordinates of landmarks
Mapping optimised. Error: 0.001644766 ; 0 flipped triangles. OD displacement: 6.647305 degrees.
Computing Kernel Density estimates of datapoints

[1] 0.7
Saving adult_retina/data/C57BL6J/GM510/R-CONTRA/r.mat
