[1] "Adding old segment 1"
[1] "Adding old segment 3"
[1] "Adding old segment 4"
[1] "Adding old segment 5"
[1] "Storing new segment 1"
[1] "Adding old segment 2"
[1] "Intersection found. Old points:"
   X    Y 
 190 1359 
   X    Y 
 110 1389 
   X    Y 
 120 1389 
   X    Y 
  60 1319 
[1] "Point i+1 has been changed:"
   X    Y 
 190 1359 
        X         Y 
 117.5676 1386.1622 
   X    Y 
 120 1389 
   X    Y 
  60 1319 
[1] "a= 0.5"
[1] "l= 88.4577914145678"
[1] "New points:"
   X    Y 
 190 1359 
        X         Y 
 117.5676 1386.1622 
         X          Y 
  88.78378 1352.58108 
   X    Y 
  60 1319 
[1] "Storing new segment 2"
simplify.outline: Removing vertex 45
simplify.outline: Removing vertex 70
simplify.outline: Removing vertex 70
simplify.outline: Removing vertex 95
Triangulating...
[1] "Non-adjacent points in rim connected by line: 21 19"
[1] "In triangle: 143" "In triangle: 148"
[1] "Other points in triangles: 201 20"
[1] "Non-adjacent points in rim connected by line: 94 92"
[1] "In triangle: 177" "In triangle: 183"
[1] "Other points in triangles: 93 192"
[1] "Non-adjacent points in rim connected by line: 112 1"
[1] "In triangle: 168" "In triangle: 169"
[1] "Other points in triangles: 114 113"
Stitching...
Tear 1 child of rim
Tear 2 child of rim
Tear 3 child of rim
Tear 4 child of rim
Tear 1 : Sf = 2776.91785351622 ; Sb = 2543.77792955801
  Forwards path
    i = 86 ; sf/Sf = 0.0805233750313647 ; sf = 223.606797749979
      k =   87 ; sb/Sb = 0 ; sb = 0
      k =   88 ; sb/Sb = 0.160601269304705 ; sb = 408.53396431631
      Creating new point: f = 0.501386915433339
    i = 85 ; sf/Sf = 0.179603126164646 ; sf = 498.743127593931
      k =   87 ; sb/Sb = 0 ; sb = 0
      k =   88 ; sb/Sb = 0.160601269304705 ; sb = 408.53396431631
      k =  421 ; sb/Sb = 0.270621108745547 ; sb = 688.400003699441
      Creating new point: f = 0.172713003004867
    i = 84 ; sf/Sf = 0.286671966739059 ; sf = 796.064502540301
      k =   87 ; sb/Sb = 0 ; sb = 0
      k =   88 ; sb/Sb = 0.160601269304705 ; sb = 408.53396431631
      k =  421 ; sb/Sb = 0.270621108745547 ; sb = 688.400003699441
      k =   89 ; sb/Sb = 0.380640948186389 ; sb = 968.266043082571
      Creating new point: f = 0.145890578236508
    i = 420 ; sf/Sf = 0.384268157535335 ; sf = 1067.08110719765
      k =   87 ; sb/Sb = 0 ; sb = 0
      k =   88 ; sb/Sb = 0.160601269304705 ; sb = 408.53396431631
      k =  421 ; sb/Sb = 0.270621108745547 ; sb = 688.400003699441
      k =   89 ; sb/Sb = 0.380640948186389 ; sb = 968.266043082571
      k =  273 ; sb/Sb = 0.495067442800694 ; sb = 1259.34163463913
      Creating new point: f = 0.0316990340495158
    i = 83 ; sf/Sf = 0.48186434833161 ; sf = 1338.09771185501
      k =   87 ; sb/Sb = 0 ; sb = 0
      k =   88 ; sb/Sb = 0.160601269304705 ; sb = 408.53396431631
      k =  421 ; sb/Sb = 0.270621108745547 ; sb = 688.400003699441
      k =   89 ; sb/Sb = 0.380640948186389 ; sb = 968.266043082571
      k =  273 ; sb/Sb = 0.495067442800694 ; sb = 1259.34163463913
      Creating new point: f = 0.884615057783714
    i = 457 ; sf/Sf = 0.611866587924898 ; sf = 1699.1032519787
      k =   87 ; sb/Sb = 0 ; sb = 0
      k =   88 ; sb/Sb = 0.160601269304705 ; sb = 408.53396431631
      k =  421 ; sb/Sb = 0.270621108745547 ; sb = 688.400003699441
      k =   89 ; sb/Sb = 0.380640948186389 ; sb = 968.266043082571
      k =  273 ; sb/Sb = 0.495067442800694 ; sb = 1259.34163463913
      k =   90 ; sb/Sb = 0.609493937414999 ; sb = 1550.41722619569
      k =  234 ; sb/Sb = 0.694219344502705 ; sb = 1765.93984681821
      Creating new point: f = 0.0280040024764098
    i = 82 ; sf/Sf = 0.741868827518186 ; sf = 2060.1087921024
      k =   87 ; sb/Sb = 0 ; sb = 0
      k =   88 ; sb/Sb = 0.160601269304705 ; sb = 408.53396431631
      k =  421 ; sb/Sb = 0.270621108745547 ; sb = 688.400003699441
      k =   89 ; sb/Sb = 0.380640948186389 ; sb = 968.266043082571
      k =  273 ; sb/Sb = 0.495067442800694 ; sb = 1259.34163463913
      k =   90 ; sb/Sb = 0.609493937414999 ; sb = 1550.41722619569
      k =  234 ; sb/Sb = 0.694219344502705 ; sb = 1765.93984681821
      k =   91 ; sb/Sb = 0.77894475159041 ; sb = 1981.46246744073
      Creating new point: f = 0.562398985774781
    i = 81 ; sf/Sf = 0.917881947882944 ; sf = 2548.88276849639
      k =   87 ; sb/Sb = 0 ; sb = 0
      k =   88 ; sb/Sb = 0.160601269304705 ; sb = 408.53396431631
      k =  421 ; sb/Sb = 0.270621108745547 ; sb = 688.400003699441
      k =   89 ; sb/Sb = 0.380640948186389 ; sb = 968.266043082571
      k =  273 ; sb/Sb = 0.495067442800694 ; sb = 1259.34163463913
      k =   90 ; sb/Sb = 0.609493937414999 ; sb = 1550.41722619569
      k =  234 ; sb/Sb = 0.694219344502705 ; sb = 1765.93984681821
      k =   91 ; sb/Sb = 0.77894475159041 ; sb = 1981.46246744073
      k =   92 ; sb/Sb = 0.940122343091583 ; sb = 2391.46246744073
      Creating new point: f = 0.862013106155165
Tear 2 : Sf = 3486.10883294909 ; Sb = 3607.73411787941
  Forwards path
    i = 5 ; sf/Sf = 0.0256568923650978 ; sf = 89.4427190999916
      k =    6 ; sb/Sb = 0 ; sb = 0
      k =    7 ; sb/Sb = 0.0347308412336845 ; sb = 125.299640861417
      Creating new point: f = 0.738735125719151
    i = 4 ; sf/Sf = 0.0480608104587837 ; sf = 167.545215859058
      k =    6 ; sb/Sb = 0 ; sb = 0
      k =    7 ; sb/Sb = 0.0347308412336845 ; sb = 125.299640861417
      k =    8 ; sb/Sb = 0.0739303364338562 ; sb = 266.720997098726
      Creating new point: f = 0.340054614403321
    i = 3 ; sf/Sf = 0.0845712083587558 ; sf = 294.824436472637
      k =    6 ; sb/Sb = 0 ; sb = 0
      k =    7 ; sb/Sb = 0.0347308412336845 ; sb = 125.299640861417
      k =    8 ; sb/Sb = 0.0739303364338562 ; sb = 266.720997098726
      k =    9 ; sb/Sb = 0.151985577647723 ; sb = 548.323553905301
      Creating new point: f = 0.136324886829114
    i = 2 ; sf/Sf = 0.110228100723854 ; sf = 384.267155572628
      k =    6 ; sb/Sb = 0 ; sb = 0
      k =    7 ; sb/Sb = 0.0347308412336845 ; sb = 125.299640861417
      k =    8 ; sb/Sb = 0.0739303364338562 ; sb = 266.720997098726
      k =    9 ; sb/Sb = 0.151985577647723 ; sb = 548.323553905301
      Creating new point: f = 0.465026610968297
    i = 1 ; sf/Sf = 0.142934349430799 ; sf = 498.284698082542
      k =    6 ; sb/Sb = 0 ; sb = 0
      k =    7 ; sb/Sb = 0.0347308412336845 ; sb = 125.299640861417
      k =    8 ; sb/Sb = 0.0739303364338562 ; sb = 266.720997098726
      k =    9 ; sb/Sb = 0.151985577647723 ; sb = 548.323553905301
      Creating new point: f = 0.884040737352618
    i = 113 ; sf/Sf = 0.153276973394188 ; sf = 534.340210837182
      k =    6 ; sb/Sb = 0 ; sb = 0
      k =    7 ; sb/Sb = 0.0347308412336845 ; sb = 125.299640861417
      k =    8 ; sb/Sb = 0.0739303364338562 ; sb = 266.720997098726
      k =    9 ; sb/Sb = 0.151985577647723 ; sb = 548.323553905301
      k =   10 ; sb/Sb = 0.236423874451484 ; sb = 852.954478139857
      Creating new point: f = 0.0152939577815774
    i = 112 ; sf/Sf = 0.167619612249127 ; sf = 584.340210837182
      k =    6 ; sb/Sb = 0 ; sb = 0
      k =    7 ; sb/Sb = 0.0347308412336845 ; sb = 125.299640861417
      k =    8 ; sb/Sb = 0.0739303364338562 ; sb = 266.720997098726
      k =    9 ; sb/Sb = 0.151985577647723 ; sb = 548.323553905301
      k =   10 ; sb/Sb = 0.236423874451484 ; sb = 852.954478139857
      Creating new point: f = 0.185153362789137
    i = 111 ; sf/Sf = 0.205890546128262 ; sf = 717.756851478445
      k =    6 ; sb/Sb = 0 ; sb = 0
      k =    7 ; sb/Sb = 0.0347308412336845 ; sb = 125.299640861417
      k =    8 ; sb/Sb = 0.0739303364338562 ; sb = 266.720997098726
      k =    9 ; sb/Sb = 0.151985577647723 ; sb = 548.323553905301
      k =   10 ; sb/Sb = 0.236423874451484 ; sb = 852.954478139857
      Creating new point: f = 0.638394786737783
    i = 110 ; sf/Sf = 0.253632363078405 ; sf = 884.190021249378
      k =    6 ; sb/Sb = 0 ; sb = 0
      k =    7 ; sb/Sb = 0.0347308412336845 ; sb = 125.299640861417
      k =    8 ; sb/Sb = 0.0739303364338562 ; sb = 266.720997098726
      k =    9 ; sb/Sb = 0.151985577647723 ; sb = 548.323553905301
      k =   10 ; sb/Sb = 0.236423874451484 ; sb = 852.954478139857
      k =   11 ; sb/Sb = 0.350574527516114 ; sb = 1264.77968377934
      Creating new point: f = 0.150752432552249
    i = 109 ; sf/Sf = 0.320537352845033 ; sf = 1117.42809704319
      k =    6 ; sb/Sb = 0 ; sb = 0
      k =    7 ; sb/Sb = 0.0347308412336845 ; sb = 125.299640861417
      k =    8 ; sb/Sb = 0.0739303364338562 ; sb = 266.720997098726
      k =    9 ; sb/Sb = 0.151985577647723 ; sb = 548.323553905301
      k =   10 ; sb/Sb = 0.236423874451484 ; sb = 852.954478139857
      k =   11 ; sb/Sb = 0.350574527516114 ; sb = 1264.77968377934
      Creating new point: f = 0.736863750975878
    i = 108 ; sf/Sf = 0.373430391468234 ; sf = 1301.81898618905
      k =    6 ; sb/Sb = 0 ; sb = 0
      k =    7 ; sb/Sb = 0.0347308412336845 ; sb = 125.299640861417
      k =    8 ; sb/Sb = 0.0739303364338562 ; sb = 266.720997098726
      k =    9 ; sb/Sb = 0.151985577647723 ; sb = 548.323553905301
      k =   10 ; sb/Sb = 0.236423874451484 ; sb = 852.954478139857
      k =   11 ; sb/Sb = 0.350574527516114 ; sb = 1264.77968377934
      k =   12 ; sb/Sb = 0.428235049430385 ; sb = 1544.95819830178
      Creating new point: f = 0.294304794620756
    i = 177 ; sf/Sf = 0.468363060161624 ; sf = 1632.76460105651
      k =    6 ; sb/Sb = 0 ; sb = 0
      k =    7 ; sb/Sb = 0.0347308412336845 ; sb = 125.299640861417
      k =    8 ; sb/Sb = 0.0739303364338562 ; sb = 266.720997098726
      k =    9 ; sb/Sb = 0.151985577647723 ; sb = 548.323553905301
      k =   10 ; sb/Sb = 0.236423874451484 ; sb = 852.954478139857
      k =   11 ; sb/Sb = 0.350574527516114 ; sb = 1264.77968377934
      k =   12 ; sb/Sb = 0.428235049430385 ; sb = 1544.95819830178
      k =   13 ; sb/Sb = 0.540792903423136 ; sb = 1951.03700838671
      Creating new point: f = 0.356510090658122
    i = 107 ; sf/Sf = 0.563295728855015 ; sf = 1963.71021592396
      k =    6 ; sb/Sb = 0 ; sb = 0
      k =    7 ; sb/Sb = 0.0347308412336845 ; sb = 125.299640861417
      k =    8 ; sb/Sb = 0.0739303364338562 ; sb = 266.720997098726
      k =    9 ; sb/Sb = 0.151985577647723 ; sb = 548.323553905301
      k =   10 ; sb/Sb = 0.236423874451484 ; sb = 852.954478139857
      k =   11 ; sb/Sb = 0.350574527516114 ; sb = 1264.77968377934
      k =   12 ; sb/Sb = 0.428235049430385 ; sb = 1544.95819830178
      k =   13 ; sb/Sb = 0.540792903423136 ; sb = 1951.03700838671
      k =   14 ; sb/Sb = 0.587995346312514 ; sb = 2121.33087204598
      Creating new point: f = 0.476730102393537
    i = 106 ; sf/Sf = 0.641643829491878 ; sf = 2236.84022159892
      k =    6 ; sb/Sb = 0 ; sb = 0
      k =    7 ; sb/Sb = 0.0347308412336845 ; sb = 125.299640861417
      k =    8 ; sb/Sb = 0.0739303364338562 ; sb = 266.720997098726
      k =    9 ; sb/Sb = 0.151985577647723 ; sb = 548.323553905301
      k =   10 ; sb/Sb = 0.236423874451484 ; sb = 852.954478139857
      k =   11 ; sb/Sb = 0.350574527516114 ; sb = 1264.77968377934
      k =   12 ; sb/Sb = 0.428235049430385 ; sb = 1544.95819830178
      k =   13 ; sb/Sb = 0.540792903423136 ; sb = 1951.03700838671
      k =   14 ; sb/Sb = 0.587995346312514 ; sb = 2121.33087204598
      k =   15 ; sb/Sb = 0.666785356547005 ; sb = 2405.58428011702
      Creating new point: f = 0.680904635241166
    i = 105 ; sf/Sf = 0.718881303494933 ; sf = 2506.09846195564
      k =    6 ; sb/Sb = 0 ; sb = 0
      k =    7 ; sb/Sb = 0.0347308412336845 ; sb = 125.299640861417
      k =    8 ; sb/Sb = 0.0739303364338562 ; sb = 266.720997098726
      k =    9 ; sb/Sb = 0.151985577647723 ; sb = 548.323553905301
      k =   10 ; sb/Sb = 0.236423874451484 ; sb = 852.954478139857
      k =   11 ; sb/Sb = 0.350574527516114 ; sb = 1264.77968377934
      k =   12 ; sb/Sb = 0.428235049430385 ; sb = 1544.95819830178
      k =   13 ; sb/Sb = 0.540792903423136 ; sb = 1951.03700838671
      k =   14 ; sb/Sb = 0.587995346312514 ; sb = 2121.33087204598
      k =   15 ; sb/Sb = 0.666785356547005 ; sb = 2405.58428011702
      k =   16 ; sb/Sb = 0.782838373379428 ; sb = 2824.27270842618
      Creating new point: f = 0.448897825923413
    i = 104 ; sf/Sf = 0.783023534407677 ; sf = 2729.70525970562
      k =    6 ; sb/Sb = 0 ; sb = 0
      k =    7 ; sb/Sb = 0.0347308412336845 ; sb = 125.299640861417
      k =    8 ; sb/Sb = 0.0739303364338562 ; sb = 266.720997098726
      k =    9 ; sb/Sb = 0.151985577647723 ; sb = 548.323553905301
      k =   10 ; sb/Sb = 0.236423874451484 ; sb = 852.954478139857
      k =   11 ; sb/Sb = 0.350574527516114 ; sb = 1264.77968377934
      k =   12 ; sb/Sb = 0.428235049430385 ; sb = 1544.95819830178
      k =   13 ; sb/Sb = 0.540792903423136 ; sb = 1951.03700838671
      k =   14 ; sb/Sb = 0.587995346312514 ; sb = 2121.33087204598
      k =   15 ; sb/Sb = 0.666785356547005 ; sb = 2405.58428011702
      k =   16 ; sb/Sb = 0.782838373379428 ; sb = 2824.27270842618
      k =   17 ; sb/Sb = 0.867685135169126 ; sb = 3130.37726572646
      Creating new point: f = 0.00218229929279162
    i = 103 ; sf/Sf = 0.901295964305676 ; sf = 3142.01582226739
      k =    6 ; sb/Sb = 0 ; sb = 0
      k =    7 ; sb/Sb = 0.0347308412336845 ; sb = 125.299640861417
      k =    8 ; sb/Sb = 0.0739303364338562 ; sb = 266.720997098726
      k =    9 ; sb/Sb = 0.151985577647723 ; sb = 548.323553905301
      k =   10 ; sb/Sb = 0.236423874451484 ; sb = 852.954478139857
      k =   11 ; sb/Sb = 0.350574527516114 ; sb = 1264.77968377934
      k =   12 ; sb/Sb = 0.428235049430385 ; sb = 1544.95819830178
      k =   13 ; sb/Sb = 0.540792903423136 ; sb = 1951.03700838671
      k =   14 ; sb/Sb = 0.587995346312514 ; sb = 2121.33087204598
      k =   15 ; sb/Sb = 0.666785356547005 ; sb = 2405.58428011702
      k =   16 ; sb/Sb = 0.782838373379428 ; sb = 2824.27270842618
      k =   17 ; sb/Sb = 0.867685135169126 ; sb = 3130.37726572646
      k =   18 ; sb/Sb = 0.927392027430907 ; sb = 3345.78385801184
      Creating new point: f = 0.562930473573899
Tear 3 : Sf = 1527.29703405758 ; Sb = 1720.41684008368
  Forwards path
    i = 34 ; sf/Sf = 0.11803700246458 ; sf = 180.277563773199
      k =   35 ; sb/Sb = 0 ; sb = 0
      k =   36 ; sb/Sb = 0.217640804143006 ; sb = 374.432904536981
      Creating new point: f = 0.542347759324675
    i = 33 ; sf/Sf = 0.315007318271849 ; sf = 481.109742903026
      k =   35 ; sb/Sb = 0 ; sb = 0
      k =   36 ; sb/Sb = 0.217640804143006 ; sb = 374.432904536981
      k =   37 ; sb/Sb = 0.369769660631832 ; sb = 636.157951103029
      Creating new point: f = 0.640026595716868
    i = 32 ; sf/Sf = 0.63716900197427 ; sf = 973.146326908728
      k =   35 ; sb/Sb = 0 ; sb = 0
      k =   36 ; sb/Sb = 0.217640804143006 ; sb = 374.432904536981
      k =   37 ; sb/Sb = 0.369769660631832 ; sb = 636.157951103029
      k =   38 ; sb/Sb = 0.501292536197668 ; sb = 862.432121082724
      k =   39 ; sb/Sb = 0.639087857830921 ; sb = 1099.49751290532
      Creating new point: f = 0.986074593579032
    i = 31 ; sf/Sf = 0.811140796056672 ; sf = 1238.85293202046
      k =   35 ; sb/Sb = 0 ; sb = 0
      k =   36 ; sb/Sb = 0.217640804143006 ; sb = 374.432904536981
      k =   37 ; sb/Sb = 0.369769660631832 ; sb = 636.157951103029
      k =   38 ; sb/Sb = 0.501292536197668 ; sb = 862.432121082724
      k =   39 ; sb/Sb = 0.639087857830921 ; sb = 1099.49751290532
      k =   40 ; sb/Sb = 0.758916539158439 ; sb = 1305.6527941862
      k =   41 ; sb/Sb = 0.846104711527587 ; sb = 1455.6527941862
      Creating new point: f = 0.598983273523842
Tear 4 : Sf = 1458.68151404514 ; Sb = 1191.45666805642
  Forwards path
    i = 56 ; sf/Sf = 0.104419957784263 ; sf = 152.315462117278
      k =   57 ; sb/Sb = 0 ; sb = 0
      k =   58 ; sb/Sb = 0.137656869163453 ; sb = 164.012194668567
      Creating new point: f = 0.758552467587177
    i = 55 ; sf/Sf = 0.275807609984442 ; sf = 402.315462117278
      k =   57 ; sb/Sb = 0 ; sb = 0
      k =   58 ; sb/Sb = 0.137656869163453 ; sb = 164.012194668567
      k =   59 ; sb/Sb = 0.300621149439134 ; sb = 358.177073058043
      Creating new point: f = 0.847736329625635
    i = 54 ; sf/Sf = 0.537127416522501 ; sf = 783.497833168197
      k =   57 ; sb/Sb = 0 ; sb = 0
      k =   58 ; sb/Sb = 0.137656869163453 ; sb = 164.012194668567
      k =   59 ; sb/Sb = 0.300621149439134 ; sb = 358.177073058043
      k =   60 ; sb/Sb = 0.439551467268057 ; sb = 523.706526630512
      k =   61 ; sb/Sb = 0.553709798606477 ; sb = 659.721231717866
      Creating new point: f = 0.854742252365113
    i = 53 ; sf/Sf = 0.641547374306764 ; sf = 935.813295285475
      k =   57 ; sb/Sb = 0 ; sb = 0
      k =   58 ; sb/Sb = 0.137656869163453 ; sb = 164.012194668567
      k =   59 ; sb/Sb = 0.300621149439134 ; sb = 358.177073058043
      k =   60 ; sb/Sb = 0.439551467268057 ; sb = 523.706526630512
      k =   61 ; sb/Sb = 0.553709798606477 ; sb = 659.721231717866
      k =   62 ; sb/Sb = 0.644494920016194 ; sb = 767.887769981786
      Creating new point: f = 0.967532722723052
    i = 52 ; sf/Sf = 0.73352364010445 ; sf = 1069.97737393546
      k =   57 ; sb/Sb = 0 ; sb = 0
      k =   58 ; sb/Sb = 0.137656869163453 ; sb = 164.012194668567
      k =   59 ; sb/Sb = 0.300621149439134 ; sb = 358.177073058043
      k =   60 ; sb/Sb = 0.439551467268057 ; sb = 523.706526630512
      k =   61 ; sb/Sb = 0.553709798606477 ; sb = 659.721231717866
      k =   62 ; sb/Sb = 0.644494920016194 ; sb = 767.887769981786
      k =   63 ; sb/Sb = 0.80484463047363 ; sb = 958.937501727214
      Creating new point: f = 0.555215970358041
    i = 51 ; sf/Sf = 0.880077621358033 ; sf = 1283.75295719978
      k =   57 ; sb/Sb = 0 ; sb = 0
      k =   58 ; sb/Sb = 0.137656869163453 ; sb = 164.012194668567
      k =   59 ; sb/Sb = 0.300621149439134 ; sb = 358.177073058043
      k =   60 ; sb/Sb = 0.439551467268057 ; sb = 523.706526630512
      k =   61 ; sb/Sb = 0.553709798606477 ; sb = 659.721231717866
      k =   62 ; sb/Sb = 0.644494920016194 ; sb = 767.887769981786
      k =   63 ; sb/Sb = 0.80484463047363 ; sb = 958.937501727214
      k =   64 ; sb/Sb = 0.897549311334622 ; sb = 1069.39111189909
      Creating new point: f = 0.811533896516103
Tear 1 : Sf = 2543.77792955801 ; Sb = 2776.91785351622
  Backwards path
    i = 88 ; sf/Sf = 0.160601269304705 ; sf = 408.53396431631
      k =   87 ; sb/Sb = 0 ; sb = 0
      k =   86 ; sb/Sb = 0.0805233750313647 ; sb = 223.606797749979
      k =   85 ; sb/Sb = 0.179603126164646 ; sb = 498.743127593931
      Creating new point: f = 0.808216546341743
    i = 421 ; sf/Sf = 0.270621108745547 ; sf = 688.400003699441
      k =   87 ; sb/Sb = 0 ; sb = 0
      k =   86 ; sb/Sb = 0.0805233750313647 ; sb = 223.606797749979
      k =   85 ; sb/Sb = 0.179603126164646 ; sb = 498.743127593931
      k =   84 ; sb/Sb = 0.286671966739059 ; sb = 796.064502540301
      Creating new point: f = 0.850088429954027
    i = 89 ; sf/Sf = 0.380640948186389 ; sf = 968.266043082571
      k =   87 ; sb/Sb = 0 ; sb = 0
      k =   86 ; sb/Sb = 0.0805233750313647 ; sb = 223.606797749979
      k =   85 ; sb/Sb = 0.179603126164646 ; sb = 498.743127593931
      k =   84 ; sb/Sb = 0.286671966739059 ; sb = 796.064502540301
      k =  420 ; sb/Sb = 0.384268157535335 ; sb = 1067.08110719765
      Creating new point: f = 0.962834519264004
    i = 273 ; sf/Sf = 0.495067442800694 ; sf = 1259.34163463913
      k =   87 ; sb/Sb = 0 ; sb = 0
      k =   86 ; sb/Sb = 0.0805233750313647 ; sb = 223.606797749979
      k =   85 ; sb/Sb = 0.179603126164646 ; sb = 498.743127593931
      k =   84 ; sb/Sb = 0.286671966739059 ; sb = 796.064502540301
      k =  420 ; sb/Sb = 0.384268157535335 ; sb = 1067.08110719765
      k =   83 ; sb/Sb = 0.48186434833161 ; sb = 1338.09771185501
      k =  457 ; sb/Sb = 0.611866587924898 ; sb = 1699.1032519787
      Creating new point: f = 0.101560515498731
    i = 90 ; sf/Sf = 0.609493937414999 ; sf = 1550.41722619569
      k =   87 ; sb/Sb = 0 ; sb = 0
      k =   86 ; sb/Sb = 0.0805233750313647 ; sb = 223.606797749979
      k =   85 ; sb/Sb = 0.179603126164646 ; sb = 498.743127593931
      k =   84 ; sb/Sb = 0.286671966739059 ; sb = 796.064502540301
      k =  420 ; sb/Sb = 0.384268157535335 ; sb = 1067.08110719765
      k =   83 ; sb/Sb = 0.48186434833161 ; sb = 1338.09771185501
      k =  457 ; sb/Sb = 0.611866587924898 ; sb = 1699.1032519787
      Creating new point: f = 0.981749156650518
    i = 234 ; sf/Sf = 0.694219344502705 ; sf = 1765.93984681821
      k =   87 ; sb/Sb = 0 ; sb = 0
      k =   86 ; sb/Sb = 0.0805233750313647 ; sb = 223.606797749979
      k =   85 ; sb/Sb = 0.179603126164646 ; sb = 498.743127593931
      k =   84 ; sb/Sb = 0.286671966739059 ; sb = 796.064502540301
      k =  420 ; sb/Sb = 0.384268157535335 ; sb = 1067.08110719765
      k =   83 ; sb/Sb = 0.48186434833161 ; sb = 1338.09771185501
      k =  457 ; sb/Sb = 0.611866587924898 ; sb = 1699.1032519787
      k =   82 ; sb/Sb = 0.741868827518186 ; sb = 2060.1087921024
      Creating new point: f = 0.633471829681146
    i = 91 ; sf/Sf = 0.77894475159041 ; sf = 1981.46246744073
      k =   87 ; sb/Sb = 0 ; sb = 0
      k =   86 ; sb/Sb = 0.0805233750313647 ; sb = 223.606797749979
      k =   85 ; sb/Sb = 0.179603126164646 ; sb = 498.743127593931
      k =   84 ; sb/Sb = 0.286671966739059 ; sb = 796.064502540301
      k =  420 ; sb/Sb = 0.384268157535335 ; sb = 1067.08110719765
      k =   83 ; sb/Sb = 0.48186434833161 ; sb = 1338.09771185501
      k =  457 ; sb/Sb = 0.611866587924898 ; sb = 1699.1032519787
      k =   82 ; sb/Sb = 0.741868827518186 ; sb = 2060.1087921024
      k =   81 ; sb/Sb = 0.917881947882944 ; sb = 2548.88276849639
      Creating new point: f = 0.210642956589774
    i = 92 ; sf/Sf = 0.940122343091583 ; sf = 2391.46246744073
      k =   87 ; sb/Sb = 0 ; sb = 0
      k =   86 ; sb/Sb = 0.0805233750313647 ; sb = 223.606797749979
      k =   85 ; sb/Sb = 0.179603126164646 ; sb = 498.743127593931
      k =   84 ; sb/Sb = 0.286671966739059 ; sb = 796.064502540301
      k =  420 ; sb/Sb = 0.384268157535335 ; sb = 1067.08110719765
      k =   83 ; sb/Sb = 0.48186434833161 ; sb = 1338.09771185501
      k =  457 ; sb/Sb = 0.611866587924898 ; sb = 1699.1032519787
      k =   82 ; sb/Sb = 0.741868827518186 ; sb = 2060.1087921024
      k =   81 ; sb/Sb = 0.917881947882944 ; sb = 2548.88276849639
      k =   80 ; sb/Sb = 1 ; sb = 2776.91785351622
      Creating new point: f = 0.270834422337927
Tear 2 : Sf = 3607.73411787941 ; Sb = 3486.10883294909
  Backwards path
    i = 7 ; sf/Sf = 0.0347308412336845 ; sf = 125.299640861417
      k =    6 ; sb/Sb = 0 ; sb = 0
      k =    5 ; sb/Sb = 0.0256568923650978 ; sb = 89.4427190999916
      k =    4 ; sb/Sb = 0.0480608104587837 ; sb = 167.545215859058
      Creating new point: f = 0.405016159702173
    i = 8 ; sf/Sf = 0.0739303364338562 ; sf = 266.720997098726
      k =    6 ; sb/Sb = 0 ; sb = 0
      k =    5 ; sb/Sb = 0.0256568923650978 ; sb = 89.4427190999916
      k =    4 ; sb/Sb = 0.0480608104587837 ; sb = 167.545215859058
      k =    3 ; sb/Sb = 0.0845712083587558 ; sb = 294.824436472637
      Creating new point: f = 0.708552288198762
    i = 9 ; sf/Sf = 0.151985577647723 ; sf = 548.323553905301
      k =    6 ; sb/Sb = 0 ; sb = 0
      k =    5 ; sb/Sb = 0.0256568923650978 ; sb = 89.4427190999916
      k =    4 ; sb/Sb = 0.0480608104587837 ; sb = 167.545215859058
      k =    3 ; sb/Sb = 0.0845712083587558 ; sb = 294.824436472637
      k =    2 ; sb/Sb = 0.110228100723854 ; sb = 384.267155572628
      k =    1 ; sb/Sb = 0.142934349430799 ; sb = 498.284698082542
      k =  113 ; sb/Sb = 0.153276973394188 ; sb = 534.340210837182
      Creating new point: f = 0.875138480231284
    i = 10 ; sf/Sf = 0.236423874451484 ; sf = 852.954478139857
      k =    6 ; sb/Sb = 0 ; sb = 0
      k =    5 ; sb/Sb = 0.0256568923650978 ; sb = 89.4427190999916
      k =    4 ; sb/Sb = 0.0480608104587837 ; sb = 167.545215859058
      k =    3 ; sb/Sb = 0.0845712083587558 ; sb = 294.824436472637
      k =    2 ; sb/Sb = 0.110228100723854 ; sb = 384.267155572628
      k =    1 ; sb/Sb = 0.142934349430799 ; sb = 498.284698082542
      k =  113 ; sb/Sb = 0.153276973394188 ; sb = 534.340210837182
      k =  112 ; sb/Sb = 0.167619612249127 ; sb = 584.340210837182
      k =  111 ; sb/Sb = 0.205890546128262 ; sb = 717.756851478445
      k =  110 ; sb/Sb = 0.253632363078405 ; sb = 884.190021249378
      Creating new point: f = 0.639551032486015
    i = 11 ; sf/Sf = 0.350574527516114 ; sf = 1264.77968377934
      k =    6 ; sb/Sb = 0 ; sb = 0
      k =    5 ; sb/Sb = 0.0256568923650978 ; sb = 89.4427190999916
      k =    4 ; sb/Sb = 0.0480608104587837 ; sb = 167.545215859058
      k =    3 ; sb/Sb = 0.0845712083587558 ; sb = 294.824436472637
      k =    2 ; sb/Sb = 0.110228100723854 ; sb = 384.267155572628
      k =    1 ; sb/Sb = 0.142934349430799 ; sb = 498.284698082542
      k =  113 ; sb/Sb = 0.153276973394188 ; sb = 534.340210837182
      k =  112 ; sb/Sb = 0.167619612249127 ; sb = 584.340210837182
      k =  111 ; sb/Sb = 0.205890546128262 ; sb = 717.756851478445
      k =  110 ; sb/Sb = 0.253632363078405 ; sb = 884.190021249378
      k =  109 ; sb/Sb = 0.320537352845033 ; sb = 1117.42809704319
      k =  108 ; sb/Sb = 0.373430391468234 ; sb = 1301.81898618905
      Creating new point: f = 0.56788521614459
    i = 12 ; sf/Sf = 0.428235049430385 ; sf = 1544.95819830178
      k =    6 ; sb/Sb = 0 ; sb = 0
      k =    5 ; sb/Sb = 0.0256568923650978 ; sb = 89.4427190999916
      k =    4 ; sb/Sb = 0.0480608104587837 ; sb = 167.545215859058
      k =    3 ; sb/Sb = 0.0845712083587558 ; sb = 294.824436472637
      k =    2 ; sb/Sb = 0.110228100723854 ; sb = 384.267155572628
      k =    1 ; sb/Sb = 0.142934349430799 ; sb = 498.284698082542
      k =  113 ; sb/Sb = 0.153276973394188 ; sb = 534.340210837182
      k =  112 ; sb/Sb = 0.167619612249127 ; sb = 584.340210837182
      k =  111 ; sb/Sb = 0.205890546128262 ; sb = 717.756851478445
      k =  110 ; sb/Sb = 0.253632363078405 ; sb = 884.190021249378
      k =  109 ; sb/Sb = 0.320537352845033 ; sb = 1117.42809704319
      k =  108 ; sb/Sb = 0.373430391468234 ; sb = 1301.81898618905
      k =  177 ; sb/Sb = 0.468363060161624 ; sb = 1632.76460105651
      Creating new point: f = 0.577300298374175
    i = 13 ; sf/Sf = 0.540792903423136 ; sf = 1951.03700838671
      k =    6 ; sb/Sb = 0 ; sb = 0
      k =    5 ; sb/Sb = 0.0256568923650978 ; sb = 89.4427190999916
      k =    4 ; sb/Sb = 0.0480608104587837 ; sb = 167.545215859058
      k =    3 ; sb/Sb = 0.0845712083587558 ; sb = 294.824436472637
      k =    2 ; sb/Sb = 0.110228100723854 ; sb = 384.267155572628
      k =    1 ; sb/Sb = 0.142934349430799 ; sb = 498.284698082542
      k =  113 ; sb/Sb = 0.153276973394188 ; sb = 534.340210837182
      k =  112 ; sb/Sb = 0.167619612249127 ; sb = 584.340210837182
      k =  111 ; sb/Sb = 0.205890546128262 ; sb = 717.756851478445
      k =  110 ; sb/Sb = 0.253632363078405 ; sb = 884.190021249378
      k =  109 ; sb/Sb = 0.320537352845033 ; sb = 1117.42809704319
      k =  108 ; sb/Sb = 0.373430391468234 ; sb = 1301.81898618905
      k =  177 ; sb/Sb = 0.468363060161624 ; sb = 1632.76460105651
      k =  107 ; sb/Sb = 0.563295728855015 ; sb = 1963.71021592396
      Creating new point: f = 0.762960151214573
    i = 14 ; sf/Sf = 0.587995346312514 ; sf = 2121.33087204598
      k =    6 ; sb/Sb = 0 ; sb = 0
      k =    5 ; sb/Sb = 0.0256568923650978 ; sb = 89.4427190999916
      k =    4 ; sb/Sb = 0.0480608104587837 ; sb = 167.545215859058
      k =    3 ; sb/Sb = 0.0845712083587558 ; sb = 294.824436472637
      k =    2 ; sb/Sb = 0.110228100723854 ; sb = 384.267155572628
      k =    1 ; sb/Sb = 0.142934349430799 ; sb = 498.284698082542
      k =  113 ; sb/Sb = 0.153276973394188 ; sb = 534.340210837182
      k =  112 ; sb/Sb = 0.167619612249127 ; sb = 584.340210837182
      k =  111 ; sb/Sb = 0.205890546128262 ; sb = 717.756851478445
      k =  110 ; sb/Sb = 0.253632363078405 ; sb = 884.190021249378
      k =  109 ; sb/Sb = 0.320537352845033 ; sb = 1117.42809704319
      k =  108 ; sb/Sb = 0.373430391468234 ; sb = 1301.81898618905
      k =  177 ; sb/Sb = 0.468363060161624 ; sb = 1632.76460105651
      k =  107 ; sb/Sb = 0.563295728855015 ; sb = 1963.71021592396
      k =  106 ; sb/Sb = 0.641643829491878 ; sb = 2236.84022159892
      Creating new point: f = 0.315254833961839
    i = 15 ; sf/Sf = 0.666785356547005 ; sf = 2405.58428011702
      k =    6 ; sb/Sb = 0 ; sb = 0
      k =    5 ; sb/Sb = 0.0256568923650978 ; sb = 89.4427190999916
      k =    4 ; sb/Sb = 0.0480608104587837 ; sb = 167.545215859058
      k =    3 ; sb/Sb = 0.0845712083587558 ; sb = 294.824436472637
      k =    2 ; sb/Sb = 0.110228100723854 ; sb = 384.267155572628
      k =    1 ; sb/Sb = 0.142934349430799 ; sb = 498.284698082542
      k =  113 ; sb/Sb = 0.153276973394188 ; sb = 534.340210837182
      k =  112 ; sb/Sb = 0.167619612249127 ; sb = 584.340210837182
      k =  111 ; sb/Sb = 0.205890546128262 ; sb = 717.756851478445
      k =  110 ; sb/Sb = 0.253632363078405 ; sb = 884.190021249378
      k =  109 ; sb/Sb = 0.320537352845033 ; sb = 1117.42809704319
      k =  108 ; sb/Sb = 0.373430391468234 ; sb = 1301.81898618905
      k =  177 ; sb/Sb = 0.468363060161624 ; sb = 1632.76460105651
      k =  107 ; sb/Sb = 0.563295728855015 ; sb = 1963.71021592396
      k =  106 ; sb/Sb = 0.641643829491878 ; sb = 2236.84022159892
      k =  105 ; sb/Sb = 0.718881303494933 ; sb = 2506.09846195564
      Creating new point: f = 0.32550944188222
    i = 16 ; sf/Sf = 0.782838373379428 ; sf = 2824.27270842618
      k =    6 ; sb/Sb = 0 ; sb = 0
      k =    5 ; sb/Sb = 0.0256568923650978 ; sb = 89.4427190999916
      k =    4 ; sb/Sb = 0.0480608104587837 ; sb = 167.545215859058
      k =    3 ; sb/Sb = 0.0845712083587558 ; sb = 294.824436472637
      k =    2 ; sb/Sb = 0.110228100723854 ; sb = 384.267155572628
      k =    1 ; sb/Sb = 0.142934349430799 ; sb = 498.284698082542
      k =  113 ; sb/Sb = 0.153276973394188 ; sb = 534.340210837182
      k =  112 ; sb/Sb = 0.167619612249127 ; sb = 584.340210837182
      k =  111 ; sb/Sb = 0.205890546128262 ; sb = 717.756851478445
      k =  110 ; sb/Sb = 0.253632363078405 ; sb = 884.190021249378
      k =  109 ; sb/Sb = 0.320537352845033 ; sb = 1117.42809704319
      k =  108 ; sb/Sb = 0.373430391468234 ; sb = 1301.81898618905
      k =  177 ; sb/Sb = 0.468363060161624 ; sb = 1632.76460105651
      k =  107 ; sb/Sb = 0.563295728855015 ; sb = 1963.71021592396
      k =  106 ; sb/Sb = 0.641643829491878 ; sb = 2236.84022159892
      k =  105 ; sb/Sb = 0.718881303494933 ; sb = 2506.09846195564
      k =  104 ; sb/Sb = 0.783023534407677 ; sb = 2729.70525970562
      Creating new point: f = 0.997113274271653
    i = 17 ; sf/Sf = 0.867685135169125 ; sf = 3130.37726572646
      k =    6 ; sb/Sb = 0 ; sb = 0
      k =    5 ; sb/Sb = 0.0256568923650978 ; sb = 89.4427190999916
      k =    4 ; sb/Sb = 0.0480608104587837 ; sb = 167.545215859058
      k =    3 ; sb/Sb = 0.0845712083587558 ; sb = 294.824436472637
      k =    2 ; sb/Sb = 0.110228100723854 ; sb = 384.267155572628
      k =    1 ; sb/Sb = 0.142934349430799 ; sb = 498.284698082542
      k =  113 ; sb/Sb = 0.153276973394188 ; sb = 534.340210837182
      k =  112 ; sb/Sb = 0.167619612249127 ; sb = 584.340210837182
      k =  111 ; sb/Sb = 0.205890546128262 ; sb = 717.756851478445
      k =  110 ; sb/Sb = 0.253632363078405 ; sb = 884.190021249378
      k =  109 ; sb/Sb = 0.320537352845033 ; sb = 1117.42809704319
      k =  108 ; sb/Sb = 0.373430391468234 ; sb = 1301.81898618905
      k =  177 ; sb/Sb = 0.468363060161624 ; sb = 1632.76460105651
      k =  107 ; sb/Sb = 0.563295728855015 ; sb = 1963.71021592396
      k =  106 ; sb/Sb = 0.641643829491878 ; sb = 2236.84022159892
      k =  105 ; sb/Sb = 0.718881303494933 ; sb = 2506.09846195564
      k =  104 ; sb/Sb = 0.783023534407677 ; sb = 2729.70525970562
      k =  103 ; sb/Sb = 0.901295964305676 ; sb = 3142.01582226739
      Creating new point: f = 0.715818562571704
    i = 18 ; sf/Sf = 0.927392027430907 ; sf = 3345.78385801184
      k =    6 ; sb/Sb = 0 ; sb = 0
      k =    5 ; sb/Sb = 0.0256568923650978 ; sb = 89.4427190999916
      k =    4 ; sb/Sb = 0.0480608104587837 ; sb = 167.545215859058
      k =    3 ; sb/Sb = 0.0845712083587558 ; sb = 294.824436472637
      k =    2 ; sb/Sb = 0.110228100723854 ; sb = 384.267155572628
      k =    1 ; sb/Sb = 0.142934349430799 ; sb = 498.284698082542
      k =  113 ; sb/Sb = 0.153276973394188 ; sb = 534.340210837182
      k =  112 ; sb/Sb = 0.167619612249127 ; sb = 584.340210837182
      k =  111 ; sb/Sb = 0.205890546128262 ; sb = 717.756851478445
      k =  110 ; sb/Sb = 0.253632363078405 ; sb = 884.190021249378
      k =  109 ; sb/Sb = 0.320537352845033 ; sb = 1117.42809704319
      k =  108 ; sb/Sb = 0.373430391468234 ; sb = 1301.81898618905
      k =  177 ; sb/Sb = 0.468363060161624 ; sb = 1632.76460105651
      k =  107 ; sb/Sb = 0.563295728855015 ; sb = 1963.71021592396
      k =  106 ; sb/Sb = 0.641643829491878 ; sb = 2236.84022159892
      k =  105 ; sb/Sb = 0.718881303494933 ; sb = 2506.09846195564
      k =  104 ; sb/Sb = 0.783023534407677 ; sb = 2729.70525970562
      k =  103 ; sb/Sb = 0.901295964305676 ; sb = 3142.01582226739
      k =  102 ; sb/Sb = 1 ; sb = 3486.10883294909
      Creating new point: f = 0.264386992301385
    i = 19 ; sf/Sf = 0.97835137119113 ; sf = 3529.63162112034
      k =    6 ; sb/Sb = 0 ; sb = 0
      k =    5 ; sb/Sb = 0.0256568923650978 ; sb = 89.4427190999916
      k =    4 ; sb/Sb = 0.0480608104587837 ; sb = 167.545215859058
      k =    3 ; sb/Sb = 0.0845712083587558 ; sb = 294.824436472637
      k =    2 ; sb/Sb = 0.110228100723854 ; sb = 384.267155572628
      k =    1 ; sb/Sb = 0.142934349430799 ; sb = 498.284698082542
      k =  113 ; sb/Sb = 0.153276973394188 ; sb = 534.340210837182
      k =  112 ; sb/Sb = 0.167619612249127 ; sb = 584.340210837182
      k =  111 ; sb/Sb = 0.205890546128262 ; sb = 717.756851478445
      k =  110 ; sb/Sb = 0.253632363078405 ; sb = 884.190021249378
      k =  109 ; sb/Sb = 0.320537352845033 ; sb = 1117.42809704319
      k =  108 ; sb/Sb = 0.373430391468234 ; sb = 1301.81898618905
      k =  177 ; sb/Sb = 0.468363060161624 ; sb = 1632.76460105651
      k =  107 ; sb/Sb = 0.563295728855015 ; sb = 1963.71021592396
      k =  106 ; sb/Sb = 0.641643829491878 ; sb = 2236.84022159892
      k =  105 ; sb/Sb = 0.718881303494933 ; sb = 2506.09846195564
      k =  104 ; sb/Sb = 0.783023534407677 ; sb = 2729.70525970562
      k =  103 ; sb/Sb = 0.901295964305676 ; sb = 3142.01582226739
      k =  102 ; sb/Sb = 1 ; sb = 3486.10883294909
      Creating new point: f = 0.780671290119145
Tear 3 : Sf = 1720.41684008368 ; Sb = 1527.29703405758
  Backwards path
    i = 36 ; sf/Sf = 0.217640804143006 ; sf = 374.432904536981
      k =   35 ; sb/Sb = 0 ; sb = 0
      k =   34 ; sb/Sb = 0.11803700246458 ; sb = 180.277563773199
      k =   33 ; sb/Sb = 0.315007318271849 ; sb = 481.109742903026
      Creating new point: f = 0.50567925055208
    i = 37 ; sf/Sf = 0.369769660631832 ; sf = 636.157951103029
      k =   35 ; sb/Sb = 0 ; sb = 0
      k =   34 ; sb/Sb = 0.11803700246458 ; sb = 180.277563773199
      k =   33 ; sb/Sb = 0.315007318271849 ; sb = 481.109742903026
      k =   32 ; sb/Sb = 0.63716900197427 ; sb = 973.146326908728
      Creating new point: f = 0.169984033267489
    i = 38 ; sf/Sf = 0.501292536197668 ; sf = 862.432121082724
      k =   35 ; sb/Sb = 0 ; sb = 0
      k =   34 ; sb/Sb = 0.11803700246458 ; sb = 180.277563773199
      k =   33 ; sb/Sb = 0.315007318271849 ; sb = 481.109742903026
      k =   32 ; sb/Sb = 0.63716900197427 ; sb = 973.146326908728
      Creating new point: f = 0.57823517615425
    i = 39 ; sf/Sf = 0.639087857830921 ; sf = 1099.49751290532
      k =   35 ; sb/Sb = 0 ; sb = 0
      k =   34 ; sb/Sb = 0.11803700246458 ; sb = 180.277563773199
      k =   33 ; sb/Sb = 0.315007318271849 ; sb = 481.109742903026
      k =   32 ; sb/Sb = 0.63716900197427 ; sb = 973.146326908728
      k =   31 ; sb/Sb = 0.811140796056672 ; sb = 1238.85293202046
      Creating new point: f = 0.0110296951685274
    i = 40 ; sf/Sf = 0.758916539158439 ; sf = 1305.6527941862
      k =   35 ; sb/Sb = 0 ; sb = 0
      k =   34 ; sb/Sb = 0.11803700246458 ; sb = 180.277563773199
      k =   33 ; sb/Sb = 0.315007318271849 ; sb = 481.109742903026
      k =   32 ; sb/Sb = 0.63716900197427 ; sb = 973.146326908728
      k =   31 ; sb/Sb = 0.811140796056672 ; sb = 1238.85293202046
      Creating new point: f = 0.699811931159962
    i = 41 ; sf/Sf = 0.846104711527587 ; sf = 1455.6527941862
      k =   35 ; sb/Sb = 0 ; sb = 0
      k =   34 ; sb/Sb = 0.11803700246458 ; sb = 180.277563773199
      k =   33 ; sb/Sb = 0.315007318271849 ; sb = 481.109742903026
      k =   32 ; sb/Sb = 0.63716900197427 ; sb = 973.146326908728
      k =   31 ; sb/Sb = 0.811140796056672 ; sb = 1238.85293202046
      k =   30 ; sb/Sb = 1 ; sb = 1527.29703405758
      Creating new point: f = 0.18513217646203
Tear 4 : Sf = 1191.45666805642 ; Sb = 1458.68151404514
  Backwards path
    i = 58 ; sf/Sf = 0.137656869163453 ; sf = 164.012194668567
      k =   57 ; sb/Sb = 0 ; sb = 0
      k =   56 ; sb/Sb = 0.104419957784263 ; sb = 152.315462117278
      k =   55 ; sb/Sb = 0.275807609984442 ; sb = 402.315462117278
      Creating new point: f = 0.193928272851128
    i = 59 ; sf/Sf = 0.300621149439134 ; sf = 358.177073058043
      k =   57 ; sb/Sb = 0 ; sb = 0
      k =   56 ; sb/Sb = 0.104419957784263 ; sb = 152.315462117278
      k =   55 ; sb/Sb = 0.275807609984442 ; sb = 402.315462117278
      k =   54 ; sb/Sb = 0.537127416522501 ; sb = 783.497833168197
      Creating new point: f = 0.0949546832420377
    i = 60 ; sf/Sf = 0.439551467268057 ; sf = 523.706526630512
      k =   57 ; sb/Sb = 0 ; sb = 0
      k =   56 ; sb/Sb = 0.104419957784263 ; sb = 152.315462117278
      k =   55 ; sb/Sb = 0.275807609984442 ; sb = 402.315462117278
      k =   54 ; sb/Sb = 0.537127416522501 ; sb = 783.497833168197
      Creating new point: f = 0.626603315886687
    i = 61 ; sf/Sf = 0.553709798606477 ; sf = 659.721231717866
      k =   57 ; sb/Sb = 0 ; sb = 0
      k =   56 ; sb/Sb = 0.104419957784263 ; sb = 152.315462117278
      k =   55 ; sb/Sb = 0.275807609984442 ; sb = 402.315462117278
      k =   54 ; sb/Sb = 0.537127416522501 ; sb = 783.497833168197
      k =   53 ; sb/Sb = 0.641547374306764 ; sb = 935.813295285475
      Creating new point: f = 0.15880471928782
    i = 62 ; sf/Sf = 0.644494920016194 ; sf = 767.887769981786
      k =   57 ; sb/Sb = 0 ; sb = 0
      k =   56 ; sb/Sb = 0.104419957784263 ; sb = 152.315462117278
      k =   55 ; sb/Sb = 0.275807609984442 ; sb = 402.315462117278
      k =   54 ; sb/Sb = 0.537127416522501 ; sb = 783.497833168197
      k =   53 ; sb/Sb = 0.641547374306764 ; sb = 935.813295285475
      k =   52 ; sb/Sb = 0.73352364010445 ; sb = 1069.97737393546
      Creating new point: f = 0.0320468077701052
    i = 63 ; sf/Sf = 0.804844630473629 ; sf = 958.937501727214
      k =   57 ; sb/Sb = 0 ; sb = 0
      k =   56 ; sb/Sb = 0.104419957784263 ; sb = 152.315462117278
      k =   55 ; sb/Sb = 0.275807609984442 ; sb = 402.315462117278
      k =   54 ; sb/Sb = 0.537127416522501 ; sb = 783.497833168197
      k =   53 ; sb/Sb = 0.641547374306764 ; sb = 935.813295285475
      k =   52 ; sb/Sb = 0.73352364010445 ; sb = 1069.97737393546
      k =   51 ; sb/Sb = 0.880077621358033 ; sb = 1283.75295719978
      Creating new point: f = 0.486653380270661
    i = 64 ; sf/Sf = 0.897549311334622 ; sf = 1069.39111189909
      k =   57 ; sb/Sb = 0 ; sb = 0
      k =   56 ; sb/Sb = 0.104419957784263 ; sb = 152.315462117278
      k =   55 ; sb/Sb = 0.275807609984442 ; sb = 402.315462117278
      k =   54 ; sb/Sb = 0.537127416522501 ; sb = 783.497833168197
      k =   53 ; sb/Sb = 0.641547374306764 ; sb = 935.813295285475
      k =   52 ; sb/Sb = 0.73352364010445 ; sb = 1069.97737393546
      k =   51 ; sb/Sb = 0.880077621358033 ; sb = 1283.75295719978
      k =   50 ; sb/Sb = 1 ; sb = 1458.68151404514
      Creating new point: f = 0.145691656340071
Triangulating...
[1] "Non-adjacent points in rim connected by line: 112 1"
[1] "In triangle: 798" "In triangle: 804"
[1] "Other points in triangles: 472 518"
[1] "Non-adjacent points in rim connected by line: 518 112"
[1] "In triangle: 804" "In triangle: 805"
[1] "Other points in triangles: 608 113"
Merging points...
Projecting to sphere...
Optimising mapping with FIRE...
E =  0.00567 | E_L =  0.00567 | E_A =  0.00000 |   0 flippped triangles
E =  0.00389 | E_L =  0.00389 | E_A =  0.00000 |  62 flippped triangles
        phi0    phi0.1    phi0.2    phi0.3    phi0.4    phi0.5    phi0.6
id    89.000   93.0000   108.000  164.0000   172.000    278.00    316.00
A   2844.453  788.0606  7732.221  932.2074  9845.397  44053.25  22567.20
a  -1321.916 -680.7247 -5410.787 -804.5020 -4134.147 -47461.48 -20500.95
      phi0.7    phi0.8    phi0.9   phi0.10    phi0.11   phi0.12  phi0.13
id 494.00000   499.000  514.0000 538.00000   593.0000   595.000  597.000
A   58.47072  1869.132 8336.9746  86.84319 21604.5897  1605.332 1430.377
a  -41.07261 -1456.333 -800.9886 -87.33457  -495.7665 -1361.300 -378.622
     phi0.14   phi0.15   phi0.16   phi0.17   phi0.18   phi0.19   phi0.20
id   601.000   627.000  629.0000    710.00    713.00   714.000   715.000
A   2466.227  9337.879  408.2193  13761.92  12808.38  8394.789  5191.578
a  -2320.351 -6887.613 -346.7786 -13132.83 -13695.71 -2506.557 -1251.653
    phi0.21   phi0.22   phi0.23   phi0.24   phi0.25   phi0.26     phi0.27
id  734.000   735.000    760.00  763.0000 765.00000   766.000 768.0000000
A   274.821 24976.960  28052.08  761.0364 208.71333  1777.215   0.6010534
a  -212.458 -5564.836 -17225.40 -694.0227 -55.99423 -1555.090  -0.3030799
    phi0.28  phi0.29   phi0.30   phi0.31   phi0.32  phi0.33   phi0.34   phi0.35
id  773.000  775.000   777.000   784.000   790.000  796.000  798.0000  799.0000
A  1039.439  260.825  4506.013 17251.279  1853.451 2084.149  155.2975  245.6280
a  -824.352 -125.947 -3509.732 -3016.025 -1517.555 -947.756 -146.3204 -210.6345
     phi0.36   phi0.37   phi0.38   phi0.39   phi0.40   phi0.41   phi0.42
id 803.00000 804.00000 805.00000  809.0000   823.000   824.000   827.000
A  292.19097  61.98792  20.44727  446.6185  6812.912  2533.009  5921.295
a  -66.97354 -27.62675 -17.94804 -420.5134 -6397.271 -1397.404 -4130.637
     phi0.43   phi0.44   phi0.45   phi0.46   phi0.47   phi0.48   phi0.49
id   831.000   838.000   839.000  840.0000   844.000   862.000   864.000
A   2675.885  1761.452  4786.248  114.6696  6415.528  1443.190  2245.431
a  -2307.492 -1732.790 -3103.795 -118.5326 -6053.211 -1282.081 -2186.588
     phi0.50   phi0.51   phi0.52   phi0.53   phi0.54   phi0.55   phi0.56
id  869.0000   873.000   874.000    884.00  896.0000   900.000  905.0000
A   701.2325  3146.990  3750.274  10775.44  197.2998  3016.387  525.7693
a  -498.8020 -2350.831 -2613.300 -10411.37 -107.5124 -2934.989 -543.1057
     phi0.57     phi0.58   phi0.59    phi0.60    phi0.61
id   936.000 945.0000000  946.0000 1021.00000 1023.00000
A  17932.199   0.5612106  193.8496   29.23699   62.38422
a  -9881.891  -0.4976856 -161.6157  -28.45901  -55.19865
E =  0.00360 | E_L =  0.00360 | E_A =  0.00000 |  42 flippped triangles
        phi0    phi0.1    phi0.2    phi0.3    phi0.4    phi0.5    phi0.6
id   93.0000 160.00000    278.00    316.00 494.00000   499.000 552.00000
A   788.0606  14.67902  44053.25  22567.20  58.47072  1869.132  11.56849
a  -698.8991 -12.95861 -48687.00 -17614.04 -53.42429 -1445.546 -11.76578
      phi0.7    phi0.8     phi0.9   phi0.10    phi0.11   phi0.12   phi0.13
id   593.000   596.000   599.0000   601.000 734.000000   757.000  763.0000
A  21604.590  3115.475 13531.8636  2466.227 274.821021  7075.953  761.0364
a  -3057.394 -1179.672  -631.8776 -2104.226  -7.446118 -3910.185 -251.1187
       phi0.14   phi0.15   phi0.16   phi0.17   phi0.18   phi0.19   phi0.20
id 768.0000000    771.00  775.0000   777.000   794.000   796.000 798.00000
A    0.6010534  19114.34  260.8250  4506.013  4501.946  2084.149 155.29751
a   -0.2951510 -14217.79 -187.2438 -4536.452 -3263.502 -1906.513 -31.06873
     phi0.21   phi0.22   phi0.23   phi0.24   phi0.25   phi0.26   phi0.27
id  799.0000 805.00000   827.000   831.000   838.000   839.000  840.0000
A   245.6280  20.44727  5921.295  2675.885  1761.452  4786.248  114.6696
a  -216.7913 -31.13439 -3893.269 -2069.298 -1647.146 -3680.653 -111.7347
     phi0.28   phi0.29   phi0.30  phi0.31   phi0.32   phi0.33   phi0.34
id   844.000   864.000  869.0000   873.00   874.000    884.00 893.00000
A   6415.528  2245.431  701.2325  3146.99  3750.274  10775.44  49.06488
a  -4449.342 -1939.203 -705.9769 -2604.35 -2872.043 -11456.89 -46.45498
    phi0.35   phi0.36   phi0.37   phi0.38   phi0.39    phi0.40    phi0.41
id 896.0000   900.000  905.0000    936.00  946.0000 1021.00000 1023.00000
A  197.2998  3016.387  525.7693  17932.20  193.8496   29.23699   62.38422
a  -58.2698 -2589.493 -557.7831 -21223.03 -171.7619  -25.50778  -33.68359
E =  0.00334 | E_L =  0.00334 | E_A =  0.00000 |  38 flippped triangles
        phi0    phi0.1    phi0.2    phi0.3    phi0.4    phi0.5    phi0.6
id   93.0000 160.00000    278.00    316.00   414.000 494.00000  499.0000
A   788.0606  14.67902  44053.25  22567.20 35356.788  58.47072 1869.1322
a  -706.3789 -13.98803 -48896.24 -17695.99 -6099.594 -54.03564 -997.9934
      phi0.7    phi0.8    phi0.9  phi0.10   phi0.11   phi0.12   phi0.13
id 552.00000    599.00   601.000  734.000   757.000  765.0000    771.00
A   11.56849  13531.86  2466.227  274.821  7075.953  208.7133  19114.34
a  -11.87523 -12520.44 -2800.301 -230.842 -6455.293 -213.1375 -17679.97
     phi0.14   phi0.15   phi0.16   phi0.17   phi0.18   phi0.19   phi0.20
id  775.0000   776.000   777.000   794.000 805.00000   827.000   831.000
A   260.8250  1443.466  4506.013  4501.946  20.44727  5921.295  2675.885
a  -248.3726 -1164.982 -5115.464 -3559.317 -24.82932 -4157.723 -2085.748
     phi0.21   phi0.22   phi0.23   phi0.24   phi0.25   phi0.26   phi0.27
id   838.000   839.000  840.0000   861.000   864.000  869.0000   873.000
A   1761.452  4786.248  114.6696  4081.448  2245.431  701.2325  3146.990
a  -1693.140 -3811.602 -117.2628 -3275.700 -1916.842 -621.1728 -2539.947
     phi0.28   phi0.29   phi0.30   phi0.31   phi0.32   phi0.33   phi0.34
id   874.000    884.00 893.00000 896.00000   900.000  905.0000    936.00
A   3750.274  10775.44  49.06488 197.29978  3016.387  525.7693  17932.20
a  -2821.604 -11115.55 -49.29405 -95.25628 -2820.054 -556.4123 -17232.21
     phi0.35    phi0.36    phi0.37
id  946.0000 1021.00000 1026.00000
A   193.8496   29.23699   83.52413
a  -166.5747  -20.94814  -10.92301
E =  0.00278 | E_L =  0.00278 | E_A =  0.00000 |  38 flippped triangles
        phi0    phi0.1    phi0.2    phi0.3    phi0.4    phi0.5    phi0.6
id   93.0000 160.00000    278.00    316.00 494.00000   499.000 552.00000
A   788.0606  14.67902  44053.25  22567.20  58.47072  1869.132  11.56849
a  -720.8102 -12.78364 -48671.77 -17351.95 -49.65845 -2263.645 -10.12340
      phi0.7    phi0.8    phi0.9   phi0.10   phi0.11   phi0.12   phi0.13
id   599.000   601.000 734.00000   757.000    771.00 775.00000  776.0000
A  13531.864  2466.227 274.82102  7075.953  19114.34 260.82500 1443.4660
a  -9617.213 -1429.398 -57.82408 -5329.634 -11517.90 -96.46705 -683.3818
     phi0.14   phi0.15   phi0.16   phi0.17   phi0.18   phi0.19   phi0.20
id   777.000   794.000  802.0000   827.000  828.0000   831.000   838.000
A   4506.013  4501.946 2029.4709  5921.295 1407.8642  2675.885  1761.452
a  -3548.845 -2514.611 -157.0581 -2964.141 -265.7047 -2141.638 -1691.709
     phi0.21   phi0.22   phi0.23   phi0.24   phi0.25   phi0.26   phi0.27
id   839.000  840.0000   861.000   864.000  869.0000   873.000   874.000
A   4786.248  114.6696  4081.448  2245.431  701.2325  3146.990  3750.274
a  -4278.154 -114.8130 -2545.113 -1965.544 -678.7855 -2648.356 -2976.522
     phi0.28   phi0.29   phi0.30   phi0.31   phi0.32   phi0.33   phi0.34
id    884.00 893.00000  896.0000   900.000  905.0000   936.000  946.0000
A   10775.44  49.06488  197.2998  3016.387  525.7693 17932.199  193.8496
a  -11827.73 -39.67774 -198.7619 -2449.558 -559.1481 -4727.168 -114.2851
     phi0.35     phi0.36    phi0.37
id 1024.0000 1025.000000 1026.00000
A   135.6801  125.064782   83.52413
a   -81.3211   -7.993149  -63.92130
E =  0.00271 | E_L =  0.00271 | E_A =  0.00000 |  38 flippped triangles
        phi0    phi0.1    phi0.2    phi0.3    phi0.4    phi0.5    phi0.6
id  19.00000  71.00000   93.0000 160.00000    278.00    316.00 494.00000
A   24.89929  16.61202  788.0606  14.67902  44053.25  22567.20  58.47072
a  -16.14916 -15.97348 -704.5457 -14.09415 -48899.18 -16718.55 -51.05164
      phi0.7    phi0.8    phi0.9   phi0.10   phi0.11   phi0.12   phi0.13
id   499.000 552.00000    599.00   601.000  734.0000   757.000  765.0000
A   1869.132  11.56849  13531.86  2466.227  274.8210  7075.953  208.7133
a  -1044.095 -12.12653 -11058.95 -2774.381 -218.5908 -6293.146 -123.0993
     phi0.14   phi0.15   phi0.16   phi0.17   phi0.18   phi0.19   phi0.20
id    771.00  775.0000   776.000   777.000   794.000 805.00000   827.000
A   19114.34  260.8250  1443.466  4506.013  4501.946  20.44727  5921.295
a  -17898.96 -218.0153 -1231.436 -5169.225 -3017.476 -30.34827 -3590.853
     phi0.21   phi0.22   phi0.23   phi0.24   phi0.25   phi0.26   phi0.27
id   831.000   838.000   839.000  840.0000   861.000   864.000  869.0000
A   2675.885  1761.452  4786.248  114.6696  4081.448  2245.431  701.2325
a  -2170.695 -1718.411 -2970.234 -115.8375 -3560.046 -1998.461 -687.7171
     phi0.28   phi0.29   phi0.30   phi0.31   phi0.32   phi0.33   phi0.34
id   873.000   874.000    884.00 893.00000 896.00000   900.000  905.0000
A   3146.990  3750.274  10775.44  49.06488 197.29978  3016.387  525.7693
a  -2606.305 -2876.746 -11198.54 -47.66412 -83.68306 -2674.530 -566.5017
     phi0.35   phi0.36    phi0.37
id    936.00  946.0000 1021.00000
A   17932.20  193.8496   29.23699
a  -10337.78 -182.7648  -22.70544
E =  0.00271 | E_L =  0.00271 | E_A =  0.00000 |  41 flippped triangles
        phi0    phi0.1    phi0.2    phi0.3    phi0.4    phi0.5    phi0.6
id  19.00000  71.00000   93.0000 160.00000    278.00    316.00 494.00000
A   24.89929  16.61202  788.0606  14.67902  44053.25  22567.20  58.47072
a  -19.95275 -18.55662 -693.3211 -13.63272 -48749.88 -18067.34 -51.28516
      phi0.7    phi0.8    phi0.9   phi0.10   phi0.11   phi0.12   phi0.13
id   499.000 552.00000   599.000   601.000  734.0000   757.000  765.0000
A   1869.132  11.56849 13531.864  2466.227  274.8210  7075.953  208.7133
a  -1419.891 -11.70833 -9690.432 -2362.575 -269.2567 -5778.373 -175.6554
     phi0.14  phi0.15   phi0.16   phi0.17   phi0.18   phi0.19   phi0.20
id    771.00  775.000   776.000   777.000   794.000 804.00000 805.00000
A   19114.34  260.825  1443.466  4506.013  4501.946  61.98792  20.44727
a  -15585.01 -244.705 -1017.211 -4764.536 -2420.315 -46.35263 -28.53956
     phi0.21   phi0.22   phi0.23   phi0.24   phi0.25   phi0.26   phi0.27
id   827.000   831.000   838.000   839.000  840.0000   861.000   864.000
A   5921.295  2675.885  1761.452  4786.248  114.6696  4081.448  2245.431
a  -2925.657 -2128.671 -1715.157 -2125.622 -116.2077 -2923.735 -1972.933
     phi0.28   phi0.29   phi0.30   phi0.31   phi0.32   phi0.33   phi0.34
id  869.0000   873.000   874.000    884.00 893.00000  896.0000   900.000
A   701.2325  3146.990  3750.274  10775.44  49.06488  197.2998  3016.387
a  -715.2245 -2542.048 -2817.167 -11323.23 -46.65512 -106.8611 -2666.916
     phi0.35   phi0.36   phi0.37    phi0.38    phi0.39    phi0.40
id  905.0000   936.000  946.0000 1021.00000 1025.00000 1026.00000
A   525.7693 17932.199  193.8496   29.23699  125.06478   83.52413
a  -551.9361 -3931.522 -200.5683  -23.42881  -65.96497  -22.34983
FIRE:  8  stops.  47 hits of maxmove.  0 hits of dtmax.
Frms = 9.14627415440904e-06; Ftanrms = 9.14598624276275e-06
E =  0.00608 | E_L =  0.00607 | E_A =  0.00001 |   0 flippped triangles
E =  0.00356 | E_L =  0.00356 | E_A =  0.00000 |   0 flippped triangles
E =  0.00335 | E_L =  0.00335 | E_A =  0.00000 |   0 flippped triangles
E =  0.00331 | E_L =  0.00331 | E_A =  0.00000 |   0 flippped triangles
E =  0.00330 | E_L =  0.00330 | E_A =  0.00000 |   0 flippped triangles
E =  0.00330 | E_L =  0.00330 | E_A =  0.00000 |   0 flippped triangles
Optimising mapping with BFGS...
E =  0.00330 | E_L =  0.00330 | E_A =  0.00000 |   0 flippped triangles
Transforming image...
Mapping optimised. Error: 0.003297373 ; 0 flipped triangles.
Inferring coordinates of datapoints
Inferring coordinates of landmarks
Mapping optimised. Error: 0.003297373 ; 0 flipped triangles. OD displacement: 6.760318 degrees.
Computing Kernel Density estimates of datapoints

[1] 0.7
Saving adult_retina/data/C57BL6J/GM511/R-CONTRA/r.mat
