[1] "Adding old segment 1"
[1] "Adding old segment 2"
[1] "Adding old segment 4"
[1] "Adding old segment 6"
[1] "Adding old segment 7"
[1] "Intersection found. Old points:"
   X    Y 
 930 2899 
   X    Y 
1020 2789 
   X    Y 
1000 2809 
   X    Y 
 930 2989 
[1] "Point i+1 has been changed:"
   X    Y 
 930 2899 
        X         Y 
 996.7059 2817.4706 
   X    Y 
1000 2809 
   X    Y 
 930 2989 
[1] "a= 0.27167488710912"
[1] "l= 184.04351072728"
[1] "New points:"
   X    Y 
 930 2899 
        X         Y 
 996.7059 2817.4706 
        X         Y 
 948.1223 2942.3998 
   X    Y 
 930 2989 
[1] "Intersection found. Old points:"
   X    Y 
2530 1549 
   X    Y 
2240 1499 
   X    Y 
2240 1499 
   X    Y 
1820 1389 
[1] "Point i+1 has been changed:"
   X    Y 
2530 1549 
   X    Y 
2240 1499 
   X    Y 
2240 1499 
   X    Y 
1820 1389 
[1] "a= 0.11516335992622"
[1] "l= 434.165866921848"
[1] "New points:"
   X    Y 
2530 1549 
   X    Y 
2240 1499 
       X        Y 
1868.369 1401.668 
   X    Y 
1820 1389 
[1] "Storing new segment 1"
[1] "Adding old segment 3"
[1] "Storing new segment 2"
[1] "Adding old segment 5"
[1] "Storing new segment 3"
Triangulating...
[1] "Non-adjacent points in rim connected by line: 15 13"
[1] "In triangle: 247" "In triangle: 251"
[1] "Other points in triangles: 163 14"
[1] "Non-adjacent points in rim connected by line: 18 12"
[1] "In triangle: 214" "In triangle: 221"
[1] "Other points in triangles: 154 163"
[1] "Non-adjacent points in rim connected by line: 24 22"
[1] "In triangle: 161" "In triangle: 162"
[1] "Other points in triangles: 23 161"
[1] "Non-adjacent points in rim connected by line: 29 27"
[1] "In triangle: 167" "In triangle: 168"
[1] "Other points in triangles: 28 153"
[1] "Non-adjacent points in rim connected by line: 38 36"
[1] "In triangle: 203" "In triangle: 207"
[1] "Other points in triangles: 37 172"
[1] "Non-adjacent points in rim connected by line: 49 46"
[1] "In triangle: 183" "In triangle: 186"
[1] "Other points in triangles: 50 47"
[1] "Non-adjacent points in rim connected by line: 49 47"
[1] "In triangle: 186" "In triangle: 187"
[1] "Other points in triangles: 497 48"
[1] "Non-adjacent points in rim connected by line: 50 45"
[1] "In triangle: 185" "In triangle: 190"
[1] "Other points in triangles: 46 148"
[1] "Non-adjacent points in rim connected by line: 50 46"
[1] "In triangle: 185" "In triangle: 844"
[1] "Other points in triangles: 499 497"
[1] "Non-adjacent points in rim connected by line: 52 43"
[1] "In triangle: 177" "In triangle: 210"
[1] "Other points in triangles: 148 53"
[1] "Non-adjacent points in rim connected by line: 53 43"
[1] "In triangle: 155" "In triangle: 853"
[1] "Other points in triangles: 159 501"
[1] "Non-adjacent points in rim connected by line: 63 61"
[1] "In triangle: 35" "In triangle: 41"
[1] "Other points in triangles: 195 62"
[1] "Non-adjacent points in rim connected by line: 70 68"
[1] "In triangle: 55" "In triangle: 62"
[1] "Other points in triangles: 71 69"
[1] "Non-adjacent points in rim connected by line: 71 68"
[1] "In triangle: 80"  "In triangle: 858"
[1] "Other points in triangles: 167 504"
[1] "Non-adjacent points in rim connected by line: 127 124"
[1] "In triangle: 131" "In triangle: 785"
[1] "Other points in triangles: 125 467"
[1] "Non-adjacent points in rim connected by line: 127 125"
[1] "In triangle: 131" "In triangle: 133"
[1] "Other points in triangles: 506 126"
Stitching...
Tear 1 child of rim
Tear 2 child of rim
Tear 3 child of rim
Tear 4 child of backward side of tear 3
Tear 4 child of backward side of tear 5
Tear 5 child of backward side of tear 3
Tear 6 child of backward side of tear 3
Tear 7 child of rim
Tear 1 : Sf = 1009.73788726556 ; Sb = 1626.43686430879
  Forwards path
    i = 93 ; sf/Sf = 0.199305305379766 ; sf = 201.246117974981
      k =   94 ; sb/Sb = 0 ; sb = 0
      k =   95 ; sb/Sb = 0.0799293245577338 ; sb = 130
      k =   96 ; sb/Sb = 0.233639564091837 ; sb = 380
      Creating new point: f = 0.776629983687888
    i = 92 ; sf/Sf = 0.416507338462371 ; sf = 420.563239969594
      k =   94 ; sb/Sb = 0 ; sb = 0
      k =   95 ; sb/Sb = 0.0799293245577338 ; sb = 130
      k =   96 ; sb/Sb = 0.233639564091837 ; sb = 380
      k =   97 ; sb/Sb = 0.272525520621263 ; sb = 443.245553203368
      k =   98 ; sb/Sb = 0.451780923114964 ; sb = 734.793147945633
      Creating new point: f = 0.803221637050338
    i = 91 ; sf/Sf = 0.573096375085135 ; sf = 578.677122978013
      k =   94 ; sb/Sb = 0 ; sb = 0
      k =   95 ; sb/Sb = 0.0799293245577338 ; sb = 130
      k =   96 ; sb/Sb = 0.233639564091837 ; sb = 380
      k =   97 ; sb/Sb = 0.272525520621263 ; sb = 443.245553203368
      k =   98 ; sb/Sb = 0.451780923114964 ; sb = 734.793147945633
      k =   99 ; sb/Sb = 0.617217705105162 ; sb = 1003.86562888711
      Creating new point: f = 0.733303987848115
    i = 90 ; sf/Sf = 0.843410963377236 ; sf = 851.624004257137
      k =   94 ; sb/Sb = 0 ; sb = 0
      k =   95 ; sb/Sb = 0.0799293245577338 ; sb = 130
      k =   96 ; sb/Sb = 0.233639564091837 ; sb = 380
      k =   97 ; sb/Sb = 0.272525520621263 ; sb = 443.245553203368
      k =   98 ; sb/Sb = 0.451780923114964 ; sb = 734.793147945633
      k =   99 ; sb/Sb = 0.617217705105162 ; sb = 1003.86562888711
      k =  100 ; sb/Sb = 0.807917544239237 ; sb = 1314.02687727252
      k =  101 ; sb/Sb = 1 ; sb = 1626.43686430879
      Creating new point: f = 0.184782201984157
Tear 2 : Sf = 1130.98430518818 ; Sb = 1218.55912360666
  Forwards path
    i = 117 ; sf/Sf = 0.0931409643707083 ; sf = 105.340968873363
      k =  118 ; sb/Sb = 0 ; sb = 0
      k =  119 ; sb/Sb = 0.110001647134315 ; sb = 134.04351072728
      Creating new point: f = 0.846723360941864
    i = 116 ; sf/Sf = 0.230687958743151 ; sf = 260.904460734403
      k =  118 ; sb/Sb = 0 ; sb = 0
      k =  119 ; sb/Sb = 0.110001647134315 ; sb = 134.04351072728
      k =  120 ; sb/Sb = 0.151033714459872 ; sb = 184.04351072728
      k =  121 ; sb/Sb = 0.258972231214284 ; sb = 315.572975106939
      Creating new point: f = 0.737959411324073
    i = 115 ; sf/Sf = 0.408626871822494 ; sf = 462.150578709384
      k =  118 ; sb/Sb = 0 ; sb = 0
      k =  119 ; sb/Sb = 0.110001647134315 ; sb = 134.04351072728
      k =  120 ; sb/Sb = 0.151033714459872 ; sb = 184.04351072728
      k =  121 ; sb/Sb = 0.258972231214284 ; sb = 315.572975106939
      k =  122 ; sb/Sb = 0.406687673586288 ; sb = 495.57297510694
      k =  123 ; sb/Sb = 0.570815942888515 ; sb = 695.57297510694
      Creating new point: f = 0.0118151385160519
    i = 114 ; sf/Sf = 0.505887284275076 ; sf = 572.150578709384
      k =  118 ; sb/Sb = 0 ; sb = 0
      k =  119 ; sb/Sb = 0.110001647134315 ; sb = 134.04351072728
      k =  120 ; sb/Sb = 0.151033714459872 ; sb = 184.04351072728
      k =  121 ; sb/Sb = 0.258972231214284 ; sb = 315.572975106939
      k =  122 ; sb/Sb = 0.406687673586288 ; sb = 495.57297510694
      k =  123 ; sb/Sb = 0.570815942888515 ; sb = 695.57297510694
      Creating new point: f = 0.604402953315258
    i = 113 ; sf/Sf = 0.631553664775264 ; sf = 714.277282744903
      k =  118 ; sb/Sb = 0 ; sb = 0
      k =  119 ; sb/Sb = 0.110001647134315 ; sb = 134.04351072728
      k =  120 ; sb/Sb = 0.151033714459872 ; sb = 184.04351072728
      k =  121 ; sb/Sb = 0.258972231214284 ; sb = 315.572975106939
      k =  122 ; sb/Sb = 0.406687673586288 ; sb = 495.57297510694
      k =  123 ; sb/Sb = 0.570815942888515 ; sb = 695.57297510694
      k =  124 ; sb/Sb = 0.750796641195122 ; sb = 914.890097101553
      Creating new point: f = 0.337467975500789
    i = 112 ; sf/Sf = 0.75659638693203 ; sf = 855.698638982213
      k =  118 ; sb/Sb = 0 ; sb = 0
      k =  119 ; sb/Sb = 0.110001647134315 ; sb = 134.04351072728
      k =  120 ; sb/Sb = 0.151033714459872 ; sb = 184.04351072728
      k =  121 ; sb/Sb = 0.258972231214284 ; sb = 315.572975106939
      k =  122 ; sb/Sb = 0.406687673586288 ; sb = 495.57297510694
      k =  123 ; sb/Sb = 0.570815942888515 ; sb = 695.57297510694
      k =  124 ; sb/Sb = 0.750796641195122 ; sb = 914.890097101553
      k =  125 ; sb/Sb = 0.940256408177118 ; sb = 1145.75802471386
      Creating new point: f = 0.0306120176821503
    i = 111 ; sf/Sf = 0.935630319042587 ; sf = 1058.18320629538
      k =  118 ; sb/Sb = 0 ; sb = 0
      k =  119 ; sb/Sb = 0.110001647134315 ; sb = 134.04351072728
      k =  120 ; sb/Sb = 0.151033714459872 ; sb = 184.04351072728
      k =  121 ; sb/Sb = 0.258972231214284 ; sb = 315.572975106939
      k =  122 ; sb/Sb = 0.406687673586288 ; sb = 495.57297510694
      k =  123 ; sb/Sb = 0.570815942888515 ; sb = 695.57297510694
      k =  124 ; sb/Sb = 0.750796641195122 ; sb = 914.890097101553
      k =  125 ; sb/Sb = 0.940256408177118 ; sb = 1145.75802471386
      Creating new point: f = 0.975582736069917
Tear 3 : Sf = 3323.26475194575 ; Sb = 3544.60257047642
  Forwards path
    i = 5 ; sf/Sf = 0.0574885680214221 ; sf = 191.049731745428
      k =    6 ; sb/Sb = 0 ; sb = 0
      k =    7 ; sb/Sb = 0.0818145318788228 ; sb = 290
      Creating new point: f = 0.702669399937039
    i = 4 ; sf/Sf = 0.151495519123754 ; sf = 503.459718781694
      k =    6 ; sb/Sb = 0 ; sb = 0
      k =    7 ; sb/Sb = 0.0818145318788228 ; sb = 290
      k =    8 ; sb/Sb = 0.139974869231728 ; sb = 496.155281280883
      k =    9 ; sb/Sb = 0.175882765274491 ; sb = 623.434501894462
      Creating new point: f = 0.320838900678155
    i = 3 ; sf/Sf = 0.21525697564933 ; sf = 715.355919785865
      k =    6 ; sb/Sb = 0 ; sb = 0
      k =    7 ; sb/Sb = 0.0818145318788228 ; sb = 290
      k =    8 ; sb/Sb = 0.139974869231728 ; sb = 496.155281280883
      k =    9 ; sb/Sb = 0.175882765274491 ; sb = 623.434501894462
      k =   10 ; sb/Sb = 0.245274882623184 ; sb = 869.401979419438
      Creating new point: f = 0.567416183267408
    i = 2 ; sf/Sf = 0.273372140577193 ; sf = 908.487998944145
      k =    6 ; sb/Sb = 0 ; sb = 0
      k =    7 ; sb/Sb = 0.0818145318788228 ; sb = 290
      k =    8 ; sb/Sb = 0.139974869231728 ; sb = 496.155281280883
      k =    9 ; sb/Sb = 0.175882765274491 ; sb = 623.434501894462
      k =   10 ; sb/Sb = 0.245274882623184 ; sb = 869.401979419438
      k =   11 ; sb/Sb = 0.347540615381798 ; sb = 1231.89335862728
      Creating new point: f = 0.274747534644174
    i = 1 ; sf/Sf = 0.288417586466127 ; sf = 958.487998944145
      k =    6 ; sb/Sb = 0 ; sb = 0
      k =    7 ; sb/Sb = 0.0818145318788228 ; sb = 290
      k =    8 ; sb/Sb = 0.139974869231728 ; sb = 496.155281280883
      k =    9 ; sb/Sb = 0.175882765274491 ; sb = 623.434501894462
      k =   10 ; sb/Sb = 0.245274882623184 ; sb = 869.401979419438
      k =   11 ; sb/Sb = 0.347540615381798 ; sb = 1231.89335862728
      Creating new point: f = 0.421868622843353
    i = 145 ; sf/Sf = 0.404016521729085 ; sf = 1342.65386586599
      k =    6 ; sb/Sb = 0 ; sb = 0
      k =    7 ; sb/Sb = 0.0818145318788228 ; sb = 290
      k =    8 ; sb/Sb = 0.139974869231728 ; sb = 496.155281280883
      k =    9 ; sb/Sb = 0.175882765274491 ; sb = 623.434501894462
      k =   10 ; sb/Sb = 0.245274882623184 ; sb = 869.401979419438
      k =   11 ; sb/Sb = 0.347540615381798 ; sb = 1231.89335862728
      k =   12 ; sb/Sb = 0.409414159068004 ; sb = 1451.21048062189
      Creating new point: f = 0.912763403914702
    i = 144 ; sf/Sf = 0.492567630760932 ; sf = 1636.93264525724
      k =    6 ; sb/Sb = 0 ; sb = 0
      k =    7 ; sb/Sb = 0.0818145318788228 ; sb = 290
      k =    8 ; sb/Sb = 0.139974869231728 ; sb = 496.155281280883
      k =    9 ; sb/Sb = 0.175882765274491 ; sb = 623.434501894462
      k =   10 ; sb/Sb = 0.245274882623184 ; sb = 869.401979419438
      k =   11 ; sb/Sb = 0.347540615381798 ; sb = 1231.89335862728
      k =   12 ; sb/Sb = 0.409414159068004 ; sb = 1451.21048062189
      k =   13 ; sb/Sb = 0.463900402678757 ; sb = 1644.34255978017
      k =   14 ; sb/Sb = 0.525773946364964 ; sb = 1863.65968177478
      Creating new point: f = 0.463319641550856
    i = 143 ; sf/Sf = 0.567069178649296 ; sf = 1884.52101332004
      k =    6 ; sb/Sb = 0 ; sb = 0
      k =    7 ; sb/Sb = 0.0818145318788228 ; sb = 290
      k =    8 ; sb/Sb = 0.139974869231728 ; sb = 496.155281280883
      k =    9 ; sb/Sb = 0.175882765274491 ; sb = 623.434501894462
      k =   10 ; sb/Sb = 0.245274882623184 ; sb = 869.401979419438
      k =   11 ; sb/Sb = 0.347540615381798 ; sb = 1231.89335862728
      k =   12 ; sb/Sb = 0.409414159068004 ; sb = 1451.21048062189
      k =   13 ; sb/Sb = 0.463900402678757 ; sb = 1644.34255978017
      k =   14 ; sb/Sb = 0.525773946364964 ; sb = 1863.65968177478
      k =   28 ; sb/Sb = 0.525773946364964 ; sb = 1863.65968177478
      k =   29 ; sb/Sb = 0.551784039948047 ; sb = 1955.85512634771
      k =   30 ; sb/Sb = 0.625836938615571 ; sb = 2218.34322131584
      Creating new point: f = 0.206408378014676
    i = 142 ; sf/Sf = 0.648035487693417 ; sf = 2153.59349426151
      k =    6 ; sb/Sb = 0 ; sb = 0
      k =    7 ; sb/Sb = 0.0818145318788228 ; sb = 290
      k =    8 ; sb/Sb = 0.139974869231728 ; sb = 496.155281280883
      k =    9 ; sb/Sb = 0.175882765274491 ; sb = 623.434501894462
      k =   10 ; sb/Sb = 0.245274882623184 ; sb = 869.401979419438
      k =   11 ; sb/Sb = 0.347540615381798 ; sb = 1231.89335862728
      k =   12 ; sb/Sb = 0.409414159068004 ; sb = 1451.21048062189
      k =   13 ; sb/Sb = 0.463900402678757 ; sb = 1644.34255978017
      k =   14 ; sb/Sb = 0.525773946364964 ; sb = 1863.65968177478
      k =   28 ; sb/Sb = 0.525773946364964 ; sb = 1863.65968177478
      k =   29 ; sb/Sb = 0.551784039948047 ; sb = 1955.85512634771
      k =   30 ; sb/Sb = 0.625836938615571 ; sb = 2218.34322131584
      k =   31 ; sb/Sb = 0.651847032198654 ; sb = 2310.53866588877
      Creating new point: f = 0.853459023780057
    i = 141 ; sf/Sf = 0.714029965523149 ; sf = 2372.91061625612
      k =    6 ; sb/Sb = 0 ; sb = 0
      k =    7 ; sb/Sb = 0.0818145318788228 ; sb = 290
      k =    8 ; sb/Sb = 0.139974869231728 ; sb = 496.155281280883
      k =    9 ; sb/Sb = 0.175882765274491 ; sb = 623.434501894462
      k =   10 ; sb/Sb = 0.245274882623184 ; sb = 869.401979419438
      k =   11 ; sb/Sb = 0.347540615381798 ; sb = 1231.89335862728
      k =   12 ; sb/Sb = 0.409414159068004 ; sb = 1451.21048062189
      k =   13 ; sb/Sb = 0.463900402678757 ; sb = 1644.34255978017
      k =   14 ; sb/Sb = 0.525773946364964 ; sb = 1863.65968177478
      k =   28 ; sb/Sb = 0.525773946364964 ; sb = 1863.65968177478
      k =   29 ; sb/Sb = 0.551784039948047 ; sb = 1955.85512634771
      k =   30 ; sb/Sb = 0.625836938615571 ; sb = 2218.34322131584
      k =   31 ; sb/Sb = 0.651847032198654 ; sb = 2310.53866588877
      k =   32 ; sb/Sb = 0.716734419550824 ; sb = 2540.53866588877
      Creating new point: f = 0.958320805659858
    i = 140 ; sf/Sf = 0.785807938884395 ; sf = 2611.44782509365
      k =    6 ; sb/Sb = 0 ; sb = 0
      k =    7 ; sb/Sb = 0.0818145318788228 ; sb = 290
      k =    8 ; sb/Sb = 0.139974869231728 ; sb = 496.155281280883
      k =    9 ; sb/Sb = 0.175882765274491 ; sb = 623.434501894462
      k =   10 ; sb/Sb = 0.245274882623184 ; sb = 869.401979419438
      k =   11 ; sb/Sb = 0.347540615381798 ; sb = 1231.89335862728
      k =   12 ; sb/Sb = 0.409414159068004 ; sb = 1451.21048062189
      k =   13 ; sb/Sb = 0.463900402678757 ; sb = 1644.34255978017
      k =   14 ; sb/Sb = 0.525773946364964 ; sb = 1863.65968177478
      k =   28 ; sb/Sb = 0.525773946364964 ; sb = 1863.65968177478
      k =   29 ; sb/Sb = 0.551784039948047 ; sb = 1955.85512634771
      k =   30 ; sb/Sb = 0.625836938615571 ; sb = 2218.34322131584
      k =   31 ; sb/Sb = 0.651847032198654 ; sb = 2310.53866588877
      k =   32 ; sb/Sb = 0.716734419550824 ; sb = 2540.53866588877
      k =   33 ; sb/Sb = 0.771001107223755 ; sb = 2732.89250650549
      k =   34 ; sb/Sb = 0.832874650909962 ; sb = 2952.2096285001
      Creating new point: f = 0.239307962313149
    i = 139 ; sf/Sf = 0.886915126366674 ; sf = 2947.45377742188
      k =    6 ; sb/Sb = 0 ; sb = 0
      k =    7 ; sb/Sb = 0.0818145318788228 ; sb = 290
      k =    8 ; sb/Sb = 0.139974869231728 ; sb = 496.155281280883
      k =    9 ; sb/Sb = 0.175882765274491 ; sb = 623.434501894462
      k =   10 ; sb/Sb = 0.245274882623184 ; sb = 869.401979419438
      k =   11 ; sb/Sb = 0.347540615381798 ; sb = 1231.89335862728
      k =   12 ; sb/Sb = 0.409414159068004 ; sb = 1451.21048062189
      k =   13 ; sb/Sb = 0.463900402678757 ; sb = 1644.34255978017
      k =   14 ; sb/Sb = 0.525773946364964 ; sb = 1863.65968177478
      k =   28 ; sb/Sb = 0.525773946364964 ; sb = 1863.65968177478
      k =   29 ; sb/Sb = 0.551784039948047 ; sb = 1955.85512634771
      k =   30 ; sb/Sb = 0.625836938615571 ; sb = 2218.34322131584
      k =   31 ; sb/Sb = 0.651847032198654 ; sb = 2310.53866588877
      k =   32 ; sb/Sb = 0.716734419550824 ; sb = 2540.53866588877
      k =   33 ; sb/Sb = 0.771001107223755 ; sb = 2732.89250650549
      k =   34 ; sb/Sb = 0.832874650909962 ; sb = 2952.2096285001
      k =   35 ; sb/Sb = 0.884664828752716 ; sb = 3135.78522600696
      k =   36 ; sb/Sb = 0.92846148687615 ; sb = 3291.02697296956
      Creating new point: f = 0.0513805781166153
    i = 138 ; sf/Sf = 0.96635736024055 ; sf = 3211.46135307076
      k =    6 ; sb/Sb = 0 ; sb = 0
      k =    7 ; sb/Sb = 0.0818145318788228 ; sb = 290
      k =    8 ; sb/Sb = 0.139974869231728 ; sb = 496.155281280883
      k =    9 ; sb/Sb = 0.175882765274491 ; sb = 623.434501894462
      k =   10 ; sb/Sb = 0.245274882623184 ; sb = 869.401979419438
      k =   11 ; sb/Sb = 0.347540615381798 ; sb = 1231.89335862728
      k =   12 ; sb/Sb = 0.409414159068004 ; sb = 1451.21048062189
      k =   13 ; sb/Sb = 0.463900402678757 ; sb = 1644.34255978017
      k =   14 ; sb/Sb = 0.525773946364964 ; sb = 1863.65968177478
      k =   28 ; sb/Sb = 0.525773946364964 ; sb = 1863.65968177478
      k =   29 ; sb/Sb = 0.551784039948047 ; sb = 1955.85512634771
      k =   30 ; sb/Sb = 0.625836938615571 ; sb = 2218.34322131584
      k =   31 ; sb/Sb = 0.651847032198654 ; sb = 2310.53866588877
      k =   32 ; sb/Sb = 0.716734419550824 ; sb = 2540.53866588877
      k =   33 ; sb/Sb = 0.771001107223755 ; sb = 2732.89250650549
      k =   34 ; sb/Sb = 0.832874650909962 ; sb = 2952.2096285001
      k =   35 ; sb/Sb = 0.884664828752716 ; sb = 3135.78522600696
      k =   36 ; sb/Sb = 0.92846148687615 ; sb = 3291.02697296956
      k =   37 ; sb/Sb = 0.980251664718905 ; sb = 3474.60257047642
      Creating new point: f = 0.731719313253935
Tear 4 : Sf = 353.100161998482 ; Sb = 272.510752139572
  Forwards path
    i = 25 ; sf/Sf = 0.360462085016335 ; sf = 127.279220613579
      k =   26 ; sb/Sb = 0 ; sb = 0
      k =   27 ; sb/Sb = 0.521545307550749 ; sb = 142.126704035519
      Creating new point: f = 0.691142418113426
    i = 24 ; sf/Sf = 0.683366333670869 ; sf = 241.296763123492
      k =   26 ; sb/Sb = 0 ; sb = 0
      k =   27 ; sb/Sb = 0.521545307550749 ; sb = 142.126704035519
      k =   28 ; sb/Sb = 1 ; sb = 272.510752139572
      Creating new point: f = 0.33821598716431
Tear 5 : Sf = 1108.5315710324 ; Sb = 363.622123897865
  Forwards path
    i = 20 ; sf/Sf = 0.179060603775073 ; sf = 198.494332412792
      k =   21 ; sb/Sb = 0 ; sb = 0
      k =   22 ; sb/Sb = 0.641429826363713 ; sb = 233.238075793812
      Creating new point: f = 0.279158524308378
    i = 19 ; sf/Sf = 0.344663101984385 ; sf = 382.06992991965
      k =   21 ; sb/Sb = 0 ; sb = 0
      k =   22 ; sb/Sb = 0.641429826363713 ; sb = 233.238075793812
      Creating new point: f = 0.537335633327641
    i = 18 ; sf/Sf = 0.427832086054965 ; sf = 474.265374492579
      k =   21 ; sb/Sb = 0 ; sb = 0
      k =   22 ; sb/Sb = 0.641429826363713 ; sb = 233.238075793812
      Creating new point: f = 0.666997492898575
    i = 17 ; sf/Sf = 0.618129084904377 ; sf = 685.215605589869
      k =   21 ; sb/Sb = 0 ; sb = 0
      k =   22 ; sb/Sb = 0.641429826363713 ; sb = 233.238075793812
      Creating new point: f = 0.963673748083358
    i = 16 ; sf/Sf = 0.718986292580352 ; sf = 797.019004464859
      k =   21 ; sb/Sb = 0 ; sb = 0
      k =   22 ; sb/Sb = 0.641429826363713 ; sb = 233.238075793812
      k =   23 ; sb/Sb = 1 ; sb = 363.622123897865
      Creating new point: f = 0.216293690660696
    i = 15 ; sf/Sf = 0.91683101592942 ; sf = 1016.33612645947
      k =   21 ; sb/Sb = 0 ; sb = 0
      k =   22 ; sb/Sb = 0.641429826363713 ; sb = 233.238075793812
      k =   23 ; sb/Sb = 1 ; sb = 363.622123897865
      Creating new point: f = 0.768053814328288
Tear 6 : Sf = 770.850050903191 ; Sb = 939.958100744934
  Forwards path
    i = 40 ; sf/Sf = 0.201807720812588 ; sf = 155.56349186104
      k =   41 ; sb/Sb = 0 ; sb = 0
      k =   42 ; sb/Sb = 0.124523634632687 ; sb = 117.046999107196
      k =   43 ; sb/Sb = 0.337299076263006 ; sb = 317.046999107196
      Creating new point: f = 0.363219014317339
    i = 39 ; sf/Sf = 0.353649183325374 ; sf = 272.610490968237
      k =   41 ; sb/Sb = 0 ; sb = 0
      k =   42 ; sb/Sb = 0.124523634632687 ; sb = 117.046999107196
      k =   43 ; sb/Sb = 0.337299076263006 ; sb = 317.046999107196
      k =   44 ; sb/Sb = 0.529975433452989 ; sb = 498.154701869945
      Creating new point: f = 0.0848578792998777
    i = 38 ; sf/Sf = 0.735407969027525 ; sf = 566.88927035948
      k =   41 ; sb/Sb = 0 ; sb = 0
      k =   42 ; sb/Sb = 0.124523634632687 ; sb = 117.046999107196
      k =   43 ; sb/Sb = 0.337299076263006 ; sb = 317.046999107196
      k =   44 ; sb/Sb = 0.529975433452989 ; sb = 498.154701869945
      k =   45 ; sb/Sb = 0.721473330920277 ; sb = 678.154701869945
      k =   46 ; sb/Sb = 0.84041841877726 ; sb = 789.958100744934
      Creating new point: f = 0.117151858545035
Tear 7 : Sf = 1572.53091401017 ; Sb = 1271.8059379848
  Forwards path
    i = 70 ; sf/Sf = 0.127975937504323 ; sf = 201.246117974981
      k =   71 ; sb/Sb = 0 ; sb = 0
      k =   72 ; sb/Sb = 0.102518823202421 ; sb = 130.384048104053
      k =   73 ; sb/Sb = 0.244049849771784 ; sb = 310.384048104053
      Creating new point: f = 0.179869495183978
    i = 69 ; sf/Sf = 0.190928562781282 ; sf = 300.241067341098
      k =   71 ; sb/Sb = 0 ; sb = 0
      k =   72 ; sb/Sb = 0.102518823202421 ; sb = 130.384048104053
      k =   73 ; sb/Sb = 0.244049849771784 ; sb = 310.384048104053
      Creating new point: f = 0.624666843178249
    i = 68 ; sf/Sf = 0.271366476770627 ; sf = 426.732173747833
      k =   71 ; sb/Sb = 0 ; sb = 0
      k =   72 ; sb/Sb = 0.102518823202421 ; sb = 130.384048104053
      k =   73 ; sb/Sb = 0.244049849771784 ; sb = 310.384048104053
      k =   74 ; sb/Sb = 0.338730918786704 ; sb = 430.799993891976
      Creating new point: f = 0.288512025508899
    i = 67 ; sf/Sf = 0.303162354075508 ; sf = 476.732173747833
      k =   71 ; sb/Sb = 0 ; sb = 0
      k =   72 ; sb/Sb = 0.102518823202421 ; sb = 130.384048104053
      k =   73 ; sb/Sb = 0.244049849771784 ; sb = 310.384048104053
      k =   74 ; sb/Sb = 0.338730918786704 ; sb = 430.799993891976
      Creating new point: f = 0.624332877931582
    i = 66 ; sf/Sf = 0.399394140780616 ; sf = 628.059633252048
      k =   71 ; sb/Sb = 0 ; sb = 0
      k =   72 ; sb/Sb = 0.102518823202421 ; sb = 130.384048104053
      k =   73 ; sb/Sb = 0.244049849771784 ; sb = 310.384048104053
      k =   74 ; sb/Sb = 0.338730918786704 ; sb = 430.799993891976
      k =   75 ; sb/Sb = 0.466728596025842 ; sb = 593.588199852973
      Creating new point: f = 0.473940022212866
    i = 65 ; sf/Sf = 0.49393008035975 ; sf = 776.720320725234
      k =   71 ; sb/Sb = 0 ; sb = 0
      k =   72 ; sb/Sb = 0.102518823202421 ; sb = 130.384048104053
      k =   73 ; sb/Sb = 0.244049849771784 ; sb = 310.384048104053
      k =   74 ; sb/Sb = 0.338730918786704 ; sb = 430.799993891976
      k =   75 ; sb/Sb = 0.466728596025842 ; sb = 593.588199852973
      k =   76 ; sb/Sb = 0.60427203061818 ; sb = 768.516756698332
      Creating new point: f = 0.19776650491919
    i = 64 ; sf/Sf = 0.634408857835991 ; sf = 997.627541068979
      k =   71 ; sb/Sb = 0 ; sb = 0
      k =   72 ; sb/Sb = 0.102518823202421 ; sb = 130.384048104053
      k =   73 ; sb/Sb = 0.244049849771784 ; sb = 310.384048104053
      k =   74 ; sb/Sb = 0.338730918786704 ; sb = 430.799993891976
      k =   75 ; sb/Sb = 0.466728596025842 ; sb = 593.588199852973
      k =   76 ; sb/Sb = 0.60427203061818 ; sb = 768.516756698332
      k =   77 ; sb/Sb = 1 ; sb = 1271.8059379848
      Creating new point: f = 0.0761554136921102
    i = 63 ; sf/Sf = 0.882742598251607 ; sf = 1388.14002486431
      k =   71 ; sb/Sb = 0 ; sb = 0
      k =   72 ; sb/Sb = 0.102518823202421 ; sb = 130.384048104053
      k =   73 ; sb/Sb = 0.244049849771784 ; sb = 310.384048104053
      k =   74 ; sb/Sb = 0.338730918786704 ; sb = 430.799993891976
      k =   75 ; sb/Sb = 0.466728596025842 ; sb = 593.588199852973
      k =   76 ; sb/Sb = 0.60427203061818 ; sb = 768.516756698332
      k =   77 ; sb/Sb = 1 ; sb = 1271.8059379848
      Creating new point: f = 0.703691902466322
Tear 1 : Sf = 1626.43686430879 ; Sb = 1009.73788726556
  Backwards path
    i = 95 ; sf/Sf = 0.0799293245577338 ; sf = 130
      k =   94 ; sb/Sb = 0 ; sb = 0
      k =   93 ; sb/Sb = 0.199305305379766 ; sb = 201.246117974981
      Creating new point: f = 0.401039623132122
    i = 96 ; sf/Sf = 0.233639564091837 ; sf = 380
      k =   94 ; sb/Sb = 0 ; sb = 0
      k =   93 ; sb/Sb = 0.199305305379766 ; sb = 201.246117974981
      k =   92 ; sb/Sb = 0.416507338462371 ; sb = 420.563239969594
      Creating new point: f = 0.158075217919409
    i = 97 ; sf/Sf = 0.272525520621263 ; sf = 443.245553203368
      k =   94 ; sb/Sb = 0 ; sb = 0
      k =   93 ; sb/Sb = 0.199305305379766 ; sb = 201.246117974981
      k =   92 ; sb/Sb = 0.416507338462371 ; sb = 420.563239969594
      Creating new point: f = 0.337106491142515
    i = 98 ; sf/Sf = 0.451780923114964 ; sf = 734.793147945633
      k =   94 ; sb/Sb = 0 ; sb = 0
      k =   93 ; sb/Sb = 0.199305305379766 ; sb = 201.246117974981
      k =   92 ; sb/Sb = 0.416507338462371 ; sb = 420.563239969594
      k =   91 ; sb/Sb = 0.573096375085135 ; sb = 578.677122978013
      Creating new point: f = 0.22526216019561
    i = 99 ; sf/Sf = 0.617217705105162 ; sf = 1003.86562888711
      k =   94 ; sb/Sb = 0 ; sb = 0
      k =   93 ; sb/Sb = 0.199305305379766 ; sb = 201.246117974981
      k =   92 ; sb/Sb = 0.416507338462371 ; sb = 420.563239969594
      k =   91 ; sb/Sb = 0.573096375085135 ; sb = 578.677122978013
      k =   90 ; sb/Sb = 0.843410963377235 ; sb = 851.624004257137
      Creating new point: f = 0.163222156446656
    i = 100 ; sf/Sf = 0.807917544239238 ; sf = 1314.02687727252
      k =   94 ; sb/Sb = 0 ; sb = 0
      k =   93 ; sb/Sb = 0.199305305379766 ; sb = 201.246117974981
      k =   92 ; sb/Sb = 0.416507338462371 ; sb = 420.563239969594
      k =   91 ; sb/Sb = 0.573096375085135 ; sb = 578.677122978013
      k =   90 ; sb/Sb = 0.843410963377235 ; sb = 851.624004257137
      Creating new point: f = 0.868695880003176
Tear 2 : Sf = 1218.55912360666 ; Sb = 1130.98430518818
  Backwards path
    i = 119 ; sf/Sf = 0.110001647134315 ; sf = 134.04351072728
      k =  118 ; sb/Sb = 0 ; sb = 0
      k =  117 ; sb/Sb = 0.0931409643707083 ; sb = 105.340968873363
      k =  116 ; sb/Sb = 0.230687958743151 ; sb = 260.904460734403
      Creating new point: f = 0.122581251888008
    i = 120 ; sf/Sf = 0.151033714459872 ; sf = 184.04351072728
      k =  118 ; sb/Sb = 0 ; sb = 0
      k =  117 ; sb/Sb = 0.0931409643707083 ; sb = 105.340968873363
      k =  116 ; sb/Sb = 0.230687958743151 ; sb = 260.904460734403
      Creating new point: f = 0.420894330358137
    i = 121 ; sf/Sf = 0.258972231214284 ; sf = 315.572975106939
      k =  118 ; sb/Sb = 0 ; sb = 0
      k =  117 ; sb/Sb = 0.0931409643707083 ; sb = 105.340968873363
      k =  116 ; sb/Sb = 0.230687958743151 ; sb = 260.904460734403
      k =  115 ; sb/Sb = 0.408626871822494 ; sb = 462.150578709384
      Creating new point: f = 0.158954958090143
    i = 122 ; sf/Sf = 0.406687673586288 ; sf = 495.57297510694
      k =  118 ; sb/Sb = 0 ; sb = 0
      k =  117 ; sb/Sb = 0.0931409643707083 ; sb = 105.340968873363
      k =  116 ; sb/Sb = 0.230687958743151 ; sb = 260.904460734403
      k =  115 ; sb/Sb = 0.408626871822494 ; sb = 462.150578709384
      Creating new point: f = 0.989101887818428
    i = 123 ; sf/Sf = 0.570815942888515 ; sf = 695.57297510694
      k =  118 ; sb/Sb = 0 ; sb = 0
      k =  117 ; sb/Sb = 0.0931409643707083 ; sb = 105.340968873363
      k =  116 ; sb/Sb = 0.230687958743151 ; sb = 260.904460734403
      k =  115 ; sb/Sb = 0.408626871822494 ; sb = 462.150578709384
      k =  114 ; sb/Sb = 0.505887284275076 ; sb = 572.150578709384
      k =  113 ; sb/Sb = 0.631553664775264 ; sb = 714.277282744903
      Creating new point: f = 0.516674852534184
    i = 124 ; sf/Sf = 0.750796641195122 ; sf = 914.890097101553
      k =  118 ; sb/Sb = 0 ; sb = 0
      k =  117 ; sb/Sb = 0.0931409643707083 ; sb = 105.340968873363
      k =  116 ; sb/Sb = 0.230687958743151 ; sb = 260.904460734403
      k =  115 ; sb/Sb = 0.408626871822494 ; sb = 462.150578709384
      k =  114 ; sb/Sb = 0.505887284275076 ; sb = 572.150578709384
      k =  113 ; sb/Sb = 0.631553664775264 ; sb = 714.277282744903
      k =  112 ; sb/Sb = 0.75659638693203 ; sb = 855.698638982213
      Creating new point: f = 0.953617886456138
    i = 125 ; sf/Sf = 0.940256408177118 ; sf = 1145.75802471386
      k =  118 ; sb/Sb = 0 ; sb = 0
      k =  117 ; sb/Sb = 0.0931409643707083 ; sb = 105.340968873363
      k =  116 ; sb/Sb = 0.230687958743151 ; sb = 260.904460734403
      k =  115 ; sb/Sb = 0.408626871822494 ; sb = 462.150578709384
      k =  114 ; sb/Sb = 0.505887284275076 ; sb = 572.150578709384
      k =  113 ; sb/Sb = 0.631553664775264 ; sb = 714.277282744903
      k =  112 ; sb/Sb = 0.75659638693203 ; sb = 855.698638982213
      k =  111 ; sb/Sb = 0.935630319042587 ; sb = 1058.18320629538
      k =  110 ; sb/Sb = 1 ; sb = 1130.98430518818
      Creating new point: f = 0.0718675169074115
Tear 3 : Sf = 3544.60257047642 ; Sb = 3323.26475194575
  Backwards path
    i = 7 ; sf/Sf = 0.0818145318788228 ; sf = 290
      k =    6 ; sb/Sb = 0 ; sb = 0
      k =    5 ; sb/Sb = 0.0574885680214221 ; sb = 191.049731745428
      k =    4 ; sb/Sb = 0.151495519123754 ; sb = 503.459718781694
      Creating new point: f = 0.258767714218501
    i = 8 ; sf/Sf = 0.139974869231728 ; sf = 496.155281280883
      k =    6 ; sb/Sb = 0 ; sb = 0
      k =    5 ; sb/Sb = 0.0574885680214221 ; sb = 191.049731745428
      k =    4 ; sb/Sb = 0.151495519123754 ; sb = 503.459718781694
      Creating new point: f = 0.877448957157595
    i = 9 ; sf/Sf = 0.175882765274491 ; sf = 623.434501894462
      k =    6 ; sb/Sb = 0 ; sb = 0
      k =    5 ; sb/Sb = 0.0574885680214221 ; sb = 191.049731745428
      k =    4 ; sb/Sb = 0.151495519123754 ; sb = 503.459718781694
      k =    3 ; sb/Sb = 0.21525697564933 ; sb = 715.355919785865
      Creating new point: f = 0.382476302763803
    i = 10 ; sf/Sf = 0.245274882623184 ; sf = 869.401979419438
      k =    6 ; sb/Sb = 0 ; sb = 0
      k =    5 ; sb/Sb = 0.0574885680214221 ; sb = 191.049731745428
      k =    4 ; sb/Sb = 0.151495519123754 ; sb = 503.459718781694
      k =    3 ; sb/Sb = 0.21525697564933 ; sb = 715.355919785865
      k =    2 ; sb/Sb = 0.273372140577193 ; sb = 908.487998944145
      Creating new point: f = 0.516524508037001
    i = 11 ; sf/Sf = 0.347540615381798 ; sf = 1231.89335862728
      k =    6 ; sb/Sb = 0 ; sb = 0
      k =    5 ; sb/Sb = 0.0574885680214221 ; sb = 191.049731745428
      k =    4 ; sb/Sb = 0.151495519123754 ; sb = 503.459718781694
      k =    3 ; sb/Sb = 0.21525697564933 ; sb = 715.355919785865
      k =    2 ; sb/Sb = 0.273372140577193 ; sb = 908.487998944145
      k =    1 ; sb/Sb = 0.288417586466127 ; sb = 958.487998944145
      k =  145 ; sb/Sb = 0.404016521729085 ; sb = 1342.65386586599
      Creating new point: f = 0.511449597534625
    i = 12 ; sf/Sf = 0.409414159068004 ; sf = 1451.21048062189
      k =    6 ; sb/Sb = 0 ; sb = 0
      k =    5 ; sb/Sb = 0.0574885680214221 ; sb = 191.049731745428
      k =    4 ; sb/Sb = 0.151495519123754 ; sb = 503.459718781694
      k =    3 ; sb/Sb = 0.21525697564933 ; sb = 715.355919785865
      k =    2 ; sb/Sb = 0.273372140577193 ; sb = 908.487998944145
      k =    1 ; sb/Sb = 0.288417586466127 ; sb = 958.487998944145
      k =  145 ; sb/Sb = 0.404016521729085 ; sb = 1342.65386586599
      k =  144 ; sb/Sb = 0.492567630760932 ; sb = 1636.93264525724
      Creating new point: f = 0.0609550506812786
    i = 13 ; sf/Sf = 0.463900402678757 ; sf = 1644.34255978017
      k =    6 ; sb/Sb = 0 ; sb = 0
      k =    5 ; sb/Sb = 0.0574885680214221 ; sb = 191.049731745428
      k =    4 ; sb/Sb = 0.151495519123754 ; sb = 503.459718781694
      k =    3 ; sb/Sb = 0.21525697564933 ; sb = 715.355919785865
      k =    2 ; sb/Sb = 0.273372140577193 ; sb = 908.487998944145
      k =    1 ; sb/Sb = 0.288417586466127 ; sb = 958.487998944145
      k =  145 ; sb/Sb = 0.404016521729085 ; sb = 1342.65386586599
      k =  144 ; sb/Sb = 0.492567630760932 ; sb = 1636.93264525724
      Creating new point: f = 0.676263477718111
    i = 14 ; sf/Sf = 0.525773946364964 ; sf = 1863.65968177478
      k =    6 ; sb/Sb = 0 ; sb = 0
      k =    5 ; sb/Sb = 0.0574885680214221 ; sb = 191.049731745428
      k =    4 ; sb/Sb = 0.151495519123754 ; sb = 503.459718781694
      k =    3 ; sb/Sb = 0.21525697564933 ; sb = 715.355919785865
      k =    2 ; sb/Sb = 0.273372140577193 ; sb = 908.487998944145
      k =    1 ; sb/Sb = 0.288417586466127 ; sb = 958.487998944145
      k =  145 ; sb/Sb = 0.404016521729085 ; sb = 1342.65386586599
      k =  144 ; sb/Sb = 0.492567630760932 ; sb = 1636.93264525724
      k =  143 ; sb/Sb = 0.567069178649296 ; sb = 1884.52101332004
    i = 28 ; sf/Sf = 0.525773946364964 ; sf = 1863.65968177478
      k =    6 ; sb/Sb = 0 ; sb = 0
      k =    5 ; sb/Sb = 0.0574885680214221 ; sb = 191.049731745428
      k =    4 ; sb/Sb = 0.151495519123754 ; sb = 503.459718781694
      k =    3 ; sb/Sb = 0.21525697564933 ; sb = 715.355919785865
      k =    2 ; sb/Sb = 0.273372140577193 ; sb = 908.487998944145
      k =    1 ; sb/Sb = 0.288417586466127 ; sb = 958.487998944145
      k =  145 ; sb/Sb = 0.404016521729085 ; sb = 1342.65386586599
      k =  144 ; sb/Sb = 0.492567630760932 ; sb = 1636.93264525724
      k =  143 ; sb/Sb = 0.567069178649296 ; sb = 1884.52101332004
      Creating new point: f = 0.445713096508944
    i = 29 ; sf/Sf = 0.551784039948047 ; sf = 1955.85512634771
      k =    6 ; sb/Sb = 0 ; sb = 0
      k =    5 ; sb/Sb = 0.0574885680214221 ; sb = 191.049731745428
      k =    4 ; sb/Sb = 0.151495519123754 ; sb = 503.459718781694
      k =    3 ; sb/Sb = 0.21525697564933 ; sb = 715.355919785865
      k =    2 ; sb/Sb = 0.273372140577193 ; sb = 908.487998944145
      k =    1 ; sb/Sb = 0.288417586466127 ; sb = 958.487998944145
      k =  145 ; sb/Sb = 0.404016521729085 ; sb = 1342.65386586599
      k =  144 ; sb/Sb = 0.492567630760932 ; sb = 1636.93264525724
      k =  143 ; sb/Sb = 0.567069178649296 ; sb = 1884.52101332004
      Creating new point: f = 0.794834615729695
    i = 30 ; sf/Sf = 0.625836938615571 ; sf = 2218.34322131584
      k =    6 ; sb/Sb = 0 ; sb = 0
      k =    5 ; sb/Sb = 0.0574885680214221 ; sb = 191.049731745428
      k =    4 ; sb/Sb = 0.151495519123754 ; sb = 503.459718781694
      k =    3 ; sb/Sb = 0.21525697564933 ; sb = 715.355919785865
      k =    2 ; sb/Sb = 0.273372140577193 ; sb = 908.487998944145
      k =    1 ; sb/Sb = 0.288417586466127 ; sb = 958.487998944145
      k =  145 ; sb/Sb = 0.404016521729085 ; sb = 1342.65386586599
      k =  144 ; sb/Sb = 0.492567630760932 ; sb = 1636.93264525724
      k =  143 ; sb/Sb = 0.567069178649296 ; sb = 1884.52101332004
      k =  142 ; sb/Sb = 0.648035487693417 ; sb = 2153.59349426151
      Creating new point: f = 0.725829800815675
    i = 31 ; sf/Sf = 0.651847032198654 ; sf = 2310.53866588877
      k =    6 ; sb/Sb = 0 ; sb = 0
      k =    5 ; sb/Sb = 0.0574885680214221 ; sb = 191.049731745428
      k =    4 ; sb/Sb = 0.151495519123754 ; sb = 503.459718781694
      k =    3 ; sb/Sb = 0.21525697564933 ; sb = 715.355919785865
      k =    2 ; sb/Sb = 0.273372140577193 ; sb = 908.487998944145
      k =    1 ; sb/Sb = 0.288417586466127 ; sb = 958.487998944145
      k =  145 ; sb/Sb = 0.404016521729085 ; sb = 1342.65386586599
      k =  144 ; sb/Sb = 0.492567630760932 ; sb = 1636.93264525724
      k =  143 ; sb/Sb = 0.567069178649296 ; sb = 1884.52101332004
      k =  142 ; sb/Sb = 0.648035487693417 ; sb = 2153.59349426151
      k =  141 ; sb/Sb = 0.714029965523149 ; sb = 2372.91061625612
      Creating new point: f = 0.0577555066814969
    i = 32 ; sf/Sf = 0.716734419550824 ; sf = 2540.53866588877
      k =    6 ; sb/Sb = 0 ; sb = 0
      k =    5 ; sb/Sb = 0.0574885680214221 ; sb = 191.049731745428
      k =    4 ; sb/Sb = 0.151495519123754 ; sb = 503.459718781694
      k =    3 ; sb/Sb = 0.21525697564933 ; sb = 715.355919785865
      k =    2 ; sb/Sb = 0.273372140577193 ; sb = 908.487998944145
      k =    1 ; sb/Sb = 0.288417586466127 ; sb = 958.487998944145
      k =  145 ; sb/Sb = 0.404016521729085 ; sb = 1342.65386586599
      k =  144 ; sb/Sb = 0.492567630760932 ; sb = 1636.93264525724
      k =  143 ; sb/Sb = 0.567069178649296 ; sb = 1884.52101332004
      k =  142 ; sb/Sb = 0.648035487693417 ; sb = 2153.59349426151
      k =  141 ; sb/Sb = 0.714029965523149 ; sb = 2372.91061625612
      k =  140 ; sb/Sb = 0.785807938884395 ; sb = 2611.44782509365
      Creating new point: f = 0.0376780494214317
    i = 33 ; sf/Sf = 0.771001107223755 ; sf = 2732.89250650549
      k =    6 ; sb/Sb = 0 ; sb = 0
      k =    5 ; sb/Sb = 0.0574885680214221 ; sb = 191.049731745428
      k =    4 ; sb/Sb = 0.151495519123754 ; sb = 503.459718781694
      k =    3 ; sb/Sb = 0.21525697564933 ; sb = 715.355919785865
      k =    2 ; sb/Sb = 0.273372140577193 ; sb = 908.487998944145
      k =    1 ; sb/Sb = 0.288417586466127 ; sb = 958.487998944145
      k =  145 ; sb/Sb = 0.404016521729085 ; sb = 1342.65386586599
      k =  144 ; sb/Sb = 0.492567630760932 ; sb = 1636.93264525724
      k =  143 ; sb/Sb = 0.567069178649296 ; sb = 1884.52101332004
      k =  142 ; sb/Sb = 0.648035487693417 ; sb = 2153.59349426151
      k =  141 ; sb/Sb = 0.714029965523149 ; sb = 2372.91061625612
      k =  140 ; sb/Sb = 0.785807938884395 ; sb = 2611.44782509365
      Creating new point: f = 0.793713433700345
    i = 34 ; sf/Sf = 0.832874650909962 ; sf = 2952.2096285001
      k =    6 ; sb/Sb = 0 ; sb = 0
      k =    5 ; sb/Sb = 0.0574885680214221 ; sb = 191.049731745428
      k =    4 ; sb/Sb = 0.151495519123754 ; sb = 503.459718781694
      k =    3 ; sb/Sb = 0.21525697564933 ; sb = 715.355919785865
      k =    2 ; sb/Sb = 0.273372140577193 ; sb = 908.487998944145
      k =    1 ; sb/Sb = 0.288417586466127 ; sb = 958.487998944145
      k =  145 ; sb/Sb = 0.404016521729085 ; sb = 1342.65386586599
      k =  144 ; sb/Sb = 0.492567630760932 ; sb = 1636.93264525724
      k =  143 ; sb/Sb = 0.567069178649296 ; sb = 1884.52101332004
      k =  142 ; sb/Sb = 0.648035487693417 ; sb = 2153.59349426151
      k =  141 ; sb/Sb = 0.714029965523149 ; sb = 2372.91061625612
      k =  140 ; sb/Sb = 0.785807938884395 ; sb = 2611.44782509365
      k =  139 ; sb/Sb = 0.886915126366674 ; sb = 2947.45377742188
      Creating new point: f = 0.465513018387703
    i = 35 ; sf/Sf = 0.884664828752716 ; sf = 3135.78522600696
      k =    6 ; sb/Sb = 0 ; sb = 0
      k =    5 ; sb/Sb = 0.0574885680214221 ; sb = 191.049731745428
      k =    4 ; sb/Sb = 0.151495519123754 ; sb = 503.459718781694
      k =    3 ; sb/Sb = 0.21525697564933 ; sb = 715.355919785865
      k =    2 ; sb/Sb = 0.273372140577193 ; sb = 908.487998944145
      k =    1 ; sb/Sb = 0.288417586466127 ; sb = 958.487998944145
      k =  145 ; sb/Sb = 0.404016521729085 ; sb = 1342.65386586599
      k =  144 ; sb/Sb = 0.492567630760932 ; sb = 1636.93264525724
      k =  143 ; sb/Sb = 0.567069178649296 ; sb = 1884.52101332004
      k =  142 ; sb/Sb = 0.648035487693417 ; sb = 2153.59349426151
      k =  141 ; sb/Sb = 0.714029965523149 ; sb = 2372.91061625612
      k =  140 ; sb/Sb = 0.785807938884395 ; sb = 2611.44782509365
      k =  139 ; sb/Sb = 0.886915126366674 ; sb = 2947.45377742188
      Creating new point: f = 0.977743445644239
    i = 36 ; sf/Sf = 0.92846148687615 ; sf = 3291.02697296956
      k =    6 ; sb/Sb = 0 ; sb = 0
      k =    5 ; sb/Sb = 0.0574885680214221 ; sb = 191.049731745428
      k =    4 ; sb/Sb = 0.151495519123754 ; sb = 503.459718781694
      k =    3 ; sb/Sb = 0.21525697564933 ; sb = 715.355919785865
      k =    2 ; sb/Sb = 0.273372140577193 ; sb = 908.487998944145
      k =    1 ; sb/Sb = 0.288417586466127 ; sb = 958.487998944145
      k =  145 ; sb/Sb = 0.404016521729085 ; sb = 1342.65386586599
      k =  144 ; sb/Sb = 0.492567630760932 ; sb = 1636.93264525724
      k =  143 ; sb/Sb = 0.567069178649296 ; sb = 1884.52101332004
      k =  142 ; sb/Sb = 0.648035487693417 ; sb = 2153.59349426151
      k =  141 ; sb/Sb = 0.714029965523149 ; sb = 2372.91061625612
      k =  140 ; sb/Sb = 0.785807938884395 ; sb = 2611.44782509365
      k =  139 ; sb/Sb = 0.886915126366674 ; sb = 2947.45377742188
      k =  138 ; sb/Sb = 0.96635736024055 ; sb = 3211.46135307076
      Creating new point: f = 0.522975733228201
    i = 37 ; sf/Sf = 0.980251664718905 ; sf = 3474.60257047642
      k =    6 ; sb/Sb = 0 ; sb = 0
      k =    5 ; sb/Sb = 0.0574885680214221 ; sb = 191.049731745428
      k =    4 ; sb/Sb = 0.151495519123754 ; sb = 503.459718781694
      k =    3 ; sb/Sb = 0.21525697564933 ; sb = 715.355919785865
      k =    2 ; sb/Sb = 0.273372140577193 ; sb = 908.487998944145
      k =    1 ; sb/Sb = 0.288417586466127 ; sb = 958.487998944145
      k =  145 ; sb/Sb = 0.404016521729085 ; sb = 1342.65386586599
      k =  144 ; sb/Sb = 0.492567630760932 ; sb = 1636.93264525724
      k =  143 ; sb/Sb = 0.567069178649296 ; sb = 1884.52101332004
      k =  142 ; sb/Sb = 0.648035487693417 ; sb = 2153.59349426151
      k =  141 ; sb/Sb = 0.714029965523149 ; sb = 2372.91061625612
      k =  140 ; sb/Sb = 0.785807938884395 ; sb = 2611.44782509365
      k =  139 ; sb/Sb = 0.886915126366674 ; sb = 2947.45377742188
      k =  138 ; sb/Sb = 0.96635736024055 ; sb = 3211.46135307076
      k =  137 ; sb/Sb = 1 ; sb = 3323.26475194575
    i = 48 ; sf/Sf = 0.980251664718905 ; sf = 3474.60257047642
      k =    6 ; sb/Sb = 0 ; sb = 0
      k =    5 ; sb/Sb = 0.0574885680214221 ; sb = 191.049731745428
      k =    4 ; sb/Sb = 0.151495519123754 ; sb = 503.459718781694
      k =    3 ; sb/Sb = 0.21525697564933 ; sb = 715.355919785865
      k =    2 ; sb/Sb = 0.273372140577193 ; sb = 908.487998944145
      k =    1 ; sb/Sb = 0.288417586466127 ; sb = 958.487998944145
      k =  145 ; sb/Sb = 0.404016521729085 ; sb = 1342.65386586599
      k =  144 ; sb/Sb = 0.492567630760932 ; sb = 1636.93264525724
      k =  143 ; sb/Sb = 0.567069178649296 ; sb = 1884.52101332004
      k =  142 ; sb/Sb = 0.648035487693417 ; sb = 2153.59349426151
      k =  141 ; sb/Sb = 0.714029965523149 ; sb = 2372.91061625612
      k =  140 ; sb/Sb = 0.785807938884395 ; sb = 2611.44782509365
      k =  139 ; sb/Sb = 0.886915126366674 ; sb = 2947.45377742188
      k =  138 ; sb/Sb = 0.96635736024055 ; sb = 3211.46135307076
      k =  137 ; sb/Sb = 1 ; sb = 3323.26475194575
      Creating new point: f = 0.412996856896527
Tear 4 : Sf = 272.510752139572 ; Sb = 353.100161998482
  Backwards path
    i = 27 ; sf/Sf = 0.521545307550749 ; sf = 142.126704035519
      k =   26 ; sb/Sb = 0 ; sb = 0
      k =   25 ; sb/Sb = 0.360462085016335 ; sb = 127.279220613579
      k =   24 ; sb/Sb = 0.683366333670869 ; sb = 241.296763123492
      Creating new point: f = 0.498857550514154
Tear 5 : Sf = 363.622123897865 ; Sb = 1108.5315710324
  Backwards path
    i = 22 ; sf/Sf = 0.641429826363713 ; sf = 233.238075793812
      k =   21 ; sb/Sb = 0 ; sb = 0
      k =   20 ; sb/Sb = 0.179060603775073 ; sb = 198.494332412792
      k =   19 ; sb/Sb = 0.344663101984385 ; sb = 382.06992991965
      k =   18 ; sb/Sb = 0.427832086054965 ; sb = 474.265374492579
      k =   17 ; sb/Sb = 0.618129084904377 ; sb = 685.215605589869
      k =   16 ; sb/Sb = 0.718986292580352 ; sb = 797.019004464859
      Creating new point: f = 0.231027033131776
    i = 23 ; sf/Sf = 1 ; sf = 363.622123897865
      k =   21 ; sb/Sb = 0 ; sb = 0
      k =   20 ; sb/Sb = 0.179060603775073 ; sb = 198.494332412792
      k =   19 ; sb/Sb = 0.344663101984385 ; sb = 382.06992991965
      k =   18 ; sb/Sb = 0.427832086054965 ; sb = 474.265374492579
      k =   17 ; sb/Sb = 0.618129084904377 ; sb = 685.215605589869
      k =   16 ; sb/Sb = 0.718986292580352 ; sb = 797.019004464859
      k =   15 ; sb/Sb = 0.91683101592942 ; sb = 1016.33612645947
      k =   14 ; sb/Sb = 1 ; sb = 1108.5315710324
Tear 6 : Sf = 939.958100744934 ; Sb = 770.850050903191
  Backwards path
    i = 42 ; sf/Sf = 0.124523634632687 ; sf = 117.046999107196
      k =   41 ; sb/Sb = 0 ; sb = 0
      k =   40 ; sb/Sb = 0.201807720812588 ; sb = 155.56349186104
      Creating new point: f = 0.617040984018285
    i = 43 ; sf/Sf = 0.337299076263006 ; sf = 317.046999107196
      k =   41 ; sb/Sb = 0 ; sb = 0
      k =   40 ; sb/Sb = 0.201807720812588 ; sb = 155.56349186104
      k =   39 ; sb/Sb = 0.353649183325374 ; sb = 272.610490968237
      Creating new point: f = 0.892321196122627
    i = 44 ; sf/Sf = 0.529975433452989 ; sf = 498.154701869945
      k =   41 ; sb/Sb = 0 ; sb = 0
      k =   40 ; sb/Sb = 0.201807720812588 ; sb = 155.56349186104
      k =   39 ; sb/Sb = 0.353649183325374 ; sb = 272.610490968237
      k =   38 ; sb/Sb = 0.735407969027525 ; sb = 566.88927035948
      Creating new point: f = 0.46187869600252
    i = 45 ; sf/Sf = 0.721473330920277 ; sf = 678.154701869945
      k =   41 ; sb/Sb = 0 ; sb = 0
      k =   40 ; sb/Sb = 0.201807720812588 ; sb = 155.56349186104
      k =   39 ; sb/Sb = 0.353649183325374 ; sb = 272.610490968237
      k =   38 ; sb/Sb = 0.735407969027525 ; sb = 566.88927035948
      Creating new point: f = 0.963498841076784
    i = 46 ; sf/Sf = 0.84041841877726 ; sf = 789.958100744934
      k =   41 ; sb/Sb = 0 ; sb = 0
      k =   40 ; sb/Sb = 0.201807720812588 ; sb = 155.56349186104
      k =   39 ; sb/Sb = 0.353649183325374 ; sb = 272.610490968237
      k =   38 ; sb/Sb = 0.735407969027525 ; sb = 566.88927035948
      k =   37 ; sb/Sb = 1 ; sb = 770.850050903191
      Creating new point: f = 0.396876842298622
    i = 47 ; sf/Sf = 0.957444911673936 ; sf = 899.958100744934
      k =   41 ; sb/Sb = 0 ; sb = 0
      k =   40 ; sb/Sb = 0.201807720812588 ; sb = 155.56349186104
      k =   39 ; sb/Sb = 0.353649183325374 ; sb = 272.610490968237
      k =   38 ; sb/Sb = 0.735407969027525 ; sb = 566.88927035948
      k =   37 ; sb/Sb = 1 ; sb = 770.850050903191
      Creating new point: f = 0.8391671579463
Tear 7 : Sf = 1271.8059379848 ; Sb = 1572.53091401017
  Backwards path
    i = 72 ; sf/Sf = 0.102518823202421 ; sf = 130.384048104053
      k =   71 ; sb/Sb = 0 ; sb = 0
      k =   70 ; sb/Sb = 0.127975937504323 ; sb = 201.246117974981
      Creating new point: f = 0.80107889968736
    i = 73 ; sf/Sf = 0.244049849771784 ; sf = 310.384048104053
      k =   71 ; sb/Sb = 0 ; sb = 0
      k =   70 ; sb/Sb = 0.127975937504323 ; sb = 201.246117974981
      k =   69 ; sb/Sb = 0.190928562781282 ; sb = 300.241067341098
      k =   68 ; sb/Sb = 0.271366476770627 ; sb = 426.732173747833
      Creating new point: f = 0.660401101370421
    i = 74 ; sf/Sf = 0.338730918786704 ; sf = 430.799993891976
      k =   71 ; sb/Sb = 0 ; sb = 0
      k =   70 ; sb/Sb = 0.127975937504323 ; sb = 201.246117974981
      k =   69 ; sb/Sb = 0.190928562781282 ; sb = 300.241067341098
      k =   68 ; sb/Sb = 0.271366476770627 ; sb = 426.732173747833
      k =   67 ; sb/Sb = 0.303162354075508 ; sb = 476.732173747833
      k =   66 ; sb/Sb = 0.399394140780616 ; sb = 628.059633252048
      Creating new point: f = 0.369613471068475
    i = 75 ; sf/Sf = 0.466728596025842 ; sf = 593.588199852973
      k =   71 ; sb/Sb = 0 ; sb = 0
      k =   70 ; sb/Sb = 0.127975937504323 ; sb = 201.246117974981
      k =   69 ; sb/Sb = 0.190928562781282 ; sb = 300.241067341098
      k =   68 ; sb/Sb = 0.271366476770627 ; sb = 426.732173747833
      k =   67 ; sb/Sb = 0.303162354075508 ; sb = 476.732173747833
      k =   66 ; sb/Sb = 0.399394140780616 ; sb = 628.059633252048
      k =   65 ; sb/Sb = 0.49393008035975 ; sb = 776.720320725234
      Creating new point: f = 0.712263035042476
    i = 76 ; sf/Sf = 0.60427203061818 ; sf = 768.516756698332
      k =   71 ; sb/Sb = 0 ; sb = 0
      k =   70 ; sb/Sb = 0.127975937504323 ; sb = 201.246117974981
      k =   69 ; sb/Sb = 0.190928562781282 ; sb = 300.241067341098
      k =   68 ; sb/Sb = 0.271366476770627 ; sb = 426.732173747833
      k =   67 ; sb/Sb = 0.303162354075508 ; sb = 476.732173747833
      k =   66 ; sb/Sb = 0.399394140780616 ; sb = 628.059633252048
      k =   65 ; sb/Sb = 0.49393008035975 ; sb = 776.720320725234
      k =   64 ; sb/Sb = 0.634408857835991 ; sb = 997.627541068979
      Creating new point: f = 0.785470604462599
Triangulating...
[1] "Non-adjacent points in rim connected by line: 533 29"
[1] "In triangle: 808" "In triangle: 810"
[1] "Other points in triangles: 28 495"
[1] "Non-adjacent points in rim connected by line: 539 24"
[1] "In triangle: 686" "In triangle: 801"
[1] "Other points in triangles: 494 23"
[1] "Non-adjacent points in rim connected by line: 587 531"
[1] "In triangle: 781" "In triangle: 829"
[1] "Other points in triangles: 588 496"
[1] "Non-adjacent points in rim connected by line: 588 531"
[1] "In triangle: 852"  "In triangle: 1146"
[1] "Other points in triangles: 37 691"
[1] "Non-adjacent points in rim connected by line: 590 70"
[1] "In triangle: 145" "In triangle: 166"
[1] "Other points in triangles: 69 504"
Merging points...
Projecting to sphere...
Optimising mapping with FIRE...
E =  0.00644 | E_L =  0.00644 | E_A =  0.00000 |   0 flippped triangles
E =  0.00622 | E_L =  0.00622 | E_A =  0.00000 |  70 flippped triangles
        phi0    phi0.1    phi0.2    phi0.3    phi0.4    phi0.5    phi0.6
id  137.0000   139.000   142.000    287.00   293.000    300.00   309.000
A  1053.3041  1799.389  4036.672  17085.66  7881.313  20410.74  5019.977
a  -928.5436 -1673.438 -4005.344 -16064.95 -3728.649 -16139.97 -4101.335
      phi0.7    phi0.8    phi0.9   phi0.10   phi0.11    phi0.12   phi0.13
id   311.000  341.0000    356.00   411.000  548.0000   556.0000 557.00000
A   2790.745  216.1109  11799.24 26873.522 3950.9810   729.1499  57.95300
a  -3024.988 -192.3319 -10007.02 -3955.319 -633.4296 -1035.6967 -59.70415
     phi0.14   phi0.15  phi0.16   phi0.17   phi0.18   phi0.19   phi0.20
id   562.000   563.000    668.0   676.000   679.000  681.0000  682.0000
A   4772.644  3438.924  29423.0  1007.359 15930.201 3409.8540  579.5320
a  -2361.396 -3454.407 -10184.1 -1154.938 -9158.785 -388.1349 -807.6747
     phi0.21   phi0.22   phi0.23   phi0.24   phi0.25   phi0.26    phi0.27
id   684.000   698.000   707.000  735.0000  745.0000   746.000 748.000000
A   2541.816  2603.777  5686.858  318.1288  213.9567  2954.545 382.865090
a  -1933.280 -3059.226 -1842.681 -210.1376 -160.9613 -2520.628  -4.751162
     phi0.28   phi0.29    phi0.30   phi0.31   phi0.32   phi0.33   phi0.34
id   763.000  777.0000   801.0000   804.000   805.000   825.000   828.000
A   4051.427  210.7214   658.5382  1094.884  8397.286  1582.169 10166.683
a  -3708.715 -159.1528 -1054.3187 -1867.192 -4854.660 -1594.810 -4614.707
     phi0.35   phi0.36   phi0.37   phi0.38   phi0.39   phi0.40   phi0.41
id  830.0000   832.000   833.000   836.000   837.000   839.000   841.000
A   155.4090  8914.574  1431.876 16361.043 12720.045  5899.954  4076.980
a  -142.3397 -8526.395 -1564.912 -9190.339 -6926.642 -1043.359 -1311.993
     phi0.42   phi0.43   phi0.44   phi0.45   phi0.46   phi0.47   phi0.48
id  842.0000  872.0000  889.0000   895.000   897.000  902.0000   942.000
A   245.8566  377.2214 1191.5157  2001.286  2463.899 1786.1965  2183.170
a  -216.2903 -372.4199 -969.6859 -2073.875 -1152.888 -738.5299 -2132.144
     phi0.49    phi0.50   phi0.51   phi0.52   phi0.53   phi0.54   phi0.55
id  946.0000 949.000000  954.0000 957.00000   962.000   985.000   997.000
A   572.9097   7.521119  505.0277  67.27535  2115.769  1571.226 10683.879
a  -348.0073  -9.294574 -513.9139 -60.49665 -2310.899 -1328.164 -2076.607
    phi0.56   phi0.57   phi0.58   phi0.59   phi0.60   phi0.61   phi0.62
id  1002.00 1009.0000 1022.0000  1025.000  1032.000  1034.000  1039.000
A   4002.45  493.0459  433.3932  3784.177  3165.803  3667.068  5784.023
a  -3139.43 -456.1505 -395.7168 -4583.141 -3555.764 -3600.796 -3082.337
     phi0.63   phi0.64   phi0.65   phi0.66   phi0.67   phi0.68   phi0.69
id 1050.0000 1058.0000  1065.000  1113.000  1119.000  1139.000 1145.0000
A   888.7379  108.8013  2355.195  1414.082  1733.653  3367.324 1340.0574
a  -810.5884 -100.8378 -2610.354 -1567.178 -1796.681 -1610.913 -427.4635
FIRE:  4  stops.  0 hits of maxmove.  0 hits of dtmax.
Frms = 9.32730265068971e-06; Ftanrms = 9.32676647403742e-06
E =  0.00952 | E_L =  0.00950 | E_A =  0.00003 |   0 flippped triangles
E =  0.00716 | E_L =  0.00716 | E_A =  0.00000 |   0 flippped triangles
E =  0.00672 | E_L =  0.00671 | E_A =  0.00001 |   0 flippped triangles
E =  0.00646 | E_L =  0.00646 | E_A =  0.00000 |   0 flippped triangles
E =  0.00629 | E_L =  0.00629 | E_A =  0.00000 |   0 flippped triangles
E =  0.00618 | E_L =  0.00618 | E_A =  0.00000 |   0 flippped triangles
E =  0.00609 | E_L =  0.00609 | E_A =  0.00000 |   0 flippped triangles
E =  0.00604 | E_L =  0.00604 | E_A =  0.00000 |   0 flippped triangles
E =  0.00601 | E_L =  0.00601 | E_A =  0.00000 |   0 flippped triangles
E =  0.00600 | E_L =  0.00600 | E_A =  0.00000 |   0 flippped triangles
E =  0.00600 | E_L =  0.00600 | E_A =  0.00000 |   0 flippped triangles
Optimising mapping with BFGS...
E =  0.00600 | E_L =  0.00600 | E_A =  0.00000 |   0 flippped triangles
Transforming image...
Mapping optimised. Error: 0.006003161 ; 0 flipped triangles.
Inferring coordinates of datapoints
Inferring coordinates of landmarks
Mapping optimised. Error: 0.006003161 ; 0 flipped triangles. OD displacement: 12.86344 degrees.
Computing Kernel Density estimates of datapoints

[1] 0.7
Saving adult_retina/data/C57BL6J/GM508/R-CONTRA/r.mat
