[1] "Adding old segment 1"
[1] "Intersection found. Old points:"
    X     Y 
-2010   -91 
    X     Y 
-1920  -221 
    X     Y 
-1920  -221 
    X     Y 
-1720  -221 
[1] "Point i+1 has been changed:"
    X     Y 
-2010   -91 
    X     Y 
-1920  -221 
    X     Y 
-1920  -221 
    X     Y 
-1720  -221 
[1] "a= 0.25"
[1] "l= 200"
[1] "New points:"
    X     Y 
-2010   -91 
    X     Y 
-1920  -221 
    X     Y 
-1770  -221 
    X     Y 
-1720  -221 
[1] "Storing new segment 1"
[1] "Adding old segment 2"
[1] "Adding old segment 5"
[1] "Adding old segment 7"
[1] "Adding old segment 6"
[1] "Adding old segment 3"
[1] "Adding old segment 4"
[1] "Intersection found. Old points:"
    X     Y 
-4520 -3731 
    X     Y 
-3140 -4221 
    X     Y 
-3170 -4221 
    X     Y 
-3140 -4201 
[1] "Point i+1 has been changed:"
    X     Y 
-4520 -3731 
        X         Y 
-3159.574 -4214.050 
    X     Y 
-3170 -4221 
    X     Y 
-3140 -4201 
[1] "a= 0.5"
[1] "l= 23.5255827902573"
[1] "New points:"
    X     Y 
-4520 -3731 
        X         Y 
-3159.574 -4214.050 
        X         Y 
-3149.787 -4207.525 
    X     Y 
-3140 -4201 
[1] "Intersection found. Old points:"
    X     Y 
-2630  2529 
    X     Y 
-3080  2929 
    X     Y 
-3060  2909 
    X     Y 
-3410  3269 
[1] "Point i+1 has been changed:"
    X     Y 
-2630  2529 
        X         Y 
-3075.909  2925.364 
    X     Y 
-3060  2909 
    X     Y 
-3410  3269 
[1] "a= 0.10432465749945"
[1] "l= 479.273080769652"
[1] "New points:"
    X     Y 
-2630  2529 
        X         Y 
-3075.909  2925.364 
        X         Y 
-3375.146  3233.150 
    X     Y 
-3410  3269 
[1] "Intersection found. Old points:"
    X     Y 
-3920    -1 
    X     Y 
-3030   109 
    X     Y 
-3080   109 
    X     Y 
-2970    89 
[1] "Point i+1 has been changed:"
    X     Y 
-3920    -1 
         X          Y 
-3059.7659   105.3211 
    X     Y 
-3080   109 
    X     Y 
-2970    89 
[1] "a= 0.5"
[1] "l= 91.2375562725623"
[1] "New points:"
    X     Y 
-3920    -1 
         X          Y 
-3059.7659   105.3211 
          X           Y 
-3014.88294    97.16054 
    X     Y 
-2970    89 
[1] "Storing new segment 2"
simplify.outline: Removing vertex 15
simplify.outline: Removing vertex 15
Triangulating...
[1] "Non-adjacent points in rim connected by line: 25 22"
[1] "In triangle: 76"  "In triangle: 316"
[1] "Other points in triangles: 23 203"
[1] "Non-adjacent points in rim connected by line: 25 23"
[1] "In triangle: 76" "In triangle: 96"
[1] "Other points in triangles: 452 24"
[1] "Non-adjacent points in rim connected by line: 76 29"
[1] "In triangle: 86" "In triangle: 90"
[1] "Other points in triangles: 28 92"
Stitching...
Tear 1 child of rim
Tear 2 child of rim
Tear 3 child of rim
Tear 4 child of rim
Tear 5 child of rim
Tear 6 child of backward side of tear 5
Tear 7 child of rim
Tear 1 : Sf = 4674.32792995344 ; Sb = 4367.08760700848
  Forwards path
    i = 5 ; sf/Sf = 0.0608868255886337 ; sf = 284.604989415154
      k =    4 ; sb/Sb = 0 ; sb = 0
      k =    3 ; sb/Sb = 0.0779896713709015 ; sb = 340.587727318528
      Creating new point: f = 0.780703707534163
    i = 6 ; sf/Sf = 0.130308487837091 ; sf = 609.104604206913
      k =    4 ; sb/Sb = 0 ; sb = 0
      k =    3 ; sb/Sb = 0.0779896713709015 ; sb = 340.587727318528
      k =    2 ; sb/Sb = 0.0985983717449366 ; sb = 430.587727318528
      k =    1 ; sb/Sb = 0.109044413189828 ; sb = 476.206505454809
      k =   69 ; sb/Sb = 0.119490454634719 ; sb = 521.82528359109
      k =   77 ; sb/Sb = 0.218730462238125 ; sb = 955.215090915354
      Creating new point: f = 0.109008790543472
    i = 345 ; sf/Sf = 0.204332606538443 ; sf = 955.117609742832
      k =    4 ; sb/Sb = 0 ; sb = 0
      k =    3 ; sb/Sb = 0.0779896713709015 ; sb = 340.587727318528
      k =    2 ; sb/Sb = 0.0985983717449366 ; sb = 430.587727318528
      k =    1 ; sb/Sb = 0.109044413189828 ; sb = 476.206505454809
      k =   69 ; sb/Sb = 0.119490454634719 ; sb = 521.82528359109
      k =   77 ; sb/Sb = 0.218730462238125 ; sb = 955.215090915354
      Creating new point: f = 0.854918837196988
    i = 7 ; sf/Sf = 0.278356725239796 ; sf = 1301.13061527875
      k =    4 ; sb/Sb = 0 ; sb = 0
      k =    3 ; sb/Sb = 0.0779896713709015 ; sb = 340.587727318528
      k =    2 ; sb/Sb = 0.0985983717449366 ; sb = 430.587727318528
      k =    1 ; sb/Sb = 0.109044413189828 ; sb = 476.206505454809
      k =   69 ; sb/Sb = 0.119490454634719 ; sb = 521.82528359109
      k =   77 ; sb/Sb = 0.218730462238125 ; sb = 955.215090915354
      k =   68 ; sb/Sb = 0.317970469841532 ; sb = 1388.60489823962
      Creating new point: f = 0.600828883850505
    i = 369 ; sf/Sf = 0.352542966103613 ; sf = 1647.90143296675
      k =    4 ; sb/Sb = 0 ; sb = 0
      k =    3 ; sb/Sb = 0.0779896713709015 ; sb = 340.587727318528
      k =    2 ; sb/Sb = 0.0985983717449366 ; sb = 430.587727318528
      k =    1 ; sb/Sb = 0.109044413189828 ; sb = 476.206505454809
      k =   69 ; sb/Sb = 0.119490454634719 ; sb = 521.82528359109
      k =   77 ; sb/Sb = 0.218730462238125 ; sb = 955.215090915354
      k =   68 ; sb/Sb = 0.317970469841532 ; sb = 1388.60489823962
      k =   67 ; sb/Sb = 0.463028800609121 ; sb = 2022.08733682809
      Creating new point: f = 0.238335130972057
    i = 8 ; sf/Sf = 0.42672920696743 ; sf = 1994.67225065474
      k =    4 ; sb/Sb = 0 ; sb = 0
      k =    3 ; sb/Sb = 0.0779896713709015 ; sb = 340.587727318528
      k =    2 ; sb/Sb = 0.0985983717449366 ; sb = 430.587727318528
      k =    1 ; sb/Sb = 0.109044413189828 ; sb = 476.206505454809
      k =   69 ; sb/Sb = 0.119490454634719 ; sb = 521.82528359109
      k =   77 ; sb/Sb = 0.218730462238125 ; sb = 955.215090915354
      k =   68 ; sb/Sb = 0.317970469841532 ; sb = 1388.60489823962
      k =   67 ; sb/Sb = 0.463028800609121 ; sb = 2022.08733682809
      Creating new point: f = 0.749758642267508
    i = 386 ; sf/Sf = 0.524632000668654 ; sf = 2452.30201367284
      k =    4 ; sb/Sb = 0 ; sb = 0
      k =    3 ; sb/Sb = 0.0779896713709015 ; sb = 340.587727318528
      k =    2 ; sb/Sb = 0.0985983717449366 ; sb = 430.587727318528
      k =    1 ; sb/Sb = 0.109044413189828 ; sb = 476.206505454809
      k =   69 ; sb/Sb = 0.119490454634719 ; sb = 521.82528359109
      k =   77 ; sb/Sb = 0.218730462238125 ; sb = 955.215090915354
      k =   68 ; sb/Sb = 0.317970469841532 ; sb = 1388.60489823962
      k =   67 ; sb/Sb = 0.463028800609121 ; sb = 2022.08733682809
      k =   66 ; sb/Sb = 0.653582763281902 ; sb = 2854.25318568275
      Creating new point: f = 0.323284801824446
    i = 9 ; sf/Sf = 0.622534794369877 ; sf = 2909.93177669093
      k =    4 ; sb/Sb = 0 ; sb = 0
      k =    3 ; sb/Sb = 0.0779896713709015 ; sb = 340.587727318528
      k =    2 ; sb/Sb = 0.0985983717449366 ; sb = 430.587727318528
      k =    1 ; sb/Sb = 0.109044413189828 ; sb = 476.206505454809
      k =   69 ; sb/Sb = 0.119490454634719 ; sb = 521.82528359109
      k =   77 ; sb/Sb = 0.218730462238125 ; sb = 955.215090915354
      k =   68 ; sb/Sb = 0.317970469841532 ; sb = 1388.60489823962
      k =   67 ; sb/Sb = 0.463028800609121 ; sb = 2022.08733682809
      k =   66 ; sb/Sb = 0.653582763281902 ; sb = 2854.25318568275
      Creating new point: f = 0.837064690355768
    i = 403 ; sf/Sf = 0.682572396326268 ; sf = 3190.56721636312
      k =    4 ; sb/Sb = 0 ; sb = 0
      k =    3 ; sb/Sb = 0.0779896713709015 ; sb = 340.587727318528
      k =    2 ; sb/Sb = 0.0985983717449366 ; sb = 430.587727318528
      k =    1 ; sb/Sb = 0.109044413189828 ; sb = 476.206505454809
      k =   69 ; sb/Sb = 0.119490454634719 ; sb = 521.82528359109
      k =   77 ; sb/Sb = 0.218730462238125 ; sb = 955.215090915354
      k =   68 ; sb/Sb = 0.317970469841532 ; sb = 1388.60489823962
      k =   67 ; sb/Sb = 0.463028800609121 ; sb = 2022.08733682809
      k =   66 ; sb/Sb = 0.653582763281902 ; sb = 2854.25318568275
      k =   65 ; sb/Sb = 0.694352483097441 ; sb = 3032.2981238304
      Creating new point: f = 0.711057941421425
    i = 401 ; sf/Sf = 0.742609998282658 ; sf = 3471.2026560353
      k =    4 ; sb/Sb = 0 ; sb = 0
      k =    3 ; sb/Sb = 0.0779896713709015 ; sb = 340.587727318528
      k =    2 ; sb/Sb = 0.0985983717449366 ; sb = 430.587727318528
      k =    1 ; sb/Sb = 0.109044413189828 ; sb = 476.206505454809
      k =   69 ; sb/Sb = 0.119490454634719 ; sb = 521.82528359109
      k =   77 ; sb/Sb = 0.218730462238125 ; sb = 955.215090915354
      k =   68 ; sb/Sb = 0.317970469841532 ; sb = 1388.60489823962
      k =   67 ; sb/Sb = 0.463028800609121 ; sb = 2022.08733682809
      k =   66 ; sb/Sb = 0.653582763281902 ; sb = 2854.25318568275
      k =   65 ; sb/Sb = 0.694352483097441 ; sb = 3032.2981238304
      k =   64 ; sb/Sb = 0.757229766327172 ; sb = 3306.88872818532
      Creating new point: f = 0.767487281676942
    i = 10 ; sf/Sf = 0.86268520219544 ; sf = 4032.47353537967
      k =    4 ; sb/Sb = 0 ; sb = 0
      k =    3 ; sb/Sb = 0.0779896713709015 ; sb = 340.587727318528
      k =    2 ; sb/Sb = 0.0985983717449366 ; sb = 430.587727318528
      k =    1 ; sb/Sb = 0.109044413189828 ; sb = 476.206505454809
      k =   69 ; sb/Sb = 0.119490454634719 ; sb = 521.82528359109
      k =   77 ; sb/Sb = 0.218730462238125 ; sb = 955.215090915354
      k =   68 ; sb/Sb = 0.317970469841532 ; sb = 1388.60489823962
      k =   67 ; sb/Sb = 0.463028800609121 ; sb = 2022.08733682809
      k =   66 ; sb/Sb = 0.653582763281902 ; sb = 2854.25318568275
      k =   65 ; sb/Sb = 0.694352483097441 ; sb = 3032.2981238304
      k =   64 ; sb/Sb = 0.757229766327172 ; sb = 3306.88872818532
      k =   63 ; sb/Sb = 0.788375169700595 ; sb = 3442.90343327268
      k =   62 ; sb/Sb = 0.957406223754508 ; sb = 4181.0768546311
      Creating new point: f = 0.439623552670645
    i = 11 ; sf/Sf = 0.933542426634309 ; sf = 4363.68343861325
      k =    4 ; sb/Sb = 0 ; sb = 0
      k =    3 ; sb/Sb = 0.0779896713709015 ; sb = 340.587727318528
      k =    2 ; sb/Sb = 0.0985983717449366 ; sb = 430.587727318528
      k =    1 ; sb/Sb = 0.109044413189828 ; sb = 476.206505454809
      k =   69 ; sb/Sb = 0.119490454634719 ; sb = 521.82528359109
      k =   77 ; sb/Sb = 0.218730462238125 ; sb = 955.215090915354
      k =   68 ; sb/Sb = 0.317970469841532 ; sb = 1388.60489823962
      k =   67 ; sb/Sb = 0.463028800609121 ; sb = 2022.08733682809
      k =   66 ; sb/Sb = 0.653582763281902 ; sb = 2854.25318568275
      k =   65 ; sb/Sb = 0.694352483097441 ; sb = 3032.2981238304
      k =   64 ; sb/Sb = 0.757229766327172 ; sb = 3306.88872818532
      k =   63 ; sb/Sb = 0.788375169700595 ; sb = 3442.90343327268
      k =   62 ; sb/Sb = 0.957406223754508 ; sb = 4181.0768546311
      Creating new point: f = 0.858820041951655
Tear 2 : Sf = 2462.31354572437 ; Sb = 2383.87294294874
  Forwards path
    i = 53 ; sf/Sf = 0.21585686825289 ; sf = 531.507290636732
      k =   52 ; sb/Sb = 0 ; sb = 0
      k =   51 ; sb/Sb = 0.116023941014516 ; sb = 276.586333718787
      k =   50 ; sb/Sb = 0.343978676762958 ; sb = 820.001460486528
      Creating new point: f = 0.437950661172243
    i = 54 ; sf/Sf = 0.458151874871478 ; sf = 1128.11356749506
      k =   52 ; sb/Sb = 0 ; sb = 0
      k =   51 ; sb/Sb = 0.116023941014516 ; sb = 276.586333718787
      k =   50 ; sb/Sb = 0.343978676762958 ; sb = 820.001460486528
      k =  409 ; sb/Sb = 0.530696826606355 ; sb = 1265.11380585565
      Creating new point: f = 0.611473486665752
    i = 55 ; sf/Sf = 0.632489168964285 ; sf = 1557.38664826471
      k =   52 ; sb/Sb = 0 ; sb = 0
      k =   51 ; sb/Sb = 0.116023941014516 ; sb = 276.586333718787
      k =   50 ; sb/Sb = 0.343978676762958 ; sb = 820.001460486528
      k =  409 ; sb/Sb = 0.530696826606355 ; sb = 1265.11380585565
      k =   49 ; sb/Sb = 0.717414976449751 ; sb = 1710.22615122477
      Creating new point: f = 0.545165761567934
    i = 56 ; sf/Sf = 0.652795275019228 ; sf = 1607.38664826471
      k =   52 ; sb/Sb = 0 ; sb = 0
      k =   51 ; sb/Sb = 0.116023941014516 ; sb = 276.586333718787
      k =   50 ; sb/Sb = 0.343978676762958 ; sb = 820.001460486528
      k =  409 ; sb/Sb = 0.530696826606355 ; sb = 1265.11380585565
      k =   49 ; sb/Sb = 0.717414976449751 ; sb = 1710.22615122477
      Creating new point: f = 0.65391847828012
    i = 81 ; sf/Sf = 0.739596456264421 ; sf = 1821.11837262962
      k =   52 ; sb/Sb = 0 ; sb = 0
      k =   51 ; sb/Sb = 0.116023941014516 ; sb = 276.586333718787
      k =   50 ; sb/Sb = 0.343978676762958 ; sb = 820.001460486528
      k =  409 ; sb/Sb = 0.530696826606355 ; sb = 1265.11380585565
      k =   49 ; sb/Sb = 0.717414976449751 ; sb = 1710.22615122477
      k =  149 ; sb/Sb = 0.858707488224875 ; sb = 2047.04954708676
      Creating new point: f = 0.156989776287459
    i = 71 ; sf/Sf = 0.826397637509614 ; sf = 2034.85009699454
      k =   52 ; sb/Sb = 0 ; sb = 0
      k =   51 ; sb/Sb = 0.116023941014516 ; sb = 276.586333718787
      k =   50 ; sb/Sb = 0.343978676762958 ; sb = 820.001460486528
      k =  409 ; sb/Sb = 0.530696826606355 ; sb = 1265.11380585565
      k =   49 ; sb/Sb = 0.717414976449751 ; sb = 1710.22615122477
      k =  149 ; sb/Sb = 0.858707488224875 ; sb = 2047.04954708676
      Creating new point: f = 0.771326517524973
Tear 3 : Sf = 2692.91209502054 ; Sb = 2518.51959831756
  Forwards path
    i = 40 ; sf/Sf = 0.130816857976006 ; sf = 352.278299076171
      k =   39 ; sb/Sb = 0 ; sb = 0
      k =   38 ; sb/Sb = 0.138516004037965 ; sb = 348.855270850248
      Creating new point: f = 0.94441692051809
    i = 41 ; sf/Sf = 0.261633715952012 ; sf = 704.556598152342
      k =   39 ; sb/Sb = 0 ; sb = 0
      k =   38 ; sb/Sb = 0.138516004037965 ; sb = 348.855270850248
      k =   37 ; sb/Sb = 0.235124543981219 ; sb = 592.165772062177
      k =   36 ; sb/Sb = 0.471132413233304 ; sb = 1186.55621613072
      Creating new point: f = 0.11232325453724
    i = 42 ; sf/Sf = 0.414292280849859 ; sf = 1115.65269397423
      k =   39 ; sb/Sb = 0 ; sb = 0
      k =   38 ; sb/Sb = 0.138516004037965 ; sb = 348.855270850248
      k =   37 ; sb/Sb = 0.235124543981219 ; sb = 592.165772062177
      k =   36 ; sb/Sb = 0.471132413233304 ; sb = 1186.55621613072
      Creating new point: f = 0.759160012064121
    i = 352 ; sf/Sf = 0.568176677323896 ; sf = 1530.0498464741
      k =   39 ; sb/Sb = 0 ; sb = 0
      k =   38 ; sb/Sb = 0.138516004037965 ; sb = 348.855270850248
      k =   37 ; sb/Sb = 0.235124543981219 ; sb = 592.165772062177
      k =   36 ; sb/Sb = 0.471132413233304 ; sb = 1186.55621613072
      k =   35 ; sb/Sb = 0.623107877087459 ; sb = 1569.30940031081
      Creating new point: f = 0.638552182237267
    i = 43 ; sf/Sf = 0.722061073797932 ; sf = 1944.44699897397
      k =   39 ; sb/Sb = 0 ; sb = 0
      k =   38 ; sb/Sb = 0.138516004037965 ; sb = 348.855270850248
      k =   37 ; sb/Sb = 0.235124543981219 ; sb = 592.165772062177
      k =   36 ; sb/Sb = 0.471132413233304 ; sb = 1186.55621613072
      k =   35 ; sb/Sb = 0.623107877087459 ; sb = 1569.30940031081
      k =   99 ; sb/Sb = 0.81155393854373 ; sb = 2043.91449931418
      Creating new point: f = 0.525100901264713
Tear 4 : Sf = 310.644491340181 ; Sb = 738.24115301167
  Forwards path
Tear 5 : Sf = 2037.67560047295 ; Sb = 1592.50552102714
  Forwards path
    i = 26 ; sf/Sf = 0.0900906883628824 ; sf = 183.575597506858
      k =   25 ; sb/Sb = 0 ; sb = 0
      k =   24 ; sb/Sb = 0.165900144636268 ; sb = 264.196896272458
      Creating new point: f = 0.543041650508528
    i = 27 ; sf/Sf = 0.374644108170426 ; sf = 763.403158079827
      k =   25 ; sb/Sb = 0 ; sb = 0
      k =   24 ; sb/Sb = 0.165900144636268 ; sb = 264.196896272458
      k =   23 ; sb/Sb = 0.338326927921648 ; sb = 538.787500627378
      k =   21 ; sb/Sb = 0.338326927921648 ; sb = 538.787500627378
      k =   20 ; sb/Sb = 0.813616695406071 ; sb = 1295.68907943403
      Creating new point: f = 0.0764106082926936
    i = 219 ; sf/Sf = 0.541905733316236 ; sf = 1104.2280905349
      k =   25 ; sb/Sb = 0 ; sb = 0
      k =   24 ; sb/Sb = 0.165900144636268 ; sb = 264.196896272458
      k =   23 ; sb/Sb = 0.338326927921648 ; sb = 538.787500627378
      k =   21 ; sb/Sb = 0.338326927921648 ; sb = 538.787500627378
      k =   20 ; sb/Sb = 0.813616695406071 ; sb = 1295.68907943403
      Creating new point: f = 0.428325664303851
    i = 74 ; sf/Sf = 0.709167358462046 ; sf = 1445.05302298997
      k =   25 ; sb/Sb = 0 ; sb = 0
      k =   24 ; sb/Sb = 0.165900144636268 ; sb = 264.196896272458
      k =   23 ; sb/Sb = 0.338326927921648 ; sb = 538.787500627378
      k =   21 ; sb/Sb = 0.338326927921648 ; sb = 538.787500627378
      k =   20 ; sb/Sb = 0.813616695406071 ; sb = 1295.68907943403
      Creating new point: f = 0.780240720315008
    i = 75 ; sf/Sf = 0.834800702621726 ; sf = 1701.05302298997
      k =   25 ; sb/Sb = 0 ; sb = 0
      k =   24 ; sb/Sb = 0.165900144636268 ; sb = 264.196896272458
      k =   23 ; sb/Sb = 0.338326927921648 ; sb = 538.787500627378
      k =   21 ; sb/Sb = 0.338326927921648 ; sb = 538.787500627378
      k =   20 ; sb/Sb = 0.813616695406071 ; sb = 1295.68907943403
      k =   19 ; sb/Sb = 1 ; sb = 1592.50552102714
      Creating new point: f = 0.113658287483465
    i = 76 ; sf/Sf = 0.897617374701565 ; sf = 1829.05302298997
      k =   25 ; sb/Sb = 0 ; sb = 0
      k =   24 ; sb/Sb = 0.165900144636268 ; sb = 264.196896272458
      k =   23 ; sb/Sb = 0.338326927921648 ; sb = 538.787500627378
      k =   21 ; sb/Sb = 0.338326927921648 ; sb = 538.787500627378
      k =   20 ; sb/Sb = 0.813616695406071 ; sb = 1295.68907943403
      k =   19 ; sb/Sb = 1 ; sb = 1592.50552102714
      Creating new point: f = 0.450687788149834
    i = 28 ; sf/Sf = 0.960434046781405 ; sf = 1957.05302298997
      k =   25 ; sb/Sb = 0 ; sb = 0
      k =   24 ; sb/Sb = 0.165900144636268 ; sb = 264.196896272458
      k =   23 ; sb/Sb = 0.338326927921648 ; sb = 538.787500627378
      k =   21 ; sb/Sb = 0.338326927921648 ; sb = 538.787500627378
      k =   20 ; sb/Sb = 0.813616695406071 ; sb = 1295.68907943403
      k =   19 ; sb/Sb = 1 ; sb = 1592.50552102714
      Creating new point: f = 0.787717288816202
Tear 6 : Sf = 332.415402771893 ; Sb = 506.0632371552
  Forwards path
Tear 7 : Sf = 201.246117974981 ; Sb = 237.697286480094
  Forwards path
Tear 1 : Sf = 4367.08760700848 ; Sb = 4674.32792995344
  Backwards path
    i = 3 ; sf/Sf = 0.0779896713709014 ; sf = 340.587727318528
      k =    4 ; sb/Sb = 0 ; sb = 0
      k =    5 ; sb/Sb = 0.0608868255886337 ; sb = 284.604989415154
      k =    6 ; sb/Sb = 0.130308487837091 ; sb = 609.104604206913
      Creating new point: f = 0.246361801609666
    i = 2 ; sf/Sf = 0.0985983717449366 ; sf = 430.587727318528
      k =    4 ; sb/Sb = 0 ; sb = 0
      k =    5 ; sb/Sb = 0.0608868255886337 ; sb = 284.604989415154
      k =    6 ; sb/Sb = 0.130308487837091 ; sb = 609.104604206913
      Creating new point: f = 0.543224476840308
    i = 1 ; sf/Sf = 0.109044413189828 ; sf = 476.206505454809
      k =    4 ; sb/Sb = 0 ; sb = 0
      k =    5 ; sb/Sb = 0.0608868255886337 ; sb = 284.604989415154
      k =    6 ; sb/Sb = 0.130308487837091 ; sb = 609.104604206913
      Creating new point: f = 0.693696838154637
    i = 69 ; sf/Sf = 0.119490454634719 ; sf = 521.82528359109
      k =    4 ; sb/Sb = 0 ; sb = 0
      k =    5 ; sb/Sb = 0.0608868255886337 ; sb = 284.604989415154
      k =    6 ; sb/Sb = 0.130308487837091 ; sb = 609.104604206913
      Creating new point: f = 0.844169199468964
    i = 77 ; sf/Sf = 0.218730462238125 ; sf = 955.215090915354
      k =    4 ; sb/Sb = 0 ; sb = 0
      k =    5 ; sb/Sb = 0.0608868255886337 ; sb = 284.604989415154
      k =    6 ; sb/Sb = 0.130308487837091 ; sb = 609.104604206913
      k =  345 ; sb/Sb = 0.204332606538443 ; sb = 955.117609742832
      k =    7 ; sb/Sb = 0.278356725239796 ; sb = 1301.13061527875
      Creating new point: f = 0.194502223765332
    i = 68 ; sf/Sf = 0.317970469841532 ; sf = 1388.60489823962
      k =    4 ; sb/Sb = 0 ; sb = 0
      k =    5 ; sb/Sb = 0.0608868255886337 ; sb = 284.604989415154
      k =    6 ; sb/Sb = 0.130308487837091 ; sb = 609.104604206913
      k =  345 ; sb/Sb = 0.204332606538443 ; sb = 955.117609742832
      k =    7 ; sb/Sb = 0.278356725239796 ; sb = 1301.13061527875
      k =  369 ; sb/Sb = 0.352542966103613 ; sb = 1647.90143296675
      Creating new point: f = 0.5339769765994
    i = 67 ; sf/Sf = 0.46302880060912 ; sf = 2022.08733682809
      k =    4 ; sb/Sb = 0 ; sb = 0
      k =    5 ; sb/Sb = 0.0608868255886337 ; sb = 284.604989415154
      k =    6 ; sb/Sb = 0.130308487837091 ; sb = 609.104604206913
      k =  345 ; sb/Sb = 0.204332606538443 ; sb = 955.117609742832
      k =    7 ; sb/Sb = 0.278356725239796 ; sb = 1301.13061527875
      k =  369 ; sb/Sb = 0.352542966103613 ; sb = 1647.90143296675
      k =    8 ; sb/Sb = 0.42672920696743 ; sb = 1994.67225065474
      k =  386 ; sb/Sb = 0.524632000668654 ; sb = 2452.30201367284
      Creating new point: f = 0.370771785659846
    i = 66 ; sf/Sf = 0.653582763281902 ; sf = 2854.25318568275
      k =    4 ; sb/Sb = 0 ; sb = 0
      k =    5 ; sb/Sb = 0.0608868255886337 ; sb = 284.604989415154
      k =    6 ; sb/Sb = 0.130308487837091 ; sb = 609.104604206913
      k =  345 ; sb/Sb = 0.204332606538443 ; sb = 955.117609742832
      k =    7 ; sb/Sb = 0.278356725239796 ; sb = 1301.13061527875
      k =  369 ; sb/Sb = 0.352542966103613 ; sb = 1647.90143296675
      k =    8 ; sb/Sb = 0.42672920696743 ; sb = 1994.67225065474
      k =  386 ; sb/Sb = 0.524632000668654 ; sb = 2452.30201367284
      k =    9 ; sb/Sb = 0.622534794369877 ; sb = 2909.93177669093
      k =  403 ; sb/Sb = 0.682572396326268 ; sb = 3190.56721636312
      Creating new point: f = 0.517142055983136
    i = 65 ; sf/Sf = 0.694352483097441 ; sf = 3032.2981238304
      k =    4 ; sb/Sb = 0 ; sb = 0
      k =    5 ; sb/Sb = 0.0608868255886337 ; sb = 284.604989415154
      k =    6 ; sb/Sb = 0.130308487837091 ; sb = 609.104604206913
      k =  345 ; sb/Sb = 0.204332606538443 ; sb = 955.117609742832
      k =    7 ; sb/Sb = 0.278356725239796 ; sb = 1301.13061527875
      k =  369 ; sb/Sb = 0.352542966103613 ; sb = 1647.90143296675
      k =    8 ; sb/Sb = 0.42672920696743 ; sb = 1994.67225065474
      k =  386 ; sb/Sb = 0.524632000668654 ; sb = 2452.30201367284
      k =    9 ; sb/Sb = 0.622534794369877 ; sb = 2909.93177669093
      k =  403 ; sb/Sb = 0.682572396326268 ; sb = 3190.56721636312
      k =  401 ; sb/Sb = 0.742609998282658 ; sb = 3471.2026560353
      Creating new point: f = 0.196211813718511
    i = 64 ; sf/Sf = 0.757229766327172 ; sf = 3306.88872818532
      k =    4 ; sb/Sb = 0 ; sb = 0
      k =    5 ; sb/Sb = 0.0608868255886337 ; sb = 284.604989415154
      k =    6 ; sb/Sb = 0.130308487837091 ; sb = 609.104604206913
      k =  345 ; sb/Sb = 0.204332606538443 ; sb = 955.117609742832
      k =    7 ; sb/Sb = 0.278356725239796 ; sb = 1301.13061527875
      k =  369 ; sb/Sb = 0.352542966103613 ; sb = 1647.90143296675
      k =    8 ; sb/Sb = 0.42672920696743 ; sb = 1994.67225065474
      k =  386 ; sb/Sb = 0.524632000668654 ; sb = 2452.30201367284
      k =    9 ; sb/Sb = 0.622534794369877 ; sb = 2909.93177669093
      k =  403 ; sb/Sb = 0.682572396326268 ; sb = 3190.56721636312
      k =  401 ; sb/Sb = 0.742609998282658 ; sb = 3471.2026560353
      k =   10 ; sb/Sb = 0.86268520219544 ; sb = 4032.47353537967
      Creating new point: f = 0.121755096540439
    i = 63 ; sf/Sf = 0.788375169700595 ; sf = 3442.90343327268
      k =    4 ; sb/Sb = 0 ; sb = 0
      k =    5 ; sb/Sb = 0.0608868255886337 ; sb = 284.604989415154
      k =    6 ; sb/Sb = 0.130308487837091 ; sb = 609.104604206913
      k =  345 ; sb/Sb = 0.204332606538443 ; sb = 955.117609742832
      k =    7 ; sb/Sb = 0.278356725239796 ; sb = 1301.13061527875
      k =  369 ; sb/Sb = 0.352542966103613 ; sb = 1647.90143296675
      k =    8 ; sb/Sb = 0.42672920696743 ; sb = 1994.67225065474
      k =  386 ; sb/Sb = 0.524632000668654 ; sb = 2452.30201367284
      k =    9 ; sb/Sb = 0.622534794369877 ; sb = 2909.93177669093
      k =  403 ; sb/Sb = 0.682572396326268 ; sb = 3190.56721636312
      k =  401 ; sb/Sb = 0.742609998282658 ; sb = 3471.2026560353
      k =   10 ; sb/Sb = 0.86268520219544 ; sb = 4032.47353537967
      Creating new point: f = 0.381137569844799
    i = 62 ; sf/Sf = 0.957406223754507 ; sf = 4181.0768546311
      k =    4 ; sb/Sb = 0 ; sb = 0
      k =    5 ; sb/Sb = 0.0608868255886337 ; sb = 284.604989415154
      k =    6 ; sb/Sb = 0.130308487837091 ; sb = 609.104604206913
      k =  345 ; sb/Sb = 0.204332606538443 ; sb = 955.117609742832
      k =    7 ; sb/Sb = 0.278356725239796 ; sb = 1301.13061527875
      k =  369 ; sb/Sb = 0.352542966103613 ; sb = 1647.90143296675
      k =    8 ; sb/Sb = 0.42672920696743 ; sb = 1994.67225065474
      k =  386 ; sb/Sb = 0.524632000668654 ; sb = 2452.30201367284
      k =    9 ; sb/Sb = 0.622534794369877 ; sb = 2909.93177669093
      k =  403 ; sb/Sb = 0.682572396326268 ; sb = 3190.56721636312
      k =  401 ; sb/Sb = 0.742609998282658 ; sb = 3471.2026560353
      k =   10 ; sb/Sb = 0.86268520219544 ; sb = 4032.47353537967
      k =   11 ; sb/Sb = 0.933542426634309 ; sb = 4363.68343861325
      k =   12 ; sb/Sb = 1 ; sb = 4674.32792995343
      Creating new point: f = 0.359083185130537
Tear 2 : Sf = 2383.87294294874 ; Sb = 2462.31354572437
  Backwards path
    i = 51 ; sf/Sf = 0.116023941014516 ; sf = 276.586333718787
      k =   52 ; sb/Sb = 0 ; sb = 0
      k =   53 ; sb/Sb = 0.21585686825289 ; sb = 531.507290636732
      Creating new point: f = 0.537504050501589
    i = 50 ; sf/Sf = 0.343978676762958 ; sf = 820.001460486528
      k =   52 ; sb/Sb = 0 ; sb = 0
      k =   53 ; sb/Sb = 0.21585686825289 ; sb = 531.507290636732
      k =   54 ; sb/Sb = 0.458151874871478 ; sb = 1128.11356749506
      Creating new point: f = 0.528784353825965
    i = 409 ; sf/Sf = 0.530696826606355 ; sf = 1265.11380585565
      k =   52 ; sb/Sb = 0 ; sb = 0
      k =   53 ; sb/Sb = 0.21585686825289 ; sb = 531.507290636732
      k =   54 ; sb/Sb = 0.458151874871478 ; sb = 1128.11356749506
      k =   55 ; sb/Sb = 0.632489168964285 ; sb = 1557.38664826471
      Creating new point: f = 0.416118376233703
    i = 49 ; sf/Sf = 0.717414976449751 ; sf = 1710.22615122477
      k =   52 ; sb/Sb = 0 ; sb = 0
      k =   53 ; sb/Sb = 0.21585686825289 ; sb = 531.507290636732
      k =   54 ; sb/Sb = 0.458151874871478 ; sb = 1128.11356749506
      k =   55 ; sb/Sb = 0.632489168964285 ; sb = 1557.38664826471
      k =   56 ; sb/Sb = 0.652795275019228 ; sb = 1607.38664826471
      k =   81 ; sb/Sb = 0.739596456264421 ; sb = 1821.11837262962
      Creating new point: f = 0.744456475171549
    i = 149 ; sf/Sf = 0.858707488224875 ; sf = 2047.04954708676
      k =   52 ; sb/Sb = 0 ; sb = 0
      k =   53 ; sb/Sb = 0.21585686825289 ; sb = 531.507290636732
      k =   54 ; sb/Sb = 0.458151874871478 ; sb = 1128.11356749506
      k =   55 ; sb/Sb = 0.632489168964285 ; sb = 1557.38664826471
      k =   56 ; sb/Sb = 0.652795275019228 ; sb = 1607.38664826471
      k =   81 ; sb/Sb = 0.739596456264421 ; sb = 1821.11837262962
      k =   71 ; sb/Sb = 0.826397637509614 ; sb = 2034.85009699454
      k =   57 ; sb/Sb = 1 ; sb = 2462.31354572437
      Creating new point: f = 0.186114118792887
Tear 3 : Sf = 2518.51959831756 ; Sb = 2692.91209502054
  Backwards path
    i = 38 ; sf/Sf = 0.138516004037965 ; sf = 348.855270850248
      k =   39 ; sb/Sb = 0 ; sb = 0
      k =   40 ; sb/Sb = 0.130816857976006 ; sb = 352.278299076171
      k =   41 ; sb/Sb = 0.261633715952012 ; sb = 704.556598152342
      Creating new point: f = 0.058854387584901
    i = 37 ; sf/Sf = 0.235124543981219 ; sf = 592.165772062177
      k =   39 ; sb/Sb = 0 ; sb = 0
      k =   40 ; sb/Sb = 0.130816857976006 ; sb = 352.278299076171
      k =   41 ; sb/Sb = 0.261633715952012 ; sb = 704.556598152342
      Creating new point: f = 0.797356606931686
    i = 36 ; sf/Sf = 0.471132413233304 ; sf = 1186.55621613072
      k =   39 ; sb/Sb = 0 ; sb = 0
      k =   40 ; sb/Sb = 0.130816857976006 ; sb = 352.278299076171
      k =   41 ; sb/Sb = 0.261633715952012 ; sb = 704.556598152342
      k =   42 ; sb/Sb = 0.414292280849859 ; sb = 1115.65269397423
      k =  352 ; sb/Sb = 0.568176677323896 ; sb = 1530.0498464741
      Creating new point: f = 0.369369043813579
    i = 35 ; sf/Sf = 0.623107877087459 ; sf = 1569.30940031081
      k =   39 ; sb/Sb = 0 ; sb = 0
      k =   40 ; sb/Sb = 0.130816857976006 ; sb = 352.278299076171
      k =   41 ; sb/Sb = 0.261633715952012 ; sb = 704.556598152342
      k =   42 ; sb/Sb = 0.414292280849859 ; sb = 1115.65269397423
      k =  352 ; sb/Sb = 0.568176677323896 ; sb = 1530.0498464741
      k =   43 ; sb/Sb = 0.722061073797932 ; sb = 1944.44699897397
      Creating new point: f = 0.356964065377687
    i = 99 ; sf/Sf = 0.81155393854373 ; sf = 2043.91449931418
      k =   39 ; sb/Sb = 0 ; sb = 0
      k =   40 ; sb/Sb = 0.130816857976006 ; sb = 352.278299076171
      k =   41 ; sb/Sb = 0.261633715952012 ; sb = 704.556598152342
      k =   42 ; sb/Sb = 0.414292280849859 ; sb = 1115.65269397423
      k =  352 ; sb/Sb = 0.568176677323896 ; sb = 1530.0498464741
      k =   43 ; sb/Sb = 0.722061073797932 ; sb = 1944.44699897397
      k =   44 ; sb/Sb = 1 ; sb = 2692.91209502054
      Creating new point: f = 0.321987517073209
Tear 4 : Sf = 738.24115301167 ; Sb = 310.644491340181
  Backwards path
    i = 194 ; sf/Sf = 0.5 ; sf = 369.120576505835
      k =   32 ; sb/Sb = 0 ; sb = 0
      k =   33 ; sb/Sb = 1 ; sb = 310.644491340181
      Creating new point: f = 0.5
Tear 5 : Sf = 1592.50552102714 ; Sb = 2037.67560047295
  Backwards path
    i = 24 ; sf/Sf = 0.165900144636268 ; sf = 264.196896272458
      k =   25 ; sb/Sb = 0 ; sb = 0
      k =   26 ; sb/Sb = 0.0900906883628824 ; sb = 183.575597506858
      k =   27 ; sb/Sb = 0.374644108170426 ; sb = 763.403158079827
      Creating new point: f = 0.266415551514576
    i = 23 ; sf/Sf = 0.338326927921648 ; sf = 538.787500627378
      k =   25 ; sb/Sb = 0 ; sb = 0
      k =   26 ; sb/Sb = 0.0900906883628824 ; sb = 183.575597506858
      k =   27 ; sb/Sb = 0.374644108170426 ; sb = 763.403158079827
    i = 21 ; sf/Sf = 0.338326927921648 ; sf = 538.787500627378
      k =   25 ; sb/Sb = 0 ; sb = 0
      k =   26 ; sb/Sb = 0.0900906883628824 ; sb = 183.575597506858
      k =   27 ; sb/Sb = 0.374644108170426 ; sb = 763.403158079827
      Creating new point: f = 0.872371309846353
    i = 20 ; sf/Sf = 0.813616695406071 ; sf = 1295.68907943403
      k =   25 ; sb/Sb = 0 ; sb = 0
      k =   26 ; sb/Sb = 0.0900906883628824 ; sb = 183.575597506858
      k =   27 ; sb/Sb = 0.374644108170426 ; sb = 763.403158079827
      k =  219 ; sb/Sb = 0.541905733316236 ; sb = 1104.2280905349
      k =   74 ; sb/Sb = 0.709167358462046 ; sb = 1445.05302298997
      k =   75 ; sb/Sb = 0.834800702621726 ; sb = 1701.05302298997
      Creating new point: f = 0.831382286626627
Tear 6 : Sf = 506.0632371552 ; Sb = 332.415402771893
  Backwards path
Tear 7 : Sf = 237.697286480094 ; Sb = 201.246117974981
  Backwards path
Triangulating...
Merging points...
Projecting to sphere...
Optimising mapping with FIRE...
E =  0.00263 | E_L =  0.00263 | E_A =  0.00000 |   0 flippped triangles
E =  0.00231 | E_L =  0.00231 | E_A =  0.00000 |  26 flippped triangles
        phi0    phi0.1    phi0.2    phi0.3    phi0.4    phi0.5    phi0.6
id   104.000    155.00   181.000   182.000   184.000    196.00   199.000
A   5325.057  35077.03  1838.787  2901.145  3580.690  26740.33  6898.326
a  -4514.474 -27338.55 -1475.142 -2548.816 -2935.971 -14291.79 -1852.591
      phi0.7    phi0.8    phi0.9   phi0.10   phi0.11   phi0.12   phi0.13
id   203.000   204.000  239.0000   245.000    428.00    502.00   504.000
A   7560.634  6100.688 1964.8579 12097.767  27403.42  29145.58  4478.344
a  -6629.497 -4560.859 -829.8937 -1341.892 -29533.75 -24865.34 -5412.829
     phi0.14   phi0.15   phi0.16    phi0.17   phi0.18   phi0.19   phi0.20
id    507.00   508.000   511.000    513.000   516.000    524.00    586.00
A   20625.36 30570.345 19009.136   8516.465  7376.310  36510.50  45391.52
a  -22666.47 -8840.107 -6851.037 -11821.419 -7215.912 -34692.44 -40093.04
     phi0.21   phi0.22   phi0.23   phi0.24   phi0.25
id    588.00    589.00   825.000  841.0000   848.000
A   34079.69  41329.93  4346.438  578.9943  3907.476
a  -28294.46 -15862.34 -3451.384 -275.9141 -3863.266
E =  0.00220 | E_L =  0.00220 | E_A =  0.00000 |  24 flippped triangles
        phi0    phi0.1    phi0.2    phi0.3    phi0.4    phi0.5    phi0.6
id   104.000    155.00   181.000   182.000   184.000    196.00   199.000
A   5325.057  35077.03  1838.787  2901.145  3580.690  26740.33  6898.326
a  -4149.700 -22444.63 -1601.263 -2445.190 -2987.849 -11886.80 -2941.671
      phi0.7    phi0.8    phi0.9   phi0.10   phi0.11   phi0.12   phi0.13
id   203.000   204.000   239.000    428.00    502.00   504.000    507.00
A   7560.634  6100.688  1964.858  27403.42  29145.58  4478.344  20625.36
a  -5659.336 -4169.481 -1290.795 -25915.87 -22869.46 -5308.443 -21883.21
     phi0.14    phi0.15   phi0.16   phi0.17   phi0.18   phi0.19   phi0.20
id   508.000    513.000   516.000    524.00    586.00    588.00   589.000
A  30570.345   8516.465  7376.310  36510.50  45391.52  34079.69 41329.929
a  -4609.808 -11007.275 -6553.447 -33291.59 -36142.21 -22721.63 -6979.212
     phi0.21   phi0.22   phi0.23
id   825.000  841.0000   848.000
A   4346.438  578.9943  3907.476
a  -3591.851 -327.4703 -3978.429
E =  0.00216 | E_L =  0.00216 | E_A =  0.00000 |  24 flippped triangles
        phi0    phi0.1    phi0.2    phi0.3    phi0.4    phi0.5    phi0.6
id   104.000    155.00   181.000   182.000   184.000    196.00   199.000
A   5325.057  35077.03  1838.787  2901.145  3580.690  26740.33  6898.326
a  -4268.800 -23001.62 -1510.878 -2310.909 -2749.063 -10738.18 -2402.757
      phi0.7    phi0.8    phi0.9   phi0.10   phi0.11   phi0.12   phi0.13
id   203.000   204.000   239.000    428.00    502.00   504.000    507.00
A   7560.634  6100.688  1964.858  27403.42  29145.58  4478.344  20625.36
a  -5335.298 -4334.750 -1139.624 -26195.80 -21515.71 -5136.753 -21482.41
     phi0.14    phi0.15   phi0.16   phi0.17   phi0.18   phi0.19  phi0.20
id   508.000    513.000   516.000    524.00    586.00    588.00   589.00
A  30570.345   8516.465  7376.310  36510.50  45391.52  34079.69 41329.93
a  -2755.025 -10784.594 -6434.569 -32503.37 -35662.42 -23136.40 -7367.99
     phi0.21   phi0.22   phi0.23
id   825.000  841.0000   848.000
A   4346.438  578.9943  3907.476
a  -3516.182 -311.0359 -3908.128
E =  0.00214 | E_L =  0.00214 | E_A =  0.00000 |  24 flippped triangles
        phi0    phi0.1    phi0.2    phi0.3    phi0.4    phi0.5    phi0.6
id   104.000    155.00   181.000   182.000   184.000    196.00   199.000
A   5325.057  35077.03  1838.787  2901.145  3580.690  26740.33  6898.326
a  -3372.606 -21634.01 -1557.496 -2421.653 -2940.043 -10904.06 -2885.396
      phi0.7    phi0.8    phi0.9   phi0.10   phi0.11   phi0.12   phi0.13
id   203.000   204.000   239.000    428.00    502.00   504.000    507.00
A   7560.634  6100.688  1964.858  27403.42  29145.58  4478.344  20625.36
a  -5528.100 -2978.995 -1168.544 -25580.29 -21644.47 -5143.079 -21532.58
     phi0.14    phi0.15   phi0.16   phi0.17   phi0.18   phi0.19   phi0.20
id   508.000    513.000   516.000    524.00    586.00    588.00   589.000
A  30570.345   8516.465  7376.310  36510.50  45391.52  34079.69 41329.929
a  -2871.419 -10831.899 -6318.296 -32519.86 -35321.52 -22247.89 -5568.104
     phi0.21   phi0.22   phi0.23
id   825.000  841.0000   848.000
A   4346.438  578.9943  3907.476
a  -3622.811 -348.8476 -3944.070
FIRE:  3  stops.  0 hits of maxmove.  0 hits of dtmax.
Frms = 8.92607670510018e-06; Ftanrms = 8.92567756487254e-06
E =  0.00302 | E_L =  0.00300 | E_A =  0.00002 |   0 flippped triangles
E =  0.00214 | E_L =  0.00214 | E_A =  0.00000 |   0 flippped triangles
E =  0.00212 | E_L =  0.00212 | E_A =  0.00000 |   0 flippped triangles
E =  0.00212 | E_L =  0.00212 | E_A =  0.00000 |   0 flippped triangles
Optimising mapping with BFGS...
E =  0.00212 | E_L =  0.00212 | E_A =  0.00000 |   0 flippped triangles
Transforming image...
Mapping optimised. Error: 0.002118683 ; 0 flipped triangles.
Inferring coordinates of datapoints
Inferring coordinates of landmarks
Mapping optimised. Error: 0.002118683 ; 0 flipped triangles. OD displacement: 6.165173 degrees.
Computing Kernel Density estimates of datapoints

[1] 0.775
Saving adult_retina/data/CD-1/GMA149/R-CONTRA/r.mat
