[1] "Adding old segment 1"
[1] "Adding old segment 3"
[1] "Adding old segment 4"
[1] "Adding old segment 5"
[1] "Intersection found. Old points:"
    X     Y 
-1080  1149 
    X     Y 
-1190  1129 
    X     Y 
-1170  1129 
    X     Y 
-1280  1169 
[1] "Point i+1 has been changed:"
    X     Y 
-1080  1149 
        X         Y 
-1176.667  1131.424 
    X     Y 
-1170  1129 
    X     Y 
-1280  1169 
[1] "a= 0.454738753300853"
[1] "l= 109.953241585549"
[1] "New points:"
    X     Y 
-1080  1149 
        X         Y 
-1176.667  1131.424 
        X         Y 
-1233.010  1151.913 
    X     Y 
-1280  1169 
[1] "Intersection found. Old points:"
   X    Y 
2390 1099 
   X    Y 
2210  969 
   X    Y 
2210  969 
   X    Y 
1920  859 
[1] "Point i+1 has been changed:"
   X    Y 
2390 1099 
   X    Y 
2210  969 
   X    Y 
2210  969 
   X    Y 
1920  859 
[1] "a= 0.16120647005479"
[1] "l= 310.161248385416"
[1] "New points:"
   X    Y 
2390 1099 
   X    Y 
2210  969 
        X         Y 
1966.7499  876.7327 
   X    Y 
1920  859 
[1] "Storing new segment 1"
[1] "Adding old segment 2"
[1] "Storing new segment 2"
simplify.outline: Removing vertex 45
simplify.outline: Removing vertex 103
Triangulating...
[1] "Non-adjacent points in rim connected by line: 35 33"
[1] "In triangle: 123" "In triangle: 154"
[1] "Other points in triangles: 34 276"
[1] "Non-adjacent points in rim connected by line: 56 54"
[1] "In triangle: 1" "In triangle: 3"
[1] "Other points in triangles: 55 164"
[1] "Non-adjacent points in rim connected by line: 83 81"
[1] "In triangle: 83"  "In triangle: 102"
[1] "Other points in triangles: 82 181"
[1] "Non-adjacent points in rim connected by line: 99 97"
[1] "In triangle: 109" "In triangle: 110"
[1] "Other points in triangles: 98 100"
[1] "Non-adjacent points in rim connected by line: 100 97"
[1] "In triangle: 194" "In triangle: 832"
[1] "Other points in triangles: 128 481"
Stitching...
Tear 1 child of rim
Tear 2 child of rim
Tear 3 child of rim
Tear 4 child of rim
Tear 1 : Sf = 1694.39668517247 ; Sb = 1704.63951929159
  Forwards path
    i = 90 ; sf/Sf = 0.0739494133563313 ; sf = 125.299640861417
      k =   91 ; sb/Sb = 0 ; sb = 0
      k =   92 ; sb/Sb = 0.118057874229394 ; sb = 201.246117974981
      Creating new point: f = 0.626382728293436
    i = 89 ; sf/Sf = 0.163843039477167 ; sf = 277.615102978695
      k =   91 ; sb/Sb = 0 ; sb = 0
      k =   92 ; sb/Sb = 0.118057874229394 ; sb = 201.246117974981
      k =   93 ; sb/Sb = 0.353004725664855 ; sb = 601.745805864997
      Creating new point: f = 0.194874564047308
    i = 88 ; sf/Sf = 0.201633034544238 ; sf = 341.646345353023
      k =   91 ; sb/Sb = 0 ; sb = 0
      k =   92 ; sb/Sb = 0.118057874229394 ; sb = 201.246117974981
      k =   93 ; sb/Sb = 0.353004725664855 ; sb = 601.745805864997
      Creating new point: f = 0.355719431029708
    i = 87 ; sf/Sf = 0.326131761992951 ; sf = 552.596576450313
      k =   91 ; sb/Sb = 0 ; sb = 0
      k =   92 ; sb/Sb = 0.118057874229394 ; sb = 201.246117974981
      k =   93 ; sb/Sb = 0.353004725664855 ; sb = 601.745805864997
      Creating new point: f = 0.885621094695595
    i = 86 ; sf/Sf = 0.473676904277357 ; sf = 802.596576450313
      k =   91 ; sb/Sb = 0 ; sb = 0
      k =   92 ; sb/Sb = 0.118057874229394 ; sb = 201.246117974981
      k =   93 ; sb/Sb = 0.353004725664855 ; sb = 601.745805864997
      k =   94 ; sb/Sb = 0.57592575717885 ; sb = 981.745805864997
      Creating new point: f = 0.541322538268116
    i = 85 ; sf/Sf = 0.615811207114082 ; sf = 1043.42846802616
      k =   91 ; sb/Sb = 0 ; sb = 0
      k =   92 ; sb/Sb = 0.118057874229394 ; sb = 201.246117974981
      k =   93 ; sb/Sb = 0.353004725664855 ; sb = 601.745805864997
      k =   94 ; sb/Sb = 0.57592575717885 ; sb = 981.745805864997
      k =   95 ; sb/Sb = 0.704985301739583 ; sb = 1201.745805865
      Creating new point: f = 0.30904688274692
    i = 84 ; sf/Sf = 0.770726580394227 ; sf = 1305.91656299429
      k =   91 ; sb/Sb = 0 ; sb = 0
      k =   92 ; sb/Sb = 0.118057874229394 ; sb = 201.246117974981
      k =   93 ; sb/Sb = 0.353004725664855 ; sb = 601.745805864997
      k =   94 ; sb/Sb = 0.57592575717885 ; sb = 981.745805864997
      k =   95 ; sb/Sb = 0.704985301739583 ; sb = 1201.745805865
      k =   96 ; sb/Sb = 0.8228973354263 ; sb = 1402.74331828741
      Creating new point: f = 0.557545117314428
    i = 83 ; sf/Sf = 0.912860883230951 ; sf = 1546.74845457014
      k =   91 ; sb/Sb = 0 ; sb = 0
      k =   92 ; sb/Sb = 0.118057874229394 ; sb = 201.246117974981
      k =   93 ; sb/Sb = 0.353004725664855 ; sb = 601.745805864997
      k =   94 ; sb/Sb = 0.57592575717885 ; sb = 981.745805864997
      k =   95 ; sb/Sb = 0.704985301739583 ; sb = 1201.745805865
      k =   96 ; sb/Sb = 0.8228973354263 ; sb = 1402.74331828741
      k =   97 ; sb/Sb = 0.875694421837509 ; sb = 1492.74331828741
      k =   98 ; sb/Sb = 1 ; sb = 1704.63951929159
      Creating new point: f = 0.298992707671237
Tear 2 : Sf = 2013.52271325021 ; Sb = 1841.15836045405
  Forwards path
    i = 63 ; sf/Sf = 0.0913065255726552 ; sf = 183.847763108502
      k =   64 ; sb/Sb = 0 ; sb = 0
      k =   65 ; sb/Sb = 0.0656274127914491 ; sb = 120.830459735946
      k =   66 ; sb/Sb = 0.118991356843713 ; sb = 219.081931474573
      Creating new point: f = 0.481207175317787
    i = 62 ; sf/Sf = 0.18261305114531 ; sf = 367.695526217005
      k =   64 ; sb/Sb = 0 ; sb = 0
      k =   65 ; sb/Sb = 0.0656274127914491 ; sb = 120.830459735946
      k =   66 ; sb/Sb = 0.118991356843713 ; sb = 219.081931474573
      k =   67 ; sb/Sb = 0.151554140617925 ; sb = 279.035173060121
      k =   68 ; sb/Sb = 0.178710957257896 ; sb = 329.035173060122
      k =   69 ; sb/Sb = 0.24931868052182 ; sb = 459.035173060122
      Creating new point: f = 0.055264406031461
    i = 61 ; sf/Sf = 0.347105808566928 ; sf = 698.905429450589
      k =   64 ; sb/Sb = 0 ; sb = 0
      k =   65 ; sb/Sb = 0.0656274127914491 ; sb = 120.830459735946
      k =   66 ; sb/Sb = 0.118991356843713 ; sb = 219.081931474573
      k =   67 ; sb/Sb = 0.151554140617925 ; sb = 279.035173060121
      k =   68 ; sb/Sb = 0.178710957257896 ; sb = 329.035173060122
      k =   69 ; sb/Sb = 0.24931868052182 ; sb = 459.035173060122
      k =   70 ; sb/Sb = 0.341811465127957 ; sb = 629.329036719386
      k =   71 ; sb/Sb = 0.551605563567866 ; sb = 1015.59319503594
      Creating new point: f = 0.0252359026223409
    i = 60 ; sf/Sf = 0.518141131331453 ; sf = 1043.28893660504
      k =   64 ; sb/Sb = 0 ; sb = 0
      k =   65 ; sb/Sb = 0.0656274127914491 ; sb = 120.830459735946
      k =   66 ; sb/Sb = 0.118991356843713 ; sb = 219.081931474573
      k =   67 ; sb/Sb = 0.151554140617925 ; sb = 279.035173060121
      k =   68 ; sb/Sb = 0.178710957257896 ; sb = 329.035173060122
      k =   69 ; sb/Sb = 0.24931868052182 ; sb = 459.035173060122
      k =   70 ; sb/Sb = 0.341811465127957 ; sb = 629.329036719386
      k =   71 ; sb/Sb = 0.551605563567866 ; sb = 1015.59319503594
      Creating new point: f = 0.840489163016193
    i = 59 ; sf/Sf = 0.600798837984425 ; sf = 1209.72210637597
      k =   64 ; sb/Sb = 0 ; sb = 0
      k =   65 ; sb/Sb = 0.0656274127914491 ; sb = 120.830459735946
      k =   66 ; sb/Sb = 0.118991356843713 ; sb = 219.081931474573
      k =   67 ; sb/Sb = 0.151554140617925 ; sb = 279.035173060121
      k =   68 ; sb/Sb = 0.178710957257896 ; sb = 329.035173060122
      k =   69 ; sb/Sb = 0.24931868052182 ; sb = 459.035173060122
      k =   70 ; sb/Sb = 0.341811465127957 ; sb = 629.329036719386
      k =   71 ; sb/Sb = 0.551605563567866 ; sb = 1015.59319503594
      k =   72 ; sb/Sb = 0.705323701040789 ; sb = 1298.61262899764
      Creating new point: f = 0.320022576550046
    i = 58 ; sf/Sf = 0.692375102772725 ; sf = 1394.11299552183
      k =   64 ; sb/Sb = 0 ; sb = 0
      k =   65 ; sb/Sb = 0.0656274127914491 ; sb = 120.830459735946
      k =   66 ; sb/Sb = 0.118991356843713 ; sb = 219.081931474573
      k =   67 ; sb/Sb = 0.151554140617925 ; sb = 279.035173060121
      k =   68 ; sb/Sb = 0.178710957257896 ; sb = 329.035173060122
      k =   69 ; sb/Sb = 0.24931868052182 ; sb = 459.035173060122
      k =   70 ; sb/Sb = 0.341811465127957 ; sb = 629.329036719386
      k =   71 ; sb/Sb = 0.551605563567866 ; sb = 1015.59319503594
      k =   72 ; sb/Sb = 0.705323701040789 ; sb = 1298.61262899764
      Creating new point: f = 0.915764017955624
    i = 57 ; sf/Sf = 0.776950192260729 ; sf = 1564.40685918109
      k =   64 ; sb/Sb = 0 ; sb = 0
      k =   65 ; sb/Sb = 0.0656274127914491 ; sb = 120.830459735946
      k =   66 ; sb/Sb = 0.118991356843713 ; sb = 219.081931474573
      k =   67 ; sb/Sb = 0.151554140617925 ; sb = 279.035173060121
      k =   68 ; sb/Sb = 0.178710957257896 ; sb = 329.035173060122
      k =   69 ; sb/Sb = 0.24931868052182 ; sb = 459.035173060122
      k =   70 ; sb/Sb = 0.341811465127957 ; sb = 629.329036719386
      k =   71 ; sb/Sb = 0.551605563567866 ; sb = 1015.59319503594
      k =   72 ; sb/Sb = 0.705323701040789 ; sb = 1298.61262899764
      k =   73 ; sb/Sb = 0.805030277862126 ; sb = 1482.1882265045
      Creating new point: f = 0.718372784458202
    i = 56 ; sf/Sf = 0.903569561390218 ; sf = 1819.35783486073
      k =   64 ; sb/Sb = 0 ; sb = 0
      k =   65 ; sb/Sb = 0.0656274127914491 ; sb = 120.830459735946
      k =   66 ; sb/Sb = 0.118991356843713 ; sb = 219.081931474573
      k =   67 ; sb/Sb = 0.151554140617925 ; sb = 279.035173060121
      k =   68 ; sb/Sb = 0.178710957257896 ; sb = 329.035173060122
      k =   69 ; sb/Sb = 0.24931868052182 ; sb = 459.035173060122
      k =   70 ; sb/Sb = 0.341811465127957 ; sb = 629.329036719386
      k =   71 ; sb/Sb = 0.551605563567866 ; sb = 1015.59319503594
      k =   72 ; sb/Sb = 0.705323701040789 ; sb = 1298.61262899764
      k =   73 ; sb/Sb = 0.805030277862126 ; sb = 1482.1882265045
      k =   74 ; sb/Sb = 0.953277646009107 ; sb = 1755.13510778363
      Creating new point: f = 0.664694994317837
Tear 3 : Sf = 1467.13061881394 ; Sb = 1240.67030951107
  Forwards path
    i = 40 ; sf/Sf = 0.0701752796169588 ; sf = 102.95630140987
      k =   41 ; sb/Sb = 0 ; sb = 0
      k =   42 ; sb/Sb = 0.188166307204187 ; sb = 233.452350598575
      Creating new point: f = 0.372942853902153
    i = 39 ; sf/Sf = 0.219662393567259 ; sf = 322.273423404483
      k =   41 ; sb/Sb = 0 ; sb = 0
      k =   42 ; sb/Sb = 0.188166307204187 ; sb = 233.452350598575
      k =   43 ; sb/Sb = 0.415714175566666 ; sb = 515.764234868437
      Creating new point: f = 0.138415211663941
    i = 38 ; sf/Sf = 0.286792461439185 ; sf = 420.762001422444
      k =   41 ; sb/Sb = 0 ; sb = 0
      k =   42 ; sb/Sb = 0.188166307204187 ; sb = 233.452350598575
      k =   43 ; sb/Sb = 0.415714175566666 ; sb = 515.764234868437
      Creating new point: f = 0.433430358828447
    i = 37 ; sf/Sf = 0.392824937257051 ; sf = 576.325493283485
      k =   41 ; sb/Sb = 0 ; sb = 0
      k =   42 ; sb/Sb = 0.188166307204187 ; sb = 233.452350598575
      k =   43 ; sb/Sb = 0.415714175566666 ; sb = 515.764234868437
      Creating new point: f = 0.8994091288381
    i = 36 ; sf/Sf = 0.605873447153494 ; sf = 888.89548544524
      k =   41 ; sb/Sb = 0 ; sb = 0
      k =   42 ; sb/Sb = 0.188166307204187 ; sb = 233.452350598575
      k =   43 ; sb/Sb = 0.415714175566666 ; sb = 515.764234868437
      k =   44 ; sb/Sb = 0.530270559277927 ; sb = 657.890938903956
      k =   45 ; sb/Sb = 0.714070464274196 ; sb = 885.926023923784
      Creating new point: f = 0.411332573197476
    i = 35 ; sf/Sf = 0.812838338431717 ; sf = 1192.54001445902
      k =   41 ; sb/Sb = 0 ; sb = 0
      k =   42 ; sb/Sb = 0.188166307204187 ; sb = 233.452350598575
      k =   43 ; sb/Sb = 0.415714175566666 ; sb = 515.764234868437
      k =   44 ; sb/Sb = 0.530270559277927 ; sb = 657.890938903956
      k =   45 ; sb/Sb = 0.714070464274196 ; sb = 885.926023923784
      k =   46 ; sb/Sb = 0.808412206967565 ; sb = 1002.97302303098
      k =   47 ; sb/Sb = 1 ; sb = 1240.67030951107
      Creating new point: f = 0.0231023667744987
Tear 4 : Sf = 3685.73156829112 ; Sb = 3618.57259419635
  Forwards path
    i = 6 ; sf/Sf = 0.0121336453079601 ; sf = 44.7213595499958
      k =    7 ; sb/Sb = 0 ; sb = 0
      k =    8 ; sb/Sb = 0.0556147797885138 ; sb = 201.246117974981
      Creating new point: f = 0.218173035191376
    i = 5 ; sf/Sf = 0.0747719366036404 ; sf = 275.5892871623
      k =    7 ; sb/Sb = 0 ; sb = 0
      k =    8 ; sb/Sb = 0.0556147797885138 ; sb = 201.246117974981
      k =    9 ; sb/Sb = 0.109272644411953 ; sb = 395.410996364457
      Creating new point: f = 0.357024211633612
    i = 4 ; sf/Sf = 0.114831346212461 ; sf = 423.237517764634
      k =    7 ; sb/Sb = 0 ; sb = 0
      k =    8 ; sb/Sb = 0.0556147797885138 ; sb = 201.246117974981
      k =    9 ; sb/Sb = 0.109272644411953 ; sb = 395.410996364457
      k =   10 ; sb/Sb = 0.152967742103792 ; sb = 553.524879372876
      Creating new point: f = 0.127215685377579
    i = 3 ; sf/Sf = 0.139845496826711 ; sf = 515.432962337563
      k =    7 ; sb/Sb = 0 ; sb = 0
      k =    8 ; sb/Sb = 0.0556147797885138 ; sb = 201.246117974981
      k =    9 ; sb/Sb = 0.109272644411953 ; sb = 395.410996364457
      k =   10 ; sb/Sb = 0.152967742103792 ; sb = 553.524879372876
      Creating new point: f = 0.699686098206566
    i = 2 ; sf/Sf = 0.182744411215565 ; sf = 673.546845345982
      k =    7 ; sb/Sb = 0 ; sb = 0
      k =    8 ; sb/Sb = 0.0556147797885138 ; sb = 201.246117974981
      k =    9 ; sb/Sb = 0.109272644411953 ; sb = 395.410996364457
      k =   10 ; sb/Sb = 0.152967742103792 ; sb = 553.524879372876
      k =   11 ; sb/Sb = 0.185313921725812 ; sb = 670.571878480072
      Creating new point: f = 0.920562164055435
    i = 1 ; sf/Sf = 0.1963102390773 ; sf = 723.546845345981
      k =    7 ; sb/Sb = 0 ; sb = 0
      k =    8 ; sb/Sb = 0.0556147797885138 ; sb = 201.246117974981
      k =    9 ; sb/Sb = 0.109272644411953 ; sb = 395.410996364457
      k =   10 ; sb/Sb = 0.152967742103792 ; sb = 553.524879372876
      k =   11 ; sb/Sb = 0.185313921725812 ; sb = 670.571878480072
      k =   12 ; sb/Sb = 0.243610453191182 ; sb = 881.522109577362
      Creating new point: f = 0.188627300374119
    i = 122 ; sf/Sf = 0.266896293315113 ; sf = 983.708093731398
      k =    7 ; sb/Sb = 0 ; sb = 0
      k =    8 ; sb/Sb = 0.0556147797885138 ; sb = 201.246117974981
      k =    9 ; sb/Sb = 0.109272644411953 ; sb = 395.410996364457
      k =   10 ; sb/Sb = 0.152967742103792 ; sb = 553.524879372876
      k =   11 ; sb/Sb = 0.185313921725812 ; sb = 670.571878480072
      k =   12 ; sb/Sb = 0.243610453191182 ; sb = 881.522109577362
      k =   13 ; sb/Sb = 0.295237278979427 ; sb = 1068.33752650006
      Creating new point: f = 0.451041484119933
    i = 121 ; sf/Sf = 0.327138345401042 ; sf = 1205.74412684314
      k =    7 ; sb/Sb = 0 ; sb = 0
      k =    8 ; sb/Sb = 0.0556147797885138 ; sb = 201.246117974981
      k =    9 ; sb/Sb = 0.109272644411953 ; sb = 395.410996364457
      k =   10 ; sb/Sb = 0.152967742103792 ; sb = 553.524879372876
      k =   11 ; sb/Sb = 0.185313921725812 ; sb = 670.571878480072
      k =   12 ; sb/Sb = 0.243610453191182 ; sb = 881.522109577362
      k =   13 ; sb/Sb = 0.295237278979427 ; sb = 1068.33752650006
      k =   14 ; sb/Sb = 0.340814428734339 ; sb = 1233.26175152476
      Creating new point: f = 0.699935528947307
    i = 120 ; sf/Sf = 0.379818491741569 ; sf = 1399.90900523262
      k =    7 ; sb/Sb = 0 ; sb = 0
      k =    8 ; sb/Sb = 0.0556147797885138 ; sb = 201.246117974981
      k =    9 ; sb/Sb = 0.109272644411953 ; sb = 395.410996364457
      k =   10 ; sb/Sb = 0.152967742103792 ; sb = 553.524879372876
      k =   11 ; sb/Sb = 0.185313921725812 ; sb = 670.571878480072
      k =   12 ; sb/Sb = 0.243610453191182 ; sb = 881.522109577362
      k =   13 ; sb/Sb = 0.295237278979427 ; sb = 1068.33752650006
      k =   14 ; sb/Sb = 0.340814428734339 ; sb = 1233.26175152476
      k =   15 ; sb/Sb = 0.399956352799526 ; sb = 1447.27109711509
      Creating new point: f = 0.659499392752916
    i = 119 ; sf/Sf = 0.441747647454907 ; sf = 1628.16324944289
      k =    7 ; sb/Sb = 0 ; sb = 0
      k =    8 ; sb/Sb = 0.0556147797885138 ; sb = 201.246117974981
      k =    9 ; sb/Sb = 0.109272644411953 ; sb = 395.410996364457
      k =   10 ; sb/Sb = 0.152967742103792 ; sb = 553.524879372876
      k =   11 ; sb/Sb = 0.185313921725812 ; sb = 670.571878480072
      k =   12 ; sb/Sb = 0.243610453191182 ; sb = 881.522109577362
      k =   13 ; sb/Sb = 0.295237278979427 ; sb = 1068.33752650006
      k =   14 ; sb/Sb = 0.340814428734339 ; sb = 1233.26175152476
      k =   15 ; sb/Sb = 0.399956352799526 ; sb = 1447.27109711509
      k =   16 ; sb/Sb = 0.492812290764438 ; sb = 1783.27704944332
      Creating new point: f = 0.450065936237408
    i = 118 ; sf/Sf = 0.484646561843761 ; sf = 1786.2771324513
      k =    7 ; sb/Sb = 0 ; sb = 0
      k =    8 ; sb/Sb = 0.0556147797885138 ; sb = 201.246117974981
      k =    9 ; sb/Sb = 0.109272644411953 ; sb = 395.410996364457
      k =   10 ; sb/Sb = 0.152967742103792 ; sb = 553.524879372876
      k =   11 ; sb/Sb = 0.185313921725812 ; sb = 670.571878480072
      k =   12 ; sb/Sb = 0.243610453191182 ; sb = 881.522109577362
      k =   13 ; sb/Sb = 0.295237278979427 ; sb = 1068.33752650006
      k =   14 ; sb/Sb = 0.340814428734339 ; sb = 1233.26175152476
      k =   15 ; sb/Sb = 0.399956352799526 ; sb = 1447.27109711509
      k =   16 ; sb/Sb = 0.492812290764438 ; sb = 1783.27704944332
      Creating new point: f = 0.912060239768806
    i = 117 ; sf/Sf = 0.575810540039823 ; sf = 2122.28308477953
      k =    7 ; sb/Sb = 0 ; sb = 0
      k =    8 ; sb/Sb = 0.0556147797885138 ; sb = 201.246117974981
      k =    9 ; sb/Sb = 0.109272644411953 ; sb = 395.410996364457
      k =   10 ; sb/Sb = 0.152967742103792 ; sb = 553.524879372876
      k =   11 ; sb/Sb = 0.185313921725812 ; sb = 670.571878480072
      k =   12 ; sb/Sb = 0.243610453191182 ; sb = 881.522109577362
      k =   13 ; sb/Sb = 0.295237278979427 ; sb = 1068.33752650006
      k =   14 ; sb/Sb = 0.340814428734339 ; sb = 1233.26175152476
      k =   15 ; sb/Sb = 0.399956352799526 ; sb = 1447.27109711509
      k =   16 ; sb/Sb = 0.492812290764438 ; sb = 1783.27704944332
      k =   17 ; sb/Sb = 0.563160041044599 ; sb = 2037.83549067048
      k =   18 ; sb/Sb = 0.660512875596315 ; sb = 2390.11378974665
      Creating new point: f = 0.129944844990664
    i = 116 ; sf/Sf = 0.642545589233603 ; sf = 2368.25056230451
      k =    7 ; sb/Sb = 0 ; sb = 0
      k =    8 ; sb/Sb = 0.0556147797885138 ; sb = 201.246117974981
      k =    9 ; sb/Sb = 0.109272644411953 ; sb = 395.410996364457
      k =   10 ; sb/Sb = 0.152967742103792 ; sb = 553.524879372876
      k =   11 ; sb/Sb = 0.185313921725812 ; sb = 670.571878480072
      k =   12 ; sb/Sb = 0.243610453191182 ; sb = 881.522109577362
      k =   13 ; sb/Sb = 0.295237278979427 ; sb = 1068.33752650006
      k =   14 ; sb/Sb = 0.340814428734339 ; sb = 1233.26175152476
      k =   15 ; sb/Sb = 0.399956352799526 ; sb = 1447.27109711509
      k =   16 ; sb/Sb = 0.492812290764438 ; sb = 1783.27704944332
      k =   17 ; sb/Sb = 0.563160041044599 ; sb = 2037.83549067048
      k =   18 ; sb/Sb = 0.660512875596315 ; sb = 2390.11378974665
      Creating new point: f = 0.815441569365227
    i = 115 ; sf/Sf = 0.719668245293668 ; sf = 2652.50397037555
      k =    7 ; sb/Sb = 0 ; sb = 0
      k =    8 ; sb/Sb = 0.0556147797885138 ; sb = 201.246117974981
      k =    9 ; sb/Sb = 0.109272644411953 ; sb = 395.410996364457
      k =   10 ; sb/Sb = 0.152967742103792 ; sb = 553.524879372876
      k =   11 ; sb/Sb = 0.185313921725812 ; sb = 670.571878480072
      k =   12 ; sb/Sb = 0.243610453191182 ; sb = 881.522109577362
      k =   13 ; sb/Sb = 0.295237278979427 ; sb = 1068.33752650006
      k =   14 ; sb/Sb = 0.340814428734339 ; sb = 1233.26175152476
      k =   15 ; sb/Sb = 0.399956352799526 ; sb = 1447.27109711509
      k =   16 ; sb/Sb = 0.492812290764438 ; sb = 1783.27704944332
      k =   17 ; sb/Sb = 0.563160041044599 ; sb = 2037.83549067048
      k =   18 ; sb/Sb = 0.660512875596315 ; sb = 2390.11378974665
      k =   19 ; sb/Sb = 0.725264233812257 ; sb = 2624.42128002385
      Creating new point: f = 0.913577279723972
    i = 114 ; sf/Sf = 0.796408156281206 ; sf = 2935.34668285017
      k =    7 ; sb/Sb = 0 ; sb = 0
      k =    8 ; sb/Sb = 0.0556147797885138 ; sb = 201.246117974981
      k =    9 ; sb/Sb = 0.109272644411953 ; sb = 395.410996364457
      k =   10 ; sb/Sb = 0.152967742103792 ; sb = 553.524879372876
      k =   11 ; sb/Sb = 0.185313921725812 ; sb = 670.571878480072
      k =   12 ; sb/Sb = 0.243610453191182 ; sb = 881.522109577362
      k =   13 ; sb/Sb = 0.295237278979427 ; sb = 1068.33752650006
      k =   14 ; sb/Sb = 0.340814428734339 ; sb = 1233.26175152476
      k =   15 ; sb/Sb = 0.399956352799526 ; sb = 1447.27109711509
      k =   16 ; sb/Sb = 0.492812290764438 ; sb = 1783.27704944332
      k =   17 ; sb/Sb = 0.563160041044599 ; sb = 2037.83549067048
      k =   18 ; sb/Sb = 0.660512875596315 ; sb = 2390.11378974665
      k =   19 ; sb/Sb = 0.725264233812257 ; sb = 2624.42128002385
      k =   20 ; sb/Sb = 0.803818249427955 ; sb = 2908.67468809488
      Creating new point: f = 0.90566881796341
    i = 320 ; sf/Sf = 0.863432132922904 ; sf = 3182.37906939088
      k =    7 ; sb/Sb = 0 ; sb = 0
      k =    8 ; sb/Sb = 0.0556147797885138 ; sb = 201.246117974981
      k =    9 ; sb/Sb = 0.109272644411953 ; sb = 395.410996364457
      k =   10 ; sb/Sb = 0.152967742103792 ; sb = 553.524879372876
      k =   11 ; sb/Sb = 0.185313921725812 ; sb = 670.571878480072
      k =   12 ; sb/Sb = 0.243610453191182 ; sb = 881.522109577362
      k =   13 ; sb/Sb = 0.295237278979427 ; sb = 1068.33752650006
      k =   14 ; sb/Sb = 0.340814428734339 ; sb = 1233.26175152476
      k =   15 ; sb/Sb = 0.399956352799526 ; sb = 1447.27109711509
      k =   16 ; sb/Sb = 0.492812290764438 ; sb = 1783.27704944332
      k =   17 ; sb/Sb = 0.563160041044599 ; sb = 2037.83549067048
      k =   18 ; sb/Sb = 0.660512875596315 ; sb = 2390.11378974665
      k =   19 ; sb/Sb = 0.725264233812257 ; sb = 2624.42128002385
      k =   20 ; sb/Sb = 0.803818249427956 ; sb = 2908.67468809488
      k =   21 ; sb/Sb = 0.857476114051395 ; sb = 3102.83956648436
      k =   22 ; sb/Sb = 0.904537174518273 ; sb = 3273.13343014362
      Creating new point: f = 0.126559385029172
    i = 113 ; sf/Sf = 0.930456109564602 ; sf = 3429.41145593159
      k =    7 ; sb/Sb = 0 ; sb = 0
      k =    8 ; sb/Sb = 0.0556147797885138 ; sb = 201.246117974981
      k =    9 ; sb/Sb = 0.109272644411953 ; sb = 395.410996364457
      k =   10 ; sb/Sb = 0.152967742103792 ; sb = 553.524879372876
      k =   11 ; sb/Sb = 0.185313921725812 ; sb = 670.571878480072
      k =   12 ; sb/Sb = 0.243610453191182 ; sb = 881.522109577362
      k =   13 ; sb/Sb = 0.295237278979427 ; sb = 1068.33752650006
      k =   14 ; sb/Sb = 0.340814428734339 ; sb = 1233.26175152476
      k =   15 ; sb/Sb = 0.399956352799526 ; sb = 1447.27109711509
      k =   16 ; sb/Sb = 0.492812290764438 ; sb = 1783.27704944332
      k =   17 ; sb/Sb = 0.563160041044599 ; sb = 2037.83549067048
      k =   18 ; sb/Sb = 0.660512875596315 ; sb = 2390.11378974665
      k =   19 ; sb/Sb = 0.725264233812257 ; sb = 2624.42128002385
      k =   20 ; sb/Sb = 0.803818249427956 ; sb = 2908.67468809488
      k =   21 ; sb/Sb = 0.857476114051395 ; sb = 3102.83956648436
      k =   22 ; sb/Sb = 0.904537174518273 ; sb = 3273.13343014362
      k =   23 ; sb/Sb = 0.94302856280636 ; sb = 3412.41731291547
      Creating new point: f = 0.673369712007769
Tear 1 : Sf = 1704.63951929159 ; Sb = 1694.39668517247
  Backwards path
    i = 92 ; sf/Sf = 0.118057874229394 ; sf = 201.246117974981
      k =   91 ; sb/Sb = 0 ; sb = 0
      k =   90 ; sb/Sb = 0.0739494133563313 ; sb = 125.299640861417
      k =   89 ; sb/Sb = 0.163843039477167 ; sb = 277.615102978695
      Creating new point: f = 0.490673952942692
    i = 93 ; sf/Sf = 0.353004725664855 ; sf = 601.745805864997
      k =   91 ; sb/Sb = 0 ; sb = 0
      k =   90 ; sb/Sb = 0.0739494133563313 ; sb = 125.299640861417
      k =   89 ; sb/Sb = 0.163843039477167 ; sb = 277.615102978695
      k =   88 ; sb/Sb = 0.201633034544238 ; sb = 341.646345353023
      k =   87 ; sb/Sb = 0.326131761992951 ; sb = 552.596576450313
      k =   86 ; sb/Sb = 0.473676904277357 ; sb = 802.596576450313
      Creating new point: f = 0.182133842265743
    i = 94 ; sf/Sf = 0.57592575717885 ; sf = 981.745805864997
      k =   91 ; sb/Sb = 0 ; sb = 0
      k =   90 ; sb/Sb = 0.0739494133563313 ; sb = 125.299640861417
      k =   89 ; sb/Sb = 0.163843039477167 ; sb = 277.615102978695
      k =   88 ; sb/Sb = 0.201633034544238 ; sb = 341.646345353023
      k =   87 ; sb/Sb = 0.326131761992951 ; sb = 552.596576450313
      k =   86 ; sb/Sb = 0.473676904277357 ; sb = 802.596576450313
      k =   85 ; sb/Sb = 0.615811207114082 ; sb = 1043.42846802616
      Creating new point: f = 0.719381956788785
    i = 95 ; sf/Sf = 0.704985301739584 ; sf = 1201.745805865
      k =   91 ; sb/Sb = 0 ; sb = 0
      k =   90 ; sb/Sb = 0.0739494133563313 ; sb = 125.299640861417
      k =   89 ; sb/Sb = 0.163843039477167 ; sb = 277.615102978695
      k =   88 ; sb/Sb = 0.201633034544238 ; sb = 341.646345353023
      k =   87 ; sb/Sb = 0.326131761992951 ; sb = 552.596576450313
      k =   86 ; sb/Sb = 0.473676904277357 ; sb = 802.596576450313
      k =   85 ; sb/Sb = 0.615811207114082 ; sb = 1043.42846802616
      k =   84 ; sb/Sb = 0.770726580394227 ; sb = 1305.91656299429
      Creating new point: f = 0.575631021875677
    i = 96 ; sf/Sf = 0.8228973354263 ; sf = 1402.74331828741
      k =   91 ; sb/Sb = 0 ; sb = 0
      k =   90 ; sb/Sb = 0.0739494133563313 ; sb = 125.299640861417
      k =   89 ; sb/Sb = 0.163843039477167 ; sb = 277.615102978695
      k =   88 ; sb/Sb = 0.201633034544238 ; sb = 341.646345353023
      k =   87 ; sb/Sb = 0.326131761992951 ; sb = 552.596576450313
      k =   86 ; sb/Sb = 0.473676904277357 ; sb = 802.596576450313
      k =   85 ; sb/Sb = 0.615811207114082 ; sb = 1043.42846802616
      k =   84 ; sb/Sb = 0.770726580394227 ; sb = 1305.91656299429
      k =   83 ; sb/Sb = 0.912860883230951 ; sb = 1546.74845457014
      Creating new point: f = 0.367052527017383
    i = 97 ; sf/Sf = 0.875694421837509 ; sf = 1492.74331828741
      k =   91 ; sb/Sb = 0 ; sb = 0
      k =   90 ; sb/Sb = 0.0739494133563313 ; sb = 125.299640861417
      k =   89 ; sb/Sb = 0.163843039477167 ; sb = 277.615102978695
      k =   88 ; sb/Sb = 0.201633034544238 ; sb = 341.646345353023
      k =   87 ; sb/Sb = 0.326131761992951 ; sb = 552.596576450313
      k =   86 ; sb/Sb = 0.473676904277357 ; sb = 802.596576450313
      k =   85 ; sb/Sb = 0.615811207114082 ; sb = 1043.42846802616
      k =   84 ; sb/Sb = 0.770726580394227 ; sb = 1305.91656299429
      k =   83 ; sb/Sb = 0.912860883230951 ; sb = 1546.74845457014
      Creating new point: f = 0.738511670640577
Tear 2 : Sf = 1841.15836045405 ; Sb = 2013.52271325021
  Backwards path
    i = 65 ; sf/Sf = 0.0656274127914491 ; sf = 120.830459735946
      k =   64 ; sb/Sb = 0 ; sb = 0
      k =   63 ; sb/Sb = 0.0913065255726552 ; sb = 183.847763108502
      Creating new point: f = 0.718759282316876
    i = 66 ; sf/Sf = 0.118991356843713 ; sf = 219.081931474573
      k =   64 ; sb/Sb = 0 ; sb = 0
      k =   63 ; sb/Sb = 0.0913065255726552 ; sb = 183.847763108502
      k =   62 ; sb/Sb = 0.18261305114531 ; sb = 367.695526217005
      Creating new point: f = 0.303207586724212
    i = 67 ; sf/Sf = 0.151554140617925 ; sf = 279.035173060121
      k =   64 ; sb/Sb = 0 ; sb = 0
      k =   63 ; sb/Sb = 0.0913065255726552 ; sb = 183.847763108502
      k =   62 ; sb/Sb = 0.18261305114531 ; sb = 367.695526217005
      Creating new point: f = 0.659839093289438
    i = 68 ; sf/Sf = 0.178710957257896 ; sf = 329.035173060122
      k =   64 ; sb/Sb = 0 ; sb = 0
      k =   63 ; sb/Sb = 0.0913065255726552 ; sb = 183.847763108502
      k =   62 ; sb/Sb = 0.18261305114531 ; sb = 367.695526217005
      Creating new point: f = 0.957263800555969
    i = 69 ; sf/Sf = 0.24931868052182 ; sf = 459.035173060122
      k =   64 ; sb/Sb = 0 ; sb = 0
      k =   63 ; sb/Sb = 0.0913065255726552 ; sb = 183.847763108502
      k =   62 ; sb/Sb = 0.18261305114531 ; sb = 367.695526217005
      k =   61 ; sb/Sb = 0.347105808566928 ; sb = 698.905429450589
      Creating new point: f = 0.405523200061228
    i = 70 ; sf/Sf = 0.341811465127957 ; sf = 629.329036719386
      k =   64 ; sb/Sb = 0 ; sb = 0
      k =   63 ; sb/Sb = 0.0913065255726552 ; sb = 183.847763108502
      k =   62 ; sb/Sb = 0.18261305114531 ; sb = 367.695526217005
      k =   61 ; sb/Sb = 0.347105808566928 ; sb = 698.905429450589
      Creating new point: f = 0.967814124330099
    i = 71 ; sf/Sf = 0.551605563567866 ; sf = 1015.59319503594
      k =   64 ; sb/Sb = 0 ; sb = 0
      k =   63 ; sb/Sb = 0.0913065255726552 ; sb = 183.847763108502
      k =   62 ; sb/Sb = 0.18261305114531 ; sb = 367.695526217005
      k =   61 ; sb/Sb = 0.347105808566928 ; sb = 698.905429450589
      k =   60 ; sb/Sb = 0.518141131331453 ; sb = 1043.28893660504
      k =   59 ; sb/Sb = 0.600798837984425 ; sb = 1209.72210637597
      Creating new point: f = 0.404855561465179
    i = 72 ; sf/Sf = 0.705323701040789 ; sf = 1298.61262899764
      k =   64 ; sb/Sb = 0 ; sb = 0
      k =   63 ; sb/Sb = 0.0913065255726552 ; sb = 183.847763108502
      k =   62 ; sb/Sb = 0.18261305114531 ; sb = 367.695526217005
      k =   61 ; sb/Sb = 0.347105808566928 ; sb = 698.905429450589
      k =   60 ; sb/Sb = 0.518141131331453 ; sb = 1043.28893660504
      k =   59 ; sb/Sb = 0.600798837984425 ; sb = 1209.72210637597
      k =   58 ; sb/Sb = 0.692375102772725 ; sb = 1394.11299552183
      k =   57 ; sb/Sb = 0.776950192260729 ; sb = 1564.40685918109
      Creating new point: f = 0.153101798017027
    i = 73 ; sf/Sf = 0.805030277862126 ; sf = 1482.1882265045
      k =   64 ; sb/Sb = 0 ; sb = 0
      k =   63 ; sb/Sb = 0.0913065255726552 ; sb = 183.847763108502
      k =   62 ; sb/Sb = 0.18261305114531 ; sb = 367.695526217005
      k =   61 ; sb/Sb = 0.347105808566928 ; sb = 698.905429450589
      k =   60 ; sb/Sb = 0.518141131331453 ; sb = 1043.28893660504
      k =   59 ; sb/Sb = 0.600798837984425 ; sb = 1209.72210637597
      k =   58 ; sb/Sb = 0.692375102772725 ; sb = 1394.11299552183
      k =   57 ; sb/Sb = 0.776950192260729 ; sb = 1564.40685918109
      k =   56 ; sb/Sb = 0.903569561390218 ; sb = 1819.35783486073
      Creating new point: f = 0.221767694740928
    i = 74 ; sf/Sf = 0.953277646009107 ; sf = 1755.13510778363
      k =   64 ; sb/Sb = 0 ; sb = 0
      k =   63 ; sb/Sb = 0.0913065255726552 ; sb = 183.847763108502
      k =   62 ; sb/Sb = 0.18261305114531 ; sb = 367.695526217005
      k =   61 ; sb/Sb = 0.347105808566928 ; sb = 698.905429450589
      k =   60 ; sb/Sb = 0.518141131331453 ; sb = 1043.28893660504
      k =   59 ; sb/Sb = 0.600798837984425 ; sb = 1209.72210637597
      k =   58 ; sb/Sb = 0.692375102772725 ; sb = 1394.11299552183
      k =   57 ; sb/Sb = 0.776950192260729 ; sb = 1564.40685918109
      k =   56 ; sb/Sb = 0.903569561390218 ; sb = 1819.35783486073
      k =   55 ; sb/Sb = 1 ; sb = 2013.52271325021
      Creating new point: f = 0.515481266449893
Tear 3 : Sf = 1240.67030951107 ; Sb = 1467.13061881394
  Backwards path
    i = 42 ; sf/Sf = 0.188166307204187 ; sf = 233.452350598575
      k =   41 ; sb/Sb = 0 ; sb = 0
      k =   40 ; sb/Sb = 0.0701752796169588 ; sb = 102.95630140987
      k =   39 ; sb/Sb = 0.219662393567259 ; sb = 322.273423404483
      Creating new point: f = 0.789305676383968
    i = 43 ; sf/Sf = 0.415714175566666 ; sf = 515.764234868437
      k =   41 ; sb/Sb = 0 ; sb = 0
      k =   40 ; sb/Sb = 0.0701752796169588 ; sb = 102.95630140987
      k =   39 ; sb/Sb = 0.219662393567259 ; sb = 322.273423404483
      k =   38 ; sb/Sb = 0.286792461439185 ; sb = 420.762001422444
      k =   37 ; sb/Sb = 0.392824937257051 ; sb = 576.325493283485
      k =   36 ; sb/Sb = 0.605873447153494 ; sb = 888.89548544524
      Creating new point: f = 0.107436744433186
    i = 44 ; sf/Sf = 0.530270559277927 ; sf = 657.890938903956
      k =   41 ; sb/Sb = 0 ; sb = 0
      k =   40 ; sb/Sb = 0.0701752796169588 ; sb = 102.95630140987
      k =   39 ; sb/Sb = 0.219662393567259 ; sb = 322.273423404483
      k =   38 ; sb/Sb = 0.286792461439185 ; sb = 420.762001422444
      k =   37 ; sb/Sb = 0.392824937257051 ; sb = 576.325493283485
      k =   36 ; sb/Sb = 0.605873447153494 ; sb = 888.89548544524
      Creating new point: f = 0.645137682904632
    i = 45 ; sf/Sf = 0.714070464274196 ; sf = 885.926023923784
      k =   41 ; sb/Sb = 0 ; sb = 0
      k =   40 ; sb/Sb = 0.0701752796169588 ; sb = 102.95630140987
      k =   39 ; sb/Sb = 0.219662393567259 ; sb = 322.273423404483
      k =   38 ; sb/Sb = 0.286792461439185 ; sb = 420.762001422444
      k =   37 ; sb/Sb = 0.392824937257051 ; sb = 576.325493283485
      k =   36 ; sb/Sb = 0.605873447153494 ; sb = 888.89548544524
      k =   35 ; sb/Sb = 0.812838338431717 ; sb = 1192.54001445902
      Creating new point: f = 0.522779571223279
    i = 46 ; sf/Sf = 0.808412206967565 ; sf = 1002.97302303098
      k =   41 ; sb/Sb = 0 ; sb = 0
      k =   40 ; sb/Sb = 0.0701752796169588 ; sb = 102.95630140987
      k =   39 ; sb/Sb = 0.219662393567259 ; sb = 322.273423404483
      k =   38 ; sb/Sb = 0.286792461439185 ; sb = 420.762001422444
      k =   37 ; sb/Sb = 0.392824937257051 ; sb = 576.325493283485
      k =   36 ; sb/Sb = 0.605873447153494 ; sb = 888.89548544524
      k =   35 ; sb/Sb = 0.812838338431717 ; sb = 1192.54001445902
      Creating new point: f = 0.978614095188724
Tear 4 : Sf = 3618.57259419635 ; Sb = 3685.73156829112
  Backwards path
    i = 8 ; sf/Sf = 0.0556147797885138 ; sf = 201.246117974981
      k =    7 ; sb/Sb = 0 ; sb = 0
      k =    6 ; sb/Sb = 0.0121336453079601 ; sb = 44.7213595499958
      k =    5 ; sb/Sb = 0.0747719366036404 ; sb = 275.5892871623
      Creating new point: f = 0.694162206234261
    i = 9 ; sf/Sf = 0.109272644411953 ; sf = 395.410996364457
      k =    7 ; sb/Sb = 0 ; sb = 0
      k =    6 ; sb/Sb = 0.0121336453079601 ; sb = 44.7213595499958
      k =    5 ; sb/Sb = 0.0747719366036404 ; sb = 275.5892871623
      k =    4 ; sb/Sb = 0.114831346212461 ; sb = 423.237517764634
      Creating new point: f = 0.861238549075283
    i = 10 ; sf/Sf = 0.152967742103792 ; sf = 553.524879372876
      k =    7 ; sb/Sb = 0 ; sb = 0
      k =    6 ; sb/Sb = 0.0121336453079601 ; sb = 44.7213595499958
      k =    5 ; sb/Sb = 0.0747719366036404 ; sb = 275.5892871623
      k =    4 ; sb/Sb = 0.114831346212461 ; sb = 423.237517764634
      k =    3 ; sb/Sb = 0.139845496826711 ; sb = 515.432962337563
      k =    2 ; sb/Sb = 0.182744411215565 ; sb = 673.546845345982
      Creating new point: f = 0.305887583963911
    i = 11 ; sf/Sf = 0.185313921725813 ; sf = 670.571878480072
      k =    7 ; sb/Sb = 0 ; sb = 0
      k =    6 ; sb/Sb = 0.0121336453079601 ; sb = 44.7213595499958
      k =    5 ; sb/Sb = 0.0747719366036404 ; sb = 275.5892871623
      k =    4 ; sb/Sb = 0.114831346212461 ; sb = 423.237517764634
      k =    3 ; sb/Sb = 0.139845496826711 ; sb = 515.432962337563
      k =    2 ; sb/Sb = 0.182744411215565 ; sb = 673.546845345982
      k =    1 ; sb/Sb = 0.1963102390773 ; sb = 723.546845345981
      Creating new point: f = 0.189410520053505
    i = 12 ; sf/Sf = 0.243610453191182 ; sf = 881.522109577362
      k =    7 ; sb/Sb = 0 ; sb = 0
      k =    6 ; sb/Sb = 0.0121336453079601 ; sb = 44.7213595499958
      k =    5 ; sb/Sb = 0.0747719366036404 ; sb = 275.5892871623
      k =    4 ; sb/Sb = 0.114831346212461 ; sb = 423.237517764634
      k =    3 ; sb/Sb = 0.139845496826711 ; sb = 515.432962337563
      k =    2 ; sb/Sb = 0.182744411215565 ; sb = 673.546845345982
      k =    1 ; sb/Sb = 0.1963102390773 ; sb = 723.546845345981
      k =  122 ; sb/Sb = 0.266896293315113 ; sb = 983.708093731398
      Creating new point: f = 0.670107071781084
    i = 13 ; sf/Sf = 0.295237278979427 ; sf = 1068.33752650006
      k =    7 ; sb/Sb = 0 ; sb = 0
      k =    6 ; sb/Sb = 0.0121336453079601 ; sb = 44.7213595499958
      k =    5 ; sb/Sb = 0.0747719366036404 ; sb = 275.5892871623
      k =    4 ; sb/Sb = 0.114831346212461 ; sb = 423.237517764634
      k =    3 ; sb/Sb = 0.139845496826711 ; sb = 515.432962337563
      k =    2 ; sb/Sb = 0.182744411215565 ; sb = 673.546845345982
      k =    1 ; sb/Sb = 0.1963102390773 ; sb = 723.546845345981
      k =  122 ; sb/Sb = 0.266896293315113 ; sb = 983.708093731398
      k =  121 ; sb/Sb = 0.327138345401042 ; sb = 1205.74412684314
      Creating new point: f = 0.470451863490452
    i = 14 ; sf/Sf = 0.340814428734339 ; sf = 1233.26175152476
      k =    7 ; sb/Sb = 0 ; sb = 0
      k =    6 ; sb/Sb = 0.0121336453079601 ; sb = 44.7213595499958
      k =    5 ; sb/Sb = 0.0747719366036404 ; sb = 275.5892871623
      k =    4 ; sb/Sb = 0.114831346212461 ; sb = 423.237517764634
      k =    3 ; sb/Sb = 0.139845496826711 ; sb = 515.432962337563
      k =    2 ; sb/Sb = 0.182744411215565 ; sb = 673.546845345982
      k =    1 ; sb/Sb = 0.1963102390773 ; sb = 723.546845345981
      k =  122 ; sb/Sb = 0.266896293315113 ; sb = 983.708093731398
      k =  121 ; sb/Sb = 0.327138345401042 ; sb = 1205.74412684314
      k =  120 ; sb/Sb = 0.379818491741569 ; sb = 1399.90900523262
      Creating new point: f = 0.259606023963833
    i = 15 ; sf/Sf = 0.399956352799526 ; sf = 1447.27109711509
      k =    7 ; sb/Sb = 0 ; sb = 0
      k =    6 ; sb/Sb = 0.0121336453079601 ; sb = 44.7213595499958
      k =    5 ; sb/Sb = 0.0747719366036404 ; sb = 275.5892871623
      k =    4 ; sb/Sb = 0.114831346212461 ; sb = 423.237517764634
      k =    3 ; sb/Sb = 0.139845496826711 ; sb = 515.432962337563
      k =    2 ; sb/Sb = 0.182744411215565 ; sb = 673.546845345982
      k =    1 ; sb/Sb = 0.1963102390773 ; sb = 723.546845345981
      k =  122 ; sb/Sb = 0.266896293315113 ; sb = 983.708093731398
      k =  121 ; sb/Sb = 0.327138345401042 ; sb = 1205.74412684314
      k =  120 ; sb/Sb = 0.379818491741569 ; sb = 1399.90900523262
      k =  119 ; sb/Sb = 0.441747647454907 ; sb = 1628.16324944289
      Creating new point: f = 0.325175772638863
    i = 16 ; sf/Sf = 0.492812290764438 ; sf = 1783.27704944332
      k =    7 ; sb/Sb = 0 ; sb = 0
      k =    6 ; sb/Sb = 0.0121336453079601 ; sb = 44.7213595499958
      k =    5 ; sb/Sb = 0.0747719366036404 ; sb = 275.5892871623
      k =    4 ; sb/Sb = 0.114831346212461 ; sb = 423.237517764634
      k =    3 ; sb/Sb = 0.139845496826711 ; sb = 515.432962337563
      k =    2 ; sb/Sb = 0.182744411215565 ; sb = 673.546845345982
      k =    1 ; sb/Sb = 0.1963102390773 ; sb = 723.546845345981
      k =  122 ; sb/Sb = 0.266896293315113 ; sb = 983.708093731398
      k =  121 ; sb/Sb = 0.327138345401042 ; sb = 1205.74412684314
      k =  120 ; sb/Sb = 0.379818491741569 ; sb = 1399.90900523262
      k =  119 ; sb/Sb = 0.441747647454907 ; sb = 1628.16324944289
      k =  118 ; sb/Sb = 0.484646561843761 ; sb = 1786.2771324513
      k =  117 ; sb/Sb = 0.575810540039823 ; sb = 2122.28308477953
      Creating new point: f = 0.0895718800589805
    i = 17 ; sf/Sf = 0.563160041044599 ; sf = 2037.83549067048
      k =    7 ; sb/Sb = 0 ; sb = 0
      k =    6 ; sb/Sb = 0.0121336453079601 ; sb = 44.7213595499958
      k =    5 ; sb/Sb = 0.0747719366036404 ; sb = 275.5892871623
      k =    4 ; sb/Sb = 0.114831346212461 ; sb = 423.237517764634
      k =    3 ; sb/Sb = 0.139845496826711 ; sb = 515.432962337563
      k =    2 ; sb/Sb = 0.182744411215565 ; sb = 673.546845345982
      k =    1 ; sb/Sb = 0.1963102390773 ; sb = 723.546845345981
      k =  122 ; sb/Sb = 0.266896293315113 ; sb = 983.708093731398
      k =  121 ; sb/Sb = 0.327138345401042 ; sb = 1205.74412684314
      k =  120 ; sb/Sb = 0.379818491741569 ; sb = 1399.90900523262
      k =  119 ; sb/Sb = 0.441747647454907 ; sb = 1628.16324944289
      k =  118 ; sb/Sb = 0.484646561843761 ; sb = 1786.2771324513
      k =  117 ; sb/Sb = 0.575810540039823 ; sb = 2122.28308477953
      Creating new point: f = 0.861233578815336
    i = 18 ; sf/Sf = 0.660512875596315 ; sf = 2390.11378974665
      k =    7 ; sb/Sb = 0 ; sb = 0
      k =    6 ; sb/Sb = 0.0121336453079601 ; sb = 44.7213595499958
      k =    5 ; sb/Sb = 0.0747719366036404 ; sb = 275.5892871623
      k =    4 ; sb/Sb = 0.114831346212461 ; sb = 423.237517764634
      k =    3 ; sb/Sb = 0.139845496826711 ; sb = 515.432962337563
      k =    2 ; sb/Sb = 0.182744411215565 ; sb = 673.546845345982
      k =    1 ; sb/Sb = 0.1963102390773 ; sb = 723.546845345981
      k =  122 ; sb/Sb = 0.266896293315113 ; sb = 983.708093731398
      k =  121 ; sb/Sb = 0.327138345401042 ; sb = 1205.74412684314
      k =  120 ; sb/Sb = 0.379818491741569 ; sb = 1399.90900523262
      k =  119 ; sb/Sb = 0.441747647454907 ; sb = 1628.16324944289
      k =  118 ; sb/Sb = 0.484646561843761 ; sb = 1786.2771324513
      k =  117 ; sb/Sb = 0.575810540039823 ; sb = 2122.28308477953
      k =  116 ; sb/Sb = 0.642545589233603 ; sb = 2368.25056230451
      k =  115 ; sb/Sb = 0.719668245293668 ; sb = 2652.50397037555
      Creating new point: f = 0.232970274632635
    i = 19 ; sf/Sf = 0.725264233812257 ; sf = 2624.42128002385
      k =    7 ; sb/Sb = 0 ; sb = 0
      k =    6 ; sb/Sb = 0.0121336453079601 ; sb = 44.7213595499958
      k =    5 ; sb/Sb = 0.0747719366036404 ; sb = 275.5892871623
      k =    4 ; sb/Sb = 0.114831346212461 ; sb = 423.237517764634
      k =    3 ; sb/Sb = 0.139845496826711 ; sb = 515.432962337563
      k =    2 ; sb/Sb = 0.182744411215565 ; sb = 673.546845345982
      k =    1 ; sb/Sb = 0.1963102390773 ; sb = 723.546845345981
      k =  122 ; sb/Sb = 0.266896293315113 ; sb = 983.708093731398
      k =  121 ; sb/Sb = 0.327138345401042 ; sb = 1205.74412684314
      k =  120 ; sb/Sb = 0.379818491741569 ; sb = 1399.90900523262
      k =  119 ; sb/Sb = 0.441747647454907 ; sb = 1628.16324944289
      k =  118 ; sb/Sb = 0.484646561843761 ; sb = 1786.2771324513
      k =  117 ; sb/Sb = 0.575810540039823 ; sb = 2122.28308477953
      k =  116 ; sb/Sb = 0.642545589233603 ; sb = 2368.25056230451
      k =  115 ; sb/Sb = 0.719668245293668 ; sb = 2652.50397037555
      k =  114 ; sb/Sb = 0.796408156281206 ; sb = 2935.34668285017
      Creating new point: f = 0.0729214882657113
    i = 20 ; sf/Sf = 0.803818249427956 ; sf = 2908.67468809488
      k =    7 ; sb/Sb = 0 ; sb = 0
      k =    6 ; sb/Sb = 0.0121336453079601 ; sb = 44.7213595499958
      k =    5 ; sb/Sb = 0.0747719366036404 ; sb = 275.5892871623
      k =    4 ; sb/Sb = 0.114831346212461 ; sb = 423.237517764634
      k =    3 ; sb/Sb = 0.139845496826711 ; sb = 515.432962337563
      k =    2 ; sb/Sb = 0.182744411215565 ; sb = 673.546845345982
      k =    1 ; sb/Sb = 0.1963102390773 ; sb = 723.546845345981
      k =  122 ; sb/Sb = 0.266896293315113 ; sb = 983.708093731398
      k =  121 ; sb/Sb = 0.327138345401042 ; sb = 1205.74412684314
      k =  120 ; sb/Sb = 0.379818491741569 ; sb = 1399.90900523262
      k =  119 ; sb/Sb = 0.441747647454907 ; sb = 1628.16324944289
      k =  118 ; sb/Sb = 0.484646561843761 ; sb = 1786.2771324513
      k =  117 ; sb/Sb = 0.575810540039823 ; sb = 2122.28308477953
      k =  116 ; sb/Sb = 0.642545589233603 ; sb = 2368.25056230451
      k =  115 ; sb/Sb = 0.719668245293668 ; sb = 2652.50397037555
      k =  114 ; sb/Sb = 0.796408156281206 ; sb = 2935.34668285017
      k =  320 ; sb/Sb = 0.863432132922904 ; sb = 3182.37906939088
      Creating new point: f = 0.110558840552888
    i = 21 ; sf/Sf = 0.857476114051395 ; sf = 3102.83956648436
      k =    7 ; sb/Sb = 0 ; sb = 0
      k =    6 ; sb/Sb = 0.0121336453079601 ; sb = 44.7213595499958
      k =    5 ; sb/Sb = 0.0747719366036404 ; sb = 275.5892871623
      k =    4 ; sb/Sb = 0.114831346212461 ; sb = 423.237517764634
      k =    3 ; sb/Sb = 0.139845496826711 ; sb = 515.432962337563
      k =    2 ; sb/Sb = 0.182744411215565 ; sb = 673.546845345982
      k =    1 ; sb/Sb = 0.1963102390773 ; sb = 723.546845345981
      k =  122 ; sb/Sb = 0.266896293315113 ; sb = 983.708093731398
      k =  121 ; sb/Sb = 0.327138345401042 ; sb = 1205.74412684314
      k =  120 ; sb/Sb = 0.379818491741569 ; sb = 1399.90900523262
      k =  119 ; sb/Sb = 0.441747647454907 ; sb = 1628.16324944289
      k =  118 ; sb/Sb = 0.484646561843761 ; sb = 1786.2771324513
      k =  117 ; sb/Sb = 0.575810540039823 ; sb = 2122.28308477953
      k =  116 ; sb/Sb = 0.642545589233603 ; sb = 2368.25056230451
      k =  115 ; sb/Sb = 0.719668245293668 ; sb = 2652.50397037555
      k =  114 ; sb/Sb = 0.796408156281206 ; sb = 2935.34668285017
      k =  320 ; sb/Sb = 0.863432132922904 ; sb = 3182.37906939088
      Creating new point: f = 0.911135996848582
    i = 22 ; sf/Sf = 0.904537174518274 ; sf = 3273.13343014362
      k =    7 ; sb/Sb = 0 ; sb = 0
      k =    6 ; sb/Sb = 0.0121336453079601 ; sb = 44.7213595499958
      k =    5 ; sb/Sb = 0.0747719366036404 ; sb = 275.5892871623
      k =    4 ; sb/Sb = 0.114831346212461 ; sb = 423.237517764634
      k =    3 ; sb/Sb = 0.139845496826711 ; sb = 515.432962337563
      k =    2 ; sb/Sb = 0.182744411215565 ; sb = 673.546845345982
      k =    1 ; sb/Sb = 0.1963102390773 ; sb = 723.546845345981
      k =  122 ; sb/Sb = 0.266896293315113 ; sb = 983.708093731398
      k =  121 ; sb/Sb = 0.327138345401042 ; sb = 1205.74412684314
      k =  120 ; sb/Sb = 0.379818491741569 ; sb = 1399.90900523262
      k =  119 ; sb/Sb = 0.441747647454907 ; sb = 1628.16324944289
      k =  118 ; sb/Sb = 0.484646561843761 ; sb = 1786.2771324513
      k =  117 ; sb/Sb = 0.575810540039823 ; sb = 2122.28308477953
      k =  116 ; sb/Sb = 0.642545589233603 ; sb = 2368.25056230451
      k =  115 ; sb/Sb = 0.719668245293668 ; sb = 2652.50397037555
      k =  114 ; sb/Sb = 0.796408156281206 ; sb = 2935.34668285017
      k =  320 ; sb/Sb = 0.863432132922904 ; sb = 3182.37906939088
      k =  113 ; sb/Sb = 0.930456109564601 ; sb = 3429.41145593159
      Creating new point: f = 0.613288611851735
    i = 23 ; sf/Sf = 0.94302856280636 ; sf = 3412.41731291547
      k =    7 ; sb/Sb = 0 ; sb = 0
      k =    6 ; sb/Sb = 0.0121336453079601 ; sb = 44.7213595499958
      k =    5 ; sb/Sb = 0.0747719366036404 ; sb = 275.5892871623
      k =    4 ; sb/Sb = 0.114831346212461 ; sb = 423.237517764634
      k =    3 ; sb/Sb = 0.139845496826711 ; sb = 515.432962337563
      k =    2 ; sb/Sb = 0.182744411215565 ; sb = 673.546845345982
      k =    1 ; sb/Sb = 0.1963102390773 ; sb = 723.546845345981
      k =  122 ; sb/Sb = 0.266896293315113 ; sb = 983.708093731398
      k =  121 ; sb/Sb = 0.327138345401042 ; sb = 1205.74412684314
      k =  120 ; sb/Sb = 0.379818491741569 ; sb = 1399.90900523262
      k =  119 ; sb/Sb = 0.441747647454907 ; sb = 1628.16324944289
      k =  118 ; sb/Sb = 0.484646561843761 ; sb = 1786.2771324513
      k =  117 ; sb/Sb = 0.575810540039823 ; sb = 2122.28308477953
      k =  116 ; sb/Sb = 0.642545589233603 ; sb = 2368.25056230451
      k =  115 ; sb/Sb = 0.719668245293668 ; sb = 2652.50397037555
      k =  114 ; sb/Sb = 0.796408156281206 ; sb = 2935.34668285017
      k =  320 ; sb/Sb = 0.863432132922904 ; sb = 3182.37906939088
      k =  113 ; sb/Sb = 0.930456109564601 ; sb = 3429.41145593159
      k =  112 ; sb/Sb = 1 ; sb = 3685.73156829112
      Creating new point: f = 0.180784439338175
Triangulating...
Merging points...
Projecting to sphere...
Optimising mapping with FIRE...
E =  0.00241 | E_L =  0.00241 | E_A =  0.00000 |   0 flippped triangles
E =  0.00219 | E_L =  0.00219 | E_A =  0.00000 |  22 flippped triangles
        phi0    phi0.1    phi0.2    phi0.3    phi0.4    phi0.5    phi0.6
id   132.000 136.00000  138.0000   177.000   182.000   185.000   464.000
A   1717.508  40.61685  700.8699  8895.358 14277.452  6833.718 12097.215
a  -2112.330 -33.85709 -844.4900 -7214.855 -9914.527 -4990.776 -7577.275
      phi0.7    phi0.8      phi0.9   phi0.10   phi0.11   phi0.12   phi0.13
id    489.00  496.0000  547.000000   636.000   638.000   639.000   640.000
A   13123.66 4256.7233 1579.463389  2496.395  2693.859 17763.936 10212.758
a  -11827.67 -899.7141   -9.577171 -2490.581 -2370.206 -3048.539 -9437.021
     phi0.14     phi0.15   phi0.16   phi0.17   phi0.18   phi0.19   phi0.20
id   654.000  660.000000   672.000 765.00000   786.000  852.0000   863.000
A   2452.328 1236.670495  4342.956 116.44483  3372.048 2150.3331  3873.707
a  -1353.263   -2.608923 -1785.737 -29.93342 -2890.903 -130.5222 -2832.433
     phi0.21
id   865.000
A   4919.761
a  -3663.771
E =  0.00207 | E_L =  0.00207 | E_A =  0.00000 |  17 flippped triangles
        phi0    phi0.1    phi0.2    phi0.3    phi0.4    phi0.5    phi0.6
id   132.000 136.00000  138.0000   177.000   182.000   185.000   464.000
A   1717.508  40.61685  700.8699  8895.358 14277.452  6833.718 12097.215
a  -1877.086 -41.62409 -912.1105 -6610.507 -9421.891 -4934.830 -7691.666
      phi0.7    phi0.8    phi0.9   phi0.10   phi0.11   phi0.12   phi0.13
id    489.00   636.000   638.000   640.000   662.000   694.000  765.0000
A   13123.66  2496.395  2693.859 10212.758  4111.886 26755.905  116.4448
a  -11463.18 -2431.343 -1967.192 -8918.852 -3399.486 -3818.653 -109.0989
     phi0.14   phi0.15   phi0.16
id   786.000   865.000  885.0000
A   3372.048  4919.761  120.8073
a  -3147.424 -3913.420 -109.0639
E =  0.00201 | E_L =  0.00201 | E_A =  0.00000 |  16 flippped triangles
        phi0    phi0.1    phi0.2    phi0.3    phi0.4    phi0.5    phi0.6
id   132.000 136.00000  138.0000   177.000   182.000   185.000   464.000
A   1717.508  40.61685  700.8699  8895.358 14277.452  6833.718 12097.215
a  -2000.169 -39.86041 -881.9382 -6660.878 -9911.547 -5132.578 -7195.743
      phi0.7    phi0.8    phi0.9   phi0.10   phi0.11   phi0.12   phi0.13
id    489.00   636.000   638.000   640.000   662.000  765.0000   786.000
A   13123.66  2496.395  2693.859 10212.758  4111.886  116.4448  3372.048
a  -11226.63 -2549.689 -2050.871 -8874.014 -3342.985 -104.0759 -3143.036
     phi0.14   phi0.15
id   865.000  885.0000
A   4919.761  120.8073
a  -4026.118 -105.1835
E =  0.00199 | E_L =  0.00199 | E_A =  0.00000 |  16 flippped triangles
        phi0    phi0.1    phi0.2    phi0.3    phi0.4    phi0.5    phi0.6
id   132.000 136.00000  138.0000   177.000   182.000   185.000   464.000
A   1717.508  40.61685  700.8699  8895.358 14277.452  6833.718 12097.215
a  -1877.597 -43.54714 -909.9267 -6587.920 -9501.608 -4857.473 -7971.386
      phi0.7    phi0.8    phi0.9   phi0.10   phi0.11   phi0.12   phi0.13
id    489.00   636.000   638.000   640.000   662.000  765.0000   786.000
A   13123.66  2496.395  2693.859 10212.758  4111.886  116.4448  3372.048
a  -10714.27 -2412.404 -2142.688 -8453.671 -3515.195 -107.7010 -2865.716
     phi0.14   phi0.15
id   865.000  885.0000
A   4919.761  120.8073
a  -3314.796 -107.3134
E =  0.00198 | E_L =  0.00198 | E_A =  0.00000 |  16 flippped triangles
        phi0    phi0.1    phi0.2    phi0.3   phi0.4    phi0.5    phi0.6
id   132.000 136.00000  138.0000   177.000   182.00   185.000   464.000
A   1717.508  40.61685  700.8699  8895.358 14277.45  6833.718 12097.215
a  -1917.401 -43.07672 -911.2999 -6495.866 -9644.39 -4963.687 -7753.786
      phi0.7    phi0.8    phi0.9   phi0.10   phi0.11   phi0.12   phi0.13
id    489.00   636.000   638.000   640.000   662.000  765.0000   786.000
A   13123.66  2496.395  2693.859 10212.758  4111.886  116.4448  3372.048
a  -10428.38 -2462.444 -2167.973 -8261.432 -3358.222 -105.0019 -2915.677
     phi0.14   phi0.15
id   865.000  885.0000
A   4919.761  120.8073
a  -3653.506 -105.6782
E =  0.00198 | E_L =  0.00198 | E_A =  0.00000 |  16 flippped triangles
        phi0    phi0.1    phi0.2    phi0.3    phi0.4    phi0.5    phi0.6
id   132.000 136.00000  138.0000   177.000   182.000   185.000   464.000
A   1717.508  40.61685  700.8699  8895.358 14277.452  6833.718 12097.215
a  -1875.812 -42.22220 -911.3609 -6539.415 -9559.004 -4859.945 -8065.154
      phi0.7    phi0.8    phi0.9   phi0.10   phi0.11   phi0.12   phi0.13
id    489.00   636.000   638.000   640.000   662.000  765.0000   786.000
A   13123.66  2496.395  2693.859 10212.758  4111.886  116.4448  3372.048
a  -10225.72 -2429.470 -2198.310 -8088.461 -3456.746 -107.0603 -2842.433
     phi0.14   phi0.15
id   865.000  885.0000
A   4919.761  120.8073
a  -3382.867 -106.0604
E =  0.00198 | E_L =  0.00198 | E_A =  0.00000 |  16 flippped triangles
        phi0    phi0.1    phi0.2    phi0.3    phi0.4    phi0.5    phi0.6
id   132.000 136.00000  138.0000   177.000   182.000   185.000   464.000
A   1717.508  40.61685  700.8699  8895.358 14277.452  6833.718 12097.215
a  -1900.168 -41.99035 -909.6951 -6444.130 -9595.197 -4905.419 -7931.565
      phi0.7    phi0.8    phi0.9  phi0.10   phi0.11   phi0.12   phi0.13
id    489.00   636.000   638.000   640.00   662.000  765.0000   786.000
A   13123.66  2496.395  2693.859 10212.76  4111.886  116.4448  3372.048
a  -10206.11 -2451.214 -2188.473 -8084.66 -3348.516 -105.6620 -2878.924
     phi0.14   phi0.15
id   865.000  885.0000
A   4919.761  120.8073
a  -3596.007 -106.4804
E =  0.00198 | E_L =  0.00198 | E_A =  0.00000 |  16 flippped triangles
        phi0    phi0.1    phi0.2    phi0.3    phi0.4    phi0.5   phi0.6
id   132.000 136.00000  138.0000   177.000   182.000   185.000   464.00
A   1717.508  40.61685  700.8699  8895.358 14277.452  6833.718 12097.21
a  -1887.939 -42.32571 -912.2158 -6469.383 -9560.642 -4866.817 -8030.93
      phi0.7    phi0.8    phi0.9   phi0.10   phi0.11   phi0.12   phi0.13
id    489.00   636.000   638.000   640.000   662.000  765.0000   786.000
A   13123.66  2496.395  2693.859 10212.758  4111.886  116.4448  3372.048
a  -10175.63 -2445.826 -2214.828 -8058.516 -3391.851 -106.2139 -2820.476
     phi0.14   phi0.15
id   865.000  885.0000
A   4919.761  120.8073
a  -3493.873 -106.5220
FIRE:  3  stops.  0 hits of maxmove.  0 hits of dtmax.
Frms = 9.23256530584563e-06; Ftanrms = 9.23014878191016e-06
E =  0.00251 | E_L =  0.00248 | E_A =  0.00003 |   0 flippped triangles
E =  0.00198 | E_L =  0.00198 | E_A =  0.00000 |   0 flippped triangles
E =  0.00196 | E_L =  0.00196 | E_A =  0.00000 |   0 flippped triangles
E =  0.00196 | E_L =  0.00196 | E_A =  0.00000 |   0 flippped triangles
E =  0.00196 | E_L =  0.00196 | E_A =  0.00000 |   0 flippped triangles
Optimising mapping with BFGS...
E =  0.00196 | E_L =  0.00196 | E_A =  0.00000 |   0 flippped triangles
Transforming image...
Mapping optimised. Error: 0.001961858 ; 0 flipped triangles.
Inferring coordinates of datapoints
Inferring coordinates of landmarks
Mapping optimised. Error: 0.001961858 ; 0 flipped triangles. OD displacement: 5.871897 degrees.
Computing Kernel Density estimates of datapoints

[1] 0.7
Saving adult_retina/data/C57BL6J/GM509/R-CONTRA/r.mat
