[1] "Adding old segment 1"
[1] "Intersection found. Old points:"
    X     Y 
  -50 -1821 
    X     Y 
 -250 -1711 
    X     Y 
 -210 -1711 
    X     Y 
 -320 -1951 
[1] "Point i+1 has been changed:"
    X     Y 
  -50 -1821 
         X          Y 
 -218.0532 -1728.5707 
    X     Y 
 -210 -1711 
    X     Y 
 -320 -1951 
[1] "a= 0.204349176600639"
[1] "l= 244.679234004037"
[1] "New points:"
    X     Y 
  -50 -1821 
         X          Y 
 -218.0532 -1728.5707 
         X          Y 
 -299.1673 -1905.5468 
    X     Y 
 -320 -1951 
[1] "Storing new segment 1"
[1] "Adding old segment 2"
[1] "Adding old segment 3"
[1] "Adding old segment 6"
[1] "Adding old segment 5"
[1] "Adding old segment 4"
[1] "Intersection found. Old points:"
    X     Y 
-3100  -491 
    X     Y 
-2320 -1311 
    X     Y 
-2340 -1291 
    X     Y 
-1810 -1621 
[1] "Point i+1 has been changed:"
    X     Y 
-3100  -491 
        X         Y 
-2337.607 -1292.490 
    X     Y 
-2340 -1291 
    X     Y 
-1810 -1621 
[1] "a= 0.0804478095808536"
[1] "l= 621.520961981542"
[1] "New points:"
    X     Y 
-3100  -491 
        X         Y 
-2337.607 -1292.490 
        X         Y 
-1852.445 -1594.572 
    X     Y 
-1810 -1621 
[1] "Storing new segment 2"
simplify.outline: Removing vertex 31
simplify.outline: Removing vertex 38
simplify.outline: Removing vertex 58
Triangulating...
[1] "Non-adjacent points in rim connected by line: 72 34"
[1] "In triangle: 79"  "In triangle: 111"
[1] "Other points in triangles: 87 35"
Stitching...
Tear 1 child of rim
Tear 2 child of rim
Tear 3 child of rim
Tear 4 child of rim
Tear 5 child of backward side of tear 4
Tear 6 child of forward side of tear 4
Tear 1 : Sf = 4863.44017825357 ; Sb = 5847.33334812145
  Forwards path
    i = 7 ; sf/Sf = 0.0423887770230397 ; sf = 206.155281280883
      k =    6 ; sb/Sb = 0 ; sb = 0
      k =    5 ; sb/Sb = 0.0261047842045429 ; sb = 152.643375224737
      k =    4 ; sb/Sb = 0.0651403976408107 ; sb = 380.897619435004
      Creating new point: f = 0.417157343897853
    i = 8 ; sf/Sf = 0.120954452653097 ; sf = 588.254744771739
      k =    6 ; sb/Sb = 0 ; sb = 0
      k =    5 ; sb/Sb = 0.0261047842045429 ; sb = 152.643375224737
      k =    4 ; sb/Sb = 0.0651403976408107 ; sb = 380.897619435004
      k =  400 ; sb/Sb = 0.125851832899423 ; sb = 735.897619435004
      Creating new point: f = 0.919333479344293
    i = 117 ; sf/Sf = 0.194301952891669 ; sf = 944.975924406478
      k =    6 ; sb/Sb = 0 ; sb = 0
      k =    5 ; sb/Sb = 0.0261047842045429 ; sb = 152.643375224737
      k =    4 ; sb/Sb = 0.0651403976408107 ; sb = 380.897619435004
      k =  400 ; sb/Sb = 0.125851832899423 ; sb = 735.897619435004
      k =    3 ; sb/Sb = 0.186563268158035 ; sb = 1090.897619435
      k =    2 ; sb/Sb = 0.253936596924798 ; sb = 1484.85193150685
      Creating new point: f = 0.114862733893177
    i = 9 ; sf/Sf = 0.267649453130242 ; sf = 1301.69710404122
      k =    6 ; sb/Sb = 0 ; sb = 0
      k =    5 ; sb/Sb = 0.0261047842045429 ; sb = 152.643375224737
      k =    4 ; sb/Sb = 0.0651403976408107 ; sb = 380.897619435004
      k =  400 ; sb/Sb = 0.125851832899423 ; sb = 735.897619435004
      k =    3 ; sb/Sb = 0.186563268158035 ; sb = 1090.897619435
      k =    2 ; sb/Sb = 0.253936596924798 ; sb = 1484.85193150685
      k =    1 ; sb/Sb = 0.262487503299251 ; sb = 1534.85193150685
      k =   67 ; sb/Sb = 0.360227948038074 ; sb = 2106.37289348839
      Creating new point: f = 0.0528128334670997
    i = 10 ; sf/Sf = 0.404349151528203 ; sf = 1966.527909585
      k =    6 ; sb/Sb = 0 ; sb = 0
      k =    5 ; sb/Sb = 0.0261047842045429 ; sb = 152.643375224737
      k =    4 ; sb/Sb = 0.0651403976408107 ; sb = 380.897619435004
      k =  400 ; sb/Sb = 0.125851832899423 ; sb = 735.897619435004
      k =    3 ; sb/Sb = 0.186563268158035 ; sb = 1090.897619435
      k =    2 ; sb/Sb = 0.253936596924798 ; sb = 1484.85193150685
      k =    1 ; sb/Sb = 0.262487503299251 ; sb = 1534.85193150685
      k =   67 ; sb/Sb = 0.360227948038074 ; sb = 2106.37289348839
      k =  162 ; sb/Sb = 0.454816152369392 ; sb = 2659.46165501383
      Creating new point: f = 0.466455662225958
    i = 244 ; sf/Sf = 0.469150748470958 ; sf = 2281.68659977139
      k =    6 ; sb/Sb = 0 ; sb = 0
      k =    5 ; sb/Sb = 0.0261047842045429 ; sb = 152.643375224737
      k =    4 ; sb/Sb = 0.0651403976408107 ; sb = 380.897619435004
      k =  400 ; sb/Sb = 0.125851832899423 ; sb = 735.897619435004
      k =    3 ; sb/Sb = 0.186563268158035 ; sb = 1090.897619435
      k =    2 ; sb/Sb = 0.253936596924798 ; sb = 1484.85193150685
      k =    1 ; sb/Sb = 0.262487503299251 ; sb = 1534.85193150685
      k =   67 ; sb/Sb = 0.360227948038074 ; sb = 2106.37289348839
      k =  162 ; sb/Sb = 0.454816152369392 ; sb = 2659.46165501383
      k =   66 ; sb/Sb = 0.549404356700709 ; sb = 3212.55041653927
      Creating new point: f = 0.151547396452902
    i = 11 ; sf/Sf = 0.533952345413713 ; sf = 2596.84528995778
      k =    6 ; sb/Sb = 0 ; sb = 0
      k =    5 ; sb/Sb = 0.0261047842045429 ; sb = 152.643375224737
      k =    4 ; sb/Sb = 0.0651403976408107 ; sb = 380.897619435004
      k =  400 ; sb/Sb = 0.125851832899423 ; sb = 735.897619435004
      k =    3 ; sb/Sb = 0.186563268158035 ; sb = 1090.897619435
      k =    2 ; sb/Sb = 0.253936596924798 ; sb = 1484.85193150685
      k =    1 ; sb/Sb = 0.262487503299251 ; sb = 1534.85193150685
      k =   67 ; sb/Sb = 0.360227948038074 ; sb = 2106.37289348839
      k =  162 ; sb/Sb = 0.454816152369392 ; sb = 2659.46165501383
      k =   66 ; sb/Sb = 0.549404356700709 ; sb = 3212.55041653927
      Creating new point: f = 0.836639130679847
    i = 12 ; sf/Sf = 0.690720044149808 ; sf = 3359.27561464326
      k =    6 ; sb/Sb = 0 ; sb = 0
      k =    5 ; sb/Sb = 0.0261047842045429 ; sb = 152.643375224737
      k =    4 ; sb/Sb = 0.0651403976408107 ; sb = 380.897619435004
      k =  400 ; sb/Sb = 0.125851832899423 ; sb = 735.897619435004
      k =    3 ; sb/Sb = 0.186563268158035 ; sb = 1090.897619435
      k =    2 ; sb/Sb = 0.253936596924798 ; sb = 1484.85193150685
      k =    1 ; sb/Sb = 0.262487503299251 ; sb = 1534.85193150685
      k =   67 ; sb/Sb = 0.360227948038074 ; sb = 2106.37289348839
      k =  162 ; sb/Sb = 0.454816152369392 ; sb = 2659.46165501383
      k =   66 ; sb/Sb = 0.549404356700709 ; sb = 3212.55041653927
      k =   65 ; sb/Sb = 0.651472239087953 ; sb = 3809.37534899434
      k =   64 ; sb/Sb = 0.740039157410703 ; sb = 4327.2556440433
      Creating new point: f = 0.443142945527699
    i = 13 ; sf/Sf = 0.789949627077225 ; sf = 3841.8727551238
      k =    6 ; sb/Sb = 0 ; sb = 0
      k =    5 ; sb/Sb = 0.0261047842045429 ; sb = 152.643375224737
      k =    4 ; sb/Sb = 0.0651403976408107 ; sb = 380.897619435004
      k =  400 ; sb/Sb = 0.125851832899423 ; sb = 735.897619435004
      k =    3 ; sb/Sb = 0.186563268158035 ; sb = 1090.897619435
      k =    2 ; sb/Sb = 0.253936596924798 ; sb = 1484.85193150685
      k =    1 ; sb/Sb = 0.262487503299251 ; sb = 1534.85193150685
      k =   67 ; sb/Sb = 0.360227948038074 ; sb = 2106.37289348839
      k =  162 ; sb/Sb = 0.454816152369392 ; sb = 2659.46165501383
      k =   66 ; sb/Sb = 0.549404356700709 ; sb = 3212.55041653927
      k =   65 ; sb/Sb = 0.651472239087953 ; sb = 3809.37534899434
      k =   64 ; sb/Sb = 0.740039157410703 ; sb = 4327.2556440433
      k =  337 ; sb/Sb = 0.814412383014645 ; sb = 4762.14068632459
      Creating new point: f = 0.671081148642243
    i = 78 ; sf/Sf = 0.894974813538612 ; sf = 4352.65646668869
      k =    6 ; sb/Sb = 0 ; sb = 0
      k =    5 ; sb/Sb = 0.0261047842045429 ; sb = 152.643375224737
      k =    4 ; sb/Sb = 0.0651403976408107 ; sb = 380.897619435004
      k =  400 ; sb/Sb = 0.125851832899423 ; sb = 735.897619435004
      k =    3 ; sb/Sb = 0.186563268158035 ; sb = 1090.897619435
      k =    2 ; sb/Sb = 0.253936596924798 ; sb = 1484.85193150685
      k =    1 ; sb/Sb = 0.262487503299251 ; sb = 1534.85193150685
      k =   67 ; sb/Sb = 0.360227948038074 ; sb = 2106.37289348839
      k =  162 ; sb/Sb = 0.454816152369392 ; sb = 2659.46165501383
      k =   66 ; sb/Sb = 0.549404356700709 ; sb = 3212.55041653927
      k =   65 ; sb/Sb = 0.651472239087953 ; sb = 3809.37534899434
      k =   64 ; sb/Sb = 0.740039157410703 ; sb = 4327.2556440433
      k =  337 ; sb/Sb = 0.814412383014645 ; sb = 4762.14068632459
      k =   63 ; sb/Sb = 0.888785608618587 ; sb = 5197.02572860588
      k =   62 ; sb/Sb = 1 ; sb = 5847.33334812145
      Creating new point: f = 0.055651115320132
Tear 2 : Sf = 1227.94016345005 ; Sb = 1097.12044589427
  Forwards path
    i = 370 ; sf/Sf = 0.328208053310513 ; sf = 403.019850627733
      k =   55 ; sb/Sb = 0 ; sb = 0
      k =   54 ; sb/Sb = 0.446995583069126 ; sb = 490.407993409569
      Creating new point: f = 0.734253459635991
    i = 56 ; sf/Sf = 0.656416106621026 ; sf = 806.039701255466
      k =   55 ; sb/Sb = 0 ; sb = 0
      k =   54 ; sb/Sb = 0.446995583069126 ; sb = 490.407993409569
      k =   53 ; sb/Sb = 1 ; sb = 1097.12044589427
      Creating new point: f = 0.378695932871867
Tear 3 : Sf = 1843.46131542633 ; Sb = 1344.05461215249
  Forwards path
    i = 47 ; sf/Sf = 0.302319873522718 ; sf = 557.314991723711
      k =   46 ; sb/Sb = 0 ; sb = 0
      k =   45 ; sb/Sb = 0.236452424453537 ; sb = 317.804971641414
      k =   44 ; sb/Sb = 0.472904848907074 ; sb = 635.609943282828
      Creating new point: f = 0.278565336013815
    i = 48 ; sf/Sf = 0.589412822242161 ; sf = 1086.55973661968
      k =   46 ; sb/Sb = 0 ; sb = 0
      k =   45 ; sb/Sb = 0.236452424453537 ; sb = 317.804971641414
      k =   44 ; sb/Sb = 0.472904848907074 ; sb = 635.609943282828
      k =   43 ; sb/Sb = 0.764593826522645 ; sb = 1027.65585896108
      Creating new point: f = 0.399425354661971
    i = 441 ; sf/Sf = 0.79470641112108 ; sf = 1465.01052602301
      k =   46 ; sb/Sb = 0 ; sb = 0
      k =   45 ; sb/Sb = 0.236452424453537 ; sb = 317.804971641414
      k =   44 ; sb/Sb = 0.472904848907074 ; sb = 635.609943282828
      k =   43 ; sb/Sb = 0.764593826522645 ; sb = 1027.65585896108
      k =   42 ; sb/Sb = 0.801794695853338 ; sb = 1077.65585896108
      Creating new point: f = 0.809459164267173
Tear 4 : Sf = 1684.36624666128 ; Sb = 1693.2603655594
  Forwards path
    i = 30 ; sf/Sf = 0.265508523687421 ; sf = 447.213595499958
      k =   29 ; sb/Sb = 0 ; sb = 0
      k =   28 ; sb/Sb = 0.224419119309192 ; sb = 380
      k =   26 ; sb/Sb = 0.224419119309192 ; sb = 380
      k =   25 ; sb/Sb = 0.50318129815007 ; sb = 852.016948848238
    i = 32 ; sf/Sf = 0.265508523687421 ; sf = 447.213595499958
      k =   29 ; sb/Sb = 0 ; sb = 0
      k =   28 ; sb/Sb = 0.224419119309192 ; sb = 380
      k =   26 ; sb/Sb = 0.224419119309192 ; sb = 380
      k =   25 ; sb/Sb = 0.50318129815007 ; sb = 852.016948848238
      Creating new point: f = 0.147399494971244
    i = 33 ; sf/Sf = 0.526329264782526 ; sf = 886.531248229734
      k =   29 ; sb/Sb = 0 ; sb = 0
      k =   28 ; sb/Sb = 0.224419119309192 ; sb = 380
      k =   26 ; sb/Sb = 0.224419119309192 ; sb = 380
      k =   25 ; sb/Sb = 0.50318129815007 ; sb = 852.016948848238
      k =   24 ; sb/Sb = 0.756785658002792 ; sb = 1281.43515991992
      Creating new point: f = 0.0912759017467201
    i = 34 ; sf/Sf = 0.764991744300662 ; sf = 1288.52627307457
      k =   29 ; sb/Sb = 0 ; sb = 0
      k =   28 ; sb/Sb = 0.224419119309192 ; sb = 380
      k =   26 ; sb/Sb = 0.224419119309192 ; sb = 380
      k =   25 ; sb/Sb = 0.50318129815007 ; sb = 852.016948848238
      k =   24 ; sb/Sb = 0.756785658002792 ; sb = 1281.43515991992
      k =   23 ; sb/Sb = 1 ; sb = 1693.2603655594
      Creating new point: f = 0.0337401414344377
    i = 35 ; sf/Sf = 0.819727728683914 ; sf = 1380.7217176475
      k =   29 ; sb/Sb = 0 ; sb = 0
      k =   28 ; sb/Sb = 0.224419119309192 ; sb = 380
      k =   26 ; sb/Sb = 0.224419119309192 ; sb = 380
      k =   25 ; sb/Sb = 0.50318129815007 ; sb = 852.016948848238
      k =   24 ; sb/Sb = 0.756785658002792 ; sb = 1281.43515991992
      k =   23 ; sb/Sb = 1 ; sb = 1693.2603655594
      Creating new point: f = 0.258792594894936
    i = 72 ; sf/Sf = 0.895720702452962 ; sf = 1508.7217176475
      k =   29 ; sb/Sb = 0 ; sb = 0
      k =   28 ; sb/Sb = 0.224419119309192 ; sb = 380
      k =   26 ; sb/Sb = 0.224419119309192 ; sb = 380
      k =   25 ; sb/Sb = 0.50318129815007 ; sb = 852.016948848238
      k =   24 ; sb/Sb = 0.756785658002792 ; sb = 1281.43515991992
      k =   23 ; sb/Sb = 1 ; sb = 1693.2603655594
      Creating new point: f = 0.571245278174281
Tear 5 : Sf = 456.508488420533 ; Sb = 674.46274915669
  Forwards path
Tear 6 : Sf = 949.210198006743 ; Sb = 310.644491340181
  Forwards path
    i = 224 ; sf/Sf = 0.5 ; sf = 474.605099003371
      k =   31 ; sb/Sb = 0 ; sb = 0
      k =   30 ; sb/Sb = 1 ; sb = 310.644491340181
      Creating new point: f = 0.5
Tear 1 : Sf = 5847.33334812145 ; Sb = 4863.44017825357
  Backwards path
    i = 5 ; sf/Sf = 0.0261047842045429 ; sf = 152.643375224737
      k =    6 ; sb/Sb = 0 ; sb = 0
      k =    7 ; sb/Sb = 0.0423887770230397 ; sb = 206.155281280883
      Creating new point: f = 0.615841881693215
    i = 4 ; sf/Sf = 0.0651403976408107 ; sf = 380.897619435004
      k =    6 ; sb/Sb = 0 ; sb = 0
      k =    7 ; sb/Sb = 0.0423887770230397 ; sb = 206.155281280883
      k =    8 ; sb/Sb = 0.120954452653097 ; sb = 588.254744771739
      Creating new point: f = 0.28958728395466
    i = 400 ; sf/Sf = 0.125851832899423 ; sf = 735.897619435004
      k =    6 ; sb/Sb = 0 ; sb = 0
      k =    7 ; sb/Sb = 0.0423887770230397 ; sb = 206.155281280883
      k =    8 ; sb/Sb = 0.120954452653097 ; sb = 588.254744771739
      k =  117 ; sb/Sb = 0.194301952891669 ; sb = 944.975924406478
      Creating new point: f = 0.0667695590224219
    i = 3 ; sf/Sf = 0.186563268158035 ; sf = 1090.897619435
      k =    6 ; sb/Sb = 0 ; sb = 0
      k =    7 ; sb/Sb = 0.0423887770230397 ; sb = 206.155281280883
      k =    8 ; sb/Sb = 0.120954452653097 ; sb = 588.254744771739
      k =  117 ; sb/Sb = 0.194301952891669 ; sb = 944.975924406478
      Creating new point: f = 0.894492863308728
    i = 2 ; sf/Sf = 0.253936596924798 ; sf = 1484.85193150685
      k =    6 ; sb/Sb = 0 ; sb = 0
      k =    7 ; sb/Sb = 0.0423887770230397 ; sb = 206.155281280883
      k =    8 ; sb/Sb = 0.120954452653097 ; sb = 588.254744771739
      k =  117 ; sb/Sb = 0.194301952891669 ; sb = 944.975924406478
      k =    9 ; sb/Sb = 0.267649453130242 ; sb = 1301.69710404122
      Creating new point: f = 0.813042623663505
    i = 1 ; sf/Sf = 0.262487503299251 ; sf = 1534.85193150685
      k =    6 ; sb/Sb = 0 ; sb = 0
      k =    7 ; sb/Sb = 0.0423887770230397 ; sb = 206.155281280883
      k =    8 ; sb/Sb = 0.120954452653097 ; sb = 588.254744771739
      k =  117 ; sb/Sb = 0.194301952891669 ; sb = 944.975924406478
      k =    9 ; sb/Sb = 0.267649453130242 ; sb = 1301.69710404122
      Creating new point: f = 0.929623370746083
    i = 67 ; sf/Sf = 0.360227948038074 ; sf = 2106.37289348839
      k =    6 ; sb/Sb = 0 ; sb = 0
      k =    7 ; sb/Sb = 0.0423887770230397 ; sb = 206.155281280883
      k =    8 ; sb/Sb = 0.120954452653097 ; sb = 588.254744771739
      k =  117 ; sb/Sb = 0.194301952891669 ; sb = 944.975924406478
      k =    9 ; sb/Sb = 0.267649453130242 ; sb = 1301.69710404122
      k =   10 ; sb/Sb = 0.404349151528203 ; sb = 1966.527909585
      Creating new point: f = 0.677239935367794
    i = 162 ; sf/Sf = 0.454816152369392 ; sf = 2659.46165501383
      k =    6 ; sb/Sb = 0 ; sb = 0
      k =    7 ; sb/Sb = 0.0423887770230397 ; sb = 206.155281280883
      k =    8 ; sb/Sb = 0.120954452653097 ; sb = 588.254744771739
      k =  117 ; sb/Sb = 0.194301952891669 ; sb = 944.975924406478
      k =    9 ; sb/Sb = 0.267649453130242 ; sb = 1301.69710404122
      k =   10 ; sb/Sb = 0.404349151528203 ; sb = 1966.527909585
      k =  244 ; sb/Sb = 0.469150748470958 ; sb = 2281.68659977139
      Creating new point: f = 0.778792548673929
    i = 66 ; sf/Sf = 0.549404356700709 ; sf = 3212.55041653927
      k =    6 ; sb/Sb = 0 ; sb = 0
      k =    7 ; sb/Sb = 0.0423887770230397 ; sb = 206.155281280883
      k =    8 ; sb/Sb = 0.120954452653097 ; sb = 588.254744771739
      k =  117 ; sb/Sb = 0.194301952891669 ; sb = 944.975924406478
      k =    9 ; sb/Sb = 0.267649453130242 ; sb = 1301.69710404122
      k =   10 ; sb/Sb = 0.404349151528203 ; sb = 1966.527909585
      k =  244 ; sb/Sb = 0.469150748470958 ; sb = 2281.68659977139
      k =   11 ; sb/Sb = 0.533952345413713 ; sb = 2596.84528995778
      k =   12 ; sb/Sb = 0.690720044149808 ; sb = 3359.27561464326
      Creating new point: f = 0.0985662952991913
    i = 65 ; sf/Sf = 0.651472239087954 ; sf = 3809.37534899434
      k =    6 ; sb/Sb = 0 ; sb = 0
      k =    7 ; sb/Sb = 0.0423887770230397 ; sb = 206.155281280883
      k =    8 ; sb/Sb = 0.120954452653097 ; sb = 588.254744771739
      k =  117 ; sb/Sb = 0.194301952891669 ; sb = 944.975924406478
      k =    9 ; sb/Sb = 0.267649453130242 ; sb = 1301.69710404122
      k =   10 ; sb/Sb = 0.404349151528203 ; sb = 1966.527909585
      k =  244 ; sb/Sb = 0.469150748470958 ; sb = 2281.68659977139
      k =   11 ; sb/Sb = 0.533952345413713 ; sb = 2596.84528995778
      k =   12 ; sb/Sb = 0.690720044149808 ; sb = 3359.27561464326
      Creating new point: f = 0.749643546608893
    i = 64 ; sf/Sf = 0.740039157410703 ; sf = 4327.2556440433
      k =    6 ; sb/Sb = 0 ; sb = 0
      k =    7 ; sb/Sb = 0.0423887770230397 ; sb = 206.155281280883
      k =    8 ; sb/Sb = 0.120954452653097 ; sb = 588.254744771739
      k =  117 ; sb/Sb = 0.194301952891669 ; sb = 944.975924406478
      k =    9 ; sb/Sb = 0.267649453130242 ; sb = 1301.69710404122
      k =   10 ; sb/Sb = 0.404349151528203 ; sb = 1966.527909585
      k =  244 ; sb/Sb = 0.469150748470958 ; sb = 2281.68659977139
      k =   11 ; sb/Sb = 0.533952345413713 ; sb = 2596.84528995778
      k =   12 ; sb/Sb = 0.690720044149808 ; sb = 3359.27561464326
      k =   13 ; sb/Sb = 0.789949627077225 ; sb = 3841.8727551238
      Creating new point: f = 0.497020261558192
    i = 337 ; sf/Sf = 0.814412383014645 ; sf = 4762.14068632459
      k =    6 ; sb/Sb = 0 ; sb = 0
      k =    7 ; sb/Sb = 0.0423887770230397 ; sb = 206.155281280883
      k =    8 ; sb/Sb = 0.120954452653097 ; sb = 588.254744771739
      k =  117 ; sb/Sb = 0.194301952891669 ; sb = 944.975924406478
      k =    9 ; sb/Sb = 0.267649453130242 ; sb = 1301.69710404122
      k =   10 ; sb/Sb = 0.404349151528203 ; sb = 1966.527909585
      k =  244 ; sb/Sb = 0.469150748470958 ; sb = 2281.68659977139
      k =   11 ; sb/Sb = 0.533952345413713 ; sb = 2596.84528995778
      k =   12 ; sb/Sb = 0.690720044149808 ; sb = 3359.27561464326
      k =   13 ; sb/Sb = 0.789949627077225 ; sb = 3841.8727551238
      k =   78 ; sb/Sb = 0.894974813538613 ; sb = 4352.65646668869
      Creating new point: f = 0.232922756546725
    i = 63 ; sf/Sf = 0.888785608618587 ; sf = 5197.02572860588
      k =    6 ; sb/Sb = 0 ; sb = 0
      k =    7 ; sb/Sb = 0.0423887770230397 ; sb = 206.155281280883
      k =    8 ; sb/Sb = 0.120954452653097 ; sb = 588.254744771739
      k =  117 ; sb/Sb = 0.194301952891669 ; sb = 944.975924406478
      k =    9 ; sb/Sb = 0.267649453130242 ; sb = 1301.69710404122
      k =   10 ; sb/Sb = 0.404349151528203 ; sb = 1966.527909585
      k =  244 ; sb/Sb = 0.469150748470958 ; sb = 2281.68659977139
      k =   11 ; sb/Sb = 0.533952345413713 ; sb = 2596.84528995778
      k =   12 ; sb/Sb = 0.690720044149808 ; sb = 3359.27561464326
      k =   13 ; sb/Sb = 0.789949627077225 ; sb = 3841.8727551238
      k =   78 ; sb/Sb = 0.894974813538613 ; sb = 4352.65646668869
      Creating new point: f = 0.941069327000901
Tear 2 : Sf = 1097.12044589427 ; Sb = 1227.94016345005
  Backwards path
    i = 54 ; sf/Sf = 0.446995583069127 ; sf = 490.407993409569
      k =   55 ; sb/Sb = 0 ; sb = 0
      k =  370 ; sb/Sb = 0.328208053310513 ; sb = 403.019850627733
      k =   56 ; sb/Sb = 0.656416106621026 ; sb = 806.039701255466
      Creating new point: f = 0.361927529079337
Tear 3 : Sf = 1344.05461215249 ; Sb = 1843.46131542633
  Backwards path
    i = 45 ; sf/Sf = 0.236452424453537 ; sf = 317.804971641414
      k =   46 ; sb/Sb = 0 ; sb = 0
      k =   47 ; sb/Sb = 0.302319873522718 ; sb = 557.314991723711
      Creating new point: f = 0.782126631962119
    i = 44 ; sf/Sf = 0.472904848907074 ; sf = 635.609943282828
      k =   46 ; sb/Sb = 0 ; sb = 0
      k =   47 ; sb/Sb = 0.302319873522718 ; sb = 557.314991723711
      k =   48 ; sb/Sb = 0.589412822242161 ; sb = 1086.55973661968
      Creating new point: f = 0.594180303435655
    i = 43 ; sf/Sf = 0.764593826522645 ; sf = 1027.65585896108
      k =   46 ; sb/Sb = 0 ; sb = 0
      k =   47 ; sb/Sb = 0.302319873522718 ; sb = 557.314991723711
      k =   48 ; sb/Sb = 0.589412822242161 ; sb = 1086.55973661968
      k =  441 ; sb/Sb = 0.79470641112108 ; sb = 1465.01052602301
      Creating new point: f = 0.853319410689462
    i = 42 ; sf/Sf = 0.801794695853338 ; sf = 1077.65585896108
      k =   46 ; sb/Sb = 0 ; sb = 0
      k =   47 ; sb/Sb = 0.302319873522718 ; sb = 557.314991723711
      k =   48 ; sb/Sb = 0.589412822242161 ; sb = 1086.55973661968
      k =  441 ; sb/Sb = 0.79470641112108 ; sb = 1465.01052602301
      k =   49 ; sb/Sb = 1 ; sb = 1843.46131542633
      Creating new point: f = 0.0345275503778076
    i = 41 ; sf/Sf = 0.902992001273487 ; sf = 1213.67056404844
      k =   46 ; sb/Sb = 0 ; sb = 0
      k =   47 ; sb/Sb = 0.302319873522718 ; sb = 557.314991723711
      k =   48 ; sb/Sb = 0.589412822242161 ; sb = 1086.55973661968
      k =  441 ; sb/Sb = 0.79470641112108 ; sb = 1465.01052602301
      k =   49 ; sb/Sb = 1 ; sb = 1843.46131542633
      Creating new point: f = 0.527466983960577
Tear 4 : Sf = 1693.2603655594 ; Sb = 1684.36624666128
  Backwards path
    i = 28 ; sf/Sf = 0.224419119309192 ; sf = 380
      k =   29 ; sb/Sb = 0 ; sb = 0
      k =   30 ; sb/Sb = 0.265508523687421 ; sb = 447.213595499958
    i = 26 ; sf/Sf = 0.224419119309192 ; sf = 380
      k =   29 ; sb/Sb = 0 ; sb = 0
      k =   30 ; sb/Sb = 0.265508523687421 ; sb = 447.213595499958
      Creating new point: f = 0.84524261666792
    i = 25 ; sf/Sf = 0.50318129815007 ; sf = 852.016948848238
      k =   29 ; sb/Sb = 0 ; sb = 0
      k =   30 ; sb/Sb = 0.265508523687421 ; sb = 447.213595499958
      k =   32 ; sb/Sb = 0.265508523687421 ; sb = 447.213595499958
      k =   33 ; sb/Sb = 0.526329264782526 ; sb = 886.531248229734
      Creating new point: f = 0.911249517445331
    i = 24 ; sf/Sf = 0.756785658002792 ; sf = 1281.43515991992
      k =   29 ; sb/Sb = 0 ; sb = 0
      k =   30 ; sb/Sb = 0.265508523687421 ; sb = 447.213595499958
      k =   32 ; sb/Sb = 0.265508523687421 ; sb = 447.213595499958
      k =   33 ; sb/Sb = 0.526329264782526 ; sb = 886.531248229734
      k =   34 ; sb/Sb = 0.764991744300662 ; sb = 1288.52627307457
      Creating new point: f = 0.965616353628614
Tear 5 : Sf = 674.46274915669 ; Sb = 456.508488420533
  Backwards path
Tear 6 : Sf = 310.644491340181 ; Sb = 949.210198006743
  Backwards path
Triangulating...
Merging points...
Projecting to sphere...
Optimising mapping with FIRE...
E =  0.00345 | E_L =  0.00345 | E_A =  0.00000 |   0 flippped triangles
E =  0.00305 | E_L =  0.00305 | E_A =  0.00000 |  35 flippped triangles
        phi0    phi0.1    phi0.2    phi0.3    phi0.4    phi0.5    phi0.6
id    66.000    67.000    77.000   104.000   107.000   185.000   191.000
A   8352.133  7606.801 12342.548  1406.235  1907.947  2758.004  6656.374
a  -7651.000 -7420.097 -1444.978 -1377.687 -1912.452 -2312.969 -2980.130
      phi0.7    phi0.8    phi0.9   phi0.10   phi0.11   phi0.12   phi0.13
id  202.0000   215.000  226.0000   271.000   344.000   347.000    458.00
A   764.1166  6796.649  848.9059 25711.816  1811.693  3477.858  47497.26
a  -410.6487 -5073.468 -968.8253 -2805.757 -1442.669 -3166.728 -44701.17
     phi0.14   phi0.15   phi0.16   phi0.17   phi0.18   phi0.19  phi0.20
id   463.000    472.00    473.00    479.00    484.00    486.00    487.0
A   1093.670  72437.65  88551.58  63502.12  57059.15  57026.16  51639.3
a  -1044.801 -52129.51 -78002.25 -11315.50 -44672.00 -25160.58 -45208.7
     phi0.21   phi0.22   phi0.23   phi0.24   phi0.25   phi0.26   phi0.27
id    490.00    492.00   494.000    501.00    507.00   521.000   683.000
A   61977.69  12478.49  6629.497  48298.79  72413.18  3809.805  7876.537
a  -16557.90 -11791.10 -3273.424 -37499.38 -57191.33 -4280.663 -8231.034
     phi0.28   phi0.29   phi0.30   phi0.31   phi0.32   phi0.33    phi0.34
id  687.0000    795.00    807.00   845.000   848.000  861.0000    928.000
A   375.5853  83490.99  39018.08 12511.941 71003.450  229.9827   6629.497
a  -435.4294 -22785.32 -38988.65 -9596.618 -3224.396 -198.5132 -18195.860
E =  0.00292 | E_L =  0.00292 | E_A =  0.00000 |  41 flippped triangles
        phi0    phi0.1    phi0.2    phi0.3    phi0.4    phi0.5    phi0.6
id    66.000    67.000    77.000     79.00   102.000   104.000   107.000
A   8352.133  7606.801 12342.548  17215.82  5171.005  1406.235  1907.947
a  -7323.253 -7271.707 -5834.766 -15761.96 -4595.104 -1580.093 -1707.604
      phi0.7    phi0.8    phi0.9   phi0.10   phi0.11   phi0.12   phi0.13
id   185.000   188.000   190.000   191.000  202.0000   215.000  226.0000
A   2758.004  6066.645  8217.902  6656.374  764.1166  6796.649  848.9059
a  -2128.184 -5731.222 -2666.145 -2424.966 -634.6605 -5802.129 -961.9010
     phi0.14   phi0.15   phi0.16   phi0.17   phi0.18   phi0.19   phi0.20
id   344.000   347.000    458.00   463.000    472.00    473.00   479.000
A   1811.693  3477.858  47497.26  1093.670  72437.65  88551.58 63502.118
a  -1735.568 -3433.365 -44632.57 -1080.624 -49991.31 -73185.34 -4087.552
     phi0.21   phi0.22   phi0.23   phi0.24   phi0.25   phi0.26   phi0.27
id    484.00    486.00    487.00    490.00    492.00   494.000    501.00
A   57059.15  57026.16  51639.30  61977.69  12478.49  6629.497  48298.79
a  -44248.24 -20696.90 -44114.69 -15111.46 -11417.56 -3465.427 -37918.41
     phi0.28   phi0.29   phi0.30   phi0.31   phi0.32   phi0.33   phi0.34
id    507.00   521.000   683.000  687.0000    795.00    807.00    808.00
A   72413.18  3809.805  7876.537  375.5853  83490.99  39018.08  48928.02
a  -57543.01 -4139.083 -8576.058 -434.4413 -71594.74 -37562.44 -47684.14
     phi0.35   phi0.36   phi0.37   phi0.38   phi0.39    phi0.40
id   845.000   848.000  861.0000   885.000   897.000    928.000
A  12511.941 71003.450  229.9827 24500.638 12231.362   6629.497
a  -9731.855 -3431.446 -193.2218 -5048.234 -7615.233 -18413.698
E =  0.00288 | E_L =  0.00288 | E_A =  0.00000 |  37 flippped triangles
        phi0    phi0.1    phi0.2    phi0.3    phi0.4    phi0.5   phi0.6
id    66.000    67.000     79.00   102.000   104.000   107.000  183.000
A   8352.133  7606.801  17215.82  5171.005  1406.235  1907.947 1104.557
a  -7484.398 -7584.132 -13229.37 -2558.718 -1481.740 -1785.749 -852.192
      phi0.7    phi0.8     phi0.9   phi0.10   phi0.11   phi0.12   phi0.13
id   185.000   188.000  190.00000  202.0000  226.0000   344.000   347.000
A   2758.004  6066.645 8217.90158  764.1166  848.9059  1811.693  3477.858
a  -2225.754 -5376.200  -19.04648 -697.5647 -942.1135 -1615.192 -3698.658
     phi0.14  phi0.15   phi0.16   phi0.17   phi0.18   phi0.19   phi0.20
id    458.00   463.00    472.00    473.00    484.00    486.00    487.00
A   47497.26  1093.67  72437.65  88551.58  57059.15  57026.16  51639.30
a  -43260.70 -1036.84 -49445.29 -74568.58 -46016.02 -21469.58 -45295.23
     phi0.21   phi0.22   phi0.23   phi0.24   phi0.25   phi0.26   phi0.27
id    490.00    492.00   494.000    501.00    507.00   521.000   683.000
A   61977.69  12478.49  6629.497  48298.79  72413.18  3809.805  7876.537
a  -13223.23 -11302.81 -3671.854 -37775.91 -58243.58 -4176.497 -8465.647
     phi0.28   phi0.29   phi0.30   phi0.31  phi0.32   phi0.33   phi0.34
id  687.0000    795.00    807.00    808.00   845.00   848.000  861.0000
A   375.5853  83490.99  39018.08  48928.02 12511.94 71003.450  229.9827
a  -437.0880 -71532.57 -37829.44 -48322.04 -9735.60 -7859.539 -197.7511
     phi0.35    phi0.36
id   897.000    928.000
A  12231.362   6629.497
a  -7242.977 -18417.854
E =  0.00287 | E_L =  0.00287 | E_A =  0.00000 |  38 flippped triangles
        phi0    phi0.1    phi0.2    phi0.3    phi0.4    phi0.5    phi0.6
id    66.000    67.000     79.00   102.000   104.000   107.000  183.0000
A   8352.133  7606.801  17215.82  5171.005  1406.235  1907.947 1104.5572
a  -7358.504 -7329.100 -13565.00 -3431.435 -1531.173 -1757.036 -857.7329
      phi0.7    phi0.8    phi0.9   phi0.10   phi0.11   phi0.12   phi0.13
id   185.000   188.000  190.0000  202.0000  226.0000   344.000   347.000
A   2758.004  6066.645 8217.9016  764.1166  848.9059  1811.693  3477.858
a  -2099.908 -5406.350 -906.3109 -711.5457 -957.6328 -1652.440 -3566.826
     phi0.14   phi0.15   phi0.16   phi0.17   phi0.18   phi0.19   phi0.20
id    458.00   463.000    472.00    473.00    484.00    486.00    487.00
A   47497.26  1093.670  72437.65  88551.58  57059.15  57026.16  51639.30
a  -43592.93 -1044.805 -47712.73 -71477.22 -44727.51 -16392.48 -43077.14
     phi0.21   phi0.22   phi0.23   phi0.24   phi0.25   phi0.26   phi0.27
id    490.00    492.00   494.000    501.00    507.00   521.000   683.000
A   61977.69  12478.49  6629.497  48298.79  72413.18  3809.805  7876.537
a  -12017.72 -11246.31 -3715.387 -38060.16 -58723.09 -4111.337 -8534.619
     phi0.28   phi0.29   phi0.30   phi0.31   phi0.32  phi0.33   phi0.34
id  687.0000    795.00    807.00    808.00   845.000   848.00  861.0000
A   375.5853  83490.99  39018.08  48928.02 12511.941 71003.45  229.9827
a  -432.5413 -72306.10 -37495.61 -48885.84 -9801.948 -8117.48 -197.7786
       phi0.35   phi0.36    phi0.37
id   886.00000   897.000    928.000
A  19636.04663 12231.362   6629.497
a    -73.46799 -8183.821 -18557.690
E =  0.00287 | E_L =  0.00287 | E_A =  0.00000 |  37 flippped triangles
        phi0    phi0.1    phi0.2    phi0.3    phi0.4    phi0.5    phi0.6
id    66.000    67.000     79.00   102.000   104.000   107.000  183.0000
A   8352.133  7606.801  17215.82  5171.005  1406.235  1907.947 1104.5572
a  -7373.583 -7371.945 -12762.06 -2778.819 -1511.044 -1760.072 -832.9952
      phi0.7    phi0.8     phi0.9   phi0.10   phi0.11   phi0.12   phi0.13
id   185.000   188.000  190.00000  202.0000  226.0000   344.000   347.000
A   2758.004  6066.645 8217.90158  764.1166  848.9059  1811.693  3477.858
a  -2180.251 -5280.639   -9.07531 -691.3949 -953.3103 -1650.055 -3630.974
     phi0.14   phi0.15   phi0.16   phi0.17   phi0.18   phi0.19  phi0.20
id    458.00   463.000    472.00    473.00    484.00    486.00    487.0
A   47497.26  1093.670  72437.65  88551.58  57059.15  57026.16  51639.3
a  -42977.18 -1041.023 -48797.49 -73336.69 -45382.02 -18707.51 -44246.1
     phi0.21   phi0.22   phi0.23   phi0.24   phi0.25   phi0.26   phi0.27
id    490.00    492.00   494.000    501.00    507.00   521.000   683.000
A   61977.69  12478.49  6629.497  48298.79  72413.18  3809.805  7876.537
a  -11591.36 -11235.24 -3729.959 -38032.51 -58620.98 -4126.816 -8497.296
     phi0.28   phi0.29   phi0.30   phi0.31   phi0.32   phi0.33   phi0.34
id  687.0000    795.00    807.00    808.00   845.000   848.000  861.0000
A   375.5853  83490.99  39018.08  48928.02 12511.941 71003.450  229.9827
a  -429.8835 -71786.21 -37525.63 -48447.10 -9769.579 -7323.971 -198.6131
    phi0.35    phi0.36
id   897.00    928.000
A  12231.36   6629.497
a  -7732.86 -18505.696
FIRE:  6  stops.  3 hits of maxmove.  0 hits of dtmax.
Frms = 9.54624816379964e-06; Ftanrms = 9.50419347099429e-06
E =  0.00607 | E_L =  0.00600 | E_A =  0.00006 |   0 flippped triangles
E =  0.00449 | E_L =  0.00449 | E_A =  0.00000 |   0 flippped triangles
E =  0.00411 | E_L =  0.00411 | E_A =  0.00000 |   0 flippped triangles
E =  0.00409 | E_L =  0.00409 | E_A =  0.00000 |   0 flippped triangles
Optimising mapping with BFGS...
E =  0.00409 | E_L =  0.00409 | E_A =  0.00000 |   0 flippped triangles
Transforming image...
Mapping optimised. Error: 0.004085493 ; 0 flipped triangles.
Inferring coordinates of datapoints
Inferring coordinates of landmarks
Mapping optimised. Error: 0.004085493 ; 0 flipped triangles. OD displacement: 8.089418 degrees.
Computing Kernel Density estimates of datapoints

[1] 0.8
Saving adult_retina/data/C57BL6J/GM157/R-CONTRA/r.mat
