[1] "Adding old segment 1"
[1] "Storing new segment 1"
[1] "Adding old segment 2"
[1] "Adding old segment 3"
[1] "Adding old segment 4"
[1] "Adding old segment 5"
[1] "Storing new segment 2"
simplify.outline: Removing vertex 1
Triangulating...
Stitching...
Tear 1 child of rim
Tear 2 child of rim
Tear 3 child of rim
Tear 4 child of rim
Tear 1 : Sf = 1824.28417787113 ; Sb = 1795.93383676834
  Forwards path
    i = 118 ; sf/Sf = 0.242881989468862 ; sf = 443.085770477906
      k =   14 ; sb/Sb = 0 ; sb = 0
      k =   13 ; sb/Sb = 0.147948994373784 ; sb = 265.706605111728
      k =   12 ; sb/Sb = 0.427023063353707 ; sb = 766.905168557395
      Creating new point: f = 0.340171322409418
    i = 15 ; sf/Sf = 0.485763978937724 ; sf = 886.171540955813
      k =   14 ; sb/Sb = 0 ; sb = 0
      k =   13 ; sb/Sb = 0.147948994373784 ; sb = 265.706605111728
      k =   12 ; sb/Sb = 0.427023063353707 ; sb = 766.905168557395
      k =  425 ; sb/Sb = 0.57026729751528 ; sb = 1024.16233561013
      Creating new point: f = 0.410075253135559
    i = 16 ; sf/Sf = 0.750361315965105 ; sf = 1368.8722764017
      k =   14 ; sb/Sb = 0 ; sb = 0
      k =   13 ; sb/Sb = 0.147948994373784 ; sb = 265.706605111728
      k =   12 ; sb/Sb = 0.427023063353707 ; sb = 766.905168557395
      k =  425 ; sb/Sb = 0.57026729751528 ; sb = 1024.16233561013
      k =  225 ; sb/Sb = 0.713511531676854 ; sb = 1281.41950266287
      k =   11 ; sb/Sb = 1 ; sb = 1795.93383676834
      Creating new point: f = 0.128625715736267
Tear 2 : Sf = 3240.6494134172 ; Sb = 3088.09816685975
  Forwards path
    i = 163 ; sf/Sf = 0.10420006517829 ; sf = 337.675880098061
      k =    2 ; sb/Sb = 0 ; sb = 0
      k =    1 ; sb/Sb = 0.126457276516064 ; sb = 390.512483795333
      Creating new point: f = 0.823994221993654
    i = 3 ; sf/Sf = 0.208400130356581 ; sf = 675.351760196122
      k =    2 ; sb/Sb = 0 ; sb = 0
      k =    1 ; sb/Sb = 0.126457276516064 ; sb = 390.512483795333
      k =   37 ; sb/Sb = 0.243840649589482 ; sb = 753.00386300317
      Creating new point: f = 0.698078882000306
    i = 186 ; sf/Sf = 0.293112259738268 ; sf = 949.874072586208
      k =    2 ; sb/Sb = 0 ; sb = 0
      k =    1 ; sb/Sb = 0.126457276516064 ; sb = 390.512483795333
      k =   37 ; sb/Sb = 0.243840649589482 ; sb = 753.00386300317
      k =  204 ; sb/Sb = 0.319412088058232 ; sb = 986.375883605469
      Creating new point: f = 0.651987194463161
    i = 182 ; sf/Sf = 0.377824389119955 ; sf = 1224.39638497629
      k =    2 ; sb/Sb = 0 ; sb = 0
      k =    1 ; sb/Sb = 0.126457276516064 ; sb = 390.512483795333
      k =   37 ; sb/Sb = 0.243840649589482 ; sb = 753.00386300317
      k =  204 ; sb/Sb = 0.319412088058232 ; sb = 986.375883605469
      k =   55 ; sb/Sb = 0.394983526526981 ; sb = 1219.74790420777
      Creating new point: f = 0.772941500721569
    i = 190 ; sf/Sf = 0.462536518501642 ; sf = 1498.91869736638
      k =    2 ; sb/Sb = 0 ; sb = 0
      k =    1 ; sb/Sb = 0.126457276516064 ; sb = 390.512483795333
      k =   37 ; sb/Sb = 0.243840649589482 ; sb = 753.00386300317
      k =  204 ; sb/Sb = 0.319412088058232 ; sb = 986.375883605469
      k =   55 ; sb/Sb = 0.394983526526981 ; sb = 1219.74790420777
      k =   36 ; sb/Sb = 0.54612640346448 ; sb = 1686.49194541237
      Creating new point: f = 0.446947903489989
    i = 4 ; sf/Sf = 0.547248647883328 ; sf = 1773.44100975647
      k =    2 ; sb/Sb = 0 ; sb = 0
      k =    1 ; sb/Sb = 0.126457276516064 ; sb = 390.512483795333
      k =   37 ; sb/Sb = 0.243840649589482 ; sb = 753.00386300317
      k =  204 ; sb/Sb = 0.319412088058232 ; sb = 986.375883605469
      k =   55 ; sb/Sb = 0.394983526526981 ; sb = 1219.74790420777
      k =   36 ; sb/Sb = 0.54612640346448 ; sb = 1686.49194541237
      k =  368 ; sb/Sb = 0.77306320173224 ; sb = 2387.29505613606
      Creating new point: f = 0.00494518485946211
    i = 193 ; sf/Sf = 0.627989685654276 ; sf = 2035.09440644758
      k =    2 ; sb/Sb = 0 ; sb = 0
      k =    1 ; sb/Sb = 0.126457276516064 ; sb = 390.512483795333
      k =   37 ; sb/Sb = 0.243840649589482 ; sb = 753.00386300317
      k =  204 ; sb/Sb = 0.319412088058232 ; sb = 986.375883605469
      k =   55 ; sb/Sb = 0.394983526526981 ; sb = 1219.74790420777
      k =   36 ; sb/Sb = 0.54612640346448 ; sb = 1686.49194541237
      k =  368 ; sb/Sb = 0.77306320173224 ; sb = 2387.29505613606
      Creating new point: f = 0.360731634599017
    i = 57 ; sf/Sf = 0.708730723425224 ; sf = 2296.7478031387
      k =    2 ; sb/Sb = 0 ; sb = 0
      k =    1 ; sb/Sb = 0.126457276516064 ; sb = 390.512483795333
      k =   37 ; sb/Sb = 0.243840649589482 ; sb = 753.00386300317
      k =  204 ; sb/Sb = 0.319412088058232 ; sb = 986.375883605469
      k =   55 ; sb/Sb = 0.394983526526981 ; sb = 1219.74790420777
      k =   36 ; sb/Sb = 0.54612640346448 ; sb = 1686.49194541237
      k =  368 ; sb/Sb = 0.77306320173224 ; sb = 2387.29505613606
      Creating new point: f = 0.716518084338573
    i = 5 ; sf/Sf = 0.87021279896712 ; sf = 2820.05459652094
      k =    2 ; sb/Sb = 0 ; sb = 0
      k =    1 ; sb/Sb = 0.126457276516064 ; sb = 390.512483795333
      k =   37 ; sb/Sb = 0.243840649589482 ; sb = 753.00386300317
      k =  204 ; sb/Sb = 0.319412088058232 ; sb = 986.375883605469
      k =   55 ; sb/Sb = 0.394983526526981 ; sb = 1219.74790420777
      k =   36 ; sb/Sb = 0.54612640346448 ; sb = 1686.49194541237
      k =  368 ; sb/Sb = 0.77306320173224 ; sb = 2387.29505613606
      k =  370 ; sb/Sb = 0.88653160086612 ; sb = 2737.6966114979
      Creating new point: f = 0.856181967635367
Tear 3 : Sf = 1621.32317003636 ; Sb = 1644.68842033985
  Forwards path
    i = 268 ; sf/Sf = 0.344790603567585 ; sf = 559.016994374947
      k =   22 ; sb/Sb = 0 ; sb = 0
      k =  172 ; sb/Sb = 0.25 ; sb = 411.172105084963
      k =  169 ; sb/Sb = 0.5 ; sb = 822.344210169926
      Creating new point: f = 0.379162414270342
    i = 23 ; sf/Sf = 0.689581207135171 ; sf = 1118.03398874989
      k =   22 ; sb/Sb = 0 ; sb = 0
      k =  172 ; sb/Sb = 0.25 ; sb = 411.172105084963
      k =  169 ; sb/Sb = 0.5 ; sb = 822.344210169926
      k =  320 ; sb/Sb = 0.75 ; sb = 1233.51631525489
      Creating new point: f = 0.758324828540684
Tear 4 : Sf = 1686.42635551752 ; Sb = 1509.11926557422
  Forwards path
    i = 420 ; sf/Sf = 0.208237135647285 ; sf = 351.176593753058
      k =   30 ; sb/Sb = 0 ; sb = 0
      k =  198 ; sb/Sb = 0.339694970711272 ; sb = 512.640224719052
      Creating new point: f = 0.613012124410515
    i = 31 ; sf/Sf = 0.416474271294569 ; sf = 702.353187506115
      k =   30 ; sb/Sb = 0 ; sb = 0
      k =  198 ; sb/Sb = 0.339694970711272 ; sb = 512.640224719052
      k =   29 ; sb/Sb = 0.679389941422544 ; sb = 1025.2804494381
      Creating new point: f = 0.22602424882103
    i = 415 ; sf/Sf = 0.708237135647285 ; sf = 1194.38977151182
      k =   30 ; sb/Sb = 0 ; sb = 0
      k =  198 ; sb/Sb = 0.339694970711272 ; sb = 512.640224719052
      k =   29 ; sb/Sb = 0.679389941422544 ; sb = 1025.2804494381
      k =   28 ; sb/Sb = 1 ; sb = 1509.11926557422
      Creating new point: f = 0.0899759488293511
Tear 1 : Sf = 1795.93383676834 ; Sb = 1824.28417787113
  Backwards path
    i = 13 ; sf/Sf = 0.147948994373784 ; sf = 265.706605111728
      k =   14 ; sb/Sb = 0 ; sb = 0
      k =  118 ; sb/Sb = 0.242881989468862 ; sb = 443.085770477906
      Creating new point: f = 0.609139420742235
    i = 12 ; sf/Sf = 0.427023063353707 ; sf = 766.905168557395
      k =   14 ; sb/Sb = 0 ; sb = 0
      k =  118 ; sb/Sb = 0.242881989468862 ; sb = 443.085770477906
      k =   15 ; sb/Sb = 0.485763978937724 ; sb = 886.171540955813
      Creating new point: f = 0.758150385244818
    i = 425 ; sf/Sf = 0.57026729751528 ; sf = 1024.16233561013
      k =   14 ; sb/Sb = 0 ; sb = 0
      k =  118 ; sb/Sb = 0.242881989468862 ; sb = 443.085770477906
      k =   15 ; sb/Sb = 0.485763978937724 ; sb = 886.171540955813
      k =   16 ; sb/Sb = 0.750361315965105 ; sb = 1368.8722764017
      Creating new point: f = 0.319365718215115
    i = 225 ; sf/Sf = 0.713511531676854 ; sf = 1281.41950266287
      k =   14 ; sb/Sb = 0 ; sb = 0
      k =  118 ; sb/Sb = 0.242881989468862 ; sb = 443.085770477906
      k =   15 ; sb/Sb = 0.485763978937724 ; sb = 886.171540955813
      k =   16 ; sb/Sb = 0.750361315965105 ; sb = 1368.8722764017
      Creating new point: f = 0.860732595791626
Tear 2 : Sf = 3088.09816685975 ; Sb = 3240.6494134172
  Backwards path
    i = 1 ; sf/Sf = 0.126457276516064 ; sf = 390.512483795333
      k =    2 ; sb/Sb = 0 ; sb = 0
      k =  163 ; sb/Sb = 0.10420006517829 ; sb = 337.675880098061
      k =    3 ; sb/Sb = 0.208400130356581 ; sb = 675.351760196122
      Creating new point: f = 0.213600742952421
    i = 37 ; sf/Sf = 0.243840649589482 ; sf = 753.00386300317
      k =    2 ; sb/Sb = 0 ; sb = 0
      k =  163 ; sb/Sb = 0.10420006517829 ; sb = 337.675880098061
      k =    3 ; sb/Sb = 0.208400130356581 ; sb = 675.351760196122
      k =  186 ; sb/Sb = 0.293112259738268 ; sb = 949.874072586208
      Creating new point: f = 0.418364164513177
    i = 204 ; sf/Sf = 0.319412088058232 ; sf = 986.375883605469
      k =    2 ; sb/Sb = 0 ; sb = 0
      k =  163 ; sb/Sb = 0.10420006517829 ; sb = 337.675880098061
      k =    3 ; sb/Sb = 0.208400130356581 ; sb = 675.351760196122
      k =  186 ; sb/Sb = 0.293112259738268 ; sb = 949.874072586208
      k =  182 ; sb/Sb = 0.377824389119955 ; sb = 1224.39638497629
      Creating new point: f = 0.310461187930539
    i = 55 ; sf/Sf = 0.394983526526981 ; sf = 1219.74790420777
      k =    2 ; sb/Sb = 0 ; sb = 0
      k =  163 ; sb/Sb = 0.10420006517829 ; sb = 337.675880098061
      k =    3 ; sb/Sb = 0.208400130356581 ; sb = 675.351760196122
      k =  186 ; sb/Sb = 0.293112259738268 ; sb = 949.874072586208
      k =  182 ; sb/Sb = 0.377824389119955 ; sb = 1224.39638497629
      k =  190 ; sb/Sb = 0.462536518501642 ; sb = 1498.91869736638
      Creating new point: f = 0.202558211347901
    i = 36 ; sf/Sf = 0.54612640346448 ; sf = 1686.49194541237
      k =    2 ; sb/Sb = 0 ; sb = 0
      k =  163 ; sb/Sb = 0.10420006517829 ; sb = 337.675880098061
      k =    3 ; sb/Sb = 0.208400130356581 ; sb = 675.351760196122
      k =  186 ; sb/Sb = 0.293112259738268 ; sb = 949.874072586208
      k =  182 ; sb/Sb = 0.377824389119955 ; sb = 1224.39638497629
      k =  190 ; sb/Sb = 0.462536518501642 ; sb = 1498.91869736638
      k =    4 ; sb/Sb = 0.547248647883328 ; sb = 1773.44100975647
      Creating new point: f = 0.986752258182626
    i = 368 ; sf/Sf = 0.77306320173224 ; sf = 2387.29505613606
      k =    2 ; sb/Sb = 0 ; sb = 0
      k =  163 ; sb/Sb = 0.10420006517829 ; sb = 337.675880098061
      k =    3 ; sb/Sb = 0.208400130356581 ; sb = 675.351760196122
      k =  186 ; sb/Sb = 0.293112259738268 ; sb = 949.874072586208
      k =  182 ; sb/Sb = 0.377824389119955 ; sb = 1224.39638497629
      k =  190 ; sb/Sb = 0.462536518501642 ; sb = 1498.91869736638
      k =    4 ; sb/Sb = 0.547248647883328 ; sb = 1773.44100975647
      k =  193 ; sb/Sb = 0.627989685654277 ; sb = 2035.09440644759
      k =   57 ; sb/Sb = 0.708730723425224 ; sb = 2296.7478031387
      k =    5 ; sb/Sb = 0.87021279896712 ; sb = 2820.05459652094
      Creating new point: f = 0.398387734930523
    i = 370 ; sf/Sf = 0.88653160086612 ; sf = 2737.6966114979
      k =    2 ; sb/Sb = 0 ; sb = 0
      k =  163 ; sb/Sb = 0.10420006517829 ; sb = 337.675880098061
      k =    3 ; sb/Sb = 0.208400130356581 ; sb = 675.351760196122
      k =  186 ; sb/Sb = 0.293112259738268 ; sb = 949.874072586208
      k =  182 ; sb/Sb = 0.377824389119955 ; sb = 1224.39638497629
      k =  190 ; sb/Sb = 0.462536518501642 ; sb = 1498.91869736638
      k =    4 ; sb/Sb = 0.547248647883328 ; sb = 1773.44100975647
      k =  193 ; sb/Sb = 0.627989685654277 ; sb = 2035.09440644759
      k =   57 ; sb/Sb = 0.708730723425224 ; sb = 2296.7478031387
      k =    5 ; sb/Sb = 0.87021279896712 ; sb = 2820.05459652094
      k =    6 ; sb/Sb = 1 ; sb = 3240.6494134172
      Creating new point: f = 0.125735063004136
Tear 3 : Sf = 1644.68842033985 ; Sb = 1621.32317003636
  Backwards path
    i = 172 ; sf/Sf = 0.25 ; sf = 411.172105084963
      k =   22 ; sb/Sb = 0 ; sb = 0
      k =  268 ; sb/Sb = 0.344790603567585 ; sb = 559.016994374947
      Creating new point: f = 0.72507776433935
    i = 169 ; sf/Sf = 0.5 ; sf = 822.344210169926
      k =   22 ; sb/Sb = 0 ; sb = 0
      k =  268 ; sb/Sb = 0.344790603567585 ; sb = 559.016994374947
      k =   23 ; sb/Sb = 0.689581207135171 ; sb = 1118.03398874989
      Creating new point: f = 0.4501555286787
    i = 320 ; sf/Sf = 0.75 ; sf = 1233.51631525489
      k =   22 ; sb/Sb = 0 ; sb = 0
      k =  268 ; sb/Sb = 0.344790603567585 ; sb = 559.016994374947
      k =   23 ; sb/Sb = 0.689581207135171 ; sb = 1118.03398874989
      k =   24 ; sb/Sb = 1 ; sb = 1621.32317003636
      Creating new point: f = 0.194636388819211
Tear 4 : Sf = 1509.11926557422 ; Sb = 1686.42635551752
  Backwards path
    i = 198 ; sf/Sf = 0.339694970711272 ; sf = 512.640224719052
      k =   30 ; sb/Sb = 0 ; sb = 0
      k =  420 ; sb/Sb = 0.208237135647285 ; sb = 351.176593753058
      k =   31 ; sb/Sb = 0.416474271294569 ; sb = 702.353187506115
      Creating new point: f = 0.631289105352721
    i = 29 ; sf/Sf = 0.679389941422544 ; sf = 1025.2804494381
      k =   30 ; sb/Sb = 0 ; sb = 0
      k =  420 ; sb/Sb = 0.208237135647285 ; sb = 351.176593753058
      k =   31 ; sb/Sb = 0.416474271294569 ; sb = 702.353187506115
      k =  415 ; sb/Sb = 0.708237135647285 ; sb = 1194.38977151182
      Creating new point: f = 0.90112794413114
Triangulating...
Merging points...
Projecting to sphere...
Optimising mapping with FIRE...
E =  0.00245 | E_L =  0.00245 | E_A =  0.00000 |   0 flippped triangles
E =  0.00239 | E_L =  0.00239 | E_A =  0.00000 |   8 flippped triangles
        phi0    phi0.1    phi0.2    phi0.3    phi0.4    phi0.5    phi0.6
id   587.000   591.000 595.00000   605.000 607.00000   628.000   766.000
A   1219.119  6293.371  17.81492  1163.882  16.17715  6912.433  1326.936
a  -1145.512 -6102.450 -15.21473 -1117.435 -14.73845 -6312.509 -1223.856
      phi0.7
id   775.000
A   1300.601
a  -1169.854
E =  0.00237 | E_L =  0.00237 | E_A =  0.00000 |   8 flippped triangles
        phi0    phi0.1    phi0.2    phi0.3    phi0.4    phi0.5    phi0.6
id   587.000   591.000 595.00000   605.000 607.00000   628.000   766.000
A   1219.119  6293.371  17.81492  1163.882  16.17715  6912.433  1326.936
a  -1125.952 -6163.847 -16.63116 -1136.348 -15.72786 -6385.647 -1264.963
      phi0.7
id   775.000
A   1300.601
a  -1195.757
E =  0.00237 | E_L =  0.00237 | E_A =  0.00000 |   8 flippped triangles
        phi0    phi0.1    phi0.2    phi0.3    phi0.4    phi0.5    phi0.6
id   587.000   591.000 595.00000   605.000 607.00000   628.000   766.000
A   1219.119  6293.371  17.81492  1163.882  16.17715  6912.433  1326.936
a  -1174.300 -6138.882 -16.71851 -1104.461 -15.80138 -6387.528 -1242.355
      phi0.7
id   775.000
A   1300.601
a  -1220.820
E =  0.00237 | E_L =  0.00237 | E_A =  0.00000 |   8 flippped triangles
        phi0    phi0.1    phi0.2    phi0.3    phi0.4    phi0.5    phi0.6
id   587.000   591.000 595.00000   605.000 607.00000   628.000   766.000
A   1219.119  6293.371  17.81492  1163.882  16.17715  6912.433  1326.936
a  -1190.944 -6158.806 -16.54020 -1080.443 -15.78275 -6407.958 -1223.409
      phi0.7
id   775.000
A   1300.601
a  -1225.887
E =  0.00236 | E_L =  0.00236 | E_A =  0.00000 |   8 flippped triangles
        phi0    phi0.1    phi0.2    phi0.3    phi0.4    phi0.5    phi0.6
id   587.000   591.000 595.00000   605.000 607.00000   628.000   766.000
A   1219.119  6293.371  17.81492  1163.882  16.17715  6912.433  1326.936
a  -1180.383 -6155.019 -16.72377 -1104.124 -15.84155 -6411.203 -1240.535
      phi0.7
id   775.000
A   1300.601
a  -1225.451
FIRE:  1  stops.  0 hits of maxmove.  0 hits of dtmax.
Frms = 1.5603528473101e-07; Ftanrms = 1.50427299599719e-07
E =  0.00248 | E_L =  0.00248 | E_A =  0.00000 |   0 flippped triangles
E =  0.00240 | E_L =  0.00240 | E_A =  0.00000 |   0 flippped triangles
E =  0.00239 | E_L =  0.00239 | E_A =  0.00000 |   0 flippped triangles
E =  0.00239 | E_L =  0.00239 | E_A =  0.00000 |   0 flippped triangles
Optimising mapping with BFGS...
E =  0.00239 | E_L =  0.00239 | E_A =  0.00000 |   0 flippped triangles
Transforming image...
Mapping optimised. Error: 0.002389913 ; 0 flipped triangles.
Inferring coordinates of datapoints
Inferring coordinates of landmarks
Mapping optimised. Error: 0.002389913 ; 0 flipped triangles. OD displacement: 6.22665 degrees.
Computing Kernel Density estimates of datapoints

[1] 0.7
Saving adult_retina/data/C57BL6J/GM269/R-CONTRA/r.mat
