[1] "Adding old segment 1"
[1] "Adding old segment 3"
[1] "Adding old segment 4"
[1] "Adding old segment 5"
[1] "Adding old segment 8"
[1] "Adding old segment 7"
[1] "Adding old segment 6"
[1] "Intersection found. Old points:"
    X     Y 
  230 -2781 
    X     Y 
  500 -2941 
    X     Y 
  500 -2941 
    X     Y 
  700 -3071 
[1] "Point i+1 has been changed:"
    X     Y 
  230 -2781 
    X     Y 
  500 -2941 
    X     Y 
  500 -2941 
    X     Y 
  700 -3071 
[1] "a= 0.209610904075159"
[1] "l= 238.537208837531"
[1] "New points:"
    X     Y 
  230 -2781 
    X     Y 
  500 -2941 
         X          Y 
  658.0778 -3043.7506 
    X     Y 
  700 -3071 
[1] "Storing new segment 1"
[1] "Adding old segment 2"
[1] "Intersection found. Old points:"
  X   Y 
550 549 
  X   Y 
500 659 
  X   Y 
500 659 
  X   Y 
410 659 
[1] "Point i+1 has been changed:"
  X   Y 
550 549 
  X   Y 
500 659 
  X   Y 
500 659 
  X   Y 
410 659 
[1] "a= 0.5"
[1] "l= 90"
[1] "New points:"
  X   Y 
550 549 
  X   Y 
500 659 
  X   Y 
455 659 
  X   Y 
410 659 
[1] "Storing new segment 2"
simplify.outline: Removing vertex 19
simplify.outline: Removing vertex 33
simplify.outline: Removing vertex 50
simplify.outline: Removing vertex 86
Triangulating...
[1] "Non-adjacent points in rim connected by line: 6 4"
[1] "In triangle: 109" "In triangle: 114"
[1] "Other points in triangles: 127 5"
[1] "Non-adjacent points in rim connected by line: 31 29"
[1] "In triangle: 189" "In triangle: 205"
[1] "Other points in triangles: 159 30"
[1] "Non-adjacent points in rim connected by line: 91 89"
[1] "In triangle: 29" "In triangle: 50"
[1] "Other points in triangles: 120 90"
Stitching...
Tear 1 child of rim
Tear 2 child of rim
Tear 3 child of rim
Tear 4 child of rim
Tear 1 : Sf = 3257.69898939561 ; Sb = 3429.72005447224
  Forwards path
    i = 68 ; sf/Sf = 0.132244626029948 ; sf = 430.81318457076
      k =   67 ; sb/Sb = 0 ; sb = 0
      k =   66 ; sb/Sb = 0.0770316212624858 ; sb = 264.196896272458
      k =   65 ; sb/Sb = 0.146581673467617 ; sb = 502.734105109989
      Creating new point: f = 0.793860004657022
    i = 69 ; sf/Sf = 0.175872568482018 ; sf = 572.939888606279
      k =   67 ; sb/Sb = 0 ; sb = 0
      k =   66 ; sb/Sb = 0.0770316212624858 ; sb = 264.196896272458
      k =   65 ; sb/Sb = 0.146581673467617 ; sb = 502.734105109989
      k =   64 ; sb/Sb = 0.213133532098945 ; sb = 730.988349320256
      Creating new point: f = 0.440121367258293
    i = 70 ; sf/Sf = 0.243404897502022 ; sf = 792.939888606279
      k =   67 ; sb/Sb = 0 ; sb = 0
      k =   66 ; sb/Sb = 0.0770316212624858 ; sb = 264.196896272458
      k =   65 ; sb/Sb = 0.146581673467617 ; sb = 502.734105109989
      k =   64 ; sb/Sb = 0.213133532098945 ; sb = 730.988349320256
      k =   63 ; sb/Sb = 0.271738173069663 ; sb = 931.985861742674
      Creating new point: f = 0.516535293138344
    i = 71 ; sf/Sf = 0.297101865028728 ; sf = 967.868445451638
      k =   67 ; sb/Sb = 0 ; sb = 0
      k =   66 ; sb/Sb = 0.0770316212624858 ; sb = 264.196896272458
      k =   65 ; sb/Sb = 0.146581673467617 ; sb = 502.734105109989
      k =   64 ; sb/Sb = 0.213133532098945 ; sb = 730.988349320256
      k =   63 ; sb/Sb = 0.271738173069663 ; sb = 931.985861742674
      k =   62 ; sb/Sb = 0.333244718136576 ; sb = 1142.93609283996
      Creating new point: f = 0.412373869016254
    i = 72 ; sf/Sf = 0.360384348140875 ; sf = 1174.02372673252
      k =   67 ; sb/Sb = 0 ; sb = 0
      k =   66 ; sb/Sb = 0.0770316212624858 ; sb = 264.196896272458
      k =   65 ; sb/Sb = 0.146581673467617 ; sb = 502.734105109989
      k =   64 ; sb/Sb = 0.213133532098945 ; sb = 730.988349320256
      k =   63 ; sb/Sb = 0.271738173069663 ; sb = 931.985861742674
      k =   62 ; sb/Sb = 0.333244718136576 ; sb = 1142.93609283996
      k =   61 ; sb/Sb = 0.384165052505558 ; sb = 1317.57858480569
      Creating new point: f = 0.532982164014052
    i = 73 ; sf/Sf = 0.445674266176103 ; sf = 1451.87260652152
      k =   67 ; sb/Sb = 0 ; sb = 0
      k =   66 ; sb/Sb = 0.0770316212624858 ; sb = 264.196896272458
      k =   65 ; sb/Sb = 0.146581673467617 ; sb = 502.734105109989
      k =   64 ; sb/Sb = 0.213133532098945 ; sb = 730.988349320256
      k =   63 ; sb/Sb = 0.271738173069663 ; sb = 931.985861742674
      k =   62 ; sb/Sb = 0.333244718136576 ; sb = 1142.93609283996
      k =   61 ; sb/Sb = 0.384165052505558 ; sb = 1317.57858480569
      k =   60 ; sb/Sb = 0.510081002138431 ; sb = 1749.43504243948
      Creating new point: f = 0.488494220548582
    i = 74 ; sf/Sf = 0.549544662862615 ; sf = 1790.25109283529
      k =   67 ; sb/Sb = 0 ; sb = 0
      k =   66 ; sb/Sb = 0.0770316212624858 ; sb = 264.196896272458
      k =   65 ; sb/Sb = 0.146581673467617 ; sb = 502.734105109989
      k =   64 ; sb/Sb = 0.213133532098945 ; sb = 730.988349320256
      k =   63 ; sb/Sb = 0.271738173069663 ; sb = 931.985861742674
      k =   62 ; sb/Sb = 0.333244718136576 ; sb = 1142.93609283996
      k =   61 ; sb/Sb = 0.384165052505558 ; sb = 1317.57858480569
      k =   60 ; sb/Sb = 0.510081002138431 ; sb = 1749.43504243948
      k =   59 ; sb/Sb = 0.579631054343563 ; sb = 1987.97225127701
      Creating new point: f = 0.567413818868023
    i = 75 ; sf/Sf = 0.647051401367115 ; sf = 2107.89869632066
      k =   67 ; sb/Sb = 0 ; sb = 0
      k =   66 ; sb/Sb = 0.0770316212624858 ; sb = 264.196896272458
      k =   65 ; sb/Sb = 0.146581673467617 ; sb = 502.734105109989
      k =   64 ; sb/Sb = 0.213133532098945 ; sb = 730.988349320256
      k =   63 ; sb/Sb = 0.271738173069663 ; sb = 931.985861742674
      k =   62 ; sb/Sb = 0.333244718136576 ; sb = 1142.93609283996
      k =   61 ; sb/Sb = 0.384165052505558 ; sb = 1317.57858480569
      k =   60 ; sb/Sb = 0.510081002138431 ; sb = 1749.43504243948
      k =   59 ; sb/Sb = 0.579631054343563 ; sb = 1987.97225127701
      k =   58 ; sb/Sb = 0.785842691786464 ; sb = 2695.22043968049
      Creating new point: f = 0.326947343319656
    i = 76 ; sf/Sf = 0.660074828948761 ; sf = 2150.32510319185
      k =   67 ; sb/Sb = 0 ; sb = 0
      k =   66 ; sb/Sb = 0.0770316212624858 ; sb = 264.196896272458
      k =   65 ; sb/Sb = 0.146581673467617 ; sb = 502.734105109989
      k =   64 ; sb/Sb = 0.213133532098945 ; sb = 730.988349320256
      k =   63 ; sb/Sb = 0.271738173069663 ; sb = 931.985861742674
      k =   62 ; sb/Sb = 0.333244718136576 ; sb = 1142.93609283996
      k =   61 ; sb/Sb = 0.384165052505558 ; sb = 1317.57858480569
      k =   60 ; sb/Sb = 0.510081002138431 ; sb = 1749.43504243948
      k =   59 ; sb/Sb = 0.579631054343563 ; sb = 1987.97225127701
      k =   58 ; sb/Sb = 0.785842691786464 ; sb = 2695.22043968049
      Creating new point: f = 0.390102981590806
    i = 77 ; sf/Sf = 0.768950129636123 ; sf = 2505.00806021122
      k =   67 ; sb/Sb = 0 ; sb = 0
      k =   66 ; sb/Sb = 0.0770316212624858 ; sb = 264.196896272458
      k =   65 ; sb/Sb = 0.146581673467617 ; sb = 502.734105109989
      k =   64 ; sb/Sb = 0.213133532098945 ; sb = 730.988349320256
      k =   63 ; sb/Sb = 0.271738173069663 ; sb = 931.985861742674
      k =   62 ; sb/Sb = 0.333244718136576 ; sb = 1142.93609283996
      k =   61 ; sb/Sb = 0.384165052505558 ; sb = 1317.57858480569
      k =   60 ; sb/Sb = 0.510081002138431 ; sb = 1749.43504243948
      k =   59 ; sb/Sb = 0.579631054343563 ; sb = 1987.97225127701
      k =   58 ; sb/Sb = 0.785842691786464 ; sb = 2695.22043968049
      Creating new point: f = 0.918081431485563
    i = 78 ; sf/Sf = 0.868560196695131 ; sf = 2829.50767500298
      k =   67 ; sb/Sb = 0 ; sb = 0
      k =   66 ; sb/Sb = 0.0770316212624858 ; sb = 264.196896272458
      k =   65 ; sb/Sb = 0.146581673467617 ; sb = 502.734105109989
      k =   64 ; sb/Sb = 0.213133532098945 ; sb = 730.988349320256
      k =   63 ; sb/Sb = 0.271738173069663 ; sb = 931.985861742674
      k =   62 ; sb/Sb = 0.333244718136576 ; sb = 1142.93609283996
      k =   61 ; sb/Sb = 0.384165052505558 ; sb = 1317.57858480569
      k =   60 ; sb/Sb = 0.510081002138431 ; sb = 1749.43504243948
      k =   59 ; sb/Sb = 0.579631054343563 ; sb = 1987.97225127701
      k =   58 ; sb/Sb = 0.785842691786464 ; sb = 2695.22043968049
      k =   57 ; sb/Sb = 0.905385976220239 ; sb = 3105.22043968049
      Creating new point: f = 0.691946062051619
    i = 79 ; sf/Sf = 0.936717516887854 ; sf = 3051.54370811472
      k =   67 ; sb/Sb = 0 ; sb = 0
      k =   66 ; sb/Sb = 0.0770316212624858 ; sb = 264.196896272458
      k =   65 ; sb/Sb = 0.146581673467617 ; sb = 502.734105109989
      k =   64 ; sb/Sb = 0.213133532098945 ; sb = 730.988349320256
      k =   63 ; sb/Sb = 0.271738173069663 ; sb = 931.985861742674
      k =   62 ; sb/Sb = 0.333244718136576 ; sb = 1142.93609283996
      k =   61 ; sb/Sb = 0.384165052505558 ; sb = 1317.57858480569
      k =   60 ; sb/Sb = 0.510081002138431 ; sb = 1749.43504243948
      k =   59 ; sb/Sb = 0.579631054343563 ; sb = 1987.97225127701
      k =   58 ; sb/Sb = 0.785842691786464 ; sb = 2695.22043968049
      k =   57 ; sb/Sb = 0.905385976220239 ; sb = 3105.22043968049
      k =   56 ; sb/Sb = 1 ; sb = 3429.72005447224
      Creating new point: f = 0.331151127665253
Tear 2 : Sf = 3198.61393441433 ; Sb = 2767.21375250506
  Forwards path
    i = 101 ; sf/Sf = 0.0694163277170866 ; sf = 222.036033111745
      k =  100 ; sb/Sb = 0 ; sb = 0
      k =   99 ; sb/Sb = 0.079255576767813 ; sb = 219.317121994613
      Creating new point: f = 0.875854173901838
    i = 102 ; sf/Sf = 0.11835151077901 ; sf = 378.56079153673
      k =  100 ; sb/Sb = 0 ; sb = 0
      k =   99 ; sb/Sb = 0.0792555767678131 ; sb = 219.317121994613
      k =   98 ; sb/Sb = 0.194102133653314 ; sb = 537.122093636027
      Creating new point: f = 0.340418860359695
    i = 103 ; sf/Sf = 0.186917810586233 ; sf = 597.877913531344
      k =  100 ; sb/Sb = 0 ; sb = 0
      k =   99 ; sb/Sb = 0.0792555767678131 ; sb = 219.317121994613
      k =   98 ; sb/Sb = 0.194102133653314 ; sb = 537.122093636027
      Creating new point: f = 0.937444157997318
    i = 104 ; sf/Sf = 0.294584291823365 ; sf = 942.261420685795
      k =  100 ; sb/Sb = 0 ; sb = 0
      k =   99 ; sb/Sb = 0.0792555767678131 ; sb = 219.317121994613
      k =   98 ; sb/Sb = 0.194102133653314 ; sb = 537.122093636027
      k =   97 ; sb/Sb = 0.303831470152492 ; sb = 840.766622649807
      Creating new point: f = 0.915727383176188
    i = 105 ; sf/Sf = 0.399678164723341 ; sf = 1278.41614696523
      k =  100 ; sb/Sb = 0 ; sb = 0
      k =   99 ; sb/Sb = 0.0792555767678131 ; sb = 219.317121994613
      k =   98 ; sb/Sb = 0.194102133653314 ; sb = 537.122093636027
      k =   97 ; sb/Sb = 0.303831470152492 ; sb = 840.766622649807
      k =   96 ; sb/Sb = 0.411275781123126 ; sb = 1138.08799759618
      Creating new point: f = 0.892059278941679
    i = 106 ; sf/Sf = 0.520478483126876 ; sf = 1664.80972869246
      k =  100 ; sb/Sb = 0 ; sb = 0
      k =   99 ; sb/Sb = 0.0792555767678131 ; sb = 219.317121994613
      k =   98 ; sb/Sb = 0.194102133653314 ; sb = 537.122093636027
      k =   97 ; sb/Sb = 0.303831470152492 ; sb = 840.766622649807
      k =   96 ; sb/Sb = 0.411275781123126 ; sb = 1138.08799759618
      k =   95 ; sb/Sb = 0.499498496875991 ; sb = 1382.21910991085
      k =   94 ; sb/Sb = 0.635530852220281 ; sb = 1758.64971440523
      Creating new point: f = 0.154227912894584
    i = 107 ; sf/Sf = 0.651971318936482 ; sf = 2085.40454558872
      k =  100 ; sb/Sb = 0 ; sb = 0
      k =   99 ; sb/Sb = 0.0792555767678131 ; sb = 219.317121994613
      k =   98 ; sb/Sb = 0.194102133653314 ; sb = 537.122093636027
      k =   97 ; sb/Sb = 0.303831470152492 ; sb = 840.766622649807
      k =   96 ; sb/Sb = 0.411275781123126 ; sb = 1138.08799759618
      k =   95 ; sb/Sb = 0.499498496875991 ; sb = 1382.21910991085
      k =   94 ; sb/Sb = 0.635530852220281 ; sb = 1758.64971440523
      k =   93 ; sb/Sb = 0.772900636477404 ; sb = 2138.78127058019
      Creating new point: f = 0.119680370797029
    i = 108 ; sf/Sf = 0.75009103671573 ; sf = 2399.25164211823
      k =  100 ; sb/Sb = 0 ; sb = 0
      k =   99 ; sb/Sb = 0.0792555767678131 ; sb = 219.317121994613
      k =   98 ; sb/Sb = 0.194102133653314 ; sb = 537.122093636027
      k =   97 ; sb/Sb = 0.303831470152492 ; sb = 840.766622649807
      k =   96 ; sb/Sb = 0.411275781123126 ; sb = 1138.08799759618
      k =   95 ; sb/Sb = 0.499498496875991 ; sb = 1382.21910991085
      k =   94 ; sb/Sb = 0.635530852220281 ; sb = 1758.64971440523
      k =   93 ; sb/Sb = 0.772900636477404 ; sb = 2138.78127058019
      Creating new point: f = 0.833954752968232
    i = 1 ; sf/Sf = 0.809034445549485 ; sf = 2587.78885095576
      k =  100 ; sb/Sb = 0 ; sb = 0
      k =   99 ; sb/Sb = 0.0792555767678131 ; sb = 219.317121994613
      k =   98 ; sb/Sb = 0.194102133653314 ; sb = 537.122093636027
      k =   97 ; sb/Sb = 0.303831470152492 ; sb = 840.766622649807
      k =   96 ; sb/Sb = 0.411275781123126 ; sb = 1138.08799759618
      k =   95 ; sb/Sb = 0.499498496875991 ; sb = 1382.21910991085
      k =   94 ; sb/Sb = 0.635530852220281 ; sb = 1758.64971440523
      k =   93 ; sb/Sb = 0.772900636477404 ; sb = 2138.78127058019
      k =   92 ; sb/Sb = 0.830038934111724 ; sb = 2296.89515358861
      Creating new point: f = 0.632392118213497
    i = 2 ; sf/Sf = 0.824666216380608 ; sf = 2637.78885095576
      k =  100 ; sb/Sb = 0 ; sb = 0
      k =   99 ; sb/Sb = 0.0792555767678131 ; sb = 219.317121994613
      k =   98 ; sb/Sb = 0.194102133653314 ; sb = 537.122093636027
      k =   97 ; sb/Sb = 0.303831470152492 ; sb = 840.766622649807
      k =   96 ; sb/Sb = 0.411275781123126 ; sb = 1138.08799759618
      k =   95 ; sb/Sb = 0.499498496875991 ; sb = 1382.21910991085
      k =   94 ; sb/Sb = 0.635530852220281 ; sb = 1758.64971440523
      k =   93 ; sb/Sb = 0.772900636477404 ; sb = 2138.78127058019
      k =   92 ; sb/Sb = 0.830038934111724 ; sb = 2296.89515358861
      Creating new point: f = 0.905969936915138
    i = 3 ; sf/Sf = 0.869100057709928 ; sf = 2779.91555499128
      k =  100 ; sb/Sb = 0 ; sb = 0
      k =   99 ; sb/Sb = 0.0792555767678131 ; sb = 219.317121994613
      k =   98 ; sb/Sb = 0.194102133653314 ; sb = 537.122093636027
      k =   97 ; sb/Sb = 0.303831470152492 ; sb = 840.766622649807
      k =   96 ; sb/Sb = 0.411275781123126 ; sb = 1138.08799759618
      k =   95 ; sb/Sb = 0.499498496875991 ; sb = 1382.21910991085
      k =   94 ; sb/Sb = 0.635530852220281 ; sb = 1758.64971440523
      k =   93 ; sb/Sb = 0.772900636477404 ; sb = 2138.78127058019
      k =   92 ; sb/Sb = 0.830038934111724 ; sb = 2296.89515358861
      k =   91 ; sb/Sb = 0.92727482009917 ; sb = 2565.96763453008
      Creating new point: f = 0.401715099333249
    i = 4 ; sf/Sf = 0.942352877550501 ; sf = 3014.22304526848
      k =  100 ; sb/Sb = 0 ; sb = 0
      k =   99 ; sb/Sb = 0.0792555767678131 ; sb = 219.317121994613
      k =   98 ; sb/Sb = 0.194102133653314 ; sb = 537.122093636027
      k =   97 ; sb/Sb = 0.303831470152492 ; sb = 840.766622649807
      k =   96 ; sb/Sb = 0.411275781123126 ; sb = 1138.08799759618
      k =   95 ; sb/Sb = 0.499498496875991 ; sb = 1382.21910991085
      k =   94 ; sb/Sb = 0.635530852220281 ; sb = 1758.64971440523
      k =   93 ; sb/Sb = 0.772900636477404 ; sb = 2138.78127058019
      k =   92 ; sb/Sb = 0.830038934111724 ; sb = 2296.89515358861
      k =   91 ; sb/Sb = 0.92727482009917 ; sb = 2565.96763453008
      k =   90 ; sb/Sb = 1 ; sb = 2767.21375250506
      Creating new point: f = 0.20732925613785
Tear 3 : Sf = 1899.14016469303 ; Sb = 2967.16187214677
  Forwards path
    i = 25 ; sf/Sf = 0.191668577828674 ; sf = 364.005494464026
      k =   24 ; sb/Sb = 0 ; sb = 0
      k =  288 ; sb/Sb = 0.0989061684067324 ; sb = 293.470611816584
      k =   23 ; sb/Sb = 0.197812336813465 ; sb = 586.941223633168
      Creating new point: f = 0.937882954281213
    i = 26 ; sf/Sf = 0.400306287930089 ; sf = 760.237749587205
      k =   24 ; sb/Sb = 0 ; sb = 0
      k =  288 ; sb/Sb = 0.0989061684067324 ; sb = 293.470611816584
      k =   23 ; sb/Sb = 0.197812336813465 ; sb = 586.941223633168
      k =   22 ; sb/Sb = 0.3834501947704 ; sb = 1137.75879778998
      k =   21 ; sb/Sb = 0.525159996577861 ; sb = 1558.23471862256
      Creating new point: f = 0.118947969333776
    i = 27 ; sf/Sf = 0.594561215382253 ; sf = 1129.15508450114
      k =   24 ; sb/Sb = 0 ; sb = 0
      k =  288 ; sb/Sb = 0.0989061684067324 ; sb = 293.470611816584
      k =   23 ; sb/Sb = 0.197812336813465 ; sb = 586.941223633168
      k =   22 ; sb/Sb = 0.3834501947704 ; sb = 1137.75879778998
      k =   21 ; sb/Sb = 0.525159996577861 ; sb = 1558.23471862256
      k =   20 ; sb/Sb = 0.647838000053507 ; sb = 1922.24021308658
      Creating new point: f = 0.56571852196934
    i = 28 ; sf/Sf = 0.752351823388204 ; sf = 1428.82156577657
      k =   24 ; sb/Sb = 0 ; sb = 0
      k =  288 ; sb/Sb = 0.0989061684067324 ; sb = 293.470611816584
      k =   23 ; sb/Sb = 0.197812336813465 ; sb = 586.941223633168
      k =   22 ; sb/Sb = 0.3834501947704 ; sb = 1137.75879778998
      k =   21 ; sb/Sb = 0.525159996577861 ; sb = 1558.23471862256
      k =   20 ; sb/Sb = 0.647838000053507 ; sb = 1922.24021308658
      k =   19 ; sb/Sb = 0.748041961872164 ; sb = 2219.56158803295
      k =   18 ; sb/Sb = 0.846473274323242 ; sb = 2511.62322536316
      Creating new point: f = 0.0437854724143953
    i = 29 ; sf/Sf = 0.894033035730404 ; sf = 1697.89404671805
      k =   24 ; sb/Sb = 0 ; sb = 0
      k =  288 ; sb/Sb = 0.0989061684067324 ; sb = 293.470611816584
      k =   23 ; sb/Sb = 0.197812336813465 ; sb = 586.941223633168
      k =   22 ; sb/Sb = 0.3834501947704 ; sb = 1137.75879778998
      k =   21 ; sb/Sb = 0.525159996577861 ; sb = 1558.23471862256
      k =   20 ; sb/Sb = 0.647838000053507 ; sb = 1922.24021308658
      k =   19 ; sb/Sb = 0.748041961872164 ; sb = 2219.56158803295
      k =   18 ; sb/Sb = 0.846473274323242 ; sb = 2511.62322536316
      k =   17 ; sb/Sb = 0.932595521033944 ; sb = 2767.16187214677
      Creating new point: f = 0.552235493425088
Tear 4 : Sf = 1335.49876612947 ; Sb = 1605.22603308395
  Forwards path
    i = 46 ; sf/Sf = 0.0603688895322945 ; sf = 80.6225774829855
      k =   45 ; sb/Sb = 0 ; sb = 0
      k =   44 ; sb/Sb = 0.238767220338677 ; sb = 383.275357934736
      Creating new point: f = 0.252835751267133
    i = 47 ; sf/Sf = 0.0938555244017574 ; sf = 125.343937032981
      k =   45 ; sb/Sb = 0 ; sb = 0
      k =   44 ; sb/Sb = 0.238767220338677 ; sb = 383.275357934736
      Creating new point: f = 0.393083792107765
    i = 48 ; sf/Sf = 0.438377507111316 ; sf = 585.452619846075
      k =   45 ; sb/Sb = 0 ; sb = 0
      k =   44 ; sb/Sb = 0.238767220338677 ; sb = 383.275357934736
      k =   43 ; sb/Sb = 0.379314581771714 ; sb = 608.885641388306
      k =   42 ; sb/Sb = 0.435381452196866 ; sb = 698.885641388306
      k =   41 ; sb/Sb = 0.572008392873416 ; sb = 918.202763382919
      Creating new point: f = 0.021928727230615
    i = 49 ; sf/Sf = 0.796308752150253 ; sf = 1063.46935595476
      k =   45 ; sb/Sb = 0 ; sb = 0
      k =   44 ; sb/Sb = 0.238767220338677 ; sb = 383.275357934736
      k =   43 ; sb/Sb = 0.379314581771714 ; sb = 608.885641388306
      k =   42 ; sb/Sb = 0.435381452196866 ; sb = 698.885641388306
      k =   41 ; sb/Sb = 0.572008392873416 ; sb = 918.202763382919
      k =   40 ; sb/Sb = 0.69737772642973 ; sb = 1119.4488813579
      k =   39 ; sb/Sb = 0.776668254984796 ; sb = 1246.72810197148
      k =   38 ; sb/Sb = 0.820275820871026 ; sb = 1316.72810197148
      Creating new point: f = 0.450391962181467
Tear 1 : Sf = 3429.72005447224 ; Sb = 3257.69898939561
  Backwards path
    i = 66 ; sf/Sf = 0.0770316212624858 ; sf = 264.196896272458
      k =   67 ; sb/Sb = 0 ; sb = 0
      k =   68 ; sb/Sb = 0.132244626029948 ; sb = 430.81318457076
      Creating new point: f = 0.582493395573151
    i = 65 ; sf/Sf = 0.146581673467617 ; sf = 502.734105109989
      k =   67 ; sb/Sb = 0 ; sb = 0
      k =   68 ; sb/Sb = 0.132244626029948 ; sb = 430.81318457076
      k =   69 ; sb/Sb = 0.175872568482018 ; sb = 572.939888606279
      Creating new point: f = 0.328620756145454
    i = 64 ; sf/Sf = 0.213133532098945 ; sf = 730.988349320256
      k =   67 ; sb/Sb = 0 ; sb = 0
      k =   68 ; sb/Sb = 0.132244626029948 ; sb = 430.81318457076
      k =   69 ; sb/Sb = 0.175872568482018 ; sb = 572.939888606279
      k =   70 ; sb/Sb = 0.243404897502022 ; sb = 792.939888606279
      Creating new point: f = 0.551750015994409
    i = 63 ; sf/Sf = 0.271738173069663 ; sf = 931.985861742674
      k =   67 ; sb/Sb = 0 ; sb = 0
      k =   68 ; sb/Sb = 0.132244626029948 ; sb = 430.81318457076
      k =   69 ; sb/Sb = 0.175872568482018 ; sb = 572.939888606279
      k =   70 ; sb/Sb = 0.243404897502022 ; sb = 792.939888606279
      k =   71 ; sb/Sb = 0.297101865028728 ; sb = 967.868445451638
      Creating new point: f = 0.527651315757251
    i = 62 ; sf/Sf = 0.333244718136576 ; sf = 1142.93609283996
      k =   67 ; sb/Sb = 0 ; sb = 0
      k =   68 ; sb/Sb = 0.132244626029948 ; sb = 430.81318457076
      k =   69 ; sb/Sb = 0.175872568482018 ; sb = 572.939888606279
      k =   70 ; sb/Sb = 0.243404897502022 ; sb = 792.939888606279
      k =   71 ; sb/Sb = 0.297101865028728 ; sb = 967.868445451638
      k =   72 ; sb/Sb = 0.360384348140875 ; sb = 1174.02372673252
      Creating new point: f = 0.571135191452529
    i = 61 ; sf/Sf = 0.384165052505558 ; sf = 1317.57858480569
      k =   67 ; sb/Sb = 0 ; sb = 0
      k =   68 ; sb/Sb = 0.132244626029948 ; sb = 430.81318457076
      k =   69 ; sb/Sb = 0.175872568482018 ; sb = 572.939888606279
      k =   70 ; sb/Sb = 0.243404897502022 ; sb = 792.939888606279
      k =   71 ; sb/Sb = 0.297101865028728 ; sb = 967.868445451638
      k =   72 ; sb/Sb = 0.360384348140875 ; sb = 1174.02372673252
      k =   73 ; sb/Sb = 0.445674266176103 ; sb = 1451.87260652152
      Creating new point: f = 0.278821986378983
    i = 60 ; sf/Sf = 0.510081002138431 ; sf = 1749.43504243948
      k =   67 ; sb/Sb = 0 ; sb = 0
      k =   68 ; sb/Sb = 0.132244626029948 ; sb = 430.81318457076
      k =   69 ; sb/Sb = 0.175872568482018 ; sb = 572.939888606279
      k =   70 ; sb/Sb = 0.243404897502022 ; sb = 792.939888606279
      k =   71 ; sb/Sb = 0.297101865028728 ; sb = 967.868445451638
      k =   72 ; sb/Sb = 0.360384348140875 ; sb = 1174.02372673252
      k =   73 ; sb/Sb = 0.445674266176103 ; sb = 1451.87260652152
      k =   74 ; sb/Sb = 0.549544662862615 ; sb = 1790.25109283529
      Creating new point: f = 0.620068258299928
    i = 59 ; sf/Sf = 0.579631054343563 ; sf = 1987.97225127701
      k =   67 ; sb/Sb = 0 ; sb = 0
      k =   68 ; sb/Sb = 0.132244626029948 ; sb = 430.81318457076
      k =   69 ; sb/Sb = 0.175872568482018 ; sb = 572.939888606279
      k =   70 ; sb/Sb = 0.243404897502022 ; sb = 792.939888606279
      k =   71 ; sb/Sb = 0.297101865028728 ; sb = 967.868445451638
      k =   72 ; sb/Sb = 0.360384348140875 ; sb = 1174.02372673252
      k =   73 ; sb/Sb = 0.445674266176103 ; sb = 1451.87260652152
      k =   74 ; sb/Sb = 0.549544662862615 ; sb = 1790.25109283529
      k =   75 ; sb/Sb = 0.647051401367115 ; sb = 2107.89869632066
      Creating new point: f = 0.308557048901383
    i = 58 ; sf/Sf = 0.785842691786464 ; sf = 2695.22043968049
      k =   67 ; sb/Sb = 0 ; sb = 0
      k =   68 ; sb/Sb = 0.132244626029948 ; sb = 430.81318457076
      k =   69 ; sb/Sb = 0.175872568482018 ; sb = 572.939888606279
      k =   70 ; sb/Sb = 0.243404897502022 ; sb = 792.939888606279
      k =   71 ; sb/Sb = 0.297101865028728 ; sb = 967.868445451638
      k =   72 ; sb/Sb = 0.360384348140875 ; sb = 1174.02372673252
      k =   73 ; sb/Sb = 0.445674266176103 ; sb = 1451.87260652152
      k =   74 ; sb/Sb = 0.549544662862615 ; sb = 1790.25109283529
      k =   75 ; sb/Sb = 0.647051401367115 ; sb = 2107.89869632066
      k =   76 ; sb/Sb = 0.660074828948761 ; sb = 2150.32510319185
      k =   77 ; sb/Sb = 0.768950129636123 ; sb = 2505.00806021122
      k =   78 ; sb/Sb = 0.868560196695131 ; sb = 2829.50767500298
      Creating new point: f = 0.169586896677154
    i = 57 ; sf/Sf = 0.905385976220239 ; sf = 3105.22043968049
      k =   67 ; sb/Sb = 0 ; sb = 0
      k =   68 ; sb/Sb = 0.132244626029948 ; sb = 430.81318457076
      k =   69 ; sb/Sb = 0.175872568482018 ; sb = 572.939888606279
      k =   70 ; sb/Sb = 0.243404897502022 ; sb = 792.939888606279
      k =   71 ; sb/Sb = 0.297101865028728 ; sb = 967.868445451638
      k =   72 ; sb/Sb = 0.360384348140875 ; sb = 1174.02372673252
      k =   73 ; sb/Sb = 0.445674266176103 ; sb = 1451.87260652152
      k =   74 ; sb/Sb = 0.549544662862615 ; sb = 1790.25109283529
      k =   75 ; sb/Sb = 0.647051401367115 ; sb = 2107.89869632066
      k =   76 ; sb/Sb = 0.660074828948761 ; sb = 2150.32510319185
      k =   77 ; sb/Sb = 0.768950129636123 ; sb = 2505.00806021122
      k =   78 ; sb/Sb = 0.868560196695131 ; sb = 2829.50767500298
      k =   79 ; sb/Sb = 0.936717516887854 ; sb = 3051.54370811472
      Creating new point: f = 0.540305566899914
Tear 2 : Sf = 2767.21375250506 ; Sb = 3198.61393441433
  Backwards path
    i = 99 ; sf/Sf = 0.0792555767678131 ; sf = 219.317121994613
      k =  100 ; sb/Sb = 0 ; sb = 0
      k =  101 ; sb/Sb = 0.0694163277170866 ; sb = 222.036033111745
      k =  102 ; sb/Sb = 0.11835151077901 ; sb = 378.56079153673
      Creating new point: f = 0.201066971350156
    i = 98 ; sf/Sf = 0.194102133653314 ; sf = 537.122093636027
      k =  100 ; sb/Sb = 0 ; sb = 0
      k =  101 ; sb/Sb = 0.0694163277170866 ; sb = 222.036033111745
      k =  102 ; sb/Sb = 0.11835151077901 ; sb = 378.56079153673
      k =  103 ; sb/Sb = 0.186917810586233 ; sb = 597.877913531344
      k =  104 ; sb/Sb = 0.294584291823365 ; sb = 942.261420685795
      Creating new point: f = 0.066727573749328
    i = 97 ; sf/Sf = 0.303831470152492 ; sf = 840.766622649807
      k =  100 ; sb/Sb = 0 ; sb = 0
      k =  101 ; sb/Sb = 0.0694163277170866 ; sb = 222.036033111745
      k =  102 ; sb/Sb = 0.11835151077901 ; sb = 378.56079153673
      k =  103 ; sb/Sb = 0.186917810586233 ; sb = 597.877913531344
      k =  104 ; sb/Sb = 0.294584291823365 ; sb = 942.261420685795
      k =  105 ; sb/Sb = 0.399678164723341 ; sb = 1278.41614696523
      Creating new point: f = 0.0879896998174896
    i = 96 ; sf/Sf = 0.411275781123126 ; sf = 1138.08799759618
      k =  100 ; sb/Sb = 0 ; sb = 0
      k =  101 ; sb/Sb = 0.0694163277170866 ; sb = 222.036033111745
      k =  102 ; sb/Sb = 0.11835151077901 ; sb = 378.56079153673
      k =  103 ; sb/Sb = 0.186917810586233 ; sb = 597.877913531344
      k =  104 ; sb/Sb = 0.294584291823365 ; sb = 942.261420685795
      k =  105 ; sb/Sb = 0.399678164723341 ; sb = 1278.41614696523
      k =  106 ; sb/Sb = 0.520478483126876 ; sb = 1664.80972869246
      Creating new point: f = 0.0960065052232956
    i = 95 ; sf/Sf = 0.499498496875991 ; sf = 1382.21910991085
      k =  100 ; sb/Sb = 0 ; sb = 0
      k =  101 ; sb/Sb = 0.0694163277170866 ; sb = 222.036033111745
      k =  102 ; sb/Sb = 0.11835151077901 ; sb = 378.56079153673
      k =  103 ; sb/Sb = 0.186917810586233 ; sb = 597.877913531344
      k =  104 ; sb/Sb = 0.294584291823365 ; sb = 942.261420685795
      k =  105 ; sb/Sb = 0.399678164723341 ; sb = 1278.41614696523
      k =  106 ; sb/Sb = 0.520478483126876 ; sb = 1664.80972869246
      Creating new point: f = 0.82632507489922
    i = 94 ; sf/Sf = 0.635530852220281 ; sf = 1758.64971440523
      k =  100 ; sb/Sb = 0 ; sb = 0
      k =  101 ; sb/Sb = 0.0694163277170866 ; sb = 222.036033111745
      k =  102 ; sb/Sb = 0.11835151077901 ; sb = 378.56079153673
      k =  103 ; sb/Sb = 0.186917810586233 ; sb = 597.877913531344
      k =  104 ; sb/Sb = 0.294584291823365 ; sb = 942.261420685795
      k =  105 ; sb/Sb = 0.399678164723341 ; sb = 1278.41614696523
      k =  106 ; sb/Sb = 0.520478483126876 ; sb = 1664.80972869246
      k =  107 ; sb/Sb = 0.651971318936482 ; sb = 2085.40454558872
      Creating new point: f = 0.874970627753398
    i = 93 ; sf/Sf = 0.772900636477404 ; sf = 2138.78127058019
      k =  100 ; sb/Sb = 0 ; sb = 0
      k =  101 ; sb/Sb = 0.0694163277170866 ; sb = 222.036033111745
      k =  102 ; sb/Sb = 0.11835151077901 ; sb = 378.56079153673
      k =  103 ; sb/Sb = 0.186917810586233 ; sb = 597.877913531344
      k =  104 ; sb/Sb = 0.294584291823365 ; sb = 942.261420685795
      k =  105 ; sb/Sb = 0.399678164723341 ; sb = 1278.41614696523
      k =  106 ; sb/Sb = 0.520478483126876 ; sb = 1664.80972869246
      k =  107 ; sb/Sb = 0.651971318936482 ; sb = 2085.40454558872
      k =  108 ; sb/Sb = 0.75009103671573 ; sb = 2399.25164211823
      k =    1 ; sb/Sb = 0.809034445549485 ; sb = 2587.78885095576
      Creating new point: f = 0.386974561074454
    i = 92 ; sf/Sf = 0.830038934111724 ; sf = 2296.89515358861
      k =  100 ; sb/Sb = 0 ; sb = 0
      k =  101 ; sb/Sb = 0.0694163277170866 ; sb = 222.036033111745
      k =  102 ; sb/Sb = 0.11835151077901 ; sb = 378.56079153673
      k =  103 ; sb/Sb = 0.186917810586233 ; sb = 597.877913531344
      k =  104 ; sb/Sb = 0.294584291823365 ; sb = 942.261420685795
      k =  105 ; sb/Sb = 0.399678164723341 ; sb = 1278.41614696523
      k =  106 ; sb/Sb = 0.520478483126876 ; sb = 1664.80972869246
      k =  107 ; sb/Sb = 0.651971318936482 ; sb = 2085.40454558872
      k =  108 ; sb/Sb = 0.75009103671573 ; sb = 2399.25164211823
      k =    1 ; sb/Sb = 0.809034445549485 ; sb = 2587.78885095576
      k =    2 ; sb/Sb = 0.824666216380608 ; sb = 2637.78885095576
      k =    3 ; sb/Sb = 0.869100057709928 ; sb = 2779.91555499128
      Creating new point: f = 0.120914995651561
    i = 91 ; sf/Sf = 0.92727482009917 ; sf = 2565.96763453008
      k =  100 ; sb/Sb = 0 ; sb = 0
      k =  101 ; sb/Sb = 0.0694163277170866 ; sb = 222.036033111745
      k =  102 ; sb/Sb = 0.11835151077901 ; sb = 378.56079153673
      k =  103 ; sb/Sb = 0.186917810586233 ; sb = 597.877913531344
      k =  104 ; sb/Sb = 0.294584291823365 ; sb = 942.261420685795
      k =  105 ; sb/Sb = 0.399678164723341 ; sb = 1278.41614696523
      k =  106 ; sb/Sb = 0.520478483126876 ; sb = 1664.80972869246
      k =  107 ; sb/Sb = 0.651971318936482 ; sb = 2085.40454558872
      k =  108 ; sb/Sb = 0.75009103671573 ; sb = 2399.25164211823
      k =    1 ; sb/Sb = 0.809034445549485 ; sb = 2587.78885095576
      k =    2 ; sb/Sb = 0.824666216380608 ; sb = 2637.78885095576
      k =    3 ; sb/Sb = 0.869100057709928 ; sb = 2779.91555499128
      k =    4 ; sb/Sb = 0.942352877550501 ; sb = 3014.22304526848
      Creating new point: f = 0.794164136150031
Tear 3 : Sf = 2967.16187214677 ; Sb = 1899.14016469303
  Backwards path
    i = 288 ; sf/Sf = 0.0989061684067324 ; sf = 293.470611816584
      k =   24 ; sb/Sb = 0 ; sb = 0
      k =   25 ; sb/Sb = 0.191668577828674 ; sb = 364.005494464026
      Creating new point: f = 0.516027037541549
    i = 23 ; sf/Sf = 0.197812336813465 ; sf = 586.941223633168
      k =   24 ; sb/Sb = 0 ; sb = 0
      k =   25 ; sb/Sb = 0.191668577828674 ; sb = 364.005494464026
      k =   26 ; sb/Sb = 0.400306287930089 ; sb = 760.237749587205
      Creating new point: f = 0.0294470207797272
    i = 22 ; sf/Sf = 0.3834501947704 ; sf = 1137.75879778998
      k =   24 ; sb/Sb = 0 ; sb = 0
      k =   25 ; sb/Sb = 0.191668577828674 ; sb = 364.005494464026
      k =   26 ; sb/Sb = 0.400306287930089 ; sb = 760.237749587205
      Creating new point: f = 0.919208789477723
    i = 21 ; sf/Sf = 0.525159996577861 ; sf = 1558.23471862256
      k =   24 ; sb/Sb = 0 ; sb = 0
      k =   25 ; sb/Sb = 0.191668577828674 ; sb = 364.005494464026
      k =   26 ; sb/Sb = 0.400306287930089 ; sb = 760.237749587205
      k =   27 ; sb/Sb = 0.594561215382253 ; sb = 1129.15508450114
      Creating new point: f = 0.642731230992931
    i = 20 ; sf/Sf = 0.647838000053507 ; sf = 1922.24021308658
      k =   24 ; sb/Sb = 0 ; sb = 0
      k =   25 ; sb/Sb = 0.191668577828674 ; sb = 364.005494464026
      k =   26 ; sb/Sb = 0.400306287930089 ; sb = 760.237749587205
      k =   27 ; sb/Sb = 0.594561215382253 ; sb = 1129.15508450114
      k =   28 ; sb/Sb = 0.752351823388204 ; sb = 1428.82156577657
      Creating new point: f = 0.337642305486553
    i = 19 ; sf/Sf = 0.748041961872164 ; sf = 2219.56158803295
      k =   24 ; sb/Sb = 0 ; sb = 0
      k =   25 ; sb/Sb = 0.191668577828674 ; sb = 364.005494464026
      k =   26 ; sb/Sb = 0.400306287930089 ; sb = 760.237749587205
      k =   27 ; sb/Sb = 0.594561215382253 ; sb = 1129.15508450114
      k =   28 ; sb/Sb = 0.752351823388204 ; sb = 1428.82156577657
      Creating new point: f = 0.972686197420082
    i = 18 ; sf/Sf = 0.846473274323242 ; sf = 2511.62322536316
      k =   24 ; sb/Sb = 0 ; sb = 0
      k =   25 ; sb/Sb = 0.191668577828674 ; sb = 364.005494464026
      k =   26 ; sb/Sb = 0.400306287930089 ; sb = 760.237749587205
      k =   27 ; sb/Sb = 0.594561215382253 ; sb = 1129.15508450114
      k =   28 ; sb/Sb = 0.752351823388204 ; sb = 1428.82156577657
      k =   29 ; sb/Sb = 0.894033035730404 ; sb = 1697.89404671805
      Creating new point: f = 0.664318503343326
    i = 17 ; sf/Sf = 0.932595521033944 ; sf = 2767.16187214677
      k =   24 ; sb/Sb = 0 ; sb = 0
      k =   25 ; sb/Sb = 0.191668577828674 ; sb = 364.005494464026
      k =   26 ; sb/Sb = 0.400306287930089 ; sb = 760.237749587205
      k =   27 ; sb/Sb = 0.594561215382253 ; sb = 1129.15508450114
      k =   28 ; sb/Sb = 0.752351823388204 ; sb = 1428.82156577657
      k =   29 ; sb/Sb = 0.894033035730404 ; sb = 1697.89404671805
      k =   30 ; sb/Sb = 1 ; sb = 1899.14016469303
      Creating new point: f = 0.363910446707063
Tear 4 : Sf = 1605.22603308395 ; Sb = 1335.49876612947
  Backwards path
    i = 44 ; sf/Sf = 0.238767220338677 ; sf = 383.275357934736
      k =   45 ; sb/Sb = 0 ; sb = 0
      k =   46 ; sb/Sb = 0.0603688895322945 ; sb = 80.6225774829855
      k =   47 ; sb/Sb = 0.0938555244017574 ; sb = 125.343937032981
      k =   48 ; sb/Sb = 0.438377507111316 ; sb = 585.452619846075
      Creating new point: f = 0.420616689818264
    i = 43 ; sf/Sf = 0.379314581771714 ; sf = 608.885641388306
      k =   45 ; sb/Sb = 0 ; sb = 0
      k =   46 ; sb/Sb = 0.0603688895322945 ; sb = 80.6225774829855
      k =   47 ; sb/Sb = 0.0938555244017574 ; sb = 125.343937032981
      k =   48 ; sb/Sb = 0.438377507111316 ; sb = 585.452619846075
      Creating new point: f = 0.828565582738464
    i = 42 ; sf/Sf = 0.435381452196866 ; sf = 698.885641388306
      k =   45 ; sb/Sb = 0 ; sb = 0
      k =   46 ; sb/Sb = 0.0603688895322945 ; sb = 80.6225774829855
      k =   47 ; sb/Sb = 0.0938555244017574 ; sb = 125.343937032981
      k =   48 ; sb/Sb = 0.438377507111316 ; sb = 585.452619846075
      Creating new point: f = 0.991303733680834
    i = 41 ; sf/Sf = 0.572008392873416 ; sf = 918.202763382919
      k =   45 ; sb/Sb = 0 ; sb = 0
      k =   46 ; sb/Sb = 0.0603688895322945 ; sb = 80.6225774829855
      k =   47 ; sb/Sb = 0.0938555244017574 ; sb = 125.343937032981
      k =   48 ; sb/Sb = 0.438377507111316 ; sb = 585.452619846075
      k =   49 ; sb/Sb = 0.796308752150253 ; sb = 1063.46935595476
      Creating new point: f = 0.37334233212181
    i = 40 ; sf/Sf = 0.69737772642973 ; sf = 1119.4488813579
      k =   45 ; sb/Sb = 0 ; sb = 0
      k =   46 ; sb/Sb = 0.0603688895322945 ; sb = 80.6225774829855
      k =   47 ; sb/Sb = 0.0938555244017574 ; sb = 125.343937032981
      k =   48 ; sb/Sb = 0.438377507111316 ; sb = 585.452619846075
      k =   49 ; sb/Sb = 0.796308752150253 ; sb = 1063.46935595476
      Creating new point: f = 0.723603269924756
    i = 39 ; sf/Sf = 0.776668254984796 ; sf = 1246.72810197148
      k =   45 ; sb/Sb = 0 ; sb = 0
      k =   46 ; sb/Sb = 0.0603688895322945 ; sb = 80.6225774829855
      k =   47 ; sb/Sb = 0.0938555244017574 ; sb = 125.343937032981
      k =   48 ; sb/Sb = 0.438377507111316 ; sb = 585.452619846075
      k =   49 ; sb/Sb = 0.796308752150253 ; sb = 1063.46935595476
      Creating new point: f = 0.945127737693533
    i = 38 ; sf/Sf = 0.820275820871026 ; sf = 1316.72810197148
      k =   45 ; sb/Sb = 0 ; sb = 0
      k =   46 ; sb/Sb = 0.0603688895322945 ; sb = 80.6225774829855
      k =   47 ; sb/Sb = 0.0938555244017574 ; sb = 125.343937032981
      k =   48 ; sb/Sb = 0.438377507111316 ; sb = 585.452619846075
      k =   49 ; sb/Sb = 0.796308752150253 ; sb = 1063.46935595476
      k =   50 ; sb/Sb = 1 ; sb = 1335.49876612947
      Creating new point: f = 0.117663713948341
    i = 37 ; sf/Sf = 0.901500548988324 ; sf = 1447.11215007553
      k =   45 ; sb/Sb = 0 ; sb = 0
      k =   46 ; sb/Sb = 0.0603688895322945 ; sb = 80.6225774829855
      k =   47 ; sb/Sb = 0.0938555244017574 ; sb = 125.343937032981
      k =   48 ; sb/Sb = 0.438377507111316 ; sb = 585.452619846075
      k =   49 ; sb/Sb = 0.796308752150253 ; sb = 1063.46935595476
      k =   50 ; sb/Sb = 1 ; sb = 1335.49876612947
      Creating new point: f = 0.516427671529933
Triangulating...
[1] "Non-adjacent points in rim connected by line: 470 469"
[1] "In triangle: 326" "In triangle: 328"
[1] "Other points in triangles: 57 218"
Merging points...
Projecting to sphere...
Optimising mapping with FIRE...
E =  0.00444 | E_L =  0.00444 | E_A =  0.00000 |   0 flippped triangles
E =  0.00349 | E_L =  0.00349 | E_A =  0.00000 |  53 flippped triangles
        phi0    phi0.1    phi0.2    phi0.3    phi0.4    phi0.5    phi0.6
id     58.00   155.000   251.000    284.00    286.00   299.000   302.000
A   15759.07  3543.744  4079.038  24243.32  17904.09  6918.304  7022.721
a  -13265.06 -3075.002 -3486.455 -24360.38 -12970.71 -7115.175 -2209.144
      phi0.7    phi0.8    phi0.9   phi0.10    phi0.11   phi0.12   phi0.13
id    313.00   314.000    325.00   326.000   328.0000    375.00    380.00
A   21908.14  4521.195  24139.33  5662.056 11798.2150  10474.95  14052.81
a  -14135.37 -3656.810 -19747.61 -4358.324  -149.1793 -10804.45 -13462.52
     phi0.14   phi0.15   phi0.16   phi0.17   phi0.18   phi0.19   phi0.20
id   383.000   384.000    393.00    397.00   426.000   435.000    474.00
A  10243.433  3695.140  25863.52  38250.14 34606.705 33843.827  32730.56
a  -8911.893 -3604.372 -21360.05 -22856.10 -2854.498 -8351.862 -16650.05
     phi0.21   phi0.22   phi0.23   phi0.24   phi0.25   phi0.26   phi0.27
id   479.000    487.00   501.000  736.0000    761.00    770.00   816.000
A   3847.806  12833.55  7246.903  220.2693  42667.07  67945.16  3891.887
a  -1961.063 -12750.18 -6773.532 -182.7803 -16097.80 -11490.66 -3839.760
     phi0.28  phi0.29   phi0.30    phi0.31   phi0.32   phi0.33   phi0.34
id    818.00   821.00   822.000   826.0000    837.00    840.00    841.00
A   21886.23 47727.47  4062.500   973.7204  44111.07  53064.56  53351.74
a  -22842.56 -2023.45 -4337.788 -1175.9883 -11399.58 -63666.97 -47561.14
     phi0.35   phi0.36   phi0.37   phi0.38   phi0.39   phi0.40   phi0.41
id    842.00    844.00    852.00   862.000  865.0000   867.000    870.00
A   64547.71  16841.94  40572.04  1211.619  992.8961  1389.549  60364.80
a  -35166.87 -19263.67 -41787.45 -1364.312 -971.1125 -1368.477 -75874.89
     phi0.42   phi0.43   phi0.44   phi0.45   phi0.46   phi0.47   phi0.48
id    883.00 895.00000   900.000    901.00   921.000   928.000    931.00
A   37666.48 183.36955  2815.733  26088.64  1380.298  3369.312  30294.00
a  -18614.93 -39.92387 -4013.622 -19953.49 -1547.408 -2541.846 -30041.16
     phi0.49    phi0.50   phi0.51   phi0.52
id  933.0000  972.00000  1002.000   1003.00
A   447.6058   90.23718  5386.001  11522.16
a  -118.9086 -112.80176 -4748.672 -10642.01
E =  0.00334 | E_L =  0.00334 | E_A =  0.00000 |  45 flippped triangles
        phi0    phi0.1    phi0.2    phi0.3    phi0.4    phi0.5     phi0.6
id     58.00   155.000   251.000    284.00   286.000   299.000  302.00000
A   15759.07  3543.744  4079.038  24243.32 17904.086  6918.304 7022.72090
a  -13762.51 -2493.066 -3513.759 -19672.62 -9973.308 -7161.815  -98.32342
      phi0.7    phi0.8    phi0.9   phi0.10   phi0.11   phi0.12   phi0.13
id    313.00   314.000    325.00   326.000   375.000    380.00   383.000
A   21908.14  4521.195  24139.33  5662.056 10474.946  14052.81 10243.433
a  -17816.09 -3785.455 -14003.09 -4520.900 -9182.227 -12184.16 -9561.192
     phi0.14   phi0.15   phi0.16   phi0.17   phi0.18   phi0.19   phi0.20
id   384.000   393.000   397.000   474.000   487.000   501.000  736.0000
A   3695.140 25863.521 38250.137 32730.556 12833.549  7246.903  220.2693
a  -3840.695 -9214.941 -7892.213 -8463.302 -9198.593 -6723.620 -171.7760
     phi0.21   phi0.22   phi0.23    phi0.24   phi0.25   phi0.26   phi0.27
id   816.000    818.00   822.000   826.0000   837.000    840.00    841.00
A   3891.887  21886.23  4062.500   973.7204 44111.071  53064.56  53351.74
a  -4029.507 -22029.70 -3997.098 -1006.0427 -5978.629 -50961.08 -45252.38
     phi0.28   phi0.29   phi0.30   phi0.31   phi0.32   phi0.33  phi0.34
id    842.00    844.00    852.00   862.000  865.0000   867.000    870.0
A   64547.71  16841.94  40572.04  1211.619  992.8961  1389.549  60364.8
a  -20665.30 -18814.02 -38183.86 -1142.513 -757.6893 -1325.304 -63872.9
     phi0.35   phi0.36   phi0.37   phi0.38   phi0.39   phi0.40   phi0.41
id    883.00   900.000    901.00   921.000   928.000    931.00  933.0000
A   37666.48  2815.733  26088.64  1380.298  3369.312  30294.00  447.6058
a  -19206.29 -3558.917 -16646.89 -1751.464 -2571.317 -25366.43 -352.3529
      phi0.42   phi0.43   phi0.44
id  972.00000  1002.000  1003.000
A    90.23718  5386.001 11522.160
a  -108.97547 -5015.417 -9310.976
E =  0.00333 | E_L =  0.00333 | E_A =  0.00000 |  45 flippped triangles
        phi0    phi0.1    phi0.2    phi0.3    phi0.4    phi0.5    phi0.6
id     58.00   155.000   251.000    284.00    286.00   299.000  302.0000
A   15759.07  3543.744  4079.038  24243.32  17904.09  6918.304 7022.7209
a  -13676.51 -2585.414 -3336.045 -20720.47 -10737.33 -6957.016 -726.6541
      phi0.7    phi0.8    phi0.9   phi0.10   phi0.11   phi0.12   phi0.13
id    313.00   314.000    325.00   326.000   375.000    380.00   383.000
A   21908.14  4521.195  24139.33  5662.056 10474.946  14052.81 10243.433
a  -18095.69 -3607.235 -16545.32 -4564.370 -9564.246 -12392.87 -9391.067
     phi0.14   phi0.15   phi0.16   phi0.17   phi0.18   phi0.19   phi0.20
id   384.000    393.00    397.00   474.000    487.00   501.000  736.0000
A   3695.140  25863.52  38250.14 32730.556  12833.55  7246.903  220.2693
a  -3880.001 -12464.17 -10503.97 -8590.033 -10154.88 -6542.316 -173.6176
     phi0.21   phi0.22   phi0.23    phi0.24   phi0.25   phi0.26   phi0.27
id   816.000    818.00   822.000   826.0000   837.000    840.00    841.00
A   3891.887  21886.23  4062.500   973.7204 44111.071  53064.56  53351.74
a  -3920.711 -22053.62 -4101.767 -1004.0211 -3573.195 -53160.66 -44736.91
     phi0.28   phi0.29   phi0.30   phi0.31   phi0.32   phi0.33   phi0.34
id    842.00    844.00    852.00   862.000  865.0000   867.000    870.00
A   64547.71  16841.94  40572.04  1211.619  992.8961  1389.549  60364.80
a  -19574.34 -18682.37 -38325.98 -1170.857 -790.2156 -1339.536 -66002.94
     phi0.35   phi0.36   phi0.37   phi0.38   phi0.39  phi0.40   phi0.41
id    883.00   900.000    901.00   921.000   928.000    931.0  933.0000
A   37666.48  2815.733  26088.64  1380.298  3369.312  30294.0  447.6058
a  -20724.85 -3669.129 -18422.29 -1704.108 -2540.716 -28138.6 -323.8693
      phi0.42   phi0.43   phi0.44
id  972.00000  1002.000   1003.00
A    90.23718  5386.001  11522.16
a  -109.47626 -5024.817 -10042.80
FIRE:  5  stops.  0 hits of maxmove.  0 hits of dtmax.
Frms = 8.73890636635022e-06; Ftanrms = 8.73790640013604e-06
E =  0.00743 | E_L =  0.00742 | E_A =  0.00001 |   0 flippped triangles
E =  0.00471 | E_L =  0.00470 | E_A =  0.00000 |   0 flippped triangles
E =  0.00427 | E_L =  0.00427 | E_A =  0.00000 |   0 flippped triangles
E =  0.00419 | E_L =  0.00419 | E_A =  0.00000 |   0 flippped triangles
E =  0.00413 | E_L =  0.00413 | E_A =  0.00000 |   0 flippped triangles
E =  0.00412 | E_L =  0.00412 | E_A =  0.00000 |   0 flippped triangles
Optimising mapping with BFGS...
E =  0.00412 | E_L =  0.00412 | E_A =  0.00000 |   0 flippped triangles
Transforming image...
Mapping optimised. Error: 0.004124351 ; 0 flipped triangles.
Inferring coordinates of datapoints
Inferring coordinates of landmarks
Mapping optimised. Error: 0.004124351 ; 0 flipped triangles. OD displacement: 10.62468 degrees.
Computing Kernel Density estimates of datapoints

[1] 0.7
Saving adult_retina/data/CD-1/GMA253/R-CONTRA/r.mat
