[1] "Adding old segment 1"
[1] "Adding old segment 3"
[1] "Adding old segment 4"
[1] "Adding old segment 5"
[1] "Intersection found. Old points:"
   X    Y 
2260 2059 
   X    Y 
1910 1949 
   X    Y 
1910 1949 
   X    Y 
1800 1879 
[1] "Point i+1 has been changed:"
   X    Y 
2260 2059 
   X    Y 
1910 1949 
   X    Y 
1910 1949 
   X    Y 
1800 1879 
[1] "a= 0.383482494423685"
[1] "l= 130.384048104053"
[1] "New points:"
   X    Y 
2260 2059 
   X    Y 
1910 1949 
       X        Y 
1842.183 1905.844 
   X    Y 
1800 1879 
[1] "Storing new segment 1"
[1] "Adding old segment 2"
[1] "Storing new segment 2"
simplify.outline: Removing vertex 45
simplify.outline: Removing vertex 63
Triangulating...
[1] "Non-adjacent points in rim connected by line: 10 8"
[1] "In triangle: 124" "In triangle: 148"
[1] "Other points in triangles: 115 9"
[1] "Non-adjacent points in rim connected by line: 21 19"
[1] "In triangle: 133" "In triangle: 135"
[1] "Other points in triangles: 131 20"
[1] "Non-adjacent points in rim connected by line: 27 25"
[1] "In triangle: 109" "In triangle: 112"
[1] "Other points in triangles: 138 26"
[1] "Non-adjacent points in rim connected by line: 42 40"
[1] "In triangle: 25" "In triangle: 28"
[1] "Other points in triangles: 117 41"
[1] "Non-adjacent points in rim connected by line: 54 51"
[1] "In triangle: 13" "In triangle: 16"
[1] "Other points in triangles: 52 134"
[1] "Non-adjacent points in rim connected by line: 54 52"
[1] "In triangle: 11" "In triangle: 13"
[1] "Other points in triangles: 53 470"
[1] "Non-adjacent points in rim connected by line: 104 102"
[1] "In triangle: 191" "In triangle: 196"
[1] "Other points in triangles: 103 306"
[1] "Non-adjacent points in rim connected by line: 112 86"
[1] "In triangle: 98" "In triangle: 99"
[1] "Other points in triangles: 87 118"
[1] "Non-adjacent points in rim connected by line: 463 455"
[1] "In triangle: 208" "In triangle: 789"
[1] "Other points in triangles: 456 96"
Stitching...
Tear 1 child of rim
Tear 2 child of rim
Tear 3 child of rim
Tear 4 child of rim
Tear 5 child of rim
Tear 1 : Sf = 1578.70626107698 ; Sb = 1686.70067899693
  Forwards path
    i = 80 ; sf/Sf = 0.0652156160701068 ; sf = 102.95630140987
      k =   81 ; sb/Sb = 0 ; sb = 0
      k =   82 ; sb/Sb = 0.130027292171981 ; sb = 219.317121994613
      Creating new point: f = 0.501553289165241
    i = 79 ; sf/Sf = 0.209798715433096 ; sf = 331.210545620137
      k =   81 ; sb/Sb = 0 ; sb = 0
      k =   82 ; sb/Sb = 0.130027292171981 ; sb = 219.317121994613
      k =   83 ; sb/Sb = 0.326034508634916 ; sb = 549.922627090944
      Creating new point: f = 0.406982072908527
    i = 78 ; sf/Sf = 0.450585469465251 ; sf = 711.342101795101
      k =   81 ; sb/Sb = 0 ; sb = 0
      k =   82 ; sb/Sb = 0.130027292171981 ; sb = 219.317121994613
      k =   83 ; sb/Sb = 0.326034508634916 ; sb = 549.922627090944
      k =   84 ; sb/Sb = 0.514452629051165 ; sb = 867.727598732358
      Creating new point: f = 0.661034939501465
    i = 77 ; sf/Sf = 0.62102406692664 ; sf = 980.414582736575
      k =   81 ; sb/Sb = 0 ; sb = 0
      k =   82 ; sb/Sb = 0.130027292171981 ; sb = 219.317121994613
      k =   83 ; sb/Sb = 0.326034508634916 ; sb = 549.922627090944
      k =   84 ; sb/Sb = 0.514452629051165 ; sb = 867.727598732358
      k =   85 ; sb/Sb = 0.752563467305706 ; sb = 1269.34931129282
      Creating new point: f = 0.44757071394436
    i = 76 ; sf/Sf = 0.913844197340064 ; sf = 1442.69155598962
      k =   81 ; sb/Sb = 0 ; sb = 0
      k =   82 ; sb/Sb = 0.130027292171981 ; sb = 219.317121994613
      k =   83 ; sb/Sb = 0.326034508634916 ; sb = 549.922627090944
      k =   84 ; sb/Sb = 0.514452629051165 ; sb = 867.727598732358
      k =   85 ; sb/Sb = 0.752563467305706 ; sb = 1269.34931129282
      k =   86 ; sb/Sb = 0.964427594802605 ; sb = 1626.70067899693
      Creating new point: f = 0.761246049247851
Tear 2 : Sf = 581.377674149945 ; Sb = 527.747533597084
  Forwards path
    i = 463 ; sf/Sf = 0.5 ; sf = 290.688837074973
      k =   97 ; sb/Sb = 0 ; sb = 0
      k =   98 ; sb/Sb = 0.533929650322603 ; sb = 281.780056072107
      Creating new point: f = 0.936452957234904
Tear 3 : Sf = 2026.06917217571 ; Sb = 1972.63506770419
  Forwards path
    i = 60 ; sf/Sf = 0.0767809381818821 ; sf = 155.56349186104
      k =   61 ; sb/Sb = 0 ; sb = 0
      k =   62 ; sb/Sb = 0.129243862614872 ; sb = 254.950975679639
      Creating new point: f = 0.594078021411957
    i = 59 ; sf/Sf = 0.154036325398943 ; sf = 312.088250286026
      k =   61 ; sb/Sb = 0 ; sb = 0
      k =   62 ; sb/Sb = 0.129243862614872 ; sb = 254.950975679639
      k =   63 ; sb/Sb = 0.263078843028224 ; sb = 518.958551328521
      Creating new point: f = 0.185246508106467
    i = 58 ; sf/Sf = 0.302188532894276 ; sf = 612.254870682098
      k =   61 ; sb/Sb = 0 ; sb = 0
      k =   62 ; sb/Sb = 0.129243862614872 ; sb = 254.950975679639
      k =   63 ; sb/Sb = 0.263078843028224 ; sb = 518.958551328521
      k =   64 ; sb/Sb = 0.476233281837799 ; sb = 939.434472161094
      Creating new point: f = 0.183480532164711
    i = 57 ; sf/Sf = 0.452300943019103 ; sf = 916.392997197009
      k =   61 ; sb/Sb = 0 ; sb = 0
      k =   62 ; sb/Sb = 0.129243862614872 ; sb = 254.950975679639
      k =   63 ; sb/Sb = 0.263078843028224 ; sb = 518.958551328521
      k =   64 ; sb/Sb = 0.476233281837799 ; sb = 939.434472161094
      Creating new point: f = 0.887723009887324
    i = 56 ; sf/Sf = 0.626173732711606 ; sf = 1268.67129627318
      k =   61 ; sb/Sb = 0 ; sb = 0
      k =   62 ; sb/Sb = 0.129243862614872 ; sb = 254.950975679639
      k =   63 ; sb/Sb = 0.263078843028224 ; sb = 518.958551328521
      k =   64 ; sb/Sb = 0.476233281837799 ; sb = 939.434472161094
      k =   65 ; sb/Sb = 0.683085589161402 ; sb = 1347.47858742316
      Creating new point: f = 0.724867190575921
    i = 55 ; sf/Sf = 0.763399440158994 ; sf = 1546.70007176234
      k =   61 ; sb/Sb = 0 ; sb = 0
      k =   62 ; sb/Sb = 0.129243862614872 ; sb = 254.950975679639
      k =   63 ; sb/Sb = 0.263078843028224 ; sb = 518.958551328521
      k =   64 ; sb/Sb = 0.476233281837799 ; sb = 939.434472161094
      k =   65 ; sb/Sb = 0.683085589161402 ; sb = 1347.47858742316
      k =   66 ; sb/Sb = 0.913671886682286 ; sb = 1802.34120404492
      Creating new point: f = 0.348302791020435
    i = 54 ; sf/Sf = 0.882266009416956 ; sf = 1787.53196333818
      k =   61 ; sb/Sb = 0 ; sb = 0
      k =   62 ; sb/Sb = 0.129243862614872 ; sb = 254.950975679639
      k =   63 ; sb/Sb = 0.263078843028224 ; sb = 518.958551328521
      k =   64 ; sb/Sb = 0.476233281837799 ; sb = 939.434472161094
      k =   65 ; sb/Sb = 0.683085589161402 ; sb = 1347.47858742316
      k =   66 ; sb/Sb = 0.913671886682286 ; sb = 1802.34120404492
      Creating new point: f = 0.86379989789946
Tear 4 : Sf = 1381.83298814565 ; Sb = 1394.59336831499
  Forwards path
    i = 31 ; sf/Sf = 0.145637077491574 ; sf = 201.246117974981
      k =   32 ; sb/Sb = 0 ; sb = 0
      k =   33 ; sb/Sb = 0.105871886355468 ; sb = 147.648230602334
      k =   34 ; sb/Sb = 0.228402280367606 ; sb = 318.528305508685
      Creating new point: f = 0.32453328381664
    i = 30 ; sf/Sf = 0.296745157823639 ; sf = 410.052248153192
      k =   32 ; sb/Sb = 0 ; sb = 0
      k =   33 ; sb/Sb = 0.105871886355468 ; sb = 147.648230602334
      k =   34 ; sb/Sb = 0.228402280367606 ; sb = 318.528305508685
      k =   35 ; sb/Sb = 0.355262241234407 ; sb = 495.446365638226
      Creating new point: f = 0.538726931563465
    i = 29 ; sf/Sf = 0.521900430849504 ; sf = 721.179231875273
      k =   32 ; sb/Sb = 0 ; sb = 0
      k =   33 ; sb/Sb = 0.105871886355468 ; sb = 147.648230602334
      k =   34 ; sb/Sb = 0.228402280367606 ; sb = 318.528305508685
      k =   35 ; sb/Sb = 0.355262241234407 ; sb = 495.446365638226
      k =   36 ; sb/Sb = 0.480490494812538 ; sb = 670.088857603956
      k =   37 ; sb/Sb = 0.671016716396946 ; sb = 935.795462715684
      Creating new point: f = 0.217345075615326
    i = 28 ; sf/Sf = 0.662412981971934 ; sf = 915.344110264749
      k =   32 ; sb/Sb = 0 ; sb = 0
      k =   33 ; sb/Sb = 0.105871886355468 ; sb = 147.648230602334
      k =   34 ; sb/Sb = 0.228402280367606 ; sb = 318.528305508685
      k =   35 ; sb/Sb = 0.355262241234407 ; sb = 495.446365638226
      k =   36 ; sb/Sb = 0.480490494812538 ; sb = 670.088857603956
      k =   37 ; sb/Sb = 0.671016716396946 ; sb = 935.795462715684
      Creating new point: f = 0.95484225555168
    i = 27 ; sf/Sf = 0.847340284312959 ; sf = 1170.88275704836
      k =   32 ; sb/Sb = 0 ; sb = 0
      k =   33 ; sb/Sb = 0.105871886355468 ; sb = 147.648230602334
      k =   34 ; sb/Sb = 0.228402280367606 ; sb = 318.528305508685
      k =   35 ; sb/Sb = 0.355262241234407 ; sb = 495.446365638226
      k =   36 ; sb/Sb = 0.480490494812538 ; sb = 670.088857603956
      k =   37 ; sb/Sb = 0.671016716396946 ; sb = 935.795462715684
      k =   38 ; sb/Sb = 0.784393050029924 ; sb = 1093.9093457241
      k =   39 ; sb/Sb = 0.863269088378584 ; sb = 1203.9093457241
      Creating new point: f = 0.798052686226273
Tear 5 : Sf = 3397.02479890055 ; Sb = 3578.59529508964
  Forwards path
    i = 5 ; sf/Sf = 0.0514104259769469 ; sf = 174.64249196573
      k =    6 ; sb/Sb = 0 ; sb = 0
      k =    7 ; sb/Sb = 0.0257630262632477 ; sb = 92.1954445729289
      k =    8 ; sb/Sb = 0.0545330583345303 ; sb = 195.151745982799
      Creating new point: f = 0.891462326150818
    i = 4 ; sf/Sf = 0.115971957015989 ; sf = 393.959613960343
      k =    6 ; sb/Sb = 0 ; sb = 0
      k =    7 ; sb/Sb = 0.0257630262632477 ; sb = 92.1954445729289
      k =    8 ; sb/Sb = 0.0545330583345303 ; sb = 195.151745982799
      k =    9 ; sb/Sb = 0.120955010771077 ; sb = 432.849032462893
      Creating new point: f = 0.92497881239115
    i = 3 ; sf/Sf = 0.140246761409245 ; sf = 476.421726472696
      k =    6 ; sb/Sb = 0 ; sb = 0
      k =    7 ; sb/Sb = 0.0257630262632477 ; sb = 92.1954445729289
      k =    8 ; sb/Sb = 0.0545330583345303 ; sb = 195.151745982799
      k =    9 ; sb/Sb = 0.120955010771077 ; sb = 432.849032462893
      k =   10 ; sb/Sb = 0.182431646673961 ; sb = 652.849032462893
      Creating new point: f = 0.313806218489964
    i = 2 ; sf/Sf = 0.181877707489792 ; sf = 617.843082710006
      k =    6 ; sb/Sb = 0 ; sb = 0
      k =    7 ; sb/Sb = 0.0257630262632477 ; sb = 92.1954445729289
      k =    8 ; sb/Sb = 0.0545330583345303 ; sb = 195.151745982799
      k =    9 ; sb/Sb = 0.120955010771077 ; sb = 432.849032462893
      k =   10 ; sb/Sb = 0.182431646673961 ; sb = 652.849032462893
      Creating new point: f = 0.990989435644399
    i = 1 ; sf/Sf = 0.196596469630176 ; sf = 667.843082710006
      k =    6 ; sb/Sb = 0 ; sb = 0
      k =    7 ; sb/Sb = 0.0257630262632477 ; sb = 92.1954445729289
      k =    8 ; sb/Sb = 0.0545330583345303 ; sb = 195.151745982799
      k =    9 ; sb/Sb = 0.120955010771077 ; sb = 432.849032462893
      k =   10 ; sb/Sb = 0.182431646673961 ; sb = 652.849032462893
      k =   11 ; sb/Sb = 0.283378472893583 ; sb = 1014.09686982666
      Creating new point: f = 0.140319646359135
    i = 110 ; sf/Sf = 0.220259543308669 ; sf = 748.227130814059
      k =    6 ; sb/Sb = 0 ; sb = 0
      k =    7 ; sb/Sb = 0.0257630262632477 ; sb = 92.1954445729289
      k =    8 ; sb/Sb = 0.0545330583345303 ; sb = 195.151745982799
      k =    9 ; sb/Sb = 0.120955010771077 ; sb = 432.849032462893
      k =   10 ; sb/Sb = 0.182431646673961 ; sb = 652.849032462893
      k =   11 ; sb/Sb = 0.283378472893583 ; sb = 1014.09686982666
      Creating new point: f = 0.374730915783412
    i = 109 ; sf/Sf = 0.328259557519817 ; sf = 1115.10585737094
      k =    6 ; sb/Sb = 0 ; sb = 0
      k =    7 ; sb/Sb = 0.0257630262632477 ; sb = 92.1954445729289
      k =    8 ; sb/Sb = 0.0545330583345303 ; sb = 195.151745982799
      k =    9 ; sb/Sb = 0.120955010771077 ; sb = 432.849032462893
      k =   10 ; sb/Sb = 0.182431646673961 ; sb = 652.849032462893
      k =   11 ; sb/Sb = 0.283378472893583 ; sb = 1014.09686982666
      k =   12 ; sb/Sb = 0.374056403208033 ; sb = 1338.59648461842
      Creating new point: f = 0.494950474394342
    i = 108 ; sf/Sf = 0.407958630514881 ; sf = 1385.84558478456
      k =    6 ; sb/Sb = 0 ; sb = 0
      k =    7 ; sb/Sb = 0.0257630262632477 ; sb = 92.1954445729289
      k =    8 ; sb/Sb = 0.0545330583345303 ; sb = 195.151745982799
      k =    9 ; sb/Sb = 0.120955010771077 ; sb = 432.849032462893
      k =   10 ; sb/Sb = 0.182431646673961 ; sb = 652.849032462893
      k =   11 ; sb/Sb = 0.283378472893583 ; sb = 1014.09686982666
      k =   12 ; sb/Sb = 0.374056403208033 ; sb = 1338.59648461842
      k =   13 ; sb/Sb = 0.455861021843669 ; sb = 1631.34210798451
      Creating new point: f = 0.414429256835129
    i = 107 ; sf/Sf = 0.490067690687153 ; sf = 1664.77209840419
      k =    6 ; sb/Sb = 0 ; sb = 0
      k =    7 ; sb/Sb = 0.0257630262632477 ; sb = 92.1954445729289
      k =    8 ; sb/Sb = 0.0545330583345303 ; sb = 195.151745982799
      k =    9 ; sb/Sb = 0.120955010771077 ; sb = 432.849032462893
      k =   10 ; sb/Sb = 0.182431646673961 ; sb = 652.849032462893
      k =   11 ; sb/Sb = 0.283378472893583 ; sb = 1014.09686982666
      k =   12 ; sb/Sb = 0.374056403208033 ; sb = 1338.59648461842
      k =   13 ; sb/Sb = 0.455861021843669 ; sb = 1631.34210798451
      k =   14 ; sb/Sb = 0.544668206069695 ; sb = 1949.14707962592
      Creating new point: f = 0.385179072409547
    i = 332 ; sf/Sf = 0.556823402768609 ; sf = 1891.54290781316
      k =    6 ; sb/Sb = 0 ; sb = 0
      k =    7 ; sb/Sb = 0.0257630262632477 ; sb = 92.1954445729289
      k =    8 ; sb/Sb = 0.0545330583345303 ; sb = 195.151745982799
      k =    9 ; sb/Sb = 0.120955010771077 ; sb = 432.849032462893
      k =   10 ; sb/Sb = 0.182431646673961 ; sb = 652.849032462893
      k =   11 ; sb/Sb = 0.283378472893583 ; sb = 1014.09686982666
      k =   12 ; sb/Sb = 0.374056403208033 ; sb = 1338.59648461842
      k =   13 ; sb/Sb = 0.455861021843669 ; sb = 1631.34210798451
      k =   14 ; sb/Sb = 0.544668206069695 ; sb = 1949.14707962592
      k =   15 ; sb/Sb = 0.651441795141125 ; sb = 2331.24654311678
      Creating new point: f = 0.113840855258532
    i = 106 ; sf/Sf = 0.623579114850065 ; sf = 2118.31371722213
      k =    6 ; sb/Sb = 0 ; sb = 0
      k =    7 ; sb/Sb = 0.0257630262632477 ; sb = 92.1954445729289
      k =    8 ; sb/Sb = 0.0545330583345303 ; sb = 195.151745982799
      k =    9 ; sb/Sb = 0.120955010771077 ; sb = 432.849032462893
      k =   10 ; sb/Sb = 0.182431646673961 ; sb = 652.849032462893
      k =   11 ; sb/Sb = 0.283378472893583 ; sb = 1014.09686982666
      k =   12 ; sb/Sb = 0.374056403208033 ; sb = 1338.59648461842
      k =   13 ; sb/Sb = 0.455861021843669 ; sb = 1631.34210798451
      k =   14 ; sb/Sb = 0.544668206069695 ; sb = 1949.14707962592
      k =   15 ; sb/Sb = 0.651441795141125 ; sb = 2331.24654311678
      Creating new point: f = 0.739048948964149
    i = 105 ; sf/Sf = 0.722534744019516 ; sf = 2454.46844350156
      k =    6 ; sb/Sb = 0 ; sb = 0
      k =    7 ; sb/Sb = 0.0257630262632477 ; sb = 92.1954445729289
      k =    8 ; sb/Sb = 0.0545330583345303 ; sb = 195.151745982799
      k =    9 ; sb/Sb = 0.120955010771077 ; sb = 432.849032462893
      k =   10 ; sb/Sb = 0.182431646673961 ; sb = 652.849032462893
      k =   11 ; sb/Sb = 0.283378472893583 ; sb = 1014.09686982666
      k =   12 ; sb/Sb = 0.374056403208033 ; sb = 1338.59648461842
      k =   13 ; sb/Sb = 0.455861021843669 ; sb = 1631.34210798451
      k =   14 ; sb/Sb = 0.544668206069695 ; sb = 1949.14707962592
      k =   15 ; sb/Sb = 0.651441795141125 ; sb = 2331.24654311678
      k =   16 ; sb/Sb = 0.739187500779596 ; sb = 2645.25291247893
      Creating new point: f = 0.810215706410841
    i = 229 ; sf/Sf = 0.819377040578079 ; sf = 2783.44412649348
      k =    6 ; sb/Sb = 0 ; sb = 0
      k =    7 ; sb/Sb = 0.0257630262632477 ; sb = 92.1954445729289
      k =    8 ; sb/Sb = 0.0545330583345303 ; sb = 195.151745982799
      k =    9 ; sb/Sb = 0.120955010771077 ; sb = 432.849032462893
      k =   10 ; sb/Sb = 0.182431646673961 ; sb = 652.849032462893
      k =   11 ; sb/Sb = 0.283378472893583 ; sb = 1014.09686982666
      k =   12 ; sb/Sb = 0.374056403208033 ; sb = 1338.59648461842
      k =   13 ; sb/Sb = 0.455861021843669 ; sb = 1631.34210798451
      k =   14 ; sb/Sb = 0.544668206069695 ; sb = 1949.14707962592
      k =   15 ; sb/Sb = 0.651441795141125 ; sb = 2331.24654311678
      k =   16 ; sb/Sb = 0.739187500779596 ; sb = 2645.25291247893
      k =   17 ; sb/Sb = 0.800917649658644 ; sb = 2866.16013282268
      k =   18 ; sb/Sb = 0.907104566218171 ; sb = 3246.16013282268
      Creating new point: f = 0.173838656564501
    i = 104 ; sf/Sf = 0.916219337136642 ; sf = 3112.4198094854
      k =    6 ; sb/Sb = 0 ; sb = 0
      k =    7 ; sb/Sb = 0.0257630262632477 ; sb = 92.1954445729289
      k =    8 ; sb/Sb = 0.0545330583345303 ; sb = 195.151745982799
      k =    9 ; sb/Sb = 0.120955010771077 ; sb = 432.849032462893
      k =   10 ; sb/Sb = 0.182431646673961 ; sb = 652.849032462893
      k =   11 ; sb/Sb = 0.283378472893583 ; sb = 1014.09686982666
      k =   12 ; sb/Sb = 0.374056403208033 ; sb = 1338.59648461842
      k =   13 ; sb/Sb = 0.455861021843669 ; sb = 1631.34210798451
      k =   14 ; sb/Sb = 0.544668206069695 ; sb = 1949.14707962592
      k =   15 ; sb/Sb = 0.651441795141125 ; sb = 2331.24654311678
      k =   16 ; sb/Sb = 0.739187500779596 ; sb = 2645.25291247893
      k =   17 ; sb/Sb = 0.800917649658644 ; sb = 2866.16013282268
      k =   18 ; sb/Sb = 0.907104566218171 ; sb = 3246.16013282268
      k =   19 ; sb/Sb = 0.957713167590686 ; sb = 3427.26783558543
      Creating new point: f = 0.180103197307898
Tear 1 : Sf = 1686.70067899693 ; Sb = 1578.70626107698
  Backwards path
    i = 82 ; sf/Sf = 0.130027292171981 ; sf = 219.317121994613
      k =   81 ; sb/Sb = 0 ; sb = 0
      k =   80 ; sb/Sb = 0.0652156160701068 ; sb = 102.95630140987
      k =   79 ; sb/Sb = 0.209798715433096 ; sb = 331.210545620137
      Creating new point: f = 0.448265920342172
    i = 83 ; sf/Sf = 0.326034508634916 ; sf = 549.922627090944
      k =   81 ; sb/Sb = 0 ; sb = 0
      k =   80 ; sb/Sb = 0.0652156160701068 ; sb = 102.95630140987
      k =   79 ; sb/Sb = 0.209798715433096 ; sb = 331.210545620137
      k =   78 ; sb/Sb = 0.450585469465251 ; sb = 711.342101795101
      Creating new point: f = 0.482733336678052
    i = 84 ; sf/Sf = 0.514452629051165 ; sf = 867.727598732358
      k =   81 ; sb/Sb = 0 ; sb = 0
      k =   80 ; sb/Sb = 0.0652156160701068 ; sb = 102.95630140987
      k =   79 ; sb/Sb = 0.209798715433096 ; sb = 331.210545620137
      k =   78 ; sb/Sb = 0.450585469465251 ; sb = 711.342101795101
      k =   77 ; sb/Sb = 0.62102406692664 ; sb = 980.414582736575
      Creating new point: f = 0.374722395849229
    i = 85 ; sf/Sf = 0.752563467305706 ; sf = 1269.34931129282
      k =   81 ; sb/Sb = 0 ; sb = 0
      k =   80 ; sb/Sb = 0.0652156160701068 ; sb = 102.95630140987
      k =   79 ; sb/Sb = 0.209798715433096 ; sb = 331.210545620137
      k =   78 ; sb/Sb = 0.450585469465251 ; sb = 711.342101795101
      k =   77 ; sb/Sb = 0.62102406692664 ; sb = 980.414582736575
      k =   76 ; sb/Sb = 0.913844197340063 ; sb = 1442.69155598962
      Creating new point: f = 0.449215701780304
    i = 86 ; sf/Sf = 0.964427594802605 ; sf = 1626.70067899693
      k =   81 ; sb/Sb = 0 ; sb = 0
      k =   80 ; sb/Sb = 0.0652156160701068 ; sb = 102.95630140987
      k =   79 ; sb/Sb = 0.209798715433096 ; sb = 331.210545620137
      k =   78 ; sb/Sb = 0.450585469465251 ; sb = 711.342101795101
      k =   77 ; sb/Sb = 0.62102406692664 ; sb = 980.414582736575
      k =   76 ; sb/Sb = 0.913844197340063 ; sb = 1442.69155598962
      k =   75 ; sb/Sb = 1 ; sb = 1578.70626107698
      Creating new point: f = 0.587115387482351
Tear 2 : Sf = 527.747533597084 ; Sb = 581.377674149945
  Backwards path
    i = 98 ; sf/Sf = 0.533929650322603 ; sf = 281.780056072107
      k =   97 ; sb/Sb = 0 ; sb = 0
      k =  463 ; sb/Sb = 0.5 ; sb = 290.688837074973
      k =   96 ; sb/Sb = 1 ; sb = 581.377674149945
      Creating new point: f = 0.0678593006452062
Tear 3 : Sf = 1972.63506770419 ; Sb = 2026.06917217571
  Backwards path
    i = 62 ; sf/Sf = 0.129243862614872 ; sf = 254.950975679639
      k =   61 ; sb/Sb = 0 ; sb = 0
      k =   60 ; sb/Sb = 0.0767809381818821 ; sb = 155.56349186104
      k =   59 ; sb/Sb = 0.154036325398943 ; sb = 312.088250286026
      Creating new point: f = 0.679084350267864
    i = 63 ; sf/Sf = 0.263078843028224 ; sf = 518.958551328521
      k =   61 ; sb/Sb = 0 ; sb = 0
      k =   60 ; sb/Sb = 0.0767809381818821 ; sb = 155.56349186104
      k =   59 ; sb/Sb = 0.154036325398943 ; sb = 312.088250286026
      k =   58 ; sb/Sb = 0.302188532894276 ; sb = 612.254870682098
      Creating new point: f = 0.736016826699776
    i = 64 ; sf/Sf = 0.476233281837799 ; sf = 939.434472161094
      k =   61 ; sb/Sb = 0 ; sb = 0
      k =   60 ; sb/Sb = 0.0767809381818821 ; sb = 155.56349186104
      k =   59 ; sb/Sb = 0.154036325398943 ; sb = 312.088250286026
      k =   58 ; sb/Sb = 0.302188532894276 ; sb = 612.254870682098
      k =   57 ; sb/Sb = 0.452300943019103 ; sb = 916.392997197009
      k =   56 ; sb/Sb = 0.626173732711606 ; sb = 1268.67129627318
      Creating new point: f = 0.137642806910847
    i = 65 ; sf/Sf = 0.683085589161402 ; sf = 1347.47858742316
      k =   61 ; sb/Sb = 0 ; sb = 0
      k =   60 ; sb/Sb = 0.0767809381818821 ; sb = 155.56349186104
      k =   59 ; sb/Sb = 0.154036325398943 ; sb = 312.088250286026
      k =   58 ; sb/Sb = 0.302188532894276 ; sb = 612.254870682098
      k =   57 ; sb/Sb = 0.452300943019103 ; sb = 916.392997197009
      k =   56 ; sb/Sb = 0.626173732711606 ; sb = 1268.67129627318
      k =   55 ; sb/Sb = 0.763399440158994 ; sb = 1546.70007176234
      Creating new point: f = 0.414731740199741
    i = 66 ; sf/Sf = 0.913671886682286 ; sf = 1802.34120404492
      k =   61 ; sb/Sb = 0 ; sb = 0
      k =   60 ; sb/Sb = 0.0767809381818821 ; sb = 155.56349186104
      k =   59 ; sb/Sb = 0.154036325398943 ; sb = 312.088250286026
      k =   58 ; sb/Sb = 0.302188532894276 ; sb = 612.254870682098
      k =   57 ; sb/Sb = 0.452300943019103 ; sb = 916.392997197009
      k =   56 ; sb/Sb = 0.626173732711606 ; sb = 1268.67129627318
      k =   55 ; sb/Sb = 0.763399440158994 ; sb = 1546.70007176234
      k =   54 ; sb/Sb = 0.882266009416956 ; sb = 1787.53196333818
      k =   53 ; sb/Sb = 1 ; sb = 2026.06917217571
      Creating new point: f = 0.26675284775281
Tear 4 : Sf = 1394.59336831499 ; Sb = 1381.83298814565
  Backwards path
    i = 33 ; sf/Sf = 0.105871886355468 ; sf = 147.648230602334
      k =   32 ; sb/Sb = 0 ; sb = 0
      k =   31 ; sb/Sb = 0.145637077491574 ; sb = 201.246117974981
      Creating new point: f = 0.726956954774057
    i = 34 ; sf/Sf = 0.228402280367606 ; sf = 318.528305508685
      k =   32 ; sb/Sb = 0 ; sb = 0
      k =   31 ; sb/Sb = 0.145637077491574 ; sb = 201.246117974981
      k =   30 ; sb/Sb = 0.296745157823639 ; sb = 410.052248153192
      Creating new point: f = 0.547721886838563
    i = 35 ; sf/Sf = 0.355262241234408 ; sf = 495.446365638226
      k =   32 ; sb/Sb = 0 ; sb = 0
      k =   31 ; sb/Sb = 0.145637077491574 ; sb = 201.246117974981
      k =   30 ; sb/Sb = 0.296745157823639 ; sb = 410.052248153192
      k =   29 ; sb/Sb = 0.521900430849504 ; sb = 721.179231875273
      Creating new point: f = 0.259896571038984
    i = 36 ; sf/Sf = 0.480490494812539 ; sf = 670.088857603956
      k =   32 ; sb/Sb = 0 ; sb = 0
      k =   31 ; sb/Sb = 0.145637077491574 ; sb = 201.246117974981
      k =   30 ; sb/Sb = 0.296745157823639 ; sb = 410.052248153192
      k =   29 ; sb/Sb = 0.521900430849504 ; sb = 721.179231875273
      Creating new point: f = 0.81608276155181
    i = 37 ; sf/Sf = 0.671016716396947 ; sf = 935.795462715684
      k =   32 ; sb/Sb = 0 ; sb = 0
      k =   31 ; sb/Sb = 0.145637077491574 ; sb = 201.246117974981
      k =   30 ; sb/Sb = 0.296745157823639 ; sb = 410.052248153192
      k =   29 ; sb/Sb = 0.521900430849504 ; sb = 721.179231875273
      k =   28 ; sb/Sb = 0.662412981971934 ; sb = 915.344110264749
      k =   27 ; sb/Sb = 0.847340284312959 ; sb = 1170.88275704836
      Creating new point: f = 0.0465249550287955
    i = 38 ; sf/Sf = 0.784393050029924 ; sf = 1093.9093457241
      k =   32 ; sb/Sb = 0 ; sb = 0
      k =   31 ; sb/Sb = 0.145637077491574 ; sb = 201.246117974981
      k =   30 ; sb/Sb = 0.296745157823639 ; sb = 410.052248153192
      k =   29 ; sb/Sb = 0.521900430849504 ; sb = 721.179231875273
      k =   28 ; sb/Sb = 0.662412981971934 ; sb = 915.344110264749
      k =   27 ; sb/Sb = 0.847340284312959 ; sb = 1170.88275704836
      Creating new point: f = 0.659610920149837
    i = 39 ; sf/Sf = 0.863269088378584 ; sf = 1203.9093457241
      k =   32 ; sb/Sb = 0 ; sb = 0
      k =   31 ; sb/Sb = 0.145637077491574 ; sb = 201.246117974981
      k =   30 ; sb/Sb = 0.296745157823639 ; sb = 410.052248153192
      k =   29 ; sb/Sb = 0.521900430849504 ; sb = 721.179231875273
      k =   28 ; sb/Sb = 0.662412981971934 ; sb = 915.344110264749
      k =   27 ; sb/Sb = 0.847340284312959 ; sb = 1170.88275704836
      k =   26 ; sb/Sb = 1 ; sb = 1381.83298814565
      Creating new point: f = 0.104341895266464
    i = 40 ; sf/Sf = 0.933890805257217 ; sf = 1302.39792374206
      k =   32 ; sb/Sb = 0 ; sb = 0
      k =   31 ; sb/Sb = 0.145637077491574 ; sb = 201.246117974981
      k =   30 ; sb/Sb = 0.296745157823639 ; sb = 410.052248153192
      k =   29 ; sb/Sb = 0.521900430849504 ; sb = 721.179231875273
      k =   28 ; sb/Sb = 0.662412981971934 ; sb = 915.344110264749
      k =   27 ; sb/Sb = 0.847340284312959 ; sb = 1170.88275704836
      k =   26 ; sb/Sb = 1 ; sb = 1381.83298814565
      Creating new point: f = 0.56695062318661
Tear 5 : Sf = 3578.59529508964 ; Sb = 3397.02479890055
  Backwards path
    i = 7 ; sf/Sf = 0.0257630262632476 ; sf = 92.1954445729289
      k =    6 ; sb/Sb = 0 ; sb = 0
      k =    5 ; sb/Sb = 0.0514104259769469 ; sb = 174.64249196573
      Creating new point: f = 0.501124543780285
    i = 8 ; sf/Sf = 0.0545330583345303 ; sf = 195.151745982799
      k =    6 ; sb/Sb = 0 ; sb = 0
      k =    5 ; sb/Sb = 0.0514104259769469 ; sb = 174.64249196573
      k =    4 ; sb/Sb = 0.115971957015989 ; sb = 393.959613960343
      Creating new point: f = 0.0483667643460165
    i = 9 ; sf/Sf = 0.120955010771077 ; sf = 432.849032462893
      k =    6 ; sb/Sb = 0 ; sb = 0
      k =    5 ; sb/Sb = 0.0514104259769469 ; sb = 174.64249196573
      k =    4 ; sb/Sb = 0.115971957015989 ; sb = 393.959613960343
      k =    3 ; sb/Sb = 0.140246761409245 ; sb = 476.421726472696
      Creating new point: f = 0.205276783052988
    i = 10 ; sf/Sf = 0.182431646673961 ; sf = 652.849032462893
      k =    6 ; sb/Sb = 0 ; sb = 0
      k =    5 ; sb/Sb = 0.0514104259769469 ; sb = 174.64249196573
      k =    4 ; sb/Sb = 0.115971957015989 ; sb = 393.959613960343
      k =    3 ; sb/Sb = 0.140246761409245 ; sb = 476.421726472696
      k =    2 ; sb/Sb = 0.181877707489792 ; sb = 617.843082710006
      k =    1 ; sb/Sb = 0.196596469630175 ; sb = 667.843082710006
      Creating new point: f = 0.0376349029140827
    i = 11 ; sf/Sf = 0.283378472893583 ; sf = 1014.09686982666
      k =    6 ; sb/Sb = 0 ; sb = 0
      k =    5 ; sb/Sb = 0.0514104259769469 ; sb = 174.64249196573
      k =    4 ; sb/Sb = 0.115971957015989 ; sb = 393.959613960343
      k =    3 ; sb/Sb = 0.140246761409245 ; sb = 476.421726472696
      k =    2 ; sb/Sb = 0.181877707489792 ; sb = 617.843082710006
      k =    1 ; sb/Sb = 0.196596469630175 ; sb = 667.843082710006
      k =  110 ; sb/Sb = 0.220259543308669 ; sb = 748.227130814059
      k =  109 ; sb/Sb = 0.328259557519817 ; sb = 1115.10585737094
      Creating new point: f = 0.58443445629101
    i = 12 ; sf/Sf = 0.374056403208033 ; sf = 1338.59648461842
      k =    6 ; sb/Sb = 0 ; sb = 0
      k =    5 ; sb/Sb = 0.0514104259769469 ; sb = 174.64249196573
      k =    4 ; sb/Sb = 0.115971957015989 ; sb = 393.959613960343
      k =    3 ; sb/Sb = 0.140246761409245 ; sb = 476.421726472696
      k =    2 ; sb/Sb = 0.181877707489792 ; sb = 617.843082710006
      k =    1 ; sb/Sb = 0.196596469630175 ; sb = 667.843082710006
      k =  110 ; sb/Sb = 0.220259543308669 ; sb = 748.227130814059
      k =  109 ; sb/Sb = 0.328259557519817 ; sb = 1115.10585737094
      k =  108 ; sb/Sb = 0.407958630514881 ; sb = 1385.84558478456
      Creating new point: f = 0.574622062304947
    i = 13 ; sf/Sf = 0.455861021843669 ; sf = 1631.34210798451
      k =    6 ; sb/Sb = 0 ; sb = 0
      k =    5 ; sb/Sb = 0.0514104259769469 ; sb = 174.64249196573
      k =    4 ; sb/Sb = 0.115971957015989 ; sb = 393.959613960343
      k =    3 ; sb/Sb = 0.140246761409245 ; sb = 476.421726472696
      k =    2 ; sb/Sb = 0.181877707489792 ; sb = 617.843082710006
      k =    1 ; sb/Sb = 0.196596469630175 ; sb = 667.843082710006
      k =  110 ; sb/Sb = 0.220259543308669 ; sb = 748.227130814059
      k =  109 ; sb/Sb = 0.328259557519817 ; sb = 1115.10585737094
      k =  108 ; sb/Sb = 0.407958630514881 ; sb = 1385.84558478456
      k =  107 ; sb/Sb = 0.490067690687153 ; sb = 1664.77209840419
      Creating new point: f = 0.583399581340773
    i = 14 ; sf/Sf = 0.544668206069695 ; sf = 1949.14707962592
      k =    6 ; sb/Sb = 0 ; sb = 0
      k =    5 ; sb/Sb = 0.0514104259769469 ; sb = 174.64249196573
      k =    4 ; sb/Sb = 0.115971957015989 ; sb = 393.959613960343
      k =    3 ; sb/Sb = 0.140246761409245 ; sb = 476.421726472696
      k =    2 ; sb/Sb = 0.181877707489792 ; sb = 617.843082710006
      k =    1 ; sb/Sb = 0.196596469630175 ; sb = 667.843082710006
      k =  110 ; sb/Sb = 0.220259543308669 ; sb = 748.227130814059
      k =  109 ; sb/Sb = 0.328259557519817 ; sb = 1115.10585737094
      k =  108 ; sb/Sb = 0.407958630514881 ; sb = 1385.84558478456
      k =  107 ; sb/Sb = 0.490067690687153 ; sb = 1664.77209840419
      k =  332 ; sb/Sb = 0.556823402768609 ; sb = 1891.54290781316
      Creating new point: f = 0.817915256688702
    i = 15 ; sf/Sf = 0.651441795141125 ; sf = 2331.24654311678
      k =    6 ; sb/Sb = 0 ; sb = 0
      k =    5 ; sb/Sb = 0.0514104259769469 ; sb = 174.64249196573
      k =    4 ; sb/Sb = 0.115971957015989 ; sb = 393.959613960343
      k =    3 ; sb/Sb = 0.140246761409245 ; sb = 476.421726472696
      k =    2 ; sb/Sb = 0.181877707489792 ; sb = 617.843082710006
      k =    1 ; sb/Sb = 0.196596469630175 ; sb = 667.843082710006
      k =  110 ; sb/Sb = 0.220259543308669 ; sb = 748.227130814059
      k =  109 ; sb/Sb = 0.328259557519817 ; sb = 1115.10585737094
      k =  108 ; sb/Sb = 0.407958630514881 ; sb = 1385.84558478456
      k =  107 ; sb/Sb = 0.490067690687153 ; sb = 1664.77209840419
      k =  332 ; sb/Sb = 0.556823402768609 ; sb = 1891.54290781316
      k =  106 ; sb/Sb = 0.623579114850065 ; sb = 2118.31371722213
      k =  105 ; sb/Sb = 0.722534744019516 ; sb = 2454.46844350156
      Creating new point: f = 0.281567410817507
    i = 16 ; sf/Sf = 0.739187500779596 ; sf = 2645.25291247893
      k =    6 ; sb/Sb = 0 ; sb = 0
      k =    5 ; sb/Sb = 0.0514104259769469 ; sb = 174.64249196573
      k =    4 ; sb/Sb = 0.115971957015989 ; sb = 393.959613960343
      k =    3 ; sb/Sb = 0.140246761409245 ; sb = 476.421726472696
      k =    2 ; sb/Sb = 0.181877707489792 ; sb = 617.843082710006
      k =    1 ; sb/Sb = 0.196596469630175 ; sb = 667.843082710006
      k =  110 ; sb/Sb = 0.220259543308669 ; sb = 748.227130814059
      k =  109 ; sb/Sb = 0.328259557519817 ; sb = 1115.10585737094
      k =  108 ; sb/Sb = 0.407958630514881 ; sb = 1385.84558478456
      k =  107 ; sb/Sb = 0.490067690687153 ; sb = 1664.77209840419
      k =  332 ; sb/Sb = 0.556823402768609 ; sb = 1891.54290781316
      k =  106 ; sb/Sb = 0.623579114850065 ; sb = 2118.31371722213
      k =  105 ; sb/Sb = 0.722534744019516 ; sb = 2454.46844350156
      k =  229 ; sb/Sb = 0.819377040578079 ; sb = 2783.44412649348
      Creating new point: f = 0.171957474697114
    i = 17 ; sf/Sf = 0.800917649658644 ; sf = 2866.16013282268
      k =    6 ; sb/Sb = 0 ; sb = 0
      k =    5 ; sb/Sb = 0.0514104259769469 ; sb = 174.64249196573
      k =    4 ; sb/Sb = 0.115971957015989 ; sb = 393.959613960343
      k =    3 ; sb/Sb = 0.140246761409245 ; sb = 476.421726472696
      k =    2 ; sb/Sb = 0.181877707489792 ; sb = 617.843082710006
      k =    1 ; sb/Sb = 0.196596469630175 ; sb = 667.843082710006
      k =  110 ; sb/Sb = 0.220259543308669 ; sb = 748.227130814059
      k =  109 ; sb/Sb = 0.328259557519817 ; sb = 1115.10585737094
      k =  108 ; sb/Sb = 0.407958630514881 ; sb = 1385.84558478456
      k =  107 ; sb/Sb = 0.490067690687153 ; sb = 1664.77209840419
      k =  332 ; sb/Sb = 0.556823402768609 ; sb = 1891.54290781316
      k =  106 ; sb/Sb = 0.623579114850065 ; sb = 2118.31371722213
      k =  105 ; sb/Sb = 0.722534744019516 ; sb = 2454.46844350156
      k =  229 ; sb/Sb = 0.819377040578079 ; sb = 2783.44412649348
      Creating new point: f = 0.809387100725433
    i = 18 ; sf/Sf = 0.907104566218171 ; sf = 3246.16013282268
      k =    6 ; sb/Sb = 0 ; sb = 0
      k =    5 ; sb/Sb = 0.0514104259769469 ; sb = 174.64249196573
      k =    4 ; sb/Sb = 0.115971957015989 ; sb = 393.959613960343
      k =    3 ; sb/Sb = 0.140246761409245 ; sb = 476.421726472696
      k =    2 ; sb/Sb = 0.181877707489792 ; sb = 617.843082710006
      k =    1 ; sb/Sb = 0.196596469630175 ; sb = 667.843082710006
      k =  110 ; sb/Sb = 0.220259543308669 ; sb = 748.227130814059
      k =  109 ; sb/Sb = 0.328259557519817 ; sb = 1115.10585737094
      k =  108 ; sb/Sb = 0.407958630514881 ; sb = 1385.84558478456
      k =  107 ; sb/Sb = 0.490067690687153 ; sb = 1664.77209840419
      k =  332 ; sb/Sb = 0.556823402768609 ; sb = 1891.54290781316
      k =  106 ; sb/Sb = 0.623579114850065 ; sb = 2118.31371722213
      k =  105 ; sb/Sb = 0.722534744019516 ; sb = 2454.46844350156
      k =  229 ; sb/Sb = 0.819377040578079 ; sb = 2783.44412649348
      k =  104 ; sb/Sb = 0.916219337136642 ; sb = 3112.4198094854
      Creating new point: f = 0.905880268824905
    i = 19 ; sf/Sf = 0.957713167590686 ; sf = 3427.26783558543
      k =    6 ; sb/Sb = 0 ; sb = 0
      k =    5 ; sb/Sb = 0.0514104259769469 ; sb = 174.64249196573
      k =    4 ; sb/Sb = 0.115971957015989 ; sb = 393.959613960343
      k =    3 ; sb/Sb = 0.140246761409245 ; sb = 476.421726472696
      k =    2 ; sb/Sb = 0.181877707489792 ; sb = 617.843082710006
      k =    1 ; sb/Sb = 0.196596469630175 ; sb = 667.843082710006
      k =  110 ; sb/Sb = 0.220259543308669 ; sb = 748.227130814059
      k =  109 ; sb/Sb = 0.328259557519817 ; sb = 1115.10585737094
      k =  108 ; sb/Sb = 0.407958630514881 ; sb = 1385.84558478456
      k =  107 ; sb/Sb = 0.490067690687153 ; sb = 1664.77209840419
      k =  332 ; sb/Sb = 0.556823402768609 ; sb = 1891.54290781316
      k =  106 ; sb/Sb = 0.623579114850065 ; sb = 2118.31371722213
      k =  105 ; sb/Sb = 0.722534744019516 ; sb = 2454.46844350156
      k =  229 ; sb/Sb = 0.819377040578079 ; sb = 2783.44412649348
      k =  104 ; sb/Sb = 0.916219337136642 ; sb = 3112.4198094854
      k =  103 ; sb/Sb = 1 ; sb = 3397.02479890055
      Creating new point: f = 0.49526739268843
Triangulating...
[1] "Non-adjacent points in rim connected by line: 520 519"
[1] "In triangle: 159" "In triangle: 330"
[1] "Other points in triangles: 30 599"
[1] "Non-adjacent points in rim connected by line: 538 102"
[1] "In triangle: 944" "In triangle: 948"
[1] "Other points in triangles: 103 472"
Merging points...
Projecting to sphere...
Optimising mapping with FIRE...
E =  0.00207 | E_L =  0.00207 | E_A =  0.00000 |   0 flippped triangles
E =  0.00187 | E_L =  0.00187 | E_A =  0.00000 |  26 flippped triangles
        phi0    phi0.1    phi0.2    phi0.3    phi0.4    phi0.5    phi0.6
id    84.000   103.000   158.000   159.000   165.000  168.0000   455.000
A   3183.844  3120.642  2592.405  3014.532  1206.945 5006.2760  5149.395
a  -3998.240 -2670.884 -1995.135 -2403.412 -1312.576 -448.2048 -5026.518
      phi0.7    phi0.8    phi0.9   phi0.10   phi0.11   phi0.12   phi0.13
id   471.000  607.0000    608.00   609.000   620.000  624.0000   626.000
A   3993.303  758.0162  30675.80  3108.807  7608.616  151.5598  2861.418
a  -4155.950 -605.9255 -18556.46 -2191.220 -9389.726 -158.3115 -1992.476
     phi0.14    phi0.15   phi0.16   phi0.17   phi0.18     phi0.19   phi0.20
id   688.000 698.000000  708.0000   709.000   710.000 712.0000000  716.0000
A   4230.065   5.292906  819.9804  9048.482  1105.402   4.7694297  365.0543
a  -1957.773  -2.802927 -916.4250 -5512.399 -1440.226  -0.3036621 -300.4595
     phi0.21   phi0.22   phi0.23   phi0.24   phi0.25
id   720.000   722.000   723.000  760.0000  1018.000
A   1494.203  6327.514  1262.615  385.9521  2872.107
a  -1160.402 -6351.281 -1187.398 -313.7698 -2057.030
E =  0.00184 | E_L =  0.00184 | E_A =  0.00000 |  24 flippped triangles
        phi0    phi0.1    phi0.2    phi0.3    phi0.4    phi0.5    phi0.6
id    84.000   103.000   158.000   159.000  165.0000   174.000   293.000
A   3183.844  3120.642  2592.405  3014.532 1206.9448  2011.411 16969.455
a  -3402.888 -2365.921 -3043.885 -2301.842 -968.5292 -1267.392 -1505.074
      phi0.7    phi0.8    phi0.9   phi0.10   phi0.11   phi0.12   phi0.13
id   455.000  607.0000   608.000   609.000   620.000  624.0000   626.000
A   5149.395  758.0162 30675.802  3108.807  7608.616  151.5598  2861.418
a  -5169.590 -164.8284 -9019.342 -3343.113 -9257.249 -146.2074 -2694.452
     phi0.14    phi0.15   phi0.16   phi0.17   phi0.18    phi0.19   phi0.20
id  697.0000 698.000000   706.000  708.0000   709.000 712.000000   722.000
A   168.1945   5.292906  2997.525  819.9804  9048.482   4.769430  6327.514
a  -132.1562  -3.078797 -3083.409 -899.8654 -5939.687  -3.798632 -4837.490
     phi0.21   phi0.22   phi0.23
id  760.0000   899.000  1018.000
A   385.9521  3645.128  2872.107
a  -345.4967 -2146.312 -2058.085
E =  0.00184 | E_L =  0.00184 | E_A =  0.00000 |  24 flippped triangles
        phi0    phi0.1    phi0.2    phi0.3    phi0.4    phi0.5    phi0.6
id    84.000   103.000   158.000   159.000  165.0000   174.000   293.000
A   3183.844  3120.642  2592.405  3014.532 1206.9448  2011.411 16969.455
a  -3539.008 -2497.668 -2946.670 -2322.908 -955.4018 -1849.879 -1202.633
      phi0.7    phi0.8    phi0.9   phi0.10   phi0.11   phi0.12   phi0.13
id   455.000   608.000   609.000   620.000 624.00000   626.000  697.0000
A   5149.395 30675.802  3108.807  7608.616 151.55979  2861.418  168.1945
a  -5372.770 -5570.278 -3031.594 -8969.236 -99.43108 -2816.285 -143.1500
      phi0.14   phi0.15   phi0.16   phi0.17    phi0.18   phi0.19   phi0.20
id 698.000000   706.000  708.0000   709.000 712.000000   722.000   723.000
A    5.292906  2997.525  819.9804  9048.482   4.769430  6327.514  1262.615
a   -3.569893 -3112.672 -887.4540 -5918.027  -3.888377 -4568.654 -1113.428
     phi0.21   phi0.22   phi0.23
id  760.0000   899.000  1018.000
A   385.9521  3645.128  2872.107
a  -324.9195 -2567.759 -2044.988
FIRE:  4  stops.  0 hits of maxmove.  0 hits of dtmax.
Frms = 9.51640573630763e-06; Ftanrms = 9.51634819691137e-06
E =  0.00245 | E_L =  0.00243 | E_A =  0.00002 |   0 flippped triangles
E =  0.00189 | E_L =  0.00189 | E_A =  0.00000 |   0 flippped triangles
E =  0.00187 | E_L =  0.00187 | E_A =  0.00000 |   0 flippped triangles
E =  0.00185 | E_L =  0.00185 | E_A =  0.00000 |   0 flippped triangles
E =  0.00184 | E_L =  0.00184 | E_A =  0.00000 |   0 flippped triangles
E =  0.00183 | E_L =  0.00183 | E_A =  0.00000 |   0 flippped triangles
E =  0.00183 | E_L =  0.00183 | E_A =  0.00000 |   0 flippped triangles
Optimising mapping with BFGS...
E =  0.00183 | E_L =  0.00183 | E_A =  0.00000 |   0 flippped triangles
Transforming image...
Mapping optimised. Error: 0.00182789 ; 0 flipped triangles.
Inferring coordinates of datapoints
Inferring coordinates of landmarks
Mapping optimised. Error: 0.00182789 ; 0 flipped triangles. OD displacement: 6.51653 degrees.
Computing Kernel Density estimates of datapoints

[1] 0.7
Saving adult_retina/data/C57BL6J/single/red/GM507/R-CONTRA/r.mat
