[1] "Adding old segment 1"
[1] "Storing new segment 1"
[1] "Adding old segment 2"
[1] "Adding old segment 3"
[1] "Adding old segment 4"
[1] "Adding old segment 5"
[1] "Storing new segment 2"
simplify.outline: Removing vertex 1
simplify.outline: Removing vertex 13
simplify.outline: Removing vertex 28
Triangulating...
[1] "Non-adjacent points in rim connected by line: 50 37"
[1] "In triangle: 15" "In triangle: 58"
[1] "Other points in triangles: 38 51"
[1] "Non-adjacent points in rim connected by line: 56 47"
[1] "In triangle: 41" "In triangle: 72"
[1] "Other points in triangles: 58 39"
[1] "Non-adjacent points in rim connected by line: 283 280"
[1] "In triangle: 482" "In triangle: 483"
[1] "Other points in triangles: 279 17"
Stitching...
Tear 1 child of backward side of tear 2
Tear 2 child of rim
Tear 3 child of rim
Tear 4 child of rim
Tear 5 child of rim
Tear 1 : Sf = 1713.58943840747 ; Sb = 1616.00715593763
  Forwards path
    i = 21 ; sf/Sf = 0.282293677852889 ; sf = 483.735464897913
      k =   20 ; sb/Sb = 0 ; sb = 0
      k =  155 ; sb/Sb = 0.187719605775099 ; sb = 303.35622624235
      k =   19 ; sb/Sb = 0.375439211550198 ; sb = 606.712452484701
      Creating new point: f = 0.503804979172483
    i = 22 ; sf/Sf = 0.399589867895479 ; sf = 684.732977320331
      k =   20 ; sb/Sb = 0 ; sb = 0
      k =  155 ; sb/Sb = 0.187719605775099 ; sb = 303.35622624235
      k =   19 ; sb/Sb = 0.375439211550198 ; sb = 606.712452484701
      k =   18 ; sb/Sb = 0.570830096371952 ; sb = 922.465520561639
      Creating new point: f = 0.123601755359841
    i = 23 ; sf/Sf = 0.637998179221196 ; sf = 1093.26694163664
      k =   20 ; sb/Sb = 0 ; sb = 0
      k =  155 ; sb/Sb = 0.187719605775099 ; sb = 303.35622624235
      k =   19 ; sb/Sb = 0.375439211550198 ; sb = 606.712452484701
      k =   18 ; sb/Sb = 0.570830096371952 ; sb = 922.465520561639
      k =  280 ; sb/Sb = 0.785415048185976 ; sb = 1269.23633824963
      Creating new point: f = 0.313013947536535
Tear 2 : Sf = 3532.37497013076 ; Sb = 3662.86264921772
  Forwards path
    i = 340 ; sf/Sf = 0.116946262729125 ; sf = 413.098051314697
      k =   26 ; sb/Sb = 0 ; sb = 0
      k =   25 ; sb/Sb = 0.174748054057913 ; sb = 640.07812023221
      Creating new point: f = 0.669227839815417
    i = 27 ; sf/Sf = 0.23389252545825 ; sf = 826.196102629394
      k =   26 ; sb/Sb = 0 ; sb = 0
      k =   25 ; sb/Sb = 0.174748054057913 ; sb = 640.07812023221
      k =  169 ; sb/Sb = 0.295568700270703 ; sb = 1082.62755249939
      Creating new point: f = 0.48952288581681
    i = 28 ; sf/Sf = 0.340006202361003 ; sf = 1201.02939890922
      k =   26 ; sb/Sb = 0 ; sb = 0
      k =   25 ; sb/Sb = 0.174748054057913 ; sb = 640.07812023221
      k =  169 ; sb/Sb = 0.295568700270703 ; sb = 1082.62755249939
      k =  173 ; sb/Sb = 0.355979023377098 ; sb = 1303.90226863297
      Creating new point: f = 0.735594511091032
    i = 359 ; sf/Sf = 0.444147316384555 ; sf = 1568.89486344755
      k =   26 ; sb/Sb = 0 ; sb = 0
      k =   25 ; sb/Sb = 0.174748054057913 ; sb = 640.07812023221
      k =  169 ; sb/Sb = 0.295568700270703 ; sb = 1082.62755249939
      k =  173 ; sb/Sb = 0.355979023377098 ; sb = 1303.90226863297
      k =   24 ; sb/Sb = 0.416389346483493 ; sb = 1525.17698476656
      k =   17 ; sb/Sb = 0.416389346483493 ; sb = 1525.17698476656
      k =  283 ; sb/Sb = 0.489340678173056 ; sb = 1792.38769282296
      Creating new point: f = 0.380499838154881
    i = 357 ; sf/Sf = 0.548288430408107 ; sf = 1936.76032798588
      k =   26 ; sb/Sb = 0 ; sb = 0
      k =   25 ; sb/Sb = 0.174748054057913 ; sb = 640.07812023221
      k =  169 ; sb/Sb = 0.295568700270703 ; sb = 1082.62755249939
      k =  173 ; sb/Sb = 0.355979023377098 ; sb = 1303.90226863297
      k =   24 ; sb/Sb = 0.416389346483493 ; sb = 1525.17698476656
      k =   17 ; sb/Sb = 0.416389346483493 ; sb = 1525.17698476656
      k =  283 ; sb/Sb = 0.489340678173056 ; sb = 1792.38769282296
      k =  274 ; sb/Sb = 0.56229200986262 ; sb = 2059.59840087935
      Creating new point: f = 0.808042168248502
    i = 430 ; sf/Sf = 0.652429544431659 ; sf = 2304.6257925242
      k =   26 ; sb/Sb = 0 ; sb = 0
      k =   25 ; sb/Sb = 0.174748054057913 ; sb = 640.07812023221
      k =  169 ; sb/Sb = 0.295568700270703 ; sb = 1082.62755249939
      k =  173 ; sb/Sb = 0.355979023377098 ; sb = 1303.90226863297
      k =   24 ; sb/Sb = 0.416389346483493 ; sb = 1525.17698476656
      k =   17 ; sb/Sb = 0.416389346483493 ; sb = 1525.17698476656
      k =  283 ; sb/Sb = 0.489340678173056 ; sb = 1792.38769282296
      k =  274 ; sb/Sb = 0.56229200986262 ; sb = 2059.59840087935
      k =  290 ; sb/Sb = 0.635243341552183 ; sb = 2326.80910893575
      k =  249 ; sb/Sb = 0.708194673241746 ; sb = 2594.01981699214
      Creating new point: f = 0.235584498342124
    i = 29 ; sf/Sf = 0.75657065845521 ; sf = 2672.49125706253
      k =   26 ; sb/Sb = 0 ; sb = 0
      k =   25 ; sb/Sb = 0.174748054057913 ; sb = 640.07812023221
      k =  169 ; sb/Sb = 0.295568700270703 ; sb = 1082.62755249939
      k =  173 ; sb/Sb = 0.355979023377098 ; sb = 1303.90226863297
      k =   24 ; sb/Sb = 0.416389346483493 ; sb = 1525.17698476656
      k =   17 ; sb/Sb = 0.416389346483493 ; sb = 1525.17698476656
      k =  283 ; sb/Sb = 0.489340678173056 ; sb = 1792.38769282296
      k =  274 ; sb/Sb = 0.56229200986262 ; sb = 2059.59840087935
      k =  290 ; sb/Sb = 0.635243341552183 ; sb = 2326.80910893575
      k =  249 ; sb/Sb = 0.708194673241746 ; sb = 2594.01981699214
      k =  327 ; sb/Sb = 0.854097336620873 ; sb = 3128.44123310493
      Creating new point: f = 0.331563414217872
    i = 439 ; sf/Sf = 0.878285329227605 ; sf = 3102.43311359665
      k =   26 ; sb/Sb = 0 ; sb = 0
      k =   25 ; sb/Sb = 0.174748054057913 ; sb = 640.07812023221
      k =  169 ; sb/Sb = 0.295568700270703 ; sb = 1082.62755249939
      k =  173 ; sb/Sb = 0.355979023377098 ; sb = 1303.90226863297
      k =   24 ; sb/Sb = 0.416389346483493 ; sb = 1525.17698476656
      k =   17 ; sb/Sb = 0.416389346483493 ; sb = 1525.17698476656
      k =  283 ; sb/Sb = 0.489340678173056 ; sb = 1792.38769282296
      k =  274 ; sb/Sb = 0.56229200986262 ; sb = 2059.59840087935
      k =  290 ; sb/Sb = 0.635243341552183 ; sb = 2326.80910893575
      k =  249 ; sb/Sb = 0.708194673241746 ; sb = 2594.01981699214
      k =  327 ; sb/Sb = 0.854097336620873 ; sb = 3128.44123310493
      k =  336 ; sb/Sb = 0.927048668310437 ; sb = 3395.65194116133
      Creating new point: f = 0.331563414217869
    i = 443 ; sf/Sf = 0.939142664613803 ; sf = 3317.4040418637
      k =   26 ; sb/Sb = 0 ; sb = 0
      k =   25 ; sb/Sb = 0.174748054057913 ; sb = 640.07812023221
      k =  169 ; sb/Sb = 0.295568700270703 ; sb = 1082.62755249939
      k =  173 ; sb/Sb = 0.355979023377098 ; sb = 1303.90226863297
      k =   24 ; sb/Sb = 0.416389346483493 ; sb = 1525.17698476656
      k =   17 ; sb/Sb = 0.416389346483493 ; sb = 1525.17698476656
      k =  283 ; sb/Sb = 0.489340678173056 ; sb = 1792.38769282296
      k =  274 ; sb/Sb = 0.56229200986262 ; sb = 2059.59840087935
      k =  290 ; sb/Sb = 0.635243341552183 ; sb = 2326.80910893575
      k =  249 ; sb/Sb = 0.708194673241746 ; sb = 2594.01981699214
      k =  327 ; sb/Sb = 0.854097336620873 ; sb = 3128.44123310493
      k =  336 ; sb/Sb = 0.927048668310437 ; sb = 3395.65194116133
      k =   16 ; sb/Sb = 1 ; sb = 3662.86264921772
      Creating new point: f = 0.165781707108936
Tear 3 : Sf = 2598.6306137143 ; Sb = 2453.46420579506
  Forwards path
    i = 76 ; sf/Sf = 0.179147171399928 ; sf = 465.537323960174
      k =   35 ; sb/Sb = 0 ; sb = 0
      k =  381 ; sb/Sb = 0.104854664863297 ; sb = 257.257167052737
      k =  364 ; sb/Sb = 0.209709329726595 ; sb = 514.514334105475
      Creating new point: f = 0.708528386729268
    i = 36 ; sf/Sf = 0.358294342799855 ; sf = 931.074647920348
      k =   35 ; sb/Sb = 0 ; sb = 0
      k =  381 ; sb/Sb = 0.104854664863297 ; sb = 257.257167052737
      k =  364 ; sb/Sb = 0.209709329726595 ; sb = 514.514334105475
      k =  376 ; sb/Sb = 0.314563994589892 ; sb = 771.771501158212
      k =   34 ; sb/Sb = 0.41941865945319 ; sb = 1029.02866821095
      Creating new point: f = 0.417056773458537
    i = 52 ; sf/Sf = 0.51107486825308 ; sf = 1328.09479854245
      k =   35 ; sb/Sb = 0 ; sb = 0
      k =  381 ; sb/Sb = 0.104854664863297 ; sb = 257.257167052737
      k =  364 ; sb/Sb = 0.209709329726595 ; sb = 514.514334105475
      k =  376 ; sb/Sb = 0.314563994589892 ; sb = 771.771501158212
      k =   34 ; sb/Sb = 0.41941865945319 ; sb = 1029.02866821095
      k =  394 ; sb/Sb = 0.559384873699455 ; sb = 1372.4307648848
      Creating new point: f = 0.65484523742726
    i = 37 ; sf/Sf = 0.663855393706305 ; sf = 1725.11494916456
      k =   35 ; sb/Sb = 0 ; sb = 0
      k =  381 ; sb/Sb = 0.104854664863297 ; sb = 257.257167052737
      k =  364 ; sb/Sb = 0.209709329726595 ; sb = 514.514334105475
      k =  376 ; sb/Sb = 0.314563994589892 ; sb = 771.771501158212
      k =   34 ; sb/Sb = 0.41941865945319 ; sb = 1029.02866821095
      k =  394 ; sb/Sb = 0.559384873699455 ; sb = 1372.4307648848
      k =   33 ; sb/Sb = 0.699351087945721 ; sb = 1715.83286155866
      Creating new point: f = 0.74639812592943
    i = 38 ; sf/Sf = 0.681064980676449 ; sf = 1769.83630871456
      k =   35 ; sb/Sb = 0 ; sb = 0
      k =  381 ; sb/Sb = 0.104854664863297 ; sb = 257.257167052737
      k =  364 ; sb/Sb = 0.209709329726595 ; sb = 514.514334105475
      k =  376 ; sb/Sb = 0.314563994589892 ; sb = 771.771501158212
      k =   34 ; sb/Sb = 0.41941865945319 ; sb = 1029.02866821095
      k =  394 ; sb/Sb = 0.559384873699455 ; sb = 1372.4307648848
      k =   33 ; sb/Sb = 0.699351087945721 ; sb = 1715.83286155866
      Creating new point: f = 0.869353419553825
    i = 50 ; sf/Sf = 0.705693336727609 ; sf = 1833.83630871456
      k =   35 ; sb/Sb = 0 ; sb = 0
      k =  381 ; sb/Sb = 0.104854664863297 ; sb = 257.257167052737
      k =  364 ; sb/Sb = 0.209709329726595 ; sb = 514.514334105475
      k =  376 ; sb/Sb = 0.314563994589892 ; sb = 771.771501158212
      k =   34 ; sb/Sb = 0.41941865945319 ; sb = 1029.02866821095
      k =  394 ; sb/Sb = 0.559384873699455 ; sb = 1372.4307648848
      k =   33 ; sb/Sb = 0.699351087945721 ; sb = 1715.83286155866
      k =  375 ; sb/Sb = 0.84967554397286 ; sb = 2084.64853367686
      Creating new point: f = 0.0421903990175994
    i = 49 ; sf/Sf = 0.730321692778769 ; sf = 1897.83630871456
      k =   35 ; sb/Sb = 0 ; sb = 0
      k =  381 ; sb/Sb = 0.104854664863297 ; sb = 257.257167052737
      k =  364 ; sb/Sb = 0.209709329726595 ; sb = 514.514334105475
      k =  376 ; sb/Sb = 0.314563994589892 ; sb = 771.771501158212
      k =   34 ; sb/Sb = 0.41941865945319 ; sb = 1029.02866821095
      k =  394 ; sb/Sb = 0.559384873699455 ; sb = 1372.4307648848
      k =   33 ; sb/Sb = 0.699351087945721 ; sb = 1715.83286155866
      k =  375 ; sb/Sb = 0.84967554397286 ; sb = 2084.64853367686
      Creating new point: f = 0.206025058407377
    i = 48 ; sf/Sf = 0.779578404881089 ; sf = 2025.83630871456
      k =   35 ; sb/Sb = 0 ; sb = 0
      k =  381 ; sb/Sb = 0.104854664863297 ; sb = 257.257167052737
      k =  364 ; sb/Sb = 0.209709329726595 ; sb = 514.514334105475
      k =  376 ; sb/Sb = 0.314563994589892 ; sb = 771.771501158212
      k =   34 ; sb/Sb = 0.41941865945319 ; sb = 1029.02866821095
      k =  394 ; sb/Sb = 0.559384873699455 ; sb = 1372.4307648848
      k =   33 ; sb/Sb = 0.699351087945721 ; sb = 1715.83286155866
      k =  375 ; sb/Sb = 0.84967554397286 ; sb = 2084.64853367686
      Creating new point: f = 0.533694377186931
    i = 47 ; sf/Sf = 0.878091829085729 ; sf = 2281.83630871456
      k =   35 ; sb/Sb = 0 ; sb = 0
      k =  381 ; sb/Sb = 0.104854664863297 ; sb = 257.257167052737
      k =  364 ; sb/Sb = 0.209709329726595 ; sb = 514.514334105475
      k =  376 ; sb/Sb = 0.314563994589892 ; sb = 771.771501158212
      k =   34 ; sb/Sb = 0.41941865945319 ; sb = 1029.02866821095
      k =  394 ; sb/Sb = 0.559384873699455 ; sb = 1372.4307648848
      k =   33 ; sb/Sb = 0.699351087945721 ; sb = 1715.83286155866
      k =  375 ; sb/Sb = 0.84967554397286 ; sb = 2084.64853367686
      k =   32 ; sb/Sb = 1 ; sb = 2453.46420579506
      Creating new point: f = 0.189033014746039
Tear 4 : Sf = 3501.42592332437 ; Sb = 3397.30482863811
  Forwards path
    i = 233 ; sf/Sf = 0.114355137786342 ; sf = 400.406043910428
      k =    9 ; sb/Sb = 0 ; sb = 0
      k =    8 ; sb/Sb = 0.125505403139665 ; sb = 426.380112106557
      Creating new point: f = 0.911157089062414
    i = 10 ; sf/Sf = 0.228710275572684 ; sf = 800.812087820857
      k =    9 ; sb/Sb = 0 ; sb = 0
      k =    8 ; sb/Sb = 0.125505403139665 ; sb = 426.380112106557
      k =    7 ; sb/Sb = 0.265376329885782 ; sb = 901.564286927226
      Creating new point: f = 0.7378579296922
    i = 11 ; sf/Sf = 0.343838482264031 ; sf = 1203.92497523578
      k =    9 ; sb/Sb = 0 ; sb = 0
      k =    8 ; sb/Sb = 0.125505403139665 ; sb = 426.380112106557
      k =    7 ; sb/Sb = 0.265376329885782 ; sb = 901.564286927226
      k =  188 ; sb/Sb = 0.347244142671481 ; sb = 1179.69420261412
      Creating new point: f = 0.958400495975567
    i = 12 ; sf/Sf = 0.415237965067494 ; sf = 1453.92497523578
      k =    9 ; sb/Sb = 0 ; sb = 0
      k =    8 ; sb/Sb = 0.125505403139665 ; sb = 426.380112106557
      k =    7 ; sb/Sb = 0.265376329885782 ; sb = 901.564286927226
      k =  188 ; sb/Sb = 0.347244142671481 ; sb = 1179.69420261412
      k =  176 ; sb/Sb = 0.42911195545718 ; sb = 1457.82411830102
      Creating new point: f = 0.830531805875858
    i = 319 ; sf/Sf = 0.504968680972275 ; sf = 1768.11043002324
      k =    9 ; sb/Sb = 0 ; sb = 0
      k =    8 ; sb/Sb = 0.125505403139665 ; sb = 426.380112106557
      k =    7 ; sb/Sb = 0.265376329885782 ; sb = 901.564286927226
      k =  188 ; sb/Sb = 0.347244142671481 ; sb = 1179.69420261412
      k =  176 ; sb/Sb = 0.42911195545718 ; sb = 1457.82411830102
      k =  181 ; sb/Sb = 0.510979768242879 ; sb = 1735.95403398791
      Creating new point: f = 0.926575694817465
    i = 213 ; sf/Sf = 0.594699396877056 ; sf = 2082.29588481069
      k =    9 ; sb/Sb = 0 ; sb = 0
      k =    8 ; sb/Sb = 0.125505403139665 ; sb = 426.380112106557
      k =    7 ; sb/Sb = 0.265376329885782 ; sb = 901.564286927226
      k =  188 ; sb/Sb = 0.347244142671481 ; sb = 1179.69420261412
      k =  176 ; sb/Sb = 0.42911195545718 ; sb = 1457.82411830102
      k =  181 ; sb/Sb = 0.510979768242879 ; sb = 1735.95403398791
      k =    6 ; sb/Sb = 0.592847581028578 ; sb = 2014.08394967481
      k =  179 ; sb/Sb = 0.656958760545 ; sb = 2231.88916941564
      Creating new point: f = 0.0288844451536554
    i = 218 ; sf/Sf = 0.684430112781837 ; sf = 2396.48133959815
      k =    9 ; sb/Sb = 0 ; sb = 0
      k =    8 ; sb/Sb = 0.125505403139665 ; sb = 426.380112106557
      k =    7 ; sb/Sb = 0.265376329885782 ; sb = 901.564286927226
      k =  188 ; sb/Sb = 0.347244142671481 ; sb = 1179.69420261412
      k =  176 ; sb/Sb = 0.42911195545718 ; sb = 1457.82411830102
      k =  181 ; sb/Sb = 0.510979768242879 ; sb = 1735.95403398791
      k =    6 ; sb/Sb = 0.592847581028578 ; sb = 2014.08394967481
      k =  179 ; sb/Sb = 0.656958760545 ; sb = 2231.88916941564
      k =   70 ; sb/Sb = 0.721069940061422 ; sb = 2449.69438915646
      Creating new point: f = 0.428495504903334
    i = 13 ; sf/Sf = 0.774160828686618 ; sf = 2710.6667943856
      k =    9 ; sb/Sb = 0 ; sb = 0
      k =    8 ; sb/Sb = 0.125505403139665 ; sb = 426.380112106557
      k =    7 ; sb/Sb = 0.265376329885782 ; sb = 901.564286927226
      k =  188 ; sb/Sb = 0.347244142671481 ; sb = 1179.69420261412
      k =  176 ; sb/Sb = 0.42911195545718 ; sb = 1457.82411830102
      k =  181 ; sb/Sb = 0.510979768242879 ; sb = 1735.95403398791
      k =    6 ; sb/Sb = 0.592847581028578 ; sb = 2014.08394967481
      k =  179 ; sb/Sb = 0.656958760545 ; sb = 2231.88916941564
      k =   70 ; sb/Sb = 0.721069940061422 ; sb = 2449.69438915646
      k =   62 ; sb/Sb = 0.849292299094265 ; sb = 2885.30482863811
      Creating new point: f = 0.414053282326506
    i = 175 ; sf/Sf = 0.887080414343309 ; sf = 3106.04635885499
      k =    9 ; sb/Sb = 0 ; sb = 0
      k =    8 ; sb/Sb = 0.125505403139665 ; sb = 426.380112106557
      k =    7 ; sb/Sb = 0.265376329885782 ; sb = 901.564286927226
      k =  188 ; sb/Sb = 0.347244142671481 ; sb = 1179.69420261412
      k =  176 ; sb/Sb = 0.42911195545718 ; sb = 1457.82411830102
      k =  181 ; sb/Sb = 0.510979768242879 ; sb = 1735.95403398791
      k =    6 ; sb/Sb = 0.592847581028578 ; sb = 2014.08394967481
      k =  179 ; sb/Sb = 0.656958760545 ; sb = 2231.88916941564
      k =   70 ; sb/Sb = 0.721069940061422 ; sb = 2449.69438915646
      k =   62 ; sb/Sb = 0.849292299094265 ; sb = 2885.30482863811
      k =    5 ; sb/Sb = 1 ; sb = 3397.30482863811
      Creating new point: f = 0.250737785938886
Tear 5 : Sf = 3025.80309897013 ; Sb = 3204.28159709767
  Forwards path
    i = 122 ; sf/Sf = 0.171162634976057 ; sf = 517.904431338447
      k =   46 ; sb/Sb = 0 ; sb = 0
      k =  310 ; sb/Sb = 0.0936767294946717 ; sb = 300.166620396073
      k =  305 ; sb/Sb = 0.187353458989343 ; sb = 600.333240792145
      Creating new point: f = 0.827162795919268
    i = 1 ; sf/Sf = 0.342325269952115 ; sf = 1035.80886267689
      k =   46 ; sb/Sb = 0 ; sb = 0
      k =  310 ; sb/Sb = 0.0936767294946717 ; sb = 300.166620396073
      k =  305 ; sb/Sb = 0.187353458989343 ; sb = 600.333240792145
      k =   45 ; sb/Sb = 0.374706917978687 ; sb = 1200.66648158429
      Creating new point: f = 0.827162795919268
    i = 108 ; sf/Sf = 0.517555516045357 ; sf = 1566.02108433913
      k =   46 ; sb/Sb = 0 ; sb = 0
      k =  310 ; sb/Sb = 0.0936767294946717 ; sb = 300.166620396073
      k =  305 ; sb/Sb = 0.187353458989343 ; sb = 600.333240792145
      k =   45 ; sb/Sb = 0.374706917978687 ; sb = 1200.66648158429
      k =   44 ; sb/Sb = 0.582212403450819 ; sb = 1865.57248997946
      Creating new point: f = 0.688408779852978
    i = 2 ; sf/Sf = 0.6927857621386 ; sf = 2096.23330600136
      k =   46 ; sb/Sb = 0 ; sb = 0
      k =  310 ; sb/Sb = 0.0936767294946717 ; sb = 300.166620396073
      k =  305 ; sb/Sb = 0.187353458989343 ; sb = 600.333240792145
      k =   45 ; sb/Sb = 0.374706917978687 ; sb = 1200.66648158429
      k =   44 ; sb/Sb = 0.582212403450819 ; sb = 1865.57248997946
      k =  297 ; sb/Sb = 0.672998358224354 ; sb = 2156.47625413524
      k =   43 ; sb/Sb = 0.763784312997888 ; sb = 2447.38001829102
      Creating new point: f = 0.217956664812374
    i = 99 ; sf/Sf = 0.8463928810693 ; sf = 2561.01820248574
      k =   46 ; sb/Sb = 0 ; sb = 0
      k =  310 ; sb/Sb = 0.0936767294946717 ; sb = 300.166620396073
      k =  305 ; sb/Sb = 0.187353458989343 ; sb = 600.333240792145
      k =   45 ; sb/Sb = 0.374706917978687 ; sb = 1200.66648158429
      k =   44 ; sb/Sb = 0.582212403450819 ; sb = 1865.57248997946
      k =  297 ; sb/Sb = 0.672998358224354 ; sb = 2156.47625413524
      k =   43 ; sb/Sb = 0.763784312997888 ; sb = 2447.38001829102
      k =   72 ; sb/Sb = 0.881892156498944 ; sb = 2825.83080769434
      Creating new point: f = 0.699433379042888
Tear 1 : Sf = 1616.00715593763 ; Sb = 1713.58943840747
  Backwards path
    i = 155 ; sf/Sf = 0.187719605775099 ; sf = 303.35622624235
      k =   20 ; sb/Sb = 0 ; sb = 0
      k =   21 ; sb/Sb = 0.282293677852889 ; sb = 483.735464897913
      Creating new point: f = 0.664979843696409
    i = 19 ; sf/Sf = 0.375439211550198 ; sf = 606.712452484701
      k =   20 ; sb/Sb = 0 ; sb = 0
      k =   21 ; sb/Sb = 0.282293677852889 ; sb = 483.735464897913
      k =   22 ; sb/Sb = 0.399589867895479 ; sb = 684.732977320331
      Creating new point: f = 0.794105364065855
    i = 18 ; sf/Sf = 0.570830096371952 ; sf = 922.465520561639
      k =   20 ; sb/Sb = 0 ; sb = 0
      k =   21 ; sb/Sb = 0.282293677852889 ; sb = 483.735464897913
      k =   22 ; sb/Sb = 0.399589867895479 ; sb = 684.732977320331
      k =   23 ; sb/Sb = 0.637998179221196 ; sb = 1093.26694163664
      Creating new point: f = 0.718264508163565
    i = 280 ; sf/Sf = 0.785415048185976 ; sf = 1269.23633824963
      k =   20 ; sb/Sb = 0 ; sb = 0
      k =   21 ; sb/Sb = 0.282293677852889 ; sb = 483.735464897913
      k =   22 ; sb/Sb = 0.399589867895479 ; sb = 684.732977320331
      k =   23 ; sb/Sb = 0.637998179221196 ; sb = 1093.26694163664
      k =   24 ; sb/Sb = 1 ; sb = 1713.58943840747
      Creating new point: f = 0.407226871532385
Tear 2 : Sf = 3662.86264921772 ; Sb = 3532.37497013076
  Backwards path
    i = 25 ; sf/Sf = 0.174748054057913 ; sf = 640.07812023221
      k =   26 ; sb/Sb = 0 ; sb = 0
      k =  340 ; sb/Sb = 0.116946262729125 ; sb = 413.098051314697
      k =   27 ; sb/Sb = 0.23389252545825 ; sb = 826.196102629394
      Creating new point: f = 0.494259414365988
    i = 169 ; sf/Sf = 0.295568700270703 ; sf = 1082.62755249939
      k =   26 ; sb/Sb = 0 ; sb = 0
      k =  340 ; sb/Sb = 0.116946262729125 ; sb = 413.098051314697
      k =   27 ; sb/Sb = 0.23389252545825 ; sb = 826.196102629394
      k =   28 ; sb/Sb = 0.340006202361003 ; sb = 1201.02939890922
      Creating new point: f = 0.581227383808175
    i = 173 ; sf/Sf = 0.355979023377098 ; sf = 1303.90226863297
      k =   26 ; sb/Sb = 0 ; sb = 0
      k =  340 ; sb/Sb = 0.116946262729125 ; sb = 413.098051314697
      k =   27 ; sb/Sb = 0.23389252545825 ; sb = 826.196102629394
      k =   28 ; sb/Sb = 0.340006202361003 ; sb = 1201.02939890922
      k =  359 ; sb/Sb = 0.444147316384555 ; sb = 1568.89486344755
      Creating new point: f = 0.153376705884698
    i = 24 ; sf/Sf = 0.416389346483493 ; sf = 1525.17698476656
      k =   26 ; sb/Sb = 0 ; sb = 0
      k =  340 ; sb/Sb = 0.116946262729125 ; sb = 413.098051314697
      k =   27 ; sb/Sb = 0.23389252545825 ; sb = 826.196102629394
      k =   28 ; sb/Sb = 0.340006202361003 ; sb = 1201.02939890922
      k =  359 ; sb/Sb = 0.444147316384555 ; sb = 1568.89486344755
    i = 17 ; sf/Sf = 0.416389346483493 ; sf = 1525.17698476656
      k =   26 ; sb/Sb = 0 ; sb = 0
      k =  340 ; sb/Sb = 0.116946262729125 ; sb = 413.098051314697
      k =   27 ; sb/Sb = 0.23389252545825 ; sb = 826.196102629394
      k =   28 ; sb/Sb = 0.340006202361003 ; sb = 1201.02939890922
      k =  359 ; sb/Sb = 0.444147316384555 ; sb = 1568.89486344755
      Creating new point: f = 0.733458104790541
    i = 283 ; sf/Sf = 0.489340678173056 ; sf = 1792.38769282296
      k =   26 ; sb/Sb = 0 ; sb = 0
      k =  340 ; sb/Sb = 0.116946262729125 ; sb = 413.098051314697
      k =   27 ; sb/Sb = 0.23389252545825 ; sb = 826.196102629394
      k =   28 ; sb/Sb = 0.340006202361003 ; sb = 1201.02939890922
      k =  359 ; sb/Sb = 0.444147316384555 ; sb = 1568.89486344755
      k =  357 ; sb/Sb = 0.548288430408107 ; sb = 1936.76032798588
      Creating new point: f = 0.433962726558512
    i = 274 ; sf/Sf = 0.56229200986262 ; sf = 2059.59840087935
      k =   26 ; sb/Sb = 0 ; sb = 0
      k =  340 ; sb/Sb = 0.116946262729125 ; sb = 413.098051314697
      k =   27 ; sb/Sb = 0.23389252545825 ; sb = 826.196102629394
      k =   28 ; sb/Sb = 0.340006202361003 ; sb = 1201.02939890922
      k =  359 ; sb/Sb = 0.444147316384555 ; sb = 1568.89486344755
      k =  357 ; sb/Sb = 0.548288430408107 ; sb = 1936.76032798588
      k =  430 ; sb/Sb = 0.652429544431659 ; sb = 2304.6257925242
      Creating new point: f = 0.134467348326482
    i = 290 ; sf/Sf = 0.635243341552183 ; sf = 2326.80910893575
      k =   26 ; sb/Sb = 0 ; sb = 0
      k =  340 ; sb/Sb = 0.116946262729125 ; sb = 413.098051314697
      k =   27 ; sb/Sb = 0.23389252545825 ; sb = 826.196102629394
      k =   28 ; sb/Sb = 0.340006202361003 ; sb = 1201.02939890922
      k =  359 ; sb/Sb = 0.444147316384555 ; sb = 1568.89486344755
      k =  357 ; sb/Sb = 0.548288430408107 ; sb = 1936.76032798588
      k =  430 ; sb/Sb = 0.652429544431659 ; sb = 2304.6257925242
      Creating new point: f = 0.834971970094454
    i = 249 ; sf/Sf = 0.708194673241746 ; sf = 2594.01981699214
      k =   26 ; sb/Sb = 0 ; sb = 0
      k =  340 ; sb/Sb = 0.116946262729125 ; sb = 413.098051314697
      k =   27 ; sb/Sb = 0.23389252545825 ; sb = 826.196102629394
      k =   28 ; sb/Sb = 0.340006202361003 ; sb = 1201.02939890922
      k =  359 ; sb/Sb = 0.444147316384555 ; sb = 1568.89486344755
      k =  357 ; sb/Sb = 0.548288430408107 ; sb = 1936.76032798588
      k =  430 ; sb/Sb = 0.652429544431659 ; sb = 2304.6257925242
      k =   29 ; sb/Sb = 0.75657065845521 ; sb = 2672.49125706253
      Creating new point: f = 0.535476591862425
    i = 327 ; sf/Sf = 0.854097336620873 ; sf = 3128.44123310493
      k =   26 ; sb/Sb = 0 ; sb = 0
      k =  340 ; sb/Sb = 0.116946262729125 ; sb = 413.098051314697
      k =   27 ; sb/Sb = 0.23389252545825 ; sb = 826.196102629394
      k =   28 ; sb/Sb = 0.340006202361003 ; sb = 1201.02939890922
      k =  359 ; sb/Sb = 0.444147316384555 ; sb = 1568.89486344755
      k =  357 ; sb/Sb = 0.548288430408107 ; sb = 1936.76032798588
      k =  430 ; sb/Sb = 0.652429544431659 ; sb = 2304.6257925242
      k =   29 ; sb/Sb = 0.75657065845521 ; sb = 2672.49125706253
      k =  439 ; sb/Sb = 0.878285329227605 ; sb = 3102.43311359665
      Creating new point: f = 0.801272989909626
    i = 336 ; sf/Sf = 0.927048668310437 ; sf = 3395.65194116133
      k =   26 ; sb/Sb = 0 ; sb = 0
      k =  340 ; sb/Sb = 0.116946262729125 ; sb = 413.098051314697
      k =   27 ; sb/Sb = 0.23389252545825 ; sb = 826.196102629394
      k =   28 ; sb/Sb = 0.340006202361003 ; sb = 1201.02939890922
      k =  359 ; sb/Sb = 0.444147316384555 ; sb = 1568.89486344755
      k =  357 ; sb/Sb = 0.548288430408107 ; sb = 1936.76032798588
      k =  430 ; sb/Sb = 0.652429544431659 ; sb = 2304.6257925242
      k =   29 ; sb/Sb = 0.75657065845521 ; sb = 2672.49125706253
      k =  439 ; sb/Sb = 0.878285329227605 ; sb = 3102.43311359665
      k =  443 ; sb/Sb = 0.939142664613803 ; sb = 3317.4040418637
      Creating new point: f = 0.801272989909628
Tear 3 : Sf = 2453.46420579506 ; Sb = 2598.6306137143
  Backwards path
    i = 381 ; sf/Sf = 0.104854664863297 ; sf = 257.257167052737
      k =   35 ; sb/Sb = 0 ; sb = 0
      k =   76 ; sb/Sb = 0.179147171399928 ; sb = 465.537323960174
      Creating new point: f = 0.585299025621901
    i = 364 ; sf/Sf = 0.209709329726595 ; sf = 514.514334105475
      k =   35 ; sb/Sb = 0 ; sb = 0
      k =   76 ; sb/Sb = 0.179147171399928 ; sb = 465.537323960174
      k =   36 ; sb/Sb = 0.358294342799855 ; sb = 931.074647920348
      Creating new point: f = 0.170598051243803
    i = 376 ; sf/Sf = 0.314563994589892 ; sf = 771.771501158212
      k =   35 ; sb/Sb = 0 ; sb = 0
      k =   76 ; sb/Sb = 0.179147171399928 ; sb = 465.537323960174
      k =   36 ; sb/Sb = 0.358294342799855 ; sb = 931.074647920348
      Creating new point: f = 0.755897076865704
    i = 34 ; sf/Sf = 0.41941865945319 ; sf = 1029.02866821095
      k =   35 ; sb/Sb = 0 ; sb = 0
      k =   76 ; sb/Sb = 0.179147171399928 ; sb = 465.537323960174
      k =   36 ; sb/Sb = 0.358294342799855 ; sb = 931.074647920348
      k =   52 ; sb/Sb = 0.51107486825308 ; sb = 1328.09479854245
      Creating new point: f = 0.400079240937342
    i = 394 ; sf/Sf = 0.559384873699455 ; sf = 1372.4307648848
      k =   35 ; sb/Sb = 0 ; sb = 0
      k =   76 ; sb/Sb = 0.179147171399928 ; sb = 465.537323960174
      k =   36 ; sb/Sb = 0.358294342799855 ; sb = 931.074647920348
      k =   52 ; sb/Sb = 0.51107486825308 ; sb = 1328.09479854245
      k =   37 ; sb/Sb = 0.663855393706305 ; sb = 1725.11494916456
      Creating new point: f = 0.316205257856412
    i = 33 ; sf/Sf = 0.699351087945721 ; sf = 1715.83286155866
      k =   35 ; sb/Sb = 0 ; sb = 0
      k =   76 ; sb/Sb = 0.179147171399928 ; sb = 465.537323960174
      k =   36 ; sb/Sb = 0.358294342799855 ; sb = 931.074647920348
      k =   52 ; sb/Sb = 0.51107486825308 ; sb = 1328.09479854245
      k =   37 ; sb/Sb = 0.663855393706305 ; sb = 1725.11494916456
      k =   38 ; sb/Sb = 0.681064980676449 ; sb = 1769.83630871456
      k =   50 ; sb/Sb = 0.705693336727609 ; sb = 1833.83630871456
      Creating new point: f = 0.742481846181132
    i = 375 ; sf/Sf = 0.84967554397286 ; sf = 2084.64853367686
      k =   35 ; sb/Sb = 0 ; sb = 0
      k =   76 ; sb/Sb = 0.179147171399928 ; sb = 465.537323960174
      k =   36 ; sb/Sb = 0.358294342799855 ; sb = 931.074647920348
      k =   52 ; sb/Sb = 0.51107486825308 ; sb = 1328.09479854245
      k =   37 ; sb/Sb = 0.663855393706305 ; sb = 1725.11494916456
      k =   38 ; sb/Sb = 0.681064980676449 ; sb = 1769.83630871456
      k =   50 ; sb/Sb = 0.705693336727609 ; sb = 1833.83630871456
      k =   49 ; sb/Sb = 0.730321692778769 ; sb = 1897.83630871456
      k =   48 ; sb/Sb = 0.779578404881089 ; sb = 2025.83630871456
      k =   47 ; sb/Sb = 0.878091829085729 ; sb = 2281.83630871456
      Creating new point: f = 0.711549107725255
Tear 4 : Sf = 3397.30482863811 ; Sb = 3501.42592332437
  Backwards path
    i = 8 ; sf/Sf = 0.125505403139665 ; sf = 426.380112106557
      k =    9 ; sb/Sb = 0 ; sb = 0
      k =  233 ; sb/Sb = 0.114355137786342 ; sb = 400.406043910428
      k =   10 ; sb/Sb = 0.228710275572684 ; sb = 800.812087820857
      Creating new point: f = 0.0975055915210038
    i = 7 ; sf/Sf = 0.265376329885782 ; sf = 901.564286927226
      k =    9 ; sb/Sb = 0 ; sb = 0
      k =  233 ; sb/Sb = 0.114355137786342 ; sb = 400.406043910428
      k =   10 ; sb/Sb = 0.228710275572684 ; sb = 800.812087820857
      k =   11 ; sb/Sb = 0.343838482264031 ; sb = 1203.92497523578
      Creating new point: f = 0.318480200177162
    i = 188 ; sf/Sf = 0.347244142671481 ; sf = 1179.69420261412
      k =    9 ; sb/Sb = 0 ; sb = 0
      k =  233 ; sb/Sb = 0.114355137786342 ; sb = 400.406043910428
      k =   10 ; sb/Sb = 0.228710275572684 ; sb = 800.812087820857
      k =   11 ; sb/Sb = 0.343838482264031 ; sb = 1203.92497523578
      k =   12 ; sb/Sb = 0.415237965067494 ; sb = 1453.92497523578
      Creating new point: f = 0.0476986705467416
    i = 176 ; sf/Sf = 0.42911195545718 ; sf = 1457.82411830102
      k =    9 ; sb/Sb = 0 ; sb = 0
      k =  233 ; sb/Sb = 0.114355137786342 ; sb = 400.406043910428
      k =   10 ; sb/Sb = 0.228710275572684 ; sb = 800.812087820857
      k =   11 ; sb/Sb = 0.343838482264031 ; sb = 1203.92497523578
      k =   12 ; sb/Sb = 0.415237965067494 ; sb = 1453.92497523578
      k =  319 ; sb/Sb = 0.504968680972275 ; sb = 1768.11043002324
      Creating new point: f = 0.154618073084454
    i = 181 ; sf/Sf = 0.510979768242879 ; sf = 1735.95403398791
      k =    9 ; sb/Sb = 0 ; sb = 0
      k =  233 ; sb/Sb = 0.114355137786342 ; sb = 400.406043910428
      k =   10 ; sb/Sb = 0.228710275572684 ; sb = 800.812087820857
      k =   11 ; sb/Sb = 0.343838482264031 ; sb = 1203.92497523578
      k =   12 ; sb/Sb = 0.415237965067494 ; sb = 1453.92497523578
      k =  319 ; sb/Sb = 0.504968680972275 ; sb = 1768.11043002324
      k =  213 ; sb/Sb = 0.594699396877056 ; sb = 2082.29588481069
      Creating new point: f = 0.0669902965778469
    i = 6 ; sf/Sf = 0.592847581028578 ; sf = 2014.08394967481
      k =    9 ; sb/Sb = 0 ; sb = 0
      k =  233 ; sb/Sb = 0.114355137786342 ; sb = 400.406043910428
      k =   10 ; sb/Sb = 0.228710275572684 ; sb = 800.812087820857
      k =   11 ; sb/Sb = 0.343838482264031 ; sb = 1203.92497523578
      k =   12 ; sb/Sb = 0.415237965067494 ; sb = 1453.92497523578
      k =  319 ; sb/Sb = 0.504968680972275 ; sb = 1768.11043002324
      k =  213 ; sb/Sb = 0.594699396877056 ; sb = 2082.29588481069
      Creating new point: f = 0.979362520071239
    i = 179 ; sf/Sf = 0.656958760545 ; sf = 2231.88916941564
      k =    9 ; sb/Sb = 0 ; sb = 0
      k =  233 ; sb/Sb = 0.114355137786342 ; sb = 400.406043910428
      k =   10 ; sb/Sb = 0.228710275572684 ; sb = 800.812087820857
      k =   11 ; sb/Sb = 0.343838482264031 ; sb = 1203.92497523578
      k =   12 ; sb/Sb = 0.415237965067494 ; sb = 1453.92497523578
      k =  319 ; sb/Sb = 0.504968680972275 ; sb = 1768.11043002324
      k =  213 ; sb/Sb = 0.594699396877056 ; sb = 2082.29588481069
      k =  218 ; sb/Sb = 0.684430112781837 ; sb = 2396.48133959815
      Creating new point: f = 0.693846728404697
    i = 70 ; sf/Sf = 0.721069940061422 ; sf = 2449.69438915646
      k =    9 ; sb/Sb = 0 ; sb = 0
      k =  233 ; sb/Sb = 0.114355137786342 ; sb = 400.406043910428
      k =   10 ; sb/Sb = 0.228710275572684 ; sb = 800.812087820857
      k =   11 ; sb/Sb = 0.343838482264031 ; sb = 1203.92497523578
      k =   12 ; sb/Sb = 0.415237965067494 ; sb = 1453.92497523578
      k =  319 ; sb/Sb = 0.504968680972275 ; sb = 1768.11043002324
      k =  213 ; sb/Sb = 0.594699396877056 ; sb = 2082.29588481069
      k =  218 ; sb/Sb = 0.684430112781837 ; sb = 2396.48133959815
      k =   13 ; sb/Sb = 0.774160828686619 ; sb = 2710.66679438561
      Creating new point: f = 0.408330936738151
    i = 62 ; sf/Sf = 0.849292299094265 ; sf = 2885.30482863811
      k =    9 ; sb/Sb = 0 ; sb = 0
      k =  233 ; sb/Sb = 0.114355137786342 ; sb = 400.406043910428
      k =   10 ; sb/Sb = 0.228710275572684 ; sb = 800.812087820857
      k =   11 ; sb/Sb = 0.343838482264031 ; sb = 1203.92497523578
      k =   12 ; sb/Sb = 0.415237965067494 ; sb = 1453.92497523578
      k =  319 ; sb/Sb = 0.504968680972275 ; sb = 1768.11043002324
      k =  213 ; sb/Sb = 0.594699396877056 ; sb = 2082.29588481069
      k =  218 ; sb/Sb = 0.684430112781837 ; sb = 2396.48133959815
      k =   13 ; sb/Sb = 0.774160828686619 ; sb = 2710.66679438561
      k =  175 ; sb/Sb = 0.887080414343309 ; sb = 3106.04635885499
      Creating new point: f = 0.665353755690078
Tear 5 : Sf = 3204.28159709767 ; Sb = 3025.80309897013
  Backwards path
    i = 310 ; sf/Sf = 0.0936767294946717 ; sf = 300.166620396073
      k =   46 ; sb/Sb = 0 ; sb = 0
      k =  122 ; sb/Sb = 0.171162634976057 ; sb = 517.904431338447
      Creating new point: f = 0.547296607742545
    i = 305 ; sf/Sf = 0.187353458989343 ; sf = 600.333240792145
      k =   46 ; sb/Sb = 0 ; sb = 0
      k =  122 ; sb/Sb = 0.171162634976057 ; sb = 517.904431338447
      k =    1 ; sb/Sb = 0.342325269952115 ; sb = 1035.80886267689
      Creating new point: f = 0.0945932154850905
    i = 45 ; sf/Sf = 0.374706917978687 ; sf = 1200.66648158429
      k =   46 ; sb/Sb = 0 ; sb = 0
      k =  122 ; sb/Sb = 0.171162634976057 ; sb = 517.904431338447
      k =    1 ; sb/Sb = 0.342325269952115 ; sb = 1035.80886267689
      k =  108 ; sb/Sb = 0.517555516045357 ; sb = 1566.02108433913
      Creating new point: f = 0.184794855617228
    i = 44 ; sf/Sf = 0.582212403450819 ; sf = 1865.57248997946
      k =   46 ; sb/Sb = 0 ; sb = 0
      k =  122 ; sb/Sb = 0.171162634976057 ; sb = 517.904431338447
      k =    1 ; sb/Sb = 0.342325269952115 ; sb = 1035.80886267689
      k =  108 ; sb/Sb = 0.517555516045357 ; sb = 1566.02108433913
      k =    2 ; sb/Sb = 0.6927857621386 ; sb = 2096.23330600136
      Creating new point: f = 0.368982460773678
    i = 297 ; sf/Sf = 0.672998358224354 ; sf = 2156.47625413524
      k =   46 ; sb/Sb = 0 ; sb = 0
      k =  122 ; sb/Sb = 0.171162634976057 ; sb = 517.904431338447
      k =    1 ; sb/Sb = 0.342325269952115 ; sb = 1035.80886267689
      k =  108 ; sb/Sb = 0.517555516045357 ; sb = 1566.02108433913
      k =    2 ; sb/Sb = 0.6927857621386 ; sb = 2096.23330600136
      Creating new point: f = 0.887077691463623
    i = 43 ; sf/Sf = 0.763784312997888 ; sf = 2447.38001829102
      k =   46 ; sb/Sb = 0 ; sb = 0
      k =  122 ; sb/Sb = 0.171162634976057 ; sb = 517.904431338447
      k =    1 ; sb/Sb = 0.342325269952115 ; sb = 1035.80886267689
      k =  108 ; sb/Sb = 0.517555516045357 ; sb = 1566.02108433913
      k =    2 ; sb/Sb = 0.6927857621386 ; sb = 2096.23330600136
      k =   99 ; sb/Sb = 0.8463928810693 ; sb = 2561.01820248574
      Creating new point: f = 0.46220872674084
    i = 72 ; sf/Sf = 0.881892156498944 ; sf = 2825.83080769434
      k =   46 ; sb/Sb = 0 ; sb = 0
      k =  122 ; sb/Sb = 0.171162634976057 ; sb = 517.904431338447
      k =    1 ; sb/Sb = 0.342325269952115 ; sb = 1035.80886267689
      k =  108 ; sb/Sb = 0.517555516045357 ; sb = 1566.02108433913
      k =    2 ; sb/Sb = 0.6927857621386 ; sb = 2096.23330600136
      k =   99 ; sb/Sb = 0.8463928810693 ; sb = 2561.01820248574
      k =    3 ; sb/Sb = 1 ; sb = 3025.80309897013
      Creating new point: f = 0.231104363370421
Triangulating...
[1] "Non-adjacent points in rim connected by line: 504 37"
[1] "In triangle: 689" "In triangle: 715"
[1] "Other points in triangles: 38 447"
Merging points...
Projecting to sphere...
Optimising mapping with FIRE...
E =  0.01475 | E_L =  0.01475 | E_A =  0.00000 |   0 flippped triangles
E =  0.01155 | E_L =  0.01155 | E_A =  0.00000 |  86 flippped triangles
        phi0    phi0.1    phi0.2    phi0.3    phi0.4     phi0.5    phi0.6
id     23.00     24.00     47.00    52.000    90.000    92.0000    93.000
A   29423.04  12002.33  15975.08 30725.424  6748.120   866.0465  2306.834
a  -31568.22 -15134.31 -15796.36 -6959.091 -5624.226 -1279.2987 -1891.695
      phi0.7    phi0.8    phi0.9   phi0.10   phi0.11   phi0.12   phi0.13
id   102.000   188.000   225.000    231.00    241.00    243.00    407.00
A   2051.584  4179.789  1903.870  36964.06  31928.84  39385.16  42560.21
a  -1678.818 -2785.824 -1657.871 -30077.02 -17152.86 -21813.99 -27235.11
     phi0.14   phi0.15   phi0.16   phi0.17   phi0.18   phi0.19   phi0.20
id    412.00    413.00    415.00    416.00    419.00    421.00    439.00
A   30346.54  37846.12  23941.47  37058.54  34133.48  35782.29  20627.86
a  -17322.23 -38975.07 -20157.30 -37561.43 -31337.01 -10829.35 -24012.48
     phi0.21   phi0.22   phi0.23    phi0.24   phi0.25   phi0.26   phi0.27
id    442.00    444.00   446.000   448.0000    452.00    455.00    459.00
A   26688.77  37697.13  1393.509 32258.0631  28713.74  31747.09  34986.54
a  -21855.40 -44554.57 -1446.183  -463.8231 -21477.17 -14521.14 -28630.66
     phi0.28   phi0.29   phi0.30   phi0.31   phi0.32   phi0.33   phi0.34
id    461.00    464.00   465.000    470.00   473.000    476.00   477.000
A   28286.77  29532.57  3823.582  20230.97  1530.042  24785.83  3178.612
a  -26420.96 -25460.09 -2991.097 -14673.62 -1654.577 -23990.55 -2977.075
     phi0.35   phi0.36   phi0.37   phi0.38   phi0.39   phi0.40   phi0.41
id    478.00    480.00    481.00   482.000    484.00    561.00   669.000
A   26276.47  30889.27  32241.42 40530.228  27594.79  29657.35  6978.712
a  -30003.86 -34339.21 -28838.83 -2295.771 -10080.20 -22129.04 -3253.590
     phi0.42   phi0.43   phi0.44   phi0.45   phi0.46   phi0.47   phi0.48
id    724.00   732.000    734.00    736.00   738.000    740.00    762.00
A   47357.89  3232.690  42273.48  36547.25 35436.449  18422.03  40592.11
a  -22599.90 -3059.823 -13131.19 -12409.14 -6522.197 -20437.52 -31775.42
     phi0.49   phi0.50   phi0.51   phi0.52   phi0.53   phi0.54   phi0.55
id    767.00   774.000   775.000    780.00    784.00    788.00   789.000
A   36046.96 27913.231 11067.826  50197.90  49162.54  30204.66  1932.788
a  -19790.14 -7447.526 -7577.585 -29299.58 -45447.14 -33726.96 -1856.611
     phi0.56   phi0.57   phi0.58   phi0.59   phi0.60   phi0.61   phi0.62
id   792.000    793.00    795.00   798.000    804.00   807.000    808.00
A  28808.509  45410.27  25200.31 11582.636  24354.75  2053.077  24235.69
a  -4732.732 -46289.68 -18817.71 -3638.134 -22279.65 -1891.816 -23204.29
     phi0.63   phi0.64   phi0.65   phi0.66   phi0.67   phi0.68   phi0.69
id    809.00    812.00    813.00    815.00    817.00    822.00    826.00
A   16320.54  48071.29  21951.24  39644.89  28256.41  39644.89  23926.32
a  -14271.04 -41179.32 -18519.19 -38751.72 -21795.44 -18251.49 -23018.21
     phi0.70   phi0.71   phi0.72   phi0.73   phi0.74   phi0.75   phi0.76
id   827.000    828.00   831.000  832.0000    833.00    835.00    836.00
A   3599.852  16504.68  2788.212  561.7201  35363.90  43424.96  30156.14
a  -3327.595 -12702.77 -2126.879 -265.8717 -31966.89 -43673.44 -24216.80
     phi0.77   phi0.78   phi0.79   phi0.80   phi0.81   phi0.82   phi0.83
id    845.00    846.00    848.00    871.00   897.000    899.00   904.000
A   36858.43  10778.66  21532.09  12904.29 26633.382  30699.02 30086.710
a  -22519.81 -10004.81 -14299.03 -12067.82 -5557.081 -14110.17 -8419.823
     phi0.84    phi0.85
id   916.000   917.0000
A   1792.323   666.4027
a  -1362.422 -1464.1128
E =  0.01094 | E_L =  0.01094 | E_A =  0.00000 |  75 flippped triangles
        phi0    phi0.1    phi0.2    phi0.3     phi0.4    phi0.5    phi0.6
id     23.00     24.00     47.00    90.000    92.0000    93.000   102.000
A   29423.04  12002.33  15975.08  6748.120   866.0465  2306.834  2051.584
a  -30893.82 -13144.56 -14549.76 -7102.462 -1246.5713 -1492.384 -1569.010
      phi0.7    phi0.8    phi0.9   phi0.10   phi0.11   phi0.12   phi0.13
id   188.000   225.000    231.00    241.00    407.00    412.00    413.00
A   4179.789  1903.870  36964.06  31928.84  42560.21  30346.54  37846.12
a  -2899.511 -1902.527 -26717.17 -32790.70 -26042.71 -17029.35 -36976.25
     phi0.14   phi0.15   phi0.16   phi0.17   phi0.18   phi0.19   phi0.20
id    415.00    416.00    419.00    421.00   439.000    444.00   446.000
A   23941.47  37058.54  34133.48  35782.29 20627.864  37697.13  1393.509
a  -17709.87 -36712.21 -34361.65 -28721.67 -5692.241 -34121.14 -1549.528
     phi0.21   phi0.22   phi0.23   phi0.24   phi0.25   phi0.26   phi0.27
id    452.00    455.00    459.00    461.00    464.00   465.000    470.00
A   28713.74  31747.09  34986.54  28286.77  29532.57  3823.582  20230.97
a  -25402.41 -18361.54 -29988.20 -22573.57 -26095.08 -3338.601 -15203.63
     phi0.28   phi0.29   phi0.30   phi0.31   phi0.32   phi0.33   phi0.34
id    476.00   477.000    478.00    480.00    481.00    482.00    561.00
A   24785.83  3178.612  26276.47  30889.27  32241.42  40530.23  29657.35
a  -23532.41 -2713.074 -25611.45 -27562.66 -19240.80 -33133.83 -22546.19
     phi0.35   phi0.36   phi0.37   phi0.38   phi0.39   phi0.40   phi0.41
id   564.000    724.00   732.000    734.00    740.00    753.00    755.00
A  29631.348  47357.89  3232.690  42273.48  18422.03  38644.85  34479.02
a  -8950.815 -40700.09 -2809.961 -31202.08 -17126.87 -14322.04 -30279.66
     phi0.42   phi0.43   phi0.44   phi0.45   phi0.46   phi0.47   phi0.48
id   757.000    781.00    784.00    785.00   789.000    792.00    793.00
A   8239.451  35722.37  49162.54  29631.22  1932.788  28808.51  45410.27
a  -6553.317 -37148.85 -23388.80 -31012.75 -1793.777 -27773.76 -40129.38
     phi0.49   phi0.50   phi0.51   phi0.52   phi0.53   phi0.54   phi0.55
id    795.00   798.000    804.00   807.000    808.00    809.00    812.00
A   25200.31 11582.636  24354.75  2053.077  24235.69  16320.54  48071.29
a  -10362.69 -3366.761 -24528.75 -1960.052 -22911.61 -17087.90 -45810.90
     phi0.56   phi0.57   phi0.58   phi0.59   phi0.60   phi0.61   phi0.62
id    813.00    815.00    817.00    822.00    826.00   827.000  832.0000
A   21951.24  39644.89  28256.41  39644.89  23926.32  3599.852  561.7201
a  -21116.94 -42942.12 -19811.91 -14976.12 -24462.02 -2689.960 -326.1071
     phi0.63   phi0.64   phi0.65   phi0.66   phi0.67  phi0.68   phi0.69
id    833.00    835.00    836.00    841.00    845.00   846.00    848.00
A   35363.90  43424.96  30156.14  22618.41  36858.43 10778.66  21532.09
a  -28756.14 -47412.93 -25693.75 -12584.86 -32702.29 -6530.39 -13593.22
     phi0.70   phi0.71   phi0.72   phi0.73    phi0.74
id    854.00    871.00   899.000   916.000   917.0000
A   18471.22  12904.29 30699.020  1792.323   666.4027
a  -15476.89 -11791.90 -4173.262 -1944.198 -1313.7832
E =  0.01089 | E_L =  0.01089 | E_A =  0.00000 |  82 flippped triangles
        phi0    phi0.1    phi0.2    phi0.3     phi0.4    phi0.5    phi0.6
id     23.00     24.00     47.00    90.000    92.0000    93.000   102.000
A   29423.04  12002.33  15975.08  6748.120   866.0465  2306.834  2051.584
a  -30823.21 -12654.97 -14627.18 -6847.885 -1233.9508 -1654.024 -1607.779
      phi0.7    phi0.8    phi0.9   phi0.10   phi0.11   phi0.12   phi0.13
id   188.000   225.000    231.00    241.00    407.00    412.00    413.00
A   4179.789  1903.870  36964.06  31928.84  42560.21  30346.54  37846.12
a  -3334.452 -1876.082 -17369.38 -27254.72 -19742.55 -12634.69 -34199.82
     phi0.14   phi0.15   phi0.16   phi0.17   phi0.18    phi0.19   phi0.20
id    415.00    416.00    419.00    421.00   439.000   442.0000    444.00
A   23941.47  37058.54  34133.48  35782.29 20627.864 26688.7690  37697.13
a  -19043.59 -29119.42 -28428.01 -30332.97 -7206.361  -958.4233 -33536.13
     phi0.21   phi0.22   phi0.23   phi0.24   phi0.25   phi0.26   phi0.27
id   446.000    452.00    455.00    459.00    461.00    464.00   465.000
A   1393.509  28713.74  31747.09  34986.54  28286.77  29532.57  3823.582
a  -1561.526 -23461.26 -14284.69 -29711.03 -24634.24 -26178.91 -3326.763
     phi0.28   phi0.29   phi0.30   phi0.31   phi0.32   phi0.33   phi0.34
id    470.00   473.000    476.00   477.000    478.00    480.00    481.00
A   20230.97  1530.042  24785.83  3178.612  26276.47  30889.27  32241.42
a  -12796.79 -1129.172 -22600.48 -2574.747 -25521.35 -28113.17 -25941.91
     phi0.35   phi0.36   phi0.37   phi0.38   phi0.39   phi0.40   phi0.41
id    482.00    561.00   564.000    639.00    643.00   652.000   654.000
A   40530.23  29657.35 29631.348  15218.96  15605.87 32895.678 31813.898
a  -43194.86 -20058.53 -5894.429 -12049.89 -11262.84 -6104.482 -9371.306
     phi0.42   phi0.43   phi0.44   phi0.45   phi0.46   phi0.47   phi0.48
id    724.00   732.000    734.00    738.00    740.00    753.00    755.00
A   47357.89  3232.690  42273.48  35436.45  18422.03  38644.85  34479.02
a  -39805.04 -2997.202 -32450.88 -25081.22 -18153.51 -17344.07 -29652.92
     phi0.49   phi0.50   phi0.51   phi0.52   phi0.53   phi0.54   phi0.55
id   757.000   762.000    781.00    784.00    785.00   789.000    792.00
A   8239.451 40592.114  35722.37  49162.54  29631.22  1932.788  28808.51
a  -6226.649 -4521.315 -35135.23 -25878.89 -26485.46 -1891.904 -23731.40
     phi0.56   phi0.57   phi0.58   phi0.59   phi0.60   phi0.61   phi0.62
id    793.00    795.00   798.000    804.00   807.000    808.00    809.00
A   45410.27  25200.31 11582.636  24354.75  2053.077  24235.69  16320.54
a  -37881.47 -13625.05 -2122.875 -25542.38 -2048.868 -23010.47 -16577.63
     phi0.63   phi0.64   phi0.65   phi0.66   phi0.67   phi0.68   phi0.69
id    812.00    813.00    815.00    817.00    822.00    826.00   827.000
A   48071.29  21951.24  39644.89  28256.41  39644.89  23926.32  3599.852
a  -42564.43 -19992.44 -39409.02 -16066.93 -11133.46 -24475.65 -4054.665
     phi0.70   phi0.71   phi0.72   phi0.73   phi0.74   phi0.75   phi0.76
id  832.0000    833.00    835.00    836.00    841.00    845.00   846.000
A   561.7201  35363.90  43424.96  30156.14  22618.41  36858.43 10778.660
a  -470.1103 -23010.16 -42706.20 -18098.19 -10447.38 -32663.53 -5622.965
     phi0.77   phi0.78   phi0.79   phi0.80    phi0.81
id    848.00    854.00    871.00   916.000   917.0000
A   21532.09  18471.22  12904.29  1792.323   666.4027
a  -15143.43 -14899.90 -12523.89 -1851.385 -1261.4775
FIRE:  9  stops.  28 hits of maxmove.  0 hits of dtmax.
Frms = 8.83272666558627e-06; Ftanrms = 8.72647508044172e-06
E =  0.02063 | E_L =  0.02056 | E_A =  0.00006 |   0 flippped triangles
E =  0.01892 | E_L =  0.01884 | E_A =  0.00008 |   0 flippped triangles
E =  0.01803 | E_L =  0.01797 | E_A =  0.00006 |   0 flippped triangles
E =  0.01742 | E_L =  0.01738 | E_A =  0.00004 |   0 flippped triangles
E =  0.01710 | E_L =  0.01706 | E_A =  0.00004 |   0 flippped triangles
E =  0.01684 | E_L =  0.01682 | E_A =  0.00003 |   0 flippped triangles
E =  0.01662 | E_L =  0.01661 | E_A =  0.00002 |   0 flippped triangles
E =  0.01647 | E_L =  0.01646 | E_A =  0.00001 |   0 flippped triangles
E =  0.01632 | E_L =  0.01630 | E_A =  0.00002 |   0 flippped triangles
E =  0.01619 | E_L =  0.01618 | E_A =  0.00001 |   0 flippped triangles
E =  0.01604 | E_L =  0.01600 | E_A =  0.00003 |   0 flippped triangles
E =  0.01588 | E_L =  0.01587 | E_A =  0.00001 |   0 flippped triangles
E =  0.01579 | E_L =  0.01578 | E_A =  0.00001 |   0 flippped triangles
E =  0.01571 | E_L =  0.01570 | E_A =  0.00002 |   0 flippped triangles
E =  0.01564 | E_L =  0.01562 | E_A =  0.00001 |   0 flippped triangles
E =  0.01556 | E_L =  0.01556 | E_A =  0.00001 |   0 flippped triangles
E =  0.01549 | E_L =  0.01549 | E_A =  0.00000 |   0 flippped triangles
E =  0.01542 | E_L =  0.01541 | E_A =  0.00001 |   0 flippped triangles
E =  0.01533 | E_L =  0.01532 | E_A =  0.00000 |   0 flippped triangles
E =  0.01526 | E_L =  0.01525 | E_A =  0.00001 |   0 flippped triangles
E =  0.01519 | E_L =  0.01518 | E_A =  0.00001 |   0 flippped triangles
E =  0.01511 | E_L =  0.01509 | E_A =  0.00002 |   0 flippped triangles
E =  0.01503 | E_L =  0.01502 | E_A =  0.00001 |   0 flippped triangles
E =  0.01492 | E_L =  0.01491 | E_A =  0.00001 |   0 flippped triangles
E =  0.01487 | E_L =  0.01486 | E_A =  0.00000 |   0 flippped triangles
E =  0.01470 | E_L =  0.01469 | E_A =  0.00001 |   0 flippped triangles
E =  0.01457 | E_L =  0.01457 | E_A =  0.00000 |   0 flippped triangles
E =  0.01446 | E_L =  0.01445 | E_A =  0.00001 |   0 flippped triangles
E =  0.01432 | E_L =  0.01432 | E_A =  0.00001 |   0 flippped triangles
E =  0.01423 | E_L =  0.01421 | E_A =  0.00002 |   0 flippped triangles
E =  0.01413 | E_L =  0.01413 | E_A =  0.00000 |   0 flippped triangles
E =  0.01403 | E_L =  0.01403 | E_A =  0.00000 |   0 flippped triangles
E =  0.01390 | E_L =  0.01390 | E_A =  0.00001 |   0 flippped triangles
E =  0.01376 | E_L =  0.01375 | E_A =  0.00000 |   0 flippped triangles
E =  0.01364 | E_L =  0.01364 | E_A =  0.00000 |   0 flippped triangles
E =  0.01348 | E_L =  0.01347 | E_A =  0.00000 |   0 flippped triangles
E =  0.01339 | E_L =  0.01339 | E_A =  0.00000 |   0 flippped triangles
E =  0.01316 | E_L =  0.01316 | E_A =  0.00000 |   0 flippped triangles
E =  0.01310 | E_L =  0.01310 | E_A =  0.00000 |   0 flippped triangles
E =  0.01303 | E_L =  0.01303 | E_A =  0.00000 |   0 flippped triangles
E =  0.01300 | E_L =  0.01300 | E_A =  0.00000 |   0 flippped triangles
E =  0.01299 | E_L =  0.01299 | E_A =  0.00000 |   0 flippped triangles
E =  0.01299 | E_L =  0.01299 | E_A =  0.00000 |   0 flippped triangles
E =  0.01299 | E_L =  0.01299 | E_A =  0.00000 |   0 flippped triangles
Optimising mapping with BFGS...
E =  0.01299 | E_L =  0.01299 | E_A =  0.00000 |   0 flippped triangles
Transforming image...
Mapping optimised. Error: 0.01299107 ; 0 flipped triangles.
Inferring coordinates of datapoints
Inferring coordinates of landmarks
Mapping optimised. Error: 0.01299107 ; 0 flipped triangles. OD displacement: 9.938419 degrees.
Computing Kernel Density estimates of datapoints

[1] 0.725
Saving adult_retina/data/nAChR-B2/GMB582/R-CONTRA/r.mat
