[1] "Adding old segment 1"
[1] "Storing new segment 1"
[1] "Adding old segment 2"
[1] "Adding old segment 5"
[1] "Adding old segment 3"
[1] "Adding old segment 4"
[1] "Adding old segment 9"
[1] "Adding old segment 8"
[1] "Adding old segment 7"
[1] "Adding old segment 6"
[1] "Intersection found. Old points:"
    X     Y 
-2810   339 
    X     Y 
-3610    49 
    X     Y 
-3610    49 
    X     Y 
-3810     9 
[1] "Point i+1 has been changed:"
    X     Y 
-2810   339 
    X     Y 
-3610    49 
    X     Y 
-3610    49 
    X     Y 
-3810     9 
[1] "a= 0.24514516892273"
[1] "l= 203.960780543711"
[1] "New points:"
    X     Y 
-2810   339 
    X     Y 
-3610    49 
          X           Y 
-3760.97097    18.80581 
    X     Y 
-3810     9 
[1] "Storing new segment 2"
simplify.outline: Removing vertex 5
simplify.outline: Removing vertex 40
Triangulating...
[1] "Non-adjacent points in rim connected by line: 13 11"
[1] "In triangle: 28"  "In triangle: 484"
[1] "Other points in triangles: 12 293"
[1] "Non-adjacent points in rim connected by line: 68 30"
[1] "In triangle: 21"  "In triangle: 111"
[1] "Other points in triangles: 31 72"
[1] "Non-adjacent points in rim connected by line: 69 46"
[1] "In triangle: 12"  "In triangle: 101"
[1] "Other points in triangles: 70 45"
[1] "Non-adjacent points in rim connected by line: 234 54"
[1] "In triangle: 36" "In triangle: 40"
[1] "Other points in triangles: 233 53"
Stitching...
Tear 1 child of rim
Tear 2 child of backward side of tear 1
Tear 3 child of rim
Tear 4 child of rim
Tear 5 child of rim
Tear 1 : Sf = 4468.19752216585 ; Sb = 4457.95017965881
  Forwards path
    i = 147 ; sf/Sf = 0.0952219157455374 ; sf = 425.470327990096
      k =   63 ; sb/Sb = 0 ; sb = 0
      k =   62 ; sb/Sb = 0.0448636687131634 ; sb = 200
      k =   61 ; sb/Sb = 0.168747523086258 ; sb = 752.268050859363
      Creating new point: f = 0.406495642932716
    i = 64 ; sf/Sf = 0.190443831491075 ; sf = 850.940655980192
      k =   63 ; sb/Sb = 0 ; sb = 0
      k =   62 ; sb/Sb = 0.0448636687131634 ; sb = 200
      k =   61 ; sb/Sb = 0.168747523086258 ; sb = 752.268050859363
      k =   60 ; sb/Sb = 0.306479716712375 ; sb = 1366.27130817971
      Creating new point: f = 0.157525323844859
    i = 1 ; sf/Sf = 0.224900853540781 ; sf = 1004.9014365239
      k =   63 ; sb/Sb = 0 ; sb = 0
      k =   62 ; sb/Sb = 0.0448636687131634 ; sb = 200
      k =   61 ; sb/Sb = 0.168747523086258 ; sb = 752.268050859363
      k =   60 ; sb/Sb = 0.306479716712375 ; sb = 1366.27130817971
      Creating new point: f = 0.407699383681894
    i = 2 ; sf/Sf = 0.236091048189061 ; sf = 1054.9014365239
      k =   63 ; sb/Sb = 0 ; sb = 0
      k =   62 ; sb/Sb = 0.0448636687131634 ; sb = 200
      k =   61 ; sb/Sb = 0.168747523086258 ; sb = 752.268050859363
      k =   60 ; sb/Sb = 0.306479716712375 ; sb = 1366.27130817971
      Creating new point: f = 0.488945418858366
    i = 3 ; sf/Sf = 0.275176717768207 ; sf = 1229.54392848963
      k =   63 ; sb/Sb = 0 ; sb = 0
      k =   62 ; sb/Sb = 0.0448636687131634 ; sb = 200
      k =   61 ; sb/Sb = 0.168747523086258 ; sb = 752.268050859363
      k =   60 ; sb/Sb = 0.306479716712375 ; sb = 1366.27130817971
      Creating new point: f = 0.772725619769461
    i = 4 ; sf/Sf = 0.28518553213421 ; sf = 1274.26528803963
      k =   63 ; sb/Sb = 0 ; sb = 0
      k =   62 ; sb/Sb = 0.0448636687131634 ; sb = 200
      k =   61 ; sb/Sb = 0.168747523086258 ; sb = 752.268050859363
      k =   60 ; sb/Sb = 0.306479716712375 ; sb = 1366.27130817971
      Creating new point: f = 0.845394282792234
    i = 5 ; sf/Sf = 0.312227859411939 ; sf = 1395.09574777558
      k =   63 ; sb/Sb = 0 ; sb = 0
      k =   62 ; sb/Sb = 0.0448636687131634 ; sb = 200
      k =   61 ; sb/Sb = 0.168747523086258 ; sb = 752.268050859363
      k =   60 ; sb/Sb = 0.306479716712375 ; sb = 1366.27130817971
      k =   59 ; sb/Sb = 0.493674684841174 ; sb = 2200.77714998072
      Creating new point: f = 0.0307067158750181
    i = 6 ; sf/Sf = 0.373355417967712 ; sf = 1668.22575345053
      k =   63 ; sb/Sb = 0 ; sb = 0
      k =   62 ; sb/Sb = 0.0448636687131634 ; sb = 200
      k =   61 ; sb/Sb = 0.168747523086258 ; sb = 752.268050859363
      k =   60 ; sb/Sb = 0.306479716712375 ; sb = 1366.27130817971
      k =   59 ; sb/Sb = 0.493674684841174 ; sb = 2200.77714998072
      Creating new point: f = 0.357251596684605
    i = 7 ; sf/Sf = 0.51077173724957 ; sf = 2282.22901077088
      k =   63 ; sb/Sb = 0 ; sb = 0
      k =   62 ; sb/Sb = 0.0448636687131634 ; sb = 200
      k =   61 ; sb/Sb = 0.168747523086258 ; sb = 752.268050859363
      k =   60 ; sb/Sb = 0.306479716712375 ; sb = 1366.27130817971
      k =   59 ; sb/Sb = 0.493674684841174 ; sb = 2200.77714998072
      k =   53 ; sb/Sb = 0.493674684841174 ; sb = 2200.77714998072
      k =  234 ; sb/Sb = 0.566084701737344 ; sb = 2523.5773978121
      Creating new point: f = 0.23611446511485
    i = 434 ; sf/Sf = 0.597457835215431 ; sf = 2669.55961890816
      k =   63 ; sb/Sb = 0 ; sb = 0
      k =   62 ; sb/Sb = 0.0448636687131634 ; sb = 200
      k =   61 ; sb/Sb = 0.168747523086258 ; sb = 752.268050859363
      k =   60 ; sb/Sb = 0.306479716712375 ; sb = 1366.27130817971
      k =   59 ; sb/Sb = 0.493674684841174 ; sb = 2200.77714998072
      k =   53 ; sb/Sb = 0.493674684841174 ; sb = 2200.77714998072
      k =  234 ; sb/Sb = 0.566084701737344 ; sb = 2523.5773978121
      k =   52 ; sb/Sb = 0.638494718633514 ; sb = 2846.37764564347
      Creating new point: f = 0.433270627778939
    i = 8 ; sf/Sf = 0.684143933181292 ; sf = 3056.89022704545
      k =   63 ; sb/Sb = 0 ; sb = 0
      k =   62 ; sb/Sb = 0.0448636687131634 ; sb = 200
      k =   61 ; sb/Sb = 0.168747523086258 ; sb = 752.268050859363
      k =   60 ; sb/Sb = 0.306479716712375 ; sb = 1366.27130817971
      k =   59 ; sb/Sb = 0.493674684841174 ; sb = 2200.77714998072
      k =   53 ; sb/Sb = 0.493674684841174 ; sb = 2200.77714998072
      k =  234 ; sb/Sb = 0.566084701737344 ; sb = 2523.5773978121
      k =   52 ; sb/Sb = 0.638494718633514 ; sb = 2846.37764564347
      k =   51 ; sb/Sb = 0.805713474438131 ; sb = 3591.83052812499
      Creating new point: f = 0.272990995107725
    i = 440 ; sf/Sf = 0.781966973759054 ; sf = 3493.98289456574
      k =   63 ; sb/Sb = 0 ; sb = 0
      k =   62 ; sb/Sb = 0.0448636687131634 ; sb = 200
      k =   61 ; sb/Sb = 0.168747523086258 ; sb = 752.268050859363
      k =   60 ; sb/Sb = 0.306479716712375 ; sb = 1366.27130817971
      k =   59 ; sb/Sb = 0.493674684841174 ; sb = 2200.77714998072
      k =   53 ; sb/Sb = 0.493674684841174 ; sb = 2200.77714998072
      k =  234 ; sb/Sb = 0.566084701737344 ; sb = 2523.5773978121
      k =   52 ; sb/Sb = 0.638494718633514 ; sb = 2846.37764564347
      k =   51 ; sb/Sb = 0.805713474438131 ; sb = 3591.83052812499
      Creating new point: f = 0.85799140434448
    i = 9 ; sf/Sf = 0.879790014336816 ; sf = 3931.07556208602
      k =   63 ; sb/Sb = 0 ; sb = 0
      k =   62 ; sb/Sb = 0.0448636687131634 ; sb = 200
      k =   61 ; sb/Sb = 0.168747523086258 ; sb = 752.268050859363
      k =   60 ; sb/Sb = 0.306479716712375 ; sb = 1366.27130817971
      k =   59 ; sb/Sb = 0.493674684841174 ; sb = 2200.77714998072
      k =   53 ; sb/Sb = 0.493674684841174 ; sb = 2200.77714998072
      k =  234 ; sb/Sb = 0.566084701737344 ; sb = 2523.5773978121
      k =   52 ; sb/Sb = 0.638494718633514 ; sb = 2846.37764564347
      k =   51 ; sb/Sb = 0.805713474438131 ; sb = 3591.83052812499
      k =   50 ; sb/Sb = 0.925130077296844 ; sb = 4124.18379429324
      Creating new point: f = 0.620320274780618
Tear 2 : Sf = 1120.13799494465 ; Sb = 1321.95649400498
  Forwards path
    i = 124 ; sf/Sf = 0.309675185543713 ; sf = 346.878941419049
      k =   57 ; sb/Sb = 0 ; sb = 0
      k =   56 ; sb/Sb = 0.111689175303357 ; sb = 147.648230602334
      k =   55 ; sb/Sb = 0.608939379952917 ; sb = 804.991367784126
      Creating new point: f = 0.398161747122634
    i = 58 ; sf/Sf = 0.619350371087427 ; sf = 693.757882838098
      k =   57 ; sb/Sb = 0 ; sb = 0
      k =   56 ; sb/Sb = 0.111689175303357 ; sb = 147.648230602334
      k =   55 ; sb/Sb = 0.608939379952917 ; sb = 804.991367784126
      k =   54 ; sb/Sb = 0.755816284956982 ; sb = 999.156246173602
      Creating new point: f = 0.0708824245324408
Tear 3 : Sf = 3378.78665304203 ; Sb = 2653.59698943035
  Forwards path
    i = 39 ; sf/Sf = 0.0674902290189054 ; sf = 228.035085019828
      k =   38 ; sb/Sb = 0 ; sb = 0
      k =   37 ; sb/Sb = 0.146970320494568 ; sb = 390
      Creating new point: f = 0.459209919334698
    i = 40 ; sf/Sf = 0.151619070896245 ; sf = 512.288493090865
      k =   38 ; sb/Sb = 0 ; sb = 0
      k =   37 ; sb/Sb = 0.146970320494568 ; sb = 390
      k =   36 ; sb/Sb = 0.32910869375506 ; sb = 873.321838943783
      Creating new point: f = 0.0255231795390427
    i = 41 ; sf/Sf = 0.313752372949773 ; sf = 1060.10233008296
      k =   38 ; sb/Sb = 0 ; sb = 0
      k =   37 ; sb/Sb = 0.146970320494568 ; sb = 390
      k =   36 ; sb/Sb = 0.32910869375506 ; sb = 873.321838943783
      Creating new point: f = 0.915688712211542
    i = 309 ; sf/Sf = 0.421819853409497 ; sf = 1425.23929068815
      k =   38 ; sb/Sb = 0 ; sb = 0
      k =   37 ; sb/Sb = 0.146970320494568 ; sb = 390
      k =   36 ; sb/Sb = 0.32910869375506 ; sb = 873.321838943783
      k =   35 ; sb/Sb = 0.429239424295559 ; sb = 1139.02844405551
      Creating new point: f = 0.925901160952175
    i = 42 ; sf/Sf = 0.529887333869221 ; sf = 1790.37625129335
      k =   38 ; sb/Sb = 0 ; sb = 0
      k =   37 ; sb/Sb = 0.146970320494568 ; sb = 390
      k =   36 ; sb/Sb = 0.32910869375506 ; sb = 873.321838943783
      k =   35 ; sb/Sb = 0.429239424295559 ; sb = 1139.02844405551
      k =   34 ; sb/Sb = 0.787323378557929 ; sb = 2089.23894704945
      Creating new point: f = 0.281073497920315
    i = 102 ; sf/Sf = 0.649386901650728 ; sf = 2194.1397959578
      k =   38 ; sb/Sb = 0 ; sb = 0
      k =   37 ; sb/Sb = 0.146970320494568 ; sb = 390
      k =   36 ; sb/Sb = 0.32910869375506 ; sb = 873.321838943783
      k =   35 ; sb/Sb = 0.429239424295559 ; sb = 1139.02844405551
      k =   34 ; sb/Sb = 0.787323378557929 ; sb = 2089.23894704945
      Creating new point: f = 0.6147929130437
    i = 43 ; sf/Sf = 0.768886469432236 ; sf = 2597.90334062225
      k =   38 ; sb/Sb = 0 ; sb = 0
      k =   37 ; sb/Sb = 0.146970320494568 ; sb = 390
      k =   36 ; sb/Sb = 0.32910869375506 ; sb = 873.321838943783
      k =   35 ; sb/Sb = 0.429239424295559 ; sb = 1139.02844405551
      k =   34 ; sb/Sb = 0.787323378557929 ; sb = 2089.23894704945
      Creating new point: f = 0.948512328167086
    i = 44 ; sf/Sf = 0.908492518893259 ; sf = 3069.60239722508
      k =   38 ; sb/Sb = 0 ; sb = 0
      k =   37 ; sb/Sb = 0.146970320494568 ; sb = 390
      k =   36 ; sb/Sb = 0.32910869375506 ; sb = 873.321838943783
      k =   35 ; sb/Sb = 0.429239424295559 ; sb = 1139.02844405551
      k =   34 ; sb/Sb = 0.787323378557929 ; sb = 2089.23894704945
      k =   33 ; sb/Sb = 1 ; sb = 2653.59698943035
      Creating new point: f = 0.569734179120077
    i = 69 ; sf/Sf = 0.943165620652184 ; sf = 3186.7554106677
      k =   38 ; sb/Sb = 0 ; sb = 0
      k =   37 ; sb/Sb = 0.146970320494568 ; sb = 390
      k =   36 ; sb/Sb = 0.32910869375506 ; sb = 873.321838943783
      k =   35 ; sb/Sb = 0.429239424295559 ; sb = 1139.02844405551
      k =   34 ; sb/Sb = 0.787323378557929 ; sb = 2089.23894704945
      k =   33 ; sb/Sb = 1 ; sb = 2653.59698943035
      Creating new point: f = 0.732766211149839
    i = 45 ; sf/Sf = 0.981049042467159 ; sf = 3314.7554106677
      k =   38 ; sb/Sb = 0 ; sb = 0
      k =   37 ; sb/Sb = 0.146970320494568 ; sb = 390
      k =   36 ; sb/Sb = 0.32910869375506 ; sb = 873.321838943783
      k =   35 ; sb/Sb = 0.429239424295559 ; sb = 1139.02844405551
      k =   34 ; sb/Sb = 0.787323378557929 ; sb = 2089.23894704945
      k =   33 ; sb/Sb = 1 ; sb = 2653.59698943035
      Creating new point: f = 0.91089308545367
Tear 4 : Sf = 2756.81725835822 ; Sb = 2225.2133685838
  Forwards path
    i = 24 ; sf/Sf = 0.047155827832208 ; sf = 130
      k =   23 ; sb/Sb = 0 ; sb = 0
      k =   22 ; sb/Sb = 0.348128960220831 ; sb = 774.661216274573
      Creating new point: f = 0.135455056086961
    i = 25 ; sf/Sf = 0.134514498721866 ; sf = 370.831891575846
      k =   23 ; sb/Sb = 0 ; sb = 0
      k =   22 ; sb/Sb = 0.348128960220831 ; sb = 774.661216274572
      Creating new point: f = 0.386392728248
    i = 295 ; sf/Sf = 0.295973276600456 ; sf = 815.944236944967
      k =   23 ; sb/Sb = 0 ; sb = 0
      k =   22 ; sb/Sb = 0.348128960220831 ; sb = 774.661216274572
      Creating new point: f = 0.850182864455485
    i = 26 ; sf/Sf = 0.457432054479045 ; sf = 1261.05658231409
      k =   23 ; sb/Sb = 0 ; sb = 0
      k =   22 ; sb/Sb = 0.348128960220831 ; sb = 774.661216274572
      k =   21 ; sb/Sb = 0.800435703213053 ; sb = 1781.14022748146
      Creating new point: f = 0.241657008107203
    i = 144 ; sf/Sf = 0.593074040859284 ; sf = 1634.99675132512
      k =   23 ; sb/Sb = 0 ; sb = 0
      k =   22 ; sb/Sb = 0.348128960220831 ; sb = 774.661216274572
      k =   21 ; sb/Sb = 0.800435703213053 ; sb = 1781.14022748146
      Creating new point: f = 0.541546382921523
    i = 84 ; sf/Sf = 0.728716027239522 ; sf = 2008.93692033616
      k =   23 ; sb/Sb = 0 ; sb = 0
      k =   22 ; sb/Sb = 0.348128960220831 ; sb = 774.661216274572
      k =   21 ; sb/Sb = 0.800435703213053 ; sb = 1781.14022748146
      Creating new point: f = 0.841435757735843
    i = 104 ; sf/Sf = 0.864358013619761 ; sf = 2382.87708934719
      k =   23 ; sb/Sb = 0 ; sb = 0
      k =   22 ; sb/Sb = 0.348128960220831 ; sb = 774.661216274572
      k =   21 ; sb/Sb = 0.800435703213053 ; sb = 1781.14022748146
      k =   20 ; sb/Sb = 0.938875657045905 ; sb = 2089.19866349645
      Creating new point: f = 0.461733109820928
Tear 5 : Sf = 1271.87318511067 ; Sb = 1347.64483071506
  Forwards path
    i = 15 ; sf/Sf = 0.482691062531846 ; sf = 613.921819126833
      k =   14 ; sb/Sb = 0 ; sb = 0
      k =  287 ; sb/Sb = 0.356833336634123 ; sb = 480.884601541784
      k =   13 ; sb/Sb = 0.713666673268246 ; sb = 961.769203083567
      Creating new point: f = 0.352707308921559
Tear 1 : Sf = 4457.95017965881 ; Sb = 4468.19752216585
  Backwards path
    i = 62 ; sf/Sf = 0.0448636687131634 ; sf = 200
      k =   63 ; sb/Sb = 0 ; sb = 0
      k =  147 ; sb/Sb = 0.0952219157455374 ; sb = 425.470327990096
      Creating new point: f = 0.471148562407136
    i = 61 ; sf/Sf = 0.168747523086258 ; sf = 752.268050859363
      k =   63 ; sb/Sb = 0 ; sb = 0
      k =  147 ; sb/Sb = 0.0952219157455374 ; sb = 425.470327990096
      k =   64 ; sb/Sb = 0.190443831491075 ; sb = 850.940655980192
      Creating new point: f = 0.772150053536036
    i = 60 ; sf/Sf = 0.306479716712375 ; sf = 1366.27130817971
      k =   63 ; sb/Sb = 0 ; sb = 0
      k =  147 ; sb/Sb = 0.0952219157455374 ; sb = 425.470327990096
      k =   64 ; sb/Sb = 0.190443831491075 ; sb = 850.940655980192
      k =    1 ; sb/Sb = 0.224900853540781 ; sb = 1004.9014365239
      k =    2 ; sb/Sb = 0.236091048189061 ; sb = 1054.9014365239
      k =    3 ; sb/Sb = 0.275176717768207 ; sb = 1229.54392848963
      k =    4 ; sb/Sb = 0.28518553213421 ; sb = 1274.26528803963
      k =    5 ; sb/Sb = 0.312227859411939 ; sb = 1395.09574777558
      Creating new point: f = 0.787439052840024
    i = 59 ; sf/Sf = 0.493674684841174 ; sf = 2200.77714998072
      k =   63 ; sb/Sb = 0 ; sb = 0
      k =  147 ; sb/Sb = 0.0952219157455374 ; sb = 425.470327990096
      k =   64 ; sb/Sb = 0.190443831491075 ; sb = 850.940655980192
      k =    1 ; sb/Sb = 0.224900853540781 ; sb = 1004.9014365239
      k =    2 ; sb/Sb = 0.236091048189061 ; sb = 1054.9014365239
      k =    3 ; sb/Sb = 0.275176717768207 ; sb = 1229.54392848963
      k =    4 ; sb/Sb = 0.28518553213421 ; sb = 1274.26528803963
      k =    5 ; sb/Sb = 0.312227859411939 ; sb = 1395.09574777558
      k =    6 ; sb/Sb = 0.373355417967712 ; sb = 1668.22575345053
      k =    7 ; sb/Sb = 0.51077173724957 ; sb = 2282.22901077088
    i = 53 ; sf/Sf = 0.493674684841174 ; sf = 2200.77714998072
      k =   63 ; sb/Sb = 0 ; sb = 0
      k =  147 ; sb/Sb = 0.0952219157455374 ; sb = 425.470327990096
      k =   64 ; sb/Sb = 0.190443831491075 ; sb = 850.940655980192
      k =    1 ; sb/Sb = 0.224900853540781 ; sb = 1004.9014365239
      k =    2 ; sb/Sb = 0.236091048189061 ; sb = 1054.9014365239
      k =    3 ; sb/Sb = 0.275176717768207 ; sb = 1229.54392848963
      k =    4 ; sb/Sb = 0.28518553213421 ; sb = 1274.26528803963
      k =    5 ; sb/Sb = 0.312227859411939 ; sb = 1395.09574777558
      k =    6 ; sb/Sb = 0.373355417967712 ; sb = 1668.22575345053
      k =    7 ; sb/Sb = 0.51077173724957 ; sb = 2282.22901077088
      Creating new point: f = 0.875582081533356
    i = 234 ; sf/Sf = 0.566084701737344 ; sf = 2523.5773978121
      k =   63 ; sb/Sb = 0 ; sb = 0
      k =  147 ; sb/Sb = 0.0952219157455374 ; sb = 425.470327990096
      k =   64 ; sb/Sb = 0.190443831491075 ; sb = 850.940655980192
      k =    1 ; sb/Sb = 0.224900853540781 ; sb = 1004.9014365239
      k =    2 ; sb/Sb = 0.236091048189061 ; sb = 1054.9014365239
      k =    3 ; sb/Sb = 0.275176717768207 ; sb = 1229.54392848963
      k =    4 ; sb/Sb = 0.28518553213421 ; sb = 1274.26528803963
      k =    5 ; sb/Sb = 0.312227859411939 ; sb = 1395.09574777558
      k =    6 ; sb/Sb = 0.373355417967712 ; sb = 1668.22575345053
      k =    7 ; sb/Sb = 0.51077173724957 ; sb = 2282.22901077088
      k =  434 ; sb/Sb = 0.597457835215431 ; sb = 2669.55961890816
      Creating new point: f = 0.638083450353912
    i = 52 ; sf/Sf = 0.638494718633514 ; sf = 2846.37764564347
      k =   63 ; sb/Sb = 0 ; sb = 0
      k =  147 ; sb/Sb = 0.0952219157455374 ; sb = 425.470327990096
      k =   64 ; sb/Sb = 0.190443831491075 ; sb = 850.940655980192
      k =    1 ; sb/Sb = 0.224900853540781 ; sb = 1004.9014365239
      k =    2 ; sb/Sb = 0.236091048189061 ; sb = 1054.9014365239
      k =    3 ; sb/Sb = 0.275176717768207 ; sb = 1229.54392848963
      k =    4 ; sb/Sb = 0.28518553213421 ; sb = 1274.26528803963
      k =    5 ; sb/Sb = 0.312227859411939 ; sb = 1395.09574777558
      k =    6 ; sb/Sb = 0.373355417967712 ; sb = 1668.22575345053
      k =    7 ; sb/Sb = 0.51077173724957 ; sb = 2282.22901077088
      k =  434 ; sb/Sb = 0.597457835215431 ; sb = 2669.55961890816
      k =    8 ; sb/Sb = 0.684143933181292 ; sb = 3056.89022704545
      Creating new point: f = 0.473396362058472
    i = 51 ; sf/Sf = 0.805713474438131 ; sf = 3591.83052812499
      k =   63 ; sb/Sb = 0 ; sb = 0
      k =  147 ; sb/Sb = 0.0952219157455374 ; sb = 425.470327990096
      k =   64 ; sb/Sb = 0.190443831491075 ; sb = 850.940655980192
      k =    1 ; sb/Sb = 0.224900853540781 ; sb = 1004.9014365239
      k =    2 ; sb/Sb = 0.236091048189061 ; sb = 1054.9014365239
      k =    3 ; sb/Sb = 0.275176717768207 ; sb = 1229.54392848963
      k =    4 ; sb/Sb = 0.28518553213421 ; sb = 1274.26528803963
      k =    5 ; sb/Sb = 0.312227859411939 ; sb = 1395.09574777558
      k =    6 ; sb/Sb = 0.373355417967712 ; sb = 1668.22575345053
      k =    7 ; sb/Sb = 0.51077173724957 ; sb = 2282.22901077088
      k =  434 ; sb/Sb = 0.597457835215431 ; sb = 2669.55961890816
      k =    8 ; sb/Sb = 0.684143933181292 ; sb = 3056.89022704545
      k =  440 ; sb/Sb = 0.781966973759054 ; sb = 3493.98289456574
      k =    9 ; sb/Sb = 0.879790014336816 ; sb = 3931.07556208602
      Creating new point: f = 0.242749566347821
    i = 50 ; sf/Sf = 0.925130077296844 ; sf = 4124.18379429324
      k =   63 ; sb/Sb = 0 ; sb = 0
      k =  147 ; sb/Sb = 0.0952219157455374 ; sb = 425.470327990096
      k =   64 ; sb/Sb = 0.190443831491075 ; sb = 850.940655980192
      k =    1 ; sb/Sb = 0.224900853540781 ; sb = 1004.9014365239
      k =    2 ; sb/Sb = 0.236091048189061 ; sb = 1054.9014365239
      k =    3 ; sb/Sb = 0.275176717768207 ; sb = 1229.54392848963
      k =    4 ; sb/Sb = 0.28518553213421 ; sb = 1274.26528803963
      k =    5 ; sb/Sb = 0.312227859411939 ; sb = 1395.09574777558
      k =    6 ; sb/Sb = 0.373355417967712 ; sb = 1668.22575345053
      k =    7 ; sb/Sb = 0.51077173724957 ; sb = 2282.22901077088
      k =  434 ; sb/Sb = 0.597457835215431 ; sb = 2669.55961890816
      k =    8 ; sb/Sb = 0.684143933181292 ; sb = 3056.89022704545
      k =  440 ; sb/Sb = 0.781966973759054 ; sb = 3493.98289456574
      k =    9 ; sb/Sb = 0.879790014336816 ; sb = 3931.07556208602
      k =   10 ; sb/Sb = 1 ; sb = 4468.19752216586
      Creating new point: f = 0.377173848827056
Tear 2 : Sf = 1321.95649400498 ; Sb = 1120.13799494465
  Backwards path
    i = 56 ; sf/Sf = 0.111689175303357 ; sf = 147.648230602334
      k =   57 ; sb/Sb = 0 ; sb = 0
      k =  124 ; sb/Sb = 0.309675185543713 ; sb = 346.878941419049
      Creating new point: f = 0.360665563523466
    i = 55 ; sf/Sf = 0.608939379952917 ; sf = 804.991367784126
      k =   57 ; sb/Sb = 0 ; sb = 0
      k =  124 ; sb/Sb = 0.309675185543713 ; sb = 346.878941419049
      k =   58 ; sb/Sb = 0.619350371087427 ; sb = 693.757882838098
      Creating new point: f = 0.96638093195543
    i = 54 ; sf/Sf = 0.755816284956982 ; sf = 999.156246173602
      k =   57 ; sb/Sb = 0 ; sb = 0
      k =  124 ; sb/Sb = 0.309675185543713 ; sb = 346.878941419049
      k =   58 ; sb/Sb = 0.619350371087427 ; sb = 693.757882838098
      k =   59 ; sb/Sb = 1 ; sb = 1120.13799494465
      Creating new point: f = 0.358507938808207
Tear 3 : Sf = 2653.59698943035 ; Sb = 3378.78665304203
  Backwards path
    i = 37 ; sf/Sf = 0.146970320494568 ; sf = 390
      k =   38 ; sb/Sb = 0 ; sb = 0
      k =   39 ; sb/Sb = 0.0674902290189054 ; sb = 228.035085019828
      k =   40 ; sb/Sb = 0.151619070896245 ; sb = 512.288493090865
      Creating new point: f = 0.944742489044903
    i = 36 ; sf/Sf = 0.32910869375506 ; sf = 873.321838943783
      k =   38 ; sb/Sb = 0 ; sb = 0
      k =   39 ; sb/Sb = 0.0674902290189054 ; sb = 228.035085019828
      k =   40 ; sb/Sb = 0.151619070896245 ; sb = 512.288493090866
      k =   41 ; sb/Sb = 0.313752372949773 ; sb = 1060.10233008296
      k =  309 ; sb/Sb = 0.421819853409497 ; sb = 1425.23929068815
      Creating new point: f = 0.142099369208575
    i = 35 ; sf/Sf = 0.429239424295559 ; sf = 1139.02844405551
      k =   38 ; sb/Sb = 0 ; sb = 0
      k =   39 ; sb/Sb = 0.0674902290189054 ; sb = 228.035085019828
      k =   40 ; sb/Sb = 0.151619070896245 ; sb = 512.288493090866
      k =   41 ; sb/Sb = 0.313752372949773 ; sb = 1060.10233008296
      k =  309 ; sb/Sb = 0.421819853409497 ; sb = 1425.23929068815
      k =   42 ; sb/Sb = 0.529887333869221 ; sb = 1790.37625129335
      Creating new point: f = 0.0686568323282669
    i = 34 ; sf/Sf = 0.787323378557929 ; sf = 2089.23894704945
      k =   38 ; sb/Sb = 0 ; sb = 0
      k =   39 ; sb/Sb = 0.0674902290189054 ; sb = 228.035085019828
      k =   40 ; sb/Sb = 0.151619070896245 ; sb = 512.288493090866
      k =   41 ; sb/Sb = 0.313752372949773 ; sb = 1060.10233008296
      k =  309 ; sb/Sb = 0.421819853409497 ; sb = 1425.23929068815
      k =   42 ; sb/Sb = 0.529887333869221 ; sb = 1790.37625129335
      k =  102 ; sb/Sb = 0.649386901650728 ; sb = 2194.1397959578
      k =   43 ; sb/Sb = 0.768886469432236 ; sb = 2597.90334062225
      k =   44 ; sb/Sb = 0.908492518893259 ; sb = 3069.60239722508
      Creating new point: f = 0.132063826724361
Tear 4 : Sf = 2225.2133685838 ; Sb = 2756.81725835822
  Backwards path
    i = 22 ; sf/Sf = 0.348128960220831 ; sf = 774.661216274572
      k =   23 ; sb/Sb = 0 ; sb = 0
      k =   24 ; sb/Sb = 0.047155827832208 ; sb = 130
      k =   25 ; sb/Sb = 0.134514498721866 ; sb = 370.831891575846
      k =  295 ; sb/Sb = 0.295973276600456 ; sb = 815.944236944967
      k =   26 ; sb/Sb = 0.457432054479045 ; sb = 1261.05658231409
      Creating new point: f = 0.323027860768242
    i = 21 ; sf/Sf = 0.800435703213053 ; sf = 1781.14022748146
      k =   23 ; sb/Sb = 0 ; sb = 0
      k =   24 ; sb/Sb = 0.047155827832208 ; sb = 130
      k =   25 ; sb/Sb = 0.134514498721866 ; sb = 370.831891575846
      k =  295 ; sb/Sb = 0.295973276600456 ; sb = 815.944236944967
      k =   26 ; sb/Sb = 0.457432054479045 ; sb = 1261.05658231409
      k =  144 ; sb/Sb = 0.593074040859284 ; sb = 1634.99675132512
      k =   84 ; sb/Sb = 0.728716027239522 ; sb = 2008.93692033615
      k =  104 ; sb/Sb = 0.864358013619761 ; sb = 2382.87708934719
      Creating new point: f = 0.528742448318929
    i = 20 ; sf/Sf = 0.938875657045905 ; sf = 2089.19866349645
      k =   23 ; sb/Sb = 0 ; sb = 0
      k =   24 ; sb/Sb = 0.047155827832208 ; sb = 130
      k =   25 ; sb/Sb = 0.134514498721866 ; sb = 370.831891575846
      k =  295 ; sb/Sb = 0.295973276600456 ; sb = 815.944236944967
      k =   26 ; sb/Sb = 0.457432054479045 ; sb = 1261.05658231409
      k =  144 ; sb/Sb = 0.593074040859284 ; sb = 1634.99675132512
      k =   84 ; sb/Sb = 0.728716027239522 ; sb = 2008.93692033615
      k =  104 ; sb/Sb = 0.864358013619761 ; sb = 2382.87708934719
      k =   27 ; sb/Sb = 1 ; sb = 2756.81725835822
      Creating new point: f = 0.549370039577951
Tear 5 : Sf = 1347.64483071506 ; Sb = 1271.87318511067
  Backwards path
    i = 287 ; sf/Sf = 0.356833336634123 ; sf = 480.884601541784
      k =   14 ; sb/Sb = 0 ; sb = 0
      k =   15 ; sb/Sb = 0.482691062531846 ; sb = 613.921819126833
      Creating new point: f = 0.739258221941039
    i = 13 ; sf/Sf = 0.713666673268246 ; sf = 961.769203083567
      k =   14 ; sb/Sb = 0 ; sb = 0
      k =   15 ; sb/Sb = 0.482691062531845 ; sb = 613.921819126833
      k =   16 ; sb/Sb = 1 ; sb = 1271.87318511067
      Creating new point: f = 0.44649452968444
Triangulating...
[1] "Non-adjacent points in rim connected by line: 68 30"
[1] "In triangle: 851" "In triangle: 854"
[1] "Other points in triangles: 31 446"
[1] "Non-adjacent points in rim connected by line: 69 46"
[1] "In triangle: 804" "In triangle: 805"
[1] "Other points in triangles: 45 447"
[1] "Non-adjacent points in rim connected by line: 473 140"
[1] "In triangle: 911" "In triangle: 914"
[1] "Other points in triangles: 530 33"
[1] "Non-adjacent points in rim connected by line: 474 24"
[1] "In triangle: 512" "In triangle: 513"
[1] "Other points in triangles: 23 74"
[1] "Non-adjacent points in rim connected by line: 480 479"
[1] "In triangle: 592" "In triangle: 595"
[1] "Other points in triangles: 87 21"
Merging points...
Projecting to sphere...
Optimising mapping with FIRE...
E =  0.00236 | E_L =  0.00236 | E_A =  0.00000 |   2 flippped triangles
              X1            X2
id  5.120000e+02   513.0000000
A   4.886521e+03 11501.7584475
a  -7.975991e-03    -0.3894949
E =  0.00226 | E_L =  0.00226 | E_A =  0.00000 |  35 flippped triangles
        phi0    phi0.1    phi0.2    phi0.3    phi0.4    phi0.5   phi0.6
id    98.000   99.0000  101.0000  103.0000   104.000    105.00   108.00
A   5143.847 8594.4603  888.5148 2693.8589  3291.532  17936.89 11305.41
a  -5146.793 -836.6376 -967.5302 -375.6651 -3576.139 -11916.85 -9595.81
      phi0.7    phi0.8    phi0.9   phi0.10   phi0.11   phi0.12   phi0.13
id   237.000   245.000   256.000  269.0000   271.000   273.000   290.000
A   2664.524  1762.228  5265.441  332.3065  2494.584  9234.316  6638.519
a  -1887.414 -2210.367 -4831.693 -320.8461 -2469.816 -5037.152 -4340.343
     phi0.14   phi0.15   phi0.16   phi0.17   phi0.18   phi0.19   phi0.20
id  321.0000    351.00    353.00    360.00    595.00   619.000   755.000
A   255.1311  27740.56  29864.13  24522.88  10734.54 34906.055  3626.108
a  -237.5832 -17645.04 -24094.78 -18080.74 -10857.11 -1995.926 -2893.230
     phi0.21   phi0.22   phi0.23   phi0.24   phi0.25   phi0.26   phi0.27
id   831.000    844.00   882.000   890.000   891.000   898.000  901.0000
A  39245.531  18524.25  2236.604  6158.135 12945.586  5689.788  204.9686
a  -2399.326 -14326.52 -2424.414 -5335.940 -7590.008 -5310.878 -245.4779
     phi0.28   phi0.29   phi0.30   phi0.31   phi0.32   phi0.33   phi0.34
id   914.000  920.0000  931.0000  932.0000   937.000    938.00   940.000
A   3150.657  522.1224  991.1750 1009.6194  7011.464  13626.70  7078.354
a  -3588.119 -520.5734 -970.1794 -527.1443 -6093.947 -12365.51 -6484.337
E =  0.00223 | E_L =  0.00223 | E_A =  0.00000 |  37 flippped triangles
        phi0    phi0.1    phi0.2    phi0.3    phi0.4    phi0.5    phi0.6
id    98.000  101.0000   104.000    105.00    108.00   245.000   256.000
A   5143.847  888.5148  3291.532  17936.89  11305.41  1762.228  5265.441
a  -4867.409 -905.4083 -3420.335 -14940.82 -10674.27 -2173.778 -4379.277
      phi0.7    phi0.8    phi0.9   phi0.10   phi0.11   phi0.12   phi0.13
id  269.0000   271.000   273.000   275.000   279.000   290.000  321.0000
A   332.3065  2494.584  9234.316  7519.740  7823.124  6638.519  255.1311
a  -309.3388 -2370.119 -8351.146 -3705.862 -1588.667 -5543.320 -237.7929
     phi0.14   phi0.15   phi0.16   phi0.17   phi0.18   phi0.19   phi0.20
id    351.00    353.00    360.00    595.00   619.000   755.000   831.000
A   27740.56  29864.13  24522.88  10734.54 34906.055  3626.108 39245.531
a  -16859.71 -24264.67 -19889.96 -11206.19 -4586.035 -3015.625 -1358.089
     phi0.21    phi0.22   phi0.23   phi0.24   phi0.25   phi0.26   phi0.27
id    844.00  875.00000   877.000   882.000   890.000   891.000   898.000
A   18524.25 8671.53999 24858.971  2236.604  6158.135 12945.586  5689.788
a  -18630.55  -29.09911 -4175.283 -2488.003 -5585.333 -9731.628 -5404.141
     phi0.28   phi0.29   phi0.30   phi0.31   phi0.32   phi0.33   phi0.34
id  901.0000  911.0000   914.000  920.0000  931.0000  932.0000   937.000
A   204.9686 7333.2184  3150.657  522.1224  991.1750 1009.6194  7011.464
a  -241.3885 -457.0309 -3618.353 -502.6386 -937.1571 -517.0509 -5988.808
     phi0.35   phi0.36
id    938.00   940.000
A   13626.70  7078.354
a  -12482.48 -6543.391
E =  0.00217 | E_L =  0.00217 | E_A =  0.00000 |  38 flippped triangles
        phi0   phi0.1    phi0.2    phi0.3    phi0.4    phi0.5    phi0.6
id    98.000    99.00  101.0000   104.000    105.00    108.00   245.000
A   5143.847  8594.46  888.5148  3291.532  17936.89  11305.41  1762.228
a  -4869.744 -1694.75 -918.1091 -3516.525 -14927.36 -10149.50 -2227.809
      phi0.7    phi0.8    phi0.9   phi0.10   phi0.11   phi0.12   phi0.13
id   256.000  269.0000   271.000   273.000   275.000   279.000   290.000
A   5265.441  332.3065  2494.584  9234.316  7519.740  7823.124  6638.519
a  -4516.426 -307.9169 -2370.780 -8500.577 -3496.397 -1720.198 -5479.636
     phi0.14   phi0.15   phi0.16   phi0.17   phi0.18   phi0.19   phi0.20
id  321.0000    351.00    353.00    360.00    595.00   619.000   755.000
A   255.1311  27740.56  29864.13  24522.88  10734.54 34906.055  3626.108
a  -240.5932 -17281.69 -24135.45 -19792.11 -11292.63 -2673.762 -2995.968
     phi0.21   phi0.22   phi0.23   phi0.24   phi0.25   phi0.26   phi0.27
id   831.000    844.00   875.000   877.000   882.000   890.000    891.00
A  39245.531  18524.25  8671.540 24858.971  2236.604  6158.135  12945.59
a   -724.746 -18825.32 -1566.811 -4417.841 -2482.137 -5482.819 -10378.61
     phi0.28   phi0.29   phi0.30   phi0.31   phi0.32  phi0.33   phi0.34
id   898.000  901.0000  911.0000   914.000  920.0000  931.000  932.0000
A   5689.788  204.9686 7333.2184  3150.657  522.1224  991.175 1009.6194
a  -5408.797 -240.7781 -237.3549 -3538.577 -521.0996 -907.947 -477.6965
     phi0.35   phi0.36   phi0.37
id   937.000    938.00   940.000
A   7011.464  13626.70  7078.354
a  -5963.588 -12795.14 -6421.189
E =  0.00215 | E_L =  0.00215 | E_A =  0.00000 |  36 flippped triangles
        phi0    phi0.1    phi0.2    phi0.3    phi0.4    phi0.5    phi0.6
id    98.000  101.0000   104.000    105.00    108.00   245.000   256.000
A   5143.847  888.5148  3291.532  17936.89  11305.41  1762.228  5265.441
a  -4906.502 -913.8234 -3429.820 -14522.33 -10921.34 -2162.900 -4298.202
      phi0.7    phi0.8    phi0.9   phi0.10   phi0.11   phi0.12   phi0.13
id  269.0000   271.000   273.000   275.000   279.000   290.000  321.0000
A   332.3065  2494.584  9234.316  7519.740  7823.124  6638.519  255.1311
a  -306.3847 -2342.329 -8345.391 -3727.305 -1623.576 -5386.727 -236.5898
     phi0.14   phi0.15   phi0.16   phi0.17   phi0.18   phi0.19   phi0.20
id   351.000    353.00    360.00    595.00   619.000   755.000   831.000
A  27740.560  29864.13  24522.88  10734.54 34906.055  3626.108 39245.531
a  -8897.896 -15850.69 -19336.15 -11163.27 -5859.262 -3041.517 -2048.806
     phi0.21   phi0.22   phi0.23   phi0.24   phi0.25   phi0.26   phi0.27
id    844.00   877.000   882.000   890.000   891.000   898.000  901.0000
A   18524.25 24858.971  2236.604  6158.135 12945.586  5689.788  204.9686
a  -19146.42 -5806.815 -2500.378 -5578.585 -9575.828 -5399.184 -240.2484
     phi0.28   phi0.29   phi0.30   phi0.31   phi0.32   phi0.33   phi0.34
id  911.0000   914.000  920.0000  931.0000  932.0000   937.000    938.00
A  7333.2184  3150.657  522.1224  991.1750 1009.6194  7011.464  13626.70
a  -414.9603 -3622.172 -507.9907 -927.9556 -516.1822 -5989.714 -12747.21
     phi0.35
id   940.000
A   7078.354
a  -6569.341
E =  0.00215 | E_L =  0.00215 | E_A =  0.00000 |  38 flippped triangles
        phi0    phi0.1    phi0.2    phi0.3    phi0.4    phi0.5    phi0.6
id    98.000   99.0000  101.0000   104.000    105.00    108.00   245.000
A   5143.847 8594.4603  888.5148  3291.532  17936.89  11305.41  1762.228
a  -4816.747 -614.5701 -904.8029 -3441.866 -14087.33 -10909.20 -2177.993
      phi0.7    phi0.8    phi0.9   phi0.10   phi0.11   phi0.12   phi0.13
id   256.000  269.0000   271.000   273.000   275.000   279.000   290.000
A   5265.441  332.3065  2494.584  9234.316  7519.740  7823.124  6638.519
a  -4494.939 -302.8214 -2290.336 -8190.010 -3585.396 -1019.896 -5187.993
     phi0.14   phi0.15   phi0.16   phi0.17   phi0.18   phi0.19   phi0.20
id  321.0000   351.000    353.00    360.00    595.00   619.000   755.000
A   255.1311 27740.560  29864.13  24522.88  10734.54 34906.055  3626.108
a  -238.3456 -9805.199 -16657.73 -19091.25 -11158.52 -4287.243 -3076.550
     phi0.21   phi0.22   phi0.23  phi0.24   phi0.25   phi0.26   phi0.27
id   831.000    844.00  875.0000   877.00   882.000   890.000   891.000
A  39245.531  18524.25 8671.5400 24858.97  2236.604  6158.135 12945.586
a  -2208.192 -19202.32 -644.2219 -6422.74 -2496.863 -5524.234 -9639.057
     phi0.28   phi0.29   phi0.30   phi0.31   phi0.32  phi0.33   phi0.34
id   898.000  901.0000  911.0000   914.000  920.0000  931.000  932.0000
A   5689.788  204.9686 7333.2184  3150.657  522.1224  991.175 1009.6194
a  -5384.418 -238.5530 -245.7895 -3590.793 -523.5186 -920.153 -489.4841
     phi0.35   phi0.36   phi0.37
id   937.000    938.00   940.000
A   7011.464  13626.70  7078.354
a  -6001.831 -12842.88 -6422.750
FIRE:  5  stops.  0 hits of maxmove.  0 hits of dtmax.
Frms = 7.63435001699484e-06; Ftanrms = 7.63408195826163e-06
E =  1.25653 | E_L =  0.00516 | E_A =  1.25137 |   2 flippped triangles
          phi0   phi0.1
id   513.00000  937.000
A  11501.75845 7011.464
a    -27.82664 -124.829
E =  1.25323 | E_L =  0.00230 | E_A =  1.25092 |   2 flippped triangles
          phi0   phi0.1
id   513.00000  937.000
A  11501.75845 7011.464
a    -27.82664 -124.829
E =  1.25323 | E_L =  0.00230 | E_A =  1.25092 |   2 flippped triangles
            phi0       phi0.1
id   513.0000000  937.0000000
A  11501.7584475 7011.4636477
a     -0.7002103   -0.3080701
Optimising mapping with BFGS...
E =  3.08486 | E_L =  0.00233 | E_A =  3.08253 |   2 flippped triangles
           phi0        phi0.1
id  937.0000000  9.380000e+02
A  7011.4636477  1.362670e+04
a    -0.4623644 -1.125628e-02
Transforming image...
Mapping optimised. Error: 3.084864 ; 2 flipped triangles.
Inferring coordinates of datapoints
Inferring coordinates of landmarks
Mapping optimised. Error: 3.084864 ; 2 flipped triangles. OD displacement: 8.433616 degrees.
Computing Kernel Density estimates of datapoints

[1] 0.775
Saving adult_retina/data/C57BL6J/GM1195/R-CONTRA/r.mat
