[1] "Adding old segment 1"
[1] "Storing new segment 1"
[1] "Adding old segment 2"
[1] "Adding old segment 3"
[1] "Adding old segment 4"
[1] "Adding old segment 5"
[1] "Intersection found. Old points:"
   X    Y 
 580 4939 
   X    Y 
-220 4719 
   X    Y 
-170 4739 
    X     Y 
-1150  4229 
[1] "Point i+1 has been changed:"
   X    Y 
 580 4939 
        X         Y 
-195.4678 4725.7464 
   X    Y 
-170 4739 
    X     Y 
-1150  4229 
[1] "a= 0.0464661396805784"
[1] "l= 1076.05237585292"
[1] "New points:"
   X    Y 
 580 4939 
        X         Y 
-195.4678 4725.7464 
        X         Y 
-1105.647  4252.082 
    X     Y 
-1150  4229 
[1] "Storing new segment 2"
simplify.outline: Removing vertex 1
simplify.outline: Removing vertex 23
Triangulating...
[1] "Non-adjacent points in rim connected by line: 414 393"
[1] "In triangle: 681" "In triangle: 734"
[1] "Other points in triangles: 35 417"
[1] "Non-adjacent points in rim connected by line: 427 425"
[1] "In triangle: 755" "In triangle: 756"
[1] "Other points in triangles: 5 428"
[1] "Non-adjacent points in rim connected by line: 430 429"
[1] "In triangle: 754" "In triangle: 759"
[1] "Other points in triangles: 431 6"
Stitching...
Tear 1 child of rim
Tear 2 child of rim
Tear 3 child of rim
Tear 4 child of rim
Tear 5 child of rim
Tear 6 child of rim
Tear 1 : Sf = 2391.95141611296 ; Sb = 1997.85473553713
  Forwards path
    i = 20 ; sf/Sf = 0.100684273916905 ; sf = 240.831891575846
      k =   19 ; sb/Sb = 0 ; sb = 0
      k =  162 ; sb/Sb = 0.184605850244183 ; sb = 368.815672118201
      Creating new point: f = 0.545401317367391
    i = 21 ; sf/Sf = 0.284824431590619 ; sf = 681.286202486751
      k =   19 ; sb/Sb = 0 ; sb = 0
      k =  162 ; sb/Sb = 0.184605850244183 ; sb = 368.8156721182
      k =   18 ; sb/Sb = 0.369211700488367 ; sb = 737.631344236401
      Creating new point: f = 0.542878685663937
    i = 90 ; sf/Sf = 0.477408490425653 ; sf = 1141.93791473799
      k =   19 ; sb/Sb = 0 ; sb = 0
      k =  162 ; sb/Sb = 0.184605850244183 ; sb = 368.8156721182
      k =   18 ; sb/Sb = 0.369211700488367 ; sb = 737.631344236401
      k =  163 ; sb/Sb = 0.519789304444616 ; sb = 1038.46352336623
      Creating new point: f = 0.718545036542908
    i = 22 ; sf/Sf = 0.669992549260687 ; sf = 1602.58962698923
      k =   19 ; sb/Sb = 0 ; sb = 0
      k =  162 ; sb/Sb = 0.184605850244183 ; sb = 368.8156721182
      k =   18 ; sb/Sb = 0.369211700488367 ; sb = 737.631344236401
      k =  163 ; sb/Sb = 0.519789304444616 ; sb = 1038.46352336623
      k =   17 ; sb/Sb = 0.670366908400864 ; sb = 1339.29570249605
      Creating new point: f = 0.997513845815436
    i = 23 ; sf/Sf = 0.808965021917379 ; sf = 1935.00502976113
      k =   19 ; sb/Sb = 0 ; sb = 0
      k =  162 ; sb/Sb = 0.184605850244183 ; sb = 368.8156721182
      k =   18 ; sb/Sb = 0.369211700488367 ; sb = 737.631344236401
      k =  163 ; sb/Sb = 0.519789304444616 ; sb = 1038.46352336623
      k =   17 ; sb/Sb = 0.670366908400864 ; sb = 1339.29570249605
      k =   16 ; sb/Sb = 1 ; sb = 1997.85473553713
      Creating new point: f = 0.420461771129042
    i = 267 ; sf/Sf = 0.904482510958689 ; sf = 2163.47822293704
      k =   19 ; sb/Sb = 0 ; sb = 0
      k =  162 ; sb/Sb = 0.184605850244183 ; sb = 368.8156721182
      k =   18 ; sb/Sb = 0.369211700488367 ; sb = 737.631344236401
      k =  163 ; sb/Sb = 0.519789304444616 ; sb = 1038.46352336623
      k =   17 ; sb/Sb = 0.670366908400864 ; sb = 1339.29570249605
      k =   16 ; sb/Sb = 1 ; sb = 1997.85473553713
      Creating new point: f = 0.710230885564521
Tear 2 : Sf = 1840.10869244184 ; Sb = 1969.1876497683
  Forwards path
    i = 204 ; sf/Sf = 0.25 ; sf = 460.027173110459
      k =   11 ; sb/Sb = 0 ; sb = 0
      k =  126 ; sb/Sb = 0.25 ; sb = 492.296912442075
      k =  121 ; sb/Sb = 0.5 ; sb = 984.59382488415
      Creating new point: f = 0
      Point 126 already exists
    i = 145 ; sf/Sf = 0.5 ; sf = 920.054346220918
      k =   11 ; sb/Sb = 0 ; sb = 0
      k =  126 ; sb/Sb = 0.25 ; sb = 492.296912442075
      k =  121 ; sb/Sb = 0.5 ; sb = 984.59382488415
      k =  241 ; sb/Sb = 0.625 ; sb = 1230.74228110519
      Creating new point: f = 0
      Point 121 already exists
    i = 150 ; sf/Sf = 0.75 ; sf = 1380.08151933138
      k =   11 ; sb/Sb = 0 ; sb = 0
      k =  126 ; sb/Sb = 0.25 ; sb = 492.296912442075
      k =  121 ; sb/Sb = 0.5 ; sb = 984.59382488415
      k =  241 ; sb/Sb = 0.625 ; sb = 1230.74228110519
      k =  198 ; sb/Sb = 0.75 ; sb = 1476.89073732622
      k =   10 ; sb/Sb = 1 ; sb = 1969.1876497683
      Creating new point: f = 0
      Point 198 already exists
Tear 3 : Sf = 855.162626942661 ; Sb = 579.74132162543
  Forwards path
    i = 94 ; sf/Sf = 0.31837110185066 ; sf = 272.25906780124
      k =    7 ; sb/Sb = 0 ; sb = 0
      k =  430 ; sb/Sb = 0.558423747884231 ; sb = 323.74132162543
      Creating new point: f = 0.570124574853616
    i = 8 ; sf/Sf = 0.63674220370132 ; sf = 544.518135602479
      k =    7 ; sb/Sb = 0 ; sb = 0
      k =  430 ; sb/Sb = 0.558423747884231 ; sb = 323.74132162543
      k =    6 ; sb/Sb = 1 ; sb = 579.74132162543
      Creating new point: f = 0.17736111360571
Tear 4 : Sf = 3778.12168822729 ; Sb = 4229.48356113525
  Forwards path
    i = 106 ; sf/Sf = 0.089855471038215 ; sf = 339.484903935359
      k =   41 ; sb/Sb = 0 ; sb = 0
      k =  181 ; sb/Sb = 0.100596283645537 ; sb = 425.470327990096
      Creating new point: f = 0.893228534712393
    i = 1 ; sf/Sf = 0.17971094207643 ; sf = 678.969807870718
      k =   41 ; sb/Sb = 0 ; sb = 0
      k =  181 ; sb/Sb = 0.100596283645537 ; sb = 425.470327990096
      k =   40 ; sb/Sb = 0.201192567291073 ; sb = 850.940655980192
      Creating new point: f = 0.786457069424786
    i = 2 ; sf/Sf = 0.286407581486176 ; sf = 1082.08269528565
      k =   41 ; sb/Sb = 0 ; sb = 0
      k =  181 ; sb/Sb = 0.100596283645537 ; sb = 425.470327990096
      k =   40 ; sb/Sb = 0.201192567291073 ; sb = 850.940655980192
      k =   39 ; sb/Sb = 0.326324805600072 ; sb = 1380.18540087616
      Creating new point: f = 0.680999679592355
    i = 140 ; sf/Sf = 0.358433132524326 ; sf = 1354.2039917694
      k =   41 ; sb/Sb = 0 ; sb = 0
      k =  181 ; sb/Sb = 0.100596283645537 ; sb = 425.470327990096
      k =   40 ; sb/Sb = 0.201192567291073 ; sb = 850.940655980192
      k =   39 ; sb/Sb = 0.326324805600072 ; sb = 1380.18540087616
      k =  306 ; sb/Sb = 0.422030081932091 ; sb = 1784.96929383634
      Creating new point: f = 0.335491711166098
    i = 135 ; sf/Sf = 0.430458683562475 ; sf = 1626.32528825316
      k =   41 ; sb/Sb = 0 ; sb = 0
      k =  181 ; sb/Sb = 0.100596283645537 ; sb = 425.470327990096
      k =   40 ; sb/Sb = 0.201192567291073 ; sb = 850.940655980192
      k =   39 ; sb/Sb = 0.326324805600072 ; sb = 1380.18540087616
      k =  306 ; sb/Sb = 0.422030081932091 ; sb = 1784.96929383634
      k =   38 ; sb/Sb = 0.51773535826411 ; sb = 2189.75318679653
      Creating new point: f = 0.0880683067163786
    i = 200 ; sf/Sf = 0.502484234600625 ; sf = 1898.44658473691
      k =   41 ; sb/Sb = 0 ; sb = 0
      k =  181 ; sb/Sb = 0.100596283645537 ; sb = 425.470327990096
      k =   40 ; sb/Sb = 0.201192567291073 ; sb = 850.940655980192
      k =   39 ; sb/Sb = 0.326324805600072 ; sb = 1380.18540087616
      k =  306 ; sb/Sb = 0.422030081932091 ; sb = 1784.96929383634
      k =   38 ; sb/Sb = 0.51773535826411 ; sb = 2189.75318679653
      Creating new point: f = 0.840644902266659
    i = 3 ; sf/Sf = 0.574509785638775 ; sf = 2170.56788122067
      k =   41 ; sb/Sb = 0 ; sb = 0
      k =  181 ; sb/Sb = 0.100596283645537 ; sb = 425.470327990096
      k =   40 ; sb/Sb = 0.201192567291073 ; sb = 850.940655980192
      k =   39 ; sb/Sb = 0.326324805600072 ; sb = 1380.18540087616
      k =  306 ; sb/Sb = 0.422030081932091 ; sb = 1784.96929383634
      k =   38 ; sb/Sb = 0.51773535826411 ; sb = 2189.75318679653
      k =  339 ; sb/Sb = 0.578018438481097 ; sb = 2444.71948358887
      Creating new point: f = 0.941797054336101
    i = 419 ; sf/Sf = 0.653171948099115 ; sf = 2467.76310325494
      k =   41 ; sb/Sb = 0 ; sb = 0
      k =  181 ; sb/Sb = 0.100596283645537 ; sb = 425.470327990096
      k =   40 ; sb/Sb = 0.201192567291073 ; sb = 850.940655980192
      k =   39 ; sb/Sb = 0.326324805600072 ; sb = 1380.18540087616
      k =  306 ; sb/Sb = 0.422030081932091 ; sb = 1784.96929383634
      k =   38 ; sb/Sb = 0.51773535826411 ; sb = 2189.75318679653
      k =  339 ; sb/Sb = 0.578018438481097 ; sb = 2444.71948358887
      k =  354 ; sb/Sb = 0.638301518698083 ; sb = 2699.68578038121
      k =  402 ; sb/Sb = 0.698584598915069 ; sb = 2954.65207717355
      Creating new point: f = 0.246676668602653
    i = 4 ; sf/Sf = 0.731834110559456 ; sf = 2764.95832528921
      k =   41 ; sb/Sb = 0 ; sb = 0
      k =  181 ; sb/Sb = 0.100596283645537 ; sb = 425.470327990096
      k =   40 ; sb/Sb = 0.201192567291073 ; sb = 850.940655980192
      k =   39 ; sb/Sb = 0.326324805600072 ; sb = 1380.18540087616
      k =  306 ; sb/Sb = 0.422030081932091 ; sb = 1784.96929383634
      k =   38 ; sb/Sb = 0.51773535826411 ; sb = 2189.75318679653
      k =  339 ; sb/Sb = 0.578018438481097 ; sb = 2444.71948358887
      k =  354 ; sb/Sb = 0.638301518698083 ; sb = 2699.68578038121
      k =  402 ; sb/Sb = 0.698584598915069 ; sb = 2954.65207717355
      k =  346 ; sb/Sb = 0.758867679132055 ; sb = 3209.61837396589
      Creating new point: f = 0.551556282869208
    i = 334 ; sf/Sf = 0.865917055279728 ; sf = 3271.54000675825
      k =   41 ; sb/Sb = 0 ; sb = 0
      k =  181 ; sb/Sb = 0.100596283645537 ; sb = 425.470327990096
      k =   40 ; sb/Sb = 0.201192567291073 ; sb = 850.940655980192
      k =   39 ; sb/Sb = 0.326324805600072 ; sb = 1380.18540087616
      k =  306 ; sb/Sb = 0.422030081932091 ; sb = 1784.96929383634
      k =   38 ; sb/Sb = 0.51773535826411 ; sb = 2189.75318679653
      k =  339 ; sb/Sb = 0.578018438481097 ; sb = 2444.71948358887
      k =  354 ; sb/Sb = 0.638301518698083 ; sb = 2699.68578038121
      k =  402 ; sb/Sb = 0.698584598915069 ; sb = 2954.65207717355
      k =  346 ; sb/Sb = 0.758867679132055 ; sb = 3209.61837396589
      k =  437 ; sb/Sb = 0.879433839566028 ; sb = 3719.55096755057
      Creating new point: f = 0.887889070717302
    i = 425 ; sf/Sf = 0.932958527639864 ; sf = 3524.83084749277
      k =   41 ; sb/Sb = 0 ; sb = 0
      k =  181 ; sb/Sb = 0.100596283645537 ; sb = 425.470327990096
      k =   40 ; sb/Sb = 0.201192567291073 ; sb = 850.940655980192
      k =   39 ; sb/Sb = 0.326324805600072 ; sb = 1380.18540087616
      k =  306 ; sb/Sb = 0.422030081932091 ; sb = 1784.96929383634
      k =   38 ; sb/Sb = 0.51773535826411 ; sb = 2189.75318679653
      k =  339 ; sb/Sb = 0.578018438481097 ; sb = 2444.71948358887
      k =  354 ; sb/Sb = 0.638301518698083 ; sb = 2699.68578038121
      k =  402 ; sb/Sb = 0.698584598915069 ; sb = 2954.65207717355
      k =  346 ; sb/Sb = 0.758867679132055 ; sb = 3209.61837396589
      k =  437 ; sb/Sb = 0.879433839566028 ; sb = 3719.55096755057
      k =   37 ; sb/Sb = 1 ; sb = 4229.48356113525
      Creating new point: f = 0.443944535358651
Tear 5 : Sf = 2930.49033022293 ; Sb = 2966.34845646997
  Forwards path
    i = 390 ; sf/Sf = 0.116634653146339 ; sf = 341.796723214252
      k =   29 ; sb/Sb = 0 ; sb = 0
      k =  260 ; sb/Sb = 0.161199405820733 ; sb = 478.173608640209
      Creating new point: f = 0.723542698885912
    i = 311 ; sf/Sf = 0.233269306292678 ; sf = 683.593446428504
      k =   29 ; sb/Sb = 0 ; sb = 0
      k =  260 ; sb/Sb = 0.161199405820733 ; sb = 478.173608640209
      k =   28 ; sb/Sb = 0.322398811641467 ; sb = 956.347217280418
      Creating new point: f = 0.447085397771825
    i = 382 ; sf/Sf = 0.349903959439017 ; sf = 1025.39016964276
      k =   29 ; sb/Sb = 0 ; sb = 0
      k =  260 ; sb/Sb = 0.161199405820733 ; sb = 478.173608640209
      k =   28 ; sb/Sb = 0.322398811641467 ; sb = 956.347217280418
      k =  263 ; sb/Sb = 0.467446352305432 ; sb = 1386.60876564374
      Creating new point: f = 0.189628501604669
    i = 30 ; sf/Sf = 0.466538612585356 ; sf = 1367.18689285701
      k =   29 ; sb/Sb = 0 ; sb = 0
      k =  260 ; sb/Sb = 0.161199405820733 ; sb = 478.173608640209
      k =   28 ; sb/Sb = 0.322398811641467 ; sb = 956.347217280418
      k =  263 ; sb/Sb = 0.467446352305432 ; sb = 1386.60876564374
      Creating new point: f = 0.993741777930733
    i = 365 ; sf/Sf = 0.59336097908492 ; sf = 1738.83861153997
      k =   29 ; sb/Sb = 0 ; sb = 0
      k =  260 ; sb/Sb = 0.161199405820733 ; sb = 478.173608640209
      k =   28 ; sb/Sb = 0.322398811641467 ; sb = 956.347217280418
      k =  263 ; sb/Sb = 0.467446352305432 ; sb = 1386.60876564374
      k =   27 ; sb/Sb = 0.612493892969397 ; sb = 1816.87031400705
      Creating new point: f = 0.868092117957365
    i = 31 ; sf/Sf = 0.720183345584485 ; sf = 2110.49033022293
      k =   29 ; sb/Sb = 0 ; sb = 0
      k =  260 ; sb/Sb = 0.161199405820733 ; sb = 478.173608640209
      k =   28 ; sb/Sb = 0.322398811641467 ; sb = 956.347217280418
      k =  263 ; sb/Sb = 0.467446352305432 ; sb = 1386.60876564374
      k =   27 ; sb/Sb = 0.612493892969397 ; sb = 1816.87031400705
      k =  321 ; sb/Sb = 0.709370419727048 ; sb = 2104.23984962278
      k =  258 ; sb/Sb = 0.806246946484698 ; sb = 2391.60938523851
      Creating new point: f = 0.111615540103818
    i = 387 ; sf/Sf = 0.860091672792242 ; sf = 2520.49033022293
      k =   29 ; sb/Sb = 0 ; sb = 0
      k =  260 ; sb/Sb = 0.161199405820733 ; sb = 478.173608640209
      k =   28 ; sb/Sb = 0.322398811641467 ; sb = 956.347217280418
      k =  263 ; sb/Sb = 0.467446352305432 ; sb = 1386.60876564374
      k =   27 ; sb/Sb = 0.612493892969397 ; sb = 1816.87031400705
      k =  321 ; sb/Sb = 0.709370419727048 ; sb = 2104.23984962278
      k =  258 ; sb/Sb = 0.806246946484698 ; sb = 2391.60938523851
      k =  328 ; sb/Sb = 0.903123473242349 ; sb = 2678.97892085424
      Creating new point: f = 0.555807770051908
Tear 6 : Sf = 643.816744112795 ; Sb = 736.613874428116
  Forwards path
    i = 414 ; sf/Sf = 0.60237132329825 ; sf = 387.816744112795
      k =   34 ; sb/Sb = 0 ; sb = 0
      k =  377 ; sb/Sb = 0.5 ; sb = 368.306937214058
      k =   33 ; sb/Sb = 1 ; sb = 736.613874428116
      Creating new point: f = 0.2047426465965
Tear 1 : Sf = 1997.85473553713 ; Sb = 2391.95141611296
  Backwards path
    i = 162 ; sf/Sf = 0.184605850244183 ; sf = 368.8156721182
      k =   19 ; sb/Sb = 0 ; sb = 0
      k =   20 ; sb/Sb = 0.100684273916905 ; sb = 240.831891575846
      k =   21 ; sb/Sb = 0.284824431590619 ; sb = 681.286202486751
      Creating new point: f = 0.455748367914307
    i = 18 ; sf/Sf = 0.369211700488367 ; sf = 737.631344236401
      k =   19 ; sb/Sb = 0 ; sb = 0
      k =   20 ; sb/Sb = 0.100684273916905 ; sb = 240.831891575846
      k =   21 ; sb/Sb = 0.284824431590619 ; sb = 681.286202486751
      k =   90 ; sb/Sb = 0.477408490425653 ; sb = 1141.93791473799
      Creating new point: f = 0.438184081321254
    i = 163 ; sf/Sf = 0.519789304444616 ; sf = 1038.46352336623
      k =   19 ; sb/Sb = 0 ; sb = 0
      k =   20 ; sb/Sb = 0.100684273916905 ; sb = 240.831891575846
      k =   21 ; sb/Sb = 0.284824431590619 ; sb = 681.286202486751
      k =   90 ; sb/Sb = 0.477408490425653 ; sb = 1141.93791473799
      k =   22 ; sb/Sb = 0.669992549260687 ; sb = 1602.58962698923
      Creating new point: f = 0.220063977648668
    i = 17 ; sf/Sf = 0.670366908400864 ; sf = 1339.29570249605
      k =   19 ; sb/Sb = 0 ; sb = 0
      k =   20 ; sb/Sb = 0.100684273916905 ; sb = 240.831891575846
      k =   21 ; sb/Sb = 0.284824431590619 ; sb = 681.286202486751
      k =   90 ; sb/Sb = 0.477408490425653 ; sb = 1141.93791473799
      k =   22 ; sb/Sb = 0.669992549260687 ; sb = 1602.58962698923
      k =   23 ; sb/Sb = 0.808965021917379 ; sb = 1935.00502976113
      Creating new point: f = 0.00269376469325808
Tear 2 : Sf = 1969.1876497683 ; Sb = 1840.10869244184
  Backwards path
    i = 126 ; sf/Sf = 0.25 ; sf = 492.296912442075
      k =   11 ; sb/Sb = 0 ; sb = 0
      k =  204 ; sb/Sb = 0.25 ; sb = 460.027173110459
      k =  145 ; sb/Sb = 0.5 ; sb = 920.054346220918
      Creating new point: f = 0
      Point 204 already exists
    i = 121 ; sf/Sf = 0.5 ; sf = 984.59382488415
      k =   11 ; sb/Sb = 0 ; sb = 0
      k =  204 ; sb/Sb = 0.25 ; sb = 460.027173110459
      k =  145 ; sb/Sb = 0.5 ; sb = 920.054346220918
      k =  150 ; sb/Sb = 0.75 ; sb = 1380.08151933138
      Creating new point: f = 0
      Point 145 already exists
    i = 241 ; sf/Sf = 0.625 ; sf = 1230.74228110519
      k =   11 ; sb/Sb = 0 ; sb = 0
      k =  204 ; sb/Sb = 0.25 ; sb = 460.027173110459
      k =  145 ; sb/Sb = 0.5 ; sb = 920.054346220918
      k =  150 ; sb/Sb = 0.75 ; sb = 1380.08151933138
      Creating new point: f = 0.5
    i = 198 ; sf/Sf = 0.75 ; sf = 1476.89073732622
      k =   11 ; sb/Sb = 0 ; sb = 0
      k =  204 ; sb/Sb = 0.25 ; sb = 460.027173110459
      k =  145 ; sb/Sb = 0.5 ; sb = 920.054346220918
      k =  150 ; sb/Sb = 0.75 ; sb = 1380.08151933138
      k =   12 ; sb/Sb = 1 ; sb = 1840.10869244184
      Creating new point: f = 0
      Point 150 already exists
Tear 3 : Sf = 579.74132162543 ; Sb = 855.162626942661
  Backwards path
    i = 430 ; sf/Sf = 0.558423747884231 ; sf = 323.74132162543
      k =    7 ; sb/Sb = 0 ; sb = 0
      k =   94 ; sb/Sb = 0.31837110185066 ; sb = 272.25906780124
      k =    8 ; sb/Sb = 0.63674220370132 ; sb = 544.518135602479
      Creating new point: f = 0.754002623473578
Tear 4 : Sf = 4229.48356113525 ; Sb = 3778.12168822729
  Backwards path
    i = 181 ; sf/Sf = 0.100596283645537 ; sf = 425.470327990096
      k =   41 ; sb/Sb = 0 ; sb = 0
      k =  106 ; sb/Sb = 0.089855471038215 ; sb = 339.484903935359
      k =    1 ; sb/Sb = 0.17971094207643 ; sb = 678.969807870718
      Creating new point: f = 0.119534319760604
    i = 40 ; sf/Sf = 0.201192567291073 ; sf = 850.940655980192
      k =   41 ; sb/Sb = 0 ; sb = 0
      k =  106 ; sb/Sb = 0.089855471038215 ; sb = 339.484903935359
      k =    1 ; sb/Sb = 0.17971094207643 ; sb = 678.969807870718
      k =    2 ; sb/Sb = 0.286407581486176 ; sb = 1082.08269528565
      Creating new point: f = 0.201333662742158
    i = 39 ; sf/Sf = 0.326324805600072 ; sf = 1380.18540087616
      k =   41 ; sb/Sb = 0 ; sb = 0
      k =  106 ; sb/Sb = 0.089855471038215 ; sb = 339.484903935359
      k =    1 ; sb/Sb = 0.17971094207643 ; sb = 678.969807870718
      k =    2 ; sb/Sb = 0.286407581486176 ; sb = 1082.08269528565
      k =  140 ; sb/Sb = 0.358433132524326 ; sb = 1354.2039917694
      Creating new point: f = 0.554209215181893
    i = 306 ; sf/Sf = 0.422030081932091 ; sf = 1784.96929383634
      k =   41 ; sb/Sb = 0 ; sb = 0
      k =  106 ; sb/Sb = 0.089855471038215 ; sb = 339.484903935359
      k =    1 ; sb/Sb = 0.17971094207643 ; sb = 678.969807870718
      k =    2 ; sb/Sb = 0.286407581486176 ; sb = 1082.08269528565
      k =  140 ; sb/Sb = 0.358433132524326 ; sb = 1354.2039917694
      k =  135 ; sb/Sb = 0.430458683562475 ; sb = 1626.32528825316
      Creating new point: f = 0.882977616847115
    i = 38 ; sf/Sf = 0.51773535826411 ; sf = 2189.75318679653
      k =   41 ; sb/Sb = 0 ; sb = 0
      k =  106 ; sb/Sb = 0.089855471038215 ; sb = 339.484903935359
      k =    1 ; sb/Sb = 0.17971094207643 ; sb = 678.969807870718
      k =    2 ; sb/Sb = 0.286407581486176 ; sb = 1082.08269528565
      k =  140 ; sb/Sb = 0.358433132524326 ; sb = 1354.2039917694
      k =  135 ; sb/Sb = 0.430458683562475 ; sb = 1626.32528825316
      k =  200 ; sb/Sb = 0.502484234600625 ; sb = 1898.44658473691
      k =    3 ; sb/Sb = 0.574509785638775 ; sb = 2170.56788122067
      Creating new point: f = 0.211746018512334
    i = 339 ; sf/Sf = 0.578018438481097 ; sf = 2444.71948358887
      k =   41 ; sb/Sb = 0 ; sb = 0
      k =  106 ; sb/Sb = 0.089855471038215 ; sb = 339.484903935359
      k =    1 ; sb/Sb = 0.17971094207643 ; sb = 678.969807870718
      k =    2 ; sb/Sb = 0.286407581486176 ; sb = 1082.08269528565
      k =  140 ; sb/Sb = 0.358433132524326 ; sb = 1354.2039917694
      k =  135 ; sb/Sb = 0.430458683562475 ; sb = 1626.32528825316
      k =  200 ; sb/Sb = 0.502484234600625 ; sb = 1898.44658473691
      k =    3 ; sb/Sb = 0.574509785638775 ; sb = 2170.56788122067
      k =  419 ; sb/Sb = 0.653171948099116 ; sb = 2467.76310325494
      Creating new point: f = 0.0446040730712269
    i = 354 ; sf/Sf = 0.638301518698083 ; sf = 2699.68578038121
      k =   41 ; sb/Sb = 0 ; sb = 0
      k =  106 ; sb/Sb = 0.089855471038215 ; sb = 339.484903935359
      k =    1 ; sb/Sb = 0.17971094207643 ; sb = 678.969807870718
      k =    2 ; sb/Sb = 0.286407581486176 ; sb = 1082.08269528565
      k =  140 ; sb/Sb = 0.358433132524326 ; sb = 1354.2039917694
      k =  135 ; sb/Sb = 0.430458683562475 ; sb = 1626.32528825316
      k =  200 ; sb/Sb = 0.502484234600625 ; sb = 1898.44658473691
      k =    3 ; sb/Sb = 0.574509785638775 ; sb = 2170.56788122067
      k =  419 ; sb/Sb = 0.653171948099116 ; sb = 2467.76310325494
      Creating new point: f = 0.810958293848964
    i = 402 ; sf/Sf = 0.698584598915069 ; sf = 2954.65207717355
      k =   41 ; sb/Sb = 0 ; sb = 0
      k =  106 ; sb/Sb = 0.089855471038215 ; sb = 339.484903935359
      k =    1 ; sb/Sb = 0.17971094207643 ; sb = 678.969807870718
      k =    2 ; sb/Sb = 0.286407581486176 ; sb = 1082.08269528565
      k =  140 ; sb/Sb = 0.358433132524326 ; sb = 1354.2039917694
      k =  135 ; sb/Sb = 0.430458683562475 ; sb = 1626.32528825316
      k =  200 ; sb/Sb = 0.502484234600625 ; sb = 1898.44658473691
      k =    3 ; sb/Sb = 0.574509785638775 ; sb = 2170.56788122067
      k =  419 ; sb/Sb = 0.653171948099116 ; sb = 2467.76310325494
      k =    4 ; sb/Sb = 0.731834110559456 ; sb = 2764.95832528921
      Creating new point: f = 0.577312514626701
    i = 346 ; sf/Sf = 0.758867679132055 ; sf = 3209.61837396589
      k =   41 ; sb/Sb = 0 ; sb = 0
      k =  106 ; sb/Sb = 0.089855471038215 ; sb = 339.484903935359
      k =    1 ; sb/Sb = 0.17971094207643 ; sb = 678.969807870718
      k =    2 ; sb/Sb = 0.286407581486176 ; sb = 1082.08269528565
      k =  140 ; sb/Sb = 0.358433132524326 ; sb = 1354.2039917694
      k =  135 ; sb/Sb = 0.430458683562475 ; sb = 1626.32528825316
      k =  200 ; sb/Sb = 0.502484234600625 ; sb = 1898.44658473691
      k =    3 ; sb/Sb = 0.574509785638775 ; sb = 2170.56788122067
      k =  419 ; sb/Sb = 0.653171948099116 ; sb = 2467.76310325494
      k =    4 ; sb/Sb = 0.731834110559456 ; sb = 2764.95832528921
      k =  334 ; sb/Sb = 0.865917055279728 ; sb = 3271.54000675825
      Creating new point: f = 0.201618249278439
    i = 437 ; sf/Sf = 0.879433839566028 ; sf = 3719.55096755057
      k =   41 ; sb/Sb = 0 ; sb = 0
      k =  106 ; sb/Sb = 0.089855471038215 ; sb = 339.484903935359
      k =    1 ; sb/Sb = 0.17971094207643 ; sb = 678.969807870718
      k =    2 ; sb/Sb = 0.286407581486176 ; sb = 1082.08269528565
      k =  140 ; sb/Sb = 0.358433132524326 ; sb = 1354.2039917694
      k =  135 ; sb/Sb = 0.430458683562475 ; sb = 1626.32528825316
      k =  200 ; sb/Sb = 0.502484234600625 ; sb = 1898.44658473691
      k =    3 ; sb/Sb = 0.574509785638775 ; sb = 2170.56788122067
      k =  419 ; sb/Sb = 0.653171948099116 ; sb = 2467.76310325494
      k =    4 ; sb/Sb = 0.731834110559456 ; sb = 2764.95832528921
      k =  334 ; sb/Sb = 0.865917055279728 ; sb = 3271.54000675825
      k =  425 ; sb/Sb = 0.932958527639864 ; sb = 3524.83084749277
      Creating new point: f = 0.201618249278441
Tear 5 : Sf = 2966.34845646997 ; Sb = 2930.49033022293
  Backwards path
    i = 260 ; sf/Sf = 0.161199405820733 ; sf = 478.173608640209
      k =   29 ; sb/Sb = 0 ; sb = 0
      k =  390 ; sb/Sb = 0.116634653146339 ; sb = 341.796723214252
      k =  311 ; sb/Sb = 0.233269306292678 ; sb = 683.593446428504
      Creating new point: f = 0.382088440032312
    i = 28 ; sf/Sf = 0.322398811641467 ; sf = 956.347217280418
      k =   29 ; sb/Sb = 0 ; sb = 0
      k =  390 ; sb/Sb = 0.116634653146339 ; sb = 341.796723214252
      k =  311 ; sb/Sb = 0.233269306292678 ; sb = 683.593446428504
      k =  382 ; sb/Sb = 0.349903959439017 ; sb = 1025.39016964276
      Creating new point: f = 0.764176880064624
    i = 263 ; sf/Sf = 0.467446352305432 ; sf = 1386.60876564374
      k =   29 ; sb/Sb = 0 ; sb = 0
      k =  390 ; sb/Sb = 0.116634653146339 ; sb = 341.796723214252
      k =  311 ; sb/Sb = 0.233269306292678 ; sb = 683.593446428504
      k =  382 ; sb/Sb = 0.349903959439017 ; sb = 1025.39016964276
      k =   30 ; sb/Sb = 0.466538612585356 ; sb = 1367.18689285701
      k =  365 ; sb/Sb = 0.59336097908492 ; sb = 1738.83861153997
      Creating new point: f = 0.00715756806256429
    i = 27 ; sf/Sf = 0.612493892969397 ; sf = 1816.87031400705
      k =   29 ; sb/Sb = 0 ; sb = 0
      k =  390 ; sb/Sb = 0.116634653146339 ; sb = 341.796723214252
      k =  311 ; sb/Sb = 0.233269306292678 ; sb = 683.593446428504
      k =  382 ; sb/Sb = 0.349903959439017 ; sb = 1025.39016964276
      k =   30 ; sb/Sb = 0.466538612585356 ; sb = 1367.18689285701
      k =  365 ; sb/Sb = 0.59336097908492 ; sb = 1738.83861153997
      k =   31 ; sb/Sb = 0.720183345584485 ; sb = 2110.49033022293
      Creating new point: f = 0.150863876874133
    i = 321 ; sf/Sf = 0.709370419727048 ; sf = 2104.23984962278
      k =   29 ; sb/Sb = 0 ; sb = 0
      k =  390 ; sb/Sb = 0.116634653146339 ; sb = 341.796723214252
      k =  311 ; sb/Sb = 0.233269306292678 ; sb = 683.593446428504
      k =  382 ; sb/Sb = 0.349903959439017 ; sb = 1025.39016964276
      k =   30 ; sb/Sb = 0.466538612585356 ; sb = 1367.18689285701
      k =  365 ; sb/Sb = 0.59336097908492 ; sb = 1738.83861153997
      k =   31 ; sb/Sb = 0.720183345584485 ; sb = 2110.49033022293
      Creating new point: f = 0.914739598732575
    i = 258 ; sf/Sf = 0.806246946484698 ; sf = 2391.60938523851
      k =   29 ; sb/Sb = 0 ; sb = 0
      k =  390 ; sb/Sb = 0.116634653146339 ; sb = 341.796723214252
      k =  311 ; sb/Sb = 0.233269306292678 ; sb = 683.593446428504
      k =  382 ; sb/Sb = 0.349903959439017 ; sb = 1025.39016964276
      k =   30 ; sb/Sb = 0.466538612585356 ; sb = 1367.18689285701
      k =  365 ; sb/Sb = 0.59336097908492 ; sb = 1738.83861153997
      k =   31 ; sb/Sb = 0.720183345584485 ; sb = 2110.49033022293
      k =  387 ; sb/Sb = 0.860091672792242 ; sb = 2520.49033022293
      Creating new point: f = 0.615142805420102
    i = 328 ; sf/Sf = 0.903123473242349 ; sf = 2678.97892085424
      k =   29 ; sb/Sb = 0 ; sb = 0
      k =  390 ; sb/Sb = 0.116634653146339 ; sb = 341.796723214252
      k =  311 ; sb/Sb = 0.233269306292678 ; sb = 683.593446428504
      k =  382 ; sb/Sb = 0.349903959439017 ; sb = 1025.39016964276
      k =   30 ; sb/Sb = 0.466538612585356 ; sb = 1367.18689285701
      k =  365 ; sb/Sb = 0.59336097908492 ; sb = 1738.83861153997
      k =   31 ; sb/Sb = 0.720183345584485 ; sb = 2110.49033022293
      k =  387 ; sb/Sb = 0.860091672792242 ; sb = 2520.49033022293
      k =   32 ; sb/Sb = 1 ; sb = 2930.49033022293
      Creating new point: f = 0.307571402710051
Tear 6 : Sf = 736.613874428116 ; Sb = 643.816744112795
  Backwards path
    i = 377 ; sf/Sf = 0.5 ; sf = 368.306937214058
      k =   34 ; sb/Sb = 0 ; sb = 0
      k =  414 ; sb/Sb = 0.60237132329825 ; sb = 387.816744112795
      Creating new point: f = 0.830052794117553
Triangulating...
[1] "Non-adjacent points in rim connected by line: 449 70"
[1] "In triangle: 290" "In triangle: 298"
[1] "Other points in triangles: 156 16"
Merging points...
Projecting to sphere...
Optimising mapping with FIRE...
E =  0.00178 | E_L =  0.00178 | E_A =  0.00000 |   0 flippped triangles
E =  0.00159 | E_L =  0.00159 | E_A =  0.00000 |  10 flippped triangles
        phi0     phi0.1     phi0.2      phi0.3    phi0.4    phi0.5    phi0.6
id  145.0000 166.000000 236.000000 296.0000000   691.000   694.000   710.000
A  1245.4441   9.765891   1.080007   0.7534415  2779.674  8489.227  2218.048
a  -228.9097  -3.707615  -1.280927  -0.9552434 -2455.955 -3303.344 -1998.967
      phi0.7    phi0.8    phi0.9
id   715.000  720.0000   729.000
A   7459.422  998.2217  6135.463
a  -6495.367 -780.5219 -5639.645
E =  0.00157 | E_L =  0.00157 | E_A =  0.00000 |  13 flippped triangles
        phi0    phi0.1     phi0.2    phi0.3    phi0.4    phi0.5    phi0.6
id 115.00000  145.0000 166.000000  242.0000  245.0000  289.0000  291.0000
A  897.14911 1245.4441   9.765891  240.6213  312.9730  272.5613  302.3016
a  -97.23013 -798.1057 -10.313848 -102.2084 -293.5639 -262.0046 -285.2827
      phi0.7    phi0.8    phi0.9   phi0.10    phi0.11   phi0.12
id   691.000   694.000   710.000   715.000   720.0000   729.000
A   2779.674  8489.227  2218.048  7459.422   998.2217  6135.463
a  -2431.192 -1645.686 -1983.607 -5618.691 -1010.5156 -5297.082
E =  0.00155 | E_L =  0.00155 | E_A =  0.00000 |  12 flippped triangles
        phi0     phi0.1    phi0.2    phi0.3    phi0.4    phi0.5    phi0.6
id  145.0000 166.000000  242.0000  245.0000  289.0000  291.0000   691.000
A  1245.4441   9.765891  240.6213  312.9730  272.5613  302.3016  2779.674
a  -815.7493 -10.019228 -192.7654 -309.3577 -282.2584 -304.2046 -2409.126
      phi0.7    phi0.8    phi0.9    phi0.10   phi0.11
id   694.000   710.000   715.000   720.0000   729.000
A   8489.227  2218.048  7459.422   998.2217  6135.463
a  -1302.173 -1940.433 -5850.634 -1061.8300 -5345.626
E =  0.00150 | E_L =  0.00150 | E_A =  0.00000 |  13 flippped triangles
        phi0    phi0.1     phi0.2    phi0.3    phi0.4    phi0.5    phi0.6
id  115.0000  145.0000 166.000000  242.0000  245.0000  289.0000  291.0000
A   897.1491 1245.4441   9.765891  240.6213  312.9730  272.5613  302.3016
a  -116.6074 -855.7111  -9.922770 -271.0448 -262.2196 -241.1020 -281.5639
      phi0.7    phi0.8    phi0.9   phi0.10    phi0.11   phi0.12
id   691.000   694.000   710.000   715.000   720.0000   729.000
A   2779.674  8489.227  2218.048  7459.422   998.2217  6135.463
a  -2384.506 -1622.909 -1900.538 -5334.840 -1035.8724 -5113.924
E =  0.00147 | E_L =  0.00147 | E_A =  0.00000 |  12 flippped triangles
        phi0     phi0.1    phi0.2   phi0.3    phi0.4    phi0.5    phi0.6
id  145.0000 166.000000  242.0000  245.000  289.0000  291.0000   691.000
A  1245.4441   9.765891  240.6213  312.973  272.5613  302.3016  2779.674
a  -745.0154  -9.964933 -154.5245 -304.646 -276.3849 -305.1056 -2390.636
      phi0.7    phi0.8    phi0.9    phi0.10   phi0.11
id   694.000   710.000   715.000   720.0000   729.000
A   8489.227  2218.048  7459.422   998.2217  6135.463
a  -1639.157 -1901.765 -5642.037 -1059.0021 -5328.767
E =  0.00145 | E_L =  0.00145 | E_A =  0.00000 |  12 flippped triangles
        phi0     phi0.1    phi0.2    phi0.3    phi0.4    phi0.5    phi0.6
id  145.0000 166.000000  242.0000  245.0000  289.0000  291.0000   691.000
A  1245.4441   9.765891  240.6213  312.9730  272.5613  302.3016  2779.674
a  -872.2833 -10.083245 -253.1558 -288.0093 -281.7494 -306.9282 -2358.900
      phi0.7    phi0.8    phi0.9    phi0.10   phi0.11
id   694.000   710.000   715.000   720.0000   729.000
A   8489.227  2218.048  7459.422   998.2217  6135.463
a  -1195.202 -1861.317 -5360.070 -1080.3385 -5137.126
E =  0.00145 | E_L =  0.00145 | E_A =  0.00000 |  12 flippped triangles
        phi0     phi0.1    phi0.2    phi0.3    phi0.4    phi0.5    phi0.6
id  145.0000 166.000000  242.0000  245.0000  289.0000  291.0000   691.000
A  1245.4441   9.765891  240.6213  312.9730  272.5613  302.3016  2779.674
a  -814.6204 -10.074917 -198.5859 -308.2114 -292.6298 -328.7346 -2381.651
      phi0.7    phi0.8    phi0.9    phi0.10   phi0.11
id   694.000   710.000   715.000   720.0000   729.000
A   8489.227  2218.048  7459.422   998.2217  6135.463
a  -1354.751 -1894.647 -5529.331 -1066.3346 -5217.259
E =  0.00144 | E_L =  0.00144 | E_A =  0.00000 |  12 flippped triangles
        phi0     phi0.1    phi0.2    phi0.3    phi0.4    phi0.5    phi0.6
id  145.0000 166.000000  242.0000  245.0000  289.0000  291.0000   691.000
A  1245.4441   9.765891  240.6213  312.9730  272.5613  302.3016  2779.674
a  -853.5437 -10.047226 -257.4792 -280.0722 -292.3638 -310.3880 -2364.755
      phi0.7    phi0.8    phi0.9    phi0.10   phi0.11
id  694.0000   710.000   715.000   720.0000   729.000
A  8489.2267  2218.048  7459.422   998.2217  6135.463
a  -970.0205 -1861.371 -5431.202 -1079.7830 -5144.841
FIRE:  1  stops.  0 hits of maxmove.  0 hits of dtmax.
Frms = 2.0444434103647e-06; Ftanrms = 2.04418023495895e-06
E =  0.00173 | E_L =  0.00173 | E_A =  0.00000 |   0 flippped triangles
E =  0.00145 | E_L =  0.00145 | E_A =  0.00000 |   0 flippped triangles
E =  0.00145 | E_L =  0.00145 | E_A =  0.00000 |   0 flippped triangles
Optimising mapping with BFGS...
E =  0.00145 | E_L =  0.00145 | E_A =  0.00000 |   0 flippped triangles
Transforming image...
Mapping optimised. Error: 0.00144965 ; 0 flipped triangles.
Inferring coordinates of datapoints
Inferring coordinates of landmarks
Mapping optimised. Error: 0.00144965 ; 0 flipped triangles. OD displacement: 4.899993 degrees.
Computing Kernel Density estimates of datapoints

[1] 0.7
Saving adult_retina/data/nAChR-B2/GMBH530/R-CONTRA/r.mat
