[1] "Adding old segment 1"
[1] "Intersection found. Old points:"
   X    Y 
1530 2049 
   X    Y 
1460 2019 
   X    Y 
1460 2019 
   X    Y 
1370 1939 
[1] "Point i+1 has been changed:"
   X    Y 
1530 2049 
   X    Y 
1460 2019 
   X    Y 
1460 2019 
   X    Y 
1370 1939 
[1] "a= 0.4152273992687"
[1] "l= 120.415945787923"
[1] "New points:"
   X    Y 
1530 2049 
   X    Y 
1460 2019 
       X        Y 
1407.370 1972.218 
   X    Y 
1370 1939 
[1] "Storing new segment 1"
[1] "Adding old segment 2"
[1] "Adding old segment 3"
[1] "Adding old segment 4"
[1] "Adding old segment 5"
[1] "Intersection found. Old points:"
   X    Y 
  40 4049 
   X    Y 
 -50 4739 
   X    Y 
 -30 4709 
   X    Y 
-830 5049 
[1] "Point i+1 has been changed:"
   X    Y 
  40 4049 
         X          Y 
 -47.03107 4716.23820 
   X    Y 
 -30 4709 
   X    Y 
-830 5049 
[1] "a= 0.0587718671472967"
[1] "l= 850.747175935176"
[1] "New points:"
   X    Y 
  40 4049 
         X          Y 
 -47.03107 4716.23820 
        X         Y 
-783.9835 5029.4430 
   X    Y 
-830 5049 
[1] "Storing new segment 2"
simplify.outline: Removing vertex 1
Triangulating...
[1] "Non-adjacent points in rim connected by line: 75 15"
[1] "In triangle: 32" "In triangle: 97"
[1] "Other points in triangles: 77 78"
[1] "Non-adjacent points in rim connected by line: 76 18"
[1] "In triangle: 95"  "In triangle: 143"
[1] "Other points in triangles: 78 102"
[1] "Non-adjacent points in rim connected by line: 366 363"
[1] "In triangle: 536" "In triangle: 640"
[1] "Other points in triangles: 367 32"
[1] "Non-adjacent points in rim connected by line: 410 409"
[1] "In triangle: 715" "In triangle: 721"
[1] "Other points in triangles: 5 407"
Stitching...
Tear 1 child of rim
Tear 2 child of rim
Tear 3 child of backward side of tear 2
Tear 4 child of forward side of tear 2
Tear 5 child of rim
Tear 6 child of rim
Tear 7 child of rim
Tear 8 child of forward side of tear 7
Tear 1 : Sf = 1473.63738181452 ; Sb = 1435.534930722
  Forwards path
    i = 20 ; sf/Sf = 0.456618578072986 ; sf = 672.890205879344
      k =   19 ; sb/Sb = 0 ; sb = 0
      k =   99 ; sb/Sb = 0.195359978531872 ; sb = 280.446073247603
      k =   18 ; sb/Sb = 0.390719957063745 ; sb = 560.892146495206
      k =   75 ; sb/Sb = 0.695359978531872 ; sb = 998.213538608604
      Creating new point: f = 0.216316361493349
    i = 56 ; sf/Sf = 0.728309289036493 ; sf = 1073.26379384693
      k =   19 ; sb/Sb = 0 ; sb = 0
      k =   99 ; sb/Sb = 0.195359978531872 ; sb = 280.446073247603
      k =   18 ; sb/Sb = 0.390719957063745 ; sb = 560.892146495206
      k =   75 ; sb/Sb = 0.695359978531872 ; sb = 998.213538608604
      k =   17 ; sb/Sb = 1 ; sb = 1435.534930722
      Creating new point: f = 0.108158180746675
Tear 2 : Sf = 2172.27936866884 ; Sb = 1669.14094796151
  Forwards path
    i = 207 ; sf/Sf = 0.188797969084206 ; sf = 410.121933088198
      k =   27 ; sb/Sb = 0 ; sb = 0
      k =  204 ; sb/Sb = 0.271688555893835 ; sb = 453.486493734929
      Creating new point: f = 0.694905858154659
    i = 28 ; sf/Sf = 0.377595938168411 ; sf = 820.243866176395
      k =   27 ; sb/Sb = 0 ; sb = 0
      k =  204 ; sb/Sb = 0.271688555893835 ; sb = 453.486493734929
      k =   26 ; sb/Sb = 0.543377111787671 ; sb = 906.972987469858
      Creating new point: f = 0.389811716309318
    i = 210 ; sf/Sf = 0.533196953626308 ; sf = 1158.25274179951
      k =   27 ; sb/Sb = 0 ; sb = 0
      k =  204 ; sb/Sb = 0.271688555893835 ; sb = 453.486493734929
      k =   26 ; sb/Sb = 0.543377111787671 ; sb = 906.972987469858
      Creating new point: f = 0.962530044271206
    i = 50 ; sf/Sf = 0.688797969084206 ; sf = 1496.26161742262
      k =   27 ; sb/Sb = 0 ; sb = 0
      k =  204 ; sb/Sb = 0.271688555893835 ; sb = 453.486493734929
      k =   26 ; sb/Sb = 0.543377111787671 ; sb = 906.972987469858
      k =   24 ; sb/Sb = 0.543377111787671 ; sb = 906.972987469858
      k =  433 ; sb/Sb = 0.771688555893835 ; sb = 1288.05696771568
      Creating new point: f = 0.636940727460488
    i = 51 ; sf/Sf = 0.844398984542103 ; sf = 1834.27049304573
      k =   27 ; sb/Sb = 0 ; sb = 0
      k =  204 ; sb/Sb = 0.271688555893835 ; sb = 453.486493734929
      k =   26 ; sb/Sb = 0.543377111787671 ; sb = 906.972987469858
      k =   24 ; sb/Sb = 0.543377111787671 ; sb = 906.972987469858
      k =  433 ; sb/Sb = 0.771688555893835 ; sb = 1288.05696771568
      k =   23 ; sb/Sb = 1 ; sb = 1669.14094796151
      Creating new point: f = 0.318470363730244
    i = 52 ; sf/Sf = 0.922199492271051 ; sf = 2003.27493085729
      k =   27 ; sb/Sb = 0 ; sb = 0
      k =  204 ; sb/Sb = 0.271688555893835 ; sb = 453.486493734929
      k =   26 ; sb/Sb = 0.543377111787671 ; sb = 906.972987469858
      k =   24 ; sb/Sb = 0.543377111787671 ; sb = 906.972987469858
      k =  433 ; sb/Sb = 0.771688555893835 ; sb = 1288.05696771568
      k =   23 ; sb/Sb = 1 ; sb = 1669.14094796151
      Creating new point: f = 0.659235181865122
    i = 29 ; sf/Sf = 1 ; sf = 2172.27936866884
      k =   27 ; sb/Sb = 0 ; sb = 0
      k =  204 ; sb/Sb = 0.271688555893835 ; sb = 453.486493734929
      k =   26 ; sb/Sb = 0.543377111787671 ; sb = 906.972987469858
      k =   24 ; sb/Sb = 0.543377111787671 ; sb = 906.972987469858
      k =  433 ; sb/Sb = 0.771688555893835 ; sb = 1288.05696771568
      k =   23 ; sb/Sb = 1 ; sb = 1669.14094796151
Tear 3 : Sf = 1077.0329614269 ; Sb = 1060.18866245589
  Forwards path
    i = 180 ; sf/Sf = 0.5 ; sf = 538.51648071345
      k =   25 ; sb/Sb = 0 ; sb = 0
      k =  431 ; sb/Sb = 0.25 ; sb = 265.047165613971
      k =  429 ; sb/Sb = 0.5 ; sb = 530.094331227943
      k =   24 ; sb/Sb = 1 ; sb = 1060.18866245589
      Creating new point: f = 0
      Point 429 already exists
Tear 4 : Sf = 743.303437365925 ; Sb = 1063.5037134577
  Forwards path
    i = 363 ; sf/Sf = 0.5 ; sf = 371.651718682963
      k =   31 ; sb/Sb = 0 ; sb = 0
      k =  316 ; sb/Sb = 0.245298558964365 ; sb = 260.875928364424
      k =   45 ; sb/Sb = 0.49059711792873 ; sb = 521.751856728848
      k =   47 ; sb/Sb = 0.735895676893096 ; sb = 782.627785093272
      Creating new point: f = 0.0383323983270344
Tear 5 : Sf = 2080.17350728512 ; Sb = 2533.32186674167
  Forwards path
    i = 101 ; sf/Sf = 0.165921206043482 ; sf = 345.144897108446
      k =   13 ; sb/Sb = 0 ; sb = 0
      k =  130 ; sb/Sb = 0.0943458354787551 ; sb = 239.008368054342
      k =   12 ; sb/Sb = 0.18869167095751 ; sb = 478.016736108685
      Creating new point: f = 0.758648966343025
    i = 14 ; sf/Sf = 0.331842412086963 ; sf = 690.289794216893
      k =   13 ; sb/Sb = 0 ; sb = 0
      k =  130 ; sb/Sb = 0.0943458354787551 ; sb = 239.008368054342
      k =   12 ; sb/Sb = 0.18869167095751 ; sb = 478.016736108685
      k =  375 ; sb/Sb = 0.312971666311424 ; sb = 792.857965937308
      k =   11 ; sb/Sb = 0.437251661665338 ; sb = 1107.69919576593
      Creating new point: f = 0.151840573551688
    i = 76 ; sf/Sf = 0.538527986645232 ; sf = 1120.23165075101
      k =   13 ; sb/Sb = 0 ; sb = 0
      k =  130 ; sb/Sb = 0.0943458354787551 ; sb = 239.008368054342
      k =   12 ; sb/Sb = 0.18869167095751 ; sb = 478.016736108685
      k =  375 ; sb/Sb = 0.312971666311424 ; sb = 792.857965937308
      k =   11 ; sb/Sb = 0.437251661665338 ; sb = 1107.69919576593
      k =  173 ; sb/Sb = 0.577938746249003 ; sb = 1464.10486350987
      Creating new point: f = 0.719869384454162
    i = 15 ; sf/Sf = 0.7452135612035 ; sf = 1550.17350728512
      k =   13 ; sb/Sb = 0 ; sb = 0
      k =  130 ; sb/Sb = 0.0943458354787551 ; sb = 239.008368054342
      k =   12 ; sb/Sb = 0.18869167095751 ; sb = 478.016736108685
      k =  375 ; sb/Sb = 0.312971666311424 ; sb = 792.857965937308
      k =   11 ; sb/Sb = 0.437251661665338 ; sb = 1107.69919576593
      k =  173 ; sb/Sb = 0.577938746249003 ; sb = 1464.10486350987
      k =  124 ; sb/Sb = 0.718625830832669 ; sb = 1820.5105312538
      k =  171 ; sb/Sb = 0.859312915416334 ; sb = 2176.91619899774
      Creating new point: f = 0.188984869858611
Tear 6 : Sf = 2241.00544008806 ; Sb = 1970.91349378911
  Forwards path
    i = 36 ; sf/Sf = 0.263690331820232 ; sf = 590.931468107766
      k =   35 ; sb/Sb = 0 ; sb = 0
      k =  318 ; sb/Sb = 0.25 ; sb = 492.728373447278
      k =  309 ; sb/Sb = 0.5 ; sb = 985.456746894556
      Creating new point: f = 0.0547613272809287
    i = 263 ; sf/Sf = 0.431427060995454 ; sf = 966.830390692016
      k =   35 ; sb/Sb = 0 ; sb = 0
      k =  318 ; sb/Sb = 0.25 ; sb = 492.728373447278
      k =  309 ; sb/Sb = 0.5 ; sb = 985.456746894556
      Creating new point: f = 0.725708243981816
    i = 37 ; sf/Sf = 0.599163790170676 ; sf = 1342.72931327627
      k =   35 ; sb/Sb = 0 ; sb = 0
      k =  318 ; sb/Sb = 0.25 ; sb = 492.728373447278
      k =  309 ; sb/Sb = 0.5 ; sb = 985.456746894556
      k =  330 ; sb/Sb = 0.75 ; sb = 1478.18512034183
      Creating new point: f = 0.396655160682704
    i = 269 ; sf/Sf = 0.799581895085338 ; sf = 1791.86737668216
      k =   35 ; sb/Sb = 0 ; sb = 0
      k =  318 ; sb/Sb = 0.25 ; sb = 492.728373447278
      k =  309 ; sb/Sb = 0.5 ; sb = 985.456746894556
      k =  330 ; sb/Sb = 0.75 ; sb = 1478.18512034183
      k =   34 ; sb/Sb = 1 ; sb = 1970.91349378911
      Creating new point: f = 0.198327580341352
Tear 7 : Sf = 3556.86009133539 ; Sb = 3850.79665998499
  Forwards path
    i = 65 ; sf/Sf = 0.116633592438571 ; sf = 414.849370253831
      k =   44 ; sb/Sb = 0 ; sb = 0
      k =  340 ; sb/Sb = 0.124879250711633 ; sb = 480.884601541784
      Creating new point: f = 0.93397095012924
    i = 1 ; sf/Sf = 0.233267184877142 ; sf = 829.698740507662
      k =   44 ; sb/Sb = 0 ; sb = 0
      k =  340 ; sb/Sb = 0.124879250711633 ; sb = 480.884601541784
      k =   43 ; sb/Sb = 0.249758501423266 ; sb = 961.769203083567
      Creating new point: f = 0.86794190025848
    i = 2 ; sf/Sf = 0.307969759138918 ; sf = 1095.40534561939
      k =   44 ; sb/Sb = 0 ; sb = 0
      k =  340 ; sb/Sb = 0.124879250711633 ; sb = 480.884601541784
      k =   43 ; sb/Sb = 0.249758501423266 ; sb = 961.769203083567
      k =   42 ; sb/Sb = 0.335612295920329 ; sb = 1292.3747081799
      Creating new point: f = 0.678027780328843
    i = 138 ; sf/Sf = 0.393828940616557 ; sf = 1400.79444169192
      k =   44 ; sb/Sb = 0 ; sb = 0
      k =  340 ; sb/Sb = 0.124879250711633 ; sb = 480.884601541784
      k =   43 ; sb/Sb = 0.249758501423266 ; sb = 961.769203083567
      k =   42 ; sb/Sb = 0.335612295920329 ; sb = 1292.3747081799
      k =  345 ; sb/Sb = 0.460491546631962 ; sb = 1773.25930972168
      Creating new point: f = 0.466183488165376
    i = 103 ; sf/Sf = 0.479688122094195 ; sf = 1706.18353776446
      k =   44 ; sb/Sb = 0 ; sb = 0
      k =  340 ; sb/Sb = 0.124879250711633 ; sb = 480.884601541784
      k =   43 ; sb/Sb = 0.249758501423266 ; sb = 961.769203083567
      k =   42 ; sb/Sb = 0.335612295920329 ; sb = 1292.3747081799
      k =  345 ; sb/Sb = 0.460491546631962 ; sb = 1773.25930972168
      k =   41 ; sb/Sb = 0.585370797343595 ; sb = 2254.14391126347
      Creating new point: f = 0.153721097402814
    i = 182 ; sf/Sf = 0.565547303571834 ; sf = 2011.572633837
      k =   44 ; sb/Sb = 0 ; sb = 0
      k =  340 ; sb/Sb = 0.124879250711633 ; sb = 480.884601541784
      k =   43 ; sb/Sb = 0.249758501423266 ; sb = 961.769203083567
      k =   42 ; sb/Sb = 0.335612295920329 ; sb = 1292.3747081799
      k =  345 ; sb/Sb = 0.460491546631962 ; sb = 1773.25930972168
      k =   41 ; sb/Sb = 0.585370797343595 ; sb = 2254.14391126347
      Creating new point: f = 0.841258706640251
    i = 3 ; sf/Sf = 0.651406485049473 ; sf = 2316.96172990953
      k =   44 ; sb/Sb = 0 ; sb = 0
      k =  340 ; sb/Sb = 0.124879250711633 ; sb = 480.884601541784
      k =   43 ; sb/Sb = 0.249758501423266 ; sb = 961.769203083567
      k =   42 ; sb/Sb = 0.335612295920329 ; sb = 1292.3747081799
      k =  345 ; sb/Sb = 0.460491546631962 ; sb = 1773.25930972168
      k =   41 ; sb/Sb = 0.585370797343595 ; sb = 2254.14391126347
      k =  424 ; sb/Sb = 0.689028098007696 ; sb = 2653.30709844385
    i = 5 ; sf/Sf = 0.651406485049473 ; sf = 2316.96172990953
      k =   44 ; sb/Sb = 0 ; sb = 0
      k =  340 ; sb/Sb = 0.124879250711633 ; sb = 480.884601541784
      k =   43 ; sb/Sb = 0.249758501423266 ; sb = 961.769203083567
      k =   42 ; sb/Sb = 0.335612295920329 ; sb = 1292.3747081799
      k =  345 ; sb/Sb = 0.460491546631962 ; sb = 1773.25930972168
      k =   41 ; sb/Sb = 0.585370797343595 ; sb = 2254.14391126347
      k =  424 ; sb/Sb = 0.689028098007696 ; sb = 2653.30709844385
      Creating new point: f = 0.63705775939376
    i = 409 ; sf/Sf = 0.74762486035376 ; sf = 2659.19702908248
      k =   44 ; sb/Sb = 0 ; sb = 0
      k =  340 ; sb/Sb = 0.124879250711633 ; sb = 480.884601541784
      k =   43 ; sb/Sb = 0.249758501423266 ; sb = 961.769203083567
      k =   42 ; sb/Sb = 0.335612295920329 ; sb = 1292.3747081799
      k =  345 ; sb/Sb = 0.460491546631962 ; sb = 1773.25930972168
      k =   41 ; sb/Sb = 0.585370797343595 ; sb = 2254.14391126347
      k =  424 ; sb/Sb = 0.689028098007696 ; sb = 2653.30709844385
      k =  398 ; sb/Sb = 0.792685398671797 ; sb = 3052.47028562423
      Creating new point: f = 0.565293153214028
    i = 6 ; sf/Sf = 0.843843235658048 ; sf = 3001.43232825543
      k =   44 ; sb/Sb = 0 ; sb = 0
      k =  340 ; sb/Sb = 0.124879250711633 ; sb = 480.884601541784
      k =   43 ; sb/Sb = 0.249758501423266 ; sb = 961.769203083567
      k =   42 ; sb/Sb = 0.335612295920329 ; sb = 1292.3747081799
      k =  345 ; sb/Sb = 0.460491546631962 ; sb = 1773.25930972168
      k =   41 ; sb/Sb = 0.585370797343595 ; sb = 2254.14391126347
      k =  424 ; sb/Sb = 0.689028098007696 ; sb = 2653.30709844385
      k =  398 ; sb/Sb = 0.792685398671797 ; sb = 3052.47028562423
      k =  420 ; sb/Sb = 0.896342699335899 ; sb = 3451.63347280461
      Creating new point: f = 0.493528547034296
Tear 8 : Sf = 1043.16825105062 ; Sb = 1185.11602807489
  Forwards path
    i = 404 ; sf/Sf = 0.5 ; sf = 521.584125525308
      k =    4 ; sb/Sb = 0 ; sb = 0
      k =  245 ; sb/Sb = 0.25 ; sb = 296.279007018722
      k =  183 ; sb/Sb = 0.5 ; sb = 592.558014037444
      k =    3 ; sb/Sb = 1 ; sb = 1185.11602807489
      Creating new point: f = 0
      Point 183 already exists
    i = 410 ; sf/Sf = 0.754593758253117 ; sf = 787.168251050615
      k =    4 ; sb/Sb = 0 ; sb = 0
      k =  245 ; sb/Sb = 0.25 ; sb = 296.279007018722
      k =  183 ; sb/Sb = 0.5 ; sb = 592.558014037444
      k =    3 ; sb/Sb = 1 ; sb = 1185.11602807489
      Creating new point: f = 0.509187516506235
Tear 1 : Sf = 1435.534930722 ; Sb = 1473.63738181452
  Backwards path
    i = 99 ; sf/Sf = 0.195359978531872 ; sf = 280.446073247603
      k =   19 ; sb/Sb = 0 ; sb = 0
      k =   20 ; sb/Sb = 0.456618578072986 ; sb = 672.890205879344
      Creating new point: f = 0.427840626538516
    i = 18 ; sf/Sf = 0.390719957063745 ; sf = 560.892146495206
      k =   19 ; sb/Sb = 0 ; sb = 0
      k =   20 ; sb/Sb = 0.456618578072986 ; sb = 672.890205879344
      Creating new point: f = 0.855681253077031
    i = 75 ; sf/Sf = 0.695359978531872 ; sf = 998.213538608604
      k =   19 ; sb/Sb = 0 ; sb = 0
      k =   20 ; sb/Sb = 0.456618578072986 ; sb = 672.890205879344
      k =   56 ; sb/Sb = 0.728309289036493 ; sb = 1073.26379384693
      Creating new point: f = 0.878724928107511
Tear 2 : Sf = 1669.14094796151 ; Sb = 2172.27936866884
  Backwards path
    i = 204 ; sf/Sf = 0.271688555893835 ; sf = 453.486493734929
      k =   27 ; sb/Sb = 0 ; sb = 0
      k =  207 ; sb/Sb = 0.188797969084206 ; sb = 410.121933088198
      k =   28 ; sb/Sb = 0.377595938168411 ; sb = 820.243866176395
      Creating new point: f = 0.439043847832175
    i = 26 ; sf/Sf = 0.543377111787671 ; sf = 906.972987469858
      k =   27 ; sb/Sb = 0 ; sb = 0
      k =  207 ; sb/Sb = 0.188797969084206 ; sb = 410.121933088198
      k =   28 ; sb/Sb = 0.377595938168411 ; sb = 820.243866176395
      k =  210 ; sb/Sb = 0.533196953626308 ; sb = 1158.25274179951
      k =   50 ; sb/Sb = 0.688797969084206 ; sb = 1496.26161742262
    i = 24 ; sf/Sf = 0.543377111787671 ; sf = 906.972987469858
      k =   27 ; sb/Sb = 0 ; sb = 0
      k =  207 ; sb/Sb = 0.188797969084206 ; sb = 410.121933088198
      k =   28 ; sb/Sb = 0.377595938168411 ; sb = 820.243866176395
      k =  210 ; sb/Sb = 0.533196953626308 ; sb = 1158.25274179951
      k =   50 ; sb/Sb = 0.688797969084206 ; sb = 1496.26161742262
      Creating new point: f = 0.0654247540185027
    i = 433 ; sf/Sf = 0.771688555893835 ; sf = 1288.05696771568
      k =   27 ; sb/Sb = 0 ; sb = 0
      k =  207 ; sb/Sb = 0.188797969084206 ; sb = 410.121933088198
      k =   28 ; sb/Sb = 0.377595938168411 ; sb = 820.243866176395
      k =  210 ; sb/Sb = 0.533196953626308 ; sb = 1158.25274179951
      k =   50 ; sb/Sb = 0.688797969084206 ; sb = 1496.26161742262
      k =   51 ; sb/Sb = 0.844398984542103 ; sb = 1834.27049304573
      Creating new point: f = 0.532712377009251
Tear 3 : Sf = 1060.18866245589 ; Sb = 1077.0329614269
  Backwards path
    i = 431 ; sf/Sf = 0.25 ; sf = 265.047165613971
      k =   25 ; sb/Sb = 0 ; sb = 0
      k =  180 ; sb/Sb = 0.5 ; sb = 538.51648071345
      Creating new point: f = 0.5
    i = 429 ; sf/Sf = 0.5 ; sf = 530.094331227943
      k =   25 ; sb/Sb = 0 ; sb = 0
      k =  180 ; sb/Sb = 0.5 ; sb = 538.51648071345
      k =   26 ; sb/Sb = 1 ; sb = 1077.0329614269
      Creating new point: f = 0
      Point 180 already exists
Tear 4 : Sf = 1063.5037134577 ; Sb = 743.303437365925
  Backwards path
    i = 316 ; sf/Sf = 0.245298558964365 ; sf = 260.875928364424
      k =   31 ; sb/Sb = 0 ; sb = 0
      k =  363 ; sb/Sb = 0.5 ; sb = 371.651718682963
      Creating new point: f = 0.49059711792873
    i = 45 ; sf/Sf = 0.49059711792873 ; sf = 521.751856728848
      k =   31 ; sb/Sb = 0 ; sb = 0
      k =  363 ; sb/Sb = 0.5 ; sb = 371.651718682963
      Creating new point: f = 0.981194235857461
    i = 47 ; sf/Sf = 0.735895676893096 ; sf = 782.627785093272
      k =   31 ; sb/Sb = 0 ; sb = 0
      k =  363 ; sb/Sb = 0.5 ; sb = 371.651718682963
      k =   32 ; sb/Sb = 1 ; sb = 743.303437365925
      Creating new point: f = 0.471791353786191
    i = 48 ; sf/Sf = 0.858544956375278 ; sf = 913.065749275483
      k =   31 ; sb/Sb = 0 ; sb = 0
      k =  363 ; sb/Sb = 0.5 ; sb = 371.651718682963
      k =   32 ; sb/Sb = 1 ; sb = 743.303437365925
      Creating new point: f = 0.717089912750556
    i = 30 ; sf/Sf = 0.981194235857461 ; sf = 1043.5037134577
      k =   31 ; sb/Sb = 0 ; sb = 0
      k =  363 ; sb/Sb = 0.5 ; sb = 371.651718682963
      k =   32 ; sb/Sb = 1 ; sb = 743.303437365925
      Creating new point: f = 0.962388471714922
Tear 5 : Sf = 2533.32186674167 ; Sb = 2080.17350728512
  Backwards path
    i = 130 ; sf/Sf = 0.0943458354787551 ; sf = 239.008368054342
      k =   13 ; sb/Sb = 0 ; sb = 0
      k =  101 ; sb/Sb = 0.165921206043482 ; sb = 345.144897108446
      Creating new point: f = 0.568618308222944
    i = 12 ; sf/Sf = 0.18869167095751 ; sf = 478.016736108685
      k =   13 ; sb/Sb = 0 ; sb = 0
      k =  101 ; sb/Sb = 0.165921206043482 ; sb = 345.144897108446
      k =   14 ; sb/Sb = 0.331842412086963 ; sb = 690.289794216893
      Creating new point: f = 0.137236616445888
    i = 375 ; sf/Sf = 0.312971666311424 ; sf = 792.857965937308
      k =   13 ; sb/Sb = 0 ; sb = 0
      k =  101 ; sb/Sb = 0.165921206043482 ; sb = 345.144897108446
      k =   14 ; sb/Sb = 0.331842412086963 ; sb = 690.289794216893
      Creating new point: f = 0.886266823719964
    i = 11 ; sf/Sf = 0.437251661665338 ; sf = 1107.69919576593
      k =   13 ; sb/Sb = 0 ; sb = 0
      k =  101 ; sb/Sb = 0.165921206043482 ; sb = 345.144897108446
      k =   14 ; sb/Sb = 0.331842412086963 ; sb = 690.289794216893
      k =   76 ; sb/Sb = 0.538527986645232 ; sb = 1120.23165075101
      Creating new point: f = 0.509998096401536
    i = 173 ; sf/Sf = 0.577938746249003 ; sf = 1464.10486350987
      k =   13 ; sb/Sb = 0 ; sb = 0
      k =  101 ; sb/Sb = 0.165921206043482 ; sb = 345.144897108446
      k =   14 ; sb/Sb = 0.331842412086963 ; sb = 690.289794216893
      k =   76 ; sb/Sb = 0.538527986645232 ; sb = 1120.23165075101
      k =   15 ; sb/Sb = 0.7452135612035 ; sb = 1550.17350728512
      Creating new point: f = 0.190679778634773
    i = 124 ; sf/Sf = 0.718625830832669 ; sf = 1820.5105312538
      k =   13 ; sb/Sb = 0 ; sb = 0
      k =  101 ; sb/Sb = 0.165921206043482 ; sb = 345.144897108446
      k =   14 ; sb/Sb = 0.331842412086963 ; sb = 690.289794216893
      k =   76 ; sb/Sb = 0.538527986645232 ; sb = 1120.23165075101
      k =   15 ; sb/Sb = 0.7452135612035 ; sb = 1550.17350728512
      Creating new point: f = 0.871361460868011
    i = 171 ; sf/Sf = 0.859312915416334 ; sf = 2176.91619899774
      k =   13 ; sb/Sb = 0 ; sb = 0
      k =  101 ; sb/Sb = 0.165921206043482 ; sb = 345.144897108446
      k =   14 ; sb/Sb = 0.331842412086963 ; sb = 690.289794216893
      k =   76 ; sb/Sb = 0.538527986645232 ; sb = 1120.23165075101
      k =   15 ; sb/Sb = 0.7452135612035 ; sb = 1550.17350728512
      k =   16 ; sb/Sb = 1 ; sb = 2080.17350728512
      Creating new point: f = 0.447823497795997
Tear 6 : Sf = 1970.91349378911 ; Sb = 2241.00544008806
  Backwards path
    i = 318 ; sf/Sf = 0.25 ; sf = 492.728373447278
      k =   35 ; sb/Sb = 0 ; sb = 0
      k =   36 ; sb/Sb = 0.263690331820232 ; sb = 590.931468107766
      Creating new point: f = 0.94808178318208
    i = 309 ; sf/Sf = 0.5 ; sf = 985.456746894556
      k =   35 ; sb/Sb = 0 ; sb = 0
      k =   36 ; sb/Sb = 0.263690331820232 ; sb = 590.931468107766
      k =  263 ; sb/Sb = 0.431427060995454 ; sb = 966.830390692016
      k =   37 ; sb/Sb = 0.599163790170676 ; sb = 1342.72931327627
      Creating new point: f = 0.408812901871439
    i = 330 ; sf/Sf = 0.75 ; sf = 1478.18512034183
      k =   35 ; sb/Sb = 0 ; sb = 0
      k =   36 ; sb/Sb = 0.263690331820232 ; sb = 590.931468107766
      k =  263 ; sb/Sb = 0.431427060995454 ; sb = 966.830390692016
      k =   37 ; sb/Sb = 0.599163790170676 ; sb = 1342.72931327627
      k =  269 ; sb/Sb = 0.799581895085338 ; sb = 1791.86737668216
      Creating new point: f = 0.752607704246831
Tear 7 : Sf = 3850.79665998499 ; Sb = 3556.86009133539
  Backwards path
    i = 340 ; sf/Sf = 0.124879250711633 ; sf = 480.884601541784
      k =   44 ; sb/Sb = 0 ; sb = 0
      k =   65 ; sb/Sb = 0.116633592438571 ; sb = 414.849370253831
      k =    1 ; sb/Sb = 0.233267184877142 ; sb = 829.698740507662
      Creating new point: f = 0.0706971130757579
    i = 43 ; sf/Sf = 0.249758501423266 ; sf = 961.769203083567
      k =   44 ; sb/Sb = 0 ; sb = 0
      k =   65 ; sb/Sb = 0.116633592438571 ; sb = 414.849370253831
      k =    1 ; sb/Sb = 0.233267184877142 ; sb = 829.698740507662
      k =    2 ; sb/Sb = 0.307969759138918 ; sb = 1095.40534561939
      Creating new point: f = 0.220759682100559
    i = 42 ; sf/Sf = 0.335612295920329 ; sf = 1292.3747081799
      k =   44 ; sb/Sb = 0 ; sb = 0
      k =   65 ; sb/Sb = 0.116633592438571 ; sb = 414.849370253831
      k =    1 ; sb/Sb = 0.233267184877142 ; sb = 829.698740507662
      k =    2 ; sb/Sb = 0.307969759138918 ; sb = 1095.40534561939
      k =  138 ; sb/Sb = 0.393828940616557 ; sb = 1400.79444169192
      Creating new point: f = 0.321952018475861
    i = 345 ; sf/Sf = 0.460491546631962 ; sf = 1773.25930972168
      k =   44 ; sb/Sb = 0 ; sb = 0
      k =   65 ; sb/Sb = 0.116633592438571 ; sb = 414.849370253831
      k =    1 ; sb/Sb = 0.233267184877142 ; sb = 829.698740507662
      k =    2 ; sb/Sb = 0.307969759138918 ; sb = 1095.40534561939
      k =  138 ; sb/Sb = 0.393828940616557 ; sb = 1400.79444169192
      k =  103 ; sb/Sb = 0.479688122094195 ; sb = 1706.18353776446
      Creating new point: f = 0.776417907417007
    i = 41 ; sf/Sf = 0.585370797343595 ; sf = 2254.14391126347
      k =   44 ; sb/Sb = 0 ; sb = 0
      k =   65 ; sb/Sb = 0.116633592438571 ; sb = 414.849370253831
      k =    1 ; sb/Sb = 0.233267184877142 ; sb = 829.698740507662
      k =    2 ; sb/Sb = 0.307969759138918 ; sb = 1095.40534561939
      k =  138 ; sb/Sb = 0.393828940616557 ; sb = 1400.79444169192
      k =  103 ; sb/Sb = 0.479688122094195 ; sb = 1706.18353776446
      k =  182 ; sb/Sb = 0.565547303571834 ; sb = 2011.57263383699
      k =    3 ; sb/Sb = 0.651406485049473 ; sb = 2316.96172990953
      Creating new point: f = 0.230883796358155
    i = 424 ; sf/Sf = 0.689028098007696 ; sf = 2653.30709844385
      k =   44 ; sb/Sb = 0 ; sb = 0
      k =   65 ; sb/Sb = 0.116633592438571 ; sb = 414.849370253831
      k =    1 ; sb/Sb = 0.233267184877142 ; sb = 829.698740507662
      k =    2 ; sb/Sb = 0.307969759138918 ; sb = 1095.40534561939
      k =  138 ; sb/Sb = 0.393828940616557 ; sb = 1400.79444169192
      k =  103 ; sb/Sb = 0.479688122094195 ; sb = 1706.18353776446
      k =  182 ; sb/Sb = 0.565547303571834 ; sb = 2011.57263383699
      k =    3 ; sb/Sb = 0.651406485049473 ; sb = 2316.96172990953
      k =    5 ; sb/Sb = 0.651406485049473 ; sb = 2316.96172990953
      k =  409 ; sb/Sb = 0.74762486035376 ; sb = 2659.19702908248
      Creating new point: f = 0.391002371836421
    i = 398 ; sf/Sf = 0.792685398671797 ; sf = 3052.47028562423
      k =   44 ; sb/Sb = 0 ; sb = 0
      k =   65 ; sb/Sb = 0.116633592438571 ; sb = 414.849370253831
      k =    1 ; sb/Sb = 0.233267184877142 ; sb = 829.698740507662
      k =    2 ; sb/Sb = 0.307969759138918 ; sb = 1095.40534561939
      k =  138 ; sb/Sb = 0.393828940616557 ; sb = 1400.79444169192
      k =  103 ; sb/Sb = 0.479688122094195 ; sb = 1706.18353776446
      k =  182 ; sb/Sb = 0.565547303571834 ; sb = 2011.57263383699
      k =    3 ; sb/Sb = 0.651406485049473 ; sb = 2316.96172990953
      k =    5 ; sb/Sb = 0.651406485049473 ; sb = 2316.96172990953
      k =  409 ; sb/Sb = 0.74762486035376 ; sb = 2659.19702908248
      k =    6 ; sb/Sb = 0.843843235658048 ; sb = 3001.43232825543
      Creating new point: f = 0.468315310620598
    i = 420 ; sf/Sf = 0.896342699335899 ; sf = 3451.63347280461
      k =   44 ; sb/Sb = 0 ; sb = 0
      k =   65 ; sb/Sb = 0.116633592438571 ; sb = 414.849370253831
      k =    1 ; sb/Sb = 0.233267184877142 ; sb = 829.698740507662
      k =    2 ; sb/Sb = 0.307969759138918 ; sb = 1095.40534561939
      k =  138 ; sb/Sb = 0.393828940616557 ; sb = 1400.79444169192
      k =  103 ; sb/Sb = 0.479688122094195 ; sb = 1706.18353776446
      k =  182 ; sb/Sb = 0.565547303571834 ; sb = 2011.57263383699
      k =    3 ; sb/Sb = 0.651406485049473 ; sb = 2316.96172990953
      k =    5 ; sb/Sb = 0.651406485049473 ; sb = 2316.96172990953
      k =  409 ; sb/Sb = 0.74762486035376 ; sb = 2659.19702908248
      k =    6 ; sb/Sb = 0.843843235658048 ; sb = 3001.43232825543
      k =    7 ; sb/Sb = 1 ; sb = 3556.86009133539
      Creating new point: f = 0.33619717915573
Tear 8 : Sf = 1185.11602807489 ; Sb = 1043.16825105062
  Backwards path
    i = 245 ; sf/Sf = 0.25 ; sf = 296.279007018722
      k =    4 ; sb/Sb = 0 ; sb = 0
      k =  404 ; sb/Sb = 0.5 ; sb = 521.584125525308
      Creating new point: f = 0.5
    i = 183 ; sf/Sf = 0.5 ; sf = 592.558014037444
      k =    4 ; sb/Sb = 0 ; sb = 0
      k =  404 ; sb/Sb = 0.5 ; sb = 521.584125525308
      k =  410 ; sb/Sb = 0.754593758253117 ; sb = 787.168251050615
      Creating new point: f = 0
      Point 404 already exists
Triangulating...
[1] "Non-adjacent points in rim connected by line: 479 366"
[1] "In triangle: 4"  "In triangle: 10"
[1] "Other points in triangles: 440 480"
[1] "Non-adjacent points in rim connected by line: 480 366"
[1] "In triangle: 11"  "In triangle: 896"
[1] "Other points in triangles: 32 532"
[1] "Non-adjacent points in rim connected by line: 496 410"
[1] "In triangle: 829" "In triangle: 834"
[1] "Other points in triangles: 441 5"
Merging points...
Projecting to sphere...
Optimising mapping with FIRE...
E =  0.00776 | E_L =  0.00776 | E_A =  0.00000 |   0 flippped triangles
E =  0.00707 | E_L =  0.00707 | E_A =  0.00000 |  36 flippped triangles
        phi0    phi0.1    phi0.2    phi0.3    phi0.4    phi0.5    phi0.6
id    59.000    82.000     89.00    93.000    178.00    205.00    213.00
A   4944.751  6330.756  43727.03 37562.387  44531.64  34421.30  29388.82
a  -4969.544 -7506.269 -31936.89 -5553.102 -41931.26 -38856.08 -17588.71
      phi0.7    phi0.8    phi0.9   phi0.10   phi0.11   phi0.12   phi0.13
id    223.00    224.00    227.00   237.000    245.00    246.00    248.00
A   12352.52  33001.33  18148.55  2738.212  24917.05  41363.12  36415.86
a  -17842.33 -33385.09 -15884.51 -6429.737 -26656.73 -40357.62 -33575.30
     phi0.14   phi0.15   phi0.16   phi0.17   phi0.18   phi0.19   phi0.20
id    249.00    271.00    325.00    326.00    328.00    329.00    360.00
A   54523.01  14265.27  50349.04  37361.42  27711.86  37361.42  38706.76
a  -33205.27 -16941.53 -38712.37 -10729.35 -23935.18 -27932.26 -33534.13
     phi0.21   phi0.22   phi0.23   phi0.24   phi0.25   phi0.26  phi0.27
id    362.00   369.000    377.00    378.00    380.00    382.00   411.00
A   26731.71 13537.496  28024.74  36668.58  51940.83  56784.37 13414.83
a  -18564.30 -9340.917 -17309.39 -30368.66 -20503.97 -56613.16 -4601.84
     phi0.28   phi0.29   phi0.30   phi0.31   phi0.32   phi0.33   phi0.34
id   419.000    517.00   538.000   541.000   664.000   699.000    780.00
A  12643.476  36723.14  1357.990  4246.534  5743.718  9861.753  40462.04
a  -4161.389 -26051.91 -1311.682 -2175.672 -5507.872 -8975.793 -39845.19
     phi0.35
id   786.000
A   9409.302
a  -4492.939
E =  0.00699 | E_L =  0.00699 | E_A =  0.00000 |  32 flippped triangles
        phi0    phi0.1    phi0.2    phi0.3    phi0.4    phi0.5    phi0.6
id    59.000    82.000     89.00     93.00    178.00    205.00    213.00
A   4944.751  6330.756  43727.03  37562.39  44531.64  34421.30  29388.82
a  -4600.058 -7582.245 -28783.17 -16723.38 -44751.08 -38192.21 -19781.14
      phi0.7    phi0.8    phi0.9   phi0.10   phi0.11   phi0.12   phi0.13
id    223.00    224.00    227.00   237.000    245.00    246.00    248.00
A   12352.52  33001.33  18148.55  2738.212  24917.05  41363.12  36415.86
a  -17709.27 -32836.96 -16957.41 -6191.389 -26393.86 -36124.71 -30224.55
     phi0.14   phi0.15   phi0.16   phi0.17   phi0.18   phi0.19   phi0.20
id    249.00    271.00    325.00    326.00    328.00    329.00    360.00
A   54523.01  14265.27  50349.04  37361.42  27711.86  37361.42  38706.76
a  -40104.87 -15705.28 -37966.24 -14975.06 -22274.70 -26598.72 -26877.02
     phi0.21   phi0.22   phi0.23   phi0.24   phi0.25   phi0.26   phi0.27
id    362.00    378.00    380.00    382.00    517.00   538.000   541.000
A   26731.71  36668.58  51940.83  56784.37  36723.14  1357.990  4246.534
a  -19898.22 -27022.03 -26152.93 -56231.32 -29563.07 -1250.327 -1429.267
     phi0.28   phi0.29   phi0.30   phi0.31
id   664.000   699.000    780.00   786.000
A   5743.718  9861.753  40462.04  9409.302
a  -5728.666 -8127.349 -40904.06 -5030.438
E =  0.00699 | E_L =  0.00699 | E_A =  0.00000 |  34 flippped triangles
        phi0    phi0.1    phi0.2    phi0.3    phi0.4    phi0.5    phi0.6
id    59.000    82.000     89.00     93.00    178.00    205.00    213.00
A   4944.751  6330.756  43727.03  37562.39  44531.64  34421.30  29388.82
a  -4413.016 -8436.423 -28570.12 -11871.01 -44361.91 -34642.49 -14563.96
      phi0.7    phi0.8    phi0.9   phi0.10   phi0.11   phi0.12   phi0.13
id    223.00    224.00    227.00  233.0000   237.000    245.00    246.00
A   12352.52  33001.33  18148.55  388.9018  2738.212  24917.05  41363.12
a  -17794.37 -32825.66 -17288.74 -341.2676 -4238.087 -26629.32 -37545.68
     phi0.14   phi0.15   phi0.16   phi0.17   phi0.18   phi0.19   phi0.20
id    248.00    249.00    271.00    325.00    326.00    328.00    329.00
A   36415.86  54523.01  14265.27  50349.04  37361.42  27711.86  37361.42
a  -31506.02 -38853.91 -16004.83 -37498.45 -12764.45 -21771.35 -25322.20
     phi0.21   phi0.22   phi0.23   phi0.24   phi0.25  phi0.26   phi0.27
id    360.00    362.00    378.00    380.00    382.00   419.00    517.00
A   38706.76  26731.71  36668.58  51940.83  56784.37 12643.48  36723.14
a  -22637.24 -17017.35 -23768.87 -19610.55 -55934.36 -2089.90 -23014.06
     phi0.28   phi0.29   phi0.30   phi0.31   phi0.32   phi0.33
id   538.000   541.000   664.000   699.000    780.00   786.000
A   1357.990  4246.534  5743.718  9861.753  40462.04  9409.302
a  -1437.218 -2127.638 -4840.630 -9127.133 -37967.50 -4987.894
FIRE:  5  stops.  3 hits of maxmove.  0 hits of dtmax.
Frms = 9.22963359929525e-06; Ftanrms = 9.19627043899755e-06
E =  0.01006 | E_L =  0.01001 | E_A =  0.00005 |   0 flippped triangles
E =  0.00845 | E_L =  0.00845 | E_A =  0.00000 |   0 flippped triangles
E =  0.00769 | E_L =  0.00769 | E_A =  0.00000 |   0 flippped triangles
E =  0.00738 | E_L =  0.00738 | E_A =  0.00000 |   0 flippped triangles
E =  0.00726 | E_L =  0.00726 | E_A =  0.00000 |   0 flippped triangles
E =  0.00719 | E_L =  0.00719 | E_A =  0.00000 |   0 flippped triangles
E =  0.00711 | E_L =  0.00711 | E_A =  0.00000 |   0 flippped triangles
E =  0.00708 | E_L =  0.00708 | E_A =  0.00000 |   0 flippped triangles
E =  0.00708 | E_L =  0.00708 | E_A =  0.00000 |   0 flippped triangles
Optimising mapping with BFGS...
E =  0.00708 | E_L =  0.00708 | E_A =  0.00000 |   0 flippped triangles
Transforming image...
Mapping optimised. Error: 0.007079173 ; 0 flipped triangles.
Inferring coordinates of datapoints
Inferring coordinates of landmarks
Mapping optimised. Error: 0.007079173 ; 0 flipped triangles. OD displacement: 4.935207 degrees.
Computing Kernel Density estimates of datapoints

[1] 0.725
Saving adult_retina/data/nAChR-B2/GMB578/R-CONTRA/r.mat
