[1] "Adding old segment 1"
[1] "Adding old segment 3"
[1] "Adding old segment 4"
[1] "Adding old segment 5"
[1] "Intersection found. Old points:"
    X     Y 
-3200  1499 
    X     Y 
-3040   899 
    X     Y 
-3040   919 
    X     Y 
-3080  -741 
[1] "Point i+1 has been changed:"
    X     Y 
-3200  1499 
         X          Y 
-3040.4420   900.6575 
    X     Y 
-3040   919 
    X     Y 
-3080  -741 
[1] "a= 0.0304481852548657"
[1] "l= 1642.13399194324"
[1] "New points:"
    X     Y 
-3200  1499 
         X          Y 
-3040.4420   900.6575 
         X          Y 
-3078.7955  -691.0145 
    X     Y 
-3080  -741 
[1] "Storing new segment 1"
[1] "Adding old segment 2"
[1] "Storing new segment 2"
simplify.outline: Removing vertex 35
Triangulating...
[1] "Non-adjacent points in rim connected by line: 38 29"
[1] "In triangle: 34" "In triangle: 41"
[1] "Other points in triangles: 41 39"
[1] "Non-adjacent points in rim connected by line: 39 29"
[1] "In triangle: 61"  "In triangle: 803"
[1] "Other points in triangles: 45 448"
[1] "Non-adjacent points in rim connected by line: 41 38"
[1] "In triangle: 15" "In triangle: 34"
[1] "Other points in triangles: 43 448"
[1] "Non-adjacent points in rim connected by line: 42 40"
[1] "In triangle: 16" "In triangle: 43"
[1] "Other points in triangles: 44 28"
[1] "Non-adjacent points in rim connected by line: 43 41"
[1] "In triangle: 15" "In triangle: 54"
[1] "Other points in triangles: 450 44"
[1] "Non-adjacent points in rim connected by line: 44 42"
[1] "In triangle: 16" "In triangle: 59"
[1] "Other points in triangles: 451 43"
[1] "Non-adjacent points in rim connected by line: 44 43"
[1] "In triangle: 54" "In triangle: 59"
[1] "Other points in triangles: 452 453"
Stitching...
Tear 1 child of rim
Tear 2 child of rim
Tear 3 child of rim
Tear 4 child of rim
Tear 1 : Sf = 1264.79247309588 ; Sb = 1358.56541984551
  Forwards path
    i = 303 ; sf/Sf = 0.5 ; sf = 632.396236547941
      k =   11 ; sb/Sb = 0 ; sb = 0
      k =  254 ; sb/Sb = 0.25 ; sb = 339.641354961377
      k =  253 ; sb/Sb = 0.5 ; sb = 679.282709922754
      k =  265 ; sb/Sb = 0.75 ; sb = 1018.92406488413
      Creating new point: f = 0
      Point 253 already exists
Tear 2 : Sf = 1525.48056876995 ; Sb = 1820.46751666556
  Forwards path
    i = 18 ; sf/Sf = 0.375488322428555 ; sf = 572.800139664787
      k =   17 ; sb/Sb = 0 ; sb = 0
      k =   16 ; sb/Sb = 0.125382212053059 ; sb = 228.254244210267
      k =   15 ; sb/Sb = 0.456155907919893 ; sb = 830.41701290325
      Creating new point: f = 0.756124545272749
    i = 83 ; sf/Sf = 0.687744161214278 ; sf = 1049.14035421737
      k =   17 ; sb/Sb = 0 ; sb = 0
      k =   16 ; sb/Sb = 0.125382212053059 ; sb = 228.254244210267
      k =   15 ; sb/Sb = 0.456155907919893 ; sb = 830.41701290325
      k =  277 ; sb/Sb = 0.728077953959946 ; sb = 1325.4422647844
      Creating new point: f = 0.851671486982973
Tear 3 : Sf = 6019.90394186815 ; Sb = 4830.93368924972
  Forwards path
    i = 284 ; sf/Sf = 0.0636680188979551 ; sf = 383.275357934736
      k =    1 ; sb/Sb = 0 ; sb = 0
      k =   34 ; sb/Sb = 0.167208819874245 ; sb = 807.774721070176
      Creating new point: f = 0.380769500950003
    i = 2 ; sf/Sf = 0.12733603779591 ; sf = 766.550715869472
      k =    1 ; sb/Sb = 0 ; sb = 0
      k =   34 ; sb/Sb = 0.167208819874245 ; sb = 807.774721070176
      Creating new point: f = 0.761539001900006
    i = 288 ; sf/Sf = 0.201425274747017 ; sf = 1212.56080544145
      k =    1 ; sb/Sb = 0 ; sb = 0
      k =   34 ; sb/Sb = 0.167208819874245 ; sb = 807.774721070176
      k =  130 ; sb/Sb = 0.226140040052916 ; sb = 1092.46753797991
      Creating new point: f = 0.58061677272307
    i = 3 ; sf/Sf = 0.275514511698125 ; sf = 1658.57089501342
      k =    1 ; sb/Sb = 0 ; sb = 0
      k =   34 ; sb/Sb = 0.167208819874245 ; sb = 807.774721070176
      k =  130 ; sb/Sb = 0.226140040052916 ; sb = 1092.46753797991
      k =   33 ; sb/Sb = 0.285071260231587 ; sb = 1377.16035488965
      Creating new point: f = 0.837832162570406
    i = 312 ; sf/Sf = 0.359829433393228 ; sf = 2166.13862448408
      k =    1 ; sb/Sb = 0 ; sb = 0
      k =   34 ; sb/Sb = 0.167208819874245 ; sb = 807.774721070176
      k =  130 ; sb/Sb = 0.226140040052916 ; sb = 1092.46753797991
      k =   33 ; sb/Sb = 0.285071260231587 ; sb = 1377.16035488965
      k =  137 ; sb/Sb = 0.35119774373314 ; sb = 1696.61301178891
      k =  120 ; sb/Sb = 0.417324227234692 ; sb = 2016.06566868818
      Creating new point: f = 0.130533021007928
    i = 4 ; sf/Sf = 0.444144355088332 ; sf = 2673.70635395474
      k =    1 ; sb/Sb = 0 ; sb = 0
      k =   34 ; sb/Sb = 0.167208819874245 ; sb = 807.774721070176
      k =  130 ; sb/Sb = 0.226140040052916 ; sb = 1092.46753797991
      k =   33 ; sb/Sb = 0.285071260231587 ; sb = 1377.16035488965
      k =  137 ; sb/Sb = 0.35119774373314 ; sb = 1696.61301178891
      k =  120 ; sb/Sb = 0.417324227234692 ; sb = 2016.06566868818
      k =   32 ; sb/Sb = 0.549577194237797 ; sb = 2654.97098248671
      Creating new point: f = 0.202794148678796
    i = 369 ; sf/Sf = 0.543996970404124 ; sf = 3274.80950650012
      k =    1 ; sb/Sb = 0 ; sb = 0
      k =   34 ; sb/Sb = 0.167208819874245 ; sb = 807.774721070176
      k =  130 ; sb/Sb = 0.226140040052916 ; sb = 1092.46753797991
      k =   33 ; sb/Sb = 0.285071260231587 ; sb = 1377.16035488965
      k =  137 ; sb/Sb = 0.35119774373314 ; sb = 1696.61301178891
      k =  120 ; sb/Sb = 0.417324227234692 ; sb = 2016.06566868818
      k =   32 ; sb/Sb = 0.549577194237797 ; sb = 2654.97098248671
      Creating new point: f = 0.957806437465091
    i = 5 ; sf/Sf = 0.643849585719917 ; sf = 3875.91265904551
      k =    1 ; sb/Sb = 0 ; sb = 0
      k =   34 ; sb/Sb = 0.167208819874245 ; sb = 807.774721070176
      k =  130 ; sb/Sb = 0.226140040052916 ; sb = 1092.46753797991
      k =   33 ; sb/Sb = 0.285071260231587 ; sb = 1377.16035488965
      k =  137 ; sb/Sb = 0.35119774373314 ; sb = 1696.61301178891
      k =  120 ; sb/Sb = 0.417324227234692 ; sb = 2016.06566868818
      k =   32 ; sb/Sb = 0.549577194237797 ; sb = 2654.97098248671
      k =  115 ; sb/Sb = 0.66288923589442 ; sb = 3202.37394192336
      Creating new point: f = 0.831971519565411
    i = 443 ; sf/Sf = 0.700866817017653 ; sf = 4219.15091448916
      k =    1 ; sb/Sb = 0 ; sb = 0
      k =   34 ; sb/Sb = 0.167208819874245 ; sb = 807.774721070176
      k =  130 ; sb/Sb = 0.226140040052916 ; sb = 1092.46753797991
      k =   33 ; sb/Sb = 0.285071260231587 ; sb = 1377.16035488965
      k =  137 ; sb/Sb = 0.35119774373314 ; sb = 1696.61301178891
      k =  120 ; sb/Sb = 0.417324227234692 ; sb = 2016.06566868818
      k =   32 ; sb/Sb = 0.549577194237797 ; sb = 2654.97098248671
      k =  115 ; sb/Sb = 0.66288923589442 ; sb = 3202.37394192336
      k =   31 ; sb/Sb = 0.776201277551043 ; sb = 3749.77690136
      Creating new point: f = 0.335159269641605
    i = 396 ; sf/Sf = 0.757884048315389 ; sf = 4562.38916993281
      k =    1 ; sb/Sb = 0 ; sb = 0
      k =   34 ; sb/Sb = 0.167208819874245 ; sb = 807.774721070176
      k =  130 ; sb/Sb = 0.226140040052916 ; sb = 1092.46753797991
      k =   33 ; sb/Sb = 0.285071260231587 ; sb = 1377.16035488965
      k =  137 ; sb/Sb = 0.35119774373314 ; sb = 1696.61301178891
      k =  120 ; sb/Sb = 0.417324227234692 ; sb = 2016.06566868818
      k =   32 ; sb/Sb = 0.549577194237797 ; sb = 2654.97098248671
      k =  115 ; sb/Sb = 0.66288923589442 ; sb = 3202.37394192336
      k =   31 ; sb/Sb = 0.776201277551043 ; sb = 3749.77690136
      Creating new point: f = 0.838347019717799
    i = 400 ; sf/Sf = 0.814901279613125 ; sf = 4905.62742537646
      k =    1 ; sb/Sb = 0 ; sb = 0
      k =   34 ; sb/Sb = 0.167208819874245 ; sb = 807.774721070176
      k =  130 ; sb/Sb = 0.226140040052916 ; sb = 1092.46753797991
      k =   33 ; sb/Sb = 0.285071260231587 ; sb = 1377.16035488965
      k =  137 ; sb/Sb = 0.35119774373314 ; sb = 1696.61301178891
      k =  120 ; sb/Sb = 0.417324227234692 ; sb = 2016.06566868818
      k =   32 ; sb/Sb = 0.549577194237797 ; sb = 2654.97098248671
      k =  115 ; sb/Sb = 0.66288923589442 ; sb = 3202.37394192336
      k =   31 ; sb/Sb = 0.776201277551043 ; sb = 3749.77690136
      k =  151 ; sb/Sb = 0.888100638775521 ; sb = 4290.35529530486
      Creating new point: f = 0.345846496696679
    i = 6 ; sf/Sf = 0.871918510910861 ; sf = 5248.8656808201
      k =    1 ; sb/Sb = 0 ; sb = 0
      k =   34 ; sb/Sb = 0.167208819874245 ; sb = 807.774721070176
      k =  130 ; sb/Sb = 0.226140040052916 ; sb = 1092.46753797991
      k =   33 ; sb/Sb = 0.285071260231587 ; sb = 1377.16035488965
      k =  137 ; sb/Sb = 0.35119774373314 ; sb = 1696.61301178891
      k =  120 ; sb/Sb = 0.417324227234692 ; sb = 2016.06566868818
      k =   32 ; sb/Sb = 0.549577194237797 ; sb = 2654.97098248671
      k =  115 ; sb/Sb = 0.66288923589442 ; sb = 3202.37394192336
      k =   31 ; sb/Sb = 0.776201277551043 ; sb = 3749.77690136
      k =  151 ; sb/Sb = 0.888100638775521 ; sb = 4290.35529530486
      Creating new point: f = 0.855386771760048
Tear 4 : Sf = 2617.47972623978 ; Sb = 1788.9941307897
  Forwards path
    i = 25 ; sf/Sf = 0.274462871679436 ; sf = 718.401002226472
      k =   24 ; sb/Sb = 0 ; sb = 0
      k =   74 ; sb/Sb = 0.25 ; sb = 447.248532697425
      k =   63 ; sb/Sb = 0.5 ; sb = 894.497065394851
      Creating new point: f = 0.0978514867177429
    i = 424 ; sf/Sf = 0.455847153759577 ; sf = 1193.1706832298
      k =   24 ; sb/Sb = 0 ; sb = 0
      k =   74 ; sb/Sb = 0.25 ; sb = 447.248532697425
      k =   63 ; sb/Sb = 0.5 ; sb = 894.497065394851
      Creating new point: f = 0.823388615038307
    i = 195 ; sf/Sf = 0.637231435839718 ; sf = 1667.94036423312
      k =   24 ; sb/Sb = 0 ; sb = 0
      k =   74 ; sb/Sb = 0.25 ; sb = 447.248532697425
      k =   63 ; sb/Sb = 0.5 ; sb = 894.497065394851
      k =   68 ; sb/Sb = 0.75 ; sb = 1341.74559809228
      Creating new point: f = 0.548925743358871
    i = 425 ; sf/Sf = 0.818615717919859 ; sf = 2142.71004523645
      k =   24 ; sb/Sb = 0 ; sb = 0
      k =   74 ; sb/Sb = 0.25 ; sb = 447.248532697425
      k =   63 ; sb/Sb = 0.5 ; sb = 894.497065394851
      k =   68 ; sb/Sb = 0.75 ; sb = 1341.74559809228
      k =   23 ; sb/Sb = 1 ; sb = 1788.9941307897
      Creating new point: f = 0.274462871679435
Tear 1 : Sf = 1358.56541984551 ; Sb = 1264.79247309588
  Backwards path
    i = 254 ; sf/Sf = 0.25 ; sf = 339.641354961377
      k =   11 ; sb/Sb = 0 ; sb = 0
      k =  303 ; sb/Sb = 0.5 ; sb = 632.396236547941
      Creating new point: f = 0.5
    i = 253 ; sf/Sf = 0.5 ; sf = 679.282709922754
      k =   11 ; sb/Sb = 0 ; sb = 0
      k =  303 ; sb/Sb = 0.5 ; sb = 632.396236547941
      k =   12 ; sb/Sb = 1 ; sb = 1264.79247309588
      Creating new point: f = 0
      Point 303 already exists
    i = 265 ; sf/Sf = 0.75 ; sf = 1018.92406488413
      k =   11 ; sb/Sb = 0 ; sb = 0
      k =  303 ; sb/Sb = 0.5 ; sb = 632.396236547941
      k =   12 ; sb/Sb = 1 ; sb = 1264.79247309588
      Creating new point: f = 0.5
Tear 2 : Sf = 1820.46751666556 ; Sb = 1525.48056876995
  Backwards path
    i = 16 ; sf/Sf = 0.125382212053059 ; sf = 228.254244210267
      k =   17 ; sb/Sb = 0 ; sb = 0
      k =   18 ; sb/Sb = 0.375488322428555 ; sb = 572.800139664787
      Creating new point: f = 0.333917740083423
    i = 15 ; sf/Sf = 0.456155907919893 ; sf = 830.41701290325
      k =   17 ; sb/Sb = 0 ; sb = 0
      k =   18 ; sb/Sb = 0.375488322428555 ; sb = 572.800139664787
      k =   83 ; sb/Sb = 0.687744161214278 ; sb = 1049.14035421737
      Creating new point: f = 0.258338117247164
    i = 277 ; sf/Sf = 0.728077953959946 ; sf = 1325.4422647844
      k =   17 ; sb/Sb = 0 ; sb = 0
      k =   18 ; sb/Sb = 0.375488322428555 ; sb = 572.800139664787
      k =   83 ; sb/Sb = 0.687744161214278 ; sb = 1049.14035421737
      k =   19 ; sb/Sb = 1 ; sb = 1525.48056876995
      Creating new point: f = 0.129169058623582
Tear 3 : Sf = 4830.93368924972 ; Sb = 6019.90394186815
  Backwards path
    i = 34 ; sf/Sf = 0.167208819874245 ; sf = 807.774721070176
      k =    1 ; sb/Sb = 0 ; sb = 0
      k =  284 ; sb/Sb = 0.0636680188979551 ; sb = 383.275357934736
      k =    2 ; sb/Sb = 0.12733603779591 ; sb = 766.550715869472
      k =  288 ; sb/Sb = 0.201425274747017 ; sb = 1212.56080544145
      Creating new point: f = 0.538172394792609
    i = 130 ; sf/Sf = 0.226140040052916 ; sf = 1092.46753797991
      k =    1 ; sb/Sb = 0 ; sb = 0
      k =  284 ; sb/Sb = 0.0636680188979551 ; sb = 383.275357934736
      k =    2 ; sb/Sb = 0.12733603779591 ; sb = 766.550715869472
      k =  288 ; sb/Sb = 0.201425274747017 ; sb = 1212.56080544145
      k =    3 ; sb/Sb = 0.275514511698125 ; sb = 1658.57089501342
      Creating new point: f = 0.33358104797608
    i = 33 ; sf/Sf = 0.285071260231587 ; sf = 1377.16035488965
      k =    1 ; sb/Sb = 0 ; sb = 0
      k =  284 ; sb/Sb = 0.0636680188979551 ; sb = 383.275357934736
      k =    2 ; sb/Sb = 0.12733603779591 ; sb = 766.550715869472
      k =  288 ; sb/Sb = 0.201425274747017 ; sb = 1212.56080544145
      k =    3 ; sb/Sb = 0.275514511698125 ; sb = 1658.57089501342
      k =  312 ; sb/Sb = 0.359829433393228 ; sb = 2166.13862448408
      Creating new point: f = 0.113345874506308
    i = 137 ; sf/Sf = 0.35119774373314 ; sf = 1696.61301178891
      k =    1 ; sb/Sb = 0 ; sb = 0
      k =  284 ; sb/Sb = 0.0636680188979551 ; sb = 383.275357934736
      k =    2 ; sb/Sb = 0.12733603779591 ; sb = 766.550715869472
      k =  288 ; sb/Sb = 0.201425274747017 ; sb = 1212.56080544145
      k =    3 ; sb/Sb = 0.275514511698125 ; sb = 1658.57089501342
      k =  312 ; sb/Sb = 0.359829433393228 ; sb = 2166.13862448408
      Creating new point: f = 0.897625598333564
    i = 120 ; sf/Sf = 0.417324227234692 ; sf = 2016.06566868818
      k =    1 ; sb/Sb = 0 ; sb = 0
      k =  284 ; sb/Sb = 0.0636680188979551 ; sb = 383.275357934736
      k =    2 ; sb/Sb = 0.12733603779591 ; sb = 766.550715869472
      k =  288 ; sb/Sb = 0.201425274747017 ; sb = 1212.56080544145
      k =    3 ; sb/Sb = 0.275514511698125 ; sb = 1658.57089501342
      k =  312 ; sb/Sb = 0.359829433393228 ; sb = 2166.13862448408
      k =    4 ; sb/Sb = 0.444144355088332 ; sb = 2673.70635395474
      Creating new point: f = 0.68190532216082
    i = 32 ; sf/Sf = 0.549577194237797 ; sf = 2654.97098248671
      k =    1 ; sb/Sb = 0 ; sb = 0
      k =  284 ; sb/Sb = 0.0636680188979551 ; sb = 383.275357934736
      k =    2 ; sb/Sb = 0.12733603779591 ; sb = 766.550715869472
      k =  288 ; sb/Sb = 0.201425274747017 ; sb = 1212.56080544145
      k =    3 ; sb/Sb = 0.275514511698125 ; sb = 1658.57089501342
      k =  312 ; sb/Sb = 0.359829433393228 ; sb = 2166.13862448408
      k =    4 ; sb/Sb = 0.444144355088332 ; sb = 2673.70635395474
      k =  369 ; sb/Sb = 0.543996970404124 ; sb = 3274.80950650012
      k =    5 ; sb/Sb = 0.643849585719917 ; sb = 3875.91265904551
      Creating new point: f = 0.0558846036833885
    i = 115 ; sf/Sf = 0.66288923589442 ; sf = 3202.37394192336
      k =    1 ; sb/Sb = 0 ; sb = 0
      k =  284 ; sb/Sb = 0.0636680188979551 ; sb = 383.275357934736
      k =    2 ; sb/Sb = 0.12733603779591 ; sb = 766.550715869472
      k =  288 ; sb/Sb = 0.201425274747017 ; sb = 1212.56080544145
      k =    3 ; sb/Sb = 0.275514511698125 ; sb = 1658.57089501342
      k =  312 ; sb/Sb = 0.359829433393228 ; sb = 2166.13862448408
      k =    4 ; sb/Sb = 0.444144355088332 ; sb = 2673.70635395474
      k =  369 ; sb/Sb = 0.543996970404124 ; sb = 3274.80950650012
      k =    5 ; sb/Sb = 0.643849585719917 ; sb = 3875.91265904551
      k =  443 ; sb/Sb = 0.700866817017653 ; sb = 4219.15091448916
      Creating new point: f = 0.333928002836207
    i = 31 ; sf/Sf = 0.776201277551043 ; sf = 3749.77690136
      k =    1 ; sb/Sb = 0 ; sb = 0
      k =  284 ; sb/Sb = 0.0636680188979551 ; sb = 383.275357934736
      k =    2 ; sb/Sb = 0.12733603779591 ; sb = 766.550715869472
      k =  288 ; sb/Sb = 0.201425274747017 ; sb = 1212.56080544145
      k =    3 ; sb/Sb = 0.275514511698125 ; sb = 1658.57089501342
      k =  312 ; sb/Sb = 0.359829433393228 ; sb = 2166.13862448408
      k =    4 ; sb/Sb = 0.444144355088332 ; sb = 2673.70635395474
      k =  369 ; sb/Sb = 0.543996970404124 ; sb = 3274.80950650012
      k =    5 ; sb/Sb = 0.643849585719917 ; sb = 3875.91265904551
      k =  443 ; sb/Sb = 0.700866817017653 ; sb = 4219.15091448916
      k =  396 ; sb/Sb = 0.757884048315389 ; sb = 4562.38916993281
      k =  400 ; sb/Sb = 0.814901279613125 ; sb = 4905.62742537645
      Creating new point: f = 0.321257781529309
    i = 151 ; sf/Sf = 0.888100638775521 ; sf = 4290.35529530486
      k =    1 ; sb/Sb = 0 ; sb = 0
      k =  284 ; sb/Sb = 0.0636680188979551 ; sb = 383.275357934736
      k =    2 ; sb/Sb = 0.12733603779591 ; sb = 766.550715869472
      k =  288 ; sb/Sb = 0.201425274747017 ; sb = 1212.56080544145
      k =    3 ; sb/Sb = 0.275514511698125 ; sb = 1658.57089501342
      k =  312 ; sb/Sb = 0.359829433393228 ; sb = 2166.13862448408
      k =    4 ; sb/Sb = 0.444144355088332 ; sb = 2673.70635395474
      k =  369 ; sb/Sb = 0.543996970404124 ; sb = 3274.80950650012
      k =    5 ; sb/Sb = 0.643849585719917 ; sb = 3875.91265904551
      k =  443 ; sb/Sb = 0.700866817017653 ; sb = 4219.15091448916
      k =  396 ; sb/Sb = 0.757884048315389 ; sb = 4562.38916993281
      k =  400 ; sb/Sb = 0.814901279613125 ; sb = 4905.62742537645
      k =    6 ; sb/Sb = 0.871918510910861 ; sb = 5248.8656808201
      k =    7 ; sb/Sb = 1 ; sb = 6019.90394186815
      Creating new point: f = 0.126342440111687
    i = 168 ; sf/Sf = 0.944050319387761 ; sf = 4560.64449227729
      k =    1 ; sb/Sb = 0 ; sb = 0
      k =  284 ; sb/Sb = 0.0636680188979551 ; sb = 383.275357934736
      k =    2 ; sb/Sb = 0.12733603779591 ; sb = 766.550715869472
      k =  288 ; sb/Sb = 0.201425274747017 ; sb = 1212.56080544145
      k =    3 ; sb/Sb = 0.275514511698125 ; sb = 1658.57089501342
      k =  312 ; sb/Sb = 0.359829433393228 ; sb = 2166.13862448408
      k =    4 ; sb/Sb = 0.444144355088332 ; sb = 2673.70635395474
      k =  369 ; sb/Sb = 0.543996970404124 ; sb = 3274.80950650012
      k =    5 ; sb/Sb = 0.643849585719917 ; sb = 3875.91265904551
      k =  443 ; sb/Sb = 0.700866817017653 ; sb = 4219.15091448916
      k =  396 ; sb/Sb = 0.757884048315389 ; sb = 4562.38916993281
      k =  400 ; sb/Sb = 0.814901279613125 ; sb = 4905.62742537645
      k =    6 ; sb/Sb = 0.871918510910861 ; sb = 5248.8656808201
      k =    7 ; sb/Sb = 1 ; sb = 6019.90394186815
      Creating new point: f = 0.563171220055842
Tear 4 : Sf = 1788.9941307897 ; Sb = 2617.47972623978
  Backwards path
    i = 74 ; sf/Sf = 0.25 ; sf = 447.248532697425
      k =   24 ; sb/Sb = 0 ; sb = 0
      k =   25 ; sb/Sb = 0.274462871679436 ; sb = 718.401002226472
      Creating new point: f = 0.910870014841178
    i = 63 ; sf/Sf = 0.5 ; sf = 894.497065394851
      k =   24 ; sb/Sb = 0 ; sb = 0
      k =   25 ; sb/Sb = 0.274462871679436 ; sb = 718.401002226472
      k =  424 ; sb/Sb = 0.455847153759577 ; sb = 1193.1706832298
      k =  195 ; sb/Sb = 0.637231435839718 ; sb = 1667.94036423312
      Creating new point: f = 0.243421567371065
    i = 68 ; sf/Sf = 0.75 ; sf = 1341.74559809228
      k =   24 ; sb/Sb = 0 ; sb = 0
      k =   25 ; sb/Sb = 0.274462871679436 ; sb = 718.401002226472
      k =  424 ; sb/Sb = 0.455847153759577 ; sb = 1193.1706832298
      k =  195 ; sb/Sb = 0.637231435839718 ; sb = 1667.94036423312
      k =  425 ; sb/Sb = 0.818615717919859 ; sb = 2142.71004523645
      Creating new point: f = 0.621710783685533
Triangulating...
[1] "Non-adjacent points in rim connected by line: 39 29"
[1] "In triangle: 456" "In triangle: 469"
[1] "Other points in triangles: 448 449"
[1] "Non-adjacent points in rim connected by line: 42 40"
[1] "In triangle: 480" "In triangle: 483"
[1] "Other points in triangles: 453 451"
Merging points...
Projecting to sphere...
Optimising mapping with FIRE...
E =  0.00314 | E_L =  0.00314 | E_A =  0.00000 |   2 flippped triangles
          X1         X2
id 456.00000 907.000000
A   13.41601   6.239721
a  -55.31842 -11.288524
E =  0.00276 | E_L =  0.00276 | E_A =  0.00000 |  34 flippped triangles
        phi0    phi0.1    phi0.2    phi0.3     phi0.4    phi0.5    phi0.6
id    10.000     28.00    240.00   243.000   253.0000    275.00 452.00000
A   3367.324  21465.73  13929.61 16740.833 31180.4175  35639.53  59.49484
a  -1729.245 -16049.85 -16078.65 -4233.083  -292.3877 -27359.01 -59.46681
       phi0.7    phi0.8     phi0.9   phi0.10    phi0.11    phi0.12    phi0.13
id 453.000000  464.0000 471.000000 473.00000 475.000000 476.000000 477.000000
A   11.940446  195.8372   4.278660   3.60701   2.123394   3.034863   2.384591
a   -2.513934 -135.0331  -6.375773  -2.23615  -1.868947  -2.954784  -3.329867
        phi0.14     phi0.15    phi0.16    phi0.17   phi0.18   phi0.19   phi0.20
id 478.00000000 483.0000000 484.000000 485.000000    626.00   628.000   629.000
A    3.13436715   1.0821029   3.208995   3.184119  20677.62 17784.579 13554.263
a   -0.04057835  -0.1078539  -1.004183 -14.897143 -18531.66 -2856.118 -5681.552
     phi0.21   phi0.22    phi0.23   phi0.24   phi0.25   phi0.26   phi0.27
id    647.00   652.000   661.0000   662.000    793.00    796.00    814.00
A   11395.28  4433.263   978.8367 13695.632  17509.63  26767.49  50038.61
a  -12688.43 -3802.015 -1007.0425 -9339.233 -16114.37 -20012.09 -10521.64
     phi0.28   phi0.29   phi0.30   phi0.31    phi0.32     phi0.33
id   816.000    820.00   827.000    829.00 906.000000 908.0000000
A  43692.317  20600.92  1519.943  15772.56   3.974137   1.0572270
a  -8314.904 -16358.81 -1187.297 -14433.60  -5.066014  -0.9071996
E =  0.00273 | E_L =  0.00273 | E_A =  0.00000 |  33 flippped triangles
        phi0    phi0.1    phi0.2    phi0.3    phi0.4     phi0.5    phi0.6
id    10.000     28.00    240.00    275.00 452.00000 454.000000  464.0000
A   3367.324  21465.73  13929.61  35639.53  59.49484  13.532506  195.8372
a  -2022.445 -13457.91 -15677.45 -25982.07 -50.37618  -4.141782 -122.7687
      phi0.7     phi0.8     phi0.9    phi0.10    phi0.11    phi0.12    phi0.13
id 471.00000 473.000000 476.000000 479.000000 482.000000 483.000000 485.000000
A    4.27866   3.607010   3.034863   2.180142   1.918945   1.082103   3.184119
a   -7.23955  -3.218813  -3.061871  -2.523693  -2.575316  -1.079998  -8.950020
      phi0.14   phi0.15   phi0.16   phi0.17   phi0.18   phi0.19   phi0.20
id 487.000000    547.00    626.00   629.000    647.00    649.00   652.000
A    3.283623  12072.18  20677.62 13554.263  11395.28  10064.87  4433.263
a   -3.323126 -10506.52 -19247.17 -3077.416 -12986.24 -11931.65 -3772.388
     phi0.21   phi0.22   phi0.23   phi0.24   phi0.25   phi0.26   phi0.27
id    662.00    793.00    796.00   799.000    814.00    816.00    820.00
A   13695.63  17509.63  26767.49 55774.429  50038.61  43692.32  20600.92
a  -10116.92 -16521.99 -21877.58 -2449.391 -31083.33 -26802.95 -19326.53
     phi0.28   phi0.29    phi0.30     phi0.31     phi0.32
id   827.000    829.00 906.000000 907.0000000 908.0000000
A   1519.943  15772.56   3.974137   6.2397213   1.0572270
a  -1041.588 -14280.45  -4.430412  -0.3697096  -0.7526008
E =  0.00272 | E_L =  0.00272 | E_A =  0.00000 |  34 flippped triangles
        phi0    phi0.1    phi0.2    phi0.3    phi0.4     phi0.5    phi0.6
id    10.000     28.00    240.00    275.00 452.00000 454.000000  464.0000
A   3367.324  21465.73  13929.61  35639.53  59.49484  13.532506  195.8372
a  -2026.660 -11725.48 -15773.45 -26015.17 -50.44246  -3.830058 -122.6890
       phi0.7     phi0.8     phi0.9    phi0.10    phi0.11    phi0.12    phi0.13
id 471.000000 473.000000 476.000000 479.000000 482.000000 483.000000 485.000000
A    4.278660   3.607010   3.034863   2.180142   1.918945   1.082103   3.184119
a   -7.354763  -3.300417  -3.166544  -2.194602  -2.494086  -1.069768  -5.445087
      phi0.14   phi0.15   phi0.16   phi0.17   phi0.18   phi0.19   phi0.20
id 487.000000    547.00    626.00   629.000    647.00    649.00   652.000
A    3.283623  12072.18  20677.62 13554.263  11395.28  10064.87  4433.263
a   -1.322859 -10900.85 -19517.69 -3466.501 -12987.52 -11210.55 -3841.023
     phi0.21   phi0.22   phi0.23   phi0.24   phi0.25   phi0.26   phi0.27
id    662.00    793.00    796.00    799.00   812.000    814.00    816.00
A   13695.63  17509.63  26767.49  55774.43 55020.940  50038.61  43692.32
a  -10548.87 -16335.32 -22006.42 -32151.80 -9549.051 -39812.84 -32667.13
     phi0.28   phi0.29   phi0.30    phi0.31     phi0.32    phi0.33
id    820.00   827.000    829.00 906.000000 907.0000000 908.000000
A   20600.92  1519.943  15772.56   3.974137   6.2397213   1.057227
a  -18763.34 -1224.534 -14197.87  -4.516091  -0.4264466  -0.964310
FIRE:  12  stops.  1 hits of maxmove.  0 hits of dtmax.
Frms = 4.52902795376927e-05; Ftanrms = 4.5290254203372e-05
E =  0.00447 | E_L =  0.00346 | E_A =  0.00102 |   4 flippped triangles
           phi0       phi0.1        phi0.2       phi0.3
id 478.00000000 481.00000000 908.000000000 909.00000000
A    3.13436715   7.56228265   1.057227015   0.98259923
a   -0.02460892  -0.01913563  -0.004693911  -0.01484258
FIRE:  13  stops.  3 hits of maxmove.  0 hits of dtmax.
Frms = 2.51013248015775e-05; Ftanrms = 2.5101280036397e-05
E =  0.00452 | E_L =  0.00346 | E_A =  0.00106 |   4 flippped triangles
          phi0      phi0.1        phi0.2     phi0.3
id 477.0000000 479.0000000  4.800000e+02 485.000000
A    2.3845911   2.1801420  1.156731e+00   3.184119
a   -0.2655714  -0.1221906 -5.148349e-04  -0.175254
FIRE:  6  stops.  6 hits of maxmove.  0 hits of dtmax.
Frms = 9.71326558727564e-06; Ftanrms = 9.71314808109722e-06
E =  0.00369 | E_L =  0.00362 | E_A =  0.00007 |   0 flippped triangles
E =  0.00361 | E_L =  0.00360 | E_A =  0.00001 |   0 flippped triangles
Optimising mapping with BFGS...
E =  0.00364 | E_L =  0.00364 | E_A =  0.00000 |   0 flippped triangles
E =  0.00323 | E_L =  0.00323 | E_A =  0.00000 |   0 flippped triangles
E =  0.00323 | E_L =  0.00323 | E_A =  0.00000 |   0 flippped triangles
Transforming image...
Mapping optimised. Error: 0.003225244 ; 0 flipped triangles.
Inferring coordinates of datapoints
Inferring coordinates of landmarks
Mapping optimised. Error: 0.003225244 ; 0 flipped triangles. OD displacement: 5.317432 degrees.
Computing Kernel Density estimates of datapoints

[1] 0.725
Saving adult_retina/data/CD-1/GMA550/R-CONTRA/r.mat
