[1] "Adding old segment 1"
[1] "Adding old segment 8"
[1] "Adding old segment 7"
[1] "Adding old segment 6"
[1] "Adding old segment 2"
[1] "Adding old segment 5"
[1] "Adding old segment 12"
[1] "Adding old segment 11"
[1] "Adding old segment 4"
[1] "Adding old segment 10"
[1] "Adding old segment 9"
[1] "Intersection found. Old points:"
    X     Y 
-1210 -3461 
    X     Y 
 -870 -3641 
    X     Y 
 -890 -3641 
    X     Y 
 -720 -3291 
[1] "Point i+1 has been changed:"
    X     Y 
-1210 -3461 
         X          Y 
 -885.9091 -3632.5775 
    X     Y 
 -890 -3641 
    X     Y 
 -720 -3291 
[1] "a= 0.131669687400163"
[1] "l= 379.738123384791"
[1] "New points:"
    X     Y 
-1210 -3461 
         X          Y 
 -885.9091 -3632.5775 
         X          Y 
 -741.8452 -3335.9754 
    X     Y 
 -720 -3291 
[1] "Intersection found. Old points:"
   X    Y 
3190 -891 
   X    Y 
2880 -781 
   X    Y 
2910 -781 
   X    Y 
2710 -821 
[1] "Point i+1 has been changed:"
   X    Y 
3190 -891 
        X         Y 
2890.8140 -784.8372 
   X    Y 
2910 -781 
   X    Y 
2710 -821 
[1] "a= 0.271157357265016"
[1] "l= 184.394775433412"
[1] "New points:"
   X    Y 
3190 -891 
        X         Y 
2890.8140 -784.8372 
        X         Y 
2759.0290 -811.1942 
   X    Y 
2710 -821 
[1] "Storing new segment 1"
[1] "Adding old segment 3"
[1] "Intersection found. Old points:"
   X    Y 
-540  939 
   X    Y 
-630  889 
   X    Y 
-630  889 
   X    Y 
-540  779 
[1] "Point i+1 has been changed:"
   X    Y 
-540  939 
   X    Y 
-630  889 
   X    Y 
-630  889 
   X    Y 
-540  779 
[1] "a= 0.351798772365146"
[1] "l= 142.126704035519"
[1] "New points:"
   X    Y 
-540  939 
   X    Y 
-630  889 
        X         Y 
-571.6619  817.6979 
   X    Y 
-540  779 
[1] "Storing new segment 2"
simplify.outline: Removing vertex 5
simplify.outline: Removing vertex 25
simplify.outline: Removing vertex 29
simplify.outline: Removing vertex 76
Triangulating...
[1] "Non-adjacent points in rim connected by line: 19 17"
[1] "In triangle: 41" "In triangle: 44"
[1] "Other points in triangles: 18 206"
[1] "Non-adjacent points in rim connected by line: 78 10"
[1] "In triangle: 52"  "In triangle: 115"
[1] "Other points in triangles: 83 9"
[1] "Non-adjacent points in rim connected by line: 80 37"
[1] "In triangle: 1"  "In triangle: 68"
[1] "Other points in triangles: 36 84"
Stitching...
Tear 1 child of rim
Tear 2 child of rim
Tear 3 child of rim
Tear 4 child of rim
Tear 1 : Sf = 2888.726112616 ; Sb = 2298.21592187886
  Forwards path
    i = 3 ; sf/Sf = 0.0825752250432335 ; sf = 238.537208837531
      k =    2 ; sb/Sb = 0 ; sb = 0
      k =    1 ; sb/Sb = 0.220198299183951 ; sb = 506.0632371552
      Creating new point: f = 0.375003918510066
    i = 4 ; sf/Sf = 0.155600573544084 ; sf = 449.487439934821
      k =    2 ; sb/Sb = 0 ; sb = 0
      k =    1 ; sb/Sb = 0.220198299183951 ; sb = 506.0632371552
      Creating new point: f = 0.706638398755737
    i = 5 ; sf/Sf = 0.207986107376218 ; sf = 600.814899439037
      k =    2 ; sb/Sb = 0 ; sb = 0
      k =    1 ; sb/Sb = 0.220198299183951 ; sb = 506.0632371552
      Creating new point: f = 0.944540026635125
    i = 120 ; sf/Sf = 0.344032674943219 ; sf = 993.816171701608
      k =    2 ; sb/Sb = 0 ; sb = 0
      k =    1 ; sb/Sb = 0.220198299183951 ; sb = 506.0632371552
      k =  314 ; sb/Sb = 0.375140170791986 ; sb = 862.153113450497
      Creating new point: f = 0.79923118569613
    i = 6 ; sf/Sf = 0.480079242510219 ; sf = 1386.81744396418
      k =    2 ; sb/Sb = 0 ; sb = 0
      k =    1 ; sb/Sb = 0.220198299183951 ; sb = 506.0632371552
      k =  314 ; sb/Sb = 0.375140170791986 ; sb = 862.153113450497
      k =   75 ; sb/Sb = 0.530082042400022 ; sb = 1218.24298974579
      Creating new point: f = 0.677280264070275
    i = 288 ; sf/Sf = 0.644292803129693 ; sf = 1861.1854445713
      k =    2 ; sb/Sb = 0 ; sb = 0
      k =    1 ; sb/Sb = 0.220198299183951 ; sb = 506.0632371552
      k =  314 ; sb/Sb = 0.375140170791986 ; sb = 862.153113450497
      k =   75 ; sb/Sb = 0.530082042400022 ; sb = 1218.24298974579
      k =  347 ; sb/Sb = 0.695899351651921 ; sb = 1599.32696999162
      Creating new point: f = 0.688774659563249
    i = 7 ; sf/Sf = 0.808506363749166 ; sf = 2335.55344517843
      k =    2 ; sb/Sb = 0 ; sb = 0
      k =    1 ; sb/Sb = 0.220198299183951 ; sb = 506.0632371552
      k =  314 ; sb/Sb = 0.375140170791986 ; sb = 862.153113450497
      k =   75 ; sb/Sb = 0.530082042400022 ; sb = 1218.24298974579
      k =  347 ; sb/Sb = 0.695899351651921 ; sb = 1599.32696999162
      k =   74 ; sb/Sb = 0.86171666090382 ; sb = 1980.41095023744
      Creating new point: f = 0.679102878977368
Tear 2 : Sf = 1875.02024249012 ; Sb = 1521.35769774446
  Forwards path
    i = 64 ; sf/Sf = 0.0624243922570948 ; sf = 117.046999107196
      k =   63 ; sb/Sb = 0 ; sb = 0
      k =   62 ; sb/Sb = 0.132280605851829 ; sb = 201.246117974981
      Creating new point: f = 0.471908877761098
    i = 65 ; sf/Sf = 0.22072478542988 ; sf = 413.863440700313
      k =   63 ; sb/Sb = 0 ; sb = 0
      k =   62 ; sb/Sb = 0.132280605851829 ; sb = 201.246117974981
      k =   61 ; sb/Sb = 0.165145986606223 ; sb = 251.246117974981
      k =   60 ; sb/Sb = 0.25348469592663 ; sb = 385.640893408393
      Creating new point: f = 0.629155658388337
    i = 66 ; sf/Sf = 0.372324966393012 ; sf = 698.116848771351
      k =   63 ; sb/Sb = 0 ; sb = 0
      k =   62 ; sb/Sb = 0.132280605851829 ; sb = 201.246117974981
      k =   61 ; sb/Sb = 0.165145986606223 ; sb = 251.246117974981
      k =   60 ; sb/Sb = 0.25348469592663 ; sb = 385.640893408393
      k =   59 ; sb/Sb = 0.462155618066883 ; sb = 703.104007101902
      Creating new point: f = 0.569510448544939
    i = 67 ; sf/Sf = 0.532412102304375 ; sf = 998.283469167424
      k =   63 ; sb/Sb = 0 ; sb = 0
      k =   62 ; sb/Sb = 0.132280605851829 ; sb = 201.246117974981
      k =   61 ; sb/Sb = 0.165145986606223 ; sb = 251.246117974981
      k =   60 ; sb/Sb = 0.25348469592663 ; sb = 385.640893408393
      k =   59 ; sb/Sb = 0.462155618066883 ; sb = 703.104007101902
      k =   58 ; sb/Sb = 0.908447643195061 ; sb = 1382.07381497262
      Creating new point: f = 0.157422674575718
    i = 68 ; sf/Sf = 0.816330779076234 ; sf = 1530.63673533567
      k =   63 ; sb/Sb = 0 ; sb = 0
      k =   62 ; sb/Sb = 0.132280605851829 ; sb = 201.246117974981
      k =   61 ; sb/Sb = 0.165145986606223 ; sb = 251.246117974981
      k =   60 ; sb/Sb = 0.25348469592663 ; sb = 385.640893408393
      k =   59 ; sb/Sb = 0.462155618066883 ; sb = 703.104007101902
      k =   58 ; sb/Sb = 0.908447643195061 ; sb = 1382.07381497262
      Creating new point: f = 0.793595092602494
Tear 3 : Sf = 1632.51975189479 ; Sb = 1581.91085470565
  Forwards path
    i = 49 ; sf/Sf = 0.216742321094983 ; sf = 353.836120259083
      k =   48 ; sb/Sb = 0 ; sb = 0
      k =   47 ; sb/Sb = 0.192986064632751 ; sb = 305.286750449475
      k =   46 ; sb/Sb = 0.365528582099648 ; sb = 578.233631728599
      Creating new point: f = 0.137683492805129
    i = 242 ; sf/Sf = 0.420317308026655 ; sf = 686.17630741676
      k =   48 ; sb/Sb = 0 ; sb = 0
      k =   47 ; sb/Sb = 0.192986064632751 ; sb = 305.286750449475
      k =   46 ; sb/Sb = 0.365528582099648 ; sb = 578.233631728599
      k =   91 ; sb/Sb = 0.562739157441568 ; sb = 890.203181524729
      Creating new point: f = 0.27781839707133
    i = 50 ; sf/Sf = 0.623892294958327 ; sf = 1018.51649457444
      k =   48 ; sb/Sb = 0 ; sb = 0
      k =   47 ; sb/Sb = 0.192986064632751 ; sb = 305.286750449475
      k =   46 ; sb/Sb = 0.365528582099648 ; sb = 578.233631728599
      k =   91 ; sb/Sb = 0.562739157441568 ; sb = 890.203181524729
      k =   45 ; sb/Sb = 0.759949732783488 ; sb = 1202.17273132086
      Creating new point: f = 0.310090558839111
    i = 166 ; sf/Sf = 0.811946147479163 ; sf = 1325.51812323461
      k =   48 ; sb/Sb = 0 ; sb = 0
      k =   47 ; sb/Sb = 0.192986064632751 ; sb = 305.286750449475
      k =   46 ; sb/Sb = 0.365528582099648 ; sb = 578.233631728599
      k =   91 ; sb/Sb = 0.562739157441568 ; sb = 890.203181524729
      k =   45 ; sb/Sb = 0.759949732783488 ; sb = 1202.17273132086
      k =   44 ; sb/Sb = 0.791557076428212 ; sb = 1252.17273132086
      k =   43 ; sb/Sb = 1 ; sb = 1581.91085470565
      Creating new point: f = 0.0978160865409729
Tear 4 : Sf = 3718.85828751157 ; Sb = 3905.40383894972
  Forwards path
    i = 28 ; sf/Sf = 0.0915839488862128 ; sf = 340.587727318528
      k =   27 ; sb/Sb = 0 ; sb = 0
      k =   26 ; sb/Sb = 0.0332872105833134 ; sb = 130
      k =   25 ; sb/Sb = 0.0713525921939293 ; sb = 278.660687473185
      k =   24 ; sb/Sb = 0.145785057839569 ; sb = 569.349524548158
      Creating new point: f = 0.271808229336398
    i = 29 ; sf/Sf = 0.178176343343268 ; sf = 662.61257108062
      k =   27 ; sb/Sb = 0 ; sb = 0
      k =   26 ; sb/Sb = 0.0332872105833134 ; sb = 130
      k =   25 ; sb/Sb = 0.0713525921939293 ; sb = 278.660687473185
      k =   24 ; sb/Sb = 0.145785057839569 ; sb = 569.349524548158
      k =   23 ; sb/Sb = 0.333318375044732 ; sb = 1301.74286149218
      Creating new point: f = 0.17272283126237
    i = 417 ; sf/Sf = 0.300931353920991 ; sf = 1119.12105950115
      k =   27 ; sb/Sb = 0 ; sb = 0
      k =   26 ; sb/Sb = 0.0332872105833134 ; sb = 130
      k =   25 ; sb/Sb = 0.0713525921939293 ; sb = 278.660687473185
      k =   24 ; sb/Sb = 0.145785057839569 ; sb = 569.349524548158
      k =   23 ; sb/Sb = 0.333318375044732 ; sb = 1301.74286149218
      Creating new point: f = 0.82729990805682
    i = 30 ; sf/Sf = 0.423686364498713 ; sf = 1575.62954792169
      k =   27 ; sb/Sb = 0 ; sb = 0
      k =   26 ; sb/Sb = 0.0332872105833134 ; sb = 130
      k =   25 ; sb/Sb = 0.0713525921939293 ; sb = 278.660687473185
      k =   24 ; sb/Sb = 0.145785057839569 ; sb = 569.349524548158
      k =   23 ; sb/Sb = 0.333318375044732 ; sb = 1301.74286149218
      k =   22 ; sb/Sb = 0.447743944808669 ; sb = 1748.62092092227
      Creating new point: f = 0.789753458430776
    i = 140 ; sf/Sf = 0.516855368530123 ; sf = 1922.11187070309
      k =   27 ; sb/Sb = 0 ; sb = 0
      k =   26 ; sb/Sb = 0.0332872105833134 ; sb = 130
      k =   25 ; sb/Sb = 0.0713525921939293 ; sb = 278.660687473185
      k =   24 ; sb/Sb = 0.145785057839569 ; sb = 569.349524548158
      k =   23 ; sb/Sb = 0.333318375044732 ; sb = 1301.74286149218
      k =   22 ; sb/Sb = 0.447743944808669 ; sb = 1748.62092092227
      k =  437 ; sb/Sb = 0.543764744568227 ; sb = 2123.62092092227
      Creating new point: f = 0.719754718712131
    i = 31 ; sf/Sf = 0.610024372561534 ; sf = 2268.5941934845
      k =   27 ; sb/Sb = 0 ; sb = 0
      k =   26 ; sb/Sb = 0.0332872105833134 ; sb = 130
      k =   25 ; sb/Sb = 0.0713525921939293 ; sb = 278.660687473185
      k =   24 ; sb/Sb = 0.145785057839569 ; sb = 569.349524548158
      k =   23 ; sb/Sb = 0.333318375044732 ; sb = 1301.74286149218
      k =   22 ; sb/Sb = 0.447743944808669 ; sb = 1748.62092092227
      k =  437 ; sb/Sb = 0.543764744568227 ; sb = 2123.62092092227
      k =   21 ; sb/Sb = 0.639785544327785 ; sb = 2498.62092092227
      Creating new point: f = 0.690054948086507
    i = 32 ; sf/Sf = 0.686460038052095 ; sf = 2552.84760155554
      k =   27 ; sb/Sb = 0 ; sb = 0
      k =   26 ; sb/Sb = 0.0332872105833134 ; sb = 130
      k =   25 ; sb/Sb = 0.0713525921939293 ; sb = 278.660687473185
      k =   24 ; sb/Sb = 0.145785057839569 ; sb = 569.349524548158
      k =   23 ; sb/Sb = 0.333318375044732 ; sb = 1301.74286149218
      k =   22 ; sb/Sb = 0.447743944808669 ; sb = 1748.62092092227
      k =  437 ; sb/Sb = 0.543764744568227 ; sb = 2123.62092092227
      k =   21 ; sb/Sb = 0.639785544327785 ; sb = 2498.62092092227
      k =   20 ; sb/Sb = 0.804020725856535 ; sb = 3140.02562935525
      Creating new point: f = 0.284193029105278
    i = 33 ; sf/Sf = 0.808772474142832 ; sf = 3007.71021817731
      k =   27 ; sb/Sb = 0 ; sb = 0
      k =   26 ; sb/Sb = 0.0332872105833134 ; sb = 130
      k =   25 ; sb/Sb = 0.0713525921939293 ; sb = 278.660687473185
      k =   24 ; sb/Sb = 0.145785057839569 ; sb = 569.349524548158
      k =   23 ; sb/Sb = 0.333318375044732 ; sb = 1301.74286149218
      k =   22 ; sb/Sb = 0.447743944808669 ; sb = 1748.62092092227
      k =  437 ; sb/Sb = 0.543764744568227 ; sb = 2123.62092092227
      k =   21 ; sb/Sb = 0.639785544327785 ; sb = 2498.62092092227
      k =   20 ; sb/Sb = 0.804020725856535 ; sb = 3140.02562935525
      k =   19 ; sb/Sb = 0.928121805444874 ; sb = 3624.69046199736
      Creating new point: f = 0.0382893388362146
    i = 34 ; sf/Sf = 0.945884972640449 ; sf = 3517.61216953659
      k =   27 ; sb/Sb = 0 ; sb = 0
      k =   26 ; sb/Sb = 0.0332872105833134 ; sb = 130
      k =   25 ; sb/Sb = 0.0713525921939293 ; sb = 278.660687473185
      k =   24 ; sb/Sb = 0.145785057839569 ; sb = 569.349524548158
      k =   23 ; sb/Sb = 0.333318375044732 ; sb = 1301.74286149218
      k =   22 ; sb/Sb = 0.447743944808669 ; sb = 1748.62092092227
      k =  437 ; sb/Sb = 0.543764744568227 ; sb = 2123.62092092227
      k =   21 ; sb/Sb = 0.639785544327785 ; sb = 2498.62092092227
      k =   20 ; sb/Sb = 0.804020725856535 ; sb = 3140.02562935525
      k =   19 ; sb/Sb = 0.928121805444874 ; sb = 3624.69046199736
      k =   18 ; sb/Sb = 1 ; sb = 3905.40383894972
      Creating new point: f = 0.24712873362382
Tear 1 : Sf = 2298.21592187886 ; Sb = 2888.726112616
  Backwards path
    i = 1 ; sf/Sf = 0.220198299183951 ; sf = 506.0632371552
      k =    2 ; sb/Sb = 0 ; sb = 0
      k =    3 ; sb/Sb = 0.0825752250432335 ; sb = 238.537208837531
      k =    4 ; sb/Sb = 0.155600573544084 ; sb = 449.487439934821
      k =    5 ; sb/Sb = 0.207986107376218 ; sb = 600.814899439037
      k =  120 ; sb/Sb = 0.344032674943219 ; sb = 993.816171701608
      Creating new point: f = 0.0897647917630728
    i = 314 ; sf/Sf = 0.375140170791986 ; sf = 862.153113450497
      k =    2 ; sb/Sb = 0 ; sb = 0
      k =    3 ; sb/Sb = 0.0825752250432335 ; sb = 238.537208837531
      k =    4 ; sb/Sb = 0.155600573544084 ; sb = 449.487439934821
      k =    5 ; sb/Sb = 0.207986107376218 ; sb = 600.814899439037
      k =  120 ; sb/Sb = 0.344032674943219 ; sb = 993.816171701608
      k =    6 ; sb/Sb = 0.480079242510219 ; sb = 1386.81744396418
      Creating new point: f = 0.228653294273284
    i = 75 ; sf/Sf = 0.530082042400022 ; sf = 1218.24298974579
      k =    2 ; sb/Sb = 0 ; sb = 0
      k =    3 ; sb/Sb = 0.0825752250432335 ; sb = 238.537208837531
      k =    4 ; sb/Sb = 0.155600573544084 ; sb = 449.487439934821
      k =    5 ; sb/Sb = 0.207986107376218 ; sb = 600.814899439037
      k =  120 ; sb/Sb = 0.344032674943219 ; sb = 993.816171701608
      k =    6 ; sb/Sb = 0.480079242510219 ; sb = 1386.81744396418
      k =  288 ; sb/Sb = 0.644292803129693 ; sb = 1861.1854445713
      Creating new point: f = 0.304498603532947
    i = 347 ; sf/Sf = 0.695899351651921 ; sf = 1599.32696999162
      k =    2 ; sb/Sb = 0 ; sb = 0
      k =    3 ; sb/Sb = 0.0825752250432335 ; sb = 238.537208837531
      k =    4 ; sb/Sb = 0.155600573544084 ; sb = 449.487439934821
      k =    5 ; sb/Sb = 0.207986107376218 ; sb = 600.814899439037
      k =  120 ; sb/Sb = 0.344032674943219 ; sb = 993.816171701608
      k =    6 ; sb/Sb = 0.480079242510219 ; sb = 1386.81744396418
      k =  288 ; sb/Sb = 0.644292803129693 ; sb = 1861.1854445713
      k =    7 ; sb/Sb = 0.808506363749166 ; sb = 2335.55344517843
      Creating new point: f = 0.314264841025001
    i = 74 ; sf/Sf = 0.86171666090382 ; sf = 1980.41095023744
      k =    2 ; sb/Sb = 0 ; sb = 0
      k =    3 ; sb/Sb = 0.0825752250432335 ; sb = 238.537208837531
      k =    4 ; sb/Sb = 0.155600573544084 ; sb = 449.487439934821
      k =    5 ; sb/Sb = 0.207986107376218 ; sb = 600.814899439037
      k =  120 ; sb/Sb = 0.344032674943219 ; sb = 993.816171701608
      k =    6 ; sb/Sb = 0.480079242510219 ; sb = 1386.81744396418
      k =  288 ; sb/Sb = 0.644292803129693 ; sb = 1861.1854445713
      k =    7 ; sb/Sb = 0.808506363749166 ; sb = 2335.55344517843
      k =    8 ; sb/Sb = 1 ; sb = 2888.726112616
      Creating new point: f = 0.277869793463813
Tear 2 : Sf = 1521.35769774446 ; Sb = 1875.02024249012
  Backwards path
    i = 62 ; sf/Sf = 0.132280605851829 ; sf = 201.246117974981
      k =   63 ; sb/Sb = 0 ; sb = 0
      k =   64 ; sb/Sb = 0.0624243922570948 ; sb = 117.046999107196
      k =   65 ; sb/Sb = 0.22072478542988 ; sb = 413.863440700313
      Creating new point: f = 0.441288945621798
    i = 61 ; sf/Sf = 0.165145986606223 ; sf = 251.246117974981
      k =   63 ; sb/Sb = 0 ; sb = 0
      k =   64 ; sb/Sb = 0.0624243922570948 ; sb = 117.046999107196
      k =   65 ; sb/Sb = 0.22072478542988 ; sb = 413.863440700313
      Creating new point: f = 0.648902964107029
    i = 60 ; sf/Sf = 0.25348469592663 ; sf = 385.640893408393
      k =   63 ; sb/Sb = 0 ; sb = 0
      k =   64 ; sb/Sb = 0.0624243922570948 ; sb = 117.046999107196
      k =   65 ; sb/Sb = 0.22072478542988 ; sb = 413.863440700313
      k =   66 ; sb/Sb = 0.372324966393011 ; sb = 698.116848771351
      Creating new point: f = 0.216094138467535
    i = 59 ; sf/Sf = 0.462155618066883 ; sf = 703.104007101902
      k =   63 ; sb/Sb = 0 ; sb = 0
      k =   64 ; sb/Sb = 0.0624243922570948 ; sb = 117.046999107196
      k =   65 ; sb/Sb = 0.22072478542988 ; sb = 413.863440700313
      k =   66 ; sb/Sb = 0.372324966393012 ; sb = 698.116848771351
      k =   67 ; sb/Sb = 0.532412102304375 ; sb = 998.283469167424
      Creating new point: f = 0.561135978618601
    i = 58 ; sf/Sf = 0.908447643195061 ; sf = 1382.07381497262
      k =   63 ; sb/Sb = 0 ; sb = 0
      k =   64 ; sb/Sb = 0.0624243922570948 ; sb = 117.046999107196
      k =   65 ; sb/Sb = 0.22072478542988 ; sb = 413.863440700313
      k =   66 ; sb/Sb = 0.372324966393012 ; sb = 698.116848771351
      k =   67 ; sb/Sb = 0.532412102304375 ; sb = 998.283469167424
      k =   68 ; sb/Sb = 0.816330779076234 ; sb = 1530.63673533567
      k =   69 ; sb/Sb = 1 ; sb = 1875.02024249012
      Creating new point: f = 0.501536749900307
Tear 3 : Sf = 1581.91085470565 ; Sb = 1632.51975189479
  Backwards path
    i = 47 ; sf/Sf = 0.192986064632751 ; sf = 305.286750449475
      k =   48 ; sb/Sb = 0 ; sb = 0
      k =   49 ; sb/Sb = 0.216742321094983 ; sb = 353.836120259083
      Creating new point: f = 0.890394010997872
    i = 46 ; sf/Sf = 0.365528582099648 ; sf = 578.233631728599
      k =   48 ; sb/Sb = 0 ; sb = 0
      k =   49 ; sb/Sb = 0.216742321094983 ; sb = 353.836120259083
      k =  242 ; sb/Sb = 0.420317308026655 ; sb = 686.17630741676
      Creating new point: f = 0.730867103307753
    i = 91 ; sf/Sf = 0.562739157441568 ; sf = 890.203181524729
      k =   48 ; sb/Sb = 0 ; sb = 0
      k =   49 ; sb/Sb = 0.216742321094983 ; sb = 353.836120259083
      k =  242 ; sb/Sb = 0.420317308026655 ; sb = 686.17630741676
      k =   50 ; sb/Sb = 0.623892294958327 ; sb = 1018.51649457444
      Creating new point: f = 0.699603873548157
    i = 45 ; sf/Sf = 0.759949732783488 ; sf = 1202.17273132086
      k =   48 ; sb/Sb = 0 ; sb = 0
      k =   49 ; sb/Sb = 0.216742321094983 ; sb = 353.836120259083
      k =  242 ; sb/Sb = 0.420317308026655 ; sb = 686.17630741676
      k =   50 ; sb/Sb = 0.623892294958327 ; sb = 1018.51649457444
      k =  166 ; sb/Sb = 0.811946147479163 ; sb = 1325.51812323461
      Creating new point: f = 0.723502528671068
    i = 44 ; sf/Sf = 0.791557076428212 ; sf = 1252.17273132086
      k =   48 ; sb/Sb = 0 ; sb = 0
      k =   49 ; sb/Sb = 0.216742321094983 ; sb = 353.836120259083
      k =  242 ; sb/Sb = 0.420317308026655 ; sb = 686.17630741676
      k =   50 ; sb/Sb = 0.623892294958327 ; sb = 1018.51649457444
      k =  166 ; sb/Sb = 0.811946147479163 ; sb = 1325.51812323461
      Creating new point: f = 0.891578551688048
Tear 4 : Sf = 3905.40383894972 ; Sb = 3718.85828751157
  Backwards path
    i = 26 ; sf/Sf = 0.0332872105833134 ; sf = 130
      k =   27 ; sb/Sb = 0 ; sb = 0
      k =   28 ; sb/Sb = 0.0915839488862128 ; sb = 340.587727318528
      Creating new point: f = 0.363461184936136
    i = 25 ; sf/Sf = 0.0713525921939293 ; sf = 278.660687473185
      k =   27 ; sb/Sb = 0 ; sb = 0
      k =   28 ; sb/Sb = 0.0915839488862128 ; sb = 340.587727318528
      Creating new point: f = 0.779094951262479
    i = 24 ; sf/Sf = 0.145785057839569 ; sf = 569.349524548158
      k =   27 ; sb/Sb = 0 ; sb = 0
      k =   28 ; sb/Sb = 0.0915839488862128 ; sb = 340.587727318528
      k =   29 ; sb/Sb = 0.178176343343268 ; sb = 662.61257108062
      Creating new point: f = 0.62593382817513
    i = 23 ; sf/Sf = 0.333318375044732 ; sf = 1301.74286149218
      k =   27 ; sb/Sb = 0 ; sb = 0
      k =   28 ; sb/Sb = 0.0915839488862128 ; sb = 340.587727318528
      k =   29 ; sb/Sb = 0.178176343343268 ; sb = 662.61257108062
      k =  417 ; sb/Sb = 0.300931353920991 ; sb = 1119.12105950115
      k =   30 ; sb/Sb = 0.423686364498713 ; sb = 1575.62954792169
      Creating new point: f = 0.263834616373851
    i = 22 ; sf/Sf = 0.447743944808669 ; sf = 1748.62092092227
      k =   27 ; sb/Sb = 0 ; sb = 0
      k =   28 ; sb/Sb = 0.0915839488862128 ; sb = 340.587727318528
      k =   29 ; sb/Sb = 0.178176343343268 ; sb = 662.61257108062
      k =  417 ; sb/Sb = 0.300931353920991 ; sb = 1119.12105950115
      k =   30 ; sb/Sb = 0.423686364498713 ; sb = 1575.62954792169
      k =  140 ; sb/Sb = 0.516855368530123 ; sb = 1922.11187070309
      Creating new point: f = 0.25821441969955
    i = 437 ; sf/Sf = 0.543764744568227 ; sf = 2123.62092092227
      k =   27 ; sb/Sb = 0 ; sb = 0
      k =   28 ; sb/Sb = 0.0915839488862128 ; sb = 340.587727318528
      k =   29 ; sb/Sb = 0.178176343343268 ; sb = 662.61257108062
      k =  417 ; sb/Sb = 0.300931353920991 ; sb = 1119.12105950115
      k =   30 ; sb/Sb = 0.423686364498713 ; sb = 1575.62954792169
      k =  140 ; sb/Sb = 0.516855368530123 ; sb = 1922.11187070309
      k =   31 ; sb/Sb = 0.610024372561534 ; sb = 2268.5941934845
      Creating new point: f = 0.288823266040619
    i = 21 ; sf/Sf = 0.639785544327785 ; sf = 2498.62092092227
      k =   27 ; sb/Sb = 0 ; sb = 0
      k =   28 ; sb/Sb = 0.0915839488862128 ; sb = 340.587727318528
      k =   29 ; sb/Sb = 0.178176343343268 ; sb = 662.61257108062
      k =  417 ; sb/Sb = 0.300931353920991 ; sb = 1119.12105950115
      k =   30 ; sb/Sb = 0.423686364498713 ; sb = 1575.62954792169
      k =  140 ; sb/Sb = 0.516855368530123 ; sb = 1922.11187070309
      k =   31 ; sb/Sb = 0.610024372561534 ; sb = 2268.5941934845
      k =   32 ; sb/Sb = 0.686460038052096 ; sb = 2552.84760155554
      Creating new point: f = 0.389362368669716
    i = 20 ; sf/Sf = 0.804020725856535 ; sf = 3140.02562935525
      k =   27 ; sb/Sb = 0 ; sb = 0
      k =   28 ; sb/Sb = 0.0915839488862128 ; sb = 340.587727318528
      k =   29 ; sb/Sb = 0.178176343343268 ; sb = 662.61257108062
      k =  417 ; sb/Sb = 0.300931353920991 ; sb = 1119.12105950115
      k =   30 ; sb/Sb = 0.423686364498713 ; sb = 1575.62954792169
      k =  140 ; sb/Sb = 0.516855368530123 ; sb = 1922.11187070309
      k =   31 ; sb/Sb = 0.610024372561534 ; sb = 2268.5941934845
      k =   32 ; sb/Sb = 0.686460038052096 ; sb = 2552.84760155554
      k =   33 ; sb/Sb = 0.808772474142832 ; sb = 3007.71021817731
      Creating new point: f = 0.961150734641791
    i = 19 ; sf/Sf = 0.928121805444874 ; sf = 3624.69046199736
      k =   27 ; sb/Sb = 0 ; sb = 0
      k =   28 ; sb/Sb = 0.0915839488862128 ; sb = 340.587727318528
      k =   29 ; sb/Sb = 0.178176343343268 ; sb = 662.61257108062
      k =  417 ; sb/Sb = 0.300931353920991 ; sb = 1119.12105950115
      k =   30 ; sb/Sb = 0.423686364498713 ; sb = 1575.62954792169
      k =  140 ; sb/Sb = 0.516855368530123 ; sb = 1922.11187070309
      k =   31 ; sb/Sb = 0.610024372561534 ; sb = 2268.5941934845
      k =   32 ; sb/Sb = 0.686460038052096 ; sb = 2552.84760155554
      k =   33 ; sb/Sb = 0.808772474142832 ; sb = 3007.71021817731
      k =   34 ; sb/Sb = 0.945884972640449 ; sb = 3517.61216953659
      Creating new point: f = 0.870448227621761
Triangulating...
[1] "Non-adjacent points in rim connected by line: 78 10"
[1] "In triangle: 458" "In triangle: 460"
[1] "Other points in triangles: 9 444"
[1] "Non-adjacent points in rim connected by line: 480 70"
[1] "In triangle: 692" "In triangle: 698"
[1] "Other points in triangles: 193 69"
Merging points...
Projecting to sphere...
Optimising mapping with FIRE...
E =  0.00262 | E_L =  0.00262 | E_A =  0.00000 |   0 flippped triangles
E =  0.00244 | E_L =  0.00244 | E_A =  0.00000 |  19 flippped triangles
        phi0    phi0.1    phi0.2    phi0.3    phi0.4    phi0.5    phi0.6
id    2.0000    160.00    261.00    262.00   264.000    354.00  456.0000
A   735.8618  32712.46  15358.15  22257.88  4551.258  14102.88  614.1277
a  -131.5682 -26847.19 -12606.54 -17696.11 -5467.429 -11929.87 -488.8421
      phi0.7    phi0.8    phi0.9   phi0.10   phi0.11   phi0.12  phi0.13
id  458.0000    468.00    613.00  781.0000   797.000   800.000   806.00
A   438.4767  15376.34  13118.06  813.2175  8496.737  1676.273 17065.27
a  -383.4557 -14754.42 -15227.10 -659.2266 -6833.310 -1120.571  -879.15
     phi0.14   phi0.15   phi0.16   phi0.17   phi0.18
id    885.00    886.00   897.000   907.000  911.0000
A   38677.99  14290.41 10936.073  6884.250 1262.4969
a  -21693.55 -12688.28 -8463.027 -6651.598 -236.2965
E =  0.00239 | E_L =  0.00239 | E_A =  0.00000 |  18 flippped triangles
        phi0    phi0.1    phi0.2    phi0.3    phi0.4    phi0.5    phi0.6
id    2.0000    160.00    261.00    262.00   264.000    354.00  456.0000
A   735.8618  32712.46  15358.15  22257.88  4551.258  14102.88  614.1277
a  -288.5720 -27806.13 -12528.44 -17471.00 -5381.551 -11181.92 -497.2303
      phi0.7    phi0.8    phi0.9   phi0.10   phi0.11   phi0.12   phi0.13
id  458.0000    468.00    613.00  781.0000   797.000   800.000    885.00
A   438.4767  15376.34  13118.06  813.2175  8496.737  1676.273  38677.99
a  -363.9624 -13920.73 -15697.19 -665.7154 -6762.961 -1164.364 -21401.84
     phi0.14   phi0.15   phi0.16   phi0.17
id    886.00   897.000   907.000  911.0000
A   14290.41 10936.073  6884.250 1262.4969
a  -12397.16 -8626.905 -6725.323 -187.1137
E =  0.00237 | E_L =  0.00237 | E_A =  0.00000 |  18 flippped triangles
        phi0    phi0.1    phi0.2    phi0.3    phi0.4    phi0.5    phi0.6
id    2.0000    160.00    261.00    262.00   264.000    354.00  456.0000
A   735.8618  32712.46  15358.15  22257.88  4551.258  14102.88  614.1277
a  -333.4637 -27703.20 -12055.84 -16820.76 -5417.804 -11410.14 -493.5444
      phi0.7    phi0.8    phi0.9   phi0.10   phi0.11   phi0.12   phi0.13
id  458.0000    468.00    613.00  781.0000   797.000   800.000    885.00
A   438.4767  15376.34  13118.06  813.2175  8496.737  1676.273  38677.99
a  -369.7076 -14299.71 -15679.69 -665.7967 -6748.874 -1144.537 -21311.37
     phi0.14   phi0.15   phi0.16   phi0.17
id    886.00   897.000   907.000  911.0000
A   14290.41 10936.073  6884.250 1262.4969
a  -12461.31 -8421.308 -6668.253 -158.0487
E =  0.00236 | E_L =  0.00236 | E_A =  0.00000 |  18 flippped triangles
        phi0    phi0.1    phi0.2    phi0.3    phi0.4    phi0.5    phi0.6
id    2.0000    160.00    261.00    262.00   264.000    354.00  456.0000
A   735.8618  32712.46  15358.15  22257.88  4551.258  14102.88  614.1277
a  -397.4047 -27875.75 -12348.00 -17204.22 -5413.677 -11228.01 -502.7418
      phi0.7    phi0.8    phi0.9   phi0.10   phi0.11   phi0.12   phi0.13
id  458.0000    468.00    613.00  781.0000   797.000   800.000    885.00
A   438.4767  15376.34  13118.06  813.2175  8496.737  1676.273  38677.99
a  -360.9347 -14022.77 -15815.66 -663.3830 -6722.444 -1136.657 -21248.52
     phi0.14   phi0.15   phi0.16   phi0.17
id    886.00   897.000   907.000  911.0000
A   14290.41 10936.073  6884.250 1262.4969
a  -12379.17 -8430.558 -6664.591 -147.8845
E =  0.00235 | E_L =  0.00235 | E_A =  0.00000 |  18 flippped triangles
        phi0    phi0.1    phi0.2    phi0.3    phi0.4    phi0.5    phi0.6
id    2.0000    160.00    261.00    262.00   264.000    354.00  456.0000
A   735.8618  32712.46  15358.15  22257.88  4551.258  14102.88  614.1277
a  -411.7791 -27804.17 -12146.66 -16933.40 -5421.832 -11305.29 -501.2271
      phi0.7    phi0.8    phi0.9   phi0.10   phi0.11   phi0.12   phi0.13
id  458.0000    468.00    613.00  781.0000   797.000   800.000    885.00
A   438.4767  15376.34  13118.06  813.2175  8496.737  1676.273  38677.99
a  -360.5355 -14189.41 -15762.68 -665.0361 -6717.109 -1126.612 -21239.27
     phi0.14   phi0.15   phi0.16   phi0.17
id    886.00   897.000   907.000  911.0000
A   14290.41 10936.073  6884.250 1262.4969
a  -12437.76 -8308.405 -6659.013 -145.1885
E =  0.00235 | E_L =  0.00235 | E_A =  0.00000 |  18 flippped triangles
        phi0    phi0.1    phi0.2    phi0.3    phi0.4    phi0.5    phi0.6
id    2.0000    160.00    261.00    262.00   264.000    354.00  456.0000
A   735.8618  32712.46  15358.15  22257.88  4551.258  14102.88  614.1277
a  -445.4391 -27871.25 -12271.25 -17088.78 -5425.489 -11235.41 -504.0943
      phi0.7    phi0.8    phi0.9   phi0.10   phi0.11   phi0.12   phi0.13
id  458.0000    468.00    613.00  781.0000   797.000   800.000    885.00
A   438.4767  15376.34  13118.06  813.2175  8496.737  1676.273  38677.99
a  -358.2754 -14061.52 -15828.00 -663.1455 -6723.195 -1127.468 -21197.82
     phi0.14   phi0.15   phi0.16   phi0.17
id    886.00   897.000   907.000  911.0000
A   14290.41 10936.073  6884.250 1262.4969
a  -12395.59 -8405.129 -6659.304 -135.5676
FIRE:  4  stops.  0 hits of maxmove.  0 hits of dtmax.
Frms = 3.52966501027486e-06; Ftanrms = 3.52903114140704e-06
E =  0.00377 | E_L =  0.00377 | E_A =  0.00000 |   0 flippped triangles
E =  0.00254 | E_L =  0.00254 | E_A =  0.00000 |   0 flippped triangles
E =  0.00254 | E_L =  0.00254 | E_A =  0.00000 |   0 flippped triangles
Optimising mapping with BFGS...
E =  0.00253 | E_L =  0.00253 | E_A =  0.00000 |   0 flippped triangles
E =  0.00253 | E_L =  0.00253 | E_A =  0.00000 |   0 flippped triangles
Transforming image...
Mapping optimised. Error: 0.002532989 ; 0 flipped triangles.
Inferring coordinates of datapoints
Inferring coordinates of landmarks
Mapping optimised. Error: 0.002532989 ; 0 flipped triangles. OD displacement: 8.23483 degrees.
Computing Kernel Density estimates of datapoints

[1] 0.8
Saving adult_retina/data/C57BL6J/GM122/R-CONTRA/r.mat
