[1] "Adding old segment 1"
[1] "Intersection found. Old points:"
   X    Y 
-750 2309 
   X    Y 
-660 2249 
   X    Y 
-660 2249 
   X    Y 
-530 2289 
[1] "Point i+1 has been changed:"
   X    Y 
-750 2309 
   X    Y 
-660 2249 
   X    Y 
-660 2249 
   X    Y 
-530 2289 
[1] "a= 0.367607311046904"
[1] "l= 136.014705087354"
[1] "New points:"
   X    Y 
-750 2309 
   X    Y 
-660 2249 
       X        Y 
-577.789 2274.296 
   X    Y 
-530 2289 
[1] "Storing new segment 1"
[1] "Adding old segment 2"
[1] "Adding old segment 3"
[1] "Adding old segment 4"
[1] "Adding old segment 5"
[1] "Intersection found. Old points:"
   X    Y 
-950 -911 
    X     Y 
-1040 -1331 
    X     Y 
-1040 -1311 
    X     Y 
-1020 -2061 
[1] "Point i+1 has been changed:"
   X    Y 
-950 -911 
        X         Y 
-1039.526 -1328.787 
    X     Y 
-1040 -1311 
    X     Y 
-1020 -2061 
[1] "a= 0.0682618333042717"
[1] "l= 732.473735024505"
[1] "New points:"
   X    Y 
-950 -911 
        X         Y 
-1039.526 -1328.787 
        X         Y 
-1021.333 -2011.018 
    X     Y 
-1020 -2061 
[1] "Intersection found. Old points:"
   X    Y 
-680 1849 
   X    Y 
-730 1939 
   X    Y 
-730 1939 
   X    Y 
-440 2289 
[1] "Point i+1 has been changed:"
   X    Y 
-680 1849 
   X    Y 
-730 1939 
   X    Y 
-730 1939 
   X    Y 
-440 2289 
[1] "a= 0.110003080129366"
[1] "l= 454.53272709454"
[1] "New points:"
   X    Y 
-680 1849 
   X    Y 
-730 1939 
        X         Y 
-471.9009 2250.4989 
   X    Y 
-440 2289 
[1] "Storing new segment 2"
simplify.outline: Removing vertex 14
Triangulating...
[1] "Non-adjacent points in rim connected by line: 42 20"
[1] "In triangle: 41" "In triangle: 60"
[1] "Other points in triangles: 46 43"
[1] "Non-adjacent points in rim connected by line: 43 20"
[1] "In triangle: 18"  "In triangle: 802"
[1] "Other points in triangles: 44 456"
[1] "Non-adjacent points in rim connected by line: 44 43"
[1] "In triangle: 18" "In triangle: 59"
[1] "Other points in triangles: 457 45"
[1] "Non-adjacent points in rim connected by line: 45 44"
[1] "In triangle: 53" "In triangle: 59"
[1] "Other points in triangles: 19 458"
[1] "Non-adjacent points in rim connected by line: 51 27"
[1] "In triangle: 7"  "In triangle: 12"
[1] "Other points in triangles: 58 28"
[1] "Non-adjacent points in rim connected by line: 56 13"
[1] "In triangle: 20"  "In triangle: 110"
[1] "Other points in triangles: 14 85"
Stitching...
Tear 1 child of rim
Tear 2 child of rim
Tear 3 child of rim
Tear 4 child of rim
Tear 1 : Sf = 2303.0650132743 ; Sb = 2517.02977677357
  Forwards path
    i = 87 ; sf/Sf = 0.276751822256606 ; sf = 637.377439199098
      k =   11 ; sb/Sb = 0 ; sb = 0
      k =  263 ; sb/Sb = 0.138487621203046 ; sb = 348.577466282604
      k =  164 ; sb/Sb = 0.276975242406091 ; sb = 697.154932565208
      Creating new point: f = 0.998386713934831
    i = 101 ; sf/Sf = 0.415127733384909 ; sf = 956.066158798647
      k =   11 ; sb/Sb = 0 ; sb = 0
      k =  263 ; sb/Sb = 0.138487621203046 ; sb = 348.577466282604
      k =  164 ; sb/Sb = 0.276975242406091 ; sb = 697.154932565208
      k =  358 ; sb/Sb = 0.415462863609137 ; sb = 1045.73239884781
      Creating new point: f = 0.997580070902247
    i = 12 ; sf/Sf = 0.553503644513212 ; sf = 1274.7548783982
      k =   11 ; sb/Sb = 0 ; sb = 0
      k =  263 ; sb/Sb = 0.138487621203046 ; sb = 348.577466282604
      k =  164 ; sb/Sb = 0.276975242406091 ; sb = 697.154932565208
      k =  358 ; sb/Sb = 0.415462863609137 ; sb = 1045.73239884781
      k =   10 ; sb/Sb = 0.553950484812183 ; sb = 1394.30986513042
      Creating new point: f = 0.996773427869663
    i = 98 ; sf/Sf = 0.653588604277106 ; sf = 1505.25704758539
      k =   11 ; sb/Sb = 0 ; sb = 0
      k =  263 ; sb/Sb = 0.138487621203046 ; sb = 348.577466282604
      k =  164 ; sb/Sb = 0.276975242406091 ; sb = 697.154932565208
      k =  358 ; sb/Sb = 0.415462863609137 ; sb = 1045.73239884781
      k =   10 ; sb/Sb = 0.553950484812183 ; sb = 1394.30986513042
      k =  440 ; sb/Sb = 0.776975242406091 ; sb = 1955.66982095199
      Creating new point: f = 0.446758111251254
    i = 69 ; sf/Sf = 0.753673564041 ; sf = 1735.75921677258
      k =   11 ; sb/Sb = 0 ; sb = 0
      k =  263 ; sb/Sb = 0.138487621203046 ; sb = 348.577466282604
      k =  164 ; sb/Sb = 0.276975242406091 ; sb = 697.154932565208
      k =  358 ; sb/Sb = 0.415462863609137 ; sb = 1045.73239884781
      k =   10 ; sb/Sb = 0.553950484812183 ; sb = 1394.30986513042
      k =  440 ; sb/Sb = 0.776975242406091 ; sb = 1955.66982095199
      Creating new point: f = 0.895519768224477
    i = 13 ; sf/Sf = 0.953843483568787 ; sf = 2196.76355514696
      k =   11 ; sb/Sb = 0 ; sb = 0
      k =  263 ; sb/Sb = 0.138487621203046 ; sb = 348.577466282604
      k =  164 ; sb/Sb = 0.276975242406091 ; sb = 697.154932565208
      k =  358 ; sb/Sb = 0.415462863609137 ; sb = 1045.73239884781
      k =   10 ; sb/Sb = 0.553950484812183 ; sb = 1394.30986513042
      k =  440 ; sb/Sb = 0.776975242406091 ; sb = 1955.66982095199
      k =    9 ; sb/Sb = 1 ; sb = 2517.02977677357
      Creating new point: f = 0.793043082170922
Tear 2 : Sf = 1512.41528688386 ; Sb = 1562.04993518133
  Forwards path
    i = 202 ; sf/Sf = 0.25 ; sf = 378.103821720966
      k =   17 ; sb/Sb = 0 ; sb = 0
      k =  214 ; sb/Sb = 0.25 ; sb = 390.512483795333
      k =  178 ; sb/Sb = 0.5 ; sb = 781.024967590665
      Creating new point: f = 0
      Point 214 already exists
    i = 201 ; sf/Sf = 0.5 ; sf = 756.207643441932
      k =   17 ; sb/Sb = 0 ; sb = 0
      k =  214 ; sb/Sb = 0.25 ; sb = 390.512483795333
      k =  178 ; sb/Sb = 0.5 ; sb = 781.024967590665
      k =  451 ; sb/Sb = 0.75 ; sb = 1171.537451386
      Creating new point: f = 0
      Point 178 already exists
    i = 273 ; sf/Sf = 0.75 ; sf = 1134.3114651629
      k =   17 ; sb/Sb = 0 ; sb = 0
      k =  214 ; sb/Sb = 0.25 ; sb = 390.512483795333
      k =  178 ; sb/Sb = 0.5 ; sb = 781.024967590665
      k =  451 ; sb/Sb = 0.75 ; sb = 1171.537451386
      Creating new point: f = 1
      Point 451 already exists
Tear 3 : Sf = 3049.27953074776 ; Sb = 2983.94044524709
  Forwards path
    i = 362 ; sf/Sf = 0.104058380133776 ; sf = 317.303088544691
      k =   23 ; sb/Sb = 0 ; sb = 0
      k =  111 ; sb/Sb = 0.198292324715109 ; sb = 591.692487699481
      Creating new point: f = 0.524772606722316
    i = 89 ; sf/Sf = 0.208116760267551 ; sf = 634.606177089382
      k =   23 ; sb/Sb = 0 ; sb = 0
      k =  111 ; sb/Sb = 0.198292324715109 ; sb = 591.692487699481
      k =   22 ; sb/Sb = 0.396584649430217 ; sb = 1183.38497539896
      Creating new point: f = 0.0495452134446329
    i = 314 ; sf/Sf = 0.312175140401327 ; sf = 951.909265634073
      k =   23 ; sb/Sb = 0 ; sb = 0
      k =  111 ; sb/Sb = 0.198292324715109 ; sb = 591.692487699481
      k =   22 ; sb/Sb = 0.396584649430217 ; sb = 1183.38497539896
      Creating new point: f = 0.574317820166949
    i = 24 ; sf/Sf = 0.416233520535102 ; sf = 1269.21235417876
      k =   23 ; sb/Sb = 0 ; sb = 0
      k =  111 ; sb/Sb = 0.198292324715109 ; sb = 591.692487699481
      k =   22 ; sb/Sb = 0.396584649430217 ; sb = 1183.38497539896
      k =  145 ; sb/Sb = 0.547438487072663 ; sb = 1633.52384286099
      Creating new point: f = 0.130251052356101
    i = 25 ; sf/Sf = 0.619666000409689 ; sf = 1889.5348509496
      k =   23 ; sb/Sb = 0 ; sb = 0
      k =  111 ; sb/Sb = 0.198292324715109 ; sb = 591.692487699481
      k =   22 ; sb/Sb = 0.396584649430217 ; sb = 1183.38497539896
      k =  145 ; sb/Sb = 0.547438487072663 ; sb = 1633.52384286099
      k =  207 ; sb/Sb = 0.698292324715109 ; sb = 2083.66271032302
      Creating new point: f = 0.478791355034799
    i = 26 ; sf/Sf = 0.759787934284633 ; sf = 2316.80579572325
      k =   23 ; sb/Sb = 0 ; sb = 0
      k =  111 ; sb/Sb = 0.198292324715109 ; sb = 591.692487699481
      k =   22 ; sb/Sb = 0.396584649430217 ; sb = 1183.38497539896
      k =  145 ; sb/Sb = 0.547438487072663 ; sb = 1633.52384286099
      k =  207 ; sb/Sb = 0.698292324715109 ; sb = 2083.66271032302
      k =  238 ; sb/Sb = 0.849146162357554 ; sb = 2533.80157778505
      Creating new point: f = 0.407650282754366
    i = 57 ; sf/Sf = 0.871695309148548 ; sf = 2658.04266323551
      k =   23 ; sb/Sb = 0 ; sb = 0
      k =  111 ; sb/Sb = 0.198292324715109 ; sb = 591.692487699481
      k =   22 ; sb/Sb = 0.396584649430217 ; sb = 1183.38497539896
      k =  145 ; sb/Sb = 0.547438487072663 ; sb = 1633.52384286099
      k =  207 ; sb/Sb = 0.698292324715109 ; sb = 2083.66271032302
      k =  238 ; sb/Sb = 0.849146162357555 ; sb = 2533.80157778506
      k =   21 ; sb/Sb = 1 ; sb = 2983.94044524709
      Creating new point: f = 0.14947678589682
    i = 27 ; sf/Sf = 0.983602684012463 ; sf = 2999.27953074776
      k =   23 ; sb/Sb = 0 ; sb = 0
      k =  111 ; sb/Sb = 0.198292324715109 ; sb = 591.692487699481
      k =   22 ; sb/Sb = 0.396584649430217 ; sb = 1183.38497539896
      k =  145 ; sb/Sb = 0.547438487072663 ; sb = 1633.52384286099
      k =  207 ; sb/Sb = 0.698292324715109 ; sb = 2083.66271032302
      k =  238 ; sb/Sb = 0.849146162357555 ; sb = 2533.80157778506
      k =   21 ; sb/Sb = 1 ; sb = 2983.94044524709
      Creating new point: f = 0.891303289039274
Tear 4 : Sf = 5216.99215622162 ; Sb = 5136.79452180379
  Forwards path
    i = 1 ; sf/Sf = 0.0775413715376412 ; sf = 404.53272709454
      k =   38 ; sb/Sb = 0 ; sb = 0
      k =   37 ; sb/Sb = 0.0200429082714636 ; sb = 102.95630140987
      k =   36 ; sb/Sb = 0.0801401108164196 ; sb = 411.663282218533
      Creating new point: f = 0.956757732993739
    i = 2 ; sf/Sf = 0.0871254380845636 ; sf = 454.53272709454
      k =   38 ; sb/Sb = 0 ; sb = 0
      k =   37 ; sb/Sb = 0.0200429082714636 ; sb = 102.95630140987
      k =   36 ; sb/Sb = 0.0801401108164195 ; sb = 411.663282218533
      k =   35 ; sb/Sb = 0.164008208468003 ; sb = 842.476466789293
      Creating new point: f = 0.0832894445413967
    i = 59 ; sf/Sf = 0.134087364164483 ; sf = 699.53272709454
      k =   38 ; sb/Sb = 0 ; sb = 0
      k =   37 ; sb/Sb = 0.0200429082714636 ; sb = 102.95630140987
      k =   36 ; sb/Sb = 0.0801401108164195 ; sb = 411.663282218533
      k =   35 ; sb/Sb = 0.164008208468003 ; sb = 842.476466789293
      Creating new point: f = 0.643239263303416
    i = 48 ; sf/Sf = 0.181049290244403 ; sf = 944.53272709454
      k =   38 ; sb/Sb = 0 ; sb = 0
      k =   37 ; sb/Sb = 0.0200429082714636 ; sb = 102.95630140987
      k =   36 ; sb/Sb = 0.0801401108164195 ; sb = 411.663282218533
      k =   35 ; sb/Sb = 0.164008208468003 ; sb = 842.476466789293
      k =   34 ; sb/Sb = 0.228720822796046 ; sb = 1174.89186956119
      Creating new point: f = 0.263334775659261
    i = 93 ; sf/Sf = 0.228011216324322 ; sf = 1189.53272709454
      k =   38 ; sb/Sb = 0 ; sb = 0
      k =   37 ; sb/Sb = 0.0200429082714636 ; sb = 102.95630140987
      k =   36 ; sb/Sb = 0.0801401108164195 ; sb = 411.663282218533
      k =   35 ; sb/Sb = 0.164008208468003 ; sb = 842.476466789293
      k =   34 ; sb/Sb = 0.228720822796046 ; sb = 1174.89186956119
      Creating new point: f = 0.989034495374783
    i = 3 ; sf/Sf = 0.274973142404242 ; sf = 1434.53272709454
      k =   38 ; sb/Sb = 0 ; sb = 0
      k =   37 ; sb/Sb = 0.0200429082714636 ; sb = 102.95630140987
      k =   36 ; sb/Sb = 0.0801401108164195 ; sb = 411.663282218533
      k =   35 ; sb/Sb = 0.164008208468003 ; sb = 842.476466789293
      k =   34 ; sb/Sb = 0.228720822796046 ; sb = 1174.89186956119
      k =   33 ; sb/Sb = 0.326543264188854 ; sb = 1677.38565061723
      Creating new point: f = 0.472819109292814
    i = 381 ; sf/Sf = 0.384122154334657 ; sf = 2003.96226619486
      k =   38 ; sb/Sb = 0 ; sb = 0
      k =   37 ; sb/Sb = 0.0200429082714636 ; sb = 102.95630140987
      k =   36 ; sb/Sb = 0.0801401108164195 ; sb = 411.663282218533
      k =   35 ; sb/Sb = 0.164008208468003 ; sb = 842.476466789293
      k =   34 ; sb/Sb = 0.228720822796046 ; sb = 1174.89186956119
      k =   33 ; sb/Sb = 0.326543264188854 ; sb = 1677.38565061723
      k =  283 ; sb/Sb = 0.380956283047417 ; sb = 1956.8941478047
      k =  280 ; sb/Sb = 0.43536930190598 ; sb = 2236.40264499218
      Creating new point: f = 0.0581822393546967
    i = 393 ; sf/Sf = 0.438696660299865 ; sf = 2288.67703574502
      k =   38 ; sb/Sb = 0 ; sb = 0
      k =   37 ; sb/Sb = 0.0200429082714636 ; sb = 102.95630140987
      k =   36 ; sb/Sb = 0.0801401108164195 ; sb = 411.663282218533
      k =   35 ; sb/Sb = 0.164008208468003 ; sb = 842.476466789293
      k =   34 ; sb/Sb = 0.228720822796046 ; sb = 1174.89186956119
      k =   33 ; sb/Sb = 0.326543264188854 ; sb = 1677.38565061723
      k =  283 ; sb/Sb = 0.380956283047417 ; sb = 1956.8941478047
      k =  280 ; sb/Sb = 0.43536930190598 ; sb = 2236.40264499218
      k =   32 ; sb/Sb = 0.544195339623106 ; sb = 2795.41963936713
      Creating new point: f = 0.0305750210490444
    i = 4 ; sf/Sf = 0.493271166265073 ; sf = 2573.39180529518
      k =   38 ; sb/Sb = 0 ; sb = 0
      k =   37 ; sb/Sb = 0.0200429082714636 ; sb = 102.95630140987
      k =   36 ; sb/Sb = 0.0801401108164195 ; sb = 411.663282218533
      k =   35 ; sb/Sb = 0.164008208468003 ; sb = 842.476466789293
      k =   34 ; sb/Sb = 0.228720822796046 ; sb = 1174.89186956119
      k =   33 ; sb/Sb = 0.326543264188854 ; sb = 1677.38565061723
      k =  283 ; sb/Sb = 0.380956283047417 ; sb = 1956.8941478047
      k =  280 ; sb/Sb = 0.43536930190598 ; sb = 2236.40264499218
      k =   32 ; sb/Sb = 0.544195339623106 ; sb = 2795.41963936713
      Creating new point: f = 0.532058922420738
    i = 398 ; sf/Sf = 0.572146345362374 ; sf = 2984.88299596637
      k =   38 ; sb/Sb = 0 ; sb = 0
      k =   37 ; sb/Sb = 0.0200429082714636 ; sb = 102.95630140987
      k =   36 ; sb/Sb = 0.0801401108164195 ; sb = 411.663282218533
      k =   35 ; sb/Sb = 0.164008208468003 ; sb = 842.476466789293
      k =   34 ; sb/Sb = 0.228720822796046 ; sb = 1174.89186956119
      k =   33 ; sb/Sb = 0.326543264188854 ; sb = 1677.38565061723
      k =  283 ; sb/Sb = 0.380956283047417 ; sb = 1956.8941478047
      k =  280 ; sb/Sb = 0.43536930190598 ; sb = 2236.40264499218
      k =   32 ; sb/Sb = 0.544195339623106 ; sb = 2795.41963936713
      k =  352 ; sb/Sb = 0.646653768209971 ; sb = 3321.72753404476
      Creating new point: f = 0.272803381086126
    i = 5 ; sf/Sf = 0.651021524459676 ; sf = 3396.37418663757
      k =   38 ; sb/Sb = 0 ; sb = 0
      k =   37 ; sb/Sb = 0.0200429082714636 ; sb = 102.95630140987
      k =   36 ; sb/Sb = 0.0801401108164195 ; sb = 411.663282218533
      k =   35 ; sb/Sb = 0.164008208468003 ; sb = 842.476466789293
      k =   34 ; sb/Sb = 0.228720822796046 ; sb = 1174.89186956119
      k =   33 ; sb/Sb = 0.326543264188854 ; sb = 1677.38565061723
      k =  283 ; sb/Sb = 0.380956283047417 ; sb = 1956.8941478047
      k =  280 ; sb/Sb = 0.43536930190598 ; sb = 2236.40264499218
      k =   32 ; sb/Sb = 0.544195339623106 ; sb = 2795.41963936713
      k =  352 ; sb/Sb = 0.646653768209971 ; sb = 3321.72753404476
      k =   31 ; sb/Sb = 0.749112196796835 ; sb = 3848.03542872239
      Creating new point: f = 0.0426295455624913
    i = 403 ; sf/Sf = 0.706331636673748 ; sf = 3684.92660821812
      k =   38 ; sb/Sb = 0 ; sb = 0
      k =   37 ; sb/Sb = 0.0200429082714636 ; sb = 102.95630140987
      k =   36 ; sb/Sb = 0.0801401108164195 ; sb = 411.663282218533
      k =   35 ; sb/Sb = 0.164008208468003 ; sb = 842.476466789293
      k =   34 ; sb/Sb = 0.228720822796046 ; sb = 1174.89186956119
      k =   33 ; sb/Sb = 0.326543264188854 ; sb = 1677.38565061723
      k =  283 ; sb/Sb = 0.380956283047417 ; sb = 1956.8941478047
      k =  280 ; sb/Sb = 0.43536930190598 ; sb = 2236.40264499218
      k =   32 ; sb/Sb = 0.544195339623106 ; sb = 2795.41963936713
      k =  352 ; sb/Sb = 0.646653768209971 ; sb = 3321.72753404476
      k =   31 ; sb/Sb = 0.749112196796835 ; sb = 3848.03542872239
      Creating new point: f = 0.582459337771142
    i = 405 ; sf/Sf = 0.76164174888782 ; sf = 3973.47902979867
      k =   38 ; sb/Sb = 0 ; sb = 0
      k =   37 ; sb/Sb = 0.0200429082714636 ; sb = 102.95630140987
      k =   36 ; sb/Sb = 0.0801401108164195 ; sb = 411.663282218533
      k =   35 ; sb/Sb = 0.164008208468003 ; sb = 842.476466789293
      k =   34 ; sb/Sb = 0.228720822796046 ; sb = 1174.89186956119
      k =   33 ; sb/Sb = 0.326543264188854 ; sb = 1677.38565061723
      k =  283 ; sb/Sb = 0.380956283047417 ; sb = 1956.8941478047
      k =  280 ; sb/Sb = 0.43536930190598 ; sb = 2236.40264499218
      k =   32 ; sb/Sb = 0.544195339623106 ; sb = 2795.41963936713
      k =  352 ; sb/Sb = 0.646653768209971 ; sb = 3321.72753404476
      k =   31 ; sb/Sb = 0.749112196796835 ; sb = 3848.03542872239
      k =  366 ; sb/Sb = 0.811834147597627 ; sb = 4170.22520199274
      Creating new point: f = 0.19976343100008
    i = 410 ; sf/Sf = 0.816951861101892 ; sf = 4262.03145137922
      k =   38 ; sb/Sb = 0 ; sb = 0
      k =   37 ; sb/Sb = 0.0200429082714636 ; sb = 102.95630140987
      k =   36 ; sb/Sb = 0.0801401108164195 ; sb = 411.663282218533
      k =   35 ; sb/Sb = 0.164008208468003 ; sb = 842.476466789293
      k =   34 ; sb/Sb = 0.228720822796046 ; sb = 1174.89186956119
      k =   33 ; sb/Sb = 0.326543264188854 ; sb = 1677.38565061723
      k =  283 ; sb/Sb = 0.380956283047417 ; sb = 1956.8941478047
      k =  280 ; sb/Sb = 0.43536930190598 ; sb = 2236.40264499218
      k =   32 ; sb/Sb = 0.544195339623106 ; sb = 2795.41963936713
      k =  352 ; sb/Sb = 0.646653768209971 ; sb = 3321.72753404476
      k =   31 ; sb/Sb = 0.749112196796835 ; sb = 3848.03542872239
      k =  366 ; sb/Sb = 0.811834147597627 ; sb = 4170.22520199274
      k =  338 ; sb/Sb = 0.874556098398418 ; sb = 4492.41497526309
      Creating new point: f = 0.0815936596187734
    i = 6 ; sf/Sf = 0.872261973315964 ; sf = 4550.58387295978
      k =   38 ; sb/Sb = 0 ; sb = 0
      k =   37 ; sb/Sb = 0.0200429082714636 ; sb = 102.95630140987
      k =   36 ; sb/Sb = 0.0801401108164195 ; sb = 411.663282218533
      k =   35 ; sb/Sb = 0.164008208468003 ; sb = 842.476466789293
      k =   34 ; sb/Sb = 0.228720822796046 ; sb = 1174.89186956119
      k =   33 ; sb/Sb = 0.326543264188854 ; sb = 1677.38565061723
      k =  283 ; sb/Sb = 0.380956283047417 ; sb = 1956.8941478047
      k =  280 ; sb/Sb = 0.43536930190598 ; sb = 2236.40264499218
      k =   32 ; sb/Sb = 0.544195339623106 ; sb = 2795.41963936713
      k =  352 ; sb/Sb = 0.646653768209971 ; sb = 3321.72753404476
      k =   31 ; sb/Sb = 0.749112196796835 ; sb = 3848.03542872239
      k =  366 ; sb/Sb = 0.811834147597627 ; sb = 4170.22520199274
      k =  338 ; sb/Sb = 0.874556098398418 ; sb = 4492.41497526309
      Creating new point: f = 0.963423888237466
    i = 419 ; sf/Sf = 0.936130986657982 ; sf = 4883.7880145907
      k =   38 ; sb/Sb = 0 ; sb = 0
      k =   37 ; sb/Sb = 0.0200429082714636 ; sb = 102.95630140987
      k =   36 ; sb/Sb = 0.0801401108164195 ; sb = 411.663282218533
      k =   35 ; sb/Sb = 0.164008208468003 ; sb = 842.476466789293
      k =   34 ; sb/Sb = 0.228720822796046 ; sb = 1174.89186956119
      k =   33 ; sb/Sb = 0.326543264188854 ; sb = 1677.38565061723
      k =  283 ; sb/Sb = 0.380956283047417 ; sb = 1956.8941478047
      k =  280 ; sb/Sb = 0.43536930190598 ; sb = 2236.40264499218
      k =   32 ; sb/Sb = 0.544195339623106 ; sb = 2795.41963936713
      k =  352 ; sb/Sb = 0.646653768209971 ; sb = 3321.72753404476
      k =   31 ; sb/Sb = 0.749112196796835 ; sb = 3848.03542872239
      k =  366 ; sb/Sb = 0.811834147597627 ; sb = 4170.22520199274
      k =  338 ; sb/Sb = 0.874556098398418 ; sb = 4492.41497526309
      k =  350 ; sb/Sb = 0.937278049199209 ; sb = 4814.60474853344
      Creating new point: f = 0.981711944118737
Tear 1 : Sf = 2517.02977677357 ; Sb = 2303.0650132743
  Backwards path
    i = 263 ; sf/Sf = 0.138487621203046 ; sf = 348.577466282604
      k =   11 ; sb/Sb = 0 ; sb = 0
      k =   87 ; sb/Sb = 0.276751822256606 ; sb = 637.377439199098
      Creating new point: f = 0.500403647115425
    i = 164 ; sf/Sf = 0.276975242406091 ; sf = 697.154932565208
      k =   11 ; sb/Sb = 0 ; sb = 0
      k =   87 ; sb/Sb = 0.276751822256606 ; sb = 637.377439199098
      k =  101 ; sb/Sb = 0.415127733384909 ; sb = 956.066158798647
      Creating new point: f = 0.00161458846170194
    i = 358 ; sf/Sf = 0.415462863609137 ; sf = 1045.73239884781
      k =   11 ; sb/Sb = 0 ; sb = 0
      k =   87 ; sb/Sb = 0.276751822256606 ; sb = 637.377439199098
      k =  101 ; sb/Sb = 0.415127733384909 ; sb = 956.066158798647
      k =   12 ; sb/Sb = 0.553503644513212 ; sb = 1274.7548783982
      Creating new point: f = 0.00242188269255219
    i = 10 ; sf/Sf = 0.553950484812183 ; sf = 1394.30986513042
      k =   11 ; sb/Sb = 0 ; sb = 0
      k =   87 ; sb/Sb = 0.276751822256606 ; sb = 637.377439199098
      k =  101 ; sb/Sb = 0.415127733384909 ; sb = 956.066158798647
      k =   12 ; sb/Sb = 0.553503644513212 ; sb = 1274.7548783982
      k =   98 ; sb/Sb = 0.653588604277106 ; sb = 1505.25704758539
      Creating new point: f = 0.00446460986770165
    i = 440 ; sf/Sf = 0.776975242406091 ; sf = 1955.66982095199
      k =   11 ; sb/Sb = 0 ; sb = 0
      k =   87 ; sb/Sb = 0.276751822256606 ; sb = 637.377439199098
      k =  101 ; sb/Sb = 0.415127733384909 ; sb = 956.066158798647
      k =   12 ; sb/Sb = 0.553503644513212 ; sb = 1274.7548783982
      k =   98 ; sb/Sb = 0.653588604277106 ; sb = 1505.25704758539
      k =   69 ; sb/Sb = 0.753673564041 ; sb = 1735.75921677258
      k =   13 ; sb/Sb = 0.953843483568787 ; sb = 2196.76355514696
      Creating new point: f = 0.116409490597096
Tear 2 : Sf = 1562.04993518133 ; Sb = 1512.41528688386
  Backwards path
    i = 214 ; sf/Sf = 0.25 ; sf = 390.512483795333
      k =   17 ; sb/Sb = 0 ; sb = 0
      k =  202 ; sb/Sb = 0.25 ; sb = 378.103821720966
      k =  201 ; sb/Sb = 0.5 ; sb = 756.207643441932
      Creating new point: f = 0
      Point 202 already exists
    i = 178 ; sf/Sf = 0.5 ; sf = 781.024967590665
      k =   17 ; sb/Sb = 0 ; sb = 0
      k =  202 ; sb/Sb = 0.25 ; sb = 378.103821720966
      k =  201 ; sb/Sb = 0.5 ; sb = 756.207643441932
      k =  273 ; sb/Sb = 0.75 ; sb = 1134.3114651629
      Creating new point: f = 0
      Point 201 already exists
    i = 451 ; sf/Sf = 0.75 ; sf = 1171.537451386
      k =   17 ; sb/Sb = 0 ; sb = 0
      k =  202 ; sb/Sb = 0.25 ; sb = 378.103821720966
      k =  201 ; sb/Sb = 0.5 ; sb = 756.207643441932
      k =  273 ; sb/Sb = 0.75 ; sb = 1134.3114651629
      k =   18 ; sb/Sb = 1 ; sb = 1512.41528688386
      Creating new point: f = 6.01352492043918e-16
      Point 273 already exists
Tear 3 : Sf = 2983.94044524709 ; Sb = 3049.27953074776
  Backwards path
    i = 111 ; sf/Sf = 0.198292324715108 ; sf = 591.692487699481
      k =   23 ; sb/Sb = 0 ; sb = 0
      k =  362 ; sb/Sb = 0.104058380133776 ; sb = 317.303088544691
      k =   89 ; sb/Sb = 0.208116760267551 ; sb = 634.606177089382
      Creating new point: f = 0.905587271877455
    i = 22 ; sf/Sf = 0.396584649430217 ; sf = 1183.38497539896
      k =   23 ; sb/Sb = 0 ; sb = 0
      k =  362 ; sb/Sb = 0.104058380133776 ; sb = 317.303088544691
      k =   89 ; sb/Sb = 0.208116760267551 ; sb = 634.606177089382
      k =  314 ; sb/Sb = 0.312175140401327 ; sb = 951.909265634073
      k =   24 ; sb/Sb = 0.416233520535102 ; sb = 1269.21235417876
      Creating new point: f = 0.81117454375491
    i = 145 ; sf/Sf = 0.547438487072663 ; sf = 1633.52384286099
      k =   23 ; sb/Sb = 0 ; sb = 0
      k =  362 ; sb/Sb = 0.104058380133776 ; sb = 317.303088544691
      k =   89 ; sb/Sb = 0.208116760267551 ; sb = 634.606177089382
      k =  314 ; sb/Sb = 0.312175140401327 ; sb = 951.909265634073
      k =   24 ; sb/Sb = 0.416233520535102 ; sb = 1269.21235417876
      k =   25 ; sb/Sb = 0.619666000409689 ; sb = 1889.5348509496
      Creating new point: f = 0.644955842933472
    i = 207 ; sf/Sf = 0.698292324715108 ; sf = 2083.66271032302
      k =   23 ; sb/Sb = 0 ; sb = 0
      k =  362 ; sb/Sb = 0.104058380133776 ; sb = 317.303088544691
      k =   89 ; sb/Sb = 0.208116760267551 ; sb = 634.606177089382
      k =  314 ; sb/Sb = 0.312175140401327 ; sb = 951.909265634073
      k =   24 ; sb/Sb = 0.416233520535102 ; sb = 1269.21235417876
      k =   25 ; sb/Sb = 0.619666000409689 ; sb = 1889.5348509496
      k =   26 ; sb/Sb = 0.759787934284633 ; sb = 2316.80579572325
      Creating new point: f = 0.561127884343874
    i = 238 ; sf/Sf = 0.849146162357554 ; sf = 2533.80157778506
      k =   23 ; sb/Sb = 0 ; sb = 0
      k =  362 ; sb/Sb = 0.104058380133776 ; sb = 317.303088544691
      k =   89 ; sb/Sb = 0.208116760267551 ; sb = 634.606177089382
      k =  314 ; sb/Sb = 0.312175140401327 ; sb = 951.909265634073
      k =   24 ; sb/Sb = 0.416233520535102 ; sb = 1269.21235417876
      k =   25 ; sb/Sb = 0.619666000409689 ; sb = 1889.5348509496
      k =   26 ; sb/Sb = 0.759787934284633 ; sb = 2316.80579572325
      k =   57 ; sb/Sb = 0.871695309148548 ; sb = 2658.04266323551
      Creating new point: f = 0.798501691077872
Tear 4 : Sf = 5136.79452180379 ; Sb = 5216.99215622162
  Backwards path
    i = 37 ; sf/Sf = 0.0200429082714636 ; sf = 102.95630140987
      k =   38 ; sb/Sb = 0 ; sb = 0
      k =    1 ; sb/Sb = 0.0775413715376412 ; sb = 404.53272709454
      Creating new point: f = 0.258480187724486
    i = 36 ; sf/Sf = 0.0801401108164196 ; sf = 411.663282218533
      k =   38 ; sb/Sb = 0 ; sb = 0
      k =    1 ; sb/Sb = 0.0775413715376412 ; sb = 404.53272709454
      k =    2 ; sb/Sb = 0.0871254380845636 ; sb = 454.53272709454
      Creating new point: f = 0.271152048669035
    i = 35 ; sf/Sf = 0.164008208468003 ; sf = 842.476466789293
      k =   38 ; sb/Sb = 0 ; sb = 0
      k =    1 ; sb/Sb = 0.0775413715376412 ; sb = 404.53272709454
      k =    2 ; sb/Sb = 0.0871254380845636 ; sb = 454.53272709454
      k =   59 ; sb/Sb = 0.134087364164483 ; sb = 699.532727094541
      k =   48 ; sb/Sb = 0.181049290244403 ; sb = 944.532727094541
      Creating new point: f = 0.637129836893847
    i = 34 ; sf/Sf = 0.228720822796046 ; sf = 1174.89186956119
      k =   38 ; sb/Sb = 0 ; sb = 0
      k =    1 ; sb/Sb = 0.0775413715376412 ; sb = 404.53272709454
      k =    2 ; sb/Sb = 0.0871254380845636 ; sb = 454.53272709454
      k =   59 ; sb/Sb = 0.134087364164483 ; sb = 699.532727094541
      k =   48 ; sb/Sb = 0.181049290244403 ; sb = 944.532727094541
      k =   93 ; sb/Sb = 0.228011216324322 ; sb = 1189.53272709454
      k =    3 ; sb/Sb = 0.274973142404242 ; sb = 1434.53272709454
      Creating new point: f = 0.0151102505999526
    i = 33 ; sf/Sf = 0.326543264188854 ; sf = 1677.38565061723
      k =   38 ; sb/Sb = 0 ; sb = 0
      k =    1 ; sb/Sb = 0.0775413715376412 ; sb = 404.53272709454
      k =    2 ; sb/Sb = 0.0871254380845636 ; sb = 454.53272709454
      k =   59 ; sb/Sb = 0.134087364164483 ; sb = 699.532727094541
      k =   48 ; sb/Sb = 0.181049290244403 ; sb = 944.532727094541
      k =   93 ; sb/Sb = 0.228011216324322 ; sb = 1189.53272709454
      k =    3 ; sb/Sb = 0.274973142404242 ; sb = 1434.53272709454
      k =  381 ; sb/Sb = 0.384122154334657 ; sb = 2003.96226619486
      Creating new point: f = 0.472474472031763
    i = 283 ; sf/Sf = 0.380956283047417 ; sf = 1956.8941478047
      k =   38 ; sb/Sb = 0 ; sb = 0
      k =    1 ; sb/Sb = 0.0775413715376412 ; sb = 404.53272709454
      k =    2 ; sb/Sb = 0.0871254380845636 ; sb = 454.53272709454
      k =   59 ; sb/Sb = 0.134087364164483 ; sb = 699.532727094541
      k =   48 ; sb/Sb = 0.181049290244403 ; sb = 944.532727094541
      k =   93 ; sb/Sb = 0.228011216324322 ; sb = 1189.53272709454
      k =    3 ; sb/Sb = 0.274973142404242 ; sb = 1434.53272709454
      k =  381 ; sb/Sb = 0.384122154334657 ; sb = 2003.96226619486
      Creating new point: f = 0.97099496155532
    i = 280 ; sf/Sf = 0.43536930190598 ; sf = 2236.40264499218
      k =   38 ; sb/Sb = 0 ; sb = 0
      k =    1 ; sb/Sb = 0.0775413715376412 ; sb = 404.53272709454
      k =    2 ; sb/Sb = 0.0871254380845636 ; sb = 454.53272709454
      k =   59 ; sb/Sb = 0.134087364164483 ; sb = 699.532727094541
      k =   48 ; sb/Sb = 0.181049290244403 ; sb = 944.532727094541
      k =   93 ; sb/Sb = 0.228011216324322 ; sb = 1189.53272709454
      k =    3 ; sb/Sb = 0.274973142404242 ; sb = 1434.53272709454
      k =  381 ; sb/Sb = 0.384122154334657 ; sb = 2003.96226619486
      k =  393 ; sb/Sb = 0.438696660299865 ; sb = 2288.67703574502
      Creating new point: f = 0.939030902157751
    i = 32 ; sf/Sf = 0.544195339623107 ; sf = 2795.41963936713
      k =   38 ; sb/Sb = 0 ; sb = 0
      k =    1 ; sb/Sb = 0.0775413715376412 ; sb = 404.53272709454
      k =    2 ; sb/Sb = 0.0871254380845636 ; sb = 454.53272709454
      k =   59 ; sb/Sb = 0.134087364164483 ; sb = 699.532727094541
      k =   48 ; sb/Sb = 0.181049290244403 ; sb = 944.532727094541
      k =   93 ; sb/Sb = 0.228011216324322 ; sb = 1189.53272709454
      k =    3 ; sb/Sb = 0.274973142404242 ; sb = 1434.53272709454
      k =  381 ; sb/Sb = 0.384122154334657 ; sb = 2003.96226619486
      k =  393 ; sb/Sb = 0.438696660299865 ; sb = 2288.67703574502
      k =    4 ; sb/Sb = 0.493271166265073 ; sb = 2573.39180529518
      k =  398 ; sb/Sb = 0.572146345362374 ; sb = 2984.88299596637
      Creating new point: f = 0.645629891948808
    i = 352 ; sf/Sf = 0.646653768209971 ; sf = 3321.72753404476
      k =   38 ; sb/Sb = 0 ; sb = 0
      k =    1 ; sb/Sb = 0.0775413715376412 ; sb = 404.53272709454
      k =    2 ; sb/Sb = 0.0871254380845636 ; sb = 454.53272709454
      k =   59 ; sb/Sb = 0.134087364164483 ; sb = 699.532727094541
      k =   48 ; sb/Sb = 0.181049290244403 ; sb = 944.532727094541
      k =   93 ; sb/Sb = 0.228011216324322 ; sb = 1189.53272709454
      k =    3 ; sb/Sb = 0.274973142404242 ; sb = 1434.53272709454
      k =  381 ; sb/Sb = 0.384122154334657 ; sb = 2003.96226619486
      k =  393 ; sb/Sb = 0.438696660299865 ; sb = 2288.67703574502
      k =    4 ; sb/Sb = 0.493271166265073 ; sb = 2573.39180529518
      k =  398 ; sb/Sb = 0.572146345362374 ; sb = 2984.88299596637
      k =    5 ; sb/Sb = 0.651021524459676 ; sb = 3396.37418663757
      Creating new point: f = 0.944624452208004
    i = 31 ; sf/Sf = 0.749112196796836 ; sf = 3848.03542872239
      k =   38 ; sb/Sb = 0 ; sb = 0
      k =    1 ; sb/Sb = 0.0775413715376412 ; sb = 404.53272709454
      k =    2 ; sb/Sb = 0.0871254380845636 ; sb = 454.53272709454
      k =   59 ; sb/Sb = 0.134087364164483 ; sb = 699.532727094541
      k =   48 ; sb/Sb = 0.181049290244403 ; sb = 944.532727094541
      k =   93 ; sb/Sb = 0.228011216324322 ; sb = 1189.53272709454
      k =    3 ; sb/Sb = 0.274973142404242 ; sb = 1434.53272709454
      k =  381 ; sb/Sb = 0.384122154334657 ; sb = 2003.96226619486
      k =  393 ; sb/Sb = 0.438696660299865 ; sb = 2288.67703574502
      k =    4 ; sb/Sb = 0.493271166265073 ; sb = 2573.39180529518
      k =  398 ; sb/Sb = 0.572146345362374 ; sb = 2984.88299596637
      k =    5 ; sb/Sb = 0.651021524459676 ; sb = 3396.37418663757
      k =  403 ; sb/Sb = 0.706331636673748 ; sb = 3684.92660821812
      k =  405 ; sb/Sb = 0.76164174888782 ; sb = 3973.47902979867
      Creating new point: f = 0.773467245148773
    i = 366 ; sf/Sf = 0.811834147597627 ; sf = 4170.22520199274
      k =   38 ; sb/Sb = 0 ; sb = 0
      k =    1 ; sb/Sb = 0.0775413715376412 ; sb = 404.53272709454
      k =    2 ; sb/Sb = 0.0871254380845636 ; sb = 454.53272709454
      k =   59 ; sb/Sb = 0.134087364164483 ; sb = 699.532727094541
      k =   48 ; sb/Sb = 0.181049290244403 ; sb = 944.532727094541
      k =   93 ; sb/Sb = 0.228011216324322 ; sb = 1189.53272709454
      k =    3 ; sb/Sb = 0.274973142404242 ; sb = 1434.53272709454
      k =  381 ; sb/Sb = 0.384122154334657 ; sb = 2003.96226619486
      k =  393 ; sb/Sb = 0.438696660299865 ; sb = 2288.67703574502
      k =    4 ; sb/Sb = 0.493271166265073 ; sb = 2573.39180529518
      k =  398 ; sb/Sb = 0.572146345362374 ; sb = 2984.88299596637
      k =    5 ; sb/Sb = 0.651021524459676 ; sb = 3396.37418663757
      k =  403 ; sb/Sb = 0.706331636673748 ; sb = 3684.92660821812
      k =  405 ; sb/Sb = 0.76164174888782 ; sb = 3973.47902979867
      k =  410 ; sb/Sb = 0.816951861101892 ; sb = 4262.03145137922
      Creating new point: f = 0.90747237169837
    i = 338 ; sf/Sf = 0.874556098398418 ; sf = 4492.41497526309
      k =   38 ; sb/Sb = 0 ; sb = 0
      k =    1 ; sb/Sb = 0.0775413715376412 ; sb = 404.53272709454
      k =    2 ; sb/Sb = 0.0871254380845636 ; sb = 454.53272709454
      k =   59 ; sb/Sb = 0.134087364164483 ; sb = 699.532727094541
      k =   48 ; sb/Sb = 0.181049290244403 ; sb = 944.532727094541
      k =   93 ; sb/Sb = 0.228011216324322 ; sb = 1189.53272709454
      k =    3 ; sb/Sb = 0.274973142404242 ; sb = 1434.53272709454
      k =  381 ; sb/Sb = 0.384122154334657 ; sb = 2003.96226619486
      k =  393 ; sb/Sb = 0.438696660299865 ; sb = 2288.67703574502
      k =    4 ; sb/Sb = 0.493271166265073 ; sb = 2573.39180529518
      k =  398 ; sb/Sb = 0.572146345362374 ; sb = 2984.88299596637
      k =    5 ; sb/Sb = 0.651021524459676 ; sb = 3396.37418663757
      k =  403 ; sb/Sb = 0.706331636673748 ; sb = 3684.92660821812
      k =  405 ; sb/Sb = 0.76164174888782 ; sb = 3973.47902979867
      k =  410 ; sb/Sb = 0.816951861101892 ; sb = 4262.03145137922
      k =    6 ; sb/Sb = 0.872261973315964 ; sb = 4550.58387295977
      k =  419 ; sb/Sb = 0.936130986657982 ; sb = 4883.7880145907
      Creating new point: f = 0.0359192190768502
    i = 350 ; sf/Sf = 0.937278049199209 ; sf = 4814.60474853344
      k =   38 ; sb/Sb = 0 ; sb = 0
      k =    1 ; sb/Sb = 0.0775413715376412 ; sb = 404.53272709454
      k =    2 ; sb/Sb = 0.0871254380845636 ; sb = 454.53272709454
      k =   59 ; sb/Sb = 0.134087364164483 ; sb = 699.532727094541
      k =   48 ; sb/Sb = 0.181049290244403 ; sb = 944.532727094541
      k =   93 ; sb/Sb = 0.228011216324322 ; sb = 1189.53272709454
      k =    3 ; sb/Sb = 0.274973142404242 ; sb = 1434.53272709454
      k =  381 ; sb/Sb = 0.384122154334657 ; sb = 2003.96226619486
      k =  393 ; sb/Sb = 0.438696660299865 ; sb = 2288.67703574502
      k =    4 ; sb/Sb = 0.493271166265073 ; sb = 2573.39180529518
      k =  398 ; sb/Sb = 0.572146345362374 ; sb = 2984.88299596637
      k =    5 ; sb/Sb = 0.651021524459676 ; sb = 3396.37418663757
      k =  403 ; sb/Sb = 0.706331636673748 ; sb = 3684.92660821812
      k =  405 ; sb/Sb = 0.76164174888782 ; sb = 3973.47902979867
      k =  410 ; sb/Sb = 0.816951861101892 ; sb = 4262.03145137922
      k =    6 ; sb/Sb = 0.872261973315964 ; sb = 4550.58387295977
      k =  419 ; sb/Sb = 0.936130986657982 ; sb = 4883.7880145907
      k =    7 ; sb/Sb = 1 ; sb = 5216.99215622162
      Creating new point: f = 0.0179596095384236
Triangulating...
[1] "Non-adjacent points in rim connected by line: 42 20"
[1] "In triangle: 69" "In triangle: 82"
[1] "Other points in triangles: 43 456"
[1] "Non-adjacent points in rim connected by line: 43 20"
[1] "In triangle: 64"  "In triangle: 980"
[1] "Other points in triangles: 457 572"
[1] "Non-adjacent points in rim connected by line: 45 44"
[1] "In triangle: 56" "In triangle: 60"
[1] "Other points in triangles: 458 459"
[1] "Non-adjacent points in rim connected by line: 475 251"
[1] "In triangle: 1" "In triangle: 9"
[1] "Other points in triangles: 21 252"
[1] "Non-adjacent points in rim connected by line: 479 478"
[1] "In triangle: 765" "In triangle: 766"
[1] "Other points in triangles: 35 256"
Merging points...
Projecting to sphere...
Optimising mapping with FIRE...
E =  0.00242 | E_L =  0.00242 | E_A =  0.00000 |   3 flippped triangles
           X1         X2          X3
id   58.00000   64.00000   983.00000
A    42.66607   18.42527    21.73469
a  -609.98716 -442.16174 -1060.70815
E =  0.00174 | E_L =  0.00174 | E_A =  0.00000 |  51 flippped triangles
        phi0    phi0.1    phi0.2    phi0.3    phi0.4    phi0.5    phi0.6
id 58.000000  59.00000 60.000000  64.00000  65.00000  67.00000  77.00000
A  42.666070  29.93980  4.381236  18.42527  18.27966  18.33164 502.49168
a  -4.492663 -17.36732 -3.759856 -10.60661 -26.25156 -18.84820 -36.42627
      phi0.7    phi0.8    phi0.9     phi0.10   phi0.11   phi0.12   phi0.13
id   82.0000  178.0000   237.000 459.0000000  467.0000 475.00000  478.0000
A   146.6220  405.8676 21576.686   0.4259575  331.3075 145.35371  330.5052
a  -125.3573 -302.7497 -5044.526  -0.1226218 -260.3095 -17.57154 -225.3977
     phi0.14   phi0.15   phi0.16   phi0.17   phi0.18   phi0.19   phi0.20
id 592.00000  647.0000   657.000 661.00000   682.000  688.0000  720.0000
A  240.02399 2557.0304  2510.267  46.76311  5766.233 6453.8464  678.0255
a  -54.51292 -446.1735 -1118.065 -36.01024 -4583.764 -427.7892 -707.8575
     phi0.21   phi0.22   phi0.23   phi0.24   phi0.25   phi0.26   phi0.27
id   728.000   729.000   738.000  739.0000  740.0000   749.000  750.0000
A   6434.749  9923.603  2454.267  395.7270  247.5772  8583.363  720.7819
a  -1435.897 -2054.183 -1085.235 -315.7224 -159.5603 -7368.716 -472.9464
     phi0.28   phi0.29     phi0.30   phi0.31   phi0.32   phi0.33   phi0.34
id   751.000  757.0000 759.0000000  765.0000  766.0000   767.000   772.000
A   1221.655  927.5594   0.3566169 3946.4474 8353.2727  1184.384  2385.229
a  -1334.051 -209.8974  -0.1674389 -441.7118 -894.8826 -1116.533 -2927.927
     phi0.35   phi0.36   phi0.37   phi0.38   phi0.39    phi0.40   phi0.41
id  778.0000   780.000  781.0000 793.00000 808.00000 809.000000   882.000
A  1203.1958  2637.496  367.4276 239.58228  12.79044   1.703830  4056.986
a  -986.0438 -2079.653 -374.8982 -71.73915 -14.43124  -1.079177 -2378.265
     phi0.42   phi0.43   phi0.44   phi0.45   phi0.46   phi0.47   phi0.48
id   885.000   887.000   894.000  895.0000   954.000   977.000 981.00000
A  10905.048  7163.117  6122.451  699.3619  2589.262  1051.826  76.68815
a  -8122.479 -1095.963 -5674.571 -697.1114 -1437.938 -1285.633 -67.46521
     phi0.49    phi0.50
id 983.00000 984.000000
A   21.73469   9.243669
a  -19.30203  -5.758693
E =  0.00164 | E_L =  0.00164 | E_A =  0.00000 |  35 flippped triangles
        phi0    phi0.1    phi0.2    phi0.3    phi0.4    phi0.5    phi0.6
id 56.000000  57.00000  62.00000  65.00000   69.0000   82.0000  458.0000
A   9.041995  17.52494  35.67269  18.27966  139.1185  146.6220  263.3920
a  -9.772564 -21.55382 -51.95576 -19.89944 -145.9612 -128.1455 -123.2202
        phi0.7      phi0.8    phi0.9   phi0.10   phi0.11   phi0.12   phi0.13
id 461.0000000 469.0000000  475.0000   660.000 661.00000   699.000  720.0000
A    0.9584043   0.8023880  145.3537  5114.061  46.76311  2473.688  678.0255
a   -1.0476951  -0.9475104 -165.2538 -4857.960 -34.14188 -2433.995 -677.7791
     phi0.14   phi0.15   phi0.16   phi0.17   phi0.18   phi0.19   phi0.20
id   738.000   749.000  750.0000   751.000  757.0000   765.000   767.000
A   2454.267  8583.363  720.7819  1221.655  927.5594  3946.447  1184.384
a  -1580.341 -8248.201 -578.0656 -1310.741 -583.4948 -4023.057 -1195.822
     phi0.21   phi0.22   phi0.23   phi0.24   phi0.25   phi0.26   phi0.27
id 769.00000   772.000 774.00000   778.000   780.000  789.0000  806.0000
A   17.89635  2385.229  18.45952  1203.196  2637.496  158.7204  317.7392
a  -18.60606 -2774.207 -19.07304 -1233.089 -2685.700 -187.4359 -328.5286
     phi0.28   phi0.29   phi0.30   phi0.31   phi0.32   phi0.33    phi0.34
id   885.000   887.000  895.0000   954.000  956.0000   977.000 985.000000
A  10905.048  7163.117  699.3619  2589.262  192.9387  1051.826   4.582909
a  -4953.238 -1808.892 -687.7092 -2509.782 -179.6668 -1104.819  -4.125126
E =  0.00156 | E_L =  0.00156 | E_A =  0.00000 |  36 flippped triangles
        phi0    phi0.1    phi0.2    phi0.3    phi0.4    phi0.5      phi0.6
id 56.000000  57.00000  62.00000  65.00000   69.0000   82.0000 461.0000000
A   9.041995  17.52494  35.67269  18.27966  139.1185  146.6220   0.9584043
a  -9.373513 -22.49101 -51.57382 -22.62330 -143.2773 -125.7128  -0.9107530
        phi0.7    phi0.8     phi0.9   phi0.10   phi0.11   phi0.12   phi0.13
id 469.0000000  475.0000   575.0000   647.000   657.000   660.000   699.000
A    0.8023880  145.3537 14277.4520  2557.030  2510.267  5114.061  2473.688
a   -0.8083695 -139.4093  -880.1259 -2563.768 -2368.180 -4842.433 -2472.898
     phi0.14   phi0.15   phi0.16   phi0.17   phi0.18   phi0.19   phi0.20
id  720.0000   738.000   749.000  750.0000   751.000  757.0000   765.000
A   678.0255  2454.267  8583.363  720.7819  1221.655  927.5594  3946.447
a  -674.1771 -2358.196 -8064.643 -452.9571 -1263.984 -419.5904 -3706.427
     phi0.21   phi0.22   phi0.23   phi0.24   phi0.25   phi0.26   phi0.27
id   767.000 769.00000   772.000 774.00000   778.000   780.000 789.00000
A   1184.384  17.89635  2385.229  18.45952  1203.196  2637.496 158.72036
a  -1041.085 -17.89754 -2570.262 -18.52839 -1266.334 -2644.666 -91.73308
     phi0.28   phi0.29   phi0.30   phi0.31   phi0.32   phi0.33   phi0.34
id  806.0000   885.000   887.000  895.0000   954.000  956.0000   977.000
A   317.7392 10905.048  7163.117  699.3619  2589.262  192.9387  1051.826
a  -369.1040 -5625.479 -1970.392 -685.5143 -2628.793 -177.5843 -1185.776
      phi0.35
id 985.000000
A    4.582909
a   -4.183474
E =  0.00151 | E_L =  0.00151 | E_A =  0.00000 |  36 flippped triangles
         phi0    phi0.1    phi0.2    phi0.3    phi0.4    phi0.5    phi0.6
id  56.000000  57.00000  62.00000  65.00000   69.0000   82.0000 450.00000
A    9.041995  17.52494  35.67269  18.27966  139.1185  146.6220 220.69339
a  -10.510303 -20.34092 -51.65266 -23.07282 -145.1782 -126.0606 -23.57942
        phi0.7      phi0.8    phi0.9   phi0.10  phi0.11   phi0.12   phi0.13
id 461.0000000 469.0000000  475.0000   575.000   647.00   657.000   660.000
A    0.9584043   0.8023880  145.3537 14277.452  2557.03  2510.267  5114.061
a   -0.9913907  -0.9142653 -118.9620 -4449.943 -2542.79 -2380.522 -4871.075
     phi0.14   phi0.15   phi0.16   phi0.17   phi0.18   phi0.19   phi0.20
id   699.000  720.0000   749.000  750.0000   751.000  757.0000   765.000
A   2473.688  678.0255  8583.363  720.7819  1221.655  927.5594  3946.447
a  -2458.208 -678.2498 -8771.543 -494.4237 -1046.183 -655.5629 -4413.375
     phi0.21   phi0.22   phi0.23   phi0.24   phi0.25   phi0.26   phi0.27
id   766.000  767.0000 769.00000   772.000 774.00000   778.000   780.000
A   8353.273 1184.3845  17.89635  2385.229  18.45952  1203.196  2637.496
a  -7809.704 -985.8611 -17.59655 -2804.318 -17.51364 -1129.931 -2534.639
     phi0.28   phi0.29   phi0.30   phi0.31   phi0.32   phi0.33   phi0.34
id 789.00000  806.0000   887.000  895.0000   954.000  956.0000   977.000
A  158.72036  317.7392  7163.117  699.3619  2589.262  192.9387  1051.826
a  -90.53014 -369.2968 -2286.408 -674.0533 -2662.981 -180.0234 -1213.459
      phi0.35
id 985.000000
A    4.582909
a   -3.940642
E =  0.00149 | E_L =  0.00149 | E_A =  0.00000 |  35 flippped triangles
         phi0    phi0.1    phi0.2    phi0.3    phi0.4    phi0.5      phi0.6
id  56.000000  57.00000  62.00000  65.00000   69.0000   82.0000 461.0000000
A    9.041995  17.52494  35.67269  18.27966  139.1185  146.6220   0.9584043
a  -10.691715 -20.92558 -49.67578 -21.73250 -144.7637 -126.4174  -1.0036370
        phi0.7    phi0.8    phi0.9   phi0.10   phi0.11   phi0.12   phi0.13
id 469.0000000  475.0000   575.000   647.000   657.000   660.000   699.000
A    0.8023880  145.3537 14277.452  2557.030  2510.267  5114.061  2473.688
a   -0.9421121 -121.6514 -3961.658 -2620.911 -2417.797 -4853.569 -2456.485
     phi0.14   phi0.15   phi0.16   phi0.17   phi0.18   phi0.19   phi0.20
id  720.0000   749.000  750.0000   751.000  757.0000   765.000   766.000
A   678.0255  8583.363  720.7819  1221.655  927.5594  3946.447  8353.273
a  -678.9287 -8728.470 -476.1642 -1226.671 -588.0935 -3742.603 -5206.332
     phi0.21   phi0.22   phi0.23   phi0.24   phi0.25   phi0.26   phi0.27
id   767.000 769.00000   772.000 774.00000   778.000   780.000 789.00000
A   1184.384  17.89635  2385.229  18.45952  1203.196  2637.496 158.72036
a  -1032.354 -17.99580 -2715.178 -18.53327 -1244.905 -2541.735 -49.61885
     phi0.28   phi0.29   phi0.30   phi0.31   phi0.32   phi0.33    phi0.34
id  806.0000   887.000  895.0000   954.000  956.0000   977.000 985.000000
A   317.7392  7163.117  699.3619  2589.262  192.9387  1051.826   4.582909
a  -393.3037 -1584.865 -687.3964 -2653.344 -179.7095 -1166.349  -4.134862
E =  0.00148 | E_L =  0.00148 | E_A =  0.00000 |  36 flippped triangles
         phi0    phi0.1    phi0.2    phi0.3    phi0.4    phi0.5     phi0.6
id  56.000000  57.00000  62.00000  65.00000   69.0000   82.0000 458.000000
A    9.041995  17.52494  35.67269  18.27966  139.1185  146.6220 263.392017
a  -11.368095 -19.43257 -49.62930 -24.04374 -145.4520 -127.1694  -1.871955
        phi0.7      phi0.8    phi0.9   phi0.10   phi0.11   phi0.12   phi0.13
id 461.0000000 469.0000000  475.0000   575.000   647.000   657.000   660.000
A    0.9584043   0.8023880  145.3537 14277.452  2557.030  2510.267  5114.061
a   -1.0065940  -0.9216747 -167.9852 -3163.033 -2591.325 -2450.629 -4858.814
     phi0.14   phi0.15   phi0.16   phi0.17   phi0.18   phi0.19   phi0.20
id   699.000  720.0000   749.000  750.0000   751.000  757.0000   765.000
A   2473.688  678.0255  8583.363  720.7819  1221.655  927.5594  3946.447
a  -2453.054 -677.0332 -8327.087 -511.2203 -1092.030 -481.2858 -4008.980
     phi0.21  phi0.22   phi0.23   phi0.24   phi0.25   phi0.26   phi0.27
id   766.000  767.000 769.00000   772.000 774.00000   778.000   780.000
A   8353.273 1184.384  17.89635  2385.229  18.45952  1203.196  2637.496
a  -6734.900 -967.905 -18.07201 -2733.589 -18.24777 -1125.380 -2557.172
     phi0.28   phi0.29   phi0.30   phi0.31   phi0.32   phi0.33   phi0.34
id  789.0000  806.0000   887.000  895.0000   954.000  956.0000   977.000
A   158.7204  317.7392  7163.117  699.3619  2589.262  192.9387  1051.826
a  -102.8406 -332.6084 -1844.782 -683.0198 -2649.167 -183.1591 -1249.941
      phi0.35
id 985.000000
A    4.582909
a   -4.009140
E =  0.00147 | E_L =  0.00147 | E_A =  0.00000 |  35 flippped triangles
         phi0    phi0.1    phi0.2    phi0.3    phi0.4    phi0.5      phi0.6
id  56.000000  57.00000  62.00000  65.00000   69.0000   82.0000 461.0000000
A    9.041995  17.52494  35.67269  18.27966  139.1185  146.6220   0.9584043
a  -10.314564 -21.38609 -50.53859 -23.34362 -143.5108 -124.9577  -1.0024358
        phi0.7    phi0.8    phi0.9   phi0.10   phi0.11   phi0.12   phi0.13
id 469.0000000  475.0000   575.000   647.000   657.000   660.000   699.000
A    0.8023880  145.3537 14277.452  2557.030  2510.267  5114.061  2473.688
a   -0.9125696 -136.4647 -3519.345 -2620.879 -2481.145 -4909.376 -2459.142
     phi0.14   phi0.15   phi0.16   phi0.17   phi0.18   phi0.19   phi0.20
id  720.0000   749.000  750.0000   751.000  757.0000   765.000   766.000
A   678.0255  8583.363  720.7819  1221.655  927.5594  3946.447  8353.273
a  -676.4625 -8662.190 -471.2557 -1210.487 -565.9227 -3793.237 -5532.944
     phi0.21   phi0.22   phi0.23   phi0.24   phi0.25   phi0.26   phi0.27
id  767.0000 769.00000   772.000 774.00000   778.000   780.000 789.00000
A  1184.3845  17.89635  2385.229  18.45952  1203.196  2637.496 158.72036
a  -972.6855 -18.13238 -2707.098 -18.57109 -1217.131 -2553.711 -48.75538
     phi0.28   phi0.29   phi0.30   phi0.31   phi0.32   phi0.33    phi0.34
id  806.0000   887.000  895.0000   954.000  956.0000   977.000 985.000000
A   317.7392  7163.117  699.3619  2589.262  192.9387  1051.826   4.582909
a  -384.5514 -1477.043 -692.0003 -2625.994 -181.9814 -1206.563  -4.166828
E =  0.00146 | E_L =  0.00146 | E_A =  0.00000 |  35 flippped triangles
         phi0    phi0.1    phi0.2    phi0.3    phi0.4    phi0.5      phi0.6
id  56.000000  57.00000  62.00000  65.00000   69.0000   82.0000 461.0000000
A    9.041995  17.52494  35.67269  18.27966  139.1185  146.6220   0.9584043
a  -10.502302 -21.54797 -51.00124 -24.68415 -144.8831 -124.9224  -1.0152700
        phi0.7    phi0.8    phi0.9   phi0.10   phi0.11   phi0.12   phi0.13
id 469.0000000  475.0000   575.000   647.000   657.000   660.000   699.000
A    0.8023880  145.3537 14277.452  2557.030  2510.267  5114.061  2473.688
a   -0.9233424 -144.3267 -3565.365 -2596.449 -2501.268 -4907.069 -2461.423
     phi0.14   phi0.15   phi0.16   phi0.17   phi0.18   phi0.19   phi0.20
id  720.0000   749.000  750.0000   751.000  757.0000   765.000   766.000
A   678.0255  8583.363  720.7819  1221.655  927.5594  3946.447  8353.273
a  -678.8745 -8413.344 -490.4528 -1097.789 -490.4429 -3996.014 -6526.784
     phi0.21   phi0.22   phi0.23   phi0.24   phi0.25   phi0.26    phi0.27
id  767.0000 769.00000   772.000 774.00000   778.000   780.000 789.000000
A  1184.3845  17.89635  2385.229  18.45952  1203.196  2637.496 158.720357
a  -953.6041 -18.16588 -2708.128 -18.40161 -1125.313 -2563.805  -8.312395
     phi0.28   phi0.29   phi0.30   phi0.31   phi0.32   phi0.33    phi0.34
id  806.0000   887.000  895.0000   954.000  956.0000   977.000 985.000000
A   317.7392  7163.117  699.3619  2589.262  192.9387  1051.826   4.582909
a  -364.8884 -1642.213 -683.0986 -2623.121 -183.7069 -1245.954  -4.150158
E =  0.00145 | E_L =  0.00145 | E_A =  0.00000 |  35 flippped triangles
        phi0    phi0.1    phi0.2    phi0.3    phi0.4    phi0.5      phi0.6
id 56.000000  57.00000  62.00000  65.00000   69.0000   82.0000 461.0000000
A   9.041995  17.52494  35.67269  18.27966  139.1185  146.6220   0.9584043
a  -9.659891 -22.27092 -52.16840 -24.18730 -143.7671 -125.7812  -0.9987518
        phi0.7    phi0.8   phi0.9   phi0.10   phi0.11   phi0.12   phi0.13
id 469.0000000  475.0000   575.00   647.000   657.000   660.000   699.000
A    0.8023880  145.3537 14277.45  2557.030  2510.267  5114.061  2473.688
a   -0.8991807 -136.9755 -3606.55 -2612.441 -2514.740 -4930.955 -2461.796
     phi0.14   phi0.15   phi0.16   phi0.17   phi0.18   phi0.19   phi0.20
id  720.0000   749.000  750.0000   751.000  757.0000   765.000   766.000
A   678.0255  8583.363  720.7819  1221.655  927.5594  3946.447  8353.273
a  -676.3837 -8618.371 -475.6710 -1199.062 -514.9326 -3808.244 -5664.713
     phi0.21   phi0.22   phi0.23   phi0.24   phi0.25   phi0.26   phi0.27
id  767.0000 769.00000   772.000 774.00000   778.000   780.000 789.00000
A  1184.3845  17.89635  2385.229  18.45952  1203.196  2637.496 158.72036
a  -970.8283 -18.25763 -2692.049 -18.70868 -1210.294 -2563.801 -61.78299
     phi0.28   phi0.29   phi0.30   phi0.31   phi0.32   phi0.33    phi0.34
id  806.0000   887.000  895.0000   954.000  956.0000   977.000 985.000000
A   317.7392  7163.117  699.3619  2589.262  192.9387  1051.826   4.582909
a  -373.5557 -1387.056 -691.7909 -2607.348 -183.2928 -1213.615  -4.144273
E =  0.00145 | E_L =  0.00145 | E_A =  0.00000 |  35 flippped triangles
         phi0    phi0.1    phi0.2    phi0.3    phi0.4    phi0.5      phi0.6
id  56.000000  57.00000  62.00000  65.00000   69.0000   82.0000 461.0000000
A    9.041995  17.52494  35.67269  18.27966  139.1185  146.6220   0.9584043
a  -10.597340 -21.35018 -50.76616 -23.78317 -144.3899 -126.1612  -0.9832323
        phi0.7    phi0.8    phi0.9   phi0.10   phi0.11   phi0.12   phi0.13
id 469.0000000  475.0000   575.000   647.000   657.000   660.000   699.000
A    0.8023880  145.3537 14277.452  2557.030  2510.267  5114.061  2473.688
a   -0.8831472 -136.9998 -3740.421 -2594.839 -2517.036 -4917.077 -2461.177
     phi0.14   phi0.15   phi0.16   phi0.17   phi0.18   phi0.19   phi0.20
id  720.0000   749.000  750.0000   751.000  757.0000   765.000   766.000
A   678.0255  8583.363  720.7819  1221.655  927.5594  3946.447  8353.273
a  -676.9302 -8397.855 -474.1587 -1108.418 -514.4311 -3949.470 -6334.679
     phi0.21   phi0.22   phi0.23   phi0.24   phi0.25   phi0.26   phi0.27
id  767.0000 769.00000   772.000 774.00000   778.000   780.000 789.00000
A  1184.3845  17.89635  2385.229  18.45952  1203.196  2637.496 158.72036
a  -953.4658 -18.22546 -2684.818 -18.47931 -1136.515 -2566.915 -46.88009
     phi0.28   phi0.29   phi0.30   phi0.31   phi0.32   phi0.33    phi0.34
id  806.0000   887.000  895.0000   954.000  956.0000   977.000 985.000000
A   317.7392  7163.117  699.3619  2589.262  192.9387  1051.826   4.582909
a  -379.2864 -1502.988 -686.8873 -2609.598 -184.2022 -1244.651  -4.176057
E =  0.00145 | E_L =  0.00145 | E_A =  0.00000 |  35 flippped triangles
         phi0    phi0.1    phi0.2    phi0.3    phi0.4    phi0.5      phi0.6
id  56.000000  57.00000  62.00000  65.00000   69.0000   82.0000 461.0000000
A    9.041995  17.52494  35.67269  18.27966  139.1185  146.6220   0.9584043
a  -10.259776 -21.66520 -51.52097 -23.80035 -144.6208 -124.9399  -0.9991401
        phi0.7    phi0.8    phi0.9   phi0.10   phi0.11   phi0.12   phi0.13
id 469.0000000  475.0000   575.000   647.000   657.000   660.000   699.000
A    0.8023880  145.3537 14277.452  2557.030  2510.267  5114.061  2473.688
a   -0.9057979 -133.7851 -3640.192 -2603.434 -2531.373 -4945.538 -2462.930
     phi0.14   phi0.15   phi0.16   phi0.17   phi0.18   phi0.19   phi0.20
id  720.0000   749.000  750.0000   751.000  757.0000   765.000   766.000
A   678.0255  8583.363  720.7819  1221.655  927.5594  3946.447  8353.273
a  -675.4138 -8589.660 -467.8062 -1189.339 -541.1765 -3826.181 -5766.476
     phi0.21   phi0.22   phi0.23   phi0.24   phi0.25   phi0.26   phi0.27
id  767.0000 769.00000   772.000 774.00000   778.000   780.000 789.00000
A  1184.3845  17.89635  2385.229  18.45952  1203.196  2637.496 158.72036
a  -966.1064 -18.13887 -2695.650 -18.59514 -1201.297 -2574.049 -65.18334
     phi0.28   phi0.29   phi0.30   phi0.31   phi0.32   phi0.33    phi0.34
id  806.0000   887.000  895.0000   954.000  956.0000   977.000 985.000000
A   317.7392  7163.117  699.3619  2589.262  192.9387  1051.826   4.582909
a  -380.7252 -1345.516 -692.3231 -2593.602 -183.8612 -1219.668  -4.149616
E =  0.00144 | E_L =  0.00144 | E_A =  0.00000 |  35 flippped triangles
         phi0    phi0.1    phi0.2    phi0.3    phi0.4   phi0.5      phi0.6
id  56.000000  57.00000  62.00000  65.00000   69.0000   82.000 461.0000000
A    9.041995  17.52494  35.67269  18.27966  139.1185  146.622   0.9584043
a  -10.212681 -21.79713 -51.69615 -23.73264 -144.3929 -125.379  -1.0011398
       phi0.7    phi0.8    phi0.9   phi0.10   phi0.11   phi0.12   phi0.13
id 469.000000  475.0000   575.000   647.000   657.000   660.000   699.000
A    0.802388  145.3537 14277.452  2557.030  2510.267  5114.061  2473.688
a   -0.907895 -126.6324 -3752.867 -2598.072 -2531.748 -4926.570 -2465.036
     phi0.14   phi0.15   phi0.16   phi0.17   phi0.18   phi0.19   phi0.20
id  720.0000   749.000  750.0000   751.000  757.0000   765.000   766.000
A   678.0255  8583.363  720.7819  1221.655  927.5594  3946.447  8353.273
a  -674.1782 -8493.363 -461.9719 -1119.032 -572.3942 -3926.937 -6341.889
     phi0.21   phi0.22   phi0.23   phi0.24   phi0.25   phi0.26   phi0.27
id  767.0000 769.00000   772.000 774.00000   778.000   780.000 789.00000
A  1184.3845  17.89635  2385.229  18.45952  1203.196  2637.496 158.72036
a  -960.2177 -18.29262 -2719.998 -18.58088 -1143.385 -2575.085 -44.40726
     phi0.28   phi0.29   phi0.30   phi0.31   phi0.32   phi0.33    phi0.34
id  806.0000   887.000  895.0000   954.000  956.0000   977.000 985.000000
A   317.7392  7163.117  699.3619  2589.262  192.9387  1051.826   4.582909
a  -392.4821 -1427.917 -694.6155 -2580.863 -183.9690 -1244.596  -4.166620
E =  0.00144 | E_L =  0.00144 | E_A =  0.00000 |  35 flippped triangles
         phi0    phi0.1    phi0.2    phi0.3    phi0.4    phi0.5      phi0.6
id  56.000000  57.00000  62.00000  65.00000   69.0000   82.0000 461.0000000
A    9.041995  17.52494  35.67269  18.27966  139.1185  146.6220   0.9584043
a  -10.041224 -21.65525 -51.26567 -23.43732 -144.5064 -125.6355  -0.9764594
       phi0.7    phi0.8    phi0.9   phi0.10   phi0.11   phi0.12   phi0.13
id 469.000000  475.0000   575.000   647.000   657.000   660.000   699.000
A    0.802388  145.3537 14277.452  2557.030  2510.267  5114.061  2473.688
a   -0.888162 -132.8747 -3663.002 -2605.437 -2531.783 -4942.915 -2468.688
     phi0.14   phi0.15   phi0.16   phi0.17   phi0.18   phi0.19   phi0.20
id  720.0000   749.000  750.0000   751.000  757.0000   765.000   766.000
A   678.0255  8583.363  720.7819  1221.655  927.5594  3946.447  8353.273
a  -674.6274 -8583.434 -444.0549 -1183.781 -530.3057 -3806.636 -5851.879
     phi0.21   phi0.22   phi0.23   phi0.24   phi0.25   phi0.26   phi0.27
id  767.0000 769.00000   772.000 774.00000   778.000   780.000 789.00000
A  1184.3845  17.89635  2385.229  18.45952  1203.196  2637.496 158.72036
a  -956.6587 -18.42517 -2659.272 -18.80503 -1190.703 -2574.041 -31.76841
     phi0.28   phi0.29   phi0.30   phi0.31   phi0.32   phi0.33    phi0.34
id  806.0000   887.000  895.0000   954.000  956.0000   977.000 985.000000
A   317.7392  7163.117  699.3619  2589.262  192.9387  1051.826   4.582909
a  -381.7108 -1304.473 -696.1133 -2578.685 -183.9579 -1230.366  -4.094859
FIRE:  14  stops.  4 hits of maxmove.  0 hits of dtmax.
Frms = 5.59130390886691e-05; Ftanrms = 5.59129822421521e-05
E =  0.00392 | E_L =  0.00325 | E_A =  0.00066 |   0 flippped triangles
FIRE:  1  stops.  0 hits of maxmove.  0 hits of dtmax.
Frms = 9.31856038304714e-06; Ftanrms = 9.31830030387484e-06
E =  0.00317 | E_L =  0.00314 | E_A =  0.00003 |   0 flippped triangles
E =  0.00189 | E_L =  0.00188 | E_A =  0.00000 |   0 flippped triangles
E =  0.00189 | E_L =  0.00188 | E_A =  0.00000 |   0 flippped triangles
Optimising mapping with BFGS...
E =  0.00188 | E_L =  0.00188 | E_A =  0.00000 |   0 flippped triangles
E =  0.00188 | E_L =  0.00188 | E_A =  0.00000 |   0 flippped triangles
Transforming image...
Mapping optimised. Error: 0.001882476 ; 0 flipped triangles.
Inferring coordinates of datapoints
Inferring coordinates of landmarks
Mapping optimised. Error: 0.001882476 ; 0 flipped triangles. OD displacement: 5.709224 degrees.
Computing Kernel Density estimates of datapoints

[1] 0.725
Saving adult_retina/data/nAChR-B2/GMB614/R-CONTRA/r.mat
