[1] "Adding old segment 1"
[1] "Storing new segment 1"
[1] "Adding old segment 2"
[1] "Adding old segment 3"
[1] "Adding old segment 4"
[1] "Adding old segment 5"
[1] "Storing new segment 2"
simplify.outline: Removing vertex 30
Triangulating...
Stitching...
Tear 1 child of rim
Tear 2 child of rim
Tear 3 child of rim
Tear 4 child of rim
Tear 1 : Sf = 1300.08480123559 ; Sb = 1266.6885963014
  Forwards path
    i = 127 ; sf/Sf = 0.33994388653026 ; sf = 441.955880150949
      k =    9 ; sb/Sb = 0 ; sb = 0
      k =  266 ; sb/Sb = 0.25 ; sb = 316.672149075349
      k =  167 ; sb/Sb = 0.5 ; sb = 633.344298150698
      Creating new point: f = 0.359775546121041
    i = 10 ; sf/Sf = 0.679887773060521 ; sf = 883.911760301898
      k =    9 ; sb/Sb = 0 ; sb = 0
      k =  266 ; sb/Sb = 0.25 ; sb = 316.672149075349
      k =  167 ; sb/Sb = 0.5 ; sb = 633.344298150698
      k =  268 ; sb/Sb = 0.75 ; sb = 950.016447226047
      Creating new point: f = 0.719551092242083
Tear 2 : Sf = 1603.07549560318 ; Sb = 1802.96180865738
  Forwards path
    i = 17 ; sf/Sf = 0.254538302395129 ; sf = 408.044115262063
      k =   16 ; sb/Sb = 0 ; sb = 0
      k =   15 ; sb/Sb = 0.184371849240353 ; sb = 332.415402771893
      k =   14 ; sb/Sb = 0.407128488139732 ; sb = 734.037115332357
      Creating new point: f = 0.314991523940484
    i = 285 ; sf/Sf = 0.440903726796346 ; sf = 706.801960347343
      k =   16 ; sb/Sb = 0 ; sb = 0
      k =   15 ; sb/Sb = 0.184371849240353 ; sb = 332.415402771893
      k =   14 ; sb/Sb = 0.407128488139732 ; sb = 734.037115332357
      k =   62 ; sb/Sb = 0.703564244069866 ; sb = 1268.49946199487
      Creating new point: f = 0.113937802646772
    i = 37 ; sf/Sf = 0.627269151197564 ; sf = 1005.55980543262
      k =   16 ; sb/Sb = 0 ; sb = 0
      k =   15 ; sb/Sb = 0.184371849240353 ; sb = 332.415402771893
      k =   14 ; sb/Sb = 0.407128488139732 ; sb = 734.037115332357
      k =   62 ; sb/Sb = 0.703564244069866 ; sb = 1268.49946199487
      Creating new point: f = 0.742625201764515
    i = 39 ; sf/Sf = 0.813634575598782 ; sf = 1304.3176505179
      k =   16 ; sb/Sb = 0 ; sb = 0
      k =   15 ; sb/Sb = 0.184371849240353 ; sb = 332.415402771893
      k =   14 ; sb/Sb = 0.407128488139732 ; sb = 734.037115332357
      k =   62 ; sb/Sb = 0.703564244069866 ; sb = 1268.49946199487
      k =   13 ; sb/Sb = 1 ; sb = 1802.96180865738
      Creating new point: f = 0.371312600882257
    i = 40 ; sf/Sf = 0.906817287799391 ; sf = 1453.69657306054
      k =   16 ; sb/Sb = 0 ; sb = 0
      k =   15 ; sb/Sb = 0.184371849240353 ; sb = 332.415402771893
      k =   14 ; sb/Sb = 0.407128488139732 ; sb = 734.037115332357
      k =   62 ; sb/Sb = 0.703564244069866 ; sb = 1268.49946199487
      k =   13 ; sb/Sb = 1 ; sb = 1802.96180865738
      Creating new point: f = 0.685656300441129
Tear 3 : Sf = 1801.00783347518 ; Sb = 1718.88366313605
  Forwards path
    i = 375 ; sf/Sf = 0.12997944476604 ; sf = 234.093998214393
      k =   24 ; sb/Sb = 0 ; sb = 0
      k =  313 ; sb/Sb = 0.170832350960146 ; sb = 293.64093720052
      Creating new point: f = 0.760859661741489
    i = 25 ; sf/Sf = 0.25995888953208 ; sf = 468.187996428785
      k =   24 ; sb/Sb = 0 ; sb = 0
      k =  313 ; sb/Sb = 0.170832350960146 ; sb = 293.640937200521
      k =   23 ; sb/Sb = 0.341664701920293 ; sb = 587.281874401041
      Creating new point: f = 0.521719323482977
    i = 26 ; sf/Sf = 0.556742229760166 ; sf = 1002.6971170245
      k =   24 ; sb/Sb = 0 ; sb = 0
      k =  313 ; sb/Sb = 0.170832350960146 ; sb = 293.640937200521
      k =   23 ; sb/Sb = 0.341664701920293 ; sb = 587.281874401041
      k =  322 ; sb/Sb = 0.548521594900767 ; sb = 942.844808352261
      k =   22 ; sb/Sb = 0.755378487881241 ; sb = 1298.40774230348
      Creating new point: f = 0.0397406861379038
    i = 372 ; sf/Sf = 0.778371114880083 ; sf = 1401.85247524984
      k =   24 ; sb/Sb = 0 ; sb = 0
      k =  313 ; sb/Sb = 0.170832350960146 ; sb = 293.640937200521
      k =   23 ; sb/Sb = 0.341664701920293 ; sb = 587.281874401041
      k =  322 ; sb/Sb = 0.548521594900767 ; sb = 942.844808352261
      k =   22 ; sb/Sb = 0.755378487881241 ; sb = 1298.40774230348
      k =   21 ; sb/Sb = 1 ; sb = 1718.88366313605
      Creating new point: f = 0.0939926615598676
Tear 4 : Sf = 3806.02089616722 ; Sb = 4137.1393066376
  Forwards path
    i = 54 ; sf/Sf = 0.124719258888705 ; sf = 474.6841054849
      k =    1 ; sb/Sb = 0 ; sb = 0
      k =   36 ; sb/Sb = 0.0076436335007981 ; sb = 31.6227766016838
      k =   38 ; sb/Sb = 0.0567208798765038 ; sb = 234.662181644153
      k =   35 ; sb/Sb = 0.105798126252209 ; sb = 437.701586686623
      k =  256 ; sb/Sb = 0.18937716055875 ; sb = 783.479694727025
      Creating new point: f = 0.226386112180944
    i = 2 ; sf/Sf = 0.24943851777741 ; sf = 949.368210969801
      k =    1 ; sb/Sb = 0 ; sb = 0
      k =   36 ; sb/Sb = 0.0076436335007981 ; sb = 31.6227766016838
      k =   38 ; sb/Sb = 0.0567208798765038 ; sb = 234.662181644153
      k =   35 ; sb/Sb = 0.105798126252209 ; sb = 437.701586686623
      k =  256 ; sb/Sb = 0.18937716055875 ; sb = 783.479694727025
      k =  251 ; sb/Sb = 0.272956194865291 ; sb = 1129.25780276743
      Creating new point: f = 0.71861750637575
    i = 279 ; sf/Sf = 0.395591112980963 ; sf = 1505.62804234359
      k =    1 ; sb/Sb = 0 ; sb = 0
      k =   36 ; sb/Sb = 0.0076436335007981 ; sb = 31.6227766016838
      k =   38 ; sb/Sb = 0.0567208798765038 ; sb = 234.662181644153
      k =   35 ; sb/Sb = 0.105798126252209 ; sb = 437.701586686623
      k =  256 ; sb/Sb = 0.18937716055875 ; sb = 783.479694727025
      k =  251 ; sb/Sb = 0.272956194865291 ; sb = 1129.25780276743
      k =  254 ; sb/Sb = 0.356535229171832 ; sb = 1475.03591080783
      k =   34 ; sb/Sb = 0.440114263478373 ; sb = 1820.81401884823
      Creating new point: f = 0.467292834060356
    i = 296 ; sf/Sf = 0.46866741058274 ; sf = 1783.75795803049
      k =    1 ; sb/Sb = 0 ; sb = 0
      k =   36 ; sb/Sb = 0.0076436335007981 ; sb = 31.6227766016838
      k =   38 ; sb/Sb = 0.0567208798765038 ; sb = 234.662181644153
      k =   35 ; sb/Sb = 0.105798126252209 ; sb = 437.701586686623
      k =  256 ; sb/Sb = 0.18937716055875 ; sb = 783.479694727025
      k =  251 ; sb/Sb = 0.272956194865291 ; sb = 1129.25780276743
      k =  254 ; sb/Sb = 0.356535229171832 ; sb = 1475.03591080783
      k =   34 ; sb/Sb = 0.440114263478373 ; sb = 1820.81401884823
      k =   33 ; sb/Sb = 0.48899767522066 ; sb = 2023.0515030098
      Creating new point: f = 0.584107084319295
    i = 3 ; sf/Sf = 0.541743708184516 ; sf = 2061.88787371739
      k =    1 ; sb/Sb = 0 ; sb = 0
      k =   36 ; sb/Sb = 0.0076436335007981 ; sb = 31.6227766016838
      k =   38 ; sb/Sb = 0.0567208798765038 ; sb = 234.662181644153
      k =   35 ; sb/Sb = 0.105798126252209 ; sb = 437.701586686623
      k =  256 ; sb/Sb = 0.18937716055875 ; sb = 783.479694727025
      k =  251 ; sb/Sb = 0.272956194865291 ; sb = 1129.25780276743
      k =  254 ; sb/Sb = 0.356535229171832 ; sb = 1475.03591080783
      k =   34 ; sb/Sb = 0.440114263478373 ; sb = 1820.81401884823
      k =   33 ; sb/Sb = 0.48899767522066 ; sb = 2023.0515030098
      k =  340 ; sb/Sb = 0.61640239492125 ; sb = 2550.14257673425
      Creating new point: f = 0.414003759733651
    i = 299 ; sf/Sf = 0.659245321470538 ; sf = 2509.10146921734
      k =    1 ; sb/Sb = 0 ; sb = 0
      k =   36 ; sb/Sb = 0.0076436335007981 ; sb = 31.6227766016838
      k =   38 ; sb/Sb = 0.0567208798765038 ; sb = 234.662181644153
      k =   35 ; sb/Sb = 0.105798126252209 ; sb = 437.701586686623
      k =  256 ; sb/Sb = 0.18937716055875 ; sb = 783.479694727025
      k =  251 ; sb/Sb = 0.272956194865291 ; sb = 1129.25780276743
      k =  254 ; sb/Sb = 0.356535229171832 ; sb = 1475.03591080783
      k =   34 ; sb/Sb = 0.440114263478373 ; sb = 1820.81401884823
      k =   33 ; sb/Sb = 0.48899767522066 ; sb = 2023.0515030098
      k =  340 ; sb/Sb = 0.61640239492125 ; sb = 2550.14257673425
      k =  383 ; sb/Sb = 0.680104754771545 ; sb = 2813.68811359648
      Creating new point: f = 0.672548499772565
    i = 4 ; sf/Sf = 0.776746934756559 ; sf = 2956.3150647173
      k =    1 ; sb/Sb = 0 ; sb = 0
      k =   36 ; sb/Sb = 0.0076436335007981 ; sb = 31.6227766016838
      k =   38 ; sb/Sb = 0.0567208798765038 ; sb = 234.662181644153
      k =   35 ; sb/Sb = 0.105798126252209 ; sb = 437.701586686623
      k =  256 ; sb/Sb = 0.18937716055875 ; sb = 783.479694727025
      k =  251 ; sb/Sb = 0.272956194865291 ; sb = 1129.25780276743
      k =  254 ; sb/Sb = 0.356535229171832 ; sb = 1475.03591080783
      k =   34 ; sb/Sb = 0.440114263478373 ; sb = 1820.81401884823
      k =   33 ; sb/Sb = 0.48899767522066 ; sb = 2023.0515030098
      k =  340 ; sb/Sb = 0.61640239492125 ; sb = 2550.14257673425
      k =  383 ; sb/Sb = 0.680104754771545 ; sb = 2813.68811359648
      k =   32 ; sb/Sb = 0.74380711462184 ; sb = 3077.23365045871
      k =  390 ; sb/Sb = 0.80785533596638 ; sb = 3342.21006450343
      Creating new point: f = 0.514297188012817
    i = 407 ; sf/Sf = 0.888373467378279 ; sf = 3381.16798044226
      k =    1 ; sb/Sb = 0 ; sb = 0
      k =   36 ; sb/Sb = 0.0076436335007981 ; sb = 31.6227766016838
      k =   38 ; sb/Sb = 0.0567208798765038 ; sb = 234.662181644153
      k =   35 ; sb/Sb = 0.105798126252209 ; sb = 437.701586686623
      k =  256 ; sb/Sb = 0.18937716055875 ; sb = 783.479694727025
      k =  251 ; sb/Sb = 0.272956194865291 ; sb = 1129.25780276743
      k =  254 ; sb/Sb = 0.356535229171832 ; sb = 1475.03591080783
      k =   34 ; sb/Sb = 0.440114263478373 ; sb = 1820.81401884823
      k =   33 ; sb/Sb = 0.48899767522066 ; sb = 2023.0515030098
      k =  340 ; sb/Sb = 0.61640239492125 ; sb = 2550.14257673425
      k =  383 ; sb/Sb = 0.680104754771545 ; sb = 2813.68811359648
      k =   32 ; sb/Sb = 0.74380711462184 ; sb = 3077.23365045871
      k =  390 ; sb/Sb = 0.80785533596638 ; sb = 3342.21006450343
      k =  387 ; sb/Sb = 0.87190355731092 ; sb = 3607.18647854815
      k =   31 ; sb/Sb = 1 ; sb = 4137.1393066376
      Creating new point: f = 0.128574297003205
Tear 1 : Sf = 1266.6885963014 ; Sb = 1300.08480123559
  Backwards path
    i = 266 ; sf/Sf = 0.25 ; sf = 316.672149075349
      k =    9 ; sb/Sb = 0 ; sb = 0
      k =  127 ; sb/Sb = 0.33994388653026 ; sb = 441.955880150949
      Creating new point: f = 0.735415490337833
    i = 167 ; sf/Sf = 0.5 ; sf = 633.344298150698
      k =    9 ; sb/Sb = 0 ; sb = 0
      k =  127 ; sb/Sb = 0.33994388653026 ; sb = 441.955880150949
      k =   10 ; sb/Sb = 0.679887773060521 ; sb = 883.911760301898
      Creating new point: f = 0.470830980675665
    i = 268 ; sf/Sf = 0.75 ; sf = 950.016447226047
      k =    9 ; sb/Sb = 0 ; sb = 0
      k =  127 ; sb/Sb = 0.33994388653026 ; sb = 441.955880150949
      k =   10 ; sb/Sb = 0.679887773060521 ; sb = 883.911760301898
      k =   11 ; sb/Sb = 1 ; sb = 1300.08480123559
      Creating new point: f = 0.219023895493797
Tear 2 : Sf = 1802.96180865738 ; Sb = 1603.07549560318
  Backwards path
    i = 15 ; sf/Sf = 0.184371849240353 ; sf = 332.415402771893
      k =   16 ; sb/Sb = 0 ; sb = 0
      k =   17 ; sb/Sb = 0.254538302395129 ; sb = 408.044115262063
      Creating new point: f = 0.724338331423875
    i = 14 ; sf/Sf = 0.407128488139732 ; sf = 734.037115332357
      k =   16 ; sb/Sb = 0 ; sb = 0
      k =   17 ; sb/Sb = 0.254538302395128 ; sb = 408.044115262063
      k =  285 ; sb/Sb = 0.440903726796346 ; sb = 706.801960347343
      Creating new point: f = 0.818768750882133
    i = 62 ; sf/Sf = 0.703564244069866 ; sf = 1268.49946199487
      k =   16 ; sb/Sb = 0 ; sb = 0
      k =   17 ; sb/Sb = 0.254538302395128 ; sb = 408.044115262063
      k =  285 ; sb/Sb = 0.440903726796346 ; sb = 706.801960347343
      k =   37 ; sb/Sb = 0.627269151197564 ; sb = 1005.55980543262
      k =   39 ; sb/Sb = 0.813634575598782 ; sb = 1304.3176505179
      Creating new point: f = 0.409384375441066
Tear 3 : Sf = 1718.88366313605 ; Sb = 1801.00783347518
  Backwards path
    i = 313 ; sf/Sf = 0.170832350960146 ; sf = 293.640937200521
      k =   24 ; sb/Sb = 0 ; sb = 0
      k =  375 ; sb/Sb = 0.12997944476604 ; sb = 234.093998214393
      k =   25 ; sb/Sb = 0.25995888953208 ; sb = 468.187996428785
      Creating new point: f = 0.314302821247162
    i = 23 ; sf/Sf = 0.341664701920293 ; sf = 587.281874401041
      k =   24 ; sb/Sb = 0 ; sb = 0
      k =  375 ; sb/Sb = 0.12997944476604 ; sb = 234.093998214393
      k =   25 ; sb/Sb = 0.25995888953208 ; sb = 468.187996428785
      k =   26 ; sb/Sb = 0.556742229760166 ; sb = 1002.6971170245
      Creating new point: f = 0.275304578503023
    i = 322 ; sf/Sf = 0.548521594900767 ; sf = 942.844808352261
      k =   24 ; sb/Sb = 0 ; sb = 0
      k =  375 ; sb/Sb = 0.12997944476604 ; sb = 234.093998214393
      k =   25 ; sb/Sb = 0.25995888953208 ; sb = 468.187996428785
      k =   26 ; sb/Sb = 0.556742229760166 ; sb = 1002.6971170245
      Creating new point: f = 0.972300888408759
    i = 22 ; sf/Sf = 0.755378487881241 ; sf = 1298.40774230348
      k =   24 ; sb/Sb = 0 ; sb = 0
      k =  375 ; sb/Sb = 0.12997944476604 ; sb = 234.093998214393
      k =   25 ; sb/Sb = 0.25995888953208 ; sb = 468.187996428785
      k =   26 ; sb/Sb = 0.556742229760166 ; sb = 1002.6971170245
      k =  372 ; sb/Sb = 0.778371114880083 ; sb = 1401.85247524984
      Creating new point: f = 0.896256180748277
Tear 4 : Sf = 4137.1393066376 ; Sb = 3806.02089616722
  Backwards path
    i = 36 ; sf/Sf = 0.00764363350079811 ; sf = 31.6227766016838
      k =    1 ; sb/Sb = 0 ; sb = 0
      k =   54 ; sb/Sb = 0.124719258888705 ; sb = 474.6841054849
      Creating new point: f = 0.0612867136070702
    i = 38 ; sf/Sf = 0.0567208798765038 ; sf = 234.662181644153
      k =    1 ; sb/Sb = 0 ; sb = 0
      k =   54 ; sb/Sb = 0.124719258888705 ; sb = 474.6841054849
      Creating new point: f = 0.454788461556843
    i = 35 ; sf/Sf = 0.105798126252209 ; sf = 437.701586686623
      k =    1 ; sb/Sb = 0 ; sb = 0
      k =   54 ; sb/Sb = 0.124719258888705 ; sb = 474.6841054849
      Creating new point: f = 0.848290209506617
    i = 256 ; sf/Sf = 0.18937716055875 ; sf = 783.479694727025
      k =    1 ; sb/Sb = 0 ; sb = 0
      k =   54 ; sb/Sb = 0.124719258888705 ; sb = 474.6841054849
      k =    2 ; sb/Sb = 0.24943851777741 ; sb = 949.368210969801
      Creating new point: f = 0.518427564805719
    i = 251 ; sf/Sf = 0.272956194865291 ; sf = 1129.25780276743
      k =    1 ; sb/Sb = 0 ; sb = 0
      k =   54 ; sb/Sb = 0.124719258888705 ; sb = 474.6841054849
      k =    2 ; sb/Sb = 0.24943851777741 ; sb = 949.368210969801
      k =  279 ; sb/Sb = 0.395591112980963 ; sb = 1505.62804234359
      Creating new point: f = 0.160911799445827
    i = 254 ; sf/Sf = 0.356535229171832 ; sf = 1475.03591080783
      k =    1 ; sb/Sb = 0 ; sb = 0
      k =   54 ; sb/Sb = 0.124719258888705 ; sb = 474.6841054849
      k =    2 ; sb/Sb = 0.24943851777741 ; sb = 949.368210969801
      k =  279 ; sb/Sb = 0.395591112980963 ; sb = 1505.62804234359
      Creating new point: f = 0.732773244602764
    i = 34 ; sf/Sf = 0.440114263478373 ; sf = 1820.81401884823
      k =    1 ; sb/Sb = 0 ; sb = 0
      k =   54 ; sb/Sb = 0.124719258888705 ; sb = 474.6841054849
      k =    2 ; sb/Sb = 0.24943851777741 ; sb = 949.368210969801
      k =  279 ; sb/Sb = 0.395591112980963 ; sb = 1505.62804234359
      k =  296 ; sb/Sb = 0.46866741058274 ; sb = 1783.75795803049
      Creating new point: f = 0.609269379519404
    i = 33 ; sf/Sf = 0.48899767522066 ; sf = 2023.0515030098
      k =    1 ; sb/Sb = 0 ; sb = 0
      k =   54 ; sb/Sb = 0.124719258888705 ; sb = 474.6841054849
      k =    2 ; sb/Sb = 0.24943851777741 ; sb = 949.368210969801
      k =  279 ; sb/Sb = 0.395591112980963 ; sb = 1505.62804234359
      k =  296 ; sb/Sb = 0.46866741058274 ; sb = 1783.75795803049
      k =    3 ; sb/Sb = 0.541743708184516 ; sb = 2061.88787371739
      Creating new point: f = 0.278206002563356
    i = 340 ; sf/Sf = 0.61640239492125 ; sf = 2550.14257673425
      k =    1 ; sb/Sb = 0 ; sb = 0
      k =   54 ; sb/Sb = 0.124719258888705 ; sb = 474.6841054849
      k =    2 ; sb/Sb = 0.24943851777741 ; sb = 949.368210969801
      k =  279 ; sb/Sb = 0.395591112980963 ; sb = 1505.62804234359
      k =  296 ; sb/Sb = 0.46866741058274 ; sb = 1783.75795803049
      k =    3 ; sb/Sb = 0.541743708184516 ; sb = 2061.88787371739
      k =  299 ; sb/Sb = 0.659245321470538 ; sb = 2509.10146921734
      Creating new point: f = 0.635384354723711
    i = 383 ; sf/Sf = 0.680104754771545 ; sf = 2813.68811359648
      k =    1 ; sb/Sb = 0 ; sb = 0
      k =   54 ; sb/Sb = 0.124719258888705 ; sb = 474.6841054849
      k =    2 ; sb/Sb = 0.24943851777741 ; sb = 949.368210969801
      k =  279 ; sb/Sb = 0.395591112980963 ; sb = 1505.62804234359
      k =  296 ; sb/Sb = 0.46866741058274 ; sb = 1783.75795803049
      k =    3 ; sb/Sb = 0.541743708184516 ; sb = 2061.88787371739
      k =  299 ; sb/Sb = 0.659245321470538 ; sb = 2509.10146921734
      k =    4 ; sb/Sb = 0.776746934756559 ; sb = 2956.3150647173
      Creating new point: f = 0.177524654493307
    i = 32 ; sf/Sf = 0.74380711462184 ; sf = 3077.23365045871
      k =    1 ; sb/Sb = 0 ; sb = 0
      k =   54 ; sb/Sb = 0.124719258888705 ; sb = 474.6841054849
      k =    2 ; sb/Sb = 0.24943851777741 ; sb = 949.368210969801
      k =  279 ; sb/Sb = 0.395591112980963 ; sb = 1505.62804234359
      k =  296 ; sb/Sb = 0.46866741058274 ; sb = 1783.75795803049
      k =    3 ; sb/Sb = 0.541743708184516 ; sb = 2061.88787371739
      k =  299 ; sb/Sb = 0.659245321470538 ; sb = 2509.10146921734
      k =    4 ; sb/Sb = 0.776746934756559 ; sb = 2956.3150647173
      Creating new point: f = 0.719664954262904
    i = 390 ; sf/Sf = 0.80785533596638 ; sf = 3342.21006450343
      k =    1 ; sb/Sb = 0 ; sb = 0
      k =   54 ; sb/Sb = 0.124719258888705 ; sb = 474.6841054849
      k =    2 ; sb/Sb = 0.24943851777741 ; sb = 949.368210969801
      k =  279 ; sb/Sb = 0.395591112980963 ; sb = 1505.62804234359
      k =  296 ; sb/Sb = 0.46866741058274 ; sb = 1783.75795803049
      k =    3 ; sb/Sb = 0.541743708184516 ; sb = 2061.88787371739
      k =  299 ; sb/Sb = 0.659245321470538 ; sb = 2509.10146921734
      k =    4 ; sb/Sb = 0.776746934756559 ; sb = 2956.3150647173
      k =  407 ; sb/Sb = 0.88837346737828 ; sb = 3381.16798044226
      Creating new point: f = 0.27868285862861
    i = 387 ; sf/Sf = 0.87190355731092 ; sf = 3607.18647854815
      k =    1 ; sb/Sb = 0 ; sb = 0
      k =   54 ; sb/Sb = 0.124719258888705 ; sb = 474.6841054849
      k =    2 ; sb/Sb = 0.24943851777741 ; sb = 949.368210969801
      k =  279 ; sb/Sb = 0.395591112980963 ; sb = 1505.62804234359
      k =  296 ; sb/Sb = 0.46866741058274 ; sb = 1783.75795803049
      k =    3 ; sb/Sb = 0.541743708184516 ; sb = 2061.88787371739
      k =  299 ; sb/Sb = 0.659245321470538 ; sb = 2509.10146921734
      k =    4 ; sb/Sb = 0.776746934756559 ; sb = 2956.3150647173
      k =  407 ; sb/Sb = 0.88837346737828 ; sb = 3381.16798044226
      Creating new point: f = 0.852455239085737
Triangulating...
Merging points...
Projecting to sphere...
Optimising mapping with FIRE...
E =  0.00245 | E_L =  0.00245 | E_A =  0.00000 |   0 flippped triangles
E =  0.00224 | E_L =  0.00224 | E_A =  0.00000 |   8 flippped triangles
        phi0    phi0.1    phi0.2    phi0.3    phi0.4    phi0.5    phi0.6
id   46.0000    59.000    80.000    81.000     93.00   228.000  518.0000
A   538.7718  3948.659  9008.122 14184.099  12853.98  4994.761 1346.9294
a  -601.0852 -3773.730 -8163.823 -5800.382 -10315.51 -4131.986 -889.1897
      phi0.7
id  528.0000
A  1139.9529
a  -725.4138
E =  0.00213 | E_L =  0.00213 | E_A =  0.00000 |  12 flippped triangles
        phi0    phi0.1    phi0.2    phi0.3    phi0.4    phi0.5    phi0.6
id   46.0000    59.000    80.000    81.000     93.00   228.000   229.000
A   538.7718  3948.659  9008.122 14184.099  12853.98  4994.761 25754.443
a  -518.6490 -3196.219 -6583.499 -1890.424 -10005.83 -4098.348 -9484.467
      phi0.7    phi0.8    phi0.9   phi0.10   phi0.11
id   231.000    239.00   518.000   528.000    762.00
A  28957.543  17203.39  1346.929  1139.953  23970.18
a  -2707.105 -14409.91 -1262.284 -1179.128 -19194.16
E =  0.00211 | E_L =  0.00211 | E_A =  0.00000 |  12 flippped triangles
        phi0    phi0.1    phi0.2    phi0.3    phi0.4    phi0.5    phi0.6
id   46.0000    59.000    80.000    81.000     93.00   228.000    229.00
A   538.7718  3948.659  9008.122 14184.099  12853.98  4994.761  25754.44
a  -526.0307 -3201.750 -7193.567 -3564.735 -10564.10 -4182.098 -19120.43
      phi0.7    phi0.8    phi0.9   phi0.10   phi0.11
id    231.00    239.00   518.000   528.000    762.00
A   28957.54  17203.39  1346.929  1139.953  23970.18
a  -15967.94 -15276.76 -1316.079 -1191.343 -23067.70
E =  0.00205 | E_L =  0.00205 | E_A =  0.00000 |  12 flippped triangles
        phi0    phi0.1    phi0.2    phi0.3    phi0.4    phi0.5    phi0.6
id   46.0000    59.000    80.000    81.000    93.000   228.000    229.00
A   538.7718  3948.659  9008.122 14184.099 12853.985  4994.761  25754.44
a  -522.8016 -3110.660 -6490.232 -2053.325 -9743.828 -4162.937 -16945.56
      phi0.7    phi0.8    phi0.9   phi0.10   phi0.11
id    231.00    239.00   518.000   528.000    762.00
A   28957.54  17203.39  1346.929  1139.953  23970.18
a  -12642.66 -14505.70 -1287.871 -1178.789 -22010.77
E =  0.00204 | E_L =  0.00204 | E_A =  0.00000 |  12 flippped triangles
        phi0    phi0.1    phi0.2    phi0.3    phi0.4    phi0.5    phi0.6
id   46.0000    59.000    80.000    81.000    93.000   228.000    229.00
A   538.7718  3948.659  9008.122 14184.099 12853.985  4994.761  25754.44
a  -514.7174 -3067.168 -6394.433 -1946.419 -9536.082 -4224.309 -17928.61
      phi0.7    phi0.8    phi0.9   phi0.10   phi0.11
id    231.00    239.00   518.000   528.000    762.00
A   28957.54  17203.39  1346.929  1139.953  23970.18
a  -13844.67 -14575.99 -1363.018 -1127.728 -22475.77
E =  0.00202 | E_L =  0.00202 | E_A =  0.00000 |  12 flippped triangles
        phi0    phi0.1    phi0.2    phi0.3    phi0.4    phi0.5    phi0.6
id   46.0000    59.000    80.000    81.000    93.000   228.000    229.00
A   538.7718  3948.659  9008.122 14184.099 12853.985  4994.761  25754.44
a  -522.1630 -3122.983 -6161.510 -1482.694 -9277.271 -4258.691 -16627.09
      phi0.7    phi0.8    phi0.9   phi0.10   phi0.11
id    231.00    239.00   518.000   528.000    762.00
A   28957.54  17203.39  1346.929  1139.953  23970.18
a  -12144.67 -14370.06 -1234.391 -1134.082 -21757.42
E =  0.00202 | E_L =  0.00202 | E_A =  0.00000 |  12 flippped triangles
        phi0    phi0.1    phi0.2    phi0.3    phi0.4    phi0.5    phi0.6
id   46.0000    59.000    80.000    81.000    93.000   228.000    229.00
A   538.7718  3948.659  9008.122 14184.099 12853.985  4994.761  25754.44
a  -520.4522 -3043.483 -6255.948 -1700.072 -9345.816 -4186.736 -17324.04
      phi0.7    phi0.8    phi0.9   phi0.10   phi0.11
id    231.00    239.00   518.000   528.000    762.00
A   28957.54  17203.39  1346.929  1139.953  23970.18
a  -12989.46 -14484.37 -1334.413 -1176.512 -22151.89
E =  0.00201 | E_L =  0.00201 | E_A =  0.00000 |  12 flippped triangles
        phi0    phi0.1    phi0.2    phi0.3    phi0.4    phi0.5    phi0.6
id   46.0000    59.000    80.000    81.000    93.000   228.000    229.00
A   538.7718  3948.659  9008.122 14184.099 12853.985  4994.761  25754.44
a  -522.9551 -3047.336 -6267.325 -1693.033 -9367.901 -4161.695 -16804.56
      phi0.7    phi0.8    phi0.9   phi0.10   phi0.11
id    231.00    239.00   518.000   528.000    762.00
A   28957.54  17203.39  1346.929  1139.953  23970.18
a  -12370.28 -14502.29 -1303.881 -1169.856 -21886.61
E =  0.00201 | E_L =  0.00201 | E_A =  0.00000 |  12 flippped triangles
        phi0    phi0.1    phi0.2    phi0.3    phi0.4    phi0.5    phi0.6
id   46.0000    59.000    80.000    81.000    93.000   228.000    229.00
A   538.7718  3948.659  9008.122 14184.099 12853.985  4994.761  25754.44
a  -522.6647 -2988.582 -6034.852 -1244.392 -9006.114 -4142.487 -16927.82
      phi0.7    phi0.8    phi0.9   phi0.10   phi0.11
id    231.00    239.00   518.000   528.000    762.00
A   28957.54  17203.39  1346.929  1139.953  23970.18
a  -12449.78 -14422.92 -1341.457 -1215.384 -21896.20
FIRE:  3  stops.  0 hits of maxmove.  0 hits of dtmax.
Frms = 5.78831528274329e-06; Ftanrms = 5.78800228784932e-06
E =  0.00247 | E_L =  0.00247 | E_A =  0.00001 |   0 flippped triangles
E =  0.00202 | E_L =  0.00202 | E_A =  0.00000 |   0 flippped triangles
E =  0.00202 | E_L =  0.00202 | E_A =  0.00000 |   0 flippped triangles
E =  0.00202 | E_L =  0.00202 | E_A =  0.00000 |   0 flippped triangles
Optimising mapping with BFGS...
E =  0.00202 | E_L =  0.00202 | E_A =  0.00000 |   0 flippped triangles
Transforming image...
Mapping optimised. Error: 0.002015205 ; 0 flipped triangles.
Inferring coordinates of datapoints
Inferring coordinates of landmarks
Mapping optimised. Error: 0.002015205 ; 0 flipped triangles. OD displacement: 3.736333 degrees.
Computing Kernel Density estimates of datapoints

[1] 0.7
Saving adult_retina/data/nAChR-B2/GMB526/R-CONTRA/r.mat
