[1] "Adding old segment 1"
[1] "Adding old segment 3"
[1] "Adding old segment 4"
[1] "Adding old segment 5"
[1] "Adding old segment 6"
[1] "Intersection found. Old points:"
    X     Y 
-1840  1179 
    X     Y 
-1690   939 
    X     Y 
-1690   939 
    X     Y 
-1550   829 
[1] "Point i+1 has been changed:"
    X     Y 
-1840  1179 
    X     Y 
-1690   939 
    X     Y 
-1690   939 
    X     Y 
-1550   829 
[1] "a= 0.280827978150865"
[1] "l= 178.044938147649"
[1] "New points:"
    X     Y 
-1840  1179 
    X     Y 
-1690   939 
         X          Y 
-1589.3159   859.8911 
    X     Y 
-1550   829 
[1] "Storing new segment 1"
[1] "Adding old segment 2"
[1] "Storing new segment 2"
simplify.outline: Removing vertex 85
simplify.outline: Removing vertex 117
Triangulating...
[1] "Non-adjacent points in rim connected by line: 12 10"
[1] "In triangle: 18" "In triangle: 19"
[1] "Other points in triangles: 11 149"
[1] "Non-adjacent points in rim connected by line: 52 50"
[1] "In triangle: 22"  "In triangle: 143"
[1] "Other points in triangles: 212 51"
[1] "Non-adjacent points in rim connected by line: 84 82"
[1] "In triangle: 237" "In triangle: 250"
[1] "Other points in triangles: 210 83"
[1] "Non-adjacent points in rim connected by line: 89 87"
[1] "In triangle: 252" "In triangle: 260"
[1] "Other points in triangles: 88 90"
[1] "Non-adjacent points in rim connected by line: 90 86"
[1] "In triangle: 245" "In triangle: 248"
[1] "Other points in triangles: 87 143"
[1] "Non-adjacent points in rim connected by line: 90 87"
[1] "In triangle: 245" "In triangle: 855"
[1] "Other points in triangles: 502 501"
[1] "Non-adjacent points in rim connected by line: 117 115"
[1] "In triangle: 107" "In triangle: 108"
[1] "Other points in triangles: 116 150"
[1] "Non-adjacent points in rim connected by line: 125 123"
[1] "In triangle: 118" "In triangle: 123"
[1] "Other points in triangles: 124 160"
[1] "Non-adjacent points in rim connected by line: 141 92"
[1] "In triangle: 159" "In triangle: 263"
[1] "Other points in triangles: 143 91"
Stitching...
Tear 1 child of rim
Tear 2 child of rim
Tear 3 child of forward side of tear 2
Tear 4 child of rim
Tear 5 child of rim
Tear 6 child of forward side of tear 5
Tear 1 : Sf = 1784.71556130972 ; Sb = 1533.3778794695
  Forwards path
    i = 114 ; sf/Sf = 0.0638855540802488 ; sf = 114.017542509914
      k =  113 ; sb/Sb = 0 ; sb = 0
      k =  112 ; sb/Sb = 0.0926886359445138 ; sb = 142.126704035519
      Creating new point: f = 0.689249047946855
    i = 115 ; sf/Sf = 0.104676983522025 ; sf = 186.818641402719
      k =  113 ; sb/Sb = 0 ; sb = 0
      k =  112 ; sb/Sb = 0.0926886359445138 ; sb = 142.126704035519
      k =  111 ; sb/Sb = 0.167045742588938 ; sb = 256.144246545433
      Creating new point: f = 0.161226654969771
    i = 116 ; sf/Sf = 0.194327123560353 ; sf = 346.818641402719
      k =  113 ; sb/Sb = 0 ; sb = 0
      k =  112 ; sb/Sb = 0.0926886359445138 ; sb = 142.126704035519
      k =  111 ; sb/Sb = 0.167045742588938 ; sb = 256.144246545433
      k =  110 ; sb/Sb = 0.308128432918789 ; sb = 472.477323073272
      Creating new point: f = 0.193371567466084
    i = 117 ; sf/Sf = 0.245985464290722 ; sf = 439.014085975648
      k =  113 ; sb/Sb = 0 ; sb = 0
      k =  112 ; sb/Sb = 0.0926886359445138 ; sb = 142.126704035519
      k =  111 ; sb/Sb = 0.167045742588938 ; sb = 256.144246545433
      k =  110 ; sb/Sb = 0.308128432918789 ; sb = 472.477323073272
      Creating new point: f = 0.559528043569506
    i = 118 ; sf/Sf = 0.344000274402529 ; sf = 613.942642821007
      k =  113 ; sb/Sb = 0 ; sb = 0
      k =  112 ; sb/Sb = 0.0926886359445138 ; sb = 142.126704035519
      k =  111 ; sb/Sb = 0.167045742588938 ; sb = 256.144246545433
      k =  110 ; sb/Sb = 0.308128432918789 ; sb = 472.477323073272
      k =  109 ; sb/Sb = 0.389843216038503 ; sb = 597.776963934689
      Creating new point: f = 0.438988394929552
    i = 119 ; sf/Sf = 0.452793452765913 ; sf = 808.107521210483
      k =  113 ; sb/Sb = 0 ; sb = 0
      k =  112 ; sb/Sb = 0.0926886359445138 ; sb = 142.126704035519
      k =  111 ; sb/Sb = 0.167045742588938 ; sb = 256.144246545433
      k =  110 ; sb/Sb = 0.308128432918789 ; sb = 472.477323073272
      k =  109 ; sb/Sb = 0.389843216038503 ; sb = 597.776963934689
      k =  108 ; sb/Sb = 0.532871966440517 ; sb = 817.094085929302
      Creating new point: f = 0.440122958149843
    i = 120 ; sf/Sf = 0.532428946015727 ; sf = 950.234225246002
      k =  113 ; sb/Sb = 0 ; sb = 0
      k =  112 ; sb/Sb = 0.0926886359445138 ; sb = 142.126704035519
      k =  111 ; sb/Sb = 0.167045742588938 ; sb = 256.144246545433
      k =  110 ; sb/Sb = 0.308128432918789 ; sb = 472.477323073272
      k =  109 ; sb/Sb = 0.389843216038503 ; sb = 597.776963934689
      k =  108 ; sb/Sb = 0.532871966440517 ; sb = 817.094085929302
      Creating new point: f = 0.996902577813589
    i = 121 ; sf/Sf = 0.683193855996124 ; sf = 1219.30670618748
      k =  113 ; sb/Sb = 0 ; sb = 0
      k =  112 ; sb/Sb = 0.0926886359445138 ; sb = 142.126704035519
      k =  111 ; sb/Sb = 0.167045742588938 ; sb = 256.144246545433
      k =  110 ; sb/Sb = 0.308128432918789 ; sb = 472.477323073272
      k =  109 ; sb/Sb = 0.389843216038503 ; sb = 597.776963934689
      k =  108 ; sb/Sb = 0.532871966440517 ; sb = 817.094085929302
      k =  107 ; sb/Sb = 0.770259957579375 ; sb = 1181.09958039333
      Creating new point: f = 0.633232914750426
    i = 122 ; sf/Sf = 0.807603615133767 ; sf = 1441.34273929922
      k =  113 ; sb/Sb = 0 ; sb = 0
      k =  112 ; sb/Sb = 0.0926886359445138 ; sb = 142.126704035519
      k =  111 ; sb/Sb = 0.167045742588938 ; sb = 256.144246545433
      k =  110 ; sb/Sb = 0.308128432918789 ; sb = 472.477323073272
      k =  109 ; sb/Sb = 0.389843216038503 ; sb = 597.776963934689
      k =  108 ; sb/Sb = 0.532871966440517 ; sb = 817.094085929302
      k =  107 ; sb/Sb = 0.770259957579375 ; sb = 1181.09958039333
      k =  106 ; sb/Sb = 1 ; sb = 1533.3778794695
      Creating new point: f = 0.162547447806337
    i = 123 ; sf/Sf = 0.920364506750186 ; sf = 1642.5888572742
      k =  113 ; sb/Sb = 0 ; sb = 0
      k =  112 ; sb/Sb = 0.0926886359445138 ; sb = 142.126704035519
      k =  111 ; sb/Sb = 0.167045742588938 ; sb = 256.144246545433
      k =  110 ; sb/Sb = 0.308128432918789 ; sb = 472.477323073272
      k =  109 ; sb/Sb = 0.389843216038503 ; sb = 597.776963934689
      k =  108 ; sb/Sb = 0.532871966440517 ; sb = 817.094085929302
      k =  107 ; sb/Sb = 0.770259957579375 ; sb = 1181.09958039333
      k =  106 ; sb/Sb = 1 ; sb = 1533.3778794695
      Creating new point: f = 0.653366942868358
Tear 2 : Sf = 3351.78388937842 ; Sb = 3603.85675049928
  Forwards path
    i = 72 ; sf/Sf = 0.0333563864989288 ; sf = 111.803398874989
      k =   71 ; sb/Sb = 0 ; sb = 0
      k =   70 ; sb/Sb = 0.0194236355233326 ; sb = 70
      k =   69 ; sb/Sb = 0.0678835228208882 ; sb = 244.64249196573
      Creating new point: f = 0.287511006578403
    i = 73 ; sf/Sf = 0.137948739236854 ; sf = 462.374361734152
      k =   71 ; sb/Sb = 0 ; sb = 0
      k =   70 ; sb/Sb = 0.0194236355233326 ; sb = 70
      k =   69 ; sb/Sb = 0.0678835228208882 ; sb = 244.64249196573
      k =   68 ; sb/Sb = 0.122961830909935 ; sb = 443.136824378522
      k =   67 ; sb/Sb = 0.203860605452479 ; sb = 734.684419120787
      Creating new point: f = 0.185255072300719
    i = 74 ; sf/Sf = 0.211332789534497 ; sf = 708.341839259129
      k =   71 ; sb/Sb = 0 ; sb = 0
      k =   70 ; sb/Sb = 0.0194236355233326 ; sb = 70
      k =   69 ; sb/Sb = 0.0678835228208882 ; sb = 244.64249196573
      k =   68 ; sb/Sb = 0.122961830909935 ; sb = 443.136824378522
      k =   67 ; sb/Sb = 0.203860605452479 ; sb = 734.684419120787
      k =   66 ; sb/Sb = 0.260794845488076 ; sb = 939.867264407619
      Creating new point: f = 0.131242360964975
    i = 75 ; sf/Sf = 0.290605980730903 ; sf = 974.048444370857
      k =   71 ; sb/Sb = 0 ; sb = 0
      k =   70 ; sb/Sb = 0.0194236355233326 ; sb = 70
      k =   69 ; sb/Sb = 0.0678835228208882 ; sb = 244.64249196573
      k =   68 ; sb/Sb = 0.122961830909935 ; sb = 443.136824378522
      k =   67 ; sb/Sb = 0.203860605452479 ; sb = 734.684419120787
      k =   66 ; sb/Sb = 0.260794845488076 ; sb = 939.867264407619
      k =   65 ; sb/Sb = 0.348541886480487 ; sb = 1256.09503042446
      Creating new point: f = 0.339739493271409
    i = 76 ; sf/Sf = 0.367078725042309 ; sf = 1230.36855673038
      k =   71 ; sb/Sb = 0 ; sb = 0
      k =   70 ; sb/Sb = 0.0194236355233326 ; sb = 70
      k =   69 ; sb/Sb = 0.0678835228208882 ; sb = 244.64249196573
      k =   68 ; sb/Sb = 0.122961830909935 ; sb = 443.136824378522
      k =   67 ; sb/Sb = 0.203860605452479 ; sb = 734.684419120787
      k =   66 ; sb/Sb = 0.260794845488076 ; sb = 939.867264407619
      k =   65 ; sb/Sb = 0.348541886480487 ; sb = 1256.09503042446
      k =   64 ; sb/Sb = 0.441776988647541 ; sb = 1592.10098275269
      Creating new point: f = 0.19881823616827
    i = 77 ; sf/Sf = 0.420198181434429 ; sf = 1408.41349487803
      k =   71 ; sb/Sb = 0 ; sb = 0
      k =   70 ; sb/Sb = 0.0194236355233326 ; sb = 70
      k =   69 ; sb/Sb = 0.0678835228208882 ; sb = 244.64249196573
      k =   68 ; sb/Sb = 0.122961830909935 ; sb = 443.136824378522
      k =   67 ; sb/Sb = 0.203860605452479 ; sb = 734.684419120787
      k =   66 ; sb/Sb = 0.260794845488076 ; sb = 939.867264407619
      k =   65 ; sb/Sb = 0.348541886480487 ; sb = 1256.09503042446
      k =   64 ; sb/Sb = 0.441776988647541 ; sb = 1592.10098275269
      Creating new point: f = 0.768554903555017
    i = 78 ; sf/Sf = 0.513405260812749 ; sf = 1720.8234819143
      k =   71 ; sb/Sb = 0 ; sb = 0
      k =   70 ; sb/Sb = 0.0194236355233326 ; sb = 70
      k =   69 ; sb/Sb = 0.0678835228208882 ; sb = 244.64249196573
      k =   68 ; sb/Sb = 0.122961830909935 ; sb = 443.136824378522
      k =   67 ; sb/Sb = 0.203860605452479 ; sb = 734.684419120787
      k =   66 ; sb/Sb = 0.260794845488076 ; sb = 939.867264407619
      k =   65 ; sb/Sb = 0.348541886480487 ; sb = 1256.09503042446
      k =   64 ; sb/Sb = 0.441776988647541 ; sb = 1592.10098275269
      k =   63 ; sb/Sb = 0.505113092164598 ; sb = 1820.35522696295
      k =   62 ; sb/Sb = 0.606117521492594 ; sb = 2184.36072142698
      Creating new point: f = 0.0820970793391966
    i = 79 ; sf/Sf = 0.593682656319705 ; sf = 1989.89596285577
      k =   71 ; sb/Sb = 0 ; sb = 0
      k =   70 ; sb/Sb = 0.0194236355233326 ; sb = 70
      k =   69 ; sb/Sb = 0.0678835228208882 ; sb = 244.64249196573
      k =   68 ; sb/Sb = 0.122961830909935 ; sb = 443.136824378522
      k =   67 ; sb/Sb = 0.203860605452479 ; sb = 734.684419120787
      k =   66 ; sb/Sb = 0.260794845488076 ; sb = 939.867264407619
      k =   65 ; sb/Sb = 0.348541886480487 ; sb = 1256.09503042446
      k =   64 ; sb/Sb = 0.441776988647541 ; sb = 1592.10098275269
      k =   63 ; sb/Sb = 0.505113092164598 ; sb = 1820.35522696295
      k =   62 ; sb/Sb = 0.606117521492594 ; sb = 2184.36072142698
      Creating new point: f = 0.87688792208796
    i = 80 ; sf/Sf = 0.732855158779023 ; sf = 2456.3721144434
      k =   71 ; sb/Sb = 0 ; sb = 0
      k =   70 ; sb/Sb = 0.0194236355233326 ; sb = 70
      k =   69 ; sb/Sb = 0.0678835228208882 ; sb = 244.64249196573
      k =   68 ; sb/Sb = 0.122961830909935 ; sb = 443.136824378522
      k =   67 ; sb/Sb = 0.203860605452479 ; sb = 734.684419120787
      k =   66 ; sb/Sb = 0.260794845488076 ; sb = 939.867264407619
      k =   65 ; sb/Sb = 0.348541886480487 ; sb = 1256.09503042446
      k =   64 ; sb/Sb = 0.441776988647541 ; sb = 1592.10098275269
      k =   63 ; sb/Sb = 0.505113092164598 ; sb = 1820.35522696295
      k =   62 ; sb/Sb = 0.606117521492594 ; sb = 2184.36072142698
      k =   61 ; sb/Sb = 0.723907915208163 ; sb = 2608.8604269628
      k =   60 ; sb/Sb = 0.791649540143963 ; sb = 2852.99153927747
      Creating new point: f = 0.132078962961691
    i = 81 ; sf/Sf = 0.809269682492487 ; sf = 2712.49708394071
      k =   71 ; sb/Sb = 0 ; sb = 0
      k =   70 ; sb/Sb = 0.0194236355233326 ; sb = 70
      k =   69 ; sb/Sb = 0.0678835228208882 ; sb = 244.64249196573
      k =   68 ; sb/Sb = 0.122961830909935 ; sb = 443.136824378522
      k =   67 ; sb/Sb = 0.203860605452479 ; sb = 734.684419120787
      k =   66 ; sb/Sb = 0.260794845488076 ; sb = 939.867264407619
      k =   65 ; sb/Sb = 0.348541886480487 ; sb = 1256.09503042446
      k =   64 ; sb/Sb = 0.441776988647541 ; sb = 1592.10098275269
      k =   63 ; sb/Sb = 0.505113092164598 ; sb = 1820.35522696295
      k =   62 ; sb/Sb = 0.606117521492594 ; sb = 2184.36072142698
      k =   61 ; sb/Sb = 0.723907915208163 ; sb = 2608.8604269628
      k =   60 ; sb/Sb = 0.791649540143963 ; sb = 2852.99153927747
      k =  186 ; sb/Sb = 0.880313138143285 ; sb = 3172.52244545088
      Creating new point: f = 0.198730287808294
    i = 82 ; sf/Sf = 0.909560971362478 ; sf = 3048.65181022014
      k =   71 ; sb/Sb = 0 ; sb = 0
      k =   70 ; sb/Sb = 0.0194236355233326 ; sb = 70
      k =   69 ; sb/Sb = 0.0678835228208882 ; sb = 244.64249196573
      k =   68 ; sb/Sb = 0.122961830909935 ; sb = 443.136824378522
      k =   67 ; sb/Sb = 0.203860605452479 ; sb = 734.684419120787
      k =   66 ; sb/Sb = 0.260794845488076 ; sb = 939.867264407619
      k =   65 ; sb/Sb = 0.348541886480487 ; sb = 1256.09503042446
      k =   64 ; sb/Sb = 0.441776988647541 ; sb = 1592.10098275269
      k =   63 ; sb/Sb = 0.505113092164598 ; sb = 1820.35522696295
      k =   62 ; sb/Sb = 0.606117521492594 ; sb = 2184.36072142698
      k =   61 ; sb/Sb = 0.723907915208163 ; sb = 2608.8604269628
      k =   60 ; sb/Sb = 0.791649540143963 ; sb = 2852.99153927747
      k =  186 ; sb/Sb = 0.880313138143285 ; sb = 3172.52244545088
      k =   59 ; sb/Sb = 0.968976736142606 ; sb = 3492.05335162429
      Creating new point: f = 0.329874197293654
    i = 83 ; sf/Sf = 0.967181655014041 ; sf = 3241.78388937842
      k =   71 ; sb/Sb = 0 ; sb = 0
      k =   70 ; sb/Sb = 0.0194236355233326 ; sb = 70
      k =   69 ; sb/Sb = 0.0678835228208882 ; sb = 244.64249196573
      k =   68 ; sb/Sb = 0.122961830909935 ; sb = 443.136824378522
      k =   67 ; sb/Sb = 0.203860605452479 ; sb = 734.684419120787
      k =   66 ; sb/Sb = 0.260794845488076 ; sb = 939.867264407619
      k =   65 ; sb/Sb = 0.348541886480487 ; sb = 1256.09503042446
      k =   64 ; sb/Sb = 0.441776988647541 ; sb = 1592.10098275269
      k =   63 ; sb/Sb = 0.505113092164598 ; sb = 1820.35522696295
      k =   62 ; sb/Sb = 0.606117521492594 ; sb = 2184.36072142698
      k =   61 ; sb/Sb = 0.723907915208163 ; sb = 2608.8604269628
      k =   60 ; sb/Sb = 0.791649540143963 ; sb = 2852.99153927747
      k =  186 ; sb/Sb = 0.880313138143285 ; sb = 3172.52244545088
      k =   59 ; sb/Sb = 0.968976736142606 ; sb = 3492.05335162429
    i = 88 ; sf/Sf = 0.967181655014041 ; sf = 3241.78388937842
      k =   71 ; sb/Sb = 0 ; sb = 0
      k =   70 ; sb/Sb = 0.0194236355233326 ; sb = 70
      k =   69 ; sb/Sb = 0.0678835228208882 ; sb = 244.64249196573
      k =   68 ; sb/Sb = 0.122961830909935 ; sb = 443.136824378522
      k =   67 ; sb/Sb = 0.203860605452479 ; sb = 734.684419120787
      k =   66 ; sb/Sb = 0.260794845488076 ; sb = 939.867264407619
      k =   65 ; sb/Sb = 0.348541886480487 ; sb = 1256.09503042446
      k =   64 ; sb/Sb = 0.441776988647541 ; sb = 1592.10098275269
      k =   63 ; sb/Sb = 0.505113092164598 ; sb = 1820.35522696295
      k =   62 ; sb/Sb = 0.606117521492594 ; sb = 2184.36072142698
      k =   61 ; sb/Sb = 0.723907915208163 ; sb = 2608.8604269628
      k =   60 ; sb/Sb = 0.791649540143963 ; sb = 2852.99153927747
      k =  186 ; sb/Sb = 0.880313138143285 ; sb = 3172.52244545088
      k =   59 ; sb/Sb = 0.968976736142606 ; sb = 3492.05335162429
      Creating new point: f = 0.979754023420315
Tear 3 : Sf = 431.529464379659 ; Sb = 403.531939453076
  Forwards path
    i = 86 ; sf/Sf = 0.347600830028214 ; sf = 150
      k =   85 ; sb/Sb = 0 ; sb = 0
      k =   84 ; sb/Sb = 0.577991611048011 ; sb = 233.238075793812
      Creating new point: f = 0.601394247570385
    i = 87 ; sf/Sf = 0.652399169971786 ; sf = 281.529464379659
      k =   85 ; sb/Sb = 0 ; sb = 0
      k =   84 ; sb/Sb = 0.577991611048011 ; sb = 233.238075793812
      k =   83 ; sb/Sb = 1 ; sb = 403.531939453076
      Creating new point: f = 0.176317724651299
Tear 4 : Sf = 1391.2220733956 ; Sb = 1656.85491996257
  Forwards path
    i = 5 ; sf/Sf = 0.204571933451652 ; sf = 284.604989415154
      k =    4 ; sb/Sb = 0 ; sb = 0
      k =    3 ; sb/Sb = 0.0325023316299544 ; sb = 53.851648071345
      k =    2 ; sb/Sb = 0.0977865861296562 ; sb = 162.018186335265
      k =    1 ; sb/Sb = 0.127964243447491 ; sb = 212.018186335265
      k =  139 ; sb/Sb = 0.205246168741555 ; sb = 340.063124482913
      Creating new point: f = 0.991275640619233
    i = 6 ; sf/Sf = 0.375426961578066 ; sf = 522.302275895248
      k =    4 ; sb/Sb = 0 ; sb = 0
      k =    3 ; sb/Sb = 0.0325023316299544 ; sb = 53.851648071345
      k =    2 ; sb/Sb = 0.0977865861296562 ; sb = 162.018186335265
      k =    1 ; sb/Sb = 0.127964243447491 ; sb = 212.018186335265
      k =  139 ; sb/Sb = 0.205246168741555 ; sb = 340.063124482913
      k =  138 ; sb/Sb = 0.376063438589232 ; sb = 623.082558444611
      Creating new point: f = 0.996273930547343
    i = 7 ; sf/Sf = 0.55966793737995 ; sf = 778.622388254774
      k =    4 ; sb/Sb = 0 ; sb = 0
      k =    3 ; sb/Sb = 0.0325023316299544 ; sb = 53.851648071345
      k =    2 ; sb/Sb = 0.0977865861296562 ; sb = 162.018186335265
      k =    1 ; sb/Sb = 0.127964243447491 ; sb = 212.018186335265
      k =  139 ; sb/Sb = 0.205246168741555 ; sb = 340.063124482913
      k =  138 ; sb/Sb = 0.376063438589232 ; sb = 623.082558444611
      k =  137 ; sb/Sb = 0.662798828082187 ; sb = 1098.1614992534
      Creating new point: f = 0.640327303565118
    i = 8 ; sf/Sf = 0.70414344295602 ; sf = 979.619900677192
      k =    4 ; sb/Sb = 0 ; sb = 0
      k =    3 ; sb/Sb = 0.0325023316299544 ; sb = 53.851648071345
      k =    2 ; sb/Sb = 0.0977865861296562 ; sb = 162.018186335265
      k =    1 ; sb/Sb = 0.127964243447491 ; sb = 212.018186335265
      k =  139 ; sb/Sb = 0.205246168741555 ; sb = 340.063124482913
      k =  138 ; sb/Sb = 0.376063438589232 ; sb = 623.082558444611
      k =  137 ; sb/Sb = 0.662798828082187 ; sb = 1098.1614992534
      k =  136 ; sb/Sb = 0.856030117082961 ; sb = 1418.31771112504
      Creating new point: f = 0.213964389968267
    i = 9 ; sf/Sf = 0.810999630991007 ; sf = 1128.28058815038
      k =    4 ; sb/Sb = 0 ; sb = 0
      k =    3 ; sb/Sb = 0.0325023316299544 ; sb = 53.851648071345
      k =    2 ; sb/Sb = 0.0977865861296562 ; sb = 162.018186335265
      k =    1 ; sb/Sb = 0.127964243447491 ; sb = 212.018186335265
      k =  139 ; sb/Sb = 0.205246168741555 ; sb = 340.063124482913
      k =  138 ; sb/Sb = 0.376063438589232 ; sb = 623.082558444611
      k =  137 ; sb/Sb = 0.662798828082187 ; sb = 1098.1614992534
      k =  136 ; sb/Sb = 0.856030117082961 ; sb = 1418.31771112504
      Creating new point: f = 0.766960690865267
    i = 10 ; sf/Sf = 0.862832495699138 ; sf = 1200.39161365966
      k =    4 ; sb/Sb = 0 ; sb = 0
      k =    3 ; sb/Sb = 0.0325023316299544 ; sb = 53.851648071345
      k =    2 ; sb/Sb = 0.0977865861296562 ; sb = 162.018186335265
      k =    1 ; sb/Sb = 0.127964243447491 ; sb = 212.018186335265
      k =  139 ; sb/Sb = 0.205246168741555 ; sb = 340.063124482913
      k =  138 ; sb/Sb = 0.376063438589232 ; sb = 623.082558444611
      k =  137 ; sb/Sb = 0.662798828082187 ; sb = 1098.1614992534
      k =  136 ; sb/Sb = 0.856030117082961 ; sb = 1418.31771112504
      k =  135 ; sb/Sb = 1 ; sb = 1656.85491996257
      Creating new point: f = 0.0472486222698156
    i = 11 ; sf/Sf = 0.913147971092041 ; sf = 1270.39161365966
      k =    4 ; sb/Sb = 0 ; sb = 0
      k =    3 ; sb/Sb = 0.0325023316299544 ; sb = 53.851648071345
      k =    2 ; sb/Sb = 0.0977865861296562 ; sb = 162.018186335265
      k =    1 ; sb/Sb = 0.127964243447491 ; sb = 212.018186335265
      k =  139 ; sb/Sb = 0.205246168741555 ; sb = 340.063124482913
      k =  138 ; sb/Sb = 0.376063438589232 ; sb = 623.082558444611
      k =  137 ; sb/Sb = 0.662798828082187 ; sb = 1098.1614992534
      k =  136 ; sb/Sb = 0.856030117082961 ; sb = 1418.31771112504
      k =  135 ; sb/Sb = 1 ; sb = 1656.85491996257
      Creating new point: f = 0.396734739598235
Tear 5 : Sf = 2034.20501061932 ; Sb = 1860.94686312738
  Forwards path
    i = 34 ; sf/Sf = 0.0453225924091397 ; sf = 92.1954445729289
      k =   33 ; sb/Sb = 0 ; sb = 0
      k =   32 ; sb/Sb = 0.0553246862926804 ; sb = 102.95630140987
      Creating new point: f = 0.819211014941372
    i = 35 ; sf/Sf = 0.0937388422481744 ; sf = 190.68402259089
      k =   33 ; sb/Sb = 0 ; sb = 0
      k =   32 ; sb/Sb = 0.0553246862926804 ; sb = 102.95630140987
      k =   31 ; sb/Sb = 0.193061081371029 ; sb = 359.276413769396
      Creating new point: f = 0.278896191044081
    i = 36 ; sf/Sf = 0.163607269124307 ; sf = 332.810726626409
      k =   33 ; sb/Sb = 0 ; sb = 0
      k =   32 ; sb/Sb = 0.0553246862926804 ; sb = 102.95630140987
      k =   31 ; sb/Sb = 0.193061081371029 ; sb = 359.276413769396
      Creating new point: f = 0.786158101277682
    i = 37 ; sf/Sf = 0.23347569600044 ; sf = 474.937430661928
      k =   33 ; sb/Sb = 0 ; sb = 0
      k =   32 ; sb/Sb = 0.0553246862926804 ; sb = 102.95630140987
      k =   31 ; sb/Sb = 0.193061081371029 ; sb = 359.276413769396
      k =   30 ; sb/Sb = 0.363837033085917 ; sb = 677.08138541081
      Creating new point: f = 0.236652843820096
    i = 38 ; sf/Sf = 0.292466800325498 ; sf = 594.937430661928
      k =   33 ; sb/Sb = 0 ; sb = 0
      k =   32 ; sb/Sb = 0.0553246862926804 ; sb = 102.95630140987
      k =   31 ; sb/Sb = 0.193061081371029 ; sb = 359.276413769396
      k =   30 ; sb/Sb = 0.363837033085917 ; sb = 677.08138541081
    i = 45 ; sf/Sf = 0.292466800325498 ; sf = 594.937430661928
      k =   33 ; sb/Sb = 0 ; sb = 0
      k =   32 ; sb/Sb = 0.0553246862926804 ; sb = 102.95630140987
      k =   31 ; sb/Sb = 0.193061081371029 ; sb = 359.276413769396
      k =   30 ; sb/Sb = 0.363837033085917 ; sb = 677.08138541081
      Creating new point: f = 0.582082652482761
    i = 142 ; sf/Sf = 0.331330602691289 ; sf = 673.994372166137
      k =   33 ; sb/Sb = 0 ; sb = 0
      k =   32 ; sb/Sb = 0.0553246862926804 ; sb = 102.95630140987
      k =   31 ; sb/Sb = 0.193061081371029 ; sb = 359.276413769396
      k =   30 ; sb/Sb = 0.363837033085917 ; sb = 677.08138541081
      Creating new point: f = 0.809654520626548
    i = 46 ; sf/Sf = 0.370194405057079 ; sf = 753.051313670347
      k =   33 ; sb/Sb = 0 ; sb = 0
      k =   32 ; sb/Sb = 0.0553246862926804 ; sb = 102.95630140987
      k =   31 ; sb/Sb = 0.193061081371029 ; sb = 359.276413769396
      k =   30 ; sb/Sb = 0.363837033085917 ; sb = 677.08138541081
      k =   29 ; sb/Sb = 0.416760939710767 ; sb = 775.569963428771
      Creating new point: f = 0.120122877856062
    i = 47 ; sf/Sf = 0.473895964140874 ; sf = 964.001544767637
      k =   33 ; sb/Sb = 0 ; sb = 0
      k =   32 ; sb/Sb = 0.0553246862926804 ; sb = 102.95630140987
      k =   31 ; sb/Sb = 0.193061081371029 ; sb = 359.276413769396
      k =   30 ; sb/Sb = 0.363837033085917 ; sb = 677.08138541081
      k =   29 ; sb/Sb = 0.416760939710767 ; sb = 775.569963428771
      k =   28 ; sb/Sb = 0.534613376198955 ; sb = 994.887085423384
      Creating new point: f = 0.484801384957648
    i = 48 ; sf/Sf = 0.536465478987771 ; sf = 1091.28076538122
      k =   33 ; sb/Sb = 0 ; sb = 0
      k =   32 ; sb/Sb = 0.0553246862926804 ; sb = 102.95630140987
      k =   31 ; sb/Sb = 0.193061081371029 ; sb = 359.276413769396
      k =   30 ; sb/Sb = 0.363837033085917 ; sb = 677.08138541081
      k =   29 ; sb/Sb = 0.416760939710767 ; sb = 775.569963428771
      k =   28 ; sb/Sb = 0.534613376198955 ; sb = 994.887085423384
      k =   27 ; sb/Sb = 0.705389327913843 ; sb = 1312.6920570648
      Creating new point: f = 0.0108452201274124
    i = 49 ; sf/Sf = 0.682626447717196 ; sf = 1388.60214032759
      k =   33 ; sb/Sb = 0 ; sb = 0
      k =   32 ; sb/Sb = 0.0553246862926804 ; sb = 102.95630140987
      k =   31 ; sb/Sb = 0.193061081371029 ; sb = 359.276413769396
      k =   30 ; sb/Sb = 0.363837033085917 ; sb = 677.08138541081
      k =   29 ; sb/Sb = 0.416760939710767 ; sb = 775.569963428771
      k =   28 ; sb/Sb = 0.534613376198955 ; sb = 994.887085423384
      k =   27 ; sb/Sb = 0.705389327913843 ; sb = 1312.6920570648
      Creating new point: f = 0.866709100619453
    i = 50 ; sf/Sf = 0.828787416446622 ; sf = 1685.92351527396
      k =   33 ; sb/Sb = 0 ; sb = 0
      k =   32 ; sb/Sb = 0.0553246862926804 ; sb = 102.95630140987
      k =   31 ; sb/Sb = 0.193061081371029 ; sb = 359.276413769396
      k =   30 ; sb/Sb = 0.363837033085917 ; sb = 677.08138541081
      k =   29 ; sb/Sb = 0.416760939710767 ; sb = 775.569963428771
      k =   28 ; sb/Sb = 0.534613376198955 ; sb = 994.887085423384
      k =   27 ; sb/Sb = 0.705389327913843 ; sb = 1312.6920570648
      k =   26 ; sb/Sb = 0.882147563511812 ; sb = 1641.62974113277
      Creating new point: f = 0.698117901637376
Tear 6 : Sf = 353.353484201316 ; Sb = 474.902286390159
  Forwards path
    i = 42 ; sf/Sf = 0.322672755774935 ; sf = 114.017542509914
      k =   41 ; sb/Sb = 0 ; sb = 0
      k =   40 ; sb/Sb = 0.276961109998953 ; sb = 131.529464379659
      k =   39 ; sb/Sb = 0.700724321384391 ; sb = 332.77558235464
      Creating new point: f = 0.107870727207617
    i = 43 ; sf/Sf = 0.538201212302761 ; sf = 190.175273568553
      k =   41 ; sb/Sb = 0 ; sb = 0
      k =   40 ; sb/Sb = 0.276961109998953 ; sb = 131.529464379659
      k =   39 ; sb/Sb = 0.700724321384391 ; sb = 332.77558235464
      Creating new point: f = 0.616476596563721
    i = 44 ; sf/Sf = 0.943399454387139 ; sf = 333.353484201316
      k =   41 ; sb/Sb = 0 ; sb = 0
      k =   40 ; sb/Sb = 0.276961109998953 ; sb = 131.529464379659
      k =   39 ; sb/Sb = 0.700724321384391 ; sb = 332.77558235464
      k =   38 ; sb/Sb = 1 ; sb = 474.902286390159
      Creating new point: f = 0.810874890085675
Tear 1 : Sf = 1533.3778794695 ; Sb = 1784.71556130972
  Backwards path
    i = 112 ; sf/Sf = 0.0926886359445138 ; sf = 142.126704035519
      k =  113 ; sb/Sb = 0 ; sb = 0
      k =  114 ; sb/Sb = 0.0638855540802488 ; sb = 114.017542509914
      k =  115 ; sb/Sb = 0.104676983522025 ; sb = 186.818641402719
      Creating new point: f = 0.706106215409228
    i = 111 ; sf/Sf = 0.167045742588938 ; sf = 256.144246545433
      k =  113 ; sb/Sb = 0 ; sb = 0
      k =  114 ; sb/Sb = 0.0638855540802488 ; sb = 114.017542509914
      k =  115 ; sb/Sb = 0.104676983522025 ; sb = 186.818641402719
      k =  116 ; sb/Sb = 0.194327123560353 ; sb = 346.818641402719
      Creating new point: f = 0.695690592789349
    i = 110 ; sf/Sf = 0.308128432918789 ; sf = 472.477323073272
      k =  113 ; sb/Sb = 0 ; sb = 0
      k =  114 ; sb/Sb = 0.0638855540802488 ; sb = 114.017542509914
      k =  115 ; sb/Sb = 0.104676983522025 ; sb = 186.818641402719
      k =  116 ; sb/Sb = 0.194327123560353 ; sb = 346.818641402719
      k =  117 ; sb/Sb = 0.245985464290722 ; sb = 439.014085975648
      k =  118 ; sb/Sb = 0.344000274402529 ; sb = 613.942642821007
      Creating new point: f = 0.634016109985621
    i = 109 ; sf/Sf = 0.389843216038503 ; sf = 597.776963934689
      k =  113 ; sb/Sb = 0 ; sb = 0
      k =  114 ; sb/Sb = 0.0638855540802488 ; sb = 114.017542509914
      k =  115 ; sb/Sb = 0.104676983522025 ; sb = 186.818641402719
      k =  116 ; sb/Sb = 0.194327123560353 ; sb = 346.818641402719
      k =  117 ; sb/Sb = 0.245985464290722 ; sb = 439.014085975648
      k =  118 ; sb/Sb = 0.344000274402529 ; sb = 613.942642821007
      k =  119 ; sb/Sb = 0.452793452765913 ; sb = 808.107521210483
      Creating new point: f = 0.421376986366299
    i = 108 ; sf/Sf = 0.532871966440517 ; sf = 817.094085929302
      k =  113 ; sb/Sb = 0 ; sb = 0
      k =  114 ; sb/Sb = 0.0638855540802488 ; sb = 114.017542509914
      k =  115 ; sb/Sb = 0.104676983522025 ; sb = 186.818641402719
      k =  116 ; sb/Sb = 0.194327123560353 ; sb = 346.818641402719
      k =  117 ; sb/Sb = 0.245985464290722 ; sb = 439.014085975648
      k =  118 ; sb/Sb = 0.344000274402529 ; sb = 613.942642821007
      k =  119 ; sb/Sb = 0.452793452765913 ; sb = 808.107521210483
      k =  120 ; sb/Sb = 0.532428946015727 ; sb = 950.234225246002
      k =  121 ; sb/Sb = 0.683193855996124 ; sb = 1219.30670618748
      Creating new point: f = 0.00293848498863221
    i = 107 ; sf/Sf = 0.770259957579375 ; sf = 1181.09958039333
      k =  113 ; sb/Sb = 0 ; sb = 0
      k =  114 ; sb/Sb = 0.0638855540802488 ; sb = 114.017542509914
      k =  115 ; sb/Sb = 0.104676983522025 ; sb = 186.818641402719
      k =  116 ; sb/Sb = 0.194327123560353 ; sb = 346.818641402719
      k =  117 ; sb/Sb = 0.245985464290722 ; sb = 439.014085975648
      k =  118 ; sb/Sb = 0.344000274402529 ; sb = 613.942642821007
      k =  119 ; sb/Sb = 0.452793452765913 ; sb = 808.107521210483
      k =  120 ; sb/Sb = 0.532428946015727 ; sb = 950.234225246002
      k =  121 ; sb/Sb = 0.683193855996124 ; sb = 1219.30670618748
      k =  122 ; sb/Sb = 0.807603615133767 ; sb = 1441.34273929922
      Creating new point: f = 0.699833374702731
Tear 2 : Sf = 3603.85675049928 ; Sb = 3351.78388937842
  Backwards path
    i = 70 ; sf/Sf = 0.0194236355233326 ; sf = 70
      k =   71 ; sb/Sb = 0 ; sb = 0
      k =   72 ; sb/Sb = 0.0333563864989288 ; sb = 111.803398874989
      Creating new point: f = 0.582306345561633
    i = 69 ; sf/Sf = 0.0678835228208882 ; sf = 244.64249196573
      k =   71 ; sb/Sb = 0 ; sb = 0
      k =   72 ; sb/Sb = 0.0333563864989288 ; sb = 111.803398874989
      k =   73 ; sb/Sb = 0.137948739236854 ; sb = 462.374361734152
      Creating new point: f = 0.330111479645872
    i = 68 ; sf/Sf = 0.122961830909935 ; sf = 443.136824378522
      k =   71 ; sb/Sb = 0 ; sb = 0
      k =   72 ; sb/Sb = 0.0333563864989288 ; sb = 111.803398874989
      k =   73 ; sb/Sb = 0.137948739236854 ; sb = 462.374361734152
      Creating new point: f = 0.856711241934955
    i = 67 ; sf/Sf = 0.203860605452479 ; sf = 734.684419120787
      k =   71 ; sb/Sb = 0 ; sb = 0
      k =   72 ; sb/Sb = 0.0333563864989288 ; sb = 111.803398874989
      k =   73 ; sb/Sb = 0.137948739236854 ; sb = 462.374361734152
      k =   74 ; sb/Sb = 0.211332789534497 ; sb = 708.341839259128
      Creating new point: f = 0.89817700097349
    i = 66 ; sf/Sf = 0.260794845488076 ; sf = 939.867264407619
      k =   71 ; sb/Sb = 0 ; sb = 0
      k =   72 ; sb/Sb = 0.0333563864989288 ; sb = 111.803398874989
      k =   73 ; sb/Sb = 0.137948739236854 ; sb = 462.374361734152
      k =   74 ; sb/Sb = 0.211332789534497 ; sb = 708.341839259128
      k =   75 ; sb/Sb = 0.290605980730903 ; sb = 974.048444370857
      Creating new point: f = 0.623944302065905
    i = 65 ; sf/Sf = 0.348541886480487 ; sf = 1256.09503042446
      k =   71 ; sb/Sb = 0 ; sb = 0
      k =   72 ; sb/Sb = 0.0333563864989288 ; sb = 111.803398874989
      k =   73 ; sb/Sb = 0.137948739236854 ; sb = 462.374361734152
      k =   74 ; sb/Sb = 0.211332789534497 ; sb = 708.341839259128
      k =   75 ; sb/Sb = 0.290605980730903 ; sb = 974.048444370857
      k =   76 ; sb/Sb = 0.367078725042309 ; sb = 1230.36855673038
      Creating new point: f = 0.757602022410258
    i = 64 ; sf/Sf = 0.441776988647541 ; sf = 1592.10098275269
      k =   71 ; sb/Sb = 0 ; sb = 0
      k =   72 ; sb/Sb = 0.0333563864989288 ; sb = 111.803398874989
      k =   73 ; sb/Sb = 0.137948739236854 ; sb = 462.374361734152
      k =   74 ; sb/Sb = 0.211332789534497 ; sb = 708.341839259128
      k =   75 ; sb/Sb = 0.290605980730903 ; sb = 974.048444370857
      k =   76 ; sb/Sb = 0.367078725042309 ; sb = 1230.36855673038
      k =   77 ; sb/Sb = 0.420198181434429 ; sb = 1408.41349487803
      k =   78 ; sb/Sb = 0.513405260812749 ; sb = 1720.8234819143
      Creating new point: f = 0.231514680612674
    i = 63 ; sf/Sf = 0.505113092164598 ; sf = 1820.35522696295
      k =   71 ; sb/Sb = 0 ; sb = 0
      k =   72 ; sb/Sb = 0.0333563864989288 ; sb = 111.803398874989
      k =   73 ; sb/Sb = 0.137948739236854 ; sb = 462.374361734152
      k =   74 ; sb/Sb = 0.211332789534497 ; sb = 708.341839259128
      k =   75 ; sb/Sb = 0.290605980730903 ; sb = 974.048444370857
      k =   76 ; sb/Sb = 0.367078725042309 ; sb = 1230.36855673038
      k =   77 ; sb/Sb = 0.420198181434429 ; sb = 1408.41349487803
      k =   78 ; sb/Sb = 0.513405260812749 ; sb = 1720.8234819143
      Creating new point: f = 0.911034991081595
    i = 62 ; sf/Sf = 0.606117521492594 ; sf = 2184.36072142698
      k =   71 ; sb/Sb = 0 ; sb = 0
      k =   72 ; sb/Sb = 0.0333563864989288 ; sb = 111.803398874989
      k =   73 ; sb/Sb = 0.137948739236854 ; sb = 462.374361734152
      k =   74 ; sb/Sb = 0.211332789534497 ; sb = 708.341839259128
      k =   75 ; sb/Sb = 0.290605980730903 ; sb = 974.048444370857
      k =   76 ; sb/Sb = 0.367078725042309 ; sb = 1230.36855673038
      k =   77 ; sb/Sb = 0.420198181434429 ; sb = 1408.41349487803
      k =   78 ; sb/Sb = 0.513405260812749 ; sb = 1720.8234819143
      k =   79 ; sb/Sb = 0.593682656319704 ; sb = 1989.89596285577
      k =   80 ; sb/Sb = 0.732855158779023 ; sb = 2456.3721144434
      Creating new point: f = 0.0893485778666966
    i = 61 ; sf/Sf = 0.723907915208163 ; sf = 2608.8604269628
      k =   71 ; sb/Sb = 0 ; sb = 0
      k =   72 ; sb/Sb = 0.0333563864989288 ; sb = 111.803398874989
      k =   73 ; sb/Sb = 0.137948739236854 ; sb = 462.374361734152
      k =   74 ; sb/Sb = 0.211332789534497 ; sb = 708.341839259128
      k =   75 ; sb/Sb = 0.290605980730903 ; sb = 974.048444370857
      k =   76 ; sb/Sb = 0.367078725042309 ; sb = 1230.36855673038
      k =   77 ; sb/Sb = 0.420198181434429 ; sb = 1408.41349487803
      k =   78 ; sb/Sb = 0.513405260812749 ; sb = 1720.8234819143
      k =   79 ; sb/Sb = 0.593682656319704 ; sb = 1989.89596285577
      k =   80 ; sb/Sb = 0.732855158779023 ; sb = 2456.3721144434
      Creating new point: f = 0.935711125310291
    i = 60 ; sf/Sf = 0.791649540143963 ; sf = 2852.99153927747
      k =   71 ; sb/Sb = 0 ; sb = 0
      k =   72 ; sb/Sb = 0.0333563864989288 ; sb = 111.803398874989
      k =   73 ; sb/Sb = 0.137948739236854 ; sb = 462.374361734152
      k =   74 ; sb/Sb = 0.211332789534497 ; sb = 708.341839259128
      k =   75 ; sb/Sb = 0.290605980730903 ; sb = 974.048444370857
      k =   76 ; sb/Sb = 0.367078725042309 ; sb = 1230.36855673038
      k =   77 ; sb/Sb = 0.420198181434429 ; sb = 1408.41349487803
      k =   78 ; sb/Sb = 0.513405260812749 ; sb = 1720.8234819143
      k =   79 ; sb/Sb = 0.593682656319704 ; sb = 1989.89596285577
      k =   80 ; sb/Sb = 0.732855158779023 ; sb = 2456.3721144434
      k =   81 ; sb/Sb = 0.809269682492488 ; sb = 2712.49708394071
      Creating new point: f = 0.769413699225616
    i = 186 ; sf/Sf = 0.880313138143285 ; sf = 3172.52244545088
      k =   71 ; sb/Sb = 0 ; sb = 0
      k =   72 ; sb/Sb = 0.0333563864989288 ; sb = 111.803398874989
      k =   73 ; sb/Sb = 0.137948739236854 ; sb = 462.374361734152
      k =   74 ; sb/Sb = 0.211332789534497 ; sb = 708.341839259128
      k =   75 ; sb/Sb = 0.290605980730903 ; sb = 974.048444370857
      k =   76 ; sb/Sb = 0.367078725042309 ; sb = 1230.36855673038
      k =   77 ; sb/Sb = 0.420198181434429 ; sb = 1408.41349487803
      k =   78 ; sb/Sb = 0.513405260812749 ; sb = 1720.8234819143
      k =   79 ; sb/Sb = 0.593682656319704 ; sb = 1989.89596285577
      k =   80 ; sb/Sb = 0.732855158779023 ; sb = 2456.3721144434
      k =   81 ; sb/Sb = 0.809269682492488 ; sb = 2712.49708394071
      k =   82 ; sb/Sb = 0.909560971362478 ; sb = 3048.65181022014
      Creating new point: f = 0.708371150189246
    i = 59 ; sf/Sf = 0.968976736142606 ; sf = 3492.05335162429
      k =   71 ; sb/Sb = 0 ; sb = 0
      k =   72 ; sb/Sb = 0.0333563864989288 ; sb = 111.803398874989
      k =   73 ; sb/Sb = 0.137948739236854 ; sb = 462.374361734152
      k =   74 ; sb/Sb = 0.211332789534497 ; sb = 708.341839259128
      k =   75 ; sb/Sb = 0.290605980730903 ; sb = 974.048444370857
      k =   76 ; sb/Sb = 0.367078725042309 ; sb = 1230.36855673038
      k =   77 ; sb/Sb = 0.420198181434429 ; sb = 1408.41349487803
      k =   78 ; sb/Sb = 0.513405260812749 ; sb = 1720.8234819143
      k =   79 ; sb/Sb = 0.593682656319704 ; sb = 1989.89596285577
      k =   80 ; sb/Sb = 0.732855158779023 ; sb = 2456.3721144434
      k =   81 ; sb/Sb = 0.809269682492488 ; sb = 2712.49708394071
      k =   82 ; sb/Sb = 0.909560971362478 ; sb = 3048.65181022014
      k =   83 ; sb/Sb = 0.967181655014041 ; sb = 3241.78388937842
      k =   88 ; sb/Sb = 0.967181655014041 ; sb = 3241.78388937842
      k =   89 ; sb/Sb = 1 ; sb = 3351.78388937842
      Creating new point: f = 0.0546974909713669
Tear 3 : Sf = 403.531939453076 ; Sb = 431.529464379659
  Backwards path
    i = 84 ; sf/Sf = 0.577991611048011 ; sf = 233.238075793812
      k =   85 ; sb/Sb = 0 ; sb = 0
      k =   86 ; sb/Sb = 0.347600830028214 ; sb = 150
      k =   87 ; sb/Sb = 0.652399169971786 ; sb = 281.529464379659
      Creating new point: f = 0.755879382618849
Tear 4 : Sf = 1656.85491996257 ; Sb = 1391.2220733956
  Backwards path
    i = 3 ; sf/Sf = 0.0325023316299544 ; sf = 53.851648071345
      k =    4 ; sb/Sb = 0 ; sb = 0
      k =    5 ; sb/Sb = 0.204571933451652 ; sb = 284.604989415154
      Creating new point: f = 0.158879720602709
    i = 2 ; sf/Sf = 0.0977865861296562 ; sf = 162.018186335265
      k =    4 ; sb/Sb = 0 ; sb = 0
      k =    5 ; sb/Sb = 0.204571933451652 ; sb = 284.604989415154
      Creating new point: f = 0.478005875389387
    i = 1 ; sf/Sf = 0.127964243447491 ; sf = 212.018186335265
      k =    4 ; sb/Sb = 0 ; sb = 0
      k =    5 ; sb/Sb = 0.204571933451652 ; sb = 284.604989415154
      Creating new point: f = 0.625521992623364
    i = 139 ; sf/Sf = 0.205246168741555 ; sf = 340.063124482913
      k =    4 ; sb/Sb = 0 ; sb = 0
      k =    5 ; sb/Sb = 0.204571933451652 ; sb = 284.604989415154
      k =    6 ; sb/Sb = 0.375426961578066 ; sb = 522.302275895248
      Creating new point: f = 0.00394624201170182
    i = 138 ; sf/Sf = 0.376063438589232 ; sf = 623.082558444611
      k =    4 ; sb/Sb = 0 ; sb = 0
      k =    5 ; sb/Sb = 0.204571933451652 ; sb = 284.604989415154
      k =    6 ; sb/Sb = 0.375426961578066 ; sb = 522.302275895248
      k =    7 ; sb/Sb = 0.55966793737995 ; sb = 778.622388254774
      Creating new point: f = 0.00345458988368572
    i = 137 ; sf/Sf = 0.662798828082187 ; sf = 1098.1614992534
      k =    4 ; sb/Sb = 0 ; sb = 0
      k =    5 ; sb/Sb = 0.204571933451652 ; sb = 284.604989415154
      k =    6 ; sb/Sb = 0.375426961578066 ; sb = 522.302275895248
      k =    7 ; sb/Sb = 0.55966793737995 ; sb = 778.622388254774
      k =    8 ; sb/Sb = 0.70414344295602 ; sb = 979.619900677192
      Creating new point: f = 0.713829588559122
    i = 136 ; sf/Sf = 0.856030117082961 ; sf = 1418.31771112504
      k =    4 ; sb/Sb = 0 ; sb = 0
      k =    5 ; sb/Sb = 0.204571933451652 ; sb = 284.604989415154
      k =    6 ; sb/Sb = 0.375426961578066 ; sb = 522.302275895248
      k =    7 ; sb/Sb = 0.55966793737995 ; sb = 778.622388254774
      k =    8 ; sb/Sb = 0.70414344295602 ; sb = 979.619900677192
      k =    9 ; sb/Sb = 0.810999630991006 ; sb = 1128.28058815038
      k =   10 ; sb/Sb = 0.862832495699138 ; sb = 1200.39161365966
      Creating new point: f = 0.868763213176035
Tear 5 : Sf = 1860.94686312738 ; Sb = 2034.20501061932
  Backwards path
    i = 32 ; sf/Sf = 0.0553246862926804 ; sf = 102.95630140987
      k =   33 ; sb/Sb = 0 ; sb = 0
      k =   34 ; sb/Sb = 0.0453225924091397 ; sb = 92.1954445729289
      k =   35 ; sb/Sb = 0.0937388422481744 ; sb = 190.68402259089
      Creating new point: f = 0.206585473199469
    i = 31 ; sf/Sf = 0.193061081371029 ; sf = 359.276413769396
      k =   33 ; sb/Sb = 0 ; sb = 0
      k =   34 ; sb/Sb = 0.0453225924091397 ; sb = 92.1954445729289
      k =   35 ; sb/Sb = 0.0937388422481744 ; sb = 190.68402259089
      k =   36 ; sb/Sb = 0.163607269124307 ; sb = 332.810726626409
      k =   37 ; sb/Sb = 0.23347569600044 ; sb = 474.937430661928
      Creating new point: f = 0.42156111943008
    i = 30 ; sf/Sf = 0.363837033085917 ; sf = 677.08138541081
      k =   33 ; sb/Sb = 0 ; sb = 0
      k =   34 ; sb/Sb = 0.0453225924091397 ; sb = 92.1954445729289
      k =   35 ; sb/Sb = 0.0937388422481744 ; sb = 190.68402259089
      k =   36 ; sb/Sb = 0.163607269124307 ; sb = 332.810726626409
      k =   37 ; sb/Sb = 0.23347569600044 ; sb = 474.937430661928
      k =   38 ; sb/Sb = 0.292466800325498 ; sb = 594.937430661928
      k =   45 ; sb/Sb = 0.292466800325498 ; sb = 594.937430661928
      k =  142 ; sb/Sb = 0.331330602691289 ; sb = 673.994372166137
      k =   46 ; sb/Sb = 0.370194405057079 ; sb = 753.051313670347
      Creating new point: f = 0.836419197706745
    i = 29 ; sf/Sf = 0.416760939710767 ; sf = 775.569963428771
      k =   33 ; sb/Sb = 0 ; sb = 0
      k =   34 ; sb/Sb = 0.0453225924091397 ; sb = 92.1954445729289
      k =   35 ; sb/Sb = 0.0937388422481744 ; sb = 190.68402259089
      k =   36 ; sb/Sb = 0.163607269124307 ; sb = 332.810726626409
      k =   37 ; sb/Sb = 0.23347569600044 ; sb = 474.937430661928
      k =   38 ; sb/Sb = 0.292466800325498 ; sb = 594.937430661928
      k =   45 ; sb/Sb = 0.292466800325498 ; sb = 594.937430661928
      k =  142 ; sb/Sb = 0.331330602691289 ; sb = 673.994372166137
      k =   46 ; sb/Sb = 0.370194405057079 ; sb = 753.051313670347
      k =   47 ; sb/Sb = 0.473895964140874 ; sb = 964.001544767637
      Creating new point: f = 0.449043727645986
    i = 28 ; sf/Sf = 0.534613376198955 ; sf = 994.887085423384
      k =   33 ; sb/Sb = 0 ; sb = 0
      k =   34 ; sb/Sb = 0.0453225924091397 ; sb = 92.1954445729289
      k =   35 ; sb/Sb = 0.0937388422481744 ; sb = 190.68402259089
      k =   36 ; sb/Sb = 0.163607269124307 ; sb = 332.810726626409
      k =   37 ; sb/Sb = 0.23347569600044 ; sb = 474.937430661928
      k =   38 ; sb/Sb = 0.292466800325498 ; sb = 594.937430661928
      k =   45 ; sb/Sb = 0.292466800325498 ; sb = 594.937430661928
      k =  142 ; sb/Sb = 0.331330602691289 ; sb = 673.994372166137
      k =   46 ; sb/Sb = 0.370194405057079 ; sb = 753.051313670347
      k =   47 ; sb/Sb = 0.473895964140874 ; sb = 964.001544767637
      k =   48 ; sb/Sb = 0.536465478987771 ; sb = 1091.28076538122
      Creating new point: f = 0.970399278413009
    i = 27 ; sf/Sf = 0.705389327913843 ; sf = 1312.6920570648
      k =   33 ; sb/Sb = 0 ; sb = 0
      k =   34 ; sb/Sb = 0.0453225924091397 ; sb = 92.1954445729289
      k =   35 ; sb/Sb = 0.0937388422481744 ; sb = 190.68402259089
      k =   36 ; sb/Sb = 0.163607269124307 ; sb = 332.810726626409
      k =   37 ; sb/Sb = 0.23347569600044 ; sb = 474.937430661928
      k =   38 ; sb/Sb = 0.292466800325498 ; sb = 594.937430661928
      k =   45 ; sb/Sb = 0.292466800325498 ; sb = 594.937430661928
      k =  142 ; sb/Sb = 0.331330602691289 ; sb = 673.994372166137
      k =   46 ; sb/Sb = 0.370194405057079 ; sb = 753.051313670347
      k =   47 ; sb/Sb = 0.473895964140874 ; sb = 964.001544767637
      k =   48 ; sb/Sb = 0.536465478987771 ; sb = 1091.28076538122
      k =   49 ; sb/Sb = 0.682626447717197 ; sb = 1388.60214032759
      k =   50 ; sb/Sb = 0.828787416446622 ; sb = 1685.92351527396
      Creating new point: f = 0.155738432732923
    i = 26 ; sf/Sf = 0.882147563511812 ; sf = 1641.62974113277
      k =   33 ; sb/Sb = 0 ; sb = 0
      k =   34 ; sb/Sb = 0.0453225924091397 ; sb = 92.1954445729289
      k =   35 ; sb/Sb = 0.0937388422481744 ; sb = 190.68402259089
      k =   36 ; sb/Sb = 0.163607269124307 ; sb = 332.810726626409
      k =   37 ; sb/Sb = 0.23347569600044 ; sb = 474.937430661928
      k =   38 ; sb/Sb = 0.292466800325498 ; sb = 594.937430661928
      k =   45 ; sb/Sb = 0.292466800325498 ; sb = 594.937430661928
      k =  142 ; sb/Sb = 0.331330602691289 ; sb = 673.994372166137
      k =   46 ; sb/Sb = 0.370194405057079 ; sb = 753.051313670347
      k =   47 ; sb/Sb = 0.473895964140874 ; sb = 964.001544767637
      k =   48 ; sb/Sb = 0.536465478987771 ; sb = 1091.28076538122
      k =   49 ; sb/Sb = 0.682626447717197 ; sb = 1388.60214032759
      k =   50 ; sb/Sb = 0.828787416446622 ; sb = 1685.92351527396
      k =   51 ; sb/Sb = 1 ; sb = 2034.20501061932
      Creating new point: f = 0.311660194348704
Tear 6 : Sf = 474.902286390159 ; Sb = 353.353484201316
  Backwards path
    i = 40 ; sf/Sf = 0.276961109998953 ; sf = 131.529464379659
      k =   41 ; sb/Sb = 0 ; sb = 0
      k =   42 ; sb/Sb = 0.322672755774935 ; sb = 114.017542509914
      Creating new point: f = 0.858334349715393
    i = 39 ; sf/Sf = 0.700724321384391 ; sf = 332.77558235464
      k =   41 ; sb/Sb = 0 ; sb = 0
      k =   42 ; sb/Sb = 0.322672755774935 ; sb = 114.017542509914
      k =   43 ; sb/Sb = 0.538201212302761 ; sb = 190.175273568553
      k =   44 ; sb/Sb = 0.943399454387139 ; sb = 333.353484201316
      Creating new point: f = 0.401095296577785
Triangulating...
[1] "Non-adjacent points in rim connected by line: 141 92"
[1] "In triangle: 1115" "In triangle: 1127"
[1] "Other points in triangles: 506 91"
[1] "Non-adjacent points in rim connected by line: 570 87"
[1] "In triangle: 1058" "In triangle: 1059"
[1] "Other points in triangles: 501 88"
Merging points...
Projecting to sphere...
Optimising mapping with FIRE...
E =  0.00517 | E_L =  0.00517 | E_A =  0.00000 |   1 flippped triangles
   rbind.id...which.ft.flipped...A...A.ft.flipped...a...ft.areas.ft.flipped..
id                                                                  1115.0000
A                                                                    140.5738
a                                                                   -208.8171
E =  0.00380 | E_L =  0.00380 | E_A =  0.00000 |  88 flippped triangles
        phi0    phi0.1    phi0.2    phi0.3    phi0.4    phi0.5    phi0.6
id     84.00  138.0000   139.000   155.000    156.00   164.000   165.000
A   14747.42 1262.7265 10807.921  5379.609  10236.72  1520.409  4046.652
a  -10166.14 -415.0662 -8070.388 -4514.389 -11702.42 -1608.861 -3478.238
      phi0.7    phi0.8    phi0.9   phi0.10   phi0.11   phi0.12   phi0.13
id   170.000  187.0000  189.0000    190.00   193.000    199.00    241.00
A   4254.489  931.5260  282.3609  10053.17  2785.583  21036.21  55345.52
a  -4653.673 -839.2942 -294.5006 -10388.18 -2308.099 -24113.60 -54972.28
     phi0.14   phi0.15   phi0.16   phi0.17   phi0.18   phi0.19   phi0.20
id  289.0000    291.00   293.000  295.0000  296.0000    310.00   409.000
A   425.8104  25473.18  5842.455  136.0190  190.9843  17286.38  7675.055
a  -369.0593 -16772.81 -5580.753 -125.3385 -134.7076 -18541.09 -3025.130
     phi0.21   phi0.22   phi0.23     phi0.24   phi0.25   phi0.26   phi0.27
id   505.000  510.0000   517.000 525.0000000  529.0000   537.000   539.000
A   8415.449  149.8707  3487.180   0.8420354 6205.6818  4370.310 23604.658
a  -1556.379 -100.0253 -1978.645  -0.1514153 -236.0671 -4734.388 -8429.866
     phi0.28   phi0.29   phi0.30   phi0.31   phi0.32   phi0.33   phi0.34
id   548.000    550.00   551.000   555.000  559.0000   561.000    562.00
A   2407.801  20969.57  3873.182  1745.278  455.1577  1481.430  15715.93
a  -2300.266 -21093.22 -3955.127 -1573.143 -511.2409 -1345.526 -14402.38
     phi0.35   phi0.36  phi0.37   phi0.38   phi0.39   phi0.40   phi0.41
id   578.000  581.0000   588.00   591.000   597.000   600.000   601.000
A   3785.402  626.7764  4247.81  3232.762  6549.450  2402.706  2419.035
a  -2320.341 -348.6100 -2995.90 -2820.589 -5592.664 -2060.226 -1784.208
     phi0.42   phi0.43   phi0.44   phi0.45   phi0.46   phi0.47   phi0.48
id   604.000   619.000    662.00   686.000    693.00   699.000   702.000
A   1537.236  2887.944  33187.43  3929.199  42977.67  3395.890  4095.098
a  -1339.105 -2408.753 -21240.47 -4111.845 -22932.43 -1713.709 -3388.153
     phi0.49    phi0.50   phi0.51   phi0.52   phi0.53   phi0.54   phi0.55
id  704.0000    705.000 753.00000  757.0000   764.000    767.00   773.000
A   285.7122   7464.985  56.37000 1809.4324  2704.967  15307.24  1400.420
a  -129.6455 -11421.738 -51.53011 -681.6763 -2362.268 -16783.89 -1257.522
     phi0.56    phi0.57   phi0.58   phi0.59   phi0.60   phi0.61   phi0.62
id   780.000   783.0000   786.000    787.00    788.00   792.000   793.000
A   6290.755   976.7311  5310.870  10609.90  14686.09  6465.463 13292.689
a  -5639.873 -1070.5432 -5405.027 -10816.56 -15797.81 -6899.195 -6835.414
     phi0.63   phi0.64   phi0.65   phi0.66   phi0.67   phi0.68   phi0.69
id  794.0000   796.000  803.0000  814.0000   818.000   834.000   841.000
A   524.4149  8469.566  299.1299 2937.4509  6606.873  3562.560  6201.684
a  -197.8967 -5943.678 -168.4534 -887.7426 -3022.327 -1650.514 -8485.658
     phi0.70   phi0.71   phi0.72   phi0.73   phi0.74   phi0.75   phi0.76
id   843.000   844.000   845.000   929.000    949.00  1008.000  1037.000
A   1040.479  4379.592  4699.211  2619.546  23176.05  2339.802  1211.366
a  -1176.423 -4706.093 -2671.056 -2137.770 -16528.66 -2262.814 -1120.323
     phi0.77   phi0.78   phi0.79   phi0.80    phi0.81   phi0.82   phi0.83
id  1056.000  1057.000  1064.000 1103.0000 1105.00000 1108.0000  1110.000
A   9846.464  5824.814 10376.851  164.5536   37.61363  676.3096  9159.226
a  -9193.017 -5233.390 -5836.923 -170.0083  -33.18270 -637.9732 -8895.039
     phi0.84   phi0.85    phi0.86   phi0.87
id 1115.0000 1124.0000 1135.00000 1136.0000
A   140.5738  222.1422   28.56234  165.4883
a  -126.2832 -182.2748  -19.58286 -233.0098
E =  0.00343 | E_L =  0.00343 | E_A =  0.00000 |  84 flippped triangles
        phi0    phi0.1    phi0.2    phi0.3    phi0.4    phi0.5    phi0.6
id    84.000    87.000 118.00000  138.0000   139.000   155.000    156.00
A  14747.421 13930.964 281.91065 1262.7265 10807.921  5379.609  10236.72
a  -8468.834 -3197.903 -18.13396 -614.3243 -8777.791 -4036.432 -11557.47
      phi0.7    phi0.8    phi0.9   phi0.10   phi0.11  phi0.12   phi0.13
id   164.000   165.000   170.000  187.0000  189.0000   190.00   193.000
A   1520.409  4046.652  4254.489  931.5260  282.3609 10053.17  2785.583
a  -1049.844 -3201.396 -3582.687 -793.9455 -318.2811 -9918.79 -2298.347
     phi0.14   phi0.15   phi0.16   phi0.17   phi0.18   phi0.19   phi0.20
id    199.00   200.000    241.00  289.0000    291.00   293.000  295.0000
A   21036.21  7517.059  55345.52  425.8104  25473.18  5842.455  136.0190
a  -21804.33 -2208.380 -53517.34 -179.0223 -12196.14 -6027.814 -171.6372
     phi0.21   phi0.22   phi0.23   phi0.24   phi0.25   phi0.26   phi0.27
id 296.00000    310.00  510.0000   517.000  529.0000   537.000    539.00
A  190.98429  17286.38  149.8707  3487.180 6205.6818  4370.310  23604.66
a  -80.83865 -16361.56 -158.9052 -1212.317 -225.1614 -4534.313 -12284.76
     phi0.28   phi0.29   phi0.30   phi0.31   phi0.32   phi0.33   phi0.34
id   548.000    550.00   551.000   555.000  559.0000   561.000    562.00
A   2407.801  20969.57  3873.182  1745.278  455.1577  1481.430  15715.93
a  -2428.320 -18733.25 -3528.770 -1707.415 -469.5918 -1423.883 -12591.98
     phi0.35   phi0.36   phi0.37   phi0.38   phi0.39   phi0.40   phi0.41
id  581.0000   588.000   591.000   597.000   600.000   601.000   604.000
A   626.7764  4247.810  3232.762  6549.450  2402.706  2419.035  1537.236
a  -208.2588 -4018.649 -3228.483 -6396.367 -2292.234 -1901.137 -1490.233
     phi0.42   phi0.43   phi0.44     phi0.45   phi0.46   phi0.47   phi0.48
id   619.000   686.000   699.000 701.0000000   702.000  704.0000   705.000
A   2887.944  3929.199  3395.890   0.6215710  4095.098  285.7122  7464.985
a  -2470.169 -2934.280 -3414.706  -0.6410831 -4669.902 -224.9408 -8437.501
     phi0.49  phi0.50   phi0.51   phi0.52   phi0.53   phi0.54   phi0.55
id 753.00000  757.000   764.000    767.00   773.000   780.000  783.0000
A   56.37000 1809.432  2704.967  15307.24  1400.420  6290.755  976.7311
a  -52.10515 -440.990 -2556.455 -15367.32 -1258.499 -5002.979 -951.5637
     phi0.56   phi0.57   phi0.58   phi0.59   phi0.60   phi0.61   phi0.62
id   786.000    787.00   788.000   792.000  794.0000  803.0000   814.000
A   5310.870  10609.90 14686.092  6465.463  524.4149  299.1299  2937.451
a  -4754.873 -11149.57 -8643.882 -5675.030 -379.7110 -210.5151 -3304.414
     phi0.63   phi0.64   phi0.65   phi0.66   phi0.67   phi0.68   phi0.69
id   818.000   834.000   841.000   843.000   844.000   845.000   929.000
A   6606.873  3562.560  6201.684  1040.479  4379.592  4699.211  2619.546
a  -2577.108 -1721.879 -8152.838 -1064.775 -4266.336 -2808.572 -2454.223
     phi0.70   phi0.71   phi0.72   phi0.73   phi0.74   phi0.75   phi0.76
id    949.00  1008.000  1037.000  1056.000  1057.000  1064.000 1103.0000
A   23176.05  2339.802  1211.366  9846.464  5824.814 10376.851  164.5536
a  -10947.51 -2351.858 -1143.972 -8761.135 -1787.407 -9120.638 -163.0908
      phi0.77   phi0.78   phi0.79   phi0.80   phi0.81    phi0.82   phi0.83
id 1105.00000 1108.0000  1110.000 1115.0000 1124.0000 1135.00000 1136.0000
A    37.61363  676.3096  9159.226  140.5738  222.1422   28.56234  165.4883
a   -30.25217 -665.8925 -8366.372 -135.7827 -195.9568  -14.62876 -213.8299
E =  0.00327 | E_L =  0.00327 | E_A =  0.00000 |  86 flippped triangles
        phi0    phi0.1    phi0.2    phi0.3    phi0.4    phi0.5    phi0.6
id    84.000  138.0000   139.000 142.00000   155.000    156.00  164.0000
A  14747.421 1262.7265 10807.921  16.00085  5379.609  10236.72 1520.4095
a  -5910.273 -732.0099 -6963.591 -16.23491 -4004.192 -11313.02 -591.3685
      phi0.7    phi0.8    phi0.9   phi0.10   phi0.11   phi0.12   phi0.13
id   165.000   170.000  187.0000  189.0000    190.00   193.000    199.00
A   4046.652  4254.489  931.5260  282.3609  10053.17  2785.583  21036.21
a  -3400.499 -4375.944 -636.7178 -307.5996 -10427.94 -2176.296 -21832.12
     phi0.14   phi0.15   phi0.16   phi0.17   phi0.18   phi0.19   phi0.20
id   200.000    241.00  289.0000    291.00   293.000  295.0000  296.0000
A   7517.059  55345.52  425.8104  25473.18  5842.455  136.0190  190.9843
a  -2024.850 -50610.99 -329.9604 -10209.17 -6009.319 -164.7333 -125.7386
     phi0.21   phi0.22   phi0.23     phi0.24   phi0.25  phi0.26   phi0.27
id    310.00  510.0000   517.000 525.0000000  529.0000   537.00    539.00
A   17286.38  149.8707  3487.180   0.8420354 6205.6818  4370.31  23604.66
a  -15555.62 -115.8129 -1311.581  -0.6735556 -414.4039 -4762.10 -11259.87
     phi0.28   phi0.29   phi0.30   phi0.31   phi0.32   phi0.33   phi0.34
id   548.000    550.00   551.000   555.000  559.0000   561.000    562.00
A   2407.801  20969.57  3873.182  1745.278  455.1577  1481.430  15715.93
a  -2392.944 -17829.60 -3684.900 -1791.032 -480.9433 -1401.777 -12154.00
     phi0.35   phi0.36   phi0.37   phi0.38   phi0.39   phi0.40   phi0.41
id 577.00000  581.0000   588.000   591.000   597.000   600.000   601.000
A   19.11897  626.7764  4247.810  3232.762  6549.450  2402.706  2419.035
a  -17.86662 -374.8213 -3597.694 -3033.963 -5834.421 -2167.386 -1648.578
     phi0.42   phi0.43   phi0.44  phi0.45   phi0.46   phi0.47   phi0.48
id   604.000   619.000   686.000   699.00   702.000  704.0000   705.000
A   1537.236  2887.944  3929.199  3395.89  4095.098  285.7122  7464.985
a  -1330.843 -2020.599 -3797.677 -3212.20 -4267.054 -201.8409 -6046.061
     phi0.49   phi0.50   phi0.51   phi0.52   phi0.53   phi0.54   phi0.55
id 753.00000  757.0000   764.000    767.00   773.000   780.000  783.0000
A   56.37000 1809.4324  2704.967  15307.24  1400.420  6290.755  976.7311
a  -46.52237 -172.9869 -2269.166 -14832.62 -1180.202 -5547.967 -949.8622
      phi0.56   phi0.57   phi0.58   phi0.59   phi0.60   phi0.61   phi0.62
id 785.000000   786.000   787.000    788.00   792.000 794.00000  803.0000
A    1.497888  5310.870 10609.900  14686.09  6465.463 524.41489  299.1299
a   -1.009496 -4744.787 -9366.761 -13268.85 -6010.961 -54.87315 -190.7598
      phi0.63   phi0.64    phi0.65   phi0.66   phi0.67   phi0.68   phi0.69
id 804.000000   814.000  818.00000   834.000   841.000   843.000   844.000
A    1.056096  2937.451 6606.87285  3562.560  6201.684  1040.479  4379.592
a   -1.183614 -2980.939  -20.48025 -1418.146 -8014.895 -1082.136 -4423.554
     phi0.70   phi0.71   phi0.72   phi0.73   phi0.74   phi0.75   phi0.76
id   845.000   929.000   949.000  1008.000  1037.000  1056.000  1057.000
A   4699.211  2619.546 23176.049  2339.802  1211.366  9846.464  5824.814
a  -3127.789 -2362.119 -9353.604 -2167.039 -1089.852 -8142.343 -2356.303
     phi0.77   phi0.78    phi0.79   phi0.80   phi0.81   phi0.82   phi0.83
id  1064.000 1103.0000 1105.00000 1108.0000  1110.000 1115.0000 1124.0000
A  10376.851  164.5536   37.61363  676.3096  9159.226  140.5738  222.1422
a  -9355.118 -167.8267  -33.08998 -633.4737 -7703.763 -116.8067 -177.6402
      phi0.84   phi0.85
id 1135.00000 1136.0000
A    28.56234  165.4883
a   -18.34248 -221.6611
E =  0.00310 | E_L =  0.00310 | E_A =  0.00000 |  93 flippped triangles
         phi0    phi0.1     phi0.2    phi0.3    phi0.4    phi0.5    phi0.6
id    84.0000    87.000 117.000000  138.0000   139.000 142.00000   155.000
A  14747.4206 13930.964   1.185116 1262.7265 10807.921  16.00085  5379.609
a   -854.7329 -1787.386  -1.294874 -755.3762 -6407.874 -15.35805 -3610.727
      phi0.7    phi0.8    phi0.9   phi0.10   phi0.11   phi0.12   phi0.13
id    156.00  164.0000   165.000   170.000  187.0000  189.0000   190.000
A   10236.72 1520.4095  4046.652  4254.489  931.5260  282.3609 10053.170
a  -11078.47 -990.6486 -3311.444 -4252.813 -750.3535 -283.0105 -9967.643
     phi0.14   phi0.15   phi0.16   phi0.17   phi0.18  phi0.19   phi0.20
id   193.000    199.00   200.000    241.00  289.0000   291.00 292.00000
A   2785.583  21036.21  7517.059  55345.52  425.8104 25473.18 400.59621
a  -2278.125 -21368.60 -1806.050 -51732.04 -315.0580 -7593.10 -16.31513
     phi0.21   phi0.22   phi0.23   phi0.24    phi0.25   phi0.26   phi0.27
id   293.000  295.0000  296.0000    310.00 317.000000  510.0000  517.0000
A   5842.455  136.0190  190.9843  17286.38   1.680880  149.8707 3487.1800
a  -5871.167 -148.4776 -176.1879 -14083.01  -1.506257 -145.5451 -811.6957
       phi0.28  phi0.29   phi0.30   phi0.31   phi0.32   phi0.33   phi0.34
id 525.0000000  529.000   537.000    539.00   548.000    550.00   551.000
A    0.8420354 6205.682  4370.310  23604.66  2407.801  20969.57  3873.182
a   -0.3703971 -369.609 -4491.152 -12678.96 -2374.960 -15805.01 -3904.650
     phi0.35   phi0.36   phi0.37   phi0.38   phi0.39   phi0.40   phi0.41
id   555.000  559.0000   561.000    562.00 577.00000  581.0000   588.000
A   1745.278  455.1577  1481.430  15715.93  19.11897  626.7764  4247.810
a  -1720.123 -476.1863 -1456.207 -11085.72 -16.56402 -524.7490 -3638.744
     phi0.42   phi0.43   phi0.44   phi0.45   phi0.46   phi0.47   phi0.48
id   591.000   597.000   600.000   601.000   604.000   619.000   686.000
A   3232.762  6549.450  2402.706  2419.035  1537.236  2887.944  3929.199
a  -3246.704 -6290.222 -2241.481 -1826.246 -1370.577 -2328.111 -3462.574
     phi0.49   phi0.50     phi0.51   phi0.52   phi0.53   phi0.54   phi0.55
id 698.00000   699.000 701.0000000   702.000  704.0000   705.000 753.00000
A  111.73099  3395.890   0.6215710  4095.098  285.7122  7464.985  56.37000
a  -89.69197 -3294.536  -0.5004607 -4407.127 -229.5576 -5213.835 -52.72476
     phi0.56   phi0.57   phi0.58   phi0.59   phi0.60   phi0.61    phi0.62
id  757.0000   764.000    767.00   773.000   780.000  783.0000 785.000000
A  1809.4324  2704.967  15307.24  1400.420  6290.755  976.7311   1.497888
a  -464.8766 -2288.931 -13851.04 -1134.022 -4307.531 -950.2889  -1.504404
     phi0.63   phi0.64   phi0.65   phi0.66   phi0.67   phi0.68   phi0.69
id   786.000    787.00    788.00   792.000 794.00000 799.00000  803.0000
A   5310.870  10609.90  14686.09  6465.463 524.41489 304.65184  299.1299
a  -4910.852 -10389.55 -11131.20 -6115.151 -75.40994 -92.99541 -317.1621
      phi0.70   phi0.71  phi0.72   phi0.73   phi0.74   phi0.75   phi0.76
id 804.000000   814.000   834.00   841.000   843.000   844.000   845.000
A    1.056096  2937.451  3562.56  6201.684  1040.479  4379.592  4699.211
a   -1.303760 -2895.228 -1337.65 -7355.981 -1066.664 -4325.162 -2991.101
     phi0.77   phi0.78   phi0.79   phi0.80   phi0.81   phi0.82   phi0.83
id   929.000   949.000  951.0000  1008.000  1037.000  1056.000  1057.000
A   2619.546 23176.049  214.3134  2339.802  1211.366  9846.464  5824.814
a  -2383.755 -6469.505 -222.9163 -2171.112 -1075.198 -8688.516 -2648.799
    phi0.84   phi0.85    phi0.86   phi0.87   phi0.88   phi0.89   phi0.90
id  1064.00 1103.0000 1105.00000 1108.0000  1110.000 1115.0000 1124.0000
A  10376.85  164.5536   37.61363  676.3096  9159.226  140.5738  222.1422
a  -9484.07 -172.9857  -34.94190 -650.3876 -6312.683 -110.4343 -180.0104
      phi0.91   phi0.92
id 1135.00000 1136.0000
A    28.56234  165.4883
a   -21.14554 -231.0652
E =  0.00303 | E_L =  0.00303 | E_A =  0.00000 |  85 flippped triangles
        phi0    phi0.1    phi0.2    phi0.3    phi0.4    phi0.5    phi0.6
id  118.0000  138.0000   139.000 142.00000   155.000    156.00  164.0000
A   281.9106 1262.7265 10807.921  16.00085  5379.609  10236.72 1520.4095
a  -260.3380 -906.1238 -5762.002 -16.67537 -3699.956 -10744.06 -355.4481
      phi0.7    phi0.8    phi0.9   phi0.10   phi0.11   phi0.12   phi0.13
id   165.000   170.000  187.0000  189.0000    190.00   193.000    199.00
A   4046.652  4254.489  931.5260  282.3609  10053.17  2785.583  21036.21
a  -3291.983 -4290.317 -514.6427 -299.6973 -10115.95 -2185.415 -21770.85
     phi0.14   phi0.15   phi0.16   phi0.17   phi0.18   phi0.19   phi0.20
id   200.000    241.00  283.0000  289.0000   291.000 292.00000   293.000
A   7517.059  55345.52  414.9252  425.8104 25473.180 400.59621  5842.455
a  -1887.921 -50777.42 -252.5629 -367.7682 -5591.239 -74.08077 -5995.405
     phi0.21   phi0.22   phi0.23   phi0.24   phi0.25   phi0.26   phi0.27
id  295.0000  296.0000    310.00  510.0000  517.0000  529.0000   537.000
A   136.0190  190.9843  17286.38  149.8707 3487.1800 6205.6818  4370.310
a  -152.0651 -173.7165 -12869.50 -116.8049 -982.7441 -427.9532 -4702.321
     phi0.28   phi0.29   phi0.30   phi0.31   phi0.32   phi0.33   phi0.34
id    539.00   548.000    550.00   551.000   555.000  559.0000   561.000
A   23604.66  2407.801  20969.57  3873.182  1745.278  455.1577  1481.430
a  -12094.53 -2407.454 -14404.88 -3753.639 -1770.690 -472.8046 -1465.007
     phi0.35   phi0.36   phi0.37   phi0.38   phi0.39   phi0.40   phi0.41
id    562.00 577.00000  581.0000   588.000   591.000   597.000   600.000
A   15715.93  19.11897  626.7764  4247.810  3232.762  6549.450  2402.706
a  -11260.08 -17.97373 -300.6960 -3557.749 -3076.731 -5947.156 -2151.868
     phi0.42   phi0.43   phi0.44   phi0.45  phi0.46   phi0.47   phi0.48
id   601.000   604.000   619.000   686.000  698.000   699.000   702.000
A   2419.035  1537.236  2887.944  3929.199  111.731  3395.890  4095.098
a  -1679.603 -1297.938 -1954.934 -3686.986 -109.257 -3223.199 -4285.625
     phi0.49   phi0.50   phi0.51    phi0.52   phi0.53   phi0.54   phi0.55
id  704.0000   705.000 753.00000  757.00000   764.000    767.00   773.000
A   285.7122  7464.985  56.37000 1809.43243  2704.967  15307.24  1400.420
a  -262.6500 -4997.724 -41.04219  -30.51759 -2235.289 -12905.08 -1163.006
     phi0.56   phi0.57   phi0.58   phi0.59   phi0.60   phi0.61   phi0.62
id   780.000  783.0000   786.000    787.00    788.00   792.000  794.0000
A   6290.755  976.7311  5310.870  10609.90  14686.09  6465.463  524.4149
a  -4934.304 -939.9246 -4852.915 -10322.48 -12997.13 -5891.748 -154.2440
     phi0.63   phi0.64   phi0.65   phi0.66   phi0.67   phi0.68   phi0.69
id  799.0000  803.0000   814.000   834.000   843.000   844.000   845.000
A   304.6518  299.1299  2937.451  3562.560  1040.479  4379.592  4699.211
a  -209.0770 -278.8079 -2981.294 -1198.414 -1083.065 -4137.107 -3221.358
     phi0.70   phi0.71   phi0.72   phi0.73   phi0.74   phi0.75   phi0.76
id   929.000   949.000  951.0000  1008.000  1037.000  1056.000  1057.000
A   2619.546 23176.049  214.3134  2339.802  1211.366  9846.464  5824.814
a  -2390.099 -4053.068 -189.5419 -2143.359 -1049.988 -8371.501 -2449.413
     phi0.77   phi0.78    phi0.79   phi0.80   phi0.81   phi0.82    phi0.83
id  1064.000 1103.0000 1105.00000 1108.0000 1115.0000 1124.0000 1135.00000
A  10376.851  164.5536   37.61363  676.3096  140.5738  222.1422   28.56234
a  -9484.669 -161.9683  -30.42285 -626.9752 -122.6538 -179.1459  -12.74521
     phi0.84
id 1136.0000
A   165.4883
a  -215.9161
E =  0.00300 | E_L =  0.00300 | E_A =  0.00000 |  85 flippped triangles
        phi0    phi0.1    phi0.2    phi0.3    phi0.4    phi0.5    phi0.6
id  118.0000   138.000   139.000 142.00000   155.000    156.00  164.0000
A   281.9106  1262.726 10807.921  16.00085  5379.609  10236.72 1520.4095
a  -212.8484 -1008.943 -5524.015 -17.07725 -3654.153 -10842.72 -583.7506
      phi0.7    phi0.8    phi0.9   phi0.10   phi0.11   phi0.12   phi0.13
id   165.000   170.000  187.0000  189.0000    190.00   193.000    199.00
A   4046.652  4254.489  931.5260  282.3609  10053.17  2785.583  21036.21
a  -3256.371 -4315.585 -462.4107 -306.2767 -10134.23 -2183.885 -21532.22
     phi0.14   phi0.15   phi0.16   phi0.17   phi0.18   phi0.19   phi0.20
id   200.000    241.00  283.0000  289.0000   291.000 292.00000   293.000
A   7517.059  55345.52  414.9252  425.8104 25473.180 400.59621  5842.455
a  -1690.544 -51255.99 -198.1221 -326.4755 -2199.821 -21.99534 -6009.892
     phi0.21   phi0.22   phi0.23   phi0.24   phi0.25   phi0.26   phi0.27
id  295.0000  296.0000    310.00  510.0000  517.0000  529.0000   537.000
A   136.0190  190.9843  17286.38  149.8707 3487.1800 6205.6818  4370.310
a  -150.8667 -152.6099 -11915.92 -136.2516 -956.5459 -386.8443 -4694.226
     phi0.28   phi0.29   phi0.30   phi0.31   phi0.32   phi0.33   phi0.34
id    539.00   548.000    550.00   551.000   555.000  559.0000   561.000
A   23604.66  2407.801  20969.57  3873.182  1745.278  455.1577  1481.430
a  -12832.92 -2425.586 -12587.14 -3721.311 -1752.660 -463.8515 -1481.711
     phi0.35   phi0.36   phi0.37   phi0.38   phi0.39  phi0.40   phi0.41
id    562.00 577.00000  581.0000   588.000   591.000   597.00   600.000
A   15715.93  19.11897  626.7764  4247.810  3232.762  6549.45  2402.706
a  -10496.95 -18.62452 -365.1336 -3544.198 -3140.848 -6012.50 -2145.487
     phi0.42   phi0.43   phi0.44   phi0.45   phi0.46   phi0.47   phi0.48
id   601.000   604.000   619.000   686.000  698.0000   699.000   702.000
A   2419.035  1537.236  2887.944  3929.199  111.7310  3395.890  4095.098
a  -1682.309 -1293.703 -2166.754 -3593.062 -117.7876 -3251.848 -4257.711
     phi0.49   phi0.50  phi0.51   phi0.52   phi0.53   phi0.54   phi0.55
id  704.0000   705.000 753.0000   764.000    767.00   773.000   780.000
A   285.7122  7464.985  56.3700  2704.967  15307.24  1400.420  6290.755
a  -275.6776 -4947.147 -37.9482 -2178.081 -11985.19 -1169.051 -4493.986
     phi0.56   phi0.57   phi0.58   phi0.59   phi0.60   phi0.61   phi0.62
id  783.0000   786.000    787.00    788.00   792.000  794.0000  799.0000
A   976.7311  5310.870  10609.90  14686.09  6465.463  524.4149  304.6518
a  -919.5690 -4776.766 -10682.09 -12069.03 -5834.343 -193.4004 -148.1799
     phi0.63   phi0.64   phi0.65   phi0.66   phi0.67   phi0.68   phi0.69
id  803.0000   814.000   834.000  841.0000   843.000   844.000   845.000
A   299.1299  2937.451  3562.560 6201.6841  1040.479  4379.592  4699.211
a  -219.5285 -3016.483 -1415.863 -482.0545 -1105.244 -4318.753 -2982.669
     phi0.70   phi0.71   phi0.72   phi0.73   phi0.74   phi0.75   phi0.76
id   929.000   949.000  951.0000  1008.000  1037.000  1056.000  1057.000
A   2619.546 23176.049  214.3134  2339.802  1211.366  9846.464  5824.814
a  -2507.312 -2899.595 -213.1494 -2056.565 -1058.730 -8650.545 -2859.367
     phi0.77   phi0.78    phi0.79   phi0.80   phi0.81   phi0.82    phi0.83
id  1064.000 1103.0000 1105.00000 1108.0000 1115.0000 1124.0000 1135.00000
A  10376.851  164.5536   37.61363  676.3096  140.5738  222.1422   28.56234
a  -9614.561 -161.7018  -28.85713 -639.1426 -126.1358 -184.6909  -10.39466
     phi0.84
id 1136.0000
A   165.4883
a  -213.7952
E =  0.00299 | E_L =  0.00299 | E_A =  0.00000 |  83 flippped triangles
        phi0    phi0.1    phi0.2    phi0.3    phi0.4    phi0.5    phi0.6
id 118.00000  138.0000   139.000 142.00000   155.000    156.00  164.0000
A  281.91065 1262.7265 10807.921  16.00085  5379.609  10236.72 1520.4095
a  -40.01621 -708.0208 -5183.817 -16.91575 -3470.678 -10779.05 -323.6081
      phi0.7    phi0.8    phi0.9   phi0.10   phi0.11   phi0.12   phi0.13
id   165.000   170.000  187.0000  189.0000   190.000   193.000    199.00
A   4046.652  4254.489  931.5260  282.3609 10053.170  2785.583  21036.21
a  -3225.088 -4241.494 -590.8501 -298.1421 -9937.307 -2166.205 -21523.89
     phi0.14   phi0.15   phi0.16   phi0.17   phi0.18   phi0.19   phi0.20
id   200.000    241.00 283.00000  289.0000   291.000   293.000  295.0000
A   7517.059  55345.52 414.92522  425.8104 25473.180  5842.455  136.0190
a  -1797.382 -49950.99 -70.45666 -359.5732 -4488.443 -6023.039 -154.4769
     phi0.21   phi0.22   phi0.23   phi0.24   phi0.25   phi0.26   phi0.27
id  296.0000    310.00  510.0000  517.0000  529.0000   537.000    539.00
A   190.9843  17286.38  149.8707 3487.1800 6205.6818  4370.310  23604.66
a  -167.9365 -12568.56 -135.1250 -823.1462 -519.8118 -4701.497 -12262.04
     phi0.28   phi0.29   phi0.30   phi0.31   phi0.32   phi0.33   phi0.34
id   548.000    550.00   551.000   555.000  559.0000   561.000    562.00
A   2407.801  20969.57  3873.182  1745.278  455.1577  1481.430  15715.93
a  -2431.167 -14048.04 -3802.260 -1759.800 -465.8079 -1480.061 -10667.94
     phi0.35   phi0.36  phi0.37   phi0.38   phi0.39   phi0.40   phi0.41
id 577.00000  581.0000   588.00   591.000   597.000   600.000   601.000
A   19.11897  626.7764  4247.81  3232.762  6549.450  2402.706  2419.035
a  -18.36101 -278.7376 -3511.20 -3066.135 -5956.748 -2128.189 -1629.031
     phi0.42   phi0.43   phi0.44   phi0.45  phi0.46   phi0.47   phi0.48
id   604.000   619.000   686.000  698.0000   699.00   702.000  704.0000
A   1537.236  2887.944  3929.199  111.7310  3395.89  4095.098  285.7122
a  -1251.010 -1903.704 -3626.075 -119.1161 -3237.15 -4314.496 -268.8972
     phi0.49   phi0.50   phi0.51   phi0.52   phi0.53   phi0.54   phi0.55
id   705.000 753.00000  757.0000   764.000    767.00   773.000   780.000
A   7464.985  56.37000 1809.4324  2704.967  15307.24  1400.420  6290.755
a  -4815.024 -44.93928 -220.8942 -2223.454 -12633.85 -1144.418 -4252.614
     phi0.56   phi0.57   phi0.58   phi0.59   phi0.60   phi0.61   phi0.62
id  783.0000   786.000    787.00    788.00   792.000 794.00000  803.0000
A   976.7311  5310.870  10609.90  14686.09  6465.463 524.41489  299.1299
a  -933.8563 -4784.558 -10292.14 -12510.32 -5889.151 -39.71451 -250.0269
     phi0.63   phi0.64   phi0.65   phi0.66   phi0.67   phi0.68   phi0.69
id   814.000   834.000   843.000   844.000   845.000   929.000   949.000
A   2937.451  3562.560  1040.479  4379.592  4699.211  2619.546 23176.049
a  -2997.910 -1125.742 -1089.928 -4155.877 -3140.735 -2420.936 -3711.516
     phi0.70   phi0.71   phi0.72   phi0.73   phi0.74   phi0.75   phi0.76
id  951.0000  1008.000  1037.000  1056.000  1057.000  1064.000 1103.0000
A   214.3134  2339.802  1211.366  9846.464  5824.814 10376.851  164.5536
a  -218.6804 -2123.849 -1045.205 -8547.272 -2345.157 -9742.804 -162.4704
      phi0.77   phi0.78   phi0.79   phi0.80    phi0.81   phi0.82
id 1105.00000 1108.0000 1115.0000 1124.0000 1135.00000 1136.0000
A    37.61363  676.3096  140.5738  222.1422   28.56234  165.4883
a   -30.53065 -628.5469 -120.5481 -178.7045  -11.49782 -215.4403
E =  0.00298 | E_L =  0.00298 | E_A =  0.00000 |  83 flippped triangles
        phi0    phi0.1    phi0.2    phi0.3    phi0.4    phi0.5    phi0.6
id 118.00000  138.0000   139.000 142.00000   155.000    156.00  164.0000
A  281.91065 1262.7265 10807.921  16.00085  5379.609  10236.72 1520.4095
a  -43.59608 -659.6944 -4970.779 -16.89715 -3483.500 -10720.20 -361.0115
      phi0.7    phi0.8    phi0.9   phi0.10   phi0.11   phi0.12   phi0.13
id   165.000   170.000  187.0000  189.0000   190.000   193.000    199.00
A   4046.652  4254.489  931.5260  282.3609 10053.170  2785.583  21036.21
a  -3175.319 -4203.395 -606.3882 -298.5074 -9983.188 -2153.456 -21452.07
     phi0.14   phi0.15   phi0.16   phi0.17   phi0.18   phi0.19  phi0.20
id   200.000    241.00 283.00000  289.0000   291.000   293.000  295.000
A   7517.059  55345.52 414.92522  425.8104 25473.180  5842.455  136.019
a  -1995.178 -50310.48 -92.68073 -374.5481 -3675.449 -6039.626 -155.766
     phi0.21   phi0.22   phi0.23   phi0.24   phi0.25   phi0.26   phi0.27
id  296.0000    310.00  510.0000  517.0000  529.0000   537.000    539.00
A   190.9843  17286.38  149.8707 3487.1800 6205.6818  4370.310  23604.66
a  -170.2864 -12357.91 -134.1931 -841.4137 -261.4144 -4657.793 -12722.41
     phi0.28   phi0.29   phi0.30   phi0.31   phi0.32   phi0.33   phi0.34
id   548.000    550.00   551.000   555.000  559.0000   561.000   562.000
A   2407.801  20969.57  3873.182  1745.278  455.1577  1481.430 15715.929
a  -2404.268 -13475.64 -3772.490 -1757.716 -465.6590 -1473.797 -9985.181
     phi0.35   phi0.36   phi0.37   phi0.38   phi0.39   phi0.40   phi0.41
id 577.00000  581.0000   588.000   591.000   597.000   600.000   601.000
A   19.11897  626.7764  4247.810  3232.762  6549.450  2402.706  2419.035
a  -18.33920 -290.6113 -3552.141 -3094.527 -6008.425 -2153.265 -1641.609
     phi0.42   phi0.43   phi0.44   phi0.45   phi0.46   phi0.47   phi0.48
id   604.000   619.000   686.000  698.0000   699.000   702.000  704.0000
A   1537.236  2887.944  3929.199  111.7310  3395.890  4095.098  285.7122
a  -1267.397 -1986.059 -3547.238 -120.8066 -3227.935 -4288.990 -263.9257
     phi0.49   phi0.50   phi0.51   phi0.52   phi0.53   phi0.54   phi0.55
id   705.000 753.00000  757.0000   764.000    767.00   773.000   780.000
A   7464.985  56.37000 1809.4324  2704.967  15307.24  1400.420  6290.755
a  -4680.214 -45.51921 -238.8566 -2230.070 -12272.46 -1159.063 -4126.349
     phi0.56   phi0.57   phi0.58   phi0.59   phi0.60   phi0.61   phi0.62
id  783.0000   786.000    787.00    788.00   792.000 794.00000  803.0000
A   976.7311  5310.870  10609.90  14686.09  6465.463 524.41489  299.1299
a  -932.1025 -4765.227 -10286.21 -12108.04 -5890.858 -13.00317 -256.4868
     phi0.63   phi0.64   phi0.65   phi0.66   phi0.67   phi0.68   phi0.69
id   814.000   834.000   843.000   844.000   845.000   929.000   949.000
A   2937.451  3562.560  1040.479  4379.592  4699.211  2619.546 23176.049
a  -2985.381 -1132.785 -1090.519 -4152.448 -3098.193 -2513.391 -3620.295
     phi0.70   phi0.71   phi0.72   phi0.73   phi0.74   phi0.75   phi0.76
id  951.0000  1008.000  1037.000  1056.000  1057.000  1064.000 1103.0000
A   214.3134  2339.802  1211.366  9846.464  5824.814 10376.851  164.5536
a  -220.2263 -2114.703 -1048.374 -8551.990 -2285.674 -9972.367 -161.9274
      phi0.77   phi0.78   phi0.79   phi0.80    phi0.81   phi0.82
id 1105.00000 1108.0000 1115.0000 1124.0000 1135.00000 1136.0000
A    37.61363  676.3096  140.5738  222.1422   28.56234  165.4883
a   -29.90388 -628.2024 -120.8922 -179.2500  -10.91435 -214.9351
E =  0.00298 | E_L =  0.00298 | E_A =  0.00000 |  81 flippped triangles
        phi0    phi0.1    phi0.2    phi0.3    phi0.4    phi0.5    phi0.6
id  138.0000   139.000 142.00000   155.000    156.00  164.0000   165.000
A  1262.7265 10807.921  16.00085  5379.609  10236.72 1520.4095  4046.652
a  -623.5784 -4742.999 -16.90507 -3370.843 -10787.61 -211.3564 -3148.193
      phi0.7    phi0.8    phi0.9   phi0.10   phi0.11   phi0.12   phi0.13
id   170.000  187.0000  189.0000   190.000   193.000    199.00   200.000
A   4254.489  931.5260  282.3609 10053.170  2785.583  21036.21  7517.059
a  -4247.016 -593.9905 -299.5624 -9880.624 -2143.082 -21355.85 -1877.917
     phi0.14   phi0.15   phi0.16   phi0.17   phi0.18   phi0.19   phi0.20
id    241.00 283.00000  289.0000   291.000   293.000  295.0000  296.0000
A   55345.52 414.92522  425.8104 25473.180  5842.455  136.0190  190.9843
a  -49661.80 -92.88194 -374.3510 -3294.461 -6072.289 -154.6973 -172.1674
     phi0.21   phi0.22  phi0.23   phi0.24   phi0.25   phi0.26   phi0.27
id    310.00  510.0000  517.000  529.0000   537.000    539.00   548.000
A   17286.38  149.8707 3487.180 6205.6818  4370.310  23604.66  2407.801
a  -12064.78 -131.1309 -699.574 -427.4298 -4703.266 -12129.45 -2415.554
     phi0.28   phi0.29   phi0.30   phi0.31   phi0.32   phi0.33   phi0.34
id    550.00   551.000   555.000  559.0000   561.000    562.00 577.00000
A   20969.57  3873.182  1745.278  455.1577  1481.430  15715.93  19.11897
a  -13103.58 -3785.181 -1762.583 -465.3014 -1476.459 -10169.35 -18.35395
     phi0.35  phi0.36   phi0.37   phi0.38   phi0.39   phi0.40   phi0.41
id  581.0000   588.00   591.000   597.000   600.000   601.000   604.000
A   626.7764  4247.81  3232.762  6549.450  2402.706  2419.035  1537.236
a  -228.1830 -3515.17 -3055.237 -5918.915 -2133.136 -1569.519 -1221.594
     phi0.42   phi0.43   phi0.44   phi0.45   phi0.46   phi0.47   phi0.48
id   619.000   686.000  698.0000   699.000   702.000  704.0000   705.000
A   2887.944  3929.199  111.7310  3395.890  4095.098  285.7122  7464.985
a  -1894.292 -3601.387 -121.8712 -3230.532 -4326.715 -267.7165 -4720.879
     phi0.49   phi0.50   phi0.51   phi0.52   phi0.53   phi0.54   phi0.55
id 753.00000  757.0000   764.000    767.00   773.000   780.000  783.0000
A   56.37000 1809.4324  2704.967  15307.24  1400.420  6290.755  976.7311
a  -44.93599 -253.6599 -2238.780 -12070.78 -1147.757 -4066.216 -935.9928
     phi0.56  phi0.57   phi0.58   phi0.59   phi0.60   phi0.61   phi0.62
id   786.000    787.0    788.00   792.000  803.0000   814.000   834.000
A   5310.870  10609.9  14686.09  6465.463  299.1299  2937.451  3562.560
a  -4771.012 -10099.8 -12363.71 -5914.622 -253.5116 -2972.144 -1104.967
     phi0.63   phi0.64   phi0.65   phi0.66   phi0.67   phi0.68   phi0.69
id   843.000   844.000   845.000   929.000   949.000  951.0000  1008.000
A   1040.479  4379.592  4699.211  2619.546 23176.049  214.3134  2339.802
a  -1094.712 -4177.349 -3138.215 -2460.208 -3053.734 -216.2818 -2126.491
     phi0.70   phi0.71   phi0.72   phi0.73   phi0.74    phi0.75   phi0.76
id  1037.000  1056.000  1057.000  1064.000 1103.0000 1105.00000 1108.0000
A   1211.366  9846.464  5824.814 10376.851  164.5536   37.61363  676.3096
a  -1042.818 -8576.031 -2258.130 -9816.965 -160.4057  -28.50797 -628.2318
     phi0.77   phi0.78     phi0.79   phi0.80
id 1115.0000 1124.0000 1135.000000 1136.0000
A   140.5738  222.1422   28.562339  165.4883
a  -121.6166 -179.6507   -8.472065 -212.2456
E =  0.00298 | E_L =  0.00298 | E_A =  0.00000 |  82 flippped triangles
        phi0    phi0.1    phi0.2    phi0.3    phi0.4    phi0.5    phi0.6
id 118.00000  138.0000   139.000 142.00000   155.000    156.00  164.0000
A  281.91065 1262.7265 10807.921  16.00085  5379.609  10236.72 1520.4095
a  -15.85621 -584.0418 -4546.469 -16.40746 -3398.696 -10738.69 -231.5494
      phi0.7    phi0.8   phi0.9   phi0.10   phi0.11   phi0.12   phi0.13
id   165.000   170.000  187.000  189.0000   190.000   193.000    199.00
A   4046.652  4254.489  931.526  282.3609 10053.170  2785.583  21036.21
a  -3168.077 -4219.458 -584.067 -299.4776 -9897.647 -2145.484 -21411.92
     phi0.14   phi0.15   phi0.16   phi0.17   phi0.18   phi0.19  phi0.20
id   200.000    241.00 283.00000  289.0000   291.000   293.000  295.000
A   7517.059  55345.52 414.92522  425.8104 25473.180  5842.455  136.019
a  -1893.231 -49693.88 -85.18662 -367.1823 -3234.639 -6064.221 -154.421
     phi0.21   phi0.22   phi0.23   phi0.24   phi0.25  phi0.26   phi0.27
id  296.0000    310.00  510.0000  517.0000  529.0000   537.00    539.00
A   190.9843  17286.38  149.8707 3487.1800 6205.6818  4370.31  23604.66
a  -171.1907 -12128.44 -134.7491 -761.3206 -440.2402 -4694.77 -12390.18
     phi0.28   phi0.29   phi0.30   phi0.31   phi0.32  phi0.33   phi0.34
id   548.000    550.00   551.000   555.000  559.0000   561.00   562.000
A   2407.801  20969.57  3873.182  1745.278  455.1577  1481.43 15715.929
a  -2424.017 -13302.06 -3783.640 -1760.733 -464.3279 -1478.67 -9701.445
     phi0.35   phi0.36   phi0.37   phi0.38   phi0.39   phi0.40   phi0.41
id 577.00000  581.0000   588.000   591.000   597.000   600.000   601.000
A   19.11897  626.7764  4247.810  3232.762  6549.450  2402.706  2419.035
a  -18.31958 -232.9758 -3516.625 -3067.250 -5961.792 -2132.323 -1595.491
     phi0.42   phi0.43   phi0.44   phi0.45   phi0.46   phi0.47   phi0.48
id   604.000   619.000   686.000  698.0000   699.000   702.000  704.0000
A   1537.236  2887.944  3929.199  111.7310  3395.890  4095.098  285.7122
a  -1236.251 -1905.946 -3596.870 -119.0727 -3230.885 -4307.384 -266.3993
     phi0.49   phi0.50   phi0.51   phi0.52   phi0.53  phi0.54   phi0.55
id   705.000 753.00000  757.0000   764.000    767.00   773.00   780.000
A   7464.985  56.37000 1809.4324  2704.967  15307.24  1400.42  6290.755
a  -4671.568 -43.95514 -233.0171 -2233.147 -12178.11 -1143.78 -4040.286
     phi0.56   phi0.57   phi0.58   phi0.59   phi0.60   phi0.61   phi0.62
id  783.0000   786.000    787.00    788.00   792.000  803.0000   814.000
A   976.7311  5310.870  10609.90  14686.09  6465.463  299.1299  2937.451
a  -934.0876 -4772.128 -10244.96 -12307.70 -5894.867 -252.7591 -2980.937
     phi0.63   phi0.64   phi0.65   phi0.66   phi0.67   phi0.68   phi0.69
id   834.000   843.000   844.000   845.000   929.000   949.000  951.0000
A   3562.560  1040.479  4379.592  4699.211  2619.546 23176.049  214.3134
a  -1076.296 -1091.390 -4164.983 -3130.833 -2458.392 -3067.027 -216.4854
     phi0.70   phi0.71   phi0.72   phi0.73   phi0.74   phi0.75    phi0.76
id  1008.000  1037.000  1056.000  1057.000  1064.000 1103.0000 1105.00000
A   2339.802  1211.366  9846.464  5824.814 10376.851  164.5536   37.61363
a  -2125.804 -1042.308 -8594.929 -2241.247 -9923.085 -160.5403  -28.27613
     phi0.77   phi0.78   phi0.79     phi0.80   phi0.81
id 1108.0000 1115.0000 1124.0000 1135.000000 1136.0000
A   676.3096  140.5738  222.1422   28.562339  165.4883
a  -629.1314 -121.3815 -179.7066   -8.072857 -211.6936
FIRE:  6  stops.  2 hits of maxmove.  0 hits of dtmax.
Frms = 6.64238704136267e-06; Ftanrms = 6.6417824307527e-06
E =  0.00766 | E_L =  0.00764 | E_A =  0.00001 |   0 flippped triangles
E =  0.00442 | E_L =  0.00438 | E_A =  0.00004 |   0 flippped triangles
E =  0.00365 | E_L =  0.00364 | E_A =  0.00001 |   0 flippped triangles
E =  0.00333 | E_L =  0.00333 | E_A =  0.00000 |   0 flippped triangles
E =  0.00327 | E_L =  0.00327 | E_A =  0.00000 |   0 flippped triangles
E =  0.00327 | E_L =  0.00327 | E_A =  0.00000 |   0 flippped triangles
Optimising mapping with BFGS...
E =  0.00327 | E_L =  0.00327 | E_A =  0.00000 |   0 flippped triangles
Transforming image...
Mapping optimised. Error: 0.003266896 ; 0 flipped triangles.
Inferring coordinates of datapoints
Inferring coordinates of landmarks
Mapping optimised. Error: 0.003266896 ; 0 flipped triangles. OD displacement: 6.518757 degrees.
Computing Kernel Density estimates of datapoints

[1] 0.7
Saving adult_retina/data/C57BL6J/GM247/R-CONTRA/r.mat
