[1] "Adding old segment 1"
[1] "Storing new segment 1"
[1] "Adding old segment 2"
[1] "Adding old segment 3"
[1] "Adding old segment 4"
[1] "Adding old segment 5"
[1] "Intersection found. Old points:"
   X    Y 
2540 1859 
   X    Y 
1650 2479 
   X    Y 
1650 2479 
   X    Y 
2830 2679 
[1] "Point i+1 has been changed:"
   X    Y 
2540 1859 
   X    Y 
1650 2479 
   X    Y 
1650 2479 
   X    Y 
2830 2679 
[1] "a= 0.0417770575268841"
[1] "l= 1196.82914403017"
[1] "New points:"
   X    Y 
2540 1859 
   X    Y 
1650 2479 
       X        Y 
2780.703 2670.645 
   X    Y 
2830 2679 
[1] "Storing new segment 2"
simplify.outline: Removing vertex 14
simplify.outline: Removing vertex 22
Triangulating...
[1] "Non-adjacent points in rim connected by line: 98 92"
[1] "In triangle: 115" "In triangle: 147"
[1] "Other points in triangles: 4 94"
Stitching...
Tear 1 child of rim
Tear 2 child of rim
Tear 3 child of rim
Tear 4 child of rim
Tear 1 : Sf = 3591.39777539946 ; Sb = 4062.61170002891
  Forwards path
    i = 41 ; sf/Sf = 0.159663342207007 ; sf = 573.414572015087
      k =   37 ; sb/Sb = 0 ; sb = 0
      k =  150 ; sb/Sb = 0.133493664574741 ; sb = 542.332923581079
      k =   36 ; sb/Sb = 0.266987329149482 ; sb = 1084.66584716216
      Creating new point: f = 0.196036851004367
    i = 1 ; sf/Sf = 0.319326684414013 ; sf = 1146.82914403017
      k =   37 ; sb/Sb = 0 ; sb = 0
      k =  150 ; sb/Sb = 0.133493664574741 ; sb = 542.332923581079
      k =   36 ; sb/Sb = 0.266987329149482 ; sb = 1084.66584716216
      k =  236 ; sb/Sb = 0.374507756831797 ; sb = 1521.47959465644
      Creating new point: f = 0.486785222052647
    i = 2 ; sf/Sf = 0.333248840389743 ; sf = 1196.82914403017
      k =   37 ; sb/Sb = 0 ; sb = 0
      k =  150 ; sb/Sb = 0.133493664574741 ; sb = 542.332923581079
      k =   36 ; sb/Sb = 0.266987329149482 ; sb = 1084.66584716216
      k =  236 ; sb/Sb = 0.374507756831797 ; sb = 1521.47959465644
      Creating new point: f = 0.616269044576725
    i = 40 ; sf/Sf = 0.421082640040942 ; sf = 1512.27525670237
      k =   37 ; sb/Sb = 0 ; sb = 0
      k =  150 ; sb/Sb = 0.133493664574741 ; sb = 542.332923581079
      k =   36 ; sb/Sb = 0.266987329149482 ; sb = 1084.66584716216
      k =  236 ; sb/Sb = 0.374507756831797 ; sb = 1521.47959465644
      k =  160 ; sb/Sb = 0.482028184514111 ; sb = 1958.29334215072
      Creating new point: f = 0.43317241395986
    i = 38 ; sf/Sf = 0.50891643969214 ; sf = 1827.72136937457
      k =   37 ; sb/Sb = 0 ; sb = 0
      k =  150 ; sb/Sb = 0.133493664574741 ; sb = 542.332923581079
      k =   36 ; sb/Sb = 0.266987329149482 ; sb = 1084.66584716216
      k =  236 ; sb/Sb = 0.374507756831797 ; sb = 1521.47959465644
      k =  160 ; sb/Sb = 0.482028184514111 ; sb = 1958.29334215072
      k =  281 ; sb/Sb = 0.589548612196426 ; sb = 2395.10708964501
      Creating new point: f = 0.250075783342995
    i = 3 ; sf/Sf = 0.684584038994537 ; sf = 2458.61359471896
      k =   37 ; sb/Sb = 0 ; sb = 0
      k =  150 ; sb/Sb = 0.133493664574741 ; sb = 542.332923581079
      k =   36 ; sb/Sb = 0.266987329149482 ; sb = 1084.66584716216
      k =  236 ; sb/Sb = 0.374507756831797 ; sb = 1521.47959465644
      k =  160 ; sb/Sb = 0.482028184514111 ; sb = 1958.29334215072
      k =  281 ; sb/Sb = 0.589548612196426 ; sb = 2395.10708964501
      k =  427 ; sb/Sb = 0.643308826037583 ; sb = 2613.51396339215
      k =   35 ; sb/Sb = 0.697069039878741 ; sb = 2831.92083713929
      Creating new point: f = 0.767765044218531
    i = 84 ; sf/Sf = 0.842292019497268 ; sf = 3025.00568505921
      k =   37 ; sb/Sb = 0 ; sb = 0
      k =  150 ; sb/Sb = 0.133493664574741 ; sb = 542.332923581079
      k =   36 ; sb/Sb = 0.266987329149482 ; sb = 1084.66584716216
      k =  236 ; sb/Sb = 0.374507756831797 ; sb = 1521.47959465644
      k =  160 ; sb/Sb = 0.482028184514111 ; sb = 1958.29334215072
      k =  281 ; sb/Sb = 0.589548612196426 ; sb = 2395.10708964501
      k =  427 ; sb/Sb = 0.643308826037583 ; sb = 2613.51396339215
      k =   35 ; sb/Sb = 0.697069039878741 ; sb = 2831.92083713929
      k =  419 ; sb/Sb = 0.772801779909055 ; sb = 3139.5935528617
      k =  353 ; sb/Sb = 0.84853451993937 ; sb = 3447.2662685841
      Creating new point: f = 0.917571971651848
    i = 98 ; sf/Sf = 0.928718561404264 ; sf = 3335.39777539946
      k =   37 ; sb/Sb = 0 ; sb = 0
      k =  150 ; sb/Sb = 0.133493664574741 ; sb = 542.332923581079
      k =   36 ; sb/Sb = 0.266987329149482 ; sb = 1084.66584716216
      k =  236 ; sb/Sb = 0.374507756831797 ; sb = 1521.47959465644
      k =  160 ; sb/Sb = 0.482028184514111 ; sb = 1958.29334215072
      k =  281 ; sb/Sb = 0.589548612196426 ; sb = 2395.10708964501
      k =  427 ; sb/Sb = 0.643308826037583 ; sb = 2613.51396339215
      k =   35 ; sb/Sb = 0.697069039878741 ; sb = 2831.92083713929
      k =  419 ; sb/Sb = 0.772801779909055 ; sb = 3139.5935528617
      k =  353 ; sb/Sb = 0.84853451993937 ; sb = 3447.2662685841
      k =   34 ; sb/Sb = 1 ; sb = 4062.61170002891
      Creating new point: f = 0.529388223856661
Tear 2 : Sf = 3667.63102446419 ; Sb = 3438.3933289956
  Forwards path
    i = 220 ; sf/Sf = 0.0820235670172889 ; sf = 300.832179129826
      k =   27 ; sb/Sb = 0 ; sb = 0
      k =   26 ; sb/Sb = 0.0883100041095292 ; sb = 303.64452901378
      Creating new point: f = 0.928813987094334
    i = 28 ; sf/Sf = 0.164047134034578 ; sf = 601.664358259653
      k =   27 ; sb/Sb = 0 ; sb = 0
      k =   26 ; sb/Sb = 0.0883100041095292 ; sb = 303.64452901378
      k =   74 ; sb/Sb = 0.163456847076899 ; sb = 562.028932567864
      k =   65 ; sb/Sb = 0.238603690044269 ; sb = 820.413336121949
      Creating new point: f = 0.00785511319397705
    i = 221 ; sf/Sf = 0.278497533880247 ; sf = 1021.42619549596
      k =   27 ; sb/Sb = 0 ; sb = 0
      k =   26 ; sb/Sb = 0.0883100041095292 ; sb = 303.64452901378
      k =   74 ; sb/Sb = 0.163456847076899 ; sb = 562.028932567864
      k =   65 ; sb/Sb = 0.238603690044269 ; sb = 820.413336121949
      k =  211 ; sb/Sb = 0.313750533011639 ; sb = 1078.79773967603
      Creating new point: f = 0.530878507475031
    i = 29 ; sf/Sf = 0.392947933725916 ; sf = 1441.18803273227
      k =   27 ; sb/Sb = 0 ; sb = 0
      k =   26 ; sb/Sb = 0.0883100041095292 ; sb = 303.64452901378
      k =   74 ; sb/Sb = 0.163456847076899 ; sb = 562.028932567864
      k =   65 ; sb/Sb = 0.238603690044269 ; sb = 820.413336121949
      k =  211 ; sb/Sb = 0.313750533011639 ; sb = 1078.79773967603
      k =   25 ; sb/Sb = 0.388897375979009 ; sb = 1337.18214323012
      k =  196 ; sb/Sb = 0.600477505081685 ; sb = 2064.67784768479
      Creating new point: f = 0.019144320235013
    i = 378 ; sf/Sf = 0.502392908984071 ; sf = 1842.59181946079
      k =   27 ; sb/Sb = 0 ; sb = 0
      k =   26 ; sb/Sb = 0.0883100041095292 ; sb = 303.64452901378
      k =   74 ; sb/Sb = 0.163456847076899 ; sb = 562.028932567864
      k =   65 ; sb/Sb = 0.238603690044269 ; sb = 820.413336121949
      k =  211 ; sb/Sb = 0.313750533011639 ; sb = 1078.79773967603
      k =   25 ; sb/Sb = 0.388897375979009 ; sb = 1337.18214323012
      k =  196 ; sb/Sb = 0.600477505081685 ; sb = 2064.67784768479
      Creating new point: f = 0.536418677341787
    i = 30 ; sf/Sf = 0.611837884242226 ; sf = 2243.99560618932
      k =   27 ; sb/Sb = 0 ; sb = 0
      k =   26 ; sb/Sb = 0.0883100041095292 ; sb = 303.64452901378
      k =   74 ; sb/Sb = 0.163456847076899 ; sb = 562.028932567864
      k =   65 ; sb/Sb = 0.238603690044269 ; sb = 820.413336121949
      k =  211 ; sb/Sb = 0.313750533011639 ; sb = 1078.79773967603
      k =   25 ; sb/Sb = 0.388897375979009 ; sb = 1337.18214323012
      k =  196 ; sb/Sb = 0.600477505081685 ; sb = 2064.67784768479
      k =   24 ; sb/Sb = 0.812057634184362 ; sb = 2792.17355213946
      Creating new point: f = 0.0536930344485606
    i = 381 ; sf/Sf = 0.71793733932278 ; sf = 2633.1292593215
      k =   27 ; sb/Sb = 0 ; sb = 0
      k =   26 ; sb/Sb = 0.0883100041095292 ; sb = 303.64452901378
      k =   74 ; sb/Sb = 0.163456847076899 ; sb = 562.028932567864
      k =   65 ; sb/Sb = 0.238603690044269 ; sb = 820.413336121949
      k =  211 ; sb/Sb = 0.313750533011639 ; sb = 1078.79773967603
      k =   25 ; sb/Sb = 0.388897375979009 ; sb = 1337.18214323012
      k =  196 ; sb/Sb = 0.600477505081685 ; sb = 2064.67784768479
      k =   24 ; sb/Sb = 0.812057634184362 ; sb = 2792.17355213946
      Creating new point: f = 0.555155319827286
    i = 31 ; sf/Sf = 0.824036794403334 ; sf = 3022.26291245369
      k =   27 ; sb/Sb = 0 ; sb = 0
      k =   26 ; sb/Sb = 0.0883100041095292 ; sb = 303.64452901378
      k =   74 ; sb/Sb = 0.163456847076899 ; sb = 562.028932567864
      k =   65 ; sb/Sb = 0.238603690044269 ; sb = 820.413336121949
      k =  211 ; sb/Sb = 0.313750533011639 ; sb = 1078.79773967603
      k =   25 ; sb/Sb = 0.388897375979009 ; sb = 1337.18214323012
      k =  196 ; sb/Sb = 0.600477505081685 ; sb = 2064.67784768479
      k =   24 ; sb/Sb = 0.812057634184362 ; sb = 2792.17355213946
      k =  261 ; sb/Sb = 0.906028817092181 ; sb = 3115.28344056753
      Creating new point: f = 0.127476954618344
Tear 3 : Sf = 1702.05122499257 ; Sb = 1902.28608306588
  Forwards path
    i = 181 ; sf/Sf = 0.34068932046372 ; sf = 579.87067523716
      k =   18 ; sb/Sb = 0 ; sb = 0
      k =  288 ; sb/Sb = 0.234061922221635 ; sb = 445.252737217864
      k =   17 ; sb/Sb = 0.468123844443269 ; sb = 890.505474435727
      Creating new point: f = 0.455552091643163
    i = 19 ; sf/Sf = 0.681378640927439 ; sf = 1159.74135047432
      k =   18 ; sb/Sb = 0 ; sb = 0
      k =  288 ; sb/Sb = 0.234061922221635 ; sb = 445.252737217864
      k =   17 ; sb/Sb = 0.468123844443269 ; sb = 890.505474435727
      k =  308 ; sb/Sb = 0.734061922221634 ; sb = 1396.3957787508
      Creating new point: f = 0.801896434935872
Tear 4 : Sf = 1609.1631635061 ; Sb = 1343.81760822019
  Forwards path
    i = 11 ; sf/Sf = 0.261300985734986 ; sf = 420.475920832573
      k =   10 ; sb/Sb = 0 ; sb = 0
      k =   45 ; sb/Sb = 0.224789545465136 ; sb = 302.076149339864
      k =    9 ; sb/Sb = 0.449579090930273 ; sb = 604.152298679729
      Creating new point: f = 0.162424992649455
    i = 12 ; sf/Sf = 0.583552761228478 ; sf = 939.03160733114
      k =   10 ; sb/Sb = 0 ; sb = 0
      k =   45 ; sb/Sb = 0.224789545465136 ; sb = 302.076149339864
      k =    9 ; sb/Sb = 0.449579090930273 ; sb = 604.152298679729
      k =    8 ; sb/Sb = 0.66110586832346 ; sb = 888.405706750766
      Creating new point: f = 0.633365061148614
    i = 13 ; sf/Sf = 0.763770657447366 ; sf = 1229.03160733114
      k =   10 ; sb/Sb = 0 ; sb = 0
      k =   45 ; sb/Sb = 0.224789545465136 ; sb = 302.076149339864
      k =    9 ; sb/Sb = 0.449579090930273 ; sb = 604.152298679729
      k =    8 ; sb/Sb = 0.66110586832346 ; sb = 888.405706750766
      k =    7 ; sb/Sb = 1 ; sb = 1343.81760822019
      Creating new point: f = 0.302940592733234
Tear 1 : Sf = 4062.61170002891 ; Sb = 3591.39777539946
  Backwards path
    i = 150 ; sf/Sf = 0.133493664574741 ; sf = 542.332923581079
      k =   37 ; sb/Sb = 0 ; sb = 0
      k =   41 ; sb/Sb = 0.159663342207007 ; sb = 573.414572015087
      Creating new point: f = 0.836094639692961
    i = 36 ; sf/Sf = 0.266987329149482 ; sf = 1084.66584716216
      k =   37 ; sb/Sb = 0 ; sb = 0
      k =   41 ; sb/Sb = 0.159663342207007 ; sb = 573.414572015087
      k =    1 ; sb/Sb = 0.319326684414013 ; sb = 1146.82914403017
      Creating new point: f = 0.672189279385921
    i = 236 ; sf/Sf = 0.374507756831797 ; sf = 1521.47959465644
      k =   37 ; sb/Sb = 0 ; sb = 0
      k =   41 ; sb/Sb = 0.159663342207007 ; sb = 573.414572015087
      k =    1 ; sb/Sb = 0.319326684414013 ; sb = 1146.82914403017
      k =    2 ; sb/Sb = 0.333248840389743 ; sb = 1196.82914403017
      k =   40 ; sb/Sb = 0.421082640040942 ; sb = 1512.27525670237
      Creating new point: f = 0.469738490261142
    i = 160 ; sf/Sf = 0.482028184514111 ; sf = 1958.29334215072
      k =   37 ; sb/Sb = 0 ; sb = 0
      k =   41 ; sb/Sb = 0.159663342207007 ; sb = 573.414572015087
      k =    1 ; sb/Sb = 0.319326684414013 ; sb = 1146.82914403017
      k =    2 ; sb/Sb = 0.333248840389743 ; sb = 1196.82914403017
      k =   40 ; sb/Sb = 0.421082640040942 ; sb = 1512.27525670237
      k =   38 ; sb/Sb = 0.50891643969214 ; sb = 1827.72136937457
      Creating new point: f = 0.693873482818616
    i = 281 ; sf/Sf = 0.589548612196426 ; sf = 2395.10708964501
      k =   37 ; sb/Sb = 0 ; sb = 0
      k =   41 ; sb/Sb = 0.159663342207007 ; sb = 573.414572015087
      k =    1 ; sb/Sb = 0.319326684414013 ; sb = 1146.82914403017
      k =    2 ; sb/Sb = 0.333248840389743 ; sb = 1196.82914403017
      k =   40 ; sb/Sb = 0.421082640040942 ; sb = 1512.27525670237
      k =   38 ; sb/Sb = 0.50891643969214 ; sb = 1827.72136937457
      k =    3 ; sb/Sb = 0.684584038994537 ; sb = 2458.61359471896
      Creating new point: f = 0.459004237688046
    i = 427 ; sf/Sf = 0.643308826037583 ; sf = 2613.51396339215
      k =   37 ; sb/Sb = 0 ; sb = 0
      k =   41 ; sb/Sb = 0.159663342207007 ; sb = 573.414572015087
      k =    1 ; sb/Sb = 0.319326684414013 ; sb = 1146.82914403017
      k =    2 ; sb/Sb = 0.333248840389743 ; sb = 1196.82914403017
      k =   40 ; sb/Sb = 0.421082640040942 ; sb = 1512.27525670237
      k =   38 ; sb/Sb = 0.50891643969214 ; sb = 1827.72136937457
      k =    3 ; sb/Sb = 0.684584038994537 ; sb = 2458.61359471896
      Creating new point: f = 0.765037985827414
    i = 35 ; sf/Sf = 0.69706903987874 ; sf = 2831.92083713929
      k =   37 ; sb/Sb = 0 ; sb = 0
      k =   41 ; sb/Sb = 0.159663342207007 ; sb = 573.414572015087
      k =    1 ; sb/Sb = 0.319326684414013 ; sb = 1146.82914403017
      k =    2 ; sb/Sb = 0.333248840389743 ; sb = 1196.82914403017
      k =   40 ; sb/Sb = 0.421082640040942 ; sb = 1512.27525670237
      k =   38 ; sb/Sb = 0.50891643969214 ; sb = 1827.72136937457
      k =    3 ; sb/Sb = 0.684584038994537 ; sb = 2458.61359471896
      k =   84 ; sb/Sb = 0.842292019497269 ; sb = 3025.00568505921
      Creating new point: f = 0.0791653082133476
    i = 419 ; sf/Sf = 0.772801779909055 ; sf = 3139.5935528617
      k =   37 ; sb/Sb = 0 ; sb = 0
      k =   41 ; sb/Sb = 0.159663342207007 ; sb = 573.414572015087
      k =    1 ; sb/Sb = 0.319326684414013 ; sb = 1146.82914403017
      k =    2 ; sb/Sb = 0.333248840389743 ; sb = 1196.82914403017
      k =   40 ; sb/Sb = 0.421082640040942 ; sb = 1512.27525670237
      k =   38 ; sb/Sb = 0.50891643969214 ; sb = 1827.72136937457
      k =    3 ; sb/Sb = 0.684584038994537 ; sb = 2458.61359471896
      k =   84 ; sb/Sb = 0.842292019497269 ; sb = 3025.00568505921
      Creating new point: f = 0.55937398116001
    i = 353 ; sf/Sf = 0.84853451993937 ; sf = 3447.2662685841
      k =   37 ; sb/Sb = 0 ; sb = 0
      k =   41 ; sb/Sb = 0.159663342207007 ; sb = 573.414572015087
      k =    1 ; sb/Sb = 0.319326684414013 ; sb = 1146.82914403017
      k =    2 ; sb/Sb = 0.333248840389743 ; sb = 1196.82914403017
      k =   40 ; sb/Sb = 0.421082640040942 ; sb = 1512.27525670237
      k =   38 ; sb/Sb = 0.50891643969214 ; sb = 1827.72136937457
      k =    3 ; sb/Sb = 0.684584038994537 ; sb = 2458.61359471896
      k =   84 ; sb/Sb = 0.842292019497269 ; sb = 3025.00568505921
      k =   98 ; sb/Sb = 0.928718561404264 ; sb = 3335.39777539946
      Creating new point: f = 0.072228973928164
Tear 2 : Sf = 3438.3933289956 ; Sb = 3667.63102446419
  Backwards path
    i = 26 ; sf/Sf = 0.0883100041095292 ; sf = 303.64452901378
      k =   27 ; sb/Sb = 0 ; sb = 0
      k =  220 ; sb/Sb = 0.0820235670172889 ; sb = 300.832179129826
      k =   28 ; sb/Sb = 0.164047134034578 ; sb = 601.664358259653
      Creating new point: f = 0.0766418399106599
    i = 74 ; sf/Sf = 0.163456847076899 ; sf = 562.028932567864
      k =   27 ; sb/Sb = 0 ; sb = 0
      k =  220 ; sb/Sb = 0.0820235670172889 ; sb = 300.832179129826
      k =   28 ; sb/Sb = 0.164047134034578 ; sb = 601.664358259653
      Creating new point: f = 0.992803446873332
    i = 65 ; sf/Sf = 0.238603690044269 ; sf = 820.413336121949
      k =   27 ; sb/Sb = 0 ; sb = 0
      k =  220 ; sb/Sb = 0.0820235670172889 ; sb = 300.832179129826
      k =   28 ; sb/Sb = 0.164047134034578 ; sb = 601.664358259653
      k =  221 ; sb/Sb = 0.278497533880247 ; sb = 1021.42619549596
      Creating new point: f = 0.651431153672046
    i = 211 ; sf/Sf = 0.313750533011639 ; sf = 1078.79773967603
      k =   27 ; sb/Sb = 0 ; sb = 0
      k =  220 ; sb/Sb = 0.0820235670172889 ; sb = 300.832179129826
      k =   28 ; sb/Sb = 0.164047134034578 ; sb = 601.664358259653
      k =  221 ; sb/Sb = 0.278497533880247 ; sb = 1021.42619549596
      k =   29 ; sb/Sb = 0.392947933725916 ; sb = 1441.18803273227
      Creating new point: f = 0.308019886159673
    i = 25 ; sf/Sf = 0.388897375979009 ; sf = 1337.18214323012
      k =   27 ; sb/Sb = 0 ; sb = 0
      k =  220 ; sb/Sb = 0.0820235670172889 ; sb = 300.832179129826
      k =   28 ; sb/Sb = 0.164047134034578 ; sb = 601.664358259653
      k =  221 ; sb/Sb = 0.278497533880247 ; sb = 1021.42619549596
      k =   29 ; sb/Sb = 0.392947933725916 ; sb = 1441.18803273227
      Creating new point: f = 0.9646086186473
    i = 196 ; sf/Sf = 0.600477505081685 ; sf = 2064.67784768479
      k =   27 ; sb/Sb = 0 ; sb = 0
      k =  220 ; sb/Sb = 0.0820235670172889 ; sb = 300.832179129826
      k =   28 ; sb/Sb = 0.164047134034578 ; sb = 601.664358259653
      k =  221 ; sb/Sb = 0.278497533880247 ; sb = 1021.42619549596
      k =   29 ; sb/Sb = 0.392947933725916 ; sb = 1441.18803273227
      k =  378 ; sb/Sb = 0.502392908984071 ; sb = 1842.59181946079
      k =   30 ; sb/Sb = 0.611837884242226 ; sb = 2243.99560618932
      Creating new point: f = 0.896200084711569
    i = 24 ; sf/Sf = 0.812057634184362 ; sf = 2792.17355213946
      k =   27 ; sb/Sb = 0 ; sb = 0
      k =  220 ; sb/Sb = 0.0820235670172889 ; sb = 300.832179129826
      k =   28 ; sb/Sb = 0.164047134034578 ; sb = 601.664358259653
      k =  221 ; sb/Sb = 0.278497533880247 ; sb = 1021.42619549596
      k =   29 ; sb/Sb = 0.392947933725916 ; sb = 1441.18803273227
      k =  378 ; sb/Sb = 0.502392908984071 ; sb = 1842.59181946079
      k =   30 ; sb/Sb = 0.611837884242226 ; sb = 2243.99560618932
      k =  381 ; sb/Sb = 0.71793733932278 ; sb = 2633.1292593215
      k =   31 ; sb/Sb = 0.824036794403334 ; sb = 3022.26291245369
      Creating new point: f = 0.887094988283614
    i = 261 ; sf/Sf = 0.906028817092181 ; sf = 3115.28344056753
      k =   27 ; sb/Sb = 0 ; sb = 0
      k =  220 ; sb/Sb = 0.0820235670172889 ; sb = 300.832179129826
      k =   28 ; sb/Sb = 0.164047134034578 ; sb = 601.664358259653
      k =  221 ; sb/Sb = 0.278497533880247 ; sb = 1021.42619549596
      k =   29 ; sb/Sb = 0.392947933725916 ; sb = 1441.18803273227
      k =  378 ; sb/Sb = 0.502392908984071 ; sb = 1842.59181946079
      k =   30 ; sb/Sb = 0.611837884242226 ; sb = 2243.99560618932
      k =  381 ; sb/Sb = 0.71793733932278 ; sb = 2633.1292593215
      k =   31 ; sb/Sb = 0.824036794403334 ; sb = 3022.26291245369
      k =   32 ; sb/Sb = 1 ; sb = 3667.63102446419
      Creating new point: f = 0.465961178706786
Tear 3 : Sf = 1902.28608306588 ; Sb = 1702.05122499257
  Backwards path
    i = 288 ; sf/Sf = 0.234061922221635 ; sf = 445.252737217864
      k =   18 ; sb/Sb = 0 ; sb = 0
      k =  181 ; sb/Sb = 0.34068932046372 ; sb = 579.87067523716
      Creating new point: f = 0.687024535735514
    i = 17 ; sf/Sf = 0.468123844443269 ; sf = 890.505474435727
      k =   18 ; sb/Sb = 0 ; sb = 0
      k =  181 ; sb/Sb = 0.34068932046372 ; sb = 579.87067523716
      k =   19 ; sb/Sb = 0.681378640927439 ; sb = 1159.74135047432
      Creating new point: f = 0.374049071471027
    i = 308 ; sf/Sf = 0.734061922221635 ; sf = 1396.3957787508
      k =   18 ; sb/Sb = 0 ; sb = 0
      k =  181 ; sb/Sb = 0.34068932046372 ; sb = 579.87067523716
      k =   19 ; sb/Sb = 0.681378640927439 ; sb = 1159.74135047432
      k =   20 ; sb/Sb = 1 ; sb = 1702.05122499257
      Creating new point: f = 0.165347613378919
Tear 4 : Sf = 1343.81760822019 ; Sb = 1609.1631635061
  Backwards path
    i = 45 ; sf/Sf = 0.224789545465136 ; sf = 302.076149339864
      k =   10 ; sb/Sb = 0 ; sb = 0
      k =   11 ; sb/Sb = 0.261300985734986 ; sb = 420.475920832573
      Creating new point: f = 0.86027056052946
    i = 9 ; sf/Sf = 0.449579090930273 ; sf = 604.152298679729
      k =   10 ; sb/Sb = 0 ; sb = 0
      k =   11 ; sb/Sb = 0.261300985734986 ; sb = 420.475920832573
      k =   12 ; sb/Sb = 0.583552761228478 ; sb = 939.03160733114
      Creating new point: f = 0.584257774552089
    i = 8 ; sf/Sf = 0.66110586832346 ; sf = 888.405706750766
      k =   10 ; sb/Sb = 0 ; sb = 0
      k =   11 ; sb/Sb = 0.261300985734986 ; sb = 420.475920832573
      k =   12 ; sb/Sb = 0.583552761228478 ; sb = 939.03160733114
      k =   13 ; sb/Sb = 0.763770657447366 ; sb = 1229.03160733114
      Creating new point: f = 0.430329666043753
Triangulating...
Merging points...
Projecting to sphere...
Optimising mapping with FIRE...
E =  0.00166 | E_L =  0.00166 | E_A =  0.00000 |   0 flippped triangles
E =  0.00156 | E_L =  0.00156 | E_A =  0.00000 |  14 flippped triangles
        phi0    phi0.1    phi0.2    phi0.3    phi0.4    phi0.5    phi0.6
id   134.000  153.0000  191.0000   194.000  197.0000   198.000  201.0000
A   2055.141  700.8176  706.3662  7679.303  261.2676  4498.056  716.0202
a  -2058.362 -220.5243 -267.6720 -7111.752 -253.3023 -5046.325 -722.1143
      phi0.7    phi0.8    phi0.9   phi0.10   phi0.11   phi0.12   phi0.13
id   215.000  436.0000   437.000   441.000   693.000   702.000   780.000
A   4409.713  434.7981  7831.025  2338.308  8512.722  6533.176  7937.792
a  -3582.100 -182.1785 -3309.993 -2082.642 -7553.392 -5351.963 -6717.810
E =  0.00153 | E_L =  0.00153 | E_A =  0.00000 |  19 flippped triangles
        phi0    phi0.1    phi0.2    phi0.3    phi0.4    phi0.5    phi0.6
id   134.000    138.00  153.0000  191.0000   194.000  197.0000   198.000
A   2055.141  25909.58  700.8176  706.3662  7679.303  261.2676  4498.056
a  -2065.812 -10038.88 -645.0502 -642.4463 -7183.825 -265.4393 -5052.428
      phi0.7    phi0.8    phi0.9   phi0.10   phi0.11   phi0.12  phi0.13
id  201.0000   215.000  436.0000   437.000   441.000    677.00   681.00
A   716.0202  4409.713  434.7981  7831.025  2338.308  39051.79 28679.82
a  -711.0402 -3948.228 -429.9555 -3826.534 -2094.602 -27754.58 -9116.34
     phi0.14   phi0.15   phi0.16   phi0.17    phi0.18
id  692.0000   693.000   702.000    713.00    780.000
A   747.9881  8512.722  6533.176  35923.43   7937.792
a  -574.3501 -8457.867 -5660.758 -23134.75 -10527.688
E =  0.00152 | E_L =  0.00152 | E_A =  0.00000 |  19 flippped triangles
        phi0    phi0.1    phi0.2    phi0.3    phi0.4    phi0.5    phi0.6
id   134.000   138.000  153.0000  191.0000   194.000  197.0000   198.000
A   2055.141 25909.580  700.8176  706.3662  7679.303  261.2676  4498.056
a  -2029.292 -2895.805 -547.0161 -574.4474 -7150.183 -264.4120 -4965.983
      phi0.7    phi0.8    phi0.9   phi0.10   phi0.11   phi0.12   phi0.13
id  201.0000   215.000  436.0000   437.000   441.000    677.00    681.00
A   716.0202  4409.713  434.7981  7831.025  2338.308  39051.79  28679.82
a  -684.2547 -3969.304 -412.1925 -3641.236 -2070.787 -29466.27 -10777.45
     phi0.14   phi0.15   phi0.16   phi0.17   phi0.18
id  692.0000   693.000   702.000    713.00   780.000
A   747.9881  8512.722  6533.176  35923.43  7937.792
a  -392.7890 -8621.415 -5809.152 -25088.89 -9289.348
E =  0.00152 | E_L =  0.00152 | E_A =  0.00000 |  19 flippped triangles
        phi0    phi0.1    phi0.2    phi0.3    phi0.4    phi0.5    phi0.6
id   134.000   138.000  153.0000  191.0000   194.000  197.0000   198.000
A   2055.141 25909.580  700.8176  706.3662  7679.303  261.2676  4498.056
a  -2030.992 -5947.622 -635.6396 -671.1394 -7200.659 -264.1166 -5029.819
      phi0.7    phi0.8    phi0.9   phi0.10   phi0.11   phi0.12   phi0.13
id  201.0000   215.000  436.0000   437.000   441.000    677.00    681.00
A   716.0202  4409.713  434.7981  7831.025  2338.308  39051.79  28679.82
a  -694.2951 -3971.749 -423.6680 -3827.886 -2078.468 -29185.98 -10632.47
     phi0.14   phi0.15   phi0.16   phi0.17    phi0.18
id  692.0000   693.000   702.000    713.00    780.000
A   747.9881  8512.722  6533.176  35923.43   7937.792
a  -530.8440 -8601.918 -5714.793 -24560.77 -10044.398
FIRE:  2  stops.  0 hits of maxmove.  0 hits of dtmax.
Frms = 9.16312658648718e-06; Ftanrms = 9.16293761219922e-06
E =  0.00231 | E_L =  0.00227 | E_A =  0.00003 |   0 flippped triangles
E =  0.00159 | E_L =  0.00159 | E_A =  0.00000 |   0 flippped triangles
E =  0.00159 | E_L =  0.00159 | E_A =  0.00000 |   0 flippped triangles
Optimising mapping with BFGS...
E =  0.00158 | E_L =  0.00158 | E_A =  0.00000 |   0 flippped triangles
E =  0.00158 | E_L =  0.00158 | E_A =  0.00000 |   0 flippped triangles
Transforming image...
Mapping optimised. Error: 0.001578895 ; 0 flipped triangles.
Inferring coordinates of datapoints
Inferring coordinates of landmarks
Mapping optimised. Error: 0.001578895 ; 0 flipped triangles. OD displacement: 3.879127 degrees.
Computing Kernel Density estimates of datapoints

[1] 0.725
Saving adult_retina/data/nAChR-B2/GMB574/R-CONTRA/r.mat
