[1] "Adding old segment 1"
[1] "Adding old segment 3"
[1] "Adding old segment 4"
[1] "Adding old segment 5"
[1] "Intersection found. Old points:"
   X    Y 
 550 2399 
   X    Y 
-320 2489 
   X    Y 
-320 2489 
   X    Y 
 590 2709 
[1] "Point i+1 has been changed:"
   X    Y 
 550 2399 
   X    Y 
-320 2489 
   X    Y 
-320 2489 
   X    Y 
 590 2709 
[1] "a= 0.0534064909921189"
[1] "l= 936.215787091843"
[1] "New points:"
   X    Y 
 550 2399 
   X    Y 
-320 2489 
        X         Y 
 541.4001 2697.2506 
   X    Y 
 590 2709 
[1] "Storing new segment 1"
[1] "Adding old segment 2"
[1] "Intersection found. Old points:"
   X    Y 
 -10 3489 
   X    Y 
  80 3489 
   X    Y 
  80 3489 
   X    Y 
 190 3599 
[1] "Point i+1 has been changed:"
   X    Y 
 -10 3489 
   X    Y 
  80 3489 
   X    Y 
  80 3489 
   X    Y 
 190 3599 
[1] "a= 0.321412173266612"
[1] "l= 155.56349186104"
[1] "New points:"
   X    Y 
 -10 3489 
   X    Y 
  80 3489 
        X         Y 
 154.6447 3563.6447 
   X    Y 
 190 3599 
[1] "Storing new segment 2"
Triangulating...
[1] "Non-adjacent points in rim connected by line: 30 27"
[1] "In triangle: 8"   "In triangle: 309"
[1] "Other points in triangles: 60 191"
[1] "Non-adjacent points in rim connected by line: 39 37"
[1] "In triangle: 4"   "In triangle: 207"
[1] "Other points in triangles: 38 275"
[1] "Non-adjacent points in rim connected by line: 54 51"
[1] "In triangle: 55"  "In triangle: 518"
[1] "Other points in triangles: 137 318"
[1] "Non-adjacent points in rim connected by line: 60 27"
[1] "In triangle: 24"  "In triangle: 772"
[1] "Other points in triangles: 28 438"
[1] "Non-adjacent points in rim connected by line: 60 28"
[1] "In triangle: 24" "In triangle: 78"
[1] "Other points in triangles: 441 29"
[1] "Non-adjacent points in rim connected by line: 137 51"
[1] "In triangle: 208" "In triangle: 776"
[1] "Other points in triangles: 52 440"
[1] "Non-adjacent points in rim connected by line: 137 52"
[1] "In triangle: 69"  "In triangle: 208"
[1] "Other points in triangles: 53 443"
Stitching...
Tear 1 child of rim
Tear 2 child of rim
Tear 3 child of backward side of tear 2
Tear 4 child of rim
Tear 5 child of backward side of tear 4
Tear 6 child of backward side of tear 4
Tear 7 child of forward side of tear 4
Tear 8 child of rim
Tear 1 : Sf = 2218.88266979244 ; Sb = 2213.32513974402
  Forwards path
    i = 180 ; sf/Sf = 0.0989952417742916 ; sf = 219.658826364888
      k =   15 ; sb/Sb = 0 ; sb = 0
      k =  218 ; sb/Sb = 0.12041470104541 ; sb = 266.516885018567
      Creating new point: f = 0.822119233904496
    i = 16 ; sf/Sf = 0.197990483548583 ; sf = 439.317652729776
      k =   15 ; sb/Sb = 0 ; sb = 0
      k =  218 ; sb/Sb = 0.12041470104541 ; sb = 266.516885018567
      k =  209 ; sb/Sb = 0.24082940209082 ; sb = 533.033770037134
      Creating new point: f = 0.644238467808992
    i = 173 ; sf/Sf = 0.347165683463158 ; sf = 770.319918583048
      k =   15 ; sb/Sb = 0 ; sb = 0
      k =  218 ; sb/Sb = 0.12041470104541 ; sb = 266.516885018567
      k =  209 ; sb/Sb = 0.24082940209082 ; sb = 533.033770037134
      k =   14 ; sb/Sb = 0.481658804181641 ; sb = 1066.06754007427
      Creating new point: f = 0.441541939850999
    i = 121 ; sf/Sf = 0.496340883377732 ; sf = 1101.32218443632
      k =   15 ; sb/Sb = 0 ; sb = 0
      k =  218 ; sb/Sb = 0.12041470104541 ; sb = 266.516885018567
      k =  209 ; sb/Sb = 0.24082940209082 ; sb = 533.033770037134
      k =   14 ; sb/Sb = 0.481658804181641 ; sb = 1066.06754007427
      k =  363 ; sb/Sb = 0.611244103136231 ; sb = 1352.88193999171
      Creating new point: f = 0.113300500246068
    i = 17 ; sf/Sf = 0.794691283206881 ; sf = 1763.32671614286
      k =   15 ; sb/Sb = 0 ; sb = 0
      k =  218 ; sb/Sb = 0.12041470104541 ; sb = 266.516885018567
      k =  209 ; sb/Sb = 0.24082940209082 ; sb = 533.033770037134
      k =   14 ; sb/Sb = 0.481658804181641 ; sb = 1066.06754007427
      k =  363 ; sb/Sb = 0.611244103136231 ; sb = 1352.88193999171
      k =  361 ; sb/Sb = 0.74082940209082 ; sb = 1639.69633990914
      k =   13 ; sb/Sb = 1 ; sb = 2213.32513974402
      Creating new point: f = 0.207824041579498
    i = 18 ; sf/Sf = 0.909414988381869 ; sf = 2017.88515737002
      k =   15 ; sb/Sb = 0 ; sb = 0
      k =  218 ; sb/Sb = 0.12041470104541 ; sb = 266.516885018567
      k =  209 ; sb/Sb = 0.24082940209082 ; sb = 533.033770037134
      k =   14 ; sb/Sb = 0.481658804181641 ; sb = 1066.06754007427
      k =  363 ; sb/Sb = 0.611244103136231 ; sb = 1352.88193999171
      k =  361 ; sb/Sb = 0.74082940209082 ; sb = 1639.69633990914
      k =   13 ; sb/Sb = 1 ; sb = 2213.32513974402
      Creating new point: f = 0.650481141190735
Tear 2 : Sf = 4838.09841438649 ; Sb = 4300.66720339115
  Forwards path
    i = 57 ; sf/Sf = 0.0915872013327186 ; sf = 443.107893545922
      k =   55 ; sb/Sb = 0 ; sb = 0
      k =  235 ; sb/Sb = 0.101686871229785 ; sb = 437.321392113398
      Creating new point: f = 0.900678723074837
    i = 1 ; sf/Sf = 0.183174402665437 ; sf = 886.215787091843
      k =   55 ; sb/Sb = 0 ; sb = 0
      k =  235 ; sb/Sb = 0.101686871229785 ; sb = 437.321392113398
      k =   54 ; sb/Sb = 0.203373742459571 ; sb = 874.642784226795
      Creating new point: f = 0.801357446149674
    i = 2 ; sf/Sf = 0.193509041549863 ; sf = 936.215787091843
      k =   55 ; sb/Sb = 0 ; sb = 0
      k =  235 ; sb/Sb = 0.101686871229785 ; sb = 437.321392113398
      k =   54 ; sb/Sb = 0.203373742459571 ; sb = 874.642784226795
      Creating new point: f = 0.902989434226805
    i = 58 ; sf/Sf = 0.251327628658836 ; sf = 1215.94780170583
      k =   55 ; sb/Sb = 0 ; sb = 0
      k =  235 ; sb/Sb = 0.101686871229785 ; sb = 437.321392113398
      k =   54 ; sb/Sb = 0.203373742459571 ; sb = 874.642784226795
      k =  137 ; sb/Sb = 0.269233332930099 ; sb = 1157.88296499217
      Creating new point: f = 0.728123054769442
    i = 3 ; sf/Sf = 0.309146215767809 ; sf = 1495.67981631982
      k =   55 ; sb/Sb = 0 ; sb = 0
      k =  235 ; sb/Sb = 0.101686871229785 ; sb = 437.321392113398
      k =   54 ; sb/Sb = 0.203373742459571 ; sb = 874.642784226795
      k =  137 ; sb/Sb = 0.269233332930099 ; sb = 1157.88296499217
      k =   53 ; sb/Sb = 0.335092923400626 ; sb = 1441.12314575754
      Creating new point: f = 0.606029927495086
    i = 4 ; sf/Sf = 0.35686494900519 ; sf = 1726.54774393212
      k =   55 ; sb/Sb = 0 ; sb = 0
      k =  235 ; sb/Sb = 0.101686871229785 ; sb = 437.321392113398
      k =   54 ; sb/Sb = 0.203373742459571 ; sb = 874.642784226795
      k =  137 ; sb/Sb = 0.269233332930099 ; sb = 1157.88296499217
      k =   53 ; sb/Sb = 0.335092923400626 ; sb = 1441.12314575754
      k =   50 ; sb/Sb = 0.335092923400626 ; sb = 1441.12314575754
      k =  297 ; sb/Sb = 0.426644332480068 ; sb = 1834.85528820974
      Creating new point: f = 0.237812020846899
    i = 64 ; sf/Sf = 0.432420984294116 ; sf = 2092.09527846081
      k =   55 ; sb/Sb = 0 ; sb = 0
      k =  235 ; sb/Sb = 0.101686871229785 ; sb = 437.321392113398
      k =   54 ; sb/Sb = 0.203373742459571 ; sb = 874.642784226795
      k =  137 ; sb/Sb = 0.269233332930099 ; sb = 1157.88296499217
      k =   53 ; sb/Sb = 0.335092923400626 ; sb = 1441.12314575754
      k =   50 ; sb/Sb = 0.335092923400626 ; sb = 1441.12314575754
      k =  297 ; sb/Sb = 0.426644332480068 ; sb = 1834.85528820974
      k =   49 ; sb/Sb = 0.518195741559509 ; sb = 2228.58743066194
      Creating new point: f = 0.063097355596521
    i = 5 ; sf/Sf = 0.507977019583042 ; sf = 2457.64281298949
      k =   55 ; sb/Sb = 0 ; sb = 0
      k =  235 ; sb/Sb = 0.101686871229785 ; sb = 437.321392113398
      k =   54 ; sb/Sb = 0.203373742459571 ; sb = 874.642784226795
      k =  137 ; sb/Sb = 0.269233332930099 ; sb = 1157.88296499217
      k =   53 ; sb/Sb = 0.335092923400626 ; sb = 1441.12314575754
      k =   50 ; sb/Sb = 0.335092923400626 ; sb = 1441.12314575754
      k =  297 ; sb/Sb = 0.426644332480068 ; sb = 1834.85528820974
      k =   49 ; sb/Sb = 0.518195741559509 ; sb = 2228.58743066194
      Creating new point: f = 0.888382690346143
    i = 106 ; sf/Sf = 0.574673483434568 ; sf = 2780.32686899474
      k =   55 ; sb/Sb = 0 ; sb = 0
      k =  235 ; sb/Sb = 0.101686871229785 ; sb = 437.321392113398
      k =   54 ; sb/Sb = 0.203373742459571 ; sb = 874.642784226795
      k =  137 ; sb/Sb = 0.269233332930099 ; sb = 1157.88296499217
      k =   53 ; sb/Sb = 0.335092923400626 ; sb = 1441.12314575754
      k =   50 ; sb/Sb = 0.335092923400626 ; sb = 1441.12314575754
      k =  297 ; sb/Sb = 0.426644332480068 ; sb = 1834.85528820974
      k =   49 ; sb/Sb = 0.518195741559509 ; sb = 2228.58743066194
      k =  276 ; sb/Sb = 0.625917718984463 ; sb = 2691.86380605788
      Creating new point: f = 0.524291729739224
    i = 6 ; sf/Sf = 0.641369947286093 ; sf = 3103.01092499999
      k =   55 ; sb/Sb = 0 ; sb = 0
      k =  235 ; sb/Sb = 0.101686871229785 ; sb = 437.321392113398
      k =   54 ; sb/Sb = 0.203373742459571 ; sb = 874.642784226795
      k =  137 ; sb/Sb = 0.269233332930099 ; sb = 1157.88296499217
      k =   53 ; sb/Sb = 0.335092923400626 ; sb = 1441.12314575754
      k =   50 ; sb/Sb = 0.335092923400626 ; sb = 1441.12314575754
      k =  297 ; sb/Sb = 0.426644332480068 ; sb = 1834.85528820974
      k =   49 ; sb/Sb = 0.518195741559509 ; sb = 2228.58743066194
      k =  276 ; sb/Sb = 0.625917718984463 ; sb = 2691.86380605788
      k =   48 ; sb/Sb = 0.733639696409417 ; sb = 3155.14018145382
      Creating new point: f = 0.143445457194613
    i = 7 ; sf/Sf = 0.692209648436771 ; sf = 3348.97840252497
      k =   55 ; sb/Sb = 0 ; sb = 0
      k =  235 ; sb/Sb = 0.101686871229785 ; sb = 437.321392113398
      k =   54 ; sb/Sb = 0.203373742459571 ; sb = 874.642784226795
      k =  137 ; sb/Sb = 0.269233332930099 ; sb = 1157.88296499217
      k =   53 ; sb/Sb = 0.335092923400626 ; sb = 1441.12314575754
      k =   50 ; sb/Sb = 0.335092923400626 ; sb = 1441.12314575754
      k =  297 ; sb/Sb = 0.426644332480068 ; sb = 1834.85528820974
      k =   49 ; sb/Sb = 0.518195741559509 ; sb = 2228.58743066194
      k =  276 ; sb/Sb = 0.625917718984463 ; sb = 2691.86380605788
      k =   48 ; sb/Sb = 0.733639696409417 ; sb = 3155.14018145382
      Creating new point: f = 0.615398371223658
    i = 8 ; sf/Sf = 0.776953687289067 ; sf = 3758.97840252497
      k =   55 ; sb/Sb = 0 ; sb = 0
      k =  235 ; sb/Sb = 0.101686871229785 ; sb = 437.321392113398
      k =   54 ; sb/Sb = 0.203373742459571 ; sb = 874.642784226795
      k =  137 ; sb/Sb = 0.269233332930099 ; sb = 1157.88296499217
      k =   53 ; sb/Sb = 0.335092923400626 ; sb = 1441.12314575754
      k =   50 ; sb/Sb = 0.335092923400626 ; sb = 1441.12314575754
      k =  297 ; sb/Sb = 0.426644332480068 ; sb = 1834.85528820974
      k =   49 ; sb/Sb = 0.518195741559509 ; sb = 2228.58743066194
      k =  276 ; sb/Sb = 0.625917718984463 ; sb = 2691.86380605788
      k =   48 ; sb/Sb = 0.733639696409417 ; sb = 3155.14018145382
      k =  239 ; sb/Sb = 0.819152825785872 ; sb = 3522.90369242248
      Creating new point: f = 0.506518603581546
    i = 141 ; sf/Sf = 0.888476843644533 ; sf = 4298.53840845573
      k =   55 ; sb/Sb = 0 ; sb = 0
      k =  235 ; sb/Sb = 0.101686871229785 ; sb = 437.321392113398
      k =   54 ; sb/Sb = 0.203373742459571 ; sb = 874.642784226795
      k =  137 ; sb/Sb = 0.269233332930099 ; sb = 1157.88296499217
      k =   53 ; sb/Sb = 0.335092923400626 ; sb = 1441.12314575754
      k =   50 ; sb/Sb = 0.335092923400626 ; sb = 1441.12314575754
      k =  297 ; sb/Sb = 0.426644332480068 ; sb = 1834.85528820974
      k =   49 ; sb/Sb = 0.518195741559509 ; sb = 2228.58743066194
      k =  276 ; sb/Sb = 0.625917718984463 ; sb = 2691.86380605788
      k =   48 ; sb/Sb = 0.733639696409417 ; sb = 3155.14018145382
      k =  239 ; sb/Sb = 0.819152825785872 ; sb = 3522.90369242248
      k =   47 ; sb/Sb = 0.904665955162327 ; sb = 3890.66720339115
      Creating new point: f = 0.810682738009453
    i = 398 ; sf/Sf = 0.944238421822267 ; sf = 4568.31841142111
      k =   55 ; sb/Sb = 0 ; sb = 0
      k =  235 ; sb/Sb = 0.101686871229785 ; sb = 437.321392113398
      k =   54 ; sb/Sb = 0.203373742459571 ; sb = 874.642784226795
      k =  137 ; sb/Sb = 0.269233332930099 ; sb = 1157.88296499217
      k =   53 ; sb/Sb = 0.335092923400626 ; sb = 1441.12314575754
      k =   50 ; sb/Sb = 0.335092923400626 ; sb = 1441.12314575754
      k =  297 ; sb/Sb = 0.426644332480068 ; sb = 1834.85528820974
      k =   49 ; sb/Sb = 0.518195741559509 ; sb = 2228.58743066194
      k =  276 ; sb/Sb = 0.625917718984463 ; sb = 2691.86380605788
      k =   48 ; sb/Sb = 0.733639696409417 ; sb = 3155.14018145382
      k =  239 ; sb/Sb = 0.819152825785872 ; sb = 3522.90369242248
      k =   47 ; sb/Sb = 0.904665955162327 ; sb = 3890.66720339115
      k =   46 ; sb/Sb = 1 ; sb = 4300.66720339115
      Creating new point: f = 0.415092706150465
Tear 3 : Sf = 569.317121994613 ; Sb = 555.427763079953
  Forwards path
    i = 52 ; sf/Sf = 0.614771603519965 ; sf = 350
      k =   51 ; sb/Sb = 0 ; sb = 0
      k =   50 ; sb/Sb = 1 ; sb = 555.427763079953
      Creating new point: f = 0.614771603519965
Tear 4 : Sf = 1966.57625342223 ; Sb = 2087.81353542137
  Forwards path
    i = 33 ; sf/Sf = 0.196216966903772 ; sf = 385.875627631495
      k =   32 ; sb/Sb = 0 ; sb = 0
      k =   31 ; sb/Sb = 0.167912965842713 ; sb = 350.570962859162
      k =  103 ; sb/Sb = 0.315716147136827 ; sb = 659.156445343352
      Creating new point: f = 0.191497915087069
    i = 264 ; sf/Sf = 0.35792011559672 ; sf = 703.877199954652
      k =   32 ; sb/Sb = 0 ; sb = 0
      k =   31 ; sb/Sb = 0.167912965842713 ; sb = 350.570962859162
      k =  103 ; sb/Sb = 0.315716147136827 ; sb = 659.156445343352
      k =   30 ; sb/Sb = 0.463519328430942 ; sb = 967.741927827541
      Creating new point: f = 0.285541678402112
    i = 34 ; sf/Sf = 0.519623264289669 ; sf = 1021.87877227781
      k =   32 ; sb/Sb = 0 ; sb = 0
      k =   31 ; sb/Sb = 0.167912965842713 ; sb = 350.570962859162
      k =  103 ; sb/Sb = 0.315716147136827 ; sb = 659.156445343352
      k =   30 ; sb/Sb = 0.463519328430942 ; sb = 967.741927827541
      k =   60 ; sb/Sb = 0.621907805248708 ; sb = 1298.42753358245
      Creating new point: f = 0.354217282632737
    i = 35 ; sf/Sf = 0.77695538465599 ; sf = 1527.94200943301
      k =   32 ; sb/Sb = 0 ; sb = 0
      k =   31 ; sb/Sb = 0.167912965842713 ; sb = 350.570962859162
      k =  103 ; sb/Sb = 0.315716147136827 ; sb = 659.156445343352
      k =   30 ; sb/Sb = 0.463519328430942 ; sb = 967.741927827541
      k =   60 ; sb/Sb = 0.621907805248708 ; sb = 1298.42753358245
      k =   29 ; sb/Sb = 0.744524119233057 ; sb = 1554.42753358245
      k =   28 ; sb/Sb = 0.831269271369546 ; sb = 1735.53523634519
    i = 38 ; sf/Sf = 0.77695538465599 ; sf = 1527.94200943301
      k =   32 ; sb/Sb = 0 ; sb = 0
      k =   31 ; sb/Sb = 0.167912965842713 ; sb = 350.570962859162
      k =  103 ; sb/Sb = 0.315716147136827 ; sb = 659.156445343352
      k =   30 ; sb/Sb = 0.463519328430942 ; sb = 967.741927827541
      k =   60 ; sb/Sb = 0.621907805248708 ; sb = 1298.42753358245
      k =   29 ; sb/Sb = 0.744524119233057 ; sb = 1554.42753358245
      k =   28 ; sb/Sb = 0.831269271369546 ; sb = 1735.53523634519
      Creating new point: f = 0.373868332975018
Tear 5 : Sf = 256.124969497314 ; Sb = 357.351367704113
  Forwards path
Tear 6 : Sf = 238.537208837531 ; Sb = 211.896201004171
  Forwards path
Tear 7 : Sf = 551.815152967984 ; Sb = 298.328677803526
  Forwards path
    i = 37 ; sf/Sf = 0.666830890526181 ; sf = 367.967389859482
      k =   36 ; sb/Sb = 0 ; sb = 0
      k =   35 ; sb/Sb = 1 ; sb = 298.328677803526
      Creating new point: f = 0.666830890526181
Tear 8 : Sf = 1531.1700640589 ; Sb = 1585.35807439057
  Forwards path
    i = 331 ; sf/Sf = 0.22291512310052 ; sf = 341.32096331752
      k =   42 ; sb/Sb = 0 ; sb = 0
      k =  250 ; sb/Sb = 0.320423649705021 ; sb = 507.986220285551
      Creating new point: f = 0.695688733667861
    i = 43 ; sf/Sf = 0.44583024620104 ; sf = 682.64192663504
      k =   42 ; sb/Sb = 0 ; sb = 0
      k =  250 ; sb/Sb = 0.320423649705021 ; sb = 507.986220285551
      k =   41 ; sb/Sb = 0.640847299410041 ; sb = 1015.9724405711
      Creating new point: f = 0.391377467335721
    i = 337 ; sf/Sf = 0.72291512310052 ; sf = 1106.90599534697
      k =   42 ; sb/Sb = 0 ; sb = 0
      k =  250 ; sb/Sb = 0.320423649705021 ; sb = 507.986220285551
      k =   41 ; sb/Sb = 0.640847299410041 ; sb = 1015.9724405711
      k =  428 ; sb/Sb = 0.820423649705021 ; sb = 1300.66525748084
      Creating new point: f = 0.457007972128127
Tear 1 : Sf = 2213.32513974402 ; Sb = 2218.88266979244
  Backwards path
    i = 218 ; sf/Sf = 0.12041470104541 ; sf = 266.516885018567
      k =   15 ; sb/Sb = 0 ; sb = 0
      k =  180 ; sb/Sb = 0.0989952417742916 ; sb = 219.658826364888
      k =   16 ; sb/Sb = 0.197990483548583 ; sb = 439.317652729776
      Creating new point: f = 0.216368573753826
    i = 209 ; sf/Sf = 0.24082940209082 ; sf = 533.033770037134
      k =   15 ; sb/Sb = 0 ; sb = 0
      k =  180 ; sb/Sb = 0.0989952417742916 ; sb = 219.658826364888
      k =   16 ; sb/Sb = 0.197990483548583 ; sb = 439.317652729776
      k =  173 ; sb/Sb = 0.347165683463158 ; sb = 770.319918583048
      Creating new point: f = 0.28717185273939
    i = 14 ; sf/Sf = 0.481658804181641 ; sf = 1066.06754007427
      k =   15 ; sb/Sb = 0 ; sb = 0
      k =  180 ; sb/Sb = 0.0989952417742916 ; sb = 219.658826364888
      k =   16 ; sb/Sb = 0.197990483548583 ; sb = 439.317652729776
      k =  173 ; sb/Sb = 0.347165683463158 ; sb = 770.319918583048
      k =  121 ; sb/Sb = 0.496340883377732 ; sb = 1101.32218443632
      Creating new point: f = 0.901578283759639
    i = 363 ; sf/Sf = 0.611244103136231 ; sf = 1352.88193999171
      k =   15 ; sb/Sb = 0 ; sb = 0
      k =  180 ; sb/Sb = 0.0989952417742916 ; sb = 219.658826364888
      k =   16 ; sb/Sb = 0.197990483548583 ; sb = 439.317652729776
      k =  173 ; sb/Sb = 0.347165683463158 ; sb = 770.319918583048
      k =  121 ; sb/Sb = 0.496340883377732 ; sb = 1101.32218443632
      k =   17 ; sb/Sb = 0.794691283206881 ; sb = 1763.32671614286
      Creating new point: f = 0.385128425583803
    i = 361 ; sf/Sf = 0.74082940209082 ; sf = 1639.69633990914
      k =   15 ; sb/Sb = 0 ; sb = 0
      k =  180 ; sb/Sb = 0.0989952417742916 ; sb = 219.658826364888
      k =   16 ; sb/Sb = 0.197990483548583 ; sb = 439.317652729776
      k =  173 ; sb/Sb = 0.347165683463158 ; sb = 770.319918583048
      k =  121 ; sb/Sb = 0.496340883377732 ; sb = 1101.32218443632
      k =   17 ; sb/Sb = 0.794691283206881 ; sb = 1763.32671614286
      Creating new point: f = 0.819467709287787
Tear 2 : Sf = 4300.66720339115 ; Sb = 4838.09841438649
  Backwards path
    i = 235 ; sf/Sf = 0.101686871229785 ; sf = 437.321392113398
      k =   55 ; sb/Sb = 0 ; sb = 0
      k =   57 ; sb/Sb = 0.0915872013327186 ; sb = 443.107893545922
      k =    1 ; sb/Sb = 0.183174402665437 ; sb = 886.215787091843
      Creating new point: f = 0.110273812826497
    i = 54 ; sf/Sf = 0.203373742459571 ; sf = 874.642784226795
      k =   55 ; sb/Sb = 0 ; sb = 0
      k =   57 ; sb/Sb = 0.0915872013327186 ; sb = 443.107893545922
      k =    1 ; sb/Sb = 0.183174402665437 ; sb = 886.215787091843
      k =    2 ; sb/Sb = 0.193509041549863 ; sb = 936.215787091843
      k =   58 ; sb/Sb = 0.251327628658836 ; sb = 1215.94780170583
      Creating new point: f = 0.170614700271302
    i = 137 ; sf/Sf = 0.269233332930099 ; sf = 1157.88296499217
      k =   55 ; sb/Sb = 0 ; sb = 0
      k =   57 ; sb/Sb = 0.0915872013327186 ; sb = 443.107893545922
      k =    1 ; sb/Sb = 0.183174402665437 ; sb = 886.215787091843
      k =    2 ; sb/Sb = 0.193509041549863 ; sb = 936.215787091843
      k =   58 ; sb/Sb = 0.251327628658836 ; sb = 1215.94780170583
      k =    3 ; sb/Sb = 0.309146215767809 ; sb = 1495.67981631982
      Creating new point: f = 0.309687682916138
    i = 53 ; sf/Sf = 0.335092923400626 ; sf = 1441.12314575754
      k =   55 ; sb/Sb = 0 ; sb = 0
      k =   57 ; sb/Sb = 0.0915872013327186 ; sb = 443.107893545922
      k =    1 ; sb/Sb = 0.183174402665437 ; sb = 886.215787091843
      k =    2 ; sb/Sb = 0.193509041549863 ; sb = 936.215787091843
      k =   58 ; sb/Sb = 0.251327628658836 ; sb = 1215.94780170583
      k =    3 ; sb/Sb = 0.309146215767809 ; sb = 1495.67981631982
      k =    4 ; sb/Sb = 0.35686494900519 ; sb = 1726.54774393212
    i = 50 ; sf/Sf = 0.335092923400626 ; sf = 1441.12314575754
      k =   55 ; sb/Sb = 0 ; sb = 0
      k =   57 ; sb/Sb = 0.0915872013327186 ; sb = 443.107893545922
      k =    1 ; sb/Sb = 0.183174402665437 ; sb = 886.215787091843
      k =    2 ; sb/Sb = 0.193509041549863 ; sb = 936.215787091843
      k =   58 ; sb/Sb = 0.251327628658836 ; sb = 1215.94780170583
      k =    3 ; sb/Sb = 0.309146215767809 ; sb = 1495.67981631982
      k =    4 ; sb/Sb = 0.35686494900519 ; sb = 1726.54774393212
      Creating new point: f = 0.543742590645558
    i = 297 ; sf/Sf = 0.426644332480068 ; sf = 1834.85528820974
      k =   55 ; sb/Sb = 0 ; sb = 0
      k =   57 ; sb/Sb = 0.0915872013327186 ; sb = 443.107893545922
      k =    1 ; sb/Sb = 0.183174402665437 ; sb = 886.215787091843
      k =    2 ; sb/Sb = 0.193509041549863 ; sb = 936.215787091843
      k =   58 ; sb/Sb = 0.251327628658836 ; sb = 1215.94780170583
      k =    3 ; sb/Sb = 0.309146215767809 ; sb = 1495.67981631982
      k =    4 ; sb/Sb = 0.35686494900519 ; sb = 1726.54774393212
      k =   64 ; sb/Sb = 0.432420984294116 ; sb = 2092.09527846081
      Creating new point: f = 0.923544799671421
    i = 49 ; sf/Sf = 0.518195741559509 ; sf = 2228.58743066194
      k =   55 ; sb/Sb = 0 ; sb = 0
      k =   57 ; sb/Sb = 0.0915872013327186 ; sb = 443.107893545922
      k =    1 ; sb/Sb = 0.183174402665437 ; sb = 886.215787091843
      k =    2 ; sb/Sb = 0.193509041549863 ; sb = 936.215787091843
      k =   58 ; sb/Sb = 0.251327628658836 ; sb = 1215.94780170583
      k =    3 ; sb/Sb = 0.309146215767809 ; sb = 1495.67981631982
      k =    4 ; sb/Sb = 0.35686494900519 ; sb = 1726.54774393212
      k =   64 ; sb/Sb = 0.432420984294116 ; sb = 2092.09527846081
      k =    5 ; sb/Sb = 0.507977019583042 ; sb = 2457.64281298949
      k =  106 ; sb/Sb = 0.574673483434568 ; sb = 2780.32686899474
      Creating new point: f = 0.153212350196182
    i = 276 ; sf/Sf = 0.625917718984463 ; sf = 2691.86380605788
      k =   55 ; sb/Sb = 0 ; sb = 0
      k =   57 ; sb/Sb = 0.0915872013327186 ; sb = 443.107893545922
      k =    1 ; sb/Sb = 0.183174402665437 ; sb = 886.215787091843
      k =    2 ; sb/Sb = 0.193509041549863 ; sb = 936.215787091843
      k =   58 ; sb/Sb = 0.251327628658836 ; sb = 1215.94780170583
      k =    3 ; sb/Sb = 0.309146215767809 ; sb = 1495.67981631982
      k =    4 ; sb/Sb = 0.35686494900519 ; sb = 1726.54774393212
      k =   64 ; sb/Sb = 0.432420984294116 ; sb = 2092.09527846081
      k =    5 ; sb/Sb = 0.507977019583042 ; sb = 2457.64281298949
      k =  106 ; sb/Sb = 0.574673483434568 ; sb = 2780.32686899474
      k =    6 ; sb/Sb = 0.641369947286093 ; sb = 3103.01092499999
      Creating new point: f = 0.768320126595782
    i = 48 ; sf/Sf = 0.733639696409417 ; sf = 3155.14018145382
      k =   55 ; sb/Sb = 0 ; sb = 0
      k =   57 ; sb/Sb = 0.0915872013327186 ; sb = 443.107893545922
      k =    1 ; sb/Sb = 0.183174402665437 ; sb = 886.215787091843
      k =    2 ; sb/Sb = 0.193509041549863 ; sb = 936.215787091843
      k =   58 ; sb/Sb = 0.251327628658836 ; sb = 1215.94780170583
      k =    3 ; sb/Sb = 0.309146215767809 ; sb = 1495.67981631982
      k =    4 ; sb/Sb = 0.35686494900519 ; sb = 1726.54774393212
      k =   64 ; sb/Sb = 0.432420984294116 ; sb = 2092.09527846081
      k =    5 ; sb/Sb = 0.507977019583042 ; sb = 2457.64281298949
      k =  106 ; sb/Sb = 0.574673483434568 ; sb = 2780.32686899474
      k =    6 ; sb/Sb = 0.641369947286093 ; sb = 3103.01092499999
      k =    7 ; sb/Sb = 0.692209648436771 ; sb = 3348.97840252497
      k =    8 ; sb/Sb = 0.776953687289067 ; sb = 3758.97840252497
      Creating new point: f = 0.488884510742469
    i = 239 ; sf/Sf = 0.819152825785872 ; sf = 3522.90369242248
      k =   55 ; sb/Sb = 0 ; sb = 0
      k =   57 ; sb/Sb = 0.0915872013327186 ; sb = 443.107893545922
      k =    1 ; sb/Sb = 0.183174402665437 ; sb = 886.215787091843
      k =    2 ; sb/Sb = 0.193509041549863 ; sb = 936.215787091843
      k =   58 ; sb/Sb = 0.251327628658836 ; sb = 1215.94780170583
      k =    3 ; sb/Sb = 0.309146215767809 ; sb = 1495.67981631982
      k =    4 ; sb/Sb = 0.35686494900519 ; sb = 1726.54774393212
      k =   64 ; sb/Sb = 0.432420984294116 ; sb = 2092.09527846081
      k =    5 ; sb/Sb = 0.507977019583042 ; sb = 2457.64281298949
      k =  106 ; sb/Sb = 0.574673483434568 ; sb = 2780.32686899474
      k =    6 ; sb/Sb = 0.641369947286093 ; sb = 3103.01092499999
      k =    7 ; sb/Sb = 0.692209648436771 ; sb = 3348.97840252497
      k =    8 ; sb/Sb = 0.776953687289067 ; sb = 3758.97840252497
      k =  141 ; sb/Sb = 0.888476843644533 ; sb = 4298.53840845573
      Creating new point: f = 0.378389025883561
    i = 47 ; sf/Sf = 0.904665955162327 ; sf = 3890.66720339115
      k =   55 ; sb/Sb = 0 ; sb = 0
      k =   57 ; sb/Sb = 0.0915872013327186 ; sb = 443.107893545922
      k =    1 ; sb/Sb = 0.183174402665437 ; sb = 886.215787091843
      k =    2 ; sb/Sb = 0.193509041549863 ; sb = 936.215787091843
      k =   58 ; sb/Sb = 0.251327628658836 ; sb = 1215.94780170583
      k =    3 ; sb/Sb = 0.309146215767809 ; sb = 1495.67981631982
      k =    4 ; sb/Sb = 0.35686494900519 ; sb = 1726.54774393212
      k =   64 ; sb/Sb = 0.432420984294116 ; sb = 2092.09527846081
      k =    5 ; sb/Sb = 0.507977019583042 ; sb = 2457.64281298949
      k =  106 ; sb/Sb = 0.574673483434568 ; sb = 2780.32686899474
      k =    6 ; sb/Sb = 0.641369947286093 ; sb = 3103.01092499999
      k =    7 ; sb/Sb = 0.692209648436771 ; sb = 3348.97840252497
      k =    8 ; sb/Sb = 0.776953687289067 ; sb = 3758.97840252497
      k =  141 ; sb/Sb = 0.888476843644533 ; sb = 4298.53840845573
      k =  398 ; sb/Sb = 0.944238421822267 ; sb = 4568.31841142111
      Creating new point: f = 0.290327355265901
Tear 3 : Sf = 555.427763079953 ; Sb = 569.317121994613
  Backwards path
Tear 4 : Sf = 2087.81353542137 ; Sb = 1966.57625342223
  Backwards path
    i = 31 ; sf/Sf = 0.167912965842713 ; sf = 350.570962859162
      k =   32 ; sb/Sb = 0 ; sb = 0
      k =   33 ; sb/Sb = 0.196216966903772 ; sb = 385.875627631495
      Creating new point: f = 0.855751510648212
    i = 103 ; sf/Sf = 0.315716147136827 ; sf = 659.156445343352
      k =   32 ; sb/Sb = 0 ; sb = 0
      k =   33 ; sb/Sb = 0.196216966903772 ; sb = 385.875627631495
      k =  264 ; sb/Sb = 0.35792011559672 ; sb = 703.877199954652
      Creating new point: f = 0.739003422004896
    i = 30 ; sf/Sf = 0.463519328430942 ; sf = 967.741927827541
      k =   32 ; sb/Sb = 0 ; sb = 0
      k =   33 ; sb/Sb = 0.196216966903772 ; sb = 385.875627631495
      k =  264 ; sb/Sb = 0.35792011559672 ; sb = 703.877199954652
      k =   34 ; sb/Sb = 0.519623264289669 ; sb = 1021.87877227781
      Creating new point: f = 0.65304364007617
    i = 60 ; sf/Sf = 0.621907805248708 ; sf = 1298.42753358245
      k =   32 ; sb/Sb = 0 ; sb = 0
      k =   33 ; sb/Sb = 0.196216966903772 ; sb = 385.875627631495
      k =  264 ; sb/Sb = 0.35792011559672 ; sb = 703.877199954652
      k =   34 ; sb/Sb = 0.519623264289669 ; sb = 1021.87877227781
      k =   35 ; sb/Sb = 0.77695538465599 ; sb = 1527.94200943301
      Creating new point: f = 0.397480659676037
    i = 29 ; sf/Sf = 0.744524119233057 ; sf = 1554.42753358245
      k =   32 ; sb/Sb = 0 ; sb = 0
      k =   33 ; sb/Sb = 0.196216966903772 ; sb = 385.875627631495
      k =  264 ; sb/Sb = 0.35792011559672 ; sb = 703.877199954652
      k =   34 ; sb/Sb = 0.519623264289669 ; sb = 1021.87877227781
      k =   35 ; sb/Sb = 0.77695538465599 ; sb = 1527.94200943301
      Creating new point: f = 0.873971172441409
    i = 28 ; sf/Sf = 0.831269271369546 ; sf = 1735.53523634519
      k =   32 ; sb/Sb = 0 ; sb = 0
      k =   33 ; sb/Sb = 0.196216966903772 ; sb = 385.875627631495
      k =  264 ; sb/Sb = 0.35792011559672 ; sb = 703.877199954652
      k =   34 ; sb/Sb = 0.519623264289669 ; sb = 1021.87877227781
      k =   35 ; sb/Sb = 0.77695538465599 ; sb = 1527.94200943301
      k =   38 ; sb/Sb = 0.77695538465599 ; sb = 1527.94200943301
      k =   39 ; sb/Sb = 1 ; sb = 1966.57625342223
    i = 26 ; sf/Sf = 0.831269271369546 ; sf = 1735.53523634519
      k =   32 ; sb/Sb = 0 ; sb = 0
      k =   33 ; sb/Sb = 0.196216966903772 ; sb = 385.875627631495
      k =  264 ; sb/Sb = 0.35792011559672 ; sb = 703.877199954652
      k =   34 ; sb/Sb = 0.519623264289669 ; sb = 1021.87877227781
      k =   35 ; sb/Sb = 0.77695538465599 ; sb = 1527.94200943301
      k =   38 ; sb/Sb = 0.77695538465599 ; sb = 1527.94200943301
      k =   39 ; sb/Sb = 1 ; sb = 1966.57625342223
      Creating new point: f = 0.243511311088079
    i = 25 ; sf/Sf = 1 ; sf = 2087.81353542137
      k =   32 ; sb/Sb = 0 ; sb = 0
      k =   33 ; sb/Sb = 0.196216966903772 ; sb = 385.875627631495
      k =  264 ; sb/Sb = 0.35792011559672 ; sb = 703.877199954652
      k =   34 ; sb/Sb = 0.519623264289669 ; sb = 1021.87877227781
      k =   35 ; sb/Sb = 0.77695538465599 ; sb = 1527.94200943301
      k =   38 ; sb/Sb = 0.77695538465599 ; sb = 1527.94200943301
      k =   39 ; sb/Sb = 1 ; sb = 1966.57625342223
Tear 5 : Sf = 357.351367704113 ; Sb = 256.124969497314
  Backwards path
Tear 6 : Sf = 211.896201004171 ; Sb = 238.537208837531
  Backwards path
Tear 7 : Sf = 298.328677803526 ; Sb = 551.815152967984
  Backwards path
Tear 8 : Sf = 1585.35807439057 ; Sb = 1531.1700640589
  Backwards path
    i = 250 ; sf/Sf = 0.320423649705021 ; sf = 507.986220285551
      k =   42 ; sb/Sb = 0 ; sb = 0
      k =  331 ; sb/Sb = 0.22291512310052 ; sb = 341.32096331752
      k =   43 ; sb/Sb = 0.44583024620104 ; sb = 682.64192663504
      Creating new point: f = 0.4374244566643
    i = 41 ; sf/Sf = 0.640847299410041 ; sf = 1015.9724405711
      k =   42 ; sb/Sb = 0 ; sb = 0
      k =  331 ; sb/Sb = 0.22291512310052 ; sb = 341.32096331752
      k =   43 ; sb/Sb = 0.44583024620104 ; sb = 682.64192663504
      k =  337 ; sb/Sb = 0.72291512310052 ; sb = 1106.90599534697
      Creating new point: f = 0.703817023112917
    i = 428 ; sf/Sf = 0.820423649705021 ; sf = 1300.66525748084
      k =   42 ; sb/Sb = 0 ; sb = 0
      k =  331 ; sb/Sb = 0.22291512310052 ; sb = 341.32096331752
      k =   43 ; sb/Sb = 0.44583024620104 ; sb = 682.64192663504
      k =  337 ; sb/Sb = 0.72291512310052 ; sb = 1106.90599534697
      k =   44 ; sb/Sb = 1 ; sb = 1531.1700640589
      Creating new point: f = 0.351908511556458
Triangulating...
[1] "Non-adjacent points in rim connected by line: 494 37"
[1] "In triangle: 51" "In triangle: 53"
[1] "Other points in triangles: 38 439"
Merging points...
Projecting to sphere...
Optimising mapping with FIRE...
E =  0.00315 | E_L =  0.00315 | E_A =  0.00000 |   0 flippped triangles
E =  0.00268 | E_L =  0.00268 | E_A =  0.00000 |  26 flippped triangles
        phi0    phi0.1    phi0.2    phi0.3    phi0.4    phi0.5    phi0.6
id    57.000    59.000    221.00    224.00    225.00    226.00    229.00
A   2842.734  3466.565  26820.83  29035.64  30843.45  27924.35  29864.91
a  -2838.169 -2816.431 -32423.17 -28211.16 -36875.39 -23621.05 -27876.40
      phi0.7    phi0.8    phi0.9   phi0.10   phi0.11   phi0.12   phi0.13
id    243.00    418.00   514.000   517.000   542.000   547.000   549.000
A   16825.34   9177.18  2541.153  3215.945  6886.854  1766.941  4815.519
a  -14096.43 -11204.45 -2490.138 -2804.184 -2411.031 -1675.686 -4562.817
     phi0.14   phi0.15   phi0.16   phi0.17   phi0.18   phi0.19   phi0.20
id   550.000    552.00   553.000   557.000   558.000   561.000   629.000
A   1592.867  16305.73  6012.058 12063.700  4956.816  8534.534 17080.102
a  -1558.272 -11792.25 -4067.796 -1384.017 -4314.801 -5205.555 -9522.771
    phi0.21   phi0.22   phi0.23   phi0.24   phi0.25
id   630.00   634.000   646.000   663.000   810.000
A  14938.25  5548.160  2516.359  2850.719  3292.209
a  -4725.59 -4932.313 -2370.688 -2922.573 -2622.582
E =  0.00264 | E_L =  0.00264 | E_A =  0.00000 |  26 flippped triangles
        phi0    phi0.1   phi0.2    phi0.3    phi0.4    phi0.5    phi0.6
id    57.000    59.000    84.00    221.00    224.00    225.00    226.00
A   2842.734  3466.565 13401.23  26820.83  29035.64  30843.45  27924.35
a  -2812.029 -2327.583 -7388.31 -33442.29 -26936.92 -36169.56 -20368.71
      phi0.7    phi0.8    phi0.9   phi0.10   phi0.11   phi0.12   phi0.13
id    229.00    243.00    397.00   418.000   514.000   517.000   547.000
A   29864.91  16825.34  16849.16  9177.180  2541.153  3215.945  1766.941
a  -28525.47 -12665.18 -15149.83 -8641.672 -2130.950 -2490.326 -1569.811
     phi0.14   phi0.15   phi0.16   phi0.17   phi0.18   phi0.19   phi0.20
id   549.000   550.000    552.00   558.000   561.000   625.000    629.00
A   4815.519  1592.867  16305.73  4956.816  8534.534 10647.818  17080.10
a  -4354.230 -1457.641 -10250.44 -3007.602 -7766.401 -9703.738 -11751.19
     phi0.21  phi0.22   phi0.23   phi0.24   phi0.25
id    630.00   634.00   646.000   663.000   810.000
A   14938.25  5548.16  2516.359  2850.719  3292.209
a  -11746.76 -6468.18 -2272.756 -2791.121 -2524.390
E =  0.00263 | E_L =  0.00263 | E_A =  0.00000 |  26 flippped triangles
        phi0    phi0.1    phi0.2    phi0.3    phi0.4    phi0.5    phi0.6
id    57.000    59.000    84.000    221.00    224.00    225.00    226.00
A   2842.734  3466.565 13401.235  26820.83  29035.64  30843.45  27924.35
a  -2764.834 -2312.652 -8725.435 -33027.18 -26940.35 -36373.64 -20181.01
      phi0.7    phi0.8    phi0.9   phi0.10   phi0.11   phi0.12   phi0.13
id    229.00    243.00    397.00   418.000   514.000   517.000   547.000
A   29864.91  16825.34  16849.16  9177.180  2541.153  3215.945  1766.941
a  -28432.40 -12567.05 -15444.17 -8607.835 -2191.702 -2515.975 -1591.486
     phi0.14   phi0.15   phi0.16   phi0.17   phi0.18   phi0.19   phi0.20
id   549.000   550.000    552.00   558.000   561.000    625.00    629.00
A   4815.519  1592.867  16305.73  4956.816  8534.534  10647.82  17080.10
a  -4358.447 -1505.565 -10097.72 -2996.274 -8143.330 -10036.27 -12507.44
     phi0.21   phi0.22   phi0.23   phi0.24   phi0.25
id    630.00   634.000   646.000   663.000   810.000
A   14938.25  5548.160  2516.359  2850.719  3292.209
a  -12125.17 -6691.543 -2321.981 -2737.919 -2589.378
FIRE:  5  stops.  0 hits of maxmove.  0 hits of dtmax.
Frms = 8.24333899910842e-06; Ftanrms = 8.24199246760447e-06
E =  0.00428 | E_L =  0.00426 | E_A =  0.00002 |   0 flippped triangles
E =  0.00310 | E_L =  0.00310 | E_A =  0.00000 |   0 flippped triangles
E =  0.00281 | E_L =  0.00281 | E_A =  0.00000 |   0 flippped triangles
E =  0.00276 | E_L =  0.00276 | E_A =  0.00000 |   0 flippped triangles
Optimising mapping with BFGS...
E =  0.00276 | E_L =  0.00276 | E_A =  0.00000 |   0 flippped triangles
Transforming image...
Mapping optimised. Error: 0.002761568 ; 0 flipped triangles.
Inferring coordinates of datapoints
Inferring coordinates of landmarks
Mapping optimised. Error: 0.002761568 ; 0 flipped triangles. OD displacement: 10.18804 degrees.
Computing Kernel Density estimates of datapoints

[1] 0.7
Saving adult_retina/data/C57BL6J/GM493/R-CONTRA/r.mat
