[1] "Adding old segment 1"
[1] "Storing new segment 1"
[1] "Adding old segment 2"
[1] "Adding old segment 3"
[1] "Adding old segment 4"
[1] "Adding old segment 5"
[1] "Intersection found. Old points:"
   X    Y 
2490 -281 
   X    Y 
1090  119 
   X    Y 
1090  119 
   X    Y 
1690  339 
[1] "Point i+1 has been changed:"
   X    Y 
2490 -281 
   X    Y 
1090  119 
   X    Y 
1090  119 
   X    Y 
1690  339 
[1] "a= 0.0782396929905507"
[1] "l= 639.061812346818"
[1] "New points:"
   X    Y 
2490 -281 
   X    Y 
1090  119 
        X         Y 
1643.0562  321.7873 
   X    Y 
1690  339 
[1] "Storing new segment 2"
simplify.outline: Removing vertex 51
Triangulating...
[1] "Non-adjacent points in rim connected by line: 59 25"
[1] "In triangle: 35" "In triangle: 74"
[1] "Other points in triangles: 60 26"
[1] "Non-adjacent points in rim connected by line: 63 38"
[1] "In triangle: 8"  "In triangle: 44"
[1] "Other points in triangles: 37 68"
[1] "Non-adjacent points in rim connected by line: 418 50"
[1] "In triangle: 738" "In triangle: 741"
[1] "Other points in triangles: 49 408"
Stitching...
Tear 1 child of rim
Tear 2 child of rim
Tear 3 child of rim
Tear 4 child of rim
Tear 5 child of rim
Tear 6 child of rim
Tear 1 : Sf = 4082.12854236998 ; Sb = 3897.16155616827
  Forwards path
    i = 1 ; sf/Sf = 0.144302612284919 ; sf = 589.061812346818
      k =   56 ; sb/Sb = 0 ; sb = 0
      k =  393 ; sb/Sb = 0.0934027212415387 ; sb = 364.005494464026
      k =  316 ; sb/Sb = 0.186805442483077 ; sb = 728.010988928052
      Creating new point: f = 0.544950836194098
    i = 2 ; sf/Sf = 0.156551124177926 ; sf = 639.061812346818
      k =   56 ; sb/Sb = 0 ; sb = 0
      k =  393 ; sb/Sb = 0.0934027212415387 ; sb = 364.005494464026
      k =  316 ; sb/Sb = 0.186805442483077 ; sb = 728.010988928052
      Creating new point: f = 0.676087399778064
    i = 64 ; sf/Sf = 0.258221151243753 ; sf = 1054.09193173576
      k =   56 ; sb/Sb = 0 ; sb = 0
      k =  393 ; sb/Sb = 0.0934027212415387 ; sb = 364.005494464026
      k =  316 ; sb/Sb = 0.186805442483077 ; sb = 728.010988928052
      k =  314 ; sb/Sb = 0.280208163724616 ; sb = 1092.01648339208
      Creating new point: f = 0.764599872588247
    i = 3 ; sf/Sf = 0.359891178309581 ; sf = 1469.1220511247
      k =   56 ; sb/Sb = 0 ; sb = 0
      k =  393 ; sb/Sb = 0.0934027212415387 ; sb = 364.005494464026
      k =  316 ; sb/Sb = 0.186805442483077 ; sb = 728.010988928052
      k =  314 ; sb/Sb = 0.280208163724616 ; sb = 1092.01648339208
      k =   55 ; sb/Sb = 0.373610884966155 ; sb = 1456.0219778561
      Creating new point: f = 0.853112345398429
    i = 4 ; sf/Sf = 0.44770540631784 ; sf = 1827.5910177034
      k =   56 ; sb/Sb = 0 ; sb = 0
      k =  393 ; sb/Sb = 0.0934027212415387 ; sb = 364.005494464026
      k =  316 ; sb/Sb = 0.186805442483077 ; sb = 728.010988928052
      k =  314 ; sb/Sb = 0.280208163724616 ; sb = 1092.01648339208
      k =   55 ; sb/Sb = 0.373610884966155 ; sb = 1456.0219778561
      k =  307 ; sb/Sb = 0.456211610498535 ; sb = 1777.9303499125
      Creating new point: f = 0.897020224388217
    i = 174 ; sf/Sf = 0.513277857921992 ; sf = 2095.26619398989
      k =   56 ; sb/Sb = 0 ; sb = 0
      k =  393 ; sb/Sb = 0.0934027212415387 ; sb = 364.005494464026
      k =  316 ; sb/Sb = 0.186805442483077 ; sb = 728.010988928052
      k =  314 ; sb/Sb = 0.280208163724616 ; sb = 1092.01648339208
      k =   55 ; sb/Sb = 0.373610884966155 ; sb = 1456.0219778561
      k =  307 ; sb/Sb = 0.456211610498535 ; sb = 1777.9303499125
      k =   54 ; sb/Sb = 0.538812336030914 ; sb = 2099.8387219689
      Creating new point: f = 0.69086859777142
    i = 5 ; sf/Sf = 0.578850309526144 ; sf = 2362.94137027637
      k =   56 ; sb/Sb = 0 ; sb = 0
      k =  393 ; sb/Sb = 0.0934027212415387 ; sb = 364.005494464026
      k =  316 ; sb/Sb = 0.186805442483077 ; sb = 728.010988928052
      k =  314 ; sb/Sb = 0.280208163724616 ; sb = 1092.01648339208
      k =   55 ; sb/Sb = 0.373610884966155 ; sb = 1456.0219778561
      k =  307 ; sb/Sb = 0.456211610498535 ; sb = 1777.9303499125
      k =   54 ; sb/Sb = 0.538812336030914 ; sb = 2099.8387219689
      k =  291 ; sb/Sb = 0.656853932839327 ; sb = 2559.86589507936
      Creating new point: f = 0.339185292115399
    i = 6 ; sf/Sf = 0.645173484948845 ; sf = 2633.68109768999
      k =   56 ; sb/Sb = 0 ; sb = 0
      k =  393 ; sb/Sb = 0.0934027212415387 ; sb = 364.005494464026
      k =  316 ; sb/Sb = 0.186805442483077 ; sb = 728.010988928052
      k =  314 ; sb/Sb = 0.280208163724616 ; sb = 1092.01648339208
      k =   55 ; sb/Sb = 0.373610884966155 ; sb = 1456.0219778561
      k =  307 ; sb/Sb = 0.456211610498535 ; sb = 1777.9303499125
      k =   54 ; sb/Sb = 0.538812336030914 ; sb = 2099.8387219689
      k =  291 ; sb/Sb = 0.656853932839327 ; sb = 2559.86589507936
      Creating new point: f = 0.90104803555445
    i = 167 ; sf/Sf = 0.733880113711633 ; sf = 2995.79295885998
      k =   56 ; sb/Sb = 0 ; sb = 0
      k =  393 ; sb/Sb = 0.0934027212415387 ; sb = 364.005494464026
      k =  316 ; sb/Sb = 0.186805442483077 ; sb = 728.010988928052
      k =  314 ; sb/Sb = 0.280208163724616 ; sb = 1092.01648339208
      k =   55 ; sb/Sb = 0.373610884966155 ; sb = 1456.0219778561
      k =  307 ; sb/Sb = 0.456211610498535 ; sb = 1777.9303499125
      k =   54 ; sb/Sb = 0.538812336030914 ; sb = 2099.8387219689
      k =  291 ; sb/Sb = 0.656853932839327 ; sb = 2559.86589507936
      k =   53 ; sb/Sb = 0.774895529647739 ; sb = 3019.89306818982
      Creating new point: f = 0.652534216368867
    i = 77 ; sf/Sf = 0.822586742474422 ; sf = 3357.90482002998
      k =   56 ; sb/Sb = 0 ; sb = 0
      k =  393 ; sb/Sb = 0.0934027212415387 ; sb = 364.005494464026
      k =  316 ; sb/Sb = 0.186805442483077 ; sb = 728.010988928052
      k =  314 ; sb/Sb = 0.280208163724616 ; sb = 1092.01648339208
      k =   55 ; sb/Sb = 0.373610884966155 ; sb = 1456.0219778561
      k =  307 ; sb/Sb = 0.456211610498535 ; sb = 1777.9303499125
      k =   54 ; sb/Sb = 0.538812336030914 ; sb = 2099.8387219689
      k =  291 ; sb/Sb = 0.656853932839327 ; sb = 2559.86589507936
      k =   53 ; sb/Sb = 0.774895529647739 ; sb = 3019.89306818982
      k =  434 ; sb/Sb = 0.887447764823869 ; sb = 3458.52731217904
      Creating new point: f = 0.423725150833768
    i = 238 ; sf/Sf = 0.911293371237211 ; sf = 3720.01668119998
      k =   56 ; sb/Sb = 0 ; sb = 0
      k =  393 ; sb/Sb = 0.0934027212415387 ; sb = 364.005494464026
      k =  316 ; sb/Sb = 0.186805442483077 ; sb = 728.010988928052
      k =  314 ; sb/Sb = 0.280208163724616 ; sb = 1092.01648339208
      k =   55 ; sb/Sb = 0.373610884966155 ; sb = 1456.0219778561
      k =  307 ; sb/Sb = 0.456211610498535 ; sb = 1777.9303499125
      k =   54 ; sb/Sb = 0.538812336030914 ; sb = 2099.8387219689
      k =  291 ; sb/Sb = 0.656853932839327 ; sb = 2559.86589507936
      k =   53 ; sb/Sb = 0.774895529647739 ; sb = 3019.89306818982
      k =  434 ; sb/Sb = 0.887447764823869 ; sb = 3458.52731217904
      k =   52 ; sb/Sb = 1 ; sb = 3897.16155616827
      Creating new point: f = 0.211862575416885
Tear 2 : Sf = 2044.51707788051 ; Sb = 2180.89050039727
  Forwards path
    i = 294 ; sf/Sf = 0.196879397881508 ; sf = 402.523291251575
      k =   46 ; sb/Sb = 0 ; sb = 0
      k =  229 ; sb/Sb = 0.201126211476149 ; sb = 438.634243989226
      Creating new point: f = 0.978884832745207
    i = 47 ; sf/Sf = 0.393758795763015 ; sf = 805.046582503149
      k =   46 ; sb/Sb = 0 ; sb = 0
      k =  229 ; sb/Sb = 0.201126211476149 ; sb = 438.634243989226
      k =   45 ; sb/Sb = 0.402252422952299 ; sb = 877.268487978452
      Creating new point: f = 0.957769665490415
    i = 48 ; sf/Sf = 0.596667039837891 ; sf = 1219.89595275698
      k =   46 ; sb/Sb = 0 ; sb = 0
      k =  229 ; sb/Sb = 0.201126211476149 ; sb = 438.634243989226
      k =   45 ; sb/Sb = 0.402252422952299 ; sb = 877.268487978452
      k =  439 ; sb/Sb = 0.518274579283168 ; sb = 1130.30010655605
      k =   44 ; sb/Sb = 0.634296735614037 ; sb = 1383.33172513365
      Creating new point: f = 0.675668019228717
    i = 70 ; sf/Sf = 0.749574114327881 ; sf = 1532.51707788051
      k =   46 ; sb/Sb = 0 ; sb = 0
      k =  229 ; sb/Sb = 0.201126211476149 ; sb = 438.634243989226
      k =   45 ; sb/Sb = 0.402252422952299 ; sb = 877.268487978452
      k =  439 ; sb/Sb = 0.518274579283168 ; sb = 1130.30010655605
      k =   44 ; sb/Sb = 0.634296735614037 ; sb = 1383.33172513365
      k =  152 ; sb/Sb = 0.817148367807019 ; sb = 1782.11111276546
      Creating new point: f = 0.630442164126707
    i = 418 ; sf/Sf = 0.87478705716394 ; sf = 1788.51707788051
      k =   46 ; sb/Sb = 0 ; sb = 0
      k =  229 ; sb/Sb = 0.201126211476149 ; sb = 438.634243989226
      k =   45 ; sb/Sb = 0.402252422952299 ; sb = 877.268487978452
      k =  439 ; sb/Sb = 0.518274579283168 ; sb = 1130.30010655605
      k =   44 ; sb/Sb = 0.634296735614037 ; sb = 1383.33172513365
      k =  152 ; sb/Sb = 0.817148367807019 ; sb = 1782.11111276546
      k =   43 ; sb/Sb = 1 ; sb = 2180.89050039727
      Creating new point: f = 0.315221082063353
Tear 3 : Sf = 2119.91656012231 ; Sb = 2250.80620839805
  Forwards path
    i = 86 ; sf/Sf = 0.191161692861941 ; sf = 405.246838359043
      k =   35 ; sb/Sb = 0 ; sb = 0
      k =   34 ; sb/Sb = 0.167006346962134 ; sb = 375.89892258425
      k =  381 ; sb/Sb = 0.262398435687823 ; sb = 590.608028120089
      Creating new point: f = 0.253221689790942
    i = 36 ; sf/Sf = 0.382323385723881 ; sf = 810.493676718085
      k =   35 ; sb/Sb = 0 ; sb = 0
      k =   34 ; sb/Sb = 0.167006346962134 ; sb = 375.89892258425
      k =  381 ; sb/Sb = 0.262398435687823 ; sb = 590.608028120089
      k =  354 ; sb/Sb = 0.357790524413513 ; sb = 805.317133655928
      k =   33 ; sb/Sb = 0.548574701864891 ; sb = 1234.73534472761
      Creating new point: f = 0.128589601287145
    i = 63 ; sf/Sf = 0.474213911745406 ; sf = 1005.29392454946
      k =   35 ; sb/Sb = 0 ; sb = 0
      k =   34 ; sb/Sb = 0.167006346962134 ; sb = 375.89892258425
      k =  381 ; sb/Sb = 0.262398435687823 ; sb = 590.608028120089
      k =  354 ; sb/Sb = 0.357790524413513 ; sb = 805.317133655928
      k =   33 ; sb/Sb = 0.548574701864891 ; sb = 1234.73534472761
      Creating new point: f = 0.610236073489709
    i = 37 ; sf/Sf = 0.534593646687716 ; sf = 1133.29392454946
      k =   35 ; sb/Sb = 0 ; sb = 0
      k =   34 ; sb/Sb = 0.167006346962134 ; sb = 375.89892258425
      k =  381 ; sb/Sb = 0.262398435687823 ; sb = 590.608028120089
      k =  354 ; sb/Sb = 0.357790524413513 ; sb = 805.317133655928
      k =   33 ; sb/Sb = 0.548574701864891 ; sb = 1234.73534472761
      Creating new point: f = 0.926717952379788
    i = 38 ; sf/Sf = 0.578083775642419 ; sf = 1225.48936912239
      k =   35 ; sb/Sb = 0 ; sb = 0
      k =   34 ; sb/Sb = 0.167006346962134 ; sb = 375.89892258425
      k =  381 ; sb/Sb = 0.262398435687823 ; sb = 590.608028120089
      k =  354 ; sb/Sb = 0.357790524413513 ; sb = 805.317133655928
      k =   33 ; sb/Sb = 0.548574701864891 ; sb = 1234.73534472761
      k =  386 ; sb/Sb = 0.661431026398668 ; sb = 1488.75306064522
      Creating new point: f = 0.261474701567974
    i = 80 ; sf/Sf = 0.789041887821209 ; sf = 1672.70296462235
      k =   35 ; sb/Sb = 0 ; sb = 0
      k =   34 ; sb/Sb = 0.167006346962134 ; sb = 375.89892258425
      k =  381 ; sb/Sb = 0.262398435687823 ; sb = 590.608028120089
      k =  354 ; sb/Sb = 0.357790524413513 ; sb = 805.317133655928
      k =   33 ; sb/Sb = 0.548574701864891 ; sb = 1234.73534472761
      k =  386 ; sb/Sb = 0.661431026398668 ; sb = 1488.75306064522
      k =  322 ; sb/Sb = 0.774287350932446 ; sb = 1742.77077656283
      k =   32 ; sb/Sb = 1 ; sb = 2250.80620839805
      Creating new point: f = 0.0653686753919933
Tear 4 : Sf = 1524.80892614711 ; Sb = 1395.46924418932
  Forwards path
    i = 23 ; sf/Sf = 0.185493872461324 ; sf = 282.842712474619
      k =   22 ; sb/Sb = 0 ; sb = 0
      k =   21 ; sb/Sb = 0.20781540059557 ; sb = 290
      Creating new point: f = 0.892589634501216
    i = 24 ; sf/Sf = 0.478785436952607 ; sf = 730.056307974577
      k =   22 ; sb/Sb = 0 ; sb = 0
      k =   21 ; sb/Sb = 0.20781540059557 ; sb = 290
      k =   20 ; sb/Sb = 0.359661241617505 ; sb = 501.896201004171
      k =   19 ; sb/Sb = 0.747555669504688 ; sb = 1043.19094511315
      Creating new point: f = 0.307104683055019
    i = 25 ; sf/Sf = 0.611578840664378 ; sf = 932.540875287743
      k =   22 ; sb/Sb = 0 ; sb = 0
      k =   21 ; sb/Sb = 0.20781540059557 ; sb = 290
      k =   20 ; sb/Sb = 0.359661241617505 ; sb = 501.896201004171
      k =   19 ; sb/Sb = 0.747555669504688 ; sb = 1043.19094511315
      Creating new point: f = 0.649448873032386
    i = 26 ; sf/Sf = 0.637811635681569 ; sf = 972.540875287743
      k =   22 ; sb/Sb = 0 ; sb = 0
      k =   21 ; sb/Sb = 0.20781540059557 ; sb = 290
      k =   20 ; sb/Sb = 0.359661241617505 ; sb = 501.896201004171
      k =   19 ; sb/Sb = 0.747555669504688 ; sb = 1043.19094511315
      Creating new point: f = 0.717077570768721
    i = 59 ; sf/Sf = 0.679784107709075 ; sf = 1036.54087528774
      k =   22 ; sb/Sb = 0 ; sb = 0
      k =   21 ; sb/Sb = 0.20781540059557 ; sb = 290
      k =   20 ; sb/Sb = 0.359661241617505 ; sb = 501.896201004171
      k =   19 ; sb/Sb = 0.747555669504688 ; sb = 1043.19094511315
      Creating new point: f = 0.825283487146857
    i = 58 ; sf/Sf = 0.72175657973658 ; sf = 1100.54087528774
      k =   22 ; sb/Sb = 0 ; sb = 0
      k =   21 ; sb/Sb = 0.20781540059557 ; sb = 290
      k =   20 ; sb/Sb = 0.359661241617505 ; sb = 501.896201004171
      k =   19 ; sb/Sb = 0.747555669504688 ; sb = 1043.19094511315
      Creating new point: f = 0.933489403524994
    i = 57 ; sf/Sf = 0.805701523791591 ; sf = 1228.54087528774
      k =   22 ; sb/Sb = 0 ; sb = 0
      k =   21 ; sb/Sb = 0.20781540059557 ; sb = 290
      k =   20 ; sb/Sb = 0.359661241617505 ; sb = 501.896201004171
      k =   19 ; sb/Sb = 0.747555669504688 ; sb = 1043.19094511315
      k =   18 ; sb/Sb = 1 ; sb = 1395.46924418932
      Creating new point: f = 0.230331392956288
Tear 5 : Sf = 1070.81684777881 ; Sb = 1733.75690681826
  Forwards path
    i = 13 ; sf/Sf = 0.387413936486292 ; sf = 414.849370253831
      k =   12 ; sb/Sb = 0 ; sb = 0
      k =   11 ; sb/Sb = 0.128066415907879 ; sb = 222.036033111745
      k =  250 ; sb/Sb = 0.346049811930909 ; sb = 599.966251538375
      k =   93 ; sb/Sb = 0.564033207953939 ; sb = 977.896469965004
      Creating new point: f = 0.189758143556095
    i = 14 ; sf/Sf = 0.770299208463906 ; sf = 824.849370253831
      k =   12 ; sb/Sb = 0 ; sb = 0
      k =   11 ; sb/Sb = 0.128066415907879 ; sb = 222.036033111745
      k =  250 ; sb/Sb = 0.346049811930909 ; sb = 599.966251538375
      k =   93 ; sb/Sb = 0.564033207953939 ; sb = 977.896469965004
      k =  251 ; sb/Sb = 0.78201660397697 ; sb = 1355.82668839163
      Creating new point: f = 0.946246385152081
Tear 6 : Sf = 447.213595499958 ; Sb = 438.634243989226
  Forwards path
Tear 1 : Sf = 3897.16155616827 ; Sb = 4082.12854236998
  Backwards path
    i = 393 ; sf/Sf = 0.0934027212415387 ; sf = 364.005494464026
      k =   56 ; sb/Sb = 0 ; sb = 0
      k =    1 ; sb/Sb = 0.144302612284919 ; sb = 589.061812346818
      Creating new point: f = 0.647269787861629
    i = 316 ; sf/Sf = 0.186805442483077 ; sf = 728.010988928052
      k =   56 ; sb/Sb = 0 ; sb = 0
      k =    1 ; sb/Sb = 0.144302612284919 ; sb = 589.061812346818
      k =    2 ; sb/Sb = 0.156551124177926 ; sb = 639.061812346818
      k =   64 ; sb/Sb = 0.258221151243753 ; sb = 1054.09193173576
      Creating new point: f = 0.297573623006542
    i = 314 ; sf/Sf = 0.280208163724616 ; sf = 1092.01648339208
      k =   56 ; sb/Sb = 0 ; sb = 0
      k =    1 ; sb/Sb = 0.144302612284919 ; sb = 589.061812346818
      k =    2 ; sb/Sb = 0.156551124177926 ; sb = 639.061812346818
      k =   64 ; sb/Sb = 0.258221151243753 ; sb = 1054.09193173576
      k =    3 ; sb/Sb = 0.359891178309581 ; sb = 1469.1220511247
      Creating new point: f = 0.21625854851624
    i = 55 ; sf/Sf = 0.373610884966155 ; sf = 1456.0219778561
      k =   56 ; sb/Sb = 0 ; sb = 0
      k =    1 ; sb/Sb = 0.144302612284919 ; sb = 589.061812346818
      k =    2 ; sb/Sb = 0.156551124177926 ; sb = 639.061812346818
      k =   64 ; sb/Sb = 0.258221151243753 ; sb = 1054.09193173576
      k =    3 ; sb/Sb = 0.359891178309581 ; sb = 1469.1220511247
      k =    4 ; sb/Sb = 0.44770540631784 ; sb = 1827.5910177034
      Creating new point: f = 0.156235577852868
    i = 307 ; sf/Sf = 0.456211610498535 ; sf = 1777.9303499125
      k =   56 ; sb/Sb = 0 ; sb = 0
      k =    1 ; sb/Sb = 0.144302612284919 ; sb = 589.061812346818
      k =    2 ; sb/Sb = 0.156551124177926 ; sb = 639.061812346818
      k =   64 ; sb/Sb = 0.258221151243753 ; sb = 1054.09193173576
      k =    3 ; sb/Sb = 0.359891178309581 ; sb = 1469.1220511247
      k =    4 ; sb/Sb = 0.44770540631784 ; sb = 1827.5910177034
      k =  174 ; sb/Sb = 0.513277857921992 ; sb = 2095.26619398989
      Creating new point: f = 0.129722222863424
    i = 54 ; sf/Sf = 0.538812336030914 ; sf = 2099.8387219689
      k =   56 ; sb/Sb = 0 ; sb = 0
      k =    1 ; sb/Sb = 0.144302612284919 ; sb = 589.061812346818
      k =    2 ; sb/Sb = 0.156551124177926 ; sb = 639.061812346818
      k =   64 ; sb/Sb = 0.258221151243753 ; sb = 1054.09193173576
      k =    3 ; sb/Sb = 0.359891178309581 ; sb = 1469.1220511247
      k =    4 ; sb/Sb = 0.44770540631784 ; sb = 1827.5910177034
      k =  174 ; sb/Sb = 0.513277857921992 ; sb = 2095.26619398989
      k =    5 ; sb/Sb = 0.578850309526144 ; sb = 2362.94137027637
      Creating new point: f = 0.389408623350993
    i = 291 ; sf/Sf = 0.656853932839326 ; sf = 2559.86589507936
      k =   56 ; sb/Sb = 0 ; sb = 0
      k =    1 ; sb/Sb = 0.144302612284919 ; sb = 589.061812346818
      k =    2 ; sb/Sb = 0.156551124177926 ; sb = 639.061812346818
      k =   64 ; sb/Sb = 0.258221151243753 ; sb = 1054.09193173576
      k =    3 ; sb/Sb = 0.359891178309581 ; sb = 1469.1220511247
      k =    4 ; sb/Sb = 0.44770540631784 ; sb = 1827.5910177034
      k =  174 ; sb/Sb = 0.513277857921992 ; sb = 2095.26619398989
      k =    5 ; sb/Sb = 0.578850309526144 ; sb = 2362.94137027637
      k =    6 ; sb/Sb = 0.645173484948845 ; sb = 2633.68109768999
      k =  167 ; sb/Sb = 0.733880113711633 ; sb = 2995.79295885998
      Creating new point: f = 0.131675028725493
    i = 53 ; sf/Sf = 0.774895529647739 ; sf = 3019.89306818982
      k =   56 ; sb/Sb = 0 ; sb = 0
      k =    1 ; sb/Sb = 0.144302612284919 ; sb = 589.061812346818
      k =    2 ; sb/Sb = 0.156551124177926 ; sb = 639.061812346818
      k =   64 ; sb/Sb = 0.258221151243753 ; sb = 1054.09193173576
      k =    3 ; sb/Sb = 0.359891178309581 ; sb = 1469.1220511247
      k =    4 ; sb/Sb = 0.44770540631784 ; sb = 1827.5910177034
      k =  174 ; sb/Sb = 0.513277857921992 ; sb = 2095.26619398989
      k =    5 ; sb/Sb = 0.578850309526144 ; sb = 2362.94137027637
      k =    6 ; sb/Sb = 0.645173484948845 ; sb = 2633.68109768999
      k =  167 ; sb/Sb = 0.733880113711633 ; sb = 2995.79295885998
      k =   77 ; sb/Sb = 0.822586742474422 ; sb = 3357.90482002998
      Creating new point: f = 0.462371487995388
    i = 434 ; sf/Sf = 0.887447764823869 ; sf = 3458.52731217904
      k =   56 ; sb/Sb = 0 ; sb = 0
      k =    1 ; sb/Sb = 0.144302612284919 ; sb = 589.061812346818
      k =    2 ; sb/Sb = 0.156551124177926 ; sb = 639.061812346818
      k =   64 ; sb/Sb = 0.258221151243753 ; sb = 1054.09193173576
      k =    3 ; sb/Sb = 0.359891178309581 ; sb = 1469.1220511247
      k =    4 ; sb/Sb = 0.44770540631784 ; sb = 1827.5910177034
      k =  174 ; sb/Sb = 0.513277857921992 ; sb = 2095.26619398989
      k =    5 ; sb/Sb = 0.578850309526144 ; sb = 2362.94137027637
      k =    6 ; sb/Sb = 0.645173484948845 ; sb = 2633.68109768999
      k =  167 ; sb/Sb = 0.733880113711633 ; sb = 2995.79295885998
      k =   77 ; sb/Sb = 0.822586742474422 ; sb = 3357.90482002998
      k =  238 ; sb/Sb = 0.911293371237211 ; sb = 3720.01668119998
      Creating new point: f = 0.731185743997694
Tear 2 : Sf = 2180.89050039727 ; Sb = 2044.51707788051
  Backwards path
    i = 229 ; sf/Sf = 0.201126211476149 ; sf = 438.634243989226
      k =   46 ; sb/Sb = 0 ; sb = 0
      k =  294 ; sb/Sb = 0.196879397881508 ; sb = 402.523291251575
      k =   47 ; sb/Sb = 0.393758795763015 ; sb = 805.046582503149
      Creating new point: f = 0.0215706348167401
    i = 45 ; sf/Sf = 0.402252422952299 ; sf = 877.268487978452
      k =   46 ; sb/Sb = 0 ; sb = 0
      k =  294 ; sb/Sb = 0.196879397881508 ; sb = 402.523291251575
      k =   47 ; sb/Sb = 0.393758795763015 ; sb = 805.046582503149
      k =   48 ; sb/Sb = 0.596667039837891 ; sb = 1219.89595275698
      Creating new point: f = 0.0418594484813001
    i = 439 ; sf/Sf = 0.518274579283168 ; sf = 1130.30010655605
      k =   46 ; sb/Sb = 0 ; sb = 0
      k =  294 ; sb/Sb = 0.196879397881508 ; sb = 402.523291251575
      k =   47 ; sb/Sb = 0.393758795763015 ; sb = 805.046582503149
      k =   48 ; sb/Sb = 0.596667039837891 ; sb = 1219.89595275698
      Creating new point: f = 0.613655616053751
    i = 44 ; sf/Sf = 0.634296735614037 ; sf = 1383.33172513365
      k =   46 ; sb/Sb = 0 ; sb = 0
      k =  294 ; sb/Sb = 0.196879397881508 ; sb = 402.523291251575
      k =   47 ; sb/Sb = 0.393758795763015 ; sb = 805.046582503149
      k =   48 ; sb/Sb = 0.596667039837891 ; sb = 1219.89595275698
      k =   70 ; sb/Sb = 0.749574114327881 ; sb = 1532.51707788051
      Creating new point: f = 0.246095191485792
    i = 152 ; sf/Sf = 0.817148367807019 ; sf = 1782.11111276546
      k =   46 ; sb/Sb = 0 ; sb = 0
      k =  294 ; sb/Sb = 0.196879397881508 ; sb = 402.523291251575
      k =   47 ; sb/Sb = 0.393758795763015 ; sb = 805.046582503149
      k =   48 ; sb/Sb = 0.596667039837891 ; sb = 1219.89595275698
      k =   70 ; sb/Sb = 0.749574114327881 ; sb = 1532.51707788051
      k =  418 ; sb/Sb = 0.874787057163941 ; sb = 1788.51707788051
      Creating new point: f = 0.539674668996576
Tear 3 : Sf = 2250.80620839805 ; Sb = 2119.91656012231
  Backwards path
    i = 34 ; sf/Sf = 0.167006346962134 ; sf = 375.89892258425
      k =   35 ; sb/Sb = 0 ; sb = 0
      k =   86 ; sb/Sb = 0.191161692861941 ; sb = 405.246838359043
      Creating new point: f = 0.873639192360303
    i = 381 ; sf/Sf = 0.262398435687823 ; sf = 590.608028120089
      k =   35 ; sb/Sb = 0 ; sb = 0
      k =   86 ; sb/Sb = 0.191161692861941 ; sb = 405.246838359043
      k =   36 ; sb/Sb = 0.382323385723881 ; sb = 810.493676718085
      Creating new point: f = 0.372651768036658
    i = 354 ; sf/Sf = 0.357790524413513 ; sf = 805.317133655928
      k =   35 ; sb/Sb = 0 ; sb = 0
      k =   86 ; sb/Sb = 0.191161692861941 ; sb = 405.246838359043
      k =   36 ; sb/Sb = 0.382323385723881 ; sb = 810.493676718085
      Creating new point: f = 0.871664343713013
    i = 33 ; sf/Sf = 0.548574701864891 ; sf = 1234.73534472761
      k =   35 ; sb/Sb = 0 ; sb = 0
      k =   86 ; sb/Sb = 0.191161692861941 ; sb = 405.246838359043
      k =   36 ; sb/Sb = 0.382323385723881 ; sb = 810.493676718085
      k =   63 ; sb/Sb = 0.474213911745406 ; sb = 1005.29392454946
      k =   37 ; sb/Sb = 0.534593646687716 ; sb = 1133.29392454946
      k =   38 ; sb/Sb = 0.578083775642419 ; sb = 1225.48936912239
      Creating new point: f = 0.321476516929552
    i = 386 ; sf/Sf = 0.661431026398668 ; sf = 1488.75306064522
      k =   35 ; sb/Sb = 0 ; sb = 0
      k =   86 ; sb/Sb = 0.191161692861941 ; sb = 405.246838359043
      k =   36 ; sb/Sb = 0.382323385723881 ; sb = 810.493676718085
      k =   63 ; sb/Sb = 0.474213911745406 ; sb = 1005.29392454946
      k =   37 ; sb/Sb = 0.534593646687716 ; sb = 1133.29392454946
      k =   38 ; sb/Sb = 0.578083775642419 ; sb = 1225.48936912239
      k =   80 ; sb/Sb = 0.789041887821209 ; sb = 1672.70296462235
      Creating new point: f = 0.395089100368946
    i = 322 ; sf/Sf = 0.774287350932446 ; sf = 1742.77077656283
      k =   35 ; sb/Sb = 0 ; sb = 0
      k =   86 ; sb/Sb = 0.191161692861941 ; sb = 405.246838359043
      k =   36 ; sb/Sb = 0.382323385723881 ; sb = 810.493676718085
      k =   63 ; sb/Sb = 0.474213911745406 ; sb = 1005.29392454946
      k =   37 ; sb/Sb = 0.534593646687716 ; sb = 1133.29392454946
      k =   38 ; sb/Sb = 0.578083775642419 ; sb = 1225.48936912239
      k =   80 ; sb/Sb = 0.789041887821209 ; sb = 1672.70296462235
      Creating new point: f = 0.930059400245964
Tear 4 : Sf = 1395.46924418932 ; Sb = 1524.80892614711
  Backwards path
    i = 21 ; sf/Sf = 0.20781540059557 ; sf = 290
      k =   22 ; sb/Sb = 0 ; sb = 0
      k =   23 ; sb/Sb = 0.185493872461324 ; sb = 282.842712474619
      k =   24 ; sb/Sb = 0.478785436952607 ; sb = 730.056307974577
      Creating new point: f = 0.0761069557965751
    i = 20 ; sf/Sf = 0.359661241617505 ; sf = 501.896201004171
      k =   22 ; sb/Sb = 0 ; sb = 0
      k =   23 ; sb/Sb = 0.185493872461324 ; sb = 282.842712474619
      k =   24 ; sb/Sb = 0.478785436952607 ; sb = 730.056307974577
      Creating new point: f = 0.593836953538969
    i = 19 ; sf/Sf = 0.747555669504688 ; sf = 1043.19094511315
      k =   22 ; sb/Sb = 0 ; sb = 0
      k =   23 ; sb/Sb = 0.185493872461324 ; sb = 282.842712474619
      k =   24 ; sb/Sb = 0.478785436952607 ; sb = 730.056307974577
      k =   25 ; sb/Sb = 0.611578840664378 ; sb = 932.540875287743
      k =   26 ; sb/Sb = 0.637811635681569 ; sb = 972.540875287743
      k =   59 ; sb/Sb = 0.679784107709075 ; sb = 1036.54087528774
      k =   58 ; sb/Sb = 0.72175657973658 ; sb = 1100.54087528774
      k =   57 ; sb/Sb = 0.805701523791591 ; sb = 1228.54087528774
      Creating new point: f = 0.307333455975636
Tear 5 : Sf = 1733.75690681826 ; Sb = 1070.81684777881
  Backwards path
    i = 11 ; sf/Sf = 0.128066415907879 ; sf = 222.036033111745
      k =   12 ; sb/Sb = 0 ; sb = 0
      k =   13 ; sb/Sb = 0.387413936486292 ; sb = 414.849370253831
      Creating new point: f = 0.330567395353394
    i = 250 ; sf/Sf = 0.346049811930909 ; sf = 599.966251538375
      k =   12 ; sb/Sb = 0 ; sb = 0
      k =   13 ; sb/Sb = 0.387413936486292 ; sb = 414.849370253831
      Creating new point: f = 0.893230158598472
    i = 93 ; sf/Sf = 0.564033207953939 ; sf = 977.896469965004
      k =   12 ; sb/Sb = 0 ; sb = 0
      k =   13 ; sb/Sb = 0.387413936486292 ; sb = 414.849370253831
      k =   14 ; sb/Sb = 0.770299208463906 ; sb = 824.849370253831
      Creating new point: f = 0.461285101292623
    i = 251 ; sf/Sf = 0.78201660397697 ; sf = 1355.82668839163
      k =   12 ; sb/Sb = 0 ; sb = 0
      k =   13 ; sb/Sb = 0.387413936486292 ; sb = 414.849370253831
      k =   14 ; sb/Sb = 0.770299208463906 ; sb = 824.849370253831
      k =   15 ; sb/Sb = 1 ; sb = 1070.81684777881
      Creating new point: f = 0.0510115591448549
Tear 6 : Sf = 438.634243989226 ; Sb = 447.213595499958
  Backwards path
Triangulating...
[1] "Non-adjacent points in rim connected by line: 59 25"
[1] "In triangle: 337" "In triangle: 339"
[1] "Other points in triangles: 26 453"
[1] "Non-adjacent points in rim connected by line: 484 17"
[1] "In triangle: 427" "In triangle: 434"
[1] "Other points in triangles: 18 231"
[1] "Non-adjacent points in rim connected by line: 504 63"
[1] "In triangle: 66" "In triangle: 68"
[1] "Other points in triangles: 454 37"
Merging points...
Projecting to sphere...
Optimising mapping with FIRE...
E =  0.00309 | E_L =  0.00309 | E_A =  0.00000 |   0 flippped triangles
E =  0.00303 | E_L =  0.00303 | E_A =  0.00000 |  16 flippped triangles
        phi0    phi0.1    phi0.2    phi0.3    phi0.4    phi0.5    phi0.6
id   68.0000    69.000    90.000    99.000  166.0000   292.000    308.00
A   816.7671  1333.831  3531.904  3981.508  115.5418 10381.392  40107.98
a  -816.7345 -1277.787 -3307.164 -3570.509 -108.3862 -2121.792 -30918.30
      phi0.7    phi0.8    phi0.9   phi0.10   phi0.11   phi0.12   phi0.13
id    309.00  337.0000   467.000 487.00000   671.000  788.0000   820.000
A   49992.44  365.0609  1804.989 101.54364  3367.144  212.0496  5043.915
a  -43146.50 -360.7950 -1442.066 -97.40943 -3122.102 -258.9340 -4451.505
     phi0.14   phi0.15
id  823.0000   860.000
A   555.8830  4161.717
a  -420.7748 -3621.330
E =  0.00302 | E_L =  0.00302 | E_A =  0.00000 |  16 flippped triangles
        phi0    phi0.1    phi0.2    phi0.3    phi0.4     phi0.5    phi0.6
id   68.0000    69.000    90.000    99.000  166.0000   292.0000    308.00
A   816.7671  1333.831  3531.904  3981.508  115.5418 10381.3921  40107.98
a  -800.8114 -1250.520 -3331.905 -3596.414 -109.1393  -595.1851 -29773.16
      phi0.7    phi0.8    phi0.9   phi0.10   phi0.11   phi0.12   phi0.13
id    309.00  337.0000   467.000 487.00000   671.000  788.0000   820.000
A   49992.44  365.0609  1804.989 101.54364  3367.144  212.0496  5043.915
a  -42239.07 -414.1572 -1423.283 -98.98677 -3132.345 -266.7361 -4729.361
     phi0.14   phi0.15
id  823.0000   860.000
A   555.8830  4161.717
a  -445.6492 -3652.121
FIRE:  3  stops.  0 hits of maxmove.  0 hits of dtmax.
Frms = 5.77760844880839e-07; Ftanrms = 5.75192990026771e-07
E =  0.00361 | E_L =  0.00361 | E_A =  0.00000 |   0 flippped triangles
E =  0.00317 | E_L =  0.00317 | E_A =  0.00000 |   0 flippped triangles
E =  0.00316 | E_L =  0.00316 | E_A =  0.00000 |   0 flippped triangles
Optimising mapping with BFGS...
E =  0.00316 | E_L =  0.00316 | E_A =  0.00000 |   0 flippped triangles
Transforming image...
Mapping optimised. Error: 0.003163739 ; 0 flipped triangles.
Inferring coordinates of datapoints
Inferring coordinates of landmarks
Mapping optimised. Error: 0.003163739 ; 0 flipped triangles. OD displacement: 13.89263 degrees.
Computing Kernel Density estimates of datapoints

[1] 0.7
Saving adult_retina/data/nAChR-B2/GMB350/R-CONTRA/r.mat
