[1] "Adding old segment 1"
[1] "Storing new segment 1"
[1] "Adding old segment 2"
[1] "Adding old segment 3"
[1] "Adding old segment 4"
[1] "Adding old segment 5"
[1] "Storing new segment 2"
simplify.outline: Removing vertex 1
simplify.outline: Removing vertex 42
Triangulating...
[1] "Non-adjacent points in rim connected by line: 65 54"
[1] "In triangle: 65" "In triangle: 78"
[1] "Other points in triangles: 72 77"
[1] "Non-adjacent points in rim connected by line: 68 10"
[1] "In triangle: 66" "In triangle: 69"
[1] "Other points in triangles: 75 11"
[1] "Non-adjacent points in rim connected by line: 150 147"
[1] "In triangle: 216" "In triangle: 220"
[1] "Other points in triangles: 152 153"
[1] "Non-adjacent points in rim connected by line: 153 150"
[1] "In triangle: 215" "In triangle: 220"
[1] "Other points in triangles: 33 465"
[1] "Non-adjacent points in rim connected by line: 420 419"
[1] "In triangle: 710" "In triangle: 720"
[1] "Other points in triangles: 418 29"
[1] "Non-adjacent points in rim connected by line: 422 421"
[1] "In triangle: 718" "In triangle: 725"
[1] "Other points in triangles: 30 423"
Stitching...
Tear 1 child of rim
Tear 2 child of backward side of tear 3
Tear 3 child of rim
Tear 4 child of rim
Tear 5 child of rim
Tear 6 child of rim
Tear 7 child of rim
Tear 8 child of backward side of tear 9
Tear 9 child of rim
Tear 1 : Sf = 1210.16527796826 ; Sb = 986.154146165801
  Forwards path
    i = 183 ; sf/Sf = 0.25 ; sf = 302.541319492065
      k =   48 ; sb/Sb = 0 ; sb = 0
      k =  306 ; sb/Sb = 0.5 ; sb = 493.0770730829
      Creating new point: f = 0.5
    i = 131 ; sf/Sf = 0.5 ; sf = 605.082638984131
      k =   48 ; sb/Sb = 0 ; sb = 0
      k =  306 ; sb/Sb = 0.5 ; sb = 493.0770730829
      k =   47 ; sb/Sb = 1 ; sb = 986.154146165801
      Creating new point: f = 0
      Point 306 already exists
Tear 2 : Sf = 2424.73054428491 ; Sb = 2891.16919023745
  Forwards path
    i = 55 ; sf/Sf = 0.0470227682736349 ; sf = 114.017542509914
      k =   54 ; sb/Sb = 0 ; sb = 0
      k =   53 ; sb/Sb = 0.176534810875276 ; sb = 510.392006206994
      Creating new point: f = 0.266365415639508
    i = 181 ; sf/Sf = 0.197611443566163 ; sf = 479.154503115109
      k =   54 ; sb/Sb = 0 ; sb = 0
      k =   53 ; sb/Sb = 0.176534810875276 ; sb = 510.392006206994
      k =  127 ; sb/Sb = 0.382401108156457 ; sb = 1105.58630221461
      Creating new point: f = 0.10238020000962
    i = 56 ; sf/Sf = 0.348200118858692 ; sf = 844.291463720305
      k =   54 ; sb/Sb = 0 ; sb = 0
      k =   53 ; sb/Sb = 0.176534810875276 ; sb = 510.392006206994
      k =  127 ; sb/Sb = 0.382401108156457 ; sb = 1105.58630221461
      Creating new point: f = 0.833867953378244
    i = 242 ; sf/Sf = 0.4650404712574 ; sf = 1127.59783498647
      k =   54 ; sb/Sb = 0 ; sb = 0
      k =   53 ; sb/Sb = 0.176534810875276 ; sb = 510.392006206994
      k =  127 ; sb/Sb = 0.382401108156457 ; sb = 1105.58630221461
      k =   81 ; sb/Sb = 0.588267405437638 ; sb = 1700.78059822222
      Creating new point: f = 0.401422496991194
    i = 182 ; sf/Sf = 0.581880823656109 ; sf = 1410.90420625263
      k =   54 ; sb/Sb = 0 ; sb = 0
      k =   53 ; sb/Sb = 0.176534810875276 ; sb = 510.392006206994
      k =  127 ; sb/Sb = 0.382401108156457 ; sb = 1105.58630221461
      k =   81 ; sb/Sb = 0.588267405437638 ; sb = 1700.78059822222
      Creating new point: f = 0.968977040604144
    i = 410 ; sf/Sf = 0.698721176054817 ; sf = 1694.21057751879
      k =   54 ; sb/Sb = 0 ; sb = 0
      k =   53 ; sb/Sb = 0.176534810875276 ; sb = 510.392006206994
      k =  127 ; sb/Sb = 0.382401108156457 ; sb = 1105.58630221461
      k =   81 ; sb/Sb = 0.588267405437638 ; sb = 1700.78059822222
      k =   88 ; sb/Sb = 0.822909014896513 ; sb = 2379.16919023745
      Creating new point: f = 0.470733945577279
    i = 57 ; sf/Sf = 0.815561528453526 ; sf = 1977.51694878495
      k =   54 ; sb/Sb = 0 ; sb = 0
      k =   53 ; sb/Sb = 0.176534810875276 ; sb = 510.392006206994
      k =  127 ; sb/Sb = 0.382401108156457 ; sb = 1105.58630221461
      k =   81 ; sb/Sb = 0.588267405437638 ; sb = 1700.78059822222
      k =   88 ; sb/Sb = 0.822909014896513 ; sb = 2379.16919023745
      Creating new point: f = 0.968686344847651
Tear 3 : Sf = 2883.92194622711 ; Sb = 2432.83436922567
  Forwards path
    i = 1 ; sf/Sf = 0.178062129500599 ; sf = 513.517283058711
      k =   63 ; sb/Sb = 0 ; sb = 0
      k =   62 ; sb/Sb = 0.0584202138186477 ; sb = 142.126704035519
      k =   61 ; sb/Sb = 0.179381502064878 ; sb = 436.405483426762
      Creating new point: f = 0.989092604886996
    i = 2 ; sf/Sf = 0.286445781343422 ; sf = 826.087275220466
      k =   63 ; sb/Sb = 0 ; sb = 0
      k =   62 ; sb/Sb = 0.0584202138186477 ; sb = 142.126704035519
      k =   61 ; sb/Sb = 0.179381502064878 ; sb = 436.405483426762
      k =   60 ; sb/Sb = 0.273203854748475 ; sb = 664.659727637029
      k =   59 ; sb/Sb = 0.434351658576581 ; sb = 1056.70564331528
      Creating new point: f = 0.0821725538938883
    i = 3 ; sf/Sf = 0.359592778741623 ; sf = 1037.03750631776
      k =   63 ; sb/Sb = 0 ; sb = 0
      k =   62 ; sb/Sb = 0.0584202138186477 ; sb = 142.126704035519
      k =   61 ; sb/Sb = 0.179381502064878 ; sb = 436.405483426762
      k =   60 ; sb/Sb = 0.273203854748475 ; sb = 664.659727637029
      k =   59 ; sb/Sb = 0.434351658576581 ; sb = 1056.70564331528
      Creating new point: f = 0.536085022202957
    i = 4 ; sf/Sf = 0.467141198625588 ; sf = 1347.19875470317
      k =   63 ; sb/Sb = 0 ; sb = 0
      k =   62 ; sb/Sb = 0.0584202138186477 ; sb = 142.126704035519
      k =   61 ; sb/Sb = 0.179381502064878 ; sb = 436.405483426762
      k =   60 ; sb/Sb = 0.273203854748475 ; sb = 664.659727637029
      k =   59 ; sb/Sb = 0.434351658576581 ; sb = 1056.70564331528
      k =   58 ; sb/Sb = 0.561841327544113 ; sb = 1366.8668917007
      Creating new point: f = 0.257193702945122
    i = 110 ; sf/Sf = 0.576793183635287 ; sf = 1663.42652072001
      k =   63 ; sb/Sb = 0 ; sb = 0
      k =   62 ; sb/Sb = 0.0584202138186477 ; sb = 142.126704035519
      k =   61 ; sb/Sb = 0.179381502064878 ; sb = 436.405483426762
      k =   60 ; sb/Sb = 0.273203854748475 ; sb = 664.659727637029
      k =   59 ; sb/Sb = 0.434351658576581 ; sb = 1056.70564331528
      k =   58 ; sb/Sb = 0.561841327544113 ; sb = 1366.8668917007
      k =   52 ; sb/Sb = 0.561841327544113 ; sb = 1366.8668917007
      k =   51 ; sb/Sb = 0.662944584155562 ; sb = 1612.83436922568
      Creating new point: f = 0.147886987939823
    i = 5 ; sf/Sf = 0.686445168644987 ; sf = 1979.65428673685
      k =   63 ; sb/Sb = 0 ; sb = 0
      k =   62 ; sb/Sb = 0.0584202138186477 ; sb = 142.126704035519
      k =   61 ; sb/Sb = 0.179381502064878 ; sb = 436.405483426762
      k =   60 ; sb/Sb = 0.273203854748475 ; sb = 664.659727637029
      k =   59 ; sb/Sb = 0.434351658576581 ; sb = 1056.70564331528
      k =   58 ; sb/Sb = 0.561841327544113 ; sb = 1366.8668917007
      k =   52 ; sb/Sb = 0.561841327544113 ; sb = 1366.8668917007
      k =   51 ; sb/Sb = 0.662944584155562 ; sb = 1612.83436922568
      k =  405 ; sb/Sb = 0.831472292077781 ; sb = 2022.83436922568
      Creating new point: f = 0.139446413762837
    i = 118 ; sf/Sf = 0.843222584322493 ; sf = 2431.78811648198
      k =   63 ; sb/Sb = 0 ; sb = 0
      k =   62 ; sb/Sb = 0.0584202138186477 ; sb = 142.126704035519
      k =   61 ; sb/Sb = 0.179381502064878 ; sb = 436.405483426762
      k =   60 ; sb/Sb = 0.273203854748475 ; sb = 664.659727637029
      k =   59 ; sb/Sb = 0.434351658576581 ; sb = 1056.70564331528
      k =   58 ; sb/Sb = 0.561841327544113 ; sb = 1366.8668917007
      k =   52 ; sb/Sb = 0.561841327544113 ; sb = 1366.8668917007
      k =   51 ; sb/Sb = 0.662944584155562 ; sb = 1612.83436922568
      k =  405 ; sb/Sb = 0.831472292077781 ; sb = 2022.83436922568
      k =   50 ; sb/Sb = 1 ; sb = 2432.83436922567
      Creating new point: f = 0.0697232068814179
Tear 4 : Sf = 1134.499442747 ; Sb = 1006.86903025854
  Forwards path
    i = 14 ; sf/Sf = 0.517131682616207 ; sf = 586.685605754905
      k =   13 ; sb/Sb = 0 ; sb = 0
      k =   12 ; sb/Sb = 0.345905460272156 ; sb = 348.28149534536
      k =   67 ; sb/Sb = 0.6541800034474 ; sb = 658.673585685612
      Creating new point: f = 0.555434193756035
Tear 5 : Sf = 1902.68952555857 ; Sb = 1857.01987716417
  Forwards path
    i = 285 ; sf/Sf = 0.171164226751096 ; sf = 325.672381389641
      k =   17 ; sb/Sb = 0 ; sb = 0
      k =  319 ; sb/Sb = 0.326235540085862 ; sb = 605.825882576834
      Creating new point: f = 0.524664562009544
    i = 282 ; sf/Sf = 0.342328453502192 ; sf = 651.344762779283
      k =   17 ; sb/Sb = 0 ; sb = 0
      k =  319 ; sb/Sb = 0.326235540085862 ; sb = 605.825882576834
      k =   16 ; sb/Sb = 0.652471080171724 ; sb = 1211.65176515367
      Creating new point: f = 0.0493291240190887
    i = 453 ; sf/Sf = 0.513492680253288 ; sf = 977.017144168924
      k =   17 ; sb/Sb = 0 ; sb = 0
      k =  319 ; sb/Sb = 0.326235540085862 ; sb = 605.825882576834
      k =   16 ; sb/Sb = 0.652471080171724 ; sb = 1211.65176515367
      Creating new point: f = 0.573993686028633
    i = 18 ; sf/Sf = 0.684656907004384 ; sf = 1302.68952555857
      k =   17 ; sb/Sb = 0 ; sb = 0
      k =  319 ; sb/Sb = 0.326235540085862 ; sb = 605.825882576834
      k =   16 ; sb/Sb = 0.652471080171724 ; sb = 1211.65176515367
      k =  461 ; sb/Sb = 0.826235540085862 ; sb = 1534.33582115892
      Creating new point: f = 0.185226753782469
    i = 449 ; sf/Sf = 0.842328453502192 ; sf = 1602.68952555857
      k =   17 ; sb/Sb = 0 ; sb = 0
      k =  319 ; sb/Sb = 0.326235540085862 ; sb = 605.825882576834
      k =   16 ; sb/Sb = 0.652471080171724 ; sb = 1211.65176515367
      k =  461 ; sb/Sb = 0.826235540085862 ; sb = 1534.33582115892
      k =   15 ; sb/Sb = 1 ; sb = 1857.01987716417
      Creating new point: f = 0.0926133768912342
Tear 6 : Sf = 1095.94291516014 ; Sb = 1230.17610806162
  Forwards path
    i = 23 ; sf/Sf = 0.391931574132699 ; sf = 429.534631898291
      k =   22 ; sb/Sb = 0 ; sb = 0
      k =  329 ; sb/Sb = 0.199944931390795 ; sb = 245.967477524977
      k =   21 ; sb/Sb = 0.39988986278159 ; sb = 491.934955049954
      Creating new point: f = 0.960197597440781
    i = 163 ; sf/Sf = 0.695965787066349 ; sf = 762.738773529213
      k =   22 ; sb/Sb = 0 ; sb = 0
      k =  329 ; sb/Sb = 0.199944931390795 ; sb = 245.967477524977
      k =   21 ; sb/Sb = 0.39988986278159 ; sb = 491.934955049954
      k =  437 ; sb/Sb = 0.699944931390795 ; sb = 861.055531555789
      Creating new point: f = 0.986738619871046
Tear 7 : Sf = 547.813836992093 ; Sb = 690
  Forwards path
    i = 419 ; sf/Sf = 0.5 ; sf = 273.906918496047
      k =   28 ; sb/Sb = 0 ; sb = 0
      k =  353 ; sb/Sb = 0.5 ; sb = 345
      k =   27 ; sb/Sb = 1 ; sb = 690
      Creating new point: f = 0
      Point 353 already exists
Tear 8 : Sf = 1131.59179919262 ; Sb = 1002.44700608062
  Forwards path
    i = 151 ; sf/Sf = 0.25 ; sf = 282.897949798156
      k =   32 ; sb/Sb = 0 ; sb = 0
      k =  261 ; sb/Sb = 0.5 ; sb = 501.22350304031
      Creating new point: f = 0.5
    i = 147 ; sf/Sf = 0.5 ; sf = 565.795899596312
      k =   32 ; sb/Sb = 0 ; sb = 0
      k =  261 ; sb/Sb = 0.5 ; sb = 501.22350304031
      k =   31 ; sb/Sb = 1 ; sb = 1002.44700608062
      Creating new point: f = 0
      Point 261 already exists
    i = 153 ; sf/Sf = 0.77377001125083 ; sf = 875.591799192624
      k =   32 ; sb/Sb = 0 ; sb = 0
      k =  261 ; sb/Sb = 0.5 ; sb = 501.22350304031
      k =   31 ; sb/Sb = 1 ; sb = 1002.44700608062
      Creating new point: f = 0.547540022501661
Tear 9 : Sf = 2595.08116056213 ; Sb = 3800.35742534152
  Forwards path
    i = 66 ; sf/Sf = 0.0967590510870202 ; sf = 251.097590589794
      k =   37 ; sb/Sb = 0 ; sb = 0
      k =   36 ; sb/Sb = 0.131092077013907 ; sb = 498.196748283246
      Creating new point: f = 0.738099916417947
    i = 38 ; sf/Sf = 0.19351810217404 ; sf = 502.195181179589
      k =   37 ; sb/Sb = 0 ; sb = 0
      k =   36 ; sb/Sb = 0.131092077013907 ; sb = 498.196748283246
      k =   35 ; sb/Sb = 0.188801680992776 ; sb = 717.513870277859
      k =  108 ; sb/Sb = 0.294054938839715 ; sb = 1117.51387027786
      Creating new point: f = 0.0448102156431378
    i = 39 ; sf/Sf = 0.228199098424849 ; sf = 592.195181179589
      k =   37 ; sb/Sb = 0 ; sb = 0
      k =   36 ; sb/Sb = 0.131092077013907 ; sb = 498.196748283246
      k =   35 ; sb/Sb = 0.188801680992776 ; sb = 717.513870277859
      k =  108 ; sb/Sb = 0.294054938839715 ; sb = 1117.51387027786
      Creating new point: f = 0.374310669693146
    i = 82 ; sf/Sf = 0.328776940339522 ; sf = 853.202843902352
      k =   37 ; sb/Sb = 0 ; sb = 0
      k =   36 ; sb/Sb = 0.131092077013907 ; sb = 498.196748283246
      k =   35 ; sb/Sb = 0.188801680992776 ; sb = 717.513870277859
      k =  108 ; sb/Sb = 0.294054938839715 ; sb = 1117.51387027786
      k =   34 ; sb/Sb = 0.399308196686654 ; sb = 1517.51387027786
      Creating new point: f = 0.32989004055628
    i = 40 ; sf/Sf = 0.429354782254196 ; sf = 1114.21050662512
      k =   37 ; sb/Sb = 0 ; sb = 0
      k =   36 ; sb/Sb = 0.131092077013907 ; sb = 498.196748283246
      k =   35 ; sb/Sb = 0.188801680992776 ; sb = 717.513870277859
      k =  108 ; sb/Sb = 0.294054938839715 ; sb = 1117.51387027786
      k =   34 ; sb/Sb = 0.399308196686654 ; sb = 1517.51387027786
      k =  150 ; sb/Sb = 0.516984916386188 ; sb = 1964.72746577782
      Creating new point: f = 0.255331603772266
    i = 41 ; sf/Sf = 0.59536623157528 ; sf = 1545.02369119588
      k =   37 ; sb/Sb = 0 ; sb = 0
      k =   36 ; sb/Sb = 0.131092077013907 ; sb = 498.196748283246
      k =   35 ; sb/Sb = 0.188801680992776 ; sb = 717.513870277859
      k =  108 ; sb/Sb = 0.294054938839715 ; sb = 1117.51387027786
      k =   34 ; sb/Sb = 0.399308196686654 ; sb = 1517.51387027786
      k =  150 ; sb/Sb = 0.516984916386188 ; sb = 1964.72746577782
      k =   33 ; sb/Sb = 0.634661636085722 ; sb = 2411.94106127778
      Creating new point: f = 0.666073250420509
    i = 76 ; sf/Sf = 0.763002119536831 ; sf = 1980.052425879
      k =   37 ; sb/Sb = 0 ; sb = 0
      k =   36 ; sb/Sb = 0.131092077013907 ; sb = 498.196748283246
      k =   35 ; sb/Sb = 0.188801680992776 ; sb = 717.513870277859
      k =  108 ; sb/Sb = 0.294054938839715 ; sb = 1117.51387027786
      k =   34 ; sb/Sb = 0.399308196686654 ; sb = 1517.51387027786
      k =  150 ; sb/Sb = 0.516984916386188 ; sb = 1964.72746577782
      k =   33 ; sb/Sb = 0.634661636085722 ; sb = 2411.94106127778
      k =   31 ; sb/Sb = 0.634661636085722 ; sb = 2411.94106127778
      k =  414 ; sb/Sb = 0.725996227064292 ; sb = 2759.04515229371
      k =  411 ; sb/Sb = 0.817330818042861 ; sb = 3106.14924330965
      Creating new point: f = 0.405168426070056
    i = 42 ; sf/Sf = 0.930638007498382 ; sf = 2415.08116056213
      k =   37 ; sb/Sb = 0 ; sb = 0
      k =   36 ; sb/Sb = 0.131092077013907 ; sb = 498.196748283246
      k =   35 ; sb/Sb = 0.188801680992776 ; sb = 717.513870277859
      k =  108 ; sb/Sb = 0.294054938839715 ; sb = 1117.51387027786
      k =   34 ; sb/Sb = 0.399308196686654 ; sb = 1517.51387027786
      k =  150 ; sb/Sb = 0.516984916386188 ; sb = 1964.72746577782
      k =   33 ; sb/Sb = 0.634661636085722 ; sb = 2411.94106127778
      k =   31 ; sb/Sb = 0.634661636085722 ; sb = 2411.94106127778
      k =  414 ; sb/Sb = 0.725996227064292 ; sb = 2759.04515229371
      k =  411 ; sb/Sb = 0.817330818042861 ; sb = 3106.14924330965
      k =  421 ; sb/Sb = 0.908665409021431 ; sb = 3453.25333432559
      k =   30 ; sb/Sb = 1 ; sb = 3800.35742534152
      Creating new point: f = 0.240572583087465
Tear 1 : Sf = 986.154146165801 ; Sb = 1210.16527796826
  Backwards path
    i = 306 ; sf/Sf = 0.5 ; sf = 493.0770730829
      k =   48 ; sb/Sb = 0 ; sb = 0
      k =  183 ; sb/Sb = 0.25 ; sb = 302.541319492065
      k =  131 ; sb/Sb = 0.5 ; sb = 605.082638984131
      k =   49 ; sb/Sb = 1 ; sb = 1210.16527796826
      Creating new point: f = 0
      Point 131 already exists
Tear 2 : Sf = 2891.16919023745 ; Sb = 2424.73054428491
  Backwards path
    i = 53 ; sf/Sf = 0.176534810875276 ; sf = 510.392006206994
      k =   54 ; sb/Sb = 0 ; sb = 0
      k =   55 ; sb/Sb = 0.0470227682736349 ; sb = 114.017542509914
      k =  181 ; sb/Sb = 0.197611443566163 ; sb = 479.154503115109
      Creating new point: f = 0.860038394985915
    i = 127 ; sf/Sf = 0.382401108156457 ; sf = 1105.58630221461
      k =   54 ; sb/Sb = 0 ; sb = 0
      k =   55 ; sb/Sb = 0.0470227682736349 ; sb = 114.017542509914
      k =  181 ; sb/Sb = 0.197611443566163 ; sb = 479.154503115109
      k =   56 ; sb/Sb = 0.348200118858692 ; sb = 844.291463720305
      k =  242 ; sb/Sb = 0.4650404712574 ; sb = 1127.59783498647
      Creating new point: f = 0.292715560982367
    i = 81 ; sf/Sf = 0.588267405437638 ; sf = 1700.78059822222
      k =   54 ; sb/Sb = 0 ; sb = 0
      k =   55 ; sb/Sb = 0.0470227682736349 ; sb = 114.017542509914
      k =  181 ; sb/Sb = 0.197611443566163 ; sb = 479.154503115109
      k =   56 ; sb/Sb = 0.348200118858692 ; sb = 844.291463720305
      k =  242 ; sb/Sb = 0.4650404712574 ; sb = 1127.59783498647
      k =  182 ; sb/Sb = 0.581880823656109 ; sb = 1410.90420625263
      k =  410 ; sb/Sb = 0.698721176054818 ; sb = 1694.21057751879
      Creating new point: f = 0.0546607541864945
    i = 88 ; sf/Sf = 0.822909014896513 ; sf = 2379.16919023745
      k =   54 ; sb/Sb = 0 ; sb = 0
      k =   55 ; sb/Sb = 0.0470227682736349 ; sb = 114.017542509914
      k =  181 ; sb/Sb = 0.197611443566163 ; sb = 479.154503115109
      k =   56 ; sb/Sb = 0.348200118858692 ; sb = 844.291463720305
      k =  242 ; sb/Sb = 0.4650404712574 ; sb = 1127.59783498647
      k =  182 ; sb/Sb = 0.581880823656109 ; sb = 1410.90420625263
      k =  410 ; sb/Sb = 0.698721176054818 ; sb = 1694.21057751879
      k =   57 ; sb/Sb = 0.815561528453526 ; sb = 1977.51694878495
      k =   58 ; sb/Sb = 1 ; sb = 2424.73054428491
      Creating new point: f = 0.039837059922371
Tear 3 : Sf = 2432.83436922567 ; Sb = 2883.92194622711
  Backwards path
    i = 62 ; sf/Sf = 0.0584202138186477 ; sf = 142.126704035519
      k =   63 ; sb/Sb = 0 ; sb = 0
      k =    1 ; sb/Sb = 0.178062129500599 ; sb = 513.517283058711
      Creating new point: f = 0.328088931557181
    i = 61 ; sf/Sf = 0.179381502064878 ; sf = 436.405483426762
      k =   63 ; sb/Sb = 0 ; sb = 0
      k =    1 ; sb/Sb = 0.178062129500599 ; sb = 513.517283058711
      k =    2 ; sb/Sb = 0.286445781343422 ; sb = 826.087275220466
      Creating new point: f = 0.0121731694941679
    i = 60 ; sf/Sf = 0.273203854748475 ; sf = 664.659727637029
      k =   63 ; sb/Sb = 0 ; sb = 0
      k =    1 ; sb/Sb = 0.178062129500599 ; sb = 513.517283058711
      k =    2 ; sb/Sb = 0.286445781343422 ; sb = 826.087275220466
      Creating new point: f = 0.877823579757674
    i = 59 ; sf/Sf = 0.434351658576581 ; sf = 1056.70564331528
      k =   63 ; sb/Sb = 0 ; sb = 0
      k =    1 ; sb/Sb = 0.178062129500599 ; sb = 513.517283058711
      k =    2 ; sb/Sb = 0.286445781343422 ; sb = 826.087275220466
      k =    3 ; sb/Sb = 0.359592778741623 ; sb = 1037.03750631776
      k =    4 ; sb/Sb = 0.467141198625588 ; sb = 1347.19875470317
      Creating new point: f = 0.695118346839645
    i = 58 ; sf/Sf = 0.561841327544113 ; sf = 1366.8668917007
      k =   63 ; sb/Sb = 0 ; sb = 0
      k =    1 ; sb/Sb = 0.178062129500599 ; sb = 513.517283058711
      k =    2 ; sb/Sb = 0.286445781343422 ; sb = 826.087275220466
      k =    3 ; sb/Sb = 0.359592778741623 ; sb = 1037.03750631776
      k =    4 ; sb/Sb = 0.467141198625588 ; sb = 1347.19875470317
      k =  110 ; sb/Sb = 0.576793183635287 ; sb = 1663.42652072001
    i = 52 ; sf/Sf = 0.561841327544113 ; sf = 1366.8668917007
      k =   63 ; sb/Sb = 0 ; sb = 0
      k =    1 ; sb/Sb = 0.178062129500599 ; sb = 513.517283058711
      k =    2 ; sb/Sb = 0.286445781343422 ; sb = 826.087275220466
      k =    3 ; sb/Sb = 0.359592778741623 ; sb = 1037.03750631776
      k =    4 ; sb/Sb = 0.467141198625588 ; sb = 1347.19875470317
      k =  110 ; sb/Sb = 0.576793183635287 ; sb = 1663.42652072001
      Creating new point: f = 0.863642631824205
    i = 51 ; sf/Sf = 0.662944584155562 ; sf = 1612.83436922568
      k =   63 ; sb/Sb = 0 ; sb = 0
      k =    1 ; sb/Sb = 0.178062129500599 ; sb = 513.517283058711
      k =    2 ; sb/Sb = 0.286445781343422 ; sb = 826.087275220466
      k =    3 ; sb/Sb = 0.359592778741623 ; sb = 1037.03750631776
      k =    4 ; sb/Sb = 0.467141198625588 ; sb = 1347.19875470317
      k =  110 ; sb/Sb = 0.576793183635287 ; sb = 1663.42652072001
      k =    5 ; sb/Sb = 0.686445168644987 ; sb = 1979.65428673685
      Creating new point: f = 0.785680263906345
    i = 405 ; sf/Sf = 0.831472292077781 ; sf = 2022.83436922568
      k =   63 ; sb/Sb = 0 ; sb = 0
      k =    1 ; sb/Sb = 0.178062129500599 ; sb = 513.517283058711
      k =    2 ; sb/Sb = 0.286445781343422 ; sb = 826.087275220466
      k =    3 ; sb/Sb = 0.359592778741623 ; sb = 1037.03750631776
      k =    4 ; sb/Sb = 0.467141198625588 ; sb = 1347.19875470317
      k =  110 ; sb/Sb = 0.576793183635287 ; sb = 1663.42652072001
      k =    5 ; sb/Sb = 0.686445168644987 ; sb = 1979.65428673685
      k =  118 ; sb/Sb = 0.843222584322494 ; sb = 2431.78811648198
      Creating new point: f = 0.925051116616932
Tear 4 : Sf = 1006.86903025854 ; Sb = 1134.499442747
  Backwards path
    i = 12 ; sf/Sf = 0.345905460272156 ; sf = 348.28149534536
      k =   13 ; sb/Sb = 0 ; sb = 0
      k =   14 ; sb/Sb = 0.517131682616207 ; sb = 586.685605754905
      Creating new point: f = 0.668892415413797
    i = 67 ; sf/Sf = 0.6541800034474 ; sf = 658.673585685612
      k =   13 ; sb/Sb = 0 ; sb = 0
      k =   14 ; sb/Sb = 0.517131682616207 ; sb = 586.685605754905
      k =   15 ; sb/Sb = 1 ; sb = 1134.499442747
      Creating new point: f = 0.283821315040356
    i = 68 ; sf/Sf = 0.78130676586965 ; sf = 786.673585685612
      k =   13 ; sb/Sb = 0 ; sb = 0
      k =   14 ; sb/Sb = 0.517131682616207 ; sb = 586.685605754905
      k =   15 ; sb/Sb = 1 ; sb = 1134.499442747
      Creating new point: f = 0.547095499420542
    i = 11 ; sf/Sf = 0.908433528291902 ; sf = 914.673585685612
      k =   13 ; sb/Sb = 0 ; sb = 0
      k =   14 ; sb/Sb = 0.517131682616207 ; sb = 586.685605754905
      k =   15 ; sb/Sb = 1 ; sb = 1134.499442747
      Creating new point: f = 0.81036968380073
Tear 5 : Sf = 1857.01987716417 ; Sb = 1902.68952555857
  Backwards path
    i = 319 ; sf/Sf = 0.326235540085862 ; sf = 605.825882576834
      k =   17 ; sb/Sb = 0 ; sb = 0
      k =  285 ; sb/Sb = 0.171164226751096 ; sb = 325.672381389641
      k =  282 ; sb/Sb = 0.342328453502192 ; sb = 651.344762779283
      Creating new point: f = 0.905979691423887
    i = 16 ; sf/Sf = 0.652471080171724 ; sf = 1211.65176515367
      k =   17 ; sb/Sb = 0 ; sb = 0
      k =  285 ; sb/Sb = 0.171164226751096 ; sb = 325.672381389641
      k =  282 ; sb/Sb = 0.342328453502192 ; sb = 651.344762779283
      k =  453 ; sb/Sb = 0.513492680253288 ; sb = 977.017144168924
      k =   18 ; sb/Sb = 0.684656907004384 ; sb = 1302.68952555857
      Creating new point: f = 0.811959382847773
    i = 461 ; sf/Sf = 0.826235540085862 ; sf = 1534.33582115892
      k =   17 ; sb/Sb = 0 ; sb = 0
      k =  285 ; sb/Sb = 0.171164226751096 ; sb = 325.672381389641
      k =  282 ; sb/Sb = 0.342328453502192 ; sb = 651.344762779283
      k =  453 ; sb/Sb = 0.513492680253288 ; sb = 977.017144168924
      k =   18 ; sb/Sb = 0.684656907004384 ; sb = 1302.68952555857
      k =  449 ; sb/Sb = 0.842328453502192 ; sb = 1602.68952555857
      Creating new point: f = 0.897933940690095
Tear 6 : Sf = 1230.17610806162 ; Sb = 1095.94291516014
  Backwards path
    i = 329 ; sf/Sf = 0.199944931390795 ; sf = 245.967477524977
      k =   22 ; sb/Sb = 0 ; sb = 0
      k =   23 ; sb/Sb = 0.391931574132699 ; sb = 429.534631898291
      Creating new point: f = 0.51015265058257
    i = 21 ; sf/Sf = 0.39988986278159 ; sf = 491.934955049954
      k =   22 ; sb/Sb = 0 ; sb = 0
      k =   23 ; sb/Sb = 0.391931574132699 ; sb = 429.534631898291
      k =  163 ; sb/Sb = 0.695965787066349 ; sb = 762.738773529213
      Creating new point: f = 0.0261756352092801
    i = 437 ; sf/Sf = 0.699944931390795 ; sf = 861.055531555789
      k =   22 ; sb/Sb = 0 ; sb = 0
      k =   23 ; sb/Sb = 0.391931574132699 ; sb = 429.534631898291
      k =  163 ; sb/Sb = 0.695965787066349 ; sb = 762.738773529213
      k =   24 ; sb/Sb = 1 ; sb = 1095.94291516014
      Creating new point: f = 0.01308781760464
Tear 7 : Sf = 690 ; Sb = 547.813836992093
  Backwards path
    i = 353 ; sf/Sf = 0.5 ; sf = 345
      k =   28 ; sb/Sb = 0 ; sb = 0
      k =  419 ; sb/Sb = 0.5 ; sb = 273.906918496047
      k =   29 ; sb/Sb = 1 ; sb = 547.813836992093
      Creating new point: f = 0
      Point 419 already exists
Tear 8 : Sf = 1002.44700608062 ; Sb = 1131.59179919262
  Backwards path
    i = 261 ; sf/Sf = 0.5 ; sf = 501.22350304031
      k =   32 ; sb/Sb = 0 ; sb = 0
      k =  151 ; sb/Sb = 0.25 ; sb = 282.897949798156
      k =  147 ; sb/Sb = 0.5 ; sb = 565.795899596312
      k =  153 ; sb/Sb = 0.77377001125083 ; sb = 875.591799192624
      Creating new point: f = 0
      Point 147 already exists
Tear 9 : Sf = 3800.35742534152 ; Sb = 2595.08116056213
  Backwards path
    i = 36 ; sf/Sf = 0.131092077013907 ; sf = 498.196748283246
      k =   37 ; sb/Sb = 0 ; sb = 0
      k =   66 ; sb/Sb = 0.0967590510870202 ; sb = 251.097590589794
      k =   38 ; sb/Sb = 0.19351810217404 ; sb = 502.195181179589
      Creating new point: f = 0.354830122259155
    i = 35 ; sf/Sf = 0.188801680992776 ; sf = 717.513870277859
      k =   37 ; sb/Sb = 0 ; sb = 0
      k =   66 ; sb/Sb = 0.0967590510870202 ; sb = 251.097590589794
      k =   38 ; sb/Sb = 0.19351810217404 ; sb = 502.195181179589
      Creating new point: f = 0.951256020720765
    i = 108 ; sf/Sf = 0.294054938839715 ; sf = 1117.51387027786
      k =   37 ; sb/Sb = 0 ; sb = 0
      k =   66 ; sb/Sb = 0.0967590510870202 ; sb = 251.097590589794
      k =   38 ; sb/Sb = 0.19351810217404 ; sb = 502.195181179589
      k =   39 ; sb/Sb = 0.228199098424849 ; sb = 592.195181179589
      k =   82 ; sb/Sb = 0.328776940339522 ; sb = 853.202843902352
      Creating new point: f = 0.654774840672518
    i = 34 ; sf/Sf = 0.399308196686654 ; sf = 1517.51387027786
      k =   37 ; sb/Sb = 0 ; sb = 0
      k =   66 ; sb/Sb = 0.0967590510870202 ; sb = 251.097590589794
      k =   38 ; sb/Sb = 0.19351810217404 ; sb = 502.195181179589
      k =   39 ; sb/Sb = 0.228199098424849 ; sb = 592.195181179589
      k =   82 ; sb/Sb = 0.328776940339522 ; sb = 853.202843902352
      k =   40 ; sb/Sb = 0.429354782254196 ; sb = 1114.21050662512
      Creating new point: f = 0.701260387024091
    i = 150 ; sf/Sf = 0.516984916386188 ; sf = 1964.72746577782
      k =   37 ; sb/Sb = 0 ; sb = 0
      k =   66 ; sb/Sb = 0.0967590510870202 ; sb = 251.097590589794
      k =   38 ; sb/Sb = 0.19351810217404 ; sb = 502.195181179589
      k =   39 ; sb/Sb = 0.228199098424849 ; sb = 592.195181179589
      k =   82 ; sb/Sb = 0.328776940339522 ; sb = 853.202843902352
      k =   40 ; sb/Sb = 0.429354782254196 ; sb = 1114.21050662512
      k =   41 ; sb/Sb = 0.59536623157528 ; sb = 1545.02369119588
      Creating new point: f = 0.527855967105655
    i = 33 ; sf/Sf = 0.634661636085722 ; sf = 2411.94106127778
      k =   37 ; sb/Sb = 0 ; sb = 0
      k =   66 ; sb/Sb = 0.0967590510870202 ; sb = 251.097590589794
      k =   38 ; sb/Sb = 0.19351810217404 ; sb = 502.195181179589
      k =   39 ; sb/Sb = 0.228199098424849 ; sb = 592.195181179589
      k =   82 ; sb/Sb = 0.328776940339522 ; sb = 853.202843902352
      k =   40 ; sb/Sb = 0.429354782254196 ; sb = 1114.21050662512
      k =   41 ; sb/Sb = 0.59536623157528 ; sb = 1545.02369119588
      k =   76 ; sb/Sb = 0.763002119536831 ; sb = 1980.052425879
    i = 31 ; sf/Sf = 0.634661636085722 ; sf = 2411.94106127778
      k =   37 ; sb/Sb = 0 ; sb = 0
      k =   66 ; sb/Sb = 0.0967590510870202 ; sb = 251.097590589794
      k =   38 ; sb/Sb = 0.19351810217404 ; sb = 502.195181179589
      k =   39 ; sb/Sb = 0.228199098424849 ; sb = 592.195181179589
      k =   82 ; sb/Sb = 0.328776940339522 ; sb = 853.202843902352
      k =   40 ; sb/Sb = 0.429354782254196 ; sb = 1114.21050662512
      k =   41 ; sb/Sb = 0.59536623157528 ; sb = 1545.02369119588
      k =   76 ; sb/Sb = 0.763002119536831 ; sb = 1980.052425879
      Creating new point: f = 0.234409260381375
    i = 414 ; sf/Sf = 0.725996227064292 ; sf = 2759.04515229371
      k =   37 ; sb/Sb = 0 ; sb = 0
      k =   66 ; sb/Sb = 0.0967590510870202 ; sb = 251.097590589794
      k =   38 ; sb/Sb = 0.19351810217404 ; sb = 502.195181179589
      k =   39 ; sb/Sb = 0.228199098424849 ; sb = 592.195181179589
      k =   82 ; sb/Sb = 0.328776940339522 ; sb = 853.202843902352
      k =   40 ; sb/Sb = 0.429354782254196 ; sb = 1114.21050662512
      k =   41 ; sb/Sb = 0.59536623157528 ; sb = 1545.02369119588
      k =   76 ; sb/Sb = 0.763002119536831 ; sb = 1980.052425879
      Creating new point: f = 0.779248388143313
    i = 411 ; sf/Sf = 0.817330818042861 ; sf = 3106.14924330965
      k =   37 ; sb/Sb = 0 ; sb = 0
      k =   66 ; sb/Sb = 0.0967590510870202 ; sb = 251.097590589794
      k =   38 ; sb/Sb = 0.19351810217404 ; sb = 502.195181179589
      k =   39 ; sb/Sb = 0.228199098424849 ; sb = 592.195181179589
      k =   82 ; sb/Sb = 0.328776940339522 ; sb = 853.202843902352
      k =   40 ; sb/Sb = 0.429354782254196 ; sb = 1114.21050662512
      k =   41 ; sb/Sb = 0.59536623157528 ; sb = 1545.02369119588
      k =   76 ; sb/Sb = 0.763002119536831 ; sb = 1980.052425879
      k =   42 ; sb/Sb = 0.930638007498382 ; sb = 2415.08116056213
      Creating new point: f = 0.32408751590525
    i = 421 ; sf/Sf = 0.90866540902143 ; sf = 3453.25333432559
      k =   37 ; sb/Sb = 0 ; sb = 0
      k =   66 ; sb/Sb = 0.0967590510870202 ; sb = 251.097590589794
      k =   38 ; sb/Sb = 0.19351810217404 ; sb = 502.195181179589
      k =   39 ; sb/Sb = 0.228199098424849 ; sb = 592.195181179589
      k =   82 ; sb/Sb = 0.328776940339522 ; sb = 853.202843902352
      k =   40 ; sb/Sb = 0.429354782254196 ; sb = 1114.21050662512
      k =   41 ; sb/Sb = 0.59536623157528 ; sb = 1545.02369119588
      k =   76 ; sb/Sb = 0.763002119536831 ; sb = 1980.052425879
      k =   42 ; sb/Sb = 0.930638007498382 ; sb = 2415.08116056213
      Creating new point: f = 0.868926643667188
Triangulating...
[1] "Non-adjacent points in rim connected by line: 65 54"
[1] "In triangle: 615" "In triangle: 620"
[1] "Other points in triangles: 72 463"
[1] "Non-adjacent points in rim connected by line: 480 479"
[1] "In triangle: 598" "In triangle: 601"
[1] "Other points in triangles: 452 59"
[1] "Non-adjacent points in rim connected by line: 499 153"
[1] "In triangle: 70" "In triangle: 73"
[1] "Other points in triangles: 466 33"
[1] "Non-adjacent points in rim connected by line: 524 39"
[1] "In triangle: 111" "In triangle: 208"
[1] "Other points in triangles: 83 38"
Merging points...
Projecting to sphere...
Optimising mapping with FIRE...
E =  0.01117 | E_L =  0.01117 | E_A =  0.00000 |   0 flippped triangles
E =  0.01058 | E_L =  0.01058 | E_A =  0.00000 |  73 flippped triangles
        phi0    phi0.1    phi0.2    phi0.3    phi0.4    phi0.5    phi0.6
id    90.000     98.00  199.0000   200.000  208.0000  434.0000   447.000
A  12522.212  19927.61  432.7319 25800.394  248.0316 1880.1328  1905.959
a  -8478.233 -22046.90 -355.4776 -8296.162 -304.1991 -303.6072 -2016.691
      phi0.7    phi0.8    phi0.9   phi0.10   phi0.11   phi0.12   phi0.13
id  456.0000    457.00    461.00    466.00  467.0000  471.0000  472.0000
A   102.4614  12685.13  16119.41  12760.92 1388.8947  969.1210  129.0978
a  -125.4918 -16910.50 -18075.21 -12417.91 -933.2869 -995.5919 -121.7744
     phi0.14   phi0.15   phi0.16   phi0.17   phi0.18   phi0.19   phi0.20
id    490.00   493.000    497.00    498.00   518.000   527.000    599.00
A   13152.37  8356.431  17961.02  12184.94 27186.460 31357.738  11868.66
a  -12048.97 -3164.908 -13791.48 -10338.63 -4011.937 -4476.872 -16760.41
     phi0.21   phi0.22   phi0.23   phi0.24   phi0.25   phi0.26   phi0.27
id   618.000   621.000    627.00   628.000    629.00   632.000    639.00
A   5414.845 16768.369  13991.01  3447.048  23856.33  4448.589  25695.75
a  -3099.544 -2428.926 -13701.59 -4018.322 -20004.58 -4155.832 -23855.60
     phi0.28   phi0.29   phi0.30   phi0.31   phi0.32   phi0.33  phi0.34
id    641.00    642.00   643.000   666.000   671.000    678.00   679.00
A   11305.74  49072.91  7601.379 21581.401  1100.696  15144.30 14284.14
a  -16526.43 -22276.64 -8695.182 -9627.174 -1414.514 -17060.85 -2307.63
     phi0.35   phi0.36   phi0.37   phi0.38   phi0.39   phi0.40   phi0.41
id   691.000    702.00   718.000    727.00   729.000   732.000   772.000
A   2340.860  20159.61  9202.635  15656.65  4210.115  7167.837  1931.574
a  -2314.451 -14656.87 -6014.717 -13625.36 -4390.443 -8334.813 -1637.543
     phi0.42   phi0.43   phi0.44   phi0.45   phi0.46   phi0.47   phi0.48
id    795.00    799.00    804.00    806.00    809.00    811.00    815.00
A   31067.05  31119.45  37672.34  29141.90  39182.41  24232.73  39734.28
a  -30474.51 -27926.35 -37464.54 -27216.33 -37308.07 -26118.69 -18634.48
      phi0.49   phi0.50   phi0.51   phi0.52   phi0.53   phi0.54   phi0.55
id   819.0000    820.00    822.00    823.00    826.00    831.00    833.00
A  31670.7321  41389.63  31371.07  34373.89  39947.68  30251.92  10333.55
a    -74.7206 -47610.37 -29225.73 -32613.73 -44696.82 -26731.40 -12628.56
     phi0.56  phi0.57   phi0.58   phi0.59  phi0.60   phi0.61   phi0.62
id   838.000  841.000    842.00    846.00   848.00   853.000    858.00
A   7273.757 1262.845  35584.20  36467.25  5020.95  1262.845  15352.10
a  -6934.425 -778.231 -26762.18 -33985.24 -4298.01 -1062.003 -13566.97
     phi0.63   phi0.64   phi0.65   phi0.66    phi0.67   phi0.68   phi0.69
id   859.000   870.000    937.00   939.000    940.000   943.000   944.000
A  29115.567  3114.369  14283.74  9832.452   9843.441  8681.290  6258.896
a  -9900.117 -1179.275 -14869.19 -7937.485 -11228.360 -8218.624 -2564.710
     phi0.70   phi0.71   phi0.72
id   945.000    966.00   971.000
A   5784.910  10074.10  6407.105
a  -6492.266 -14207.66 -7155.643
E =  0.01053 | E_L =  0.01053 | E_A =  0.00000 |  76 flippped triangles
        phi0    phi0.1    phi0.2    phi0.3    phi0.4    phi0.5    phi0.6
id     77.00     90.00     98.00  199.0000    200.00  208.0000  434.0000
A   14356.63  12522.21  19927.61  432.7319  25800.39  248.0316 1880.1328
a  -10826.57 -11195.37 -22840.38 -375.1131 -15762.74 -339.2613 -118.7593
      phi0.7    phi0.8    phi0.9   phi0.10   phi0.11   phi0.12   phi0.13
id   447.000  456.0000    457.00    461.00    466.00  467.0000  471.0000
A   1905.959  102.4614  12685.13  16119.41  12760.92 1388.8947  969.1210
a  -1711.659 -105.3946 -17319.43 -18395.67 -11277.62 -806.6421 -987.3242
     phi0.14   phi0.15   phi0.16   phi0.17   phi0.18   phi0.19   phi0.20
id  472.0000    490.00   493.000    497.00    498.00    518.00    522.00
A   129.0978  13152.37  8356.431  17961.02  12184.94  27186.46  30728.41
a  -115.0380 -10910.80 -2323.929 -17797.43 -11390.89 -21074.01 -30427.05
     phi0.21   phi0.22   phi0.23   phi0.24   phi0.25   phi0.26   phi0.27
id    527.00    599.00   612.000   618.000   621.000    627.00   628.000
A   31357.74  11868.66  6368.720  5414.845 16768.369  13991.01  3447.048
a  -29334.96 -17643.68 -5007.085 -2422.141 -5171.794 -13328.59 -4194.041
     phi0.28   phi0.29   phi0.30   phi0.31   phi0.32   phi0.33   phi0.34
id   629.000   632.000   633.000    639.00    641.00    642.00   643.000
A  23856.326  4448.589 39098.281  25695.75  11305.74  49072.91  7601.379
a  -8496.365 -4262.213 -2850.492 -21224.42 -16465.84 -26333.24 -8888.903
     phi0.35   phi0.36   phi0.37   phi0.38   phi0.39   phi0.40   phi0.41
id    666.00   671.000    678.00    679.00   691.000   702.000   718.000
A   21581.40  1100.696  15144.30  14284.14  2340.860 20159.606  9202.635
a  -10874.16 -1428.582 -17803.94 -11012.86 -2258.567 -9885.385 -2047.207
     phi0.42   phi0.43   phi0.44   phi0.45   phi0.46   phi0.47   phi0.48
id    727.00   729.000   732.000   772.000    795.00    799.00    804.00
A   15656.65  4210.115  7167.837  1931.574  31067.05  31119.45  37672.34
a  -15390.87 -4708.024 -8246.871 -1494.104 -28357.16 -19907.76 -29015.15
     phi0.49   phi0.50   phi0.51  phi0.52   phi0.53   phi0.54   phi0.55
id    806.00    809.00    811.00   815.00    820.00    822.00    823.00
A   29141.90  39182.41  24232.73 39734.28  41389.63  31371.07  34373.89
a  -18844.58 -32452.63 -18688.59 -5528.71 -45028.73 -30058.97 -29757.09
     phi0.56   phi0.57   phi0.58   phi0.59   phi0.60   phi0.61   phi0.62
id    826.00    831.00    833.00   838.000  841.0000    842.00    846.00
A   39947.68  30251.92  10333.55  7273.757 1262.8450  35584.20  36467.25
a  -41691.72 -18569.38 -11812.31 -8157.944 -947.5702 -24222.35 -37752.67
     phi0.63   phi0.64  phi0.65   phi0.66   phi0.67   phi0.68   phi0.69
id   848.000   853.000    858.0   859.000  870.0000    937.00   939.000
A   5020.950  1262.845  15352.1 29115.567 3114.3694  14283.74  9832.452
a  -3524.251 -1113.450 -13889.3 -6415.737 -362.5558 -14981.32 -8412.609
      phi0.70   phi0.71    phi0.72   phi0.73   phi0.74   phi0.75
id    940.000   943.000  944.00000   945.000    966.00   971.000
A    9843.441  8681.290 6258.89605  5784.910  10074.10  6407.105
a  -10914.502 -8774.804  -18.06149 -6315.823 -13368.52 -6786.302
FIRE:  7  stops.  27 hits of maxmove.  0 hits of dtmax.
Frms = 8.49634983258029e-06; Ftanrms = 8.49495075278933e-06
E =  0.01583 | E_L =  0.01581 | E_A =  0.00002 |   0 flippped triangles
E =  0.01434 | E_L =  0.01432 | E_A =  0.00002 |   0 flippped triangles
E =  0.01376 | E_L =  0.01376 | E_A =  0.00001 |   0 flippped triangles
E =  0.01341 | E_L =  0.01339 | E_A =  0.00002 |   0 flippped triangles
E =  0.01310 | E_L =  0.01305 | E_A =  0.00005 |   0 flippped triangles
E =  0.01269 | E_L =  0.01269 | E_A =  0.00000 |   0 flippped triangles
E =  0.01232 | E_L =  0.01232 | E_A =  0.00000 |   0 flippped triangles
E =  0.01203 | E_L =  0.01203 | E_A =  0.00000 |   0 flippped triangles
E =  0.01189 | E_L =  0.01189 | E_A =  0.00000 |   0 flippped triangles
E =  0.01186 | E_L =  0.01186 | E_A =  0.00000 |   0 flippped triangles
E =  0.01173 | E_L =  0.01173 | E_A =  0.00000 |   0 flippped triangles
E =  0.01165 | E_L =  0.01165 | E_A =  0.00000 |   0 flippped triangles
E =  0.01164 | E_L =  0.01164 | E_A =  0.00000 |   0 flippped triangles
E =  0.01164 | E_L =  0.01164 | E_A =  0.00000 |   0 flippped triangles
Optimising mapping with BFGS...
E =  0.01164 | E_L =  0.01164 | E_A =  0.00000 |   0 flippped triangles
Transforming image...
Mapping optimised. Error: 0.011636 ; 0 flipped triangles.
Inferring coordinates of datapoints
Inferring coordinates of landmarks
Mapping optimised. Error: 0.011636 ; 0 flipped triangles. OD displacement: 16.12604 degrees.
Computing Kernel Density estimates of datapoints

[1] 0.725
Saving adult_retina/data/nAChR-B2/GMB613/R-CONTRA/r.mat
