[1] "Adding old segment 1"
[1] "Intersection found. Old points:"
    X     Y 
 1900 -1071 
    X     Y 
 1850 -1161 
    X     Y 
 1850 -1161 
    X     Y 
 1900 -1251 
[1] "Point i+1 has been changed:"
    X     Y 
 1900 -1071 
    X     Y 
 1850 -1161 
    X     Y 
 1850 -1161 
    X     Y 
 1900 -1251 
[1] "a= 0.485642931178632"
[1] "l= 102.95630140987"
[1] "New points:"
    X     Y 
 1900 -1071 
    X     Y 
 1850 -1161 
        X         Y 
 1875.718 -1207.292 
    X     Y 
 1900 -1251 
[1] "Storing new segment 1"
[1] "Adding old segment 2"
[1] "Adding old segment 3"
[1] "Adding old segment 4"
[1] "Adding old segment 5"
[1] "Intersection found. Old points:"
    X     Y 
 5280 -2581 
    X     Y 
 4850 -1941 
    X     Y 
 4850 -1941 
    X     Y 
 4080 -1251 
[1] "Point i+1 has been changed:"
    X     Y 
 5280 -2581 
    X     Y 
 4850 -1941 
    X     Y 
 4850 -1941 
    X     Y 
 4080 -1251 
[1] "a= 0.04835942759799"
[1] "l= 1033.92456204503"
[1] "New points:"
    X     Y 
 5280 -2581 
    X     Y 
 4850 -1941 
        X         Y 
 4117.237 -1284.368 
    X     Y 
 4080 -1251 
[1] "Storing new segment 2"
simplify.outline: Removing vertex 29
Triangulating...
[1] "Non-adjacent points in rim connected by line: 55 43"
[1] "In triangle: 49" "In triangle: 70"
[1] "Other points in triangles: 42 56"
Stitching...
Tear 1 child of rim
Tear 2 child of rim
Tear 3 child of rim
Tear 4 child of rim
Tear 1 : Sf = 1826.0192874941 ; Sb = 1875.68477713781
  Forwards path
    i = 432 ; sf/Sf = 0.274435073411726 ; sf = 501.123737214672
      k =   25 ; sb/Sb = 0 ; sb = 0
      k =  388 ; sb/Sb = 0.198410674253302 ; sb = 372.155881318568
      k =   24 ; sb/Sb = 0.396821348506603 ; sb = 744.311762637136
      Creating new point: f = 0.383166880736304
    i = 26 ; sf/Sf = 0.548870146823452 ; sf = 1002.24747442934
      k =   25 ; sb/Sb = 0 ; sb = 0
      k =  388 ; sb/Sb = 0.198410674253302 ; sb = 372.155881318568
      k =   24 ; sb/Sb = 0.396821348506603 ; sb = 744.311762637136
      k =  384 ; sb/Sb = 0.557935981630817 ; sb = 1046.51202736237
      Creating new point: f = 0.943730531289636
    i = 440 ; sf/Sf = 0.774435073411726 ; sf = 1414.13338096172
      k =   25 ; sb/Sb = 0 ; sb = 0
      k =  388 ; sb/Sb = 0.198410674253302 ; sb = 372.155881318568
      k =   24 ; sb/Sb = 0.396821348506603 ; sb = 744.311762637136
      k =  384 ; sb/Sb = 0.557935981630817 ; sb = 1046.51202736237
      k =   23 ; sb/Sb = 0.719050614755031 ; sb = 1348.7122920876
      k =   22 ; sb/Sb = 1 ; sb = 1875.68477713781
      Creating new point: f = 0.197133226002271
Tear 2 : Sf = 1446.37121180411 ; Sb = 1527.3388773069
  Forwards path
    i = 17 ; sf/Sf = 0.459082016167294 ; sf = 664.003012041361
      k =   16 ; sb/Sb = 0 ; sb = 0
      k =   15 ; sb/Sb = 0.229530569847938 ; sb = 350.570962859162
      k =  131 ; sb/Sb = 0.413905210597681 ; sb = 632.173519665737
      k =   14 ; sb/Sb = 0.598279851347424 ; sb = 913.776076472311
      Creating new point: f = 0.245027219502125
    i = 207 ; sf/Sf = 0.729541008083647 ; sf = 1055.18711192273
      k =   16 ; sb/Sb = 0 ; sb = 0
      k =   15 ; sb/Sb = 0.229530569847938 ; sb = 350.570962859162
      k =  131 ; sb/Sb = 0.413905210597681 ; sb = 632.173519665737
      k =   14 ; sb/Sb = 0.598279851347424 ; sb = 913.776076472311
      k =   13 ; sb/Sb = 0.885468405574927 ; sb = 1352.41032046154
      Creating new point: f = 0.457055668842016
Tear 3 : Sf = 2911.2450166703 ; Sb = 3315.47677695185
  Forwards path
    i = 6 ; sf/Sf = 0.178254055169392 ; sf = 518.941229813165
      k =    5 ; sb/Sb = 0 ; sb = 0
      k =    4 ; sb/Sb = 0.0693716214810755 ; sb = 230
      k =    3 ; sb/Sb = 0.193474681134265 ; sb = 641.46081222882
      Creating new point: f = 0.877354949931069
    i = 216 ; sf/Sf = 0.375113327279596 ; sf = 1092.04680472934
      k =    5 ; sb/Sb = 0 ; sb = 0
      k =    4 ; sb/Sb = 0.0693716214810755 ; sb = 230
      k =    3 ; sb/Sb = 0.193474681134265 ; sb = 641.46081222882
      k =   62 ; sb/Sb = 0.286353233004673 ; sb = 949.397494032076
      k =    2 ; sb/Sb = 0.379231784875081 ; sb = 1257.33417583533
      Creating new point: f = 0.955657603262039
    i = 297 ; sf/Sf = 0.473542963334699 ; sf = 1378.59959218743
      k =    5 ; sb/Sb = 0 ; sb = 0
      k =    4 ; sb/Sb = 0.0693716214810755 ; sb = 230
      k =    3 ; sb/Sb = 0.193474681134265 ; sb = 641.46081222882
      k =   62 ; sb/Sb = 0.286353233004673 ; sb = 949.397494032076
      k =    2 ; sb/Sb = 0.379231784875081 ; sb = 1257.33417583533
      k =    1 ; sb/Sb = 0.394312572153576 ; sb = 1307.33417583533
      k =   61 ; sb/Sb = 0.542696142336447 ; sb = 1799.29645685785
      Creating new point: f = 0.533956630666574
    i = 7 ; sf/Sf = 0.571972599389801 ; sf = 1665.15237964552
      k =    5 ; sb/Sb = 0 ; sb = 0
      k =    4 ; sb/Sb = 0.0693716214810755 ; sb = 230
      k =    3 ; sb/Sb = 0.193474681134265 ; sb = 641.46081222882
      k =   62 ; sb/Sb = 0.286353233004673 ; sb = 949.397494032076
      k =    2 ; sb/Sb = 0.379231784875081 ; sb = 1257.33417583533
      k =    1 ; sb/Sb = 0.394312572153576 ; sb = 1307.33417583533
      k =   61 ; sb/Sb = 0.542696142336447 ; sb = 1799.29645685785
      k =   50 ; sb/Sb = 0.691079712519317 ; sb = 2291.25873788036
      Creating new point: f = 0.197302551874669
    i = 8 ; sf/Sf = 0.766283082262257 ; sf = 2230.83780459475
      k =    5 ; sb/Sb = 0 ; sb = 0
      k =    4 ; sb/Sb = 0.0693716214810755 ; sb = 230
      k =    3 ; sb/Sb = 0.193474681134265 ; sb = 641.46081222882
      k =   62 ; sb/Sb = 0.286353233004673 ; sb = 949.397494032076
      k =    2 ; sb/Sb = 0.379231784875081 ; sb = 1257.33417583533
      k =    1 ; sb/Sb = 0.394312572153576 ; sb = 1307.33417583533
      k =   61 ; sb/Sb = 0.542696142336447 ; sb = 1799.29645685785
      k =   50 ; sb/Sb = 0.691079712519317 ; sb = 2291.25873788036
      k =   49 ; sb/Sb = 0.923636992488239 ; sb = 3062.29699892841
      Creating new point: f = 0.323375685134389
    i = 9 ; sf/Sf = 0.937790291876605 ; sf = 2730.13731390755
      k =    5 ; sb/Sb = 0 ; sb = 0
      k =    4 ; sb/Sb = 0.0693716214810755 ; sb = 230
      k =    3 ; sb/Sb = 0.193474681134265 ; sb = 641.46081222882
      k =   62 ; sb/Sb = 0.286353233004673 ; sb = 949.397494032076
      k =    2 ; sb/Sb = 0.379231784875081 ; sb = 1257.33417583533
      k =    1 ; sb/Sb = 0.394312572153576 ; sb = 1307.33417583533
      k =   61 ; sb/Sb = 0.542696142336447 ; sb = 1799.29645685785
      k =   50 ; sb/Sb = 0.691079712519317 ; sb = 2291.25873788036
      k =   49 ; sb/Sb = 0.923636992488239 ; sb = 3062.29699892841
      k =   48 ; sb/Sb = 1 ; sb = 3315.47677695185
      Creating new point: f = 0.185342351611621
Tear 4 : Sf = 2069.05465726898 ; Sb = 2133.12606848834
  Forwards path
    i = 37 ; sf/Sf = 0.0875316184260686 ; sf = 181.107702762748
      k =   36 ; sb/Sb = 0 ; sb = 0
      k =   35 ; sb/Sb = 0.136273632097596 ; sb = 290.688837074973
      Creating new point: f = 0.642322488061228
    i = 136 ; sf/Sf = 0.308167881860064 ; sf = 637.616191183281
      k =   36 ; sb/Sb = 0 ; sb = 0
      k =   35 ; sb/Sb = 0.136273632097596 ; sb = 290.688837074973
      k =   34 ; sb/Sb = 0.3352772033383 ; sb = 715.188542610795
      Creating new point: f = 0.863774698568366
    i = 38 ; sf/Sf = 0.528804145294059 ; sf = 1094.12467960381
      k =   36 ; sb/Sb = 0 ; sb = 0
      k =   35 ; sb/Sb = 0.136273632097596 ; sb = 290.688837074973
      k =   34 ; sb/Sb = 0.3352772033383 ; sb = 715.188542610795
      k =  236 ; sb/Sb = 0.444542775523308 ; sb = 948.265783026929
      k =   33 ; sb/Sb = 0.553808347708315 ; sb = 1181.34302344306
      Creating new point: f = 0.771161200053766
    i = 126 ; sf/Sf = 0.706203539628639 ; sf = 1461.17372264847
      k =   36 ; sb/Sb = 0 ; sb = 0
      k =   35 ; sb/Sb = 0.136273632097596 ; sb = 290.688837074973
      k =   34 ; sb/Sb = 0.3352772033383 ; sb = 715.188542610795
      k =  236 ; sb/Sb = 0.444542775523308 ; sb = 948.265783026929
      k =   33 ; sb/Sb = 0.553808347708315 ; sb = 1181.34302344306
      k =  103 ; sb/Sb = 0.679008358700038 ; sb = 1448.41043066453
      k =   32 ; sb/Sb = 0.804208369691762 ; sb = 1715.47783788601
      Creating new point: f = 0.21721388611059
    i = 39 ; sf/Sf = 0.88360293396322 ; sf = 1828.22276569313
      k =   36 ; sb/Sb = 0 ; sb = 0
      k =   35 ; sb/Sb = 0.136273632097596 ; sb = 290.688837074973
      k =   34 ; sb/Sb = 0.3352772033383 ; sb = 715.188542610795
      k =  236 ; sb/Sb = 0.444542775523308 ; sb = 948.265783026929
      k =   33 ; sb/Sb = 0.553808347708315 ; sb = 1181.34302344306
      k =  103 ; sb/Sb = 0.679008358700038 ; sb = 1448.41043066453
      k =   32 ; sb/Sb = 0.804208369691762 ; sb = 1715.47783788601
      k =   31 ; sb/Sb = 0.930783167116341 ; sb = 1985.47783788601
      Creating new point: f = 0.627254128680439
Tear 1 : Sf = 1875.68477713781 ; Sb = 1826.0192874941
  Backwards path
    i = 388 ; sf/Sf = 0.198410674253302 ; sf = 372.155881318568
      k =   25 ; sb/Sb = 0 ; sb = 0
      k =  432 ; sb/Sb = 0.274435073411726 ; sb = 501.123737214672
      Creating new point: f = 0.722978560235384
    i = 24 ; sf/Sf = 0.396821348506603 ; sf = 744.311762637136
      k =   25 ; sb/Sb = 0 ; sb = 0
      k =  432 ; sb/Sb = 0.274435073411726 ; sb = 501.123737214672
      k =   26 ; sb/Sb = 0.548870146823452 ; sb = 1002.24747442934
      Creating new point: f = 0.445957120470768
    i = 384 ; sf/Sf = 0.557935981630817 ; sf = 1046.51202736237
      k =   25 ; sb/Sb = 0 ; sb = 0
      k =  432 ; sb/Sb = 0.274435073411726 ; sb = 501.123737214672
      k =   26 ; sb/Sb = 0.548870146823452 ; sb = 1002.24747442934
      k =  440 ; sb/Sb = 0.774435073411726 ; sb = 1414.13338096172
      Creating new point: f = 0.0401916864668976
    i = 23 ; sf/Sf = 0.719050614755031 ; sf = 1348.7122920876
      k =   25 ; sb/Sb = 0 ; sb = 0
      k =  432 ; sb/Sb = 0.274435073411726 ; sb = 501.123737214672
      k =   26 ; sb/Sb = 0.548870146823452 ; sb = 1002.24747442934
      k =  440 ; sb/Sb = 0.774435073411726 ; sb = 1414.13338096172
      Creating new point: f = 0.754463340137142
Tear 2 : Sf = 1527.3388773069 ; Sb = 1446.37121180411
  Backwards path
    i = 15 ; sf/Sf = 0.229530569847938 ; sf = 350.570962859162
      k =   16 ; sb/Sb = 0 ; sb = 0
      k =   17 ; sb/Sb = 0.459082016167294 ; sb = 664.003012041361
      Creating new point: f = 0.499977262808516
    i = 131 ; sf/Sf = 0.413905210597681 ; sf = 632.173519665737
      k =   16 ; sb/Sb = 0 ; sb = 0
      k =   17 ; sb/Sb = 0.459082016167294 ; sb = 664.003012041361
      Creating new point: f = 0.901593170765483
    i = 14 ; sf/Sf = 0.598279851347424 ; sf = 913.776076472311
      k =   16 ; sb/Sb = 0 ; sb = 0
      k =   17 ; sb/Sb = 0.459082016167294 ; sb = 664.003012041361
      k =  207 ; sb/Sb = 0.729541008083647 ; sb = 1055.18711192273
      Creating new point: f = 0.514672609676741
    i = 13 ; sf/Sf = 0.885468405574927 ; sf = 1352.41032046154
      k =   16 ; sb/Sb = 0 ; sb = 0
      k =   17 ; sb/Sb = 0.459082016167294 ; sb = 664.003012041361
      k =  207 ; sb/Sb = 0.729541008083647 ; sb = 1055.18711192273
      k =   18 ; sb/Sb = 1 ; sb = 1446.37121180411
      Creating new point: f = 0.576528797901848
Tear 3 : Sf = 3315.47677695185 ; Sb = 2911.2450166703
  Backwards path
    i = 4 ; sf/Sf = 0.0693716214810755 ; sf = 230
      k =    5 ; sb/Sb = 0 ; sb = 0
      k =    6 ; sb/Sb = 0.178254055169392 ; sb = 518.941229813165
      Creating new point: f = 0.389172753546351
    i = 3 ; sf/Sf = 0.193474681134265 ; sf = 641.46081222882
      k =    5 ; sb/Sb = 0 ; sb = 0
      k =    6 ; sb/Sb = 0.178254055169392 ; sb = 518.941229813165
      k =  216 ; sb/Sb = 0.375113327279596 ; sb = 1092.04680472934
      Creating new point: f = 0.0773172927122892
    i = 62 ; sf/Sf = 0.286353233004673 ; sf = 949.397494032076
      k =    5 ; sb/Sb = 0 ; sb = 0
      k =    6 ; sb/Sb = 0.178254055169392 ; sb = 518.941229813165
      k =  216 ; sb/Sb = 0.375113327279596 ; sb = 1092.04680472934
      Creating new point: f = 0.549119056859896
    i = 2 ; sf/Sf = 0.379231784875081 ; sf = 1257.33417583533
      k =    5 ; sb/Sb = 0 ; sb = 0
      k =    6 ; sb/Sb = 0.178254055169392 ; sb = 518.941229813165
      k =  216 ; sb/Sb = 0.375113327279596 ; sb = 1092.04680472934
      k =  297 ; sb/Sb = 0.473542963334699 ; sb = 1378.59959218743
      Creating new point: f = 0.041841642015005
    i = 1 ; sf/Sf = 0.394312572153576 ; sf = 1307.33417583533
      k =    5 ; sb/Sb = 0 ; sb = 0
      k =    6 ; sb/Sb = 0.178254055169392 ; sb = 518.941229813165
      k =  216 ; sb/Sb = 0.375113327279596 ; sb = 1092.04680472934
      k =  297 ; sb/Sb = 0.473542963334699 ; sb = 1378.59959218743
      Creating new point: f = 0.19505553046271
    i = 61 ; sf/Sf = 0.542696142336447 ; sf = 1799.29645685785
      k =    5 ; sb/Sb = 0 ; sb = 0
      k =    6 ; sb/Sb = 0.178254055169392 ; sb = 518.941229813165
      k =  216 ; sb/Sb = 0.375113327279596 ; sb = 1092.04680472934
      k =  297 ; sb/Sb = 0.473542963334699 ; sb = 1378.59959218743
      k =    7 ; sb/Sb = 0.571972599389801 ; sb = 1665.15237964552
      Creating new point: f = 0.702564611363948
    i = 50 ; sf/Sf = 0.691079712519317 ; sf = 2291.25873788036
      k =    5 ; sb/Sb = 0 ; sb = 0
      k =    6 ; sb/Sb = 0.178254055169392 ; sb = 518.941229813165
      k =  216 ; sb/Sb = 0.375113327279596 ; sb = 1092.04680472934
      k =  297 ; sb/Sb = 0.473542963334699 ; sb = 1378.59959218743
      k =    7 ; sb/Sb = 0.571972599389801 ; sb = 1665.15237964552
      k =    8 ; sb/Sb = 0.766283082262257 ; sb = 2230.83780459475
      Creating new point: f = 0.6129731724649
    i = 49 ; sf/Sf = 0.923636992488239 ; sf = 3062.29699892841
      k =    5 ; sb/Sb = 0 ; sb = 0
      k =    6 ; sb/Sb = 0.178254055169392 ; sb = 518.941229813165
      k =  216 ; sb/Sb = 0.375113327279596 ; sb = 1092.04680472934
      k =  297 ; sb/Sb = 0.473542963334699 ; sb = 1378.59959218743
      k =    7 ; sb/Sb = 0.571972599389801 ; sb = 1665.15237964552
      k =    8 ; sb/Sb = 0.766283082262257 ; sb = 2230.83780459475
      k =    9 ; sb/Sb = 0.937790291876605 ; sb = 2730.13731390755
      Creating new point: f = 0.917476942105284
Tear 4 : Sf = 2133.12606848834 ; Sb = 2069.05465726898
  Backwards path
    i = 35 ; sf/Sf = 0.136273632097596 ; sf = 290.688837074973
      k =   36 ; sb/Sb = 0 ; sb = 0
      k =   37 ; sb/Sb = 0.0875316184260686 ; sb = 181.107702762748
      k =  136 ; sb/Sb = 0.308167881860064 ; sb = 637.616191183281
      Creating new point: f = 0.220915695873853
    i = 34 ; sf/Sf = 0.3352772033383 ; sf = 715.188542610795
      k =   36 ; sb/Sb = 0 ; sb = 0
      k =   37 ; sb/Sb = 0.0875316184260686 ; sb = 181.107702762748
      k =  136 ; sb/Sb = 0.308167881860064 ; sb = 637.616191183281
      k =   38 ; sb/Sb = 0.528804145294059 ; sb = 1094.12467960381
      Creating new point: f = 0.122868838767959
    i = 236 ; sf/Sf = 0.444542775523308 ; sf = 948.265783026929
      k =   36 ; sb/Sb = 0 ; sb = 0
      k =   37 ; sb/Sb = 0.0875316184260686 ; sb = 181.107702762748
      k =  136 ; sb/Sb = 0.308167881860064 ; sb = 637.616191183281
      k =   38 ; sb/Sb = 0.528804145294059 ; sb = 1094.12467960381
      Creating new point: f = 0.61809827423968
    i = 33 ; sf/Sf = 0.553808347708315 ; sf = 1181.34302344306
      k =   36 ; sb/Sb = 0 ; sb = 0
      k =   37 ; sb/Sb = 0.0875316184260686 ; sb = 181.107702762748
      k =  136 ; sb/Sb = 0.308167881860064 ; sb = 637.616191183281
      k =   38 ; sb/Sb = 0.528804145294059 ; sb = 1094.12467960381
      k =  126 ; sb/Sb = 0.706203539628639 ; sb = 1461.17372264847
      Creating new point: f = 0.140948634622151
    i = 103 ; sf/Sf = 0.679008358700038 ; sf = 1448.41043066453
      k =   36 ; sb/Sb = 0 ; sb = 0
      k =   37 ; sb/Sb = 0.0875316184260686 ; sb = 181.107702762748
      k =  136 ; sb/Sb = 0.308167881860064 ; sb = 637.616191183281
      k =   38 ; sb/Sb = 0.528804145294059 ; sb = 1094.12467960381
      k =  126 ; sb/Sb = 0.706203539628639 ; sb = 1461.17372264847
      Creating new point: f = 0.846700824258114
    i = 32 ; sf/Sf = 0.804208369691762 ; sf = 1715.47783788601
      k =   36 ; sb/Sb = 0 ; sb = 0
      k =   37 ; sb/Sb = 0.0875316184260686 ; sb = 181.107702762748
      k =  136 ; sb/Sb = 0.308167881860064 ; sb = 637.616191183281
      k =   38 ; sb/Sb = 0.528804145294059 ; sb = 1094.12467960381
      k =  126 ; sb/Sb = 0.706203539628639 ; sb = 1461.17372264847
      k =   39 ; sb/Sb = 0.88360293396322 ; sb = 1828.22276569313
      Creating new point: f = 0.552453013894078
    i = 31 ; sf/Sf = 0.930783167116341 ; sf = 1985.47783788601
      k =   36 ; sb/Sb = 0 ; sb = 0
      k =   37 ; sb/Sb = 0.0875316184260686 ; sb = 181.107702762748
      k =  136 ; sb/Sb = 0.308167881860064 ; sb = 637.616191183281
      k =   38 ; sb/Sb = 0.528804145294059 ; sb = 1094.12467960381
      k =  126 ; sb/Sb = 0.706203539628639 ; sb = 1461.17372264847
      k =   39 ; sb/Sb = 0.88360293396322 ; sb = 1828.22276569313
      k =   40 ; sb/Sb = 1 ; sb = 2069.05465726898
      Creating new point: f = 0.405338680428705
Triangulating...
Merging points...
Projecting to sphere...
Optimising mapping with FIRE...
E =  0.00302 | E_L =  0.00302 | E_A =  0.00000 |   0 flippped triangles
E =  0.00274 | E_L =  0.00274 | E_A =  0.00000 |  14 flippped triangles
        phi0    phi0.1    phi0.2    phi0.3    phi0.4    phi0.5    phi0.6
id   108.000   112.000   130.000   148.000   477.000   478.000  479.0000
A   3811.762  9476.055  1615.181  4237.660  1274.897  1417.860  536.0813
a  -3272.570 -1378.464 -1830.346 -3969.148 -1265.907 -1025.909 -392.8516
      phi0.7    phi0.8    phi0.9   phi0.10   phi0.11   phi0.12   phi0.13
id  482.0000  483.0000   488.000  496.0000  786.0000  818.0000  828.0000
A   265.8126  481.3782  1064.649  474.5830  380.0821  251.1343  193.6295
a  -223.3336 -525.7059 -1073.965 -478.0675 -154.5012 -227.0548 -193.5047
E =  0.00270 | E_L =  0.00270 | E_A =  0.00000 |  14 flippped triangles
        phi0    phi0.1    phi0.2    phi0.3    phi0.4    phi0.5    phi0.6
id   108.000   112.000   130.000   148.000   477.000   478.000  479.0000
A   3811.762  9476.055  1615.181  4237.660  1274.897  1417.860  536.0813
a  -3375.028 -2188.406 -1890.300 -4044.212 -1247.843 -1124.001 -330.8078
      phi0.7    phi0.8    phi0.9   phi0.10   phi0.11   phi0.12   phi0.13
id  482.0000  483.0000   488.000  496.0000  786.0000  818.0000  828.0000
A   265.8126  481.3782  1064.649  474.5830  380.0821  251.1343  193.6295
a  -213.4792 -438.5999 -1126.255 -461.8414 -216.5609 -233.1392 -203.7719
E =  0.00268 | E_L =  0.00268 | E_A =  0.00000 |  14 flippped triangles
        phi0    phi0.1    phi0.2    phi0.3    phi0.4    phi0.5    phi0.6
id   108.000   112.000   130.000   148.000   477.000   478.000  479.0000
A   3811.762  9476.055  1615.181  4237.660  1274.897  1417.860  536.0813
a  -3369.299 -2238.051 -1891.478 -4025.621 -1267.987 -1097.837 -348.1184
      phi0.7    phi0.8    phi0.9   phi0.10   phi0.11   phi0.12   phi0.13
id  482.0000  483.0000   488.000  496.0000  786.0000  818.0000  828.0000
A   265.8126  481.3782  1064.649  474.5830  380.0821  251.1343  193.6295
a  -211.9774 -476.6972 -1125.525 -467.4195 -183.3001 -237.0243 -207.1616
E =  0.00267 | E_L =  0.00267 | E_A =  0.00000 |  14 flippped triangles
        phi0    phi0.1    phi0.2    phi0.3    phi0.4    phi0.5    phi0.6
id   108.000   112.000   130.000   148.000   477.000   478.000  479.0000
A   3811.762  9476.055  1615.181  4237.660  1274.897  1417.860  536.0813
a  -3406.119 -2217.695 -1896.721 -4057.601 -1254.933 -1122.144 -334.7655
      phi0.7    phi0.8    phi0.9   phi0.10   phi0.11   phi0.12   phi0.13
id  482.0000  483.0000   488.000  496.0000  786.0000  818.0000  828.0000
A   265.8126  481.3782  1064.649  474.5830  380.0821  251.1343  193.6295
a  -213.6467 -446.4029 -1131.358 -462.9319 -213.8451 -234.9600 -205.6384
E =  0.00267 | E_L =  0.00267 | E_A =  0.00000 |  14 flippped triangles
        phi0    phi0.1    phi0.2    phi0.3    phi0.4    phi0.5    phi0.6
id   108.000   112.000   130.000   148.000   477.000   478.000  479.0000
A   3811.762  9476.055  1615.181  4237.660  1274.897  1417.860  536.0813
a  -3396.191 -2208.891 -1904.891 -4042.007 -1258.802 -1123.428 -337.4342
      phi0.7    phi0.8    phi0.9   phi0.10   phi0.11   phi0.12   phi0.13
id  482.0000  483.0000   488.000  496.0000  786.0000  818.0000  828.0000
A   265.8126  481.3782  1064.649  474.5830  380.0821  251.1343  193.6295
a  -213.4845 -450.9403 -1131.076 -464.1257 -208.9457 -232.4648 -205.9957
E =  0.00266 | E_L =  0.00266 | E_A =  0.00000 |  14 flippped triangles
        phi0    phi0.1    phi0.2    phi0.3    phi0.4   phi0.5    phi0.6
id   108.000   112.000   130.000   148.000   477.000   478.00  479.0000
A   3811.762  9476.055  1615.181  4237.660  1274.897  1417.86  536.0813
a  -3407.329 -2228.238 -1906.349 -4057.615 -1258.267 -1117.59 -335.3194
      phi0.7    phi0.8    phi0.9   phi0.10   phi0.11   phi0.12   phi0.13
id  482.0000  483.0000   488.000  496.0000  786.0000  818.0000  828.0000
A   265.8126  481.3782  1064.649  474.5830  380.0821  251.1343  193.6295
a  -214.2853 -450.2361 -1133.337 -464.3792 -213.4682 -230.9650 -205.8737
FIRE:  1  stops.  0 hits of maxmove.  0 hits of dtmax.
Frms = 4.11938885009662e-06; Ftanrms = 4.11598348892577e-06
E =  0.00634 | E_L =  0.00634 | E_A =  0.00000 |   0 flippped triangles
E =  0.00286 | E_L =  0.00286 | E_A =  0.00000 |   0 flippped triangles
E =  0.00286 | E_L =  0.00286 | E_A =  0.00000 |   0 flippped triangles
Optimising mapping with BFGS...
E =  0.00286 | E_L =  0.00286 | E_A =  0.00000 |   0 flippped triangles
Transforming image...
Mapping optimised. Error: 0.002860155 ; 0 flipped triangles.
Inferring coordinates of datapoints
Inferring coordinates of landmarks
Mapping optimised. Error: 0.002860155 ; 0 flipped triangles. OD displacement: 6.340056 degrees.
Computing Kernel Density estimates of datapoints

[1] 0.7
Saving adult_retina/data/C57BL6J/single/green/GM270/R-CONTRA/r.mat
