[1] "Adding old segment 1"
[1] "Adding old segment 2"
[1] "Adding old segment 4"
[1] "Adding old segment 5"
[1] "Storing new segment 1"
[1] "Adding old segment 3"
[1] "Storing new segment 2"
simplify.outline: Removing vertex 1
simplify.outline: Removing vertex 21
simplify.outline: Removing vertex 39
simplify.outline: Removing vertex 48
Triangulating...
[1] "Non-adjacent points in rim connected by line: 94 92"
[1] "In triangle: 90"  "In triangle: 130"
[1] "Other points in triangles: 91 12"
[1] "Non-adjacent points in rim connected by line: 407 391"
[1] "In triangle: 721" "In triangle: 729"
[1] "Other points in triangles: 39 413"
[1] "Non-adjacent points in rim connected by line: 428 44"
[1] "In triangle: 63"  "In triangle: 755"
[1] "Other points in triangles: 45 43"
[1] "Non-adjacent points in rim connected by line: 428 45"
[1] "In triangle: 59" "In triangle: 63"
[1] "Other points in triangles: 429 456"
[1] "Non-adjacent points in rim connected by line: 430 2"
[1] "In triangle: 54" "In triangle: 69"
[1] "Other points in triangles: 431 433"
[1] "Non-adjacent points in rim connected by line: 431 430"
[1] "In triangle: 54"  "In triangle: 758"
[1] "Other points in triangles: 458 1"
[1] "Non-adjacent points in rim connected by line: 432 3"
[1] "In triangle: 757" "In triangle: 759"
[1] "Other points in triangles: 433 129"
[1] "Non-adjacent points in rim connected by line: 444 439"
[1] "In triangle: 192" "In triangle: 777"
[1] "Other points in triangles: 443 6"
Stitching...
Tear 1 child of rim
Tear 2 child of rim
Tear 3 child of rim
Tear 4 child of rim
Tear 5 child of forward side of tear 4
Tear 6 child of rim
Tear 7 child of rim
Tear 1 : Sf = 2249.59646576988 ; Sb = 3655.9072073586
  Forwards path
    i = 260 ; sf/Sf = 0.159688772808762 ; sf = 359.235298933721
      k =   25 ; sb/Sb = 0 ; sb = 0
      k =   24 ; sb/Sb = 0.0797469897910534 ; sb = 291.547594742265
      k =   59 ; sb/Sb = 0.164904457927696 ; sb = 602.875396263427
      Creating new point: f = 0.938752463723266
    i = 26 ; sf/Sf = 0.319377545617524 ; sf = 718.470597867442
      k =   25 ; sb/Sb = 0 ; sb = 0
      k =   24 ; sb/Sb = 0.0797469897910534 ; sb = 291.547594742265
      k =   59 ; sb/Sb = 0.164904457927696 ; sb = 602.875396263427
      k =   23 ; sb/Sb = 0.250061926064338 ; sb = 914.203197784589
      k =  227 ; sb/Sb = 0.326933688332523 ; sb = 1195.2392275032
      Creating new point: f = 0.901704572757979
    i = 203 ; sf/Sf = 0.477433863433411 ; sf = 1074.03353181866
      k =   25 ; sb/Sb = 0 ; sb = 0
      k =   24 ; sb/Sb = 0.0797469897910534 ; sb = 291.547594742265
      k =   59 ; sb/Sb = 0.164904457927696 ; sb = 602.875396263427
      k =   23 ; sb/Sb = 0.250061926064338 ; sb = 914.203197784589
      k =  227 ; sb/Sb = 0.326933688332523 ; sb = 1195.2392275032
      k =   67 ; sb/Sb = 0.403805450600707 ; sb = 1476.27525722181
      k =  230 ; sb/Sb = 0.480677212868891 ; sb = 1757.31128694042
      Creating new point: f = 0.957808311663724
    i = 27 ; sf/Sf = 0.635490181249298 ; sf = 1429.59646576988
      k =   25 ; sb/Sb = 0 ; sb = 0
      k =   24 ; sb/Sb = 0.0797469897910534 ; sb = 291.547594742265
      k =   59 ; sb/Sb = 0.164904457927696 ; sb = 602.875396263427
      k =   23 ; sb/Sb = 0.250061926064338 ; sb = 914.203197784589
      k =  227 ; sb/Sb = 0.326933688332523 ; sb = 1195.2392275032
      k =   67 ; sb/Sb = 0.403805450600707 ; sb = 1476.27525722181
      k =  230 ; sb/Sb = 0.480677212868891 ; sb = 1757.31128694042
      k =   22 ; sb/Sb = 0.557548975137075 ; sb = 2038.34731665903
      k =  213 ; sb/Sb = 0.668161731352806 ; sb = 2442.73728933393
      Creating new point: f = 0.704631262964032
    i = 168 ; sf/Sf = 0.772403625365415 ; sf = 1737.59646576988
      k =   25 ; sb/Sb = 0 ; sb = 0
      k =   24 ; sb/Sb = 0.0797469897910534 ; sb = 291.547594742265
      k =   59 ; sb/Sb = 0.164904457927696 ; sb = 602.875396263427
      k =   23 ; sb/Sb = 0.250061926064338 ; sb = 914.203197784589
      k =  227 ; sb/Sb = 0.326933688332523 ; sb = 1195.2392275032
      k =   67 ; sb/Sb = 0.403805450600707 ; sb = 1476.27525722181
      k =  230 ; sb/Sb = 0.480677212868891 ; sb = 1757.31128694042
      k =   22 ; sb/Sb = 0.557548975137075 ; sb = 2038.34731665903
      k =  213 ; sb/Sb = 0.668161731352806 ; sb = 2442.73728933393
      k =  215 ; sb/Sb = 0.778774487568537 ; sb = 2847.12726200882
      Creating new point: f = 0.942403910533639
Tear 2 : Sf = 1379.56791408928 ; Sb = 1338.55568649857
  Forwards path
    i = 17 ; sf/Sf = 0.275448563364751 ; sf = 380
      k =   16 ; sb/Sb = 0 ; sb = 0
      k =   15 ; sb/Sb = 0.387399412463011 ; sb = 518.555686498567
      Creating new point: f = 0.711019569217988
    i = 447 ; sf/Sf = 0.424321802505711 ; sf = 585.380743985409
      k =   16 ; sb/Sb = 0 ; sb = 0
      k =   15 ; sb/Sb = 0.387399412463011 ; sb = 518.555686498567
      k =  153 ; sb/Sb = 0.693699706231505 ; sb = 928.555686498567
      Creating new point: f = 0.12054311012384
    i = 232 ; sf/Sf = 0.573195041646671 ; sf = 790.761487970817
      k =   16 ; sb/Sb = 0 ; sb = 0
      k =   15 ; sb/Sb = 0.387399412463011 ; sb = 518.555686498567
      k =  153 ; sb/Sb = 0.693699706231505 ; sb = 928.555686498567
      Creating new point: f = 0.606579990171627
    i = 18 ; sf/Sf = 0.87094151992859 ; sf = 1201.52297594163
      k =   16 ; sb/Sb = 0 ; sb = 0
      k =   15 ; sb/Sb = 0.387399412463011 ; sb = 518.555686498567
      k =  153 ; sb/Sb = 0.693699706231505 ; sb = 928.555686498567
      k =   14 ; sb/Sb = 1 ; sb = 1338.55568649857
      Creating new point: f = 0.5786537502672
Tear 3 : Sf = 836.360658139981 ; Sb = 976.899519126935
  Forwards path
    i = 11 ; sf/Sf = 0.379985558321448 ; sf = 317.804971641414
      k =   10 ; sb/Sb = 0 ; sb = 0
      k =    9 ; sb/Sb = 0.318484120045569 ; sb = 311.126983722081
      k =    8 ; sb/Sb = 0.503874428072955 ; sb = 492.234686484829
      Creating new point: f = 0.331740310107223
    i = 92 ; sf/Sf = 0.689992779160724 ; sf = 577.082814890698
      k =   10 ; sb/Sb = 0 ; sb = 0
      k =    9 ; sb/Sb = 0.318484120045569 ; sb = 311.126983722081
      k =    8 ; sb/Sb = 0.503874428072955 ; sb = 492.234686484829
      k =    7 ; sb/Sb = 1 ; sb = 976.899519126935
      Creating new point: f = 0.375143636246868
Tear 4 : Sf = 3120.15515439262 ; Sb = 3238.04302070679
  Forwards path
    i = 432 ; sf/Sf = 0.125175782145872 ; sf = 390.567861867569
      k =   48 ; sb/Sb = 0 ; sb = 0
      k =  302 ; sb/Sb = 0.104780056546667 ; sb = 339.282330810197
      k =  294 ; sb/Sb = 0.209560113093333 ; sb = 678.564661620394
      Creating new point: f = 0.194652744724574
    i = 430 ; sf/Sf = 0.250351564291743 ; sf = 781.135723735138
      k =   48 ; sb/Sb = 0 ; sb = 0
      k =  302 ; sb/Sb = 0.104780056546667 ; sb = 339.282330810197
      k =  294 ; sb/Sb = 0.209560113093333 ; sb = 678.564661620394
      k =  409 ; sb/Sb = 0.31434016964 ; sb = 1017.84699243059
      Creating new point: f = 0.389305489449149
    i = 1 ; sf/Sf = 0.414445968148293 ; sf = 1293.13572373514
      k =   48 ; sb/Sb = 0 ; sb = 0
      k =  302 ; sb/Sb = 0.104780056546667 ; sb = 339.282330810197
      k =  294 ; sb/Sb = 0.209560113093333 ; sb = 678.564661620394
      k =  409 ; sb/Sb = 0.31434016964 ; sb = 1017.84699243059
      k =   47 ; sb/Sb = 0.419120226186667 ; sb = 1357.12932324079
    i = 5 ; sf/Sf = 0.414445968148293 ; sf = 1293.13572373514
      k =   48 ; sb/Sb = 0 ; sb = 0
      k =  302 ; sb/Sb = 0.104780056546667 ; sb = 339.282330810197
      k =  294 ; sb/Sb = 0.209560113093333 ; sb = 678.564661620394
      k =  409 ; sb/Sb = 0.31434016964 ; sb = 1017.84699243059
      k =   47 ; sb/Sb = 0.419120226186667 ; sb = 1357.12932324079
      Creating new point: f = 0.955389811836074
    i = 140 ; sf/Sf = 0.56083447611122 ; sf = 1749.89058139951
      k =   48 ; sb/Sb = 0 ; sb = 0
      k =  302 ; sb/Sb = 0.104780056546667 ; sb = 339.282330810197
      k =  294 ; sb/Sb = 0.209560113093333 ; sb = 678.564661620394
      k =  409 ; sb/Sb = 0.31434016964 ; sb = 1017.84699243059
      k =   47 ; sb/Sb = 0.419120226186667 ; sb = 1357.12932324079
      k =  414 ; sb/Sb = 0.504415758923052 ; sb = 1633.31992771531
      k =  412 ; sb/Sb = 0.589711291659437 ; sb = 1909.51053218983
      Creating new point: f = 0.661449848288496
    i = 150 ; sf/Sf = 0.634028730092683 ; sf = 1978.2680102317
      k =   48 ; sb/Sb = 0 ; sb = 0
      k =  302 ; sb/Sb = 0.104780056546667 ; sb = 339.282330810197
      k =  294 ; sb/Sb = 0.209560113093333 ; sb = 678.564661620394
      k =  409 ; sb/Sb = 0.31434016964 ; sb = 1017.84699243059
      k =   47 ; sb/Sb = 0.419120226186667 ; sb = 1357.12932324079
      k =  414 ; sb/Sb = 0.504415758923052 ; sb = 1633.31992771531
      k =  412 ; sb/Sb = 0.589711291659437 ; sb = 1909.51053218983
      k =   46 ; sb/Sb = 0.760302357132206 ; sb = 2461.89174113886
      Creating new point: f = 0.259787570412477
    i = 124 ; sf/Sf = 0.707222984074147 ; sf = 2206.64543906388
      k =   48 ; sb/Sb = 0 ; sb = 0
      k =  302 ; sb/Sb = 0.104780056546667 ; sb = 339.282330810197
      k =  294 ; sb/Sb = 0.209560113093333 ; sb = 678.564661620394
      k =  409 ; sb/Sb = 0.31434016964 ; sb = 1017.84699243059
      k =   47 ; sb/Sb = 0.419120226186667 ; sb = 1357.12932324079
      k =  414 ; sb/Sb = 0.504415758923052 ; sb = 1633.31992771531
      k =  412 ; sb/Sb = 0.589711291659437 ; sb = 1909.51053218983
      k =   46 ; sb/Sb = 0.760302357132206 ; sb = 2461.89174113886
      Creating new point: f = 0.688850216680707
    i = 441 ; sf/Sf = 0.83590559614345 ; sf = 2608.15515439262
      k =   48 ; sb/Sb = 0 ; sb = 0
      k =  302 ; sb/Sb = 0.104780056546667 ; sb = 339.282330810197
      k =  294 ; sb/Sb = 0.209560113093333 ; sb = 678.564661620394
      k =  409 ; sb/Sb = 0.31434016964 ; sb = 1017.84699243059
      k =   47 ; sb/Sb = 0.419120226186667 ; sb = 1357.12932324079
      k =  414 ; sb/Sb = 0.504415758923052 ; sb = 1633.31992771531
      k =  412 ; sb/Sb = 0.589711291659437 ; sb = 1909.51053218983
      k =   46 ; sb/Sb = 0.760302357132206 ; sb = 2461.89174113886
      k =  426 ; sb/Sb = 0.829358511210471 ; sb = 2685.49853888884
      k =   45 ; sb/Sb = 0.898414665288736 ; sb = 2909.10533663882
      Creating new point: f = 0.0948081314455811
    i = 444 ; sf/Sf = 0.917952798071725 ; sf = 2864.15515439262
      k =   48 ; sb/Sb = 0 ; sb = 0
      k =  302 ; sb/Sb = 0.104780056546667 ; sb = 339.282330810197
      k =  294 ; sb/Sb = 0.209560113093333 ; sb = 678.564661620394
      k =  409 ; sb/Sb = 0.31434016964 ; sb = 1017.84699243059
      k =   47 ; sb/Sb = 0.419120226186667 ; sb = 1357.12932324079
      k =  414 ; sb/Sb = 0.504415758923052 ; sb = 1633.31992771531
      k =  412 ; sb/Sb = 0.589711291659437 ; sb = 1909.51053218983
      k =   46 ; sb/Sb = 0.760302357132206 ; sb = 2461.89174113886
      k =  426 ; sb/Sb = 0.829358511210471 ; sb = 2685.49853888884
      k =   45 ; sb/Sb = 0.898414665288736 ; sb = 2909.10533663882
      k =   44 ; sb/Sb = 1 ; sb = 3238.04302070679
      Creating new point: f = 0.192332218410482
Tear 5 : Sf = 1339.11213927493 ; Sb = 1070.52486509931
  Forwards path
    i = 436 ; sf/Sf = 0.247504490970404 ; sf = 331.436268383531
      k =    3 ; sb/Sb = 0 ; sb = 0
      k =    2 ; sb/Sb = 0.420769512103227 ; sb = 450.444225182208
      Creating new point: f = 0.588218689451256
    i = 4 ; sf/Sf = 0.495008981940809 ; sf = 662.872536767062
      k =    3 ; sb/Sb = 0 ; sb = 0
      k =    2 ; sb/Sb = 0.420769512103227 ; sb = 450.444225182208
      k =  431 ; sb/Sb = 0.760864966012488 ; sb = 814.524865099308
      Creating new point: f = 0.218290097630619
    i = 192 ; sf/Sf = 0.747504490970404 ; sf = 1000.992338021
      k =    3 ; sb/Sb = 0 ; sb = 0
      k =    2 ; sb/Sb = 0.420769512103227 ; sb = 450.444225182208
      k =  431 ; sb/Sb = 0.760864966012488 ; sb = 814.524865099308
      Creating new point: f = 0.960715514163715
Tear 6 : Sf = 2200.9187248425 ; Sb = 2211.65096703797
  Forwards path
    i = 419 ; sf/Sf = 0.097554309076635 ; sf = 214.709105535839
      k =   40 ; sb/Sb = 0 ; sb = 0
      k =  322 ; sb/Sb = 0.25 ; sb = 552.912741759493
      Creating new point: f = 0.39021723630654
    i = 400 ; sf/Sf = 0.19510861815327 ; sf = 429.418211071678
      k =   40 ; sb/Sb = 0 ; sb = 0
      k =  322 ; sb/Sb = 0.25 ; sb = 552.912741759493
      Creating new point: f = 0.78043447261308
    i = 41 ; sf/Sf = 0.39021723630654 ; sf = 858.836422143356
      k =   40 ; sb/Sb = 0 ; sb = 0
      k =  322 ; sb/Sb = 0.25 ; sb = 552.912741759493
      k =  338 ; sb/Sb = 0.375 ; sb = 829.36911263924
      k =  319 ; sb/Sb = 0.5 ; sb = 1105.82548351899
      Creating new point: f = 0.12173789045232
    i = 425 ; sf/Sf = 0.553801069041507 ; sf = 1218.87114269125
      k =   40 ; sb/Sb = 0 ; sb = 0
      k =  322 ; sb/Sb = 0.25 ; sb = 552.912741759493
      k =  338 ; sb/Sb = 0.375 ; sb = 829.36911263924
      k =  319 ; sb/Sb = 0.5 ; sb = 1105.82548351899
      k =  343 ; sb/Sb = 0.75 ; sb = 1658.73822527848
      Creating new point: f = 0.215204276166029
    i = 42 ; sf/Sf = 0.717384901776475 ; sf = 1578.90586323914
      k =   40 ; sb/Sb = 0 ; sb = 0
      k =  322 ; sb/Sb = 0.25 ; sb = 552.912741759493
      k =  338 ; sb/Sb = 0.375 ; sb = 829.36911263924
      k =  319 ; sb/Sb = 0.5 ; sb = 1105.82548351899
      k =  343 ; sb/Sb = 0.75 ; sb = 1658.73822527848
      Creating new point: f = 0.8695396071059
    i = 428 ; sf/Sf = 0.858692450888237 ; sf = 1889.91229404082
      k =   40 ; sb/Sb = 0 ; sb = 0
      k =  322 ; sb/Sb = 0.25 ; sb = 552.912741759493
      k =  338 ; sb/Sb = 0.375 ; sb = 829.36911263924
      k =  319 ; sb/Sb = 0.5 ; sb = 1105.82548351899
      k =  343 ; sb/Sb = 0.75 ; sb = 1658.73822527848
      k =  407 ; sb/Sb = 0.884249366733099 ; sb = 1955.65096703797
      Creating new point: f = 0.809631013785927
Tear 7 : Sf = 1452.48063670398 ; Sb = 1324.23562857975
  Forwards path
    i = 404 ; sf/Sf = 0.25 ; sf = 363.120159175995
      k =   36 ; sb/Sb = 0 ; sb = 0
      k =  314 ; sb/Sb = 0.25 ; sb = 331.058907144937
      k =  280 ; sb/Sb = 0.5 ; sb = 662.117814289874
      Creating new point: f = 0
      Point 314 already exists
    i = 341 ; sf/Sf = 0.5 ; sf = 726.24031835199
      k =   36 ; sb/Sb = 0 ; sb = 0
      k =  314 ; sb/Sb = 0.25 ; sb = 331.058907144937
      k =  280 ; sb/Sb = 0.5 ; sb = 662.117814289874
      k =   35 ; sb/Sb = 1 ; sb = 1324.23562857975
      Creating new point: f = 0
      Point 280 already exists
    i = 357 ; sf/Sf = 0.75 ; sf = 1089.36047752799
      k =   36 ; sb/Sb = 0 ; sb = 0
      k =  314 ; sb/Sb = 0.25 ; sb = 331.058907144937
      k =  280 ; sb/Sb = 0.5 ; sb = 662.117814289874
      k =   35 ; sb/Sb = 1 ; sb = 1324.23562857975
      Creating new point: f = 0.5
Tear 1 : Sf = 3655.9072073586 ; Sb = 2249.59646576988
  Backwards path
    i = 24 ; sf/Sf = 0.0797469897910534 ; sf = 291.547594742265
      k =   25 ; sb/Sb = 0 ; sb = 0
      k =  260 ; sb/Sb = 0.159688772808762 ; sb = 359.235298933721
      Creating new point: f = 0.499390084777943
    i = 59 ; sf/Sf = 0.164904457927696 ; sf = 602.875396263427
      k =   25 ; sb/Sb = 0 ; sb = 0
      k =  260 ; sb/Sb = 0.159688772808762 ; sb = 359.235298933721
      k =   26 ; sb/Sb = 0.319377545617524 ; sb = 718.470597867442
      Creating new point: f = 0.0326615642865509
    i = 23 ; sf/Sf = 0.250061926064339 ; sf = 914.203197784589
      k =   25 ; sb/Sb = 0 ; sb = 0
      k =  260 ; sb/Sb = 0.159688772808762 ; sb = 359.235298933721
      k =   26 ; sb/Sb = 0.319377545617524 ; sb = 718.470597867442
      Creating new point: f = 0.565933043795159
    i = 227 ; sf/Sf = 0.326933688332523 ; sf = 1195.2392275032
      k =   25 ; sb/Sb = 0 ; sb = 0
      k =  260 ; sb/Sb = 0.159688772808762 ; sb = 359.235298933721
      k =   26 ; sb/Sb = 0.319377545617524 ; sb = 718.470597867442
      k =  203 ; sb/Sb = 0.477433863433411 ; sb = 1074.03353181866
      Creating new point: f = 0.0478066477785476
    i = 67 ; sf/Sf = 0.403805450600707 ; sf = 1476.27525722181
      k =   25 ; sb/Sb = 0 ; sb = 0
      k =  260 ; sb/Sb = 0.159688772808762 ; sb = 359.235298933721
      k =   26 ; sb/Sb = 0.319377545617524 ; sb = 718.470597867442
      k =  203 ; sb/Sb = 0.477433863433411 ; sb = 1074.03353181866
      Creating new point: f = 0.534163430793882
    i = 230 ; sf/Sf = 0.480677212868891 ; sf = 1757.31128694042
      k =   25 ; sb/Sb = 0 ; sb = 0
      k =  260 ; sb/Sb = 0.159688772808762 ; sb = 359.235298933721
      k =   26 ; sb/Sb = 0.319377545617524 ; sb = 718.470597867442
      k =  203 ; sb/Sb = 0.477433863433411 ; sb = 1074.03353181866
      k =   27 ; sb/Sb = 0.635490181249298 ; sb = 1429.59646576988
      Creating new point: f = 0.0205202138092171
    i = 22 ; sf/Sf = 0.557548975137075 ; sf = 2038.34731665903
      k =   25 ; sb/Sb = 0 ; sb = 0
      k =  260 ; sb/Sb = 0.159688772808762 ; sb = 359.235298933721
      k =   26 ; sb/Sb = 0.319377545617524 ; sb = 718.470597867442
      k =  203 ; sb/Sb = 0.477433863433411 ; sb = 1074.03353181866
      k =   27 ; sb/Sb = 0.635490181249298 ; sb = 1429.59646576988
      Creating new point: f = 0.506876996824551
    i = 213 ; sf/Sf = 0.668161731352806 ; sf = 2442.73728933393
      k =   25 ; sb/Sb = 0 ; sb = 0
      k =  260 ; sb/Sb = 0.159688772808762 ; sb = 359.235298933721
      k =   26 ; sb/Sb = 0.319377545617524 ; sb = 718.470597867442
      k =  203 ; sb/Sb = 0.477433863433411 ; sb = 1074.03353181866
      k =   27 ; sb/Sb = 0.635490181249298 ; sb = 1429.59646576988
      k =  168 ; sb/Sb = 0.772403625365415 ; sb = 1737.59646576988
      Creating new point: f = 0.238629232610635
    i = 215 ; sf/Sf = 0.778774487568537 ; sf = 2847.12726200882
      k =   25 ; sb/Sb = 0 ; sb = 0
      k =  260 ; sb/Sb = 0.159688772808762 ; sb = 359.235298933721
      k =   26 ; sb/Sb = 0.319377545617524 ; sb = 718.470597867442
      k =  203 ; sb/Sb = 0.477433863433411 ; sb = 1074.03353181866
      k =   27 ; sb/Sb = 0.635490181249298 ; sb = 1429.59646576988
      k =  168 ; sb/Sb = 0.772403625365415 ; sb = 1737.59646576988
      k =   28 ; sb/Sb = 1 ; sb = 2249.59646576988
      Creating new point: f = 0.0279919318282236
    i = 304 ; sf/Sf = 0.889387243784269 ; sf = 3251.51723468371
      k =   25 ; sb/Sb = 0 ; sb = 0
      k =  260 ; sb/Sb = 0.159688772808762 ; sb = 359.235298933721
      k =   26 ; sb/Sb = 0.319377545617524 ; sb = 718.470597867442
      k =  203 ; sb/Sb = 0.477433863433411 ; sb = 1074.03353181866
      k =   27 ; sb/Sb = 0.635490181249298 ; sb = 1429.59646576988
      k =  168 ; sb/Sb = 0.772403625365415 ; sb = 1737.59646576988
      k =   28 ; sb/Sb = 1 ; sb = 2249.59646576988
      Creating new point: f = 0.513995965914112
Tear 2 : Sf = 1338.55568649857 ; Sb = 1379.56791408928
  Backwards path
    i = 15 ; sf/Sf = 0.387399412463011 ; sf = 518.555686498567
      k =   16 ; sb/Sb = 0 ; sb = 0
      k =   17 ; sb/Sb = 0.275448563364751 ; sb = 380
      k =  447 ; sb/Sb = 0.424321802505711 ; sb = 585.380743985409
      Creating new point: f = 0.751987729589597
    i = 153 ; sf/Sf = 0.693699706231505 ; sf = 928.555686498567
      k =   16 ; sb/Sb = 0 ; sb = 0
      k =   17 ; sb/Sb = 0.275448563364751 ; sb = 380
      k =  447 ; sb/Sb = 0.424321802505711 ; sb = 585.380743985409
      k =  232 ; sb/Sb = 0.573195041646671 ; sb = 790.761487970817
      k =   18 ; sb/Sb = 0.87094151992859 ; sb = 1201.52297594163
      Creating new point: f = 0.40472238422493
Tear 3 : Sf = 976.899519126935 ; Sb = 836.360658139981
  Backwards path
    i = 9 ; sf/Sf = 0.318484120045569 ; sf = 311.126983722081
      k =   10 ; sb/Sb = 0 ; sb = 0
      k =   11 ; sb/Sb = 0.379985558321448 ; sb = 317.804971641414
      Creating new point: f = 0.83814795870781
    i = 8 ; sf/Sf = 0.503874428072955 ; sf = 492.234686484829
      k =   10 ; sb/Sb = 0 ; sb = 0
      k =   11 ; sb/Sb = 0.379985558321448 ; sb = 317.804971641414
      k =   92 ; sb/Sb = 0.689992779160724 ; sb = 577.082814890698
      Creating new point: f = 0.399632206682496
Tear 4 : Sf = 3238.04302070679 ; Sb = 3120.15515439262
  Backwards path
    i = 302 ; sf/Sf = 0.104780056546667 ; sf = 339.282330810197
      k =   48 ; sb/Sb = 0 ; sb = 0
      k =  432 ; sb/Sb = 0.125175782145872 ; sb = 390.567861867569
      Creating new point: f = 0.837063326071836
    i = 294 ; sf/Sf = 0.209560113093333 ; sf = 678.564661620394
      k =   48 ; sb/Sb = 0 ; sb = 0
      k =  432 ; sb/Sb = 0.125175782145872 ; sb = 390.567861867569
      k =  430 ; sb/Sb = 0.250351564291743 ; sb = 781.135723735138
      Creating new point: f = 0.674126652143672
    i = 409 ; sf/Sf = 0.31434016964 ; sf = 1017.84699243059
      k =   48 ; sb/Sb = 0 ; sb = 0
      k =  432 ; sb/Sb = 0.125175782145872 ; sb = 390.567861867569
      k =  430 ; sb/Sb = 0.250351564291743 ; sb = 781.135723735138
      k =    1 ; sb/Sb = 0.414445968148293 ; sb = 1293.13572373514
      Creating new point: f = 0.389949954687031
    i = 47 ; sf/Sf = 0.419120226186667 ; sf = 1357.12932324079
      k =   48 ; sb/Sb = 0 ; sb = 0
      k =  432 ; sb/Sb = 0.125175782145872 ; sb = 390.567861867569
      k =  430 ; sb/Sb = 0.250351564291743 ; sb = 781.135723735138
      k =    1 ; sb/Sb = 0.414445968148293 ; sb = 1293.13572373514
      k =    5 ; sb/Sb = 0.414445968148293 ; sb = 1293.13572373514
      k =  140 ; sb/Sb = 0.56083447611122 ; sb = 1749.89058139951
      Creating new point: f = 0.0319304985303726
    i = 414 ; sf/Sf = 0.504415758923052 ; sf = 1633.31992771531
      k =   48 ; sb/Sb = 0 ; sb = 0
      k =  432 ; sb/Sb = 0.125175782145872 ; sb = 390.567861867569
      k =  430 ; sb/Sb = 0.250351564291743 ; sb = 781.135723735138
      k =    1 ; sb/Sb = 0.414445968148293 ; sb = 1293.13572373514
      k =    5 ; sb/Sb = 0.414445968148293 ; sb = 1293.13572373514
      k =  140 ; sb/Sb = 0.56083447611122 ; sb = 1749.89058139951
      Creating new point: f = 0.614595995455762
    i = 412 ; sf/Sf = 0.589711291659437 ; sf = 1909.51053218983
      k =   48 ; sb/Sb = 0 ; sb = 0
      k =  432 ; sb/Sb = 0.125175782145872 ; sb = 390.567861867569
      k =  430 ; sb/Sb = 0.250351564291743 ; sb = 781.135723735138
      k =    1 ; sb/Sb = 0.414445968148293 ; sb = 1293.13572373514
      k =    5 ; sb/Sb = 0.414445968148293 ; sb = 1293.13572373514
      k =  140 ; sb/Sb = 0.56083447611122 ; sb = 1749.89058139951
      k =  150 ; sb/Sb = 0.634028730092683 ; sb = 1978.26801023169
      Creating new point: f = 0.394522984762303
    i = 46 ; sf/Sf = 0.760302357132206 ; sf = 2461.89174113886
      k =   48 ; sb/Sb = 0 ; sb = 0
      k =  432 ; sb/Sb = 0.125175782145872 ; sb = 390.567861867569
      k =  430 ; sb/Sb = 0.250351564291743 ; sb = 781.135723735138
      k =    1 ; sb/Sb = 0.414445968148293 ; sb = 1293.13572373514
      k =    5 ; sb/Sb = 0.414445968148293 ; sb = 1293.13572373514
      k =  140 ; sb/Sb = 0.56083447611122 ; sb = 1749.89058139951
      k =  150 ; sb/Sb = 0.634028730092683 ; sb = 1978.26801023169
      k =  124 ; sb/Sb = 0.707222984074147 ; sb = 2206.64543906388
      k =  441 ; sb/Sb = 0.83590559614345 ; sb = 2608.15515439262
      Creating new point: f = 0.412482869320941
    i = 426 ; sf/Sf = 0.829358511210471 ; sf = 2685.49853888884
      k =   48 ; sb/Sb = 0 ; sb = 0
      k =  432 ; sb/Sb = 0.125175782145872 ; sb = 390.567861867569
      k =  430 ; sb/Sb = 0.250351564291743 ; sb = 781.135723735138
      k =    1 ; sb/Sb = 0.414445968148293 ; sb = 1293.13572373514
      k =    5 ; sb/Sb = 0.414445968148293 ; sb = 1293.13572373514
      k =  140 ; sb/Sb = 0.56083447611122 ; sb = 1749.89058139951
      k =  150 ; sb/Sb = 0.634028730092683 ; sb = 1978.26801023169
      k =  124 ; sb/Sb = 0.707222984074147 ; sb = 2206.64543906388
      k =  441 ; sb/Sb = 0.83590559614345 ; sb = 2608.15515439262
      Creating new point: f = 0.949122225390852
    i = 45 ; sf/Sf = 0.898414665288736 ; sf = 2909.10533663882
      k =   48 ; sb/Sb = 0 ; sb = 0
      k =  432 ; sb/Sb = 0.125175782145872 ; sb = 390.567861867569
      k =  430 ; sb/Sb = 0.250351564291743 ; sb = 781.135723735138
      k =    1 ; sb/Sb = 0.414445968148293 ; sb = 1293.13572373514
      k =    5 ; sb/Sb = 0.414445968148293 ; sb = 1293.13572373514
      k =  140 ; sb/Sb = 0.56083447611122 ; sb = 1749.89058139951
      k =  150 ; sb/Sb = 0.634028730092683 ; sb = 1978.26801023169
      k =  124 ; sb/Sb = 0.707222984074147 ; sb = 2206.64543906388
      k =  441 ; sb/Sb = 0.83590559614345 ; sb = 2608.15515439262
      k =  444 ; sb/Sb = 0.917952798071725 ; sb = 2864.15515439262
      Creating new point: f = 0.761867165195122
Tear 5 : Sf = 1070.52486509931 ; Sb = 1339.11213927493
  Backwards path
    i = 2 ; sf/Sf = 0.420769512103227 ; sf = 450.444225182208
      k =    3 ; sb/Sb = 0 ; sb = 0
      k =  436 ; sb/Sb = 0.247504490970404 ; sb = 331.436268383531
      k =    4 ; sb/Sb = 0.495008981940809 ; sb = 662.872536767062
      Creating new point: f = 0.700047988840496
    i = 431 ; sf/Sf = 0.760864966012488 ; sf = 814.524865099308
      k =    3 ; sb/Sb = 0 ; sb = 0
      k =  436 ; sb/Sb = 0.247504490970404 ; sb = 331.436268383531
      k =    4 ; sb/Sb = 0.495008981940809 ; sb = 662.872536767062
      k =  192 ; sb/Sb = 0.747504490970404 ; sb = 1000.992338021
      k =    5 ; sb/Sb = 1 ; sb = 1339.11213927493
      Creating new point: f = 0.0529137135683371
Tear 6 : Sf = 2211.65096703797 ; Sb = 2200.9187248425
  Backwards path
    i = 322 ; sf/Sf = 0.25 ; sf = 552.912741759493
      k =   40 ; sb/Sb = 0 ; sb = 0
      k =  419 ; sb/Sb = 0.097554309076635 ; sb = 214.709105535839
      k =  400 ; sb/Sb = 0.19510861815327 ; sb = 429.418211071678
      k =   41 ; sb/Sb = 0.39021723630654 ; sb = 858.836422143356
      Creating new point: f = 0.281337556312399
    i = 338 ; sf/Sf = 0.375 ; sf = 829.36911263924
      k =   40 ; sb/Sb = 0 ; sb = 0
      k =  419 ; sb/Sb = 0.097554309076635 ; sb = 214.709105535839
      k =  400 ; sb/Sb = 0.19510861815327 ; sb = 429.418211071678
      k =   41 ; sb/Sb = 0.39021723630654 ; sb = 858.836422143356
      Creating new point: f = 0.922006334468599
    i = 319 ; sf/Sf = 0.5 ; sf = 1105.82548351899
      k =   40 ; sb/Sb = 0 ; sb = 0
      k =  419 ; sb/Sb = 0.097554309076635 ; sb = 214.709105535839
      k =  400 ; sb/Sb = 0.19510861815327 ; sb = 429.418211071678
      k =   41 ; sb/Sb = 0.39021723630654 ; sb = 858.836422143356
      k =  425 ; sb/Sb = 0.553801069041507 ; sb = 1218.87114269125
      Creating new point: f = 0.671110108242335
    i = 343 ; sf/Sf = 0.75 ; sf = 1658.73822527848
      k =   40 ; sb/Sb = 0 ; sb = 0
      k =  419 ; sb/Sb = 0.097554309076635 ; sb = 214.709105535839
      k =  400 ; sb/Sb = 0.19510861815327 ; sb = 429.418211071678
      k =   41 ; sb/Sb = 0.39021723630654 ; sb = 858.836422143356
      k =  425 ; sb/Sb = 0.553801069041507 ; sb = 1218.87114269125
      k =   42 ; sb/Sb = 0.717384901776475 ; sb = 1578.90586323914
      k =  428 ; sb/Sb = 0.858692450888237 ; sb = 1889.91229404082
      Creating new point: f = 0.230809312230937
    i = 407 ; sf/Sf = 0.884249366733099 ; sf = 1955.65096703797
      k =   40 ; sb/Sb = 0 ; sb = 0
      k =  419 ; sb/Sb = 0.097554309076635 ; sb = 214.709105535839
      k =  400 ; sb/Sb = 0.19510861815327 ; sb = 429.418211071678
      k =   41 ; sb/Sb = 0.39021723630654 ; sb = 858.836422143356
      k =  425 ; sb/Sb = 0.553801069041507 ; sb = 1218.87114269125
      k =   42 ; sb/Sb = 0.717384901776475 ; sb = 1578.90586323914
      k =  428 ; sb/Sb = 0.858692450888237 ; sb = 1889.91229404082
      k =   43 ; sb/Sb = 1 ; sb = 2200.9187248425
      Creating new point: f = 0.180860230083306
Tear 7 : Sf = 1324.23562857975 ; Sb = 1452.48063670398
  Backwards path
    i = 314 ; sf/Sf = 0.25 ; sf = 331.058907144937
      k =   36 ; sb/Sb = 0 ; sb = 0
      k =  404 ; sb/Sb = 0.25 ; sb = 363.120159175995
      k =  341 ; sb/Sb = 0.5 ; sb = 726.24031835199
      Creating new point: f = 0
      Point 404 already exists
    i = 280 ; sf/Sf = 0.5 ; sf = 662.117814289874
      k =   36 ; sb/Sb = 0 ; sb = 0
      k =  404 ; sb/Sb = 0.25 ; sb = 363.120159175995
      k =  341 ; sb/Sb = 0.5 ; sb = 726.24031835199
      k =  357 ; sb/Sb = 0.75 ; sb = 1089.36047752799
      Creating new point: f = 0
      Point 341 already exists
Triangulating...
[1] "Non-adjacent points in rim connected by line: 504 503"
[1] "In triangle: 928" "In triangle: 945"
[1] "Other points in triangles: 91 11"
Merging points...
Projecting to sphere...
Optimising mapping with FIRE...
E =  0.00415 | E_L =  0.00415 | E_A =  0.00000 |   0 flippped triangles
E =  0.00412 | E_L =  0.00412 | E_A =  0.00000 |  13 flippped triangles
        phi0    phi0.1    phi0.2   phi0.3    phi0.4    phi0.5    phi0.6
id      7.00     17.00 106.00000  241.000    437.00   442.000   443.000
A   33946.41  40310.51  71.70370  189.375  16500.37  6925.600 10186.376
a  -21155.86 -25293.08 -97.32736 -160.763 -13611.96 -7111.729 -9679.122
      phi0.7    phi0.8    phi0.9   phi0.10   phi0.11   phi0.12
id  595.0000   626.000   712.000  717.0000  753.0000  758.0000
A   275.5384  9138.513  5622.570  286.4987 5228.0074  431.1442
a  -304.8625 -4057.017 -2848.057 -101.3856 -491.8397 -386.8981
FIRE:  3  stops.  0 hits of maxmove.  0 hits of dtmax.
Frms = 2.77627821997234e-07; Ftanrms = 2.6867836955289e-07
E =  0.00445 | E_L =  0.00445 | E_A =  0.00000 |   0 flippped triangles
E =  0.00418 | E_L =  0.00418 | E_A =  0.00000 |   0 flippped triangles
E =  0.00417 | E_L =  0.00417 | E_A =  0.00000 |   0 flippped triangles
Optimising mapping with BFGS...
E =  0.00417 | E_L =  0.00417 | E_A =  0.00000 |   0 flippped triangles
Transforming image...
Mapping optimised. Error: 0.004171604 ; 0 flipped triangles.
Inferring coordinates of datapoints
Inferring coordinates of landmarks
Mapping optimised. Error: 0.004171604 ; 0 flipped triangles. OD displacement: 12.51025 degrees.
Computing Kernel Density estimates of datapoints

[1] 0.7
Saving adult_retina/data/nAChR-B2/GMB504/R-CONTRA/r.mat
