[1] "Adding old segment 1"
[1] "Adding old segment 2"
[1] "Adding old segment 5"
[1] "Adding old segment 4"
[1] "Adding old segment 6"
[1] "Adding old segment 8"
[1] "Adding old segment 7"
[1] "Adding old segment 9"
[1] "Storing new segment 1"
[1] "Adding old segment 3"
[1] "Storing new segment 2"
simplify.outline: Removing vertex 1
simplify.outline: Removing vertex 42
simplify.outline: Removing vertex 57
simplify.outline: Removing vertex 127
Triangulating...
[1] "Non-adjacent points in rim connected by line: 19 17"
[1] "In triangle: 189" "In triangle: 192"
[1] "Other points in triangles: 372 18"
[1] "Non-adjacent points in rim connected by line: 33 31"
[1] "In triangle: 176" "In triangle: 202"
[1] "Other points in triangles: 163 32"
[1] "Non-adjacent points in rim connected by line: 99 97"
[1] "In triangle: 107" "In triangle: 119"
[1] "Other points in triangles: 98 170"
[1] "Non-adjacent points in rim connected by line: 107 105"
[1] "In triangle: 95" "In triangle: 99"
[1] "Other points in triangles: 108 106"
[1] "Non-adjacent points in rim connected by line: 108 103"
[1] "In triangle: 92" "In triangle: 93"
[1] "Other points in triangles: 109 104"
[1] "Non-adjacent points in rim connected by line: 108 104"
[1] "In triangle: 93"  "In triangle: 102"
[1] "Other points in triangles: 505 105"
[1] "Non-adjacent points in rim connected by line: 108 105"
[1] "In triangle: 102" "In triangle: 855"
[1] "Other points in triangles: 506 504"
[1] "Non-adjacent points in rim connected by line: 109 102"
[1] "In triangle: 90"  "In triangle: 331"
[1] "Other points in triangles: 103 241"
[1] "Non-adjacent points in rim connected by line: 109 103"
[1] "In triangle: 90"  "In triangle: 857"
[1] "Other points in triangles: 508 505"
[1] "Non-adjacent points in rim connected by line: 145 143"
[1] "In triangle: 51" "In triangle: 70"
[1] "Other points in triangles: 202 144"
Stitching...
Tear 1 child of rim
Tear 2 child of rim
Tear 3 child of rim
Tear 4 child of forward side of tear 3
Tear 5 child of rim
Tear 6 child of backward side of tear 5
Tear 1 : Sf = 1419.52502823495 ; Sb = 1206.08172337392
  Forwards path
    i = 74 ; sf/Sf = 0.0803209103341308 ; sf = 114.017542509914
      k =   73 ; sb/Sb = 0 ; sb = 0
      k =   72 ; sb/Sb = 0.175689753768432 ; sb = 211.896201004171
      Creating new point: f = 0.457174699214377
    i = 75 ; sf/Sf = 0.171900838418698 ; sf = 244.017542509914
      k =   73 ; sb/Sb = 0 ; sb = 0
      k =   72 ; sb/Sb = 0.175689753768432 ; sb = 211.896201004171
      Creating new point: f = 0.978434056235699
    i = 76 ; sf/Sf = 0.362626413543117 ; sf = 514.757269923531
      k =   73 ; sb/Sb = 0 ; sb = 0
      k =   72 ; sb/Sb = 0.175689753768432 ; sb = 211.896201004171
      k =   71 ; sb/Sb = 0.454406129089222 ; sb = 548.050927283603
      Creating new point: f = 0.670705693411552
    i = 77 ; sf/Sf = 0.576532137622765 ; sf = 818.401798937311
      k =   73 ; sb/Sb = 0 ; sb = 0
      k =   72 ; sb/Sb = 0.175689753768432 ; sb = 211.896201004171
      k =   71 ; sb/Sb = 0.454406129089222 ; sb = 548.050927283603
      k =   70 ; sb/Sb = 0.73299915128367 ; sb = 884.056879611832
      Creating new point: f = 0.438367076000574
    i = 78 ; sf/Sf = 0.743980602251564 ; sf = 1056.09908541741
      k =   73 ; sb/Sb = 0 ; sb = 0
      k =   72 ; sb/Sb = 0.175689753768432 ; sb = 211.896201004171
      k =   71 ; sb/Sb = 0.454406129089222 ; sb = 548.050927283603
      k =   70 ; sb/Sb = 0.73299915128367 ; sb = 884.056879611832
      k =   69 ; sb/Sb = 1 ; sb = 1206.08172337392
      Creating new point: f = 0.0411288991053407
    i = 79 ; sf/Sf = 0.863945985229706 ; sf = 1226.39294907667
      k =   73 ; sb/Sb = 0 ; sb = 0
      k =   72 ; sb/Sb = 0.175689753768432 ; sb = 211.896201004171
      k =   71 ; sb/Sb = 0.454406129089222 ; sb = 548.050927283603
      k =   70 ; sb/Sb = 0.73299915128367 ; sb = 884.056879611832
      k =   69 ; sb/Sb = 1 ; sb = 1206.08172337392
      Creating new point: f = 0.490436021366953
Tear 2 : Sf = 2739.1690444134 ; Sb = 2824.82067789347
  Forwards path
    i = 136 ; sf/Sf = 0.0255551953402681 ; sf = 70
      k =  135 ; sb/Sb = 0 ; sb = 0
      k =  134 ; sb/Sb = 0.0427745593486846 ; sb = 120.830459735946
      Creating new point: f = 0.597439125718405
    i = 137 ; sf/Sf = 0.197489262181886 ; sf = 540.956473572665
      k =  135 ; sb/Sb = 0 ; sb = 0
      k =  134 ; sb/Sb = 0.0427745593486846 ; sb = 120.830459735946
      k =  133 ; sb/Sb = 0.127217869575164 ; sb = 359.367668573477
      k =  132 ; sb/Sb = 0.223517578899568 ; sb = 631.397078748186
      Creating new point: f = 0.72971552146642
    i = 138 ; sf/Sf = 0.351211087524257 ; sf = 962.026539001211
      k =  135 ; sb/Sb = 0 ; sb = 0
      k =  134 ; sb/Sb = 0.0427745593486846 ; sb = 120.830459735946
      k =  133 ; sb/Sb = 0.127217869575164 ; sb = 359.367668573477
      k =  132 ; sb/Sb = 0.223517578899568 ; sb = 631.397078748186
      k =  131 ; sb/Sb = 0.348225777842261 ; sb = 983.675377824357
      k =  130 ; sb/Sb = 0.448852840754803 ; sb = 1267.92878589539
      Creating new point: f = 0.029667065654009
    i = 139 ; sf/Sf = 0.5118437439488 ; sf = 1402.02653900121
      k =  135 ; sb/Sb = 0 ; sb = 0
      k =  134 ; sb/Sb = 0.0427745593486846 ; sb = 120.830459735946
      k =  133 ; sb/Sb = 0.127217869575164 ; sb = 359.367668573477
      k =  132 ; sb/Sb = 0.223517578899568 ; sb = 631.397078748186
      k =  131 ; sb/Sb = 0.348225777842261 ; sb = 983.675377824357
      k =  130 ; sb/Sb = 0.448852840754803 ; sb = 1267.92878589539
      k =  129 ; sb/Sb = 0.545542166138329 ; sb = 1541.05879157035
      Creating new point: f = 0.651477326417762
    i = 140 ; sf/Sf = 0.593476821033264 ; sf = 1625.63333675119
      k =  135 ; sb/Sb = 0 ; sb = 0
      k =  134 ; sb/Sb = 0.0427745593486846 ; sb = 120.830459735946
      k =  133 ; sb/Sb = 0.127217869575164 ; sb = 359.367668573477
      k =  132 ; sb/Sb = 0.223517578899568 ; sb = 631.397078748186
      k =  131 ; sb/Sb = 0.348225777842261 ; sb = 983.675377824357
      k =  130 ; sb/Sb = 0.448852840754803 ; sb = 1267.92878589539
      k =  129 ; sb/Sb = 0.545542166138329 ; sb = 1541.05879157035
      k =  128 ; sb/Sb = 0.640860868123163 ; sb = 1810.31703192707
      Creating new point: f = 0.502888246448869
    i = 141 ; sf/Sf = 0.700350700892249 ; sf = 1918.37896011728
      k =  135 ; sb/Sb = 0 ; sb = 0
      k =  134 ; sb/Sb = 0.0427745593486846 ; sb = 120.830459735946
      k =  133 ; sb/Sb = 0.127217869575164 ; sb = 359.367668573477
      k =  132 ; sb/Sb = 0.223517578899568 ; sb = 631.397078748186
      k =  131 ; sb/Sb = 0.348225777842261 ; sb = 983.675377824357
      k =  130 ; sb/Sb = 0.448852840754803 ; sb = 1267.92878589539
      k =  129 ; sb/Sb = 0.545542166138329 ; sb = 1541.05879157035
      k =  128 ; sb/Sb = 0.640860868123163 ; sb = 1810.31703192707
      k =  127 ; sb/Sb = 0.737485366596697 ; sb = 2083.2639132062
      Creating new point: f = 0.615680636990643
    i = 142 ; sf/Sf = 0.801325240701281 ; sf = 2194.96529383607
      k =  135 ; sb/Sb = 0 ; sb = 0
      k =  134 ; sb/Sb = 0.0427745593486846 ; sb = 120.830459735946
      k =  133 ; sb/Sb = 0.127217869575164 ; sb = 359.367668573477
      k =  132 ; sb/Sb = 0.223517578899568 ; sb = 631.397078748186
      k =  131 ; sb/Sb = 0.348225777842261 ; sb = 983.675377824357
      k =  130 ; sb/Sb = 0.448852840754803 ; sb = 1267.92878589539
      k =  129 ; sb/Sb = 0.545542166138329 ; sb = 1541.05879157035
      k =  128 ; sb/Sb = 0.640860868123163 ; sb = 1810.31703192707
      k =  127 ; sb/Sb = 0.737485366596697 ; sb = 2083.2639132062
      k =  126 ; sb/Sb = 0.815366416435251 ; sb = 2303.2639132062
      Creating new point: f = 0.81970998383975
    i = 143 ; sf/Sf = 0.889246755463952 ; sf = 2435.79718541191
      k =  135 ; sb/Sb = 0 ; sb = 0
      k =  134 ; sb/Sb = 0.0427745593486846 ; sb = 120.830459735946
      k =  133 ; sb/Sb = 0.127217869575164 ; sb = 359.367668573477
      k =  132 ; sb/Sb = 0.223517578899568 ; sb = 631.397078748186
      k =  131 ; sb/Sb = 0.348225777842261 ; sb = 983.675377824357
      k =  130 ; sb/Sb = 0.448852840754803 ; sb = 1267.92878589539
      k =  129 ; sb/Sb = 0.545542166138329 ; sb = 1541.05879157035
      k =  128 ; sb/Sb = 0.640860868123163 ; sb = 1810.31703192707
      k =  127 ; sb/Sb = 0.737485366596697 ; sb = 2083.2639132062
      k =  126 ; sb/Sb = 0.815366416435251 ; sb = 2303.2639132062
      k =  125 ; sb/Sb = 0.918271651925011 ; sb = 2593.95275028117
      Creating new point: f = 0.717945386132011
    i = 144 ; sf/Sf = 0.948113204504341 ; sf = 2597.04234037788
      k =  135 ; sb/Sb = 0 ; sb = 0
      k =  134 ; sb/Sb = 0.0427745593486846 ; sb = 120.830459735946
      k =  133 ; sb/Sb = 0.127217869575164 ; sb = 359.367668573477
      k =  132 ; sb/Sb = 0.223517578899568 ; sb = 631.397078748186
      k =  131 ; sb/Sb = 0.348225777842261 ; sb = 983.675377824357
      k =  130 ; sb/Sb = 0.448852840754803 ; sb = 1267.92878589539
      k =  129 ; sb/Sb = 0.545542166138329 ; sb = 1541.05879157035
      k =  128 ; sb/Sb = 0.640860868123163 ; sb = 1810.31703192707
      k =  127 ; sb/Sb = 0.737485366596697 ; sb = 2083.2639132062
      k =  126 ; sb/Sb = 0.815366416435251 ; sb = 2303.2639132062
      k =  125 ; sb/Sb = 0.918271651925011 ; sb = 2593.95275028117
      k =  124 ; sb/Sb = 1 ; sb = 2824.82067789347
      Creating new point: f = 0.365130989212565
Tear 3 : Sf = 1782.28466618148 ; Sb = 1833.25226079828
  Forwards path
    i = 95 ; sf/Sf = 0.0617185358137393 ; sf = 110
      k =   94 ; sb/Sb = 0 ; sb = 0
      k =   93 ; sb/Sb = 0.0537234182790943 ; sb = 98.488578017961
      k =   92 ; sb/Sb = 0.215905885637353 ; sb = 395.809952964331
      Creating new point: f = 0.0492970520480736
    i = 96 ; sf/Sf = 0.17008061894385 ; sf = 303.13207915828
      k =   94 ; sb/Sb = 0 ; sb = 0
      k =   93 ; sb/Sb = 0.0537234182790943 ; sb = 98.488578017961
      k =   92 ; sb/Sb = 0.215905885637353 ; sb = 395.809952964331
      Creating new point: f = 0.717446235465915
    i = 97 ; sf/Sf = 0.24639542300866 ; sf = 439.146784245634
      k =   94 ; sb/Sb = 0 ; sb = 0
      k =   93 ; sb/Sb = 0.0537234182790943 ; sb = 98.488578017961
      k =   92 ; sb/Sb = 0.215905885637353 ; sb = 395.809952964331
      k =   91 ; sb/Sb = 0.470183210586229 ; sb = 861.964433796598
    i = 107 ; sf/Sf = 0.24639542300866 ; sf = 439.146784245634
      k =   94 ; sb/Sb = 0 ; sb = 0
      k =   93 ; sb/Sb = 0.0537234182790943 ; sb = 98.488578017961
      k =   92 ; sb/Sb = 0.215905885637353 ; sb = 395.809952964331
      k =   91 ; sb/Sb = 0.470183210586229 ; sb = 861.964433796598
      Creating new point: f = 0.119906630988184
    i = 108 ; sf/Sf = 0.389442704128947 ; sf = 694.097759925273
      k =   94 ; sb/Sb = 0 ; sb = 0
      k =   93 ; sb/Sb = 0.0537234182790943 ; sb = 98.488578017961
      k =   92 ; sb/Sb = 0.215905885637353 ; sb = 395.809952964331
      k =   91 ; sb/Sb = 0.470183210586229 ; sb = 861.964433796598
      Creating new point: f = 0.682470678525837
    i = 109 ; sf/Sf = 0.555126933370136 ; sf = 989.394221129941
      k =   94 ; sb/Sb = 0 ; sb = 0
      k =   93 ; sb/Sb = 0.0537234182790943 ; sb = 98.488578017961
      k =   92 ; sb/Sb = 0.215905885637353 ; sb = 395.809952964331
      k =   91 ; sb/Sb = 0.470183210586229 ; sb = 861.964433796598
      k =  386 ; sb/Sb = 0.616677496060599 ; sb = 1130.52541383651
      Creating new point: f = 0.579843251283468
    i = 110 ; sf/Sf = 0.72915146170204 ; sf = 1299.55546951536
      k =   94 ; sb/Sb = 0 ; sb = 0
      k =   93 ; sb/Sb = 0.0537234182790943 ; sb = 98.488578017961
      k =   92 ; sb/Sb = 0.215905885637353 ; sb = 395.809952964331
      k =   91 ; sb/Sb = 0.470183210586229 ; sb = 861.964433796598
      k =  386 ; sb/Sb = 0.616677496060599 ; sb = 1130.52541383651
      k =   90 ; sb/Sb = 0.763171781534968 ; sb = 1399.08639387643
      Creating new point: f = 0.767770328222939
    i = 111 ; sf/Sf = 0.90746471192054 ; sf = 1617.36044115677
      k =   94 ; sb/Sb = 0 ; sb = 0
      k =   93 ; sb/Sb = 0.0537234182790943 ; sb = 98.488578017961
      k =   92 ; sb/Sb = 0.215905885637353 ; sb = 395.809952964331
      k =   91 ; sb/Sb = 0.470183210586229 ; sb = 861.964433796598
      k =  386 ; sb/Sb = 0.616677496060599 ; sb = 1130.52541383651
      k =   90 ; sb/Sb = 0.763171781534968 ; sb = 1399.08639387643
      k =   89 ; sb/Sb = 1 ; sb = 1833.25226079828
      Creating new point: f = 0.609272540750364
Tear 4 : Sf = 786.010062731749 ; Sb = 726.27322820276
  Forwards path
    i = 103 ; sf/Sf = 0.201160125684524 ; sf = 158.113883008419
      k =  102 ; sb/Sb = 0 ; sb = 0
      k =  101 ; sb/Sb = 0.240463898687139 ; sb = 174.64249196573
      Creating new point: f = 0.836550213078961
    i = 104 ; sf/Sf = 0.399075520457442 ; sf = 313.677374869459
      k =  102 ; sb/Sb = 0 ; sb = 0
      k =  101 ; sb/Sb = 0.240463898687139 ; sb = 174.64249196573
      k =  100 ; sb/Sb = 0.521295922536392 ; sb = 378.603272509441
      Creating new point: f = 0.564791791179214
    i = 105 ; sf/Sf = 0.579895984182249 ; sf = 455.804078904978
      k =  102 ; sb/Sb = 0 ; sb = 0
      k =  101 ; sb/Sb = 0.240463898687139 ; sb = 174.64249196573
      k =  100 ; sb/Sb = 0.521295922536392 ; sb = 378.603272509441
      k =   99 ; sb/Sb = 0.708573519734814 ; sb = 514.617977596796
      Creating new point: f = 0.312904813616171
    i = 106 ; sf/Sf = 0.802084605227081 ; sf = 630.446570870708
      k =  102 ; sb/Sb = 0 ; sb = 0
      k =  101 ; sb/Sb = 0.240463898687139 ; sb = 174.64249196573
      k =  100 ; sb/Sb = 0.521295922536392 ; sb = 378.603272509441
      k =   99 ; sb/Sb = 0.708573519734814 ; sb = 514.617977596796
      k =   98 ; sb/Sb = 0.832493824800601 ; sb = 604.617977596796
      Creating new point: f = 0.754606643702368
Tear 5 : Sf = 2882.48075238928 ; Sb = 3104.37497086923
  Forwards path
    i = 37 ; sf/Sf = 0.0628304985601825 ; sf = 181.107702762748
      k =   36 ; sb/Sb = 0 ; sb = 0
      k =   35 ; sb/Sb = 0.0367280188700879 ; sb = 114.017542509914
      k =   34 ; sb/Sb = 0.101474550557959 ; sb = 315.015054932332
      Creating new point: f = 0.403148693986098
    i = 38 ; sf/Sf = 0.183507988715213 ; sf = 528.95824538127
      k =   36 ; sb/Sb = 0 ; sb = 0
      k =   35 ; sb/Sb = 0.0367280188700879 ; sb = 114.017542509914
      k =   34 ; sb/Sb = 0.101474550557959 ; sb = 315.015054932332
      k =   33 ; sb/Sb = 0.178043034942285 ; sb = 552.712341412426
      k =   32 ; sb/Sb = 0.213476898773883 ; sb = 662.712341412426
      Creating new point: f = 0.154229688269409
    i = 39 ; sf/Sf = 0.277177304555812 ; sf = 798.95824538127
      k =   36 ; sb/Sb = 0 ; sb = 0
      k =   35 ; sb/Sb = 0.0367280188700879 ; sb = 114.017542509914
      k =   34 ; sb/Sb = 0.101474550557959 ; sb = 315.015054932332
      k =   33 ; sb/Sb = 0.178043034942285 ; sb = 552.712341412426
      k =   32 ; sb/Sb = 0.213476898773883 ; sb = 662.712341412426
      k =   17 ; sb/Sb = 0.213476898773883 ; sb = 662.712341412426
      k =   16 ; sb/Sb = 0.287845468865678 ; sb = 893.58026902473
      Creating new point: f = 0.856550095064387
    i = 40 ; sf/Sf = 0.322807952486639 ; sf = 930.487709760929
      k =   36 ; sb/Sb = 0 ; sb = 0
      k =   35 ; sb/Sb = 0.0367280188700879 ; sb = 114.017542509914
      k =   34 ; sb/Sb = 0.101474550557959 ; sb = 315.015054932332
      k =   33 ; sb/Sb = 0.178043034942285 ; sb = 552.712341412426
      k =   32 ; sb/Sb = 0.213476898773883 ; sb = 662.712341412426
      k =   17 ; sb/Sb = 0.213476898773883 ; sb = 662.712341412426
      k =   16 ; sb/Sb = 0.287845468865678 ; sb = 893.58026902473
      k =   15 ; sb/Sb = 0.378785476731678 ; sb = 1175.89215329459
      Creating new point: f = 0.384456571330828
    i = 41 ; sf/Sf = 0.416477268327238 ; sf = 1200.48770976093
      k =   36 ; sb/Sb = 0 ; sb = 0
      k =   35 ; sb/Sb = 0.0367280188700879 ; sb = 114.017542509914
      k =   34 ; sb/Sb = 0.101474550557959 ; sb = 315.015054932332
      k =   33 ; sb/Sb = 0.178043034942285 ; sb = 552.712341412426
      k =   32 ; sb/Sb = 0.213476898773883 ; sb = 662.712341412426
      k =   17 ; sb/Sb = 0.213476898773883 ; sb = 662.712341412426
      k =   16 ; sb/Sb = 0.287845468865678 ; sb = 893.58026902473
      k =   15 ; sb/Sb = 0.378785476731678 ; sb = 1175.89215329459
      k =   14 ; sb/Sb = 0.465460728099954 ; sb = 1444.96463423607
      Creating new point: f = 0.434862212691038
    i = 42 ; sf/Sf = 0.496570752879022 ; sf = 1431.35563737323
      k =   36 ; sb/Sb = 0 ; sb = 0
      k =   35 ; sb/Sb = 0.0367280188700879 ; sb = 114.017542509914
      k =   34 ; sb/Sb = 0.101474550557959 ; sb = 315.015054932332
      k =   33 ; sb/Sb = 0.178043034942285 ; sb = 552.712341412426
      k =   32 ; sb/Sb = 0.213476898773883 ; sb = 662.712341412426
      k =   17 ; sb/Sb = 0.213476898773883 ; sb = 662.712341412426
      k =   16 ; sb/Sb = 0.287845468865678 ; sb = 893.58026902473
      k =   15 ; sb/Sb = 0.378785476731678 ; sb = 1175.89215329459
      k =   14 ; sb/Sb = 0.465460728099954 ; sb = 1444.96463423607
      k =   13 ; sb/Sb = 0.510558372976533 ; sb = 1584.96463423607
      Creating new point: f = 0.689837016194721
    i = 43 ; sf/Sf = 0.604172945236534 ; sf = 1741.51688575865
      k =   36 ; sb/Sb = 0 ; sb = 0
      k =   35 ; sb/Sb = 0.0367280188700879 ; sb = 114.017542509914
      k =   34 ; sb/Sb = 0.101474550557959 ; sb = 315.015054932332
      k =   33 ; sb/Sb = 0.178043034942285 ; sb = 552.712341412426
      k =   32 ; sb/Sb = 0.213476898773883 ; sb = 662.712341412426
      k =   17 ; sb/Sb = 0.213476898773883 ; sb = 662.712341412426
      k =   16 ; sb/Sb = 0.287845468865678 ; sb = 893.58026902473
      k =   15 ; sb/Sb = 0.378785476731678 ; sb = 1175.89215329459
      k =   14 ; sb/Sb = 0.465460728099954 ; sb = 1444.96463423607
      k =   13 ; sb/Sb = 0.510558372976533 ; sb = 1584.96463423607
      k =   12 ; sb/Sb = 0.610469386077688 ; sb = 1895.12588262148
      Creating new point: f = 0.9369795116102
    i = 44 ; sf/Sf = 0.690903793237089 ; sf = 1991.51688575865
      k =   36 ; sb/Sb = 0 ; sb = 0
      k =   35 ; sb/Sb = 0.0367280188700879 ; sb = 114.017542509914
      k =   34 ; sb/Sb = 0.101474550557959 ; sb = 315.015054932332
      k =   33 ; sb/Sb = 0.178043034942285 ; sb = 552.712341412426
      k =   32 ; sb/Sb = 0.213476898773883 ; sb = 662.712341412426
      k =   17 ; sb/Sb = 0.213476898773883 ; sb = 662.712341412426
      k =   16 ; sb/Sb = 0.287845468865678 ; sb = 893.58026902473
      k =   15 ; sb/Sb = 0.378785476731678 ; sb = 1175.89215329459
      k =   14 ; sb/Sb = 0.465460728099954 ; sb = 1444.96463423607
      k =   13 ; sb/Sb = 0.510558372976533 ; sb = 1584.96463423607
      k =   12 ; sb/Sb = 0.610469386077688 ; sb = 1895.12588262148
      k =   11 ; sb/Sb = 0.693036767519936 ; sb = 2151.44599498101
      Creating new point: f = 0.974166865345742
    i = 45 ; sf/Sf = 0.732822706185871 ; sf = 2112.3473454946
      k =   36 ; sb/Sb = 0 ; sb = 0
      k =   35 ; sb/Sb = 0.0367280188700879 ; sb = 114.017542509914
      k =   34 ; sb/Sb = 0.101474550557959 ; sb = 315.015054932332
      k =   33 ; sb/Sb = 0.178043034942285 ; sb = 552.712341412426
      k =   32 ; sb/Sb = 0.213476898773883 ; sb = 662.712341412426
      k =   17 ; sb/Sb = 0.213476898773883 ; sb = 662.712341412426
      k =   16 ; sb/Sb = 0.287845468865678 ; sb = 893.58026902473
      k =   15 ; sb/Sb = 0.378785476731678 ; sb = 1175.89215329459
      k =   14 ; sb/Sb = 0.465460728099954 ; sb = 1444.96463423607
      k =   13 ; sb/Sb = 0.510558372976533 ; sb = 1584.96463423607
      k =   12 ; sb/Sb = 0.610469386077688 ; sb = 1895.12588262148
      k =   11 ; sb/Sb = 0.693036767519936 ; sb = 2151.44599498101
      k =   10 ; sb/Sb = 0.805088483528045 ; sb = 2499.29653759953
      Creating new point: f = 0.355067642721826
    i = 46 ; sf/Sf = 0.838164096154248 ; sf = 2415.99187450837
      k =   36 ; sb/Sb = 0 ; sb = 0
      k =   35 ; sb/Sb = 0.0367280188700879 ; sb = 114.017542509914
      k =   34 ; sb/Sb = 0.101474550557959 ; sb = 315.015054932332
      k =   33 ; sb/Sb = 0.178043034942285 ; sb = 552.712341412426
      k =   32 ; sb/Sb = 0.213476898773883 ; sb = 662.712341412426
      k =   17 ; sb/Sb = 0.213476898773883 ; sb = 662.712341412426
      k =   16 ; sb/Sb = 0.287845468865678 ; sb = 893.58026902473
      k =   15 ; sb/Sb = 0.378785476731678 ; sb = 1175.89215329459
      k =   14 ; sb/Sb = 0.465460728099954 ; sb = 1444.96463423607
      k =   13 ; sb/Sb = 0.510558372976533 ; sb = 1584.96463423607
      k =   12 ; sb/Sb = 0.610469386077688 ; sb = 1895.12588262148
      k =   11 ; sb/Sb = 0.693036767519936 ; sb = 2151.44599498101
      k =   10 ; sb/Sb = 0.805088483528045 ; sb = 2499.29653759953
      k =    9 ; sb/Sb = 0.913324748631724 ; sb = 2835.30248992776
      Creating new point: f = 0.305587157821083
    i = 47 ; sf/Sf = 0.926816430284076 ; sf = 2671.53052129199
      k =   36 ; sb/Sb = 0 ; sb = 0
      k =   35 ; sb/Sb = 0.0367280188700879 ; sb = 114.017542509914
      k =   34 ; sb/Sb = 0.101474550557959 ; sb = 315.015054932332
      k =   33 ; sb/Sb = 0.178043034942285 ; sb = 552.712341412426
      k =   32 ; sb/Sb = 0.213476898773883 ; sb = 662.712341412426
      k =   17 ; sb/Sb = 0.213476898773883 ; sb = 662.712341412426
      k =   16 ; sb/Sb = 0.287845468865678 ; sb = 893.58026902473
      k =   15 ; sb/Sb = 0.378785476731678 ; sb = 1175.89215329459
      k =   14 ; sb/Sb = 0.465460728099954 ; sb = 1444.96463423607
      k =   13 ; sb/Sb = 0.510558372976533 ; sb = 1584.96463423607
      k =   12 ; sb/Sb = 0.610469386077688 ; sb = 1895.12588262148
      k =   11 ; sb/Sb = 0.693036767519936 ; sb = 2151.44599498101
      k =   10 ; sb/Sb = 0.805088483528045 ; sb = 2499.29653759953
      k =    9 ; sb/Sb = 0.913324748631724 ; sb = 2835.30248992776
      k =    8 ; sb/Sb = 1 ; sb = 3104.37497086923
      Creating new point: f = 0.155657831265199
Tear 6 : Sf = 1190.86466856933 ; Sb = 1381.63804710504
  Forwards path
    i = 26 ; sf/Sf = 0.106217868197146 ; sf = 126.491106406735
      k =   25 ; sb/Sb = 0 ; sb = 0
      k =   24 ; sb/Sb = 0.13521299396331 ; sb = 186.815416922694
      Creating new point: f = 0.785559620297797
    i = 27 ; sf/Sf = 0.167350842257303 ; sf = 199.29220529954
      k =   25 ; sb/Sb = 0 ; sb = 0
      k =   24 ; sb/Sb = 0.13521299396331 ; sb = 186.815416922694
      k =   23 ; sb/Sb = 0.238081255541166 ; sb = 328.942120958213
      Creating new point: f = 0.312417530937556
    i = 28 ; sf/Sf = 0.351517127296303 ; sf = 418.609327294153
      k =   25 ; sb/Sb = 0 ; sb = 0
      k =   24 ; sb/Sb = 0.13521299396331 ; sb = 186.815416922694
      k =   23 ; sb/Sb = 0.238081255541166 ; sb = 328.942120958213
      k =   22 ; sb/Sb = 0.322797364331341 ; sb = 445.989120065409
      k =   21 ; sb/Sb = 0.440619978077459 ; sb = 608.777326026406
      Creating new point: f = 0.243754251003519
    i = 29 ; sf/Sf = 0.588581750776169 ; sf = 700.921211564015
      k =   25 ; sb/Sb = 0 ; sb = 0
      k =   24 ; sb/Sb = 0.13521299396331 ; sb = 186.815416922694
      k =   23 ; sb/Sb = 0.238081255541166 ; sb = 328.942120958213
      k =   22 ; sb/Sb = 0.322797364331341 ; sb = 445.989120065409
      k =   21 ; sb/Sb = 0.440619978077459 ; sb = 608.777326026406
      k =   20 ; sb/Sb = 0.619672905908601 ; sb = 856.163663563466
      Creating new point: f = 0.826357739529658
    i = 30 ; sf/Sf = 0.784617754496926 ; sf = 934.373562162591
      k =   25 ; sb/Sb = 0 ; sb = 0
      k =   24 ; sb/Sb = 0.13521299396331 ; sb = 186.815416922694
      k =   23 ; sb/Sb = 0.238081255541166 ; sb = 328.942120958213
      k =   22 ; sb/Sb = 0.322797364331341 ; sb = 445.989120065409
      k =   21 ; sb/Sb = 0.440619978077459 ; sb = 608.777326026406
      k =   20 ; sb/Sb = 0.619672905908601 ; sb = 856.163663563466
      k =   19 ; sb/Sb = 0.793981866262192 ; sb = 1096.99555513931
      Creating new point: f = 0.946278655174865
    i = 31 ; sf/Sf = 0.890835622694073 ; sf = 1060.86466856933
      k =   25 ; sb/Sb = 0 ; sb = 0
      k =   24 ; sb/Sb = 0.13521299396331 ; sb = 186.815416922694
      k =   23 ; sb/Sb = 0.238081255541166 ; sb = 328.942120958213
      k =   22 ; sb/Sb = 0.322797364331341 ; sb = 445.989120065409
      k =   21 ; sb/Sb = 0.440619978077459 ; sb = 608.777326026406
      k =   20 ; sb/Sb = 0.619672905908601 ; sb = 856.163663563466
      k =   19 ; sb/Sb = 0.793981866262192 ; sb = 1096.99555513931
      k =   18 ; sb/Sb = 0.87359750816673 ; sb = 1206.99555513931
      k =   17 ; sb/Sb = 1 ; sb = 1381.63804710504
      Creating new point: f = 0.136374799874044
Tear 1 : Sf = 1206.08172337392 ; Sb = 1419.52502823495
  Backwards path
    i = 72 ; sf/Sf = 0.175689753768432 ; sf = 211.896201004171
      k =   73 ; sb/Sb = 0 ; sb = 0
      k =   74 ; sb/Sb = 0.0803209103341308 ; sb = 114.017542509914
      k =   75 ; sb/Sb = 0.171900838418698 ; sb = 244.017542509914
      k =   76 ; sb/Sb = 0.362626413543117 ; sb = 514.757269923531
      Creating new point: f = 0.0198657959073514
    i = 71 ; sf/Sf = 0.454406129089222 ; sf = 548.050927283603
      k =   73 ; sb/Sb = 0 ; sb = 0
      k =   74 ; sb/Sb = 0.0803209103341308 ; sb = 114.017542509914
      k =   75 ; sb/Sb = 0.171900838418698 ; sb = 244.017542509914
      k =   76 ; sb/Sb = 0.362626413543117 ; sb = 514.757269923531
      k =   77 ; sb/Sb = 0.576532137622765 ; sb = 818.401798937311
      Creating new point: f = 0.429066196994013
    i = 70 ; sf/Sf = 0.73299915128367 ; sf = 884.056879611832
      k =   73 ; sb/Sb = 0 ; sb = 0
      k =   74 ; sb/Sb = 0.0803209103341308 ; sb = 114.017542509914
      k =   75 ; sb/Sb = 0.171900838418698 ; sb = 244.017542509914
      k =   76 ; sb/Sb = 0.362626413543117 ; sb = 514.757269923531
      k =   77 ; sb/Sb = 0.576532137622765 ; sb = 818.401798937311
      k =   78 ; sb/Sb = 0.743980602251564 ; sb = 1056.09908541741
      Creating new point: f = 0.934418921115593
Tear 2 : Sf = 2824.82067789347 ; Sb = 2739.1690444134
  Backwards path
    i = 134 ; sf/Sf = 0.0427745593486846 ; sf = 120.830459735946
      k =  135 ; sb/Sb = 0 ; sb = 0
      k =  136 ; sb/Sb = 0.0255551953402681 ; sb = 70
      k =  137 ; sb/Sb = 0.197489262181886 ; sb = 540.956473572665
      Creating new point: f = 0.100150972548556
    i = 133 ; sf/Sf = 0.127217869575164 ; sf = 359.367668573477
      k =  135 ; sb/Sb = 0 ; sb = 0
      k =  136 ; sb/Sb = 0.0255551953402681 ; sb = 70
      k =  137 ; sb/Sb = 0.197489262181886 ; sb = 540.956473572665
      Creating new point: f = 0.59128871957961
    i = 132 ; sf/Sf = 0.223517578899568 ; sf = 631.397078748186
      k =  135 ; sb/Sb = 0 ; sb = 0
      k =  136 ; sb/Sb = 0.0255551953402681 ; sb = 70
      k =  137 ; sb/Sb = 0.197489262181886 ; sb = 540.956473572665
      k =  138 ; sb/Sb = 0.351211087524257 ; sb = 962.026539001211
      Creating new point: f = 0.169320892851171
    i = 131 ; sf/Sf = 0.348225777842261 ; sf = 983.675377824357
      k =  135 ; sb/Sb = 0 ; sb = 0
      k =  136 ; sb/Sb = 0.0255551953402681 ; sb = 70
      k =  137 ; sb/Sb = 0.197489262181886 ; sb = 540.956473572665
      k =  138 ; sb/Sb = 0.351211087524257 ; sb = 962.026539001211
      Creating new point: f = 0.980579792912636
    i = 130 ; sf/Sf = 0.448852840754803 ; sf = 1267.92878589539
      k =  135 ; sb/Sb = 0 ; sb = 0
      k =  136 ; sb/Sb = 0.0255551953402681 ; sb = 70
      k =  137 ; sb/Sb = 0.197489262181886 ; sb = 540.956473572665
      k =  138 ; sb/Sb = 0.351211087524257 ; sb = 962.026539001211
      k =  139 ; sb/Sb = 0.5118437439488 ; sb = 1402.02653900121
      Creating new point: f = 0.607857427025827
    i = 129 ; sf/Sf = 0.545542166138329 ; sf = 1541.05879157035
      k =  135 ; sb/Sb = 0 ; sb = 0
      k =  136 ; sb/Sb = 0.0255551953402681 ; sb = 70
      k =  137 ; sb/Sb = 0.197489262181886 ; sb = 540.956473572665
      k =  138 ; sb/Sb = 0.351211087524257 ; sb = 962.026539001211
      k =  139 ; sb/Sb = 0.5118437439488 ; sb = 1402.02653900121
      k =  140 ; sb/Sb = 0.593476821033264 ; sb = 1625.63333675119
      Creating new point: f = 0.41280352760269
    i = 128 ; sf/Sf = 0.640860868123163 ; sf = 1810.31703192707
      k =  135 ; sb/Sb = 0 ; sb = 0
      k =  136 ; sb/Sb = 0.0255551953402681 ; sb = 70
      k =  137 ; sb/Sb = 0.197489262181886 ; sb = 540.956473572665
      k =  138 ; sb/Sb = 0.351211087524257 ; sb = 962.026539001211
      k =  139 ; sb/Sb = 0.5118437439488 ; sb = 1402.02653900121
      k =  140 ; sb/Sb = 0.593476821033264 ; sb = 1625.63333675119
      k =  141 ; sb/Sb = 0.700350700892249 ; sb = 1918.37896011728
      Creating new point: f = 0.443364151768604
    i = 127 ; sf/Sf = 0.737485366596697 ; sf = 2083.2639132062
      k =  135 ; sb/Sb = 0 ; sb = 0
      k =  136 ; sb/Sb = 0.0255551953402681 ; sb = 70
      k =  137 ; sb/Sb = 0.197489262181886 ; sb = 540.956473572665
      k =  138 ; sb/Sb = 0.351211087524257 ; sb = 962.026539001211
      k =  139 ; sb/Sb = 0.5118437439488 ; sb = 1402.02653900121
      k =  140 ; sb/Sb = 0.593476821033264 ; sb = 1625.63333675119
      k =  141 ; sb/Sb = 0.700350700892249 ; sb = 1918.37896011728
      k =  142 ; sb/Sb = 0.801325240701281 ; sb = 2194.96529383607
      Creating new point: f = 0.367762663486047
    i = 126 ; sf/Sf = 0.815366416435251 ; sf = 2303.2639132062
      k =  135 ; sb/Sb = 0 ; sb = 0
      k =  136 ; sb/Sb = 0.0255551953402681 ; sb = 70
      k =  137 ; sb/Sb = 0.197489262181886 ; sb = 540.956473572665
      k =  138 ; sb/Sb = 0.351211087524257 ; sb = 962.026539001211
      k =  139 ; sb/Sb = 0.5118437439488 ; sb = 1402.02653900121
      k =  140 ; sb/Sb = 0.593476821033264 ; sb = 1625.63333675119
      k =  141 ; sb/Sb = 0.700350700892249 ; sb = 1918.37896011728
      k =  142 ; sb/Sb = 0.801325240701281 ; sb = 2194.96529383607
      k =  143 ; sb/Sb = 0.889246755463952 ; sb = 2435.79718541191
      Creating new point: f = 0.15970124914103
    i = 125 ; sf/Sf = 0.918271651925011 ; sf = 2593.95275028117
      k =  135 ; sb/Sb = 0 ; sb = 0
      k =  136 ; sb/Sb = 0.0255551953402681 ; sb = 70
      k =  137 ; sb/Sb = 0.197489262181886 ; sb = 540.956473572665
      k =  138 ; sb/Sb = 0.351211087524257 ; sb = 962.026539001211
      k =  139 ; sb/Sb = 0.5118437439488 ; sb = 1402.02653900121
      k =  140 ; sb/Sb = 0.593476821033264 ; sb = 1625.63333675119
      k =  141 ; sb/Sb = 0.700350700892249 ; sb = 1918.37896011728
      k =  142 ; sb/Sb = 0.801325240701281 ; sb = 2194.96529383607
      k =  143 ; sb/Sb = 0.889246755463952 ; sb = 2435.79718541191
      k =  144 ; sb/Sb = 0.94811320450434 ; sb = 2597.04234037788
      Creating new point: f = 0.493063484110362
Tear 3 : Sf = 1833.25226079828 ; Sb = 1782.28466618148
  Backwards path
    i = 93 ; sf/Sf = 0.0537234182790943 ; sf = 98.488578017961
      k =   94 ; sb/Sb = 0 ; sb = 0
      k =   95 ; sb/Sb = 0.0617185358137393 ; sb = 110
      Creating new point: f = 0.87045840557894
    i = 92 ; sf/Sf = 0.215905885637353 ; sf = 395.809952964331
      k =   94 ; sb/Sb = 0 ; sb = 0
      k =   95 ; sb/Sb = 0.0617185358137393 ; sb = 110
      k =   96 ; sb/Sb = 0.17008061894385 ; sb = 303.13207915828
      k =   97 ; sb/Sb = 0.24639542300866 ; sb = 439.146784245634
      Creating new point: f = 0.600476765354537
    i = 91 ; sf/Sf = 0.470183210586229 ; sf = 861.964433796598
      k =   94 ; sb/Sb = 0 ; sb = 0
      k =   95 ; sb/Sb = 0.0617185358137393 ; sb = 110
      k =   96 ; sb/Sb = 0.17008061894385 ; sb = 303.13207915828
      k =   97 ; sb/Sb = 0.24639542300866 ; sb = 439.146784245634
      k =  107 ; sb/Sb = 0.24639542300866 ; sb = 439.146784245634
      k =  108 ; sb/Sb = 0.389442704128947 ; sb = 694.097759925273
      k =  109 ; sb/Sb = 0.555126933370136 ; sb = 989.394221129941
      Creating new point: f = 0.487315581133234
    i = 386 ; sf/Sf = 0.616677496060599 ; sf = 1130.52541383651
      k =   94 ; sb/Sb = 0 ; sb = 0
      k =   95 ; sb/Sb = 0.0617185358137393 ; sb = 110
      k =   96 ; sb/Sb = 0.17008061894385 ; sb = 303.13207915828
      k =   97 ; sb/Sb = 0.24639542300866 ; sb = 439.146784245634
      k =  107 ; sb/Sb = 0.24639542300866 ; sb = 439.146784245634
      k =  108 ; sb/Sb = 0.389442704128947 ; sb = 694.097759925273
      k =  109 ; sb/Sb = 0.555126933370136 ; sb = 989.394221129941
      k =  110 ; sb/Sb = 0.72915146170204 ; sb = 1299.55546951536
      Creating new point: f = 0.353689007408609
    i = 90 ; sf/Sf = 0.763171781534968 ; sf = 1399.08639387643
      k =   94 ; sb/Sb = 0 ; sb = 0
      k =   95 ; sb/Sb = 0.0617185358137393 ; sb = 110
      k =   96 ; sb/Sb = 0.17008061894385 ; sb = 303.13207915828
      k =   97 ; sb/Sb = 0.24639542300866 ; sb = 439.146784245634
      k =  107 ; sb/Sb = 0.24639542300866 ; sb = 439.146784245634
      k =  108 ; sb/Sb = 0.389442704128947 ; sb = 694.097759925273
      k =  109 ; sb/Sb = 0.555126933370136 ; sb = 989.394221129941
      k =  110 ; sb/Sb = 0.72915146170204 ; sb = 1299.55546951536
      k =  111 ; sb/Sb = 0.90746471192054 ; sb = 1617.36044115677
      Creating new point: f = 0.190789634484482
Tear 4 : Sf = 726.27322820276 ; Sb = 786.010062731749
  Backwards path
    i = 101 ; sf/Sf = 0.240463898687139 ; sf = 174.64249196573
      k =  102 ; sb/Sb = 0 ; sb = 0
      k =  103 ; sb/Sb = 0.201160125684524 ; sb = 158.113883008419
      k =  104 ; sb/Sb = 0.399075520457442 ; sb = 313.677374869459
      Creating new point: f = 0.198588760857694
    i = 100 ; sf/Sf = 0.521295922536392 ; sf = 378.603272509441
      k =  102 ; sb/Sb = 0 ; sb = 0
      k =  103 ; sb/Sb = 0.201160125684524 ; sb = 158.113883008419
      k =  104 ; sb/Sb = 0.399075520457442 ; sb = 313.677374869459
      k =  105 ; sb/Sb = 0.579895984182249 ; sb = 455.804078904978
      Creating new point: f = 0.675921295417973
    i = 99 ; sf/Sf = 0.708573519734814 ; sf = 514.617977596796
      k =  102 ; sb/Sb = 0 ; sb = 0
      k =  103 ; sb/Sb = 0.201160125684524 ; sb = 158.113883008419
      k =  104 ; sb/Sb = 0.399075520457442 ; sb = 313.677374869459
      k =  105 ; sb/Sb = 0.579895984182249 ; sb = 455.804078904978
      k =  106 ; sb/Sb = 0.802084605227081 ; sb = 630.446570870708
      Creating new point: f = 0.579136478490504
    i = 98 ; sf/Sf = 0.832493824800601 ; sf = 604.617977596796
      k =  102 ; sb/Sb = 0 ; sb = 0
      k =  103 ; sb/Sb = 0.201160125684524 ; sb = 158.113883008419
      k =  104 ; sb/Sb = 0.399075520457442 ; sb = 313.677374869459
      k =  105 ; sb/Sb = 0.579895984182249 ; sb = 455.804078904978
      k =  106 ; sb/Sb = 0.802084605227081 ; sb = 630.446570870708
      k =  107 ; sb/Sb = 1 ; sb = 786.010062731749
      Creating new point: f = 0.153647570510675
Tear 5 : Sf = 3104.37497086923 ; Sb = 2882.48075238928
  Backwards path
    i = 35 ; sf/Sf = 0.0367280188700879 ; sf = 114.017542509914
      k =   36 ; sb/Sb = 0 ; sb = 0
      k =   37 ; sb/Sb = 0.0628304985601825 ; sb = 181.107702762748
      Creating new point: f = 0.584557177035732
    i = 34 ; sf/Sf = 0.101474550557959 ; sf = 315.015054932332
      k =   36 ; sb/Sb = 0 ; sb = 0
      k =   37 ; sb/Sb = 0.0628304985601825 ; sb = 181.107702762748
      k =   38 ; sb/Sb = 0.183507988715213 ; sb = 528.95824538127
      Creating new point: f = 0.320225851135381
    i = 33 ; sf/Sf = 0.178043034942285 ; sf = 552.712341412426
      k =   36 ; sb/Sb = 0 ; sb = 0
      k =   37 ; sb/Sb = 0.0628304985601825 ; sb = 181.107702762748
      k =   38 ; sb/Sb = 0.183507988715213 ; sb = 528.95824538127
      Creating new point: f = 0.954714389850938
    i = 32 ; sf/Sf = 0.213476898773883 ; sf = 662.712341412426
      k =   36 ; sb/Sb = 0 ; sb = 0
      k =   37 ; sb/Sb = 0.0628304985601825 ; sb = 181.107702762748
      k =   38 ; sb/Sb = 0.183507988715213 ; sb = 528.95824538127
      k =   39 ; sb/Sb = 0.277177304555812 ; sb = 798.95824538127
    i = 17 ; sf/Sf = 0.213476898773883 ; sf = 662.712341412426
      k =   36 ; sb/Sb = 0 ; sb = 0
      k =   37 ; sb/Sb = 0.0628304985601825 ; sb = 181.107702762748
      k =   38 ; sb/Sb = 0.183507988715213 ; sb = 528.95824538127
      k =   39 ; sb/Sb = 0.277177304555812 ; sb = 798.95824538127
      Creating new point: f = 0.319943727460002
    i = 16 ; sf/Sf = 0.287845468865678 ; sf = 893.58026902473
      k =   36 ; sb/Sb = 0 ; sb = 0
      k =   37 ; sb/Sb = 0.0628304985601825 ; sb = 181.107702762748
      k =   38 ; sb/Sb = 0.183507988715213 ; sb = 528.95824538127
      k =   39 ; sb/Sb = 0.277177304555812 ; sb = 798.95824538127
      k =   40 ; sb/Sb = 0.322807952486639 ; sb = 930.487709760929
      Creating new point: f = 0.233793837993224
    i = 15 ; sf/Sf = 0.378785476731678 ; sf = 1175.89215329459
      k =   36 ; sb/Sb = 0 ; sb = 0
      k =   37 ; sb/Sb = 0.0628304985601825 ; sb = 181.107702762748
      k =   38 ; sb/Sb = 0.183507988715213 ; sb = 528.95824538127
      k =   39 ; sb/Sb = 0.277177304555812 ; sb = 798.95824538127
      k =   40 ; sb/Sb = 0.322807952486639 ; sb = 930.487709760929
      k =   41 ; sb/Sb = 0.416477268327238 ; sb = 1200.48770976093
      Creating new point: f = 0.597607911861959
    i = 14 ; sf/Sf = 0.465460728099954 ; sf = 1444.96463423607
      k =   36 ; sb/Sb = 0 ; sb = 0
      k =   37 ; sb/Sb = 0.0628304985601825 ; sb = 181.107702762748
      k =   38 ; sb/Sb = 0.183507988715213 ; sb = 528.95824538127
      k =   39 ; sb/Sb = 0.277177304555812 ; sb = 798.95824538127
      k =   40 ; sb/Sb = 0.322807952486639 ; sb = 930.487709760929
      k =   41 ; sb/Sb = 0.416477268327238 ; sb = 1200.48770976093
      k =   42 ; sb/Sb = 0.496570752879022 ; sb = 1431.35563737323
      Creating new point: f = 0.611578582787787
    i = 13 ; sf/Sf = 0.510558372976532 ; sf = 1584.96463423607
      k =   36 ; sb/Sb = 0 ; sb = 0
      k =   37 ; sb/Sb = 0.0628304985601825 ; sb = 181.107702762748
      k =   38 ; sb/Sb = 0.183507988715213 ; sb = 528.95824538127
      k =   39 ; sb/Sb = 0.277177304555812 ; sb = 798.95824538127
      k =   40 ; sb/Sb = 0.322807952486639 ; sb = 930.487709760929
      k =   41 ; sb/Sb = 0.416477268327238 ; sb = 1200.48770976093
      k =   42 ; sb/Sb = 0.496570752879022 ; sb = 1431.35563737323
      k =   43 ; sb/Sb = 0.604172945236534 ; sb = 1741.51688575865
      Creating new point: f = 0.129993820674546
    i = 12 ; sf/Sf = 0.610469386077688 ; sf = 1895.12588262148
      k =   36 ; sb/Sb = 0 ; sb = 0
      k =   37 ; sb/Sb = 0.0628304985601825 ; sb = 181.107702762748
      k =   38 ; sb/Sb = 0.183507988715213 ; sb = 528.95824538127
      k =   39 ; sb/Sb = 0.277177304555812 ; sb = 798.95824538127
      k =   40 ; sb/Sb = 0.322807952486639 ; sb = 930.487709760929
      k =   41 ; sb/Sb = 0.416477268327238 ; sb = 1200.48770976093
      k =   42 ; sb/Sb = 0.496570752879022 ; sb = 1431.35563737323
      k =   43 ; sb/Sb = 0.604172945236534 ; sb = 1741.51688575865
      k =   44 ; sb/Sb = 0.690903793237089 ; sb = 1991.51688575865
      Creating new point: f = 0.0725974781327423
    i = 11 ; sf/Sf = 0.693036767519936 ; sf = 2151.44599498101
      k =   36 ; sb/Sb = 0 ; sb = 0
      k =   37 ; sb/Sb = 0.0628304985601825 ; sb = 181.107702762748
      k =   38 ; sb/Sb = 0.183507988715213 ; sb = 528.95824538127
      k =   39 ; sb/Sb = 0.277177304555812 ; sb = 798.95824538127
      k =   40 ; sb/Sb = 0.322807952486639 ; sb = 930.487709760929
      k =   41 ; sb/Sb = 0.416477268327238 ; sb = 1200.48770976093
      k =   42 ; sb/Sb = 0.496570752879022 ; sb = 1431.35563737323
      k =   43 ; sb/Sb = 0.604172945236534 ; sb = 1741.51688575865
      k =   44 ; sb/Sb = 0.690903793237089 ; sb = 1991.51688575865
      k =   45 ; sb/Sb = 0.732822706185871 ; sb = 2112.3473454946
      Creating new point: f = 0.0508833395907263
    i = 10 ; sf/Sf = 0.805088483528045 ; sf = 2499.29653759953
      k =   36 ; sb/Sb = 0 ; sb = 0
      k =   37 ; sb/Sb = 0.0628304985601825 ; sb = 181.107702762748
      k =   38 ; sb/Sb = 0.183507988715213 ; sb = 528.95824538127
      k =   39 ; sb/Sb = 0.277177304555812 ; sb = 798.95824538127
      k =   40 ; sb/Sb = 0.322807952486639 ; sb = 930.487709760929
      k =   41 ; sb/Sb = 0.416477268327238 ; sb = 1200.48770976093
      k =   42 ; sb/Sb = 0.496570752879022 ; sb = 1431.35563737323
      k =   43 ; sb/Sb = 0.604172945236534 ; sb = 1741.51688575865
      k =   44 ; sb/Sb = 0.690903793237089 ; sb = 1991.51688575865
      k =   45 ; sb/Sb = 0.732822706185871 ; sb = 2112.3473454946
      k =   46 ; sb/Sb = 0.838164096154248 ; sb = 2415.99187450838
      Creating new point: f = 0.686015035152544
    i = 9 ; sf/Sf = 0.913324748631724 ; sf = 2835.30248992776
      k =   36 ; sb/Sb = 0 ; sb = 0
      k =   37 ; sb/Sb = 0.0628304985601825 ; sb = 181.107702762748
      k =   38 ; sb/Sb = 0.183507988715213 ; sb = 528.95824538127
      k =   39 ; sb/Sb = 0.277177304555812 ; sb = 798.95824538127
      k =   40 ; sb/Sb = 0.322807952486639 ; sb = 930.487709760929
      k =   41 ; sb/Sb = 0.416477268327238 ; sb = 1200.48770976093
      k =   42 ; sb/Sb = 0.496570752879022 ; sb = 1431.35563737323
      k =   43 ; sb/Sb = 0.604172945236534 ; sb = 1741.51688575865
      k =   44 ; sb/Sb = 0.690903793237089 ; sb = 1991.51688575865
      k =   45 ; sb/Sb = 0.732822706185871 ; sb = 2112.3473454946
      k =   46 ; sb/Sb = 0.838164096154248 ; sb = 2415.99187450838
      k =   47 ; sb/Sb = 0.926816430284076 ; sb = 2671.53052129199
      Creating new point: f = 0.847813576655591
Tear 6 : Sf = 1381.63804710504 ; Sb = 1190.86466856933
  Backwards path
    i = 24 ; sf/Sf = 0.13521299396331 ; sf = 186.815416922694
      k =   25 ; sb/Sb = 0 ; sb = 0
      k =   26 ; sb/Sb = 0.106217868197146 ; sb = 126.491106406735
      k =   27 ; sb/Sb = 0.167350842257303 ; sb = 199.29220529954
      Creating new point: f = 0.474296011472174
    i = 23 ; sf/Sf = 0.238081255541166 ; sf = 328.942120958213
      k =   25 ; sb/Sb = 0 ; sb = 0
      k =   26 ; sb/Sb = 0.106217868197146 ; sb = 126.491106406735
      k =   27 ; sb/Sb = 0.167350842257303 ; sb = 199.29220529954
      k =   28 ; sb/Sb = 0.351517127296303 ; sb = 418.609327294153
      Creating new point: f = 0.384057338556212
    i = 22 ; sf/Sf = 0.322797364331341 ; sf = 445.989120065409
      k =   25 ; sb/Sb = 0 ; sb = 0
      k =   26 ; sb/Sb = 0.106217868197146 ; sb = 126.491106406735
      k =   27 ; sb/Sb = 0.167350842257303 ; sb = 199.29220529954
      k =   28 ; sb/Sb = 0.351517127296303 ; sb = 418.609327294153
      Creating new point: f = 0.844055262564048
    i = 21 ; sf/Sf = 0.440619978077459 ; sf = 608.777326026406
      k =   25 ; sb/Sb = 0 ; sb = 0
      k =   26 ; sb/Sb = 0.106217868197146 ; sb = 126.491106406735
      k =   27 ; sb/Sb = 0.167350842257303 ; sb = 199.29220529954
      k =   28 ; sb/Sb = 0.351517127296303 ; sb = 418.609327294153
      k =   29 ; sb/Sb = 0.588581750776169 ; sb = 700.921211564016
      Creating new point: f = 0.375858909158258
    i = 20 ; sf/Sf = 0.619672905908601 ; sf = 856.163663563466
      k =   25 ; sb/Sb = 0 ; sb = 0
      k =   26 ; sb/Sb = 0.106217868197146 ; sb = 126.491106406735
      k =   27 ; sb/Sb = 0.167350842257303 ; sb = 199.29220529954
      k =   28 ; sb/Sb = 0.351517127296303 ; sb = 418.609327294153
      k =   29 ; sb/Sb = 0.588581750776169 ; sb = 700.921211564016
      k =   30 ; sb/Sb = 0.784617754496926 ; sb = 934.37356216259
      Creating new point: f = 0.158599209034684
    i = 19 ; sf/Sf = 0.793981866262192 ; sf = 1096.99555513931
      k =   25 ; sb/Sb = 0 ; sb = 0
      k =   26 ; sb/Sb = 0.106217868197146 ; sb = 126.491106406735
      k =   27 ; sb/Sb = 0.167350842257303 ; sb = 199.29220529954
      k =   28 ; sb/Sb = 0.351517127296303 ; sb = 418.609327294153
      k =   29 ; sb/Sb = 0.588581750776169 ; sb = 700.921211564016
      k =   30 ; sb/Sb = 0.784617754496926 ; sb = 934.37356216259
      k =   31 ; sb/Sb = 0.890835622694072 ; sb = 1060.86466856933
      Creating new point: f = 0.0881594775361692
    i = 18 ; sf/Sf = 0.87359750816673 ; sf = 1206.99555513931
      k =   25 ; sb/Sb = 0 ; sb = 0
      k =   26 ; sb/Sb = 0.106217868197146 ; sb = 126.491106406735
      k =   27 ; sb/Sb = 0.167350842257303 ; sb = 199.29220529954
      k =   28 ; sb/Sb = 0.351517127296303 ; sb = 418.609327294153
      k =   29 ; sb/Sb = 0.588581750776169 ; sb = 700.921211564016
      k =   30 ; sb/Sb = 0.784617754496926 ; sb = 934.37356216259
      k =   31 ; sb/Sb = 0.890835622694072 ; sb = 1060.86466856933
      Creating new point: f = 0.837709842798318
Triangulating...
[1] "Non-adjacent points in rim connected by line: 532 88"
[1] "In triangle: 397" "In triangle: 408"
[1] "Other points in triangles: 385 89"
[1] "Non-adjacent points in rim connected by line: 536 97"
[1] "In triangle: 387" "In triangle: 388"
[1] "Other points in triangles: 98 503"
[1] "Non-adjacent points in rim connected by line: 549 548"
[1] "In triangle: 618" "In triangle: 619"
[1] "Other points in triangles: 24 650"
Merging points...
Projecting to sphere...
Optimising mapping with FIRE...
E =  0.00333 | E_L =  0.00333 | E_A =  0.00000 |   0 flippped triangles
E =  0.00304 | E_L =  0.00304 | E_A =  0.00000 |  85 flippped triangles
        phi0    phi0.1    phi0.2    phi0.3    phi0.4    phi0.5    phi0.6
id      5.00    29.000    52.000  53.00000    58.000    65.000   104.000
A   33312.29  7787.115  7665.555  90.06609  2726.299  1961.143  2460.274
a  -27620.98 -6881.380 -7281.846 -92.28825 -2640.793 -1336.399 -2346.497
      phi0.7    phi0.8    phi0.9   phi0.10   phi0.11   phi0.12   phi0.13
id   106.000   111.000 131.00000    280.00  328.0000   357.000   376.000
A   8019.189  1922.385  95.78674  31860.26  679.8506  3938.417  6711.914
a  -8989.230 -1622.044 -94.55739 -15612.83 -712.8707 -2690.873 -5724.977
     phi0.14   phi0.15   phi0.16   phi0.17   phi0.18   phi0.19   phi0.20
id   385.000  387.0000  392.0000   413.000   414.000   447.000   489.000
A   3148.803  587.2738 2410.7335  2963.674  3423.983  4907.388  8821.148
a  -2781.504 -684.5359 -601.8712 -2662.347 -3441.942 -4960.527 -9399.204
     phi0.21   phi0.22   phi0.23   phi0.24   phi0.25   phi0.26   phi0.27
id  499.0000    612.00   616.000  621.0000   622.000   626.000    657.00
A   289.3603  15671.58 13009.393  273.4946  7981.378  2928.885  38659.61
a  -275.6387 -14583.17 -8801.841 -266.6406 -7320.956 -2128.937 -20179.84
     phi0.28   phi0.29   phi0.30   phi0.31   phi0.32   phi0.33   phi0.34
id  664.0000    670.00   672.000   673.000   675.000    676.00  678.0000
A  1889.4233  17011.33  2746.410  1908.284  7132.623  20627.48  167.4954
a  -453.5404 -16602.07 -2499.298 -2121.222 -4458.642 -13577.35 -183.6231
     phi0.35   phi0.36   phi0.37   phi0.38   phi0.39    phi0.40   phi0.41
id    680.00    682.00   691.000   693.000  694.0000   699.0000 703.00000
A   32699.79  35034.42  1093.239  1811.094  779.8867   977.9333  59.05605
a  -22422.42 -22603.82 -1059.577 -1634.700 -786.6834 -1123.3496 -58.04144
    phi0.42  phi0.43   phi0.44   phi0.45   phi0.46   phi0.47   phi0.48
id   704.00   705.00   708.000  712.0000   714.000   718.000   719.000
A  41108.83 56165.40  3503.428  514.6162  6326.184 10458.561  3245.682
a  -8725.65 -8147.65 -3308.934 -487.0126 -4039.359 -1943.616 -2528.353
     phi0.49   phi0.50   phi0.51   phi0.52   phi0.53   phi0.54   phi0.55
id   721.000  724.0000  727.0000   730.000   734.000   736.000    738.00
A   3619.053 2125.9382  387.6736  6579.697  2539.691  5648.555  21519.52
a  -3206.517 -237.4716 -325.6509 -6966.972 -2451.535 -5368.951 -12541.10
     phi0.56   phi0.57   phi0.58   phi0.59   phi0.60   phi0.61  phi0.62
id   741.000   744.000  746.0000  758.0000    760.00   763.000  767.000
A  20012.880  4903.725  225.4585  764.0344  26070.09  1208.870  334.234
a  -4717.862 -5017.631 -184.5553 -697.3693 -19351.97 -1200.567 -342.605
     phi0.63   phi0.64   phi0.65   phi0.66   phi0.67   phi0.68   phi0.69
id   769.000   774.000   776.000   778.000   779.000   781.000   787.000
A   1846.407  7045.048 10715.302  1435.670 12618.767 10127.350  1273.670
a  -1498.206 -5426.327 -4782.792 -1400.067 -6766.373 -2277.703 -1204.408
     phi0.70   phi0.71   phi0.72   phi0.73   phi0.74   phi0.75   phi0.76
id   800.000   805.000   811.000  812.0000    945.00  963.0000   967.000
A   2475.630  6677.381  6845.433  443.6780  17510.08  952.1124  8233.677
a  -2468.534 -6332.439 -7000.355 -455.3705 -13079.46 -867.9317 -6075.865
     phi0.77   phi0.78   phi0.79  phi0.80   phi0.81   phi0.82   phi0.83
id   970.000   972.000  1058.000 1061.000  1067.000 1111.0000 1113.0000
A   1369.658  6320.848  2306.443  236.275  1396.141 1315.2779  988.5113
a  -1551.646 -5709.198 -1953.804 -256.157 -1520.672 -522.9328 -918.0168
     phi0.84
id  1114.000
A   2338.478
a  -2151.601
E =  0.00295 | E_L =  0.00295 | E_A =  0.00000 |  84 flippped triangles
        phi0    phi0.1    phi0.2    phi0.3    phi0.4    phi0.5    phi0.6
id      5.00    29.000    52.000  53.00000    58.000    65.000   104.000
A   33312.29  7787.115  7665.555  90.06609  2726.299  1961.143  2460.274
a  -31280.78 -7303.331 -7432.223 -92.59095 -2696.895 -1365.976 -2366.954
      phi0.7    phi0.8    phi0.9   phi0.10   phi0.11   phi0.12   phi0.13
id   106.000   111.000 131.00000    280.00  328.0000   357.000   376.000
A   8019.189  1922.385  95.78674  31860.26  679.8506  3938.417  6711.914
a  -8736.194 -1827.495 -95.61700 -13687.83 -737.3586 -2481.163 -5615.241
     phi0.14   phi0.15   phi0.16   phi0.17   phi0.18   phi0.19   phi0.20
id   385.000  387.0000  392.0000   413.000   414.000   447.000   489.000
A   3148.803  587.2738 2410.7335  2963.674  3423.983  4907.388  8821.148
a  -2919.402 -667.5063 -829.1585 -2616.679 -3475.270 -4955.101 -8828.547
     phi0.21   phi0.22   phi0.23   phi0.24   phi0.25   phi0.26   phi0.27
id  499.0000    612.00   616.000  621.0000   622.000   626.000    657.00
A   289.3603  15671.58 13009.393  273.4946  7981.378  2928.885  38659.61
a  -278.6400 -14404.12 -8608.883 -272.0905 -7045.491 -1853.683 -17612.86
     phi0.28   phi0.29   phi0.30   phi0.31   phi0.32   phi0.33   phi0.34
id  664.0000    670.00   672.000   673.000   675.000    676.00  678.0000
A  1889.4233  17011.33  2746.410  1908.284  7132.623  20627.48  167.4954
a  -289.7058 -16517.32 -2497.934 -2126.187 -4150.814 -13508.62 -175.2330
     phi0.35   phi0.36   phi0.37   phi0.38   phi0.39    phi0.40   phi0.41
id    680.00    682.00   691.000   693.000  694.0000   699.0000 703.00000
A   32699.79  35034.42  1093.239  1811.094  779.8867   977.9333  59.05605
a  -16530.15 -18368.96 -1053.213 -1719.902 -779.4903 -1104.5024 -56.59414
     phi0.42   phi0.43   phi0.44   phi0.45   phi0.46   phi0.47   phi0.48
id   704.000    705.00   708.000  712.0000   714.000   719.000   721.000
A  41108.835  56165.40  3503.428  514.6162  6326.184  3245.682  3619.053
a  -2251.628 -17306.22 -3253.307 -464.2126 -3692.607 -2548.289 -3207.609
     phi0.49   phi0.50   phi0.51   phi0.52   phi0.53   phi0.54   phi0.55
id  724.0000  727.0000   730.000   734.000   736.000    738.00   741.000
A  2125.9382  387.6736  6579.697  2539.691  5648.555  21519.52 20012.880
a  -678.3119 -337.2134 -6929.666 -2404.188 -5227.103 -11910.70 -6789.537
     phi0.56   phi0.57   phi0.58   phi0.59   phi0.60   phi0.61   phi0.62
id   744.000  746.0000  758.0000    760.00   763.000  767.0000   769.000
A   4903.725  225.4585  764.0344  26070.09  1208.870  334.2340  1846.407
a  -5079.852 -183.1038 -700.2106 -22174.80 -1150.695 -345.2721 -1446.581
     phi0.63   phi0.64   phi0.65   phi0.66   phi0.67   phi0.68   phi0.69
id   774.000   776.000   778.000   779.000   787.000   800.000   805.000
A   7045.048 10715.302  1435.670 12618.767  1273.670  2475.630  6677.381
a  -5513.650 -4875.677 -1381.103 -5519.489 -1204.311 -2394.098 -6487.906
     phi0.70   phi0.71   phi0.72   phi0.73   phi0.74   phi0.75   phi0.76
id   811.000  812.0000   944.000   945.000  963.0000   967.000   970.000
A   6845.433  443.6780  7847.868 17510.083  952.1124  8233.677  1369.658
a  -6940.796 -428.9246 -7317.369 -2914.584 -862.2545 -5578.566 -1392.375
     phi0.77   phi0.78   phi0.79   phi0.80   phi0.81   phi0.82   phi0.83
id   972.000  1058.000 1061.0000  1067.000 1111.0000 1113.0000  1114.000
A   6320.848  2306.443  236.2750  1396.141 1315.2779  988.5113  2338.478
a  -5937.224 -2036.152 -255.2772 -1553.148 -379.0665 -921.1436 -2108.069
E =  0.00291 | E_L =  0.00291 | E_A =  0.00000 |  83 flippped triangles
        phi0    phi0.1    phi0.2    phi0.3    phi0.4    phi0.5    phi0.6
id      5.00    29.000    52.000  53.00000    58.000    65.000   104.000
A   33312.29  7787.115  7665.555  90.06609  2726.299  1961.143  2460.274
a  -28831.46 -7543.239 -7155.503 -91.94260 -2745.286 -1259.659 -2303.133
      phi0.7    phi0.8    phi0.9   phi0.10   phi0.11   phi0.12   phi0.13
id   106.000   111.000 131.00000    280.00  328.0000   357.000   376.000
A   8019.189  1922.385  95.78674  31860.26  679.8506  3938.417  6711.914
a  -8807.125 -1794.611 -95.00476 -10576.94 -744.2574 -2760.059 -5798.707
     phi0.14   phi0.15   phi0.16   phi0.17   phi0.18   phi0.19   phi0.20
id   385.000  387.0000  392.0000   413.000   414.000   447.000   489.000
A   3148.803  587.2738 2410.7335  2963.674  3423.983  4907.388  8821.148
a  -2909.980 -674.4498 -721.3067 -2662.517 -3509.911 -4982.103 -9147.300
     phi0.21   phi0.22   phi0.23   phi0.24   phi0.25   phi0.26   phi0.27
id  499.0000    612.00   616.000  621.0000   622.000   626.000    657.00
A   289.3603  15671.58 13009.393  273.4946  7981.378  2928.885  38659.61
a  -279.1865 -14611.02 -8763.391 -271.8000 -7062.316 -2008.449 -18284.71
    phi0.28   phi0.29   phi0.30   phi0.31   phi0.32   phi0.33   phi0.34
id  664.000    670.00   672.000   673.000   675.000    676.00  678.0000
A  1889.423  17011.33  2746.410  1908.284  7132.623  20627.48  167.4954
a  -224.069 -16446.59 -2514.018 -2106.962 -4412.376 -13876.72 -173.1605
     phi0.35   phi0.36   phi0.37   phi0.38   phi0.39    phi0.40   phi0.41
id    680.00    682.00   691.000   693.000  694.0000   699.0000 703.00000
A   32699.79  35034.42  1093.239  1811.094  779.8867   977.9333  59.05605
a  -17643.27 -19725.10 -1091.115 -1722.670 -794.3408 -1106.6356 -57.68467
     phi0.42   phi0.43   phi0.44   phi0.45   phi0.46   phi0.47   phi0.48
id   705.000   708.000  712.0000   714.000   719.000   721.000   724.000
A  56165.399  3503.428  514.6162  6326.184  3245.682  3619.053  2125.938
a  -7644.764 -3154.411 -467.2220 -2459.160 -2698.996 -3279.718 -1282.275
     phi0.49   phi0.50   phi0.51   phi0.52   phi0.53   phi0.54   phi0.55
id  727.0000   730.000   734.000   736.000   738.000   741.000   744.000
A   387.6736  6579.697  2539.691  5648.555 21519.524 20012.880  4903.725
a  -349.1118 -6811.741 -2493.173 -5492.735 -9837.613 -5160.463 -4969.964
     phi0.56   phi0.57   phi0.58   phi0.59   phi0.60   phi0.61   phi0.62
id  746.0000  758.0000    760.00   763.000  767.0000   769.000   774.000
A   225.4585  764.0344  26070.09  1208.870  334.2340  1846.407  7045.048
a  -183.2985 -714.3141 -20520.43 -1164.476 -348.1781 -1572.270 -5222.087
     phi0.63   phi0.64   phi0.65   phi0.66   phi0.67   phi0.68   phi0.69
id   776.000   778.000   779.000   787.000   800.000   805.000   811.000
A  10715.302  1435.670 12618.767  1273.670  2475.630  6677.381  6845.433
a  -6164.055 -1400.816 -5511.598 -1217.471 -2412.444 -6307.982 -6903.419
     phi0.70   phi0.71   phi0.72   phi0.73   phi0.74   phi0.75   phi0.76
id  812.0000   944.000   945.000  963.0000   967.000   970.000   972.000
A   443.6780  7847.868 17510.083  952.1124  8233.677  1369.658  6320.848
a  -436.1032 -6757.341 -3987.332 -872.1255 -6304.565 -1437.916 -6102.707
     phi0.77   phi0.78   phi0.79   phi0.80   phi0.81   phi0.82
id  1058.000 1061.0000  1067.000 1111.0000 1113.0000  1114.000
A   2306.443  236.2750  1396.141 1315.2779  988.5113  2338.478
a  -1953.832 -257.4634 -1528.292 -595.9802 -916.2256 -1778.810
E =  0.00288 | E_L =  0.00288 | E_A =  0.00000 |  84 flippped triangles
        phi0    phi0.1    phi0.2    phi0.3    phi0.4    phi0.5    phi0.6
id      5.00    29.000    52.000  53.00000    58.000    65.000   104.000
A   33312.29  7787.115  7665.555  90.06609  2726.299  1961.143  2460.274
a  -29572.20 -7374.695 -7330.364 -92.27053 -2728.976 -1355.786 -2326.169
      phi0.7    phi0.8    phi0.9   phi0.10   phi0.11   phi0.12   phi0.13
id   106.000   111.000 131.00000    280.00  328.0000   357.000   376.000
A   8019.189  1922.385  95.78674  31860.26  679.8506  3938.417  6711.914
a  -8690.301 -1762.028 -95.13860 -14349.95 -746.0342 -2669.618 -5826.395
     phi0.14   phi0.15   phi0.16   phi0.17   phi0.18   phi0.19   phi0.20
id   385.000  387.0000  392.0000   413.000   414.000   447.000   489.000
A   3148.803  587.2738 2410.7335  2963.674  3423.983  4907.388  8821.148
a  -2909.892 -665.9023 -633.8586 -2681.427 -3545.046 -5031.534 -9443.540
     phi0.21   phi0.22   phi0.23   phi0.24   phi0.25   phi0.26   phi0.27
id  499.0000    612.00   616.000  621.0000   622.000   626.000    657.00
A   289.3603  15671.58 13009.393  273.4946  7981.378  2928.885  38659.61
a  -280.0179 -14444.77 -8740.624 -271.2843 -7102.071 -1832.700 -13822.70
    phi0.28   phi0.29   phi0.30   phi0.31   phi0.32   phi0.33   phi0.34
id  664.000    670.00   672.000   673.000   675.000    676.00  678.0000
A  1889.423  17011.33  2746.410  1908.284  7132.623  20627.48  167.4954
a  -263.034 -16583.41 -2484.282 -2142.007 -3974.114 -13886.58 -173.7741
     phi0.35   phi0.36   phi0.37   phi0.38   phi0.39    phi0.40   phi0.41
id    680.00    682.00   691.000   693.000  694.0000   699.0000 703.00000
A   32699.79  35034.42  1093.239  1811.094  779.8867   977.9333  59.05605
a  -13571.91 -15159.20 -1079.382 -1755.512 -776.4225 -1108.3269 -57.66511
     phi0.42   phi0.43   phi0.44   phi0.45   phi0.46   phi0.47   phi0.48
id   704.000    705.00   708.000  712.0000   714.000   719.000   721.000
A  41108.835  56165.40  3503.428  514.6162  6326.184  3245.682  3619.053
a  -3573.884 -12498.34 -3294.796 -469.1291 -3381.154 -2602.738 -3173.545
     phi0.49   phi0.50   phi0.51   phi0.52   phi0.53   phi0.54   phi0.55
id   724.000  727.0000   730.000   734.000   736.000    738.00   741.000
A   2125.938  387.6736  6579.697  2539.691  5648.555  21519.52 20012.880
a  -1043.259 -345.4492 -6863.262 -2483.820 -5397.390 -12257.03 -4823.277
     phi0.56   phi0.57   phi0.58   phi0.59   phi0.60  phi0.61   phi0.62
id   744.000  746.0000  758.0000    760.00   763.000  767.000   769.000
A   4903.725  225.4585  764.0344  26070.09  1208.870  334.234  1846.407
a  -5132.193 -180.0279 -683.2250 -20820.24 -1155.395 -346.294 -1542.137
     phi0.63   phi0.64   phi0.65   phi0.66   phi0.67   phi0.68   phi0.69
id   774.000   776.000   778.000   779.000   787.000   800.000   805.000
A   7045.048 10715.302  1435.670 12618.767  1273.670  2475.630  6677.381
a  -5537.603 -5756.922 -1403.659 -5517.461 -1180.254 -2360.132 -6544.954
     phi0.70   phi0.71   phi0.72  phi0.73   phi0.74   phi0.75   phi0.76
id   811.000  812.0000   944.000   945.00  963.0000   967.000   970.000
A   6845.433  443.6780  7847.868 17510.08  952.1124  8233.677  1369.658
a  -6971.268 -434.8553 -7065.321 -3975.81 -877.9886 -5832.729 -1495.144
     phi0.77   phi0.78   phi0.79   phi0.80   phi0.81   phi0.82   phi0.83
id   972.000  1058.000 1061.0000  1067.000 1111.0000 1113.0000  1114.000
A   6320.848  2306.443  236.2750  1396.141 1315.2779  988.5113  2338.478
a  -5844.366 -1992.413 -259.4736 -1541.049 -455.6394 -914.7319 -2084.610
E =  0.00287 | E_L =  0.00287 | E_A =  0.00000 |  84 flippped triangles
        phi0    phi0.1    phi0.2    phi0.3    phi0.4    phi0.5    phi0.6
id      5.00    29.000    52.000  53.00000    58.000    65.000   104.000
A   33312.29  7787.115  7665.555  90.06609  2726.299  1961.143  2460.274
a  -28103.27 -7509.138 -7413.099 -92.83057 -2672.599 -1352.455 -2343.776
      phi0.7    phi0.8    phi0.9   phi0.10   phi0.11   phi0.12   phi0.13
id   106.000   111.000 131.00000    280.00  328.0000   357.000   376.000
A   8019.189  1922.385  95.78674  31860.26  679.8506  3938.417  6711.914
a  -8634.068 -1705.167 -95.74151 -15259.54 -735.3014 -2655.710 -5771.852
     phi0.14   phi0.15   phi0.16   phi0.17   phi0.18   phi0.19   phi0.20
id   385.000  387.0000  392.0000   413.000   414.000   447.000   489.000
A   3148.803  587.2738 2410.7335  2963.674  3423.983  4907.388  8821.148
a  -2914.583 -666.1294 -521.1406 -2684.116 -3539.812 -4966.095 -9650.874
     phi0.21   phi0.22   phi0.23   phi0.24   phi0.25   phi0.26   phi0.27
id  499.0000    612.00   616.000  621.0000   622.000   626.000    657.00
A   289.3603  15671.58 13009.393  273.4946  7981.378  2928.885  38659.61
a  -280.5864 -14684.78 -8594.883 -272.2632 -7009.858 -1949.998 -13371.76
     phi0.28   phi0.29   phi0.30   phi0.31   phi0.32   phi0.33   phi0.34
id  664.0000    670.00   672.000   673.000   675.000    676.00  678.0000
A  1889.4233  17011.33  2746.410  1908.284  7132.623  20627.48  167.4954
a  -383.4472 -16709.85 -2483.472 -2138.735 -3886.356 -13798.96 -176.4353
     phi0.35   phi0.36   phi0.37   phi0.38   phi0.39    phi0.40   phi0.41
id    680.00    682.00   691.000   693.000  694.0000   699.0000 703.00000
A   32699.79  35034.42  1093.239  1811.094  779.8867   977.9333  59.05605
a  -13960.26 -14849.74 -1089.130 -1798.757 -748.1790 -1111.6641 -58.13467
     phi0.42   phi0.43   phi0.44   phi0.45   phi0.46   phi0.47   phi0.48
id   704.000   705.000   708.000  712.0000   714.000   719.000   721.000
A  41108.835 56165.399  3503.428  514.6162  6326.184  3245.682  3619.053
a  -3261.114 -8051.318 -3297.089 -475.7549 -3194.418 -2717.564 -3226.388
     phi0.49   phi0.50   phi0.51   phi0.52   phi0.53   phi0.54   phi0.55
id   724.000  727.0000   730.000   734.000   736.000    738.00   741.000
A   2125.938  387.6736  6579.697  2539.691  5648.555  21519.52 20012.880
a  -1464.727 -354.2538 -6784.644 -2504.741 -5414.496 -12712.78 -4394.489
     phi0.56   phi0.57   phi0.58   phi0.59   phi0.60   phi0.61   phi0.62
id   744.000  746.0000  758.0000    760.00   763.000  767.0000   769.000
A   4903.725  225.4585  764.0344  26070.09  1208.870  334.2340  1846.407
a  -5234.264 -173.8535 -676.0840 -19368.05 -1147.412 -342.5748 -1600.572
     phi0.63  phi0.64   phi0.65   phi0.66   phi0.67   phi0.68   phi0.69
id   774.000   776.00   778.000   779.000   787.000   800.000   805.000
A   7045.048 10715.30  1435.670 12618.767  1273.670  2475.630  6677.381
a  -5576.463 -6558.56 -1415.685 -5593.681 -1153.098 -2256.841 -6513.458
     phi0.70  phi0.71   phi0.72   phi0.73   phi0.74   phi0.75   phi0.76
id   811.000  812.000   944.000   945.000  963.0000   967.000   970.000
A   6845.433  443.678  7847.868 17510.083  952.1124  8233.677  1369.658
a  -6915.328 -440.206 -6925.583 -5478.133 -909.6014 -6168.321 -1541.191
     phi0.77   phi0.78   phi0.79   phi0.80   phi0.81   phi0.82   phi0.83
id   972.000  1058.000 1061.0000  1067.000 1111.0000 1113.0000  1114.000
A   6320.848  2306.443  236.2750  1396.141 1315.2779  988.5113  2338.478
a  -5617.672 -2037.522 -260.0693 -1545.046 -468.6957 -897.1082 -2134.199
FIRE:  7  stops.  0 hits of maxmove.  0 hits of dtmax.
Frms = 9.96575178231321e-06; Ftanrms = 9.92474313665752e-06
E =  0.00688 | E_L =  0.00675 | E_A =  0.00013 |   0 flippped triangles
E =  0.00495 | E_L =  0.00485 | E_A =  0.00010 |   0 flippped triangles
E =  0.00414 | E_L =  0.00408 | E_A =  0.00005 |   0 flippped triangles
E =  0.00356 | E_L =  0.00356 | E_A =  0.00000 |   0 flippped triangles
E =  0.00348 | E_L =  0.00348 | E_A =  0.00000 |   0 flippped triangles
E =  0.00322 | E_L =  0.00322 | E_A =  0.00000 |   0 flippped triangles
E =  0.00312 | E_L =  0.00312 | E_A =  0.00000 |   0 flippped triangles
E =  0.00308 | E_L =  0.00308 | E_A =  0.00000 |   0 flippped triangles
E =  0.00308 | E_L =  0.00308 | E_A =  0.00000 |   0 flippped triangles
E =  0.00308 | E_L =  0.00308 | E_A =  0.00000 |   0 flippped triangles
Optimising mapping with BFGS...
E =  0.00308 | E_L =  0.00308 | E_A =  0.00000 |   0 flippped triangles
Transforming image...
Mapping optimised. Error: 0.00308285 ; 0 flipped triangles.
Inferring coordinates of datapoints
Inferring coordinates of landmarks
Mapping optimised. Error: 0.00308285 ; 0 flipped triangles. OD displacement: 9.988566 degrees.
Computing Kernel Density estimates of datapoints

[1] 0.7
Saving adult_retina/data/C57BL6J/single/red/GM250/R-CONTRA/r.mat
