[1] "Adding old segment 1"
[1] "Intersection found. Old points:"
   X    Y 
-800  469 
   X    Y 
-910  379 
   X    Y 
-910  379 
   X    Y 
-840  229 
[1] "Point i+1 has been changed:"
   X    Y 
-800  469 
   X    Y 
-910  379 
   X    Y 
-910  379 
   X    Y 
-840  229 
[1] "a= 0.302061046665088"
[1] "l= 165.529453572468"
[1] "New points:"
   X    Y 
-800  469 
   X    Y 
-910  379 
        X         Y 
-861.1443  274.3092 
   X    Y 
-840  229 
[1] "Storing new segment 1"
[1] "Adding old segment 2"
[1] "Adding old segment 4"
[1] "Adding old segment 3"
[1] "Adding old segment 5"
[1] "Adding old segment 6"
[1] "Adding old segment 7"
[1] "Adding old segment 8"
[1] "Adding old segment 9"
[1] "Intersection found. Old points:"
    X     Y 
-3400 -2531 
    X     Y 
-3620 -2201 
    X     Y 
-3510 -2351 
    X     Y 
-3620 -2551 
[1] "Point i+1 has been changed:"
    X     Y 
-3400 -2531 
        X         Y 
-3514.521 -2359.219 
    X     Y 
-3510 -2351 
    X     Y 
-3620 -2551 
[1] "a= 0.228442004762116"
[1] "l= 218.873932804375"
[1] "New points:"
    X     Y 
-3400 -2531 
        X         Y 
-3514.521 -2359.219 
        X         Y 
-3595.904 -2507.189 
    X     Y 
-3620 -2551 
[1] "Storing new segment 2"
simplify.outline: Removing vertex 1
simplify.outline: Removing vertex 25
simplify.outline: Removing vertex 34
simplify.outline: Removing vertex 55
simplify.outline: Removing vertex 60
Triangulating...
[1] "Non-adjacent points in rim connected by line: 30 26"
[1] "In triangle: 126" "In triangle: 129"
[1] "Other points in triangles: 27 180"
[1] "Non-adjacent points in rim connected by line: 30 27"
[1] "In triangle: 109" "In triangle: 126"
[1] "Other points in triangles: 28 440"
[1] "Non-adjacent points in rim connected by line: 30 28"
[1] "In triangle: 109" "In triangle: 123"
[1] "Other points in triangles: 441 29"
[1] "Non-adjacent points in rim connected by line: 67 62"
[1] "In triangle: 21" "In triangle: 24"
[1] "Other points in triangles: 71 87"
[1] "Non-adjacent points in rim connected by line: 423 416"
[1] "In triangle: 353" "In triangle: 727"
[1] "Other points in triangles: 414 43"
Stitching...
Tear 1 child of rim
Tear 2 child of rim
Tear 3 child of rim
Tear 4 child of rim
Tear 1 : Sf = 2100.38107642471 ; Sb = 2562.87778997007
  Forwards path
    i = 22 ; sf/Sf = 0.0647571560294574 ; sf = 136.014705087354
      k =   23 ; sb/Sb = 0 ; sb = 0
      k =   24 ; sb/Sb = 0.12245886158043 ; sb = 313.847096529504
      Creating new point: f = 0.528807431277035
    i = 21 ; sf/Sf = 0.135535115868172 ; sf = 284.675392560539
      k =   23 ; sb/Sb = 0 ; sb = 0
      k =   24 ; sb/Sb = 0.12245886158043 ; sb = 313.847096529504
      k =   25 ; sb/Sb = 0.183157616889733 ; sb = 469.410588390545
      Creating new point: f = 0.215428705598812
    i = 20 ; sf/Sf = 0.20029227189763 ; sf = 420.690097647894
      k =   23 ; sb/Sb = 0 ; sb = 0
      k =   24 ; sb/Sb = 0.12245886158043 ; sb = 313.847096529504
      k =   25 ; sb/Sb = 0.183157616889733 ; sb = 469.410588390545
      k =  179 ; sb/Sb = 0.319199274197398 ; sb = 818.068730415079
      Creating new point: f = 0.125951530928102
    i = 19 ; sf/Sf = 0.360266076698891 ; sf = 756.696049976123
      k =   23 ; sb/Sb = 0 ; sb = 0
      k =   24 ; sb/Sb = 0.12245886158043 ; sb = 313.847096529504
      k =   25 ; sb/Sb = 0.183157616889733 ; sb = 469.410588390545
      k =  179 ; sb/Sb = 0.319199274197398 ; sb = 818.068730415079
      k =  102 ; sb/Sb = 0.455240931505063 ; sb = 1166.72687243961
      Creating new point: f = 0.301869319399854
    i = 96 ; sf/Sf = 0.502341469386915 ; sf = 1055.10851620366
      k =   23 ; sb/Sb = 0 ; sb = 0
      k =   24 ; sb/Sb = 0.12245886158043 ; sb = 313.847096529504
      k =   25 ; sb/Sb = 0.183157616889733 ; sb = 469.410588390545
      k =  179 ; sb/Sb = 0.319199274197398 ; sb = 818.068730415079
      k =  102 ; sb/Sb = 0.455240931505063 ; sb = 1166.72687243961
      k =   26 ; sb/Sb = 0.727324246120392 ; sb = 1864.04315648868
      Creating new point: f = 0.173110717753652
    i = 18 ; sf/Sf = 0.64441686207494 ; sf = 1353.52098243119
      k =   23 ; sb/Sb = 0 ; sb = 0
      k =   24 ; sb/Sb = 0.12245886158043 ; sb = 313.847096529504
      k =   25 ; sb/Sb = 0.183157616889733 ; sb = 469.410588390545
      k =  179 ; sb/Sb = 0.319199274197398 ; sb = 818.068730415079
      k =  102 ; sb/Sb = 0.455240931505063 ; sb = 1166.72687243961
      k =   26 ; sb/Sb = 0.727324246120392 ; sb = 1864.04315648868
      Creating new point: f = 0.695286775807378
    i = 138 ; sf/Sf = 0.82220843103747 ; sf = 1726.95102942795
      k =   23 ; sb/Sb = 0 ; sb = 0
      k =   24 ; sb/Sb = 0.12245886158043 ; sb = 313.847096529504
      k =   25 ; sb/Sb = 0.183157616889733 ; sb = 469.410588390545
      k =  179 ; sb/Sb = 0.319199274197398 ; sb = 818.068730415079
      k =  102 ; sb/Sb = 0.455240931505063 ; sb = 1166.72687243961
      k =   26 ; sb/Sb = 0.727324246120392 ; sb = 1864.04315648868
      k =   27 ; sb/Sb = 0.847524451225991 ; sb = 2172.10159250367
      Creating new point: f = 0.789384550831002
Tear 2 : Sf = 3698.75274632914 ; Sb = 3703.39181835007
  Forwards path
    i = 421 ; sf/Sf = 0.100161512938256 ; sf = 370.472671056854
      k =    5 ; sb/Sb = 0 ; sb = 0
      k =  341 ; sb/Sb = 0.0828864253688861 ; sb = 306.960909563417
      k =    6 ; sb/Sb = 0.165772850737772 ; sb = 613.921819126833
      Creating new point: f = 0.20841877897963
    i = 4 ; sf/Sf = 0.200323025876511 ; sf = 740.945342113708
      k =    5 ; sb/Sb = 0 ; sb = 0
      k =  341 ; sb/Sb = 0.0828864253688861 ; sb = 306.960909563417
      k =    6 ; sb/Sb = 0.165772850737772 ; sb = 613.921819126833
      k =  334 ; sb/Sb = 0.280659513791332 ; sb = 1039.39214711693
      Creating new point: f = 0.300732689247242
    i = 256 ; sf/Sf = 0.306161834109851 ; sf = 1132.41692473498
      k =    5 ; sb/Sb = 0 ; sb = 0
      k =  341 ; sb/Sb = 0.0828864253688861 ; sb = 306.960909563417
      k =    6 ; sb/Sb = 0.165772850737772 ; sb = 613.921819126833
      k =  334 ; sb/Sb = 0.280659513791332 ; sb = 1039.39214711693
      k =    7 ; sb/Sb = 0.395546176844893 ; sb = 1464.86247510703
      Creating new point: f = 0.22197807509327
    i = 3 ; sf/Sf = 0.41200064234319 ; sf = 1523.88850735624
      k =    5 ; sb/Sb = 0 ; sb = 0
      k =  341 ; sb/Sb = 0.0828864253688861 ; sb = 306.960909563417
      k =    6 ; sb/Sb = 0.165772850737772 ; sb = 613.921819126833
      k =  334 ; sb/Sb = 0.280659513791332 ; sb = 1039.39214711693
      k =    7 ; sb/Sb = 0.395546176844893 ; sb = 1464.86247510703
      k =    8 ; sb/Sb = 0.471920140591626 ; sb = 1747.70518758164
      Creating new point: f = 0.21544600661114
    i = 2 ; sf/Sf = 0.585221936959741 ; sf = 2164.5912465419
      k =    5 ; sb/Sb = 0 ; sb = 0
      k =  341 ; sb/Sb = 0.0828864253688861 ; sb = 306.960909563417
      k =    6 ; sb/Sb = 0.165772850737772 ; sb = 613.921819126833
      k =  334 ; sb/Sb = 0.280659513791332 ; sb = 1039.39214711693
      k =    7 ; sb/Sb = 0.395546176844893 ; sb = 1464.86247510703
      k =    8 ; sb/Sb = 0.471920140591626 ; sb = 1747.70518758164
      k =    9 ; sb/Sb = 0.516860880846618 ; sb = 1914.13835735258
      k =   10 ; sb/Sb = 0.642820048676569 ; sb = 2380.6145089402
      Creating new point: f = 0.542723942138234
    i = 1 ; sf/Sf = 0.723212238342697 ; sf = 2674.98325274889
      k =    5 ; sb/Sb = 0 ; sb = 0
      k =  341 ; sb/Sb = 0.0828864253688861 ; sb = 306.960909563417
      k =    6 ; sb/Sb = 0.165772850737772 ; sb = 613.921819126833
      k =  334 ; sb/Sb = 0.280659513791332 ; sb = 1039.39214711693
      k =    7 ; sb/Sb = 0.395546176844893 ; sb = 1464.86247510703
      k =    8 ; sb/Sb = 0.471920140591626 ; sb = 1747.70518758164
      k =    9 ; sb/Sb = 0.516860880846618 ; sb = 1914.13835735258
      k =   10 ; sb/Sb = 0.642820048676569 ; sb = 2380.6145089402
      k =   11 ; sb/Sb = 0.759149404494689 ; sb = 2811.42769351096
      Creating new point: f = 0.691073969255187
    i = 70 ; sf/Sf = 0.827222348673871 ; sf = 3059.69093398232
      k =    5 ; sb/Sb = 0 ; sb = 0
      k =  341 ; sb/Sb = 0.0828864253688861 ; sb = 306.960909563417
      k =    6 ; sb/Sb = 0.165772850737772 ; sb = 613.921819126833
      k =  334 ; sb/Sb = 0.280659513791332 ; sb = 1039.39214711693
      k =    7 ; sb/Sb = 0.395546176844893 ; sb = 1464.86247510703
      k =    8 ; sb/Sb = 0.471920140591626 ; sb = 1747.70518758164
      k =    9 ; sb/Sb = 0.516860880846618 ; sb = 1914.13835735258
      k =   10 ; sb/Sb = 0.642820048676569 ; sb = 2380.6145089402
      k =   11 ; sb/Sb = 0.759149404494689 ; sb = 2811.42769351096
      k =  169 ; sb/Sb = 0.879574702247345 ; sb = 3257.40975593052
      Creating new point: f = 0.565271130315144
    i = 343 ; sf/Sf = 0.913611174336936 ; sf = 3379.22184015573
      k =    5 ; sb/Sb = 0 ; sb = 0
      k =  341 ; sb/Sb = 0.0828864253688861 ; sb = 306.960909563417
      k =    6 ; sb/Sb = 0.165772850737772 ; sb = 613.921819126833
      k =  334 ; sb/Sb = 0.280659513791332 ; sb = 1039.39214711693
      k =    7 ; sb/Sb = 0.395546176844893 ; sb = 1464.86247510703
      k =    8 ; sb/Sb = 0.471920140591626 ; sb = 1747.70518758164
      k =    9 ; sb/Sb = 0.516860880846618 ; sb = 1914.13835735258
      k =   10 ; sb/Sb = 0.642820048676569 ; sb = 2380.6145089402
      k =   11 ; sb/Sb = 0.759149404494689 ; sb = 2811.42769351096
      k =  169 ; sb/Sb = 0.879574702247345 ; sb = 3257.40975593052
      k =   12 ; sb/Sb = 1 ; sb = 3703.39181835007
      Creating new point: f = 0.282635565157572
Tear 3 : Sf = 3136.6687844342 ; Sb = 2865.55153430591
  Forwards path
    i = 360 ; sf/Sf = 0.128367869283462 ; sf = 402.647488505765
      k =   39 ; sb/Sb = 0 ; sb = 0
      k =   40 ; sb/Sb = 0.188735984973517 ; sb = 540.832691319598
      Creating new point: f = 0.680145173701107
    i = 38 ; sf/Sf = 0.256735738566924 ; sf = 805.29497701153
      k =   39 ; sb/Sb = 0 ; sb = 0
      k =   40 ; sb/Sb = 0.188735984973517 ; sb = 540.832691319598
      k =   41 ; sb/Sb = 0.361996754339688 ; sb = 1037.32035481185
      Creating new point: f = 0.392470573934114
    i = 348 ; sf/Sf = 0.449510102925405 ; sf = 1409.96430813392
      k =   39 ; sb/Sb = 0 ; sb = 0
      k =   40 ; sb/Sb = 0.188735984973517 ; sb = 540.832691319598
      k =   41 ; sb/Sb = 0.361996754339688 ; sb = 1037.32035481185
      k =   42 ; sb/Sb = 0.534412000468248 ; sb = 1531.38512789328
      Creating new point: f = 0.507573144201316
    i = 361 ; sf/Sf = 0.545897285104646 ; sf = 1712.29897369512
      k =   39 ; sb/Sb = 0 ; sb = 0
      k =   40 ; sb/Sb = 0.188735984973517 ; sb = 540.832691319598
      k =   41 ; sb/Sb = 0.361996754339688 ; sb = 1037.32035481185
      k =   42 ; sb/Sb = 0.534412000468248 ; sb = 1531.38512789328
      k =  424 ; sb/Sb = 0.650809000351186 ; sb = 1864.92672949644
      Creating new point: f = 0.0986733734370189
    i = 37 ; sf/Sf = 0.642284467283886 ; sf = 2014.63363925631
      k =   39 ; sb/Sb = 0 ; sb = 0
      k =   40 ; sb/Sb = 0.188735984973517 ; sb = 540.832691319598
      k =   41 ; sb/Sb = 0.361996754339688 ; sb = 1037.32035481185
      k =   42 ; sb/Sb = 0.534412000468248 ; sb = 1531.38512789328
      k =  424 ; sb/Sb = 0.650809000351186 ; sb = 1864.92672949644
      Creating new point: f = 0.926763292216525
    i = 36 ; sf/Sf = 0.83662759627163 ; sf = 2624.22366542144
      k =   39 ; sb/Sb = 0 ; sb = 0
      k =   40 ; sb/Sb = 0.188735984973517 ; sb = 540.832691319598
      k =   41 ; sb/Sb = 0.361996754339688 ; sb = 1037.32035481185
      k =   42 ; sb/Sb = 0.534412000468248 ; sb = 1531.38512789328
      k =  424 ; sb/Sb = 0.650809000351186 ; sb = 1864.92672949644
      k =  320 ; sb/Sb = 0.767206000234124 ; sb = 2198.4683310996
      k =  416 ; sb/Sb = 0.883603000117062 ; sb = 2532.00993270275
      Creating new point: f = 0.596420836510603
Tear 4 : Sf = 2410.71833844014 ; Sb = 2406.68088485588
  Forwards path
    i = 50 ; sf/Sf = 0.098600190113415 ; sf = 237.697286480094
      k =   51 ; sb/Sb = 0 ; sb = 0
      k =   52 ; sb/Sb = 0.14894744410627 ; sb = 358.468966578698
      Creating new point: f = 0.661979738592
    i = 49 ; sf/Sf = 0.462054061110866 ; sf = 1113.88219847071
      k =   51 ; sb/Sb = 0 ; sb = 0
      k =   52 ; sb/Sb = 0.14894744410627 ; sb = 358.468966578698
      k =   53 ; sb/Sb = 0.269445347183007 ; sb = 648.468966578698
      k =   54 ; sb/Sb = 0.502279302266517 ; sb = 1208.82599562357
      Creating new point: f = 0.8272363618905
    i = 267 ; sf/Sf = 0.640977965096634 ; sf = 1545.2173349945
      k =   51 ; sb/Sb = 0 ; sb = 0
      k =   52 ; sb/Sb = 0.14894744410627 ; sb = 358.468966578698
      k =   53 ; sb/Sb = 0.269445347183007 ; sb = 648.468966578698
      k =   54 ; sb/Sb = 0.502279302266517 ; sb = 1208.82599562357
      k =   55 ; sb/Sb = 0.631154405873779 ; sb = 1518.98724400899
      k =  101 ; sb/Sb = 0.815577202936889 ; sb = 1962.83406443243
      Creating new point: f = 0.0532665124881148
    i = 48 ; sf/Sf = 0.819901869082401 ; sf = 1976.5524715183
      k =   51 ; sb/Sb = 0 ; sb = 0
      k =   52 ; sb/Sb = 0.14894744410627 ; sb = 358.468966578698
      k =   53 ; sb/Sb = 0.269445347183007 ; sb = 648.468966578698
      k =   54 ; sb/Sb = 0.502279302266517 ; sb = 1208.82599562357
      k =   55 ; sb/Sb = 0.631154405873779 ; sb = 1518.98724400899
      k =  101 ; sb/Sb = 0.815577202936889 ; sb = 1962.83406443243
      k =   56 ; sb/Sb = 1 ; sb = 2406.68088485588
      Creating new point: f = 0.0234497373122055
Tear 1 : Sf = 2562.87778997007 ; Sb = 2100.38107642471
  Backwards path
    i = 24 ; sf/Sf = 0.12245886158043 ; sf = 313.847096529504
      k =   23 ; sb/Sb = 0 ; sb = 0
      k =   22 ; sb/Sb = 0.0647571560294574 ; sb = 136.014705087354
      k =   21 ; sb/Sb = 0.135535115868172 ; sb = 284.675392560539
      Creating new point: f = 0.815249629721744
    i = 25 ; sf/Sf = 0.183157616889733 ; sf = 469.410588390545
      k =   23 ; sb/Sb = 0 ; sb = 0
      k =   22 ; sb/Sb = 0.0647571560294574 ; sb = 136.014705087354
      k =   21 ; sb/Sb = 0.135535115868172 ; sb = 284.675392560539
      k =   20 ; sb/Sb = 0.20029227189763 ; sb = 420.690097647894
      Creating new point: f = 0.735401366296843
    i = 179 ; sf/Sf = 0.319199274197398 ; sf = 818.068730415079
      k =   23 ; sb/Sb = 0 ; sb = 0
      k =   22 ; sb/Sb = 0.0647571560294574 ; sb = 136.014705087354
      k =   21 ; sb/Sb = 0.135535115868172 ; sb = 284.675392560539
      k =   20 ; sb/Sb = 0.20029227189763 ; sb = 420.690097647894
      k =   19 ; sb/Sb = 0.360266076698891 ; sb = 756.696049976123
      Creating new point: f = 0.743290455881129
    i = 102 ; sf/Sf = 0.455240931505063 ; sf = 1166.72687243961
      k =   23 ; sb/Sb = 0 ; sb = 0
      k =   22 ; sb/Sb = 0.0647571560294574 ; sb = 136.014705087354
      k =   21 ; sb/Sb = 0.135535115868172 ; sb = 284.675392560539
      k =   20 ; sb/Sb = 0.20029227189763 ; sb = 420.690097647894
      k =   19 ; sb/Sb = 0.360266076698891 ; sb = 756.696049976123
      k =   96 ; sb/Sb = 0.502341469386915 ; sb = 1055.10851620366
      Creating new point: f = 0.668482085527097
    i = 26 ; sf/Sf = 0.727324246120392 ; sf = 1864.04315648868
      k =   23 ; sb/Sb = 0 ; sb = 0
      k =   22 ; sb/Sb = 0.0647571560294574 ; sb = 136.014705087354
      k =   21 ; sb/Sb = 0.135535115868172 ; sb = 284.675392560539
      k =   20 ; sb/Sb = 0.20029227189763 ; sb = 420.690097647894
      k =   19 ; sb/Sb = 0.360266076698891 ; sb = 756.696049976123
      k =   96 ; sb/Sb = 0.502341469386915 ; sb = 1055.10851620366
      k =   18 ; sb/Sb = 0.64441686207494 ; sb = 1353.52098243119
      k =  138 ; sb/Sb = 0.82220843103747 ; sb = 1726.95102942795
      Creating new point: f = 0.466317860454483
    i = 27 ; sf/Sf = 0.847524451225991 ; sf = 2172.10159250367
      k =   23 ; sb/Sb = 0 ; sb = 0
      k =   22 ; sb/Sb = 0.0647571560294574 ; sb = 136.014705087354
      k =   21 ; sb/Sb = 0.135535115868172 ; sb = 284.675392560539
      k =   20 ; sb/Sb = 0.20029227189763 ; sb = 420.690097647894
      k =   19 ; sb/Sb = 0.360266076698891 ; sb = 756.696049976123
      k =   96 ; sb/Sb = 0.502341469386915 ; sb = 1055.10851620366
      k =   18 ; sb/Sb = 0.64441686207494 ; sb = 1353.52098243119
      k =  138 ; sb/Sb = 0.82220843103747 ; sb = 1726.95102942795
      k =   17 ; sb/Sb = 1 ; sb = 2100.38107642471
      Creating new point: f = 0.142391567475604
    i = 28 ; sf/Sf = 0.927107169271276 ; sf = 2376.06237304738
      k =   23 ; sb/Sb = 0 ; sb = 0
      k =   22 ; sb/Sb = 0.0647571560294574 ; sb = 136.014705087354
      k =   21 ; sb/Sb = 0.135535115868172 ; sb = 284.675392560539
      k =   20 ; sb/Sb = 0.20029227189763 ; sb = 420.690097647894
      k =   19 ; sb/Sb = 0.360266076698891 ; sb = 756.696049976123
      k =   96 ; sb/Sb = 0.502341469386915 ; sb = 1055.10851620366
      k =   18 ; sb/Sb = 0.64441686207494 ; sb = 1353.52098243119
      k =  138 ; sb/Sb = 0.82220843103747 ; sb = 1726.95102942795
      k =   17 ; sb/Sb = 1 ; sb = 2100.38107642471
      Creating new point: f = 0.590009632323535
Tear 2 : Sf = 3703.39181835007 ; Sb = 3698.75274632914
  Backwards path
    i = 341 ; sf/Sf = 0.0828864253688861 ; sf = 306.960909563417
      k =    5 ; sb/Sb = 0 ; sb = 0
      k =  421 ; sb/Sb = 0.100161512938256 ; sb = 370.472671056854
      Creating new point: f = 0.827527689402828
    i = 6 ; sf/Sf = 0.165772850737772 ; sf = 613.921819126833
      k =    5 ; sb/Sb = 0 ; sb = 0
      k =  421 ; sb/Sb = 0.100161512938256 ; sb = 370.472671056854
      k =    4 ; sb/Sb = 0.200323025876511 ; sb = 740.945342113708
      Creating new point: f = 0.655055378805656
    i = 334 ; sf/Sf = 0.280659513791332 ; sf = 1039.39214711693
      k =    5 ; sb/Sb = 0 ; sb = 0
      k =  421 ; sb/Sb = 0.100161512938256 ; sb = 370.472671056854
      k =    4 ; sb/Sb = 0.200323025876511 ; sb = 740.945342113708
      k =  256 ; sb/Sb = 0.306161834109851 ; sb = 1132.41692473498
      Creating new point: f = 0.759045658731397
    i = 7 ; sf/Sf = 0.395546176844893 ; sf = 1464.86247510703
      k =    5 ; sb/Sb = 0 ; sb = 0
      k =  421 ; sb/Sb = 0.100161512938256 ; sb = 370.472671056854
      k =    4 ; sb/Sb = 0.200323025876511 ; sb = 740.945342113708
      k =  256 ; sb/Sb = 0.306161834109851 ; sb = 1132.41692473498
      k =    3 ; sb/Sb = 0.41200064234319 ; sb = 1523.88850735624
      Creating new point: f = 0.844532777976666
    i = 8 ; sf/Sf = 0.471920140591626 ; sf = 1747.70518758164
      k =    5 ; sb/Sb = 0 ; sb = 0
      k =  421 ; sb/Sb = 0.100161512938256 ; sb = 370.472671056854
      k =    4 ; sb/Sb = 0.200323025876511 ; sb = 740.945342113708
      k =  256 ; sb/Sb = 0.306161834109851 ; sb = 1132.41692473498
      k =    3 ; sb/Sb = 0.41200064234319 ; sb = 1523.88850735624
      k =    2 ; sb/Sb = 0.585221936959741 ; sb = 2164.5912465419
      Creating new point: f = 0.345913003254458
    i = 9 ; sf/Sf = 0.516860880846618 ; sf = 1914.13835735258
      k =    5 ; sb/Sb = 0 ; sb = 0
      k =  421 ; sb/Sb = 0.100161512938256 ; sb = 370.472671056854
      k =    4 ; sb/Sb = 0.200323025876511 ; sb = 740.945342113708
      k =  256 ; sb/Sb = 0.306161834109851 ; sb = 1132.41692473498
      k =    3 ; sb/Sb = 0.41200064234319 ; sb = 1523.88850735624
      k =    2 ; sb/Sb = 0.585221936959741 ; sb = 2164.5912465419
      Creating new point: f = 0.605354201604086
    i = 10 ; sf/Sf = 0.642820048676569 ; sf = 2380.6145089402
      k =    5 ; sb/Sb = 0 ; sb = 0
      k =  421 ; sb/Sb = 0.100161512938256 ; sb = 370.472671056854
      k =    4 ; sb/Sb = 0.200323025876511 ; sb = 740.945342113708
      k =  256 ; sb/Sb = 0.306161834109851 ; sb = 1132.41692473498
      k =    3 ; sb/Sb = 0.41200064234319 ; sb = 1523.88850735624
      k =    2 ; sb/Sb = 0.585221936959741 ; sb = 2164.5912465419
      k =    1 ; sb/Sb = 0.723212238342697 ; sb = 2674.98325274889
      Creating new point: f = 0.417406956427903
    i = 11 ; sf/Sf = 0.759149404494689 ; sf = 2811.42769351096
      k =    5 ; sb/Sb = 0 ; sb = 0
      k =  421 ; sb/Sb = 0.100161512938256 ; sb = 370.472671056854
      k =    4 ; sb/Sb = 0.200323025876511 ; sb = 740.945342113708
      k =  256 ; sb/Sb = 0.306161834109851 ; sb = 1132.41692473498
      k =    3 ; sb/Sb = 0.41200064234319 ; sb = 1523.88850735624
      k =    2 ; sb/Sb = 0.585221936959741 ; sb = 2164.5912465419
      k =    1 ; sb/Sb = 0.723212238342697 ; sb = 2674.98325274889
      k =   70 ; sb/Sb = 0.827222348673871 ; sb = 3059.69093398232
      Creating new point: f = 0.345516085287929
    i = 169 ; sf/Sf = 0.879574702247345 ; sf = 3257.40975593052
      k =    5 ; sb/Sb = 0 ; sb = 0
      k =  421 ; sb/Sb = 0.100161512938256 ; sb = 370.472671056854
      k =    4 ; sb/Sb = 0.200323025876511 ; sb = 740.945342113708
      k =  256 ; sb/Sb = 0.306161834109851 ; sb = 1132.41692473498
      k =    3 ; sb/Sb = 0.41200064234319 ; sb = 1523.88850735624
      k =    2 ; sb/Sb = 0.585221936959741 ; sb = 2164.5912465419
      k =    1 ; sb/Sb = 0.723212238342697 ; sb = 2674.98325274889
      k =   70 ; sb/Sb = 0.827222348673871 ; sb = 3059.69093398232
      k =  343 ; sb/Sb = 0.913611174336936 ; sb = 3379.22184015573
      Creating new point: f = 0.606008394854905
Tear 3 : Sf = 2865.55153430591 ; Sb = 3136.6687844342
  Backwards path
    i = 40 ; sf/Sf = 0.188735984973517 ; sf = 540.832691319598
      k =   39 ; sb/Sb = 0 ; sb = 0
      k =  360 ; sb/Sb = 0.128367869283462 ; sb = 402.647488505765
      k =   38 ; sb/Sb = 0.256735738566924 ; sb = 805.29497701153
      Creating new point: f = 0.470274345340652
    i = 41 ; sf/Sf = 0.361996754339688 ; sf = 1037.32035481185
      k =   39 ; sb/Sb = 0 ; sb = 0
      k =  360 ; sb/Sb = 0.128367869283462 ; sb = 402.647488505765
      k =   38 ; sb/Sb = 0.256735738566924 ; sb = 805.29497701153
      k =  348 ; sb/Sb = 0.449510102925405 ; sb = 1409.96430813392
      Creating new point: f = 0.54603222852299
    i = 42 ; sf/Sf = 0.534412000468248 ; sf = 1531.38512789328
      k =   39 ; sb/Sb = 0 ; sb = 0
      k =  360 ; sb/Sb = 0.128367869283462 ; sb = 402.647488505765
      k =   38 ; sb/Sb = 0.256735738566924 ; sb = 805.29497701153
      k =  348 ; sb/Sb = 0.449510102925405 ; sb = 1409.96430813392
      k =  361 ; sb/Sb = 0.545897285104646 ; sb = 1712.29897369512
      Creating new point: f = 0.880842199380414
    i = 424 ; sf/Sf = 0.650809000351186 ; sf = 1864.92672949644
      k =   39 ; sb/Sb = 0 ; sb = 0
      k =  360 ; sb/Sb = 0.128367869283462 ; sb = 402.647488505765
      k =   38 ; sb/Sb = 0.256735738566924 ; sb = 805.29497701153
      k =  348 ; sb/Sb = 0.449510102925405 ; sb = 1409.96430813392
      k =  361 ; sb/Sb = 0.545897285104646 ; sb = 1712.29897369512
      k =   37 ; sb/Sb = 0.642284467283886 ; sb = 2014.63363925631
      k =   36 ; sb/Sb = 0.83662759627163 ; sb = 2624.22366542144
      Creating new point: f = 0.0438633107931357
    i = 320 ; sf/Sf = 0.767206000234124 ; sf = 2198.4683310996
      k =   39 ; sb/Sb = 0 ; sb = 0
      k =  360 ; sb/Sb = 0.128367869283462 ; sb = 402.647488505765
      k =   38 ; sb/Sb = 0.256735738566924 ; sb = 805.29497701153
      k =  348 ; sb/Sb = 0.449510102925405 ; sb = 1409.96430813392
      k =  361 ; sb/Sb = 0.545897285104646 ; sb = 1712.29897369512
      k =   37 ; sb/Sb = 0.642284467283886 ; sb = 2014.63363925631
      k =   36 ; sb/Sb = 0.83662759627163 ; sb = 2624.22366542144
      Creating new point: f = 0.642788523581484
    i = 416 ; sf/Sf = 0.883603000117062 ; sf = 2532.00993270275
      k =   39 ; sb/Sb = 0 ; sb = 0
      k =  360 ; sb/Sb = 0.128367869283462 ; sb = 402.647488505765
      k =   38 ; sb/Sb = 0.256735738566924 ; sb = 805.29497701153
      k =  348 ; sb/Sb = 0.449510102925405 ; sb = 1409.96430813392
      k =  361 ; sb/Sb = 0.545897285104646 ; sb = 1712.29897369512
      k =   37 ; sb/Sb = 0.642284467283886 ; sb = 2014.63363925631
      k =   36 ; sb/Sb = 0.83662759627163 ; sb = 2624.22366542144
      k =   35 ; sb/Sb = 1 ; sb = 3136.6687844342
      Creating new point: f = 0.287535732923015
Tear 4 : Sf = 2406.68088485588 ; Sb = 2410.71833844014
  Backwards path
    i = 52 ; sf/Sf = 0.14894744410627 ; sf = 358.468966578698
      k =   51 ; sb/Sb = 0 ; sb = 0
      k =   50 ; sb/Sb = 0.098600190113415 ; sb = 237.697286480094
      k =   49 ; sb/Sb = 0.462054061110866 ; sb = 1113.88219847071
      Creating new point: f = 0.138524467643399
    i = 53 ; sf/Sf = 0.269445347183007 ; sf = 648.468966578698
      k =   51 ; sb/Sb = 0 ; sb = 0
      k =   50 ; sb/Sb = 0.098600190113415 ; sb = 237.697286480094
      k =   49 ; sb/Sb = 0.462054061110866 ; sb = 1113.88219847071
      Creating new point: f = 0.470060083830529
    i = 54 ; sf/Sf = 0.502279302266517 ; sf = 1208.82599562357
      k =   51 ; sb/Sb = 0 ; sb = 0
      k =   50 ; sb/Sb = 0.098600190113415 ; sb = 237.697286480094
      k =   49 ; sb/Sb = 0.462054061110866 ; sb = 1113.88219847071
      k =  267 ; sb/Sb = 0.640977965096634 ; sb = 1545.2173349945
      Creating new point: f = 0.224817591498846
    i = 55 ; sf/Sf = 0.631154405873779 ; sf = 1518.98724400899
      k =   51 ; sb/Sb = 0 ; sb = 0
      k =   50 ; sb/Sb = 0.098600190113415 ; sb = 237.697286480094
      k =   49 ; sb/Sb = 0.462054061110866 ; sb = 1113.88219847071
      k =  267 ; sb/Sb = 0.640977965096634 ; sb = 1545.2173349945
      Creating new point: f = 0.945096440419517
    i = 101 ; sf/Sf = 0.815577202936889 ; sf = 1962.83406443243
      k =   51 ; sb/Sb = 0 ; sb = 0
      k =   50 ; sb/Sb = 0.098600190113415 ; sb = 237.697286480094
      k =   49 ; sb/Sb = 0.462054061110866 ; sb = 1113.88219847071
      k =  267 ; sb/Sb = 0.640977965096634 ; sb = 1545.2173349945
      k =   48 ; sb/Sb = 0.819901869082402 ; sb = 1976.5524715183
      Creating new point: f = 0.975829578669061
Triangulating...
Merging points...
Projecting to sphere...
Optimising mapping with FIRE...
E =  0.00298 | E_L =  0.00298 | E_A =  0.00000 |   0 flippped triangles
E =  0.00239 | E_L =  0.00239 | E_A =  0.00000 |  25 flippped triangles
        phi0    phi0.1    phi0.2    phi0.3    phi0.4    phi0.5    phi0.6
id      3.00     9.000     16.00     21.00    433.00    434.00    444.00
A   42415.49  3367.324  17799.48  17422.89  25763.21  33382.77  30499.03
a  -19687.36 -3292.517 -12925.97 -13486.01 -19421.83 -21584.04 -21177.85
      phi0.7    phi0.8    phi0.9   phi0.10   phi0.11   phi0.12   phi0.13
id   449.000    451.00   643.000    655.00    674.00    675.00   676.000
A   7670.844  24854.71  7157.443  69791.01  22967.21  27624.95 15586.651
a  -6004.328 -15224.74 -3261.762 -13200.72 -24712.70 -20565.96 -8191.751
     phi0.14   phi0.15   phi0.16   phi0.17   phi0.18   phi0.19   phi0.20
id   680.000   690.000   716.000   752.000   757.000    772.00    774.00
A   7135.840  7271.550 12986.254  1744.584  2597.475  18807.30  11399.80
a  -6504.586 -6919.903 -3740.971 -1415.861 -2059.866 -12054.94 -14549.48
     phi0.21   phi0.22   phi0.23   phi0.24
id   836.000  840.0000   845.000   861.000
A   1748.098  962.9935  7050.063  5608.073
a  -1593.779 -724.8187 -6671.590 -5216.237
E =  0.00227 | E_L =  0.00227 | E_A =  0.00000 |  27 flippped triangles
        phi0    phi0.1    phi0.2    phi0.3    phi0.4    phi0.5    phi0.6
id      3.00     9.000     16.00     21.00    237.00    433.00    434.00
A   42415.49  3367.324  17799.48  17422.89  21272.74  25763.21  33382.77
a  -19668.19 -3157.116 -13235.64 -13787.46 -18327.73 -24913.02 -27025.04
      phi0.7    phi0.8    phi0.9   phi0.10   phi0.11   phi0.12   phi0.13
id    444.00   446.000   449.000    450.00    451.00   643.000    674.00
A   30499.03  9066.354  7670.844  22766.56  24854.71  7157.443  22967.21
a  -14774.23 -5143.896 -5429.240 -18403.27 -28714.62 -1791.186 -22424.91
     phi0.14   phi0.15   phi0.16   phi0.17   phi0.18   phi0.19   phi0.20
id    675.00   676.000   680.000   690.000   716.000   752.000   757.000
A   27624.95 15586.651  7135.840  7271.550 12986.254  1744.584  2597.475
a  -14620.75 -7616.824 -6558.649 -6907.162 -4220.301 -1711.687 -1685.090
     phi0.21   phi0.22   phi0.23   phi0.24   phi0.25   phi0.26
id   772.000    774.00   836.000  840.0000   845.000   861.000
A  18807.302  11399.80  1748.098  962.9935  7050.063  5608.073
a  -8457.628 -13091.03 -1605.211 -873.9934 -6788.627 -5816.723
E =  0.00221 | E_L =  0.00221 | E_A =  0.00000 |  27 flippped triangles
        phi0    phi0.1    phi0.2    phi0.3    phi0.4    phi0.5    phi0.6
id      3.00     9.000     16.00     21.00    237.00    433.00    434.00
A   42415.49  3367.324  17799.48  17422.89  21272.74  25763.21  33382.77
a  -21043.13 -3260.298 -12144.55 -12639.75 -14659.15 -23558.03 -25919.64
      phi0.7    phi0.8    phi0.9   phi0.10   phi0.11   phi0.12   phi0.13
id    444.00   446.000   449.000    450.00    451.00   643.000    674.00
A   30499.03  9066.354  7670.844  22766.56  24854.71  7157.443  22967.21
a  -16705.98 -3521.093 -5685.404 -16718.27 -27315.03 -2248.755 -22926.31
     phi0.14   phi0.15  phi0.16   phi0.17   phi0.18   phi0.19   phi0.20
id    675.00   676.000   680.00   690.000   716.000   752.000   757.000
A   27624.95 15586.651  7135.84  7271.550 12986.254  1744.584  2597.475
a  -16188.07 -9171.245 -6355.22 -7065.817 -4997.489 -1668.646 -1907.295
     phi0.21   phi0.22   phi0.23   phi0.24   phi0.25   phi0.26
id   772.000    774.00   836.000  840.0000   845.000   861.000
A  18807.302  11399.80  1748.098  962.9935  7050.063  5608.073
a  -9529.877 -13674.35 -1628.210 -893.1279 -6806.398 -5749.297
E =  0.00219 | E_L =  0.00219 | E_A =  0.00000 |  30 flippped triangles
        phi0    phi0.1    phi0.2    phi0.3    phi0.4    phi0.5    phi0.6
id      3.00     9.000     16.00     21.00    237.00   341.000    433.00
A   42415.49  3367.324  17799.48  17422.89  21272.74  5890.834  25763.21
a  -21336.48 -3222.193 -11937.56 -12396.83 -16663.99 -5203.678 -23844.97
      phi0.7    phi0.8    phi0.9   phi0.10   phi0.11   phi0.12   phi0.13
id    434.00    444.00   446.000   449.000    450.00    451.00   460.000
A   33382.77  30499.03  9066.354  7670.844  22766.56  24854.71  6076.362
a  -26059.91 -13548.15 -4213.804 -5470.113 -17035.69 -27582.60 -5093.393
     phi0.14   phi0.15   phi0.16   phi0.17   phi0.18   phi0.19   phi0.20
id  576.0000   643.000    674.00    675.00   676.000   680.000   690.000
A   145.9107  7157.443  22967.21  27624.95 15586.651  7135.840  7271.550
a  -145.0299 -2463.259 -22168.50 -14051.21 -8009.593 -6518.336 -7084.118
     phi0.21   phi0.22   phi0.23   phi0.24   phi0.25   phi0.26   phi0.27
id   716.000   752.000   757.000   772.000    774.00   836.000  840.0000
A  12986.254  1744.584  2597.475 18807.302  11399.80  1748.098  962.9935
a  -3934.562 -1669.642 -1804.115 -7836.377 -13218.61 -1636.815 -882.3627
     phi0.28   phi0.29
id   845.000   861.000
A   7050.063  5608.073
a  -6751.120 -5847.427
E =  0.00218 | E_L =  0.00218 | E_A =  0.00000 |  30 flippped triangles
        phi0    phi0.1    phi0.2    phi0.3    phi0.4    phi0.5    phi0.6
id      3.00     9.000     16.00     21.00    237.00   341.000    433.00
A   42415.49  3367.324  17799.48  17422.89  21272.74  5890.834  25763.21
a  -22240.52 -3356.579 -11346.70 -11216.38 -14630.02 -5257.671 -23431.24
      phi0.7    phi0.8    phi0.9   phi0.10   phi0.11   phi0.12   phi0.13
id    434.00    444.00   446.000   449.000    450.00    451.00   460.000
A   33382.77  30499.03  9066.354  7670.844  22766.56  24854.71  6076.362
a  -25730.16 -13837.06 -3594.679 -5539.782 -16359.57 -27046.89 -5192.106
     phi0.14   phi0.15   phi0.16   phi0.17   phi0.18  phi0.19   phi0.20
id  576.0000   643.000    674.00    675.00   676.000   680.00   690.000
A   145.9107  7157.443  22967.21  27624.95 15586.651  7135.84  7271.550
a  -147.7981 -2374.516 -22314.89 -14622.05 -8671.071 -6594.96 -7217.152
     phi0.21   phi0.22   phi0.23   phi0.24   phi0.25   phi0.26   phi0.27
id   716.000   752.000   757.000   772.000    774.00   836.000  840.0000
A  12986.254  1744.584  2597.475 18807.302  11399.80  1748.098  962.9935
a  -4493.325 -1677.304 -1846.436 -8080.992 -13538.73 -1669.784 -885.6409
     phi0.28   phi0.29
id   845.000   861.000
A   7050.063  5608.073
a  -6805.473 -5803.420
FIRE:  6  stops.  36 hits of maxmove.  0 hits of dtmax.
Frms = 7.38801698766389e-06; Ftanrms = 7.37592967778896e-06
E =  0.00749 | E_L =  0.00748 | E_A =  0.00001 |   0 flippped triangles
E =  0.00381 | E_L =  0.00381 | E_A =  0.00000 |   0 flippped triangles
E =  0.00378 | E_L =  0.00377 | E_A =  0.00000 |   0 flippped triangles
E =  0.00378 | E_L =  0.00377 | E_A =  0.00000 |   0 flippped triangles
Optimising mapping with BFGS...
E =  0.00378 | E_L =  0.00377 | E_A =  0.00000 |   0 flippped triangles
Transforming image...
Mapping optimised. Error: 0.003775314 ; 0 flipped triangles.
Inferring coordinates of datapoints
Inferring coordinates of landmarks
Mapping optimised. Error: 0.003775314 ; 0 flipped triangles. OD displacement: 9.771689 degrees.
Computing Kernel Density estimates of datapoints

[1] 0.8
Saving adult_retina/data/C57BL6J/GM119/R-CONTRA/r.mat
