[1] "Adding old segment 1"
[1] "Adding old segment 5"
[1] "Adding old segment 4"
[1] "Adding old segment 3"
[1] "Storing new segment 1"
[1] "Adding old segment 2"
[1] "Storing new segment 2"
Triangulating...
[1] "Non-adjacent points in rim connected by line: 12 10"
[1] "In triangle: 159" "In triangle: 162"
[1] "Other points in triangles: 13 11"
[1] "Non-adjacent points in rim connected by line: 13 10"
[1] "In triangle: 164" "In triangle: 797"
[1] "Other points in triangles: 121 459"
[1] "Non-adjacent points in rim connected by line: 20 17"
[1] "In triangle: 103" "In triangle: 150"
[1] "Other points in triangles: 216 18"
[1] "Non-adjacent points in rim connected by line: 20 18"
[1] "In triangle: 143" "In triangle: 150"
[1] "Other points in triangles: 19 461"
[1] "Non-adjacent points in rim connected by line: 29 27"
[1] "In triangle: 118" "In triangle: 234"
[1] "Other points in triangles: 28 177"
[1] "Non-adjacent points in rim connected by line: 67 65"
[1] "In triangle: 61"  "In triangle: 163"
[1] "Other points in triangles: 66 163"
[1] "Non-adjacent points in rim connected by line: 84 82"
[1] "In triangle: 98"  "In triangle: 104"
[1] "Other points in triangles: 83 127"
[1] "Non-adjacent points in rim connected by line: 97 95"
[1] "In triangle: 184" "In triangle: 193"
[1] "Other points in triangles: 96 410"
[1] "Non-adjacent points in rim connected by line: 100 98"
[1] "In triangle: 190" "In triangle: 192"
[1] "Other points in triangles: 411 99"
[1] "Non-adjacent points in rim connected by line: 108 106"
[1] "In triangle: 210" "In triangle: 218"
[1] "Other points in triangles: 107 181"
Stitching...
Tear 1 child of rim
Tear 2 child of rim
Tear 3 child of rim
Tear 4 child of rim
Tear 5 child of backward side of tear 4
Tear 1 : Sf = 1232.2472153378 ; Sb = 1506.83727412593
  Forwards path
    i = 89 ; sf/Sf = 0.207851936128824 ; sf = 256.124969497314
      k =   90 ; sb/Sb = 0 ; sb = 0
      k =   91 ; sb/Sb = 0.10618266666705 ; sb = 160
      k =   92 ; sb/Sb = 0.194723508423606 ; sb = 293.416640641263
      k =   93 ; sb/Sb = 0.26892090239227 ; sb = 405.220039516253
      Creating new point: f = 0.176939202349374
    i = 88 ; sf/Sf = 0.458375513675749 ; sf = 564.831950305977
      k =   90 ; sb/Sb = 0 ; sb = 0
      k =   91 ; sb/Sb = 0.10618266666705 ; sb = 160
      k =   92 ; sb/Sb = 0.194723508423606 ; sb = 293.416640641263
      k =   93 ; sb/Sb = 0.26892090239227 ; sb = 405.220039516253
      k =   94 ; sb/Sb = 0.389111520100346 ; sb = 586.327742279001
      k =   95 ; sb/Sb = 0.534659500469914 ; sb = 805.644864273614
      Creating new point: f = 0.475884264415977
    i = 87 ; sf/Sf = 0.498951787152085 ; sf = 614.831950305977
      k =   90 ; sb/Sb = 0 ; sb = 0
      k =   91 ; sb/Sb = 0.10618266666705 ; sb = 160
      k =   92 ; sb/Sb = 0.194723508423606 ; sb = 293.416640641263
      k =   93 ; sb/Sb = 0.26892090239227 ; sb = 405.220039516253
      k =   94 ; sb/Sb = 0.389111520100346 ; sb = 586.327742279001
      k =   95 ; sb/Sb = 0.534659500469914 ; sb = 805.644864273614
      Creating new point: f = 0.754667064241208
    i = 86 ; sf/Sf = 0.676933217554011 ; sf = 834.14907230059
      k =   90 ; sb/Sb = 0 ; sb = 0
      k =   91 ; sb/Sb = 0.10618266666705 ; sb = 160
      k =   92 ; sb/Sb = 0.194723508423606 ; sb = 293.416640641263
      k =   93 ; sb/Sb = 0.26892090239227 ; sb = 405.220039516253
      k =   94 ; sb/Sb = 0.389111520100346 ; sb = 586.327742279001
      k =   95 ; sb/Sb = 0.534659500469914 ; sb = 805.644864273614
      k =   96 ; sb/Sb = 0.637684392160791 ; sb = 960.886611236215
      k =   97 ; sb/Sb = 0.721629160835371 ; sb = 1087.37771764295
      Creating new point: f = 0.467555346365566
    i = 85 ; sf/Sf = 0.771919838461172 ; sf = 951.196071407786
      k =   90 ; sb/Sb = 0 ; sb = 0
      k =   91 ; sb/Sb = 0.10618266666705 ; sb = 160
      k =   92 ; sb/Sb = 0.194723508423606 ; sb = 293.416640641263
      k =   93 ; sb/Sb = 0.26892090239227 ; sb = 405.220039516253
      k =   94 ; sb/Sb = 0.389111520100346 ; sb = 586.327742279001
      k =   95 ; sb/Sb = 0.534659500469914 ; sb = 805.644864273614
      k =   96 ; sb/Sb = 0.637684392160791 ; sb = 960.886611236215
      k =   97 ; sb/Sb = 0.721629160835371 ; sb = 1087.37771764295
      k =   98 ; sb/Sb = 0.831481403287023 ; sb = 1252.90717121542
      Creating new point: f = 0.457802922393095
    i = 84 ; sf/Sf = 0.887259278685881 ; sf = 1093.3227754433
      k =   90 ; sb/Sb = 0 ; sb = 0
      k =   91 ; sb/Sb = 0.10618266666705 ; sb = 160
      k =   92 ; sb/Sb = 0.194723508423606 ; sb = 293.416640641263
      k =   93 ; sb/Sb = 0.26892090239227 ; sb = 405.220039516253
      k =   94 ; sb/Sb = 0.389111520100346 ; sb = 586.327742279001
      k =   95 ; sb/Sb = 0.534659500469914 ; sb = 805.644864273614
      k =   96 ; sb/Sb = 0.637684392160791 ; sb = 960.886611236215
      k =   97 ; sb/Sb = 0.721629160835371 ; sb = 1087.37771764295
      k =   98 ; sb/Sb = 0.831481403287023 ; sb = 1252.90717121542
      k =   99 ; sb/Sb = 0.905678797255687 ; sb = 1364.71057009041
      Creating new point: f = 0.751749790867518
Tear 2 : Sf = 1555.69098444211 ; Sb = 2011.58068694052
  Forwards path
    i = 60 ; sf/Sf = 0.0518242879140281 ; sf = 80.6225774829855
      k =   61 ; sb/Sb = 0 ; sb = 0
      k =   62 ; sb/Sb = 0.0846567402266471 ; sb = 170.293863659264
      Creating new point: f = 0.612169660387131
    i = 59 ; sf/Sf = 0.161666201645778 ; sf = 251.502652389336
      k =   61 ; sb/Sb = 0 ; sb = 0
      k =   62 ; sb/Sb = 0.0846567402266471 ; sb = 170.293863659264
      k =   63 ; sb/Sb = 0.211981968173065 ; sb = 426.418833156578
      Creating new point: f = 0.604824846271145
    i = 58 ; sf/Sf = 0.276113697921202 ; sf = 429.547590536985
      k =   61 ; sb/Sb = 0 ; sb = 0
      k =   62 ; sb/Sb = 0.0846567402266471 ; sb = 170.293863659264
      k =   63 ; sb/Sb = 0.211981968173065 ; sb = 426.418833156578
      k =   64 ; sb/Sb = 0.282636207875318 ; sb = 568.545537192097
      Creating new point: f = 0.907684096784521
    i = 57 ; sf/Sf = 0.449073806086878 ; sf = 698.620071478459
      k =   61 ; sb/Sb = 0 ; sb = 0
      k =   62 ; sb/Sb = 0.0846567402266471 ; sb = 170.293863659264
      k =   63 ; sb/Sb = 0.211981968173065 ; sb = 426.418833156578
      k =   64 ; sb/Sb = 0.282636207875318 ; sb = 568.545537192097
      k =   65 ; sb/Sb = 0.430441054519862 ; sb = 865.866912138467
      k =   66 ; sb/Sb = 0.540819939420297 ; sb = 1087.90294525021
      Creating new point: f = 0.168807209674416
    i = 56 ; sf/Sf = 0.602405805322623 ; sf = 937.15728031599
      k =   61 ; sb/Sb = 0 ; sb = 0
      k =   62 ; sb/Sb = 0.0846567402266471 ; sb = 170.293863659264
      k =   63 ; sb/Sb = 0.211981968173065 ; sb = 426.418833156578
      k =   64 ; sb/Sb = 0.282636207875318 ; sb = 568.545537192097
      k =   65 ; sb/Sb = 0.430441054519862 ; sb = 865.866912138467
      k =   66 ; sb/Sb = 0.540819939420297 ; sb = 1087.90294525021
      k =   67 ; sb/Sb = 0.627638476255302 ; sb = 1262.54543721594
      Creating new point: f = 0.709363093959613
    i = 55 ; sf/Sf = 0.677643754425459 ; sf = 1054.20427942319
      k =   61 ; sb/Sb = 0 ; sb = 0
      k =   62 ; sb/Sb = 0.0846567402266471 ; sb = 170.293863659264
      k =   63 ; sb/Sb = 0.211981968173065 ; sb = 426.418833156578
      k =   64 ; sb/Sb = 0.282636207875318 ; sb = 568.545537192097
      k =   65 ; sb/Sb = 0.430441054519862 ; sb = 865.866912138467
      k =   66 ; sb/Sb = 0.540819939420297 ; sb = 1087.90294525021
      k =   67 ; sb/Sb = 0.627638476255302 ; sb = 1262.54543721594
      k =   68 ; sb/Sb = 0.701037585503511 ; sb = 1410.19366781828
      Creating new point: f = 0.68127908747581
    i = 54 ; sf/Sf = 0.769002967441974 ; sf = 1196.33098345871
      k =   61 ; sb/Sb = 0 ; sb = 0
      k =   62 ; sb/Sb = 0.0846567402266471 ; sb = 170.293863659264
      k =   63 ; sb/Sb = 0.211981968173065 ; sb = 426.418833156578
      k =   64 ; sb/Sb = 0.282636207875318 ; sb = 568.545537192097
      k =   65 ; sb/Sb = 0.430441054519862 ; sb = 865.866912138467
      k =   66 ; sb/Sb = 0.540819939420297 ; sb = 1087.90294525021
      k =   67 ; sb/Sb = 0.627638476255302 ; sb = 1262.54543721594
      k =   68 ; sb/Sb = 0.701037585503511 ; sb = 1410.19366781828
      k =   69 ; sb/Sb = 0.820760295678331 ; sb = 1651.02555939412
      Creating new point: f = 0.567689971595363
    i = 53 ; sf/Sf = 0.898364209480123 ; sf = 1397.57710143369
      k =   61 ; sb/Sb = 0 ; sb = 0
      k =   62 ; sb/Sb = 0.0846567402266471 ; sb = 170.293863659264
      k =   63 ; sb/Sb = 0.211981968173065 ; sb = 426.418833156578
      k =   64 ; sb/Sb = 0.282636207875318 ; sb = 568.545537192097
      k =   65 ; sb/Sb = 0.430441054519862 ; sb = 865.866912138467
      k =   66 ; sb/Sb = 0.540819939420297 ; sb = 1087.90294525021
      k =   67 ; sb/Sb = 0.627638476255302 ; sb = 1262.54543721594
      k =   68 ; sb/Sb = 0.701037585503511 ; sb = 1410.19366781828
      k =   69 ; sb/Sb = 0.820760295678331 ; sb = 1651.02555939412
      k =   70 ; sb/Sb = 1 ; sb = 2011.58068694052
      Creating new point: f = 0.432961625860093
Tear 3 : Sf = 1504.45174101143 ; Sb = 1901.87837212677
  Forwards path
    i = 34 ; sf/Sf = 0.075786772949766 ; sf = 114.017542509914
      k =   35 ; sb/Sb = 0 ; sb = 0
      k =   36 ; sb/Sb = 0.139707464476081 ; sb = 265.706605111728
      Creating new point: f = 0.542467599952335
    i = 33 ; sf/Sf = 0.156102050895945 ; sf = 234.84800224586
      k =   35 ; sb/Sb = 0 ; sb = 0
      k =   36 ; sb/Sb = 0.139707464476081 ; sb = 265.706605111728
      k =   37 ; sb/Sb = 0.203239634307124 ; sb = 386.537064847674
      Creating new point: f = 0.258051731327025
    i = 32 ; sf/Sf = 0.243528892710912 ; sf = 366.377466625519
      k =   35 ; sb/Sb = 0 ; sb = 0
      k =   36 ; sb/Sb = 0.139707464476081 ; sb = 265.706605111728
      k =   37 ; sb/Sb = 0.203239634307124 ; sb = 386.537064847674
      k =   38 ; sb/Sb = 0.309705205544857 ; sb = 589.02163216084
      Creating new point: f = 0.378425231137148
    i = 31 ; sf/Sf = 0.50001809546332 ; sf = 752.253094257013
      k =   35 ; sb/Sb = 0 ; sb = 0
      k =   36 ; sb/Sb = 0.139707464476081 ; sb = 265.706605111728
      k =   37 ; sb/Sb = 0.203239634307124 ; sb = 386.537064847674
      k =   38 ; sb/Sb = 0.309705205544857 ; sb = 589.02163216084
      k =   39 ; sb/Sb = 0.426450858876755 ; sb = 811.057665272585
      k =   40 ; sb/Sb = 0.452740657810683 ; sb = 861.057665272585
      k =  117 ; sb/Sb = 0.558326198517829 ; sb = 1061.86852155282
      Creating new point: f = 0.447764318257993
    i = 30 ; sf/Sf = 0.697645820461985 ; sf = 1049.57446920338
      k =   35 ; sb/Sb = 0 ; sb = 0
      k =   36 ; sb/Sb = 0.139707464476081 ; sb = 265.706605111728
      k =   37 ; sb/Sb = 0.203239634307124 ; sb = 386.537064847674
      k =   38 ; sb/Sb = 0.309705205544857 ; sb = 589.02163216084
      k =   39 ; sb/Sb = 0.426450858876755 ; sb = 811.057665272585
      k =   40 ; sb/Sb = 0.452740657810683 ; sb = 861.057665272585
      k =  117 ; sb/Sb = 0.558326198517829 ; sb = 1061.86852155282
      k =   41 ; sb/Sb = 0.663911739224975 ; sb = 1262.67937783305
      k =   42 ; sb/Sb = 0.886740079995493 ; sb = 1686.47177984139
      Creating new point: f = 0.151390443066444
    i = 29 ; sf/Sf = 0.889372875690223 ; sf = 1338.0185712405
      k =   35 ; sb/Sb = 0 ; sb = 0
      k =   36 ; sb/Sb = 0.139707464476081 ; sb = 265.706605111728
      k =   37 ; sb/Sb = 0.203239634307124 ; sb = 386.537064847674
      k =   38 ; sb/Sb = 0.309705205544857 ; sb = 589.02163216084
      k =   39 ; sb/Sb = 0.426450858876755 ; sb = 811.057665272585
      k =   40 ; sb/Sb = 0.452740657810683 ; sb = 861.057665272585
      k =  117 ; sb/Sb = 0.558326198517829 ; sb = 1061.86852155282
      k =   41 ; sb/Sb = 0.663911739224975 ; sb = 1262.67937783305
      k =   42 ; sb/Sb = 0.886740079995493 ; sb = 1686.47177984139
      k =   43 ; sb/Sb = 1 ; sb = 1901.87837212677
      Creating new point: f = 0.0232456079310758
Tear 4 : Sf = 2934.68787561132 ; Sb = 2055.50552452879
  Forwards path
    i = 1 ; sf/Sf = 0.0963791464247969 ; sf = 282.842712474619
      k =    2 ; sb/Sb = 0 ; sb = 0
      k =    3 ; sb/Sb = 0.0881085945046369 ; sb = 181.107702762748
      k =    4 ; sb/Sb = 0.265196658788712 ; sb = 545.113197226774
      Creating new point: f = 0.0467030454796368
    i = 116 ; sf/Sf = 0.114729189207499 ; sf = 336.694360545964
      k =    2 ; sb/Sb = 0 ; sb = 0
      k =    3 ; sb/Sb = 0.0881085945046369 ; sb = 181.107702762748
      k =    4 ; sb/Sb = 0.265196658788712 ; sb = 545.113197226774
      Creating new point: f = 0.150324048153572
    i = 115 ; sf/Sf = 0.21301701887219 ; sf = 625.138462583083
      k =    2 ; sb/Sb = 0 ; sb = 0
      k =    3 ; sb/Sb = 0.0881085945046369 ; sb = 181.107702762748
      k =    4 ; sb/Sb = 0.265196658788712 ; sb = 545.113197226774
      Creating new point: f = 0.705346375954407
    i = 114 ; sf/Sf = 0.31432979472725 ; sf = 922.459837529453
      k =    2 ; sb/Sb = 0 ; sb = 0
      k =    3 ; sb/Sb = 0.0881085945046369 ; sb = 181.107702762748
      k =    4 ; sb/Sb = 0.265196658788712 ; sb = 545.113197226774
      k =    5 ; sb/Sb = 0.448070855962383 ; sb = 921.012119811024
      Creating new point: f = 0.268671779277189
    i = 113 ; sf/Sf = 0.436478718828429 ; sf = 1280.92880410815
      k =    2 ; sb/Sb = 0 ; sb = 0
      k =    3 ; sb/Sb = 0.0881085945046369 ; sb = 181.107702762748
      k =    4 ; sb/Sb = 0.265196658788712 ; sb = 545.113197226774
      k =    5 ; sb/Sb = 0.448070855962383 ; sb = 921.012119811024
      Creating new point: f = 0.936611412035645
    i = 112 ; sf/Sf = 0.556518162206301 ; sf = 1633.20710318432
      k =    2 ; sb/Sb = 0 ; sb = 0
      k =    3 ; sb/Sb = 0.0881085945046369 ; sb = 181.107702762748
      k =    4 ; sb/Sb = 0.265196658788712 ; sb = 545.113197226774
      k =    5 ; sb/Sb = 0.448070855962383 ; sb = 921.012119811024
      k =    6 ; sb/Sb = 0.654589252760726 ; sb = 1345.51182534685
      Creating new point: f = 0.525121770869701
    i = 111 ; sf/Sf = 0.662972408885324 ; sf = 1945.61709022059
      k =    2 ; sb/Sb = 0 ; sb = 0
      k =    3 ; sb/Sb = 0.0881085945046369 ; sb = 181.107702762748
      k =    4 ; sb/Sb = 0.265196658788712 ; sb = 545.113197226774
      k =    5 ; sb/Sb = 0.448070855962383 ; sb = 921.012119811024
      k =    6 ; sb/Sb = 0.654589252760726 ; sb = 1345.51182534685
      k =    7 ; sb/Sb = 0.799235604423794 ; sb = 1642.83320029322
      Creating new point: f = 0.0579562223880044
    i = 110 ; sf/Sf = 0.719170625532248 ; sf = 2110.5413152453
      k =    2 ; sb/Sb = 0 ; sb = 0
      k =    3 ; sb/Sb = 0.0881085945046369 ; sb = 181.107702762748
      k =    4 ; sb/Sb = 0.265196658788712 ; sb = 545.113197226774
      k =    5 ; sb/Sb = 0.448070855962383 ; sb = 921.012119811024
      k =    6 ; sb/Sb = 0.654589252760726 ; sb = 1345.51182534685
      k =    7 ; sb/Sb = 0.799235604423794 ; sb = 1642.83320029322
      Creating new point: f = 0.446477716368231
    i = 109 ; sf/Sf = 0.817988630135069 ; sf = 2400.5413152453
      k =    2 ; sb/Sb = 0 ; sb = 0
      k =    3 ; sb/Sb = 0.0881085945046369 ; sb = 181.107702762748
      k =    4 ; sb/Sb = 0.265196658788712 ; sb = 545.113197226774
      k =    5 ; sb/Sb = 0.448070855962383 ; sb = 921.012119811024
      k =    6 ; sb/Sb = 0.654589252760726 ; sb = 1345.51182534685
      k =    7 ; sb/Sb = 0.799235604423794 ; sb = 1642.83320029322
      k =    8 ; sb/Sb = 0.923077860350356 ; sb = 1897.39164152037
      Creating new point: f = 0.151426712723933
    i = 108 ; sf/Sf = 0.937446295726213 ; sf = 2751.11227810446
      k =    2 ; sb/Sb = 0 ; sb = 0
      k =    3 ; sb/Sb = 0.0881085945046369 ; sb = 181.107702762748
      k =    4 ; sb/Sb = 0.265196658788712 ; sb = 545.113197226774
      k =    5 ; sb/Sb = 0.448070855962383 ; sb = 921.012119811024
      k =    6 ; sb/Sb = 0.654589252760726 ; sb = 1345.51182534685
      k =    7 ; sb/Sb = 0.799235604423794 ; sb = 1642.83320029322
      k =    8 ; sb/Sb = 0.923077860350356 ; sb = 1897.39164152037
      k =   11 ; sb/Sb = 0.923077860350356 ; sb = 1897.39164152037
      k =   12 ; sb/Sb = 1 ; sb = 2055.50552452879
      Creating new point: f = 0.186791935862692
Tear 5 : Sf = 322.800247831379 ; Sb = 335.967477524977
  Forwards path
Tear 1 : Sf = 1506.83727412593 ; Sb = 1232.2472153378
  Backwards path
    i = 91 ; sf/Sf = 0.10618266666705 ; sf = 160
      k =   90 ; sb/Sb = 0 ; sb = 0
      k =   89 ; sb/Sb = 0.207851936128824 ; sb = 256.124969497314
      Creating new point: f = 0.510857241191344
    i = 92 ; sf/Sf = 0.194723508423606 ; sf = 293.416640641263
      k =   90 ; sb/Sb = 0 ; sb = 0
      k =   89 ; sb/Sb = 0.207851936128824 ; sb = 256.124969497314
      Creating new point: f = 0.936837597235174
    i = 93 ; sf/Sf = 0.26892090239227 ; sf = 405.220039516253
      k =   90 ; sb/Sb = 0 ; sb = 0
      k =   89 ; sb/Sb = 0.207851936128824 ; sb = 256.124969497314
      k =   88 ; sb/Sb = 0.458375513675749 ; sb = 564.831950305977
      Creating new point: f = 0.243765344808745
    i = 94 ; sf/Sf = 0.389111520100346 ; sf = 586.327742279001
      k =   90 ; sb/Sb = 0 ; sb = 0
      k =   89 ; sb/Sb = 0.207851936128824 ; sb = 256.124969497314
      k =   88 ; sb/Sb = 0.458375513675749 ; sb = 564.831950305977
      Creating new point: f = 0.723523054182678
    i = 95 ; sf/Sf = 0.534659500469914 ; sf = 805.644864273614
      k =   90 ; sb/Sb = 0 ; sb = 0
      k =   89 ; sb/Sb = 0.207851936128824 ; sb = 256.124969497314
      k =   88 ; sb/Sb = 0.458375513675749 ; sb = 564.831950305977
      k =   87 ; sb/Sb = 0.498951787152085 ; sb = 614.831950305977
      k =   86 ; sb/Sb = 0.676933217554011 ; sb = 834.14907230059
      Creating new point: f = 0.200626061028906
    i = 96 ; sf/Sf = 0.637684392160791 ; sf = 960.886611236215
      k =   90 ; sb/Sb = 0 ; sb = 0
      k =   89 ; sb/Sb = 0.207851936128824 ; sb = 256.124969497314
      k =   88 ; sb/Sb = 0.458375513675749 ; sb = 564.831950305977
      k =   87 ; sb/Sb = 0.498951787152085 ; sb = 614.831950305977
      k =   86 ; sb/Sb = 0.676933217554011 ; sb = 834.14907230059
      Creating new point: f = 0.779477975288845
    i = 97 ; sf/Sf = 0.721629160835371 ; sf = 1087.37771764295
      k =   90 ; sb/Sb = 0 ; sb = 0
      k =   89 ; sb/Sb = 0.207851936128824 ; sb = 256.124969497314
      k =   88 ; sb/Sb = 0.458375513675749 ; sb = 564.831950305977
      k =   87 ; sb/Sb = 0.498951787152085 ; sb = 614.831950305977
      k =   86 ; sb/Sb = 0.676933217554011 ; sb = 834.14907230059
      k =   85 ; sb/Sb = 0.771919838461172 ; sb = 951.196071407786
      Creating new point: f = 0.470549882230729
    i = 98 ; sf/Sf = 0.831481403287023 ; sf = 1252.90717121542
      k =   90 ; sb/Sb = 0 ; sb = 0
      k =   89 ; sb/Sb = 0.207851936128824 ; sb = 256.124969497314
      k =   88 ; sb/Sb = 0.458375513675749 ; sb = 564.831950305977
      k =   87 ; sb/Sb = 0.498951787152085 ; sb = 614.831950305977
      k =   86 ; sb/Sb = 0.676933217554011 ; sb = 834.14907230059
      k =   85 ; sb/Sb = 0.771919838461172 ; sb = 951.196071407786
      k =   84 ; sb/Sb = 0.887259278685881 ; sb = 1093.3227754433
      Creating new point: f = 0.516402409356338
    i = 99 ; sf/Sf = 0.905678797255687 ; sf = 1364.71057009041
      k =   90 ; sb/Sb = 0 ; sb = 0
      k =   89 ; sb/Sb = 0.207851936128824 ; sb = 256.124969497314
      k =   88 ; sb/Sb = 0.458375513675749 ; sb = 564.831950305977
      k =   87 ; sb/Sb = 0.498951787152085 ; sb = 614.831950305977
      k =   86 ; sb/Sb = 0.676933217554011 ; sb = 834.14907230059
      k =   85 ; sb/Sb = 0.771919838461172 ; sb = 951.196071407786
      k =   84 ; sb/Sb = 0.887259278685881 ; sb = 1093.3227754433
      k =   83 ; sb/Sb = 1 ; sb = 1232.2472153378
      Creating new point: f = 0.163379463561225
Tear 2 : Sf = 2011.58068694052 ; Sb = 1555.69098444211
  Backwards path
    i = 62 ; sf/Sf = 0.0846567402266471 ; sf = 170.293863659264
      k =   61 ; sb/Sb = 0 ; sb = 0
      k =   60 ; sb/Sb = 0.0518242879140281 ; sb = 80.6225774829855
      k =   59 ; sb/Sb = 0.161666201645778 ; sb = 251.502652389336
      Creating new point: f = 0.298906411925785
    i = 63 ; sf/Sf = 0.211981968173065 ; sf = 426.418833156578
      k =   61 ; sb/Sb = 0 ; sb = 0
      k =   60 ; sb/Sb = 0.0518242879140281 ; sb = 80.6225774829855
      k =   59 ; sb/Sb = 0.161666201645778 ; sb = 251.502652389336
      k =   58 ; sb/Sb = 0.276113697921202 ; sb = 429.547590536985
      Creating new point: f = 0.439640605209918
    i = 64 ; sf/Sf = 0.282636207875318 ; sf = 568.545537192097
      k =   61 ; sb/Sb = 0 ; sb = 0
      k =   60 ; sb/Sb = 0.0518242879140281 ; sb = 80.6225774829855
      k =   59 ; sb/Sb = 0.161666201645778 ; sb = 251.502652389336
      k =   58 ; sb/Sb = 0.276113697921202 ; sb = 429.547590536985
      k =   57 ; sb/Sb = 0.449073806086878 ; sb = 698.620071478459
      Creating new point: f = 0.037711065420176
    i = 65 ; sf/Sf = 0.430441054519862 ; sf = 865.866912138467
      k =   61 ; sb/Sb = 0 ; sb = 0
      k =   60 ; sb/Sb = 0.0518242879140281 ; sb = 80.6225774829855
      k =   59 ; sb/Sb = 0.161666201645778 ; sb = 251.502652389336
      k =   58 ; sb/Sb = 0.276113697921202 ; sb = 429.547590536985
      k =   57 ; sb/Sb = 0.449073806086878 ; sb = 698.620071478459
      Creating new point: f = 0.892271392723877
    i = 66 ; sf/Sf = 0.540819939420297 ; sf = 1087.90294525021
      k =   61 ; sb/Sb = 0 ; sb = 0
      k =   60 ; sb/Sb = 0.0518242879140281 ; sb = 80.6225774829855
      k =   59 ; sb/Sb = 0.161666201645778 ; sb = 251.502652389336
      k =   58 ; sb/Sb = 0.276113697921202 ; sb = 429.547590536985
      k =   57 ; sb/Sb = 0.449073806086878 ; sb = 698.620071478459
      k =   56 ; sb/Sb = 0.602405805322623 ; sb = 937.15728031599
      Creating new point: f = 0.598349553848582
    i = 67 ; sf/Sf = 0.627638476255302 ; sf = 1262.54543721594
      k =   61 ; sb/Sb = 0 ; sb = 0
      k =   60 ; sb/Sb = 0.0518242879140281 ; sb = 80.6225774829855
      k =   59 ; sb/Sb = 0.161666201645778 ; sb = 251.502652389336
      k =   58 ; sb/Sb = 0.276113697921202 ; sb = 429.547590536985
      k =   57 ; sb/Sb = 0.449073806086878 ; sb = 698.620071478459
      k =   56 ; sb/Sb = 0.602405805322623 ; sb = 937.15728031599
      k =   55 ; sb/Sb = 0.677643754425459 ; sb = 1054.20427942319
      Creating new point: f = 0.335371594169729
    i = 68 ; sf/Sf = 0.701037585503511 ; sf = 1410.19366781828
      k =   61 ; sb/Sb = 0 ; sb = 0
      k =   60 ; sb/Sb = 0.0518242879140281 ; sb = 80.6225774829855
      k =   59 ; sb/Sb = 0.161666201645778 ; sb = 251.502652389336
      k =   58 ; sb/Sb = 0.276113697921202 ; sb = 429.547590536985
      k =   57 ; sb/Sb = 0.449073806086878 ; sb = 698.620071478459
      k =   56 ; sb/Sb = 0.602405805322623 ; sb = 937.15728031599
      k =   55 ; sb/Sb = 0.677643754425459 ; sb = 1054.20427942319
      k =   54 ; sb/Sb = 0.769002967441974 ; sb = 1196.33098345871
      Creating new point: f = 0.256064279733041
    i = 69 ; sf/Sf = 0.820760295678331 ; sf = 1651.02555939412
      k =   61 ; sb/Sb = 0 ; sb = 0
      k =   60 ; sb/Sb = 0.0518242879140281 ; sb = 80.6225774829855
      k =   59 ; sb/Sb = 0.161666201645778 ; sb = 251.502652389336
      k =   58 ; sb/Sb = 0.276113697921202 ; sb = 429.547590536985
      k =   57 ; sb/Sb = 0.449073806086878 ; sb = 698.620071478459
      k =   56 ; sb/Sb = 0.602405805322623 ; sb = 937.15728031599
      k =   55 ; sb/Sb = 0.677643754425459 ; sb = 1054.20427942319
      k =   54 ; sb/Sb = 0.769002967441974 ; sb = 1196.33098345871
      k =   53 ; sb/Sb = 0.898364209480123 ; sb = 1397.57710143369
      Creating new point: f = 0.400099190614551
Tear 3 : Sf = 1901.87837212677 ; Sb = 1504.45174101143
  Backwards path
    i = 36 ; sf/Sf = 0.139707464476081 ; sf = 265.706605111728
      k =   35 ; sb/Sb = 0 ; sb = 0
      k =   34 ; sb/Sb = 0.075786772949766 ; sb = 114.017542509914
      k =   33 ; sb/Sb = 0.156102050895945 ; sb = 234.84800224586
      Creating new point: f = 0.795872132437247
    i = 37 ; sf/Sf = 0.203239634307124 ; sf = 386.537064847674
      k =   35 ; sb/Sb = 0 ; sb = 0
      k =   34 ; sb/Sb = 0.075786772949766 ; sb = 114.017542509914
      k =   33 ; sb/Sb = 0.156102050895945 ; sb = 234.84800224586
      k =   32 ; sb/Sb = 0.243528892710912 ; sb = 366.377466625519
      Creating new point: f = 0.539166032223182
    i = 38 ; sf/Sf = 0.309705205544857 ; sf = 589.02163216084
      k =   35 ; sb/Sb = 0 ; sb = 0
      k =   34 ; sb/Sb = 0.075786772949766 ; sb = 114.017542509914
      k =   33 ; sb/Sb = 0.156102050895945 ; sb = 234.84800224586
      k =   32 ; sb/Sb = 0.243528892710912 ; sb = 366.377466625519
      k =   31 ; sb/Sb = 0.50001809546332 ; sb = 752.253094257013
      Creating new point: f = 0.258008181723836
    i = 39 ; sf/Sf = 0.426450858876754 ; sf = 811.057665272585
      k =   35 ; sb/Sb = 0 ; sb = 0
      k =   34 ; sb/Sb = 0.075786772949766 ; sb = 114.017542509914
      k =   33 ; sb/Sb = 0.156102050895945 ; sb = 234.84800224586
      k =   32 ; sb/Sb = 0.243528892710912 ; sb = 366.377466625519
      k =   31 ; sb/Sb = 0.50001809546332 ; sb = 752.253094257013
      Creating new point: f = 0.713176087737382
    i = 40 ; sf/Sf = 0.452740657810683 ; sf = 861.057665272585
      k =   35 ; sb/Sb = 0 ; sb = 0
      k =   34 ; sb/Sb = 0.075786772949766 ; sb = 114.017542509914
      k =   33 ; sb/Sb = 0.156102050895945 ; sb = 234.84800224586
      k =   32 ; sb/Sb = 0.243528892710912 ; sb = 366.377466625519
      k =   31 ; sb/Sb = 0.50001809546332 ; sb = 752.253094257013
      Creating new point: f = 0.815674745192785
    i = 117 ; sf/Sf = 0.558326198517829 ; sf = 1061.86852155282
      k =   35 ; sb/Sb = 0 ; sb = 0
      k =   34 ; sb/Sb = 0.075786772949766 ; sb = 114.017542509914
      k =   33 ; sb/Sb = 0.156102050895945 ; sb = 234.84800224586
      k =   32 ; sb/Sb = 0.243528892710912 ; sb = 366.377466625519
      k =   31 ; sb/Sb = 0.50001809546332 ; sb = 752.253094257013
      k =   30 ; sb/Sb = 0.697645820461985 ; sb = 1049.57446920338
      Creating new point: f = 0.295040096499128
    i = 41 ; sf/Sf = 0.663911739224975 ; sf = 1262.67937783305
      k =   35 ; sb/Sb = 0 ; sb = 0
      k =   34 ; sb/Sb = 0.075786772949766 ; sb = 114.017542509914
      k =   33 ; sb/Sb = 0.156102050895945 ; sb = 234.84800224586
      k =   32 ; sb/Sb = 0.243528892710912 ; sb = 366.377466625519
      k =   31 ; sb/Sb = 0.50001809546332 ; sb = 752.253094257013
      k =   30 ; sb/Sb = 0.697645820461985 ; sb = 1049.57446920338
      Creating new point: f = 0.829304915404771
    i = 42 ; sf/Sf = 0.886740079995493 ; sf = 1686.47177984139
      k =   35 ; sb/Sb = 0 ; sb = 0
      k =   34 ; sb/Sb = 0.075786772949766 ; sb = 114.017542509914
      k =   33 ; sb/Sb = 0.156102050895945 ; sb = 234.84800224586
      k =   32 ; sb/Sb = 0.243528892710912 ; sb = 366.377466625519
      k =   31 ; sb/Sb = 0.50001809546332 ; sb = 752.253094257013
      k =   30 ; sb/Sb = 0.697645820461985 ; sb = 1049.57446920338
      k =   29 ; sb/Sb = 0.889372875690223 ; sb = 1338.0185712405
      Creating new point: f = 0.986268001187438
Tear 4 : Sf = 2055.50552452879 ; Sb = 2934.68787561132
  Backwards path
    i = 3 ; sf/Sf = 0.0881085945046369 ; sf = 181.107702762748
      k =    2 ; sb/Sb = 0 ; sb = 0
      k =    1 ; sb/Sb = 0.0963791464247969 ; sb = 282.842712474619
      Creating new point: f = 0.914187329656282
    i = 4 ; sf/Sf = 0.265196658788712 ; sf = 545.113197226774
      k =    2 ; sb/Sb = 0 ; sb = 0
      k =    1 ; sb/Sb = 0.0963791464247969 ; sb = 282.842712474619
      k =  116 ; sb/Sb = 0.114729189207499 ; sb = 336.694360545964
      k =  115 ; sb/Sb = 0.21301701887219 ; sb = 625.138462583083
      k =  114 ; sb/Sb = 0.31432979472725 ; sb = 922.459837529453
      Creating new point: f = 0.515035142173688
    i = 5 ; sf/Sf = 0.448070855962384 ; sf = 921.012119811024
      k =    2 ; sb/Sb = 0 ; sb = 0
      k =    1 ; sb/Sb = 0.0963791464247969 ; sb = 282.842712474619
      k =  116 ; sb/Sb = 0.114729189207499 ; sb = 336.694360545964
      k =  115 ; sb/Sb = 0.21301701887219 ; sb = 625.138462583083
      k =  114 ; sb/Sb = 0.31432979472725 ; sb = 922.459837529453
      k =  113 ; sb/Sb = 0.436478718828429 ; sb = 1280.92880410815
      k =  112 ; sb/Sb = 0.556518162206301 ; sb = 1633.20710318432
      Creating new point: f = 0.0965694009215245
    i = 6 ; sf/Sf = 0.654589252760726 ; sf = 1345.51182534685
      k =    2 ; sb/Sb = 0 ; sb = 0
      k =    1 ; sb/Sb = 0.0963791464247969 ; sb = 282.842712474619
      k =  116 ; sb/Sb = 0.114729189207499 ; sb = 336.694360545964
      k =  115 ; sb/Sb = 0.21301701887219 ; sb = 625.138462583083
      k =  114 ; sb/Sb = 0.31432979472725 ; sb = 922.459837529453
      k =  113 ; sb/Sb = 0.436478718828429 ; sb = 1280.92880410815
      k =  112 ; sb/Sb = 0.556518162206301 ; sb = 1633.20710318432
      k =  111 ; sb/Sb = 0.662972408885324 ; sb = 1945.61709022059
      Creating new point: f = 0.921251087804185
    i = 7 ; sf/Sf = 0.799235604423794 ; sf = 1642.83320029322
      k =    2 ; sb/Sb = 0 ; sb = 0
      k =    1 ; sb/Sb = 0.0963791464247969 ; sb = 282.842712474619
      k =  116 ; sb/Sb = 0.114729189207499 ; sb = 336.694360545964
      k =  115 ; sb/Sb = 0.21301701887219 ; sb = 625.138462583083
      k =  114 ; sb/Sb = 0.31432979472725 ; sb = 922.459837529453
      k =  113 ; sb/Sb = 0.436478718828429 ; sb = 1280.92880410815
      k =  112 ; sb/Sb = 0.556518162206301 ; sb = 1633.20710318432
      k =  111 ; sb/Sb = 0.662972408885324 ; sb = 1945.61709022059
      k =  110 ; sb/Sb = 0.719170625532248 ; sb = 2110.5413152453
      k =  109 ; sb/Sb = 0.817988630135069 ; sb = 2400.5413152453
      Creating new point: f = 0.810226630393426
    i = 8 ; sf/Sf = 0.923077860350356 ; sf = 1897.39164152037
      k =    2 ; sb/Sb = 0 ; sb = 0
      k =    1 ; sb/Sb = 0.0963791464247969 ; sb = 282.842712474619
      k =  116 ; sb/Sb = 0.114729189207499 ; sb = 336.694360545964
      k =  115 ; sb/Sb = 0.21301701887219 ; sb = 625.138462583083
      k =  114 ; sb/Sb = 0.31432979472725 ; sb = 922.459837529453
      k =  113 ; sb/Sb = 0.436478718828429 ; sb = 1280.92880410815
      k =  112 ; sb/Sb = 0.556518162206301 ; sb = 1633.20710318432
      k =  111 ; sb/Sb = 0.662972408885324 ; sb = 1945.61709022059
      k =  110 ; sb/Sb = 0.719170625532248 ; sb = 2110.5413152453
      k =  109 ; sb/Sb = 0.817988630135069 ; sb = 2400.5413152453
      k =  108 ; sb/Sb = 0.937446295726213 ; sb = 2751.11227810446
    i = 11 ; sf/Sf = 0.923077860350356 ; sf = 1897.39164152037
      k =    2 ; sb/Sb = 0 ; sb = 0
      k =    1 ; sb/Sb = 0.0963791464247969 ; sb = 282.842712474619
      k =  116 ; sb/Sb = 0.114729189207499 ; sb = 336.694360545964
      k =  115 ; sb/Sb = 0.21301701887219 ; sb = 625.138462583083
      k =  114 ; sb/Sb = 0.31432979472725 ; sb = 922.459837529453
      k =  113 ; sb/Sb = 0.436478718828429 ; sb = 1280.92880410815
      k =  112 ; sb/Sb = 0.556518162206301 ; sb = 1633.20710318432
      k =  111 ; sb/Sb = 0.662972408885324 ; sb = 1945.61709022059
      k =  110 ; sb/Sb = 0.719170625532248 ; sb = 2110.5413152453
      k =  109 ; sb/Sb = 0.817988630135069 ; sb = 2400.5413152453
      k =  108 ; sb/Sb = 0.937446295726213 ; sb = 2751.11227810446
      Creating new point: f = 0.879719436130331
Tear 5 : Sf = 335.967477524977 ; Sb = 322.800247831379
  Backwards path
    i = 10 ; sf/Sf = 0.267883072084884 ; sf = 90
      k =    9 ; sb/Sb = 0 ; sb = 0
      k =    8 ; sb/Sb = 1 ; sb = 322.800247831379
      Creating new point: f = 0.267883072084884
Triangulating...
[1] "Non-adjacent points in rim connected by line: 479 478"
[1] "In triangle: 252" "In triangle: 255"
[1] "Other points in triangles: 464 66"
[1] "Non-adjacent points in rim connected by line: 498 10"
[1] "In triangle: 715" "In triangle: 721"
[1] "Other points in triangles: 459 11"
Merging points...
Projecting to sphere...
Optimising mapping with FIRE...
E =  0.00563 | E_L =  0.00563 | E_A =  0.00000 |   0 flippped triangles
E =  0.00495 | E_L =  0.00495 | E_A =  0.00000 |  45 flippped triangles
        phi0    phi0.1    phi0.2    phi0.3    phi0.4    phi0.5    phi0.6
id    14.000    73.000   75.0000   77.0000   78.0000   81.0000    83.000
A   7603.274  4520.070 1131.7370  765.1626  138.6823 1352.1258  1767.348
a  -5828.268 -4253.061 -873.0348 -759.1944 -114.6907 -416.6956 -1540.372
      phi0.7    phi0.8    phi0.9   phi0.10   phi0.11   phi0.12   phi0.13
id   103.000   105.000   106.000   108.000   114.000   161.000    171.00
A   5875.251  2901.049  1746.890  3513.971  8755.041  4822.840  18044.51
a  -3727.764 -3456.679 -1424.397 -3612.820 -9855.585 -5531.599 -10717.67
     phi0.14   phi0.15   phi0.16   phi0.17   phi0.18   phi0.19   phi0.20
id  175.0000   249.000   252.000    253.00   256.000   260.000   281.000
A   352.5056  5120.972  2915.891  12875.50  1479.253  2914.398 10747.136
a  -379.8970 -6939.913 -3327.393 -11667.91 -1112.626 -2181.732 -3667.753
     phi0.21   phi0.22   phi0.23   phi0.24   phi0.25   phi0.26   phi0.27
id    288.00    292.00  446.0000   458.000   463.000   464.000   485.000
A   17704.32  24874.56  641.3525  3064.324  1665.075  2377.371  6506.093
a  -17405.49 -22061.78 -493.9309 -1722.679 -1690.885 -1052.737 -4470.838
     phi0.28   phi0.29   phi0.30   phi0.31   phi0.32   phi0.33   phi0.34
id   486.000   487.000    495.00  503.0000   517.000   531.000   663.000
A   2111.386  3656.580  16471.05 2571.9248  1951.445  5631.843  2961.991
a  -1531.899 -2562.197 -14381.85 -407.5145 -3098.174 -4163.861 -3284.090
     phi0.35   phi0.36   phi0.37   phi0.38   phi0.39   phi0.40   phi0.41
id   664.000   667.000   738.000  742.0000   827.000  834.0000   887.000
A   3276.148  9071.481  9273.772 6352.1337  4164.056  972.8848  4577.414
a  -4627.036 -8917.052 -6025.097 -988.0056 -3424.337 -824.2099 -4984.406
     phi0.42   phi0.43   phi0.44
id  900.0000   902.000  1001.000
A   793.4831  7032.979  2958.515
a  -606.1732 -1069.868 -3307.854
E =  0.00488 | E_L =  0.00488 | E_A =  0.00000 |  43 flippped triangles
        phi0    phi0.1    phi0.2    phi0.3    phi0.4    phi0.5    phi0.6
id    14.000    73.000   75.0000   77.0000   78.0000   81.0000    83.000
A   7603.274  4520.070 1131.7370  765.1626  138.6823 1352.1258  1767.348
a  -5547.284 -4430.246 -579.0677 -797.0824 -155.3531  -81.6109 -1719.708
      phi0.7    phi0.8    phi0.9   phi0.10   phi0.11   phi0.12   phi0.13
id   103.000   105.000   106.000   108.000   114.000   161.000    171.00
A   5875.251  2901.049  1746.890  3513.971  8755.041  4822.840  18044.51
a  -3926.776 -3296.177 -1371.188 -3682.382 -9630.704 -3461.266 -12489.90
     phi0.14   phi0.15   phi0.16  phi0.17   phi0.18   phi0.19   phi0.20
id  175.0000   249.000   252.000    253.0   256.000   260.000    288.00
A   352.5056  5120.972  2915.891  12875.5  1479.253  2914.398  17704.32
a  -386.1411 -8017.912 -2975.288 -10484.1 -1302.206 -2142.457 -16651.68
     phi0.21   phi0.22   phi0.23   phi0.24   phi0.25   phi0.26   phi0.27
id    292.00   458.000   463.000   464.000   485.000   486.000   487.000
A   24874.56  3064.324  1665.075  2377.371  6506.093  2111.386  3656.580
a  -18466.73 -1654.442 -1635.745 -2394.890 -3428.754 -1373.117 -1901.268
     phi0.28   phi0.29   phi0.30   phi0.31   phi0.32   phi0.33   phi0.34
id    495.00   517.000   531.000   663.000   664.000   667.000   736.000
A   16471.05  1951.445  5631.843  2961.991  3276.148  9071.481  3678.095
a  -13898.21 -2563.938 -4005.497 -3253.749 -4556.798 -8941.064 -3118.613
     phi0.35   phi0.36   phi0.37   phi0.38   phi0.39   phi0.40   phi0.41
id   738.000   742.000   827.000   887.000  900.0000  902.0000  908.0000
A   9273.772  6352.134  4164.056  4577.414  793.4831 7032.9794 3955.1037
a  -6197.713 -2884.868 -3132.875 -5340.846 -726.8026 -514.7024 -446.3889
     phi0.42
id  1001.000
A   2958.515
a  -3055.662
E =  0.00484 | E_L =  0.00484 | E_A =  0.00000 |  42 flippped triangles
        phi0    phi0.1    phi0.2    phi0.3    phi0.4    phi0.5    phi0.6
id    14.000    73.000   75.0000   77.0000   78.0000   81.0000    83.000
A   7603.274  4520.070 1131.7370  765.1626  138.6823 1352.1258  1767.348
a  -5852.813 -4399.346 -735.9221 -790.5783 -152.7972 -200.2548 -1666.912
      phi0.7    phi0.8    phi0.9   phi0.10   phi0.11   phi0.12   phi0.13
id   103.000   105.000   106.000   108.000   114.000   161.000    171.00
A   5875.251  2901.049  1746.890  3513.971  8755.041  4822.840  18044.51
a  -3947.365 -3307.713 -1459.462 -3760.641 -9424.733 -4109.216 -12599.78
     phi0.14   phi0.15   phi0.16   phi0.17   phi0.18   phi0.19   phi0.20
id  175.0000   249.000   252.000    253.00   256.000   260.000    288.00
A   352.5056  5120.972  2915.891  12875.50  1479.253  2914.398  17704.32
a  -397.5904 -8002.721 -3022.301 -10839.83 -1260.705 -2040.134 -16414.58
     phi0.21   phi0.22   phi0.23   phi0.24   phi0.25   phi0.26   phi0.27
id    292.00   458.000   463.000   464.000   485.000   486.000   487.000
A   24874.56  3064.324  1665.075  2377.371  6506.093  2111.386  3656.580
a  -18612.54 -1621.198 -1655.941 -2365.239 -3751.671 -1408.404 -2055.532
     phi0.28   phi0.29   phi0.30   phi0.31   phi0.32   phi0.33   phi0.34
id    495.00   517.000   531.000   663.000   664.000   667.000   736.000
A   16471.05  1951.445  5631.843  2961.991  3276.148  9071.481  3678.095
a  -13643.46 -2719.759 -3812.703 -3248.754 -4528.896 -8973.836 -2576.096
     phi0.35   phi0.36   phi0.37   phi0.38   phi0.39   phi0.40   phi0.41
id   738.000   742.000   827.000   887.000  900.0000  902.0000  1001.000
A   9273.772  6352.134  4164.056  4577.414  793.4831 7032.9794  2958.515
a  -5671.630 -2574.238 -3135.762 -5436.341 -782.6419 -633.5315 -3096.493
E =  0.00483 | E_L =  0.00483 | E_A =  0.00000 |  43 flippped triangles
        phi0    phi0.1    phi0.2    phi0.3    phi0.4    phi0.5    phi0.6
id    14.000    73.000   75.0000   77.0000   78.0000   81.0000    83.000
A   7603.274  4520.070 1131.7370  765.1626  138.6823 1352.1258  1767.348
a  -5722.498 -4412.347 -607.8989 -809.7980 -151.6756 -168.9347 -1672.968
      phi0.7    phi0.8    phi0.9   phi0.10   phi0.11   phi0.12   phi0.13
id   103.000   105.000   106.000   108.000   114.000   161.000    171.00
A   5875.251  2901.049  1746.890  3513.971  8755.041  4822.840  18044.51
a  -3987.823 -3317.840 -1405.903 -3746.910 -9473.727 -3422.757 -12868.22
     phi0.14   phi0.15   phi0.16   phi0.17   phi0.18   phi0.19   phi0.20
id  175.0000   249.000   252.000    253.00   256.000   260.000    288.00
A   352.5056  5120.972  2915.891  12875.50  1479.253  2914.398  17704.32
a  -396.3412 -8137.295 -2931.707 -10551.91 -1275.212 -2083.139 -16302.02
     phi0.21   phi0.22   phi0.23   phi0.24   phi0.25   phi0.26   phi0.27
id    292.00   458.000   463.000   464.000   485.000   486.000   487.000
A   24874.56  3064.324  1665.075  2377.371  6506.093  2111.386  3656.580
a  -18084.25 -1518.875 -1661.673 -2374.891 -3421.581 -1394.264 -1867.607
     phi0.28   phi0.29   phi0.30   phi0.31   phi0.32   phi0.33   phi0.34
id    495.00   517.000   531.000   663.000   664.000   667.000   736.000
A   16471.05  1951.445  5631.843  2961.991  3276.148  9071.481  3678.095
a  -13563.20 -2538.360 -3809.758 -3275.005 -4557.827 -8991.511 -2861.059
     phi0.35   phi0.36   phi0.37   phi0.38   phi0.39   phi0.40   phi0.41
id   738.000   742.000   827.000   887.000  900.0000  902.0000  908.0000
A   9273.772  6352.134  4164.056  4577.414  793.4831 7032.9794 3955.1037
a  -5904.599 -2648.310 -2992.181 -5366.285 -756.9739 -609.2246 -187.4825
     phi0.42
id  1001.000
A   2958.515
a  -3064.918
E =  0.00482 | E_L =  0.00482 | E_A =  0.00000 |  43 flippped triangles
        phi0    phi0.1    phi0.2    phi0.3    phi0.4    phi0.5    phi0.6
id    14.000    73.000   75.0000   77.0000   78.0000   81.0000    83.000
A   7603.274  4520.070 1131.7370  765.1626  138.6823 1352.1258  1767.348
a  -5798.894 -4442.746 -667.7555 -804.3377 -149.8147 -249.9629 -1625.441
      phi0.7    phi0.8    phi0.9   phi0.10   phi0.11   phi0.12   phi0.13
id   103.000   105.000   106.000   108.000   114.000   161.000    171.00
A   5875.251  2901.049  1746.890  3513.971  8755.041  4822.840  18044.51
a  -3938.936 -3315.147 -1422.808 -3752.933 -9413.102 -3927.187 -12804.41
     phi0.14   phi0.15   phi0.16   phi0.17   phi0.18   phi0.19   phi0.20
id  175.0000   249.000   252.000    253.00   256.000   260.000    288.00
A   352.5056  5120.972  2915.891  12875.50  1479.253  2914.398  17704.32
a  -393.4756 -8090.718 -2936.432 -10547.85 -1260.594 -2085.433 -16255.29
     phi0.21   phi0.22   phi0.23   phi0.24   phi0.25   phi0.26   phi0.27
id    292.00   458.000   463.000   464.000   485.000   486.000   487.000
A   24874.56  3064.324  1665.075  2377.371  6506.093  2111.386  3656.580
a  -18322.76 -1574.700 -1646.039 -2350.583 -3518.939 -1409.703 -1927.975
     phi0.28   phi0.29   phi0.30   phi0.31   phi0.32   phi0.33   phi0.34
id    495.00   517.000   531.000   663.000   664.000   667.000   736.000
A   16471.05  1951.445  5631.843  2961.991  3276.148  9071.481  3678.095
a  -13337.87 -2668.889 -3813.354 -3282.840 -4556.036 -9005.356 -2850.688
     phi0.35   phi0.36   phi0.37   phi0.38   phi0.39   phi0.40    phi0.41
id   738.000   742.000   827.000   887.000  900.0000  902.0000  908.00000
A   9273.772  6352.134  4164.056  4577.414  793.4831 7032.9794 3955.10372
a  -5722.574 -2435.814 -3058.398 -5370.957 -762.6336 -720.3098  -93.95272
     phi0.42
id  1001.000
A   2958.515
a  -3071.053
E =  0.00482 | E_L =  0.00482 | E_A =  0.00000 |  43 flippped triangles
        phi0    phi0.1    phi0.2    phi0.3    phi0.4   phi0.5    phi0.6
id    14.000    73.000   75.0000   77.0000   78.0000   81.000    83.000
A   7603.274  4520.070 1131.7370  765.1626  138.6823 1352.126  1767.348
a  -5645.505 -4412.202 -616.3741 -810.0191 -152.2773 -187.395 -1673.085
      phi0.7    phi0.8    phi0.9   phi0.10   phi0.11   phi0.12   phi0.13
id   103.000   105.000   106.000   108.000   114.000   161.000    171.00
A   5875.251  2901.049  1746.890  3513.971  8755.041  4822.840  18044.51
a  -3982.320 -3304.819 -1371.134 -3708.323 -9489.177 -3544.687 -12924.69
     phi0.14   phi0.15   phi0.16   phi0.17   phi0.18   phi0.19   phi0.20
id  175.0000   249.000   252.000    253.00   256.000   260.000    288.00
A   352.5056  5120.972  2915.891  12875.50  1479.253  2914.398  17704.32
a  -396.0324 -8130.059 -2922.281 -10626.77 -1285.989 -2092.043 -16365.15
     phi0.21   phi0.22   phi0.23   phi0.24   phi0.25   phi0.26   phi0.27
id    292.00   458.000   463.000   464.000   485.000   486.000   487.000
A   24874.56  3064.324  1665.075  2377.371  6506.093  2111.386  3656.580
a  -18291.95 -1428.032 -1662.227 -2371.434 -3363.827 -1390.292 -1841.419
     phi0.28   phi0.29   phi0.30   phi0.31   phi0.32   phi0.33   phi0.34
id    495.00   517.000   531.000   663.000   664.000   667.000   736.000
A   16471.05  1951.445  5631.843  2961.991  3276.148  9071.481  3678.095
a  -13552.93 -2573.805 -3890.568 -3314.949 -4610.775 -9029.485 -3051.206
     phi0.35   phi0.36   phi0.37   phi0.38   phi0.39   phi0.40   phi0.41
id   738.000   742.000   827.000   887.000  900.0000  902.0000  908.0000
A   9273.772  6352.134  4164.056  4577.414  793.4831 7032.9794 3955.1037
a  -5972.080 -2428.379 -2930.692 -5364.554 -748.0131 -658.3394 -469.2906
     phi0.42
id  1001.000
A   2958.515
a  -3080.483
FIRE:  4  stops.  10 hits of maxmove.  0 hits of dtmax.
Frms = 9.50944932969314e-06; Ftanrms = 9.50387070204853e-06
E =  0.01288 | E_L =  0.01284 | E_A =  0.00004 |   0 flippped triangles
E =  0.00570 | E_L =  0.00570 | E_A =  0.00000 |   0 flippped triangles
E =  0.00562 | E_L =  0.00562 | E_A =  0.00000 |   0 flippped triangles
E =  0.00562 | E_L =  0.00562 | E_A =  0.00000 |   0 flippped triangles
Optimising mapping with BFGS...
E =  0.00562 | E_L =  0.00562 | E_A =  0.00000 |   0 flippped triangles
Transforming image...
Mapping optimised. Error: 0.005619298 ; 0 flipped triangles.
Inferring coordinates of datapoints
Inferring coordinates of landmarks
Mapping optimised. Error: 0.005619298 ; 0 flipped triangles. OD displacement: 5.507266 degrees.
Computing Kernel Density estimates of datapoints

[1] 0.7
Saving developmental_retina/data/nAChR-B2/P8/GMB194-1/R-CONTRA/r.mat
