[1] "Adding old segment 1"
[1] "Intersection found. Old points:"
   X    Y 
-410 1489 
   X    Y 
-410 1419 
   X    Y 
-410 1419 
   X    Y 
-320 1269 
[1] "Point i+1 has been changed:"
   X    Y 
-410 1489 
   X    Y 
-410 1419 
   X    Y 
-410 1419 
   X    Y 
-320 1269 
[1] "a= 0.285830975237515"
[1] "l= 174.928556845359"
[1] "New points:"
   X    Y 
-410 1489 
   X    Y 
-410 1419 
        X         Y 
-345.7248 1311.8746 
   X    Y 
-320 1269 
[1] "Storing new segment 1"
[1] "Adding old segment 2"
[1] "Adding old segment 3"
[1] "Adding old segment 4"
[1] "Adding old segment 5"
[1] "Adding old segment 6"
[1] "Intersection found. Old points:"
    X     Y 
-1960  1759 
    X     Y 
-1580  1799 
    X     Y 
-1450  1759 
    X     Y 
-1780  1839 
[1] "Point i+1 has been changed:"
    X     Y 
-1960  1759 
        X         Y 
-1604.404  1796.431 
    X     Y 
-1450  1759 
    X     Y 
-1780  1839 
[1] "a= 0.276728478370091"
[1] "l= 180.682524236378"
[1] "New points:"
    X     Y 
-1960  1759 
        X         Y 
-1604.404  1796.431 
        X         Y 
-1731.407  1827.220 
    X     Y 
-1780  1839 
[1] "Intersection found. Old points:"
    X     Y 
-2450 -1821 
    X     Y 
-3630 -1071 
    X     Y 
-3630 -1071 
    X     Y 
-3580  -911 
[1] "Point i+1 has been changed:"
    X     Y 
-2450 -1821 
    X     Y 
-3630 -1071 
    X     Y 
-3630 -1071 
    X     Y 
-3580  -911 
[1] "a= 0.298274993135947"
[1] "l= 167.630546142402"
[1] "New points:"
    X     Y 
-2450 -1821 
    X     Y 
-3630 -1071 
        X         Y 
-3594.914  -958.724 
    X     Y 
-3580  -911 
[1] "Storing new segment 2"
simplify.outline: Removing vertex 52
Triangulating...
[1] "Non-adjacent points in rim connected by line: 41 39"
[1] "In triangle: 65"  "In triangle: 120"
[1] "Other points in triangles: 92 40"
[1] "Non-adjacent points in rim connected by line: 46 44"
[1] "In triangle: 92"  "In triangle: 114"
[1] "Other points in triangles: 77 45"
[1] "Non-adjacent points in rim connected by line: 70 32"
[1] "In triangle: 49" "In triangle: 97"
[1] "Other points in triangles: 31 73"
Stitching...
Tear 1 child of rim
Tear 2 child of rim
Tear 3 child of rim
Tear 1 : Sf = 3860.20268061562 ; Sb = 3879.21966783866
  Forwards path
    i = 9 ; sf/Sf = 0.0926275108897783 ; sf = 357.560965835475
      k =   10 ; sb/Sb = 0 ; sb = 0
      k =   11 ; sb/Sb = 0.0336878381288443 ; sb = 130.682524236378
      k =   12 ; sb/Sb = 0.0465770282962725 ; sb = 180.682524236378
      k =   13 ; sb/Sb = 0.0897894680382577 ; sb = 348.31307037878
      k =   14 ; sb/Sb = 0.127850790480613 ; sb = 495.961300981114
      Creating new point: f = 0.074565009027705
    i = 8 ; sf/Sf = 0.235928967628147 ; sf = 910.733633273048
      k =   10 ; sb/Sb = 0 ; sb = 0
      k =   11 ; sb/Sb = 0.0336878381288443 ; sb = 130.682524236378
      k =   12 ; sb/Sb = 0.0465770282962725 ; sb = 180.682524236378
      k =   13 ; sb/Sb = 0.0897894680382577 ; sb = 348.31307037878
      k =   14 ; sb/Sb = 0.127850790480613 ; sb = 495.961300981114
      k =   15 ; sb/Sb = 0.27948377266794 ; sb = 1084.17894777522
      Creating new point: f = 0.712761666944029
    i = 126 ; sf/Sf = 0.346080135245484 ; sf = 1335.93946578243
      k =   10 ; sb/Sb = 0 ; sb = 0
      k =   11 ; sb/Sb = 0.0336878381288443 ; sb = 130.682524236378
      k =   12 ; sb/Sb = 0.0465770282962725 ; sb = 180.682524236378
      k =   13 ; sb/Sb = 0.0897894680382577 ; sb = 348.31307037878
      k =   14 ; sb/Sb = 0.127850790480613 ; sb = 495.961300981114
      k =   15 ; sb/Sb = 0.27948377266794 ; sb = 1084.17894777522
      k =  215 ; sb/Sb = 0.356225885366588 ; sb = 1381.87846070731
      Creating new point: f = 0.867794229734797
    i = 7 ; sf/Sf = 0.456231302862821 ; sf = 1761.14529829182
      k =   10 ; sb/Sb = 0 ; sb = 0
      k =   11 ; sb/Sb = 0.0336878381288443 ; sb = 130.682524236378
      k =   12 ; sb/Sb = 0.0465770282962725 ; sb = 180.682524236378
      k =   13 ; sb/Sb = 0.0897894680382577 ; sb = 348.31307037878
      k =   14 ; sb/Sb = 0.127850790480613 ; sb = 495.961300981114
      k =   15 ; sb/Sb = 0.27948377266794 ; sb = 1084.17894777522
      k =  215 ; sb/Sb = 0.356225885366588 ; sb = 1381.87846070731
      k =   16 ; sb/Sb = 0.432967998065235 ; sb = 1679.57797363939
      k =   17 ; sb/Sb = 0.487591406675202 ; sb = 1891.47417464356
      Creating new point: f = 0.425885264021065
    i = 6 ; sf/Sf = 0.484727215927795 ; sf = 1871.14529829182
      k =   10 ; sb/Sb = 0 ; sb = 0
      k =   11 ; sb/Sb = 0.0336878381288443 ; sb = 130.682524236378
      k =   12 ; sb/Sb = 0.0465770282962725 ; sb = 180.682524236378
      k =   13 ; sb/Sb = 0.0897894680382577 ; sb = 348.31307037878
      k =   14 ; sb/Sb = 0.127850790480613 ; sb = 495.961300981114
      k =   15 ; sb/Sb = 0.27948377266794 ; sb = 1084.17894777522
      k =  215 ; sb/Sb = 0.356225885366588 ; sb = 1381.87846070731
      k =   16 ; sb/Sb = 0.432967998065235 ; sb = 1679.57797363939
      k =   17 ; sb/Sb = 0.487591406675202 ; sb = 1891.47417464356
      Creating new point: f = 0.947564774511628
    i = 5 ; sf/Sf = 0.540769111762481 ; sf = 2087.47837481966
      k =   10 ; sb/Sb = 0 ; sb = 0
      k =   11 ; sb/Sb = 0.0336878381288443 ; sb = 130.682524236378
      k =   12 ; sb/Sb = 0.0465770282962725 ; sb = 180.682524236378
      k =   13 ; sb/Sb = 0.0897894680382577 ; sb = 348.31307037878
      k =   14 ; sb/Sb = 0.127850790480613 ; sb = 495.961300981114
      k =   15 ; sb/Sb = 0.27948377266794 ; sb = 1084.17894777522
      k =  215 ; sb/Sb = 0.356225885366588 ; sb = 1381.87846070731
      k =   16 ; sb/Sb = 0.432967998065235 ; sb = 1679.57797363939
      k =   17 ; sb/Sb = 0.487591406675202 ; sb = 1891.47417464356
      k =   18 ; sb/Sb = 0.516983282431864 ; sb = 2005.49171715348
      k =   19 ; sb/Sb = 0.59890825674467 ; sb = 2323.29668879489
      Creating new point: f = 0.290336732237456
    i = 4 ; sf/Sf = 0.687174596861948 ; sf = 2652.63322085745
      k =   10 ; sb/Sb = 0 ; sb = 0
      k =   11 ; sb/Sb = 0.0336878381288443 ; sb = 130.682524236378
      k =   12 ; sb/Sb = 0.0465770282962725 ; sb = 180.682524236378
      k =   13 ; sb/Sb = 0.0897894680382577 ; sb = 348.31307037878
      k =   14 ; sb/Sb = 0.127850790480613 ; sb = 495.961300981114
      k =   15 ; sb/Sb = 0.27948377266794 ; sb = 1084.17894777522
      k =  215 ; sb/Sb = 0.356225885366588 ; sb = 1381.87846070731
      k =   16 ; sb/Sb = 0.432967998065235 ; sb = 1679.57797363939
      k =   17 ; sb/Sb = 0.487591406675202 ; sb = 1891.47417464356
      k =   18 ; sb/Sb = 0.516983282431864 ; sb = 2005.49171715348
      k =   19 ; sb/Sb = 0.59890825674467 ; sb = 2323.29668879489
      k =   20 ; sb/Sb = 0.672274813368086 ; sb = 2607.90167821004
      k =   21 ; sb/Sb = 0.771479720810796 ; sb = 2992.73930630792
      Creating new point: f = 0.150192000355091
    i = 3 ; sf/Sf = 0.87199451910388 ; sf = 3366.07558012693
      k =   10 ; sb/Sb = 0 ; sb = 0
      k =   11 ; sb/Sb = 0.0336878381288443 ; sb = 130.682524236378
      k =   12 ; sb/Sb = 0.0465770282962725 ; sb = 180.682524236378
      k =   13 ; sb/Sb = 0.0897894680382577 ; sb = 348.31307037878
      k =   14 ; sb/Sb = 0.127850790480613 ; sb = 495.961300981114
      k =   15 ; sb/Sb = 0.27948377266794 ; sb = 1084.17894777522
      k =  215 ; sb/Sb = 0.356225885366588 ; sb = 1381.87846070731
      k =   16 ; sb/Sb = 0.432967998065235 ; sb = 1679.57797363939
      k =   17 ; sb/Sb = 0.487591406675202 ; sb = 1891.47417464356
      k =   18 ; sb/Sb = 0.516983282431864 ; sb = 2005.49171715348
      k =   19 ; sb/Sb = 0.59890825674467 ; sb = 2323.29668879489
      k =   20 ; sb/Sb = 0.672274813368086 ; sb = 2607.90167821004
      k =   21 ; sb/Sb = 0.771479720810796 ; sb = 2992.73930630792
      k =   22 ; sb/Sb = 0.853970537882336 ; sb = 3312.73930630792
      k =   23 ; sb/Sb = 1 ; sb = 3879.21966783866
      Creating new point: f = 0.12342701917933
    i = 2 ; sf/Sf = 0.956574677546292 ; sf = 3692.57213447322
      k =   10 ; sb/Sb = 0 ; sb = 0
      k =   11 ; sb/Sb = 0.0336878381288443 ; sb = 130.682524236378
      k =   12 ; sb/Sb = 0.0465770282962725 ; sb = 180.682524236378
      k =   13 ; sb/Sb = 0.0897894680382577 ; sb = 348.31307037878
      k =   14 ; sb/Sb = 0.127850790480613 ; sb = 495.961300981114
      k =   15 ; sb/Sb = 0.27948377266794 ; sb = 1084.17894777522
      k =  215 ; sb/Sb = 0.356225885366588 ; sb = 1381.87846070731
      k =   16 ; sb/Sb = 0.432967998065235 ; sb = 1679.57797363939
      k =   17 ; sb/Sb = 0.487591406675202 ; sb = 1891.47417464356
      k =   18 ; sb/Sb = 0.516983282431864 ; sb = 2005.49171715348
      k =   19 ; sb/Sb = 0.59890825674467 ; sb = 2323.29668879489
      k =   20 ; sb/Sb = 0.672274813368086 ; sb = 2607.90167821004
      k =   21 ; sb/Sb = 0.771479720810796 ; sb = 2992.73930630792
      k =   22 ; sb/Sb = 0.853970537882336 ; sb = 3312.73930630792
      k =   23 ; sb/Sb = 1 ; sb = 3879.21966783866
      Creating new point: f = 0.702626293187889
    i = 1 ; sf/Sf = 0.969527365303098 ; sf = 3742.57213447322
      k =   10 ; sb/Sb = 0 ; sb = 0
      k =   11 ; sb/Sb = 0.0336878381288443 ; sb = 130.682524236378
      k =   12 ; sb/Sb = 0.0465770282962725 ; sb = 180.682524236378
      k =   13 ; sb/Sb = 0.0897894680382577 ; sb = 348.31307037878
      k =   14 ; sb/Sb = 0.127850790480613 ; sb = 495.961300981114
      k =   15 ; sb/Sb = 0.27948377266794 ; sb = 1084.17894777522
      k =  215 ; sb/Sb = 0.356225885366588 ; sb = 1381.87846070731
      k =   16 ; sb/Sb = 0.432967998065235 ; sb = 1679.57797363939
      k =   17 ; sb/Sb = 0.487591406675202 ; sb = 1891.47417464356
      k =   18 ; sb/Sb = 0.516983282431864 ; sb = 2005.49171715348
      k =   19 ; sb/Sb = 0.59890825674467 ; sb = 2323.29668879489
      k =   20 ; sb/Sb = 0.672274813368086 ; sb = 2607.90167821004
      k =   21 ; sb/Sb = 0.771479720810796 ; sb = 2992.73930630792
      k =   22 ; sb/Sb = 0.853970537882336 ; sb = 3312.73930630792
      k =   23 ; sb/Sb = 1 ; sb = 3879.21966783866
      Creating new point: f = 0.791325433546083
Tear 2 : Sf = 1955.7500328934 ; Sb = 1618.33231897517
  Forwards path
    i = 35 ; sf/Sf = 0.432716855135829 ; sf = 846.286003665428
      k =   36 ; sb/Sb = 0 ; sb = 0
      k =   37 ; sb/Sb = 0.126031457292327 ; sb = 203.960780543711
      k =   38 ; sb/Sb = 0.213854398457787 ; sb = 346.08748457923
      k =   39 ; sb/Sb = 0.433281282496147 ; sb = 701.193102670524
      Creating new point: f = 0.997427720113735
    i = 221 ; sf/Sf = 0.57574741114208 ; sf = 1126.01801827941
      k =   36 ; sb/Sb = 0 ; sb = 0
      k =   37 ; sb/Sb = 0.126031457292327 ; sb = 203.960780543711
      k =   38 ; sb/Sb = 0.213854398457787 ; sb = 346.08748457923
      k =   39 ; sb/Sb = 0.433281282496147 ; sb = 701.193102670524
      k =   40 ; sb/Sb = 0.529407084370729 ; sb = 856.756594531565
      k =   41 ; sb/Sb = 0.666607602773744 ; sb = 1078.79262764331
      Creating new point: f = 0.337756207562062
    i = 34 ; sf/Sf = 0.718777967148332 ; sf = 1405.7500328934
      k =   36 ; sb/Sb = 0 ; sb = 0
      k =   37 ; sb/Sb = 0.126031457292327 ; sb = 203.960780543711
      k =   38 ; sb/Sb = 0.213854398457787 ; sb = 346.08748457923
      k =   39 ; sb/Sb = 0.433281282496147 ; sb = 701.193102670524
      k =   40 ; sb/Sb = 0.529407084370729 ; sb = 856.756594531565
      k =   41 ; sb/Sb = 0.666607602773744 ; sb = 1078.79262764331
      k =   42 ; sb/Sb = 0.823052465831149 ; sb = 1331.97240566675
      Creating new point: f = 0.333474448153946
Tear 3 : Sf = 2934.65439740954 ; Sb = 2201.32851421151
  Forwards path
    i = 340 ; sf/Sf = 0.213380781995761 ; sf = 626.198850206546
      k =   60 ; sb/Sb = 0 ; sb = 0
      k =   61 ; sb/Sb = 0.140897301962453 ; sb = 310.161248385416
      k =  291 ; sb/Sb = 0.308578124757795 ; sb = 679.281824891252
      Creating new point: f = 0.43227054128769
    i = 59 ; sf/Sf = 0.426761563991522 ; sf = 1252.39770041309
      k =   60 ; sb/Sb = 0 ; sb = 0
      k =   61 ; sb/Sb = 0.140897301962453 ; sb = 310.161248385416
      k =  291 ; sb/Sb = 0.308578124757795 ; sb = 679.281824891251
      k =   62 ; sb/Sb = 0.476258947553138 ; sb = 1048.40240139709
      Creating new point: f = 0.704811899557358
    i = 58 ; sf/Sf = 0.561564765774414 ; sf = 1647.99850931014
      k =   60 ; sb/Sb = 0 ; sb = 0
      k =   61 ; sb/Sb = 0.140897301962453 ; sb = 310.161248385416
      k =  291 ; sb/Sb = 0.308578124757795 ; sb = 679.281824891251
      k =   62 ; sb/Sb = 0.476258947553138 ; sb = 1048.40240139709
      k =  214 ; sb/Sb = 0.625703104055947 ; sb = 1377.37808438901
      Creating new point: f = 0.570820701307732
    i = 57 ; sf/Sf = 0.747518705177771 ; sf = 2193.70905529583
      k =   60 ; sb/Sb = 0 ; sb = 0
      k =   61 ; sb/Sb = 0.140897301962453 ; sb = 310.161248385416
      k =  291 ; sb/Sb = 0.308578124757795 ; sb = 679.281824891251
      k =   62 ; sb/Sb = 0.476258947553138 ; sb = 1048.40240139709
      k =  214 ; sb/Sb = 0.625703104055946 ; sb = 1377.37808438901
      k =   63 ; sb/Sb = 0.775147260558755 ; sb = 1706.35376738093
      Creating new point: f = 0.815124552023119
    i = 89 ; sf/Sf = 0.873759352588885 ; sf = 2564.18172635269
      k =   60 ; sb/Sb = 0 ; sb = 0
      k =   61 ; sb/Sb = 0.140897301962453 ; sb = 310.161248385416
      k =  291 ; sb/Sb = 0.308578124757795 ; sb = 679.281824891251
      k =   62 ; sb/Sb = 0.476258947553138 ; sb = 1048.40240139709
      k =  214 ; sb/Sb = 0.625703104055946 ; sb = 1377.37808438901
      k =   63 ; sb/Sb = 0.775147260558755 ; sb = 1706.35376738093
      k =   64 ; sb/Sb = 1 ; sb = 2201.32851421151
      Creating new point: f = 0.438563000278225
Tear 1 : Sf = 3879.21966783866 ; Sb = 3860.20268061562
  Backwards path
    i = 11 ; sf/Sf = 0.0336878381288443 ; sf = 130.682524236378
      k =   10 ; sb/Sb = 0 ; sb = 0
      k =    9 ; sb/Sb = 0.0926275108897783 ; sb = 357.560965835475
      Creating new point: f = 0.363691497323414
    i = 12 ; sf/Sf = 0.0465770282962725 ; sf = 180.682524236378
      k =   10 ; sb/Sb = 0 ; sb = 0
      k =    9 ; sb/Sb = 0.0926275108897783 ; sb = 357.560965835475
      Creating new point: f = 0.502842274923015
    i = 13 ; sf/Sf = 0.0897894680382577 ; sf = 348.31307037878
      k =   10 ; sb/Sb = 0 ; sb = 0
      k =    9 ; sb/Sb = 0.0926275108897783 ; sb = 357.560965835475
      Creating new point: f = 0.969360691826236
    i = 14 ; sf/Sf = 0.127850790480613 ; sf = 495.961300981114
      k =   10 ; sb/Sb = 0 ; sb = 0
      k =    9 ; sb/Sb = 0.0926275108897783 ; sb = 357.560965835475
      k =    8 ; sb/Sb = 0.235928967628147 ; sb = 910.733633273048
      Creating new point: f = 0.245798475413571
    i = 15 ; sf/Sf = 0.27948377266794 ; sf = 1084.17894777522
      k =   10 ; sb/Sb = 0 ; sb = 0
      k =    9 ; sb/Sb = 0.0926275108897783 ; sb = 357.560965835475
      k =    8 ; sb/Sb = 0.235928967628147 ; sb = 910.733633273048
      k =  126 ; sb/Sb = 0.346080135245484 ; sb = 1335.93946578243
      Creating new point: f = 0.395409381324962
    i = 215 ; sf/Sf = 0.356225885366588 ; sf = 1381.87846070731
      k =   10 ; sb/Sb = 0 ; sb = 0
      k =    9 ; sb/Sb = 0.0926275108897783 ; sb = 357.560965835475
      k =    8 ; sb/Sb = 0.235928967628147 ; sb = 910.733633273048
      k =  126 ; sb/Sb = 0.346080135245484 ; sb = 1335.93946578243
      k =    7 ; sb/Sb = 0.456231302862821 ; sb = 1761.14529829182
      Creating new point: f = 0.09210751316182
    i = 16 ; sf/Sf = 0.432967998065235 ; sf = 1679.57797363939
      k =   10 ; sb/Sb = 0 ; sb = 0
      k =    9 ; sb/Sb = 0.0926275108897783 ; sb = 357.560965835475
      k =    8 ; sb/Sb = 0.235928967628147 ; sb = 910.733633273048
      k =  126 ; sb/Sb = 0.346080135245484 ; sb = 1335.93946578243
      k =    7 ; sb/Sb = 0.456231302862821 ; sb = 1761.14529829182
      Creating new point: f = 0.788805644998676
    i = 17 ; sf/Sf = 0.487591406675202 ; sf = 1891.47417464356
      k =   10 ; sb/Sb = 0 ; sb = 0
      k =    9 ; sb/Sb = 0.0926275108897783 ; sb = 357.560965835475
      k =    8 ; sb/Sb = 0.235928967628147 ; sb = 910.733633273048
      k =  126 ; sb/Sb = 0.346080135245484 ; sb = 1335.93946578243
      k =    7 ; sb/Sb = 0.456231302862821 ; sb = 1761.14529829182
      k =    6 ; sb/Sb = 0.484727215927795 ; sb = 1871.14529829182
      k =    5 ; sb/Sb = 0.540769111762481 ; sb = 2087.47837481966
      Creating new point: f = 0.0511080273917898
    i = 18 ; sf/Sf = 0.516983282431864 ; sf = 2005.49171715348
      k =   10 ; sb/Sb = 0 ; sb = 0
      k =    9 ; sb/Sb = 0.0926275108897783 ; sb = 357.560965835475
      k =    8 ; sb/Sb = 0.235928967628147 ; sb = 910.733633273048
      k =  126 ; sb/Sb = 0.346080135245484 ; sb = 1335.93946578243
      k =    7 ; sb/Sb = 0.456231302862821 ; sb = 1761.14529829182
      k =    6 ; sb/Sb = 0.484727215927795 ; sb = 1871.14529829182
      k =    5 ; sb/Sb = 0.540769111762481 ; sb = 2087.47837481966
      Creating new point: f = 0.575570580253361
    i = 19 ; sf/Sf = 0.59890825674467 ; sf = 2323.29668879489
      k =   10 ; sb/Sb = 0 ; sb = 0
      k =    9 ; sb/Sb = 0.0926275108897783 ; sb = 357.560965835475
      k =    8 ; sb/Sb = 0.235928967628147 ; sb = 910.733633273048
      k =  126 ; sb/Sb = 0.346080135245484 ; sb = 1335.93946578243
      k =    7 ; sb/Sb = 0.456231302862821 ; sb = 1761.14529829182
      k =    6 ; sb/Sb = 0.484727215927795 ; sb = 1871.14529829182
      k =    5 ; sb/Sb = 0.540769111762481 ; sb = 2087.47837481966
      k =    4 ; sb/Sb = 0.687174596861948 ; sb = 2652.63322085745
      Creating new point: f = 0.397110428907011
    i = 20 ; sf/Sf = 0.672274813368086 ; sf = 2607.90167821004
      k =   10 ; sb/Sb = 0 ; sb = 0
      k =    9 ; sb/Sb = 0.0926275108897783 ; sb = 357.560965835475
      k =    8 ; sb/Sb = 0.235928967628147 ; sb = 910.733633273048
      k =  126 ; sb/Sb = 0.346080135245484 ; sb = 1335.93946578243
      k =    7 ; sb/Sb = 0.456231302862821 ; sb = 1761.14529829182
      k =    6 ; sb/Sb = 0.484727215927795 ; sb = 1871.14529829182
      k =    5 ; sb/Sb = 0.540769111762481 ; sb = 2087.47837481966
      k =    4 ; sb/Sb = 0.687174596861948 ; sb = 2652.63322085745
      Creating new point: f = 0.898229335576193
    i = 21 ; sf/Sf = 0.771479720810796 ; sf = 2992.73930630792
      k =   10 ; sb/Sb = 0 ; sb = 0
      k =    9 ; sb/Sb = 0.0926275108897783 ; sb = 357.560965835475
      k =    8 ; sb/Sb = 0.235928967628147 ; sb = 910.733633273048
      k =  126 ; sb/Sb = 0.346080135245484 ; sb = 1335.93946578243
      k =    7 ; sb/Sb = 0.456231302862821 ; sb = 1761.14529829182
      k =    6 ; sb/Sb = 0.484727215927795 ; sb = 1871.14529829182
      k =    5 ; sb/Sb = 0.540769111762481 ; sb = 2087.47837481966
      k =    4 ; sb/Sb = 0.687174596861948 ; sb = 2652.63322085745
      k =    3 ; sb/Sb = 0.87199451910388 ; sb = 3366.07558012693
      Creating new point: f = 0.456147383497388
    i = 22 ; sf/Sf = 0.853970537882336 ; sf = 3312.73930630792
      k =   10 ; sb/Sb = 0 ; sb = 0
      k =    9 ; sb/Sb = 0.0926275108897783 ; sb = 357.560965835475
      k =    8 ; sb/Sb = 0.235928967628147 ; sb = 910.733633273048
      k =  126 ; sb/Sb = 0.346080135245484 ; sb = 1335.93946578243
      k =    7 ; sb/Sb = 0.456231302862821 ; sb = 1761.14529829182
      k =    6 ; sb/Sb = 0.484727215927795 ; sb = 1871.14529829182
      k =    5 ; sb/Sb = 0.540769111762481 ; sb = 2087.47837481966
      k =    4 ; sb/Sb = 0.687174596861948 ; sb = 2652.63322085745
      k =    3 ; sb/Sb = 0.87199451910388 ; sb = 3366.07558012693
      Creating new point: f = 0.902478147361459
Tear 2 : Sf = 1618.33231897517 ; Sb = 1955.7500328934
  Backwards path
    i = 37 ; sf/Sf = 0.126031457292327 ; sf = 203.960780543711
      k =   36 ; sb/Sb = 0 ; sb = 0
      k =   35 ; sb/Sb = 0.432716855135829 ; sb = 846.286003665428
      Creating new point: f = 0.291256177790361
    i = 38 ; sf/Sf = 0.213854398457787 ; sf = 346.08748457923
      k =   36 ; sb/Sb = 0 ; sb = 0
      k =   35 ; sb/Sb = 0.432716855135829 ; sb = 846.286003665428
      Creating new point: f = 0.49421323879482
    i = 39 ; sf/Sf = 0.433281282496147 ; sf = 701.193102670524
      k =   36 ; sb/Sb = 0 ; sb = 0
      k =   35 ; sb/Sb = 0.432716855135829 ; sb = 846.286003665428
      k =  221 ; sb/Sb = 0.57574741114208 ; sb = 1126.01801827941
      Creating new point: f = 0.00394620125991183
    i = 40 ; sf/Sf = 0.529407084370729 ; sf = 856.756594531565
      k =   36 ; sb/Sb = 0 ; sb = 0
      k =   35 ; sb/Sb = 0.432716855135829 ; sb = 846.286003665428
      k =  221 ; sb/Sb = 0.57574741114208 ; sb = 1126.01801827941
      Creating new point: f = 0.676011000269581
    i = 41 ; sf/Sf = 0.666607602773744 ; sf = 1078.79262764331
      k =   36 ; sb/Sb = 0 ; sb = 0
      k =   35 ; sb/Sb = 0.432716855135829 ; sb = 846.286003665428
      k =  221 ; sb/Sb = 0.57574741114208 ; sb = 1126.01801827941
      k =   34 ; sb/Sb = 0.718777967148332 ; sb = 1405.7500328934
      Creating new point: f = 0.635250216238356
    i = 42 ; sf/Sf = 0.823052465831149 ; sf = 1331.97240566675
      k =   36 ; sb/Sb = 0 ; sb = 0
      k =   35 ; sb/Sb = 0.432716855135829 ; sb = 846.286003665428
      k =  221 ; sb/Sb = 0.57574741114208 ; sb = 1126.01801827941
      k =   34 ; sb/Sb = 0.718777967148332 ; sb = 1405.7500328934
      k =   33 ; sb/Sb = 1 ; sb = 1955.7500328934
      Creating new point: f = 0.370790644052479
    i = 43 ; sf/Sf = 0.925336435341992 ; sf = 1497.50185923922
      k =   36 ; sb/Sb = 0 ; sb = 0
      k =   35 ; sb/Sb = 0.432716855135829 ; sb = 846.286003665428
      k =  221 ; sb/Sb = 0.57574741114208 ; sb = 1126.01801827941
      k =   34 ; sb/Sb = 0.718777967148332 ; sb = 1405.7500328934
      k =   33 ; sb/Sb = 1 ; sb = 1955.7500328934
      Creating new point: f = 0.734503147207569
Tear 3 : Sf = 2201.32851421151 ; Sb = 2934.65439740954
  Backwards path
    i = 61 ; sf/Sf = 0.140897301962453 ; sf = 310.161248385416
      k =   60 ; sb/Sb = 0 ; sb = 0
      k =  340 ; sb/Sb = 0.213380781995761 ; sb = 626.198850206546
      Creating new point: f = 0.66030923986984
    i = 291 ; sf/Sf = 0.308578124757795 ; sf = 679.281824891251
      k =   60 ; sb/Sb = 0 ; sb = 0
      k =  340 ; sb/Sb = 0.213380781995761 ; sb = 626.198850206546
      k =   59 ; sb/Sb = 0.426761563991522 ; sb = 1252.39770041309
      Creating new point: f = 0.446138316073497
    i = 62 ; sf/Sf = 0.476258947553138 ; sf = 1048.40240139709
      k =   60 ; sb/Sb = 0 ; sb = 0
      k =  340 ; sb/Sb = 0.213380781995761 ; sb = 626.198850206546
      k =   59 ; sb/Sb = 0.426761563991522 ; sb = 1252.39770041309
      k =   58 ; sb/Sb = 0.561564765774414 ; sb = 1647.99850931014
      Creating new point: f = 0.367182551356123
    i = 214 ; sf/Sf = 0.625703104055946 ; sf = 1377.37808438901
      k =   60 ; sb/Sb = 0 ; sb = 0
      k =  340 ; sb/Sb = 0.213380781995761 ; sb = 626.198850206546
      k =   59 ; sb/Sb = 0.426761563991522 ; sb = 1252.39770041309
      k =   58 ; sb/Sb = 0.561564765774414 ; sb = 1647.99850931014
      k =   57 ; sb/Sb = 0.747518705177771 ; sb = 2193.70905529583
      Creating new point: f = 0.344915189682584
    i = 63 ; sf/Sf = 0.775147260558755 ; sf = 1706.35376738093
      k =   60 ; sb/Sb = 0 ; sb = 0
      k =  340 ; sb/Sb = 0.213380781995761 ; sb = 626.198850206546
      k =   59 ; sb/Sb = 0.426761563991522 ; sb = 1252.39770041309
      k =   58 ; sb/Sb = 0.561564765774414 ; sb = 1647.99850931014
      k =   57 ; sb/Sb = 0.747518705177771 ; sb = 2193.70905529583
      k =   89 ; sb/Sb = 0.873759352588886 ; sb = 2564.18172635269
      Creating new point: f = 0.218856255473793
Triangulating...
[1] "Non-adjacent points in rim connected by line: 450 17"
[1] "In triangle: 295" "In triangle: 312"
[1] "Other points in triangles: 75 18"
Merging points...
Projecting to sphere...
Optimising mapping with FIRE...
E =  0.00684 | E_L =  0.00684 | E_A =  0.00000 |   0 flippped triangles
E =  0.00528 | E_L =  0.00528 | E_A =  0.00000 |  43 flippped triangles
        phi0    phi0.1    phi0.2    phi0.3   phi0.4    phi0.5    phi0.6
id     66.00    74.000     79.00    234.00    235.0   236.000    238.00
A   24173.23  4111.685  46908.17  28130.44  11931.8  2528.155  34793.76
a  -11461.80 -3938.546 -47077.31 -29147.72 -13720.2 -2192.612 -33779.66
      phi0.7    phi0.8    phi0.9   phi0.10   phi0.11   phi0.12   phi0.13
id   241.000    242.00    245.00   247.000    252.00   253.000   262.000
A   1471.248  33737.61  12485.65  3334.389  23232.04  2086.421  1863.103
a  -2229.621 -25275.24 -11417.38 -3314.365 -26688.88 -1872.933 -2133.910
     phi0.14   phi0.15   phi0.16   phi0.17   phi0.18   phi0.19   phi0.20
id   263.000   266.000   267.000 272.00000  278.0000   280.000    287.00
A   2461.460  8714.929  8801.007 279.52430 1090.2217  3367.324  31851.41
a  -1943.307 -8111.934 -8776.462 -34.83212 -988.1318 -3642.338 -12997.95
     phi0.21   phi0.22   phi0.23   phi0.24   phi0.25   phi0.26   phi0.27
id  288.0000    349.00    350.00    352.00   474.000    478.00    495.00
A   165.5021  51001.50  82832.76  34397.56  4850.465  22790.85  27000.39
a  -190.7505 -43110.54 -18810.86 -30016.98 -3888.056 -26861.24 -25279.99
     phi0.28   phi0.29   phi0.30   phi0.31   phi0.32   phi0.33   phi0.34
id    508.00    514.00  800.0000    807.00    874.00    876.00    881.00
A   56670.90  68409.18  501.6312  14487.02  17565.22  13695.20  44128.57
a  -18520.16 -42641.38 -516.3724 -12013.69 -17479.29 -12336.37 -37158.67
     phi0.35   phi0.36   phi0.37   phi0.38   phi0.39   phi0.40   phi0.41
id    884.00   885.000    889.00  891.0000    893.00  906.0000  912.0000
A   23128.46  7998.335  50465.47  618.8856  34805.89 1088.8462  443.7342
a  -14558.07 -6570.762 -14048.72 -187.2300 -28222.93 -783.3299 -159.4080
      phi0.42
id 913.000000
A    8.436369
a   -6.300417
E =  0.00475 | E_L =  0.00475 | E_A =  0.00000 |  47 flippped triangles
        phi0    phi0.1    phi0.2    phi0.3    phi0.4    phi0.5    phi0.6
id     66.00    74.000     79.00    96.000    234.00    235.00   236.000
A   24173.23  4111.685  46908.17  2066.015  28130.44  11931.80  2528.155
a  -19116.50 -3579.489 -45641.73 -1585.094 -28694.80 -12500.78 -2218.473
      phi0.7    phi0.8    phi0.9   phi0.10   phi0.11   phi0.12   phi0.13
id    238.00   241.000    242.00   245.000   247.000    252.00   253.000
A   34793.76  1471.248  33737.61 12485.650  3334.389  23232.04  2086.421
a  -37087.42 -2120.907 -40144.93 -2048.239 -3355.258 -24576.82 -1805.747
     phi0.14   phi0.15   phi0.16   phi0.17   phi0.18   phi0.19   phi0.20
id   262.000   263.000  272.0000   278.000   280.000  288.0000   474.000
A   1863.103  2461.460  279.5243  1090.222  3367.324  165.5021  4850.465
a  -1233.855 -1073.049 -251.7322 -1096.464 -3158.161 -183.2711 -4228.240
     phi0.21   phi0.22   phi0.23   phi0.24   phi0.25   phi0.26   phi0.27
id    478.00   489.000    495.00    508.00    514.00   518.000    592.00
A   22790.85 33082.644  27000.39  56670.90  68409.18 46740.464  31397.26
a  -27892.57 -4503.209 -25345.66 -36697.93 -54076.45 -4166.694 -15340.55
    phi0.28   phi0.29   phi0.30   phi0.31   phi0.32   phi0.33   phi0.34
id   778.00    799.00  800.0000    807.00    870.00    872.00    873.00
A  31810.32  24570.07  501.6312  14487.02  59589.04  69130.77  70449.58
a  -6776.15 -22026.30 -557.0390 -11139.12 -45270.39 -43618.04 -28091.46
     phi0.35   phi0.36   phi0.37   phi0.38   phi0.39   phi0.40   phi0.41
id    881.00    884.00   885.000   888.000    889.00  891.0000    893.00
A   44128.57  23128.46  7998.335 13940.538  50465.47  618.8856  34805.89
a  -39600.96 -17699.38 -5437.805 -2928.902 -64639.65 -625.2811 -22470.41
     phi0.42   phi0.43   phi0.44   phi0.45    phi0.46
id   902.000   906.000  907.0000 912.00000 913.000000
A   4939.336  1088.846 2370.1096 443.73418   8.436369
a  -2022.738 -1378.710 -896.2317 -33.02843  -8.526948
E =  0.00465 | E_L =  0.00465 | E_A =  0.00000 |  47 flippped triangles
        phi0    phi0.1    phi0.2    phi0.3    phi0.4    phi0.5    phi0.6
id    57.000     66.00    74.000     79.00    96.000    234.00    235.00
A   1242.404  24173.23  4111.685  46908.17  2066.015  28130.44  11931.80
a  -1651.720 -25921.59 -3474.115 -44583.76 -1764.755 -27135.39 -14105.65
      phi0.7    phi0.8    phi0.9   phi0.10   phi0.11   phi0.12   phi0.13
id   236.000    238.00   241.000    242.00   247.000    252.00   253.000
A   2528.155  34793.76  1471.248  33737.61  3334.389  23232.04  2086.421
a  -2292.375 -35287.34 -1964.888 -38577.98 -3303.026 -21549.98 -1874.297
     phi0.14   phi0.15   phi0.16   phi0.17   phi0.18   phi0.19   phi0.20
id   262.000   263.000   278.000   280.000  285.0000  288.0000   346.000
A   1863.103  2461.460  1090.222  3367.324  475.4163  165.5021  7066.873
a  -1922.916 -2292.813 -1060.562 -3328.534 -375.0214 -149.9874 -3246.137
     phi0.21   phi0.22   phi0.23   phi0.24   phi0.25  phi0.26   phi0.27
id   474.000    478.00    495.00    508.00    514.00   518.00    592.00
A   4850.465  22790.85  27000.39  56670.90  68409.18 46740.46  31397.26
a  -4660.110 -27931.14 -25412.29 -37533.56 -54308.45 -4753.15 -22596.91
    phi0.28   phi0.29   phi0.30   phi0.31   phi0.32   phi0.33   phi0.34
id   778.00    799.00  800.0000    870.00    872.00    873.00    881.00
A  31810.32  24570.07  501.6312  59589.04  69130.77  70449.58  44128.57
a  -8850.54 -19143.60 -525.4849 -55268.16 -51502.11 -68869.14 -29226.55
     phi0.35   phi0.36   phi0.37   phi0.38   phi0.39   phi0.40   phi0.41
id   885.000    887.00    888.00    889.00  891.0000    893.00    894.00
A   7998.335  60341.46  13940.54  50465.47  618.8856  34805.89  50687.14
a  -6814.776 -52892.99 -13206.76 -48351.18 -571.1108 -26589.47 -42461.35
     phi0.42   phi0.43   phi0.44   phi0.45    phi0.46
id   902.000   906.000   907.000 912.00000   921.0000
A   4939.336  1088.846  2370.110 443.73418 17309.6686
a  -3438.205 -1590.561 -1533.355 -35.56128  -645.9528
E =  0.00463 | E_L =  0.00463 | E_A =  0.00000 |  48 flippped triangles
        phi0    phi0.1    phi0.2    phi0.3    phi0.4    phi0.5    phi0.6
id    57.000     66.00    74.000     79.00    96.000    234.00    235.00
A   1242.404  24173.23  4111.685  46908.17  2066.015  28130.44  11931.80
a  -1599.307 -26490.87 -3569.897 -42781.13 -1782.671 -25625.94 -13958.27
      phi0.7    phi0.8    phi0.9   phi0.10   phi0.11   phi0.12   phi0.13
id   236.000    238.00   241.000    242.00   247.000    252.00   253.000
A   2528.155  34793.76  1471.248  33737.61  3334.389  23232.04  2086.421
a  -2305.304 -33538.79 -2051.540 -37680.78 -3360.820 -20318.56 -1765.069
     phi0.14   phi0.15   phi0.16   phi0.17   phi0.18   phi0.19   phi0.20
id   262.000   263.000 272.00000   278.000   280.000  285.0000  288.0000
A   1863.103  2461.460 279.52430  1090.222  3367.324  475.4163  165.5021
a  -1981.419 -2323.048 -10.87551 -1046.705 -3321.625 -461.7376 -192.5026
     phi0.21   phi0.22   phi0.23   phi0.24   phi0.25   phi0.26   phi0.27
id   346.000   474.000    478.00    495.00    508.00    514.00   518.000
A   7066.873  4850.465  22790.85  27000.39  56670.90  68409.18 46740.464
a  -3928.444 -4772.531 -27904.98 -25364.75 -38562.92 -55170.90 -7748.369
     phi0.28   phi0.29   phi0.30   phi0.31   phi0.32   phi0.33   phi0.34
id    592.00    778.00    799.00  800.0000    870.00    872.00    873.00
A   31397.26  31810.32  24570.07  501.6312  59589.04  69130.77  70449.58
a  -23104.14 -10452.12 -18920.04 -539.1500 -54623.45 -56746.18 -68905.83
     phi0.35   phi0.36   phi0.37   phi0.38   phi0.39   phi0.40   phi0.41
id    881.00   885.000    887.00    888.00    889.00  891.0000    893.00
A   44128.57  7998.335  60341.46  13940.54  50465.47  618.8856  34805.89
a  -26356.55 -6885.801 -53339.09 -12599.61 -48042.94 -682.8361 -24859.75
     phi0.42   phi0.43   phi0.44   phi0.45   phi0.46    phi0.47
id    894.00   902.000   906.000   907.000 910.00000 913.000000
A   50687.14  4939.336  1088.846  2370.110  63.33078   8.436369
a  -42640.26 -3165.789 -1543.306 -1522.432 -53.00139  -6.717839
E =  0.00462 | E_L =  0.00462 | E_A =  0.00000 |  49 flippped triangles
        phi0    phi0.1    phi0.2    phi0.3    phi0.4    phi0.5    phi0.6
id    57.000     66.00    74.000     79.00    96.000    234.00    235.00
A   1242.404  24173.23  4111.685  46908.17  2066.015  28130.44  11931.80
a  -1594.959 -25963.53 -3592.213 -43480.93 -1810.920 -25594.63 -14032.06
      phi0.7    phi0.8    phi0.9   phi0.10   phi0.11   phi0.12   phi0.13
id   236.000    238.00   241.000    242.00   247.000    252.00   253.000
A   2528.155  34793.76  1471.248  33737.61  3334.389  23232.04  2086.421
a  -2328.816 -34220.91 -2063.302 -38119.41 -3364.317 -20250.77 -1809.492
     phi0.14   phi0.15    phi0.16   phi0.17   phi0.18   phi0.19   phi0.20
id   262.000   263.000 272.000000   278.000   280.000  285.0000  288.0000
A   1863.103  2461.460 279.524300  1090.222  3367.324  475.4163  165.5021
a  -1989.569 -2321.525  -4.237712 -1055.136 -3346.876 -465.2701 -196.7921
     phi0.21   phi0.22   phi0.23   phi0.24  phi0.25   phi0.26   phi0.27
id   346.000   474.000    478.00    495.00    508.0    514.00   518.000
A   7066.873  4850.465  22790.85  27000.39  56670.9  68409.18 46740.464
a  -3420.572 -4661.177 -27964.31 -25477.44 -38919.3 -55301.08 -8181.206
     phi0.28   phi0.29   phi0.30   phi0.31   phi0.32   phi0.33   phi0.34
id    592.00   778.000    799.00  800.0000    870.00    872.00    873.00
A   31397.26 31810.324  24570.07  501.6312  59589.04  69130.77  70449.58
a  -21696.92 -9074.143 -19612.13 -539.9432 -54728.01 -55181.91 -68743.29
     phi0.35   phi0.36   phi0.37   phi0.38   phi0.39   phi0.40   phi0.41
id    881.00   885.000    887.00    888.00    889.00  891.0000    893.00
A   44128.57  7998.335  60341.46  13940.54  50465.47  618.8856  34805.89
a  -27131.96 -6856.829 -52631.28 -12727.79 -47598.21 -656.2468 -24766.93
     phi0.42   phi0.43   phi0.44   phi0.45   phi0.46    phi0.47   phi0.48
id    894.00   902.000   906.000   907.000 910.00000 913.000000   921.000
A   50687.14  4939.336  1088.846  2370.110  63.33078   8.436369 17309.669
a  -42482.06 -3882.155 -1544.305 -1736.006 -52.88260  -6.234582 -3394.481
FIRE:  5  stops.  9 hits of maxmove.  0 hits of dtmax.
Frms = 8.8000447270056e-06; Ftanrms = 8.79221593895056e-06
E =  0.00889 | E_L =  0.00887 | E_A =  0.00002 |   0 flippped triangles
E =  0.00698 | E_L =  0.00697 | E_A =  0.00001 |   0 flippped triangles
E =  0.00635 | E_L =  0.00635 | E_A =  0.00000 |   0 flippped triangles
E =  0.00613 | E_L =  0.00613 | E_A =  0.00000 |   0 flippped triangles
E =  0.00607 | E_L =  0.00607 | E_A =  0.00000 |   0 flippped triangles
E =  0.00602 | E_L =  0.00602 | E_A =  0.00000 |   0 flippped triangles
E =  0.00602 | E_L =  0.00602 | E_A =  0.00000 |   0 flippped triangles
Optimising mapping with BFGS...
E =  0.00602 | E_L =  0.00602 | E_A =  0.00000 |   0 flippped triangles
Transforming image...
Mapping optimised. Error: 0.006023237 ; 0 flipped triangles.
Inferring coordinates of datapoints
Inferring coordinates of landmarks
Mapping optimised. Error: 0.006023237 ; 0 flipped triangles. OD displacement: 5.905206 degrees.
Computing Kernel Density estimates of datapoints

[1] 0.775
Saving developmental_retina/data/C57BL6J/P8/AP/GM138-5/R-CONTRA/r.mat
