[1] "Adding old segment 1"
[1] "Adding old segment 5"
[1] "Adding old segment 4"
[1] "Adding old segment 3"
[1] "Intersection found. Old points:"
   X    Y 
 270 2619 
   X    Y 
  90 2549 
   X    Y 
 130 2529 
   X    Y 
 110 2619 
[1] "Point i+1 has been changed:"
   X    Y 
 270 2619 
        X         Y 
 122.7273 2561.7273 
   X    Y 
 130 2529 
   X    Y 
 110 2619 
[1] "a= 0.5"
[1] "l= 58.6698283645934"
[1] "New points:"
   X    Y 
 270 2619 
        X         Y 
 122.7273 2561.7273 
        X         Y 
 116.3636 2590.3636 
   X    Y 
 110 2619 
[1] "Storing new segment 1"
[1] "Adding old segment 2"
[1] "Storing new segment 2"
simplify.outline: Removing vertex 40
simplify.outline: Removing vertex 130
Triangulating...
[1] "Non-adjacent points in rim connected by line: 21 19"
[1] "In triangle: 159" "In triangle: 162"
[1] "Other points in triangles: 163 20"
[1] "Non-adjacent points in rim connected by line: 45 43"
[1] "In triangle: 222" "In triangle: 228"
[1] "Other points in triangles: 195 44"
[1] "Non-adjacent points in rim connected by line: 66 64"
[1] "In triangle: 210" "In triangle: 212"
[1] "Other points in triangles: 133 65"
[1] "Non-adjacent points in rim connected by line: 96 94"
[1] "In triangle: 78"  "In triangle: 276"
[1] "Other points in triangles: 95 234"
[1] "Non-adjacent points in rim connected by line: 107 105"
[1] "In triangle: 15" "In triangle: 18"
[1] "Other points in triangles: 106 200"
[1] "Non-adjacent points in rim connected by line: 111 109"
[1] "In triangle: 21" "In triangle: 24"
[1] "Other points in triangles: 110 339"
[1] "Non-adjacent points in rim connected by line: 116 114"
[1] "In triangle: 48"  "In triangle: 255"
[1] "Other points in triangles: 115 193"
[1] "Non-adjacent points in rim connected by line: 122 119"
[1] "In triangle: 5"  "In triangle: 12"
[1] "Other points in triangles: 120 123"
[1] "Non-adjacent points in rim connected by line: 122 120"
[1] "In triangle: 2" "In triangle: 5"
[1] "Other points in triangles: 121 483"
[1] "Non-adjacent points in rim connected by line: 123 118"
[1] "In triangle: 7"  "In triangle: 11"
[1] "Other points in triangles: 119 124"
[1] "Non-adjacent points in rim connected by line: 123 119"
[1] "In triangle: 7"   "In triangle: 834"
[1] "Other points in triangles: 485 483"
[1] "Non-adjacent points in rim connected by line: 124 118"
[1] "In triangle: 60"  "In triangle: 838"
[1] "Other points in triangles: 125 485"
[1] "Non-adjacent points in rim connected by line: 125 118"
[1] "In triangle: 25"  "In triangle: 841"
[1] "Other points in triangles: 202 487"
[1] "Non-adjacent points in rim connected by line: 145 69"
[1] "In triangle: 97"  "In triangle: 233"
[1] "Other points in triangles: 70 158"
[1] "Non-adjacent points in rim connected by line: 145 72"
[1] "In triangle: 206" "In triangle: 232"
[1] "Other points in triangles: 71 206"
Stitching...
Tear 1 child of rim
Tear 2 child of rim
Tear 3 child of rim
Tear 4 child of rim
Tear 5 child of rim
Tear 6 child of rim
Tear 7 child of rim
Tear 1 : Sf = 1130.99693661926 ; Sb = 2156.94149849191
  Forwards path
    i = 82 ; sf/Sf = 0.18651706672863 ; sf = 210.95023109729
      k =   81 ; sb/Sb = 0 ; sb = 0
      k =   80 ; sb/Sb = 0.0518342286766518 ; sb = 111.803398874989
      k =   79 ; sb/Sb = 0.110843349092096 ; sb = 239.082619488568
      k =   78 ; sb/Sb = 0.195952563985134 ; sb = 422.658216995426
      Creating new point: f = 0.889136596215081
    i = 83 ; sf/Sf = 0.299054259794809 ; sf = 338.229451710868
      k =   81 ; sb/Sb = 0 ; sb = 0
      k =   80 ; sb/Sb = 0.0518342286766518 ; sb = 111.803398874989
      k =   79 ; sb/Sb = 0.110843349092096 ; sb = 239.082619488568
      k =   78 ; sb/Sb = 0.195952563985134 ; sb = 422.658216995426
      k =   77 ; sb/Sb = 0.302987422266512 ; sb = 653.52614460773
      Creating new point: f = 0.963253443458922
    i = 84 ; sf/Sf = 0.520098182997017 ; sf = 588.229451710868
      k =   81 ; sb/Sb = 0 ; sb = 0
      k =   80 ; sb/Sb = 0.0518342286766518 ; sb = 111.803398874989
      k =   79 ; sb/Sb = 0.110843349092096 ; sb = 239.082619488568
      k =   78 ; sb/Sb = 0.195952563985134 ; sb = 422.658216995426
      k =   77 ; sb/Sb = 0.302987422266512 ; sb = 653.52614460773
      k =   76 ; sb/Sb = 0.372530337595869 ; sb = 803.52614460773
      k =   75 ; sb/Sb = 0.465831949213842 ; sb = 1004.77226258271
      k =   74 ; sb/Sb = 0.568772169552219 ; sb = 1226.80829569446
      Creating new point: f = 0.527162595968761
    i = 85 ; sf/Sf = 0.698035108782634 ; sf = 789.475569685849
      k =   81 ; sb/Sb = 0 ; sb = 0
      k =   80 ; sb/Sb = 0.0518342286766518 ; sb = 111.803398874989
      k =   79 ; sb/Sb = 0.110843349092096 ; sb = 239.082619488568
      k =   78 ; sb/Sb = 0.195952563985134 ; sb = 422.658216995426
      k =   77 ; sb/Sb = 0.302987422266512 ; sb = 653.52614460773
      k =   76 ; sb/Sb = 0.372530337595869 ; sb = 803.52614460773
      k =   75 ; sb/Sb = 0.465831949213842 ; sb = 1004.77226258271
      k =   74 ; sb/Sb = 0.568772169552219 ; sb = 1226.80829569446
      k =   73 ; sb/Sb = 0.630626717176503 ; sb = 1360.22493633572
      k =   72 ; sb/Sb = 0.693685777972753 ; sb = 1496.23964142307
      k =   71 ; sb/Sb = 0.772637322916522 ; sb = 1666.53350508234
      Creating new point: f = 0.055088609260007
    i = 86 ; sf/Sf = 0.876848576453103 ; sf = 991.713053847416
      k =   81 ; sb/Sb = 0 ; sb = 0
      k =   80 ; sb/Sb = 0.0518342286766518 ; sb = 111.803398874989
      k =   79 ; sb/Sb = 0.110843349092096 ; sb = 239.082619488568
      k =   78 ; sb/Sb = 0.195952563985134 ; sb = 422.658216995426
      k =   77 ; sb/Sb = 0.302987422266512 ; sb = 653.52614460773
      k =   76 ; sb/Sb = 0.372530337595869 ; sb = 803.52614460773
      k =   75 ; sb/Sb = 0.465831949213842 ; sb = 1004.77226258271
      k =   74 ; sb/Sb = 0.568772169552219 ; sb = 1226.80829569446
      k =   73 ; sb/Sb = 0.630626717176503 ; sb = 1360.22493633572
      k =   72 ; sb/Sb = 0.693685777972753 ; sb = 1496.23964142307
      k =   71 ; sb/Sb = 0.772637322916522 ; sb = 1666.53350508234
      k =  145 ; sb/Sb = 0.881313424504563 ; sb = 1900.94149849191
      Creating new point: f = 0.958916008338382
Tear 2 : Sf = 410.278839510639 ; Sb = 489.344615179173
  Forwards path
    i = 62 ; sf/Sf = 0.0714999443239286 ; sf = 29.3349141822967
      k =   61 ; sb/Sb = 0 ; sb = 0
      k =   60 ; sb/Sb = 0.322915897658544 ; sb = 158.017155674958
      Creating new point: f = 0.22141970972124
    i = 63 ; sf/Sf = 0.142999888647857 ; sf = 58.6698283645934
      k =   61 ; sb/Sb = 0 ; sb = 0
      k =   60 ; sb/Sb = 0.322915897658544 ; sb = 158.017155674958
      Creating new point: f = 0.44283941944248
    i = 64 ; sf/Sf = 0.502872776019874 ; sf = 206.318058966927
      k =   61 ; sb/Sb = 0 ; sb = 0
      k =   60 ; sb/Sb = 0.322915897658544 ; sb = 158.017155674958
      k =   59 ; sb/Sb = 0.690754828376303 ; sb = 338.017155674958
      Creating new point: f = 0.489227385503168
Tear 3 : Sf = 1386.89479709361 ; Sb = 1161.75736957231
  Forwards path
    i = 102 ; sf/Sf = 0.188022982532326 ; sf = 260.768096208106
      k =  101 ; sb/Sb = 0 ; sb = 0
      k =  100 ; sb/Sb = 0.119581285673825 ; sb = 138.924439894498
      k =   99 ; sb/Sb = 0.236657973672308 ; sb = 274.939144981852
      Creating new point: f = 0.584588597683837
    i = 103 ; sf/Sf = 0.496049365038859 ; sf = 687.968283473982
      k =  101 ; sb/Sb = 0 ; sb = 0
      k =  100 ; sb/Sb = 0.119581285673825 ; sb = 138.924439894498
      k =   99 ; sb/Sb = 0.236657973672308 ; sb = 274.939144981852
      k =   98 ; sb/Sb = 0.372756858990012 ; sb = 433.053027990271
      k =   97 ; sb/Sb = 0.616217946375879 ; sb = 715.89574046489
      Creating new point: f = 0.506415655054716
    i = 104 ; sf/Sf = 0.705149579855244 ; sf = 977.968283473983
      k =  101 ; sb/Sb = 0 ; sb = 0
      k =  100 ; sb/Sb = 0.119581285673825 ; sb = 138.924439894498
      k =   99 ; sb/Sb = 0.236657973672308 ; sb = 274.939144981852
      k =   98 ; sb/Sb = 0.372756858990012 ; sb = 433.053027990271
      k =   97 ; sb/Sb = 0.616217946375879 ; sb = 715.89574046489
      k =   96 ; sb/Sb = 0.836681337618755 ; sb = 972.020709962204
      Creating new point: f = 0.403385038114524
    i = 105 ; sf/Sf = 0.906265420944379 ; sf = 1256.89479709361
      k =  101 ; sb/Sb = 0 ; sb = 0
      k =  100 ; sb/Sb = 0.119581285673825 ; sb = 138.924439894498
      k =   99 ; sb/Sb = 0.236657973672308 ; sb = 274.939144981852
      k =   98 ; sb/Sb = 0.372756858990012 ; sb = 433.053027990271
      k =   97 ; sb/Sb = 0.616217946375879 ; sb = 715.89574046489
      k =   96 ; sb/Sb = 0.836681337618755 ; sb = 972.020709962204
      k =   95 ; sb/Sb = 1 ; sb = 1161.75736957231
      Creating new point: f = 0.426063269874142
Tear 4 : Sf = 1233.19176943293 ; Sb = 831.675916422646
  Forwards path
    i = 7 ; sf/Sf = 0.119728524193952 ; sf = 147.648230602334
      k =    6 ; sb/Sb = 0 ; sb = 0
      k =    5 ; sb/Sb = 0.114068867369776 ; sb = 94.8683298050514
      k =    4 ; sb/Sb = 0.354547154705876 ; sb = 294.868329805051
      Creating new point: f = 0.0235350013794246
    i = 8 ; sf/Sf = 0.199593294993752 ; sf = 246.136808620295
      k =    6 ; sb/Sb = 0 ; sb = 0
      k =    5 ; sb/Sb = 0.114068867369776 ; sb = 94.8683298050514
      k =    4 ; sb/Sb = 0.354547154705876 ; sb = 294.868329805051
      Creating new point: f = 0.355643033603466
    i = 9 ; sf/Sf = 0.337685251070926 ; sf = 416.430672279559
      k =    6 ; sb/Sb = 0 ; sb = 0
      k =    5 ; sb/Sb = 0.114068867369776 ; sb = 94.8683298050514
      k =    4 ; sb/Sb = 0.354547154705876 ; sb = 294.868329805051
      Creating new point: f = 0.929881804208859
    i = 10 ; sf/Sf = 0.553147770119289 ; sf = 682.137277391288
      k =    6 ; sb/Sb = 0 ; sb = 0
      k =    5 ; sb/Sb = 0.114068867369776 ; sb = 94.8683298050514
      k =    4 ; sb/Sb = 0.354547154705876 ; sb = 294.868329805051
      k =    3 ; sb/Sb = 0.608191906143031 ; sb = 505.818560902341
      Creating new point: f = 0.782987285517002
    i = 11 ; sf/Sf = 0.738240024112539 ; sf = 910.391521601554
      k =    6 ; sb/Sb = 0 ; sb = 0
      k =    5 ; sb/Sb = 0.114068867369776 ; sb = 94.8683298050514
      k =    4 ; sb/Sb = 0.354547154705876 ; sb = 294.868329805051
      k =    3 ; sb/Sb = 0.608191906143031 ; sb = 505.818560902341
      k =    2 ; sb/Sb = 0.812951789526168 ; sb = 676.112424561605
      Creating new point: f = 0.635124985523501
Tear 5 : Sf = 2335.99818810296 ; Sb = 2266.53516569006
  Forwards path
    i = 37 ; sf/Sf = 0.0665940122099889 ; sf = 155.56349186104
      k =   36 ; sb/Sb = 0 ; sb = 0
      k =   35 ; sb/Sb = 0.0295967344078556 ; sb = 67.0820393249937
      k =   34 ; sb/Sb = 0.104601085795557 ; sb = 237.082039324994
      Creating new point: f = 0.493268418666704
    i = 38 ; sf/Sf = 0.145179517302327 ; sf = 339.139089367899
      k =   36 ; sb/Sb = 0 ; sb = 0
      k =   35 ; sb/Sb = 0.0295967344078556 ; sb = 67.0820393249937
      k =   34 ; sb/Sb = 0.104601085795557 ; sb = 237.082039324994
      k =   33 ; sb/Sb = 0.167771608274158 ; sb = 380.260249957757
      Creating new point: f = 0.64236339853792
    i = 39 ; sf/Sf = 0.242797352016922 ; sf = 567.174174387726
      k =   36 ; sb/Sb = 0 ; sb = 0
      k =   35 ; sb/Sb = 0.0295967344078556 ; sb = 67.0820393249937
      k =   34 ; sb/Sb = 0.104601085795557 ; sb = 237.082039324994
      k =   33 ; sb/Sb = 0.167771608274158 ; sb = 380.260249957757
      k =   32 ; sb/Sb = 0.236406542430884 ; sb = 535.823741818798
      k =   31 ; sb/Sb = 0.299577064909484 ; sb = 679.001952451561
      Creating new point: f = 0.101167591073881
    i = 40 ; sf/Sf = 0.315697178963088 ; sf = 737.46803804699
      k =   36 ; sb/Sb = 0 ; sb = 0
      k =   35 ; sb/Sb = 0.0295967344078556 ; sb = 67.0820393249937
      k =   34 ; sb/Sb = 0.104601085795557 ; sb = 237.082039324994
      k =   33 ; sb/Sb = 0.167771608274158 ; sb = 380.260249957757
      k =   32 ; sb/Sb = 0.236406542430884 ; sb = 535.823741818798
      k =   31 ; sb/Sb = 0.299577064909484 ; sb = 679.001952451561
      k =   30 ; sb/Sb = 0.438047052616007 ; sb = 992.849048981066
      Creating new point: f = 0.116415941971262
    i = 41 ; sf/Sf = 0.350210295408807 ; sf = 818.090615529976
      k =   36 ; sb/Sb = 0 ; sb = 0
      k =   35 ; sb/Sb = 0.0295967344078556 ; sb = 67.0820393249937
      k =   34 ; sb/Sb = 0.104601085795557 ; sb = 237.082039324994
      k =   33 ; sb/Sb = 0.167771608274158 ; sb = 380.260249957757
      k =   32 ; sb/Sb = 0.236406542430884 ; sb = 535.823741818798
      k =   31 ; sb/Sb = 0.299577064909484 ; sb = 679.001952451561
      k =   30 ; sb/Sb = 0.438047052616007 ; sb = 992.849048981066
      Creating new point: f = 0.365662128941878
    i = 42 ; sf/Sf = 0.469152545109195 ; sf = 1095.93949531897
      k =   36 ; sb/Sb = 0 ; sb = 0
      k =   35 ; sb/Sb = 0.0295967344078556 ; sb = 67.0820393249937
      k =   34 ; sb/Sb = 0.104601085795557 ; sb = 237.082039324994
      k =   33 ; sb/Sb = 0.167771608274158 ; sb = 380.260249957757
      k =   32 ; sb/Sb = 0.236406542430884 ; sb = 535.823741818798
      k =   31 ; sb/Sb = 0.299577064909484 ; sb = 679.001952451561
      k =   30 ; sb/Sb = 0.438047052616007 ; sb = 992.849048981066
      k =   29 ; sb/Sb = 0.511477711134054 ; sb = 1159.282218752
      Creating new point: f = 0.423603616268035
    i = 43 ; sf/Sf = 0.516241622729298 ; sf = 1205.93949531897
      k =   36 ; sb/Sb = 0 ; sb = 0
      k =   35 ; sb/Sb = 0.0295967344078556 ; sb = 67.0820393249937
      k =   34 ; sb/Sb = 0.104601085795557 ; sb = 237.082039324994
      k =   33 ; sb/Sb = 0.167771608274158 ; sb = 380.260249957757
      k =   32 ; sb/Sb = 0.236406542430884 ; sb = 535.823741818798
      k =   31 ; sb/Sb = 0.299577064909484 ; sb = 679.001952451561
      k =   30 ; sb/Sb = 0.438047052616007 ; sb = 992.849048981066
      k =   29 ; sb/Sb = 0.511477711134054 ; sb = 1159.282218752
      k =   28 ; sb/Sb = 0.531208867405958 ; sb = 1204.00357830199
      Creating new point: f = 0.241441075707627
    i = 44 ; sf/Sf = 0.583927412818383 ; sf = 1364.05337832739
      k =   36 ; sb/Sb = 0 ; sb = 0
      k =   35 ; sb/Sb = 0.0295967344078556 ; sb = 67.0820393249937
      k =   34 ; sb/Sb = 0.104601085795557 ; sb = 237.082039324994
      k =   33 ; sb/Sb = 0.167771608274158 ; sb = 380.260249957757
      k =   32 ; sb/Sb = 0.236406542430884 ; sb = 535.823741818798
      k =   31 ; sb/Sb = 0.299577064909484 ; sb = 679.001952451561
      k =   30 ; sb/Sb = 0.438047052616007 ; sb = 992.849048981066
      k =   29 ; sb/Sb = 0.511477711134054 ; sb = 1159.282218752
      k =   28 ; sb/Sb = 0.531208867405958 ; sb = 1204.00357830199
      k =   27 ; sb/Sb = 0.600969039408531 ; sb = 1362.11746131041
      Creating new point: f = 0.755711230334702
    i = 45 ; sf/Sf = 0.608143417258379 ; sf = 1420.62192082231
      k =   36 ; sb/Sb = 0 ; sb = 0
      k =   35 ; sb/Sb = 0.0295967344078556 ; sb = 67.0820393249937
      k =   34 ; sb/Sb = 0.104601085795557 ; sb = 237.082039324994
      k =   33 ; sb/Sb = 0.167771608274158 ; sb = 380.260249957757
      k =   32 ; sb/Sb = 0.236406542430884 ; sb = 535.823741818798
      k =   31 ; sb/Sb = 0.299577064909484 ; sb = 679.001952451561
      k =   30 ; sb/Sb = 0.438047052616007 ; sb = 992.849048981066
      k =   29 ; sb/Sb = 0.511477711134054 ; sb = 1159.282218752
      k =   28 ; sb/Sb = 0.531208867405958 ; sb = 1204.00357830199
      k =   27 ; sb/Sb = 0.600969039408531 ; sb = 1362.11746131041
      k =   26 ; sb/Sb = 0.672791532359544 ; sb = 1524.90566727141
      Creating new point: f = 0.099890404176602
    i = 46 ; sf/Sf = 0.712651679960813 ; sf = 1664.75303313699
      k =   36 ; sb/Sb = 0 ; sb = 0
      k =   35 ; sb/Sb = 0.0295967344078556 ; sb = 67.0820393249937
      k =   34 ; sb/Sb = 0.104601085795557 ; sb = 237.082039324994
      k =   33 ; sb/Sb = 0.167771608274158 ; sb = 380.260249957757
      k =   32 ; sb/Sb = 0.236406542430884 ; sb = 535.823741818798
      k =   31 ; sb/Sb = 0.299577064909484 ; sb = 679.001952451561
      k =   30 ; sb/Sb = 0.438047052616007 ; sb = 992.849048981066
      k =   29 ; sb/Sb = 0.511477711134054 ; sb = 1159.282218752
      k =   28 ; sb/Sb = 0.531208867405958 ; sb = 1204.00357830199
      k =   27 ; sb/Sb = 0.600969039408531 ; sb = 1362.11746131041
      k =   26 ; sb/Sb = 0.672791532359544 ; sb = 1524.90566727141
      k =   25 ; sb/Sb = 0.741284512002035 ; sb = 1680.14741423401
      Creating new point: f = 0.581959608259485
    i = 47 ; sf/Sf = 0.78167791285225 ; sf = 1825.99818810296
      k =   36 ; sb/Sb = 0 ; sb = 0
      k =   35 ; sb/Sb = 0.0295967344078556 ; sb = 67.0820393249937
      k =   34 ; sb/Sb = 0.104601085795557 ; sb = 237.082039324994
      k =   33 ; sb/Sb = 0.167771608274158 ; sb = 380.260249957757
      k =   32 ; sb/Sb = 0.236406542430884 ; sb = 535.823741818798
      k =   31 ; sb/Sb = 0.299577064909484 ; sb = 679.001952451561
      k =   30 ; sb/Sb = 0.438047052616007 ; sb = 992.849048981066
      k =   29 ; sb/Sb = 0.511477711134054 ; sb = 1159.282218752
      k =   28 ; sb/Sb = 0.531208867405958 ; sb = 1204.00357830199
      k =   27 ; sb/Sb = 0.600969039408531 ; sb = 1362.11746131041
      k =   26 ; sb/Sb = 0.672791532359544 ; sb = 1524.90566727141
      k =   25 ; sb/Sb = 0.741284512002035 ; sb = 1680.14741423401
      k =   24 ; sb/Sb = 0.894756890407695 ; sb = 2027.99795685253
      Creating new point: f = 0.263196552173363
    i = 48 ; sf/Sf = 0.867294417616074 ; sf = 2025.99818810296
      k =   36 ; sb/Sb = 0 ; sb = 0
      k =   35 ; sb/Sb = 0.0295967344078556 ; sb = 67.0820393249937
      k =   34 ; sb/Sb = 0.104601085795557 ; sb = 237.082039324994
      k =   33 ; sb/Sb = 0.167771608274158 ; sb = 380.260249957757
      k =   32 ; sb/Sb = 0.236406542430884 ; sb = 535.823741818798
      k =   31 ; sb/Sb = 0.299577064909484 ; sb = 679.001952451561
      k =   30 ; sb/Sb = 0.438047052616007 ; sb = 992.849048981066
      k =   29 ; sb/Sb = 0.511477711134054 ; sb = 1159.282218752
      k =   28 ; sb/Sb = 0.531208867405958 ; sb = 1204.00357830199
      k =   27 ; sb/Sb = 0.600969039408531 ; sb = 1362.11746131041
      k =   26 ; sb/Sb = 0.672791532359544 ; sb = 1524.90566727141
      k =   25 ; sb/Sb = 0.741284512002035 ; sb = 1680.14741423401
      k =   24 ; sb/Sb = 0.894756890407695 ; sb = 2027.99795685253
      Creating new point: f = 0.821059182916731
    i = 49 ; sf/Sf = 0.935787621427132 ; sf = 2185.99818810296
      k =   36 ; sb/Sb = 0 ; sb = 0
      k =   35 ; sb/Sb = 0.0295967344078556 ; sb = 67.0820393249937
      k =   34 ; sb/Sb = 0.104601085795557 ; sb = 237.082039324994
      k =   33 ; sb/Sb = 0.167771608274158 ; sb = 380.260249957757
      k =   32 ; sb/Sb = 0.236406542430884 ; sb = 535.823741818798
      k =   31 ; sb/Sb = 0.299577064909484 ; sb = 679.001952451561
      k =   30 ; sb/Sb = 0.438047052616007 ; sb = 992.849048981066
      k =   29 ; sb/Sb = 0.511477711134054 ; sb = 1159.282218752
      k =   28 ; sb/Sb = 0.531208867405958 ; sb = 1204.00357830199
      k =   27 ; sb/Sb = 0.600969039408531 ; sb = 1362.11746131041
      k =   26 ; sb/Sb = 0.672791532359544 ; sb = 1524.90566727141
      k =   25 ; sb/Sb = 0.741284512002035 ; sb = 1680.14741423401
      k =   24 ; sb/Sb = 0.894756890407695 ; sb = 2027.99795685253
      k =   23 ; sb/Sb = 1 ; sb = 2266.53516569006
      Creating new point: f = 0.389866198161418
Tear 6 : Sf = 417.285867190467 ; Sb = 383.656168415178
  Forwards path
    i = 119 ; sf/Sf = 0.418520025951455 ; sf = 174.64249196573
      k =  118 ; sb/Sb = 0 ; sb = 0
      k =  117 ; sb/Sb = 0.286715056490274 ; sb = 110
      k =  116 ; sb/Sb = 0.629546672942543 ; sb = 241.529464379659
      Creating new point: f = 0.384459784733803
    i = 120 ; sf/Sf = 0.78432051723688 ; sf = 327.285867190467
      k =  118 ; sb/Sb = 0 ; sb = 0
      k =  117 ; sb/Sb = 0.286715056490274 ; sb = 110
      k =  116 ; sb/Sb = 0.629546672942543 ; sb = 241.529464379659
      k =  115 ; sb/Sb = 1 ; sb = 383.656168415178
      Creating new point: f = 0.417795800414911
Tear 7 : Sf = 161.245154965971 ; Sb = 130.384048104053
  Forwards path
Tear 1 : Sf = 2156.94149849191 ; Sb = 1130.99693661926
  Backwards path
    i = 80 ; sf/Sf = 0.0518342286766518 ; sf = 111.803398874989
      k =   81 ; sb/Sb = 0 ; sb = 0
      k =   82 ; sb/Sb = 0.18651706672863 ; sb = 210.95023109729
      Creating new point: f = 0.277906089698844
    i = 79 ; sf/Sf = 0.110843349092096 ; sf = 239.082619488568
      k =   81 ; sb/Sb = 0 ; sb = 0
      k =   82 ; sb/Sb = 0.18651706672863 ; sb = 210.95023109729
      Creating new point: f = 0.594279928567429
    i = 78 ; sf/Sf = 0.195952563985134 ; sf = 422.658216995426
      k =   81 ; sb/Sb = 0 ; sb = 0
      k =   82 ; sb/Sb = 0.18651706672863 ; sb = 210.95023109729
      k =   83 ; sb/Sb = 0.299054259794809 ; sb = 338.229451710868
      Creating new point: f = 0.083843367685167
    i = 77 ; sf/Sf = 0.302987422266512 ; sf = 653.52614460773
      k =   81 ; sb/Sb = 0 ; sb = 0
      k =   82 ; sb/Sb = 0.18651706672863 ; sb = 210.95023109729
      k =   83 ; sb/Sb = 0.299054259794809 ; sb = 338.229451710868
      k =   84 ; sb/Sb = 0.520098182997017 ; sb = 588.229451710868
      Creating new point: f = 0.0177935788268874
    i = 76 ; sf/Sf = 0.372530337595869 ; sf = 803.52614460773
      k =   81 ; sb/Sb = 0 ; sb = 0
      k =   82 ; sb/Sb = 0.18651706672863 ; sb = 210.95023109729
      k =   83 ; sb/Sb = 0.299054259794809 ; sb = 338.229451710868
      k =   84 ; sb/Sb = 0.520098182997017 ; sb = 588.229451710868
      Creating new point: f = 0.33240487563119
    i = 75 ; sf/Sf = 0.465831949213842 ; sf = 1004.77226258271
      k =   81 ; sb/Sb = 0 ; sb = 0
      k =   82 ; sb/Sb = 0.18651706672863 ; sb = 210.95023109729
      k =   83 ; sb/Sb = 0.299054259794809 ; sb = 338.229451710868
      k =   84 ; sb/Sb = 0.520098182997017 ; sb = 588.229451710868
      Creating new point: f = 0.75450022331746
    i = 74 ; sf/Sf = 0.568772169552219 ; sf = 1226.80829569446
      k =   81 ; sb/Sb = 0 ; sb = 0
      k =   82 ; sb/Sb = 0.18651706672863 ; sb = 210.95023109729
      k =   83 ; sb/Sb = 0.299054259794809 ; sb = 338.229451710868
      k =   84 ; sb/Sb = 0.520098182997017 ; sb = 588.229451710868
      k =   85 ; sb/Sb = 0.698035108782634 ; sb = 789.475569685849
      Creating new point: f = 0.27354629366726
    i = 73 ; sf/Sf = 0.630626717176503 ; sf = 1360.22493633572
      k =   81 ; sb/Sb = 0 ; sb = 0
      k =   82 ; sb/Sb = 0.18651706672863 ; sb = 210.95023109729
      k =   83 ; sb/Sb = 0.299054259794809 ; sb = 338.229451710868
      k =   84 ; sb/Sb = 0.520098182997017 ; sb = 588.229451710868
      k =   85 ; sb/Sb = 0.698035108782634 ; sb = 789.475569685849
      Creating new point: f = 0.621166931436445
    i = 72 ; sf/Sf = 0.693685777972753 ; sf = 1496.23964142307
      k =   81 ; sb/Sb = 0 ; sb = 0
      k =   82 ; sb/Sb = 0.18651706672863 ; sb = 210.95023109729
      k =   83 ; sb/Sb = 0.299054259794809 ; sb = 338.229451710868
      k =   84 ; sb/Sb = 0.520098182997017 ; sb = 588.229451710868
      k =   85 ; sb/Sb = 0.698035108782634 ; sb = 789.475569685849
      Creating new point: f = 0.975556895845658
    i = 71 ; sf/Sf = 0.772637322916522 ; sf = 1666.53350508234
      k =   81 ; sb/Sb = 0 ; sb = 0
      k =   82 ; sb/Sb = 0.18651706672863 ; sb = 210.95023109729
      k =   83 ; sb/Sb = 0.299054259794809 ; sb = 338.229451710868
      k =   84 ; sb/Sb = 0.520098182997017 ; sb = 588.229451710868
      k =   85 ; sb/Sb = 0.698035108782634 ; sb = 789.475569685849
      k =   86 ; sb/Sb = 0.876848576453103 ; sb = 991.713053847416
      Creating new point: f = 0.417206908997315
    i = 145 ; sf/Sf = 0.881313424504563 ; sf = 1900.94149849191
      k =   81 ; sb/Sb = 0 ; sb = 0
      k =   82 ; sb/Sb = 0.18651706672863 ; sb = 210.95023109729
      k =   83 ; sb/Sb = 0.299054259794809 ; sb = 338.229451710868
      k =   84 ; sb/Sb = 0.520098182997017 ; sb = 588.229451710868
      k =   85 ; sb/Sb = 0.698035108782634 ; sb = 789.475569685849
      k =   86 ; sb/Sb = 0.876848576453103 ; sb = 991.713053847416
      k =   87 ; sb/Sb = 1 ; sb = 1130.99693661926
      Creating new point: f = 0.0362549447084548
Tear 2 : Sf = 489.344615179173 ; Sb = 410.278839510639
  Backwards path
    i = 60 ; sf/Sf = 0.322915897658544 ; sf = 158.017155674958
      k =   61 ; sb/Sb = 0 ; sb = 0
      k =   62 ; sb/Sb = 0.0714999443239286 ; sb = 29.3349141822967
      k =   63 ; sb/Sb = 0.142999888647857 ; sb = 58.6698283645934
      k =   64 ; sb/Sb = 0.502872776019874 ; sb = 206.318058966927
      Creating new point: f = 0.499943216963437
    i = 59 ; sf/Sf = 0.690754828376303 ; sf = 338.017155674958
      k =   61 ; sb/Sb = 0 ; sb = 0
      k =   62 ; sb/Sb = 0.0714999443239286 ; sb = 29.3349141822967
      k =   63 ; sb/Sb = 0.142999888647857 ; sb = 58.6698283645934
      k =   64 ; sb/Sb = 0.502872776019874 ; sb = 206.318058966927
      k =   65 ; sb/Sb = 1 ; sb = 410.278839510639
      Creating new point: f = 0.377935553100869
Tear 3 : Sf = 1161.75736957231 ; Sb = 1386.89479709361
  Backwards path
    i = 100 ; sf/Sf = 0.119581285673825 ; sf = 138.924439894498
      k =  101 ; sb/Sb = 0 ; sb = 0
      k =  102 ; sb/Sb = 0.188022982532326 ; sb = 260.768096208106
      Creating new point: f = 0.635992919925447
    i = 99 ; sf/Sf = 0.236657973672308 ; sf = 274.939144981852
      k =  101 ; sb/Sb = 0 ; sb = 0
      k =  102 ; sb/Sb = 0.188022982532326 ; sb = 260.768096208106
      k =  103 ; sb/Sb = 0.496049365038859 ; sb = 687.968283473983
      Creating new point: f = 0.157892290732434
    i = 98 ; sf/Sf = 0.372756858990012 ; sf = 433.053027990271
      k =  101 ; sb/Sb = 0 ; sb = 0
      k =  102 ; sb/Sb = 0.188022982532326 ; sb = 260.768096208106
      k =  103 ; sb/Sb = 0.496049365038859 ; sb = 687.968283473983
      Creating new point: f = 0.599733941470963
    i = 97 ; sf/Sf = 0.616217946375879 ; sf = 715.89574046489
      k =  101 ; sb/Sb = 0 ; sb = 0
      k =  102 ; sb/Sb = 0.188022982532326 ; sb = 260.768096208106
      k =  103 ; sb/Sb = 0.496049365038859 ; sb = 687.968283473983
      k =  104 ; sb/Sb = 0.705149579855244 ; sb = 977.968283473983
      Creating new point: f = 0.574693724932528
    i = 96 ; sf/Sf = 0.836681337618755 ; sf = 972.020709962204
      k =  101 ; sb/Sb = 0 ; sb = 0
      k =  102 ; sb/Sb = 0.188022982532326 ; sb = 260.768096208106
      k =  103 ; sb/Sb = 0.496049365038859 ; sb = 687.968283473983
      k =  104 ; sb/Sb = 0.705149579855244 ; sb = 977.968283473983
      k =  105 ; sb/Sb = 0.906265420944379 ; sb = 1256.89479709361
      Creating new point: f = 0.654009933037626
Tear 4 : Sf = 831.675916422646 ; Sb = 1233.19176943293
  Backwards path
    i = 5 ; sf/Sf = 0.114068867369776 ; sf = 94.8683298050514
      k =    6 ; sb/Sb = 0 ; sb = 0
      k =    7 ; sb/Sb = 0.119728524193952 ; sb = 147.648230602334
      Creating new point: f = 0.952729252596411
    i = 4 ; sf/Sf = 0.354547154705876 ; sf = 294.868329805051
      k =    6 ; sb/Sb = 0 ; sb = 0
      k =    7 ; sb/Sb = 0.119728524193952 ; sb = 147.648230602334
      k =    8 ; sb/Sb = 0.199593294993752 ; sb = 246.136808620295
      k =    9 ; sb/Sb = 0.337685251070926 ; sb = 416.430672279559
      k =   10 ; sb/Sb = 0.553147770119289 ; sb = 682.137277391288
      Creating new point: f = 0.0782591037616431
    i = 3 ; sf/Sf = 0.608191906143031 ; sf = 505.818560902341
      k =    6 ; sb/Sb = 0 ; sb = 0
      k =    7 ; sb/Sb = 0.119728524193952 ; sb = 147.648230602334
      k =    8 ; sb/Sb = 0.199593294993752 ; sb = 246.136808620295
      k =    9 ; sb/Sb = 0.337685251070926 ; sb = 416.430672279559
      k =   10 ; sb/Sb = 0.553147770119289 ; sb = 682.137277391288
      k =   11 ; sb/Sb = 0.738240024112539 ; sb = 910.391521601554
      Creating new point: f = 0.297387572068518
    i = 2 ; sf/Sf = 0.812951789526168 ; sf = 676.112424561605
      k =    6 ; sb/Sb = 0 ; sb = 0
      k =    7 ; sb/Sb = 0.119728524193952 ; sb = 147.648230602334
      k =    8 ; sb/Sb = 0.199593294993752 ; sb = 246.136808620295
      k =    9 ; sb/Sb = 0.337685251070926 ; sb = 416.430672279559
      k =   10 ; sb/Sb = 0.553147770119289 ; sb = 682.137277391288
      k =   11 ; sb/Sb = 0.738240024112539 ; sb = 910.391521601554
      k =   12 ; sb/Sb = 1 ; sb = 1233.19176943293
      Creating new point: f = 0.285420890494539
Tear 5 : Sf = 2266.53516569006 ; Sb = 2335.99818810296
  Backwards path
    i = 35 ; sf/Sf = 0.0295967344078556 ; sf = 67.0820393249937
      k =   36 ; sb/Sb = 0 ; sb = 0
      k =   37 ; sb/Sb = 0.0665940122099889 ; sb = 155.56349186104
      Creating new point: f = 0.444435369272076
    i = 34 ; sf/Sf = 0.104601085795557 ; sf = 237.082039324994
      k =   36 ; sb/Sb = 0 ; sb = 0
      k =   37 ; sb/Sb = 0.0665940122099889 ; sb = 155.56349186104
      k =   38 ; sb/Sb = 0.145179517302327 ; sb = 339.139089367899
      Creating new point: f = 0.483639744262123
    i = 33 ; sf/Sf = 0.167771608274158 ; sf = 380.260249957757
      k =   36 ; sb/Sb = 0 ; sb = 0
      k =   37 ; sb/Sb = 0.0665940122099889 ; sb = 155.56349186104
      k =   38 ; sb/Sb = 0.145179517302327 ; sb = 339.139089367899
      k =   39 ; sb/Sb = 0.242797352016922 ; sb = 567.174174387726
      Creating new point: f = 0.23143405134813
    i = 32 ; sf/Sf = 0.236406542430884 ; sf = 535.823741818798
      k =   36 ; sb/Sb = 0 ; sb = 0
      k =   37 ; sb/Sb = 0.0665940122099889 ; sb = 155.56349186104
      k =   38 ; sb/Sb = 0.145179517302327 ; sb = 339.139089367899
      k =   39 ; sb/Sb = 0.242797352016922 ; sb = 567.174174387726
      Creating new point: f = 0.934532356666963
    i = 31 ; sf/Sf = 0.299577064909484 ; sf = 679.001952451561
      k =   36 ; sb/Sb = 0 ; sb = 0
      k =   37 ; sb/Sb = 0.0665940122099889 ; sb = 155.56349186104
      k =   38 ; sb/Sb = 0.145179517302327 ; sb = 339.139089367899
      k =   39 ; sb/Sb = 0.242797352016922 ; sb = 567.174174387726
      k =   40 ; sb/Sb = 0.315697178963088 ; sb = 737.46803804699
      Creating new point: f = 0.778873082023802
    i = 30 ; sf/Sf = 0.438047052616007 ; sf = 992.849048981066
      k =   36 ; sb/Sb = 0 ; sb = 0
      k =   37 ; sb/Sb = 0.0665940122099889 ; sb = 155.56349186104
      k =   38 ; sb/Sb = 0.145179517302327 ; sb = 339.139089367899
      k =   39 ; sb/Sb = 0.242797352016922 ; sb = 567.174174387726
      k =   40 ; sb/Sb = 0.315697178963088 ; sb = 737.46803804699
      k =   41 ; sb/Sb = 0.350210295408807 ; sb = 818.090615529976
      k =   42 ; sb/Sb = 0.469152545109195 ; sb = 1095.93949531897
      Creating new point: f = 0.738482393165239
    i = 29 ; sf/Sf = 0.511477711134054 ; sf = 1159.282218752
      k =   36 ; sb/Sb = 0 ; sb = 0
      k =   37 ; sb/Sb = 0.0665940122099889 ; sb = 155.56349186104
      k =   38 ; sb/Sb = 0.145179517302327 ; sb = 339.139089367899
      k =   39 ; sb/Sb = 0.242797352016922 ; sb = 567.174174387726
      k =   40 ; sb/Sb = 0.315697178963088 ; sb = 737.46803804699
      k =   41 ; sb/Sb = 0.350210295408807 ; sb = 818.090615529976
      k =   42 ; sb/Sb = 0.469152545109195 ; sb = 1095.93949531897
      k =   43 ; sb/Sb = 0.516241622729298 ; sb = 1205.93949531897
      Creating new point: f = 0.898831919502072
    i = 28 ; sf/Sf = 0.531208867405958 ; sf = 1204.00357830199
      k =   36 ; sb/Sb = 0 ; sb = 0
      k =   37 ; sb/Sb = 0.0665940122099889 ; sb = 155.56349186104
      k =   38 ; sb/Sb = 0.145179517302327 ; sb = 339.139089367899
      k =   39 ; sb/Sb = 0.242797352016922 ; sb = 567.174174387726
      k =   40 ; sb/Sb = 0.315697178963088 ; sb = 737.46803804699
      k =   41 ; sb/Sb = 0.350210295408807 ; sb = 818.090615529976
      k =   42 ; sb/Sb = 0.469152545109195 ; sb = 1095.93949531897
      k =   43 ; sb/Sb = 0.516241622729298 ; sb = 1205.93949531897
      k =   44 ; sb/Sb = 0.583927412818383 ; sb = 1364.05337832739
      Creating new point: f = 0.221128314480201
    i = 27 ; sf/Sf = 0.600969039408531 ; sf = 1362.11746131041
      k =   36 ; sb/Sb = 0 ; sb = 0
      k =   37 ; sb/Sb = 0.0665940122099889 ; sb = 155.56349186104
      k =   38 ; sb/Sb = 0.145179517302327 ; sb = 339.139089367899
      k =   39 ; sb/Sb = 0.242797352016922 ; sb = 567.174174387726
      k =   40 ; sb/Sb = 0.315697178963088 ; sb = 737.46803804699
      k =   41 ; sb/Sb = 0.350210295408807 ; sb = 818.090615529976
      k =   42 ; sb/Sb = 0.469152545109195 ; sb = 1095.93949531897
      k =   43 ; sb/Sb = 0.516241622729298 ; sb = 1205.93949531897
      k =   44 ; sb/Sb = 0.583927412818383 ; sb = 1364.05337832739
      k =   45 ; sb/Sb = 0.608143417258379 ; sb = 1420.62192082231
      Creating new point: f = 0.703734038056324
    i = 26 ; sf/Sf = 0.672791532359544 ; sf = 1524.90566727141
      k =   36 ; sb/Sb = 0 ; sb = 0
      k =   37 ; sb/Sb = 0.0665940122099889 ; sb = 155.56349186104
      k =   38 ; sb/Sb = 0.145179517302327 ; sb = 339.139089367899
      k =   39 ; sb/Sb = 0.242797352016922 ; sb = 567.174174387726
      k =   40 ; sb/Sb = 0.315697178963088 ; sb = 737.46803804699
      k =   41 ; sb/Sb = 0.350210295408807 ; sb = 818.090615529976
      k =   42 ; sb/Sb = 0.469152545109195 ; sb = 1095.93949531897
      k =   43 ; sb/Sb = 0.516241622729298 ; sb = 1205.93949531897
      k =   44 ; sb/Sb = 0.583927412818383 ; sb = 1364.05337832739
      k =   45 ; sb/Sb = 0.608143417258379 ; sb = 1420.62192082231
      k =   46 ; sb/Sb = 0.712651679960813 ; sb = 1664.75303313699
      Creating new point: f = 0.618593338262997
    i = 25 ; sf/Sf = 0.741284512002035 ; sf = 1680.14741423401
      k =   36 ; sb/Sb = 0 ; sb = 0
      k =   37 ; sb/Sb = 0.0665940122099889 ; sb = 155.56349186104
      k =   38 ; sb/Sb = 0.145179517302327 ; sb = 339.139089367899
      k =   39 ; sb/Sb = 0.242797352016922 ; sb = 567.174174387726
      k =   40 ; sb/Sb = 0.315697178963088 ; sb = 737.46803804699
      k =   41 ; sb/Sb = 0.350210295408807 ; sb = 818.090615529976
      k =   42 ; sb/Sb = 0.469152545109195 ; sb = 1095.93949531897
      k =   43 ; sb/Sb = 0.516241622729298 ; sb = 1205.93949531897
      k =   44 ; sb/Sb = 0.583927412818383 ; sb = 1364.05337832739
      k =   45 ; sb/Sb = 0.608143417258379 ; sb = 1420.62192082231
      k =   46 ; sb/Sb = 0.712651679960813 ; sb = 1664.75303313699
      k =   47 ; sb/Sb = 0.78167791285225 ; sb = 1825.99818810296
      Creating new point: f = 0.41481087467507
    i = 24 ; sf/Sf = 0.894756890407695 ; sf = 2027.99795685253
      k =   36 ; sb/Sb = 0 ; sb = 0
      k =   37 ; sb/Sb = 0.0665940122099889 ; sb = 155.56349186104
      k =   38 ; sb/Sb = 0.145179517302327 ; sb = 339.139089367899
      k =   39 ; sb/Sb = 0.242797352016922 ; sb = 567.174174387726
      k =   40 ; sb/Sb = 0.315697178963088 ; sb = 737.46803804699
      k =   41 ; sb/Sb = 0.350210295408807 ; sb = 818.090615529976
      k =   42 ; sb/Sb = 0.469152545109195 ; sb = 1095.93949531897
      k =   43 ; sb/Sb = 0.516241622729298 ; sb = 1205.93949531897
      k =   44 ; sb/Sb = 0.583927412818383 ; sb = 1364.05337832739
      k =   45 ; sb/Sb = 0.608143417258379 ; sb = 1420.62192082231
      k =   46 ; sb/Sb = 0.712651679960813 ; sb = 1664.75303313699
      k =   47 ; sb/Sb = 0.78167791285225 ; sb = 1825.99818810296
      k =   48 ; sb/Sb = 0.867294417616074 ; sb = 2025.99818810296
      k =   49 ; sb/Sb = 0.935787621427132 ; sb = 2185.99818810296
      Creating new point: f = 0.400951791762846
Tear 6 : Sf = 383.656168415178 ; Sb = 417.285867190467
  Backwards path
    i = 117 ; sf/Sf = 0.286715056490274 ; sf = 110
      k =  118 ; sb/Sb = 0 ; sb = 0
      k =  119 ; sb/Sb = 0.418520025951455 ; sb = 174.64249196573
      Creating new point: f = 0.685068906412452
    i = 116 ; sf/Sf = 0.629546672942543 ; sf = 241.529464379659
      k =  118 ; sb/Sb = 0 ; sb = 0
      k =  119 ; sb/Sb = 0.418520025951455 ; sb = 174.64249196573
      k =  120 ; sb/Sb = 0.78432051723688 ; sb = 327.285867190467
      Creating new point: f = 0.576890004301358
Tear 7 : Sf = 130.384048104053 ; Sb = 161.245154965971
  Backwards path
Triangulating...
[1] "Non-adjacent points in rim connected by line: 492 76"
[1] "In triangle: 477" "In triangle: 487"
[1] "Other points in triangles: 77 214"
[1] "Non-adjacent points in rim connected by line: 513 512"
[1] "In triangle: 780" "In triangle: 889"
[1] "Other points in triangles: 30 581"
[1] "Non-adjacent points in rim connected by line: 520 22"
[1] "In triangle: 713" "In triangle: 719"
[1] "Other points in triangles: 169 23"
[1] "Non-adjacent points in rim connected by line: 535 66"
[1] "In triangle: 909" "In triangle: 916"
[1] "Other points in triangles: 478 65"
Merging points...
Projecting to sphere...
Optimising mapping with FIRE...
E =  0.00959 | E_L =  0.00959 | E_A =  0.00000 |   0 flippped triangles
E =  0.00814 | E_L =  0.00814 | E_A =  0.00000 | 115 flippped triangles
        phi0   phi0.1    phi0.2    phi0.3    phi0.4    phi0.5    phi0.6
id     3.000     4.00     5.000    12.000    19.000    24.000    26.000
A   3425.000  3981.25  4455.120  4831.454  2981.250  8995.872  2625.926
a  -3815.904 -4388.88 -4840.492 -5263.675 -2907.926 -6691.757 -2985.898
      phi0.7    phi0.8    phi0.9   phi0.10   phi0.11   phi0.12   phi0.13
id    32.000    38.000    42.000    57.000    60.000     81.00     83.00
A   2711.870  6608.373  9377.594  3806.841  2422.085  13800.10  26278.15
a  -2857.674 -8205.808 -6242.039 -4148.218 -2395.223 -10971.37 -20837.14
     phi0.14   phi0.15   phi0.16   phi0.17   phi0.18 phi0.19   phi0.20
id   157.000   160.000  161.0000   163.000 167.00000  171.00    176.00
A   3340.248  2288.935  264.8904  2574.907  29.84237 1065.32  18678.04
a  -3845.423 -1025.120 -239.4705 -2381.020 -33.85162 -706.83 -14287.36
     phi0.21   phi0.22   phi0.23  phi0.24   phi0.25   phi0.26   phi0.27
id  179.0000   185.000  259.0000   263.00   270.000    292.00    296.00
A   157.0353  1322.401  582.3972 11883.42  6051.253  16246.56  18932.32
a  -115.9499 -1173.428 -461.3225 -9644.58 -5159.540 -16460.93 -13070.16
     phi0.28   phi0.29   phi0.30   phi0.31  phi0.32   phi0.33    phi0.34
id   299.000    316.00   317.000    319.00    320.0   330.000   348.0000
A   7245.933  31329.62 29786.032  27131.25  36562.2  7591.498   913.0109
a  -4978.893 -27592.12 -9722.101 -22836.22 -12337.6 -1570.207 -1287.3526
     phi0.35   phi0.36   phi0.37   phi0.38   phi0.39   phi0.40   phi0.41
id   350.000  365.0000  377.0000   378.000   379.000   387.000    408.00
A   6799.219  372.0886  886.3481  5878.663  4984.537  2821.803  22483.05
a  -4689.215 -415.8430 -507.8808 -6006.465 -3842.293 -2982.677 -16828.89
     phi0.42   phi0.43   phi0.44   phi0.45   phi0.46   phi0.47   phi0.48
id    409.00   411.000    421.00  462.0000  463.0000  464.0000   465.000
A   26787.80  8034.293  37467.10  936.2197  153.3901  471.2621 10870.807
a  -11841.19 -6207.809 -25215.88 -320.2726 -186.3419 -514.6537 -6465.367
     phi0.49   phi0.50   phi0.51   phi0.52   phi0.53   phi0.54   phi0.55
id  468.0000   469.000   472.000  475.0000  477.0000   479.000    480.00
A   927.7589 17915.300  3212.397  770.6802  376.1741 15217.913  22841.13
a  -976.7841 -6412.953 -4061.622 -902.9332 -256.1160 -4398.464 -27274.65
     phi0.56   phi0.57   phi0.58  phi0.59   phi0.60  phi0.61   phi0.62
id   481.000    483.00    488.00   497.00    510.00 512.0000 514.00000
A   2458.532  28795.45  26111.97 10122.01  18082.61 118.5404 124.92085
a  -2329.577 -22283.89 -27275.67 -4786.19 -10312.28 -79.7043 -15.73729
     phi0.63   phi0.64   phi0.65   phi0.66   phi0.67   phi0.68   phi0.69
id   515.000   521.000   731.000   737.000   747.000   751.000  753.0000
A   1037.392  2102.333  2029.939  6061.182  6439.942  4620.416  282.6061
a  -1007.457 -2185.565 -2035.202 -3071.199 -2760.195 -4463.081 -248.1712
     phi0.70   phi0.71   phi0.72   phi0.73   phi0.74   phi0.75   phi0.76
id  756.0000  757.0000   759.000    760.00   763.000  764.0000   765.000
A   290.1280  493.3729  4159.076  12209.75  6380.920  600.3953  1451.326
a  -220.3483 -560.3631 -4639.726 -10014.60 -5989.668 -492.8375 -1542.451
     phi0.77   phi0.78   phi0.79   phi0.80   phi0.81   phi0.82   phi0.83
id   772.000   774.000   776.000   779.000   780.000   784.000   785.000
A   1798.067  1371.754  5393.672  6084.130  1731.430  2067.173  2043.451
a  -1694.537 -1263.150 -4029.591 -7493.501 -1815.696 -1968.536 -1770.197
     phi0.84   phi0.85   phi0.86   phi0.87   phi0.88   phi0.89   phi0.90
id   786.000   869.000   874.000  879.0000   881.000   884.000  891.0000
A  12671.880  1418.906 11091.236  639.4372  4113.151  4814.461  909.6394
a  -5428.933 -1484.487 -1701.516 -624.3799 -4258.141 -5832.163 -930.2950
     phi0.91   phi0.92   phi0.93   phi0.94   phi0.95   phi0.96   phi0.97
id  893.0000   895.000   896.000   907.000  910.0000   918.000  933.0000
A  1712.4862  2018.482  2572.422  2437.982 1952.0621  6162.499  973.6634
a  -286.5567 -1789.447 -2146.520 -2962.838 -663.4705 -3119.840 -971.1791
     phi0.98   phi0.99  phi0.100  phi0.101  phi0.102  phi0.103  phi0.104
id   938.000   956.000   958.000    960.00  963.0000   964.000   965.000
A   5598.051  1745.152  2860.326  22319.16  300.1937  6680.076  2671.335
a  -3028.757 -1479.995 -3174.633 -15822.59 -258.3140 -7259.758 -2908.667
    phi0.105  phi0.106  phi0.107  phi0.108  phi0.109  phi0.110  phi0.111
id   966.000   973.000  979.0000  982.0000   985.000   986.000    988.00
A   1220.139  6144.657  898.6387  378.3192  6576.693  1696.944  20020.22
a  -1742.573 -4971.332 -892.6468 -354.1014 -2134.994 -1684.151 -13780.04
     phi0.112  phi0.113  phi0.114
id  1040.0000  1058.000  1059.000
A  12822.7026  8086.554  3998.340
a   -650.7406 -6228.253 -6853.127
E =  0.00810 | E_L =  0.00810 | E_A =  0.00000 | 101 flippped triangles
        phi0    phi0.1    phi0.2    phi0.3    phi0.4    phi0.5    phi0.6
id     3.000     4.000     5.000    12.000    19.000    24.000    26.000
A   3425.000  3981.250  4455.120  4831.454  2981.250  8995.872  2625.926
a  -4023.648 -4390.891 -4802.614 -5402.720 -3141.073 -4450.011 -2898.673
      phi0.7    phi0.8    phi0.9   phi0.10   phi0.11   phi0.12   phi0.13
id    32.000    38.000    42.000    57.000    60.000     81.00     83.00
A   2711.870  6608.373  9377.594  3806.841  2422.085  13800.10  26278.15
a  -2758.975 -8509.880 -8149.820 -4554.584 -2706.861 -13000.44 -22085.66
     phi0.14   phi0.15   phi0.16   phi0.17   phi0.18   phi0.19   phi0.20
id   157.000   158.000  161.0000   163.000    168.00    176.00  177.0000
A   3340.248  2964.111  264.8904  2574.907  22740.82  18678.04  224.0229
a  -3596.659 -2482.013 -305.3225 -2633.451 -16988.51 -11022.54 -228.1166
     phi0.21   phi0.22   phi0.23   phi0.24   phi0.25   phi0.26   phi0.27
id  179.0000   185.000  259.0000   263.000    292.00    296.00    316.00
A   157.0353  1322.401  582.3972 11883.424  16246.56  18932.32  31329.62
a  -151.7968 -1190.173 -409.8017 -6516.374 -16437.95 -17305.34 -32880.53
     phi0.28   phi0.29   phi0.30   phi0.31    phi0.32   phi0.33   phi0.34
id    317.00    319.00    320.00   330.000   348.0000   350.000  365.0000
A   29786.03  27131.25  36562.20  7591.498   913.0109  6799.219  372.0886
a  -20277.47 -26612.99 -24637.37 -5028.722 -1462.4566 -3559.015 -442.9654
     phi0.35   phi0.36   phi0.37   phi0.38   phi0.39   phi0.40   phi0.41
id  377.0000   378.000   379.000   387.000   411.000  462.0000  463.0000
A   886.3481  5878.663  4984.537  2821.803  8034.293  936.2197  153.3901
a  -785.2117 -7060.188 -3302.309 -2834.017 -7983.200 -672.2173 -199.6774
     phi0.42   phi0.43   phi0.44   phi0.45   phi0.46   phi0.47   phi0.48
id  464.0000  471.0000   472.000  475.0000  477.0000    480.00   481.000
A   471.2621  224.0229  3212.397  770.6802  376.1741  22841.13  2458.532
a  -473.1962 -193.9420 -3612.954 -867.8418 -328.2428 -23037.70 -2428.695
     phi0.49   phi0.50   phi0.51   phi0.52   phi0.53   phi0.54   phi0.55
id   482.000    483.00    488.00   510.000 514.00000   521.000  535.0000
A   1150.957  28795.45  26111.97 18082.607 124.92085  2102.333 3698.5270
a  -1266.608 -20571.46 -25273.59 -2601.045 -69.70353 -1233.892 -196.0986
     phi0.56   phi0.57   phi0.58   phi0.59   phi0.60   phi0.61   phi0.62
id   731.000   737.000   747.000   751.000  753.0000  756.0000  757.0000
A   2029.939  6061.182  6439.942  4620.416  282.6061  290.1280  493.3729
a  -2094.972 -3561.970 -2553.067 -3252.714 -296.1599 -278.0036 -610.1933
     phi0.63   phi0.64   phi0.65   phi0.66   phi0.67   phi0.68   phi0.69
id   759.000   760.000   763.000  764.0000   765.000   772.000   773.000
A   4159.076 12209.749  6380.920  600.3953  1451.326  1798.067  4778.486
a  -4771.787 -9468.138 -4047.577 -551.2005 -1431.507 -1816.809 -3935.974
     phi0.70   phi0.71   phi0.72   phi0.73   phi0.74   phi0.75   phi0.76
id   774.000   776.000   779.000   780.000   784.000   785.000   869.000
A   1371.754  5393.672  6084.130  1731.430  2067.173  2043.451  1418.906
a  -1430.718 -4576.955 -7187.229 -2018.664 -2310.662 -2038.856 -1230.662
     phi0.77   phi0.78   phi0.79   phi0.80    phi0.81   phi0.82   phi0.83
id   874.000  879.0000   881.000   884.000   891.0000   893.000   895.000
A  11091.236  639.4372  4113.151  4814.461   909.6394  1712.486  2018.482
a  -1553.166 -596.1986 -3070.769 -3150.666 -1002.1876 -1789.353 -1521.014
     phi0.84   phi0.85   phi0.86    phi0.87   phi0.88   phi0.89   phi0.90
id   896.000   907.000   918.000   933.0000   938.000   956.000   958.000
A   2572.422  2437.982  6162.499   973.6634  5598.051  1745.152  2860.326
a  -2546.098 -1745.733 -3343.028 -1067.3536 -2706.669 -1518.917 -3151.435
     phi0.91   phi0.92   phi0.93   phi0.94   phi0.95   phi0.96   phi0.97
id  963.0000   964.000   965.000   966.000   973.000  979.0000  982.0000
A   300.1937  6680.076  2671.335  1220.139  6144.657  898.6387  378.3192
a  -300.4590 -5293.275 -2679.959 -1787.091 -5322.141 -866.4465 -353.8851
     phi0.98   phi0.99  phi0.100
id   986.000 1058.0000  1059.000
A   1696.944 8086.5537  3998.340
a  -1754.238 -696.9655 -5522.015
E =  0.00807 | E_L =  0.00807 | E_A =  0.00000 | 101 flippped triangles
        phi0    phi0.1    phi0.2    phi0.3    phi0.4    phi0.5    phi0.6
id     3.000     4.000     5.000    12.000    19.000    24.000    26.000
A   3425.000  3981.250  4455.120  4831.454  2981.250  8995.872  2625.926
a  -3968.395 -4345.674 -4778.354 -5320.121 -3116.936 -5236.725 -2928.690
      phi0.7    phi0.8    phi0.9   phi0.10   phi0.11  phi0.12   phi0.13
id    32.000    38.000    42.000    57.000    60.000     81.0     83.00
A   2711.870  6608.373  9377.594  3806.841  2422.085  13800.1  26278.15
a  -2795.518 -8532.262 -8224.648 -4419.317 -2670.206 -13498.6 -22856.23
     phi0.14   phi0.15   phi0.16   phi0.17   phi0.18   phi0.19   phi0.20
id   157.000   158.000  161.0000   163.000    168.00    176.00  177.0000
A   3340.248  2964.111  264.8904  2574.907  22740.82  18678.04  224.0229
a  -3603.142 -2342.800 -264.0375 -2617.104 -17132.64 -10957.96 -212.2857
     phi0.21   phi0.22   phi0.23   phi0.24   phi0.25   phi0.26   phi0.27
id  179.0000   185.000  259.0000   263.000    292.00    296.00    316.00
A   157.0353  1322.401  582.3972 11883.424  16246.56  18932.32  31329.62
a  -156.1041 -1165.986 -313.9545 -8012.662 -17142.19 -17629.90 -30954.81
     phi0.28   phi0.29   phi0.30   phi0.31    phi0.32   phi0.33   phi0.34
id    317.00    319.00    320.00   330.000   348.0000   350.000  365.0000
A   29786.03  27131.25  36562.20  7591.498   913.0109  6799.219  372.0886
a  -16603.28 -24239.41 -20066.46 -4653.543 -1483.3802 -3708.548 -414.8963
     phi0.35   phi0.36   phi0.37   phi0.38   phi0.39   phi0.40   phi0.41
id  377.0000   378.000   379.000   387.000   411.000  462.0000  463.0000
A   886.3481  5878.663  4984.537  2821.803  8034.293  936.2197  153.3901
a  -779.0698 -7663.063 -3308.346 -2778.842 -7786.636 -673.3165 -197.1405
     phi0.42   phi0.43   phi0.44   phi0.45   phi0.46   phi0.47   phi0.48
id  464.0000  471.0000   472.000  475.0000  477.0000    480.00   481.000
A   471.2621  224.0229  3212.397  770.6802  376.1741  22841.13  2458.532
a  -452.8109 -186.6375 -3472.818 -864.0507 -318.5868 -23828.55 -2410.601
     phi0.49   phi0.50   phi0.51    phi0.52   phi0.53   phi0.54   phi0.55
id   482.000    483.00    488.00   510.0000 514.00000  521.0000   535.000
A   1150.957  28795.45  26111.97 18082.6073 124.92085 2102.3330  3698.527
a  -1270.542 -21286.62 -25554.37  -332.6017 -77.40652 -939.3886 -2342.326
     phi0.56   phi0.57   phi0.58   phi0.59   phi0.60   phi0.61   phi0.62
id   663.000   731.000   737.000   747.000   751.000  753.0000  756.0000
A   6331.196  2029.939  6061.182  6439.942  4620.416  282.6061  290.1280
a  -3713.933 -2092.191 -3130.212 -2608.427 -3105.798 -301.0937 -274.4273
     phi0.63   phi0.64   phi0.65   phi0.66   phi0.67   phi0.68   phi0.69
id  757.0000   759.000   760.000   763.000  764.0000   765.000   772.000
A   493.3729  4159.076 12209.749  6380.920  600.3953  1451.326  1798.067
a  -595.4041 -4784.754 -9782.433 -3458.499 -544.8763 -1403.786 -1941.856
     phi0.70   phi0.71   phi0.72   phi0.73   phi0.74   phi0.75   phi0.76
id   773.000   774.000   776.000   779.000   780.000   784.000   785.000
A   4778.486  1371.754  5393.672  6084.130  1731.430  2067.173  2043.451
a  -3773.467 -1466.760 -4486.775 -7162.553 -2072.198 -2218.843 -1958.824
     phi0.77   phi0.78   phi0.79   phi0.80   phi0.81   phi0.82   phi0.83
id   869.000   874.000  879.0000   881.000   884.000  891.0000   893.000
A   1418.906 11091.236  639.4372  4113.151  4814.461  909.6394  1712.486
a  -1259.339 -1822.002 -608.4334 -3123.017 -3140.776 -979.8839 -1782.879
     phi0.84   phi0.85   phi0.86   phi0.87    phi0.88   phi0.89   phi0.90
id   895.000   896.000   907.000   918.000   933.0000   938.000   956.000
A   2018.482  2572.422  2437.982  6162.499   973.6634  5598.051  1745.152
a  -1503.301 -2433.907 -1865.529 -3304.825 -1056.3630 -2528.628 -1570.550
     phi0.91   phi0.92   phi0.93   phi0.94   phi0.95   phi0.96   phi0.97
id   958.000  963.0000   964.000   965.000   966.000   973.000  979.0000
A   2860.326  300.1937  6680.076  2671.335  1220.139  6144.657  898.6387
a  -2686.665 -306.8662 -5498.741 -2906.305 -1812.269 -5363.878 -872.2692
     phi0.98   phi0.99  phi0.100
id  982.0000   986.000  1059.000
A   378.3192  1696.944  3998.340
a  -350.9268 -1739.994 -5662.108
FIRE:  5  stops.  12 hits of maxmove.  0 hits of dtmax.
Frms = 9.40002533376698e-06; Ftanrms = 9.38925208504875e-06
E =  0.01797 | E_L =  0.01794 | E_A =  0.00003 |   0 flippped triangles
E =  0.01217 | E_L =  0.01212 | E_A =  0.00004 |   0 flippped triangles
E =  0.01115 | E_L =  0.01113 | E_A =  0.00002 |   0 flippped triangles
E =  0.01061 | E_L =  0.01060 | E_A =  0.00001 |   0 flippped triangles
E =  0.01037 | E_L =  0.01037 | E_A =  0.00000 |   0 flippped triangles
E =  0.01018 | E_L =  0.01017 | E_A =  0.00000 |   0 flippped triangles
E =  0.01007 | E_L =  0.01007 | E_A =  0.00000 |   0 flippped triangles
E =  0.00999 | E_L =  0.00999 | E_A =  0.00000 |   0 flippped triangles
E =  0.00995 | E_L =  0.00994 | E_A =  0.00000 |   0 flippped triangles
E =  0.00990 | E_L =  0.00990 | E_A =  0.00000 |   0 flippped triangles
E =  0.00988 | E_L =  0.00988 | E_A =  0.00000 |   0 flippped triangles
E =  0.00985 | E_L =  0.00985 | E_A =  0.00000 |   0 flippped triangles
E =  0.00983 | E_L =  0.00983 | E_A =  0.00000 |   0 flippped triangles
E =  0.00982 | E_L =  0.00982 | E_A =  0.00000 |   0 flippped triangles
E =  0.00982 | E_L =  0.00982 | E_A =  0.00000 |   0 flippped triangles
Optimising mapping with BFGS...
E =  0.00982 | E_L =  0.00982 | E_A =  0.00000 |   0 flippped triangles
Transforming image...
Mapping optimised. Error: 0.009820623 ; 0 flipped triangles.
Inferring coordinates of datapoints
Inferring coordinates of landmarks
Mapping optimised. Error: 0.009820623 ; 0 flipped triangles. OD displacement: 9.848187 degrees.
Computing Kernel Density estimates of datapoints

[1] 0.7
Saving developmental_retina/data/C57BL6J/P0/ML/GM182-2/R-CONTRA/r.mat
