[1] "Adding old segment 1"
[1] "Intersection found. Old points:"
   X    Y 
-830 3129 
   X    Y 
-830 3039 
   X    Y 
-830 3069 
   X    Y 
-720 2999 
[1] "Point i+1 has been changed:"
   X    Y 
-830 3129 
   X    Y 
-830 3069 
   X    Y 
-830 3069 
   X    Y 
-720 2999 
[1] "a= 0.383482494423687"
[1] "l= 130.384048104052"
[1] "New points:"
   X    Y 
-830 3129 
   X    Y 
-830 3069 
        X         Y 
-762.1831 3025.8438 
   X    Y 
-720 2999 
[1] "Storing new segment 1"
[1] "Adding old segment 2"
[1] "Adding old segment 3"
[1] "Adding old segment 4"
[1] "Storing new segment 2"
simplify.outline: Removing vertex 1
simplify.outline: Removing vertex 47
Triangulating...
[1] "Non-adjacent points in rim connected by line: 53 51"
[1] "In triangle: 24" "In triangle: 25"
[1] "Other points in triangles: 52 76"
Stitching...
Tear 1 child of rim
Tear 2 child of rim
Tear 3 child of rim
Tear 4 child of rim
Tear 1 : Sf = 1592.70221850772 ; Sb = 1966.93816321846
  Forwards path
    i = 32 ; sf/Sf = 0.127132721333737 ; sf = 202.484567313166
      k =   31 ; sb/Sb = 0 ; sb = 0
      k =   30 ; sb/Sb = 0.10369455652331 ; sb = 203.960780543711
      k =   29 ; sb/Sb = 0.140706954906837 ; sb = 276.761879436517
      Creating new point: f = 0.633251716561502
    i = 33 ; sf/Sf = 0.249041811515954 ; sf = 396.649445702642
      k =   31 ; sb/Sb = 0 ; sb = 0
      k =   30 ; sb/Sb = 0.10369455652331 ; sb = 203.960780543711
      k =   29 ; sb/Sb = 0.140706954906837 ; sb = 276.761879436517
      k =   28 ; sb/Sb = 0.252208742861243 ; sb = 496.07900143113
      Creating new point: f = 0.971597483740946
    i = 34 ; sf/Sf = 0.266800480348577 ; sf = 424.933716950104
      k =   31 ; sb/Sb = 0 ; sb = 0
      k =   30 ; sb/Sb = 0.10369455652331 ; sb = 203.960780543711
      k =   29 ; sb/Sb = 0.140706954906837 ; sb = 276.761879436517
      k =   28 ; sb/Sb = 0.252208742861243 ; sb = 496.07900143113
      k =   27 ; sb/Sb = 0.416321806437776 ; sb = 818.879249262509
      Creating new point: f = 0.0889127115741723
    i = 35 ; sf/Sf = 0.338387963046217 ; sf = 538.951259460018
      k =   31 ; sb/Sb = 0 ; sb = 0
      k =   30 ; sb/Sb = 0.10369455652331 ; sb = 203.960780543711
      k =   29 ; sb/Sb = 0.140706954906837 ; sb = 276.761879436517
      k =   28 ; sb/Sb = 0.252208742861243 ; sb = 496.07900143113
      k =   27 ; sb/Sb = 0.416321806437776 ; sb = 818.879249262509
      Creating new point: f = 0.525121025144868
    i = 36 ; sf/Sf = 0.436060641625641 ; sf = 694.514751321058
      k =   31 ; sb/Sb = 0 ; sb = 0
      k =   30 ; sb/Sb = 0.10369455652331 ; sb = 203.960780543711
      k =   29 ; sb/Sb = 0.140706954906837 ; sb = 276.761879436517
      k =   28 ; sb/Sb = 0.252208742861243 ; sb = 496.07900143113
      k =   27 ; sb/Sb = 0.416321806437776 ; sb = 818.879249262509
      k =   26 ; sb/Sb = 0.581846284029517 ; sb = 1144.4556611845
      Creating new point: f = 0.119250249117538
    i = 37 ; sf/Sf = 0.587270258073274 ; sf = 935.346642896904
      k =   31 ; sb/Sb = 0 ; sb = 0
      k =   30 ; sb/Sb = 0.10369455652331 ; sb = 203.960780543711
      k =   29 ; sb/Sb = 0.140706954906837 ; sb = 276.761879436517
      k =   28 ; sb/Sb = 0.252208742861243 ; sb = 496.07900143113
      k =   27 ; sb/Sb = 0.416321806437776 ; sb = 818.879249262509
      k =   26 ; sb/Sb = 0.581846284029517 ; sb = 1144.4556611845
      k =   25 ; sb/Sb = 0.750847734602813 ; sb = 1476.8710639564
      Creating new point: f = 0.0320942454952748
    i = 38 ; sf/Sf = 0.655184107258005 ; sf = 1043.51318116082
      k =   31 ; sb/Sb = 0 ; sb = 0
      k =   30 ; sb/Sb = 0.10369455652331 ; sb = 203.960780543711
      k =   29 ; sb/Sb = 0.140706954906837 ; sb = 276.761879436517
      k =   28 ; sb/Sb = 0.252208742861243 ; sb = 496.07900143113
      k =   27 ; sb/Sb = 0.416321806437776 ; sb = 818.879249262509
      k =   26 ; sb/Sb = 0.581846284029517 ; sb = 1144.4556611845
      k =   25 ; sb/Sb = 0.750847734602813 ; sb = 1476.8710639564
      Creating new point: f = 0.433947892042982
    i = 39 ; sf/Sf = 0.804425618770938 ; sf = 1281.21046764092
      k =   31 ; sb/Sb = 0 ; sb = 0
      k =   30 ; sb/Sb = 0.10369455652331 ; sb = 203.960780543711
      k =   29 ; sb/Sb = 0.140706954906837 ; sb = 276.761879436517
      k =   28 ; sb/Sb = 0.252208742861243 ; sb = 496.07900143113
      k =   27 ; sb/Sb = 0.416321806437776 ; sb = 818.879249262509
      k =   26 ; sb/Sb = 0.581846284029517 ; sb = 1144.4556611845
      k =   25 ; sb/Sb = 0.750847734602813 ; sb = 1476.8710639564
      k =   24 ; sb/Sb = 0.853035752600048 ; sb = 1677.86857637881
      Creating new point: f = 0.524306912084104
    i = 40 ; sf/Sf = 0.918136581597647 ; sf = 1462.31817040367
      k =   31 ; sb/Sb = 0 ; sb = 0
      k =   30 ; sb/Sb = 0.10369455652331 ; sb = 203.960780543711
      k =   29 ; sb/Sb = 0.140706954906837 ; sb = 276.761879436517
      k =   28 ; sb/Sb = 0.252208742861243 ; sb = 496.07900143113
      k =   27 ; sb/Sb = 0.416321806437776 ; sb = 818.879249262509
      k =   26 ; sb/Sb = 0.581846284029517 ; sb = 1144.4556611845
      k =   25 ; sb/Sb = 0.750847734602813 ; sb = 1476.8710639564
      k =   24 ; sb/Sb = 0.853035752600048 ; sb = 1677.86857637881
      k =   23 ; sb/Sb = 0.924934991163759 ; sb = 1819.28993261612
      Creating new point: f = 0.905445319005885
Tear 2 : Sf = 1485.43207569165 ; Sb = 1307.41146866969
  Forwards path
    i = 54 ; sf/Sf = 0.130712727674921 ; sf = 194.164878389476
      k =   53 ; sb/Sb = 0 ; sb = 0
      k =   52 ; sb/Sb = 0.0753309729783652 ; sb = 98.488578017961
      k =   51 ; sb/Sb = 0.188262696571526 ; sb = 246.136808620295
      Creating new point: f = 0.490400331585038
    i = 55 ; sf/Sf = 0.292841912520825 ; sf = 434.996769965322
      k =   53 ; sb/Sb = 0 ; sb = 0
      k =   52 ; sb/Sb = 0.0753309729783652 ; sb = 98.488578017961
      k =   51 ; sb/Sb = 0.188262696571526 ; sb = 246.136808620295
      k =   50 ; sb/Sb = 0.312774535317011 ; sb = 408.925014581292
      Creating new point: f = 0.839913834724339
    i = 56 ; sf/Sf = 0.580435128162786 ; sf = 862.196957231198
      k =   53 ; sb/Sb = 0 ; sb = 0
      k =   52 ; sb/Sb = 0.0753309729783652 ; sb = 98.488578017961
      k =   51 ; sb/Sb = 0.188262696571526 ; sb = 246.136808620295
      k =   50 ; sb/Sb = 0.312774535317011 ; sb = 408.925014581292
      k =   49 ; sb/Sb = 0.521543456058429 ; sb = 681.871895860416
      k =   48 ; sb/Sb = 0.815794876099033 ; sb = 1066.57957709384
      Creating new point: f = 0.200140655553101
    i = 57 ; sf/Sf = 0.780593304232823 ; sf = 1159.51833217757
      k =   53 ; sb/Sb = 0 ; sb = 0
      k =   52 ; sb/Sb = 0.0753309729783652 ; sb = 98.488578017961
      k =   51 ; sb/Sb = 0.188262696571526 ; sb = 246.136808620295
      k =   50 ; sb/Sb = 0.312774535317011 ; sb = 408.925014581292
      k =   49 ; sb/Sb = 0.521543456058429 ; sb = 681.871895860416
      k =   48 ; sb/Sb = 0.815794876099033 ; sb = 1066.57957709384
      Creating new point: f = 0.88036906716932
    i = 58 ; sf/Sf = 0.923242843361367 ; sf = 1371.41453318174
      k =   53 ; sb/Sb = 0 ; sb = 0
      k =   52 ; sb/Sb = 0.0753309729783652 ; sb = 98.488578017961
      k =   51 ; sb/Sb = 0.188262696571526 ; sb = 246.136808620295
      k =   50 ; sb/Sb = 0.312774535317011 ; sb = 408.925014581292
      k =   49 ; sb/Sb = 0.521543456058429 ; sb = 681.871895860416
      k =   48 ; sb/Sb = 0.815794876099033 ; sb = 1066.57957709384
      k =   47 ; sb/Sb = 1 ; sb = 1307.41146866969
      Creating new point: f = 0.58330607198582
Tear 3 : Sf = 1245.91902814433 ; Sb = 1047.99591821329
  Forwards path
    i = 343 ; sf/Sf = 0.295174487796702 ; sf = 367.763510968666
      k =   17 ; sb/Sb = 0 ; sb = 0
      k =  404 ; sb/Sb = 0.352021728808731 ; sb = 368.917334913934
      Creating new point: f = 0.838512124792964
    i = 18 ; sf/Sf = 0.590348975593404 ; sf = 735.527021937332
      k =   17 ; sb/Sb = 0 ; sb = 0
      k =  404 ; sb/Sb = 0.352021728808731 ; sb = 368.917334913934
      k =   16 ; sb/Sb = 0.704043457617462 ; sb = 737.834669827869
      Creating new point: f = 0.677024249585928
    i = 354 ; sf/Sf = 0.795174487796702 ; sf = 990.723025040829
      k =   17 ; sb/Sb = 0 ; sb = 0
      k =  404 ; sb/Sb = 0.352021728808731 ; sb = 368.917334913934
      k =   16 ; sb/Sb = 0.704043457617462 ; sb = 737.834669827869
      k =   15 ; sb/Sb = 1 ; sb = 1047.99591821329
      Creating new point: f = 0.307920309669817
Tear 4 : Sf = 3328.0244538198 ; Sb = 3074.80911434013
  Forwards path
    i = 5 ; sf/Sf = 0.113109326484161 ; sf = 376.430604494374
      k =    4 ; sb/Sb = 0 ; sb = 0
      k =    3 ; sb/Sb = 0.0919870801590617 ; sb = 282.842712474619
      k =    2 ; sb/Sb = 0.198965325583758 ; sb = 611.78039654259
      Creating new point: f = 0.197444314414069
    i = 6 ; sf/Sf = 0.206451336331364 ; sf = 687.075095834556
      k =    4 ; sb/Sb = 0 ; sb = 0
      k =    3 ; sb/Sb = 0.0919870801590617 ; sb = 282.842712474619
      k =    2 ; sb/Sb = 0.198965325583758 ; sb = 611.78039654259
      k =  283 ; sb/Sb = 0.318338278308802 ; sb = 978.829439587249
      Creating new point: f = 0.0627111131685701
    i = 7 ; sf/Sf = 0.342730869463214 ; sf = 1140.6167146525
      k =    4 ; sb/Sb = 0 ; sb = 0
      k =    3 ; sb/Sb = 0.0919870801590617 ; sb = 282.842712474619
      k =    2 ; sb/Sb = 0.198965325583758 ; sb = 611.78039654259
      k =  283 ; sb/Sb = 0.318338278308802 ; sb = 978.829439587249
      k =    1 ; sb/Sb = 0.437711231033846 ; sb = 1345.87848263191
      Creating new point: f = 0.204339346540225
    i = 166 ; sf/Sf = 0.403201013468315 ; sf = 1341.86283262748
      k =    4 ; sb/Sb = 0 ; sb = 0
      k =    3 ; sb/Sb = 0.0919870801590617 ; sb = 282.842712474619
      k =    2 ; sb/Sb = 0.198965325583758 ; sb = 611.78039654259
      k =  283 ; sb/Sb = 0.318338278308802 ; sb = 978.829439587249
      k =    1 ; sb/Sb = 0.437711231033846 ; sb = 1345.87848263191
      Creating new point: f = 0.710904214248442
    i = 8 ; sf/Sf = 0.463671157473417 ; sf = 1543.10895060246
      k =    4 ; sb/Sb = 0 ; sb = 0
      k =    3 ; sb/Sb = 0.0919870801590617 ; sb = 282.842712474619
      k =    2 ; sb/Sb = 0.198965325583758 ; sb = 611.78039654259
      k =  283 ; sb/Sb = 0.318338278308802 ; sb = 978.829439587249
      k =    1 ; sb/Sb = 0.437711231033846 ; sb = 1345.87848263191
      k =  409 ; sb/Sb = 0.514415026141475 ; sb = 1581.72801093332
      Creating new point: f = 0.338443833230735
    i = 119 ; sf/Sf = 0.6088135001292 ; sf = 2026.1462162456
      k =    4 ; sb/Sb = 0 ; sb = 0
      k =    3 ; sb/Sb = 0.0919870801590617 ; sb = 282.842712474619
      k =    2 ; sb/Sb = 0.198965325583758 ; sb = 611.78039654259
      k =  283 ; sb/Sb = 0.318338278308802 ; sb = 978.829439587249
      k =    1 ; sb/Sb = 0.437711231033846 ; sb = 1345.87848263191
      k =  409 ; sb/Sb = 0.514415026141475 ; sb = 1581.72801093332
      k =   67 ; sb/Sb = 0.591118821249103 ; sb = 1817.57753923474
      k =   66 ; sb/Sb = 0.731229367481569 ; sb = 2248.3907238055
      Creating new point: f = 0.126290842166428
    i = 9 ; sf/Sf = 0.753955842784983 ; sf = 2509.18348188874
      k =    4 ; sb/Sb = 0 ; sb = 0
      k =    3 ; sb/Sb = 0.0919870801590617 ; sb = 282.842712474619
      k =    2 ; sb/Sb = 0.198965325583758 ; sb = 611.78039654259
      k =  283 ; sb/Sb = 0.318338278308802 ; sb = 978.829439587249
      k =    1 ; sb/Sb = 0.437711231033846 ; sb = 1345.87848263191
      k =  409 ; sb/Sb = 0.514415026141475 ; sb = 1581.72801093332
      k =   67 ; sb/Sb = 0.591118821249103 ; sb = 1817.57753923474
      k =   66 ; sb/Sb = 0.731229367481569 ; sb = 2248.3907238055
      k =   65 ; sb/Sb = 0.796274055643592 ; sb = 2448.3907238055
      Creating new point: f = 0.349397866998811
    i = 10 ; sf/Sf = 0.873620274510448 ; sf = 2907.42963692353
      k =    4 ; sb/Sb = 0 ; sb = 0
      k =    3 ; sb/Sb = 0.0919870801590617 ; sb = 282.842712474619
      k =    2 ; sb/Sb = 0.198965325583758 ; sb = 611.78039654259
      k =  283 ; sb/Sb = 0.318338278308802 ; sb = 978.829439587249
      k =    1 ; sb/Sb = 0.437711231033846 ; sb = 1345.87848263191
      k =  409 ; sb/Sb = 0.514415026141475 ; sb = 1581.72801093332
      k =   67 ; sb/Sb = 0.591118821249103 ; sb = 1817.57753923474
      k =   66 ; sb/Sb = 0.731229367481569 ; sb = 2248.3907238055
      k =   65 ; sb/Sb = 0.796274055643592 ; sb = 2448.3907238055
      k =   75 ; sb/Sb = 0.898137027821796 ; sb = 2761.59991907281
      Creating new point: f = 0.759316336573634
Tear 1 : Sf = 1966.93816321846 ; Sb = 1592.70221850772
  Backwards path
    i = 30 ; sf/Sf = 0.10369455652331 ; sf = 203.960780543711
      k =   31 ; sb/Sb = 0 ; sb = 0
      k =   32 ; sb/Sb = 0.127132721333737 ; sb = 202.484567313166
      Creating new point: f = 0.815640186377359
    i = 29 ; sf/Sf = 0.140706954906837 ; sf = 276.761879436517
      k =   31 ; sb/Sb = 0 ; sb = 0
      k =   32 ; sb/Sb = 0.127132721333737 ; sb = 202.484567313166
      k =   33 ; sb/Sb = 0.249041811515954 ; sb = 396.649445702642
      Creating new point: f = 0.111347181353015
    i = 28 ; sf/Sf = 0.252208742861243 ; sf = 496.07900143113
      k =   31 ; sb/Sb = 0 ; sb = 0
      k =   32 ; sb/Sb = 0.127132721333737 ; sb = 202.484567313166
      k =   33 ; sb/Sb = 0.249041811515954 ; sb = 396.649445702642
      k =   34 ; sb/Sb = 0.266800480348577 ; sb = 424.933716950104
      Creating new point: f = 0.178331572886303
    i = 27 ; sf/Sf = 0.416321806437776 ; sf = 818.879249262509
      k =   31 ; sb/Sb = 0 ; sb = 0
      k =   32 ; sb/Sb = 0.127132721333737 ; sb = 202.484567313166
      k =   33 ; sb/Sb = 0.249041811515954 ; sb = 396.649445702642
      k =   34 ; sb/Sb = 0.266800480348577 ; sb = 424.933716950104
      k =   35 ; sb/Sb = 0.338387963046217 ; sb = 538.951259460018
      k =   36 ; sb/Sb = 0.436060641625641 ; sb = 694.514751321058
      Creating new point: f = 0.79790832528654
    i = 26 ; sf/Sf = 0.581846284029517 ; sf = 1144.4556611845
      k =   31 ; sb/Sb = 0 ; sb = 0
      k =   32 ; sb/Sb = 0.127132721333737 ; sb = 202.484567313166
      k =   33 ; sb/Sb = 0.249041811515954 ; sb = 396.649445702642
      k =   34 ; sb/Sb = 0.266800480348577 ; sb = 424.933716950104
      k =   35 ; sb/Sb = 0.338387963046217 ; sb = 538.951259460018
      k =   36 ; sb/Sb = 0.436060641625641 ; sb = 694.514751321058
      k =   37 ; sb/Sb = 0.587270258073274 ; sb = 935.346642896904
      Creating new point: f = 0.964129437193332
    i = 25 ; sf/Sf = 0.750847734602813 ; sf = 1476.8710639564
      k =   31 ; sb/Sb = 0 ; sb = 0
      k =   32 ; sb/Sb = 0.127132721333737 ; sb = 202.484567313166
      k =   33 ; sb/Sb = 0.249041811515954 ; sb = 396.649445702642
      k =   34 ; sb/Sb = 0.266800480348577 ; sb = 424.933716950104
      k =   35 ; sb/Sb = 0.338387963046217 ; sb = 538.951259460018
      k =   36 ; sb/Sb = 0.436060641625641 ; sb = 694.514751321058
      k =   37 ; sb/Sb = 0.587270258073274 ; sb = 935.346642896904
      k =   38 ; sb/Sb = 0.655184107258005 ; sb = 1043.51318116082
      k =   39 ; sb/Sb = 0.804425618770938 ; sb = 1281.21046764092
      Creating new point: f = 0.64099878361603
    i = 24 ; sf/Sf = 0.853035752600048 ; sf = 1677.86857637881
      k =   31 ; sb/Sb = 0 ; sb = 0
      k =   32 ; sb/Sb = 0.127132721333737 ; sb = 202.484567313166
      k =   33 ; sb/Sb = 0.249041811515954 ; sb = 396.649445702642
      k =   34 ; sb/Sb = 0.266800480348577 ; sb = 424.933716950104
      k =   35 ; sb/Sb = 0.338387963046217 ; sb = 538.951259460018
      k =   36 ; sb/Sb = 0.436060641625641 ; sb = 694.514751321058
      k =   37 ; sb/Sb = 0.587270258073274 ; sb = 935.346642896904
      k =   38 ; sb/Sb = 0.655184107258005 ; sb = 1043.51318116082
      k =   39 ; sb/Sb = 0.804425618770938 ; sb = 1281.21046764092
      k =   40 ; sb/Sb = 0.918136581597647 ; sb = 1462.31817040367
      Creating new point: f = 0.427488543063259
    i = 23 ; sf/Sf = 0.924934991163759 ; sf = 1819.28993261612
      k =   31 ; sb/Sb = 0 ; sb = 0
      k =   32 ; sb/Sb = 0.127132721333737 ; sb = 202.484567313166
      k =   33 ; sb/Sb = 0.249041811515954 ; sb = 396.649445702642
      k =   34 ; sb/Sb = 0.266800480348577 ; sb = 424.933716950104
      k =   35 ; sb/Sb = 0.338387963046217 ; sb = 538.951259460018
      k =   36 ; sb/Sb = 0.436060641625641 ; sb = 694.514751321058
      k =   37 ; sb/Sb = 0.587270258073274 ; sb = 935.346642896904
      k =   38 ; sb/Sb = 0.655184107258005 ; sb = 1043.51318116082
      k =   39 ; sb/Sb = 0.804425618770938 ; sb = 1281.21046764092
      k =   40 ; sb/Sb = 0.918136581597647 ; sb = 1462.31817040367
      k =   41 ; sb/Sb = 1 ; sb = 1592.70221850772
      Creating new point: f = 0.0830457571744393
Tear 2 : Sf = 1307.41146866969 ; Sb = 1485.43207569165
  Backwards path
    i = 52 ; sf/Sf = 0.0753309729783652 ; sf = 98.488578017961
      k =   53 ; sb/Sb = 0 ; sb = 0
      k =   54 ; sb/Sb = 0.130712727674921 ; sb = 194.164878389476
      Creating new point: f = 0.576309394795212
    i = 51 ; sf/Sf = 0.188262696571526 ; sf = 246.136808620295
      k =   53 ; sb/Sb = 0 ; sb = 0
      k =   54 ; sb/Sb = 0.130712727674921 ; sb = 194.164878389476
      k =   55 ; sb/Sb = 0.292841912520825 ; sb = 434.996769965322
      Creating new point: f = 0.354963660313865
    i = 50 ; sf/Sf = 0.312774535317011 ; sf = 408.925014581292
      k =   53 ; sb/Sb = 0 ; sb = 0
      k =   54 ; sb/Sb = 0.130712727674921 ; sb = 194.164878389476
      k =   55 ; sb/Sb = 0.292841912520825 ; sb = 434.996769965322
      k =   56 ; sb/Sb = 0.580435128162786 ; sb = 862.196957231198
      Creating new point: f = 0.0693083901568841
    i = 49 ; sf/Sf = 0.521543456058429 ; sf = 681.871895860416
      k =   53 ; sb/Sb = 0 ; sb = 0
      k =   54 ; sb/Sb = 0.130712727674921 ; sb = 194.164878389476
      k =   55 ; sb/Sb = 0.292841912520825 ; sb = 434.996769965322
      k =   56 ; sb/Sb = 0.580435128162786 ; sb = 862.196957231198
      Creating new point: f = 0.795225794972596
    i = 48 ; sf/Sf = 0.815794876099032 ; sf = 1066.57957709384
      k =   53 ; sb/Sb = 0 ; sb = 0
      k =   54 ; sb/Sb = 0.130712727674921 ; sb = 194.164878389476
      k =   55 ; sb/Sb = 0.292841912520825 ; sb = 434.996769965322
      k =   56 ; sb/Sb = 0.580435128162786 ; sb = 862.196957231198
      k =   57 ; sb/Sb = 0.780593304232823 ; sb = 1159.51833217757
      k =   58 ; sb/Sb = 0.923242843361367 ; sb = 1371.41453318174
      Creating new point: f = 0.246769615108877
Tear 3 : Sf = 1047.99591821329 ; Sb = 1245.91902814433
  Backwards path
    i = 404 ; sf/Sf = 0.352021728808731 ; sf = 368.917334913934
      k =   17 ; sb/Sb = 0 ; sb = 0
      k =  343 ; sb/Sb = 0.295174487796702 ; sb = 367.763510968666
      k =   18 ; sb/Sb = 0.590348975593404 ; sb = 735.527021937332
      Creating new point: f = 0.192588598819496
    i = 16 ; sf/Sf = 0.704043457617462 ; sf = 737.834669827869
      k =   17 ; sb/Sb = 0 ; sb = 0
      k =  343 ; sb/Sb = 0.295174487796702 ; sb = 367.763510968666
      k =   18 ; sb/Sb = 0.590348975593404 ; sb = 735.527021937332
      k =  354 ; sb/Sb = 0.795174487796702 ; sb = 990.723025040829
      Creating new point: f = 0.555079691006519
Tear 4 : Sf = 3074.80911434013 ; Sb = 3328.0244538198
  Backwards path
    i = 3 ; sf/Sf = 0.0919870801590617 ; sf = 282.842712474619
      k =    4 ; sb/Sb = 0 ; sb = 0
      k =    5 ; sb/Sb = 0.113109326484161 ; sb = 376.430604494374
      Creating new point: f = 0.813258137223044
    i = 2 ; sf/Sf = 0.198965325583758 ; sf = 611.78039654259
      k =    4 ; sb/Sb = 0 ; sb = 0
      k =    5 ; sb/Sb = 0.113109326484161 ; sb = 376.430604494374
      k =    6 ; sb/Sb = 0.206451336331364 ; sb = 687.075095834556
      Creating new point: f = 0.919800197575981
    i = 283 ; sf/Sf = 0.318338278308802 ; sf = 978.829439587249
      k =    4 ; sb/Sb = 0 ; sb = 0
      k =    5 ; sb/Sb = 0.113109326484161 ; sb = 376.430604494374
      k =    6 ; sb/Sb = 0.206451336331364 ; sb = 687.075095834556
      k =    7 ; sb/Sb = 0.342730869463214 ; sb = 1140.6167146525
      Creating new point: f = 0.821010605232901
    i = 1 ; sf/Sf = 0.437711231033846 ; sf = 1345.87848263191
      k =    4 ; sb/Sb = 0 ; sb = 0
      k =    5 ; sb/Sb = 0.113109326484161 ; sb = 376.430604494374
      k =    6 ; sb/Sb = 0.206451336331364 ; sb = 687.075095834556
      k =    7 ; sb/Sb = 0.342730869463214 ; sb = 1140.6167146525
      k =  166 ; sb/Sb = 0.403201013468315 ; sb = 1341.86283262748
      k =    8 ; sb/Sb = 0.463671157473417 ; sb = 1543.10895060246
      Creating new point: f = 0.570698451828048
    i = 409 ; sf/Sf = 0.514415026141475 ; sf = 1581.72801093332
      k =    4 ; sb/Sb = 0 ; sb = 0
      k =    5 ; sb/Sb = 0.113109326484161 ; sb = 376.430604494374
      k =    6 ; sb/Sb = 0.206451336331364 ; sb = 687.075095834556
      k =    7 ; sb/Sb = 0.342730869463214 ; sb = 1140.6167146525
      k =  166 ; sb/Sb = 0.403201013468315 ; sb = 1341.86283262748
      k =    8 ; sb/Sb = 0.463671157473417 ; sb = 1543.10895060246
      k =  119 ; sb/Sb = 0.6088135001292 ; sb = 2026.1462162456
      Creating new point: f = 0.349614507658879
    i = 67 ; sf/Sf = 0.591118821249104 ; sf = 1817.57753923474
      k =    4 ; sb/Sb = 0 ; sb = 0
      k =    5 ; sb/Sb = 0.113109326484161 ; sb = 376.430604494374
      k =    6 ; sb/Sb = 0.206451336331364 ; sb = 687.075095834556
      k =    7 ; sb/Sb = 0.342730869463214 ; sb = 1140.6167146525
      k =  166 ; sb/Sb = 0.403201013468315 ; sb = 1341.86283262748
      k =    8 ; sb/Sb = 0.463671157473417 ; sb = 1543.10895060246
      k =  119 ; sb/Sb = 0.6088135001292 ; sb = 2026.1462162456
      Creating new point: f = 0.878087410218666
    i = 66 ; sf/Sf = 0.731229367481569 ; sf = 2248.3907238055
      k =    4 ; sb/Sb = 0 ; sb = 0
      k =    5 ; sb/Sb = 0.113109326484161 ; sb = 376.430604494374
      k =    6 ; sb/Sb = 0.206451336331364 ; sb = 687.075095834556
      k =    7 ; sb/Sb = 0.342730869463214 ; sb = 1140.6167146525
      k =  166 ; sb/Sb = 0.403201013468315 ; sb = 1341.86283262748
      k =    8 ; sb/Sb = 0.463671157473417 ; sb = 1543.10895060246
      k =  119 ; sb/Sb = 0.6088135001292 ; sb = 2026.1462162456
      k =    9 ; sb/Sb = 0.753955842784983 ; sb = 2509.18348188874
      Creating new point: f = 0.843419398587832
    i = 65 ; sf/Sf = 0.796274055643592 ; sf = 2448.3907238055
      k =    4 ; sb/Sb = 0 ; sb = 0
      k =    5 ; sb/Sb = 0.113109326484161 ; sb = 376.430604494374
      k =    6 ; sb/Sb = 0.206451336331364 ; sb = 687.075095834556
      k =    7 ; sb/Sb = 0.342730869463214 ; sb = 1140.6167146525
      k =  166 ; sb/Sb = 0.403201013468315 ; sb = 1341.86283262748
      k =    8 ; sb/Sb = 0.463671157473417 ; sb = 1543.10895060246
      k =  119 ; sb/Sb = 0.6088135001292 ; sb = 2026.1462162456
      k =    9 ; sb/Sb = 0.753955842784983 ; sb = 2509.18348188874
      k =   10 ; sb/Sb = 0.873620274510448 ; sb = 2907.42963692354
      Creating new point: f = 0.353640695471618
    i = 75 ; sf/Sf = 0.898137027821796 ; sf = 2761.59991907281
      k =    4 ; sb/Sb = 0 ; sb = 0
      k =    5 ; sb/Sb = 0.113109326484161 ; sb = 376.430604494374
      k =    6 ; sb/Sb = 0.206451336331364 ; sb = 687.075095834556
      k =    7 ; sb/Sb = 0.342730869463214 ; sb = 1140.6167146525
      k =  166 ; sb/Sb = 0.403201013468315 ; sb = 1341.86283262748
      k =    8 ; sb/Sb = 0.463671157473417 ; sb = 1543.10895060246
      k =  119 ; sb/Sb = 0.6088135001292 ; sb = 2026.1462162456
      k =    9 ; sb/Sb = 0.753955842784983 ; sb = 2509.18348188874
      k =   10 ; sb/Sb = 0.873620274510448 ; sb = 2907.42963692354
      k =   11 ; sb/Sb = 1 ; sb = 3328.0244538198
      Creating new point: f = 0.193992772308838
Triangulating...
Merging points...
Projecting to sphere...
Optimising mapping with FIRE...
E =  0.00354 | E_L =  0.00354 | E_A =  0.00000 |   0 flippped triangles
E =  0.00340 | E_L =  0.00340 | E_A =  0.00000 |  15 flippped triangles
        phi0    phi0.1    phi0.2    phi0.3    phi0.4    phi0.5    phi0.6
id   121.000 264.00000   269.000    273.00   585.000  650.0000   654.000
A   8896.114  52.26411  7003.117  14937.62  3791.242  713.6447  5736.916
a  -4510.118 -34.95211 -3216.914 -11800.25 -3541.886 -322.2000 -4731.816
     phi0.7    phi0.8    phi0.9   phi0.10   phi0.11   phi0.12   phi0.13
id 659.0000   661.000  677.0000   684.000   701.000   705.000    776.00
A   34.2682  5236.221  836.0240  4532.932  7514.091  4983.842  24039.43
a  -33.8517 -4569.548 -659.5164 -3738.232 -3332.261 -4515.830 -12501.04
     phi0.14
id    777.00
A   26041.63
a  -19310.76
E =  0.00336 | E_L =  0.00336 | E_A =  0.00000 |  17 flippped triangles
        phi0    phi0.1    phi0.2    phi0.3    phi0.4    phi0.5    phi0.6
id    33.000    36.000   121.000  122.0000 264.00000    273.00   585.000
A   4799.315  9636.553  8896.114 1180.8081  52.26411  14937.62  3791.242
a  -5413.536 -7443.061 -4755.049 -853.8133 -42.45400 -11680.04 -3283.003
      phi0.7    phi0.8    phi0.9   phi0.10  phi0.11   phi0.12   phi0.13
id  650.0000   654.000 659.00000   661.000  677.000   684.000  701.0000
A   713.6447  5736.916  34.26820  5236.221  836.024  4532.932 7514.0908
a  -673.6519 -4640.691 -34.36981 -4384.884 -663.470 -3667.937 -979.6531
     phi0.14   phi0.15   phi0.16
id   705.000    776.00    777.00
A   4983.842  24039.43  26041.63
a  -2779.547 -17597.42 -19694.96
E =  0.00335 | E_L =  0.00335 | E_A =  0.00000 |  17 flippped triangles
        phi0    phi0.1    phi0.2   phi0.3    phi0.4    phi0.5    phi0.6
id    33.000    36.000   121.000  122.000 264.00000    273.00   585.000
A   4799.315  9636.553  8896.114 1180.808  52.26411  14937.62  3791.242
a  -5372.499 -7770.703 -4620.005 -884.208 -42.17177 -11567.52 -3213.395
      phi0.7    phi0.8    phi0.9   phi0.10   phi0.11   phi0.12   phi0.13
id  650.0000   654.000 659.00000   661.000  677.0000   684.000  701.0000
A   713.6447  5736.916  34.26820  5236.221  836.0240  4532.932 7514.0908
a  -668.0557 -4618.561 -34.59348 -4288.912 -657.8994 -3644.523 -677.5972
     phi0.14   phi0.15   phi0.16
id   705.000    776.00    777.00
A   4983.842  24039.43  26041.63
a  -2457.303 -16861.08 -19829.44
E =  0.00335 | E_L =  0.00335 | E_A =  0.00000 |  17 flippped triangles
        phi0    phi0.1    phi0.2    phi0.3    phi0.4    phi0.5    phi0.6
id    33.000    36.000   121.000  122.0000 264.00000    273.00   585.000
A   4799.315  9636.553  8896.114 1180.8081  52.26411  14937.62  3791.242
a  -5382.620 -7524.979 -4707.220 -872.3103 -42.39247 -11603.63 -3176.814
      phi0.7    phi0.8    phi0.9   phi0.10   phi0.11   phi0.12   phi0.13
id  650.0000   654.000 659.00000   661.000  677.0000   684.000  701.0000
A   713.6447  5736.916  34.26820  5236.221  836.0240  4532.932 7514.0908
a  -660.5083 -4595.278 -34.72582 -4257.061 -648.9704 -3640.044 -214.3745
     phi0.14   phi0.15   phi0.16
id   705.000    776.00    777.00
A   4983.842  24039.43  26041.63
a  -2118.637 -16765.07 -19774.10
FIRE:  4  stops.  0 hits of maxmove.  0 hits of dtmax.
Frms = 1.82872238926584e-06; Ftanrms = 1.82104615692118e-06
E =  0.00413 | E_L =  0.00413 | E_A =  0.00000 |   0 flippped triangles
E =  0.00354 | E_L =  0.00354 | E_A =  0.00000 |   0 flippped triangles
E =  0.00352 | E_L =  0.00352 | E_A =  0.00000 |   0 flippped triangles
E =  0.00352 | E_L =  0.00352 | E_A =  0.00000 |   0 flippped triangles
Optimising mapping with BFGS...
E =  0.00352 | E_L =  0.00352 | E_A =  0.00000 |   0 flippped triangles
Transforming image...
Mapping optimised. Error: 0.003515107 ; 0 flipped triangles.
Inferring coordinates of datapoints
Inferring coordinates of landmarks
Mapping optimised. Error: 0.003515107 ; 0 flipped triangles. OD displacement: 6.938102 degrees.
Computing Kernel Density estimates of datapoints

[1] 0.7
Saving developmental_retina/data/C57BL6J/P8/GM278-3/R-CONTRA/r.mat
