[1] "Adding old segment 1"
[1] "Intersection found. Old points:"
   X    Y 
-520  529 
   X    Y 
-500  529 
   X    Y 
-520  529 
   X    Y 
-430  439 
[1] "Point i+1 has been changed:"
   X    Y 
-520  529 
   X    Y 
-520  529 
   X    Y 
-520  529 
   X    Y 
-430  439 
[1] "a= 0.392837100659196"
[1] "l= 127.279220613578"
[1] "New points:"
   X    Y 
-520  529 
   X    Y 
-520  529 
        X         Y 
-465.3553  474.3553 
   X    Y 
-430  439 
[1] "Storing new segment 1"
[1] "Adding old segment 2"
[1] "Adding old segment 3"
[1] "Adding old segment 4"
[1] "Storing new segment 2"
Triangulating...
[1] "Non-adjacent points in rim connected by line: 38 34"
[1] "In triangle: 20" "In triangle: 98"
[1] "Other points in triangles: 157 75"
[1] "Non-adjacent points in rim connected by line: 51 47"
[1] "In triangle: 73"  "In triangle: 175"
[1] "Other points in triangles: 65 124"
[1] "Non-adjacent points in rim connected by line: 62 24"
[1] "In triangle: 29" "In triangle: 63"
[1] "Other points in triangles: 68 25"
[1] "Non-adjacent points in rim connected by line: 75 38"
[1] "In triangle: 24" "In triangle: 98"
[1] "Other points in triangles: 340 431"
Stitching...
Tear 1 child of rim
Tear 2 child of backward side of tear 5
Tear 3 child of rim
Tear 4 child of rim
Tear 5 child of rim
Tear 6 child of backward side of tear 2
Tear 1 : Sf = 2395.78714879758 ; Sb = 2747.80633202413
  Forwards path
    i = 411 ; sf/Sf = 0.0998710266895768 ; sf = 239.269722280108
      k =   19 ; sb/Sb = 0 ; sb = 0
      k =  259 ; sb/Sb = 0.0749370872393533 ; sb = 205.91260281974
      k =  213 ; sb/Sb = 0.149874174478707 ; sb = 411.82520563948
      Creating new point: f = 0.33273163354459
    i = 20 ; sf/Sf = 0.199742053379154 ; sf = 478.539444560216
      k =   19 ; sb/Sb = 0 ; sb = 0
      k =  259 ; sb/Sb = 0.0749370872393533 ; sb = 205.91260281974
      k =  213 ; sb/Sb = 0.149874174478707 ; sb = 411.82520563948
      k =  257 ; sb/Sb = 0.22481126171806 ; sb = 617.73780845922
      Creating new point: f = 0.66546326708918
    i = 351 ; sf/Sf = 0.29961308006873 ; sf = 717.809166840324
      k =   19 ; sb/Sb = 0 ; sb = 0
      k =  259 ; sb/Sb = 0.0749370872393533 ; sb = 205.91260281974
      k =  213 ; sb/Sb = 0.149874174478707 ; sb = 411.82520563948
      k =  257 ; sb/Sb = 0.22481126171806 ; sb = 617.73780845922
      k =   18 ; sb/Sb = 0.299748348957413 ; sb = 823.65041127896
      Creating new point: f = 0.998194900633771
    i = 21 ; sf/Sf = 0.399484106758307 ; sf = 957.078889120432
      k =   19 ; sb/Sb = 0 ; sb = 0
      k =  259 ; sb/Sb = 0.0749370872393533 ; sb = 205.91260281974
      k =  213 ; sb/Sb = 0.149874174478707 ; sb = 411.82520563948
      k =  257 ; sb/Sb = 0.22481126171806 ; sb = 617.73780845922
      k =   18 ; sb/Sb = 0.299748348957413 ; sb = 823.65041127896
      k =  188 ; sb/Sb = 0.399828182384911 ; sb = 1098.65041127896
      Creating new point: f = 0.996561988416443
    i = 81 ; sf/Sf = 0.525812073397719 ; sf = 1259.73380812886
      k =   19 ; sb/Sb = 0 ; sb = 0
      k =  259 ; sb/Sb = 0.0749370872393533 ; sb = 205.91260281974
      k =  213 ; sb/Sb = 0.149874174478707 ; sb = 411.82520563948
      k =  257 ; sb/Sb = 0.22481126171806 ; sb = 617.73780845922
      k =   18 ; sb/Sb = 0.299748348957413 ; sb = 823.65041127896
      k =  188 ; sb/Sb = 0.399828182384911 ; sb = 1098.65041127896
      k =   17 ; sb/Sb = 0.499908015812409 ; sb = 1373.65041127896
      k =   16 ; sb/Sb = 0.638391557164649 ; sb = 1754.17636308777
      Creating new point: f = 0.187055135450509
    i = 22 ; sf/Sf = 0.65214004003713 ; sf = 1562.38872713729
      k =   19 ; sb/Sb = 0 ; sb = 0
      k =  259 ; sb/Sb = 0.0749370872393533 ; sb = 205.91260281974
      k =  213 ; sb/Sb = 0.149874174478707 ; sb = 411.82520563948
      k =  257 ; sb/Sb = 0.22481126171806 ; sb = 617.73780845922
      k =   18 ; sb/Sb = 0.299748348957413 ; sb = 823.65041127896
      k =  188 ; sb/Sb = 0.399828182384911 ; sb = 1098.65041127896
      k =   17 ; sb/Sb = 0.499908015812409 ; sb = 1373.65041127896
      k =   16 ; sb/Sb = 0.638391557164649 ; sb = 1754.17636308777
      k =   15 ; sb/Sb = 0.721459363490769 ; sb = 1982.43060729804
      Creating new point: f = 0.165509160293769
    i = 23 ; sf/Sf = 0.725985523438414 ; sf = 1739.30678726684
      k =   19 ; sb/Sb = 0 ; sb = 0
      k =  259 ; sb/Sb = 0.0749370872393533 ; sb = 205.91260281974
      k =  213 ; sb/Sb = 0.149874174478707 ; sb = 411.82520563948
      k =  257 ; sb/Sb = 0.22481126171806 ; sb = 617.73780845922
      k =   18 ; sb/Sb = 0.299748348957413 ; sb = 823.65041127896
      k =  188 ; sb/Sb = 0.399828182384911 ; sb = 1098.65041127896
      k =   17 ; sb/Sb = 0.499908015812409 ; sb = 1373.65041127896
      k =   16 ; sb/Sb = 0.638391557164649 ; sb = 1754.17636308777
      k =   15 ; sb/Sb = 0.721459363490769 ; sb = 1982.43060729804
      k =  119 ; sb/Sb = 0.814147068368221 ; sb = 2237.11846966108
      Creating new point: f = 0.0488323662089823
    i = 79 ; sf/Sf = 0.844209790943784 ; sf = 2022.54696803221
      k =   19 ; sb/Sb = 0 ; sb = 0
      k =  259 ; sb/Sb = 0.0749370872393533 ; sb = 205.91260281974
      k =  213 ; sb/Sb = 0.149874174478707 ; sb = 411.82520563948
      k =  257 ; sb/Sb = 0.22481126171806 ; sb = 617.73780845922
      k =   18 ; sb/Sb = 0.299748348957413 ; sb = 823.65041127896
      k =  188 ; sb/Sb = 0.399828182384911 ; sb = 1098.65041127896
      k =   17 ; sb/Sb = 0.499908015812409 ; sb = 1373.65041127896
      k =   16 ; sb/Sb = 0.638391557164649 ; sb = 1754.17636308777
      k =   15 ; sb/Sb = 0.721459363490769 ; sb = 1982.43060729804
      k =  119 ; sb/Sb = 0.814147068368221 ; sb = 2237.11846966108
      k =   66 ; sb/Sb = 0.906834773245675 ; sb = 2491.80633202413
      Creating new point: f = 0.324344233308072
    i = 24 ; sf/Sf = 0.962434058449153 ; sf = 2305.78714879758
      k =   19 ; sb/Sb = 0 ; sb = 0
      k =  259 ; sb/Sb = 0.0749370872393533 ; sb = 205.91260281974
      k =  213 ; sb/Sb = 0.149874174478707 ; sb = 411.82520563948
      k =  257 ; sb/Sb = 0.22481126171806 ; sb = 617.73780845922
      k =   18 ; sb/Sb = 0.299748348957413 ; sb = 823.65041127896
      k =  188 ; sb/Sb = 0.399828182384911 ; sb = 1098.65041127896
      k =   17 ; sb/Sb = 0.499908015812409 ; sb = 1373.65041127896
      k =   16 ; sb/Sb = 0.638391557164649 ; sb = 1754.17636308777
      k =   15 ; sb/Sb = 0.721459363490769 ; sb = 1982.43060729804
      k =  119 ; sb/Sb = 0.814147068368221 ; sb = 2237.11846966108
      k =   66 ; sb/Sb = 0.906834773245675 ; sb = 2491.80633202413
      k =   14 ; sb/Sb = 1 ; sb = 2747.80633202413
      Creating new point: f = 0.596781515383339
Tear 2 : Sf = 906.83384648644 ; Sb = 1065.5377765446
  Forwards path
    i = 54 ; sf/Sf = 0.419620367372888 ; sf = 380.525951808809
      k =   53 ; sb/Sb = 0 ; sb = 0
      k =  166 ; sb/Sb = 0.298442325859524 ; sb = 318.001572323157
      k =   52 ; sb/Sb = 0.596884651719047 ; sb = 636.003144646314
      Creating new point: f = 0.406035039314105
    i = 128 ; sf/Sf = 0.709810183686444 ; sf = 643.679899147624
      k =   53 ; sb/Sb = 0 ; sb = 0
      k =  166 ; sb/Sb = 0.298442325859524 ; sb = 318.001572323157
      k =   52 ; sb/Sb = 0.596884651719047 ; sb = 636.003144646314
      k =   50 ; sb/Sb = 0.596884651719047 ; sb = 636.003144646314
      k =   49 ; sb/Sb = 1 ; sb = 1065.5377765446
      Creating new point: f = 0.280132057608218
Tear 3 : Sf = 1247.46513345349 ; Sb = 1491.79839570815
  Forwards path
    i = 33 ; sf/Sf = 0.182974448013923 ; sf = 228.254244210267
      k =   32 ; sb/Sb = 0 ; sb = 0
      k =   31 ; sb/Sb = 0.095272058506305 ; sb = 142.126704035519
      k =   30 ; sb/Sb = 0.230173743984691 ; sb = 343.3728220105
      Creating new point: f = 0.65012078386278
    i = 77 ; sf/Sf = 0.34573603516977 ; sf = 431.293649252736
      k =   32 ; sb/Sb = 0 ; sb = 0
      k =   31 ; sb/Sb = 0.095272058506305 ; sb = 142.126704035519
      k =   30 ; sb/Sb = 0.230173743984691 ; sb = 343.3728220105
      k =   29 ; sb/Sb = 0.404460028745427 ; sb = 603.3728220105
      Creating new point: f = 0.663060156131768
    i = 34 ; sf/Sf = 0.508497622325617 ; sf = 634.333054295206
      k =   32 ; sb/Sb = 0 ; sb = 0
      k =   31 ; sb/Sb = 0.095272058506305 ; sb = 142.126704035519
      k =   30 ; sb/Sb = 0.230173743984691 ; sb = 343.3728220105
      k =   29 ; sb/Sb = 0.404460028745427 ; sb = 603.3728220105
      k =  182 ; sb/Sb = 0.55334502155907 ; sb = 825.479215434913
      Creating new point: f = 0.698778242280013
    i = 75 ; sf/Sf = 0.676839000668301 ; sf = 844.333054295206
      k =   32 ; sb/Sb = 0 ; sb = 0
      k =   31 ; sb/Sb = 0.095272058506305 ; sb = 142.126704035519
      k =   30 ; sb/Sb = 0.230173743984691 ; sb = 343.3728220105
      k =   29 ; sb/Sb = 0.404460028745427 ; sb = 603.3728220105
      k =  182 ; sb/Sb = 0.55334502155907 ; sb = 825.479215434913
      k =  149 ; sb/Sb = 0.702230014372713 ; sb = 1047.58560885933
      Creating new point: f = 0.829458878127536
    i = 35 ; sf/Sf = 0.845180379010985 ; sf = 1054.33305429521
      k =   32 ; sb/Sb = 0 ; sb = 0
      k =   31 ; sb/Sb = 0.095272058506305 ; sb = 142.126704035519
      k =   30 ; sb/Sb = 0.230173743984691 ; sb = 343.3728220105
      k =   29 ; sb/Sb = 0.404460028745427 ; sb = 603.3728220105
      k =  182 ; sb/Sb = 0.55334502155907 ; sb = 825.479215434913
      k =  149 ; sb/Sb = 0.702230014372713 ; sb = 1047.58560885933
      k =  420 ; sb/Sb = 0.851115007186357 ; sb = 1269.69200228374
      Creating new point: f = 0.960139513975057
Tear 4 : Sf = 466.476151587624 ; Sb = 407.921561087423
  Forwards path
Tear 5 : Sf = 3721.62810436675 ; Sb = 3655.6781102555
  Forwards path
    i = 1 ; sf/Sf = 0.00968810201974088 ; sf = 36.0555127546399
      k =   58 ; sb/Sb = 0 ; sb = 0
      k =   63 ; sb/Sb = 0.0577048155595259 ; sb = 210.95023109729
      Creating new point: f = 0.167890702462207
    i = 218 ; sf/Sf = 0.0884175446891685 ; sf = 329.057219234312
      k =   58 ; sb/Sb = 0 ; sb = 0
      k =   63 ; sb/Sb = 0.0577048155595259 ; sb = 210.95023109729
      k =   57 ; sb/Sb = 0.115409631119052 ; sb = 421.90046219458
      Creating new point: f = 0.532238580642556
    i = 2 ; sf/Sf = 0.167146987358596 ; sf = 622.058925713984
      k =   58 ; sb/Sb = 0 ; sb = 0
      k =   63 ; sb/Sb = 0.0577048155595259 ; sb = 210.95023109729
      k =   57 ; sb/Sb = 0.115409631119052 ; sb = 421.90046219458
      k =   94 ; sb/Sb = 0.195454287388731 ; sb = 714.51795996257
      Creating new point: f = 0.646356154809831
    i = 194 ; sf/Sf = 0.224541248053885 ; sf = 835.659019346923
      k =   58 ; sb/Sb = 0 ; sb = 0
      k =   63 ; sb/Sb = 0.0577048155595259 ; sb = 210.95023109729
      k =   57 ; sb/Sb = 0.115409631119052 ; sb = 421.90046219458
      k =   94 ; sb/Sb = 0.195454287388731 ; sb = 714.51795996257
      k =   56 ; sb/Sb = 0.275498943658409 ; sb = 1007.13545773056
      Creating new point: f = 0.363384166047976
    i = 3 ; sf/Sf = 0.281935508749174 ; sf = 1049.25911297986
      k =   58 ; sb/Sb = 0 ; sb = 0
      k =   63 ; sb/Sb = 0.0577048155595259 ; sb = 210.95023109729
      k =   57 ; sb/Sb = 0.115409631119052 ; sb = 421.90046219458
      k =   94 ; sb/Sb = 0.195454287388731 ; sb = 714.51795996257
      k =   56 ; sb/Sb = 0.275498943658409 ; sb = 1007.13545773056
      k =   55 ; sb/Sb = 0.355250931100731 ; sb = 1298.68305247283
      Creating new point: f = 0.0807072688366439
    i = 4 ; sf/Sf = 0.351017962834788 ; sf = 1306.35831562351
      k =   58 ; sb/Sb = 0 ; sb = 0
      k =   63 ; sb/Sb = 0.0577048155595259 ; sb = 210.95023109729
      k =   57 ; sb/Sb = 0.115409631119052 ; sb = 421.90046219458
      k =   94 ; sb/Sb = 0.195454287388731 ; sb = 714.51795996257
      k =   56 ; sb/Sb = 0.275498943658409 ; sb = 1007.13545773056
      k =   55 ; sb/Sb = 0.355250931100731 ; sb = 1298.68305247283
      Creating new point: f = 0.946923350731494
    i = 5 ; sf/Sf = 0.427017687832229 ; sf = 1589.20102809813
      k =   58 ; sb/Sb = 0 ; sb = 0
      k =   63 ; sb/Sb = 0.0577048155595259 ; sb = 210.95023109729
      k =   57 ; sb/Sb = 0.115409631119052 ; sb = 421.90046219458
      k =   94 ; sb/Sb = 0.195454287388731 ; sb = 714.51795996257
      k =   56 ; sb/Sb = 0.275498943658409 ; sb = 1007.13545773056
      k =   55 ; sb/Sb = 0.355250931100731 ; sb = 1298.68305247283
      k =   49 ; sb/Sb = 0.355250931100731 ; sb = 1298.68305247283
      k =   48 ; sb/Sb = 0.385341107719785 ; sb = 1408.68305247283
      k =   47 ; sb/Sb = 0.48491374061732 ; sb = 1772.68854693685
      Creating new point: f = 0.418554565643863
    i = 6 ; sf/Sf = 0.467322628517731 ; sf = 1739.20102809813
      k =   58 ; sb/Sb = 0 ; sb = 0
      k =   63 ; sb/Sb = 0.0577048155595259 ; sb = 210.95023109729
      k =   57 ; sb/Sb = 0.115409631119052 ; sb = 421.90046219458
      k =   94 ; sb/Sb = 0.195454287388731 ; sb = 714.51795996257
      k =   56 ; sb/Sb = 0.275498943658409 ; sb = 1007.13545773056
      k =   55 ; sb/Sb = 0.355250931100731 ; sb = 1298.68305247283
      k =   49 ; sb/Sb = 0.355250931100731 ; sb = 1298.68305247283
      k =   48 ; sb/Sb = 0.385341107719785 ; sb = 1408.68305247283
      k =   47 ; sb/Sb = 0.48491374061732 ; sb = 1772.68854693685
      Creating new point: f = 0.823333866066479
    i = 67 ; sf/Sf = 0.530695303510346 ; sf = 1975.05055639954
      k =   58 ; sb/Sb = 0 ; sb = 0
      k =   63 ; sb/Sb = 0.0577048155595259 ; sb = 210.95023109729
      k =   57 ; sb/Sb = 0.115409631119052 ; sb = 421.90046219458
      k =   94 ; sb/Sb = 0.195454287388731 ; sb = 714.51795996257
      k =   56 ; sb/Sb = 0.275498943658409 ; sb = 1007.13545773056
      k =   55 ; sb/Sb = 0.355250931100731 ; sb = 1298.68305247283
      k =   49 ; sb/Sb = 0.355250931100731 ; sb = 1298.68305247283
      k =   48 ; sb/Sb = 0.385341107719785 ; sb = 1408.68305247283
      k =   47 ; sb/Sb = 0.48491374061732 ; sb = 1772.68854693685
      k =   46 ; sb/Sb = 0.564993445267692 ; sb = 2065.43417030294
      Creating new point: f = 0.571699946858049
    i = 7 ; sf/Sf = 0.594067978502961 ; sf = 2210.90008470096
      k =   58 ; sb/Sb = 0 ; sb = 0
      k =   63 ; sb/Sb = 0.0577048155595259 ; sb = 210.95023109729
      k =   57 ; sb/Sb = 0.115409631119052 ; sb = 421.90046219458
      k =   94 ; sb/Sb = 0.195454287388731 ; sb = 714.51795996257
      k =   56 ; sb/Sb = 0.275498943658409 ; sb = 1007.13545773056
      k =   55 ; sb/Sb = 0.355250931100731 ; sb = 1298.68305247283
      k =   49 ; sb/Sb = 0.355250931100731 ; sb = 1298.68305247283
      k =   48 ; sb/Sb = 0.385341107719785 ; sb = 1408.68305247283
      k =   47 ; sb/Sb = 0.48491374061732 ; sb = 1772.68854693685
      k =   46 ; sb/Sb = 0.564993445267692 ; sb = 2065.43417030294
      k =  125 ; sb/Sb = 0.639519332476471 ; sb = 2337.87682481945
      Creating new point: f = 0.390126630144215
    i = 8 ; sf/Sf = 0.632257367676144 ; sf = 2353.02678873648
      k =   58 ; sb/Sb = 0 ; sb = 0
      k =   63 ; sb/Sb = 0.0577048155595259 ; sb = 210.95023109729
      k =   57 ; sb/Sb = 0.115409631119052 ; sb = 421.90046219458
      k =   94 ; sb/Sb = 0.195454287388731 ; sb = 714.51795996257
      k =   56 ; sb/Sb = 0.275498943658409 ; sb = 1007.13545773056
      k =   55 ; sb/Sb = 0.355250931100731 ; sb = 1298.68305247283
      k =   49 ; sb/Sb = 0.355250931100731 ; sb = 1298.68305247283
      k =   48 ; sb/Sb = 0.385341107719785 ; sb = 1408.68305247283
      k =   47 ; sb/Sb = 0.48491374061732 ; sb = 1772.68854693685
      k =   46 ; sb/Sb = 0.564993445267692 ; sb = 2065.43417030294
      k =  125 ; sb/Sb = 0.639519332476471 ; sb = 2337.87682481945
      Creating new point: f = 0.90255782155289
    i = 337 ; sf/Sf = 0.69527659100537 ; sf = 2587.56090139389
      k =   58 ; sb/Sb = 0 ; sb = 0
      k =   63 ; sb/Sb = 0.0577048155595259 ; sb = 210.95023109729
      k =   57 ; sb/Sb = 0.115409631119052 ; sb = 421.90046219458
      k =   94 ; sb/Sb = 0.195454287388731 ; sb = 714.51795996257
      k =   56 ; sb/Sb = 0.275498943658409 ; sb = 1007.13545773056
      k =   55 ; sb/Sb = 0.355250931100731 ; sb = 1298.68305247283
      k =   49 ; sb/Sb = 0.355250931100731 ; sb = 1298.68305247283
      k =   48 ; sb/Sb = 0.385341107719785 ; sb = 1408.68305247283
      k =   47 ; sb/Sb = 0.48491374061732 ; sb = 1772.68854693685
      k =   46 ; sb/Sb = 0.564993445267692 ; sb = 2065.43417030294
      k =  125 ; sb/Sb = 0.639519332476471 ; sb = 2337.87682481945
      k =   45 ; sb/Sb = 0.714045219685251 ; sb = 2610.31947933595
      Creating new point: f = 0.748159607583048
    i = 322 ; sf/Sf = 0.758295814334597 ; sf = 2822.0950140513
      k =   58 ; sb/Sb = 0 ; sb = 0
      k =   63 ; sb/Sb = 0.0577048155595259 ; sb = 210.95023109729
      k =   57 ; sb/Sb = 0.115409631119052 ; sb = 421.90046219458
      k =   94 ; sb/Sb = 0.195454287388731 ; sb = 714.51795996257
      k =   56 ; sb/Sb = 0.275498943658409 ; sb = 1007.13545773056
      k =   55 ; sb/Sb = 0.355250931100731 ; sb = 1298.68305247283
      k =   49 ; sb/Sb = 0.355250931100731 ; sb = 1298.68305247283
      k =   48 ; sb/Sb = 0.385341107719785 ; sb = 1408.68305247283
      k =   47 ; sb/Sb = 0.48491374061732 ; sb = 1772.68854693685
      k =   46 ; sb/Sb = 0.564993445267692 ; sb = 2065.43417030294
      k =  125 ; sb/Sb = 0.639519332476471 ; sb = 2337.87682481945
      k =   45 ; sb/Sb = 0.714045219685251 ; sb = 2610.31947933595
      k =   44 ; sb/Sb = 0.821949046709767 ; sb = 3004.78113780227
      Creating new point: f = 0.410092912082643
    i = 366 ; sf/Sf = 0.821315037663823 ; sf = 3056.62912670872
      k =   58 ; sb/Sb = 0 ; sb = 0
      k =   63 ; sb/Sb = 0.0577048155595259 ; sb = 210.95023109729
      k =   57 ; sb/Sb = 0.115409631119052 ; sb = 421.90046219458
      k =   94 ; sb/Sb = 0.195454287388731 ; sb = 714.51795996257
      k =   56 ; sb/Sb = 0.275498943658409 ; sb = 1007.13545773056
      k =   55 ; sb/Sb = 0.355250931100731 ; sb = 1298.68305247283
      k =   49 ; sb/Sb = 0.355250931100731 ; sb = 1298.68305247283
      k =   48 ; sb/Sb = 0.385341107719785 ; sb = 1408.68305247283
      k =   47 ; sb/Sb = 0.48491374061732 ; sb = 1772.68854693685
      k =   46 ; sb/Sb = 0.564993445267692 ; sb = 2065.43417030294
      k =  125 ; sb/Sb = 0.639519332476471 ; sb = 2337.87682481945
      k =   45 ; sb/Sb = 0.714045219685251 ; sb = 2610.31947933595
      k =   44 ; sb/Sb = 0.821949046709767 ; sb = 3004.78113780227
      Creating new point: f = 0.994124313627909
    i = 9 ; sf/Sf = 0.884334260993049 ; sf = 3291.16323936613
      k =   58 ; sb/Sb = 0 ; sb = 0
      k =   63 ; sb/Sb = 0.0577048155595259 ; sb = 210.95023109729
      k =   57 ; sb/Sb = 0.115409631119052 ; sb = 421.90046219458
      k =   94 ; sb/Sb = 0.195454287388731 ; sb = 714.51795996257
      k =   56 ; sb/Sb = 0.275498943658409 ; sb = 1007.13545773056
      k =   55 ; sb/Sb = 0.355250931100731 ; sb = 1298.68305247283
      k =   49 ; sb/Sb = 0.355250931100731 ; sb = 1298.68305247283
      k =   48 ; sb/Sb = 0.385341107719785 ; sb = 1408.68305247283
      k =   47 ; sb/Sb = 0.48491374061732 ; sb = 1772.68854693685
      k =   46 ; sb/Sb = 0.564993445267692 ; sb = 2065.43417030294
      k =  125 ; sb/Sb = 0.639519332476471 ; sb = 2337.87682481945
      k =   45 ; sb/Sb = 0.714045219685251 ; sb = 2610.31947933595
      k =   44 ; sb/Sb = 0.821949046709767 ; sb = 3004.78113780227
      k =   43 ; sb/Sb = 0.868452046939215 ; sb = 3174.78113780227
      k =   42 ; sb/Sb = 0.91866861195676 ; sb = 3358.35673530913
      Creating new point: f = 0.31627440164983
    i = 369 ; sf/Sf = 0.942167130496525 ; sf = 3506.39567186644
      k =   58 ; sb/Sb = 0 ; sb = 0
      k =   63 ; sb/Sb = 0.0577048155595259 ; sb = 210.95023109729
      k =   57 ; sb/Sb = 0.115409631119052 ; sb = 421.90046219458
      k =   94 ; sb/Sb = 0.195454287388731 ; sb = 714.51795996257
      k =   56 ; sb/Sb = 0.275498943658409 ; sb = 1007.13545773056
      k =   55 ; sb/Sb = 0.355250931100731 ; sb = 1298.68305247283
      k =   49 ; sb/Sb = 0.355250931100731 ; sb = 1298.68305247283
      k =   48 ; sb/Sb = 0.385341107719785 ; sb = 1408.68305247283
      k =   47 ; sb/Sb = 0.48491374061732 ; sb = 1772.68854693685
      k =   46 ; sb/Sb = 0.564993445267692 ; sb = 2065.43417030294
      k =  125 ; sb/Sb = 0.639519332476471 ; sb = 2337.87682481945
      k =   45 ; sb/Sb = 0.714045219685251 ; sb = 2610.31947933595
      k =   44 ; sb/Sb = 0.821949046709767 ; sb = 3004.78113780227
      k =   43 ; sb/Sb = 0.868452046939215 ; sb = 3174.78113780227
      k =   42 ; sb/Sb = 0.91866861195676 ; sb = 3358.35673530913
      k =   41 ; sb/Sb = 1 ; sb = 3655.6781102555
      Creating new point: f = 0.288923121873586
Tear 6 : Sf = 270 ; Sb = 110
  Forwards path
Tear 1 : Sf = 2747.80633202413 ; Sb = 2395.78714879758
  Backwards path
    i = 259 ; sf/Sf = 0.0749370872393533 ; sf = 205.91260281974
      k =   19 ; sb/Sb = 0 ; sb = 0
      k =  411 ; sb/Sb = 0.0998710266895768 ; sb = 239.269722280108
      Creating new point: f = 0.750338608936862
    i = 213 ; sf/Sf = 0.149874174478707 ; sf = 411.82520563948
      k =   19 ; sb/Sb = 0 ; sb = 0
      k =  411 ; sb/Sb = 0.0998710266895768 ; sb = 239.269722280108
      k =   20 ; sb/Sb = 0.199742053379154 ; sb = 478.539444560216
      Creating new point: f = 0.500677217873725
    i = 257 ; sf/Sf = 0.22481126171806 ; sf = 617.73780845922
      k =   19 ; sb/Sb = 0 ; sb = 0
      k =  411 ; sb/Sb = 0.0998710266895768 ; sb = 239.269722280108
      k =   20 ; sb/Sb = 0.199742053379154 ; sb = 478.539444560216
      k =  351 ; sb/Sb = 0.29961308006873 ; sb = 717.809166840324
      Creating new point: f = 0.251015826810587
    i = 18 ; sf/Sf = 0.299748348957413 ; sf = 823.65041127896
      k =   19 ; sb/Sb = 0 ; sb = 0
      k =  411 ; sb/Sb = 0.0998710266895768 ; sb = 239.269722280108
      k =   20 ; sb/Sb = 0.199742053379154 ; sb = 478.539444560216
      k =  351 ; sb/Sb = 0.29961308006873 ; sb = 717.809166840324
      k =   21 ; sb/Sb = 0.399484106758307 ; sb = 957.078889120432
      Creating new point: f = 0.00135443574744974
    i = 188 ; sf/Sf = 0.399828182384911 ; sf = 1098.65041127896
      k =   19 ; sb/Sb = 0 ; sb = 0
      k =  411 ; sb/Sb = 0.0998710266895768 ; sb = 239.269722280108
      k =   20 ; sb/Sb = 0.199742053379154 ; sb = 478.539444560216
      k =  351 ; sb/Sb = 0.29961308006873 ; sb = 717.809166840324
      k =   21 ; sb/Sb = 0.399484106758307 ; sb = 957.078889120432
      k =   81 ; sb/Sb = 0.525812073397719 ; sb = 1259.73380812886
      Creating new point: f = 0.002723669475235
    i = 17 ; sf/Sf = 0.49990801581241 ; sf = 1373.65041127896
      k =   19 ; sb/Sb = 0 ; sb = 0
      k =  411 ; sb/Sb = 0.0998710266895768 ; sb = 239.269722280108
      k =   20 ; sb/Sb = 0.199742053379154 ; sb = 478.539444560216
      k =  351 ; sb/Sb = 0.29961308006873 ; sb = 717.809166840324
      k =   21 ; sb/Sb = 0.399484106758307 ; sb = 957.078889120432
      k =   81 ; sb/Sb = 0.525812073397719 ; sb = 1259.73380812886
      Creating new point: f = 0.79494597851599
    i = 16 ; sf/Sf = 0.638391557164649 ; sf = 1754.17636308777
      k =   19 ; sb/Sb = 0 ; sb = 0
      k =  411 ; sb/Sb = 0.0998710266895768 ; sb = 239.269722280108
      k =   20 ; sb/Sb = 0.199742053379154 ; sb = 478.539444560216
      k =  351 ; sb/Sb = 0.29961308006873 ; sb = 717.809166840324
      k =   21 ; sb/Sb = 0.399484106758307 ; sb = 957.078889120432
      k =   81 ; sb/Sb = 0.525812073397719 ; sb = 1259.73380812886
      k =   22 ; sb/Sb = 0.65214004003713 ; sb = 1562.38872713729
      Creating new point: f = 0.891168335577465
    i = 15 ; sf/Sf = 0.721459363490769 ; sf = 1982.43060729804
      k =   19 ; sb/Sb = 0 ; sb = 0
      k =  411 ; sb/Sb = 0.0998710266895768 ; sb = 239.269722280108
      k =   20 ; sb/Sb = 0.199742053379154 ; sb = 478.539444560216
      k =  351 ; sb/Sb = 0.29961308006873 ; sb = 717.809166840324
      k =   21 ; sb/Sb = 0.399484106758307 ; sb = 957.078889120432
      k =   81 ; sb/Sb = 0.525812073397719 ; sb = 1259.73380812886
      k =   22 ; sb/Sb = 0.65214004003713 ; sb = 1562.38872713729
      k =   23 ; sb/Sb = 0.725985523438414 ; sb = 1739.30678726684
      Creating new point: f = 0.938707694239739
    i = 119 ; sf/Sf = 0.814147068368222 ; sf = 2237.11846966108
      k =   19 ; sb/Sb = 0 ; sb = 0
      k =  411 ; sb/Sb = 0.0998710266895768 ; sb = 239.269722280108
      k =   20 ; sb/Sb = 0.199742053379154 ; sb = 478.539444560216
      k =  351 ; sb/Sb = 0.29961308006873 ; sb = 717.809166840324
      k =   21 ; sb/Sb = 0.399484106758307 ; sb = 957.078889120432
      k =   81 ; sb/Sb = 0.525812073397719 ; sb = 1259.73380812886
      k =   22 ; sb/Sb = 0.65214004003713 ; sb = 1562.38872713729
      k =   23 ; sb/Sb = 0.725985523438414 ; sb = 1739.30678726684
      k =   79 ; sb/Sb = 0.844209790943784 ; sb = 2022.54696803221
      Creating new point: f = 0.745714452625415
    i = 66 ; sf/Sf = 0.906834773245675 ; sf = 2491.80633202413
      k =   19 ; sb/Sb = 0 ; sb = 0
      k =  411 ; sb/Sb = 0.0998710266895768 ; sb = 239.269722280108
      k =   20 ; sb/Sb = 0.199742053379154 ; sb = 478.539444560216
      k =  351 ; sb/Sb = 0.29961308006873 ; sb = 717.809166840324
      k =   21 ; sb/Sb = 0.399484106758307 ; sb = 957.078889120432
      k =   81 ; sb/Sb = 0.525812073397719 ; sb = 1259.73380812886
      k =   22 ; sb/Sb = 0.65214004003713 ; sb = 1562.38872713729
      k =   23 ; sb/Sb = 0.725985523438414 ; sb = 1739.30678726684
      k =   79 ; sb/Sb = 0.844209790943784 ; sb = 2022.54696803221
      k =   24 ; sb/Sb = 0.962434058449153 ; sb = 2305.78714879758
      Creating new point: f = 0.529713430443089
Tear 2 : Sf = 1065.5377765446 ; Sb = 906.83384648644
  Backwards path
    i = 166 ; sf/Sf = 0.298442325859523 ; sf = 318.001572323157
      k =   53 ; sb/Sb = 0 ; sb = 0
      k =   54 ; sb/Sb = 0.419620367372888 ; sb = 380.525951808809
      Creating new point: f = 0.71121982883714
    i = 52 ; sf/Sf = 0.596884651719047 ; sf = 636.003144646314
      k =   53 ; sb/Sb = 0 ; sb = 0
      k =   54 ; sb/Sb = 0.419620367372888 ; sb = 380.525951808809
      k =  128 ; sb/Sb = 0.709810183686444 ; sb = 643.679899147624
    i = 50 ; sf/Sf = 0.596884651719047 ; sf = 636.003144646314
      k =   53 ; sb/Sb = 0 ; sb = 0
      k =   54 ; sb/Sb = 0.419620367372888 ; sb = 380.525951808809
      k =  128 ; sb/Sb = 0.709810183686444 ; sb = 643.679899147624
      Creating new point: f = 0.610856323623091
Tear 3 : Sf = 1491.79839570815 ; Sb = 1247.46513345349
  Backwards path
    i = 31 ; sf/Sf = 0.095272058506305 ; sf = 142.126704035519
      k =   32 ; sb/Sb = 0 ; sb = 0
      k =   33 ; sb/Sb = 0.182974448013923 ; sb = 228.254244210267
      Creating new point: f = 0.520685043952451
    i = 30 ; sf/Sf = 0.230173743984691 ; sf = 343.3728220105
      k =   32 ; sb/Sb = 0 ; sb = 0
      k =   33 ; sb/Sb = 0.182974448013923 ; sb = 228.254244210267
      k =   77 ; sb/Sb = 0.34573603516977 ; sb = 431.293649252736
      Creating new point: f = 0.28999038898271
    i = 29 ; sf/Sf = 0.404460028745427 ; sf = 603.3728220105
      k =   32 ; sb/Sb = 0 ; sb = 0
      k =   33 ; sb/Sb = 0.182974448013923 ; sb = 228.254244210267
      k =   77 ; sb/Sb = 0.34573603516977 ; sb = 431.293649252736
      k =   34 ; sb/Sb = 0.508497622325617 ; sb = 634.333054295206
      Creating new point: f = 0.360797621857959
    i = 182 ; sf/Sf = 0.55334502155907 ; sf = 825.479215434913
      k =   32 ; sb/Sb = 0 ; sb = 0
      k =   33 ; sb/Sb = 0.182974448013923 ; sb = 228.254244210267
      k =   77 ; sb/Sb = 0.34573603516977 ; sb = 431.293649252736
      k =   34 ; sb/Sb = 0.508497622325617 ; sb = 634.333054295206
      k =   75 ; sb/Sb = 0.676839000668301 ; sb = 844.333054295206
      Creating new point: f = 0.266407461284767
    i = 149 ; sf/Sf = 0.702230014372713 ; sf = 1047.58560885933
      k =   32 ; sb/Sb = 0 ; sb = 0
      k =   33 ; sb/Sb = 0.182974448013923 ; sb = 228.254244210267
      k =   77 ; sb/Sb = 0.34573603516977 ; sb = 431.293649252736
      k =   34 ; sb/Sb = 0.508497622325617 ; sb = 634.333054295206
      k =   75 ; sb/Sb = 0.676839000668301 ; sb = 844.333054295206
      k =   35 ; sb/Sb = 0.845180379010985 ; sb = 1054.33305429521
      Creating new point: f = 0.150830496663305
    i = 420 ; sf/Sf = 0.851115007186357 ; sf = 1269.69200228374
      k =   32 ; sb/Sb = 0 ; sb = 0
      k =   33 ; sb/Sb = 0.182974448013923 ; sb = 228.254244210267
      k =   77 ; sb/Sb = 0.34573603516977 ; sb = 431.293649252736
      k =   34 ; sb/Sb = 0.508497622325617 ; sb = 634.333054295206
      k =   75 ; sb/Sb = 0.676839000668301 ; sb = 844.333054295206
      k =   35 ; sb/Sb = 0.845180379010985 ; sb = 1054.33305429521
      k =   36 ; sb/Sb = 1 ; sb = 1247.46513345349
      Creating new point: f = 0.0383325326432161
Tear 4 : Sf = 407.921561087423 ; Sb = 466.476151587624
  Backwards path
Tear 5 : Sf = 3655.6781102555 ; Sb = 3721.62810436675
  Backwards path
    i = 63 ; sf/Sf = 0.0577048155595259 ; sf = 210.95023109729
      k =   58 ; sb/Sb = 0 ; sb = 0
      k =    1 ; sb/Sb = 0.00968810201974088 ; sb = 36.0555127546399
      k =  218 ; sb/Sb = 0.0884175446891685 ; sb = 329.057219234312
      Creating new point: f = 0.60989525534176
    i = 57 ; sf/Sf = 0.115409631119052 ; sf = 421.90046219458
      k =   58 ; sb/Sb = 0 ; sb = 0
      k =    1 ; sb/Sb = 0.00968810201974088 ; sb = 36.0555127546399
      k =  218 ; sb/Sb = 0.0884175446891685 ; sb = 329.057219234312
      k =    2 ; sb/Sb = 0.167146987358596 ; sb = 622.058925713984
      Creating new point: f = 0.342846151511815
    i = 94 ; sf/Sf = 0.195454287388731 ; sf = 714.51795996257
      k =   58 ; sb/Sb = 0 ; sb = 0
      k =    1 ; sb/Sb = 0.00968810201974088 ; sb = 36.0555127546399
      k =  218 ; sb/Sb = 0.0884175446891685 ; sb = 329.057219234312
      k =    2 ; sb/Sb = 0.167146987358596 ; sb = 622.058925713984
      k =  194 ; sb/Sb = 0.224541248053885 ; sb = 835.659019346923
      Creating new point: f = 0.493207851921303
    i = 56 ; sf/Sf = 0.275498943658409 ; sf = 1007.13545773056
      k =   58 ; sb/Sb = 0 ; sb = 0
      k =    1 ; sb/Sb = 0.00968810201974088 ; sb = 36.0555127546399
      k =  218 ; sb/Sb = 0.0884175446891685 ; sb = 329.057219234312
      k =    2 ; sb/Sb = 0.167146987358596 ; sb = 622.058925713984
      k =  194 ; sb/Sb = 0.224541248053885 ; sb = 835.659019346923
      k =    3 ; sb/Sb = 0.281935508749174 ; sb = 1049.25911297986
      Creating new point: f = 0.887853506382174
    i = 55 ; sf/Sf = 0.355250931100731 ; sf = 1298.68305247283
      k =   58 ; sb/Sb = 0 ; sb = 0
      k =    1 ; sb/Sb = 0.00968810201974088 ; sb = 36.0555127546399
      k =  218 ; sb/Sb = 0.0884175446891685 ; sb = 329.057219234312
      k =    2 ; sb/Sb = 0.167146987358596 ; sb = 622.058925713984
      k =  194 ; sb/Sb = 0.224541248053885 ; sb = 835.659019346923
      k =    3 ; sb/Sb = 0.281935508749174 ; sb = 1049.25911297986
      k =    4 ; sb/Sb = 0.351017962834788 ; sb = 1306.35831562351
      k =    5 ; sb/Sb = 0.427017687832229 ; sb = 1589.20102809813
    i = 49 ; sf/Sf = 0.355250931100731 ; sf = 1298.68305247283
      k =   58 ; sb/Sb = 0 ; sb = 0
      k =    1 ; sb/Sb = 0.00968810201974088 ; sb = 36.0555127546399
      k =  218 ; sb/Sb = 0.0884175446891685 ; sb = 329.057219234312
      k =    2 ; sb/Sb = 0.167146987358596 ; sb = 622.058925713984
      k =  194 ; sb/Sb = 0.224541248053885 ; sb = 835.659019346923
      k =    3 ; sb/Sb = 0.281935508749174 ; sb = 1049.25911297986
      k =    4 ; sb/Sb = 0.351017962834788 ; sb = 1306.35831562351
      k =    5 ; sb/Sb = 0.427017687832229 ; sb = 1589.20102809813
      Creating new point: f = 0.0556971524052881
    i = 48 ; sf/Sf = 0.385341107719785 ; sf = 1408.68305247283
      k =   58 ; sb/Sb = 0 ; sb = 0
      k =    1 ; sb/Sb = 0.00968810201974088 ; sb = 36.0555127546399
      k =  218 ; sb/Sb = 0.0884175446891685 ; sb = 329.057219234312
      k =    2 ; sb/Sb = 0.167146987358596 ; sb = 622.058925713984
      k =  194 ; sb/Sb = 0.224541248053885 ; sb = 835.659019346923
      k =    3 ; sb/Sb = 0.281935508749174 ; sb = 1049.25911297986
      k =    4 ; sb/Sb = 0.351017962834788 ; sb = 1306.35831562351
      k =    5 ; sb/Sb = 0.427017687832229 ; sb = 1589.20102809813
      Creating new point: f = 0.451621961607795
    i = 47 ; sf/Sf = 0.48491374061732 ; sf = 1772.68854693685
      k =   58 ; sb/Sb = 0 ; sb = 0
      k =    1 ; sb/Sb = 0.00968810201974088 ; sb = 36.0555127546399
      k =  218 ; sb/Sb = 0.0884175446891685 ; sb = 329.057219234312
      k =    2 ; sb/Sb = 0.167146987358596 ; sb = 622.058925713984
      k =  194 ; sb/Sb = 0.224541248053885 ; sb = 835.659019346923
      k =    3 ; sb/Sb = 0.281935508749174 ; sb = 1049.25911297986
      k =    4 ; sb/Sb = 0.351017962834788 ; sb = 1306.35831562351
      k =    5 ; sb/Sb = 0.427017687832229 ; sb = 1589.20102809813
      k =    6 ; sb/Sb = 0.467322628517731 ; sb = 1739.20102809813
      k =   67 ; sb/Sb = 0.530695303510346 ; sb = 1975.05055639954
      Creating new point: f = 0.277581972066659
    i = 46 ; sf/Sf = 0.564993445267692 ; sf = 2065.43417030294
      k =   58 ; sb/Sb = 0 ; sb = 0
      k =    1 ; sb/Sb = 0.00968810201974088 ; sb = 36.0555127546399
      k =  218 ; sb/Sb = 0.0884175446891685 ; sb = 329.057219234312
      k =    2 ; sb/Sb = 0.167146987358596 ; sb = 622.058925713984
      k =  194 ; sb/Sb = 0.224541248053885 ; sb = 835.659019346923
      k =    3 ; sb/Sb = 0.281935508749174 ; sb = 1049.25911297986
      k =    4 ; sb/Sb = 0.351017962834788 ; sb = 1306.35831562351
      k =    5 ; sb/Sb = 0.427017687832229 ; sb = 1589.20102809813
      k =    6 ; sb/Sb = 0.467322628517731 ; sb = 1739.20102809813
      k =   67 ; sb/Sb = 0.530695303510346 ; sb = 1975.05055639954
      k =    7 ; sb/Sb = 0.594067978502961 ; sb = 2210.90008470096
      Creating new point: f = 0.541213413531037
    i = 125 ; sf/Sf = 0.639519332476472 ; sf = 2337.87682481945
      k =   58 ; sb/Sb = 0 ; sb = 0
      k =    1 ; sb/Sb = 0.00968810201974088 ; sb = 36.0555127546399
      k =  218 ; sb/Sb = 0.0884175446891685 ; sb = 329.057219234312
      k =    2 ; sb/Sb = 0.167146987358596 ; sb = 622.058925713984
      k =  194 ; sb/Sb = 0.224541248053885 ; sb = 835.659019346923
      k =    3 ; sb/Sb = 0.281935508749174 ; sb = 1049.25911297986
      k =    4 ; sb/Sb = 0.351017962834788 ; sb = 1306.35831562351
      k =    5 ; sb/Sb = 0.427017687832229 ; sb = 1589.20102809813
      k =    6 ; sb/Sb = 0.467322628517731 ; sb = 1739.20102809813
      k =   67 ; sb/Sb = 0.530695303510346 ; sb = 1975.05055639954
      k =    7 ; sb/Sb = 0.594067978502961 ; sb = 2210.90008470096
      k =    8 ; sb/Sb = 0.632257367676144 ; sb = 2353.02678873648
      k =  337 ; sb/Sb = 0.69527659100537 ; sb = 2587.56090139389
      Creating new point: f = 0.115234120902907
    i = 45 ; sf/Sf = 0.714045219685251 ; sf = 2610.31947933595
      k =   58 ; sb/Sb = 0 ; sb = 0
      k =    1 ; sb/Sb = 0.00968810201974088 ; sb = 36.0555127546399
      k =  218 ; sb/Sb = 0.0884175446891685 ; sb = 329.057219234312
      k =    2 ; sb/Sb = 0.167146987358596 ; sb = 622.058925713984
      k =  194 ; sb/Sb = 0.224541248053885 ; sb = 835.659019346923
      k =    3 ; sb/Sb = 0.281935508749174 ; sb = 1049.25911297986
      k =    4 ; sb/Sb = 0.351017962834788 ; sb = 1306.35831562351
      k =    5 ; sb/Sb = 0.427017687832229 ; sb = 1589.20102809813
      k =    6 ; sb/Sb = 0.467322628517731 ; sb = 1739.20102809813
      k =   67 ; sb/Sb = 0.530695303510346 ; sb = 1975.05055639954
      k =    7 ; sb/Sb = 0.594067978502961 ; sb = 2210.90008470096
      k =    8 ; sb/Sb = 0.632257367676144 ; sb = 2353.02678873648
      k =  337 ; sb/Sb = 0.69527659100537 ; sb = 2587.56090139389
      k =  322 ; sb/Sb = 0.758295814334597 ; sb = 2822.0950140513
      Creating new point: f = 0.297823865296298
    i = 44 ; sf/Sf = 0.821949046709767 ; sf = 3004.78113780227
      k =   58 ; sb/Sb = 0 ; sb = 0
      k =    1 ; sb/Sb = 0.00968810201974088 ; sb = 36.0555127546399
      k =  218 ; sb/Sb = 0.0884175446891685 ; sb = 329.057219234312
      k =    2 ; sb/Sb = 0.167146987358596 ; sb = 622.058925713984
      k =  194 ; sb/Sb = 0.224541248053885 ; sb = 835.659019346923
      k =    3 ; sb/Sb = 0.281935508749174 ; sb = 1049.25911297986
      k =    4 ; sb/Sb = 0.351017962834788 ; sb = 1306.35831562351
      k =    5 ; sb/Sb = 0.427017687832229 ; sb = 1589.20102809813
      k =    6 ; sb/Sb = 0.467322628517731 ; sb = 1739.20102809813
      k =   67 ; sb/Sb = 0.530695303510346 ; sb = 1975.05055639954
      k =    7 ; sb/Sb = 0.594067978502961 ; sb = 2210.90008470096
      k =    8 ; sb/Sb = 0.632257367676144 ; sb = 2353.02678873648
      k =  337 ; sb/Sb = 0.69527659100537 ; sb = 2587.56090139389
      k =  322 ; sb/Sb = 0.758295814334597 ; sb = 2822.0950140513
      k =  366 ; sb/Sb = 0.821315037663823 ; sb = 3056.62912670872
      k =    9 ; sb/Sb = 0.884334260993049 ; sb = 3291.16323936613
      Creating new point: f = 0.010060565847223
    i = 43 ; sf/Sf = 0.868452046939216 ; sf = 3174.78113780227
      k =   58 ; sb/Sb = 0 ; sb = 0
      k =    1 ; sb/Sb = 0.00968810201974088 ; sb = 36.0555127546399
      k =  218 ; sb/Sb = 0.0884175446891685 ; sb = 329.057219234312
      k =    2 ; sb/Sb = 0.167146987358596 ; sb = 622.058925713984
      k =  194 ; sb/Sb = 0.224541248053885 ; sb = 835.659019346923
      k =    3 ; sb/Sb = 0.281935508749174 ; sb = 1049.25911297986
      k =    4 ; sb/Sb = 0.351017962834788 ; sb = 1306.35831562351
      k =    5 ; sb/Sb = 0.427017687832229 ; sb = 1589.20102809813
      k =    6 ; sb/Sb = 0.467322628517731 ; sb = 1739.20102809813
      k =   67 ; sb/Sb = 0.530695303510346 ; sb = 1975.05055639954
      k =    7 ; sb/Sb = 0.594067978502961 ; sb = 2210.90008470096
      k =    8 ; sb/Sb = 0.632257367676144 ; sb = 2353.02678873648
      k =  337 ; sb/Sb = 0.69527659100537 ; sb = 2587.56090139389
      k =  322 ; sb/Sb = 0.758295814334597 ; sb = 2822.0950140513
      k =  366 ; sb/Sb = 0.821315037663823 ; sb = 3056.62912670872
      k =    9 ; sb/Sb = 0.884334260993049 ; sb = 3291.16323936613
      Creating new point: f = 0.747978264174071
    i = 42 ; sf/Sf = 0.91866861195676 ; sf = 3358.35673530913
      k =   58 ; sb/Sb = 0 ; sb = 0
      k =    1 ; sb/Sb = 0.00968810201974088 ; sb = 36.0555127546399
      k =  218 ; sb/Sb = 0.0884175446891685 ; sb = 329.057219234312
      k =    2 ; sb/Sb = 0.167146987358596 ; sb = 622.058925713984
      k =  194 ; sb/Sb = 0.224541248053885 ; sb = 835.659019346923
      k =    3 ; sb/Sb = 0.281935508749174 ; sb = 1049.25911297986
      k =    4 ; sb/Sb = 0.351017962834788 ; sb = 1306.35831562351
      k =    5 ; sb/Sb = 0.427017687832229 ; sb = 1589.20102809813
      k =    6 ; sb/Sb = 0.467322628517731 ; sb = 1739.20102809813
      k =   67 ; sb/Sb = 0.530695303510346 ; sb = 1975.05055639954
      k =    7 ; sb/Sb = 0.594067978502961 ; sb = 2210.90008470096
      k =    8 ; sb/Sb = 0.632257367676144 ; sb = 2353.02678873648
      k =  337 ; sb/Sb = 0.69527659100537 ; sb = 2587.56090139389
      k =  322 ; sb/Sb = 0.758295814334597 ; sb = 2822.0950140513
      k =  366 ; sb/Sb = 0.821315037663823 ; sb = 3056.62912670872
      k =    9 ; sb/Sb = 0.884334260993049 ; sb = 3291.16323936613
      k =  369 ; sb/Sb = 0.942167130496524 ; sb = 3506.39567186644
      Creating new point: f = 0.59368229967644
Tear 6 : Sf = 110 ; Sb = 270
  Backwards path
Triangulating...
[1] "Non-adjacent points in rim connected by line: 443 13"
[1] "In triangle: 786" "In triangle: 788"
[1] "Other points in triangles: 159 14"
[1] "Non-adjacent points in rim connected by line: 445 51"
[1] "In triangle: 661" "In triangle: 673"
[1] "Other points in triangles: 65 50"
[1] "Non-adjacent points in rim connected by line: 492 8"
[1] "In triangle: 833" "In triangle: 843"
[1] "Other points in triangles: 323 7"
Merging points...
Projecting to sphere...
Optimising mapping with FIRE...
E =  0.00872 | E_L =  0.00872 | E_A =  0.00000 |   0 flippped triangles
E =  0.00607 | E_L =  0.00607 | E_A =  0.00000 |  86 flippped triangles
        phi0    phi0.1    phi0.2   phi0.3    phi0.4    phi0.5    phi0.6
id     6.000    25.000    134.00   135.00  325.0000  329.0000 334.00000
A   9982.917 11353.214  15164.94 12335.71 3721.8633  185.7187 104.30140
a  -5312.464 -4608.743 -12583.40 -3086.95 -410.4145 -203.6361 -47.21014
      phi0.7    phi0.8    phi0.9   phi0.10   phi0.11   phi0.12   phi0.13
id  335.0000 337.00000   357.000   361.000   364.000  402.0000   409.000
A   262.5041  78.22605  3388.637  3369.640  6722.852  719.1993  3949.535
a  -322.0065 -73.56019 -3468.831 -3216.471 -1197.907 -698.5796 -3969.971
     phi0.14   phi0.15   phi0.16   phi0.17   phi0.18   phi0.19   phi0.20
id  416.0000  417.0000    420.00    422.00   427.000   533.000 539.00000
A   132.3050  350.2011  21503.65  19042.17  3735.591  1751.008 102.90279
a  -123.7659 -357.6115 -12477.84 -11965.87 -2998.264 -1049.013 -62.41821
       phi0.21   phi0.22   phi0.23   phi0.24   phi0.25   phi0.26   phi0.27
id 541.0000000   546.000   555.000   557.000   559.000    561.00  565.0000
A    0.1860857  9271.785  3789.216 10844.977  6741.805  14754.27  348.8130
a   -0.1242997 -8659.512 -3017.693 -8338.145 -7397.706 -15357.64 -319.6488
     phi0.28   phi0.29   phi0.30   phi0.31   phi0.32   phi0.33   phi0.34
id  567.0000    569.00   570.000    573.00    574.00  576.0000  583.0000
A   550.0311  18559.37  4833.721  20244.48  13798.02  745.7428  507.3803
a  -627.8449 -15457.45 -5006.417 -17927.44 -12405.92 -723.2056 -468.3347
     phi0.35   phi0.36   phi0.37  phi0.38   phi0.39   phi0.40   phi0.41
id    586.00    589.00    590.00   594.00    597.00    599.00    600.00
A   20426.39  19324.54  23514.77 20701.00  15940.77  15917.75  20334.68
a  -20255.79 -19229.49 -19488.63 -9958.01 -16188.63 -18397.98 -17559.43
     phi0.42   phi0.43   phi0.44   phi0.45   phi0.46   phi0.47   phi0.48
id    601.00  608.0000    612.00   614.000    617.00    621.00    622.00
A   25634.76  949.2684  20301.57 24651.112  19259.52  23246.70  11570.22
a  -14830.02 -945.8606 -24087.61 -5070.414 -18887.72 -21742.37 -11144.79
     phi0.49   phi0.50   phi0.51   phi0.52   phi0.53   phi0.54   phi0.55
id    624.00   628.000  630.0000   632.000   635.000   637.000   642.000
A   23707.23  6579.588  334.2726  5905.061  5856.721  3308.582  5180.371
a  -24785.98 -6344.536 -407.1422 -8021.702 -6130.295 -3592.121 -5164.340
     phi0.56   phi0.57   phi0.58   phi0.59   phi0.60   phi0.61   phi0.62
id   643.000   644.000   647.000   649.000   650.000   651.000   655.000
A   3364.738 14385.704  1315.470  1810.926  3718.959  9688.972 10260.804
a  -1106.440 -5673.485 -1429.754 -1483.311 -3574.670 -8475.706 -3656.094
     phi0.63   phi0.64   phi0.65   phi0.66   phi0.67   phi0.68   phi0.69
id   658.000    660.00   664.000   666.000    668.00   670.000   673.000
A  11237.173  10892.90 11609.636  3564.781  13031.31  7965.468  3081.703
a  -8221.148 -12015.11 -9988.758 -2199.910 -14289.16 -6378.410 -3056.925
     phi0.70   phi0.71   phi0.72    phi0.73   phi0.74   phi0.75   phi0.76
id    676.00    679.00    723.00    798.000    804.00    807.00    811.00
A   15047.81  13938.35  18027.10   9277.484  17246.35  15064.83  18275.89
a  -18198.19 -10919.81 -12293.56 -10284.989 -17427.05 -14155.40 -13839.84
     phi0.77   phi0.78   phi0.79   phi0.80   phi0.81   phi0.82   phi0.83
id    814.00    830.00    832.00  834.0000   841.000   843.000  854.0000
A   17974.67  12706.88  19476.95  983.8277 12799.418  5548.098  745.3827
a  -16669.12 -12795.63 -10551.08 -991.1323 -8772.893 -6568.430 -690.6388
      phi0.84   phi0.85
id   858.0000   922.000
A  12131.7184  7583.687
a   -948.3779 -5010.987
E =  0.00526 | E_L =  0.00526 | E_A =  0.00000 |  84 flippped triangles
        phi0    phi0.1    phi0.2    phi0.3    phi0.4    phi0.5    phi0.6
id     6.000    134.00    324.00   325.000    328.00  329.0000  334.0000
A   9982.917  15164.94  13603.11  3721.863  10827.51  185.7187  104.3014
a  -2343.900 -10844.77 -12367.90 -3073.693 -10332.43 -131.0084 -124.4079
      phi0.7    phi0.8    phi0.9   phi0.10   phi0.11   phi0.12   phi0.13
id 337.00000   357.000   361.000  402.0000   409.000  416.0000  417.0000
A   78.22605  3388.637  3369.640  719.1993  3949.535  132.3050  350.2011
a  -72.38321 -2904.612 -3177.363 -627.3686 -3100.413 -148.6755 -313.3408
     phi0.14   phi0.15   phi0.16   phi0.17   phi0.18   phi0.19   phi0.20
id    420.00    422.00   427.000   533.000  539.0000   546.000    554.00
A   21503.65  19042.17  3735.591  1751.008  102.9028  9271.785  18554.20
a  -20114.96 -17202.86 -3121.926 -1501.003 -147.3882 -8682.965 -14313.99
     phi0.21   phi0.22   phi0.23   phi0.24   phi0.25   phi0.26  phi0.27
id   559.000    561.00  565.0000   566.000  567.0000   570.000   574.00
A   6741.805  14754.27  348.8130 12478.102  550.0311  4833.721 13798.02
a  -8125.347 -13556.01 -237.2668 -7274.968 -380.6015 -5211.357 -9202.17
     phi0.28    phi0.29   phi0.30   phi0.31   phi0.32   phi0.33   phi0.34
id  576.0000 582.000000  583.0000    586.00    589.00    590.00   594.000
A   745.7428   7.235552  507.3803  20426.39  19324.54  23514.77 20701.003
a  -731.2658  -4.240551 -605.5139 -18452.95 -17926.88 -16442.74 -7853.107
     phi0.35   phi0.36   phi0.37   phi0.38    phi0.39   phi0.40   phi0.41
id    597.00    599.00    600.00    601.00   608.0000    612.00   614.000
A   15940.77  15917.75  20334.68  25634.76   949.2684  20301.57 24651.112
a  -15660.47 -15754.13 -16277.82 -11024.99 -1120.5101 -22710.95 -8913.766
     phi0.42   phi0.43  phi0.44   phi0.45   phi0.46   phi0.47   phi0.48
id   616.000    617.00    621.0   622.000    624.00   628.000  630.0000
A  16212.133  19259.52  23246.7 11570.218  23707.23  6579.588  334.2726
a  -5852.749 -18868.45 -20494.4 -9143.171 -26288.77 -5523.431 -296.7775
     phi0.49   phi0.50   phi0.51   phi0.52   phi0.53   phi0.54   phi0.55
id   632.000   635.000   637.000   642.000   643.000    644.00   647.000
A   5905.061  5856.721  3308.582  5180.371  3364.738  14385.70  1315.470
a  -6052.233 -6595.440 -3669.971 -3669.156 -2591.858 -10135.79 -1201.522
     phi0.56   phi0.57   phi0.58   phi0.59   phi0.60   phi0.61  phi0.62
id  649.0000   650.000   651.000   655.000   658.000    660.00   664.00
A  1810.9262  3718.959  9688.972 10260.804 11237.173  10892.90 11609.64
a  -951.8209 -3476.460 -6955.674 -3141.219 -9078.363 -11063.33 -9156.77
     phi0.63   phi0.64   phi0.65   phi0.66   phi0.67   phi0.68    phi0.69
id   666.000    668.00   670.000   673.000    676.00    679.00    798.000
A   3564.781  13031.31  7965.468  3081.703  15047.81  13938.35   9277.484
a  -2360.409 -13784.08 -6063.814 -2888.339 -16198.29 -10013.04 -10438.701
     phi0.70   phi0.71   phi0.72   phi0.73   phi0.74   phi0.75    phi0.76
id    804.00    807.00   811.000    814.00   830.000    832.00   834.0000
A   17246.35  15064.83 18275.889  17974.67 12706.880  19476.95   983.8277
a  -13413.97 -11193.53 -7383.782 -15066.11 -6811.932 -13098.17 -1155.7340
     phi0.77   phi0.78    phi0.79   phi0.80   phi0.81   phi0.82   phi0.83
id    839.00   843.000 852.000000  854.0000   858.000  920.0000   922.000
A   15106.56  5548.098   7.498971  745.3827 12131.718 5562.2489  7583.687
a  -11850.68 -5795.866  -5.968601 -560.2233 -5621.649 -800.8911 -7772.231
E =  0.00493 | E_L =  0.00493 | E_A =  0.00000 |  81 flippped triangles
        phi0    phi0.1      phi0.2    phi0.3    phi0.4    phi0.5    phi0.6
id    134.00   307.000 321.0000000    324.00   325.000    328.00  329.0000
A   15164.94  1461.339   0.1414611  13603.11  3721.863  10827.51  185.7187
a  -11226.78 -1456.167  -0.1247077 -12676.00 -2396.661 -11016.53 -115.9566
     phi0.7    phi0.8    phi0.9   phi0.10   phi0.11   phi0.12   phi0.13
id 334.0000 337.00000   357.000   361.000  402.0000   409.000  416.0000
A  104.3014  78.22605  3388.637  3369.640  719.1993  3949.535  132.3050
a  -84.0896 -41.40017 -3014.465 -3008.144 -731.4410 -3183.305 -102.6239
     phi0.14   phi0.15   phi0.16   phi0.17   phi0.18   phi0.19      phi0.20
id    420.00    422.00   427.000   443.000   533.000  539.0000 541.00000000
A   21503.65  19042.17  3735.591  1922.324  1751.008  102.9028   0.18608567
a  -21449.63 -17941.58 -3031.906 -1577.543 -1396.674 -106.2777  -0.05832794
     phi0.21   phi0.22   phi0.23   phi0.24   phi0.25   phi0.26   phi0.27
id   546.000    554.00   559.000    561.00   566.000  567.0000   570.000
A   9271.785  18554.20  6741.805  14754.27 12478.102  550.0311  4833.721
a  -7337.131 -12111.13 -7469.659 -14189.61 -4923.783 -466.8864 -5251.242
     phi0.28   phi0.29   phi0.30   phi0.31   phi0.32   phi0.33   phi0.34
id   574.000  576.0000  583.0000    586.00    589.00    590.00   594.000
A  13798.018  745.7428  507.3803  20426.39  19324.54  23514.77 20701.003
a  -9834.863 -744.9363 -555.7899 -17952.80 -18362.85 -16545.45 -6518.917
     phi0.35   phi0.36   phi0.37   phi0.38   phi0.39   phi0.40   phi0.41
id    597.00    599.00    600.00    601.00  608.0000    612.00   614.000
A   15940.77  15917.75  20334.68  25634.76  949.2684  20301.57 24651.112
a  -15192.07 -16692.32 -16585.04 -10905.46 -930.6914 -22721.43 -4237.314
     phi0.42   phi0.43   phi0.44   phi0.45   phi0.46   phi0.47   phi0.48
id    617.00    621.00    622.00    624.00   628.000  630.0000   632.000
A   19259.52  23246.70  11570.22  23707.23  6579.588  334.2726  5905.061
a  -19343.34 -23266.37 -12609.13 -23548.99 -5615.304 -300.3667 -5307.193
     phi0.49   phi0.50   phi0.51   phi0.52   phi0.53   phi0.54   phi0.55
id   635.000   637.000   642.000   643.000   644.000   647.000   649.000
A   5856.721  3308.582  5180.371  3364.738 14385.704  1315.470  1810.926
a  -6201.603 -3871.007 -3234.398 -2816.341 -9734.589 -1300.878 -1228.822
     phi0.56   phi0.57   phi0.58   phi0.59   phi0.60   phi0.61   phi0.62
id   650.000   651.000   655.000   658.000    660.00   664.000   666.000
A   3718.959  9688.972 10260.804 11237.173  10892.90 11609.636  3564.781
a  -3449.457 -7905.113 -2274.621 -8970.852 -11710.03 -9458.056 -2164.475
     phi0.63   phi0.64   phi0.65   phi0.66   phi0.67   phi0.68   phi0.69
id    668.00   670.000   673.000    676.00   679.000   798.000    804.00
A   13031.31  7965.468  3081.703  15047.81 13938.353  9277.484  17246.35
a  -13363.38 -6458.624 -2924.696 -17288.11 -9271.393 -9476.084 -11876.87
     phi0.70   phi0.71   phi0.72   phi0.73   phi0.74   phi0.75   phi0.76
id    807.00    811.00    814.00    830.00   832.000  834.0000    839.00
A   15064.83  18275.89  17974.67  12706.88 19476.945  983.8277  15106.56
a  -10044.63 -10598.01 -14060.48 -11706.39 -6968.377 -943.5699 -10448.44
     phi0.77   phi0.78   phi0.79   phi0.80
id   843.000  854.0000  920.0000   922.000
A   5548.098  745.3827 5562.2489  7583.687
a  -6284.094 -426.5697 -401.0909 -5334.927
E =  0.00489 | E_L =  0.00489 | E_A =  0.00000 |  84 flippped triangles
        phi0    phi0.1    phi0.2      phi0.3    phi0.4    phi0.5    phi0.6
id    134.00   135.000   307.000 321.0000000    324.00   325.000    328.00
A   15164.94 12335.709  1461.339   0.1414611  13603.11  3721.863  10827.51
a  -13349.37 -3161.765 -1573.227  -0.1198354 -12997.22 -3207.653 -11203.46
        phi0.7    phi0.8    phi0.9   phi0.10   phi0.11   phi0.12   phi0.13
id 332.0000000 334.00000  335.0000 337.00000   357.000   361.000  402.0000
A    0.9152698 104.30140  262.5041  78.22605  3388.637  3369.640  719.1993
a   -0.8079823 -84.33313 -176.6029 -37.64869 -2903.838 -2989.802 -697.3935
     phi0.14   phi0.15   phi0.16   phi0.17   phi0.18   phi0.19   phi0.20
id   409.000  416.0000  417.0000    420.00    422.00   427.000   443.000
A   3949.535  132.3050  350.2011  21503.65  19042.17  3735.591  1922.324
a  -3056.475 -109.0947 -284.3072 -20947.36 -17370.65 -2951.569 -1838.865
     phi0.21   phi0.22      phi0.23   phi0.24   phi0.25   phi0.26   phi0.27
id   533.000  539.0000 541.00000000  546.0000   554.000   559.000    561.00
A   1751.008  102.9028   0.18608567 9271.7851 18554.202  6741.805  14754.27
a  -1337.710 -110.7330  -0.08929617 -605.4827 -9437.513 -7306.252 -13804.90
     phi0.28   phi0.29   phi0.30   phi0.31   phi0.32   phi0.33   phi0.34
id 565.00000  567.0000   570.000   574.000  576.0000  583.0000    586.00
A  348.81301  550.0311  4833.721 13798.018  745.7428  507.3803  20426.39
a  -39.56413 -576.8894 -4638.312 -9095.595 -655.5204 -471.5306 -17808.29
     phi0.35   phi0.36   phi0.37   phi0.38   phi0.39   phi0.40   phi0.41
id    589.00    590.00   594.000    597.00    599.00    600.00   601.000
A   19324.54  23514.77 20701.003  15940.77  15917.75  20334.68 25634.760
a  -17616.31 -15464.26 -6074.159 -15338.83 -15845.42 -15606.75 -9998.399
     phi0.42   phi0.43  phi0.44   phi0.45   phi0.46   phi0.47   phi0.48
id  608.0000    612.00   614.00    617.00    621.00    622.00    624.00
A   949.2684  20301.57 24651.11  19259.52  23246.70  11570.22  23707.23
a  -948.7947 -23208.62 -1662.74 -18134.05 -22835.23 -12328.91 -24151.56
     phi0.49   phi0.50   phi0.51   phi0.52   phi0.53   phi0.54   phi0.55
id   628.000  630.0000   632.000   635.000   637.000   642.000   643.000
A   6579.588  334.2726  5905.061  5856.721  3308.582  5180.371  3364.738
a  -5302.479 -313.0195 -4815.292 -5815.429 -3705.250 -3562.121 -2764.095
     phi0.56   phi0.57   phi0.58   phi0.59   phi0.60   phi0.61   phi0.62
id   644.000   647.000   649.000   650.000   651.000   655.000   658.000
A  14385.704  1315.470  1810.926  3718.959  9688.972 10260.804 11237.173
a  -8958.859 -1350.125 -1412.563 -3654.872 -7760.517 -1127.903 -9102.156
     phi0.63   phi0.64   phi0.65   phi0.66   phi0.67   phi0.68   phi0.69
id    660.00   664.000   666.000    668.00   670.000   673.000    676.00
A   10892.90 11609.636  3564.781  13031.31  7965.468  3081.703  15047.81
a  -11492.66 -9562.593 -2153.422 -13193.53 -6256.532 -2895.415 -16736.88
     phi0.70   phi0.71   phi0.72   phi0.73   phi0.74   phi0.75   phi0.76
id   679.000   798.000   804.000   807.000   811.000    814.00    830.00
A  13938.353  9277.484 17246.349 15064.832 18275.889  17974.67  12706.88
a  -8147.437 -9629.647 -8477.278 -6967.958 -9458.581 -12352.34 -11020.85
     phi0.77   phi0.78   phi0.79   phi0.80   phi0.81   phi0.82   phi0.83
id   832.000  834.0000    839.00   843.000  854.0000  920.0000   922.000
A  19476.945  983.8277  15106.56  5548.098  745.3827 5562.2489  7583.687
a  -6947.252 -969.5987 -11464.87 -6215.640 -534.9748 -864.7468 -5622.572
FIRE:  6  stops.  11 hits of maxmove.  0 hits of dtmax.
Frms = 4.62266846471604e-06; Ftanrms = 4.61422722324833e-06
E =  0.01332 | E_L =  0.01332 | E_A =  0.00000 |   0 flippped triangles
E =  0.01039 | E_L =  0.01022 | E_A =  0.00017 |   0 flippped triangles
E =  0.00865 | E_L =  0.00864 | E_A =  0.00001 |   1 flippped triangles
           phi0
id 321.00000000
A    0.14146114
a   -0.01718814
E =  0.00811 | E_L =  0.00809 | E_A =  0.00002 |   0 flippped triangles
E =  0.00777 | E_L =  0.00777 | E_A =  0.00000 |   0 flippped triangles
E =  0.00749 | E_L =  0.00748 | E_A =  0.00000 |   0 flippped triangles
E =  0.00712 | E_L =  0.00709 | E_A =  0.00002 |   0 flippped triangles
E =  0.00690 | E_L =  0.00690 | E_A =  0.00000 |   0 flippped triangles
E =  0.00667 | E_L =  0.00667 | E_A =  0.00000 |   0 flippped triangles
E =  0.00659 | E_L =  0.00659 | E_A =  0.00000 |   0 flippped triangles
E =  0.00640 | E_L =  0.00639 | E_A =  0.00000 |   0 flippped triangles
E =  0.00634 | E_L =  0.00634 | E_A =  0.00000 |   0 flippped triangles
E =  0.00628 | E_L =  0.00627 | E_A =  0.00000 |   0 flippped triangles
E =  0.00624 | E_L =  0.00624 | E_A =  0.00000 |   0 flippped triangles
E =  0.00617 | E_L =  0.00617 | E_A =  0.00000 |   0 flippped triangles
E =  0.00615 | E_L =  0.00615 | E_A =  0.00000 |   0 flippped triangles
E =  0.00613 | E_L =  0.00613 | E_A =  0.00000 |   0 flippped triangles
E =  0.00612 | E_L =  0.00612 | E_A =  0.00000 |   0 flippped triangles
E =  0.00607 | E_L =  0.00607 | E_A =  0.00000 |   0 flippped triangles
E =  0.00606 | E_L =  0.00606 | E_A =  0.00000 |   0 flippped triangles
E =  0.00606 | E_L =  0.00606 | E_A =  0.00000 |   0 flippped triangles
Optimising mapping with BFGS...
E =  0.00606 | E_L =  0.00606 | E_A =  0.00000 |   0 flippped triangles
Transforming image...
Mapping optimised. Error: 0.006055798 ; 0 flipped triangles.
Inferring coordinates of datapoints
Inferring coordinates of landmarks
Mapping optimised. Error: 0.006055798 ; 0 flipped triangles. OD displacement: 10.97913 degrees.
Computing Kernel Density estimates of datapoints

[1] 0.725
Saving developmental_retina/data/nAChR-B2/P0/GMB390-1/R-CONTRA/r.mat
