[1] "Adding old segment 1"
[1] "Storing new segment 1"
[1] "Adding old segment 2"
[1] "Adding old segment 4"
[1] "Adding old segment 3"
[1] "Storing new segment 2"
simplify.outline: Removing vertex 1
Triangulating...
[1] "Non-adjacent points in rim connected by line: 35 33"
[1] "In triangle: 56"  "In triangle: 202"
[1] "Other points in triangles: 34 131"
[1] "Non-adjacent points in rim connected by line: 51 25"
[1] "In triangle: 22" "In triangle: 77"
[1] "Other points in triangles: 54 26"
Stitching...
Tear 1 child of rim
Tear 2 child of rim
Tear 3 child of rim
Tear 4 child of rim
Tear 1 : Sf = 2410.89448536985 ; Sb = 3296.04463376624
  Forwards path
    i = 8 ; sf/Sf = 0.0668818797108139 ; sf = 161.245154965971
      k =    9 ; sb/Sb = 0 ; sb = 0
      k =   10 ; sb/Sb = 0.0746250445170462 ; sb = 245.967477524977
      Creating new point: f = 0.896239059469323
    i = 7 ; sf/Sf = 0.28209033200578 ; sf = 680.090025808885
      k =    9 ; sb/Sb = 0 ; sb = 0
      k =   10 ; sb/Sb = 0.0746250445170462 ; sb = 245.967477524977
      k =   11 ; sb/Sb = 0.213856094825662 ; sb = 704.879233748327
      k =   12 ; sb/Sb = 0.325164880756048 ; sb = 1071.75796030521
      Creating new point: f = 0.613017531453378
    i = 6 ; sf/Sf = 0.423664741582298 ; sf = 1021.41098912641
      k =    9 ; sb/Sb = 0 ; sb = 0
      k =   10 ; sb/Sb = 0.0746250445170462 ; sb = 245.967477524977
      k =   11 ; sb/Sb = 0.213856094825662 ; sb = 704.879233748327
      k =   12 ; sb/Sb = 0.325164880756048 ; sb = 1071.75796030521
      k =  295 ; sb/Sb = 0.397232918904235 ; sb = 1309.2974307096
      k =   13 ; sb/Sb = 0.469300957052423 ; sb = 1546.836901114
      Creating new point: f = 0.366762067585533
    i = 5 ; sf/Sf = 0.563034570650816 ; sf = 1357.41694145463
      k =    9 ; sb/Sb = 0 ; sb = 0
      k =   10 ; sb/Sb = 0.0746250445170462 ; sb = 245.967477524977
      k =   11 ; sb/Sb = 0.213856094825662 ; sb = 704.879233748327
      k =   12 ; sb/Sb = 0.325164880756048 ; sb = 1071.75796030521
      k =  295 ; sb/Sb = 0.397232918904235 ; sb = 1309.2974307096
      k =   13 ; sb/Sb = 0.469300957052423 ; sb = 1546.836901114
      k =   14 ; sb/Sb = 0.597303004680186 ; sb = 1968.73736330858
      Creating new point: f = 0.732282141852724
    i = 4 ; sf/Sf = 0.67214715535979 ; sf = 1620.47587021395
      k =    9 ; sb/Sb = 0 ; sb = 0
      k =   10 ; sb/Sb = 0.0746250445170462 ; sb = 245.967477524977
      k =   11 ; sb/Sb = 0.213856094825662 ; sb = 704.879233748327
      k =   12 ; sb/Sb = 0.325164880756048 ; sb = 1071.75796030521
      k =  295 ; sb/Sb = 0.397232918904235 ; sb = 1309.2974307096
      k =   13 ; sb/Sb = 0.469300957052423 ; sb = 1546.836901114
      k =   14 ; sb/Sb = 0.597303004680186 ; sb = 1968.73736330858
      k =  429 ; sb/Sb = 0.677142320156361 ; sb = 2231.89131064739
      Creating new point: f = 0.937434774249022
    i = 3 ; sf/Sf = 0.740806092769519 ; sf = 1786.00532378642
      k =    9 ; sb/Sb = 0 ; sb = 0
      k =   10 ; sb/Sb = 0.0746250445170462 ; sb = 245.967477524977
      k =   11 ; sb/Sb = 0.213856094825662 ; sb = 704.879233748327
      k =   12 ; sb/Sb = 0.325164880756048 ; sb = 1071.75796030521
      k =  295 ; sb/Sb = 0.397232918904235 ; sb = 1309.2974307096
      k =   13 ; sb/Sb = 0.469300957052423 ; sb = 1546.836901114
      k =   14 ; sb/Sb = 0.597303004680186 ; sb = 1968.73736330858
      k =  429 ; sb/Sb = 0.677142320156361 ; sb = 2231.89131064739
      k =   15 ; sb/Sb = 0.756981635632535 ; sb = 2495.04525798621
      Creating new point: f = 0.797398778201655
    i = 2 ; sf/Sf = 0.824176606760131 ; sf = 1987.00283620884
      k =    9 ; sb/Sb = 0 ; sb = 0
      k =   10 ; sb/Sb = 0.0746250445170462 ; sb = 245.967477524977
      k =   11 ; sb/Sb = 0.213856094825662 ; sb = 704.879233748327
      k =   12 ; sb/Sb = 0.325164880756048 ; sb = 1071.75796030521
      k =  295 ; sb/Sb = 0.397232918904235 ; sb = 1309.2974307096
      k =   13 ; sb/Sb = 0.469300957052423 ; sb = 1546.836901114
      k =   14 ; sb/Sb = 0.597303004680186 ; sb = 1968.73736330858
      k =  429 ; sb/Sb = 0.677142320156361 ; sb = 2231.89131064739
      k =   15 ; sb/Sb = 0.756981635632535 ; sb = 2495.04525798621
      k =  124 ; sb/Sb = 0.817736226724401 ; sb = 2695.29510193122
      k =  121 ; sb/Sb = 0.878490817816268 ; sb = 2895.54494587622
      Creating new point: f = 0.106006474901481
    i = 1 ; sf/Sf = 0.888701824601498 ; sf = 2142.56632806988
      k =    9 ; sb/Sb = 0 ; sb = 0
      k =   10 ; sb/Sb = 0.0746250445170462 ; sb = 245.967477524977
      k =   11 ; sb/Sb = 0.213856094825662 ; sb = 704.879233748327
      k =   12 ; sb/Sb = 0.325164880756048 ; sb = 1071.75796030521
      k =  295 ; sb/Sb = 0.397232918904235 ; sb = 1309.2974307096
      k =   13 ; sb/Sb = 0.469300957052423 ; sb = 1546.836901114
      k =   14 ; sb/Sb = 0.597303004680186 ; sb = 1968.73736330858
      k =  429 ; sb/Sb = 0.677142320156361 ; sb = 2231.89131064739
      k =   15 ; sb/Sb = 0.756981635632535 ; sb = 2495.04525798621
      k =  124 ; sb/Sb = 0.817736226724401 ; sb = 2695.29510193122
      k =  121 ; sb/Sb = 0.878490817816268 ; sb = 2895.54494587622
      k =   16 ; sb/Sb = 1 ; sb = 3296.04463376624
      Creating new point: f = 0.0840348572981979
Tear 2 : Sf = 1941.14081928113 ; Sb = 1914.67375468287
  Forwards path
    i = 285 ; sf/Sf = 0.195086401270921 ; sf = 378.690176793642
      k =   24 ; sb/Sb = 0 ; sb = 0
      k =   25 ; sb/Sb = 0.171798293711114 ; sb = 328.937684067971
      k =   26 ; sb/Sb = 0.192689581274945 ; sb = 368.937684067971
      k =   51 ; sb/Sb = 0.226115641377075 ; sb = 432.937684067971
      Creating new point: f = 0.0717051303280255
    i = 200 ; sf/Sf = 0.390172802541842 ; sf = 757.380353587284
      k =   24 ; sb/Sb = 0 ; sb = 0
      k =   25 ; sb/Sb = 0.171798293711114 ; sb = 328.937684067971
      k =   26 ; sb/Sb = 0.192689581274945 ; sb = 368.937684067971
      k =   51 ; sb/Sb = 0.226115641377075 ; sb = 432.937684067971
      k =   50 ; sb/Sb = 0.259541701479205 ; sb = 496.937684067971
      k =   49 ; sb/Sb = 0.326393821683464 ; sb = 624.93768406797
      k =   48 ; sb/Sb = 0.460098062091983 ; sb = 880.937684067971
      Creating new point: f = 0.477015393554523
    i = 290 ; sf/Sf = 0.487716003177303 ; sf = 946.725441984105
      k =   24 ; sb/Sb = 0 ; sb = 0
      k =   25 ; sb/Sb = 0.171798293711114 ; sb = 328.937684067971
      k =   26 ; sb/Sb = 0.192689581274945 ; sb = 368.937684067971
      k =   51 ; sb/Sb = 0.226115641377075 ; sb = 432.937684067971
      k =   50 ; sb/Sb = 0.259541701479205 ; sb = 496.937684067971
      k =   49 ; sb/Sb = 0.326393821683464 ; sb = 624.93768406797
      k =   48 ; sb/Sb = 0.460098062091983 ; sb = 880.937684067971
      k =   85 ; sb/Sb = 0.593802302500501 ; sb = 1136.93768406797
      Creating new point: f = 0.20655994904078
    i = 278 ; sf/Sf = 0.585259203812763 ; sf = 1136.07053038093
      k =   24 ; sb/Sb = 0 ; sb = 0
      k =   25 ; sb/Sb = 0.171798293711114 ; sb = 328.937684067971
      k =   26 ; sb/Sb = 0.192689581274945 ; sb = 368.937684067971
      k =   51 ; sb/Sb = 0.226115641377075 ; sb = 432.937684067971
      k =   50 ; sb/Sb = 0.259541701479205 ; sb = 496.937684067971
      k =   49 ; sb/Sb = 0.326393821683464 ; sb = 624.93768406797
      k =   48 ; sb/Sb = 0.460098062091983 ; sb = 880.937684067971
      k =   85 ; sb/Sb = 0.593802302500501 ; sb = 1136.93768406797
      Creating new point: f = 0.936104504527039
    i = 23 ; sf/Sf = 0.780345605083684 ; sf = 1514.76070717457
      k =   24 ; sb/Sb = 0 ; sb = 0
      k =   25 ; sb/Sb = 0.171798293711114 ; sb = 328.937684067971
      k =   26 ; sb/Sb = 0.192689581274945 ; sb = 368.937684067971
      k =   51 ; sb/Sb = 0.226115641377075 ; sb = 432.937684067971
      k =   50 ; sb/Sb = 0.259541701479205 ; sb = 496.937684067971
      k =   49 ; sb/Sb = 0.326393821683464 ; sb = 624.93768406797
      k =   48 ; sb/Sb = 0.460098062091983 ; sb = 880.937684067971
      k =   85 ; sb/Sb = 0.593802302500501 ; sb = 1136.93768406797
      k =   47 ; sb/Sb = 0.72750654290902 ; sb = 1392.93768406797
      k =  236 ; sb/Sb = 0.86375327145451 ; sb = 1653.80571937542
      Creating new point: f = 0.387818942434441
    i = 279 ; sf/Sf = 0.890172802541842 ; sf = 1727.95076322785
      k =   24 ; sb/Sb = 0 ; sb = 0
      k =   25 ; sb/Sb = 0.171798293711114 ; sb = 328.937684067971
      k =   26 ; sb/Sb = 0.192689581274945 ; sb = 368.937684067971
      k =   51 ; sb/Sb = 0.226115641377075 ; sb = 432.937684067971
      k =   50 ; sb/Sb = 0.259541701479205 ; sb = 496.937684067971
      k =   49 ; sb/Sb = 0.326393821683464 ; sb = 624.93768406797
      k =   48 ; sb/Sb = 0.460098062091983 ; sb = 880.937684067971
      k =   85 ; sb/Sb = 0.593802302500501 ; sb = 1136.93768406797
      k =   47 ; sb/Sb = 0.72750654290902 ; sb = 1392.93768406797
      k =  236 ; sb/Sb = 0.86375327145451 ; sb = 1653.80571937542
      k =   27 ; sb/Sb = 1 ; sb = 1914.67375468287
      Creating new point: f = 0.19390947121722
Tear 3 : Sf = 1499.6442518087 ; Sb = 900.499861188218
  Forwards path
    i = 40 ; sf/Sf = 0.173886637376562 ; sf = 260.768096208106
      k =   41 ; sb/Sb = 0 ; sb = 0
      k =  394 ; sb/Sb = 0.5 ; sb = 450.249930594109
      Creating new point: f = 0.347773274753125
    i = 55 ; sf/Sf = 0.450518491733678 ; sf = 675.617466461937
      k =   41 ; sb/Sb = 0 ; sb = 0
      k =  394 ; sb/Sb = 0.5 ; sb = 450.249930594109
      Creating new point: f = 0.901036983467357
    i = 39 ; sf/Sf = 0.727150346090794 ; sf = 1090.46683671577
      k =   41 ; sb/Sb = 0 ; sb = 0
      k =  394 ; sb/Sb = 0.5 ; sb = 450.249930594109
      k =   42 ; sb/Sb = 1 ; sb = 900.499861188218
      Creating new point: f = 0.454300692181589
    i = 38 ; sf/Sf = 0.79282497385613 ; sf = 1188.95541473373
      k =   41 ; sb/Sb = 0 ; sb = 0
      k =  394 ; sb/Sb = 0.5 ; sb = 450.249930594109
      k =   42 ; sb/Sb = 1 ; sb = 900.499861188218
      Creating new point: f = 0.585649947712259
    i = 37 ; sf/Sf = 0.806161470145752 ; sf = 1208.95541473373
      k =   41 ; sb/Sb = 0 ; sb = 0
      k =  394 ; sb/Sb = 0.5 ; sb = 450.249930594109
      k =   42 ; sb/Sb = 1 ; sb = 900.499861188218
      Creating new point: f = 0.612322940291504
Tear 4 : Sf = 385.875627631495 ; Sb = 238.537208837531
  Forwards path
    i = 338 ; sf/Sf = 0.5 ; sf = 192.937813815747
      k =   31 ; sb/Sb = 0 ; sb = 0
      k =   32 ; sb/Sb = 1 ; sb = 238.537208837531
      Creating new point: f = 0.5
Tear 1 : Sf = 3296.04463376624 ; Sb = 2410.89448536985
  Backwards path
    i = 10 ; sf/Sf = 0.0746250445170462 ; sf = 245.967477524977
      k =    9 ; sb/Sb = 0 ; sb = 0
      k =    8 ; sb/Sb = 0.0668818797108139 ; sb = 161.245154965971
      k =    7 ; sb/Sb = 0.28209033200578 ; sb = 680.090025808885
      Creating new point: f = 0.0359798359388761
    i = 11 ; sf/Sf = 0.213856094825662 ; sf = 704.879233748327
      k =    9 ; sb/Sb = 0 ; sb = 0
      k =    8 ; sb/Sb = 0.0668818797108139 ; sb = 161.245154965971
      k =    7 ; sb/Sb = 0.28209033200578 ; sb = 680.090025808885
      Creating new point: f = 0.682938860195903
    i = 12 ; sf/Sf = 0.325164880756048 ; sf = 1071.75796030521
      k =    9 ; sb/Sb = 0 ; sb = 0
      k =    8 ; sb/Sb = 0.0668818797108139 ; sb = 161.245154965971
      k =    7 ; sb/Sb = 0.28209033200578 ; sb = 680.090025808885
      k =    6 ; sb/Sb = 0.423664741582298 ; sb = 1021.41098912641
      Creating new point: f = 0.304253776364768
    i = 295 ; sf/Sf = 0.397232918904235 ; sf = 1309.2974307096
      k =    9 ; sb/Sb = 0 ; sb = 0
      k =    8 ; sb/Sb = 0.0668818797108139 ; sb = 161.245154965971
      k =    7 ; sb/Sb = 0.28209033200578 ; sb = 680.090025808885
      k =    6 ; sb/Sb = 0.423664741582298 ; sb = 1021.41098912641
      Creating new point: f = 0.813300844713912
    i = 13 ; sf/Sf = 0.469300957052423 ; sf = 1546.836901114
      k =    9 ; sb/Sb = 0 ; sb = 0
      k =    8 ; sb/Sb = 0.0668818797108139 ; sb = 161.245154965971
      k =    7 ; sb/Sb = 0.28209033200578 ; sb = 680.090025808885
      k =    6 ; sb/Sb = 0.423664741582298 ; sb = 1021.41098912641
      k =    5 ; sb/Sb = 0.563034570650815 ; sb = 1357.41694145463
      Creating new point: f = 0.327446878389218
    i = 14 ; sf/Sf = 0.597303004680186 ; sf = 1968.73736330858
      k =    9 ; sb/Sb = 0 ; sb = 0
      k =    8 ; sb/Sb = 0.0668818797108139 ; sb = 161.245154965971
      k =    7 ; sb/Sb = 0.28209033200578 ; sb = 680.090025808885
      k =    6 ; sb/Sb = 0.423664741582298 ; sb = 1021.41098912641
      k =    5 ; sb/Sb = 0.563034570650815 ; sb = 1357.41694145463
      k =    4 ; sb/Sb = 0.67214715535979 ; sb = 1620.47587021395
      Creating new point: f = 0.314064909384846
    i = 429 ; sf/Sf = 0.67714232015636 ; sf = 2231.89131064739
      k =    9 ; sb/Sb = 0 ; sb = 0
      k =    8 ; sb/Sb = 0.0668818797108139 ; sb = 161.245154965971
      k =    7 ; sb/Sb = 0.28209033200578 ; sb = 680.090025808885
      k =    6 ; sb/Sb = 0.423664741582298 ; sb = 1021.41098912641
      k =    5 ; sb/Sb = 0.563034570650815 ; sb = 1357.41694145463
      k =    4 ; sb/Sb = 0.67214715535979 ; sb = 1620.47587021395
      k =    3 ; sb/Sb = 0.740806092769519 ; sb = 1786.00532378642
      Creating new point: f = 0.0727533076540499
    i = 15 ; sf/Sf = 0.756981635632535 ; sf = 2495.04525798621
      k =    9 ; sb/Sb = 0 ; sb = 0
      k =    8 ; sb/Sb = 0.0668818797108139 ; sb = 161.245154965971
      k =    7 ; sb/Sb = 0.28209033200578 ; sb = 680.090025808885
      k =    6 ; sb/Sb = 0.423664741582298 ; sb = 1021.41098912641
      k =    5 ; sb/Sb = 0.563034570650815 ; sb = 1357.41694145463
      k =    4 ; sb/Sb = 0.67214715535979 ; sb = 1620.47587021395
      k =    3 ; sb/Sb = 0.740806092769519 ; sb = 1786.00532378642
      k =    2 ; sb/Sb = 0.824176606760131 ; sb = 1987.00283620884
      Creating new point: f = 0.194019948885498
    i = 124 ; sf/Sf = 0.817736226724401 ; sf = 2695.29510193122
      k =    9 ; sb/Sb = 0 ; sb = 0
      k =    8 ; sb/Sb = 0.0668818797108139 ; sb = 161.245154965971
      k =    7 ; sb/Sb = 0.28209033200578 ; sb = 680.090025808885
      k =    6 ; sb/Sb = 0.423664741582298 ; sb = 1021.41098912641
      k =    5 ; sb/Sb = 0.563034570650815 ; sb = 1357.41694145463
      k =    4 ; sb/Sb = 0.67214715535979 ; sb = 1620.47587021395
      k =    3 ; sb/Sb = 0.740806092769519 ; sb = 1786.00532378642
      k =    2 ; sb/Sb = 0.824176606760131 ; sb = 1987.00283620884
      Creating new point: f = 0.922749906082441
    i = 121 ; sf/Sf = 0.878490817816267 ; sf = 2895.54494587622
      k =    9 ; sb/Sb = 0 ; sb = 0
      k =    8 ; sb/Sb = 0.0668818797108139 ; sb = 161.245154965971
      k =    7 ; sb/Sb = 0.28209033200578 ; sb = 680.090025808885
      k =    6 ; sb/Sb = 0.423664741582298 ; sb = 1021.41098912641
      k =    5 ; sb/Sb = 0.563034570650815 ; sb = 1357.41694145463
      k =    4 ; sb/Sb = 0.67214715535979 ; sb = 1620.47587021395
      k =    3 ; sb/Sb = 0.740806092769519 ; sb = 1786.00532378642
      k =    2 ; sb/Sb = 0.824176606760131 ; sb = 1987.00283620884
      k =    1 ; sb/Sb = 0.888701824601498 ; sb = 2142.56632806988
      Creating new point: f = 0.841751688303721
Tear 2 : Sf = 1914.67375468287 ; Sb = 1941.14081928113
  Backwards path
    i = 25 ; sf/Sf = 0.171798293711114 ; sf = 328.937684067971
      k =   24 ; sb/Sb = 0 ; sb = 0
      k =  285 ; sb/Sb = 0.195086401270921 ; sb = 378.690176793642
      Creating new point: f = 0.880626699718214
    i = 26 ; sf/Sf = 0.192689581274945 ; sf = 368.937684067971
      k =   24 ; sb/Sb = 0 ; sb = 0
      k =  285 ; sb/Sb = 0.195086401270921 ; sb = 378.690176793642
      Creating new point: f = 0.987714059102217
    i = 51 ; sf/Sf = 0.226115641377075 ; sf = 432.937684067971
      k =   24 ; sb/Sb = 0 ; sb = 0
      k =  285 ; sb/Sb = 0.195086401270921 ; sb = 378.690176793642
      k =  200 ; sb/Sb = 0.390172802541842 ; sb = 757.380353587284
      Creating new point: f = 0.159053834116623
    i = 50 ; sf/Sf = 0.259541701479205 ; sf = 496.937684067971
      k =   24 ; sb/Sb = 0 ; sb = 0
      k =  285 ; sb/Sb = 0.195086401270921 ; sb = 378.690176793642
      k =  200 ; sb/Sb = 0.390172802541842 ; sb = 757.380353587284
      Creating new point: f = 0.330393609131028
    i = 49 ; sf/Sf = 0.326393821683464 ; sf = 624.93768406797
      k =   24 ; sb/Sb = 0 ; sb = 0
      k =  285 ; sb/Sb = 0.195086401270921 ; sb = 378.690176793642
      k =  200 ; sb/Sb = 0.390172802541842 ; sb = 757.380353587284
      Creating new point: f = 0.673073159159839
    i = 48 ; sf/Sf = 0.460098062091983 ; sf = 880.937684067971
      k =   24 ; sb/Sb = 0 ; sb = 0
      k =  285 ; sb/Sb = 0.195086401270921 ; sb = 378.690176793642
      k =  200 ; sb/Sb = 0.390172802541842 ; sb = 757.380353587284
      k =  290 ; sb/Sb = 0.487716003177303 ; sb = 946.725441984106
      Creating new point: f = 0.716864518434925
    i = 85 ; sf/Sf = 0.593802302500501 ; sf = 1136.93768406797
      k =   24 ; sb/Sb = 0 ; sb = 0
      k =  285 ; sb/Sb = 0.195086401270921 ; sb = 378.690176793642
      k =  200 ; sb/Sb = 0.390172802541842 ; sb = 757.380353587284
      k =  290 ; sb/Sb = 0.487716003177303 ; sb = 946.725441984106
      k =  278 ; sb/Sb = 0.585259203812763 ; sb = 1136.07053038093
      k =   23 ; sb/Sb = 0.780345605083684 ; sb = 1514.76070717457
      Creating new point: f = 0.0437913592750843
    i = 47 ; sf/Sf = 0.72750654290902 ; sf = 1392.93768406797
      k =   24 ; sb/Sb = 0 ; sb = 0
      k =  285 ; sb/Sb = 0.195086401270921 ; sb = 378.690176793642
      k =  200 ; sb/Sb = 0.390172802541842 ; sb = 757.380353587284
      k =  290 ; sb/Sb = 0.487716003177303 ; sb = 946.725441984106
      k =  278 ; sb/Sb = 0.585259203812763 ; sb = 1136.07053038093
      k =   23 ; sb/Sb = 0.780345605083684 ; sb = 1514.76070717457
      Creating new point: f = 0.729150459332707
    i = 236 ; sf/Sf = 0.86375327145451 ; sf = 1653.80571937542
      k =   24 ; sb/Sb = 0 ; sb = 0
      k =  285 ; sb/Sb = 0.195086401270921 ; sb = 378.690176793642
      k =  200 ; sb/Sb = 0.390172802541842 ; sb = 757.380353587284
      k =  290 ; sb/Sb = 0.487716003177303 ; sb = 946.725441984106
      k =  278 ; sb/Sb = 0.585259203812763 ; sb = 1136.07053038093
      k =   23 ; sb/Sb = 0.780345605083684 ; sb = 1514.76070717457
      k =  279 ; sb/Sb = 0.890172802541842 ; sb = 1727.95076322785
      Creating new point: f = 0.759444548356089
Tear 3 : Sf = 900.499861188218 ; Sb = 1499.6442518087
  Backwards path
    i = 394 ; sf/Sf = 0.5 ; sf = 450.249930594109
      k =   41 ; sb/Sb = 0 ; sb = 0
      k =   40 ; sb/Sb = 0.173886637376562 ; sb = 260.768096208106
      k =   55 ; sb/Sb = 0.450518491733678 ; sb = 675.617466461937
      k =   39 ; sb/Sb = 0.727150346090794 ; sb = 1090.46683671577
      Creating new point: f = 0.17887133201386
Tear 4 : Sf = 238.537208837531 ; Sb = 385.875627631495
  Backwards path
Triangulating...
[1] "Non-adjacent points in rim connected by line: 447 25"
[1] "In triangle: 865" "In triangle: 868"
[1] "Other points in triangles: 438 26"
Merging points...
Projecting to sphere...
Optimising mapping with FIRE...
E =  0.00613 | E_L =  0.00613 | E_A =  0.00000 |   0 flippped triangles
E =  0.00583 | E_L =  0.00583 | E_A =  0.00000 |  29 flippped triangles
        phi0    phi0.1    phi0.2    phi0.3    phi0.4    phi0.5    phi0.6
id     25.00    27.000    42.000     50.00   63.0000  288.0000    340.00
A   27905.19 21658.299 21157.894  26069.38  324.7314  606.9515  12947.41
a  -14969.12 -1324.362 -3465.984 -23240.82 -320.5961 -423.3745 -13018.20
      phi0.7     phi0.8    phi0.9   phi0.10   phi0.11   phi0.12   phi0.13
id    421.00   424.0000   464.000   466.000    477.00    487.00    495.00
A   28426.44 26619.8634  2674.225 13274.711  25179.52  19226.72  44217.94
a  -22215.50  -705.8243 -3288.476 -9237.799 -20464.45 -12662.46 -21177.18
      phi0.14   phi0.15   phi0.16   phi0.17   phi0.18   phi0.19   phi0.20
id    513.000   574.000   610.000    861.00   862.000   863.000 865.00000
A    8344.284  7138.764  6757.519  35253.60  2330.198  8667.527 198.57241
a  -15130.289 -5545.521 -3729.681 -36238.91 -1937.880 -9609.750 -99.81484
     phi0.21   phi0.22   phi0.23   phi0.24   phi0.25   phi0.26   phi0.27
id  866.0000 870.00000  878.0000  882.0000  883.0000  884.0000   911.000
A  1184.0823  29.15612  494.0261  202.7695 1009.4179  138.9836  3355.751
a  -756.4076 -28.79410 -493.7556 -178.8608 -880.7065 -140.5239 -3119.025
     phi0.28
id  918.0000
A  2504.5230
a  -230.8089
E =  0.00581 | E_L =  0.00581 | E_A =  0.00000 |  29 flippped triangles
        phi0    phi0.1    phi0.2    phi0.3    phi0.4    phi0.5    phi0.6
id     25.00     27.00     42.00     50.00   63.0000  288.0000    340.00
A   27905.19  21658.30  21157.89  26069.38  324.7314  606.9515  12947.41
a  -32852.28 -20623.27 -22846.30 -26067.76 -354.2300 -429.7955 -12747.07
      phi0.7    phi0.8    phi0.9   phi0.10   phi0.11   phi0.12   phi0.13
id    421.00   424.000   464.000   466.000    477.00    487.00    495.00
A   28426.44 26619.863  2674.225 13274.711  25179.52  19226.72  44217.94
a  -25142.63 -4104.421 -2984.757 -7060.092 -19489.32 -12631.48 -21625.62
      phi0.14   phi0.15   phi0.16   phi0.17   phi0.18   phi0.19   phi0.20
id    513.000   574.000   610.000    861.00   862.000   863.000  865.0000
A    8344.284  7138.764  6757.519  35253.60  2330.198  8667.527  198.5724
a  -14739.481 -5405.324 -3297.460 -35230.41 -1892.875 -9655.550 -125.1576
     phi0.21   phi0.22   phi0.23   phi0.24   phi0.25   phi0.26   phi0.27
id  866.0000 870.00000  878.0000  882.0000  883.0000  884.0000   911.000
A  1184.0823  29.15612  494.0261  202.7695 1009.4179  138.9836  3355.751
a  -720.0718 -26.88904 -509.8823 -191.0930 -964.8061 -143.0206 -3015.400
     phi0.28
id  918.0000
A  2504.5230
a  -279.8918
E =  0.00581 | E_L =  0.00581 | E_A =  0.00000 |  29 flippped triangles
        phi0    phi0.1    phi0.2    phi0.3    phi0.4    phi0.5    phi0.6
id     25.00     27.00     42.00     50.00   63.0000  288.0000    340.00
A   27905.19  21658.30  21157.89  26069.38  324.7314  606.9515  12947.41
a  -32862.02 -20247.42 -22180.42 -25706.90 -354.5619 -427.8729 -12712.81
      phi0.7    phi0.8    phi0.9   phi0.10   phi0.11   phi0.12   phi0.13
id    421.00   424.000   464.000   466.000    477.00    487.00    495.00
A   28426.44 26619.863  2674.225 13274.711  25179.52  19226.72  44217.94
a  -25198.65 -4143.393 -2914.176 -7134.828 -18994.61 -12086.93 -22474.04
      phi0.14   phi0.15   phi0.16   phi0.17   phi0.18   phi0.19   phi0.20
id    513.000   574.000   610.000    861.00   862.000   863.000  865.0000
A    8344.284  7138.764  6757.519  35253.60  2330.198  8667.527  198.5724
a  -14698.460 -5313.927 -3353.347 -35076.54 -1909.902 -9766.441 -145.1340
    phi0.21   phi0.22   phi0.23   phi0.24  phi0.25   phi0.26   phi0.27
id  866.000 870.00000  878.0000  882.0000  883.000  884.0000   911.000
A  1184.082  29.15612  494.0261  202.7695 1009.418  138.9836  3355.751
a  -716.168 -28.82483 -513.5075 -186.4235 -995.253 -145.9267 -3007.519
     phi0.28
id  918.0000
A  2504.5230
a  -638.9379
FIRE:  4  stops.  2 hits of maxmove.  0 hits of dtmax.
Frms = 7.41729043620388e-06; Ftanrms = 7.41626978550064e-06
E =  0.01032 | E_L =  0.01032 | E_A =  0.00001 |   0 flippped triangles
E =  0.00759 | E_L =  0.00759 | E_A =  0.00000 |   0 flippped triangles
E =  0.00742 | E_L =  0.00742 | E_A =  0.00000 |   0 flippped triangles
E =  0.00738 | E_L =  0.00738 | E_A =  0.00000 |   0 flippped triangles
E =  0.00738 | E_L =  0.00738 | E_A =  0.00000 |   0 flippped triangles
Optimising mapping with BFGS...
E =  0.00738 | E_L =  0.00738 | E_A =  0.00000 |   0 flippped triangles
Transforming image...
Mapping optimised. Error: 0.007375389 ; 0 flipped triangles.
Inferring coordinates of datapoints
Inferring coordinates of landmarks
Mapping optimised. Error: 0.007375389 ; 0 flipped triangles. OD displacement: 9.572763 degrees.
Computing Kernel Density estimates of datapoints

[1] 0.775
Saving developmental_retina/data/C57BL6J/P4/AP/GM142-3/R-CONTRA/r.mat
