[1] "Adding old segment 1"
[1] "Adding old segment 4"
[1] "Adding old segment 3"
[1] "Intersection found. Old points:"
   X    Y 
2590  849 
   X    Y 
2500  759 
   X    Y 
2540  809 
   X    Y 
2390  409 
[1] "Point i+1 has been changed:"
   X    Y 
2590  849 
   X    Y 
2534  793 
   X    Y 
2540  809 
   X    Y 
2390  409 
[1] "a= 0.121917861662634"
[1] "l= 410.112179775247"
[1] "New points:"
   X    Y 
2590  849 
   X    Y 
2534  793 
        X         Y 
2407.5562  455.8165 
   X    Y 
2390  409 
[1] "Storing new segment 1"
[1] "Adding old segment 2"
[1] "Intersection found. Old points:"
   X    Y 
1030 2629 
   X    Y 
 940 2629 
   X    Y 
 940 2629 
   X    Y 
 970 2499 
[1] "Point i+1 has been changed:"
   X    Y 
1030 2629 
   X    Y 
 940 2629 
   X    Y 
 940 2629 
   X    Y 
 970 2499 
[1] "a= 0.374765844497931"
[1] "l= 133.416640641263"
[1] "New points:"
   X    Y 
1030 2629 
   X    Y 
 940 2629 
       X        Y 
 958.757 2547.720 
   X    Y 
 970 2499 
[1] "Storing new segment 2"
Triangulating...
[1] "Non-adjacent points in rim connected by line: 16 14"
[1] "In triangle: 38"  "In triangle: 105"
[1] "Other points in triangles: 115 15"
[1] "Non-adjacent points in rim connected by line: 19 17"
[1] "In triangle: 97"  "In triangle: 181"
[1] "Other points in triangles: 18 125"
[1] "Non-adjacent points in rim connected by line: 44 42"
[1] "In triangle: 16" "In triangle: 21"
[1] "Other points in triangles: 43 78"
[1] "Non-adjacent points in rim connected by line: 61 1"
[1] "In triangle: 17" "In triangle: 26"
[1] "Other points in triangles: 63 58"
[1] "Non-adjacent points in rim connected by line: 62 59"
[1] "In triangle: 22"  "In triangle: 347"
[1] "Other points in triangles: 63 278"
Stitching...
Tear 1 child of rim
Tear 2 child of rim
Tear 3 child of rim
Tear 1 : Sf = 3757.48952454965 ; Sb = 3403.05549465643
  Forwards path
    i = 45 ; sf/Sf = 0.07912766569376 ; sf = 297.32137494637
      k =   46 ; sb/Sb = 0 ; sb = 0
      k =   47 ; sb/Sb = 0.091141989565683 ; sb = 310.161248385416
      Creating new point: f = 0.868180144748051
    i = 44 ; sf/Sf = 0.154777486195949 ; sf = 581.574783017408
      k =   46 ; sb/Sb = 0 ; sb = 0
      k =   47 ; sb/Sb = 0.091141989565683 ; sb = 310.161248385416
      k =  155 ; sb/Sb = 0.149414715491518 ; sb = 508.466568535936
      k =   48 ; sb/Sb = 0.207687441417352 ; sb = 706.771888686455
      Creating new point: f = 0.0920288285682245
    i = 43 ; sf/Sf = 0.203705836337002 ; sf = 765.42254612591
      k =   46 ; sb/Sb = 0 ; sb = 0
      k =   47 ; sb/Sb = 0.091141989565683 ; sb = 310.161248385416
      k =  155 ; sb/Sb = 0.149414715491518 ; sb = 508.466568535936
      k =   48 ; sb/Sb = 0.207687441417352 ; sb = 706.771888686455
      Creating new point: f = 0.931672922158855
    i = 42 ; sf/Sf = 0.234049910955168 ; sf = 879.440088635824
      k =   46 ; sb/Sb = 0 ; sb = 0
      k =   47 ; sb/Sb = 0.091141989565683 ; sb = 310.161248385416
      k =  155 ; sb/Sb = 0.149414715491518 ; sb = 508.466568535936
      k =   48 ; sb/Sb = 0.207687441417352 ; sb = 706.771888686455
      k =   49 ; sb/Sb = 0.274696364832764 ; sb = 934.806973706283
      Creating new point: f = 0.393417297191693
    i = 41 ; sf/Sf = 0.287276938919796 ; sf = 1079.44008863582
      k =   46 ; sb/Sb = 0 ; sb = 0
      k =   47 ; sb/Sb = 0.091141989565683 ; sb = 310.161248385416
      k =  155 ; sb/Sb = 0.149414715491518 ; sb = 508.466568535936
      k =   48 ; sb/Sb = 0.207687441417352 ; sb = 706.771888686455
      k =   49 ; sb/Sb = 0.274696364832764 ; sb = 934.806973706283
      k =   50 ; sb/Sb = 0.348159756891035 ; sb = 1184.80697370628
      Creating new point: f = 0.171249567091234
    i = 40 ; sf/Sf = 0.331570653827991 ; sf = 1245.87325840676
      k =   46 ; sb/Sb = 0 ; sb = 0
      k =   47 ; sb/Sb = 0.091141989565683 ; sb = 310.161248385416
      k =  155 ; sb/Sb = 0.149414715491518 ; sb = 508.466568535936
      k =   48 ; sb/Sb = 0.207687441417352 ; sb = 706.771888686455
      k =   49 ; sb/Sb = 0.274696364832764 ; sb = 934.806973706283
      k =   50 ; sb/Sb = 0.348159756891035 ; sb = 1184.80697370628
      Creating new point: f = 0.774185446679551
    i = 92 ; sf/Sf = 0.420795411500466 ; sf = 1581.13435069156
      k =   46 ; sb/Sb = 0 ; sb = 0
      k =   47 ; sb/Sb = 0.091141989565683 ; sb = 310.161248385416
      k =  155 ; sb/Sb = 0.149414715491518 ; sb = 508.466568535936
      k =   48 ; sb/Sb = 0.207687441417352 ; sb = 706.771888686455
      k =   49 ; sb/Sb = 0.274696364832764 ; sb = 934.806973706283
      k =   50 ; sb/Sb = 0.348159756891035 ; sb = 1184.80697370628
      k =   51 ; sb/Sb = 0.423250700069854 ; sb = 1440.3456204899
      Creating new point: f = 0.967302467308995
    i = 39 ; sf/Sf = 0.510020169172941 ; sf = 1916.39544297637
      k =   46 ; sb/Sb = 0 ; sb = 0
      k =   47 ; sb/Sb = 0.091141989565683 ; sb = 310.161248385416
      k =  155 ; sb/Sb = 0.149414715491518 ; sb = 508.466568535936
      k =   48 ; sb/Sb = 0.207687441417352 ; sb = 706.771888686455
      k =   49 ; sb/Sb = 0.274696364832764 ; sb = 934.806973706283
      k =   50 ; sb/Sb = 0.348159756891035 ; sb = 1184.80697370628
      k =   51 ; sb/Sb = 0.423250700069854 ; sb = 1440.3456204899
      k =   52 ; sb/Sb = 0.450342660432445 ; sb = 1532.54106506282
      k =   53 ; sb/Sb = 0.536367006443189 ; sb = 1825.28668842891
      Creating new point: f = 0.693728130557858
    i = 38 ; sf/Sf = 0.560865216244183 ; sf = 2107.44517472179
      k =   46 ; sb/Sb = 0 ; sb = 0
      k =   47 ; sb/Sb = 0.091141989565683 ; sb = 310.161248385416
      k =  155 ; sb/Sb = 0.149414715491518 ; sb = 508.466568535936
      k =   48 ; sb/Sb = 0.207687441417352 ; sb = 706.771888686455
      k =   49 ; sb/Sb = 0.274696364832764 ; sb = 934.806973706283
      k =   50 ; sb/Sb = 0.348159756891035 ; sb = 1184.80697370628
      k =   51 ; sb/Sb = 0.423250700069854 ; sb = 1440.3456204899
      k =   52 ; sb/Sb = 0.450342660432445 ; sb = 1532.54106506282
      k =   53 ; sb/Sb = 0.536367006443189 ; sb = 1825.28668842891
      k =  128 ; sb/Sb = 0.615897702454307 ; sb = 2095.9340604834
      Creating new point: f = 0.308034646114117
    i = 87 ; sf/Sf = 0.616816925235703 ; sf = 2317.68313513808
      k =   46 ; sb/Sb = 0 ; sb = 0
      k =   47 ; sb/Sb = 0.091141989565683 ; sb = 310.161248385416
      k =  155 ; sb/Sb = 0.149414715491518 ; sb = 508.466568535936
      k =   48 ; sb/Sb = 0.207687441417352 ; sb = 706.771888686455
      k =   49 ; sb/Sb = 0.274696364832764 ; sb = 934.806973706283
      k =   50 ; sb/Sb = 0.348159756891035 ; sb = 1184.80697370628
      k =   51 ; sb/Sb = 0.423250700069854 ; sb = 1440.3456204899
      k =   52 ; sb/Sb = 0.450342660432445 ; sb = 1532.54106506282
      k =   53 ; sb/Sb = 0.536367006443189 ; sb = 1825.28668842891
      k =  128 ; sb/Sb = 0.615897702454307 ; sb = 2095.9340604834
      k =   54 ; sb/Sb = 0.695428398465426 ; sb = 2366.58143253789
      Creating new point: f = 0.0115580879773403
    i = 37 ; sf/Sf = 0.672768634227223 ; sf = 2527.92109555437
      k =   46 ; sb/Sb = 0 ; sb = 0
      k =   47 ; sb/Sb = 0.091141989565683 ; sb = 310.161248385416
      k =  155 ; sb/Sb = 0.149414715491518 ; sb = 508.466568535936
      k =   48 ; sb/Sb = 0.207687441417352 ; sb = 706.771888686455
      k =   49 ; sb/Sb = 0.274696364832764 ; sb = 934.806973706283
      k =   50 ; sb/Sb = 0.348159756891035 ; sb = 1184.80697370628
      k =   51 ; sb/Sb = 0.423250700069854 ; sb = 1440.3456204899
      k =   52 ; sb/Sb = 0.450342660432445 ; sb = 1532.54106506282
      k =   53 ; sb/Sb = 0.536367006443189 ; sb = 1825.28668842891
      k =  128 ; sb/Sb = 0.615897702454307 ; sb = 2095.9340604834
      k =   54 ; sb/Sb = 0.695428398465426 ; sb = 2366.58143253789
      Creating new point: f = 0.715081529840565
    i = 91 ; sf/Sf = 0.741681706594475 ; sf = 2786.86124307885
      k =   46 ; sb/Sb = 0 ; sb = 0
      k =   47 ; sb/Sb = 0.091141989565683 ; sb = 310.161248385416
      k =  155 ; sb/Sb = 0.149414715491518 ; sb = 508.466568535936
      k =   48 ; sb/Sb = 0.207687441417352 ; sb = 706.771888686455
      k =   49 ; sb/Sb = 0.274696364832764 ; sb = 934.806973706283
      k =   50 ; sb/Sb = 0.348159756891035 ; sb = 1184.80697370628
      k =   51 ; sb/Sb = 0.423250700069854 ; sb = 1440.3456204899
      k =   52 ; sb/Sb = 0.450342660432445 ; sb = 1532.54106506282
      k =   53 ; sb/Sb = 0.536367006443189 ; sb = 1825.28668842891
      k =  128 ; sb/Sb = 0.615897702454307 ; sb = 2095.9340604834
      k =   54 ; sb/Sb = 0.695428398465426 ; sb = 2366.58143253789
      k =   55 ; sb/Sb = 0.755363001607801 ; sb = 2570.5422130816
      Creating new point: f = 0.771729613678657
    i = 36 ; sf/Sf = 0.810594778961726 ; sf = 3045.80139060333
      k =   46 ; sb/Sb = 0 ; sb = 0
      k =   47 ; sb/Sb = 0.091141989565683 ; sb = 310.161248385416
      k =  155 ; sb/Sb = 0.149414715491518 ; sb = 508.466568535936
      k =   48 ; sb/Sb = 0.207687441417352 ; sb = 706.771888686455
      k =   49 ; sb/Sb = 0.274696364832764 ; sb = 934.806973706283
      k =   50 ; sb/Sb = 0.348159756891035 ; sb = 1184.80697370628
      k =   51 ; sb/Sb = 0.423250700069854 ; sb = 1440.3456204899
      k =   52 ; sb/Sb = 0.450342660432445 ; sb = 1532.54106506282
      k =   53 ; sb/Sb = 0.536367006443189 ; sb = 1825.28668842891
      k =  128 ; sb/Sb = 0.615897702454307 ; sb = 2095.9340604834
      k =   54 ; sb/Sb = 0.695428398465426 ; sb = 2366.58143253789
      k =   55 ; sb/Sb = 0.755363001607801 ; sb = 2570.5422130816
      k =   56 ; sb/Sb = 0.809307345975712 ; sb = 2754.11781058846
      k =  271 ; sb/Sb = 0.857637102070562 ; sb = 2918.58665262244
      Creating new point: f = 0.0266385161035762
    i = 389 ; sf/Sf = 0.857946084221295 ; sf = 3223.72342408991
      k =   46 ; sb/Sb = 0 ; sb = 0
      k =   47 ; sb/Sb = 0.091141989565683 ; sb = 310.161248385416
      k =  155 ; sb/Sb = 0.149414715491518 ; sb = 508.466568535936
      k =   48 ; sb/Sb = 0.207687441417352 ; sb = 706.771888686455
      k =   49 ; sb/Sb = 0.274696364832764 ; sb = 934.806973706283
      k =   50 ; sb/Sb = 0.348159756891035 ; sb = 1184.80697370628
      k =   51 ; sb/Sb = 0.423250700069854 ; sb = 1440.3456204899
      k =   52 ; sb/Sb = 0.450342660432445 ; sb = 1532.54106506282
      k =   53 ; sb/Sb = 0.536367006443189 ; sb = 1825.28668842891
      k =  128 ; sb/Sb = 0.615897702454307 ; sb = 2095.9340604834
      k =   54 ; sb/Sb = 0.695428398465426 ; sb = 2366.58143253789
      k =   55 ; sb/Sb = 0.755363001607801 ; sb = 2570.5422130816
      k =   56 ; sb/Sb = 0.809307345975712 ; sb = 2754.11781058846
      k =  271 ; sb/Sb = 0.857637102070562 ; sb = 2918.58665262244
      k =   57 ; sb/Sb = 0.905966858165413 ; sb = 3083.05549465643
      Creating new point: f = 0.00639320732606598
    i = 371 ; sf/Sf = 0.905297389480863 ; sf = 3401.64545757649
      k =   46 ; sb/Sb = 0 ; sb = 0
      k =   47 ; sb/Sb = 0.091141989565683 ; sb = 310.161248385416
      k =  155 ; sb/Sb = 0.149414715491518 ; sb = 508.466568535936
      k =   48 ; sb/Sb = 0.207687441417352 ; sb = 706.771888686455
      k =   49 ; sb/Sb = 0.274696364832764 ; sb = 934.806973706283
      k =   50 ; sb/Sb = 0.348159756891035 ; sb = 1184.80697370628
      k =   51 ; sb/Sb = 0.423250700069854 ; sb = 1440.3456204899
      k =   52 ; sb/Sb = 0.450342660432445 ; sb = 1532.54106506282
      k =   53 ; sb/Sb = 0.536367006443189 ; sb = 1825.28668842891
      k =  128 ; sb/Sb = 0.615897702454307 ; sb = 2095.9340604834
      k =   54 ; sb/Sb = 0.695428398465426 ; sb = 2366.58143253789
      k =   55 ; sb/Sb = 0.755363001607801 ; sb = 2570.5422130816
      k =   56 ; sb/Sb = 0.809307345975712 ; sb = 2754.11781058846
      k =  271 ; sb/Sb = 0.857637102070562 ; sb = 2918.58665262244
      k =   57 ; sb/Sb = 0.905966858165413 ; sb = 3083.05549465643
      Creating new point: f = 0.986147898548558
    i = 383 ; sf/Sf = 0.952648694740432 ; sf = 3579.56749106307
      k =   46 ; sb/Sb = 0 ; sb = 0
      k =   47 ; sb/Sb = 0.091141989565683 ; sb = 310.161248385416
      k =  155 ; sb/Sb = 0.149414715491518 ; sb = 508.466568535936
      k =   48 ; sb/Sb = 0.207687441417352 ; sb = 706.771888686455
      k =   49 ; sb/Sb = 0.274696364832764 ; sb = 934.806973706283
      k =   50 ; sb/Sb = 0.348159756891035 ; sb = 1184.80697370628
      k =   51 ; sb/Sb = 0.423250700069854 ; sb = 1440.3456204899
      k =   52 ; sb/Sb = 0.450342660432445 ; sb = 1532.54106506282
      k =   53 ; sb/Sb = 0.536367006443189 ; sb = 1825.28668842891
      k =  128 ; sb/Sb = 0.615897702454307 ; sb = 2095.9340604834
      k =   54 ; sb/Sb = 0.695428398465426 ; sb = 2366.58143253789
      k =   55 ; sb/Sb = 0.755363001607801 ; sb = 2570.5422130816
      k =   56 ; sb/Sb = 0.809307345975712 ; sb = 2754.11781058846
      k =  271 ; sb/Sb = 0.857637102070562 ; sb = 2918.58665262244
      k =   57 ; sb/Sb = 0.905966858165413 ; sb = 3083.05549465643
      k =   59 ; sb/Sb = 0.956509671901503 ; sb = 3255.05549465643
      Creating new point: f = 0.923609770100418
Tear 2 : Sf = 506.0632371552 ; Sb = 529.016766134255
  Forwards path
    i = 429 ; sf/Sf = 0.5 ; sf = 253.0316185776
      k =   10 ; sb/Sb = 0 ; sb = 0
      k =   11 ; sb/Sb = 0.683128103165145 ; sb = 361.386219991853
      Creating new point: f = 0.731927141751809
Tear 3 : Sf = 1090.56780407869 ; Sb = 1164.45373314832
  Forwards path
    i = 218 ; sf/Sf = 0.170131332007861 ; sf = 185.539753152795
      k =   26 ; sb/Sb = 0 ; sb = 0
      k =   27 ; sb/Sb = 0.181970476775637 ; sb = 211.896201004171
      Creating new point: f = 0.934939200151829
    i = 25 ; sf/Sf = 0.340262664015722 ; sf = 371.079506305589
      k =   26 ; sb/Sb = 0 ; sb = 0
      k =   27 ; sb/Sb = 0.181970476775637 ; sb = 211.896201004171
      k =   65 ; sb/Sb = 0.380883228604572 ; sb = 443.52089744218
      Creating new point: f = 0.795787026144087
    i = 180 ; sf/Sf = 0.500991305347347 ; sf = 546.36498773517
      k =   26 ; sb/Sb = 0 ; sb = 0
      k =   27 ; sb/Sb = 0.181970476775637 ; sb = 211.896201004171
      k =   65 ; sb/Sb = 0.380883228604572 ; sb = 443.52089744218
      k =   28 ; sb/Sb = 0.579795980433507 ; sb = 675.14559388019
      Creating new point: f = 0.603822910489258
    i = 24 ; sf/Sf = 0.661719946678972 ; sf = 721.650469164751
      k =   26 ; sb/Sb = 0 ; sb = 0
      k =   27 ; sb/Sb = 0.181970476775637 ; sb = 211.896201004171
      k =   65 ; sb/Sb = 0.380883228604572 ; sb = 443.52089744218
      k =   28 ; sb/Sb = 0.579795980433507 ; sb = 675.14559388019
      k =   29 ; sb/Sb = 0.64780723518621 ; sb = 754.341553373077
      k =   30 ; sb/Sb = 0.957061411220852 ; sb = 1114.45373314832
      Creating new point: f = 0.0449879502716992
Tear 1 : Sf = 3403.05549465643 ; Sb = 3757.48952454965
  Backwards path
    i = 47 ; sf/Sf = 0.091141989565683 ; sf = 310.161248385416
      k =   46 ; sb/Sb = 0 ; sb = 0
      k =   45 ; sb/Sb = 0.07912766569376 ; sb = 297.32137494637
      k =   44 ; sb/Sb = 0.154777486195949 ; sb = 581.574783017408
      Creating new point: f = 0.158814968656473
    i = 155 ; sf/Sf = 0.149414715491518 ; sf = 508.466568535936
      k =   46 ; sb/Sb = 0 ; sb = 0
      k =   45 ; sb/Sb = 0.07912766569376 ; sb = 297.32137494637
      k =   44 ; sb/Sb = 0.154777486195949 ; sb = 581.574783017408
      Creating new point: f = 0.929110595784209
    i = 48 ; sf/Sf = 0.207687441417352 ; sf = 706.771888686455
      k =   46 ; sb/Sb = 0 ; sb = 0
      k =   45 ; sb/Sb = 0.07912766569376 ; sb = 297.32137494637
      k =   44 ; sb/Sb = 0.154777486195949 ; sb = 581.574783017408
      k =   43 ; sb/Sb = 0.203705836337002 ; sb = 765.42254612591
      k =   42 ; sb/Sb = 0.234049910955168 ; sb = 879.440088635824
      Creating new point: f = 0.13121524154065
    i = 49 ; sf/Sf = 0.274696364832764 ; sf = 934.806973706283
      k =   46 ; sb/Sb = 0 ; sb = 0
      k =   45 ; sb/Sb = 0.07912766569376 ; sb = 297.32137494637
      k =   44 ; sb/Sb = 0.154777486195949 ; sb = 581.574783017408
      k =   43 ; sb/Sb = 0.203705836337002 ; sb = 765.42254612591
      k =   42 ; sb/Sb = 0.234049910955168 ; sb = 879.440088635824
      k =   41 ; sb/Sb = 0.287276938919796 ; sb = 1079.44008863582
      Creating new point: f = 0.763643123275771
    i = 50 ; sf/Sf = 0.348159756891035 ; sf = 1184.80697370628
      k =   46 ; sb/Sb = 0 ; sb = 0
      k =   45 ; sb/Sb = 0.07912766569376 ; sb = 297.32137494637
      k =   44 ; sb/Sb = 0.154777486195949 ; sb = 581.574783017408
      k =   43 ; sb/Sb = 0.203705836337002 ; sb = 765.42254612591
      k =   42 ; sb/Sb = 0.234049910955168 ; sb = 879.440088635824
      k =   41 ; sb/Sb = 0.287276938919796 ; sb = 1079.44008863582
      k =   40 ; sb/Sb = 0.331570653827991 ; sb = 1245.87325840676
      k =   92 ; sb/Sb = 0.420795411500466 ; sb = 1581.13435069156
      Creating new point: f = 0.185924887842662
    i = 51 ; sf/Sf = 0.423250700069854 ; sf = 1440.3456204899
      k =   46 ; sb/Sb = 0 ; sb = 0
      k =   45 ; sb/Sb = 0.07912766569376 ; sb = 297.32137494637
      k =   44 ; sb/Sb = 0.154777486195949 ; sb = 581.574783017408
      k =   43 ; sb/Sb = 0.203705836337002 ; sb = 765.42254612591
      k =   42 ; sb/Sb = 0.234049910955168 ; sb = 879.440088635824
      k =   41 ; sb/Sb = 0.287276938919796 ; sb = 1079.44008863582
      k =   40 ; sb/Sb = 0.331570653827991 ; sb = 1245.87325840676
      k =   92 ; sb/Sb = 0.420795411500466 ; sb = 1581.13435069156
      k =   39 ; sb/Sb = 0.510020169172941 ; sb = 1916.39544297637
      Creating new point: f = 0.0275180189157883
    i = 52 ; sf/Sf = 0.450342660432445 ; sf = 1532.54106506282
      k =   46 ; sb/Sb = 0 ; sb = 0
      k =   45 ; sb/Sb = 0.07912766569376 ; sb = 297.32137494637
      k =   44 ; sb/Sb = 0.154777486195949 ; sb = 581.574783017408
      k =   43 ; sb/Sb = 0.203705836337002 ; sb = 765.42254612591
      k =   42 ; sb/Sb = 0.234049910955168 ; sb = 879.440088635824
      k =   41 ; sb/Sb = 0.287276938919796 ; sb = 1079.44008863582
      k =   40 ; sb/Sb = 0.331570653827991 ; sb = 1245.87325840676
      k =   92 ; sb/Sb = 0.420795411500466 ; sb = 1581.13435069156
      k =   39 ; sb/Sb = 0.510020169172941 ; sb = 1916.39544297637
      Creating new point: f = 0.331155272401416
    i = 53 ; sf/Sf = 0.536367006443189 ; sf = 1825.28668842891
      k =   46 ; sb/Sb = 0 ; sb = 0
      k =   45 ; sb/Sb = 0.07912766569376 ; sb = 297.32137494637
      k =   44 ; sb/Sb = 0.154777486195949 ; sb = 581.574783017408
      k =   43 ; sb/Sb = 0.203705836337002 ; sb = 765.42254612591
      k =   42 ; sb/Sb = 0.234049910955168 ; sb = 879.440088635824
      k =   41 ; sb/Sb = 0.287276938919796 ; sb = 1079.44008863582
      k =   40 ; sb/Sb = 0.331570653827991 ; sb = 1245.87325840676
      k =   92 ; sb/Sb = 0.420795411500466 ; sb = 1581.13435069156
      k =   39 ; sb/Sb = 0.510020169172941 ; sb = 1916.39544297637
      k =   38 ; sb/Sb = 0.560865216244183 ; sb = 2107.44517472179
      Creating new point: f = 0.518179031938585
    i = 128 ; sf/Sf = 0.615897702454307 ; sf = 2095.9340604834
      k =   46 ; sb/Sb = 0 ; sb = 0
      k =   45 ; sb/Sb = 0.07912766569376 ; sb = 297.32137494637
      k =   44 ; sb/Sb = 0.154777486195949 ; sb = 581.574783017408
      k =   43 ; sb/Sb = 0.203705836337002 ; sb = 765.42254612591
      k =   42 ; sb/Sb = 0.234049910955168 ; sb = 879.440088635824
      k =   41 ; sb/Sb = 0.287276938919796 ; sb = 1079.44008863582
      k =   40 ; sb/Sb = 0.331570653827991 ; sb = 1245.87325840676
      k =   92 ; sb/Sb = 0.420795411500466 ; sb = 1581.13435069156
      k =   39 ; sb/Sb = 0.510020169172941 ; sb = 1916.39544297637
      k =   38 ; sb/Sb = 0.560865216244183 ; sb = 2107.44517472179
      k =   87 ; sb/Sb = 0.616816925235703 ; sb = 2317.68313513808
      Creating new point: f = 0.983571140221381
    i = 54 ; sf/Sf = 0.695428398465426 ; sf = 2366.58143253789
      k =   46 ; sb/Sb = 0 ; sb = 0
      k =   45 ; sb/Sb = 0.07912766569376 ; sb = 297.32137494637
      k =   44 ; sb/Sb = 0.154777486195949 ; sb = 581.574783017408
      k =   43 ; sb/Sb = 0.203705836337002 ; sb = 765.42254612591
      k =   42 ; sb/Sb = 0.234049910955168 ; sb = 879.440088635824
      k =   41 ; sb/Sb = 0.287276938919796 ; sb = 1079.44008863582
      k =   40 ; sb/Sb = 0.331570653827991 ; sb = 1245.87325840676
      k =   92 ; sb/Sb = 0.420795411500466 ; sb = 1581.13435069156
      k =   39 ; sb/Sb = 0.510020169172941 ; sb = 1916.39544297637
      k =   38 ; sb/Sb = 0.560865216244183 ; sb = 2107.44517472179
      k =   87 ; sb/Sb = 0.616816925235703 ; sb = 2317.68313513808
      k =   37 ; sb/Sb = 0.672768634227223 ; sb = 2527.92109555437
      k =   91 ; sb/Sb = 0.741681706594475 ; sb = 2786.86124307885
      Creating new point: f = 0.328816630282342
    i = 55 ; sf/Sf = 0.755363001607801 ; sf = 2570.5422130816
      k =   46 ; sb/Sb = 0 ; sb = 0
      k =   45 ; sb/Sb = 0.07912766569376 ; sb = 297.32137494637
      k =   44 ; sb/Sb = 0.154777486195949 ; sb = 581.574783017408
      k =   43 ; sb/Sb = 0.203705836337002 ; sb = 765.42254612591
      k =   42 ; sb/Sb = 0.234049910955168 ; sb = 879.440088635824
      k =   41 ; sb/Sb = 0.287276938919796 ; sb = 1079.44008863582
      k =   40 ; sb/Sb = 0.331570653827991 ; sb = 1245.87325840676
      k =   92 ; sb/Sb = 0.420795411500466 ; sb = 1581.13435069156
      k =   39 ; sb/Sb = 0.510020169172941 ; sb = 1916.39544297637
      k =   38 ; sb/Sb = 0.560865216244183 ; sb = 2107.44517472179
      k =   87 ; sb/Sb = 0.616816925235703 ; sb = 2317.68313513808
      k =   37 ; sb/Sb = 0.672768634227223 ; sb = 2527.92109555437
      k =   91 ; sb/Sb = 0.741681706594475 ; sb = 2786.86124307885
      k =   36 ; sb/Sb = 0.810594778961727 ; sb = 3045.80139060333
      Creating new point: f = 0.198529749775422
    i = 56 ; sf/Sf = 0.809307345975712 ; sf = 2754.11781058846
      k =   46 ; sb/Sb = 0 ; sb = 0
      k =   45 ; sb/Sb = 0.07912766569376 ; sb = 297.32137494637
      k =   44 ; sb/Sb = 0.154777486195949 ; sb = 581.574783017408
      k =   43 ; sb/Sb = 0.203705836337002 ; sb = 765.42254612591
      k =   42 ; sb/Sb = 0.234049910955168 ; sb = 879.440088635824
      k =   41 ; sb/Sb = 0.287276938919796 ; sb = 1079.44008863582
      k =   40 ; sb/Sb = 0.331570653827991 ; sb = 1245.87325840676
      k =   92 ; sb/Sb = 0.420795411500466 ; sb = 1581.13435069156
      k =   39 ; sb/Sb = 0.510020169172941 ; sb = 1916.39544297637
      k =   38 ; sb/Sb = 0.560865216244183 ; sb = 2107.44517472179
      k =   87 ; sb/Sb = 0.616816925235703 ; sb = 2317.68313513808
      k =   37 ; sb/Sb = 0.672768634227223 ; sb = 2527.92109555437
      k =   91 ; sb/Sb = 0.741681706594475 ; sb = 2786.86124307885
      k =   36 ; sb/Sb = 0.810594778961727 ; sb = 3045.80139060333
      Creating new point: f = 0.981318014974666
    i = 271 ; sf/Sf = 0.857637102070562 ; sf = 2918.58665262244
      k =   46 ; sb/Sb = 0 ; sb = 0
      k =   45 ; sb/Sb = 0.07912766569376 ; sb = 297.32137494637
      k =   44 ; sb/Sb = 0.154777486195949 ; sb = 581.574783017408
      k =   43 ; sb/Sb = 0.203705836337002 ; sb = 765.42254612591
      k =   42 ; sb/Sb = 0.234049910955168 ; sb = 879.440088635824
      k =   41 ; sb/Sb = 0.287276938919796 ; sb = 1079.44008863582
      k =   40 ; sb/Sb = 0.331570653827991 ; sb = 1245.87325840676
      k =   92 ; sb/Sb = 0.420795411500466 ; sb = 1581.13435069156
      k =   39 ; sb/Sb = 0.510020169172941 ; sb = 1916.39544297637
      k =   38 ; sb/Sb = 0.560865216244183 ; sb = 2107.44517472179
      k =   87 ; sb/Sb = 0.616816925235703 ; sb = 2317.68313513808
      k =   37 ; sb/Sb = 0.672768634227223 ; sb = 2527.92109555437
      k =   91 ; sb/Sb = 0.741681706594475 ; sb = 2786.86124307885
      k =   36 ; sb/Sb = 0.810594778961727 ; sb = 3045.80139060333
      k =  389 ; sb/Sb = 0.857946084221295 ; sb = 3223.72342408991
      Creating new point: f = 0.99347468567046
    i = 57 ; sf/Sf = 0.905966858165413 ; sf = 3083.05549465643
      k =   46 ; sb/Sb = 0 ; sb = 0
      k =   45 ; sb/Sb = 0.07912766569376 ; sb = 297.32137494637
      k =   44 ; sb/Sb = 0.154777486195949 ; sb = 581.574783017408
      k =   43 ; sb/Sb = 0.203705836337002 ; sb = 765.42254612591
      k =   42 ; sb/Sb = 0.234049910955168 ; sb = 879.440088635824
      k =   41 ; sb/Sb = 0.287276938919796 ; sb = 1079.44008863582
      k =   40 ; sb/Sb = 0.331570653827991 ; sb = 1245.87325840676
      k =   92 ; sb/Sb = 0.420795411500466 ; sb = 1581.13435069156
      k =   39 ; sb/Sb = 0.510020169172941 ; sb = 1916.39544297637
      k =   38 ; sb/Sb = 0.560865216244183 ; sb = 2107.44517472179
      k =   87 ; sb/Sb = 0.616816925235703 ; sb = 2317.68313513808
      k =   37 ; sb/Sb = 0.672768634227223 ; sb = 2527.92109555437
      k =   91 ; sb/Sb = 0.741681706594475 ; sb = 2786.86124307885
      k =   36 ; sb/Sb = 0.810594778961727 ; sb = 3045.80139060333
      k =  389 ; sb/Sb = 0.857946084221295 ; sb = 3223.72342408991
      k =  371 ; sb/Sb = 0.905297389480863 ; sb = 3401.64545757649
      k =  383 ; sb/Sb = 0.952648694740431 ; sb = 3579.56749106307
      Creating new point: f = 0.0141383364382364
    i = 59 ; sf/Sf = 0.956509671901503 ; sf = 3255.05549465643
      k =   46 ; sb/Sb = 0 ; sb = 0
      k =   45 ; sb/Sb = 0.07912766569376 ; sb = 297.32137494637
      k =   44 ; sb/Sb = 0.154777486195949 ; sb = 581.574783017408
      k =   43 ; sb/Sb = 0.203705836337002 ; sb = 765.42254612591
      k =   42 ; sb/Sb = 0.234049910955168 ; sb = 879.440088635824
      k =   41 ; sb/Sb = 0.287276938919796 ; sb = 1079.44008863582
      k =   40 ; sb/Sb = 0.331570653827991 ; sb = 1245.87325840676
      k =   92 ; sb/Sb = 0.420795411500466 ; sb = 1581.13435069156
      k =   39 ; sb/Sb = 0.510020169172941 ; sb = 1916.39544297637
      k =   38 ; sb/Sb = 0.560865216244183 ; sb = 2107.44517472179
      k =   87 ; sb/Sb = 0.616816925235703 ; sb = 2317.68313513808
      k =   37 ; sb/Sb = 0.672768634227223 ; sb = 2527.92109555437
      k =   91 ; sb/Sb = 0.741681706594475 ; sb = 2786.86124307885
      k =   36 ; sb/Sb = 0.810594778961727 ; sb = 3045.80139060333
      k =  389 ; sb/Sb = 0.857946084221295 ; sb = 3223.72342408991
      k =  371 ; sb/Sb = 0.905297389480863 ; sb = 3401.64545757649
      k =  383 ; sb/Sb = 0.952648694740431 ; sb = 3579.56749106307
      k =   35 ; sb/Sb = 1 ; sb = 3757.48952454965
      Creating new point: f = 0.0815389806026866
    i = 60 ; sf/Sf = 0.975316300268421 ; sf = 3319.05549465643
      k =   46 ; sb/Sb = 0 ; sb = 0
      k =   45 ; sb/Sb = 0.07912766569376 ; sb = 297.32137494637
      k =   44 ; sb/Sb = 0.154777486195949 ; sb = 581.574783017408
      k =   43 ; sb/Sb = 0.203705836337002 ; sb = 765.42254612591
      k =   42 ; sb/Sb = 0.234049910955168 ; sb = 879.440088635824
      k =   41 ; sb/Sb = 0.287276938919796 ; sb = 1079.44008863582
      k =   40 ; sb/Sb = 0.331570653827991 ; sb = 1245.87325840676
      k =   92 ; sb/Sb = 0.420795411500466 ; sb = 1581.13435069156
      k =   39 ; sb/Sb = 0.510020169172941 ; sb = 1916.39544297637
      k =   38 ; sb/Sb = 0.560865216244183 ; sb = 2107.44517472179
      k =   87 ; sb/Sb = 0.616816925235703 ; sb = 2317.68313513808
      k =   37 ; sb/Sb = 0.672768634227223 ; sb = 2527.92109555437
      k =   91 ; sb/Sb = 0.741681706594475 ; sb = 2786.86124307885
      k =   36 ; sb/Sb = 0.810594778961727 ; sb = 3045.80139060333
      k =  389 ; sb/Sb = 0.857946084221295 ; sb = 3223.72342408991
      k =  371 ; sb/Sb = 0.905297389480863 ; sb = 3401.64545757649
      k =  383 ; sb/Sb = 0.952648694740431 ; sb = 3579.56749106307
      k =   35 ; sb/Sb = 1 ; sb = 3757.48952454965
      Creating new point: f = 0.478711313315039
    i = 61 ; sf/Sf = 0.984719614451879 ; sf = 3351.05549465643
      k =   46 ; sb/Sb = 0 ; sb = 0
      k =   45 ; sb/Sb = 0.07912766569376 ; sb = 297.32137494637
      k =   44 ; sb/Sb = 0.154777486195949 ; sb = 581.574783017408
      k =   43 ; sb/Sb = 0.203705836337002 ; sb = 765.42254612591
      k =   42 ; sb/Sb = 0.234049910955168 ; sb = 879.440088635824
      k =   41 ; sb/Sb = 0.287276938919796 ; sb = 1079.44008863582
      k =   40 ; sb/Sb = 0.331570653827991 ; sb = 1245.87325840676
      k =   92 ; sb/Sb = 0.420795411500466 ; sb = 1581.13435069156
      k =   39 ; sb/Sb = 0.510020169172941 ; sb = 1916.39544297637
      k =   38 ; sb/Sb = 0.560865216244183 ; sb = 2107.44517472179
      k =   87 ; sb/Sb = 0.616816925235703 ; sb = 2317.68313513808
      k =   37 ; sb/Sb = 0.672768634227223 ; sb = 2527.92109555437
      k =   91 ; sb/Sb = 0.741681706594475 ; sb = 2786.86124307885
      k =   36 ; sb/Sb = 0.810594778961727 ; sb = 3045.80139060333
      k =  389 ; sb/Sb = 0.857946084221295 ; sb = 3223.72342408991
      k =  371 ; sb/Sb = 0.905297389480863 ; sb = 3401.64545757649
      k =  383 ; sb/Sb = 0.952648694740431 ; sb = 3579.56749106307
      k =   35 ; sb/Sb = 1 ; sb = 3757.48952454965
      Creating new point: f = 0.677297479671211
    i = 58 ; sf/Sf = 0.994122928635338 ; sf = 3383.05549465643
      k =   46 ; sb/Sb = 0 ; sb = 0
      k =   45 ; sb/Sb = 0.07912766569376 ; sb = 297.32137494637
      k =   44 ; sb/Sb = 0.154777486195949 ; sb = 581.574783017408
      k =   43 ; sb/Sb = 0.203705836337002 ; sb = 765.42254612591
      k =   42 ; sb/Sb = 0.234049910955168 ; sb = 879.440088635824
      k =   41 ; sb/Sb = 0.287276938919796 ; sb = 1079.44008863582
      k =   40 ; sb/Sb = 0.331570653827991 ; sb = 1245.87325840676
      k =   92 ; sb/Sb = 0.420795411500466 ; sb = 1581.13435069156
      k =   39 ; sb/Sb = 0.510020169172941 ; sb = 1916.39544297637
      k =   38 ; sb/Sb = 0.560865216244183 ; sb = 2107.44517472179
      k =   87 ; sb/Sb = 0.616816925235703 ; sb = 2317.68313513808
      k =   37 ; sb/Sb = 0.672768634227223 ; sb = 2527.92109555437
      k =   91 ; sb/Sb = 0.741681706594475 ; sb = 2786.86124307885
      k =   36 ; sb/Sb = 0.810594778961727 ; sb = 3045.80139060333
      k =  389 ; sb/Sb = 0.857946084221295 ; sb = 3223.72342408991
      k =  371 ; sb/Sb = 0.905297389480863 ; sb = 3401.64545757649
      k =  383 ; sb/Sb = 0.952648694740431 ; sb = 3579.56749106307
      k =   35 ; sb/Sb = 1 ; sb = 3757.48952454965
      Creating new point: f = 0.875883646027391
Tear 2 : Sf = 529.016766134255 ; Sb = 506.0632371552
  Backwards path
    i = 11 ; sf/Sf = 0.683128103165145 ; sf = 361.386219991853
      k =   10 ; sb/Sb = 0 ; sb = 0
      k =  429 ; sb/Sb = 0.5 ; sb = 253.0316185776
      k =    9 ; sb/Sb = 1 ; sb = 506.0632371552
      Creating new point: f = 0.366256206330291
Tear 3 : Sf = 1164.45373314832 ; Sb = 1090.56780407869
  Backwards path
    i = 27 ; sf/Sf = 0.181970476775637 ; sf = 211.896201004171
      k =   26 ; sb/Sb = 0 ; sb = 0
      k =  218 ; sb/Sb = 0.170131332007861 ; sb = 185.539753152795
      k =   25 ; sb/Sb = 0.340262664015722 ; sb = 371.079506305589
      Creating new point: f = 0.0695882682399093
    i = 65 ; sf/Sf = 0.380883228604572 ; sf = 443.52089744218
      k =   26 ; sb/Sb = 0 ; sb = 0
      k =  218 ; sb/Sb = 0.170131332007861 ; sb = 185.539753152795
      k =   25 ; sb/Sb = 0.340262664015722 ; sb = 371.079506305589
      k =  180 ; sb/Sb = 0.500991305347347 ; sb = 546.364987735171
      Creating new point: f = 0.252727605063489
    i = 28 ; sf/Sf = 0.579795980433507 ; sf = 675.14559388019
      k =   26 ; sb/Sb = 0 ; sb = 0
      k =  218 ; sb/Sb = 0.170131332007861 ; sb = 185.539753152795
      k =   25 ; sb/Sb = 0.340262664015722 ; sb = 371.079506305589
      k =  180 ; sb/Sb = 0.500991305347347 ; sb = 546.364987735171
      k =   24 ; sb/Sb = 0.661719946678972 ; sb = 721.650469164751
      Creating new point: f = 0.49029640537784
    i = 29 ; sf/Sf = 0.64780723518621 ; sf = 754.341553373077
      k =   26 ; sb/Sb = 0 ; sb = 0
      k =  218 ; sb/Sb = 0.170131332007861 ; sb = 185.539753152795
      k =   25 ; sb/Sb = 0.340262664015722 ; sb = 371.079506305589
      k =  180 ; sb/Sb = 0.500991305347347 ; sb = 546.364987735171
      k =   24 ; sb/Sb = 0.661719946678972 ; sb = 721.650469164751
      Creating new point: f = 0.913439749272464
    i = 30 ; sf/Sf = 0.957061411220852 ; sf = 1114.45373314832
      k =   26 ; sb/Sb = 0 ; sb = 0
      k =  218 ; sb/Sb = 0.170131332007861 ; sb = 185.539753152795
      k =   25 ; sb/Sb = 0.340262664015722 ; sb = 371.079506305589
      k =  180 ; sb/Sb = 0.500991305347347 ; sb = 546.364987735171
      k =   24 ; sb/Sb = 0.661719946678972 ; sb = 721.650469164751
      k =   23 ; sb/Sb = 1 ; sb = 1090.56780407869
      Creating new point: f = 0.873067925945964
Triangulating...
[1] "Non-adjacent points in rim connected by line: 462 44"
[1] "In triangle: 98"  "In triangle: 100"
[1] "Other points in triangles: 436 43"
Merging points...
Projecting to sphere...
Optimising mapping with FIRE...
E =  0.00953 | E_L =  0.00953 | E_A =  0.00000 |   0 flippped triangles
E =  0.00675 | E_L =  0.00675 | E_A =  0.00000 |  80 flippped triangles
        phi0   phi0.1    phi0.2    phi0.3    phi0.4    phi0.5    phi0.6
id   1.00000    3.000     5.000    6.0000  17.00000 34.000000   48.0000
A  959.64247  280.557  4568.838  606.7745  31.52025  8.523166  322.1900
a  -70.29338 -167.615 -4673.286 -672.4120 -29.97178 -9.401929 -358.3979
      phi0.7    phi0.8    phi0.9   phi0.10   phi0.11   phi0.12   phi0.13
id  51.00000    54.000     57.00 58.000000    61.000   62.0000    64.000
A  978.08035  8381.889  19418.76 16.068745  2764.928  683.9269  2316.144
a  -38.58337 -5867.596 -15077.42 -6.021712 -3171.145 -695.7816 -2063.291
     phi0.14   phi0.15   phi0.16   phi0.17   phi0.18   phi0.19   phi0.20
id    72.000     73.00    76.000    80.000    89.000    90.000    97.000
A   1135.131  16276.44  9827.435 13140.794  2087.242  3965.734  2751.172
a  -2072.313 -12923.19 -7985.745 -5640.584 -1589.059 -1671.782 -2357.457
     phi0.21   phi0.22   phi0.23    phi0.24   phi0.25   phi0.26   phi0.27
id    98.000    112.00   113.000   116.0000    140.00    161.00   189.000
A   2097.262  23768.03 21654.677 18720.4194  13047.82  12662.51  5406.856
a  -2791.169 -29396.25 -9739.747  -243.0479 -10527.83 -10579.87 -4377.397
     phi0.28   phi0.29   phi0.30   phi0.31   phi0.32    phi0.33   phi0.34
id   210.000   223.000  230.0000   232.000   233.000 243.000000   253.000
A  16699.748 15892.942  849.6638  4077.954  6436.884  13.180275  3217.242
a  -6040.693 -2366.199 -916.1912 -3462.787 -7015.729  -3.956149 -3001.124
     phi0.35   phi0.36   phi0.37   phi0.38   phi0.39    phi0.40   phi0.41
id   254.000   257.000   260.000   279.000  284.0000 289.000000 307.00000
A   2637.755  2022.895  8406.166  4095.003  656.8441 843.113439 125.26097
a  -2338.012 -1256.919 -3172.687 -3628.203 -276.9212  -3.236715 -93.29616
     phi0.42   phi0.43   phi0.44   phi0.45   phi0.46   phi0.47   phi0.48
id 312.00000   345.000  348.0000  352.0000   354.000   365.000  370.0000
A   25.85426  3222.236  226.7279  448.6022  1655.107  6375.312  278.2311
a  -25.83795 -1999.542 -156.0145 -428.5797 -1232.061 -1179.561 -133.7295
     phi0.49   phi0.50   phi0.51   phi0.52   phi0.53   phi0.54   phi0.55
id  396.0000   424.000   461.000    585.00    586.00  589.0000   590.000
A  2637.2705  2249.182  2889.758  23970.51  17726.28  353.5191  1921.716
a  -190.3379 -2016.980 -2722.924 -11091.38 -11313.65 -206.9991 -1752.950
     phi0.56   phi0.57   phi0.58   phi0.59   phi0.60   phi0.61   phi0.62
id   596.000   597.000   599.000   606.000  618.0000  624.0000   628.000
A   3468.118  2676.419  3678.696  8156.623 2935.5790  310.0800  3406.481
a  -3620.071 -2044.424 -5968.718 -6466.799 -790.3381 -282.8369 -3993.295
     phi0.63    phi0.64  phi0.65   phi0.66   phi0.67   phi0.68   phi0.69
id  634.0000   686.0000   722.00   846.000   847.000   848.000   860.000
A   224.5385 12109.2745 21088.13  5210.315 13274.329  9142.001 13702.842
a  -202.7380  -424.2048 -9249.82 -3966.977 -2711.518 -4980.449 -4528.308
     phi0.70   phi0.71   phi0.72   phi0.73    phi0.74   phi0.75   phi0.76
id   861.000  862.0000    880.00    883.00   888.0000    889.00   911.000
A   6634.521 7639.6520  19533.91  16971.16 20653.0900  20693.60  9960.064
a  -5975.913 -116.5026 -16548.88 -14779.23  -271.6753 -14192.15 -6667.441
     phi0.77   phi0.78   phi0.79
id   916.000   918.000   928.000
A   7798.237  5373.529  4006.176
a  -6410.433 -7477.704 -2856.117
E =  0.00576 | E_L =  0.00576 | E_A =  0.00000 |  56 flippped triangles
        phi0    phi0.1    phi0.2    phi0.3    phi0.4    phi0.5    phi0.6
id     5.000    50.000    54.000     57.00    61.000    72.000     73.00
A   4568.838  7983.066  8381.889  19418.76  2764.928  1135.131  16276.44
a  -4745.706 -1187.591 -6718.187 -17374.15 -3039.093 -1413.150 -17904.58
      phi0.7    phi0.8    phi0.9   phi0.10   phi0.11   phi0.12   phi0.13
id    80.000    81.000    89.000    91.000    109.00    112.00    113.00
A  13140.794 13755.337  2087.242  8150.795  14897.28  23768.03  21654.68
a  -7103.968 -7697.053 -1459.067 -7594.248 -11199.16 -25864.79 -10980.61
     phi0.14   phi0.15   phi0.16   phi0.17   phi0.18   phi0.19   phi0.20
id  178.0000   189.000   212.000  232.0000   233.000   253.000  254.0000
A   546.9138  5406.856 15638.177 4077.9536  6436.884  3217.242 2637.7555
a  -354.3665 -1042.456 -3835.183  -68.3839 -7441.789 -2900.911 -800.4673
    phi0.21   phi0.22   phi0.23   phi0.24   phi0.25   phi0.26   phi0.27
id   256.00  284.0000  341.0000   344.000  352.0000   354.000   424.000
A  11879.15  656.8441  247.2859  1635.693  448.6022  1655.107  2249.182
a  -4315.49 -206.0948 -196.2892 -1591.793 -311.2513 -1490.436 -1863.453
     phi0.28   phi0.29   phi0.30   phi0.31   phi0.32   phi0.33   phi0.34
id   461.000   585.000   586.000  589.0000   590.000   596.000   597.000
A   2889.758 23970.514 17726.280  353.5191  1921.716  3468.118  2676.419
a  -1006.697 -6849.021 -8706.816 -225.2067 -1744.709 -3540.196 -2068.815
     phi0.35   phi0.36   phi0.37   phi0.38   phi0.39   phi0.40   phi0.41
id   599.000   606.000  618.0000  624.0000   628.000  634.0000    684.00
A   3678.696  8156.623 2935.5790  310.0800  3406.481  224.5385  14185.78
a  -6130.744 -6687.596 -931.6939 -226.8969 -4085.879 -226.4768 -11923.39
     phi0.42   phi0.43   phi0.44   phi0.45   phi0.46   phi0.47   phi0.48
id   794.000   844.000   846.000   848.000   860.000   861.000   862.000
A  13126.460 11792.452  5210.315  9142.001 13702.842  6634.521  7639.652
a  -5503.902 -4763.777 -4611.555 -9790.720 -5917.622 -4974.179 -1891.670
     phi0.49   phi0.50   phi0.51   phi0.52   phi0.53   phi0.54   phi0.55
id    880.00    883.00   885.000    888.00    889.00   911.000   916.000
A   19533.91  16971.16 16444.991  20653.09  20693.60  9960.064  7798.237
a  -18275.41 -17696.04 -7641.151 -18530.11 -21411.24 -8047.048 -7757.731
E =  0.00534 | E_L =  0.00534 | E_A =  0.00000 |  56 flippped triangles
        phi0    phi0.1    phi0.2    phi0.3    phi0.4    phi0.5    phi0.6
id     5.000    54.000     57.00    61.000    72.000     73.00    80.000
A   4568.838  8381.889  19418.76  2764.928  1135.131  16276.44 13140.794
a  -4989.727 -5869.361 -15660.19 -3207.204 -1672.554 -16017.70 -2956.672
      phi0.7    phi0.8    phi0.9   phi0.10   phi0.11   phi0.12   phi0.13
id    81.000    89.000    91.000    109.00    112.00    113.00  178.0000
A  13755.337  2087.242  8150.795  14897.28  23768.03  21654.68  546.9138
a  -3077.701 -1026.904 -1986.671 -10643.48 -25867.09 -10675.68 -395.6261
      phi0.14   phi0.15   phi0.16   phi0.17   phi0.18   phi0.19   phi0.20
id  227.00000  230.0000   233.000   252.000   253.000   254.000  284.0000
A    94.03467  849.6638  6436.884  6650.448  3217.242  2637.755  656.8441
a  -102.96370 -313.6671 -6963.811 -8589.270 -2693.004 -1905.549 -204.4259
      phi0.21   phi0.22   phi0.23   phi0.24   phi0.25   phi0.26   phi0.27
id  288.00000  341.0000   344.000   345.000  352.0000   354.000   372.000
A  3226.67200  247.2859  1635.693  3222.236  448.6022  1655.107  2002.484
a   -12.36785 -278.6750 -1445.811 -3305.954 -371.1409 -1854.119 -2158.729
     phi0.28   phi0.29   phi0.30   phi0.31   phi0.32   phi0.33   phi0.34
id   424.000    585.00    586.00  589.0000   590.000   596.000   599.000
A   2249.182  23970.51  17726.28  353.5191  1921.716  3468.118  3678.696
a  -1720.050 -13553.13 -13231.46 -288.0239 -1297.495 -3857.391 -5993.707
     phi0.35   phi0.36   phi0.37   phi0.38   phi0.39   phi0.40   phi0.41
id   606.000   618.000   622.000  623.0000  624.0000   628.000    684.00
A   8156.623  2935.579  7213.961 1685.5827  310.0800  3406.481  14185.78
a  -7960.476 -4704.438 -2034.281 -209.3549 -209.1952 -4167.964 -12448.50
    phi0.42   phi0.43   phi0.44   phi0.45   phi0.46   phi0.47   phi0.48
id   794.00   844.000   846.000   848.000   858.000    860.00   861.000
A  13126.46 11792.452  5210.315  9142.001 10874.089  13702.84  6634.521
a  -5880.81 -5139.022 -4592.714 -9788.749 -9861.771 -12573.70 -5822.492
     phi0.49   phi0.50  phi0.51   phi0.52   phi0.53   phi0.54   phi0.55
id    880.00    883.00   885.00    888.00    889.00   911.000   916.000
A   19533.91  16971.16 16444.99  20653.09  20693.60  9960.064  7798.237
a  -17928.25 -16860.74 -2845.65 -17869.94 -20808.28 -8727.823 -7475.870
E =  0.00528 | E_L =  0.00528 | E_A =  0.00000 |  56 flippped triangles
        phi0    phi0.1    phi0.2    phi0.3    phi0.4    phi0.5    phi0.6
id     5.000   54.0000    57.000    61.000    72.000    73.000   89.0000
A   4568.838 8381.8886 19418.760  2764.928  1135.131 16276.439 2087.2415
a  -5075.999 -845.3531 -9880.673 -3037.477 -1507.128 -9800.298 -571.0892
      phi0.7    phi0.8    phi0.9   phi0.10    phi0.11   phi0.12   phi0.13
id    109.00    112.00    113.00  178.0000  227.00000  230.0000   233.000
A   14897.28  23768.03  21654.68  546.9138   94.03467  849.6638  6436.884
a  -10593.58 -25620.20 -11027.98 -434.2601 -103.09556 -535.0811 -4321.188
     phi0.14   phi0.15   phi0.16   phi0.17   phi0.18   phi0.19   phi0.20
id   252.000   253.000   254.000  284.0000   288.000  341.0000   344.000
A   6650.448  3217.242  2637.755  656.8441  3226.672  247.2859  1635.693
a  -7830.477 -2871.823 -1844.963 -214.9810 -1224.491 -261.6632 -1393.300
     phi0.21   phi0.22   phi0.23   phi0.24   phi0.25   phi0.26   phi0.27
id   345.000  352.0000   354.000   372.000   424.000    585.00    586.00
A   3222.236  448.6022  1655.107  2002.484  2249.182  23970.51  17726.28
a  -2732.869 -402.2167 -1743.617 -1974.338 -2209.952 -14609.13 -13409.18
     phi0.28   phi0.29   phi0.30   phi0.31   phi0.32   phi0.33   phi0.34
id  589.0000   590.000  594.0000   596.000   599.000   606.000   618.000
A   353.5191  1921.716  255.9941  3468.118  3678.696  8156.623  2935.579
a  -290.0347 -1785.718 -247.1475 -3079.860 -6178.824 -7895.145 -5002.478
     phi0.35   phi0.36   phi0.37  phi0.38   phi0.39   phi0.40   phi0.41
id   621.000   622.000   623.000  624.000   628.000  634.0000    684.00
A   1610.847  7213.961  1685.583  310.080  3406.481  224.5385  14185.78
a  -1659.248 -2453.127 -1703.777 -218.481 -4196.569 -236.4976 -12871.83
     phi0.42   phi0.43   phi0.44   phi0.45   phi0.46   phi0.47   phi0.48
id   794.000   844.000   846.000   848.000   858.000    860.00   861.000
A  13126.460 11792.452  5210.315  9142.001 10874.089  13702.84  6634.521
a  -6157.356 -5500.991 -4562.214 -9614.664 -9287.596 -12590.46 -5480.288
     phi0.49   phi0.50   phi0.51   phi0.52   phi0.53   phi0.54   phi0.55
id    880.00    883.00   885.000    888.00    889.00   911.000   916.000
A   19533.91  16971.16 16444.991  20653.09  20693.60  9960.064  7798.237
a  -17567.79 -17203.78 -8251.261 -18164.65 -20969.81 -8873.520 -7287.098
E =  0.00528 | E_L =  0.00528 | E_A =  0.00000 |  56 flippped triangles
        phi0    phi0.1    phi0.2    phi0.3    phi0.4    phi0.5    phi0.6
id     5.000    57.000    61.000    72.000    73.000   89.0000   91.0000
A   4568.838 19418.760  2764.928  1135.131 16276.439 2087.2415 8150.7947
a  -5053.037 -8703.777 -3124.407 -1513.356 -9173.644 -733.3031 -951.3009
      phi0.7    phi0.8    phi0.9   phi0.10    phi0.11   phi0.12   phi0.13
id    109.00    112.00    113.00  178.0000  227.00000  230.0000   233.000
A   14897.28  23768.03  21654.68  546.9138   94.03467  849.6638  6436.884
a  -10460.41 -25335.12 -10025.66 -417.4770 -100.85107 -336.5378 -3268.737
     phi0.14   phi0.15   phi0.16   phi0.17   phi0.18   phi0.19   phi0.20
id   252.000   253.000   254.000  284.0000   288.000  341.0000   344.000
A   6650.448  3217.242  2637.755  656.8441  3226.672  247.2859  1635.693
a  -8028.694 -2686.142 -1611.304 -204.7061 -1576.354 -264.9440 -1437.019
     phi0.21   phi0.22   phi0.23   phi0.24   phi0.25   phi0.26   phi0.27
id   345.000  352.0000   354.000   372.000   424.000    585.00    586.00
A   3222.236  448.6022  1655.107  2002.484  2249.182  23970.51  17726.28
a  -2748.062 -384.5003 -1767.613 -2027.684 -2187.088 -14425.94 -13591.02
     phi0.28   phi0.29   phi0.30   phi0.31   phi0.32   phi0.33   phi0.34
id  589.0000   590.000  594.0000   596.000   599.000   606.000   618.000
A   353.5191  1921.716  255.9941  3468.118  3678.696  8156.623  2935.579
a  -289.6282 -1723.335 -240.7324 -2812.569 -6156.558 -7927.535 -5087.787
     phi0.35   phi0.36   phi0.37   phi0.38   phi0.39   phi0.40   phi0.41
id   621.000   622.000   623.000  624.0000   628.000  634.0000    684.00
A   1610.847  7213.961  1685.583  310.0800  3406.481  224.5385  14185.78
a  -1583.261 -2681.223 -1690.003 -202.9283 -4149.350 -235.1524 -13350.14
    phi0.42   phi0.43   phi0.44   phi0.45   phi0.46   phi0.47   phi0.48
id   794.00   844.000   846.000   848.000   858.000    860.00   861.000
A  13126.46 11792.452  5210.315  9142.001 10874.089  13702.84  6634.521
a  -5608.51 -5971.165 -4559.339 -9598.467 -9462.556 -12787.26 -5599.761
     phi0.49   phi0.50   phi0.51   phi0.52   phi0.53   phi0.54   phi0.55
id    880.00    883.00   885.000    888.00    889.00   911.000   916.000
A   19533.91  16971.16 16444.991  20653.09  20693.60  9960.064  7798.237
a  -17627.59 -17083.81 -6219.763 -18101.42 -20721.86 -8897.719 -7393.664
FIRE:  3  stops.  18 hits of maxmove.  0 hits of dtmax.
Frms = 2.3100885960797e-06; Ftanrms = 2.30331683982236e-06
E =  0.01510 | E_L =  0.01510 | E_A =  0.00000 |   0 flippped triangles
E =  0.00871 | E_L =  0.00870 | E_A =  0.00000 |   0 flippped triangles
E =  0.00838 | E_L =  0.00838 | E_A =  0.00000 |   0 flippped triangles
E =  0.00816 | E_L =  0.00816 | E_A =  0.00000 |   0 flippped triangles
E =  0.00808 | E_L =  0.00808 | E_A =  0.00000 |   0 flippped triangles
E =  0.00799 | E_L =  0.00799 | E_A =  0.00000 |   0 flippped triangles
E =  0.00796 | E_L =  0.00796 | E_A =  0.00000 |   0 flippped triangles
E =  0.00795 | E_L =  0.00795 | E_A =  0.00000 |   0 flippped triangles
E =  0.00795 | E_L =  0.00795 | E_A =  0.00000 |   0 flippped triangles
Optimising mapping with BFGS...
E =  0.00795 | E_L =  0.00795 | E_A =  0.00000 |   0 flippped triangles
Transforming image...
Mapping optimised. Error: 0.007947752 ; 0 flipped triangles.
Inferring coordinates of datapoints
Inferring coordinates of landmarks
Mapping optimised. Error: 0.007947752 ; 0 flipped triangles. OD displacement: 9.730567 degrees.
Computing Kernel Density estimates of datapoints

[1] 0.8
Saving developmental_retina/data/C57BL6J/P0/single/GM116-7/R-CONTRA/r.mat
