[1] "Adding old segment 1"
[1] "Adding old segment 2"
[1] "Adding old segment 3"
[1] "Adding old segment 4"
[1] "Adding old segment 5"
[1] "Adding old segment 10"
[1] "Adding old segment 9"
[1] "Adding old segment 8"
[1] "Adding old segment 7"
[1] "Intersection found. Old points:"
    X     Y 
-1600  -401 
   X    Y 
-670 -511 
   X    Y 
-710 -511 
   X    Y 
-180 -471 
[1] "Point i+1 has been changed:"
    X     Y 
-1600  -401 
        X         Y 
-685.5812 -509.1571 
   X    Y 
-710 -511 
   X    Y 
-180 -471 
[1] "a= 0.098615634391475"
[1] "l= 507.018996617866"
[1] "New points:"
    X     Y 
-1600  -401 
        X         Y 
-685.5812 -509.1571 
        X         Y 
-229.8582 -474.7629 
   X    Y 
-180 -471 
[1] "Storing new segment 1"
[1] "Adding old segment 6"
[1] "Storing new segment 2"
simplify.outline: Removing vertex 28
simplify.outline: Removing vertex 31
simplify.outline: Removing vertex 59
simplify.outline: Removing vertex 63
Triangulating...
[1] "Non-adjacent points in rim connected by line: 13 11"
[1] "In triangle: 48" "In triangle: 59"
[1] "Other points in triangles: 12 144"
[1] "Non-adjacent points in rim connected by line: 23 21"
[1] "In triangle: 1"  "In triangle: 13"
[1] "Other points in triangles: 22 100"
[1] "Non-adjacent points in rim connected by line: 57 55"
[1] "In triangle: 113" "In triangle: 179"
[1] "Other points in triangles: 56 134"
[1] "Non-adjacent points in rim connected by line: 73 71"
[1] "In triangle: 133" "In triangle: 134"
[1] "Other points in triangles: 72 74"
[1] "Non-adjacent points in rim connected by line: 74 71"
[1] "In triangle: 53"  "In triangle: 790"
[1] "Other points in triangles: 171 444"
[1] "Non-adjacent points in rim connected by line: 87 39"
[1] "In triangle: 2"  "In triangle: 83"
[1] "Other points in triangles: 40 95"
Stitching...
Tear 1 child of rim
Tear 2 child of rim
Tear 3 child of rim
Tear 4 child of rim
Tear 5 child of rim
Tear 1 : Sf = 2817.31203982848 ; Sb = 2070.34517341658
  Forwards path
    i = 324 ; sf/Sf = 0.115480985102295 ; sf = 325.345969699949
      k =   78 ; sb/Sb = 0 ; sb = 0
      k =   77 ; sb/Sb = 0.0550717551710263 ; sb = 114.017542509914
      k =   76 ; sb/Sb = 0.157420003050142 ; sb = 325.913743514085
      Creating new point: f = 0.590232184556971
    i = 79 ; sf/Sf = 0.23096197020459 ; sf = 650.691939399898
      k =   78 ; sb/Sb = 0 ; sb = 0
      k =   77 ; sb/Sb = 0.0550717551710263 ; sb = 114.017542509914
      k =   76 ; sb/Sb = 0.157420003050142 ; sb = 325.913743514085
      k =   75 ; sb/Sb = 0.376485705060347 ; sb = 779.455362332027
      Creating new point: f = 0.335707353910757
    i = 80 ; sf/Sf = 0.477516909683279 ; sf = 1345.31413887239
      k =   78 ; sb/Sb = 0 ; sb = 0
      k =   77 ; sb/Sb = 0.0550717551710263 ; sb = 114.017542509914
      k =   76 ; sb/Sb = 0.157420003050142 ; sb = 325.913743514085
      k =   75 ; sb/Sb = 0.376485705060347 ; sb = 779.455362332027
      k =   74 ; sb/Sb = 0.749531772210321 ; sb = 1551.78948691801
      Creating new point: f = 0.270827689981556
    i = 81 ; sf/Sf = 0.656158527711897 ; sf = 1848.60332015885
      k =   78 ; sb/Sb = 0 ; sb = 0
      k =   77 ; sb/Sb = 0.0550717551710263 ; sb = 114.017542509914
      k =   76 ; sb/Sb = 0.157420003050142 ; sb = 325.913743514085
      k =   75 ; sb/Sb = 0.376485705060347 ; sb = 779.455362332027
      k =   74 ; sb/Sb = 0.749531772210321 ; sb = 1551.78948691801
      Creating new point: f = 0.749700498890703
    i = 82 ; sf/Sf = 0.792062463438109 ; sf = 2231.48711454039
      k =   78 ; sb/Sb = 0 ; sb = 0
      k =   77 ; sb/Sb = 0.0550717551710263 ; sb = 114.017542509914
      k =   76 ; sb/Sb = 0.157420003050142 ; sb = 325.913743514085
      k =   75 ; sb/Sb = 0.376485705060347 ; sb = 779.455362332027
      k =   74 ; sb/Sb = 0.749531772210321 ; sb = 1551.78948691801
      k =   73 ; sb/Sb = 1 ; sb = 2070.34517341658
      Creating new point: f = 0.169804735726808
    i = 83 ; sf/Sf = 0.881858059111236 ; sf = 2484.46932735386
      k =   78 ; sb/Sb = 0 ; sb = 0
      k =   77 ; sb/Sb = 0.0550717551710263 ; sb = 114.017542509914
      k =   76 ; sb/Sb = 0.157420003050142 ; sb = 325.913743514085
      k =   75 ; sb/Sb = 0.376485705060347 ; sb = 779.455362332027
      k =   74 ; sb/Sb = 0.749531772210321 ; sb = 1551.78948691801
      k =   73 ; sb/Sb = 1 ; sb = 2070.34517341658
      Creating new point: f = 0.528315659310015
    i = 84 ; sf/Sf = 0.982252587113835 ; sf = 2767.31203982848
      k =   78 ; sb/Sb = 0 ; sb = 0
      k =   77 ; sb/Sb = 0.0550717551710263 ; sb = 114.017542509914
      k =   76 ; sb/Sb = 0.157420003050142 ; sb = 325.913743514085
      k =   75 ; sb/Sb = 0.376485705060347 ; sb = 779.455362332027
      k =   74 ; sb/Sb = 0.749531772210321 ; sb = 1551.78948691801
      k =   73 ; sb/Sb = 1 ; sb = 2070.34517341658
      Creating new point: f = 0.929143057214157
Tear 2 : Sf = 4376.12971538644 ; Sb = 5625.45788921764
  Forwards path
    i = 25 ; sf/Sf = 0.0868647825585298 ; sf = 380.131556174964
      k =   24 ; sb/Sb = 0 ; sb = 0
      k =   23 ; sb/Sb = 0.135310459050519 ; sb = 761.183289359403
      Creating new point: f = 0.641966505531537
    i = 26 ; sf/Sf = 0.162825831337117 ; sf = 712.546958946858
      k =   24 ; sb/Sb = 0 ; sb = 0
      k =   23 ; sb/Sb = 0.135310459050519 ; sb = 761.183289359403
      k =   22 ; sb/Sb = 0.168519385435119 ; sb = 947.998706282097
      Creating new point: f = 0.828553502993029
    i = 27 ; sf/Sf = 0.24319595991552 ; sf = 1064.25706684824
      k =   24 ; sb/Sb = 0 ; sb = 0
      k =   23 ; sb/Sb = 0.135310459050519 ; sb = 761.183289359403
      k =   22 ; sb/Sb = 0.168519385435119 ; sb = 947.998706282097
      k =   21 ; sb/Sb = 0.191900498043172 ; sb = 1079.52817066176
      k =   20 ; sb/Sb = 0.227453159522221 ; sb = 1279.52817066176
      k =   19 ; sb/Sb = 0.254117655631508 ; sb = 1429.52817066176
      Creating new point: f = 0.590403071139084
    i = 28 ; sf/Sf = 0.357953797055007 ; sf = 1566.45224802783
      k =   24 ; sb/Sb = 0 ; sb = 0
      k =   23 ; sb/Sb = 0.135310459050519 ; sb = 761.183289359403
      k =   22 ; sb/Sb = 0.168519385435119 ; sb = 947.998706282097
      k =   21 ; sb/Sb = 0.191900498043172 ; sb = 1079.52817066176
      k =   20 ; sb/Sb = 0.227453159522221 ; sb = 1279.52817066176
      k =   19 ; sb/Sb = 0.254117655631508 ; sb = 1429.52817066176
      k =   18 ; sb/Sb = 0.319311000536068 ; sb = 1796.2705870796
      k =   85 ; sb/Sb = 0.370685826554464 ; sb = 2085.27750741197
      Creating new point: f = 0.752173769018753
    i = 29 ; sf/Sf = 0.433914845833594 ; sf = 1898.86765079972
      k =   24 ; sb/Sb = 0 ; sb = 0
      k =   23 ; sb/Sb = 0.135310459050519 ; sb = 761.183289359403
      k =   22 ; sb/Sb = 0.168519385435119 ; sb = 947.998706282097
      k =   21 ; sb/Sb = 0.191900498043172 ; sb = 1079.52817066176
      k =   20 ; sb/Sb = 0.227453159522221 ; sb = 1279.52817066176
      k =   19 ; sb/Sb = 0.254117655631508 ; sb = 1429.52817066176
      k =   18 ; sb/Sb = 0.319311000536068 ; sb = 1796.2705870796
      k =   85 ; sb/Sb = 0.370685826554464 ; sb = 2085.27750741197
      k =   17 ; sb/Sb = 0.42206065257286 ; sb = 2374.28442774434
      k =   16 ; sb/Sb = 0.430948817942622 ; sb = 2424.28442774434
      k =   15 ; sb/Sb = 0.476199968380539 ; sb = 2678.84286897149
      Creating new point: f = 0.0655459112590232
    i = 30 ; sf/Sf = 0.538132544965344 ; sf = 2354.93782083937
      k =   24 ; sb/Sb = 0 ; sb = 0
      k =   23 ; sb/Sb = 0.135310459050519 ; sb = 761.183289359403
      k =   22 ; sb/Sb = 0.168519385435119 ; sb = 947.998706282097
      k =   21 ; sb/Sb = 0.191900498043172 ; sb = 1079.52817066176
      k =   20 ; sb/Sb = 0.227453159522221 ; sb = 1279.52817066176
      k =   19 ; sb/Sb = 0.254117655631508 ; sb = 1429.52817066176
      k =   18 ; sb/Sb = 0.319311000536068 ; sb = 1796.2705870796
      k =   85 ; sb/Sb = 0.370685826554464 ; sb = 2085.27750741197
      k =   17 ; sb/Sb = 0.42206065257286 ; sb = 2374.28442774434
      k =   16 ; sb/Sb = 0.430948817942622 ; sb = 2424.28442774434
      k =   15 ; sb/Sb = 0.476199968380539 ; sb = 2678.84286897149
      k =   14 ; sb/Sb = 0.560707679987692 ; sb = 3154.23744193168
      Creating new point: f = 0.732863018143339
    i = 157 ; sf/Sf = 0.631375694003496 ; sf = 2762.98193610144
      k =   24 ; sb/Sb = 0 ; sb = 0
      k =   23 ; sb/Sb = 0.135310459050519 ; sb = 761.183289359403
      k =   22 ; sb/Sb = 0.168519385435119 ; sb = 947.998706282097
      k =   21 ; sb/Sb = 0.191900498043172 ; sb = 1079.52817066176
      k =   20 ; sb/Sb = 0.227453159522221 ; sb = 1279.52817066176
      k =   19 ; sb/Sb = 0.254117655631508 ; sb = 1429.52817066176
      k =   18 ; sb/Sb = 0.319311000536068 ; sb = 1796.2705870796
      k =   85 ; sb/Sb = 0.370685826554464 ; sb = 2085.27750741197
      k =   17 ; sb/Sb = 0.42206065257286 ; sb = 2374.28442774434
      k =   16 ; sb/Sb = 0.430948817942622 ; sb = 2424.28442774434
      k =   15 ; sb/Sb = 0.476199968380539 ; sb = 2678.84286897149
      k =   14 ; sb/Sb = 0.560707679987692 ; sb = 3154.23744193168
      k =   92 ; sb/Sb = 0.657458126066933 ; sb = 3698.50300211348
      Creating new point: f = 0.730415381836328
    i = 31 ; sf/Sf = 0.724618843041648 ; sf = 3171.0260513635
      k =   24 ; sb/Sb = 0 ; sb = 0
      k =   23 ; sb/Sb = 0.135310459050519 ; sb = 761.183289359403
      k =   22 ; sb/Sb = 0.168519385435119 ; sb = 947.998706282097
      k =   21 ; sb/Sb = 0.191900498043172 ; sb = 1079.52817066176
      k =   20 ; sb/Sb = 0.227453159522221 ; sb = 1279.52817066176
      k =   19 ; sb/Sb = 0.254117655631508 ; sb = 1429.52817066176
      k =   18 ; sb/Sb = 0.319311000536068 ; sb = 1796.2705870796
      k =   85 ; sb/Sb = 0.370685826554464 ; sb = 2085.27750741197
      k =   17 ; sb/Sb = 0.42206065257286 ; sb = 2374.28442774434
      k =   16 ; sb/Sb = 0.430948817942622 ; sb = 2424.28442774434
      k =   15 ; sb/Sb = 0.476199968380539 ; sb = 2678.84286897149
      k =   14 ; sb/Sb = 0.560707679987692 ; sb = 3154.23744193168
      k =   92 ; sb/Sb = 0.657458126066933 ; sb = 3698.50300211348
      k =   13 ; sb/Sb = 0.754208572146175 ; sb = 4242.76856229527
      Creating new point: f = 0.69416441676877
    i = 32 ; sf/Sf = 0.870938185791465 ; sf = 3811.33847510679
      k =   24 ; sb/Sb = 0 ; sb = 0
      k =   23 ; sb/Sb = 0.135310459050519 ; sb = 761.183289359403
      k =   22 ; sb/Sb = 0.168519385435119 ; sb = 947.998706282097
      k =   21 ; sb/Sb = 0.191900498043172 ; sb = 1079.52817066176
      k =   20 ; sb/Sb = 0.227453159522221 ; sb = 1279.52817066176
      k =   19 ; sb/Sb = 0.254117655631508 ; sb = 1429.52817066176
      k =   18 ; sb/Sb = 0.319311000536068 ; sb = 1796.2705870796
      k =   85 ; sb/Sb = 0.370685826554464 ; sb = 2085.27750741197
      k =   17 ; sb/Sb = 0.42206065257286 ; sb = 2374.28442774434
      k =   16 ; sb/Sb = 0.430948817942622 ; sb = 2424.28442774434
      k =   15 ; sb/Sb = 0.476199968380539 ; sb = 2678.84286897149
      k =   14 ; sb/Sb = 0.560707679987692 ; sb = 3154.23744193168
      k =   92 ; sb/Sb = 0.657458126066933 ; sb = 3698.50300211348
      k =   13 ; sb/Sb = 0.754208572146175 ; sb = 4242.76856229527
      k =   12 ; sb/Sb = 0.80847735461002 ; sb = 4548.05531274474
      k =   11 ; sb/Sb = 0.830751033184982 ; sb = 4673.35495360616
      k =   10 ; sb/Sb = 0.854929457015698 ; sb = 4809.36965869351
      k =  348 ; sb/Sb = 0.927464728507849 ; sb = 5217.41377395558
      Creating new point: f = 0.220702679488811
    i = 33 ; sf/Sf = 0.89854944679022 ; sf = 3932.16893484273
      k =   24 ; sb/Sb = 0 ; sb = 0
      k =   23 ; sb/Sb = 0.135310459050519 ; sb = 761.183289359403
      k =   22 ; sb/Sb = 0.168519385435119 ; sb = 947.998706282097
      k =   21 ; sb/Sb = 0.191900498043172 ; sb = 1079.52817066176
      k =   20 ; sb/Sb = 0.227453159522221 ; sb = 1279.52817066176
      k =   19 ; sb/Sb = 0.254117655631508 ; sb = 1429.52817066176
      k =   18 ; sb/Sb = 0.319311000536068 ; sb = 1796.2705870796
      k =   85 ; sb/Sb = 0.370685826554464 ; sb = 2085.27750741197
      k =   17 ; sb/Sb = 0.42206065257286 ; sb = 2374.28442774434
      k =   16 ; sb/Sb = 0.430948817942622 ; sb = 2424.28442774434
      k =   15 ; sb/Sb = 0.476199968380539 ; sb = 2678.84286897149
      k =   14 ; sb/Sb = 0.560707679987692 ; sb = 3154.23744193168
      k =   92 ; sb/Sb = 0.657458126066933 ; sb = 3698.50300211348
      k =   13 ; sb/Sb = 0.754208572146175 ; sb = 4242.76856229527
      k =   12 ; sb/Sb = 0.80847735461002 ; sb = 4548.05531274474
      k =   11 ; sb/Sb = 0.830751033184982 ; sb = 4673.35495360616
      k =   10 ; sb/Sb = 0.854929457015698 ; sb = 4809.36965869351
      k =  348 ; sb/Sb = 0.927464728507849 ; sb = 5217.41377395558
      Creating new point: f = 0.601362466524193
    i = 34 ; sf/Sf = 0.945157018733663 ; sf = 4136.12971538644
      k =   24 ; sb/Sb = 0 ; sb = 0
      k =   23 ; sb/Sb = 0.135310459050519 ; sb = 761.183289359403
      k =   22 ; sb/Sb = 0.168519385435119 ; sb = 947.998706282097
      k =   21 ; sb/Sb = 0.191900498043172 ; sb = 1079.52817066176
      k =   20 ; sb/Sb = 0.227453159522221 ; sb = 1279.52817066176
      k =   19 ; sb/Sb = 0.254117655631508 ; sb = 1429.52817066176
      k =   18 ; sb/Sb = 0.319311000536068 ; sb = 1796.2705870796
      k =   85 ; sb/Sb = 0.370685826554464 ; sb = 2085.27750741197
      k =   17 ; sb/Sb = 0.42206065257286 ; sb = 2374.28442774434
      k =   16 ; sb/Sb = 0.430948817942622 ; sb = 2424.28442774434
      k =   15 ; sb/Sb = 0.476199968380539 ; sb = 2678.84286897149
      k =   14 ; sb/Sb = 0.560707679987692 ; sb = 3154.23744193168
      k =   92 ; sb/Sb = 0.657458126066933 ; sb = 3698.50300211348
      k =   13 ; sb/Sb = 0.754208572146175 ; sb = 4242.76856229527
      k =   12 ; sb/Sb = 0.80847735461002 ; sb = 4548.05531274474
      k =   11 ; sb/Sb = 0.830751033184982 ; sb = 4673.35495360616
      k =   10 ; sb/Sb = 0.854929457015698 ; sb = 4809.36965869351
      k =  348 ; sb/Sb = 0.927464728507849 ; sb = 5217.41377395558
      k =    9 ; sb/Sb = 1 ; sb = 5625.45788921764
      Creating new point: f = 0.243912924868948
Tear 3 : Sf = 3012.23423013384 ; Sb = 2453.05657584735
  Forwards path
    i = 143 ; sf/Sf = 0.151205636322787 ; sf = 455.466793520669
      k =   62 ; sb/Sb = 0 ; sb = 0
      k =   61 ; sb/Sb = 0.111938145682624 ; sb = 274.59060435492
      k =   60 ; sb/Sb = 0.259258930514919 ; sb = 635.976824346773
      Creating new point: f = 0.266544131467017
    i = 63 ; sf/Sf = 0.302411272645575 ; sf = 910.933587041339
      k =   62 ; sb/Sb = 0 ; sb = 0
      k =   61 ; sb/Sb = 0.111938145682624 ; sb = 274.59060435492
      k =   60 ; sb/Sb = 0.259258930514919 ; sb = 635.976824346773
      k =   59 ; sb/Sb = 0.434881942561409 ; sb = 1066.79000891753
      Creating new point: f = 0.245710067421193
    i = 64 ; sf/Sf = 0.387504294229138 ; sf = 1167.25369940086
      k =   62 ; sb/Sb = 0 ; sb = 0
      k =   61 ; sb/Sb = 0.111938145682624 ; sb = 274.59060435492
      k =   60 ; sb/Sb = 0.259258930514919 ; sb = 635.976824346773
      k =   59 ; sb/Sb = 0.434881942561409 ; sb = 1066.79000891753
      Creating new point: f = 0.730230977249557
    i = 65 ; sf/Sf = 0.559654149413383 ; sf = 1685.80938589943
      k =   62 ; sb/Sb = 0 ; sb = 0
      k =   61 ; sb/Sb = 0.111938145682624 ; sb = 274.59060435492
      k =   60 ; sb/Sb = 0.259258930514919 ; sb = 635.976824346773
      k =   59 ; sb/Sb = 0.434881942561409 ; sb = 1066.79000891753
      k =   58 ; sb/Sb = 0.482596699839995 ; sb = 1183.83700802473
      k =   57 ; sb/Sb = 0.779037624059904 ; sb = 1911.02336653264
      Creating new point: f = 0.259942009613438
    i = 66 ; sf/Sf = 0.663897825493048 ; sf = 1999.81575526158
      k =   62 ; sb/Sb = 0 ; sb = 0
      k =   61 ; sb/Sb = 0.111938145682624 ; sb = 274.59060435492
      k =   60 ; sb/Sb = 0.259258930514919 ; sb = 635.976824346773
      k =   59 ; sb/Sb = 0.434881942561409 ; sb = 1066.79000891753
      k =   58 ; sb/Sb = 0.482596699839995 ; sb = 1183.83700802473
      k =   57 ; sb/Sb = 0.779037624059904 ; sb = 1911.02336653264
      Creating new point: f = 0.611592768880177
    i = 67 ; sf/Sf = 0.762936829438724 ; sf = 2298.14443306511
      k =   62 ; sb/Sb = 0 ; sb = 0
      k =   61 ; sb/Sb = 0.111938145682624 ; sb = 274.59060435492
      k =   60 ; sb/Sb = 0.259258930514919 ; sb = 635.976824346773
      k =   59 ; sb/Sb = 0.434881942561409 ; sb = 1066.79000891753
      k =   58 ; sb/Sb = 0.482596699839995 ; sb = 1183.83700802473
      k =   57 ; sb/Sb = 0.779037624059904 ; sb = 1911.02336653264
      Creating new point: f = 0.945686329701105
    i = 68 ; sf/Sf = 0.835745616949537 ; sf = 2517.46155505972
      k =   62 ; sb/Sb = 0 ; sb = 0
      k =   61 ; sb/Sb = 0.111938145682624 ; sb = 274.59060435492
      k =   60 ; sb/Sb = 0.259258930514919 ; sb = 635.976824346773
      k =   59 ; sb/Sb = 0.434881942561409 ; sb = 1066.79000891753
      k =   58 ; sb/Sb = 0.482596699839995 ; sb = 1183.83700802473
      k =   57 ; sb/Sb = 0.779037624059904 ; sb = 1911.02336653264
      k =   56 ; sb/Sb = 1 ; sb = 2453.05657584735
      Creating new point: f = 0.256640944633068
Tear 4 : Sf = 1427.22707520835 ; Sb = 1343.71033482526
  Forwards path
    i = 48 ; sf/Sf = 0.113194982788881 ; sf = 161.554944214035
      k =   47 ; sb/Sb = 0 ; sb = 0
      k =   46 ; sb/Sb = 0.189736559340219 ; sb = 254.950975679639
      Creating new point: f = 0.59659025747331
    i = 49 ; sf/Sf = 0.478949903300967 ; sf = 683.570269659563
      k =   47 ; sb/Sb = 0 ; sb = 0
      k =   46 ; sb/Sb = 0.189736559340219 ; sb = 254.950975679639
      k =   45 ; sb/Sb = 0.383802266397549 ; sb = 515.719071887745
      k =   44 ; sb/Sb = 0.752166439837467 ; sb = 1010.69381871833
      Creating new point: f = 0.258297749248779
    i = 50 ; sf/Sf = 0.759213644753325 ; sf = 1083.57026965956
      k =   47 ; sb/Sb = 0 ; sb = 0
      k =   46 ; sb/Sb = 0.189736559340219 ; sb = 254.950975679639
      k =   45 ; sb/Sb = 0.383802266397549 ; sb = 515.719071887745
      k =   44 ; sb/Sb = 0.752166439837467 ; sb = 1010.69381871833
      k =   43 ; sb/Sb = 1 ; sb = 1343.71033482526
      Creating new point: f = 0.028435232545732
Tear 5 : Sf = 410.121933088198 ; Sb = 366.742416417845
  Forwards path
Tear 1 : Sf = 2070.34517341658 ; Sb = 2817.31203982848
  Backwards path
    i = 77 ; sf/Sf = 0.0550717551710263 ; sf = 114.017542509914
      k =   78 ; sb/Sb = 0 ; sb = 0
      k =  324 ; sb/Sb = 0.115480985102295 ; sb = 325.345969699949
      Creating new point: f = 0.476890244071288
    i = 76 ; sf/Sf = 0.157420003050142 ; sf = 325.913743514085
      k =   78 ; sb/Sb = 0 ; sb = 0
      k =  324 ; sb/Sb = 0.115480985102295 ; sb = 325.345969699949
      k =   79 ; sb/Sb = 0.23096197020459 ; sb = 650.691939399898
      Creating new point: f = 0.363168169293815
    i = 75 ; sf/Sf = 0.376485705060347 ; sf = 779.455362332027
      k =   78 ; sb/Sb = 0 ; sb = 0
      k =  324 ; sb/Sb = 0.115480985102295 ; sb = 325.345969699949
      k =   79 ; sb/Sb = 0.23096197020459 ; sb = 650.691939399898
      k =   80 ; sb/Sb = 0.477516909683279 ; sb = 1345.31413887239
      Creating new point: f = 0.590228430075056
    i = 74 ; sf/Sf = 0.749531772210321 ; sf = 1551.78948691801
      k =   78 ; sb/Sb = 0 ; sb = 0
      k =  324 ; sb/Sb = 0.115480985102295 ; sb = 325.345969699949
      k =   79 ; sb/Sb = 0.23096197020459 ; sb = 650.691939399898
      k =   80 ; sb/Sb = 0.477516909683279 ; sb = 1345.31413887239
      k =   81 ; sb/Sb = 0.656158527711897 ; sb = 1848.60332015885
      k =   82 ; sb/Sb = 0.792062463438109 ; sb = 2231.48711454039
      Creating new point: f = 0.687053277739732
Tear 2 : Sf = 5625.45788921764 ; Sb = 4376.12971538644
  Backwards path
    i = 23 ; sf/Sf = 0.135310459050519 ; sf = 761.183289359403
      k =   24 ; sb/Sb = 0 ; sb = 0
      k =   25 ; sb/Sb = 0.0868647825585298 ; sb = 380.131556174964
      k =   26 ; sb/Sb = 0.162825831337117 ; sb = 712.546958946858
      Creating new point: f = 0.637769979100734
    i = 22 ; sf/Sf = 0.168519385435119 ; sf = 947.998706282097
      k =   24 ; sb/Sb = 0 ; sb = 0
      k =   25 ; sb/Sb = 0.0868647825585298 ; sb = 380.131556174964
      k =   26 ; sb/Sb = 0.162825831337117 ; sb = 712.546958946858
      k =   27 ; sb/Sb = 0.24319595991552 ; sb = 1064.25706684824
      Creating new point: f = 0.0708416696440619
    i = 21 ; sf/Sf = 0.191900498043172 ; sf = 1079.52817066176
      k =   24 ; sb/Sb = 0 ; sb = 0
      k =   25 ; sb/Sb = 0.0868647825585298 ; sb = 380.131556174964
      k =   26 ; sb/Sb = 0.162825831337117 ; sb = 712.546958946858
      k =   27 ; sb/Sb = 0.24319595991552 ; sb = 1064.25706684824
      Creating new point: f = 0.361759614179192
    i = 20 ; sf/Sf = 0.227453159522221 ; sf = 1279.52817066176
      k =   24 ; sb/Sb = 0 ; sb = 0
      k =   25 ; sb/Sb = 0.0868647825585298 ; sb = 380.131556174964
      k =   26 ; sb/Sb = 0.162825831337117 ; sb = 712.546958946858
      k =   27 ; sb/Sb = 0.24319595991552 ; sb = 1064.25706684824
      Creating new point: f = 0.804121249128755
    i = 19 ; sf/Sf = 0.254117655631508 ; sf = 1429.52817066176
      k =   24 ; sb/Sb = 0 ; sb = 0
      k =   25 ; sb/Sb = 0.0868647825585298 ; sb = 380.131556174964
      k =   26 ; sb/Sb = 0.162825831337117 ; sb = 712.546958946858
      k =   27 ; sb/Sb = 0.24319595991552 ; sb = 1064.25706684824
      k =   28 ; sb/Sb = 0.357953797055007 ; sb = 1566.45224802783
      Creating new point: f = 0.0951716761855008
    i = 18 ; sf/Sf = 0.319311000536068 ; sf = 1796.2705870796
      k =   24 ; sb/Sb = 0 ; sb = 0
      k =   25 ; sb/Sb = 0.0868647825585298 ; sb = 380.131556174964
      k =   26 ; sb/Sb = 0.162825831337117 ; sb = 712.546958946858
      k =   27 ; sb/Sb = 0.24319595991552 ; sb = 1064.25706684824
      k =   28 ; sb/Sb = 0.357953797055007 ; sb = 1566.45224802783
      Creating new point: f = 0.66326660137408
    i = 85 ; sf/Sf = 0.370685826554464 ; sf = 2085.27750741197
      k =   24 ; sb/Sb = 0 ; sb = 0
      k =   25 ; sb/Sb = 0.0868647825585298 ; sb = 380.131556174964
      k =   26 ; sb/Sb = 0.162825831337117 ; sb = 712.546958946858
      k =   27 ; sb/Sb = 0.24319595991552 ; sb = 1064.25706684824
      k =   28 ; sb/Sb = 0.357953797055007 ; sb = 1566.45224802783
      k =   29 ; sb/Sb = 0.433914845833594 ; sb = 1898.86765079972
      Creating new point: f = 0.167612608095605
    i = 17 ; sf/Sf = 0.42206065257286 ; sf = 2374.28442774434
      k =   24 ; sb/Sb = 0 ; sb = 0
      k =   25 ; sb/Sb = 0.0868647825585298 ; sb = 380.131556174964
      k =   26 ; sb/Sb = 0.162825831337117 ; sb = 712.546958946858
      k =   27 ; sb/Sb = 0.24319595991552 ; sb = 1064.25706684824
      k =   28 ; sb/Sb = 0.357953797055007 ; sb = 1566.45224802783
      k =   29 ; sb/Sb = 0.433914845833594 ; sb = 1898.86765079972
      Creating new point: f = 0.843943791570236
    i = 16 ; sf/Sf = 0.430948817942622 ; sf = 2424.28442774434
      k =   24 ; sb/Sb = 0 ; sb = 0
      k =   25 ; sb/Sb = 0.0868647825585298 ; sb = 380.131556174964
      k =   26 ; sb/Sb = 0.162825831337117 ; sb = 712.546958946858
      k =   27 ; sb/Sb = 0.24319595991552 ; sb = 1064.25706684824
      k =   28 ; sb/Sb = 0.357953797055007 ; sb = 1566.45224802783
      k =   29 ; sb/Sb = 0.433914845833594 ; sb = 1898.86765079972
      Creating new point: f = 0.960953305165418
    i = 15 ; sf/Sf = 0.476199968380539 ; sf = 2678.84286897149
      k =   24 ; sb/Sb = 0 ; sb = 0
      k =   25 ; sb/Sb = 0.0868647825585298 ; sb = 380.131556174964
      k =   26 ; sb/Sb = 0.162825831337117 ; sb = 712.546958946858
      k =   27 ; sb/Sb = 0.24319595991552 ; sb = 1064.25706684824
      k =   28 ; sb/Sb = 0.357953797055007 ; sb = 1566.45224802783
      k =   29 ; sb/Sb = 0.433914845833594 ; sb = 1898.86765079972
      k =   30 ; sb/Sb = 0.538132544965344 ; sb = 2354.93782083937
      Creating new point: f = 0.405738400475423
    i = 14 ; sf/Sf = 0.560707679987693 ; sf = 3154.23744193168
      k =   24 ; sb/Sb = 0 ; sb = 0
      k =   25 ; sb/Sb = 0.0868647825585298 ; sb = 380.131556174964
      k =   26 ; sb/Sb = 0.162825831337117 ; sb = 712.546958946858
      k =   27 ; sb/Sb = 0.24319595991552 ; sb = 1064.25706684824
      k =   28 ; sb/Sb = 0.357953797055007 ; sb = 1566.45224802783
      k =   29 ; sb/Sb = 0.433914845833594 ; sb = 1898.86765079972
      k =   30 ; sb/Sb = 0.538132544965344 ; sb = 2354.93782083937
      k =  157 ; sb/Sb = 0.631375694003496 ; sb = 2762.98193610144
      Creating new point: f = 0.242110388325808
    i = 92 ; sf/Sf = 0.657458126066934 ; sf = 3698.50300211348
      k =   24 ; sb/Sb = 0 ; sb = 0
      k =   25 ; sb/Sb = 0.0868647825585298 ; sb = 380.131556174964
      k =   26 ; sb/Sb = 0.162825831337117 ; sb = 712.546958946858
      k =   27 ; sb/Sb = 0.24319595991552 ; sb = 1064.25706684824
      k =   28 ; sb/Sb = 0.357953797055007 ; sb = 1566.45224802783
      k =   29 ; sb/Sb = 0.433914845833594 ; sb = 1898.86765079972
      k =   30 ; sb/Sb = 0.538132544965344 ; sb = 2354.93782083937
      k =  157 ; sb/Sb = 0.631375694003496 ; sb = 2762.98193610144
      k =   31 ; sb/Sb = 0.724618843041648 ; sb = 3171.0260513635
      Creating new point: f = 0.27972491633423
    i = 13 ; sf/Sf = 0.754208572146175 ; sf = 4242.76856229527
      k =   24 ; sb/Sb = 0 ; sb = 0
      k =   25 ; sb/Sb = 0.0868647825585298 ; sb = 380.131556174964
      k =   26 ; sb/Sb = 0.162825831337117 ; sb = 712.546958946858
      k =   27 ; sb/Sb = 0.24319595991552 ; sb = 1064.25706684824
      k =   28 ; sb/Sb = 0.357953797055007 ; sb = 1566.45224802783
      k =   29 ; sb/Sb = 0.433914845833594 ; sb = 1898.86765079972
      k =   30 ; sb/Sb = 0.538132544965344 ; sb = 2354.93782083937
      k =  157 ; sb/Sb = 0.631375694003496 ; sb = 2762.98193610144
      k =   31 ; sb/Sb = 0.724618843041648 ; sb = 3171.0260513635
      k =   32 ; sb/Sb = 0.870938185791464 ; sb = 3811.33847510679
      Creating new point: f = 0.202227050425728
    i = 12 ; sf/Sf = 0.80847735461002 ; sf = 4548.05531274474
      k =   24 ; sb/Sb = 0 ; sb = 0
      k =   25 ; sb/Sb = 0.0868647825585298 ; sb = 380.131556174964
      k =   26 ; sb/Sb = 0.162825831337117 ; sb = 712.546958946858
      k =   27 ; sb/Sb = 0.24319595991552 ; sb = 1064.25706684824
      k =   28 ; sb/Sb = 0.357953797055007 ; sb = 1566.45224802783
      k =   29 ; sb/Sb = 0.433914845833594 ; sb = 1898.86765079972
      k =   30 ; sb/Sb = 0.538132544965344 ; sb = 2354.93782083937
      k =  157 ; sb/Sb = 0.631375694003496 ; sb = 2762.98193610144
      k =   31 ; sb/Sb = 0.724618843041648 ; sb = 3171.0260513635
      k =   32 ; sb/Sb = 0.870938185791464 ; sb = 3811.33847510679
      Creating new point: f = 0.573119793954767
    i = 11 ; sf/Sf = 0.830751033184982 ; sf = 4673.35495360616
      k =   24 ; sb/Sb = 0 ; sb = 0
      k =   25 ; sb/Sb = 0.0868647825585298 ; sb = 380.131556174964
      k =   26 ; sb/Sb = 0.162825831337117 ; sb = 712.546958946858
      k =   27 ; sb/Sb = 0.24319595991552 ; sb = 1064.25706684824
      k =   28 ; sb/Sb = 0.357953797055007 ; sb = 1566.45224802783
      k =   29 ; sb/Sb = 0.433914845833594 ; sb = 1898.86765079972
      k =   30 ; sb/Sb = 0.538132544965344 ; sb = 2354.93782083937
      k =  157 ; sb/Sb = 0.631375694003496 ; sb = 2762.98193610144
      k =   31 ; sb/Sb = 0.724618843041648 ; sb = 3171.0260513635
      k =   32 ; sb/Sb = 0.870938185791464 ; sb = 3811.33847510679
      Creating new point: f = 0.725346274448509
    i = 10 ; sf/Sf = 0.854929457015699 ; sf = 4809.36965869351
      k =   24 ; sb/Sb = 0 ; sb = 0
      k =   25 ; sb/Sb = 0.0868647825585298 ; sb = 380.131556174964
      k =   26 ; sb/Sb = 0.162825831337117 ; sb = 712.546958946858
      k =   27 ; sb/Sb = 0.24319595991552 ; sb = 1064.25706684824
      k =   28 ; sb/Sb = 0.357953797055007 ; sb = 1566.45224802783
      k =   29 ; sb/Sb = 0.433914845833594 ; sb = 1898.86765079972
      k =   30 ; sb/Sb = 0.538132544965344 ; sb = 2354.93782083937
      k =  157 ; sb/Sb = 0.631375694003496 ; sb = 2762.98193610144
      k =   31 ; sb/Sb = 0.724618843041648 ; sb = 3171.0260513635
      k =   32 ; sb/Sb = 0.870938185791464 ; sb = 3811.33847510679
      Creating new point: f = 0.890590481921872
    i = 348 ; sf/Sf = 0.927464728507849 ; sf = 5217.41377395558
      k =   24 ; sb/Sb = 0 ; sb = 0
      k =   25 ; sb/Sb = 0.0868647825585298 ; sb = 380.131556174964
      k =   26 ; sb/Sb = 0.162825831337117 ; sb = 712.546958946858
      k =   27 ; sb/Sb = 0.24319595991552 ; sb = 1064.25706684824
      k =   28 ; sb/Sb = 0.357953797055007 ; sb = 1566.45224802783
      k =   29 ; sb/Sb = 0.433914845833594 ; sb = 1898.86765079972
      k =   30 ; sb/Sb = 0.538132544965344 ; sb = 2354.93782083937
      k =  157 ; sb/Sb = 0.631375694003496 ; sb = 2762.98193610144
      k =   31 ; sb/Sb = 0.724618843041648 ; sb = 3171.0260513635
      k =   32 ; sb/Sb = 0.870938185791464 ; sb = 3811.33847510679
      k =   33 ; sb/Sb = 0.89854944679022 ; sb = 3932.16893484273
      k =   34 ; sb/Sb = 0.945157018733663 ; sb = 4136.12971538644
      Creating new point: f = 0.620398800279004
Tear 3 : Sf = 2453.05657584735 ; Sb = 3012.23423013384
  Backwards path
    i = 61 ; sf/Sf = 0.111938145682624 ; sf = 274.59060435492
      k =   62 ; sb/Sb = 0 ; sb = 0
      k =  143 ; sb/Sb = 0.151205636322787 ; sb = 455.466793520669
      Creating new point: f = 0.74030405482811
    i = 60 ; sf/Sf = 0.259258930514919 ; sf = 635.976824346773
      k =   62 ; sb/Sb = 0 ; sb = 0
      k =  143 ; sb/Sb = 0.151205636322787 ; sb = 455.466793520669
      k =   63 ; sb/Sb = 0.302411272645575 ; sb = 910.933587041339
      Creating new point: f = 0.714611550335754
    i = 59 ; sf/Sf = 0.434881942561409 ; sf = 1066.79000891753
      k =   62 ; sb/Sb = 0 ; sb = 0
      k =  143 ; sb/Sb = 0.151205636322787 ; sb = 455.466793520669
      k =   63 ; sb/Sb = 0.302411272645575 ; sb = 910.933587041339
      k =   64 ; sb/Sb = 0.387504294229138 ; sb = 1167.25369940086
      k =   65 ; sb/Sb = 0.559654149413383 ; sb = 1685.80938589943
      Creating new point: f = 0.275211665334046
    i = 58 ; sf/Sf = 0.482596699839995 ; sf = 1183.83700802473
      k =   62 ; sb/Sb = 0 ; sb = 0
      k =  143 ; sb/Sb = 0.151205636322787 ; sb = 455.466793520669
      k =   63 ; sb/Sb = 0.302411272645575 ; sb = 910.933587041339
      k =   64 ; sb/Sb = 0.387504294229138 ; sb = 1167.25369940086
      k =   65 ; sb/Sb = 0.559654149413383 ; sb = 1685.80938589943
      Creating new point: f = 0.552381560292825
    i = 57 ; sf/Sf = 0.779037624059904 ; sf = 1911.02336653264
      k =   62 ; sb/Sb = 0 ; sb = 0
      k =  143 ; sb/Sb = 0.151205636322787 ; sb = 455.466793520669
      k =   63 ; sb/Sb = 0.302411272645575 ; sb = 910.933587041339
      k =   64 ; sb/Sb = 0.387504294229138 ; sb = 1167.25369940086
      k =   65 ; sb/Sb = 0.559654149413383 ; sb = 1685.80938589943
      k =   66 ; sb/Sb = 0.663897825493048 ; sb = 1999.81575526158
      k =   67 ; sb/Sb = 0.762936829438724 ; sb = 2298.14443306511
      k =   68 ; sb/Sb = 0.835745616949537 ; sb = 2517.46155505972
      Creating new point: f = 0.221138068241953
Tear 4 : Sf = 1343.71033482526 ; Sb = 1427.22707520835
  Backwards path
    i = 46 ; sf/Sf = 0.189736559340219 ; sf = 254.950975679639
      k =   47 ; sb/Sb = 0 ; sb = 0
      k =   48 ; sb/Sb = 0.113194982788881 ; sb = 161.554944214035
      k =   49 ; sb/Sb = 0.478949903300967 ; sb = 683.570269659563
      Creating new point: f = 0.209270121217163
    i = 45 ; sf/Sf = 0.383802266397549 ; sf = 515.719071887745
      k =   47 ; sb/Sb = 0 ; sb = 0
      k =   48 ; sb/Sb = 0.113194982788881 ; sb = 161.554944214035
      k =   49 ; sb/Sb = 0.478949903300967 ; sb = 683.570269659563
      Creating new point: f = 0.739859584745425
    i = 44 ; sf/Sf = 0.752166439837467 ; sf = 1010.69381871833
      k =   47 ; sb/Sb = 0 ; sb = 0
      k =   48 ; sb/Sb = 0.113194982788881 ; sb = 161.554944214035
      k =   49 ; sb/Sb = 0.478949903300967 ; sb = 683.570269659563
      k =   50 ; sb/Sb = 0.759213644753325 ; sb = 1083.57026965956
      Creating new point: f = 0.974855095848864
Tear 5 : Sf = 366.742416417845 ; Sb = 410.121933088198
  Backwards path
    i = 87 ; sf/Sf = 0.650981194784504 ; sf = 238.742416417845
      k =   41 ; sb/Sb = 0 ; sb = 0
      k =   42 ; sb/Sb = 1 ; sb = 410.121933088198
      Creating new point: f = 0.650981194784504
Triangulating...
[1] "Non-adjacent points in rim connected by line: 453 72"
[1] "In triangle: 890" "In triangle: 892"
[1] "Other points in triangles: 444 73"
Merging points...
Projecting to sphere...
Optimising mapping with FIRE...
E =  0.00557 | E_L =  0.00557 | E_A =  0.00000 |   0 flippped triangles
E =  0.00549 | E_L =  0.00549 | E_A =  0.00000 |  52 flippped triangles
        phi0    phi0.1    phi0.2    phi0.3   phi0.4    phi0.5    phi0.6
id     1.000      6.00     15.00    16.000    18.00     19.00     21.00
A   3287.994  68902.85  57869.69  2882.013 28377.00  15708.97  12391.57
a  -3772.475 -70326.71 -32637.83 -3107.728 -5263.44 -16420.03 -10953.92
      phi0.7    phi0.8    phi0.9   phi0.10   phi0.11   phi0.12   phi0.13
id    22.000    26.000     45.00     49.00   54.0000     55.00    56.000
A   4181.388  9180.981  53280.19  13453.00  836.1653  58744.06  7328.796
a  -1989.133 -9080.341 -34643.81 -16005.24 -899.0346 -48589.00 -6364.717
     phi0.14   phi0.15   phi0.16   phi0.17   phi0.18   phi0.19   phi0.20
id    61.000    62.000   68.0000     69.00    70.000    83.000    86.000
A   8439.594  5345.932 1752.6948  14660.63  1481.156  3433.791 13150.321
a  -7700.660 -9439.098 -702.8303 -16853.32 -1283.375 -4313.825 -9829.382
     phi0.21   phi0.22   phi0.23   phi0.24   phi0.25   phi0.26   phi0.27
id     88.00    90.000     92.00    93.000    101.00    102.00    108.00
A   20034.54  4393.496 103871.55  4731.828  15745.31  95402.90  95107.81
a  -18721.61 -4810.408 -71924.16 -4198.326 -14109.64 -56469.34 -89127.37
     phi0.28   phi0.29   phi0.30   phi0.31  phi0.32   phi0.33   phi0.34
id    111.00    112.00   176.000    177.00    179.0    246.00   425.000
A   17784.17  43799.57 81964.916  56202.41 105652.4  55987.47 15570.084
a  -21440.77 -46201.20 -1131.112 -23257.53 -11988.7 -39924.84 -9201.529
     phi0.35   phi0.36   phi0.37   phi0.38   phi0.39   phi0.40   phi0.41
id   582.000    590.00    591.00   606.000    615.00    685.00    757.00
A   4126.719  17110.60  35154.86  5282.687  40712.92  42027.02  20828.91
a  -4373.740 -17671.53 -35723.75 -5110.066 -32708.84 -37373.96 -12066.28
     phi0.42   phi0.43   phi0.44   phi0.45   phi0.46   phi0.47   phi0.48
id    774.00    837.00    844.00   852.000    866.00   871.000    873.00
A   47894.94  52761.92  15663.19 28707.090  49099.53 50556.016  17203.20
a  -34502.57 -32679.57 -16137.45 -1809.144 -29403.54 -3705.645 -19003.64
     phi0.49   phi0.50   phi0.51
id   890.000   892.000    909.00
A   3069.757  1082.783  41147.98
a  -2596.043 -1079.283 -34901.80
E =  0.00549 | E_L =  0.00549 | E_A =  0.00000 |  50 flippped triangles
        phi0    phi0.1    phi0.2    phi0.3    phi0.4    phi0.5    phi0.6
id     1.000      6.00     15.00    16.000    18.000     19.00     21.00
A   3287.994  68902.85  57869.69  2882.013 28377.002  15708.97  12391.57
a  -3623.513 -69862.80 -20333.34 -3172.324  -152.372 -16300.55 -13726.12
      phi0.7    phi0.8    phi0.9   phi0.10   phi0.11   phi0.12   phi0.13
id    22.000    26.000     45.00     49.00   54.0000     55.00    56.000
A   4181.388  9180.981  53280.19  13453.00  836.1653  58744.06  7328.796
a  -4657.788 -9971.768 -22099.89 -14986.85 -889.0538 -43941.45 -6496.985
     phi0.14   phi0.15   phi0.16   phi0.17   phi0.18   phi0.19   phi0.20
id    59.000    61.000    62.000     69.00    70.000    83.000     86.00
A   1335.921  8439.594  5345.932  14660.63  1481.156  3433.791  13150.32
a  -1578.255 -7260.077 -9015.677 -16244.41 -1353.894 -4278.284 -11430.39
     phi0.21   phi0.22   phi0.23   phi0.24   phi0.25   phi0.26   phi0.27
id     88.00    90.000     92.00    93.000    101.00    102.00    108.00
A   20034.54  4393.496 103871.55  4731.828  15745.31  95402.90  95107.81
a  -18815.42 -4903.942 -70856.38 -4462.065 -13744.42 -45857.34 -82053.08
     phi0.28   phi0.29   phi0.30   phi0.31   phi0.32   phi0.33   phi0.34
id    111.00    112.00    244.00    246.00   248.000   425.000   582.000
A   17784.17  43799.57  90773.66  55987.47 61164.687 15570.084  4126.719
a  -21021.37 -45152.33 -11319.79 -41027.95 -8212.334 -9407.895 -4381.687
     phi0.35   phi0.36   phi0.37   phi0.38   phi0.39   phi0.40   phi0.41
id    590.00    591.00   606.000    615.00    685.00    757.00    774.00
A   17110.60  35154.86  5282.687  40712.92  42027.02  20828.91  47894.94
a  -17929.63 -35633.64 -5182.738 -31414.15 -36650.64 -12151.52 -25543.39
     phi0.42   phi0.43    phi0.44   phi0.45   phi0.46   phi0.47   phi0.48
id    837.00    844.00   852.0000    866.00    873.00   890.000   892.000
A   52761.92  15663.19 28707.0897  49099.53  17203.20  3069.757  1082.783
a  -20559.61 -15882.96  -893.7661 -26514.81 -19099.26 -2725.435 -1081.214
     phi0.49
id    909.00
A   41147.98
a  -32657.76
FIRE:  4  stops.  25 hits of maxmove.  0 hits of dtmax.
Frms = 7.84634542510553e-06; Ftanrms = 7.82905202616149e-06
E =  0.01084 | E_L =  0.01078 | E_A =  0.00006 |   0 flippped triangles
E =  0.00696 | E_L =  0.00694 | E_A =  0.00002 |   0 flippped triangles
E =  0.00634 | E_L =  0.00634 | E_A =  0.00000 |   0 flippped triangles
E =  0.00628 | E_L =  0.00628 | E_A =  0.00000 |   0 flippped triangles
E =  0.00618 | E_L =  0.00618 | E_A =  0.00000 |   0 flippped triangles
E =  0.00618 | E_L =  0.00618 | E_A =  0.00000 |   0 flippped triangles
E =  0.00618 | E_L =  0.00618 | E_A =  0.00000 |   0 flippped triangles
Optimising mapping with BFGS...
E =  0.00618 | E_L =  0.00618 | E_A =  0.00000 |   0 flippped triangles
Transforming image...
Mapping optimised. Error: 0.006175497 ; 0 flipped triangles.
Inferring coordinates of datapoints
Inferring coordinates of landmarks
Mapping optimised. Error: 0.006175497 ; 0 flipped triangles. OD displacement: 14.60469 degrees.
Computing Kernel Density estimates of datapoints

[1] 0.8
Saving developmental_retina/data/C57BL6J/P4/ML/GM112-2/R-CONTRA/r.mat
