[1] "Adding old segment 1"
[1] "Intersection found. Old points:"
   X    Y 
2510 1289 
   X    Y 
2350 1309 
   X    Y 
2350 1309 
   X    Y 
2400 1129 
[1] "Point i+1 has been changed:"
   X    Y 
2510 1289 
   X    Y 
2350 1309 
   X    Y 
2350 1309 
   X    Y 
2400 1129 
[1] "a= 0.267643863786095"
[1] "l= 186.815416922694"
[1] "New points:"
   X    Y 
2510 1289 
   X    Y 
2350 1309 
       X        Y 
2386.618 1177.176 
   X    Y 
2400 1129 
[1] "Storing new segment 1"
[1] "Adding old segment 2"
[1] "Adding old segment 9"
[1] "Adding old segment 3"
[1] "Adding old segment 7"
[1] "Adding old segment 8"
[1] "Adding old segment 6"
[1] "Adding old segment 5"
[1] "Adding old segment 4"
[1] "Intersection found. Old points:"
   X    Y 
7130 2419 
   X    Y 
7150 1369 
   X    Y 
7150 1399 
   X    Y 
7060 -201 
[1] "Point i+1 has been changed:"
   X    Y 
7130 2419 
       X        Y 
7149.573 1391.411 
   X    Y 
7150 1399 
   X    Y 
7060 -201 
[1] "a= 0.0313493712045149"
[1] "l= 1594.92832165001"
[1] "New points:"
   X    Y 
7130 2419 
       X        Y 
7149.573 1391.411 
        X         Y 
7062.8081 -151.0789 
   X    Y 
7060 -201 
[1] "Storing new segment 2"
simplify.outline: Removing vertex 16
simplify.outline: Removing vertex 21
simplify.outline: Removing vertex 25
simplify.outline: Removing vertex 62
Triangulating...
[1] "Non-adjacent points in rim connected by line: 65 46"
[1] "In triangle: 54" "In triangle: 55"
[1] "Other points in triangles: 68 66"
[1] "Non-adjacent points in rim connected by line: 66 65"
[1] "In triangle: 41" "In triangle: 55"
[1] "Other points in triangles: 67 445"
[1] "Non-adjacent points in rim connected by line: 67 66"
[1] "In triangle: 41" "In triangle: 89"
[1] "Other points in triangles: 446 45"
[1] "Non-adjacent points in rim connected by line: 68 46"
[1] "In triangle: 61"  "In triangle: 796"
[1] "Other points in triangles: 69 445"
Stitching...
Tear 1 child of rim
Tear 2 child of forward side of tear 1
Tear 3 child of rim
Tear 4 child of rim
Tear 5 child of rim
Tear 6 child of rim
Tear 1 : Sf = 3027.71220373429 ; Sb = 4446.23120757982
  Forwards path
    i = 5 ; sf/Sf = 0.116351315901717 ; sf = 352.278299076171
      k =    6 ; sb/Sb = 0 ; sb = 0
      k =    7 ; sb/Sb = 0.113796247204686 ; sb = 505.964425626941
      k =    8 ; sb/Sb = 0.201395569799296 ; sb = 895.45126750995
      Creating new point: f = 0.0291676764311907
    i = 4 ; sf/Sf = 0.28479533094746 ; sf = 862.278299076171
      k =    6 ; sb/Sb = 0 ; sb = 0
      k =    7 ; sb/Sb = 0.113796247204686 ; sb = 505.964425626941
      k =    8 ; sb/Sb = 0.201395569799296 ; sb = 895.45126750995
      k =    9 ; sb/Sb = 0.314344077812883 ; sb = 1397.64644868954
      Creating new point: f = 0.738387452963363
    i = 127 ; sf/Sf = 0.453182670363475 ; sf = 1372.10670158039
      k =    6 ; sb/Sb = 0 ; sb = 0
      k =    7 ; sb/Sb = 0.113796247204686 ; sb = 505.964425626941
      k =    8 ; sb/Sb = 0.201395569799296 ; sb = 895.45126750995
      k =    9 ; sb/Sb = 0.314344077812883 ; sb = 1397.64644868954
      k =   10 ; sb/Sb = 0.495671979397358 ; sb = 2203.87222351939
      Creating new point: f = 0.765676938504203
    i = 3 ; sf/Sf = 0.62157000977949 ; sf = 1881.9351040846
      k =    6 ; sb/Sb = 0 ; sb = 0
      k =    7 ; sb/Sb = 0.113796247204686 ; sb = 505.964425626941
      k =    8 ; sb/Sb = 0.201395569799296 ; sb = 895.45126750995
      k =    9 ; sb/Sb = 0.314344077812883 ; sb = 1397.64644868954
      k =   10 ; sb/Sb = 0.495671979397358 ; sb = 2203.87222351939
      k =   11 ; sb/Sb = 0.632294137260837 ; sb = 2811.32592545889
      Creating new point: f = 0.921505210801432
    i = 140 ; sf/Sf = 0.733098403951691 ; sf = 2219.61098418266
      k =    6 ; sb/Sb = 0 ; sb = 0
      k =    7 ; sb/Sb = 0.113796247204686 ; sb = 505.964425626941
      k =    8 ; sb/Sb = 0.201395569799296 ; sb = 895.45126750995
      k =    9 ; sb/Sb = 0.314344077812883 ; sb = 1397.64644868954
      k =   10 ; sb/Sb = 0.495671979397358 ; sb = 2203.87222351939
      k =   11 ; sb/Sb = 0.632294137260837 ; sb = 2811.32592545889
      k =   12 ; sb/Sb = 0.717789366462352 ; sb = 3191.45748163385
      k =   13 ; sb/Sb = 0.891203259049315 ; sb = 3962.4957426819
      Creating new point: f = 0.0882803405249783
    i = 2 ; sf/Sf = 0.844626798123892 ; sf = 2557.28686428072
      k =    6 ; sb/Sb = 0 ; sb = 0
      k =    7 ; sb/Sb = 0.113796247204686 ; sb = 505.964425626941
      k =    8 ; sb/Sb = 0.201395569799296 ; sb = 895.45126750995
      k =    9 ; sb/Sb = 0.314344077812883 ; sb = 1397.64644868954
      k =   10 ; sb/Sb = 0.495671979397358 ; sb = 2203.87222351939
      k =   11 ; sb/Sb = 0.632294137260837 ; sb = 2811.32592545889
      k =   12 ; sb/Sb = 0.717789366462352 ; sb = 3191.45748163385
      k =   13 ; sb/Sb = 0.891203259049315 ; sb = 3962.4957426819
    i = 60 ; sf/Sf = 0.844626798123892 ; sf = 2557.28686428072
      k =    6 ; sb/Sb = 0 ; sb = 0
      k =    7 ; sb/Sb = 0.113796247204686 ; sb = 505.964425626941
      k =    8 ; sb/Sb = 0.201395569799296 ; sb = 895.45126750995
      k =    9 ; sb/Sb = 0.314344077812883 ; sb = 1397.64644868954
      k =   10 ; sb/Sb = 0.495671979397358 ; sb = 2203.87222351939
      k =   11 ; sb/Sb = 0.632294137260837 ; sb = 2811.32592545889
      k =   12 ; sb/Sb = 0.717789366462352 ; sb = 3191.45748163385
      k =   13 ; sb/Sb = 0.891203259049315 ; sb = 3962.4957426819
      Creating new point: f = 0.731414477637275
Tear 2 : Sf = 640.312423743285 ; Sb = 871.072357391338
  Forwards path
Tear 3 : Sf = 2498.73966445186 ; Sb = 2073.91689051223
  Forwards path
    i = 21 ; sf/Sf = 0.231598937689317 ; sf = 578.705451849211
      k =   22 ; sb/Sb = 0 ; sb = 0
      k =   23 ; sb/Sb = 0.0723269098613455 ; sb = 150
      k =   24 ; sb/Sb = 0.107430099977524 ; sb = 222.801098892805
      k =   81 ; sb/Sb = 0.258472363814902 ; sb = 536.050201046347
      Creating new point: f = 0.822080089090044
    i = 20 ; sf/Sf = 0.459468067843128 ; sf = 1148.09108566868
      k =   22 ; sb/Sb = 0 ; sb = 0
      k =   23 ; sb/Sb = 0.0723269098613455 ; sb = 150
      k =   24 ; sb/Sb = 0.107430099977524 ; sb = 222.801098892805
      k =   81 ; sb/Sb = 0.258472363814902 ; sb = 536.050201046347
      k =   25 ; sb/Sb = 0.409514627652279 ; sb = 849.299303199889
      k =  122 ; sb/Sb = 0.642961174951882 ; sb = 1333.4480406763
      Creating new point: f = 0.213982347431079
    i = 19 ; sf/Sf = 0.627790851876945 ; sf = 1568.68590256494
      k =   22 ; sb/Sb = 0 ; sb = 0
      k =   23 ; sb/Sb = 0.0723269098613455 ; sb = 150
      k =   24 ; sb/Sb = 0.107430099977524 ; sb = 222.801098892805
      k =   81 ; sb/Sb = 0.258472363814902 ; sb = 536.050201046347
      k =   25 ; sb/Sb = 0.409514627652279 ; sb = 849.299303199889
      k =  122 ; sb/Sb = 0.642961174951882 ; sb = 1333.4480406763
      Creating new point: f = 0.93501586015977
    i = 80 ; sf/Sf = 0.795096701235454 ; sf = 1986.73966445186
      k =   22 ; sb/Sb = 0 ; sb = 0
      k =   23 ; sb/Sb = 0.0723269098613455 ; sb = 150
      k =   24 ; sb/Sb = 0.107430099977524 ; sb = 222.801098892805
      k =   81 ; sb/Sb = 0.258472363814902 ; sb = 536.050201046347
      k =   25 ; sb/Sb = 0.409514627652279 ; sb = 849.299303199889
      k =  122 ; sb/Sb = 0.642961174951882 ; sb = 1333.4480406763
      k =   26 ; sb/Sb = 0.876407722251484 ; sb = 1817.5967781527
      Creating new point: f = 0.651693195052157
Tear 4 : Sf = 1091.14618635635 ; Sb = 803.243425120928
  Forwards path
    i = 379 ; sf/Sf = 0.5 ; sf = 545.573093178174
      k =   30 ; sb/Sb = 0 ; sb = 0
      k =   31 ; sb/Sb = 1 ; sb = 803.243425120928
      Creating new point: f = 0.5
Tear 5 : Sf = 2953.13720434832 ; Sb = 3265.52215558257
  Forwards path
    i = 72 ; sf/Sf = 0.155637674773286 ; sf = 459.619407771256
      k =   48 ; sb/Sb = 0 ; sb = 0
      k =   49 ; sb/Sb = 0.116608810827456 ; sb = 380.788655293195
      k =   50 ; sb/Sb = 0.375078321560202 ; sb = 1224.82656913356
      Creating new point: f = 0.15099987551795
    i = 47 ; sf/Sf = 0.311275349546573 ; sf = 919.238815542512
      k =   48 ; sb/Sb = 0 ; sb = 0
      k =   49 ; sb/Sb = 0.116608810827456 ; sb = 380.788655293195
      k =   50 ; sb/Sb = 0.375078321560202 ; sb = 1224.82656913356
      Creating new point: f = 0.753150877127629
    i = 46 ; sf/Sf = 0.453698402656655 ; sf = 1339.83363243877
      k =   48 ; sb/Sb = 0 ; sb = 0
      k =   49 ; sb/Sb = 0.116608810827456 ; sb = 380.788655293195
      k =   50 ; sb/Sb = 0.375078321560202 ; sb = 1224.82656913356
      k =   51 ; sb/Sb = 0.511925673419728 ; sb = 1671.70462856365
      Creating new point: f = 0.574509334876695
    i = 66 ; sf/Sf = 0.467514590686364 ; sf = 1380.63473133158
      k =   48 ; sb/Sb = 0 ; sb = 0
      k =   49 ; sb/Sb = 0.116608810827456 ; sb = 380.788655293195
      k =   50 ; sb/Sb = 0.375078321560202 ; sb = 1224.82656913356
      k =   51 ; sb/Sb = 0.511925673419728 ; sb = 1671.70462856365
      Creating new point: f = 0.675469914982704
    i = 45 ; sf/Sf = 0.478350524740793 ; sf = 1412.63473133158
      k =   48 ; sb/Sb = 0 ; sb = 0
      k =   49 ; sb/Sb = 0.116608810827456 ; sb = 380.788655293195
      k =   50 ; sb/Sb = 0.375078321560202 ; sb = 1224.82656913356
      k =   51 ; sb/Sb = 0.511925673419728 ; sb = 1671.70462856365
      Creating new point: f = 0.754652551016117
    i = 67 ; sf/Sf = 0.489186458795223 ; sf = 1444.63473133158
      k =   48 ; sb/Sb = 0 ; sb = 0
      k =   49 ; sb/Sb = 0.116608810827456 ; sb = 380.788655293195
      k =   50 ; sb/Sb = 0.375078321560202 ; sb = 1224.82656913356
      k =   51 ; sb/Sb = 0.511925673419728 ; sb = 1671.70462856365
      Creating new point: f = 0.833835187049531
    i = 65 ; sf/Sf = 0.500022392849652 ; sf = 1476.63473133158
      k =   48 ; sb/Sb = 0 ; sb = 0
      k =   49 ; sb/Sb = 0.116608810827456 ; sb = 380.788655293195
      k =   50 ; sb/Sb = 0.375078321560202 ; sb = 1224.82656913356
      k =   51 ; sb/Sb = 0.511925673419728 ; sb = 1671.70462856365
      Creating new point: f = 0.913017823082942
    i = 68 ; sf/Sf = 0.510858326904081 ; sf = 1508.63473133158
      k =   48 ; sb/Sb = 0 ; sb = 0
      k =   49 ; sb/Sb = 0.116608810827456 ; sb = 380.788655293195
      k =   50 ; sb/Sb = 0.375078321560202 ; sb = 1224.82656913356
      k =   51 ; sb/Sb = 0.511925673419728 ; sb = 1671.70462856365
      Creating new point: f = 0.992200459116356
    i = 64 ; sf/Sf = 0.52169426095851 ; sf = 1540.63473133158
      k =   48 ; sb/Sb = 0 ; sb = 0
      k =   49 ; sb/Sb = 0.116608810827456 ; sb = 380.788655293195
      k =   50 ; sb/Sb = 0.375078321560202 ; sb = 1224.82656913356
      k =   51 ; sb/Sb = 0.511925673419728 ; sb = 1671.70462856365
      k =  272 ; sb/Sb = 0.653090608429151 ; sb = 2132.68185142829
      Creating new point: f = 0.0691998160742283
    i = 63 ; sf/Sf = 0.565037997176228 ; sf = 1668.63473133158
      k =   48 ; sb/Sb = 0 ; sb = 0
      k =   49 ; sb/Sb = 0.116608810827456 ; sb = 380.788655293195
      k =   50 ; sb/Sb = 0.375078321560202 ; sb = 1224.82656913356
      k =   51 ; sb/Sb = 0.511925673419728 ; sb = 1671.70462856365
      k =  272 ; sb/Sb = 0.653090608429151 ; sb = 2132.68185142829
      Creating new point: f = 0.376243036225351
    i = 62 ; sf/Sf = 0.651725469611662 ; sf = 1924.63473133158
      k =   48 ; sb/Sb = 0 ; sb = 0
      k =   49 ; sb/Sb = 0.116608810827456 ; sb = 380.788655293195
      k =   50 ; sb/Sb = 0.375078321560202 ; sb = 1224.82656913356
      k =   51 ; sb/Sb = 0.511925673419728 ; sb = 1671.70462856365
      k =  272 ; sb/Sb = 0.653090608429151 ; sb = 2132.68185142829
      Creating new point: f = 0.990329476527595
    i = 44 ; sf/Sf = 0.766080410842522 ; sf = 2262.3405627815
      k =   48 ; sb/Sb = 0 ; sb = 0
      k =   49 ; sb/Sb = 0.116608810827456 ; sb = 380.788655293195
      k =   50 ; sb/Sb = 0.375078321560202 ; sb = 1224.82656913356
      k =   51 ; sb/Sb = 0.511925673419728 ; sb = 1671.70462856365
      k =  272 ; sb/Sb = 0.653090608429151 ; sb = 2132.68185142829
      k =   52 ; sb/Sb = 0.794255543438574 ; sb = 2593.65907429294
      Creating new point: f = 0.80040983552912
Tear 6 : Sf = 1087.48440502396 ; Sb = 710.211236182588
  Forwards path
    i = 39 ; sf/Sf = 0.49842848946672 ; sf = 542.033209314706
      k =   40 ; sb/Sb = 0 ; sb = 0
      k =   41 ; sb/Sb = 1 ; sb = 710.211236182588
      Creating new point: f = 0.49842848946672
    i = 38 ; sf/Sf = 0.583207125506928 ; sf = 634.228653887635
      k =   40 ; sb/Sb = 0 ; sb = 0
      k =   41 ; sb/Sb = 1 ; sb = 710.211236182588
      Creating new point: f = 0.583207125506928
    i = 37 ; sf/Sf = 0.644892643952147 ; sf = 701.310693212629
      k =   40 ; sb/Sb = 0 ; sb = 0
      k =   41 ; sb/Sb = 1 ; sb = 710.211236182588
      Creating new point: f = 0.644892643952147
    i = 36 ; sf/Sf = 0.793166177090693 ; sf = 862.5558481786
      k =   40 ; sb/Sb = 0 ; sb = 0
      k =   41 ; sb/Sb = 1 ; sb = 710.211236182588
      Creating new point: f = 0.793166177090692
    i = 35 ; sf/Sf = 0.954022329176391 ; sf = 1037.48440502396
      k =   40 ; sb/Sb = 0 ; sb = 0
      k =   41 ; sb/Sb = 1 ; sb = 710.211236182588
      Creating new point: f = 0.954022329176391
Tear 1 : Sf = 4446.23120757982 ; Sb = 3027.71220373429
  Backwards path
    i = 7 ; sf/Sf = 0.113796247204686 ; sf = 505.964425626941
      k =    6 ; sb/Sb = 0 ; sb = 0
      k =    5 ; sb/Sb = 0.116351315901717 ; sb = 352.278299076171
      Creating new point: f = 0.978040053288358
    i = 8 ; sf/Sf = 0.201395569799296 ; sf = 895.45126750995
      k =    6 ; sb/Sb = 0 ; sb = 0
      k =    5 ; sb/Sb = 0.116351315901717 ; sb = 352.278299076171
      k =    4 ; sb/Sb = 0.28479533094746 ; sb = 862.278299076171
      Creating new point: f = 0.504881422319957
    i = 9 ; sf/Sf = 0.314344077812883 ; sf = 1397.64644868954
      k =    6 ; sb/Sb = 0 ; sb = 0
      k =    5 ; sb/Sb = 0.116351315901717 ; sb = 352.278299076171
      k =    4 ; sb/Sb = 0.28479533094746 ; sb = 862.278299076171
      k =  127 ; sb/Sb = 0.453182670363475 ; sb = 1372.10670158039
      Creating new point: f = 0.175480810896476
    i = 10 ; sf/Sf = 0.495671979397358 ; sf = 2203.87222351939
      k =    6 ; sb/Sb = 0 ; sb = 0
      k =    5 ; sb/Sb = 0.116351315901717 ; sb = 352.278299076171
      k =    4 ; sb/Sb = 0.28479533094746 ; sb = 862.278299076171
      k =  127 ; sb/Sb = 0.453182670363475 ; sb = 1372.10670158039
      k =    3 ; sb/Sb = 0.62157000977949 ; sb = 1881.9351040846
      Creating new point: f = 0.252330782000832
    i = 11 ; sf/Sf = 0.632294137260837 ; sf = 2811.32592545889
      k =    6 ; sb/Sb = 0 ; sb = 0
      k =    5 ; sb/Sb = 0.116351315901717 ; sb = 352.278299076171
      k =    4 ; sb/Sb = 0.28479533094746 ; sb = 862.278299076171
      k =  127 ; sb/Sb = 0.453182670363475 ; sb = 1372.10670158039
      k =    3 ; sb/Sb = 0.62157000977949 ; sb = 1881.9351040846
      k =  140 ; sb/Sb = 0.733098403951691 ; sb = 2219.61098418266
      Creating new point: f = 0.0961560287937877
    i = 12 ; sf/Sf = 0.717789366462352 ; sf = 3191.45748163385
      k =    6 ; sb/Sb = 0 ; sb = 0
      k =    5 ; sb/Sb = 0.116351315901717 ; sb = 352.278299076171
      k =    4 ; sb/Sb = 0.28479533094746 ; sb = 862.278299076171
      k =  127 ; sb/Sb = 0.453182670363475 ; sb = 1372.10670158039
      k =    3 ; sb/Sb = 0.62157000977949 ; sb = 1881.9351040846
      k =  140 ; sb/Sb = 0.733098403951691 ; sb = 2219.61098418266
      Creating new point: f = 0.862734170943931
    i = 13 ; sf/Sf = 0.891203259049315 ; sf = 3962.4957426819
      k =    6 ; sb/Sb = 0 ; sb = 0
      k =    5 ; sb/Sb = 0.116351315901717 ; sb = 352.278299076171
      k =    4 ; sb/Sb = 0.28479533094746 ; sb = 862.278299076171
      k =  127 ; sb/Sb = 0.453182670363475 ; sb = 1372.10670158039
      k =    3 ; sb/Sb = 0.62157000977949 ; sb = 1881.9351040846
      k =  140 ; sb/Sb = 0.733098403951691 ; sb = 2219.61098418266
      k =    2 ; sb/Sb = 0.844626798123892 ; sb = 2557.28686428072
      k =   60 ; sb/Sb = 0.844626798123892 ; sb = 2557.28686428072
      k =   59 ; sb/Sb = 1 ; sb = 3027.71220373429
      Creating new point: f = 0.299771520204378
Tear 2 : Sf = 871.072357391338 ; Sb = 640.312423743285
  Backwards path
    i = 1 ; sf/Sf = 0.496705181130319 ; sf = 432.666153055679
      k =   61 ; sb/Sb = 0 ; sb = 0
      k =   60 ; sb/Sb = 1 ; sb = 640.312423743285
      Creating new point: f = 0.496705181130319
Tear 3 : Sf = 2073.91689051223 ; Sb = 2498.73966445186
  Backwards path
    i = 23 ; sf/Sf = 0.0723269098613455 ; sf = 150
      k =   22 ; sb/Sb = 0 ; sb = 0
      k =   21 ; sb/Sb = 0.231598937689317 ; sb = 578.705451849211
      Creating new point: f = 0.312293789353947
    i = 24 ; sf/Sf = 0.107430099977524 ; sf = 222.801098892805
      k =   22 ; sb/Sb = 0 ; sb = 0
      k =   21 ; sb/Sb = 0.231598937689317 ; sb = 578.705451849211
      Creating new point: f = 0.463862662969717
    i = 81 ; sf/Sf = 0.258472363814902 ; sf = 536.050201046347
      k =   22 ; sb/Sb = 0 ; sb = 0
      k =   21 ; sb/Sb = 0.231598937689317 ; sb = 578.705451849211
      k =   20 ; sb/Sb = 0.459468067843128 ; sb = 1148.09108566868
      Creating new point: f = 0.117933596830097
    i = 25 ; sf/Sf = 0.409514627652279 ; sf = 849.299303199889
      k =   22 ; sb/Sb = 0 ; sb = 0
      k =   21 ; sb/Sb = 0.231598937689317 ; sb = 578.705451849211
      k =   20 ; sb/Sb = 0.459468067843128 ; sb = 1148.09108566868
      Creating new point: f = 0.780780133942975
    i = 122 ; sf/Sf = 0.642961174951882 ; sf = 1333.4480406763
      k =   22 ; sb/Sb = 0 ; sb = 0
      k =   21 ; sb/Sb = 0.231598937689317 ; sb = 578.705451849211
      k =   20 ; sb/Sb = 0.459468067843128 ; sb = 1148.09108566868
      k =   19 ; sb/Sb = 0.627790851876945 ; sb = 1568.68590256494
      k =   80 ; sb/Sb = 0.795096701235454 ; sb = 1986.73966445186
      Creating new point: f = 0.0906741941964556
    i = 26 ; sf/Sf = 0.876407722251484 ; sf = 1817.5967781527
      k =   22 ; sb/Sb = 0 ; sb = 0
      k =   21 ; sb/Sb = 0.231598937689317 ; sb = 578.705451849211
      k =   20 ; sb/Sb = 0.459468067843128 ; sb = 1148.09108566868
      k =   19 ; sb/Sb = 0.627790851876945 ; sb = 1568.68590256494
      k =   80 ; sb/Sb = 0.795096701235454 ; sb = 1986.73966445186
      k =   18 ; sb/Sb = 1 ; sb = 2498.73966445186
      Creating new point: f = 0.396826315175455
Tear 4 : Sf = 803.243425120928 ; Sb = 1091.14618635635
  Backwards path
Tear 5 : Sf = 3265.52215558257 ; Sb = 2953.13720434832
  Backwards path
    i = 49 ; sf/Sf = 0.116608810827456 ; sf = 380.788655293195
      k =   48 ; sb/Sb = 0 ; sb = 0
      k =   72 ; sb/Sb = 0.155637674773286 ; sb = 459.619407771256
      Creating new point: f = 0.749232542810201
    i = 50 ; sf/Sf = 0.375078321560202 ; sf = 1224.82656913356
      k =   48 ; sb/Sb = 0 ; sb = 0
      k =   72 ; sb/Sb = 0.155637674773286 ; sb = 459.619407771256
      k =   47 ; sb/Sb = 0.311275349546573 ; sb = 919.238815542512
      k =   46 ; sb/Sb = 0.453698402656655 ; sb = 1339.83363243877
      Creating new point: f = 0.447982055014045
    i = 51 ; sf/Sf = 0.511925673419728 ; sf = 1671.70462856365
      k =   48 ; sb/Sb = 0 ; sb = 0
      k =   72 ; sb/Sb = 0.155637674773286 ; sb = 459.619407771256
      k =   47 ; sb/Sb = 0.311275349546573 ; sb = 919.238815542512
      k =   46 ; sb/Sb = 0.453698402656655 ; sb = 1339.83363243877
      k =   66 ; sb/Sb = 0.467514590686364 ; sb = 1380.63473133158
      k =   45 ; sb/Sb = 0.478350524740793 ; sb = 1412.63473133158
      k =   67 ; sb/Sb = 0.489186458795223 ; sb = 1444.63473133158
      k =   65 ; sb/Sb = 0.500022392849652 ; sb = 1476.63473133158
      k =   68 ; sb/Sb = 0.510858326904081 ; sb = 1508.63473133158
      k =   64 ; sb/Sb = 0.52169426095851 ; sb = 1540.63473133158
      Creating new point: f = 0.0985006470402674
    i = 272 ; sf/Sf = 0.653090608429151 ; sf = 2132.68185142829
      k =   48 ; sb/Sb = 0 ; sb = 0
      k =   72 ; sb/Sb = 0.155637674773286 ; sb = 459.619407771256
      k =   47 ; sb/Sb = 0.311275349546573 ; sb = 919.238815542512
      k =   46 ; sb/Sb = 0.453698402656655 ; sb = 1339.83363243877
      k =   66 ; sb/Sb = 0.467514590686364 ; sb = 1380.63473133158
      k =   45 ; sb/Sb = 0.478350524740793 ; sb = 1412.63473133158
      k =   67 ; sb/Sb = 0.489186458795223 ; sb = 1444.63473133158
      k =   65 ; sb/Sb = 0.500022392849652 ; sb = 1476.63473133158
      k =   68 ; sb/Sb = 0.510858326904081 ; sb = 1508.63473133158
      k =   64 ; sb/Sb = 0.52169426095851 ; sb = 1540.63473133158
      k =   63 ; sb/Sb = 0.565037997176227 ; sb = 1668.63473133158
      k =   62 ; sb/Sb = 0.651725469611662 ; sb = 1924.63473133158
      k =   44 ; sb/Sb = 0.766080410842522 ; sb = 2262.3405627815
      Creating new point: f = 0.0119377335408128
    i = 52 ; sf/Sf = 0.794255543438574 ; sf = 2593.65907429294
      k =   48 ; sb/Sb = 0 ; sb = 0
      k =   72 ; sb/Sb = 0.155637674773286 ; sb = 459.619407771256
      k =   47 ; sb/Sb = 0.311275349546573 ; sb = 919.238815542512
      k =   46 ; sb/Sb = 0.453698402656655 ; sb = 1339.83363243877
      k =   66 ; sb/Sb = 0.467514590686364 ; sb = 1380.63473133158
      k =   45 ; sb/Sb = 0.478350524740793 ; sb = 1412.63473133158
      k =   67 ; sb/Sb = 0.489186458795223 ; sb = 1444.63473133158
      k =   65 ; sb/Sb = 0.500022392849652 ; sb = 1476.63473133158
      k =   68 ; sb/Sb = 0.510858326904081 ; sb = 1508.63473133158
      k =   64 ; sb/Sb = 0.52169426095851 ; sb = 1540.63473133158
      k =   63 ; sb/Sb = 0.565037997176227 ; sb = 1668.63473133158
      k =   62 ; sb/Sb = 0.651725469611662 ; sb = 1924.63473133158
      k =   44 ; sb/Sb = 0.766080410842522 ; sb = 2262.3405627815
      k =   43 ; sb/Sb = 1 ; sb = 2953.13720434832
      Creating new point: f = 0.120447939813557
Tear 6 : Sf = 710.211236182588 ; Sb = 1087.48440502396
  Backwards path
Triangulating...
[1] "Non-adjacent points in rim connected by line: 67 66"
[1] "In triangle: 490" "In triangle: 494"
[1] "Other points in triangles: 447 446"
[1] "Non-adjacent points in rim connected by line: 484 483"
[1] "In triangle: 52" "In triangle: 58"
[1] "Other points in triangles: 60 89"
[1] "Non-adjacent points in rim connected by line: 490 17"
[1] "In triangle: 424" "In triangle: 432"
[1] "Other points in triangles: 18 241"
[1] "Non-adjacent points in rim connected by line: 492 72"
[1] "In triangle: 484" "In triangle: 487"
[1] "Other points in triangles: 95 47"
Merging points...
Projecting to sphere...
Optimising mapping with FIRE...
E =  0.00675 | E_L =  0.00675 | E_A =  0.00000 |   0 flippped triangles
E =  0.00558 | E_L =  0.00558 | E_A =  0.00000 |  75 flippped triangles
        phi0     phi0.1    phi0.2    phi0.3    phi0.4    phi0.5    phi0.6
id    69.000    76.0000    108.00   116.000   119.000 120.00000   145.000
A   6222.649 28862.5835  12756.88  1699.743  2215.472  26.76725  1375.770
a  -5272.450  -183.3619 -13562.78 -1666.481 -1483.149 -10.99644 -1116.873
      phi0.7    phi0.8    phi0.9   phi0.10   phi0.11   phi0.12   phi0.13
id   147.000    157.00 158.00000   161.000   163.000  237.0000   239.000
A   9967.957  49132.85  78.05679  1811.875  7407.029  666.4211  9756.859
a  -9885.899 -50820.55 -11.87385 -1468.623 -4191.897 -645.9187 -3463.745
     phi0.14   phi0.15   phi0.16   phi0.17   phi0.18   phi0.19   phi0.20
id    240.00    241.00   242.000    243.00    250.00   254.000    258.00
A   16744.65  15323.46  1333.267  40029.18  12357.52  1530.559  37962.08
a  -16230.88 -18237.33 -1272.905 -33123.62 -10948.68 -1296.074 -40831.90
     phi0.21   phi0.22   phi0.23   phi0.24   phi0.25   phi0.26   phi0.27
id 259.00000  261.0000  262.0000   265.000   268.000    274.00    284.00
A   89.80214 7674.7402  176.1773  3590.083  2722.198  57955.09  55487.74
a  -85.66667 -663.0173 -171.8748 -3789.293 -3090.860 -35985.62 -23564.54
     phi0.28   phi0.29   phi0.30   phi0.31   phi0.32   phi0.33   phi0.34
id    297.00   300.000    342.00   348.000    409.00    411.00    417.00
A   76580.00 24356.255  27750.46  6240.576  61033.77  56499.82  94131.53
a  -38903.53 -4231.008 -36057.51 -4583.494 -54318.82 -44460.79 -87412.47
     phi0.35   phi0.36   phi0.37   phi0.38   phi0.39   phi0.40   phi0.41
id    431.00    448.00    450.00    454.00   459.000   460.000    463.00
A   10539.56  51634.06  10707.37  49014.48 11081.702 34134.548  34135.67
a  -10213.09 -44912.71 -12412.83 -25513.01 -6518.829 -1992.208 -33572.09
     phi0.42   phi0.43   phi0.44   phi0.45   phi0.46   phi0.47   phi0.48
id    467.00    471.00 472.00000  478.0000 480.00000 481.00000  482.0000
A   24280.34  55101.37  40.24922  337.3503  78.19366  45.09648  182.2873
a  -30596.37 -26599.50 -40.05676 -379.0255 -70.69657 -49.27573 -152.9656
     phi0.49   phi0.50   phi0.51   phi0.52    phi0.53   phi0.54   phi0.55
id  483.0000    487.00  488.0000   489.000 490.000000 491.00000   493.000
A   127.8260  14203.28  250.9340  8964.608   8.578644  34.31458  5030.758
a  -121.4797 -14234.66 -247.0458 -7542.113  -6.630505 -65.43729 -3972.990
     phi0.56   phi0.57   phi0.58   phi0.59   phi0.60   phi0.61   phi0.62
id 494.00000  498.0000  502.0000 504.00000    511.00    512.00  514.0000
A   17.93135  520.7805  842.2216  21.89101  46823.53  19329.65  182.2202
a  -20.11588 -463.2480 -324.0429 -19.77785 -49367.63 -17515.26 -200.5050
     phi0.63   phi0.64   phi0.65   phi0.66   phi0.67   phi0.68   phi0.69
id  515.0000   518.000   521.000   766.000    767.00   769.000    783.00
A   336.0965  1928.402  8476.599  8601.813  17723.25  4971.142  24530.13
a  -343.1548 -1647.711 -5583.119 -3658.068 -10155.39 -3772.975 -26093.13
     phi0.70   phi0.71   phi0.72   phi0.73   phi0.74
id   784.000    785.00   789.000   792.000    950.00
A   1754.154  13166.13  2893.809  4183.826  29694.39
a  -1067.061 -13523.33 -3022.398 -3187.829 -29328.18
E =  0.00530 | E_L =  0.00530 | E_A =  0.00000 |  71 flippped triangles
        phi0     phi0.1    phi0.2    phi0.3    phi0.4    phi0.5    phi0.6
id    69.000    76.0000    108.00   116.000   119.000 120.00000   145.000
A   6222.649 28862.5835  12756.88  1699.743  2215.472  26.76725  1375.770
a  -5515.881  -218.8185 -11986.66 -1937.309 -2004.942 -27.76946 -1223.126
       phi0.7    phi0.8    phi0.9   phi0.10   phi0.11   phi0.12   phi0.13
id    147.000    157.00   161.000    162.00   163.000   165.000  237.0000
A    9967.957  49132.85  1811.875  24984.81  7407.029  5527.018  666.4211
a  -10225.517 -45526.12 -1994.930 -11938.46 -5850.917 -4197.882 -633.9781
     phi0.14   phi0.15   phi0.16   phi0.17   phi0.18   phi0.19   phi0.20
id   239.000    240.00    241.00   242.000    243.00    250.00   254.000
A   9756.859  16744.65  15323.46  1333.267  40029.18  12357.52  1530.559
a  -7558.191 -13107.52 -15452.49 -1248.222 -30864.94 -11165.41 -1671.947
     phi0.21   phi0.22   phi0.23   phi0.24   phi0.25   phi0.26   phi0.27
id    258.00 259.00000  262.0000   265.000   268.000    274.00    278.00
A   37962.08  89.80214  176.1773  3590.083  2722.198  57955.09  34795.51
a  -40024.74 -71.78889 -167.1752 -1687.731 -1745.114 -62914.49 -32361.51
     phi0.28   phi0.29   phi0.30   phi0.31   phi0.32   phi0.33   phi0.34
id    280.00    284.00  285.0000    297.00    300.00    313.00    342.00
A   93875.30  55487.74  173.8337  76580.00  24356.26  59312.61  27750.46
a  -67708.39 -48306.70 -156.6792 -63363.15 -13702.48 -40649.07 -13196.83
     phi0.35   phi0.36   phi0.37   phi0.38   phi0.39   phi0.40    phi0.41
id   348.000    429.00    431.00    450.00    454.00   459.000   460.0000
A   6240.576  27978.23  10539.56  10707.37  49014.48 11081.702 34134.5475
a  -3798.388 -20486.58 -10297.77 -12236.77 -20022.34 -7834.098  -788.5034
     phi0.42   phi0.43   phi0.44   phi0.45   phi0.46   phi0.47   phi0.48
id    463.00    467.00    471.00  478.0000 480.00000  482.0000    487.00
A   34135.67  24280.34  55101.37  337.3503  78.19366  182.2873  14203.28
a  -36772.86 -30097.80 -25639.70 -171.7309 -62.42852 -193.6128 -15030.40
     phi0.49   phi0.50   phi0.51   phi0.52   phi0.53   phi0.54   phi0.55
id  488.0000   489.000   493.000  498.0000  502.0000 504.00000    511.00
A   250.9340  8964.608  5030.758  520.7805  842.2216  21.89101  46823.53
a  -249.4698 -7990.315 -3475.447 -361.8487 -691.8642 -25.71218 -54244.88
     phi0.56   phi0.57   phi0.58   phi0.59   phi0.60   phi0.61   phi0.62
id    512.00  514.0000  515.0000   518.000   521.000   766.000    767.00
A   19329.65  182.2202  336.0965  1928.402  8476.599  8601.813  17723.25
a  -13752.40 -195.6717 -254.3049 -1913.785 -7375.053 -3907.635 -11662.89
     phi0.63   phi0.64   phi0.65   phi0.66   phi0.67   phi0.68   phi0.69
id   769.000    783.00   784.000    785.00   786.000   789.000   792.000
A   4971.142  24530.13  1754.154  13166.13 12022.611  2893.809  4183.826
a  -4977.569 -27417.83 -1437.989 -13014.99 -9554.871 -2918.540 -3369.388
     phi0.70
id    950.00
A   29694.39
a  -27419.62
E =  0.00523 | E_L =  0.00523 | E_A =  0.00000 |  65 flippped triangles
        phi0    phi0.1    phi0.2    phi0.3    phi0.4    phi0.5    phi0.6
id    69.000    108.00   116.000   119.000 120.00000   145.000   147.000
A   6222.649  12756.88  1699.743  2215.472  26.76725  1375.770  9967.957
a  -5836.555 -11170.92 -1886.774 -1842.793 -25.57261 -1149.919 -8995.928
      phi0.7    phi0.8    phi0.9   phi0.10   phi0.11   phi0.12   phi0.13
id    157.00   161.000    162.00   163.000   165.000  237.0000   239.000
A   49132.85  1811.875  24984.81  7407.029  5527.018  666.4211  9756.859
a  -48436.43 -1970.485 -16663.46 -7265.369 -3930.855 -488.9085 -6713.580
     phi0.14   phi0.15   phi0.16   phi0.17   phi0.18   phi0.19   phi0.20
id   240.000    241.00   242.000    243.00    250.00  254.0000    258.00
A  16744.646  15323.46  1333.267  40029.18  12357.52 1530.5589  37962.08
a  -9279.336 -14405.31 -1238.061 -26988.19 -10822.40 -860.0285 -38664.15
     phi0.21   phi0.22   phi0.23   phi0.24   phi0.25   phi0.26   phi0.27
id 259.00000  262.0000   265.000   268.000    274.00    278.00    280.00
A   89.80214  176.1773  3590.083  2722.198  57955.09  34795.51  93875.30
a  -81.94448 -193.4820 -3514.180 -2413.012 -57954.69 -16819.37 -64164.45
     phi0.28   phi0.29   phi0.30   phi0.31   phi0.32   phi0.33   phi0.34
id    284.00  285.0000    297.00    300.00   313.000    342.00   348.000
A   55487.74  173.8337  76580.00  24356.26 59312.608  27750.46  6240.576
a  -46987.58 -158.2827 -37804.44 -15175.25 -7877.974 -11328.06 -4407.150
     phi0.35   phi0.36   phi0.37   phi0.38   phi0.39   phi0.40   phi0.41
id    429.00    431.00    450.00   454.000   459.000    463.00    467.00
A   27978.23  10539.56  10707.37 49014.475 11081.702  34135.67  24280.34
a  -17300.25 -10334.15 -12340.80 -7624.915 -9056.667 -35459.43 -27501.46
     phi0.42   phi0.43   phi0.44   phi0.45   phi0.46   phi0.47   phi0.48
id    471.00 480.00000  482.0000    487.00  488.0000   489.000  502.0000
A   55101.37  78.19366  182.2873  14203.28  250.9340  8964.608  842.2216
a  -31362.97 -59.84847 -182.1208 -14728.60 -234.7126 -6482.216 -618.7566
     phi0.49   phi0.50   phi0.51   phi0.52   phi0.53   phi0.54   phi0.55
id 504.00000    511.00    512.00  514.0000   518.000   521.000   766.000
A   21.89101  46823.53  19329.65  182.2202  1928.402  8476.599  8601.813
a  -23.16890 -46944.82 -12839.23 -197.4463 -1994.437 -6756.575 -3652.330
     phi0.56   phi0.57   phi0.58   phi0.59   phi0.60   phi0.61   phi0.62
id   767.000   769.000    783.00   784.000    785.00    786.00   789.000
A  17723.248  4971.142  24530.13  1754.154  13166.13  12022.61  2893.809
a  -7478.255 -4419.083 -26772.17 -1010.466 -12658.51 -11874.40 -2716.944
     phi0.63   phi0.64
id   792.000    950.00
A   4183.826  29694.39
a  -3275.952 -28465.14
E =  0.00520 | E_L =  0.00520 | E_A =  0.00000 |  65 flippped triangles
        phi0    phi0.1    phi0.2    phi0.3    phi0.4    phi0.5    phi0.6
id    69.000    108.00   116.000   119.000 120.00000   145.000   147.000
A   6222.649  12756.88  1699.743  2215.472  26.76725  1375.770  9967.957
a  -5891.479 -11050.65 -1988.019 -2097.409 -26.75904 -1195.436 -8827.606
      phi0.7    phi0.8    phi0.9   phi0.10   phi0.11   phi0.12   phi0.13
id    157.00   161.000    162.00   163.000   165.000  237.0000   239.000
A   49132.85  1811.875  24984.81  7407.029  5527.018  666.4211  9756.859
a  -46474.05 -1912.422 -17081.18 -7386.495 -4439.000 -476.5000 -6745.606
     phi0.14   phi0.15   phi0.16   phi0.17   phi0.18   phi0.19   phi0.20
id    240.00    241.00   242.000    243.00    250.00  254.0000    258.00
A   16744.65  15323.46  1333.267  40029.18  12357.52 1530.5589  37962.08
a  -10782.22 -15541.35 -1232.965 -27514.26 -10759.74 -734.2034 -38234.47
     phi0.21   phi0.22   phi0.23   phi0.24   phi0.25   phi0.26  phi0.27
id 259.00000  262.0000   265.000   268.000    274.00    278.00    280.0
A   89.80214  176.1773  3590.083  2722.198  57955.09  34795.51  93875.3
a  -79.60762 -194.0127 -3809.595 -2742.733 -59460.93 -22512.74 -66618.0
     phi0.28   phi0.29   phi0.30   phi0.31   phi0.32   phi0.33   phi0.34
id    284.00  285.0000    297.00    300.00    313.00    342.00   348.000
A   55487.74  173.8337  76580.00  24356.26  59312.61  27750.46  6240.576
a  -48446.06 -162.8957 -48171.35 -16749.98 -25597.64 -10354.17 -4190.408
     phi0.35   phi0.36   phi0.37   phi0.38   phi0.39   phi0.40   phi0.41
id    429.00    431.00    450.00   454.000   459.000    463.00    467.00
A   27978.23  10539.56  10707.37 49014.475 11081.702  34135.67  24280.34
a  -17934.69 -10488.23 -12205.22 -8961.183 -8224.623 -35396.42 -27319.36
     phi0.42   phi0.43   phi0.44   phi0.45   phi0.46   phi0.47   phi0.48
id    471.00 480.00000  482.0000    487.00  488.0000   489.000  502.0000
A   55101.37  78.19366  182.2873  14203.28  250.9340  8964.608  842.2216
a  -29652.09 -62.27744 -178.9105 -15279.99 -235.9517 -6374.638 -653.7272
     phi0.49   phi0.50   phi0.51   phi0.52   phi0.53   phi0.54   phi0.55
id 504.00000    511.00    512.00  514.0000   518.000   521.000   766.000
A   21.89101  46823.53  19329.65  182.2202  1928.402  8476.599  8601.813
a  -24.15459 -50056.35 -12684.46 -197.2870 -1937.223 -7132.681 -3454.307
     phi0.56   phi0.57   phi0.58   phi0.59   phi0.60   phi0.61   phi0.62
id   767.000   769.000    783.00   784.000    785.00    786.00   789.000
A  17723.248  4971.142  24530.13  1754.154  13166.13  12022.61  2893.809
a  -9480.964 -4513.568 -26642.13 -1297.510 -11853.86 -12389.83 -2695.061
     phi0.63   phi0.64
id   792.000    950.00
A   4183.826  29694.39
a  -3201.652 -27600.73
E =  0.00518 | E_L =  0.00518 | E_A =  0.00000 |  66 flippped triangles
        phi0    phi0.1    phi0.2    phi0.3    phi0.4    phi0.5    phi0.6
id    69.000    108.00   116.000   119.000 120.00000   145.000   147.000
A   6222.649  12756.88  1699.743  2215.472  26.76725  1375.770  9967.957
a  -5869.644 -11142.57 -1961.285 -2089.247 -26.50688 -1192.272 -8730.959
      phi0.7    phi0.8    phi0.9   phi0.10   phi0.11   phi0.12   phi0.13
id    157.00   161.000    162.00   163.000   165.000  237.0000   239.000
A   49132.85  1811.875  24984.81  7407.029  5527.018  666.4211  9756.859
a  -47059.79 -1979.909 -17469.92 -7486.993 -4392.617 -479.8932 -6271.681
     phi0.14   phi0.15   phi0.16   phi0.17   phi0.18   phi0.19   phi0.20
id    240.00    241.00   242.000    243.00    250.00  254.0000    258.00
A   16744.65  15323.46  1333.267  40029.18  12357.52 1530.5589  37962.08
a  -10174.27 -15031.62 -1236.761 -27414.03 -10643.88 -791.4847 -37834.99
     phi0.21   phi0.22   phi0.23   phi0.24   phi0.25   phi0.26   phi0.27
id 259.00000  262.0000   265.000   268.000    274.00    278.00    280.00
A   89.80214  176.1773  3590.083  2722.198  57955.09  34795.51  93875.30
a  -82.37382 -194.3709 -3802.613 -2790.596 -58682.33 -19515.51 -65746.43
     phi0.28   phi0.29   phi0.30   phi0.31   phi0.32   phi0.33   phi0.34
id    284.00  285.0000    297.00    300.00    313.00   342.000   348.000
A   55487.74  173.8337  76580.00  24356.26  59312.61 27750.456  6240.576
a  -47578.82 -159.1943 -42124.47 -15836.76 -16429.67 -9915.438 -4272.820
     phi0.35   phi0.36   phi0.37  phi0.38   phi0.39     phi0.40   phi0.41
id    429.00    431.00    450.00   454.00   459.000   460.00000    463.00
A   27978.23  10539.56  10707.37 49014.48 11081.702 34134.54753  34135.67
a  -17927.54 -10451.12 -12193.83 -7033.87 -8552.473   -38.81214 -34972.65
     phi0.42   phi0.43   phi0.44   phi0.45   phi0.46   phi0.47   phi0.48
id    467.00    471.00 480.00000  482.0000    487.00  488.0000   489.000
A   24280.34  55101.37  78.19366  182.2873  14203.28  250.9340  8964.608
a  -26879.92 -30823.98 -59.37970 -181.3791 -14936.54 -235.4508 -6520.665
     phi0.49   phi0.50   phi0.51   phi0.52   phi0.53   phi0.54   phi0.55
id  502.0000 504.00000    511.00    512.00  514.0000   518.000   521.000
A   842.2216  21.89101  46823.53  19329.65  182.2202  1928.402  8476.599
a  -686.9559 -24.22387 -47740.33 -12804.67 -201.7777 -1966.712 -6978.610
     phi0.56   phi0.57   phi0.58   phi0.59   phi0.60   phi0.61   phi0.62
id   766.000   767.000   769.000    783.00   784.000    785.00    786.00
A   8601.813 17723.248  4971.142  24530.13  1754.154  13166.13  12022.61
a  -3427.742 -8301.695 -4473.648 -26515.10 -1244.014 -12021.92 -12294.54
     phi0.63   phi0.64   phi0.65
id   789.000   792.000    950.00
A   2893.809  4183.826  29694.39
a  -2745.428 -3248.717 -28544.77
E =  0.00516 | E_L =  0.00516 | E_A =  0.00000 |  64 flippped triangles
        phi0    phi0.1    phi0.2    phi0.3    phi0.4    phi0.5    phi0.6
id    69.000    108.00   116.000   119.000 120.00000   145.000   147.000
A   6222.649  12756.88  1699.743  2215.472  26.76725  1375.770  9967.957
a  -5980.295 -10434.75 -1982.501 -2060.885 -26.89286 -1182.816 -8957.321
      phi0.7    phi0.8    phi0.9   phi0.10   phi0.11   phi0.12   phi0.13
id    157.00   161.000    162.00   163.000   165.000  237.0000   239.000
A   49132.85  1811.875  24984.81  7407.029  5527.018  666.4211  9756.859
a  -47830.36 -1933.455 -16307.55 -7219.964 -4457.558 -487.8499 -6012.052
     phi0.14   phi0.15   phi0.16   phi0.17   phi0.18   phi0.19   phi0.20
id   240.000    241.00   242.000    243.00    250.00  254.0000    258.00
A  16744.646  15323.46  1333.267  40029.18  12357.52 1530.5589  37962.08
a  -9259.771 -15824.53 -1252.900 -26092.71 -10661.98 -834.9683 -36560.88
     phi0.21   phi0.22   phi0.23   phi0.24   phi0.25   phi0.26  phi0.27
id 259.00000  262.0000   265.000   268.000    274.00    278.00    280.0
A   89.80214  176.1773  3590.083  2722.198  57955.09  34795.51  93875.3
a  -81.26240 -188.8302 -3793.898 -2773.107 -58969.13 -20533.90 -68272.8
     phi0.28   phi0.29   phi0.30   phi0.31   phi0.32   phi0.33   phi0.34
id    284.00  285.0000    297.00    300.00    313.00   342.000   348.000
A   55487.74  173.8337  76580.00  24356.26  59312.61 27750.456  6240.576
a  -48001.15 -163.4053 -37129.26 -17286.32 -11868.03 -9943.619 -4270.926
     phi0.35   phi0.36   phi0.37   phi0.38   phi0.39   phi0.40   phi0.41
id    429.00    431.00    450.00   459.000    463.00    467.00    471.00
A   27978.23  10539.56  10707.37 11081.702  34135.67  24280.34  55101.37
a  -18620.52 -10471.75 -11868.46 -8866.001 -35176.45 -24005.62 -31948.26
     phi0.42   phi0.43   phi0.44   phi0.45   phi0.46   phi0.47   phi0.48
id 480.00000  482.0000    487.00  488.0000   489.000  502.0000 504.00000
A   78.19366  182.2873  14203.28  250.9340  8964.608  842.2216  21.89101
a  -61.64847 -181.7020 -14858.23 -229.5201 -5857.536 -720.7223 -24.43703
     phi0.49   phi0.50   phi0.51   phi0.52   phi0.53   phi0.54   phi0.55
id    511.00    512.00  514.0000   518.000   521.000   766.000   767.000
A   46823.53  19329.65  182.2202  1928.402  8476.599  8601.813 17723.248
a  -47112.31 -12779.80 -194.3912 -1943.176 -7303.004 -3126.896 -7094.199
     phi0.56   phi0.57   phi0.58   phi0.59   phi0.60   phi0.61   phi0.62
id   769.000    783.00   784.000    785.00    786.00   789.000   792.000
A   4971.142  24530.13  1754.154  13166.13  12022.61  2893.809  4183.826
a  -4619.285 -25803.53 -1224.474 -11416.85 -12056.61 -2656.691 -3033.936
     phi0.63
id    950.00
A   29694.39
a  -29627.03
FIRE:  6  stops.  14 hits of maxmove.  0 hits of dtmax.
Frms = 8.70420791722621e-06; Ftanrms = 8.70392418360054e-06
E =  0.00904 | E_L =  0.00897 | E_A =  0.00007 |   0 flippped triangles
E =  0.00696 | E_L =  0.00695 | E_A =  0.00001 |   0 flippped triangles
E =  0.00630 | E_L =  0.00629 | E_A =  0.00001 |   0 flippped triangles
E =  0.00600 | E_L =  0.00600 | E_A =  0.00000 |   0 flippped triangles
E =  0.00593 | E_L =  0.00593 | E_A =  0.00000 |   0 flippped triangles
E =  0.00591 | E_L =  0.00591 | E_A =  0.00000 |   0 flippped triangles
E =  0.00584 | E_L =  0.00584 | E_A =  0.00000 |   0 flippped triangles
E =  0.00584 | E_L =  0.00584 | E_A =  0.00000 |   0 flippped triangles
E =  0.00584 | E_L =  0.00584 | E_A =  0.00000 |   0 flippped triangles
Optimising mapping with BFGS...
E =  0.00584 | E_L =  0.00584 | E_A =  0.00000 |   0 flippped triangles
Transforming image...
Mapping optimised. Error: 0.005837594 ; 0 flipped triangles.
Inferring coordinates of datapoints
Inferring coordinates of landmarks
Mapping optimised. Error: 0.005837594 ; 0 flipped triangles. OD displacement: 14.55634 degrees.
Computing Kernel Density estimates of datapoints

[1] 0.8
Saving developmental_retina/data/C57BL6J/P16/AP/GM128-7/R-CONTRA/r.mat
