[1] "Adding old segment 1"
[1] "Storing new segment 1"
[1] "Adding old segment 2"
[1] "Adding old segment 3"
[1] "Adding old segment 4"
[1] "Adding old segment 5"
[1] "Intersection found. Old points:"
    X     Y 
-1860   649 
    X     Y 
-1790   689 
    X     Y 
-1790   689 
    X     Y 
-1410   779 
[1] "Point i+1 has been changed:"
    X     Y 
-1860   649 
    X     Y 
-1790   689 
    X     Y 
-1790   689 
    X     Y 
-1410   779 
[1] "a= 0.128036879932896"
[1] "l= 390.512483795333"
[1] "New points:"
    X     Y 
-1860   649 
    X     Y 
-1790   689 
         X          Y 
-1458.6540   767.4767 
    X     Y 
-1410   779 
[1] "Storing new segment 2"
simplify.outline: Removing vertex 30
simplify.outline: Removing vertex 42
Triangulating...
[1] "Non-adjacent points in rim connected by line: 54 20"
[1] "In triangle: 16" "In triangle: 86"
[1] "Other points in triangles: 57 65"
[1] "Non-adjacent points in rim connected by line: 57 20"
[1] "In triangle: 42"  "In triangle: 804"
[1] "Other points in triangles: 66 468"
[1] "Non-adjacent points in rim connected by line: 58 56"
[1] "In triangle: 22" "In triangle: 25"
[1] "Other points in triangles: 21 64"
[1] "Non-adjacent points in rim connected by line: 60 59"
[1] "In triangle: 14" "In triangle: 64"
[1] "Other points in triangles: 62 61"
[1] "Non-adjacent points in rim connected by line: 61 59"
[1] "In triangle: 35"  "In triangle: 811"
[1] "Other points in triangles: 65 471"
[1] "Non-adjacent points in rim connected by line: 62 60"
[1] "In triangle: 14" "In triangle: 89"
[1] "Other points in triangles: 471 63"
[1] "Non-adjacent points in rim connected by line: 63 62"
[1] "In triangle: 38" "In triangle: 89"
[1] "Other points in triangles: 64 473"
[1] "Non-adjacent points in rim connected by line: 64 58"
[1] "In triangle: 25" "In triangle: 77"
[1] "Other points in triangles: 470 63"
[1] "Non-adjacent points in rim connected by line: 64 63"
[1] "In triangle: 38" "In triangle: 77"
[1] "Other points in triangles: 474 475"
[1] "Non-adjacent points in rim connected by line: 65 54"
[1] "In triangle: 70" "In triangle: 86"
[1] "Other points in triangles: 61 468"
[1] "Non-adjacent points in rim connected by line: 65 61"
[1] "In triangle: 35" "In triangle: 70"
[1] "Other points in triangles: 472 477"
[1] "Non-adjacent points in rim connected by line: 83 31"
[1] "In triangle: 4"   "In triangle: 250"
[1] "Other points in triangles: 30 249"
[1] "Non-adjacent points in rim connected by line: 228 227"
[1] "In triangle: 359" "In triangle: 362"
[1] "Other points in triangles: 226 22"
[1] "Non-adjacent points in rim connected by line: 359 345"
[1] "In triangle: 585" "In triangle: 606"
[1] "Other points in triangles: 42 360"
Stitching...
Tear 1 child of rim
Tear 2 child of rim
Tear 3 child of rim
Tear 4 child of rim
Tear 5 child of rim
Tear 6 child of rim
Tear 1 : Sf = 2033.96110926481 ; Sb = 2043.03976478754
  Forwards path
    i = 277 ; sf/Sf = 0.183991988007358 ; sf = 374.232548023285
      k =   17 ; sb/Sb = 0 ; sb = 0
      k =  388 ; sb/Sb = 0.132653612195129 ; sb = 271.016604657353
      k =   16 ; sb/Sb = 0.265307224390257 ; sb = 542.033209314706
      Creating new point: f = 0.387010764069605
    i = 18 ; sf/Sf = 0.367983976014716 ; sf = 748.465096046569
      k =   17 ; sb/Sb = 0 ; sb = 0
      k =  388 ; sb/Sb = 0.132653612195129 ; sb = 271.016604657353
      k =   16 ; sb/Sb = 0.265307224390257 ; sb = 542.033209314706
      k =  411 ; sb/Sb = 0.38841200017357 ; sb = 793.541161475269
      Creating new point: f = 0.834059856501338
    i = 292 ; sf/Sf = 0.525987982011037 ; sf = 1069.83909935113
      k =   17 ; sb/Sb = 0 ; sb = 0
      k =  388 ; sb/Sb = 0.132653612195129 ; sb = 271.016604657353
      k =   16 ; sb/Sb = 0.265307224390257 ; sb = 542.033209314706
      k =  411 ; sb/Sb = 0.38841200017357 ; sb = 793.541161475269
      k =  396 ; sb/Sb = 0.511516775956883 ; sb = 1045.04911363583
      k =  417 ; sb/Sb = 0.634621551740196 ; sb = 1296.55706579639
      Creating new point: f = 0.117551946803642
    i = 119 ; sf/Sf = 0.683991988007358 ; sf = 1391.21310265569
      k =   17 ; sb/Sb = 0 ; sb = 0
      k =  388 ; sb/Sb = 0.132653612195129 ; sb = 271.016604657353
      k =   16 ; sb/Sb = 0.265307224390257 ; sb = 542.033209314706
      k =  411 ; sb/Sb = 0.38841200017357 ; sb = 793.541161475269
      k =  396 ; sb/Sb = 0.511516775956883 ; sb = 1045.04911363583
      k =  417 ; sb/Sb = 0.634621551740196 ; sb = 1296.55706579639
      k =   15 ; sb/Sb = 0.757726327523509 ; sb = 1548.06501795696
      Creating new point: f = 0.401044037105946
    i = 290 ; sf/Sf = 0.841995994003679 ; sf = 1712.58710596025
      k =   17 ; sb/Sb = 0 ; sb = 0
      k =  388 ; sb/Sb = 0.132653612195129 ; sb = 271.016604657353
      k =   16 ; sb/Sb = 0.265307224390257 ; sb = 542.033209314706
      k =  411 ; sb/Sb = 0.38841200017357 ; sb = 793.541161475269
      k =  396 ; sb/Sb = 0.511516775956883 ; sb = 1045.04911363583
      k =  417 ; sb/Sb = 0.634621551740196 ; sb = 1296.55706579639
      k =   15 ; sb/Sb = 0.757726327523509 ; sb = 1548.06501795696
      k =   14 ; sb/Sb = 1 ; sb = 2043.03976478754
      Creating new point: f = 0.347828410816478
Tear 2 : Sf = 735.684871556718 ; Sb = 629.543075031835
  Forwards path
    i = 11 ; sf/Sf = 0.450206217415807 ; sf = 331.209903233584
      k =   10 ; sb/Sb = 0 ; sb = 0
      k =    9 ; sb/Sb = 0.317690731472007 ; sb = 200
      k =    8 ; sb/Sb = 0.609292060733829 ; sb = 383.575597506858
      Creating new point: f = 0.454440609990561
Tear 3 : Sf = 1701.63383313113 ; Sb = 1939.95882047284
  Forwards path
    i = 26 ; sf/Sf = 0.130484025874816 ; sf = 222.036033111745
      k =   25 ; sb/Sb = 0 ; sb = 0
      k =   24 ; sb/Sb = 0.176470166149729 ; sb = 342.344855372474
      Creating new point: f = 0.739411248494577
    i = 151 ; sf/Sf = 0.265328475746537 ; sf = 451.491911223421
      k =   25 ; sb/Sb = 0 ; sb = 0
      k =   24 ; sb/Sb = 0.176470166149729 ; sb = 342.344855372474
      k =  106 ; sb/Sb = 0.456587002153129 ; sb = 885.759982140215
      Creating new point: f = 0.317218739382485
    i = 27 ; sf/Sf = 0.400172925618259 ; sf = 680.947789335096
      k =   25 ; sb/Sb = 0 ; sb = 0
      k =   24 ; sb/Sb = 0.176470166149729 ; sb = 342.344855372474
      k =  106 ; sb/Sb = 0.456587002153129 ; sb = 885.759982140215
      Creating new point: f = 0.798605191534487
    i = 153 ; sf/Sf = 0.700086462809129 ; sf = 1191.29081123311
      k =   25 ; sb/Sb = 0 ; sb = 0
      k =   24 ; sb/Sb = 0.176470166149729 ; sb = 342.344855372474
      k =  106 ; sb/Sb = 0.456587002153129 ; sb = 885.759982140215
      k =  229 ; sb/Sb = 0.596645420154829 ; sb = 1157.46754552409
      k =   23 ; sb/Sb = 0.73670383815653 ; sb = 1429.17510890796
      Creating new point: f = 0.738556411889818
    i = 173 ; sf/Sf = 0.850043231404565 ; sf = 1446.46232218212
      k =   25 ; sb/Sb = 0 ; sb = 0
      k =   24 ; sb/Sb = 0.176470166149729 ; sb = 342.344855372474
      k =  106 ; sb/Sb = 0.456587002153129 ; sb = 885.759982140215
      k =  229 ; sb/Sb = 0.596645420154829 ; sb = 1157.46754552409
      k =   23 ; sb/Sb = 0.73670383815653 ; sb = 1429.17510890796
      k =  228 ; sb/Sb = 0.868038436023295 ; sb = 1683.95882047284
      Creating new point: f = 0.862981994759781
Tear 4 : Sf = 2026.17987904501 ; Sb = 2145.22105743719
  Forwards path
    i = 450 ; sf/Sf = 0.125009059340724 ; sf = 253.29084073452
      k =   33 ; sb/Sb = 0 ; sb = 0
      k =  261 ; sb/Sb = 0.108386704328506 ; sb = 232.513440471728
      k =   91 ; sb/Sb = 0.216773408657011 ; sb = 465.026880943457
      Creating new point: f = 0.153361568793887
    i = 378 ; sf/Sf = 0.250018118681449 ; sf = 506.58168146904
      k =   33 ; sb/Sb = 0 ; sb = 0
      k =  261 ; sb/Sb = 0.108386704328506 ; sb = 232.513440471728
      k =   91 ; sb/Sb = 0.216773408657011 ; sb = 465.026880943457
      k =  192 ; sb/Sb = 0.325160112985517 ; sb = 697.540321415185
      Creating new point: f = 0.306723137587775
    i = 433 ; sf/Sf = 0.375027178022173 ; sf = 759.87252220356
      k =   33 ; sb/Sb = 0 ; sb = 0
      k =  261 ; sb/Sb = 0.108386704328506 ; sb = 232.513440471728
      k =   91 ; sb/Sb = 0.216773408657011 ; sb = 465.026880943457
      k =  192 ; sb/Sb = 0.325160112985517 ; sb = 697.540321415185
      k =   32 ; sb/Sb = 0.433546817314022 ; sb = 930.053761886914
      Creating new point: f = 0.460084706381663
    i = 34 ; sf/Sf = 0.500036237362898 ; sf = 1013.16336293808
      k =   33 ; sb/Sb = 0 ; sb = 0
      k =  261 ; sb/Sb = 0.108386704328506 ; sb = 232.513440471728
      k =   91 ; sb/Sb = 0.216773408657011 ; sb = 465.026880943457
      k =  192 ; sb/Sb = 0.325160112985517 ; sb = 697.540321415185
      k =   32 ; sb/Sb = 0.433546817314022 ; sb = 930.053761886914
      k =  174 ; sb/Sb = 0.553671547913563 ; sb = 1187.74786348802
      Creating new point: f = 0.553503177214448
    i = 35 ; sf/Sf = 0.664393074359963 ; sf = 1346.17987904501
      k =   33 ; sb/Sb = 0 ; sb = 0
      k =  261 ; sb/Sb = 0.108386704328506 ; sb = 232.513440471728
      k =   91 ; sb/Sb = 0.216773408657011 ; sb = 465.026880943457
      k =  192 ; sb/Sb = 0.325160112985517 ; sb = 697.540321415185
      k =   32 ; sb/Sb = 0.433546817314022 ; sb = 930.053761886914
      k =  174 ; sb/Sb = 0.553671547913563 ; sb = 1187.74786348802
      k =  137 ; sb/Sb = 0.673796278513104 ; sb = 1445.44196508912
      Creating new point: f = 0.921721329935894
    i = 422 ; sf/Sf = 0.832196537179981 ; sf = 1686.17987904501
      k =   33 ; sb/Sb = 0 ; sb = 0
      k =  261 ; sb/Sb = 0.108386704328506 ; sb = 232.513440471728
      k =   91 ; sb/Sb = 0.216773408657011 ; sb = 465.026880943457
      k =  192 ; sb/Sb = 0.325160112985517 ; sb = 697.540321415185
      k =   32 ; sb/Sb = 0.433546817314022 ; sb = 930.053761886914
      k =  174 ; sb/Sb = 0.553671547913563 ; sb = 1187.74786348802
      k =  137 ; sb/Sb = 0.673796278513104 ; sb = 1445.44196508912
      k =  248 ; sb/Sb = 0.793921009112644 ; sb = 1703.13606669023
      k =   31 ; sb/Sb = 0.914045739712185 ; sb = 1960.83016829133
      Creating new point: f = 0.318631541367913
Tear 5 : Sf = 1259.24580602835 ; Sb = 1385.97738583817
  Forwards path
    i = 141 ; sf/Sf = 0.296703710447589 ; sf = 373.622903014177
      k =   39 ; sb/Sb = 0 ; sb = 0
      k =  354 ; sb/Sb = 0.374978310409556 ; sb = 519.711458407451
      Creating new point: f = 0.791255659890101
    i = 264 ; sf/Sf = 0.445055565671383 ; sf = 560.434354521266
      k =   39 ; sb/Sb = 0 ; sb = 0
      k =  354 ; sb/Sb = 0.374978310409556 ; sb = 519.711458407451
      k =  461 ; sb/Sb = 0.562467465614334 ; sb = 779.567187611177
      Creating new point: f = 0.373766979670303
    i = 78 ; sf/Sf = 0.593407420895177 ; sf = 747.245806028354
      k =   39 ; sb/Sb = 0 ; sb = 0
      k =  354 ; sb/Sb = 0.374978310409556 ; sb = 519.711458407451
      k =  461 ; sb/Sb = 0.562467465614334 ; sb = 779.567187611177
      k =   38 ; sb/Sb = 0.749956620819113 ; sb = 1039.4229168149
      Creating new point: f = 0.165022639560404
    i = 80 ; sf/Sf = 0.796703710447588 ; sf = 1003.24580602835
      k =   39 ; sb/Sb = 0 ; sb = 0
      k =  354 ; sb/Sb = 0.374978310409556 ; sb = 519.711458407451
      k =  461 ; sb/Sb = 0.562467465614334 ; sb = 779.567187611177
      k =   38 ; sb/Sb = 0.749956620819113 ; sb = 1039.4229168149
      k =   37 ; sb/Sb = 1 ; sb = 1385.97738583817
      Creating new point: f = 0.186955918535471
Tear 6 : Sf = 3206.9204590985 ; Sb = 3370.22865370786
  Forwards path
    i = 48 ; sf/Sf = 0.0251401862039476 ; sf = 80.6225774829855
      k =   47 ; sb/Sb = 0 ; sb = 0
      k =   46 ; sb/Sb = 0.0544697753088331 ; sb = 183.575597506858
      Creating new point: f = 0.46154378389497
    i = 1 ; sf/Sf = 0.131320706780705 ; sf = 421.135061278318
      k =   47 ; sb/Sb = 0 ; sb = 0
      k =   46 ; sb/Sb = 0.0544697753088331 ; sb = 183.575597506858
      k =   45 ; sb/Sb = 0.105172588816264 ; sb = 354.455672413209
      k =  123 ; sb/Sb = 0.226581562299748 ; sb = 763.631673664504
      Creating new point: f = 0.215372202022594
    i = 2 ; sf/Sf = 0.146911988397355 ; sf = 471.135061278318
      k =   47 ; sb/Sb = 0 ; sb = 0
      k =   46 ; sb/Sb = 0.0544697753088331 ; sb = 183.575597506858
      k =   45 ; sb/Sb = 0.105172588816264 ; sb = 354.455672413209
      k =  123 ; sb/Sb = 0.226581562299748 ; sb = 763.631673664504
      Creating new point: f = 0.343791718054254
    i = 3 ; sf/Sf = 0.261314179295478 ; sf = 838.013787835201
      k =   47 ; sb/Sb = 0 ; sb = 0
      k =   46 ; sb/Sb = 0.0544697753088331 ; sb = 183.575597506858
      k =   45 ; sb/Sb = 0.105172588816264 ; sb = 354.455672413209
      k =  123 ; sb/Sb = 0.226581562299748 ; sb = 763.631673664504
      k =   44 ; sb/Sb = 0.347990535783232 ; sb = 1172.8076749158
      Creating new point: f = 0.286079488189184
    i = 126 ; sf/Sf = 0.349566893253109 ; sf = 1121.0332217969
      k =   47 ; sb/Sb = 0 ; sb = 0
      k =   46 ; sb/Sb = 0.0544697753088331 ; sb = 183.575597506858
      k =   45 ; sb/Sb = 0.105172588816264 ; sb = 354.455672413209
      k =  123 ; sb/Sb = 0.226581562299748 ; sb = 763.631673664504
      k =   44 ; sb/Sb = 0.347990535783232 ; sb = 1172.8076749158
      k =  367 ; sb/Sb = 0.425239990083378 ; sb = 1433.15599928145
      Creating new point: f = 0.0204060660901572
    i = 86 ; sf/Sf = 0.437819607210741 ; sf = 1404.0526557586
      k =   47 ; sb/Sb = 0 ; sb = 0
      k =   46 ; sb/Sb = 0.0544697753088331 ; sb = 183.575597506858
      k =   45 ; sb/Sb = 0.105172588816264 ; sb = 354.455672413209
      k =  123 ; sb/Sb = 0.226581562299748 ; sb = 763.631673664504
      k =   44 ; sb/Sb = 0.347990535783232 ; sb = 1172.8076749158
      k =  367 ; sb/Sb = 0.425239990083378 ; sb = 1433.15599928145
      k =  299 ; sb/Sb = 0.502489444383523 ; sb = 1693.50432364709
      Creating new point: f = 0.162844090503044
    i = 170 ; sf/Sf = 0.526072321168373 ; sf = 1687.0720897203
      k =   47 ; sb/Sb = 0 ; sb = 0
      k =   46 ; sb/Sb = 0.0544697753088331 ; sb = 183.575597506858
      k =   45 ; sb/Sb = 0.105172588816264 ; sb = 354.455672413209
      k =  123 ; sb/Sb = 0.226581562299748 ; sb = 763.631673664504
      k =   44 ; sb/Sb = 0.347990535783232 ; sb = 1172.8076749158
      k =  367 ; sb/Sb = 0.425239990083378 ; sb = 1433.15599928145
      k =  299 ; sb/Sb = 0.502489444383523 ; sb = 1693.50432364709
      k =  366 ; sb/Sb = 0.579738898683669 ; sb = 1953.85264801274
      Creating new point: f = 0.305282114915932
    i = 4 ; sf/Sf = 0.614325035126005 ; sf = 1970.09152368199
      k =   47 ; sb/Sb = 0 ; sb = 0
      k =   46 ; sb/Sb = 0.0544697753088331 ; sb = 183.575597506858
      k =   45 ; sb/Sb = 0.105172588816264 ; sb = 354.455672413209
      k =  123 ; sb/Sb = 0.226581562299748 ; sb = 763.631673664504
      k =   44 ; sb/Sb = 0.347990535783232 ; sb = 1172.8076749158
      k =  367 ; sb/Sb = 0.425239990083378 ; sb = 1433.15599928145
      k =  299 ; sb/Sb = 0.502489444383523 ; sb = 1693.50432364709
      k =  366 ; sb/Sb = 0.579738898683669 ; sb = 1953.85264801274
      k =   43 ; sb/Sb = 0.656988352983815 ; sb = 2214.20097237839
      Creating new point: f = 0.44772013932882
    i = 186 ; sf/Sf = 0.735986993529447 ; sf = 2360.25174717998
      k =   47 ; sb/Sb = 0 ; sb = 0
      k =   46 ; sb/Sb = 0.0544697753088331 ; sb = 183.575597506858
      k =   45 ; sb/Sb = 0.105172588816264 ; sb = 354.455672413209
      k =  123 ; sb/Sb = 0.226581562299748 ; sb = 763.631673664504
      k =   44 ; sb/Sb = 0.347990535783232 ; sb = 1172.8076749158
      k =  367 ; sb/Sb = 0.425239990083378 ; sb = 1433.15599928145
      k =  299 ; sb/Sb = 0.502489444383523 ; sb = 1693.50432364709
      k =  366 ; sb/Sb = 0.579738898683669 ; sb = 1953.85264801274
      k =   43 ; sb/Sb = 0.656988352983815 ; sb = 2214.20097237839
      k =  357 ; sb/Sb = 0.828494176491907 ; sb = 2792.21481304312
      Creating new point: f = 0.460617831684911
    i = 5 ; sf/Sf = 0.857648951932889 ; sf = 2750.41197067797
      k =   47 ; sb/Sb = 0 ; sb = 0
      k =   46 ; sb/Sb = 0.0544697753088331 ; sb = 183.575597506858
      k =   45 ; sb/Sb = 0.105172588816264 ; sb = 354.455672413209
      k =  123 ; sb/Sb = 0.226581562299748 ; sb = 763.631673664504
      k =   44 ; sb/Sb = 0.347990535783232 ; sb = 1172.8076749158
      k =  367 ; sb/Sb = 0.425239990083378 ; sb = 1433.15599928145
      k =  299 ; sb/Sb = 0.502489444383523 ; sb = 1693.50432364709
      k =  366 ; sb/Sb = 0.579738898683669 ; sb = 1953.85264801274
      k =   43 ; sb/Sb = 0.656988352983815 ; sb = 2214.20097237839
      k =  357 ; sb/Sb = 0.828494176491907 ; sb = 2792.21481304312
      k =  345 ; sb/Sb = 0.92404076212504 ; sb = 3114.22865370786
      Creating new point: f = 0.305136758658503
Tear 1 : Sf = 2043.03976478754 ; Sb = 2033.96110926481
  Backwards path
    i = 388 ; sf/Sf = 0.132653612195129 ; sf = 271.016604657353
      k =   17 ; sb/Sb = 0 ; sb = 0
      k =  277 ; sb/Sb = 0.183991988007358 ; sb = 374.232548023285
      Creating new point: f = 0.720974938266461
    i = 16 ; sf/Sf = 0.265307224390257 ; sf = 542.033209314706
      k =   17 ; sb/Sb = 0 ; sb = 0
      k =  277 ; sb/Sb = 0.183991988007358 ; sb = 374.232548023285
      k =   18 ; sb/Sb = 0.367983976014716 ; sb = 748.465096046569
      Creating new point: f = 0.441949876532922
    i = 411 ; sf/Sf = 0.38841200017357 ; sf = 793.541161475269
      k =   17 ; sb/Sb = 0 ; sb = 0
      k =  277 ; sb/Sb = 0.183991988007358 ; sb = 374.232548023285
      k =   18 ; sb/Sb = 0.367983976014716 ; sb = 748.465096046569
      k =  292 ; sb/Sb = 0.525987982011037 ; sb = 1069.83909935113
      Creating new point: f = 0.129288014123701
    i = 396 ; sf/Sf = 0.511516775956883 ; sf = 1045.04911363583
      k =   17 ; sb/Sb = 0 ; sb = 0
      k =  277 ; sb/Sb = 0.183991988007358 ; sb = 374.232548023285
      k =   18 ; sb/Sb = 0.367983976014716 ; sb = 748.465096046569
      k =  292 ; sb/Sb = 0.525987982011037 ; sb = 1069.83909935113
      Creating new point: f = 0.908412410413878
    i = 417 ; sf/Sf = 0.634621551740196 ; sf = 1296.55706579639
      k =   17 ; sb/Sb = 0 ; sb = 0
      k =  277 ; sb/Sb = 0.183991988007358 ; sb = 374.232548023285
      k =   18 ; sb/Sb = 0.367983976014716 ; sb = 748.465096046569
      k =  292 ; sb/Sb = 0.525987982011037 ; sb = 1069.83909935113
      k =  119 ; sb/Sb = 0.683991988007358 ; sb = 1391.21310265569
      Creating new point: f = 0.687536806704055
    i = 15 ; sf/Sf = 0.757726327523509 ; sf = 1548.06501795696
      k =   17 ; sb/Sb = 0 ; sb = 0
      k =  277 ; sb/Sb = 0.183991988007358 ; sb = 374.232548023285
      k =   18 ; sb/Sb = 0.367983976014716 ; sb = 748.465096046569
      k =  292 ; sb/Sb = 0.525987982011037 ; sb = 1069.83909935113
      k =  119 ; sb/Sb = 0.683991988007358 ; sb = 1391.21310265569
      k =  290 ; sb/Sb = 0.841995994003679 ; sb = 1712.58710596025
      Creating new point: f = 0.466661202994233
Tear 2 : Sf = 629.543075031835 ; Sb = 735.684871556718
  Backwards path
    i = 9 ; sf/Sf = 0.317690731472007 ; sf = 200
      k =   10 ; sb/Sb = 0 ; sb = 0
      k =   11 ; sb/Sb = 0.450206217415807 ; sb = 331.209903233584
      Creating new point: f = 0.705656028687382
    i = 8 ; sf/Sf = 0.609292060733829 ; sf = 383.575597506858
      k =   10 ; sb/Sb = 0 ; sb = 0
      k =   11 ; sb/Sb = 0.450206217415807 ; sb = 331.209903233584
      k =   12 ; sb/Sb = 1 ; sb = 735.684871556718
      Creating new point: f = 0.289355479013006
Tear 3 : Sf = 1939.95882047284 ; Sb = 1701.63383313113
  Backwards path
    i = 24 ; sf/Sf = 0.176470166149729 ; sf = 342.344855372474
      k =   25 ; sb/Sb = 0 ; sb = 0
      k =   26 ; sb/Sb = 0.130484025874816 ; sb = 222.036033111745
      k =  151 ; sb/Sb = 0.265328475746537 ; sb = 451.491911223421
      Creating new point: f = 0.341031019954172
    i = 106 ; sf/Sf = 0.456587002153129 ; sf = 885.759982140215
      k =   25 ; sb/Sb = 0 ; sb = 0
      k =   26 ; sb/Sb = 0.130484025874816 ; sb = 222.036033111745
      k =  151 ; sb/Sb = 0.265328475746537 ; sb = 451.491911223421
      k =   27 ; sb/Sb = 0.400172925618259 ; sb = 680.947789335096
      k =  153 ; sb/Sb = 0.700086462809129 ; sb = 1191.29081123311
      Creating new point: f = 0.188101134291139
    i = 229 ; sf/Sf = 0.596645420154829 ; sf = 1157.46754552409
      k =   25 ; sb/Sb = 0 ; sb = 0
      k =   26 ; sb/Sb = 0.130484025874816 ; sb = 222.036033111745
      k =  151 ; sb/Sb = 0.265328475746537 ; sb = 451.491911223421
      k =   27 ; sb/Sb = 0.400172925618259 ; sb = 680.947789335096
      k =  153 ; sb/Sb = 0.700086462809129 ; sb = 1191.29081123311
      Creating new point: f = 0.655097120246132
    i = 23 ; sf/Sf = 0.73670383815653 ; sf = 1429.17510890796
      k =   25 ; sb/Sb = 0 ; sb = 0
      k =   26 ; sb/Sb = 0.130484025874816 ; sb = 222.036033111745
      k =  151 ; sb/Sb = 0.265328475746537 ; sb = 451.491911223421
      k =   27 ; sb/Sb = 0.400172925618259 ; sb = 680.947789335096
      k =  153 ; sb/Sb = 0.700086462809129 ; sb = 1191.29081123311
      k =  173 ; sb/Sb = 0.850043231404565 ; sb = 1446.46232218212
      Creating new point: f = 0.244186212402251
    i = 228 ; sf/Sf = 0.868038436023295 ; sf = 1683.95882047284
      k =   25 ; sb/Sb = 0 ; sb = 0
      k =   26 ; sb/Sb = 0.130484025874816 ; sb = 222.036033111745
      k =  151 ; sb/Sb = 0.265328475746537 ; sb = 451.491911223421
      k =   27 ; sb/Sb = 0.400172925618259 ; sb = 680.947789335096
      k =  153 ; sb/Sb = 0.700086462809129 ; sb = 1191.29081123311
      k =  173 ; sb/Sb = 0.850043231404565 ; sb = 1446.46232218212
      k =   28 ; sb/Sb = 1 ; sb = 1701.63383313113
      Creating new point: f = 0.120002616669338
Tear 4 : Sf = 2145.22105743719 ; Sb = 2026.17987904501
  Backwards path
    i = 261 ; sf/Sf = 0.108386704328506 ; sf = 232.513440471728
      k =   33 ; sb/Sb = 0 ; sb = 0
      k =  450 ; sb/Sb = 0.125009059340724 ; sb = 253.29084073452
      Creating new point: f = 0.86703079680879
    i = 91 ; sf/Sf = 0.216773408657011 ; sf = 465.026880943457
      k =   33 ; sb/Sb = 0 ; sb = 0
      k =  450 ; sb/Sb = 0.125009059340724 ; sb = 253.29084073452
      k =  378 ; sb/Sb = 0.250018118681449 ; sb = 506.58168146904
      Creating new point: f = 0.734061593617579
    i = 192 ; sf/Sf = 0.325160112985517 ; sf = 697.540321415185
      k =   33 ; sb/Sb = 0 ; sb = 0
      k =  450 ; sb/Sb = 0.125009059340724 ; sb = 253.29084073452
      k =  378 ; sb/Sb = 0.250018118681449 ; sb = 506.58168146904
      k =  433 ; sb/Sb = 0.375027178022173 ; sb = 759.87252220356
      Creating new point: f = 0.601092390426369
    i = 32 ; sf/Sf = 0.433546817314022 ; sf = 930.053761886914
      k =   33 ; sb/Sb = 0 ; sb = 0
      k =  450 ; sb/Sb = 0.125009059340724 ; sb = 253.29084073452
      k =  378 ; sb/Sb = 0.250018118681449 ; sb = 506.58168146904
      k =  433 ; sb/Sb = 0.375027178022173 ; sb = 759.87252220356
      k =   34 ; sb/Sb = 0.500036237362898 ; sb = 1013.16336293808
      Creating new point: f = 0.468123187235158
    i = 174 ; sf/Sf = 0.553671547913563 ; sf = 1187.74786348802
      k =   33 ; sb/Sb = 0 ; sb = 0
      k =  450 ; sb/Sb = 0.125009059340724 ; sb = 253.29084073452
      k =  378 ; sb/Sb = 0.250018118681449 ; sb = 506.58168146904
      k =  433 ; sb/Sb = 0.375027178022173 ; sb = 759.87252220356
      k =   34 ; sb/Sb = 0.500036237362898 ; sb = 1013.16336293808
      k =   35 ; sb/Sb = 0.664393074359963 ; sb = 1346.17987904501
      Creating new point: f = 0.326334526330797
    i = 137 ; sf/Sf = 0.673796278513104 ; sf = 1445.44196508912
      k =   33 ; sb/Sb = 0 ; sb = 0
      k =  450 ; sb/Sb = 0.125009059340724 ; sb = 253.29084073452
      k =  378 ; sb/Sb = 0.250018118681449 ; sb = 506.58168146904
      k =  433 ; sb/Sb = 0.375027178022173 ; sb = 759.87252220356
      k =   34 ; sb/Sb = 0.500036237362898 ; sb = 1013.16336293808
      k =   35 ; sb/Sb = 0.664393074359963 ; sb = 1346.17987904501
      k =  422 ; sb/Sb = 0.832196537179981 ; sb = 1686.17987904501
      Creating new point: f = 0.0560370089813138
    i = 248 ; sf/Sf = 0.793921009112644 ; sf = 1703.13606669023
      k =   33 ; sb/Sb = 0 ; sb = 0
      k =  450 ; sb/Sb = 0.125009059340724 ; sb = 253.29084073452
      k =  378 ; sb/Sb = 0.250018118681449 ; sb = 506.58168146904
      k =  433 ; sb/Sb = 0.375027178022173 ; sb = 759.87252220356
      k =   34 ; sb/Sb = 0.500036237362898 ; sb = 1013.16336293808
      k =   35 ; sb/Sb = 0.664393074359963 ; sb = 1346.17987904501
      k =  422 ; sb/Sb = 0.832196537179981 ; sb = 1686.17987904501
      Creating new point: f = 0.771902632853351
    i = 31 ; sf/Sf = 0.914045739712185 ; sf = 1960.83016829133
      k =   33 ; sb/Sb = 0 ; sb = 0
      k =  450 ; sb/Sb = 0.125009059340724 ; sb = 253.29084073452
      k =  378 ; sb/Sb = 0.250018118681449 ; sb = 506.58168146904
      k =  433 ; sb/Sb = 0.375027178022173 ; sb = 759.87252220356
      k =   34 ; sb/Sb = 0.500036237362898 ; sb = 1013.16336293808
      k =   35 ; sb/Sb = 0.664393074359963 ; sb = 1346.17987904501
      k =  422 ; sb/Sb = 0.832196537179981 ; sb = 1686.17987904501
      k =   36 ; sb/Sb = 1 ; sb = 2026.17987904501
      Creating new point: f = 0.487768256725387
Tear 5 : Sf = 1385.97738583817 ; Sb = 1259.24580602835
  Backwards path
    i = 354 ; sf/Sf = 0.374978310409556 ; sf = 519.711458407451
      k =   39 ; sb/Sb = 0 ; sb = 0
      k =  141 ; sb/Sb = 0.296703710447589 ; sb = 373.622903014177
      k =  264 ; sb/Sb = 0.445055565671383 ; sb = 560.434354521266
      Creating new point: f = 0.52762804916654
    i = 461 ; sf/Sf = 0.562467465614334 ; sf = 779.567187611177
      k =   39 ; sb/Sb = 0 ; sb = 0
      k =  141 ; sb/Sb = 0.296703710447589 ; sb = 373.622903014177
      k =  264 ; sb/Sb = 0.445055565671383 ; sb = 560.434354521266
      k =   78 ; sb/Sb = 0.593407420895177 ; sb = 747.245806028354
      Creating new point: f = 0.791442073749811
    i = 38 ; sf/Sf = 0.749956620819113 ; sf = 1039.4229168149
      k =   39 ; sb/Sb = 0 ; sb = 0
      k =  141 ; sb/Sb = 0.296703710447589 ; sb = 373.622903014177
      k =  264 ; sb/Sb = 0.445055565671383 ; sb = 560.434354521266
      k =   78 ; sb/Sb = 0.593407420895177 ; sb = 747.245806028354
      k =   80 ; sb/Sb = 0.796703710447589 ; sb = 1003.24580602835
      Creating new point: f = 0.770054388442617
Tear 6 : Sf = 3370.22865370786 ; Sb = 3206.9204590985
  Backwards path
    i = 46 ; sf/Sf = 0.0544697753088331 ; sf = 183.575597506858
      k =   47 ; sb/Sb = 0 ; sb = 0
      k =   48 ; sb/Sb = 0.0251401862039476 ; sb = 80.6225774829855
      k =    1 ; sb/Sb = 0.131320706780705 ; sb = 421.135061278318
      Creating new point: f = 0.276223820956719
    i = 45 ; sf/Sf = 0.105172588816264 ; sf = 354.455672413209
      k =   47 ; sb/Sb = 0 ; sb = 0
      k =   48 ; sb/Sb = 0.0251401862039476 ; sb = 80.6225774829855
      k =    1 ; sb/Sb = 0.131320706780705 ; sb = 421.135061278318
      Creating new point: f = 0.753739030262728
    i = 123 ; sf/Sf = 0.226581562299748 ; sf = 763.631673664504
      k =   47 ; sb/Sb = 0 ; sb = 0
      k =   48 ; sb/Sb = 0.0251401862039476 ; sb = 80.6225774829855
      k =    1 ; sb/Sb = 0.131320706780705 ; sb = 421.135061278318
      k =    2 ; sb/Sb = 0.146911988397355 ; sb = 471.135061278318
      k =    3 ; sb/Sb = 0.261314179295478 ; sb = 838.013787835201
      Creating new point: f = 0.696399022404569
    i = 44 ; sf/Sf = 0.347990535783232 ; sf = 1172.8076749158
      k =   47 ; sb/Sb = 0 ; sb = 0
      k =   48 ; sb/Sb = 0.0251401862039476 ; sb = 80.6225774829855
      k =    1 ; sb/Sb = 0.131320706780705 ; sb = 421.135061278318
      k =    2 ; sb/Sb = 0.146911988397355 ; sb = 471.135061278318
      k =    3 ; sb/Sb = 0.261314179295478 ; sb = 838.013787835201
      k =  126 ; sb/Sb = 0.349566893253109 ; sb = 1121.0332217969
      Creating new point: f = 0.982138141716139
    i = 367 ; sf/Sf = 0.425239990083378 ; sf = 1433.15599928145
      k =   47 ; sb/Sb = 0 ; sb = 0
      k =   48 ; sb/Sb = 0.0251401862039476 ; sb = 80.6225774829855
      k =    1 ; sb/Sb = 0.131320706780705 ; sb = 421.135061278318
      k =    2 ; sb/Sb = 0.146911988397355 ; sb = 471.135061278318
      k =    3 ; sb/Sb = 0.261314179295478 ; sb = 838.013787835201
      k =  126 ; sb/Sb = 0.349566893253109 ; sb = 1121.0332217969
      k =   86 ; sb/Sb = 0.437819607210741 ; sb = 1404.0526557586
      Creating new point: f = 0.857459146996853
    i = 299 ; sf/Sf = 0.502489444383523 ; sf = 1693.50432364709
      k =   47 ; sb/Sb = 0 ; sb = 0
      k =   48 ; sb/Sb = 0.0251401862039476 ; sb = 80.6225774829855
      k =    1 ; sb/Sb = 0.131320706780705 ; sb = 421.135061278318
      k =    2 ; sb/Sb = 0.146911988397355 ; sb = 471.135061278318
      k =    3 ; sb/Sb = 0.261314179295478 ; sb = 838.013787835201
      k =  126 ; sb/Sb = 0.349566893253109 ; sb = 1121.0332217969
      k =   86 ; sb/Sb = 0.437819607210741 ; sb = 1404.0526557586
      k =  170 ; sb/Sb = 0.526072321168373 ; sb = 1687.0720897203
      Creating new point: f = 0.732780152277564
    i = 366 ; sf/Sf = 0.579738898683669 ; sf = 1953.85264801274
      k =   47 ; sb/Sb = 0 ; sb = 0
      k =   48 ; sb/Sb = 0.0251401862039476 ; sb = 80.6225774829855
      k =    1 ; sb/Sb = 0.131320706780705 ; sb = 421.135061278318
      k =    2 ; sb/Sb = 0.146911988397355 ; sb = 471.135061278318
      k =    3 ; sb/Sb = 0.261314179295478 ; sb = 838.013787835201
      k =  126 ; sb/Sb = 0.349566893253109 ; sb = 1121.0332217969
      k =   86 ; sb/Sb = 0.437819607210741 ; sb = 1404.0526557586
      k =  170 ; sb/Sb = 0.526072321168373 ; sb = 1687.0720897203
      k =    4 ; sb/Sb = 0.614325035126005 ; sb = 1970.09152368199
      Creating new point: f = 0.608101157558277
    i = 43 ; sf/Sf = 0.656988352983815 ; sf = 2214.20097237839
      k =   47 ; sb/Sb = 0 ; sb = 0
      k =   48 ; sb/Sb = 0.0251401862039476 ; sb = 80.6225774829855
      k =    1 ; sb/Sb = 0.131320706780705 ; sb = 421.135061278318
      k =    2 ; sb/Sb = 0.146911988397355 ; sb = 471.135061278318
      k =    3 ; sb/Sb = 0.261314179295478 ; sb = 838.013787835201
      k =  126 ; sb/Sb = 0.349566893253109 ; sb = 1121.0332217969
      k =   86 ; sb/Sb = 0.437819607210741 ; sb = 1404.0526557586
      k =  170 ; sb/Sb = 0.526072321168373 ; sb = 1687.0720897203
      k =    4 ; sb/Sb = 0.614325035126005 ; sb = 1970.09152368199
      k =  186 ; sb/Sb = 0.735986993529447 ; sb = 2360.25174717998
      Creating new point: f = 0.35067097733487
    i = 357 ; sf/Sf = 0.828494176491907 ; sf = 2792.21481304312
      k =   47 ; sb/Sb = 0 ; sb = 0
      k =   48 ; sb/Sb = 0.0251401862039476 ; sb = 80.6225774829855
      k =    1 ; sb/Sb = 0.131320706780705 ; sb = 421.135061278318
      k =    2 ; sb/Sb = 0.146911988397355 ; sb = 471.135061278318
      k =    3 ; sb/Sb = 0.261314179295478 ; sb = 838.013787835201
      k =  126 ; sb/Sb = 0.349566893253109 ; sb = 1121.0332217969
      k =   86 ; sb/Sb = 0.437819607210741 ; sb = 1404.0526557586
      k =  170 ; sb/Sb = 0.526072321168373 ; sb = 1687.0720897203
      k =    4 ; sb/Sb = 0.614325035126005 ; sb = 1970.09152368199
      k =  186 ; sb/Sb = 0.735986993529447 ; sb = 2360.25174717998
      k =    5 ; sb/Sb = 0.857648951932889 ; sb = 2750.41197067797
      Creating new point: f = 0.760362435196864
    i = 345 ; sf/Sf = 0.924040762125041 ; sf = 3114.22865370786
      k =   47 ; sb/Sb = 0 ; sb = 0
      k =   48 ; sb/Sb = 0.0251401862039476 ; sb = 80.6225774829855
      k =    1 ; sb/Sb = 0.131320706780705 ; sb = 421.135061278318
      k =    2 ; sb/Sb = 0.146911988397355 ; sb = 471.135061278318
      k =    3 ; sb/Sb = 0.261314179295478 ; sb = 838.013787835201
      k =  126 ; sb/Sb = 0.349566893253109 ; sb = 1121.0332217969
      k =   86 ; sb/Sb = 0.437819607210741 ; sb = 1404.0526557586
      k =  170 ; sb/Sb = 0.526072321168373 ; sb = 1687.0720897203
      k =    4 ; sb/Sb = 0.614325035126005 ; sb = 1970.09152368199
      k =  186 ; sb/Sb = 0.735986993529447 ; sb = 2360.25174717998
      k =    5 ; sb/Sb = 0.857648951932889 ; sb = 2750.41197067797
      k =    6 ; sb/Sb = 1 ; sb = 3206.9204590985
      Creating new point: f = 0.466394951731241
Triangulating...
[1] "Non-adjacent points in rim connected by line: 57 20"
[1] "In triangle: 311" "In triangle: 313"
[1] "Other points in triangles: 468 469"
[1] "Non-adjacent points in rim connected by line: 58 56"
[1] "In triangle: 348" "In triangle: 597"
[1] "Other points in triangles: 475 547"
Merging points...
Projecting to sphere...
Optimising mapping with FIRE...
E =  0.00287 | E_L =  0.00287 | E_A =  0.00000 |   3 flippped triangles
           X1          X2          X3
id 316.000000 320.0000000 334.0000000
A    1.260231   1.0667361   0.5863424
a   -2.825556  -0.6267892  -1.0208981
E =  0.00168 | E_L =  0.00168 | E_A =  0.00000 |  30 flippped triangles
        phi0    phi0.1     phi0.2      phi0.3      phi0.4     phi0.5     phi0.6
id 305.00000 309.00000 310.000000 316.0000000 319.0000000 321.000000 322.000000
A   15.01808  47.70370   2.687333   1.2602310   1.0792209   1.792643   1.469907
a   -9.04969 -27.40036  -3.059427  -0.9990896  -0.9154795  -1.617301  -1.626577
        phi0.7      phi0.8      phi0.9    phi0.10     phi0.11     phi0.12
id 326.0000000 328.0000000 334.0000000 335.000000 338.0000000 347.0000000
A    1.9408513   1.5302866   0.5863424   1.036287   0.6391746   0.6781744
a   -0.7171872  -0.8420674  -0.7346843  -1.251820  -0.4653456  -0.1752636
       phi0.13    phi0.14   phi0.15     phi0.16     phi0.17   phi0.18   phi0.19
id 353.0000000 355.000000   594.000 596.0000000 597.0000000 602.00000   613.000
A    0.8079486   1.905703  5790.387   0.2950800   0.3226470  38.01658  9085.225
a   -1.2249351 -10.039038 -2235.955  -0.3063429  -0.1154022 -13.19354 -2021.876
     phi0.20  phi0.21   phi0.22   phi0.23   phi0.24   phi0.25   phi0.26
id    690.00  696.000    745.00    749.00    873.00   875.000    986.00
A   11904.86 1824.987  29624.58  22908.66  23079.44 11430.283  32355.82
a  -13002.03 -318.443 -14895.30 -12600.06 -19448.92 -4038.894 -11874.18
      phi0.27    phi0.28     phi0.29
id 989.000000 990.000000 991.0000000
A    1.038075   1.641296   0.2583935
a   -1.994746  -1.023338  -0.1169526
E =  0.00135 | E_L =  0.00135 | E_A =  0.00000 |  28 flippped triangles
        phi0    phi0.1      phi0.2     phi0.3      phi0.4     phi0.5     phi0.6
id 305.00000 309.00000 310.0000000 316.000000 318.0000000 321.000000 322.000000
A   15.01808  47.70370   2.6873326   1.260231   0.6493444   1.792643   1.469907
a  -14.92293 -31.55055  -0.4086513  -1.345733  -1.1456061  -1.035047  -1.853440
        phi0.7     phi0.8      phi0.9    phi0.10      phi0.11     phi0.12
id 323.0000000 326.000000 334.0000000 335.000000 337.00000000 338.0000000
A    1.0057065   1.940851   0.5863424   1.036287   0.74812349   0.6391746
a   -0.8463037  -1.516843  -0.5127296  -1.637786  -0.02138316  -0.2319515
       phi0.13     phi0.14     phi0.15    phi0.16     phi0.17     phi0.18
id 342.0000000 347.0000000 349.0000000 355.000000 596.0000000 597.0000000
A    0.6253105   0.6781744   0.7464813   1.905703   0.2950800   0.3226470
a   -0.1608873  -0.7738739  -0.9613693  -6.537459  -0.4263479  -0.1907542
     phi0.19   phi0.20   phi0.21   phi0.22   phi0.23   phi0.24   phi0.25
id 602.00000    690.00   725.000   870.000   873.000 876.00000   910.000
A   38.01658  11904.86 18770.174  4983.128 23079.436  34.42157  9478.686
a  -28.30767 -11827.73 -7813.557 -6475.767 -6011.506 -34.06067 -9048.414
     phi0.26     phi0.27
id   986.000 989.0000000
A  32355.819   1.0380751
a  -1029.524  -0.7684515
E =  0.00125 | E_L =  0.00125 | E_A =  0.00000 |  26 flippped triangles
        phi0    phi0.1    phi0.2     phi0.3     phi0.4      phi0.5     phi0.6
id    36.000 305.00000 309.00000 315.000000 316.000000 318.0000000 321.000000
A  11915.430  15.01808  47.70370   3.995850   1.260231   0.6493444   1.792643
a  -8418.659 -13.44305 -33.39831  -2.075751  -1.286162  -0.8339068  -2.057848
       phi0.7     phi0.8     phi0.9     phi0.10    phi0.11     phi0.12
id 322.000000 323.000000 324.000000 327.0000000 335.000000 336.0000000
A    1.469907   1.005707   1.400740   0.7305599   1.036287   0.5106647
a   -1.336612  -1.029968  -1.420804  -0.2682101  -1.742634  -0.5143684
       phi0.13     phi0.14     phi0.15     phi0.16    phi0.17   phi0.18
id 337.0000000 347.0000000 351.0000000 353.0000000 355.000000   572.000
A    0.7481235   0.6781744   0.5231897   0.8079486   1.905703 10969.611
a   -0.9558060  -0.9045294  -0.7444759  -0.5578391  -2.775315 -1996.599
       phi0.19   phi0.20   phi0.21   phi0.22   phi0.23     phi0.24     phi0.25
id 597.0000000 602.00000   725.000 876.00000   910.000 989.0000000 991.0000000
A    0.3226470  38.01658 18770.174  34.42157  9478.686   1.0380751   0.2583935
a   -0.4701705 -37.32852 -5138.092 -36.12003 -8116.420  -0.4678208  -0.2700155
E =  0.00119 | E_L =  0.00119 | E_A =  0.00000 |  27 flippped triangles
        phi0      phi0.1    phi0.2    phi0.3      phi0.4     phi0.5      phi0.6
id    36.000    69.00000 305.00000 309.00000 315.0000000 316.000000 318.0000000
A  11915.430 12827.63884  15.01808  47.70370   3.9958501   1.260231   0.6493444
a  -9268.479   -56.87762 -13.61144 -33.08936  -0.4389536  -1.367919  -0.9837882
       phi0.7     phi0.8     phi0.9    phi0.10     phi0.11    phi0.12
id 321.000000 322.000000 323.000000 324.000000 327.0000000 335.000000
A    1.792643   1.469907   1.005707   1.400740   0.7305599   1.036287
a   -2.242113  -1.224645  -1.026989  -1.640166  -0.5678494  -1.057246
       phi0.13     phi0.14     phi0.15    phi0.16     phi0.17     phi0.18
id 336.0000000 337.0000000 347.0000000 350.000000 351.0000000 353.0000000
A    0.5106647   0.7481235   0.6781744   4.109998   0.5231897   0.8079486
a   -0.4245861  -0.6631127  -0.7237198 -19.335211  -1.8778147  -1.1180650
     phi0.19     phi0.20   phi0.21   phi0.22   phi0.23   phi0.24    phi0.25
id   572.000 597.0000000 602.00000   725.000 876.00000   910.000 989.000000
A  10969.611   0.3226470  38.01658 18770.174  34.42157  9478.686   1.038075
a  -7633.836  -0.2429043 -37.44830 -8019.564 -36.17456 -9015.427  -1.030395
       phi0.26
id 991.0000000
A    0.2583935
a   -0.2220573
E =  0.00115 | E_L =  0.00115 | E_A =  0.00000 |  28 flippped triangles
        phi0    phi0.1    phi0.2    phi0.3     phi0.4     phi0.5      phi0.6
id    36.000    69.000 305.00000 309.00000 315.000000 316.000000 318.0000000
A  11915.430 12827.639  15.01808  47.70370   3.995850   1.260231   0.6493444
a  -8101.764 -1805.079 -13.81462 -35.54725  -2.006333  -1.408407  -0.9761540
       phi0.7     phi0.8     phi0.9    phi0.10     phi0.11     phi0.12
id 321.000000 322.000000 323.000000 324.000000 327.0000000 336.0000000
A    1.792643   1.469907   1.005707   1.400740   0.7305599   0.5106647
a   -1.938980  -1.381605  -1.001854  -1.287294  -0.7606923  -0.4303687
       phi0.13     phi0.14     phi0.15     phi0.16     phi0.17    phi0.18
id 337.0000000 339.0000000 347.0000000 351.0000000 353.0000000 355.000000
A    0.7481235   0.9759069   0.6781744   0.5231897   0.8079486   1.905703
a   -0.3884550  -1.4896121  -0.5954081  -0.1119499  -1.3086788  -9.164954
    phi0.19    phi0.20   phi0.21   phi0.22   phi0.23   phi0.24     phi0.25
id   572.00 597.000000 602.00000   725.000 876.00000   910.000 989.0000000
A  10969.61   0.322647  38.01658 18770.174  34.42157  9478.686   1.0380751
a  -8570.34  -0.360438 -37.60306 -2508.641 -36.62761 -7006.016  -0.8876206
       phi0.26     phi0.27
id 990.0000000 991.0000000
A    1.6412959   0.2583935
a   -0.3094269  -0.2540124
E =  0.00112 | E_L =  0.00112 | E_A =  0.00000 |  27 flippped triangles
        phi0      phi0.1    phi0.2    phi0.3     phi0.4     phi0.5      phi0.6
id    36.000    69.00000 305.00000 309.00000 310.000000 316.000000 318.0000000
A  11915.430 12827.63884  15.01808  47.70370   2.687333   1.260231   0.6493444
a  -8268.419   -38.85063 -13.70527 -33.61127  -2.145388  -1.074586  -0.9517764
       phi0.7     phi0.8     phi0.9    phi0.10     phi0.11     phi0.12
id 321.000000 322.000000 323.000000 324.000000 327.0000000 336.0000000
A    1.792643   1.469907   1.005707   1.400740   0.7305599   0.5106647
a   -1.829214  -1.383878  -0.991089  -1.138003  -0.7540305  -0.4007034
       phi0.13     phi0.14     phi0.15     phi0.16    phi0.17   phi0.18
id 337.0000000 339.0000000 347.0000000 353.0000000 355.000000   572.000
A    0.7481235   0.9759069   0.6781744   0.8079486   1.905703 10969.611
a   -0.5462084  -1.5899476  -0.2702317  -1.0556461  -3.842475 -8031.841
      phi0.19     phi0.20   phi0.21   phi0.22   phi0.23   phi0.24    phi0.25
id 596.000000 597.0000000 602.00000   725.000 876.00000   910.000 989.000000
A    0.295080   0.3226470  38.01658 18770.174  34.42157  9478.686   1.038075
a   -1.225009  -0.2525561 -38.41997 -5048.764 -36.09569 -7982.556  -1.269341
       phi0.26
id 991.0000000
A    0.2583935
a   -0.2463882
E =  0.00111 | E_L =  0.00111 | E_A =  0.00000 |  26 flippped triangles
        phi0    phi0.1    phi0.2    phi0.3     phi0.4      phi0.5     phi0.6
id    36.000 305.00000 309.00000 315.00000 316.000000 318.0000000 321.000000
A  11915.430  15.01808  47.70370   3.99585   1.260231   0.6493444   1.792643
a  -8074.224 -12.93842 -33.47742  -1.42410  -1.282033  -0.9202279  -1.938166
       phi0.7     phi0.8     phi0.9     phi0.10     phi0.11     phi0.12
id 322.000000 323.000000 324.000000 327.0000000 336.0000000 337.0000000
A    1.469907   1.005707   1.400740   0.7305599   0.5106647   0.7481235
a   -1.326767  -1.004745  -1.420743  -0.7823053  -0.4749121  -0.6427943
       phi0.13     phi0.14    phi0.15     phi0.16     phi0.17   phi0.18
id 339.0000000 347.0000000 350.000000 351.0000000 353.0000000   572.000
A    0.9759069   0.6781744   4.109998   0.5231897   0.8079486 10969.611
a   -1.2661038  -0.5802654  -7.577938  -0.4730053  -1.0849802 -7484.054
       phi0.19   phi0.20     phi0.21   phi0.22   phi0.23     phi0.24
id 597.0000000 602.00000   725.00000 876.00000   910.000 989.0000000
A    0.3226470  38.01658 18770.17440  34.42157  9478.686   1.0380751
a   -0.3116931 -38.34058   -24.25372 -36.62285 -5919.948  -0.4317136
       phi0.25
id 991.0000000
A    0.2583935
a   -0.2578282
E =  0.00110 | E_L =  0.00110 | E_A =  0.00000 |  26 flippped triangles
        phi0    phi0.1    phi0.2     phi0.3     phi0.4      phi0.5     phi0.6
id    36.000 305.00000 309.00000 315.000000 316.000000 318.0000000 321.000000
A  11915.430  15.01808  47.70370   3.995850   1.260231   0.6493444   1.792643
a  -7938.294 -13.14851 -32.04148  -2.736334  -1.411105  -0.9458027  -1.925280
       phi0.7      phi0.8     phi0.9     phi0.10     phi0.11     phi0.12
id 322.000000 323.0000000 324.000000 327.0000000 336.0000000 337.0000000
A    1.469907   1.0057065   1.400740   0.7305599   0.5106647   0.7481235
a   -1.197065  -0.9562716  -1.517554  -0.7677321  -0.4759938  -0.6316074
       phi0.13     phi0.14     phi0.15    phi0.16   phi0.17     phi0.18
id 339.0000000 347.0000000 353.0000000 355.000000   572.000 596.0000000
A    0.9759069   0.6781744   0.8079486   1.905703 10969.611   0.2950800
a   -1.0303702  -0.6381408  -1.1373253  -5.293746 -7166.331  -0.4741924
       phi0.19   phi0.20    phi0.21   phi0.22   phi0.23     phi0.24     phi0.25
id 597.0000000 602.00000   725.0000 876.00000   910.000 989.0000000 991.0000000
A    0.3226470  38.01658 18770.1744  34.42157  9478.686   1.0380751   0.2583935
a   -0.3057233 -37.98992  -804.8929 -36.35396 -6301.402  -0.4824656  -0.2432793
E =  0.00109 | E_L =  0.00109 | E_A =  0.00000 |  25 flippped triangles
        phi0    phi0.1    phi0.2     phi0.3     phi0.4      phi0.5     phi0.6
id    36.000 305.00000 309.00000 315.000000 316.000000 318.0000000 321.000000
A  11915.430  15.01808  47.70370   3.995850   1.260231   0.6493444   1.792643
a  -7817.761 -13.30685 -33.55552  -3.401771  -1.444180  -0.9305886  -1.896576
       phi0.7      phi0.8     phi0.9     phi0.10     phi0.11     phi0.12
id 322.000000 323.0000000 324.000000 327.0000000 336.0000000 337.0000000
A    1.469907   1.0057065   1.400740   0.7305599   0.5106647   0.7481235
a   -1.255673  -0.9711942  -1.475576  -0.7400197  -0.4722867  -0.6543329
       phi0.13     phi0.14    phi0.15     phi0.16     phi0.17   phi0.18
id 339.0000000 347.0000000 350.000000 351.0000000 353.0000000   572.000
A    0.9759069   0.6781744   4.109998   0.5231897   0.8079486 10969.611
a   -0.9216765  -0.6435294  -3.435285  -0.4175796  -0.9957250 -6820.136
      phi0.19   phi0.20   phi0.21   phi0.22     phi0.23     phi0.24
id 597.000000 602.00000 876.00000   910.000 989.0000000 991.0000000
A    0.322647  38.01658  34.42157  9478.686   1.0380751   0.2583935
a   -0.340471 -38.85338 -36.51026 -2902.806  -0.3628841  -0.2480352
E =  0.00109 | E_L =  0.00109 | E_A =  0.00000 |  24 flippped triangles
        phi0    phi0.1    phi0.2     phi0.3     phi0.4      phi0.5     phi0.6
id    36.000 305.00000 309.00000 315.000000 316.000000 318.0000000 321.000000
A  11915.430  15.01808  47.70370   3.995850   1.260231   0.6493444   1.792643
a  -7866.201 -13.31724 -33.18944  -2.765453  -1.417436  -0.9331729  -1.910977
       phi0.7      phi0.8     phi0.9     phi0.10     phi0.11     phi0.12
id 322.000000 323.0000000 324.000000 327.0000000 336.0000000 337.0000000
A    1.469907   1.0057065   1.400740   0.7305599   0.5106647   0.7481235
a   -1.292347  -0.9829199  -1.427376  -0.7683063  -0.4752987  -0.6071133
       phi0.13     phi0.14    phi0.15     phi0.16   phi0.17      phi0.18
id 339.0000000 347.0000000 350.000000 353.0000000   572.000 596.00000000
A    0.9759069   0.6781744   4.109998   0.8079486 10969.611   0.29508002
a   -1.2163626  -0.6419534  -0.667599  -1.0521002 -6743.593  -0.04404918
       phi0.19   phi0.20   phi0.21     phi0.22     phi0.23
id 597.0000000 602.00000 876.00000 989.0000000 991.0000000
A    0.3226470  38.01658  34.42157   1.0380751   0.2583935
a   -0.3215848 -38.35868 -36.31361  -0.5027071  -0.2492594
E =  0.00109 | E_L =  0.00109 | E_A =  0.00000 |  24 flippped triangles
        phi0    phi0.1    phi0.2     phi0.3     phi0.4      phi0.5     phi0.6
id    36.000 305.00000 309.00000 315.000000 316.000000 318.0000000 321.000000
A  11915.430  15.01808  47.70370   3.995850   1.260231   0.6493444   1.792643
a  -7799.182 -13.33156 -33.35726  -2.795759  -1.414706  -0.9343838  -1.901395
       phi0.7      phi0.8     phi0.9     phi0.10     phi0.11     phi0.12
id 322.000000 323.0000000 324.000000 327.0000000 336.0000000 337.0000000
A    1.469907   1.0057065   1.400740   0.7305599   0.5106647   0.7481235
a   -1.300896  -0.9856498  -1.409024  -0.7561791  -0.4756760  -0.6167274
       phi0.13     phi0.14    phi0.15     phi0.16     phi0.17   phi0.18
id 339.0000000 347.0000000 350.000000 351.0000000 353.0000000   572.000
A    0.9759069   0.6781744   4.109998   0.5231897   0.8079486 10969.611
a   -1.1802662  -0.6445393  -3.739393  -0.4580720  -1.0268096 -6547.897
       phi0.19   phi0.20   phi0.21     phi0.22     phi0.23
id 597.0000000 602.00000 876.00000 989.0000000 991.0000000
A    0.3226470  38.01658  34.42157   1.0380751   0.2583935
a   -0.3397561 -38.64666 -36.69859  -0.4982554  -0.2491172
FIRE:  12  stops.  5 hits of maxmove.  0 hits of dtmax.
Frms = 0.000494376172167883; Ftanrms = 0.000494085639627656
E =  1.32275 | E_L =  0.00183 | E_A =  1.32091 |  19 flippped triangles
          phi0      phi0.1      phi0.2     phi0.3      phi0.4     phi0.5
id 318.0000000 319.0000000 320.0000000 324.000000 327.0000000 328.000000
A    0.6493444   1.0792209   1.0667361   1.400740   0.7305599   1.530287
a   -1.6620495  -0.4564133  -0.1687929  -5.379925  -4.0141597  -1.387545
         phi0.6      phi0.7      phi0.8       phi0.9      phi0.10      phi0.11
id 336.00000000 337.0000000 339.0000000 342.00000000 343.00000000 353.00000000
A    0.51066465   0.7481235   0.9759069   0.62531049   0.45780078   0.80794861
a   -0.01962611  -0.1201753  -3.3139714  -0.02306843  -0.04009549  -0.02598463
        phi0.12      phi0.13     phi0.14   phi0.15    phi0.16      phi0.17
id 355.00000000 596.00000000 597.0000000   609.000 990.000000 991.00000000
A    1.90570253   0.29508002   0.3226470  8755.041   1.641296   0.25839347
a   -0.05593996  -0.07852241  -0.1775337 -1261.231  -4.359020  -0.01023415
        phi0.18
id 992.00000000
A    0.36229339
a   -0.01443303
FIRE:  16  stops.  7 hits of maxmove.  0 hits of dtmax.
Frms = 0.000186727020265021; Ftanrms = 0.00018672695243585
E =  0.00808 | E_L =  0.00274 | E_A =  0.00534 |  16 flippped triangles
          phi0      phi0.1      phi0.2       phi0.3       phi0.4      phi0.5
id 319.0000000 321.0000000 322.0000000 323.00000000 326.00000000 327.0000000
A    1.0792209   1.7926427   1.4699069   1.00570654   1.94085132   0.7305599
a   -0.1266867  -0.2798839  -0.3992533  -0.02603432  -0.07485405  -0.2179757
        phi0.6      phi0.7      phi0.8      phi0.9     phi0.10     phi0.11
id 336.0000000 337.0000000 339.0000000 343.0000000 348.0000000 353.0000000
A    0.5106647   0.7481235   0.9759069   0.4578008   0.2187471   0.8079486
a   -0.4318619  -0.5860526  -1.2953313  -0.3385957  -0.1412571  -0.7393338
         phi0.12       phi0.13    phi0.14      phi0.15
id 355.000000000 596.000000000 989.000000 991.00000000
A    1.905702526   0.295080020   1.038075   0.25839347
a   -0.005313614  -0.008417949  -3.173705  -0.09323794
FIRE:  16  stops.  8 hits of maxmove.  0 hits of dtmax.
Frms = 0.000136391683253544; Ftanrms = 0.000136391671906721
E =  0.00403 | E_L =  0.00188 | E_A =  0.00215 |  10 flippped triangles
           phi0      phi0.1       phi0.2        phi0.3       phi0.4
id 325.00000000 326.0000000 328.00000000 336.000000000 339.00000000
A    0.94023581   1.9408513   1.53028662   0.510664651   0.97590689
a   -0.08836693  -0.1047059  -0.05357869  -0.007420397  -0.01363017
         phi0.5       phi0.6       phi0.7      phi0.8       phi0.9
id 347.00000000 348.00000000 351.00000000 353.0000000 992.00000000
A    0.67817436   0.21874708   0.52318970   0.8079486   0.36229339
a   -0.02804524  -0.04306692  -0.06463959  -0.0149362  -0.04052194
FIRE:  15  stops.  9 hits of maxmove.  0 hits of dtmax.
Frms = 0.000144549302393806; Ftanrms = 0.000144549294510246
E =  0.00411 | E_L =  0.00167 | E_A =  0.00244 |  11 flippped triangles
         phi0       phi0.1       phi0.2       phi0.3      phi0.4      phi0.5
id 317.000000 325.00000000 326.00000000 335.00000000 338.0000000 347.0000000
A    1.946333   0.94023581   1.94085132   1.03628659   0.6391746   0.6781744
a   -0.151751  -0.02177561  -0.02316441  -0.03925568  -0.4797044  -0.3774822
          phi0.6      phi0.7       phi0.8      phi0.9      phi0.10
id 348.000000000 349.0000000 350.00000000 596.0000000 991.00000000
A    0.218747080   0.7464813   4.10999756   0.2950800   0.25839347
a   -0.005085282  -0.1554978  -0.08517641  -0.2743986  -0.02144274
FIRE:  17  stops.  10 hits of maxmove.  0 hits of dtmax.
Frms = 0.000220739149813845; Ftanrms = 0.000220739101629193
E =  0.00789 | E_L =  0.00191 | E_A =  0.00598 |  15 flippped triangles
          phi0      phi0.1     phi0.2      phi0.3      phi0.4        phi0.5
id 319.0000000 321.0000000 322.000000 325.0000000 327.0000000 328.000000000
A    1.0792209   1.7926427   1.469907   0.9402358   0.7305599   1.530286616
a   -0.2995396  -0.3184332  -1.359444  -0.2048909  -0.1215068  -0.009725128
        phi0.6      phi0.7      phi0.8      phi0.9    phi0.10     phi0.11
id 336.0000000 337.0000000 339.0000000 348.0000000 350.000000 353.0000000
A    0.5106647   0.7481235   0.9759069   0.2187471   4.109998   0.8079486
a   -0.2844417  -0.3163972  -0.1633364  -0.1830459  -0.138304  -3.0758210
        phi0.12       phi0.13    phi0.14
id 596.00000000 597.000000000 990.000000
A    0.29508002   0.322646995   1.641296
a   -0.02335172  -0.006455526  -3.981390
FIRE:  15  stops.  9 hits of maxmove.  0 hits of dtmax.
Frms = 9.15211519896146e-05; Ftanrms = 9.15211371937934e-05
E =  0.00323 | E_L =  0.00183 | E_A =  0.00140 |   9 flippped triangles
          phi0        phi0.1        phi0.2        phi0.3        phi0.4
id 334.0000000  3.360000e+02 337.000000000  3.380000e+02  3.470000e+02
A    0.5863424  5.106647e-01   0.748123494  6.391746e-01  6.781744e-01
a   -0.1132617 -3.631661e-04  -0.003517665 -2.904409e-06 -4.625191e-04
          phi0.5        phi0.6        phi0.7        phi0.8
id  3.480000e+02 353.000000000  3.550000e+02  9.920000e+02
A   2.187471e-01   0.807948607  1.905703e+00  3.622934e-01
a  -1.943938e-04  -0.002010901 -5.631609e-04 -4.305615e-05
FIRE:  13  stops.  5 hits of maxmove.  0 hits of dtmax.
Frms = 0.000132256081816561; Ftanrms = 0.000132256076687556
E =  0.00433 | E_L =  0.00143 | E_A =  0.00290 |  12 flippped triangles
          phi0      phi0.1      phi0.2      phi0.3      phi0.4      phi0.5
id 311.0000000 318.0000000 319.0000000 322.0000000 325.0000000 336.0000000
A    3.2053295   0.6493444   1.0792209   1.4699069   0.9402358   0.5106647
a   -0.1678371  -0.1731840  -0.3133384  -0.1310938  -0.1892600  -0.1212646
         phi0.6      phi0.7      phi0.8     phi0.9      phi0.10       phi0.11
id 343.00000000 348.0000000 353.0000000 355.000000 596.00000000 992.000000000
A    0.45780078   0.2187471   0.8079486   1.905703   0.29508002   0.362293388
a   -0.08644098  -0.1254409  -1.3174577  -1.585070  -0.08536216  -0.007370393
FIRE:  13  stops.  6 hits of maxmove.  0 hits of dtmax.
Frms = 0.000102989784645664; Ftanrms = 0.000102989778885186
E =  0.00463 | E_L =  0.00143 | E_A =  0.00321 |  14 flippped triangles
          phi0      phi0.1      phi0.2      phi0.3        phi0.4        phi0.5
id 313.0000000 320.0000000 323.0000000 327.0000000  3.360000e+02 337.000000000
A    3.8085503   1.0667361   1.0057065   0.7305599  5.106647e-01   0.748123494
a   -0.3620576  -0.1752763  -0.5296107  -0.2885965 -8.456815e-04  -0.003853868
          phi0.6        phi0.7        phi0.8        phi0.9      phi0.10
id  3.430000e+02 348.000000000 353.000000000 355.000000000 596.00000000
A   4.578008e-01   0.218747080   0.807948607   1.905702526   0.29508002
a  -8.954498e-04  -0.005893369  -0.009955608  -0.003887756  -0.01385217
        phi0.11     phi0.12       phi0.13
id 597.00000000 989.0000000 992.000000000
A    0.32264700   1.0380751   0.362293388
a   -0.01535404  -0.4976488  -0.005005246
FIRE:  17  stops.  10 hits of maxmove.  0 hits of dtmax.
Frms = 9.16318538268006e-05; Ftanrms = 9.16029393859343e-05
E =  0.00305 | E_L =  0.00193 | E_A =  0.00112 |   7 flippped triangles
           phi0        phi0.1       phi0.2      phi0.3        phi0.4
id 342.00000000 348.000000000 349.00000000 355.0000000 596.000000000
A    0.62531049   0.218747080   0.74648128   1.9057025   0.295080020
a   -0.07595367  -0.005507144  -0.02133335  -0.0137851  -0.005917051
          phi0.5        phi0.6
id  5.970000e+02 992.000000000
A   3.226470e-01   0.362293388
a  -7.456066e-04  -0.006763887
FIRE:  15  stops.  6 hits of maxmove.  0 hits of dtmax.
Frms = 4.53367181166373e-05; Ftanrms = 4.53367021174824e-05
E =  0.00271 | E_L =  0.00160 | E_A =  0.00111 |   6 flippped triangles
           phi0       phi0.1        phi0.2       phi0.3        phi0.4
id 342.00000000 349.00000000 350.000000000 596.00000000  5.970000e+02
A    0.62531049   0.74648128   4.109997563   0.29508002  3.226470e-01
a   -0.04535107  -0.00693907  -0.004077661  -0.01951129 -2.084027e-04
          phi0.5
id  9.910000e+02
A   2.583935e-01
a  -7.422058e-05
FIRE:  13  stops.  2 hits of maxmove.  0 hits of dtmax.
Frms = 7.3787598977264e-05; Ftanrms = 7.37875913063671e-05
E =  0.00325 | E_L =  0.00138 | E_A =  0.00187 |   7 flippped triangles
          phi0      phi0.1      phi0.2       phi0.3       phi0.4       phi0.5
id 316.0000000 320.0000000 323.0000000 342.00000000 349.00000000 350.00000000
A    1.2602310   1.0667361   1.0057065   0.62531049   0.74648128   4.10999756
a   -0.1575929  -0.3943329  -0.7705621  -0.07252611  -0.03650701  -0.07749297
         phi0.6
id 596.00000000
A    0.29508002
a   -0.08335976
FIRE:  16  stops.  5 hits of maxmove.  0 hits of dtmax.
Frms = 5.17843737560031e-05; Ftanrms = 5.17843515794146e-05
E =  0.00279 | E_L =  0.00176 | E_A =  0.00103 |   4 flippped triangles
           phi0       phi0.1        phi0.2       phi0.3
id 349.00000000 355.00000000 596.000000000 597.00000000
A    0.74648128   1.90570253   0.295080020   0.32264700
a   -0.06397988  -0.01215442  -0.004281865  -0.01568234
FIRE:  14  stops.  1 hits of maxmove.  0 hits of dtmax.
Frms = 8.4915995215613e-05; Ftanrms = 8.49159882554197e-05
E =  0.00230 | E_L =  0.00144 | E_A =  0.00086 |   3 flippped triangles
           phi0       phi0.1      phi0.2
id 350.00000000 355.00000000 596.0000000
A    4.10999756   1.90570253   0.2950800
a   -0.01964981  -0.02324085  -0.0220225
FIRE:  13  stops.  3 hits of maxmove.  0 hits of dtmax.
Frms = 5.24291473744693e-05; Ftanrms = 5.24291293541224e-05
E =  0.00230 | E_L =  0.00168 | E_A =  0.00063 |   1 flippped triangles
          phi0
id 318.0000000
A    0.6493444
a   -0.1159615
FIRE:  14  stops.  3 hits of maxmove.  0 hits of dtmax.
Frms = 7.8189708053673e-05; Ftanrms = 7.81896796274723e-05
E =  0.00462 | E_L =  0.00193 | E_A =  0.00269 |  11 flippped triangles
          phi0     phi0.1      phi0.2       phi0.3       phi0.4      phi0.5
id 317.0000000 322.000000 325.0000000 328.00000000 335.00000000 336.0000000
A    1.9463326   1.469907   0.9402358   1.53028662   1.03628659   0.5106647
a   -0.0482893  -1.073989  -0.7682199  -0.08096469  -0.07834813  -0.1025137
         phi0.6      phi0.7      phi0.8       phi0.9       phi0.10
id 337.00000000 343.0000000 596.0000000 597.00000000 991.000000000
A    0.74812349   0.4578008   0.2950800   0.32264700   0.258393473
a   -0.03658305  -0.4100311  -0.1121344  -0.03876362  -0.003722276
FIRE:  16  stops.  8 hits of maxmove.  0 hits of dtmax.
Frms = 9.97671924941257e-05; Ftanrms = 9.97671810229771e-05
E =  0.00275 | E_L =  0.00160 | E_A =  0.00115 |   4 flippped triangles
         phi0      phi0.1       phi0.2       phi0.3
id 316.000000 327.0000000 348.00000000 991.00000000
A    1.260231   0.7305599   0.21874708   0.25839347
a   -0.624475  -0.2680377  -0.01775954  -0.09539496
FIRE:  16  stops.  6 hits of maxmove.  0 hits of dtmax.
Frms = 4.26754968334116e-05; Ftanrms = 4.26754573646476e-05
E =  0.00255 | E_L =  0.00196 | E_A =  0.00058 |   1 flippped triangles
            phi0
id 336.000000000
A    0.510664651
a   -0.002911301
FIRE:  13  stops.  6 hits of maxmove.  0 hits of dtmax.
Frms = 0.00013378837978978; Ftanrms = 0.000133788365480503
E =  0.00504 | E_L =  0.00156 | E_A =  0.00348 |   8 flippped triangles
         phi0      phi0.1      phi0.2      phi0.3      phi0.4      phi0.5
id 319.000000 323.0000000 325.0000000 327.0000000 336.0000000 343.0000000
A    1.079221   1.0057065   0.9402358   0.7305599   0.5106647   0.4578008
a   -1.123989  -0.8826733  -0.6468773  -0.6297139  -0.2424783  -0.2169427
        phi0.6     phi0.7
id 596.0000000 990.000000
A    0.2950800   1.641296
a   -0.1050257  -2.671853
FIRE:  15  stops.  5 hits of maxmove.  0 hits of dtmax.
Frms = 1.94201274321475e-05; Ftanrms = 1.94200089098604e-05
E =  0.00246 | E_L =  0.00218 | E_A =  0.00028 |   0 flippped triangles
FIRE:  16  stops.  6 hits of maxmove.  0 hits of dtmax.
Frms = 0.000120669012255092; Ftanrms = 0.000120476805777079
E =  0.12775 | E_L =  0.00232 | E_A =  0.12543 |   3 flippped triangles
          phi0      phi0.1      phi0.2
id 334.0000000 336.0000000 342.0000000
A    0.5863424   0.5106647   0.6253105
a   -0.3556804  -0.1157686  -0.1532240
FIRE:  13  stops.  3 hits of maxmove.  0 hits of dtmax.
Frms = 0.000114775377382343; Ftanrms = 0.000114775354520543
E =  0.00470 | E_L =  0.00152 | E_A =  0.00319 |   9 flippped triangles
          phi0     phi0.1      phi0.2       phi0.3      phi0.4      phi0.5
id 313.0000000 317.000000 318.0000000 320.00000000 327.0000000 335.0000000
A    3.8085503   1.946333   0.6493444   1.06673606   0.7305599   1.0362866
a   -0.1682931  -2.241905  -0.5661943  -0.09191716  -0.4502269  -0.1583182
         phi0.6       phi0.7      phi0.8
id 347.00000000 596.00000000 991.0000000
A    0.67817436   0.29508002   0.2583935
a   -0.04425507  -0.01407373  -0.0326190
FIRE:  14  stops.  0 hits of maxmove.  0 hits of dtmax.
Frms = 2.89570256763435e-05; Ftanrms = 2.89569996046043e-05
E =  0.00356 | E_L =  0.00152 | E_A =  0.00204 |   7 flippped triangles
          phi0      phi0.1      phi0.2       phi0.3      phi0.4      phi0.5
id 320.0000000 327.0000000 334.0000000 335.00000000 336.0000000 337.0000000
A    1.0667361   0.7305599   0.5863424   1.03628659   0.5106647   0.7481235
a   -0.0159235  -0.1579909  -0.1169641  -0.07605414  -0.0812916  -0.1616855
        phi0.6
id 350.0000000
A    4.1099976
a   -0.0555511
FIRE:  16  stops.  5 hits of maxmove.  0 hits of dtmax.
Frms = 2.16697930151789e-05; Ftanrms = 2.16696812077897e-05
E =  0.00232 | E_L =  0.00206 | E_A =  0.00026 |   0 flippped triangles
FIRE:  14  stops.  9 hits of maxmove.  0 hits of dtmax.
Frms = 4.84064449447246e-05; Ftanrms = 4.84064303951528e-05
E =  0.00304 | E_L =  0.00159 | E_A =  0.00145 |   2 flippped triangles
          phi0       phi0.1
id 323.0000000 991.00000000
A    1.0057065   0.25839347
a   -0.2824537  -0.04800271
FIRE:  15  stops.  0 hits of maxmove.  0 hits of dtmax.
Frms = 5.08295677745525e-05; Ftanrms = 5.08295532070783e-05
E =  0.00231 | E_L =  0.00146 | E_A =  0.00085 |   3 flippped triangles
          phi0       phi0.1      phi0.2
id 323.0000000 327.00000000 335.0000000
A    1.0057065   0.73055986   1.0362866
a   -0.1175392  -0.02070306  -0.0112505
FIRE:  14  stops.  2 hits of maxmove.  0 hits of dtmax.
Frms = 5.90705852999981e-05; Ftanrms = 5.90705730879829e-05
E =  0.00205 | E_L =  0.00147 | E_A =  0.00058 |   1 flippped triangles
            phi0
id 596.000000000
A    0.295080020
a   -0.008695149
FIRE:  17  stops.  4 hits of maxmove.  0 hits of dtmax.
Frms = 8.15682672199806e-05; Ftanrms = 8.15681899479057e-05
E =  0.00552 | E_L =  0.00192 | E_A =  0.00360 |   5 flippped triangles
         phi0       phi0.1      phi0.2       phi0.3      phi0.4
id 319.000000 327.00000000 335.0000000 338.00000000 348.0000000
A    1.079221   0.73055986   1.0362866   0.63917459   0.2187471
a   -5.250752  -0.04161935  -0.1207917  -0.04339122  -0.2497287
FIRE:  14  stops.  5 hits of maxmove.  0 hits of dtmax.
Frms = 4.72689745206398e-05; Ftanrms = 4.72689591922785e-05
E =  0.00225 | E_L =  0.00149 | E_A =  0.00076 |   0 flippped triangles
FIRE:  16  stops.  5 hits of maxmove.  0 hits of dtmax.
Frms = 6.54944938149322e-05; Ftanrms = 6.54944683717568e-05
E =  0.00260 | E_L =  0.00199 | E_A =  0.00061 |   1 flippped triangles
          phi0
id 323.0000000
A    1.0057065
a   -0.1922605
FIRE:  16  stops.  7 hits of maxmove.  0 hits of dtmax.
Frms = 0.000116680103811316; Ftanrms = 0.000116680055836551
E =  0.00466 | E_L =  0.00210 | E_A =  0.00256 |   7 flippped triangles
            phi0      phi0.1     phi0.2      phi0.3       phi0.4      phi0.5
id 311.000000000 319.0000000 323.000000 325.0000000 335.00000000 348.0000000
A    3.205329533   1.0792209   1.005707   0.9402358   1.03628659   0.2187471
a   -0.009692215  -0.8834421  -1.260458  -1.0557136  -0.03590863  -0.1708280
        phi0.6
id 991.0000000
A    0.2583935
a   -0.2941674
FIRE:  13  stops.  2 hits of maxmove.  0 hits of dtmax.
Frms = 6.4988897484726e-05; Ftanrms = 6.49888884220857e-05
E =  0.00270 | E_L =  0.00143 | E_A =  0.00126 |   4 flippped triangles
          phi0      phi0.1       phi0.2       phi0.3
id 320.0000000 342.0000000 347.00000000 597.00000000
A    1.0667361   0.6253105   0.67817436   0.32264700
a   -0.3424291  -0.1029702  -0.07112656  -0.01708206
FIRE:  14  stops.  0 hits of maxmove.  0 hits of dtmax.
Frms = 3.22586031816705e-05; Ftanrms = 3.22585713501041e-05
E =  0.00380 | E_L =  0.00160 | E_A =  0.00220 |   7 flippped triangles
           phi0       phi0.1       phi0.2        phi0.3       phi0.4
id 322.00000000 334.00000000 348.00000000 351.000000000 355.00000000
A    1.46990692   0.58634236   0.21874708   0.523189698   1.90570253
a   -0.08491838  -0.06131872  -0.08187512  -0.009770326  -0.01212258
        phi0.5      phi0.6
id 596.0000000 991.0000000
A    0.2950800   0.2583935
a   -0.0070484  -0.0470147
FIRE:  14  stops.  4 hits of maxmove.  0 hits of dtmax.
Frms = 3.97010159666676e-05; Ftanrms = 3.97009922664769e-05
E =  0.00197 | E_L =  0.00170 | E_A =  0.00027 |   0 flippped triangles
FIRE:  14  stops.  2 hits of maxmove.  0 hits of dtmax.
Frms = 4.39720563682984e-05; Ftanrms = 4.39720379390762e-05
E =  0.00244 | E_L =  0.00153 | E_A =  0.00091 |   6 flippped triangles
          phi0      phi0.1       phi0.2       phi0.3      phi0.4       phi0.5
id 323.0000000 337.0000000 348.00000000 351.00000000 596.0000000 991.00000000
A    1.0057065   0.7481235   0.21874708   0.52318970   0.2950800   0.25839347
a   -0.2727356  -0.1859743  -0.08322693  -0.03296772  -0.1432893  -0.05937398
FIRE:  14  stops.  4 hits of maxmove.  0 hits of dtmax.
Frms = 0.00207700793035033; Ftanrms = 0.00207675291238811
E =  0.08406 | E_L =  0.00177 | E_A =  0.08229 |   9 flippped triangles
         phi0      phi0.1      phi0.2      phi0.3      phi0.4      phi0.5
id 322.000000 325.0000000 334.0000000 337.0000000 342.0000000 347.0000000
A    1.469907   0.9402358   0.5863424   0.7481235   0.6253105   0.6781744
a   -1.143810  -0.9175664  -0.1491295  -0.3495151  -0.2305644  -0.2886299
        phi0.6     phi0.7      phi0.8
id 597.0000000 989.000000 992.0000000
A    0.3226470   1.038075   0.3622934
a   -0.2598328  -1.283531  -0.1093134
FIRE:  14  stops.  2 hits of maxmove.  0 hits of dtmax.
Frms = 3.85861713525305e-05; Ftanrms = 3.85861533159945e-05
E =  0.00187 | E_L =  0.00150 | E_A =  0.00038 |   0 flippped triangles
FIRE:  13  stops.  4 hits of maxmove.  0 hits of dtmax.
Frms = 0.000110563352015765; Ftanrms = 0.000110563343952079
E =  0.00347 | E_L =  0.00164 | E_A =  0.00183 |   7 flippped triangles
          phi0      phi0.1      phi0.2      phi0.3      phi0.4       phi0.5
id 318.0000000 327.0000000 335.0000000 336.0000000 343.0000000 348.00000000
A    0.6493444   0.7305599   1.0362866   0.5106647   0.4578008   0.21874708
a   -1.0647173  -0.6848392  -0.6790439  -0.2485032  -0.1994440  -0.03030321
         phi0.6
id 991.00000000
A    0.25839347
a   -0.03706962
FIRE:  15  stops.  1 hits of maxmove.  0 hits of dtmax.
Frms = 3.02181293335424e-05; Ftanrms = 3.02180800871535e-05
E =  0.00214 | E_L =  0.00191 | E_A =  0.00023 |   0 flippped triangles
FIRE:  14  stops.  7 hits of maxmove.  0 hits of dtmax.
Frms = 6.03451234391267e-05; Ftanrms = 6.0345107626778e-05
E =  0.00234 | E_L =  0.00168 | E_A =  0.00066 |   1 flippped triangles
          phi0
id 323.0000000
A    1.0057065
a   -0.4492207
FIRE:  16  stops.  8 hits of maxmove.  0 hits of dtmax.
Frms = 2.91096617580501e-05; Ftanrms = 2.91095243354253e-05
E =  0.00291 | E_L =  0.00242 | E_A =  0.00049 |   0 flippped triangles
FIRE:  16  stops.  4 hits of maxmove.  0 hits of dtmax.
Frms = 3.75502250689692e-05; Ftanrms = 3.75501637408012e-05
E =  0.00263 | E_L =  0.00215 | E_A =  0.00048 |   0 flippped triangles
FIRE:  15  stops.  6 hits of maxmove.  0 hits of dtmax.
Frms = 3.81867868991281e-05; Ftanrms = 3.81867500849759e-05
E =  0.00343 | E_L =  0.00189 | E_A =  0.00154 |   5 flippped triangles
           phi0      phi0.1        phi0.2       phi0.3        phi0.4
id 319.00000000 320.0000000 327.000000000 336.00000000 991.000000000
A    1.07922094   1.0667361   0.730559862   0.51066465   0.258393473
a   -0.09477097  -0.1295054  -0.003626732  -0.07369233  -0.002602134
FIRE:  13  stops.  0 hits of maxmove.  0 hits of dtmax.
Frms = 3.35159318529359e-05; Ftanrms = 3.35159144867673e-05
E =  0.00208 | E_L =  0.00144 | E_A =  0.00064 |   1 flippped triangles
            phi0
id  5.970000e+02
A   3.226470e-01
a  -8.568187e-04
FIRE:  13  stops.  1 hits of maxmove.  0 hits of dtmax.
Frms = 5.819516010137e-05; Ftanrms = 5.81951484128507e-05
E =  0.00567 | E_L =  0.00148 | E_A =  0.00420 |   8 flippped triangles
          phi0      phi0.1        phi0.2        phi0.3        phi0.4     phi0.5
id 311.0000000 320.0000000 342.000000000 347.000000000 348.000000000 989.000000
A    3.2053295   1.0667361   0.625310491   0.678174358   0.218747080   1.038075
a   -0.1612377  -0.2688741  -0.005429335  -0.002982916  -0.004067795  -4.768129
         phi0.6        phi0.7
id 991.00000000 992.000000000
A    0.25839347   0.362293388
a   -0.01024399  -0.004458211
FIRE:  16  stops.  3 hits of maxmove.  0 hits of dtmax.
Frms = 6.69711247554541e-05; Ftanrms = 6.69403866166859e-05
E =  0.00264 | E_L =  0.00196 | E_A =  0.00068 |   0 flippped triangles
FIRE:  14  stops.  2 hits of maxmove.  0 hits of dtmax.
Frms = 1.94791287090402e-05; Ftanrms = 1.94790961085942e-05
E =  0.00320 | E_L =  0.00149 | E_A =  0.00171 |   6 flippped triangles
           phi0        phi0.1      phi0.2      phi0.3       phi0.4
id 334.00000000 336.000000000 337.0000000 338.0000000 349.00000000
A    0.58634236   0.510664651   0.7481235   0.6391746   0.74648128
a   -0.04186691  -0.004516754  -0.0492691  -0.0353562  -0.02165398
          phi0.5
id  5.970000e+02
A   3.226470e-01
a  -5.282253e-04
FIRE:  13  stops.  0 hits of maxmove.  0 hits of dtmax.
Frms = 8.10109680925853e-05; Ftanrms = 8.10109596438333e-05
E =  0.00234 | E_L =  0.00147 | E_A =  0.00088 |   3 flippped triangles
           phi0      phi0.1      phi0.2
id 318.00000000 327.0000000 596.0000000
A    0.64934438   0.7305599   0.2950800
a   -0.01085602  -0.5409237  -0.1319311
FIRE:  14  stops.  2 hits of maxmove.  0 hits of dtmax.
Frms = 4.09961114253606e-05; Ftanrms = 4.0996094963458e-05
E =  0.00195 | E_L =  0.00146 | E_A =  0.00049 |   0 flippped triangles
FIRE:  14  stops.  2 hits of maxmove.  0 hits of dtmax.
Frms = 0.00239340478821723; Ftanrms = 0.00239317460533829
E =  0.21507 | E_L =  0.00185 | E_A =  0.21322 |   8 flippped triangles
          phi0      phi0.1      phi0.2      phi0.3      phi0.4      phi0.5
id 318.0000000 325.0000000 327.0000000 335.0000000 337.0000000 343.0000000
A    0.6493444   0.9402358   0.7305599   1.0362866   0.7481235   0.4578008
a   -1.4900737  -0.5959930  -0.1252139  -0.1255087  -0.1368838  -0.2932833
         phi0.6     phi0.7
id 348.00000000 989.000000
A    0.21874708   1.038075
a   -0.08982176  -2.414760
FIRE:  15  stops.  5 hits of maxmove.  0 hits of dtmax.
Frms = 3.56608074462718e-05; Ftanrms = 3.56607492659942e-05
E =  0.00235 | E_L =  0.00202 | E_A =  0.00034 |   0 flippped triangles
E =  0.00215 | E_L =  0.00200 | E_A =  0.00015 |   0 flippped triangles
Optimising mapping with BFGS...
E =  0.00156 | E_L =  0.00156 | E_A =  0.00000 |   0 flippped triangles
E =  0.00156 | E_L =  0.00156 | E_A =  0.00000 |   0 flippped triangles
Transforming image...
Mapping optimised. Error: 0.001561437 ; 0 flipped triangles.
Inferring coordinates of datapoints
Inferring coordinates of landmarks
Mapping optimised. Error: 0.001561437 ; 0 flipped triangles. OD displacement: 6.807109 degrees.
Computing Kernel Density estimates of datapoints

[1] 0.7
Saving developmental_retina/data/C57BL6J/P22/single/GM512-1/R-CONTRA/r.mat
