[1] "Adding old segment 1"
[1] "Adding old segment 7"
[1] "Adding old segment 6"
[1] "Adding old segment 4"
[1] "Adding old segment 5"
[1] "Adding old segment 3"
[1] "Adding old segment 8"
[1] "Intersection found. Old points:"
   X    Y 
-500 2819 
   X    Y 
-830 3459 
   X    Y 
-810 3439 
    X     Y 
-1050  3639 
[1] "Point i+1 has been changed:"
   X    Y 
-500 2819 
        X         Y 
-826.9863 3453.1553 
   X    Y 
-810 3439 
    X     Y 
-1050  3639 
[1] "a= 0.172236343398674"
[1] "l= 290.298777908129"
[1] "New points:"
   X    Y 
-500 2819 
        X         Y 
-826.9863 3453.1553 
        X         Y 
-1011.589  3606.991 
    X     Y 
-1050  3639 
[1] "Intersection found. Old points:"
    X     Y 
-3830   639 
    X     Y 
-2970  -251 
    X     Y 
-2970  -251 
    X     Y 
-2720  -471 
[1] "Point i+1 has been changed:"
    X     Y 
-3830   639 
    X     Y 
-2970  -251 
    X     Y 
-2970  -251 
    X     Y 
-2720  -471 
[1] "a= 0.150142703384551"
[1] "l= 333.016516106934"
[1] "New points:"
    X     Y 
-3830   639 
    X     Y 
-2970  -251 
         X          Y 
-2757.5357  -437.9686 
    X     Y 
-2720  -471 
[1] "Storing new segment 1"
[1] "Adding old segment 2"
[1] "Storing new segment 2"
simplify.outline: Removing vertex 6
simplify.outline: Removing vertex 14
simplify.outline: Removing vertex 27
simplify.outline: Removing vertex 34
Triangulating...
[1] "Non-adjacent points in rim connected by line: 26 24"
[1] "In triangle: 68"  "In triangle: 410"
[1] "Other points in triangles: 25 240"
Stitching...
Tear 1 child of rim
Tear 2 child of rim
Tear 3 child of rim
Tear 4 child of rim
Tear 1 : Sf = 3664.49016444385 ; Sb = 4156.12282665147
  Forwards path
    i = 4 ; sf/Sf = 0.111484530175649 ; sf = 408.53396431631
      k =    3 ; sb/Sb = 0 ; sb = 0
      k =   57 ; sb/Sb = 0.0595476562502579 ; sb = 247.487373415292
      k =    2 ; sb/Sb = 0.119095312500516 ; sb = 494.974746830583
      Creating new point: f = 0.872190060799687
    i = 5 ; sf/Sf = 0.187600579367436 ; sf = 687.460477935937
      k =    3 ; sb/Sb = 0 ; sb = 0
      k =   57 ; sb/Sb = 0.0595476562502579 ; sb = 247.487373415292
      k =    2 ; sb/Sb = 0.119095312500516 ; sb = 494.974746830583
      k =    1 ; sb/Sb = 0.131125755797179 ; sb = 544.974746830583
      k =   55 ; sb/Sb = 0.199222038778055 ; sb = 827.991262937517
      Creating new point: f = 0.829337830173745
    i = 6 ; sf/Sf = 0.230748159498113 ; sf = 845.574360944356
      k =    3 ; sb/Sb = 0 ; sb = 0
      k =   57 ; sb/Sb = 0.0595476562502579 ; sb = 247.487373415292
      k =    2 ; sb/Sb = 0.119095312500516 ; sb = 494.974746830583
      k =    1 ; sb/Sb = 0.131125755797179 ; sb = 544.974746830583
      k =   55 ; sb/Sb = 0.199222038778055 ; sb = 827.991262937517
      k =  425 ; sb/Sb = 0.348113052446053 ; sb = 1446.80060352636
      Creating new point: f = 0.211739580135817
    i = 72 ; sf/Sf = 0.375437378971759 ; sf = 1375.78658260659
      k =    3 ; sb/Sb = 0 ; sb = 0
      k =   57 ; sb/Sb = 0.0595476562502579 ; sb = 247.487373415292
      k =    2 ; sb/Sb = 0.119095312500516 ; sb = 494.974746830583
      k =    1 ; sb/Sb = 0.131125755797179 ; sb = 544.974746830583
      k =   55 ; sb/Sb = 0.199222038778055 ; sb = 827.991262937517
      k =  425 ; sb/Sb = 0.348113052446053 ; sb = 1446.80060352636
      k =   54 ; sb/Sb = 0.497004066114052 ; sb = 2065.60994411521
      Creating new point: f = 0.18351897708638
    i = 7 ; sf/Sf = 0.520126598445405 ; sf = 1905.99880426882
      k =    3 ; sb/Sb = 0 ; sb = 0
      k =   57 ; sb/Sb = 0.0595476562502579 ; sb = 247.487373415292
      k =    2 ; sb/Sb = 0.119095312500516 ; sb = 494.974746830583
      k =    1 ; sb/Sb = 0.131125755797179 ; sb = 544.974746830583
      k =   55 ; sb/Sb = 0.199222038778055 ; sb = 827.991262937517
      k =  425 ; sb/Sb = 0.348113052446053 ; sb = 1446.80060352636
      k =   54 ; sb/Sb = 0.497004066114052 ; sb = 2065.60994411521
      k =  376 ; sb/Sb = 0.632953398467133 ; sb = 2630.63206757587
      Creating new point: f = 0.170081985186215
    i = 77 ; sf/Sf = 0.656195487098982 ; sf = 2404.62190842666
      k =    3 ; sb/Sb = 0 ; sb = 0
      k =   57 ; sb/Sb = 0.0595476562502579 ; sb = 247.487373415292
      k =    2 ; sb/Sb = 0.119095312500516 ; sb = 494.974746830583
      k =    1 ; sb/Sb = 0.131125755797179 ; sb = 544.974746830583
      k =   55 ; sb/Sb = 0.199222038778055 ; sb = 827.991262937517
      k =  425 ; sb/Sb = 0.348113052446053 ; sb = 1446.80060352636
      k =   54 ; sb/Sb = 0.497004066114052 ; sb = 2065.60994411521
      k =  376 ; sb/Sb = 0.632953398467133 ; sb = 2630.63206757587
      k =   53 ; sb/Sb = 0.768902730820214 ; sb = 3195.65419103654
      Creating new point: f = 0.170961403263726
    i = 8 ; sf/Sf = 0.79226437575256 ; sf = 2903.2450125845
      k =    3 ; sb/Sb = 0 ; sb = 0
      k =   57 ; sb/Sb = 0.0595476562502579 ; sb = 247.487373415292
      k =    2 ; sb/Sb = 0.119095312500516 ; sb = 494.974746830583
      k =    1 ; sb/Sb = 0.131125755797179 ; sb = 544.974746830583
      k =   55 ; sb/Sb = 0.199222038778055 ; sb = 827.991262937517
      k =  425 ; sb/Sb = 0.348113052446053 ; sb = 1446.80060352636
      k =   54 ; sb/Sb = 0.497004066114052 ; sb = 2065.60994411521
      k =  376 ; sb/Sb = 0.632953398467133 ; sb = 2630.63206757587
      k =   53 ; sb/Sb = 0.768902730820214 ; sb = 3195.65419103654
      k =  378 ; sb/Sb = 0.884451365410107 ; sb = 3675.888508844
      Creating new point: f = 0.202180190317797
    i = 9 ; sf/Sf = 0.936998622659056 ; sf = 3433.62223683154
      k =    3 ; sb/Sb = 0 ; sb = 0
      k =   57 ; sb/Sb = 0.0595476562502579 ; sb = 247.487373415292
      k =    2 ; sb/Sb = 0.119095312500516 ; sb = 494.974746830583
      k =    1 ; sb/Sb = 0.131125755797179 ; sb = 544.974746830583
      k =   55 ; sb/Sb = 0.199222038778055 ; sb = 827.991262937517
      k =  425 ; sb/Sb = 0.348113052446053 ; sb = 1446.80060352636
      k =   54 ; sb/Sb = 0.497004066114052 ; sb = 2065.60994411521
      k =  376 ; sb/Sb = 0.632953398467133 ; sb = 2630.63206757587
      k =   53 ; sb/Sb = 0.768902730820214 ; sb = 3195.65419103654
      k =  378 ; sb/Sb = 0.884451365410107 ; sb = 3675.888508844
      k =   52 ; sb/Sb = 1 ; sb = 4156.12282665146
      Creating new point: f = 0.454763117153664
Tear 2 : Sf = 1540.91420245273 ; Sb = 1785.15104824735
  Forwards path
    i = 412 ; sf/Sf = 0.174286783529178 ; sf = 268.560980039916
      k =   44 ; sb/Sb = 0 ; sb = 0
      k =   43 ; sb/Sb = 0.0903257767034786 ; sb = 161.245154965971
      k =   42 ; sb/Sb = 0.239484325149734 ; sb = 427.515694079858
      Creating new point: f = 0.562897719911453
    i = 45 ; sf/Sf = 0.348573567058356 ; sf = 537.121960079831
      k =   44 ; sb/Sb = 0 ; sb = 0
      k =   43 ; sb/Sb = 0.0903257767034786 ; sb = 161.245154965971
      k =   42 ; sb/Sb = 0.239484325149734 ; sb = 427.515694079858
      k =   41 ; sb/Sb = 0.528884852142001 ; sb = 944.139348203438
      Creating new point: f = 0.376949009189388
    i = 422 ; sf/Sf = 0.580089852432674 ; sf = 893.868692312219
      k =   44 ; sb/Sb = 0 ; sb = 0
      k =   43 ; sb/Sb = 0.0903257767034786 ; sb = 161.245154965971
      k =   42 ; sb/Sb = 0.239484325149734 ; sb = 427.515694079858
      k =   41 ; sb/Sb = 0.528884852142001 ; sb = 944.139348203438
      k =   40 ; sb/Sb = 0.887266616361364 ; sb = 1583.90493027237
      Creating new point: f = 0.142878364367142
    i = 46 ; sf/Sf = 0.811606137806992 ; sf = 1250.61542454461
      k =   44 ; sb/Sb = 0 ; sb = 0
      k =   43 ; sb/Sb = 0.0903257767034786 ; sb = 161.245154965971
      k =   42 ; sb/Sb = 0.239484325149734 ; sb = 427.515694079858
      k =   41 ; sb/Sb = 0.528884852142001 ; sb = 944.139348203438
      k =   40 ; sb/Sb = 0.887266616361364 ; sb = 1583.90493027237
      Creating new point: f = 0.788883012172292
    i = 47 ; sf/Sf = 0.967551730057123 ; sf = 1490.91420245273
      k =   44 ; sb/Sb = 0 ; sb = 0
      k =   43 ; sb/Sb = 0.0903257767034786 ; sb = 161.245154965971
      k =   42 ; sb/Sb = 0.239484325149734 ; sb = 427.515694079858
      k =   41 ; sb/Sb = 0.528884852142001 ; sb = 944.139348203438
      k =   40 ; sb/Sb = 0.887266616361364 ; sb = 1583.90493027237
      k =   39 ; sb/Sb = 1 ; sb = 1785.15104824735
      Creating new point: f = 0.712168047338228
Tear 3 : Sf = 2088.6305994075 ; Sb = 2213.15610944997
  Forwards path
    i = 31 ; sf/Sf = 0.186970584413592 ; sf = 390.512483795333
      k =   30 ; sb/Sb = 0 ; sb = 0
      k =   29 ; sb/Sb = 0.157627954648418 ; sb = 348.855270850248
      k =   28 ; sb/Sb = 0.257033504514792 ; sb = 568.855270850248
      Creating new point: f = 0.295181001509659
    i = 32 ; sf/Sf = 0.31579780786699 ; sf = 659.584964736807
      k =   30 ; sb/Sb = 0 ; sb = 0
      k =   29 ; sb/Sb = 0.157627954648418 ; sb = 348.855270850248
      k =   28 ; sb/Sb = 0.257033504514792 ; sb = 568.855270850248
      k =   27 ; sb/Sb = 0.376323587361453 ; sb = 832.86284649913
      Creating new point: f = 0.492616837459448
    i = 33 ; sf/Sf = 0.553169706176946 ; sf = 1155.36717498643
      k =   30 ; sb/Sb = 0 ; sb = 0
      k =   29 ; sb/Sb = 0.157627954648418 ; sb = 348.855270850248
      k =   28 ; sb/Sb = 0.257033504514792 ; sb = 568.855270850248
      k =   27 ; sb/Sb = 0.376323587361453 ; sb = 832.86284649913
      k =  138 ; sb/Sb = 0.64158684119531 ; sb = 1419.93183733411
      Creating new point: f = 0.666681555999677
    i = 34 ; sf/Sf = 0.795463981334439 ; sf = 1661.43041214163
      k =   30 ; sb/Sb = 0 ; sb = 0
      k =   29 ; sb/Sb = 0.157627954648418 ; sb = 348.855270850248
      k =   28 ; sb/Sb = 0.257033504514792 ; sb = 568.855270850248
      k =   27 ; sb/Sb = 0.376323587361453 ; sb = 832.86284649913
      k =  138 ; sb/Sb = 0.64158684119531 ; sb = 1419.93183733411
      k =  242 ; sb/Sb = 0.774218468112239 ; sb = 1713.4663327516
      k =   26 ; sb/Sb = 0.906850095029167 ; sb = 2007.00082816909
      Creating new point: f = 0.160184367153293
Tear 4 : Sf = 1341.11802947407 ; Sb = 1261.71300936723
  Forwards path
    i = 141 ; sf/Sf = 0.439884055160602 ; sf = 589.936437254049
      k =   19 ; sb/Sb = 0 ; sb = 0
      k =   18 ; sb/Sb = 0.24620851892141 ; sb = 310.644491340181
      k =   17 ; sb/Sb = 0.707605983155431 ; sb = 892.795674453297
      Creating new point: f = 0.419758562307485
    i = 214 ; sf/Sf = 0.659826082740903 ; sf = 884.904655881073
      k =   19 ; sb/Sb = 0 ; sb = 0
      k =   18 ; sb/Sb = 0.24620851892141 ; sb = 310.644491340181
      k =   17 ; sb/Sb = 0.707605983155431 ; sb = 892.795674453297
      Creating new point: f = 0.896445247062966
    i = 20 ; sf/Sf = 0.879768110321204 ; sf = 1179.8728745081
      k =   19 ; sb/Sb = 0 ; sb = 0
      k =   18 ; sb/Sb = 0.24620851892141 ; sb = 310.644491340181
      k =   17 ; sb/Sb = 0.707605983155431 ; sb = 892.795674453297
      k =   16 ; sb/Sb = 1 ; sb = 1261.71300936723
      Creating new point: f = 0.588801812785693
Tear 1 : Sf = 4156.12282665146 ; Sb = 3664.49016444385
  Backwards path
    i = 57 ; sf/Sf = 0.0595476562502579 ; sf = 247.487373415292
      k =    3 ; sb/Sb = 0 ; sb = 0
      k =    4 ; sb/Sb = 0.111484530175649 ; sb = 408.53396431631
      Creating new point: f = 0.53413380454165
    i = 2 ; sf/Sf = 0.119095312500516 ; sf = 494.974746830583
      k =    3 ; sb/Sb = 0 ; sb = 0
      k =    4 ; sb/Sb = 0.111484530175649 ; sb = 408.53396431631
      k =    5 ; sb/Sb = 0.187600579367436 ; sb = 687.460477935937
      Creating new point: f = 0.0999891928926842
    i = 1 ; sf/Sf = 0.131125755797179 ; sf = 544.974746830583
      k =    3 ; sb/Sb = 0 ; sb = 0
      k =    4 ; sb/Sb = 0.111484530175649 ; sb = 408.53396431631
      k =    5 ; sb/Sb = 0.187600579367436 ; sb = 687.460477935937
      Creating new point: f = 0.258043156864868
    i = 55 ; sf/Sf = 0.199222038778055 ; sf = 827.991262937517
      k =    3 ; sb/Sb = 0 ; sb = 0
      k =    4 ; sb/Sb = 0.111484530175649 ; sb = 408.53396431631
      k =    5 ; sb/Sb = 0.187600579367436 ; sb = 687.460477935937
      k =    6 ; sb/Sb = 0.230748159498113 ; sb = 845.574360944356
      Creating new point: f = 0.269342089994898
    i = 425 ; sf/Sf = 0.348113052446054 ; sf = 1446.80060352636
      k =    3 ; sb/Sb = 0 ; sb = 0
      k =    4 ; sb/Sb = 0.111484530175649 ; sb = 408.53396431631
      k =    5 ; sb/Sb = 0.187600579367436 ; sb = 687.460477935937
      k =    6 ; sb/Sb = 0.230748159498113 ; sb = 845.574360944356
      k =   72 ; sb/Sb = 0.375437378971759 ; sb = 1375.78658260659
      Creating new point: f = 0.811151607389227
    i = 54 ; sf/Sf = 0.497004066114052 ; sf = 2065.60994411521
      k =    3 ; sb/Sb = 0 ; sb = 0
      k =    4 ; sb/Sb = 0.111484530175649 ; sb = 408.53396431631
      k =    5 ; sb/Sb = 0.187600579367436 ; sb = 687.460477935937
      k =    6 ; sb/Sb = 0.230748159498113 ; sb = 845.574360944356
      k =   72 ; sb/Sb = 0.375437378971759 ; sb = 1375.78658260659
      k =    7 ; sb/Sb = 0.520126598445405 ; sb = 1905.99880426882
      Creating new point: f = 0.840191740507909
    i = 376 ; sf/Sf = 0.632953398467133 ; sf = 2630.63206757587
      k =    3 ; sb/Sb = 0 ; sb = 0
      k =    4 ; sb/Sb = 0.111484530175649 ; sb = 408.53396431631
      k =    5 ; sb/Sb = 0.187600579367436 ; sb = 687.460477935937
      k =    6 ; sb/Sb = 0.230748159498113 ; sb = 845.574360944356
      k =   72 ; sb/Sb = 0.375437378971759 ; sb = 1375.78658260659
      k =    7 ; sb/Sb = 0.520126598445405 ; sb = 1905.99880426882
      k =   77 ; sb/Sb = 0.656195487098982 ; sb = 2404.62190842666
      Creating new point: f = 0.829188811183561
    i = 53 ; sf/Sf = 0.768902730820214 ; sf = 3195.65419103654
      k =    3 ; sb/Sb = 0 ; sb = 0
      k =    4 ; sb/Sb = 0.111484530175649 ; sb = 408.53396431631
      k =    5 ; sb/Sb = 0.187600579367436 ; sb = 687.460477935937
      k =    6 ; sb/Sb = 0.230748159498113 ; sb = 845.574360944356
      k =   72 ; sb/Sb = 0.375437378971759 ; sb = 1375.78658260659
      k =    7 ; sb/Sb = 0.520126598445405 ; sb = 1905.99880426882
      k =   77 ; sb/Sb = 0.656195487098982 ; sb = 2404.62190842666
      k =    8 ; sb/Sb = 0.79226437575256 ; sb = 2903.2450125845
      Creating new point: f = 0.828310165802683
    i = 378 ; sf/Sf = 0.884451365410107 ; sf = 3675.888508844
      k =    3 ; sb/Sb = 0 ; sb = 0
      k =    4 ; sb/Sb = 0.111484530175649 ; sb = 408.53396431631
      k =    5 ; sb/Sb = 0.187600579367436 ; sb = 687.460477935937
      k =    6 ; sb/Sb = 0.230748159498113 ; sb = 845.574360944356
      k =   72 ; sb/Sb = 0.375437378971759 ; sb = 1375.78658260659
      k =    7 ; sb/Sb = 0.520126598445405 ; sb = 1905.99880426882
      k =   77 ; sb/Sb = 0.656195487098982 ; sb = 2404.62190842666
      k =    8 ; sb/Sb = 0.79226437575256 ; sb = 2903.2450125845
      k =    9 ; sb/Sb = 0.936998622659056 ; sb = 3433.62223683155
      Creating new point: f = 0.636939712804138
Tear 2 : Sf = 1785.15104824735 ; Sb = 1540.91420245273
  Backwards path
    i = 43 ; sf/Sf = 0.0903257767034786 ; sf = 161.245154965971
      k =   44 ; sb/Sb = 0 ; sb = 0
      k =  412 ; sb/Sb = 0.174286783529178 ; sb = 268.560980039916
      Creating new point: f = 0.518259473693006
    i = 42 ; sf/Sf = 0.239484325149734 ; sf = 427.515694079858
      k =   44 ; sb/Sb = 0 ; sb = 0
      k =  412 ; sb/Sb = 0.174286783529178 ; sb = 268.560980039916
      k =   45 ; sb/Sb = 0.348573567058356 ; sb = 537.121960079831
      Creating new point: f = 0.374081960205787
    i = 41 ; sf/Sf = 0.528884852142001 ; sf = 944.139348203438
      k =   44 ; sb/Sb = 0 ; sb = 0
      k =  412 ; sb/Sb = 0.174286783529178 ; sb = 268.560980039916
      k =   45 ; sb/Sb = 0.348573567058356 ; sb = 537.121960079831
      k =  422 ; sb/Sb = 0.580089852432674 ; sb = 893.868692312219
      Creating new point: f = 0.778827652629772
    i = 40 ; sf/Sf = 0.887266616361364 ; sf = 1583.90493027237
      k =   44 ; sb/Sb = 0 ; sb = 0
      k =  412 ; sb/Sb = 0.174286783529178 ; sb = 268.560980039916
      k =   45 ; sb/Sb = 0.348573567058356 ; sb = 537.121960079831
      k =  422 ; sb/Sb = 0.580089852432674 ; sb = 893.868692312219
      k =   46 ; sb/Sb = 0.811606137806992 ; sb = 1250.61542454461
      k =   47 ; sb/Sb = 0.967551730057123 ; sb = 1490.91420245273
      Creating new point: f = 0.485172280041206
Tear 3 : Sf = 2213.15610944997 ; Sb = 2088.6305994075
  Backwards path
    i = 29 ; sf/Sf = 0.157627954648418 ; sf = 348.855270850248
      k =   30 ; sb/Sb = 0 ; sb = 0
      k =   31 ; sb/Sb = 0.186970584413592 ; sb = 390.512483795333
      Creating new point: f = 0.843062854741542
    i = 28 ; sf/Sf = 0.257033504514792 ; sf = 568.855270850248
      k =   30 ; sb/Sb = 0 ; sb = 0
      k =   31 ; sb/Sb = 0.186970584413592 ; sb = 390.512483795333
      k =   32 ; sb/Sb = 0.31579780786699 ; sb = 659.584964736807
      Creating new point: f = 0.543851821246031
    i = 27 ; sf/Sf = 0.376323587361453 ; sf = 832.86284649913
      k =   30 ; sb/Sb = 0 ; sb = 0
      k =   31 ; sb/Sb = 0.186970584413592 ; sb = 390.512483795333
      k =   32 ; sb/Sb = 0.31579780786699 ; sb = 659.584964736807
      k =   33 ; sb/Sb = 0.553169706176946 ; sb = 1155.36717498643
      Creating new point: f = 0.25498291889392
    i = 138 ; sf/Sf = 0.64158684119531 ; sf = 1419.93183733411
      k =   30 ; sb/Sb = 0 ; sb = 0
      k =   31 ; sb/Sb = 0.186970584413592 ; sb = 390.512483795333
      k =   32 ; sb/Sb = 0.31579780786699 ; sb = 659.584964736807
      k =   33 ; sb/Sb = 0.553169706176946 ; sb = 1155.36717498643
      k =   34 ; sb/Sb = 0.795463981334438 ; sb = 1661.43041214163
      Creating new point: f = 0.364916319054144
    i = 242 ; sf/Sf = 0.774218468112239 ; sf = 1713.4663327516
      k =   30 ; sb/Sb = 0 ; sb = 0
      k =   31 ; sb/Sb = 0.186970584413592 ; sb = 390.512483795333
      k =   32 ; sb/Sb = 0.31579780786699 ; sb = 659.584964736807
      k =   33 ; sb/Sb = 0.553169706176946 ; sb = 1155.36717498643
      k =   34 ; sb/Sb = 0.795463981334438 ; sb = 1661.43041214163
      Creating new point: f = 0.912315248850225
    i = 26 ; sf/Sf = 0.906850095029167 ; sf = 2007.00082816909
      k =   30 ; sb/Sb = 0 ; sb = 0
      k =   31 ; sb/Sb = 0.186970584413592 ; sb = 390.512483795333
      k =   32 ; sb/Sb = 0.31579780786699 ; sb = 659.584964736807
      k =   33 ; sb/Sb = 0.553169706176946 ; sb = 1155.36717498643
      k =   34 ; sb/Sb = 0.795463981334438 ; sb = 1661.43041214163
      k =   35 ; sb/Sb = 1 ; sb = 2088.6305994075
      Creating new point: f = 0.544579455596312
Tear 4 : Sf = 1261.71300936723 ; Sb = 1341.11802947407
  Backwards path
    i = 18 ; sf/Sf = 0.24620851892141 ; sf = 310.644491340181
      k =   19 ; sb/Sb = 0 ; sb = 0
      k =  141 ; sb/Sb = 0.439884055160602 ; sb = 589.936437254049
      Creating new point: f = 0.559712306079199
    i = 17 ; sf/Sf = 0.707605983155431 ; sf = 892.795674453297
      k =   19 ; sb/Sb = 0 ; sb = 0
      k =  141 ; sb/Sb = 0.439884055160602 ; sb = 589.936437254049
      k =  214 ; sb/Sb = 0.659826082740903 ; sb = 884.904655881073
      k =   20 ; sb/Sb = 0.879768110321204 ; sb = 1179.8728745081
      Creating new point: f = 0.217238610283718
Triangulating...
Merging points...
Projecting to sphere...
Optimising mapping with FIRE...
E =  0.00324 | E_L =  0.00324 | E_A =  0.00000 |   0 flippped triangles
E =  0.00311 | E_L =  0.00311 | E_A =  0.00000 |  20 flippped triangles
        phi0    phi0.1     phi0.2    phi0.3    phi0.4    phi0.5    phi0.6
id    64.000    65.000     70.000   77.0000    80.000    91.000    99.000
A  10556.620  7527.403   9971.553 6626.7894  3142.266  1069.659  1631.138
a  -1813.008 -6261.093 -10216.989 -505.8364 -1532.561 -1016.906 -1327.764
      phi0.7    phi0.8    phi0.9   phi0.10   phi0.11   phi0.12   phi0.13
id   100.000  101.0000  102.0000    106.00   174.000    176.00    177.00
A   6671.653 8490.0868 4940.7873  20687.01  4273.571  49941.97  33951.98
a  -3395.592 -203.1703 -538.9878 -13475.46 -4265.560 -18239.57 -20737.00
     phi0.14   phi0.15   phi0.16   phi0.17   phi0.18   phi0.19
id   227.000   249.000   257.000   621.000   628.000    752.00
A   9864.765 39288.471 23386.424  4372.613  5680.244  20136.28
a  -7475.407 -4946.702 -6284.492 -4528.744 -5726.668 -18797.16
E =  0.00311 | E_L =  0.00311 | E_A =  0.00000 |  23 flippped triangles
        phi0    phi0.1     phi0.2    phi0.3    phi0.4    phi0.5    phi0.6
id    64.000    65.000     70.000    77.000    80.000    90.000    91.000
A  10556.620  7527.403   9971.553  6626.789  3142.266 10429.149  1069.659
a  -1051.283 -6120.125 -10635.037 -7387.743 -2256.025 -2143.277 -1095.015
      phi0.7    phi0.8    phi0.9   phi0.10   phi0.11   phi0.12   phi0.13
id    98.000    99.000   102.000   106.000    176.00    177.00   227.000
A  13639.837  1631.138  4940.787 20687.010  49941.97  33951.98  9864.765
a  -2339.077 -1669.413 -5449.716 -8020.427 -27229.90 -27633.69 -7507.366
     phi0.14   phi0.15   phi0.16   phi0.17   phi0.18   phi0.19   phi0.20
id   249.000   257.000   621.000   628.000    731.00   750.000    752.00
A  39288.471 23386.424  4372.613  5680.244  21500.22 27670.389  20136.28
a  -6990.745 -8291.434 -4387.230 -5572.648 -21884.41 -8977.823 -18977.58
     phi0.21   phi0.22
id    757.00    805.00
A   34935.53  24627.19
a  -17953.26 -20417.71
FIRE:  4  stops.  0 hits of maxmove.  0 hits of dtmax.
Frms = 9.08613534967515e-06; Ftanrms = 9.07961084604731e-06
E =  0.00420 | E_L =  0.00416 | E_A =  0.00004 |   0 flippped triangles
E =  0.00333 | E_L =  0.00333 | E_A =  0.00000 |   0 flippped triangles
E =  0.00330 | E_L =  0.00330 | E_A =  0.00000 |   0 flippped triangles
E =  0.00329 | E_L =  0.00329 | E_A =  0.00000 |   0 flippped triangles
E =  0.00329 | E_L =  0.00329 | E_A =  0.00000 |   0 flippped triangles
Optimising mapping with BFGS...
E =  0.00329 | E_L =  0.00329 | E_A =  0.00000 |   0 flippped triangles
Transforming image...
Mapping optimised. Error: 0.003285748 ; 0 flipped triangles.
Inferring coordinates of datapoints
Inferring coordinates of landmarks
Mapping optimised. Error: 0.003285748 ; 0 flipped triangles. OD displacement: 9.179992 degrees.
Computing Kernel Density estimates of datapoints

[1] 0.775
Saving developmental_retina/data/C57BL6J/P22/AP/GM130-2/R-CONTRA/r.mat
