[1] "Adding old segment 1"
[1] "Storing new segment 1"
[1] "Adding old segment 2"
[1] "Adding old segment 4"
[1] "Adding old segment 5"
[1] "Adding old segment 6"
[1] "Intersection found. Old points:"
   X    Y 
 320 2709 
   X    Y 
 410 2949 
   X    Y 
 410 2949 
   X    Y 
  80 2839 
[1] "Point i+1 has been changed:"
   X    Y 
 320 2709 
   X    Y 
 410 2949 
   X    Y 
 410 2949 
   X    Y 
  80 2839 
[1] "a= 0.143739893644017"
[1] "l= 347.850542618522"
[1] "New points:"
   X    Y 
 320 2709 
   X    Y 
 410 2949 
        X         Y 
 127.4342 2854.8114 
   X    Y 
  80 2839 
[1] "Storing new segment 2"
[1] "Adding old segment 3"
[1] "Storing new segment 3"
simplify.outline: Removing vertex 46
Triangulating...
[1] "Non-adjacent points in rim connected by line: 74 72"
[1] "In triangle: 25" "In triangle: 31"
[1] "Other points in triangles: 73 200"
Stitching...
Tear 1 child of rim
Tear 2 child of rim
Tear 3 child of forward side of tear 2
Tear 4 child of rim
Tear 5 child of rim
Tear 1 : Sf = 1420.92374534621 ; Sb = 1198.63515463187
  Forwards path
    i = 18 ; sf/Sf = 0.173103925056195 ; sf = 245.967477524977
      k =   19 ; sb/Sb = 0 ; sb = 0
      k =   20 ; sb/Sb = 0.321063191422973 ; sb = 384.837628097877
      Creating new point: f = 0.539158426380136
    i = 175 ; sf/Sf = 0.401286371721178 ; sf = 570.197334262446
      k =   19 ; sb/Sb = 0 ; sb = 0
      k =   20 ; sb/Sb = 0.321063191422973 ; sb = 384.837628097877
      k =   21 ; sb/Sb = 0.710235951611948 ; sb = 851.313779685501
      Creating new point: f = 0.206137706707043
    i = 17 ; sf/Sf = 0.629468818386162 ; sf = 894.427190999916
      k =   19 ; sb/Sb = 0 ; sb = 0
      k =   20 ; sb/Sb = 0.321063191422973 ; sb = 384.837628097877
      k =   21 ; sb/Sb = 0.710235951611948 ; sb = 851.313779685501
      Creating new point: f = 0.792464577462804
    i = 16 ; sf/Sf = 0.859246493237207 ; sf = 1220.92374534621
      k =   19 ; sb/Sb = 0 ; sb = 0
      k =   20 ; sb/Sb = 0.321063191422973 ; sb = 384.837628097877
      k =   21 ; sb/Sb = 0.710235951611948 ; sb = 851.313779685501
      k =   22 ; sb/Sb = 0.958285888907241 ; sb = 1148.63515463187
      Creating new point: f = 0.600727995540142
Tear 2 : Sf = 2927.43304346469 ; Sb = 3559.06782751886
  Forwards path
    i = 73 ; sf/Sf = 0.0875579760677173 ; sf = 256.320112359526
      k =   74 ; sb/Sb = 0 ; sb = 0
      k =    1 ; sb/Sb = 0.0836877960896191 ; sb = 297.850542618522
      k =    2 ; sb/Sb = 0.0977364184882702 ; sb = 347.850542618522
    i = 71 ; sf/Sf = 0.0875579760677173 ; sf = 256.320112359526
      k =   74 ; sb/Sb = 0 ; sb = 0
      k =    1 ; sb/Sb = 0.0836877960896191 ; sb = 297.850542618522
      k =    2 ; sb/Sb = 0.0977364184882702 ; sb = 347.850542618522
      Creating new point: f = 0.275484660935142
    i = 235 ; sf/Sf = 0.176717201521378 ; sf = 517.32777508229
      k =   74 ; sb/Sb = 0 ; sb = 0
      k =    1 ; sb/Sb = 0.0836877960896191 ; sb = 297.850542618522
      k =    2 ; sb/Sb = 0.0977364184882702 ; sb = 347.850542618522
      k =   77 ; sb/Sb = 0.175156947689364 ; sb = 623.395457287619
      k =    3 ; sb/Sb = 0.252577476890458 ; sb = 898.940371956716
      Creating new point: f = 0.0201529729661407
    i = 70 ; sf/Sf = 0.265876426975038 ; sf = 778.335437805054
      k =   74 ; sb/Sb = 0 ; sb = 0
      k =    1 ; sb/Sb = 0.0836877960896191 ; sb = 297.850542618522
      k =    2 ; sb/Sb = 0.0977364184882702 ; sb = 347.850542618522
      k =   77 ; sb/Sb = 0.175156947689364 ; sb = 623.395457287619
      k =    3 ; sb/Sb = 0.252577476890458 ; sb = 898.940371956716
      k =    4 ; sb/Sb = 0.406600617081293 ; sb = 1447.11917490335
      Creating new point: f = 0.0863438446203818
    i = 417 ; sf/Sf = 0.349897982335317 ; sf = 1024.30291533003
      k =   74 ; sb/Sb = 0 ; sb = 0
      k =    1 ; sb/Sb = 0.0836877960896191 ; sb = 297.850542618522
      k =    2 ; sb/Sb = 0.0977364184882702 ; sb = 347.850542618522
      k =   77 ; sb/Sb = 0.175156947689364 ; sb = 623.395457287619
      k =    3 ; sb/Sb = 0.252577476890458 ; sb = 898.940371956716
      k =    4 ; sb/Sb = 0.406600617081293 ; sb = 1447.11917490335
      Creating new point: f = 0.631856390697389
    i = 69 ; sf/Sf = 0.433919537695596 ; sf = 1270.27039285501
      k =   74 ; sb/Sb = 0 ; sb = 0
      k =    1 ; sb/Sb = 0.0836877960896191 ; sb = 297.850542618522
      k =    2 ; sb/Sb = 0.0977364184882702 ; sb = 347.850542618522
      k =   77 ; sb/Sb = 0.175156947689364 ; sb = 623.395457287619
      k =    3 ; sb/Sb = 0.252577476890458 ; sb = 898.940371956716
      k =    4 ; sb/Sb = 0.406600617081293 ; sb = 1447.11917490335
      k =    5 ; sb/Sb = 0.473623000581027 ; sb = 1685.65638374088
      Creating new point: f = 0.407608908961153
    i = 420 ; sf/Sf = 0.533701301801755 ; sf = 1562.37482623458
      k =   74 ; sb/Sb = 0 ; sb = 0
      k =    1 ; sb/Sb = 0.0836877960896191 ; sb = 297.850542618522
      k =    2 ; sb/Sb = 0.0977364184882702 ; sb = 347.850542618522
      k =   77 ; sb/Sb = 0.175156947689364 ; sb = 623.395457287619
      k =    3 ; sb/Sb = 0.252577476890458 ; sb = 898.940371956716
      k =    4 ; sb/Sb = 0.406600617081293 ; sb = 1447.11917490335
      k =    5 ; sb/Sb = 0.473623000581027 ; sb = 1685.65638374088
      k =    6 ; sb/Sb = 0.586886615367472 ; sb = 2088.7692711558
      Creating new point: f = 0.530428958443575
    i = 68 ; sf/Sf = 0.633483065907915 ; sf = 1854.47925961415
      k =   74 ; sb/Sb = 0 ; sb = 0
      k =    1 ; sb/Sb = 0.0836877960896191 ; sb = 297.850542618522
      k =    2 ; sb/Sb = 0.0977364184882702 ; sb = 347.850542618522
      k =   77 ; sb/Sb = 0.175156947689364 ; sb = 623.395457287619
      k =    3 ; sb/Sb = 0.252577476890458 ; sb = 898.940371956716
      k =    4 ; sb/Sb = 0.406600617081293 ; sb = 1447.11917490335
      k =    5 ; sb/Sb = 0.473623000581027 ; sb = 1685.65638374088
      k =    6 ; sb/Sb = 0.586886615367472 ; sb = 2088.7692711558
      k =    7 ; sb/Sb = 0.676797798718839 ; sb = 2408.7692711558
      Creating new point: f = 0.518249774984576
    i = 431 ; sf/Sf = 0.765473644681299 ; sf = 2240.87284134138
      k =   74 ; sb/Sb = 0 ; sb = 0
      k =    1 ; sb/Sb = 0.0836877960896191 ; sb = 297.850542618522
      k =    2 ; sb/Sb = 0.0977364184882702 ; sb = 347.850542618522
      k =   77 ; sb/Sb = 0.175156947689364 ; sb = 623.395457287619
      k =    3 ; sb/Sb = 0.252577476890458 ; sb = 898.940371956716
      k =    4 ; sb/Sb = 0.406600617081293 ; sb = 1447.11917490335
      k =    5 ; sb/Sb = 0.473623000581027 ; sb = 1685.65638374088
      k =    6 ; sb/Sb = 0.586886615367472 ; sb = 2088.7692711558
      k =    7 ; sb/Sb = 0.676797798718839 ; sb = 2408.7692711558
      k =    8 ; sb/Sb = 0.828027809417213 ; sb = 2947.00713678772
      Creating new point: f = 0.586364079146449
    i = 67 ; sf/Sf = 0.897464223454683 ; sf = 2627.26642306861
      k =   74 ; sb/Sb = 0 ; sb = 0
      k =    1 ; sb/Sb = 0.0836877960896191 ; sb = 297.850542618522
      k =    2 ; sb/Sb = 0.0977364184882702 ; sb = 347.850542618522
      k =   77 ; sb/Sb = 0.175156947689364 ; sb = 623.395457287619
      k =    3 ; sb/Sb = 0.252577476890458 ; sb = 898.940371956716
      k =    4 ; sb/Sb = 0.406600617081293 ; sb = 1447.11917490335
      k =    5 ; sb/Sb = 0.473623000581027 ; sb = 1685.65638374088
      k =    6 ; sb/Sb = 0.586886615367472 ; sb = 2088.7692711558
      k =    7 ; sb/Sb = 0.676797798718839 ; sb = 2408.7692711558
      k =    8 ; sb/Sb = 0.828027809417213 ; sb = 2947.00713678772
      k =    9 ; sb/Sb = 0.923929596025047 ; sb = 3288.32810010524
      Creating new point: f = 0.72403670977906
Tear 3 : Sf = 292.061637330205 ; Sb = 174.64249196573
  Forwards path
Tear 4 : Sf = 1724.13905513935 ; Sb = 1427.71566661582
  Forwards path
    i = 270 ; sf/Sf = 0.235346951915473 ; sf = 405.77087130547
      k =   55 ; sb/Sb = 0 ; sb = 0
      k =   56 ; sb/Sb = 0.147753671147501 ; sb = 210.95023109729
      k =   57 ; sb/Sb = 0.492100906123641 ; sb = 702.580173228564
      Creating new point: f = 0.254374863135001
    i = 54 ; sf/Sf = 0.470693903830945 ; sf = 811.541742610939
      k =   55 ; sb/Sb = 0 ; sb = 0
      k =   56 ; sb/Sb = 0.147753671147501 ; sb = 210.95023109729
      k =   57 ; sb/Sb = 0.492100906123641 ; sb = 702.580173228564
      Creating new point: f = 0.937833093696313
    i = 53 ; sf/Sf = 0.702693752571492 ; sf = 1211.54174261094
      k =   55 ; sb/Sb = 0 ; sb = 0
      k =   56 ; sb/Sb = 0.147753671147501 ; sb = 210.95023109729
      k =   57 ; sb/Sb = 0.492100906123641 ; sb = 702.580173228564
      k =   58 ; sb/Sb = 0.58736826801353 ; sb = 838.594878315919
      k =   59 ; sb/Sb = 0.607179125251306 ; sb = 866.87914956338
      k =   60 ; sb/Sb = 0.658170439975315 ; sb = 939.680248456186
      k =   61 ; sb/Sb = 0.787321428128949 ; sb = 1124.07113760204
      Creating new point: f = 0.344738458703966
    i = 52 ; sf/Sf = 0.853270412233065 ; sf = 1471.15684232588
      k =   55 ; sb/Sb = 0 ; sb = 0
      k =   56 ; sb/Sb = 0.147753671147501 ; sb = 210.95023109729
      k =   57 ; sb/Sb = 0.492100906123641 ; sb = 702.580173228564
      k =   58 ; sb/Sb = 0.58736826801353 ; sb = 838.594878315919
      k =   59 ; sb/Sb = 0.607179125251306 ; sb = 866.87914956338
      k =   60 ; sb/Sb = 0.658170439975315 ; sb = 939.680248456186
      k =   61 ; sb/Sb = 0.787321428128949 ; sb = 1124.07113760204
      k =   62 ; sb/Sb = 1 ; sb = 1427.71566661582
      Creating new point: f = 0.31008758204424
Tear 5 : Sf = 1754.37891765293 ; Sb = 1556.28185846252
  Forwards path
    i = 38 ; sf/Sf = 0.0586853275389381 ; sf = 102.95630140987
      k =   39 ; sb/Sb = 0 ; sb = 0
      k =   40 ; sb/Sb = 0.241963501423365 ; sb = 376.563407675255
      Creating new point: f = 0.242537933174706
    i = 37 ; sf/Sf = 0.131234774715297 ; sf = 230.235522023449
      k =   39 ; sb/Sb = 0 ; sb = 0
      k =   40 ; sb/Sb = 0.241963501423365 ; sb = 376.563407675255
      Creating new point: f = 0.54237425869315
    i = 36 ; sf/Sf = 0.304312851497025 ; sf = 533.880051037228
      k =   39 ; sb/Sb = 0 ; sb = 0
      k =   40 ; sb/Sb = 0.241963501423365 ; sb = 376.563407675255
      k =   41 ; sb/Sb = 0.431817114666521 ; sb = 672.029141729138
      Creating new point: f = 0.32840749780098
    i = 35 ; sf/Sf = 0.355295406177773 ; sf = 623.32277013722
      k =   39 ; sb/Sb = 0 ; sb = 0
      k =   40 ; sb/Sb = 0.241963501423365 ; sb = 376.563407675255
      k =   41 ; sb/Sb = 0.431817114666521 ; sb = 672.029141729138
      Creating new point: f = 0.596943628400989
    i = 34 ; sf/Sf = 0.537160976642862 ; sf = 942.383892808096
      k =   39 ; sb/Sb = 0 ; sb = 0
      k =   40 ; sb/Sb = 0.241963501423365 ; sb = 376.563407675255
      k =   41 ; sb/Sb = 0.431817114666521 ; sb = 672.029141729138
      k =   42 ; sb/Sb = 0.736473228896105 ; sb = 1146.15992537433
      Creating new point: f = 0.345779575908841
    i = 33 ; sf/Sf = 0.770861915405004 ; sf = 1352.3838928081
      k =   39 ; sb/Sb = 0 ; sb = 0
      k =   40 ; sb/Sb = 0.241963501423365 ; sb = 376.563407675255
      k =   41 ; sb/Sb = 0.431817114666521 ; sb = 672.029141729138
      k =   42 ; sb/Sb = 0.736473228896105 ; sb = 1146.15992537433
      k =   43 ; sb/Sb = 1 ; sb = 1556.28185846252
      Creating new point: f = 0.1304940912259
Tear 1 : Sf = 1198.63515463187 ; Sb = 1420.92374534621
  Backwards path
    i = 20 ; sf/Sf = 0.321063191422973 ; sf = 384.837628097877
      k =   19 ; sb/Sb = 0 ; sb = 0
      k =   18 ; sb/Sb = 0.173103925056195 ; sb = 245.967477524977
      k =  175 ; sb/Sb = 0.401286371721178 ; sb = 570.197334262446
      Creating new point: f = 0.64842527779541
    i = 21 ; sf/Sf = 0.710235951611948 ; sf = 851.313779685501
      k =   19 ; sb/Sb = 0 ; sb = 0
      k =   18 ; sb/Sb = 0.173103925056195 ; sb = 245.967477524977
      k =  175 ; sb/Sb = 0.401286371721178 ; sb = 570.197334262446
      k =   17 ; sb/Sb = 0.629468818386162 ; sb = 894.427190999916
      k =   16 ; sb/Sb = 0.859246493237207 ; sb = 1220.92374534621
      Creating new point: f = 0.351501220813308
    i = 22 ; sf/Sf = 0.958285888907241 ; sf = 1148.63515463187
      k =   19 ; sb/Sb = 0 ; sb = 0
      k =   18 ; sb/Sb = 0.173103925056195 ; sb = 245.967477524977
      k =  175 ; sb/Sb = 0.401286371721178 ; sb = 570.197334262446
      k =   17 ; sb/Sb = 0.629468818386162 ; sb = 894.427190999916
      k =   16 ; sb/Sb = 0.859246493237207 ; sb = 1220.92374534621
      k =   15 ; sb/Sb = 1 ; sb = 1420.92374534621
      Creating new point: f = 0.703637145161447
Tear 2 : Sf = 3559.06782751886 ; Sb = 2927.43304346469
  Backwards path
    i = 1 ; sf/Sf = 0.0836877960896191 ; sf = 297.850542618522
      k =   74 ; sb/Sb = 0 ; sb = 0
      k =   73 ; sb/Sb = 0.0875579760677173 ; sb = 256.320112359526
      Creating new point: f = 0.955798658764051
    i = 2 ; sf/Sf = 0.0977364184882702 ; sf = 347.850542618522
      k =   74 ; sb/Sb = 0 ; sb = 0
      k =   73 ; sb/Sb = 0.0875579760677173 ; sb = 256.320112359526
      k =   71 ; sb/Sb = 0.0875579760677173 ; sb = 256.320112359526
      k =  235 ; sb/Sb = 0.176717201521378 ; sb = 517.32777508229
      Creating new point: f = 0.114160283120034
    i = 77 ; sf/Sf = 0.175156947689364 ; sf = 623.395457287619
      k =   74 ; sb/Sb = 0 ; sb = 0
      k =   73 ; sb/Sb = 0.0875579760677173 ; sb = 256.320112359526
      k =   71 ; sb/Sb = 0.0875579760677173 ; sb = 256.320112359526
      k =  235 ; sb/Sb = 0.176717201521378 ; sb = 517.32777508229
      Creating new point: f = 0.982500365788565
    i = 3 ; sf/Sf = 0.252577476890458 ; sf = 898.940371956716
      k =   74 ; sb/Sb = 0 ; sb = 0
      k =   73 ; sb/Sb = 0.0875579760677173 ; sb = 256.320112359526
      k =   71 ; sb/Sb = 0.0875579760677173 ; sb = 256.320112359526
      k =  235 ; sb/Sb = 0.176717201521378 ; sb = 517.32777508229
      k =   70 ; sb/Sb = 0.265876426975038 ; sb = 778.335437805054
      Creating new point: f = 0.850840448457095
    i = 4 ; sf/Sf = 0.406600617081293 ; sf = 1447.11917490335
      k =   74 ; sb/Sb = 0 ; sb = 0
      k =   73 ; sb/Sb = 0.0875579760677173 ; sb = 256.320112359526
      k =   71 ; sb/Sb = 0.0875579760677173 ; sb = 256.320112359526
      k =  235 ; sb/Sb = 0.176717201521378 ; sb = 517.32777508229
      k =   70 ; sb/Sb = 0.265876426975038 ; sb = 778.335437805054
      k =  417 ; sb/Sb = 0.349897982335317 ; sb = 1024.30291533003
      k =   69 ; sb/Sb = 0.433919537695595 ; sb = 1270.27039285501
      Creating new point: f = 0.67485818969715
    i = 5 ; sf/Sf = 0.473623000581027 ; sf = 1685.65638374088
      k =   74 ; sb/Sb = 0 ; sb = 0
      k =   73 ; sb/Sb = 0.0875579760677173 ; sb = 256.320112359526
      k =   71 ; sb/Sb = 0.0875579760677173 ; sb = 256.320112359526
      k =  235 ; sb/Sb = 0.176717201521378 ; sb = 517.32777508229
      k =   70 ; sb/Sb = 0.265876426975038 ; sb = 778.335437805054
      k =  417 ; sb/Sb = 0.349897982335317 ; sb = 1024.30291533003
      k =   69 ; sb/Sb = 0.433919537695595 ; sb = 1270.27039285501
      k =  420 ; sb/Sb = 0.533701301801755 ; sb = 1562.37482623458
      Creating new point: f = 0.39790299601428
    i = 6 ; sf/Sf = 0.586886615367472 ; sf = 2088.7692711558
      k =   74 ; sb/Sb = 0 ; sb = 0
      k =   73 ; sb/Sb = 0.0875579760677173 ; sb = 256.320112359526
      k =   71 ; sb/Sb = 0.0875579760677173 ; sb = 256.320112359526
      k =  235 ; sb/Sb = 0.176717201521378 ; sb = 517.32777508229
      k =   70 ; sb/Sb = 0.265876426975038 ; sb = 778.335437805054
      k =  417 ; sb/Sb = 0.349897982335317 ; sb = 1024.30291533003
      k =   69 ; sb/Sb = 0.433919537695595 ; sb = 1270.27039285501
      k =  420 ; sb/Sb = 0.533701301801755 ; sb = 1562.37482623458
      k =   68 ; sb/Sb = 0.633483065907915 ; sb = 1854.47925961415
      Creating new point: f = 0.533016368693702
    i = 7 ; sf/Sf = 0.676797798718839 ; sf = 2408.7692711558
      k =   74 ; sb/Sb = 0 ; sb = 0
      k =   73 ; sb/Sb = 0.0875579760677173 ; sb = 256.320112359526
      k =   71 ; sb/Sb = 0.0875579760677173 ; sb = 256.320112359526
      k =  235 ; sb/Sb = 0.176717201521378 ; sb = 517.32777508229
      k =   70 ; sb/Sb = 0.265876426975038 ; sb = 778.335437805054
      k =  417 ; sb/Sb = 0.349897982335317 ; sb = 1024.30291533003
      k =   69 ; sb/Sb = 0.433919537695595 ; sb = 1270.27039285501
      k =  420 ; sb/Sb = 0.533701301801755 ; sb = 1562.37482623458
      k =   68 ; sb/Sb = 0.633483065907915 ; sb = 1854.47925961415
      k =  431 ; sb/Sb = 0.765473644681299 ; sb = 2240.87284134138
      Creating new point: f = 0.328165337355567
    i = 8 ; sf/Sf = 0.828027809417213 ; sf = 2947.00713678772
      k =   74 ; sb/Sb = 0 ; sb = 0
      k =   73 ; sb/Sb = 0.0875579760677173 ; sb = 256.320112359526
      k =   71 ; sb/Sb = 0.0875579760677173 ; sb = 256.320112359526
      k =  235 ; sb/Sb = 0.176717201521378 ; sb = 517.32777508229
      k =   70 ; sb/Sb = 0.265876426975038 ; sb = 778.335437805054
      k =  417 ; sb/Sb = 0.349897982335317 ; sb = 1024.30291533003
      k =   69 ; sb/Sb = 0.433919537695595 ; sb = 1270.27039285501
      k =  420 ; sb/Sb = 0.533701301801755 ; sb = 1562.37482623458
      k =   68 ; sb/Sb = 0.633483065907915 ; sb = 1854.47925961415
      k =  431 ; sb/Sb = 0.765473644681299 ; sb = 2240.87284134138
      k =   67 ; sb/Sb = 0.897464223454683 ; sb = 2627.26642306861
      Creating new point: f = 0.473929013095051
    i = 9 ; sf/Sf = 0.923929596025047 ; sf = 3288.32810010524
      k =   74 ; sb/Sb = 0 ; sb = 0
      k =   73 ; sb/Sb = 0.0875579760677173 ; sb = 256.320112359526
      k =   71 ; sb/Sb = 0.0875579760677173 ; sb = 256.320112359526
      k =  235 ; sb/Sb = 0.176717201521378 ; sb = 517.32777508229
      k =   70 ; sb/Sb = 0.265876426975038 ; sb = 778.335437805054
      k =  417 ; sb/Sb = 0.349897982335317 ; sb = 1024.30291533003
      k =   69 ; sb/Sb = 0.433919537695595 ; sb = 1270.27039285501
      k =  420 ; sb/Sb = 0.533701301801755 ; sb = 1562.37482623458
      k =   68 ; sb/Sb = 0.633483065907915 ; sb = 1854.47925961415
      k =  431 ; sb/Sb = 0.765473644681299 ; sb = 2240.87284134138
      k =   67 ; sb/Sb = 0.897464223454683 ; sb = 2627.26642306861
      k =   66 ; sb/Sb = 1 ; sb = 2927.43304346469
      Creating new point: f = 0.258108666672723
Tear 3 : Sf = 174.64249196573 ; Sb = 292.061637330205
  Backwards path
Tear 4 : Sf = 1427.71566661582 ; Sb = 1724.13905513935
  Backwards path
    i = 56 ; sf/Sf = 0.147753671147501 ; sf = 210.95023109729
      k =   55 ; sb/Sb = 0 ; sb = 0
      k =  270 ; sb/Sb = 0.235346951915473 ; sb = 405.77087130547
      Creating new point: f = 0.627812129899896
    i = 57 ; sf/Sf = 0.492100906123641 ; sf = 702.580173228564
      k =   55 ; sb/Sb = 0 ; sb = 0
      k =  270 ; sb/Sb = 0.235346951915473 ; sb = 405.77087130547
      k =   54 ; sb/Sb = 0.470693903830945 ; sb = 811.541742610939
      k =   53 ; sb/Sb = 0.702693752571492 ; sb = 1211.54174261094
      Creating new point: f = 0.092271621765735
    i = 58 ; sf/Sf = 0.58736826801353 ; sf = 838.594878315919
      k =   55 ; sb/Sb = 0 ; sb = 0
      k =  270 ; sb/Sb = 0.235346951915473 ; sb = 405.77087130547
      k =   54 ; sb/Sb = 0.470693903830945 ; sb = 811.541742610939
      k =   53 ; sb/Sb = 0.702693752571492 ; sb = 1211.54174261094
      Creating new point: f = 0.502907070051868
    i = 59 ; sf/Sf = 0.607179125251306 ; sf = 866.87914956338
      k =   55 ; sb/Sb = 0 ; sb = 0
      k =  270 ; sb/Sb = 0.235346951915473 ; sb = 405.77087130547
      k =   54 ; sb/Sb = 0.470693903830945 ; sb = 811.541742610939
      k =   53 ; sb/Sb = 0.702693752571492 ; sb = 1211.54174261094
      Creating new point: f = 0.588298751750466
    i = 60 ; sf/Sf = 0.658170439975315 ; sf = 939.680248456186
      k =   55 ; sb/Sb = 0 ; sb = 0
      k =  270 ; sb/Sb = 0.235346951915473 ; sb = 405.77087130547
      k =   54 ; sb/Sb = 0.470693903830945 ; sb = 811.541742610939
      k =   53 ; sb/Sb = 0.702693752571492 ; sb = 1211.54174261094
      Creating new point: f = 0.80808904472188
    i = 61 ; sf/Sf = 0.787321428128949 ; sf = 1124.07113760204
      k =   55 ; sb/Sb = 0 ; sb = 0
      k =  270 ; sb/Sb = 0.235346951915473 ; sb = 405.77087130547
      k =   54 ; sb/Sb = 0.470693903830945 ; sb = 811.541742610939
      k =   53 ; sb/Sb = 0.702693752571492 ; sb = 1211.54174261094
      k =   52 ; sb/Sb = 0.853270412233065 ; sb = 1471.15684232588
      Creating new point: f = 0.562023860455269
Tear 5 : Sf = 1556.28185846252 ; Sb = 1754.37891765293
  Backwards path
    i = 40 ; sf/Sf = 0.241963501423365 ; sf = 376.563407675255
      k =   39 ; sb/Sb = 0 ; sb = 0
      k =   38 ; sb/Sb = 0.0586853275389381 ; sb = 102.95630140987
      k =   37 ; sb/Sb = 0.131234774715297 ; sb = 230.235522023449
      k =   36 ; sb/Sb = 0.304312851497025 ; sb = 533.880051037228
      Creating new point: f = 0.639761711979909
    i = 41 ; sf/Sf = 0.431817114666521 ; sf = 672.029141729138
      k =   39 ; sb/Sb = 0 ; sb = 0
      k =   38 ; sb/Sb = 0.0586853275389381 ; sb = 102.95630140987
      k =   37 ; sb/Sb = 0.131234774715297 ; sb = 230.235522023449
      k =   36 ; sb/Sb = 0.304312851497025 ; sb = 533.880051037228
      k =   35 ; sb/Sb = 0.355295406177773 ; sb = 623.32277013722
      k =   34 ; sb/Sb = 0.537160976642862 ; sb = 942.383892808096
      Creating new point: f = 0.420759730899353
    i = 42 ; sf/Sf = 0.736473228896105 ; sf = 1146.15992537433
      k =   39 ; sb/Sb = 0 ; sb = 0
      k =   38 ; sb/Sb = 0.0586853275389381 ; sb = 102.95630140987
      k =   37 ; sb/Sb = 0.131234774715297 ; sb = 230.235522023449
      k =   36 ; sb/Sb = 0.304312851497025 ; sb = 533.880051037228
      k =   35 ; sb/Sb = 0.355295406177773 ; sb = 623.32277013722
      k =   34 ; sb/Sb = 0.537160976642862 ; sb = 942.383892808096
      k =   33 ; sb/Sb = 0.770861915405004 ; sb = 1352.3838928081
      Creating new point: f = 0.852851739958568
Triangulating...
[1] "Non-adjacent points in rim connected by line: 453 59"
[1] "In triangle: 479" "In triangle: 482"
[1] "Other points in triangles: 75 60"
[1] "Non-adjacent points in rim connected by line: 464 72"
[1] "In triangle: 84"  "In triangle: 166"
[1] "Other points in triangles: 73 437"
Merging points...
Projecting to sphere...
Optimising mapping with FIRE...
E =  0.00764 | E_L =  0.00764 | E_A =  0.00000 |   0 flippped triangles
E =  0.00639 | E_L =  0.00639 | E_A =  0.00000 |  21 flippped triangles
        phi0    phi0.1    phi0.2    phi0.3    phi0.4    phi0.5    phi0.6
id     15.00    39.000   42.0000     53.00     57.00    58.000     61.00
A   12606.14  1366.245  779.7097  17662.06  29833.10  2019.422  20641.32
a  -10512.52 -1279.305 -752.1196 -13372.30 -25301.84 -1930.560 -13968.15
      phi0.7    phi0.8    phi0.9   phi0.10   phi0.11   phi0.12   phi0.13
id    80.000    89.000    169.00    170.00    181.00    187.00    427.00
A   1899.382 24683.259  22075.29  33593.28  50216.98  40314.30  14408.19
a  -1701.120 -4454.481 -14359.93 -22985.58 -27190.54 -17050.94 -13787.26
     phi0.14   phi0.15   phi0.16   phi0.17   phi0.18   phi0.19   phi0.20
id   482.000    491.00   804.000    813.00    818.00    819.00  883.0000
A   1588.080  28650.72  9825.642  12243.66  21582.60  24184.26 1052.1075
a  -1704.352 -15327.95 -7939.358 -13116.95 -18053.01 -16862.57 -999.2417
E =  0.00578 | E_L =  0.00578 | E_A =  0.00000 |  25 flippped triangles
        phi0    phi0.1    phi0.2    phi0.3    phi0.4    phi0.5    phi0.6
id    39.000   42.0000     53.00     57.00   58.0000     61.00    67.000
A   1366.245  779.7097  17662.06  29833.10 2019.4218  20641.32 11258.562
a  -1281.338 -627.5439 -13560.63 -23898.13 -675.1461 -13657.94 -7330.246
      phi0.7    phi0.8    phi0.9   phi0.10   phi0.11   phi0.12   phi0.13
id    80.000  83.00000  93.00000    181.00    187.00    427.00   478.000
A   1899.382  28.10019  41.53439  50216.98  40314.30  14408.19  1258.172
a  -1949.859 -31.74059 -36.98038 -16853.37 -11416.41 -14921.84 -1321.589
     phi0.14  phi0.15   phi0.16   phi0.17    phi0.18   phi0.19   phi0.20
id   482.000   491.00   661.000    779.00    804.000    807.00   812.000
A   1588.080 28650.72  1834.852  28829.42   9825.642  26539.66 13071.435
a  -1609.698 -6259.40 -1570.904 -25038.19 -10044.963 -17566.32 -2221.932
     phi0.21   phi0.22   phi0.23   phi0.24
id    813.00    818.00    819.00   883.000
A   12243.66  21582.60  24184.26  1052.107
a  -11022.70 -17985.91 -15525.92 -1042.507
E =  0.00575 | E_L =  0.00575 | E_A =  0.00000 |  25 flippped triangles
        phi0    phi0.1   phi0.2    phi0.3    phi0.4    phi0.5    phi0.6
id      8.00    38.000   39.000   42.0000    50.000     53.00     57.00
A   15099.55  6073.545 1366.245  779.7097  7746.724  17662.06  29833.10
a  -11524.57 -6062.278 -818.776 -691.2709 -6828.414 -11410.67 -22106.84
      phi0.7    phi0.8    phi0.9   phi0.10   phi0.11   phi0.12   phi0.13
id   58.0000    61.000    80.000    426.00    427.00    432.00   478.000
A  2019.4218 20641.318  1899.382  39340.96  14408.19  15001.27  1258.172
a  -844.1932 -9640.719 -1827.155 -27555.76 -14800.04 -12365.65 -1198.207
     phi0.14   phi0.15   phi0.16    phi0.17   phi0.18  phi0.19   phi0.20
id   482.000   661.000    779.00    804.000    807.00   812.00    813.00
A   1588.080  1834.852  28829.42   9825.642  26539.66 13071.44  12243.66
a  -1513.321 -1581.839 -25203.70 -10258.049 -17590.96 -3715.69 -10375.29
     phi0.21   phi0.22   phi0.23   phi0.24
id    818.00    819.00   874.000  883.0000
A   21582.60  24184.26 26043.272 1052.1075
a  -18750.72 -16094.87 -1393.901 -964.3598
E =  0.00572 | E_L =  0.00572 | E_A =  0.00000 |  24 flippped triangles
        phi0    phi0.1    phi0.2    phi0.3    phi0.4    phi0.5    phi0.6
id    38.000   39.0000   42.0000    50.000     53.00     57.00   58.0000
A   6073.545 1366.2446  779.7097  7746.724  17662.06  29833.10 2019.4218
a  -6649.138 -786.8602 -683.5376 -7107.366 -10706.65 -22161.45 -702.7527
      phi0.7    phi0.8    phi0.9   phi0.10   phi0.11   phi0.12   phi0.13
id    61.000    80.000    426.00    427.00    432.00   478.000   482.000
A  20641.318  1899.382  39340.96  14408.19  15001.27  1258.172  1588.080
a  -9339.713 -1845.510 -28017.40 -14250.82 -12736.40 -1110.334 -1490.158
     phi0.14   phi0.15    phi0.16   phi0.17   phi0.18   phi0.19   phi0.20
id   661.000    779.00    804.000    807.00   812.000    813.00    818.00
A   1834.852  28829.42   9825.642  26539.66 13071.435  12243.66  21582.60
a  -1507.333 -25406.33 -10272.318 -17718.75 -4057.313 -10192.76 -18840.67
     phi0.21   phi0.22   phi0.23
id    819.00   874.000  883.0000
A   24184.26 26043.272 1052.1075
a  -16077.36 -4477.363 -965.5452
E =  0.00572 | E_L =  0.00572 | E_A =  0.00000 |  25 flippped triangles
        phi0    phi0.1    phi0.2    phi0.3    phi0.4    phi0.5    phi0.6
id     8.000    38.000   39.0000   42.0000    50.000     53.00     57.00
A  15099.546  6073.545 1366.2446  779.7097  7746.724  17662.06  29833.10
a  -1410.199 -6644.201 -647.3767 -609.9993 -7094.848 -10351.28 -21141.92
      phi0.7    phi0.8    phi0.9   phi0.10   phi0.11   phi0.12   phi0.13
id   58.0000    61.000    80.000    426.00    427.00    432.00   478.000
A  2019.4218 20641.318  1899.382  39340.96  14408.19  15001.27  1258.172
a  -669.9195 -8834.564 -1754.520 -27259.12 -13994.98 -12249.75 -1134.716
    phi0.14   phi0.15   phi0.16    phi0.17   phi0.18  phi0.19   phi0.20
id   482.00   661.000    779.00    804.000    807.00   812.00    813.00
A   1588.08  1834.852  28829.42   9825.642  26539.66 13071.44  12243.66
a  -1483.36 -1529.350 -25245.84 -10302.216 -17712.25 -3571.86 -10445.42
     phi0.21   phi0.22   phi0.23   phi0.24
id    818.00    819.00   874.000  883.0000
A   21582.60  24184.26 26043.272 1052.1075
a  -19066.42 -16381.01 -6297.283 -963.6462
FIRE:  4  stops.  0 hits of maxmove.  0 hits of dtmax.
Frms = 9.80868905108297e-06; Ftanrms = 9.78318858595917e-06
E =  0.00746 | E_L =  0.00742 | E_A =  0.00004 |   0 flippped triangles
E =  0.00623 | E_L =  0.00623 | E_A =  0.00000 |   0 flippped triangles
E =  0.00610 | E_L =  0.00610 | E_A =  0.00000 |   0 flippped triangles
E =  0.00610 | E_L =  0.00610 | E_A =  0.00000 |   0 flippped triangles
Optimising mapping with BFGS...
E =  0.00610 | E_L =  0.00610 | E_A =  0.00000 |   0 flippped triangles
Transforming image...
Mapping optimised. Error: 0.006097848 ; 0 flipped triangles.
Inferring coordinates of datapoints
Inferring coordinates of landmarks
Mapping optimised. Error: 0.006097848 ; 0 flipped triangles. OD displacement: 8.689041 degrees.
Computing Kernel Density estimates of datapoints

[1] 0.8
Saving developmental_retina/data/C57BL6J/P2/single/GM117-3/R-CONTRA/r.mat
