[1] "Adding old segment 1"
[1] "Intersection found. Old points:"
    X     Y 
-1060  2679 
    X     Y 
-1110  2609 
    X     Y 
-1110  2629 
   X    Y 
-980 2539 
[1] "Point i+1 has been changed:"
    X     Y 
-1060  2679 
        X         Y 
-1100.441  2622.382 
    X     Y 
-1110  2629 
   X    Y 
-980 2539 
[1] "a= 0.34132520776419"
[1] "l= 146.487862198983"
[1] "New points:"
    X     Y 
-1060  2679 
        X         Y 
-1100.441  2622.382 
       X        Y 
-1021.11  2567.46 
   X    Y 
-980 2539 
[1] "Storing new segment 1"
[1] "Adding old segment 2"
[1] "Adding old segment 3"
[1] "Adding old segment 4"
[1] "Adding old segment 5"
[1] "Storing new segment 2"
Triangulating...
[1] "Non-adjacent points in rim connected by line: 38 36"
[1] "In triangle: 53" "In triangle: 62"
[1] "Other points in triangles: 37 69"
[1] "Non-adjacent points in rim connected by line: 54 1"
[1] "In triangle: 30" "In triangle: 82"
[1] "Other points in triangles: 55 56"
[1] "Non-adjacent points in rim connected by line: 56 1"
[1] "In triangle: 35"  "In triangle: 795"
[1] "Other points in triangles: 57 438"
[1] "Non-adjacent points in rim connected by line: 433 14"
[1] "In triangle: 71"  "In triangle: 787"
[1] "Other points in triangles: 434 13"
Stitching...
Tear 1 child of rim
Tear 2 child of rim
Tear 3 child of backward side of tear 2
Tear 4 child of rim
Tear 5 child of rim
Tear 1 : Sf = 1828.27239729685 ; Sb = 2289.23805745573
  Forwards path
    i = 51 ; sf/Sf = 0.12033217824941 ; sf = 220
      k =   52 ; sb/Sb = 0 ; sb = 0
      k =   58 ; sb/Sb = 0.0498537588668147 ; sb = 114.127122105133
      k =   53 ; sb/Sb = 0.0997075177336295 ; sb = 228.254244210267
      k =   56 ; sb/Sb = 0.124610463527881 ; sb = 285.263015465223
      Creating new point: f = 0.82820163872104
    i = 331 ; sf/Sf = 0.332205900971285 ; sf = 607.362878964931
      k =   52 ; sb/Sb = 0 ; sb = 0
      k =   58 ; sb/Sb = 0.0498537588668147 ; sb = 114.127122105133
      k =   53 ; sb/Sb = 0.0997075177336295 ; sb = 228.254244210267
      k =   56 ; sb/Sb = 0.124610463527881 ; sb = 285.263015465223
      k =   54 ; sb/Sb = 0.149513409322132 ; sb = 342.27178672018
      k =   55 ; sb/Sb = 0.166986471972705 ; sb = 382.27178672018
      k =    1 ; sb/Sb = 0.19169711414934 ; sb = 438.840329215104
      k =    2 ; sb/Sb = 0.24282635286088 ; sb = 555.8873283223
      k =    3 ; sb/Sb = 0.373144244803971 ; sb = 854.216006125826
      Creating new point: f = 0.68585784175696
    i = 50 ; sf/Sf = 0.54407962369316 ; sf = 994.725757929863
      k =   52 ; sb/Sb = 0 ; sb = 0
      k =   58 ; sb/Sb = 0.0498537588668147 ; sb = 114.127122105133
      k =   53 ; sb/Sb = 0.0997075177336295 ; sb = 228.254244210267
      k =   56 ; sb/Sb = 0.124610463527881 ; sb = 285.263015465223
      k =   54 ; sb/Sb = 0.149513409322132 ; sb = 342.27178672018
      k =   55 ; sb/Sb = 0.166986471972705 ; sb = 382.27178672018
      k =    1 ; sb/Sb = 0.19169711414934 ; sb = 438.840329215104
      k =    2 ; sb/Sb = 0.24282635286088 ; sb = 555.8873283223
      k =    3 ; sb/Sb = 0.373144244803971 ; sb = 854.216006125826
      k =    4 ; sb/Sb = 0.556611402634987 ; sb = 1274.21600612583
      Creating new point: f = 0.931694701711303
    i = 99 ; sf/Sf = 0.77203981184658 ; sf = 1411.49907761336
      k =   52 ; sb/Sb = 0 ; sb = 0
      k =   58 ; sb/Sb = 0.0498537588668147 ; sb = 114.127122105133
      k =   53 ; sb/Sb = 0.0997075177336295 ; sb = 228.254244210267
      k =   56 ; sb/Sb = 0.124610463527881 ; sb = 285.263015465223
      k =   54 ; sb/Sb = 0.149513409322132 ; sb = 342.27178672018
      k =   55 ; sb/Sb = 0.166986471972705 ; sb = 382.27178672018
      k =    1 ; sb/Sb = 0.19169711414934 ; sb = 438.840329215104
      k =    2 ; sb/Sb = 0.24282635286088 ; sb = 555.8873283223
      k =    3 ; sb/Sb = 0.373144244803971 ; sb = 854.216006125826
      k =    4 ; sb/Sb = 0.556611402634987 ; sb = 1274.21600612583
      k =    5 ; sb/Sb = 0.744802046752432 ; sb = 1705.02919069659
      k =    6 ; sb/Sb = 1 ; sb = 2289.23805745573
      Creating new point: f = 0.106731910454333
Tear 2 : Sf = 2979.4199758016 ; Sb = 3652.64312315035
  Forwards path
    i = 19 ; sf/Sf = 0.0604144435702026 ; sf = 180
      k =   20 ; sb/Sb = 0 ; sb = 0
      k =   21 ; sb/Sb = 0.0686622578839235 ; sb = 250.798724079689
      Creating new point: f = 0.879878486844051
    i = 191 ; sf/Sf = 0.142713682581921 ; sf = 425.203996704785
      k =   20 ; sb/Sb = 0 ; sb = 0
      k =   21 ; sb/Sb = 0.0686622578839235 ; sb = 250.798724079689
      k =   22 ; sb/Sb = 0.181309674660283 ; sb = 662.259536308509
      Creating new point: f = 0.657373482829289
    i = 18 ; sf/Sf = 0.22501292159364 ; sf = 670.407993409569
      k =   20 ; sb/Sb = 0 ; sb = 0
      k =   21 ; sb/Sb = 0.0686622578839235 ; sb = 250.798724079689
      k =   22 ; sb/Sb = 0.181309674660283 ; sb = 662.259536308509
      k =   97 ; sb/Sb = 0.26763546392507 ; sb = 977.57683681706
      Creating new point: f = 0.50625945393104
    i = 17 ; sf/Sf = 0.358129650192579 ; sf = 1067.01863371061
      k =   20 ; sb/Sb = 0 ; sb = 0
      k =   21 ; sb/Sb = 0.0686622578839235 ; sb = 250.798724079689
      k =   22 ; sb/Sb = 0.181309674660283 ; sb = 662.259536308509
      k =   97 ; sb/Sb = 0.26763546392507 ; sb = 977.57683681706
      k =   23 ; sb/Sb = 0.353961253189857 ; sb = 1292.89413732561
      k =   95 ; sb/Sb = 0.427639114328354 ; sb = 1562.01307014157
      Creating new point: f = 0.0565759773466594
    i = 299 ; sf/Sf = 0.447829847703657 ; sf = 1334.27319400846
      k =   20 ; sb/Sb = 0 ; sb = 0
      k =   21 ; sb/Sb = 0.0686622578839235 ; sb = 250.798724079689
      k =   22 ; sb/Sb = 0.181309674660283 ; sb = 662.259536308509
      k =   97 ; sb/Sb = 0.26763546392507 ; sb = 977.57683681706
      k =   23 ; sb/Sb = 0.353961253189857 ; sb = 1292.89413732561
      k =   95 ; sb/Sb = 0.427639114328354 ; sb = 1562.01307014157
      k =   24 ; sb/Sb = 0.501316975466851 ; sb = 1831.13200295753
      Creating new point: f = 0.274040709967805
    i = 16 ; sf/Sf = 0.537530045214736 ; sf = 1601.52775430632
      k =   20 ; sb/Sb = 0 ; sb = 0
      k =   21 ; sb/Sb = 0.0686622578839235 ; sb = 250.798724079689
      k =   22 ; sb/Sb = 0.181309674660283 ; sb = 662.259536308509
      k =   97 ; sb/Sb = 0.26763546392507 ; sb = 977.57683681706
      k =   23 ; sb/Sb = 0.353961253189857 ; sb = 1292.89413732561
      k =   95 ; sb/Sb = 0.427639114328354 ; sb = 1562.01307014157
      k =   24 ; sb/Sb = 0.501316975466851 ; sb = 1831.13200295753
      k =   26 ; sb/Sb = 0.501316975466851 ; sb = 1831.13200295753
      k =   27 ; sb/Sb = 0.595600346588371 ; sb = 2175.51551011198
      Creating new point: f = 0.384087557722243
    i = 94 ; sf/Sf = 0.652751424095058 ; sf = 1944.82063218176
      k =   20 ; sb/Sb = 0 ; sb = 0
      k =   21 ; sb/Sb = 0.0686622578839235 ; sb = 250.798724079689
      k =   22 ; sb/Sb = 0.181309674660283 ; sb = 662.259536308509
      k =   97 ; sb/Sb = 0.26763546392507 ; sb = 977.57683681706
      k =   23 ; sb/Sb = 0.353961253189857 ; sb = 1292.89413732561
      k =   95 ; sb/Sb = 0.427639114328354 ; sb = 1562.01307014157
      k =   24 ; sb/Sb = 0.501316975466851 ; sb = 1831.13200295753
      k =   26 ; sb/Sb = 0.501316975466851 ; sb = 1831.13200295753
      k =   27 ; sb/Sb = 0.595600346588371 ; sb = 2175.51551011198
      k =   28 ; sb/Sb = 0.655643749297108 ; sb = 2394.83263210659
      Creating new point: f = 0.951829425522743
    i = 15 ; sf/Sf = 0.767972802975381 ; sf = 2288.11351005719
      k =   20 ; sb/Sb = 0 ; sb = 0
      k =   21 ; sb/Sb = 0.0686622578839235 ; sb = 250.798724079689
      k =   22 ; sb/Sb = 0.181309674660283 ; sb = 662.259536308509
      k =   97 ; sb/Sb = 0.26763546392507 ; sb = 977.57683681706
      k =   23 ; sb/Sb = 0.353961253189857 ; sb = 1292.89413732561
      k =   95 ; sb/Sb = 0.427639114328354 ; sb = 1562.01307014157
      k =   24 ; sb/Sb = 0.501316975466851 ; sb = 1831.13200295753
      k =   26 ; sb/Sb = 0.501316975466851 ; sb = 1831.13200295753
      k =   27 ; sb/Sb = 0.595600346588371 ; sb = 2175.51551011198
      k =   28 ; sb/Sb = 0.655643749297108 ; sb = 2394.83263210659
      k =   29 ; sb/Sb = 0.691339557430588 ; sb = 2525.21668021064
      k =   62 ; sb/Sb = 0.766027789517927 ; sb = 2798.02613752472
      k =   30 ; sb/Sb = 0.840716021605266 ; sb = 3070.83559483879
      Creating new point: f = 0.0260417659261173
    i = 14 ; sf/Sf = 0.848034429323763 ; sf = 2526.65071889472
      k =   20 ; sb/Sb = 0 ; sb = 0
      k =   21 ; sb/Sb = 0.0686622578839235 ; sb = 250.798724079689
      k =   22 ; sb/Sb = 0.181309674660283 ; sb = 662.259536308509
      k =   97 ; sb/Sb = 0.26763546392507 ; sb = 977.57683681706
      k =   23 ; sb/Sb = 0.353961253189857 ; sb = 1292.89413732561
      k =   95 ; sb/Sb = 0.427639114328354 ; sb = 1562.01307014157
      k =   24 ; sb/Sb = 0.501316975466851 ; sb = 1831.13200295753
      k =   26 ; sb/Sb = 0.501316975466851 ; sb = 1831.13200295753
      k =   27 ; sb/Sb = 0.595600346588371 ; sb = 2175.51551011198
      k =   28 ; sb/Sb = 0.655643749297108 ; sb = 2394.83263210659
      k =   29 ; sb/Sb = 0.691339557430588 ; sb = 2525.21668021064
      k =   62 ; sb/Sb = 0.766027789517927 ; sb = 2798.02613752472
      k =   30 ; sb/Sb = 0.840716021605266 ; sb = 3070.83559483879
      k =   31 ; sb/Sb = 1 ; sb = 3652.64312315035
      Creating new point: f = 0.0459456612790062
Tear 3 : Sf = 278.926513619627 ; Sb = 222.036033111745
  Forwards path
Tear 4 : Sf = 1112.69592844376 ; Sb = 768.374908491942
  Forwards path
    i = 245 ; sf/Sf = 0.290384713530836 ; sf = 323.10988842807
      k =   42 ; sb/Sb = 0 ; sb = 0
      k =  255 ; sb/Sb = 0.5 ; sb = 384.187454245971
      Creating new point: f = 0.580769427061672
    i = 41 ; sf/Sf = 0.580769427061672 ; sf = 646.21977685614
      k =   42 ; sb/Sb = 0 ; sb = 0
      k =  255 ; sb/Sb = 0.5 ; sb = 384.187454245971
      k =   43 ; sb/Sb = 1 ; sb = 768.374908491942
      Creating new point: f = 0.161538854123344
Tear 5 : Sf = 603.389189402134 ; Sb = 482.594282339221
  Forwards path
    i = 34 ; sf/Sf = 0.423505510658572 ; sf = 255.538646783613
      k =   35 ; sb/Sb = 0 ; sb = 0
      k =   36 ; sb/Sb = 0.468870391258893 ; sb = 226.274169979695
      Creating new point: f = 0.903246437723401
Tear 1 : Sf = 2289.23805745573 ; Sb = 1828.27239729685
  Backwards path
    i = 58 ; sf/Sf = 0.0498537588668147 ; sf = 114.127122105133
      k =   52 ; sb/Sb = 0 ; sb = 0
      k =   51 ; sb/Sb = 0.12033217824941 ; sb = 220
      Creating new point: f = 0.414301141989502
    i = 53 ; sf/Sf = 0.0997075177336295 ; sf = 228.254244210267
      k =   52 ; sb/Sb = 0 ; sb = 0
      k =   51 ; sb/Sb = 0.12033217824941 ; sb = 220
      Creating new point: f = 0.828602283979005
    i = 56 ; sf/Sf = 0.124610463527881 ; sf = 285.263015465223
      k =   52 ; sb/Sb = 0 ; sb = 0
      k =   51 ; sb/Sb = 0.12033217824941 ; sb = 220
      k =  331 ; sb/Sb = 0.332205900971285 ; sb = 607.362878964931
      Creating new point: f = 0.0201926186197577
    i = 54 ; sf/Sf = 0.149513409322132 ; sf = 342.27178672018
      k =   52 ; sb/Sb = 0 ; sb = 0
      k =   51 ; sb/Sb = 0.12033217824941 ; sb = 220
      k =  331 ; sb/Sb = 0.332205900971285 ; sb = 607.362878964931
      Creating new point: f = 0.137729354531748
    i = 55 ; sf/Sf = 0.166986471972705 ; sf = 382.27178672018
      k =   52 ; sb/Sb = 0 ; sb = 0
      k =   51 ; sb/Sb = 0.12033217824941 ; sb = 220
      k =  331 ; sb/Sb = 0.332205900971285 ; sb = 607.362878964931
      Creating new point: f = 0.220198583967574
    i = 1 ; sf/Sf = 0.19169711414934 ; sf = 438.840329215104
      k =   52 ; sb/Sb = 0 ; sb = 0
      k =   51 ; sb/Sb = 0.12033217824941 ; sb = 220
      k =  331 ; sb/Sb = 0.332205900971285 ; sb = 607.362878964931
      Creating new point: f = 0.336827686714178
    i = 2 ; sf/Sf = 0.24282635286088 ; sf = 555.8873283223
      k =   52 ; sb/Sb = 0 ; sb = 0
      k =   51 ; sb/Sb = 0.12033217824941 ; sb = 220
      k =  331 ; sb/Sb = 0.332205900971285 ; sb = 607.362878964931
      Creating new point: f = 0.578147082317837
    i = 3 ; sf/Sf = 0.373144244803971 ; sf = 854.216006125826
      k =   52 ; sb/Sb = 0 ; sb = 0
      k =   51 ; sb/Sb = 0.12033217824941 ; sb = 220
      k =  331 ; sb/Sb = 0.332205900971285 ; sb = 607.362878964931
      k =   50 ; sb/Sb = 0.54407962369316 ; sb = 994.725757929862
      Creating new point: f = 0.19322048674448
    i = 4 ; sf/Sf = 0.556611402634987 ; sf = 1274.21600612583
      k =   52 ; sb/Sb = 0 ; sb = 0
      k =   51 ; sb/Sb = 0.12033217824941 ; sb = 220
      k =  331 ; sb/Sb = 0.332205900971285 ; sb = 607.362878964931
      k =   50 ; sb/Sb = 0.54407962369316 ; sb = 994.725757929862
      k =   99 ; sb/Sb = 0.77203981184658 ; sb = 1411.49907761336
      Creating new point: f = 0.0549735418422847
    i = 5 ; sf/Sf = 0.744802046752432 ; sf = 1705.02919069659
      k =   52 ; sb/Sb = 0 ; sb = 0
      k =   51 ; sb/Sb = 0.12033217824941 ; sb = 220
      k =  331 ; sb/Sb = 0.332205900971285 ; sb = 607.362878964931
      k =   50 ; sb/Sb = 0.54407962369316 ; sb = 994.725757929862
      k =   99 ; sb/Sb = 0.77203981184658 ; sb = 1411.49907761336
      Creating new point: f = 0.880515254374956
Tear 2 : Sf = 3652.64312315035 ; Sb = 2979.4199758016
  Backwards path
    i = 21 ; sf/Sf = 0.0686622578839235 ; sf = 250.798724079689
      k =   20 ; sb/Sb = 0 ; sb = 0
      k =   19 ; sb/Sb = 0.0604144435702026 ; sb = 180
      k =  191 ; sb/Sb = 0.142713682581921 ; sb = 425.203996704785
      Creating new point: f = 0.100217382478427
    i = 22 ; sf/Sf = 0.181309674660283 ; sf = 662.259536308509
      k =   20 ; sb/Sb = 0 ; sb = 0
      k =   19 ; sb/Sb = 0.0604144435702026 ; sb = 180
      k =  191 ; sb/Sb = 0.142713682581921 ; sb = 425.203996704785
      k =   18 ; sb/Sb = 0.22501292159364 ; sb = 670.407993409569
      Creating new point: f = 0.468971433294368
    i = 97 ; sf/Sf = 0.26763546392507 ; sf = 977.57683681706
      k =   20 ; sb/Sb = 0 ; sb = 0
      k =   19 ; sb/Sb = 0.0604144435702026 ; sb = 180
      k =  191 ; sb/Sb = 0.142713682581921 ; sb = 425.203996704785
      k =   18 ; sb/Sb = 0.22501292159364 ; sb = 670.407993409569
      k =   17 ; sb/Sb = 0.358129650192579 ; sb = 1067.01863371061
      Creating new point: f = 0.320189226253039
    i = 23 ; sf/Sf = 0.353961253189857 ; sf = 1292.89413732561
      k =   20 ; sb/Sb = 0 ; sb = 0
      k =   19 ; sb/Sb = 0.0604144435702026 ; sb = 180
      k =  191 ; sb/Sb = 0.142713682581921 ; sb = 425.203996704785
      k =   18 ; sb/Sb = 0.22501292159364 ; sb = 670.407993409569
      k =   17 ; sb/Sb = 0.358129650192579 ; sb = 1067.01863371061
      Creating new point: f = 0.968686152021655
    i = 95 ; sf/Sf = 0.427639114328354 ; sf = 1562.01307014157
      k =   20 ; sb/Sb = 0 ; sb = 0
      k =   19 ; sb/Sb = 0.0604144435702026 ; sb = 180
      k =  191 ; sb/Sb = 0.142713682581921 ; sb = 425.203996704785
      k =   18 ; sb/Sb = 0.22501292159364 ; sb = 670.407993409569
      k =   17 ; sb/Sb = 0.358129650192579 ; sb = 1067.01863371061
      k =  299 ; sb/Sb = 0.447829847703657 ; sb = 1334.27319400846
      Creating new point: f = 0.774908707722641
    i = 24 ; sf/Sf = 0.501316975466851 ; sf = 1831.13200295753
      k =   20 ; sb/Sb = 0 ; sb = 0
      k =   19 ; sb/Sb = 0.0604144435702026 ; sb = 180
      k =  191 ; sb/Sb = 0.142713682581921 ; sb = 425.203996704785
      k =   18 ; sb/Sb = 0.22501292159364 ; sb = 670.407993409569
      k =   17 ; sb/Sb = 0.358129650192579 ; sb = 1067.01863371061
      k =  299 ; sb/Sb = 0.447829847703657 ; sb = 1334.27319400846
      k =   16 ; sb/Sb = 0.537530045214736 ; sb = 1601.52775430632
    i = 26 ; sf/Sf = 0.501316975466851 ; sf = 1831.13200295753
      k =   20 ; sb/Sb = 0 ; sb = 0
      k =   19 ; sb/Sb = 0.0604144435702026 ; sb = 180
      k =  191 ; sb/Sb = 0.142713682581921 ; sb = 425.203996704785
      k =   18 ; sb/Sb = 0.22501292159364 ; sb = 670.407993409569
      k =   17 ; sb/Sb = 0.358129650192579 ; sb = 1067.01863371061
      k =  299 ; sb/Sb = 0.447829847703657 ; sb = 1334.27319400846
      k =   16 ; sb/Sb = 0.537530045214736 ; sb = 1601.52775430632
      Creating new point: f = 0.596287736786625
    i = 27 ; sf/Sf = 0.595600346588371 ; sf = 2175.51551011198
      k =   20 ; sb/Sb = 0 ; sb = 0
      k =   19 ; sb/Sb = 0.0604144435702026 ; sb = 180
      k =  191 ; sb/Sb = 0.142713682581921 ; sb = 425.203996704785
      k =   18 ; sb/Sb = 0.22501292159364 ; sb = 670.407993409569
      k =   17 ; sb/Sb = 0.358129650192579 ; sb = 1067.01863371061
      k =  299 ; sb/Sb = 0.447829847703657 ; sb = 1334.27319400846
      k =   16 ; sb/Sb = 0.537530045214736 ; sb = 1601.52775430632
      k =   94 ; sb/Sb = 0.652751424095058 ; sb = 1944.82063218176
      Creating new point: f = 0.503988946651572
    i = 28 ; sf/Sf = 0.655643749297108 ; sf = 2394.83263210659
      k =   20 ; sb/Sb = 0 ; sb = 0
      k =   19 ; sb/Sb = 0.0604144435702026 ; sb = 180
      k =  191 ; sb/Sb = 0.142713682581921 ; sb = 425.203996704785
      k =   18 ; sb/Sb = 0.22501292159364 ; sb = 670.407993409569
      k =   17 ; sb/Sb = 0.358129650192579 ; sb = 1067.01863371061
      k =  299 ; sb/Sb = 0.447829847703657 ; sb = 1334.27319400846
      k =   16 ; sb/Sb = 0.537530045214736 ; sb = 1601.52775430632
      k =   94 ; sb/Sb = 0.652751424095058 ; sb = 1944.82063218176
      k =   15 ; sb/Sb = 0.767972802975381 ; sb = 2288.11351005719
      Creating new point: f = 0.0251023310965011
    i = 29 ; sf/Sf = 0.691339557430589 ; sf = 2525.21668021064
      k =   20 ; sb/Sb = 0 ; sb = 0
      k =   19 ; sb/Sb = 0.0604144435702026 ; sb = 180
      k =  191 ; sb/Sb = 0.142713682581921 ; sb = 425.203996704785
      k =   18 ; sb/Sb = 0.22501292159364 ; sb = 670.407993409569
      k =   17 ; sb/Sb = 0.358129650192579 ; sb = 1067.01863371061
      k =  299 ; sb/Sb = 0.447829847703657 ; sb = 1334.27319400846
      k =   16 ; sb/Sb = 0.537530045214736 ; sb = 1601.52775430632
      k =   94 ; sb/Sb = 0.652751424095058 ; sb = 1944.82063218176
      k =   15 ; sb/Sb = 0.767972802975381 ; sb = 2288.11351005719
      Creating new point: f = 0.334904283480329
    i = 62 ; sf/Sf = 0.766027789517927 ; sf = 2798.02613752472
      k =   20 ; sb/Sb = 0 ; sb = 0
      k =   19 ; sb/Sb = 0.0604144435702026 ; sb = 180
      k =  191 ; sb/Sb = 0.142713682581921 ; sb = 425.203996704785
      k =   18 ; sb/Sb = 0.22501292159364 ; sb = 670.407993409569
      k =   17 ; sb/Sb = 0.358129650192579 ; sb = 1067.01863371061
      k =  299 ; sb/Sb = 0.447829847703657 ; sb = 1334.27319400846
      k =   16 ; sb/Sb = 0.537530045214736 ; sb = 1601.52775430632
      k =   94 ; sb/Sb = 0.652751424095058 ; sb = 1944.82063218176
      k =   15 ; sb/Sb = 0.767972802975381 ; sb = 2288.11351005719
      Creating new point: f = 0.983119335349439
    i = 30 ; sf/Sf = 0.840716021605266 ; sf = 3070.83559483879
      k =   20 ; sb/Sb = 0 ; sb = 0
      k =   19 ; sb/Sb = 0.0604144435702026 ; sb = 180
      k =  191 ; sb/Sb = 0.142713682581921 ; sb = 425.203996704785
      k =   18 ; sb/Sb = 0.22501292159364 ; sb = 670.407993409569
      k =   17 ; sb/Sb = 0.358129650192579 ; sb = 1067.01863371061
      k =  299 ; sb/Sb = 0.447829847703657 ; sb = 1334.27319400846
      k =   16 ; sb/Sb = 0.537530045214736 ; sb = 1601.52775430632
      k =   94 ; sb/Sb = 0.652751424095058 ; sb = 1944.82063218176
      k =   15 ; sb/Sb = 0.767972802975381 ; sb = 2288.11351005719
      k =   14 ; sb/Sb = 0.848034429323763 ; sb = 2526.65071889473
      Creating new point: f = 0.90859031907931
Tear 3 : Sf = 222.036033111745 ; Sb = 278.926513619627
  Backwards path
Tear 4 : Sf = 768.374908491942 ; Sb = 1112.69592844376
  Backwards path
    i = 255 ; sf/Sf = 0.5 ; sf = 384.187454245971
      k =   42 ; sb/Sb = 0 ; sb = 0
      k =  245 ; sb/Sb = 0.290384713530836 ; sb = 323.10988842807
      k =   41 ; sb/Sb = 0.580769427061672 ; sb = 646.21977685614
      Creating new point: f = 0.721853722671613
Tear 5 : Sf = 482.594282339221 ; Sb = 603.389189402134
  Backwards path
    i = 36 ; sf/Sf = 0.468870391258893 ; sf = 226.274169979695
      k =   35 ; sb/Sb = 0 ; sb = 0
      k =   34 ; sb/Sb = 0.423505510658572 ; sb = 255.538646783613
      k =   33 ; sb/Sb = 1 ; sb = 603.389189402134
      Creating new point: f = 0.0786909180209936
Triangulating...
Merging points...
Projecting to sphere...
Optimising mapping with FIRE...
E =  0.00724 | E_L =  0.00724 | E_A =  0.00000 |   0 flippped triangles
E =  0.00672 | E_L =  0.00672 | E_A =  0.00000 |  64 flippped triangles
        phi0    phi0.1    phi0.2    phi0.3    phi0.4    phi0.5    phi0.6
id    140.00   165.000   255.000  293.0000   294.000   297.000   302.000
A   32029.79  9512.210  5560.762  479.6750  1943.926  6891.065  4440.104
a  -26369.83 -6593.001 -1378.210 -527.6149 -2085.051 -7786.856 -4073.768
      phi0.7    phi0.8    phi0.9   phi0.10   phi0.11   phi0.12   phi0.13
id   303.000  308.0000   310.000   311.000   313.000  314.0000  316.0000
A   1552.051  880.3774 10472.878  6035.850  5055.506  871.8517  512.3698
a  -1405.550 -928.7670 -9348.408 -7361.612 -6738.619 -847.6312 -514.2866
     phi0.14   phi0.15   phi0.16   phi0.17   phi0.18   phi0.19   phi0.20
id    317.00  320.0000   322.000   324.000  326.0000   333.000    461.00
A   24025.74  450.0000  1325.561  4162.190  605.5513  2970.509  28143.94
a  -25113.49 -543.7316 -1164.672 -3202.474 -422.1314 -2737.024 -19811.03
     phi0.21   phi0.22   phi0.23   phi0.24   phi0.25   phi0.26   phi0.27
id    504.00   590.000  610.0000    656.00   658.000    660.00    663.00
A   18783.48  9608.567 1009.2051  40107.60 47947.421  42262.79  37982.67
a  -14881.44 -9528.718 -631.9283 -38211.26 -3927.139 -39222.02 -20170.45
     phi0.28   phi0.29   phi0.30   phi0.31   phi0.32   phi0.33   phi0.34
id    664.00 670.00000   675.000   677.000  696.0000    697.00    699.00
A   36567.89  67.98366  1067.579  1589.060 2542.5790  38146.23  30149.36
a  -27535.32 -43.18547 -1108.818 -1889.125 -251.5064 -18006.51 -28311.43
     phi0.35   phi0.36   phi0.37   phi0.38   phi0.39   phi0.40   phi0.41
id   734.000   826.000   828.000   831.000    833.00   835.000    836.00
A   4622.961  1163.335 52765.534  2041.389  31596.34  3987.461  14978.57
a  -4812.758 -1487.066 -3293.474 -2064.986 -25192.48 -3774.298 -15800.49
     phi0.42   phi0.43   phi0.44   phi0.45   phi0.46   phi0.47   phi0.48
id  839.0000    841.00   850.000  857.0000    859.00   861.000    862.00
A   207.7526  15280.04  4358.649  312.2464  38049.91  1826.888  18013.81
a  -197.5600 -16474.27 -2882.913 -209.3236 -44845.60 -1672.065 -14015.27
     phi0.49   phi0.50   phi0.51   phi0.52   phi0.53    phi0.54   phi0.55
id  863.0000    865.00  866.0000   872.000    873.00   898.0000  908.0000
A   469.1608  17568.36  644.8459  4509.860  48457.39   526.0655  100.0236
a  -227.1662 -15389.09 -548.1676 -3687.139 -38328.83 -1027.0410 -115.2848
     phi0.56   phi0.57   phi0.58   phi0.59   phi0.60  phi0.61    phi0.62
id   909.000  912.0000   915.000   922.000 927.00000  932.000   933.0000
A  10254.433 1469.7324  1736.933  6187.696  45.23280 6664.171   813.3661
a  -9009.417 -765.8828 -1527.604 -6727.755 -29.35788 -180.870 -1011.0715
     phi0.63
id    934.00
A   34172.73
a  -26209.54
FIRE:  6  stops.  1 hits of maxmove.  0 hits of dtmax.
Frms = 9.61796933557306e-06; Ftanrms = 9.61696823029292e-06
E =  0.01113 | E_L =  0.01108 | E_A =  0.00005 |   0 flippped triangles
E =  0.00897 | E_L =  0.00893 | E_A =  0.00004 |   0 flippped triangles
E =  0.00817 | E_L =  0.00817 | E_A =  0.00000 |   0 flippped triangles
E =  0.00786 | E_L =  0.00786 | E_A =  0.00000 |   0 flippped triangles
E =  0.00762 | E_L =  0.00761 | E_A =  0.00000 |   0 flippped triangles
E =  0.00740 | E_L =  0.00740 | E_A =  0.00000 |   0 flippped triangles
E =  0.00724 | E_L =  0.00724 | E_A =  0.00000 |   0 flippped triangles
E =  0.00711 | E_L =  0.00711 | E_A =  0.00000 |   0 flippped triangles
E =  0.00702 | E_L =  0.00702 | E_A =  0.00000 |   0 flippped triangles
E =  0.00692 | E_L =  0.00692 | E_A =  0.00000 |   0 flippped triangles
E =  0.00687 | E_L =  0.00687 | E_A =  0.00000 |   0 flippped triangles
E =  0.00681 | E_L =  0.00681 | E_A =  0.00000 |   0 flippped triangles
E =  0.00681 | E_L =  0.00681 | E_A =  0.00000 |   0 flippped triangles
E =  0.00679 | E_L =  0.00679 | E_A =  0.00000 |   0 flippped triangles
E =  0.00679 | E_L =  0.00679 | E_A =  0.00000 |   0 flippped triangles
Optimising mapping with BFGS...
E =  0.00679 | E_L =  0.00679 | E_A =  0.00000 |   0 flippped triangles
Transforming image...
Mapping optimised. Error: 0.006788287 ; 0 flipped triangles.
Inferring coordinates of datapoints
Inferring coordinates of landmarks
Mapping optimised. Error: 0.006788287 ; 0 flipped triangles. OD displacement: 11.73284 degrees.
Computing Kernel Density estimates of datapoints

[1] 0.7
Saving developmental_retina/data/C57BL6J/P8/AP/GM257-1/R-CONTRA/r.mat
