[1] "Adding old segment 1"
[1] "Adding old segment 2"
[1] "Adding old segment 4"
[1] "Adding old segment 5"
[1] "Adding old segment 6"
[1] "Adding old segment 7"
[1] "Intersection found. Old points:"
    X     Y 
  120 -3511 
    X     Y 
 -110 -3441 
    X     Y 
  -80 -3441 
    X     Y 
 -350 -3441 
[1] "Point i+1 has been changed:"
    X     Y 
  120 -3511 
    X     Y 
 -110 -3441 
    X     Y 
  -80 -3441 
    X     Y 
 -350 -3441 
[1] "a= 0.208333333333328"
[1] "l= 240.000000000006"
[1] "New points:"
    X     Y 
  120 -3511 
    X     Y 
 -110 -3441 
    X     Y 
 -300 -3441 
    X     Y 
 -350 -3441 
[1] "Storing new segment 1"
[1] "Adding old segment 3"
[1] "Storing new segment 2"
simplify.outline: Removing vertex 55
simplify.outline: Removing vertex 94
simplify.outline: Removing vertex 105
simplify.outline: Removing vertex 123
Triangulating...
[1] "Non-adjacent points in rim connected by line: 11 9"
[1] "In triangle: 218" "In triangle: 223"
[1] "Other points in triangles: 10 12"
[1] "Non-adjacent points in rim connected by line: 12 9"
[1] "In triangle: 224" "In triangle: 843"
[1] "Other points in triangles: 13 492"
[1] "Non-adjacent points in rim connected by line: 13 9"
[1] "In triangle: 222" "In triangle: 844"
[1] "Other points in triangles: 176 493"
[1] "Non-adjacent points in rim connected by line: 43 41"
[1] "In triangle: 160" "In triangle: 182"
[1] "Other points in triangles: 447 42"
[1] "Non-adjacent points in rim connected by line: 103 101"
[1] "In triangle: 15"  "In triangle: 277"
[1] "Other points in triangles: 102 209"
[1] "Non-adjacent points in rim connected by line: 124 122"
[1] "In triangle: 84" "In triangle: 94"
[1] "Other points in triangles: 123 194"
[1] "Non-adjacent points in rim connected by line: 141 38"
[1] "In triangle: 157" "In triangle: 181"
[1] "Other points in triangles: 145 39"
Stitching...
Tear 1 child of rim
Tear 2 child of rim
Tear 3 child of rim
Tear 4 child of rim
Tear 1 : Sf = 1370.30969256062 ; Sb = 1504.79836961429
  Forwards path
    i = 3 ; sf/Sf = 0.0775747691959379 ; sf = 106.301458127346
      k =    4 ; sb/Sb = 0 ; sb = 0
      k =    5 ; sb/Sb = 0.113167230306685 ; sb = 170.293863659264
      Creating new point: f = 0.68548791894711
    i = 2 ; sf/Sf = 0.228019068320505 ; sf = 312.45673940823
      k =    4 ; sb/Sb = 0 ; sb = 0
      k =    5 ; sb/Sb = 0.113167230306685 ; sb = 170.293863659264
      k =    6 ; sb/Sb = 0.302298874227927 ; sb = 454.898853074418
      Creating new point: f = 0.607258709503136
    i = 1 ; sf/Sf = 0.346815721985564 ; sf = 475.244945369227
      k =    4 ; sb/Sb = 0 ; sb = 0
      k =    5 ; sb/Sb = 0.113167230306685 ; sb = 170.293863659264
      k =    6 ; sb/Sb = 0.302298874227927 ; sb = 454.898853074418
      k =    7 ; sb/Sb = 0.477742695127701 ; sb = 718.9064287233
      Creating new point: f = 0.253738476107792
    i = 136 ; sf/Sf = 0.383303824106894 ; sf = 525.244945369227
      k =    4 ; sb/Sb = 0 ; sb = 0
      k =    5 ; sb/Sb = 0.113167230306685 ; sb = 170.293863659264
      k =    6 ; sb/Sb = 0.302298874227927 ; sb = 454.898853074418
      k =    7 ; sb/Sb = 0.477742695127701 ; sb = 718.9064287233
      Creating new point: f = 0.461714464855634
    i = 135 ; sf/Sf = 0.597933279764812 ; sf = 819.353768766281
      k =    4 ; sb/Sb = 0 ; sb = 0
      k =    5 ; sb/Sb = 0.113167230306685 ; sb = 170.293863659264
      k =    6 ; sb/Sb = 0.302298874227927 ; sb = 454.898853074418
      k =    7 ; sb/Sb = 0.477742695127701 ; sb = 718.9064287233
      k =    8 ; sb/Sb = 0.643877909684108 ; sb = 968.9064287233
      Creating new point: f = 0.723450383219649
    i = 134 ; sf/Sf = 0.796450017734011 ; sf = 1091.38317894099
      k =    4 ; sb/Sb = 0 ; sb = 0
      k =    5 ; sb/Sb = 0.113167230306685 ; sb = 170.293863659264
      k =    6 ; sb/Sb = 0.302298874227927 ; sb = 454.898853074418
      k =    7 ; sb/Sb = 0.477742695127701 ; sb = 718.9064287233
      k =    8 ; sb/Sb = 0.643877909684108 ; sb = 968.9064287233
      k =    9 ; sb/Sb = 0.780876517234251 ; sb = 1175.06171000418
      k =   10 ; sb/Sb = 0.906964279848413 ; sb = 1364.79836961429
      Creating new point: f = 0.123513179842961
Tear 2 : Sf = 2438.77622954847 ; Sb = 2642.1812502048
  Forwards path
    i = 111 ; sf/Sf = 0.0422163789208868 ; sf = 102.95630140987
      k =  112 ; sb/Sb = 0 ; sb = 0
      k =  113 ; sb/Sb = 0.0136461163486968 ; sb = 36.0555127546399
      k =  114 ; sb/Sb = 0.11385273384587 ; sb = 300.819558652114
      Creating new point: f = 0.285113531279469
    i = 110 ; sf/Sf = 0.149847448876301 ; sf = 365.444396378004
      k =  112 ; sb/Sb = 0 ; sb = 0
      k =  113 ; sb/Sb = 0.0136461163486968 ; sb = 36.0555127546399
      k =  114 ; sb/Sb = 0.11385273384587 ; sb = 300.819558652114
      k =  115 ; sb/Sb = 0.211158398483268 ; sb = 557.918761295763
      Creating new point: f = 0.369913870529155
    i = 109 ; sf/Sf = 0.325926830768252 ; sf = 794.862607449681
      k =  112 ; sb/Sb = 0 ; sb = 0
      k =  113 ; sb/Sb = 0.0136461163486968 ; sb = 36.0555127546399
      k =  114 ; sb/Sb = 0.11385273384587 ; sb = 300.819558652114
      k =  115 ; sb/Sb = 0.211158398483268 ; sb = 557.918761295763
      k =  116 ; sb/Sb = 0.348925440178765 ; sb = 921.924255759789
      Creating new point: f = 0.833061600746675
    i = 108 ; sf/Sf = 0.489224369185105 ; sf = 1193.10876248448
      k =  112 ; sb/Sb = 0 ; sb = 0
      k =  113 ; sb/Sb = 0.0136461163486968 ; sb = 36.0555127546399
      k =  114 ; sb/Sb = 0.11385273384587 ; sb = 300.819558652114
      k =  115 ; sb/Sb = 0.211158398483268 ; sb = 557.918761295763
      k =  116 ; sb/Sb = 0.348925440178765 ; sb = 921.924255759789
      k =  117 ; sb/Sb = 0.443544232882945 ; sb = 1171.92425575979
      k =  118 ; sb/Sb = 0.558652962267554 ; sb = 1476.0623822747
      Creating new point: f = 0.396843371883033
    i = 107 ; sf/Sf = 0.677039591456955 ; sf = 1651.14806210843
      k =  112 ; sb/Sb = 0 ; sb = 0
      k =  113 ; sb/Sb = 0.0136461163486968 ; sb = 36.0555127546399
      k =  114 ; sb/Sb = 0.11385273384587 ; sb = 300.819558652114
      k =  115 ; sb/Sb = 0.211158398483268 ; sb = 557.918761295763
      k =  116 ; sb/Sb = 0.348925440178765 ; sb = 921.924255759789
      k =  117 ; sb/Sb = 0.443544232882945 ; sb = 1171.92425575979
      k =  118 ; sb/Sb = 0.558652962267554 ; sb = 1476.0623822747
      k =  119 ; sb/Sb = 0.682223801444837 ; sb = 1802.55893662099
      Creating new point: f = 0.958046655486057
    i = 391 ; sf/Sf = 0.783354324275754 ; sf = 1910.42590535771
      k =  112 ; sb/Sb = 0 ; sb = 0
      k =  113 ; sb/Sb = 0.0136461163486968 ; sb = 36.0555127546399
      k =  114 ; sb/Sb = 0.11385273384587 ; sb = 300.819558652114
      k =  115 ; sb/Sb = 0.211158398483268 ; sb = 557.918761295763
      k =  116 ; sb/Sb = 0.348925440178765 ; sb = 921.924255759789
      k =  117 ; sb/Sb = 0.443544232882945 ; sb = 1171.92425575979
      k =  118 ; sb/Sb = 0.558652962267554 ; sb = 1476.0623822747
      k =  119 ; sb/Sb = 0.682223801444837 ; sb = 1802.55893662099
      k =  120 ; sb/Sb = 0.760248456742388 ; sb = 2008.71421790187
      k =  121 ; sb/Sb = 0.841774503552645 ; sb = 2224.12081018725
      Creating new point: f = 0.283416999074445
    i = 106 ; sf/Sf = 0.889669057094553 ; sf = 2169.703748607
      k =  112 ; sb/Sb = 0 ; sb = 0
      k =  113 ; sb/Sb = 0.0136461163486968 ; sb = 36.0555127546399
      k =  114 ; sb/Sb = 0.11385273384587 ; sb = 300.819558652114
      k =  115 ; sb/Sb = 0.211158398483268 ; sb = 557.918761295763
      k =  116 ; sb/Sb = 0.348925440178765 ; sb = 921.924255759789
      k =  117 ; sb/Sb = 0.443544232882945 ; sb = 1171.92425575979
      k =  118 ; sb/Sb = 0.558652962267554 ; sb = 1476.0623822747
      k =  119 ; sb/Sb = 0.682223801444837 ; sb = 1802.55893662099
      k =  120 ; sb/Sb = 0.760248456742388 ; sb = 2008.71421790187
      k =  121 ; sb/Sb = 0.841774503552645 ; sb = 2224.12081018725
      k =  122 ; sb/Sb = 0.950219363501477 ; sb = 2510.65178582514
      Creating new point: f = 0.441648904009889
Tear 3 : Sf = 1125.93010731343 ; Sb = 930.744558890779
  Forwards path
    i = 84 ; sf/Sf = 0.119158443120519 ; sf = 134.164078649987
      k =   85 ; sb/Sb = 0 ; sb = 0
      k =   86 ; sb/Sb = 0.140085748402805 ; sb = 130.384048104053
      Creating new point: f = 0.850610747196704
    i = 83 ; sf/Sf = 0.235976941467188 ; sf = 265.693543029646
      k =   85 ; sb/Sb = 0 ; sb = 0
      k =   86 ; sb/Sb = 0.140085748402805 ; sb = 130.384048104053
      k =   87 ; sb/Sb = 0.323050947643091 ; sb = 300.677911763317
      Creating new point: f = 0.524095256707538
    i = 82 ; sf/Sf = 0.467579324700657 ; sf = 526.461639237752
      k =   85 ; sb/Sb = 0 ; sb = 0
      k =   86 ; sb/Sb = 0.140085748402805 ; sb = 130.384048104053
      k =   87 ; sb/Sb = 0.323050947643091 ; sb = 300.677911763317
      k =   88 ; sb/Sb = 0.505384140852428 ; sb = 470.383539248088
      Creating new point: f = 0.792660812404206
    i = 81 ; sf/Sf = 0.797274943864054 ; sf = 897.675863103164
      k =   85 ; sb/Sb = 0 ; sb = 0
      k =   86 ; sb/Sb = 0.140085748402805 ; sb = 130.384048104053
      k =   87 ; sb/Sb = 0.323050947643091 ; sb = 300.677911763317
      k =   88 ; sb/Sb = 0.505384140852428 ; sb = 470.383539248088
      k =   89 ; sb/Sb = 0.566161871922207 ; sb = 526.952081743012
      k =   90 ; sb/Sb = 0.71886403136851 ; sb = 669.078785778531
      k =   91 ; sb/Sb = 0.841365464678843 ; sb = 783.096328288445
      Creating new point: f = 0.640081592326401
Tear 4 : Sf = 3278.24306503338 ; Sb = 3056.69211477338
  Forwards path
    i = 44 ; sf/Sf = 0.0222073523678952 ; sf = 72.8010988928052
      k =   45 ; sb/Sb = 0 ; sb = 0
      k =   46 ; sb/Sb = 0.0130860415436265 ; sb = 40
      k =   47 ; sb/Sb = 0.0432478769889881 ; sb = 132.195444572929
      Creating new point: f = 0.302412326358323
    i = 43 ; sf/Sf = 0.0814356873441789 ; sf = 266.965977282281
      k =   45 ; sb/Sb = 0 ; sb = 0
      k =   46 ; sb/Sb = 0.0130860415436265 ; sb = 40
      k =   47 ; sb/Sb = 0.0432478769889881 ; sb = 132.195444572929
      k =   48 ; sb/Sb = 0.0578785162129557 ; sb = 176.916804122925
      k =   49 ; sb/Sb = 0.115012988841606 ; sb = 351.559296088654
      Creating new point: f = 0.412310992775498
    i = 42 ; sf/Sf = 0.164695798283007 ; sf = 539.912858561405
      k =   45 ; sb/Sb = 0 ; sb = 0
      k =   46 ; sb/Sb = 0.0130860415436265 ; sb = 40
      k =   47 ; sb/Sb = 0.0432478769889881 ; sb = 132.195444572929
      k =   48 ; sb/Sb = 0.0578785162129557 ; sb = 176.916804122925
      k =   49 ; sb/Sb = 0.115012988841606 ; sb = 351.559296088654
      k =   50 ; sb/Sb = 0.195481504573427 ; sb = 597.526773613631
      Creating new point: f = 0.617419235207219
    i = 41 ; sf/Sf = 0.215004522118598 ; sf = 704.837083586111
      k =   45 ; sb/Sb = 0 ; sb = 0
      k =   46 ; sb/Sb = 0.0130860415436265 ; sb = 40
      k =   47 ; sb/Sb = 0.0432478769889881 ; sb = 132.195444572929
      k =   48 ; sb/Sb = 0.0578785162129557 ; sb = 176.916804122925
      k =   49 ; sb/Sb = 0.115012988841606 ; sb = 351.559296088654
      k =   50 ; sb/Sb = 0.195481504573427 ; sb = 597.526773613631
      k =   51 ; sb/Sb = 0.268120823410486 ; sb = 819.562806725377
      Creating new point: f = 0.268766528344852
    i = 40 ; sf/Sf = 0.267130027005348 ; sf = 875.717158492462
      k =   45 ; sb/Sb = 0 ; sb = 0
      k =   46 ; sb/Sb = 0.0130860415436265 ; sb = 40
      k =   47 ; sb/Sb = 0.0432478769889881 ; sb = 132.195444572929
      k =   48 ; sb/Sb = 0.0578785162129557 ; sb = 176.916804122925
      k =   49 ; sb/Sb = 0.115012988841606 ; sb = 351.559296088654
      k =   50 ; sb/Sb = 0.195481504573427 ; sb = 597.526773613631
      k =   51 ; sb/Sb = 0.268120823410486 ; sb = 819.562806725377
      Creating new point: f = 0.986360053742242
    i = 140 ; sf/Sf = 0.294985533806728 ; sf = 967.034280487075
      k =   45 ; sb/Sb = 0 ; sb = 0
      k =   46 ; sb/Sb = 0.0130860415436265 ; sb = 40
      k =   47 ; sb/Sb = 0.0432478769889881 ; sb = 132.195444572929
      k =   48 ; sb/Sb = 0.0578785162129557 ; sb = 176.916804122925
      k =   49 ; sb/Sb = 0.115012988841606 ; sb = 351.559296088654
      k =   50 ; sb/Sb = 0.195481504573427 ; sb = 597.526773613631
      k =   51 ; sb/Sb = 0.268120823410486 ; sb = 819.562806725377
      k =   52 ; sb/Sb = 0.336196544697932 ; sb = 1027.64932719222
      Creating new point: f = 0.394629831137698
    i = 141 ; sf/Sf = 0.31450818625512 ; sf = 1031.03428048707
      k =   45 ; sb/Sb = 0 ; sb = 0
      k =   46 ; sb/Sb = 0.0130860415436265 ; sb = 40
      k =   47 ; sb/Sb = 0.0432478769889881 ; sb = 132.195444572929
      k =   48 ; sb/Sb = 0.0578785162129557 ; sb = 176.916804122925
      k =   49 ; sb/Sb = 0.115012988841606 ; sb = 351.559296088654
      k =   50 ; sb/Sb = 0.195481504573427 ; sb = 597.526773613631
      k =   51 ; sb/Sb = 0.268120823410486 ; sb = 819.562806725377
      k =   52 ; sb/Sb = 0.336196544697932 ; sb = 1027.64932719222
      Creating new point: f = 0.681408319550021
    i = 39 ; sf/Sf = 0.334030838703513 ; sf = 1095.03428048707
      k =   45 ; sb/Sb = 0 ; sb = 0
      k =   46 ; sb/Sb = 0.0130860415436265 ; sb = 40
      k =   47 ; sb/Sb = 0.0432478769889881 ; sb = 132.195444572929
      k =   48 ; sb/Sb = 0.0578785162129557 ; sb = 176.916804122925
      k =   49 ; sb/Sb = 0.115012988841606 ; sb = 351.559296088654
      k =   50 ; sb/Sb = 0.195481504573427 ; sb = 597.526773613631
      k =   51 ; sb/Sb = 0.268120823410486 ; sb = 819.562806725377
      k =   52 ; sb/Sb = 0.336196544697932 ; sb = 1027.64932719222
      Creating new point: f = 0.968186807962344
    i = 38 ; sf/Sf = 0.346232496483758 ; sf = 1135.03428048707
      k =   45 ; sb/Sb = 0 ; sb = 0
      k =   46 ; sb/Sb = 0.0130860415436265 ; sb = 40
      k =   47 ; sb/Sb = 0.0432478769889881 ; sb = 132.195444572929
      k =   48 ; sb/Sb = 0.0578785162129557 ; sb = 176.916804122925
      k =   49 ; sb/Sb = 0.115012988841606 ; sb = 351.559296088654
      k =   50 ; sb/Sb = 0.195481504573427 ; sb = 597.526773613631
      k =   51 ; sb/Sb = 0.268120823410486 ; sb = 819.562806725377
      k =   52 ; sb/Sb = 0.336196544697932 ; sb = 1027.64932719222
      k =   53 ; sb/Sb = 0.431576643116474 ; sb = 1319.19692193449
      Creating new point: f = 0.105220606313349
    i = 37 ; sf/Sf = 0.402313683711597 ; sf = 1318.88204359558
      k =   45 ; sb/Sb = 0 ; sb = 0
      k =   46 ; sb/Sb = 0.0130860415436265 ; sb = 40
      k =   47 ; sb/Sb = 0.0432478769889881 ; sb = 132.195444572929
      k =   48 ; sb/Sb = 0.0578785162129557 ; sb = 176.916804122925
      k =   49 ; sb/Sb = 0.115012988841606 ; sb = 351.559296088654
      k =   50 ; sb/Sb = 0.195481504573427 ; sb = 597.526773613631
      k =   51 ; sb/Sb = 0.268120823410486 ; sb = 819.562806725377
      k =   52 ; sb/Sb = 0.336196544697932 ; sb = 1027.64932719222
      k =   53 ; sb/Sb = 0.431576643116474 ; sb = 1319.19692193449
      Creating new point: f = 0.693196380690795
    i = 36 ; sf/Sf = 0.459054672310467 ; sf = 1504.89279597296
      k =   45 ; sb/Sb = 0 ; sb = 0
      k =   46 ; sb/Sb = 0.0130860415436265 ; sb = 40
      k =   47 ; sb/Sb = 0.0432478769889881 ; sb = 132.195444572929
      k =   48 ; sb/Sb = 0.0578785162129557 ; sb = 176.916804122925
      k =   49 ; sb/Sb = 0.115012988841606 ; sb = 351.559296088654
      k =   50 ; sb/Sb = 0.195481504573427 ; sb = 597.526773613631
      k =   51 ; sb/Sb = 0.268120823410486 ; sb = 819.562806725377
      k =   52 ; sb/Sb = 0.336196544697932 ; sb = 1027.64932719222
      k =   53 ; sb/Sb = 0.431576643116474 ; sb = 1319.19692193449
      k =   54 ; sb/Sb = 0.53304621765634 ; sb = 1629.35817031991
      Creating new point: f = 0.27080067417842
    i = 35 ; sf/Sf = 0.502409207412358 ; sf = 1647.01950000848
      k =   45 ; sb/Sb = 0 ; sb = 0
      k =   46 ; sb/Sb = 0.0130860415436265 ; sb = 40
      k =   47 ; sb/Sb = 0.0432478769889881 ; sb = 132.195444572929
      k =   48 ; sb/Sb = 0.0578785162129557 ; sb = 176.916804122925
      k =   49 ; sb/Sb = 0.115012988841606 ; sb = 351.559296088654
      k =   50 ; sb/Sb = 0.195481504573427 ; sb = 597.526773613631
      k =   51 ; sb/Sb = 0.268120823410486 ; sb = 819.562806725377
      k =   52 ; sb/Sb = 0.336196544697932 ; sb = 1027.64932719222
      k =   53 ; sb/Sb = 0.431576643116474 ; sb = 1319.19692193449
      k =   54 ; sb/Sb = 0.53304621765634 ; sb = 1629.35817031991
      Creating new point: f = 0.698067027649305
    i = 34 ; sf/Sf = 0.531347979773975 ; sf = 1741.88782981353
      k =   45 ; sb/Sb = 0 ; sb = 0
      k =   46 ; sb/Sb = 0.0130860415436265 ; sb = 40
      k =   47 ; sb/Sb = 0.0432478769889881 ; sb = 132.195444572929
      k =   48 ; sb/Sb = 0.0578785162129557 ; sb = 176.916804122925
      k =   49 ; sb/Sb = 0.115012988841606 ; sb = 351.559296088654
      k =   50 ; sb/Sb = 0.195481504573427 ; sb = 597.526773613631
      k =   51 ; sb/Sb = 0.268120823410486 ; sb = 819.562806725377
      k =   52 ; sb/Sb = 0.336196544697932 ; sb = 1027.64932719222
      k =   53 ; sb/Sb = 0.431576643116474 ; sb = 1319.19692193449
      k =   54 ; sb/Sb = 0.53304621765634 ; sb = 1629.35817031991
      Creating new point: f = 0.983263575410996
    i = 33 ; sf/Sf = 0.593564470893627 ; sf = 1945.84861035724
      k =   45 ; sb/Sb = 0 ; sb = 0
      k =   46 ; sb/Sb = 0.0130860415436265 ; sb = 40
      k =   47 ; sb/Sb = 0.0432478769889881 ; sb = 132.195444572929
      k =   48 ; sb/Sb = 0.0578785162129557 ; sb = 176.916804122925
      k =   49 ; sb/Sb = 0.115012988841606 ; sb = 351.559296088654
      k =   50 ; sb/Sb = 0.195481504573427 ; sb = 597.526773613631
      k =   51 ; sb/Sb = 0.268120823410486 ; sb = 819.562806725377
      k =   52 ; sb/Sb = 0.336196544697932 ; sb = 1027.64932719222
      k =   53 ; sb/Sb = 0.431576643116474 ; sb = 1319.19692193449
      k =   54 ; sb/Sb = 0.53304621765634 ; sb = 1629.35817031991
      k =   55 ; sb/Sb = 0.63238384068557 ; sb = 1933.00269933369
      Creating new point: f = 0.609217851120513
    i = 32 ; sf/Sf = 0.633337009267845 ; sf = 2076.23265846129
      k =   45 ; sb/Sb = 0 ; sb = 0
      k =   46 ; sb/Sb = 0.0130860415436265 ; sb = 40
      k =   47 ; sb/Sb = 0.0432478769889881 ; sb = 132.195444572929
      k =   48 ; sb/Sb = 0.0578785162129557 ; sb = 176.916804122925
      k =   49 ; sb/Sb = 0.115012988841606 ; sb = 351.559296088654
      k =   50 ; sb/Sb = 0.195481504573427 ; sb = 597.526773613631
      k =   51 ; sb/Sb = 0.268120823410486 ; sb = 819.562806725377
      k =   52 ; sb/Sb = 0.336196544697932 ; sb = 1027.64932719222
      k =   53 ; sb/Sb = 0.431576643116474 ; sb = 1319.19692193449
      k =   54 ; sb/Sb = 0.53304621765634 ; sb = 1629.35817031991
      k =   55 ; sb/Sb = 0.63238384068557 ; sb = 1933.00269933369
      k =   56 ; sb/Sb = 0.721678696376118 ; sb = 2205.94958061281
      Creating new point: f = 0.0106743952370318
    i = 31 ; sf/Sf = 0.710987883891007 ; sf = 2330.79109968845
      k =   45 ; sb/Sb = 0 ; sb = 0
      k =   46 ; sb/Sb = 0.0130860415436265 ; sb = 40
      k =   47 ; sb/Sb = 0.0432478769889881 ; sb = 132.195444572929
      k =   48 ; sb/Sb = 0.0578785162129557 ; sb = 176.916804122925
      k =   49 ; sb/Sb = 0.115012988841606 ; sb = 351.559296088654
      k =   50 ; sb/Sb = 0.195481504573427 ; sb = 597.526773613631
      k =   51 ; sb/Sb = 0.268120823410486 ; sb = 819.562806725377
      k =   52 ; sb/Sb = 0.336196544697932 ; sb = 1027.64932719222
      k =   53 ; sb/Sb = 0.431576643116474 ; sb = 1319.19692193449
      k =   54 ; sb/Sb = 0.53304621765634 ; sb = 1629.35817031991
      k =   55 ; sb/Sb = 0.63238384068557 ; sb = 1933.00269933369
      k =   56 ; sb/Sb = 0.721678696376118 ; sb = 2205.94958061281
      Creating new point: f = 0.880275158043147
    i = 30 ; sf/Sf = 0.780614888259563 ; sf = 2559.04534389872
      k =   45 ; sb/Sb = 0 ; sb = 0
      k =   46 ; sb/Sb = 0.0130860415436265 ; sb = 40
      k =   47 ; sb/Sb = 0.0432478769889881 ; sb = 132.195444572929
      k =   48 ; sb/Sb = 0.0578785162129557 ; sb = 176.916804122925
      k =   49 ; sb/Sb = 0.115012988841606 ; sb = 351.559296088654
      k =   50 ; sb/Sb = 0.195481504573427 ; sb = 597.526773613631
      k =   51 ; sb/Sb = 0.268120823410486 ; sb = 819.562806725377
      k =   52 ; sb/Sb = 0.336196544697932 ; sb = 1027.64932719222
      k =   53 ; sb/Sb = 0.431576643116474 ; sb = 1319.19692193449
      k =   54 ; sb/Sb = 0.53304621765634 ; sb = 1629.35817031991
      k =   55 ; sb/Sb = 0.63238384068557 ; sb = 1933.00269933369
      k =   56 ; sb/Sb = 0.721678696376118 ; sb = 2205.94958061281
      k =   57 ; sb/Sb = 0.789122610758109 ; sb = 2412.10486189369
      Creating new point: f = 0.87385485293217
    i = 29 ; sf/Sf = 0.843500793054052 ; sf = 2765.2006251796
      k =   45 ; sb/Sb = 0 ; sb = 0
      k =   46 ; sb/Sb = 0.0130860415436265 ; sb = 40
      k =   47 ; sb/Sb = 0.0432478769889881 ; sb = 132.195444572929
      k =   48 ; sb/Sb = 0.0578785162129557 ; sb = 176.916804122925
      k =   49 ; sb/Sb = 0.115012988841606 ; sb = 351.559296088654
      k =   50 ; sb/Sb = 0.195481504573427 ; sb = 597.526773613631
      k =   51 ; sb/Sb = 0.268120823410486 ; sb = 819.562806725377
      k =   52 ; sb/Sb = 0.336196544697932 ; sb = 1027.64932719222
      k =   53 ; sb/Sb = 0.431576643116474 ; sb = 1319.19692193449
      k =   54 ; sb/Sb = 0.53304621765634 ; sb = 1629.35817031991
      k =   55 ; sb/Sb = 0.63238384068557 ; sb = 1933.00269933369
      k =   56 ; sb/Sb = 0.721678696376118 ; sb = 2205.94958061281
      k =   57 ; sb/Sb = 0.789122610758109 ; sb = 2412.10486189369
      k =   58 ; sb/Sb = 0.8386295463022 ; sb = 2563.43232139791
      k =   59 ; sb/Sb = 0.898953217192923 ; sb = 2747.82321054377
      Creating new point: f = 0.0807518289242755
    i = 28 ; sf/Sf = 0.891732080323414 ; sf = 2923.31450818802
      k =   45 ; sb/Sb = 0 ; sb = 0
      k =   46 ; sb/Sb = 0.0130860415436265 ; sb = 40
      k =   47 ; sb/Sb = 0.0432478769889881 ; sb = 132.195444572929
      k =   48 ; sb/Sb = 0.0578785162129557 ; sb = 176.916804122925
      k =   49 ; sb/Sb = 0.115012988841606 ; sb = 351.559296088654
      k =   50 ; sb/Sb = 0.195481504573427 ; sb = 597.526773613631
      k =   51 ; sb/Sb = 0.268120823410486 ; sb = 819.562806725377
      k =   52 ; sb/Sb = 0.336196544697932 ; sb = 1027.64932719222
      k =   53 ; sb/Sb = 0.431576643116474 ; sb = 1319.19692193449
      k =   54 ; sb/Sb = 0.53304621765634 ; sb = 1629.35817031991
      k =   55 ; sb/Sb = 0.63238384068557 ; sb = 1933.00269933369
      k =   56 ; sb/Sb = 0.721678696376118 ; sb = 2205.94958061281
      k =   57 ; sb/Sb = 0.789122610758109 ; sb = 2412.10486189369
      k =   58 ; sb/Sb = 0.8386295463022 ; sb = 2563.43232139791
      k =   59 ; sb/Sb = 0.898953217192923 ; sb = 2747.82321054377
      Creating new point: f = 0.88029347745448
    i = 27 ; sf/Sf = 0.945092539988896 ; sf = 3098.24306503338
      k =   45 ; sb/Sb = 0 ; sb = 0
      k =   46 ; sb/Sb = 0.0130860415436265 ; sb = 40
      k =   47 ; sb/Sb = 0.0432478769889881 ; sb = 132.195444572929
      k =   48 ; sb/Sb = 0.0578785162129557 ; sb = 176.916804122925
      k =   49 ; sb/Sb = 0.115012988841606 ; sb = 351.559296088654
      k =   50 ; sb/Sb = 0.195481504573427 ; sb = 597.526773613631
      k =   51 ; sb/Sb = 0.268120823410486 ; sb = 819.562806725377
      k =   52 ; sb/Sb = 0.336196544697932 ; sb = 1027.64932719222
      k =   53 ; sb/Sb = 0.431576643116474 ; sb = 1319.19692193449
      k =   54 ; sb/Sb = 0.53304621765634 ; sb = 1629.35817031991
      k =   55 ; sb/Sb = 0.63238384068557 ; sb = 1933.00269933369
      k =   56 ; sb/Sb = 0.721678696376118 ; sb = 2205.94958061281
      k =   57 ; sb/Sb = 0.789122610758109 ; sb = 2412.10486189369
      k =   58 ; sb/Sb = 0.8386295463022 ; sb = 2563.43232139791
      k =   59 ; sb/Sb = 0.898953217192923 ; sb = 2747.82321054377
      k =   60 ; sb/Sb = 1 ; sb = 3056.69211477338
      Creating new point: f = 0.456613476591966
Tear 1 : Sf = 1504.79836961429 ; Sb = 1370.30969256062
  Backwards path
    i = 5 ; sf/Sf = 0.113167230306685 ; sf = 170.293863659264
      k =    4 ; sb/Sb = 0 ; sb = 0
      k =    3 ; sb/Sb = 0.0775747691959379 ; sb = 106.301458127346
      k =    2 ; sb/Sb = 0.228019068320505 ; sb = 312.45673940823
      Creating new point: f = 0.236582318624628
    i = 6 ; sf/Sf = 0.302298874227927 ; sf = 454.898853074418
      k =    4 ; sb/Sb = 0 ; sb = 0
      k =    3 ; sb/Sb = 0.0775747691959379 ; sb = 106.301458127346
      k =    2 ; sb/Sb = 0.228019068320505 ; sb = 312.45673940823
      k =    1 ; sb/Sb = 0.346815721985564 ; sb = 475.244945369227
      Creating new point: f = 0.625268503916364
    i = 7 ; sf/Sf = 0.477742695127701 ; sf = 718.9064287233
      k =    4 ; sb/Sb = 0 ; sb = 0
      k =    3 ; sb/Sb = 0.0775747691959379 ; sb = 106.301458127346
      k =    2 ; sb/Sb = 0.228019068320505 ; sb = 312.45673940823
      k =    1 ; sb/Sb = 0.346815721985564 ; sb = 475.244945369227
      k =  136 ; sb/Sb = 0.383303824106894 ; sb = 525.244945369227
      k =  135 ; sb/Sb = 0.597933279764812 ; sb = 819.353768766281
      Creating new point: f = 0.440008901533658
    i = 8 ; sf/Sf = 0.643877909684108 ; sf = 968.9064287233
      k =    4 ; sb/Sb = 0 ; sb = 0
      k =    3 ; sb/Sb = 0.0775747691959379 ; sb = 106.301458127346
      k =    2 ; sb/Sb = 0.228019068320505 ; sb = 312.45673940823
      k =    1 ; sb/Sb = 0.346815721985564 ; sb = 475.244945369227
      k =  136 ; sb/Sb = 0.383303824106894 ; sb = 525.244945369227
      k =  135 ; sb/Sb = 0.597933279764812 ; sb = 819.353768766281
      k =  134 ; sb/Sb = 0.796450017734011 ; sb = 1091.38317894099
      Creating new point: f = 0.231439577283525
    i = 9 ; sf/Sf = 0.780876517234251 ; sf = 1175.06171000418
      k =    4 ; sb/Sb = 0 ; sb = 0
      k =    3 ; sb/Sb = 0.0775747691959379 ; sb = 106.301458127346
      k =    2 ; sb/Sb = 0.228019068320505 ; sb = 312.45673940823
      k =    1 ; sb/Sb = 0.346815721985564 ; sb = 475.244945369227
      k =  136 ; sb/Sb = 0.383303824106894 ; sb = 525.244945369227
      k =  135 ; sb/Sb = 0.597933279764812 ; sb = 819.353768766281
      k =  134 ; sb/Sb = 0.796450017734011 ; sb = 1091.38317894099
      Creating new point: f = 0.921550693109939
    i = 10 ; sf/Sf = 0.906964279848413 ; sf = 1364.79836961429
      k =    4 ; sb/Sb = 0 ; sb = 0
      k =    3 ; sb/Sb = 0.0775747691959379 ; sb = 106.301458127346
      k =    2 ; sb/Sb = 0.228019068320505 ; sb = 312.45673940823
      k =    1 ; sb/Sb = 0.346815721985564 ; sb = 475.244945369227
      k =  136 ; sb/Sb = 0.383303824106894 ; sb = 525.244945369227
      k =  135 ; sb/Sb = 0.597933279764812 ; sb = 819.353768766281
      k =  134 ; sb/Sb = 0.796450017734011 ; sb = 1091.38317894099
      k =  133 ; sb/Sb = 1 ; sb = 1370.30969256062
      Creating new point: f = 0.542934275326966
Tear 2 : Sf = 2642.1812502048 ; Sb = 2438.77622954847
  Backwards path
    i = 113 ; sf/Sf = 0.0136461163486968 ; sf = 36.0555127546399
      k =  112 ; sb/Sb = 0 ; sb = 0
      k =  111 ; sb/Sb = 0.0422163789208868 ; sb = 102.95630140987
      Creating new point: f = 0.323242227247143
    i = 114 ; sf/Sf = 0.11385273384587 ; sf = 300.819558652114
      k =  112 ; sb/Sb = 0 ; sb = 0
      k =  111 ; sb/Sb = 0.0422163789208868 ; sb = 102.95630140987
      k =  110 ; sb/Sb = 0.149847448876301 ; sb = 365.444396378004
      Creating new point: f = 0.665573193267127
    i = 115 ; sf/Sf = 0.211158398483267 ; sf = 557.918761295763
      k =  112 ; sb/Sb = 0 ; sb = 0
      k =  111 ; sb/Sb = 0.0422163789208868 ; sb = 102.95630140987
      k =  110 ; sb/Sb = 0.149847448876301 ; sb = 365.444396378004
      k =  109 ; sb/Sb = 0.325926830768252 ; sb = 794.862607449682
      Creating new point: f = 0.348200618085931
    i = 116 ; sf/Sf = 0.348925440178765 ; sf = 921.924255759789
      k =  112 ; sb/Sb = 0 ; sb = 0
      k =  111 ; sb/Sb = 0.0422163789208868 ; sb = 102.95630140987
      k =  110 ; sb/Sb = 0.149847448876301 ; sb = 365.444396378004
      k =  109 ; sb/Sb = 0.325926830768252 ; sb = 794.862607449682
      k =  108 ; sb/Sb = 0.489224369185105 ; sb = 1193.10876248448
      Creating new point: f = 0.140838677872801
    i = 117 ; sf/Sf = 0.443544232882945 ; sf = 1171.92425575979
      k =  112 ; sb/Sb = 0 ; sb = 0
      k =  111 ; sb/Sb = 0.0422163789208868 ; sb = 102.95630140987
      k =  110 ; sb/Sb = 0.149847448876301 ; sb = 365.444396378004
      k =  109 ; sb/Sb = 0.325926830768252 ; sb = 794.862607449682
      k =  108 ; sb/Sb = 0.489224369185105 ; sb = 1193.10876248448
      Creating new point: f = 0.720264391337295
    i = 118 ; sf/Sf = 0.558652962267554 ; sf = 1476.0623822747
      k =  112 ; sb/Sb = 0 ; sb = 0
      k =  111 ; sb/Sb = 0.0422163789208868 ; sb = 102.95630140987
      k =  110 ; sb/Sb = 0.149847448876301 ; sb = 365.444396378004
      k =  109 ; sb/Sb = 0.325926830768252 ; sb = 794.862607449682
      k =  108 ; sb/Sb = 0.489224369185105 ; sb = 1193.10876248448
      k =  107 ; sb/Sb = 0.677039591456955 ; sb = 1651.14806210843
      Creating new point: f = 0.369664355437364
    i = 119 ; sf/Sf = 0.682223801444837 ; sf = 1802.55893662099
      k =  112 ; sb/Sb = 0 ; sb = 0
      k =  111 ; sb/Sb = 0.0422163789208868 ; sb = 102.95630140987
      k =  110 ; sb/Sb = 0.149847448876301 ; sb = 365.444396378004
      k =  109 ; sb/Sb = 0.325926830768252 ; sb = 794.862607449682
      k =  108 ; sb/Sb = 0.489224369185105 ; sb = 1193.10876248448
      k =  107 ; sb/Sb = 0.677039591456955 ; sb = 1651.14806210843
      k =  391 ; sb/Sb = 0.783354324275754 ; sb = 1910.42590535771
      Creating new point: f = 0.0487628558190286
    i = 120 ; sf/Sf = 0.760248456742388 ; sf = 2008.71421790187
      k =  112 ; sb/Sb = 0 ; sb = 0
      k =  111 ; sb/Sb = 0.0422163789208868 ; sb = 102.95630140987
      k =  110 ; sb/Sb = 0.149847448876301 ; sb = 365.444396378004
      k =  109 ; sb/Sb = 0.325926830768252 ; sb = 794.862607449682
      k =  108 ; sb/Sb = 0.489224369185105 ; sb = 1193.10876248448
      k =  107 ; sb/Sb = 0.677039591456955 ; sb = 1651.14806210843
      k =  391 ; sb/Sb = 0.783354324275754 ; sb = 1910.42590535771
      Creating new point: f = 0.782665422554867
    i = 121 ; sf/Sf = 0.841774503552645 ; sf = 2224.12081018725
      k =  112 ; sb/Sb = 0 ; sb = 0
      k =  111 ; sb/Sb = 0.0422163789208868 ; sb = 102.95630140987
      k =  110 ; sb/Sb = 0.149847448876301 ; sb = 365.444396378004
      k =  109 ; sb/Sb = 0.325926830768252 ; sb = 794.862607449682
      k =  108 ; sb/Sb = 0.489224369185105 ; sb = 1193.10876248448
      k =  107 ; sb/Sb = 0.677039591456955 ; sb = 1651.14806210843
      k =  391 ; sb/Sb = 0.783354324275754 ; sb = 1910.42590535771
      k =  106 ; sb/Sb = 0.889669057094553 ; sb = 2169.703748607
      Creating new point: f = 0.549502197183353
    i = 122 ; sf/Sf = 0.950219363501477 ; sf = 2510.65178582514
      k =  112 ; sb/Sb = 0 ; sb = 0
      k =  111 ; sb/Sb = 0.0422163789208868 ; sb = 102.95630140987
      k =  110 ; sb/Sb = 0.149847448876301 ; sb = 365.444396378004
      k =  109 ; sb/Sb = 0.325926830768252 ; sb = 794.862607449682
      k =  108 ; sb/Sb = 0.489224369185105 ; sb = 1193.10876248448
      k =  107 ; sb/Sb = 0.677039591456955 ; sb = 1651.14806210843
      k =  391 ; sb/Sb = 0.783354324275754 ; sb = 1910.42590535771
      k =  106 ; sb/Sb = 0.889669057094553 ; sb = 2169.703748607
      k =  105 ; sb/Sb = 1 ; sb = 2438.77622954847
      Creating new point: f = 0.548806208053666
Tear 3 : Sf = 930.744558890779 ; Sb = 1125.93010731343
  Backwards path
    i = 86 ; sf/Sf = 0.140085748402805 ; sf = 130.384048104053
      k =   85 ; sb/Sb = 0 ; sb = 0
      k =   84 ; sb/Sb = 0.119158443120519 ; sb = 134.164078649987
      k =   83 ; sb/Sb = 0.235976941467188 ; sb = 265.693543029646
      Creating new point: f = 0.179143762147857
    i = 87 ; sf/Sf = 0.323050947643091 ; sf = 300.677911763317
      k =   85 ; sb/Sb = 0 ; sb = 0
      k =   84 ; sb/Sb = 0.119158443120519 ; sb = 134.164078649987
      k =   83 ; sb/Sb = 0.235976941467188 ; sb = 265.693543029646
      k =   82 ; sb/Sb = 0.467579324700657 ; sb = 526.461639237752
      Creating new point: f = 0.375963342692061
    i = 88 ; sf/Sf = 0.505384140852428 ; sf = 470.383539248088
      k =   85 ; sb/Sb = 0 ; sb = 0
      k =   84 ; sb/Sb = 0.119158443120519 ; sb = 134.164078649987
      k =   83 ; sb/Sb = 0.235976941467188 ; sb = 265.693543029646
      k =   82 ; sb/Sb = 0.467579324700657 ; sb = 526.461639237752
      k =   81 ; sb/Sb = 0.797274943864054 ; sb = 897.675863103164
      Creating new point: f = 0.114665812811528
    i = 89 ; sf/Sf = 0.566161871922207 ; sf = 526.952081743012
      k =   85 ; sb/Sb = 0 ; sb = 0
      k =   84 ; sb/Sb = 0.119158443120519 ; sb = 134.164078649987
      k =   83 ; sb/Sb = 0.235976941467188 ; sb = 265.693543029646
      k =   82 ; sb/Sb = 0.467579324700657 ; sb = 526.461639237752
      k =   81 ; sb/Sb = 0.797274943864054 ; sb = 897.675863103164
      Creating new point: f = 0.299010789017164
    i = 90 ; sf/Sf = 0.71886403136851 ; sf = 669.078785778531
      k =   85 ; sb/Sb = 0 ; sb = 0
      k =   84 ; sb/Sb = 0.119158443120519 ; sb = 134.164078649987
      k =   83 ; sb/Sb = 0.235976941467188 ; sb = 265.693543029646
      k =   82 ; sb/Sb = 0.467579324700657 ; sb = 526.461639237752
      k =   81 ; sb/Sb = 0.797274943864054 ; sb = 897.675863103164
      Creating new point: f = 0.762171809578447
    i = 91 ; sf/Sf = 0.841365464678843 ; sf = 783.096328288445
      k =   85 ; sb/Sb = 0 ; sb = 0
      k =   84 ; sb/Sb = 0.119158443120519 ; sb = 134.164078649987
      k =   83 ; sb/Sb = 0.235976941467188 ; sb = 265.693543029646
      k =   82 ; sb/Sb = 0.467579324700657 ; sb = 526.461639237752
      k =   81 ; sb/Sb = 0.797274943864054 ; sb = 897.675863103164
      k =   80 ; sb/Sb = 1 ; sb = 1125.93010731343
      Creating new point: f = 0.217489251971014
Tear 4 : Sf = 3056.69211477338 ; Sb = 3278.24306503338
  Backwards path
    i = 46 ; sf/Sf = 0.0130860415436265 ; sf = 40
      k =   45 ; sb/Sb = 0 ; sb = 0
      k =   44 ; sb/Sb = 0.0222073523678952 ; sb = 72.8010988928052
      Creating new point: f = 0.589266173060088
    i = 47 ; sf/Sf = 0.0432478769889881 ; sf = 132.195444572929
      k =   45 ; sb/Sb = 0 ; sb = 0
      k =   44 ; sb/Sb = 0.0222073523678952 ; sb = 72.8010988928052
      k =   43 ; sb/Sb = 0.0814356873441789 ; sb = 266.965977282281
      Creating new point: f = 0.355244236217647
    i = 48 ; sf/Sf = 0.0578785162129557 ; sf = 176.916804122925
      k =   45 ; sb/Sb = 0 ; sb = 0
      k =   44 ; sb/Sb = 0.0222073523678952 ; sb = 72.8010988928052
      k =   43 ; sb/Sb = 0.0814356873441789 ; sb = 266.965977282281
      Creating new point: f = 0.602265180328705
    i = 49 ; sf/Sf = 0.115012988841606 ; sf = 351.559296088654
      k =   45 ; sb/Sb = 0 ; sb = 0
      k =   44 ; sb/Sb = 0.0222073523678952 ; sb = 72.8010988928052
      k =   43 ; sb/Sb = 0.0814356873441789 ; sb = 266.965977282281
      k =   42 ; sb/Sb = 0.164695798283007 ; sb = 539.912858561405
      Creating new point: f = 0.403281969226491
    i = 50 ; sf/Sf = 0.195481504573427 ; sf = 597.526773613631
      k =   45 ; sb/Sb = 0 ; sb = 0
      k =   44 ; sb/Sb = 0.0222073523678952 ; sb = 72.8010988928052
      k =   43 ; sb/Sb = 0.0814356873441789 ; sb = 266.965977282281
      k =   42 ; sb/Sb = 0.164695798283007 ; sb = 539.912858561405
      k =   41 ; sb/Sb = 0.215004522118598 ; sb = 704.837083586111
      Creating new point: f = 0.61193574281526
    i = 51 ; sf/Sf = 0.268120823410486 ; sf = 819.562806725377
      k =   45 ; sb/Sb = 0 ; sb = 0
      k =   44 ; sb/Sb = 0.0222073523678952 ; sb = 72.8010988928052
      k =   43 ; sb/Sb = 0.0814356873441789 ; sb = 266.965977282281
      k =   42 ; sb/Sb = 0.164695798283007 ; sb = 539.912858561405
      k =   41 ; sb/Sb = 0.215004522118598 ; sb = 704.837083586111
      k =   40 ; sb/Sb = 0.267130027005348 ; sb = 875.717158492462
      k =  140 ; sb/Sb = 0.294985533806728 ; sb = 967.034280487075
      Creating new point: f = 0.0355691394237576
    i = 52 ; sf/Sf = 0.336196544697932 ; sf = 1027.64932719222
      k =   45 ; sb/Sb = 0 ; sb = 0
      k =   44 ; sb/Sb = 0.0222073523678952 ; sb = 72.8010988928052
      k =   43 ; sb/Sb = 0.0814356873441789 ; sb = 266.965977282281
      k =   42 ; sb/Sb = 0.164695798283007 ; sb = 539.912858561405
      k =   41 ; sb/Sb = 0.215004522118598 ; sb = 704.837083586111
      k =   40 ; sb/Sb = 0.267130027005348 ; sb = 875.717158492462
      k =  140 ; sb/Sb = 0.294985533806728 ; sb = 967.034280487075
      k =  141 ; sb/Sb = 0.31450818625512 ; sb = 1031.03428048707
      k =   39 ; sb/Sb = 0.334030838703513 ; sb = 1095.03428048707
      k =   38 ; sb/Sb = 0.346232496483758 ; sb = 1135.03428048707
      Creating new point: f = 0.177492766427668
    i = 53 ; sf/Sf = 0.431576643116474 ; sf = 1319.19692193449
      k =   45 ; sb/Sb = 0 ; sb = 0
      k =   44 ; sb/Sb = 0.0222073523678952 ; sb = 72.8010988928052
      k =   43 ; sb/Sb = 0.0814356873441789 ; sb = 266.965977282281
      k =   42 ; sb/Sb = 0.164695798283007 ; sb = 539.912858561405
      k =   41 ; sb/Sb = 0.215004522118598 ; sb = 704.837083586111
      k =   40 ; sb/Sb = 0.267130027005348 ; sb = 875.717158492462
      k =  140 ; sb/Sb = 0.294985533806728 ; sb = 967.034280487075
      k =  141 ; sb/Sb = 0.31450818625512 ; sb = 1031.03428048707
      k =   39 ; sb/Sb = 0.334030838703513 ; sb = 1095.03428048707
      k =   38 ; sb/Sb = 0.346232496483758 ; sb = 1135.03428048707
      k =   37 ; sb/Sb = 0.402313683711598 ; sb = 1318.88204359558
      k =   36 ; sb/Sb = 0.459054672310467 ; sb = 1504.89279597296
      Creating new point: f = 0.515728754952634
    i = 54 ; sf/Sf = 0.53304621765634 ; sf = 1629.35817031991
      k =   45 ; sb/Sb = 0 ; sb = 0
      k =   44 ; sb/Sb = 0.0222073523678952 ; sb = 72.8010988928052
      k =   43 ; sb/Sb = 0.0814356873441789 ; sb = 266.965977282281
      k =   42 ; sb/Sb = 0.164695798283007 ; sb = 539.912858561405
      k =   41 ; sb/Sb = 0.215004522118598 ; sb = 704.837083586111
      k =   40 ; sb/Sb = 0.267130027005348 ; sb = 875.717158492462
      k =  140 ; sb/Sb = 0.294985533806728 ; sb = 967.034280487075
      k =  141 ; sb/Sb = 0.31450818625512 ; sb = 1031.03428048707
      k =   39 ; sb/Sb = 0.334030838703513 ; sb = 1095.03428048707
      k =   38 ; sb/Sb = 0.346232496483758 ; sb = 1135.03428048707
      k =   37 ; sb/Sb = 0.402313683711598 ; sb = 1318.88204359558
      k =   36 ; sb/Sb = 0.459054672310467 ; sb = 1504.89279597296
      k =   35 ; sb/Sb = 0.502409207412358 ; sb = 1647.01950000848
      k =   34 ; sb/Sb = 0.531347979773975 ; sb = 1741.88782981353
      k =   33 ; sb/Sb = 0.593564470893628 ; sb = 1945.84861035724
      Creating new point: f = 0.0272956229418118
    i = 55 ; sf/Sf = 0.63238384068557 ; sf = 1933.00269933369
      k =   45 ; sb/Sb = 0 ; sb = 0
      k =   44 ; sb/Sb = 0.0222073523678952 ; sb = 72.8010988928052
      k =   43 ; sb/Sb = 0.0814356873441789 ; sb = 266.965977282281
      k =   42 ; sb/Sb = 0.164695798283007 ; sb = 539.912858561405
      k =   41 ; sb/Sb = 0.215004522118598 ; sb = 704.837083586111
      k =   40 ; sb/Sb = 0.267130027005348 ; sb = 875.717158492462
      k =  140 ; sb/Sb = 0.294985533806728 ; sb = 967.034280487075
      k =  141 ; sb/Sb = 0.31450818625512 ; sb = 1031.03428048707
      k =   39 ; sb/Sb = 0.334030838703513 ; sb = 1095.03428048707
      k =   38 ; sb/Sb = 0.346232496483758 ; sb = 1135.03428048707
      k =   37 ; sb/Sb = 0.402313683711598 ; sb = 1318.88204359558
      k =   36 ; sb/Sb = 0.459054672310467 ; sb = 1504.89279597296
      k =   35 ; sb/Sb = 0.502409207412358 ; sb = 1647.01950000848
      k =   34 ; sb/Sb = 0.531347979773975 ; sb = 1741.88782981353
      k =   33 ; sb/Sb = 0.593564470893628 ; sb = 1945.84861035724
      k =   32 ; sb/Sb = 0.633337009267845 ; sb = 2076.2326584613
      Creating new point: f = 0.976034504679923
    i = 56 ; sf/Sf = 0.721678696376118 ; sf = 2205.94958061281
      k =   45 ; sb/Sb = 0 ; sb = 0
      k =   44 ; sb/Sb = 0.0222073523678952 ; sb = 72.8010988928052
      k =   43 ; sb/Sb = 0.0814356873441789 ; sb = 266.965977282281
      k =   42 ; sb/Sb = 0.164695798283007 ; sb = 539.912858561405
      k =   41 ; sb/Sb = 0.215004522118598 ; sb = 704.837083586111
      k =   40 ; sb/Sb = 0.267130027005348 ; sb = 875.717158492462
      k =  140 ; sb/Sb = 0.294985533806728 ; sb = 967.034280487075
      k =  141 ; sb/Sb = 0.31450818625512 ; sb = 1031.03428048707
      k =   39 ; sb/Sb = 0.334030838703513 ; sb = 1095.03428048707
      k =   38 ; sb/Sb = 0.346232496483758 ; sb = 1135.03428048707
      k =   37 ; sb/Sb = 0.402313683711598 ; sb = 1318.88204359558
      k =   36 ; sb/Sb = 0.459054672310467 ; sb = 1504.89279597296
      k =   35 ; sb/Sb = 0.502409207412358 ; sb = 1647.01950000848
      k =   34 ; sb/Sb = 0.531347979773975 ; sb = 1741.88782981353
      k =   33 ; sb/Sb = 0.593564470893628 ; sb = 1945.84861035724
      k =   32 ; sb/Sb = 0.633337009267845 ; sb = 2076.2326584613
      k =   31 ; sb/Sb = 0.710987883891007 ; sb = 2330.79109968845
      k =   30 ; sb/Sb = 0.780614888259562 ; sb = 2559.04534389872
      Creating new point: f = 0.153544053518681
    i = 57 ; sf/Sf = 0.789122610758109 ; sf = 2412.10486189369
      k =   45 ; sb/Sb = 0 ; sb = 0
      k =   44 ; sb/Sb = 0.0222073523678952 ; sb = 72.8010988928052
      k =   43 ; sb/Sb = 0.0814356873441789 ; sb = 266.965977282281
      k =   42 ; sb/Sb = 0.164695798283007 ; sb = 539.912858561405
      k =   41 ; sb/Sb = 0.215004522118598 ; sb = 704.837083586111
      k =   40 ; sb/Sb = 0.267130027005348 ; sb = 875.717158492462
      k =  140 ; sb/Sb = 0.294985533806728 ; sb = 967.034280487075
      k =  141 ; sb/Sb = 0.31450818625512 ; sb = 1031.03428048707
      k =   39 ; sb/Sb = 0.334030838703513 ; sb = 1095.03428048707
      k =   38 ; sb/Sb = 0.346232496483758 ; sb = 1135.03428048707
      k =   37 ; sb/Sb = 0.402313683711598 ; sb = 1318.88204359558
      k =   36 ; sb/Sb = 0.459054672310467 ; sb = 1504.89279597296
      k =   35 ; sb/Sb = 0.502409207412358 ; sb = 1647.01950000848
      k =   34 ; sb/Sb = 0.531347979773975 ; sb = 1741.88782981353
      k =   33 ; sb/Sb = 0.593564470893628 ; sb = 1945.84861035724
      k =   32 ; sb/Sb = 0.633337009267845 ; sb = 2076.2326584613
      k =   31 ; sb/Sb = 0.710987883891007 ; sb = 2330.79109968845
      k =   30 ; sb/Sb = 0.780614888259563 ; sb = 2559.04534389872
      k =   29 ; sb/Sb = 0.843500793054052 ; sb = 2765.2006251796
      Creating new point: f = 0.135288225976073
    i = 58 ; sf/Sf = 0.8386295463022 ; sf = 2563.43232139791
      k =   45 ; sb/Sb = 0 ; sb = 0
      k =   44 ; sb/Sb = 0.0222073523678952 ; sb = 72.8010988928052
      k =   43 ; sb/Sb = 0.0814356873441789 ; sb = 266.965977282281
      k =   42 ; sb/Sb = 0.164695798283007 ; sb = 539.912858561405
      k =   41 ; sb/Sb = 0.215004522118598 ; sb = 704.837083586111
      k =   40 ; sb/Sb = 0.267130027005348 ; sb = 875.717158492462
      k =  140 ; sb/Sb = 0.294985533806728 ; sb = 967.034280487075
      k =  141 ; sb/Sb = 0.31450818625512 ; sb = 1031.03428048707
      k =   39 ; sb/Sb = 0.334030838703513 ; sb = 1095.03428048707
      k =   38 ; sb/Sb = 0.346232496483758 ; sb = 1135.03428048707
      k =   37 ; sb/Sb = 0.402313683711598 ; sb = 1318.88204359558
      k =   36 ; sb/Sb = 0.459054672310467 ; sb = 1504.89279597296
      k =   35 ; sb/Sb = 0.502409207412358 ; sb = 1647.01950000848
      k =   34 ; sb/Sb = 0.531347979773975 ; sb = 1741.88782981353
      k =   33 ; sb/Sb = 0.593564470893628 ; sb = 1945.84861035724
      k =   32 ; sb/Sb = 0.633337009267845 ; sb = 2076.2326584613
      k =   31 ; sb/Sb = 0.710987883891007 ; sb = 2330.79109968845
      k =   30 ; sb/Sb = 0.780614888259563 ; sb = 2559.04534389872
      k =   29 ; sb/Sb = 0.843500793054052 ; sb = 2765.2006251796
      Creating new point: f = 0.922538337203371
    i = 59 ; sf/Sf = 0.898953217192923 ; sf = 2747.82321054377
      k =   45 ; sb/Sb = 0 ; sb = 0
      k =   44 ; sb/Sb = 0.0222073523678952 ; sb = 72.8010988928052
      k =   43 ; sb/Sb = 0.0814356873441789 ; sb = 266.965977282281
      k =   42 ; sb/Sb = 0.164695798283007 ; sb = 539.912858561405
      k =   41 ; sb/Sb = 0.215004522118598 ; sb = 704.837083586111
      k =   40 ; sb/Sb = 0.267130027005348 ; sb = 875.717158492462
      k =  140 ; sb/Sb = 0.294985533806728 ; sb = 967.034280487075
      k =  141 ; sb/Sb = 0.31450818625512 ; sb = 1031.03428048707
      k =   39 ; sb/Sb = 0.334030838703513 ; sb = 1095.03428048707
      k =   38 ; sb/Sb = 0.346232496483758 ; sb = 1135.03428048707
      k =   37 ; sb/Sb = 0.402313683711598 ; sb = 1318.88204359558
      k =   36 ; sb/Sb = 0.459054672310467 ; sb = 1504.89279597296
      k =   35 ; sb/Sb = 0.502409207412358 ; sb = 1647.01950000848
      k =   34 ; sb/Sb = 0.531347979773975 ; sb = 1741.88782981353
      k =   33 ; sb/Sb = 0.593564470893628 ; sb = 1945.84861035724
      k =   32 ; sb/Sb = 0.633337009267845 ; sb = 2076.2326584613
      k =   31 ; sb/Sb = 0.710987883891007 ; sb = 2330.79109968845
      k =   30 ; sb/Sb = 0.780614888259563 ; sb = 2559.04534389872
      k =   29 ; sb/Sb = 0.843500793054052 ; sb = 2765.2006251796
      k =   28 ; sb/Sb = 0.891732080323414 ; sb = 2923.31450818802
      k =   27 ; sb/Sb = 0.945092539988896 ; sb = 3098.24306503338
      Creating new point: f = 0.135327486209434
Triangulating...
[1] "Non-adjacent points in rim connected by line: 564 141"
[1] "In triangle: 963" "In triangle: 970"
[1] "Other points in triangles: 498 39"
Merging points...
Projecting to sphere...
Optimising mapping with FIRE...
E =  0.00700 | E_L =  0.00700 | E_A =  0.00000 |   0 flippped triangles
E =  0.00599 | E_L =  0.00599 | E_A =  0.00000 |  67 flippped triangles
        phi0    phi0.1    phi0.2    phi0.3    phi0.4    phi0.5   phi0.6
id    34.000    52.000     65.00     74.00   134.000   161.000  267.000
A   3647.147 11916.317  14231.02  33076.39  6437.362  3367.324 6231.247
a  -4298.773 -4716.734 -12437.42 -13466.16 -5598.955 -3608.360 -847.008
      phi0.7    phi0.8    phi0.9   phi0.10   phi0.11   phi0.12   phi0.13
id   280.000   286.000 324.00000   344.000   400.000    514.00  523.0000
A   7238.821  2662.594 290.47620  5260.517  3808.154  22941.72  613.4156
a  -8214.848 -2458.006 -21.66874 -4540.693 -3314.154 -15207.56 -492.0592
     phi0.14   phi0.15   phi0.16   phi0.17   phi0.18   phi0.19   phi0.20
id    537.00   551.000   652.000    657.00   664.000   665.000  714.0000
A   11753.24  7138.726 19270.039  31951.64  2155.087  2706.439  910.9087
a  -10075.27 -9119.038 -8107.127 -34432.47 -2208.579 -1874.425 -835.3558
     phi0.21   phi0.22   phi0.23   phi0.24   phi0.25   phi0.26   phi0.27
id  718.0000  724.0000   733.000  735.0000  739.0000   746.000   747.000
A   298.6266  656.2350  1305.730  473.4018  520.0728  1943.094  1628.823
a  -304.5977 -642.9922 -1138.125 -197.1821 -483.7961 -1537.179 -2056.796
     phi0.28   phi0.29   phi0.30   phi0.31   phi0.32   phi0.33   phi0.34
id   751.000   754.000  761.0000   763.000   765.000   766.000    767.00
A   8814.677  5572.228  335.6301  4989.001 13107.653  3098.516  20657.40
a  -8793.581 -5095.332 -301.0617 -1567.211 -9045.131 -2371.105 -21531.73
     phi0.35   phi0.36  phi0.37   phi0.38  phi0.39   phi0.40   phi0.41
id   768.000   770.000   771.00  773.0000  776.000 780.00000   783.000
A   1002.729  6087.245  9007.02  618.4817 1204.319  12.35427 13522.151
a  -1007.548 -5790.297 -8259.44 -550.6962 -801.976 -15.66572 -4726.984
     phi0.42   phi0.43   phi0.44   phi0.45   phi0.46   phi0.47   phi0.48
id  786.0000 788.00000   790.000   795.000   799.000   803.000   811.000
A  1060.7472  59.02653  4822.852  2859.234  1492.637  2912.707  2366.111
a  -859.0186 -42.02298 -4012.945 -2813.435 -1330.924 -2447.320 -2244.502
     phi0.49   phi0.50   phi0.51   phi0.52    phi0.53   phi0.54   phi0.55
id  812.0000   892.000   915.000    919.00   922.0000  948.0000   956.000
A   277.9300 15938.593  5998.216  17940.09 16293.6156  739.7312  1610.644
a  -243.6065 -5303.568 -6214.984 -13292.92  -645.1486 -523.0052 -1340.265
     phi0.56   phi0.57  phi0.58   phi0.59   phi0.60   phi0.61   phi0.62
id   959.000   968.000 990.0000   999.000 1003.0000 1007.0000  1012.000
A   4316.264  1943.094  41.7469  4647.885  535.6059 1047.7406  2409.117
a  -3910.582 -1806.118 -46.2016 -1215.952 -518.4798 -858.1353 -2505.759
     phi0.63   phi0.64   phi0.65   phi0.66
id  1015.000 1018.0000   1021.00 1096.0000
A   8755.041  343.4847  25305.18  306.7929
a  -8075.178 -319.2241 -26639.41 -334.6933
E =  0.00581 | E_L =  0.00581 | E_A =  0.00000 |  68 flippped triangles
        phi0    phi0.1    phi0.2    phi0.3    phi0.4    phi0.5    phi0.6
id    34.000    52.000     65.00    74.000   134.000    138.00    149.00
A   3647.147 11916.317  14231.02 33076.387  6437.362  32872.77  52628.83
a  -3860.904 -7103.368 -12453.53 -6927.726 -6820.135 -25809.18 -14095.66
      phi0.7    phi0.8    phi0.9   phi0.10   phi0.11   phi0.12   phi0.13
id   161.000   280.000   286.000  324.0000   344.000   400.000  523.0000
A   3367.324  7238.821  2662.594  290.4762  5260.517  3808.154  613.4156
a  -3790.906 -7563.223 -2588.782 -168.0489 -4238.831 -2760.316 -518.2156
     phi0.14   phi0.15  phi0.16   phi0.17   phi0.18   phi0.19   phi0.20
id    537.00   551.000   652.00  654.0000    657.00   664.000   665.000
A   11753.24  7138.726 19270.04 2439.9054  31951.64  2155.087  2706.439
a  -10562.28 -8747.175 -8099.32 -239.3242 -29462.74 -2250.490 -2283.899
     phi0.21   phi0.22  phi0.23   phi0.24   phi0.25   phi0.26   phi0.27
id  714.0000  718.0000  724.000   746.000   747.000  748.0000   751.000
A   910.9087  298.6266  656.235  1943.094  1628.823  706.1137  8814.677
a  -807.6321 -259.4981 -598.137 -1503.590 -1697.622 -710.4304 -8807.752
     phi0.28   phi0.29   phi0.30   phi0.31   phi0.32   phi0.33   phi0.34
id   754.000  761.0000   763.000   765.000   766.000    767.00   768.000
A   5572.228  335.6301  4989.001 13107.653  3098.516  20657.40  1002.729
a  -5084.684 -339.6163 -2796.262 -4835.655 -1802.027 -20312.74 -1095.653
     phi0.35   phi0.36   phi0.37   phi0.38   phi0.39   phi0.40   phi0.41
id   769.000   770.000   771.000  782.0000   783.000  786.0000 788.00000
A   8602.372  6087.245  9007.020  649.9545 13522.151 1060.7472  59.02653
a  -8229.380 -5274.633 -8183.092 -782.4105 -3833.082 -584.6243 -57.20451
     phi0.42   phi0.43   phi0.44   phi0.45   phi0.46   phi0.47   phi0.48
id   790.000   795.000  797.0000   799.000   803.000  808.0000   811.000
A   4822.852  2859.234  737.1667  1492.637  2912.707  385.2953  2366.111
a  -3768.338 -2559.968 -322.1882 -1403.597 -2058.390 -344.6864 -2013.025
    phi0.49   phi0.50   phi0.51   phi0.52   phi0.53   phi0.54   phi0.55
id  812.000   892.000    902.00   915.000  948.0000   956.000   959.000
A   277.930 15938.593  35350.14  5998.216  739.7312  1610.644  4316.264
a  -281.669 -9299.019 -12662.75 -5861.478 -412.1549 -1295.205 -4019.354
     phi0.56   phi0.57   phi0.58   phi0.59   phi0.60   phi0.61   phi0.62
id   968.000 990.00000 996.00000   999.000 1003.0000 1007.0000  1012.000
A   1943.094  41.74690  13.15124  4647.885  535.6059 1047.7406  2409.117
a  -2391.599 -29.39636 -14.02273 -2004.933 -503.3020 -865.8241 -3271.775
     phi0.63   phi0.64   phi0.65   phi0.66   phi0.67
id  1015.000 1018.0000   1021.00   1051.00 1096.0000
A   8755.041  343.4847  25305.18  11830.11  306.7929
a  -8022.619 -270.2325 -25015.43 -10645.30 -109.7889
FIRE:  6  stops.  10 hits of maxmove.  0 hits of dtmax.
Frms = 9.10915180923659e-06; Ftanrms = 9.1080216332539e-06
E =  0.01040 | E_L =  0.01037 | E_A =  0.00003 |   0 flippped triangles
E =  0.00725 | E_L =  0.00725 | E_A =  0.00000 |   0 flippped triangles
E =  0.00683 | E_L =  0.00683 | E_A =  0.00000 |   0 flippped triangles
E =  0.00667 | E_L =  0.00667 | E_A =  0.00000 |   0 flippped triangles
E =  0.00663 | E_L =  0.00663 | E_A =  0.00000 |   0 flippped triangles
E =  0.00654 | E_L =  0.00654 | E_A =  0.00000 |   0 flippped triangles
E =  0.00651 | E_L =  0.00651 | E_A =  0.00000 |   0 flippped triangles
E =  0.00651 | E_L =  0.00651 | E_A =  0.00000 |   0 flippped triangles
Optimising mapping with BFGS...
E =  0.00651 | E_L =  0.00651 | E_A =  0.00000 |   0 flippped triangles
Transforming image...
Mapping optimised. Error: 0.006511427 ; 0 flipped triangles.
Inferring coordinates of datapoints
Inferring coordinates of landmarks
Mapping optimised. Error: 0.006511427 ; 0 flipped triangles. OD displacement: 11.73996 degrees.
Computing Kernel Density estimates of datapoints

[1] 0.7
Saving developmental_retina/data/C57BL6J/P12/ML/GM187-6/R-CONTRA/r.mat
