[1] "Adding old segment 1"
[1] "Intersection found. Old points:"
   X    Y 
3360 -121 
   X    Y 
3140 -181 
   X    Y 
3160 -161 
   X    Y 
3180 -321 
[1] "Point i+1 has been changed:"
   X    Y 
3360 -121 
        X         Y 
3161.7582 -175.0659 
   X    Y 
3160 -161 
   X    Y 
3180 -321 
[1] "a= 0.33997472432584"
[1] "l= 147.069756727205"
[1] "New points:"
   X    Y 
3360 -121 
        X         Y 
3161.7582 -175.0659 
        X         Y 
3173.7983 -271.3861 
   X    Y 
3180 -321 
[1] "Storing new segment 1"
[1] "Adding old segment 2"
[1] "Adding old segment 4"
[1] "Adding old segment 5"
[1] "Adding old segment 6"
[1] "Adding old segment 3"
[1] "Adding old segment 7"
[1] "Adding old segment 8"
[1] "Intersection found. Old points:"
   X    Y 
 940 1589 
   X    Y 
 960 2169 
   X    Y 
 960 2149 
   X    Y 
 940 2729 
[1] "Point i+1 has been changed:"
   X    Y 
 940 1589 
        X         Y 
 959.6552 2159.0000 
   X    Y 
 960 2149 
   X    Y 
 940 2729 
[1] "a= 0.087667192925753"
[1] "l= 570.338781604949"
[1] "New points:"
   X    Y 
 940 1589 
        X         Y 
 959.6552 2159.0000 
        X         Y 
 941.7231 2679.0297 
   X    Y 
 940 2729 
[1] "Intersection found. Old points:"
   X    Y 
 380 -411 
  X   Y 
650 129 
  X   Y 
630  99 
  X   Y 
920 459 
[1] "Point i+1 has been changed:"
   X    Y 
 380 -411 
       X        Y 
643.1818 115.3636 
  X   Y 
630  99 
  X   Y 
920 459 
[1] "a= 0.113310753967144"
[1] "l= 441.264383559731"
[1] "New points:"
   X    Y 
 380 -411 
       X        Y 
643.1818 115.3636 
       X        Y 
888.6335 420.0623 
  X   Y 
920 459 
[1] "Storing new segment 2"
simplify.outline: Removing vertex 51
simplify.outline: Removing vertex 56
Triangulating...
[1] "Non-adjacent points in rim connected by line: 32 30"
[1] "In triangle: 131" "In triangle: 132"
[1] "Other points in triangles: 31 228"
[1] "Non-adjacent points in rim connected by line: 54 52"
[1] "In triangle: 79"  "In triangle: 100"
[1] "Other points in triangles: 53 95"
[1] "Non-adjacent points in rim connected by line: 58 56"
[1] "In triangle: 73"  "In triangle: 386"
[1] "Other points in triangles: 57 236"
[1] "Non-adjacent points in rim connected by line: 76 42"
[1] "In triangle: 23" "In triangle: 95"
[1] "Other points in triangles: 79 43"
Stitching...
Tear 1 child of rim
Tear 2 child of rim
Tear 3 child of rim
Tear 4 child of rim
Tear 1 : Sf = 3351.32493225661 ; Sb = 3475.81780881878
  Forwards path
    i = 4 ; sf/Sf = 0.0656456787828877 ; sf = 220
      k =    5 ; sb/Sb = 0 ; sb = 0
      k =    6 ; sb/Sb = 0.0759555276398684 ; sb = 264.007575648882
      Creating new point: f = 0.864264666742053
    i = 3 ; sf/Sf = 0.0990066333709905 ; sf = 331.80339887499
      k =    5 ; sb/Sb = 0 ; sb = 0
      k =    6 ; sb/Sb = 0.0759555276398684 ; sb = 264.007575648882
      k =    7 ; sb/Sb = 0.159982267070569 ; sb = 556.069212979086
      Creating new point: f = 0.274330598655837
    i = 2 ; sf/Sf = 0.205969990796713 ; sf = 690.272365453688
      k =    5 ; sb/Sb = 0 ; sb = 0
      k =    6 ; sb/Sb = 0.0759555276398684 ; sb = 264.007575648882
      k =    7 ; sb/Sb = 0.159982267070569 ; sb = 556.069212979086
      k =  154 ; sb/Sb = 0.254541759733561 ; sb = 884.740781569982
      Creating new point: f = 0.486336405061342
    i = 1 ; sf/Sf = 0.220889463247369 ; sf = 740.272365453688
      k =    5 ; sb/Sb = 0 ; sb = 0
      k =    6 ; sb/Sb = 0.0759555276398684 ; sb = 264.007575648882
      k =    7 ; sb/Sb = 0.159982267070569 ; sb = 556.069212979086
      k =  154 ; sb/Sb = 0.254541759733561 ; sb = 884.740781569982
      Creating new point: f = 0.644115090526893
    i = 73 ; sf/Sf = 0.337638627076218 ; sf = 1131.53674901342
      k =    5 ; sb/Sb = 0 ; sb = 0
      k =    6 ; sb/Sb = 0.0759555276398684 ; sb = 264.007575648882
      k =    7 ; sb/Sb = 0.159982267070569 ; sb = 556.069212979086
      k =  154 ; sb/Sb = 0.254541759733561 ; sb = 884.740781569982
      k =    8 ; sb/Sb = 0.349101252396553 ; sb = 1213.41235016088
      Creating new point: f = 0.878778692677765
    i = 115 ; sf/Sf = 0.425438593923997 ; sf = 1425.78296696169
      k =    5 ; sb/Sb = 0 ; sb = 0
      k =    6 ; sb/Sb = 0.0759555276398684 ; sb = 264.007575648882
      k =    7 ; sb/Sb = 0.159982267070569 ; sb = 556.069212979086
      k =  154 ; sb/Sb = 0.254541759733561 ; sb = 884.740781569982
      k =    8 ; sb/Sb = 0.349101252396553 ; sb = 1213.41235016088
      k =    9 ; sb/Sb = 0.51318890398689 ; sb = 1783.75113176582
      Creating new point: f = 0.465222951194576
    i = 72 ; sf/Sf = 0.513238560771776 ; sf = 1720.02918490995
      k =    5 ; sb/Sb = 0 ; sb = 0
      k =    6 ; sb/Sb = 0.0759555276398684 ; sb = 264.007575648882
      k =    7 ; sb/Sb = 0.159982267070569 ; sb = 556.069212979086
      k =  154 ; sb/Sb = 0.254541759733561 ; sb = 884.740781569982
      k =    8 ; sb/Sb = 0.349101252396553 ; sb = 1213.41235016088
      k =    9 ; sb/Sb = 0.51318890398689 ; sb = 1783.75113176582
      k =   10 ; sb/Sb = 0.662891451768525 ; sb = 2304.08991337077
      Creating new point: f = 0.000331703004538195
    i = 71 ; sf/Sf = 0.558393078033795 ; sf = 1871.35664441417
      k =    5 ; sb/Sb = 0 ; sb = 0
      k =    6 ; sb/Sb = 0.0759555276398684 ; sb = 264.007575648882
      k =    7 ; sb/Sb = 0.159982267070569 ; sb = 556.069212979086
      k =  154 ; sb/Sb = 0.254541759733561 ; sb = 884.740781569982
      k =    8 ; sb/Sb = 0.349101252396553 ; sb = 1213.41235016088
      k =    9 ; sb/Sb = 0.51318890398689 ; sb = 1783.75113176582
      k =   10 ; sb/Sb = 0.662891451768525 ; sb = 2304.08991337077
      Creating new point: f = 0.30195995136197
    i = 70 ; sf/Sf = 0.71292309392821 ; sf = 2389.23693946313
      k =    5 ; sb/Sb = 0 ; sb = 0
      k =    6 ; sb/Sb = 0.0759555276398684 ; sb = 264.007575648882
      k =    7 ; sb/Sb = 0.159982267070569 ; sb = 556.069212979086
      k =  154 ; sb/Sb = 0.254541759733561 ; sb = 884.740781569982
      k =    8 ; sb/Sb = 0.349101252396553 ; sb = 1213.41235016088
      k =    9 ; sb/Sb = 0.51318890398689 ; sb = 1783.75113176582
      k =   10 ; sb/Sb = 0.662891451768524 ; sb = 2304.08991337077
      k =   11 ; sb/Sb = 0.677276555577229 ; sb = 2354.08991337077
      k =   89 ; sb/Sb = 0.753734431086152 ; sb = 2619.84355868914
      Creating new point: f = 0.466224546702466
    i = 128 ; sf/Sf = 0.827957934869293 ; sf = 2774.75606998715
      k =    5 ; sb/Sb = 0 ; sb = 0
      k =    6 ; sb/Sb = 0.0759555276398684 ; sb = 264.007575648882
      k =    7 ; sb/Sb = 0.159982267070569 ; sb = 556.069212979086
      k =  154 ; sb/Sb = 0.254541759733561 ; sb = 884.740781569982
      k =    8 ; sb/Sb = 0.349101252396553 ; sb = 1213.41235016088
      k =    9 ; sb/Sb = 0.51318890398689 ; sb = 1783.75113176582
      k =   10 ; sb/Sb = 0.662891451768524 ; sb = 2304.08991337077
      k =   11 ; sb/Sb = 0.677276555577229 ; sb = 2354.08991337077
      k =   89 ; sb/Sb = 0.753734431086152 ; sb = 2619.84355868914
      k =   12 ; sb/Sb = 0.830192306595076 ; sb = 2885.59720400751
      Creating new point: f = 0.970776434593423
    i = 69 ; sf/Sf = 0.942992775810376 ; sf = 3160.27520051118
      k =    5 ; sb/Sb = 0 ; sb = 0
      k =    6 ; sb/Sb = 0.0759555276398684 ; sb = 264.007575648882
      k =    7 ; sb/Sb = 0.159982267070569 ; sb = 556.069212979086
      k =  154 ; sb/Sb = 0.254541759733561 ; sb = 884.740781569982
      k =    8 ; sb/Sb = 0.349101252396553 ; sb = 1213.41235016088
      k =    9 ; sb/Sb = 0.51318890398689 ; sb = 1783.75113176582
      k =   10 ; sb/Sb = 0.662891451768524 ; sb = 2304.08991337077
      k =   11 ; sb/Sb = 0.677276555577229 ; sb = 2354.08991337077
      k =   89 ; sb/Sb = 0.753734431086152 ; sb = 2619.84355868914
      k =   12 ; sb/Sb = 0.830192306595076 ; sb = 2885.59720400751
      k =   13 ; sb/Sb = 0.904884109789206 ; sb = 3145.21230372245
      k =   14 ; sb/Sb = 1 ; sb = 3475.81780881878
      Creating new point: f = 0.400655094923831
Tear 2 : Sf = 1130.7483574045 ; Sb = 1021.90225099151
  Forwards path
    i = 22 ; sf/Sf = 0.573205534794415 ; sf = 648.151216923952
      k =   23 ; sb/Sb = 0 ; sb = 0
      k =   24 ; sb/Sb = 0.0788946079771921 ; sb = 80.6225774829855
      k =   25 ; sb/Sb = 0.364193514462023 ; sb = 372.17017222525
      k =  116 ; sb/Sb = 0.638061234306643 ; sb = 652.036211608381
      Creating new point: f = 0.763186039051905
Tear 3 : Sf = 1483.29293466266 ; Sb = 1212.3066653345
  Forwards path
    i = 34 ; sf/Sf = 0.18339560839112 ; sf = 272.029410174709
      k =   35 ; sb/Sb = 0 ; sb = 0
      k =   36 ; sb/Sb = 0.36181789355105 ; sb = 438.634243989226
      Creating new point: f = 0.506872688332769
    i = 33 ; sf/Sf = 0.602578932020851 ; sf = 893.801072443101
      k =   35 ; sb/Sb = 0 ; sb = 0
      k =   36 ; sb/Sb = 0.36181789355105 ; sb = 438.634243989226
      k =   37 ; sb/Sb = 0.708363072889877 ; sb = 858.753274741226
      Creating new point: f = 0.694746465465626
    i = 32 ; sf/Sf = 0.882260281914275 ; sf = 1308.65044269693
      k =   35 ; sb/Sb = 0 ; sb = 0
      k =   36 ; sb/Sb = 0.36181789355105 ; sb = 438.634243989226
      k =   37 ; sb/Sb = 0.708363072889877 ; sb = 858.753274741226
      k =   38 ; sb/Sb = 1 ; sb = 1212.3066653345
      Creating new point: f = 0.596279801558647
Tear 4 : Sf = 2354.42199314667 ; Sb = 2921.99992032787
  Forwards path
    i = 54 ; sf/Sf = 0.159656562705594 ; sf = 375.89892258425
      k =   55 ; sb/Sb = 0 ; sb = 0
      k =   56 ; sb/Sb = 0.112572790224806 ; sb = 328.937684067971
      k =   57 ; sb/Sb = 0.181360441800055 ; sb = 529.935196490388
      Creating new point: f = 0.684480010620531
    i = 53 ; sf/Sf = 0.244603101848605 ; sf = 575.89892258425
      k =   55 ; sb/Sb = 0 ; sb = 0
      k =   56 ; sb/Sb = 0.112572790224806 ; sb = 328.937684067971
      k =   57 ; sb/Sb = 0.181360441800055 ; sb = 529.935196490388
      k =   58 ; sb/Sb = 0.249806713344634 ; sb = 729.935196490388
      Creating new point: f = 0.923975238115934
    i = 52 ; sf/Sf = 0.321525464657788 ; sf = 757.006625346998
      k =   55 ; sb/Sb = 0 ; sb = 0
      k =   56 ; sb/Sb = 0.112572790224806 ; sb = 328.937684067971
      k =   57 ; sb/Sb = 0.181360441800055 ; sb = 529.935196490388
      k =   58 ; sb/Sb = 0.249806713344634 ; sb = 729.935196490388
      k =   59 ; sb/Sb = 0.358569540280561 ; sb = 1047.7401681318
      Creating new point: f = 0.659404994644028
    i = 51 ; sf/Sf = 0.411524709322069 ; sf = 968.902826351169
      k =   55 ; sb/Sb = 0 ; sb = 0
      k =   56 ; sb/Sb = 0.112572790224806 ; sb = 328.937684067971
      k =   57 ; sb/Sb = 0.181360441800055 ; sb = 529.935196490388
      k =   58 ; sb/Sb = 0.249806713344634 ; sb = 729.935196490388
      k =   59 ; sb/Sb = 0.358569540280561 ; sb = 1047.7401681318
      k =   60 ; sb/Sb = 0.465540793081514 ; sb = 1360.31016029356
      Creating new point: f = 0.495041122310167
    i = 50 ; sf/Sf = 0.589962997774563 ; sf = 1389.02185710317
      k =   55 ; sb/Sb = 0 ; sb = 0
      k =   56 ; sb/Sb = 0.112572790224806 ; sb = 328.937684067971
      k =   57 ; sb/Sb = 0.181360441800055 ; sb = 529.935196490388
      k =   58 ; sb/Sb = 0.249806713344634 ; sb = 729.935196490388
      k =   59 ; sb/Sb = 0.358569540280561 ; sb = 1047.7401681318
      k =   60 ; sb/Sb = 0.465540793081514 ; sb = 1360.31016029356
      k =   61 ; sb/Sb = 0.582351529776955 ; sb = 1701.63112361108
      k =  382 ; sb/Sb = 0.703564537311416 ; sb = 2055.81552196948
      Creating new point: f = 0.0627941518194244
    i = 49 ; sf/Sf = 0.743396765559311 ; sf = 1750.26969446694
      k =   55 ; sb/Sb = 0 ; sb = 0
      k =   56 ; sb/Sb = 0.112572790224806 ; sb = 328.937684067971
      k =   57 ; sb/Sb = 0.181360441800055 ; sb = 529.935196490388
      k =   58 ; sb/Sb = 0.249806713344634 ; sb = 729.935196490388
      k =   59 ; sb/Sb = 0.358569540280561 ; sb = 1047.7401681318
      k =   60 ; sb/Sb = 0.465540793081514 ; sb = 1360.31016029356
      k =   61 ; sb/Sb = 0.582351529776955 ; sb = 1701.63112361108
      k =  382 ; sb/Sb = 0.703564537311416 ; sb = 2055.81552196948
      k =   94 ; sb/Sb = 0.824777544845878 ; sb = 2409.99992032787
      Creating new point: f = 0.328613480171013
Tear 1 : Sf = 3475.81780881878 ; Sb = 3351.32493225661
  Backwards path
    i = 6 ; sf/Sf = 0.0759555276398684 ; sf = 264.007575648882
      k =    5 ; sb/Sb = 0 ; sb = 0
      k =    4 ; sb/Sb = 0.0656456787828877 ; sb = 220
      k =    3 ; sb/Sb = 0.0990066333709905 ; sb = 331.80339887499
      Creating new point: f = 0.309039384042608
    i = 7 ; sf/Sf = 0.159982267070569 ; sf = 556.069212979086
      k =    5 ; sb/Sb = 0 ; sb = 0
      k =    4 ; sb/Sb = 0.0656456787828877 ; sb = 220
      k =    3 ; sb/Sb = 0.0990066333709905 ; sb = 331.80339887499
      k =    2 ; sb/Sb = 0.205969990796713 ; sb = 690.272365453688
      Creating new point: f = 0.570060955144581
    i = 154 ; sf/Sf = 0.254541759733561 ; sf = 884.740781569982
      k =    5 ; sb/Sb = 0 ; sb = 0
      k =    4 ; sb/Sb = 0.0656456787828877 ; sb = 220
      k =    3 ; sb/Sb = 0.0990066333709905 ; sb = 331.80339887499
      k =    2 ; sb/Sb = 0.205969990796713 ; sb = 690.272365453688
      k =    1 ; sb/Sb = 0.220889463247369 ; sb = 740.272365453688
      k =   73 ; sb/Sb = 0.337638627076218 ; sb = 1131.53674901342
      Creating new point: f = 0.288244432615596
    i = 8 ; sf/Sf = 0.349101252396553 ; sf = 1213.41235016088
      k =    5 ; sb/Sb = 0 ; sb = 0
      k =    4 ; sb/Sb = 0.0656456787828877 ; sb = 220
      k =    3 ; sb/Sb = 0.0990066333709905 ; sb = 331.80339887499
      k =    2 ; sb/Sb = 0.205969990796713 ; sb = 690.272365453688
      k =    1 ; sb/Sb = 0.220889463247369 ; sb = 740.272365453688
      k =   73 ; sb/Sb = 0.337638627076218 ; sb = 1131.53674901342
      k =  115 ; sb/Sb = 0.425438593923997 ; sb = 1425.78296696169
      Creating new point: f = 0.130553868433779
    i = 9 ; sf/Sf = 0.51318890398689 ; sf = 1783.75113176582
      k =    5 ; sb/Sb = 0 ; sb = 0
      k =    4 ; sb/Sb = 0.0656456787828877 ; sb = 220
      k =    3 ; sb/Sb = 0.0990066333709905 ; sb = 331.80339887499
      k =    2 ; sb/Sb = 0.205969990796713 ; sb = 690.272365453688
      k =    1 ; sb/Sb = 0.220889463247369 ; sb = 740.272365453688
      k =   73 ; sb/Sb = 0.337638627076218 ; sb = 1131.53674901342
      k =  115 ; sb/Sb = 0.425438593923997 ; sb = 1425.78296696169
      k =   72 ; sb/Sb = 0.513238560771776 ; sb = 1720.02918490995
      Creating new point: f = 0.999434432760408
    i = 10 ; sf/Sf = 0.662891451768524 ; sf = 2304.08991337077
      k =    5 ; sb/Sb = 0 ; sb = 0
      k =    4 ; sb/Sb = 0.0656456787828877 ; sb = 220
      k =    3 ; sb/Sb = 0.0990066333709905 ; sb = 331.80339887499
      k =    2 ; sb/Sb = 0.205969990796713 ; sb = 690.272365453688
      k =    1 ; sb/Sb = 0.220889463247369 ; sb = 740.272365453688
      k =   73 ; sb/Sb = 0.337638627076218 ; sb = 1131.53674901342
      k =  115 ; sb/Sb = 0.425438593923997 ; sb = 1425.78296696169
      k =   72 ; sb/Sb = 0.513238560771776 ; sb = 1720.02918490995
      k =   71 ; sb/Sb = 0.558393078033795 ; sb = 1871.35664441417
      k =   70 ; sb/Sb = 0.71292309392821 ; sb = 2389.23693946313
      Creating new point: f = 0.676233501497398
    i = 11 ; sf/Sf = 0.677276555577228 ; sf = 2354.08991337077
      k =    5 ; sb/Sb = 0 ; sb = 0
      k =    4 ; sb/Sb = 0.0656456787828877 ; sb = 220
      k =    3 ; sb/Sb = 0.0990066333709905 ; sb = 331.80339887499
      k =    2 ; sb/Sb = 0.205969990796713 ; sb = 690.272365453688
      k =    1 ; sb/Sb = 0.220889463247369 ; sb = 740.272365453688
      k =   73 ; sb/Sb = 0.337638627076218 ; sb = 1131.53674901342
      k =  115 ; sb/Sb = 0.425438593923997 ; sb = 1425.78296696169
      k =   72 ; sb/Sb = 0.513238560771776 ; sb = 1720.02918490995
      k =   71 ; sb/Sb = 0.558393078033795 ; sb = 1871.35664441417
      k =   70 ; sb/Sb = 0.71292309392821 ; sb = 2389.23693946313
      Creating new point: f = 0.769322884329877
    i = 89 ; sf/Sf = 0.753734431086152 ; sf = 2619.84355868914
      k =    5 ; sb/Sb = 0 ; sb = 0
      k =    4 ; sb/Sb = 0.0656456787828877 ; sb = 220
      k =    3 ; sb/Sb = 0.0990066333709905 ; sb = 331.80339887499
      k =    2 ; sb/Sb = 0.205969990796713 ; sb = 690.272365453688
      k =    1 ; sb/Sb = 0.220889463247369 ; sb = 740.272365453688
      k =   73 ; sb/Sb = 0.337638627076218 ; sb = 1131.53674901342
      k =  115 ; sb/Sb = 0.425438593923997 ; sb = 1425.78296696169
      k =   72 ; sb/Sb = 0.513238560771776 ; sb = 1720.02918490995
      k =   71 ; sb/Sb = 0.558393078033795 ; sb = 1871.35664441417
      k =   70 ; sb/Sb = 0.71292309392821 ; sb = 2389.23693946313
      k =  128 ; sb/Sb = 0.827957934869293 ; sb = 2774.75606998715
      Creating new point: f = 0.354773708765713
    i = 12 ; sf/Sf = 0.830192306595076 ; sf = 2885.59720400751
      k =    5 ; sb/Sb = 0 ; sb = 0
      k =    4 ; sb/Sb = 0.0656456787828877 ; sb = 220
      k =    3 ; sb/Sb = 0.0990066333709905 ; sb = 331.80339887499
      k =    2 ; sb/Sb = 0.205969990796713 ; sb = 690.272365453688
      k =    1 ; sb/Sb = 0.220889463247369 ; sb = 740.272365453688
      k =   73 ; sb/Sb = 0.337638627076218 ; sb = 1131.53674901342
      k =  115 ; sb/Sb = 0.425438593923997 ; sb = 1425.78296696169
      k =   72 ; sb/Sb = 0.513238560771776 ; sb = 1720.02918490995
      k =   71 ; sb/Sb = 0.558393078033795 ; sb = 1871.35664441417
      k =   70 ; sb/Sb = 0.71292309392821 ; sb = 2389.23693946313
      k =  128 ; sb/Sb = 0.827957934869293 ; sb = 2774.75606998715
      k =   69 ; sb/Sb = 0.942992775810377 ; sb = 3160.27520051118
      Creating new point: f = 0.0194234347394527
    i = 13 ; sf/Sf = 0.904884109789206 ; sf = 3145.21230372245
      k =    5 ; sb/Sb = 0 ; sb = 0
      k =    4 ; sb/Sb = 0.0656456787828877 ; sb = 220
      k =    3 ; sb/Sb = 0.0990066333709905 ; sb = 331.80339887499
      k =    2 ; sb/Sb = 0.205969990796713 ; sb = 690.272365453688
      k =    1 ; sb/Sb = 0.220889463247369 ; sb = 740.272365453688
      k =   73 ; sb/Sb = 0.337638627076218 ; sb = 1131.53674901342
      k =  115 ; sb/Sb = 0.425438593923997 ; sb = 1425.78296696169
      k =   72 ; sb/Sb = 0.513238560771776 ; sb = 1720.02918490995
      k =   71 ; sb/Sb = 0.558393078033795 ; sb = 1871.35664441417
      k =   70 ; sb/Sb = 0.71292309392821 ; sb = 2389.23693946313
      k =  128 ; sb/Sb = 0.827957934869293 ; sb = 2774.75606998715
      k =   69 ; sb/Sb = 0.942992775810377 ; sb = 3160.27520051118
      Creating new point: f = 0.668720661415189
Tear 2 : Sf = 1021.90225099151 ; Sb = 1130.7483574045
  Backwards path
    i = 24 ; sf/Sf = 0.0788946079771921 ; sf = 80.6225774829855
      k =   23 ; sb/Sb = 0 ; sb = 0
      k =   22 ; sb/Sb = 0.573205534794415 ; sb = 648.151216923952
      Creating new point: f = 0.137637554399206
    i = 25 ; sf/Sf = 0.364193514462023 ; sf = 372.17017222525
      k =   23 ; sb/Sb = 0 ; sb = 0
      k =   22 ; sb/Sb = 0.573205534794415 ; sb = 648.151216923952
      Creating new point: f = 0.635362871352321
    i = 116 ; sf/Sf = 0.638061234306643 ; sf = 652.036211608381
      k =   23 ; sb/Sb = 0 ; sb = 0
      k =   22 ; sb/Sb = 0.573205534794415 ; sb = 648.151216923952
      k =   21 ; sb/Sb = 1 ; sb = 1130.7483574045
      Creating new point: f = 0.151960029474579
    i = 26 ; sf/Sf = 0.911928954151264 ; sf = 931.902250991512
      k =   23 ; sb/Sb = 0 ; sb = 0
      k =   22 ; sb/Sb = 0.573205534794415 ; sb = 648.151216923952
      k =   21 ; sb/Sb = 1 ; sb = 1130.7483574045
      Creating new point: f = 0.793645295268033
Tear 3 : Sf = 1212.3066653345 ; Sb = 1483.29293466266
  Backwards path
    i = 36 ; sf/Sf = 0.36181789355105 ; sf = 438.634243989226
      k =   35 ; sb/Sb = 0 ; sb = 0
      k =   34 ; sb/Sb = 0.18339560839112 ; sb = 272.029410174709
      k =   33 ; sb/Sb = 0.602578932020851 ; sb = 893.801072443101
      Creating new point: f = 0.425642612914467
    i = 37 ; sf/Sf = 0.708363072889877 ; sf = 858.753274741226
      k =   35 ; sb/Sb = 0 ; sb = 0
      k =   34 ; sb/Sb = 0.18339560839112 ; sb = 272.029410174709
      k =   33 ; sb/Sb = 0.602578932020851 ; sb = 893.801072443101
      k =   32 ; sb/Sb = 0.882260281914275 ; sb = 1308.65044269693
      Creating new point: f = 0.37823094356966
Tear 4 : Sf = 2921.99992032787 ; Sb = 2354.42199314667
  Backwards path
    i = 56 ; sf/Sf = 0.112572790224806 ; sf = 328.937684067971
      k =   55 ; sb/Sb = 0 ; sb = 0
      k =   54 ; sb/Sb = 0.159656562705594 ; sb = 375.89892258425
      Creating new point: f = 0.705093409986473
    i = 57 ; sf/Sf = 0.181360441800055 ; sf = 529.935196490388
      k =   55 ; sb/Sb = 0 ; sb = 0
      k =   54 ; sb/Sb = 0.159656562705594 ; sb = 375.89892258425
      k =   53 ; sb/Sb = 0.244603101848605 ; sb = 575.89892258425
      Creating new point: f = 0.255500451382976
    i = 58 ; sf/Sf = 0.249806713344634 ; sf = 729.935196490388
      k =   55 ; sb/Sb = 0 ; sb = 0
      k =   54 ; sb/Sb = 0.159656562705594 ; sb = 375.89892258425
      k =   53 ; sb/Sb = 0.244603101848605 ; sb = 575.89892258425
      k =   52 ; sb/Sb = 0.321525464657788 ; sb = 757.006625346998
      Creating new point: f = 0.0676475774533474
    i = 59 ; sf/Sf = 0.358569540280561 ; sf = 1047.7401681318
      k =   55 ; sb/Sb = 0 ; sb = 0
      k =   54 ; sb/Sb = 0.159656562705594 ; sb = 375.89892258425
      k =   53 ; sb/Sb = 0.244603101848605 ; sb = 575.89892258425
      k =   52 ; sb/Sb = 0.321525464657788 ; sb = 757.006625346998
      k =   51 ; sb/Sb = 0.411524709322069 ; sb = 968.902826351169
      Creating new point: f = 0.411604294691097
    i = 60 ; sf/Sf = 0.465540793081514 ; sf = 1360.31016029356
      k =   55 ; sb/Sb = 0 ; sb = 0
      k =   54 ; sb/Sb = 0.159656562705594 ; sb = 375.89892258425
      k =   53 ; sb/Sb = 0.244603101848605 ; sb = 575.89892258425
      k =   52 ; sb/Sb = 0.321525464657788 ; sb = 757.006625346998
      k =   51 ; sb/Sb = 0.411524709322069 ; sb = 968.902826351169
      k =   50 ; sb/Sb = 0.589962997774563 ; sb = 1389.02185710317
      Creating new point: f = 0.302715769288636
    i = 61 ; sf/Sf = 0.582351529776955 ; sf = 1701.63112361108
      k =   55 ; sb/Sb = 0 ; sb = 0
      k =   54 ; sb/Sb = 0.159656562705594 ; sb = 375.89892258425
      k =   53 ; sb/Sb = 0.244603101848605 ; sb = 575.89892258425
      k =   52 ; sb/Sb = 0.321525464657788 ; sb = 757.006625346998
      k =   51 ; sb/Sb = 0.411524709322069 ; sb = 968.902826351169
      k =   50 ; sb/Sb = 0.589962997774563 ; sb = 1389.02185710317
      Creating new point: f = 0.95734397553564
    i = 382 ; sf/Sf = 0.703564537311416 ; sf = 2055.81552196948
      k =   55 ; sb/Sb = 0 ; sb = 0
      k =   54 ; sb/Sb = 0.159656562705594 ; sb = 375.89892258425
      k =   53 ; sb/Sb = 0.244603101848605 ; sb = 575.89892258425
      k =   52 ; sb/Sb = 0.321525464657788 ; sb = 757.006625346998
      k =   51 ; sb/Sb = 0.411524709322069 ; sb = 968.902826351169
      k =   50 ; sb/Sb = 0.589962997774563 ; sb = 1389.02185710317
      k =   49 ; sb/Sb = 0.743396765559311 ; sb = 1750.26969446694
      Creating new point: f = 0.740394641785925
    i = 94 ; sf/Sf = 0.824777544845878 ; sf = 2409.99992032787
      k =   55 ; sb/Sb = 0 ; sb = 0
      k =   54 ; sb/Sb = 0.159656562705594 ; sb = 375.89892258425
      k =   53 ; sb/Sb = 0.244603101848605 ; sb = 575.89892258425
      k =   52 ; sb/Sb = 0.321525464657788 ; sb = 757.006625346998
      k =   51 ; sb/Sb = 0.411524709322069 ; sb = 968.902826351169
      k =   50 ; sb/Sb = 0.589962997774563 ; sb = 1389.02185710317
      k =   49 ; sb/Sb = 0.743396765559311 ; sb = 1750.26969446694
      k =   48 ; sb/Sb = 1 ; sb = 2354.42199314667
      Creating new point: f = 0.31714635033323
Triangulating...
[1] "Non-adjacent points in rim connected by line: 76 42"
[1] "In triangle: 675" "In triangle: 677"
[1] "Other points in triangles: 454 43"
[1] "Non-adjacent points in rim connected by line: 464 13"
[1] "In triangle: 301" "In triangle: 304"
[1] "Other points in triangles: 135 12"
[1] "Non-adjacent points in rim connected by line: 473 472"
[1] "In triangle: 470" "In triangle: 475"
[1] "Other points in triangles: 59 513"
[1] "Non-adjacent points in rim connected by line: 494 493"
[1] "In triangle: 500" "In triangle: 513"
[1] "Other points in triangles: 53 516"
Merging points...
Projecting to sphere...
Optimising mapping with FIRE...
E =  0.00622 | E_L =  0.00622 | E_A =  0.00000 |   0 flippped triangles
E =  0.00599 | E_L =  0.00599 | E_A =  0.00000 |  65 flippped triangles
        phi0    phi0.1    phi0.2    phi0.3    phi0.4    phi0.5    phi0.6
id    18.000    55.000     56.00  61.00000     94.00    100.00    101.00
A   2524.680  2508.851  17051.24  75.52466  13237.29  47248.53  43033.30
a  -2624.993 -2391.415 -18390.94 -99.06915 -14514.09 -31583.79 -28255.61
      phi0.7    phi0.8    phi0.9  phi0.10   phi0.11   phi0.12   phi0.13
id   145.000    228.00   229.000   235.00    236.00   238.000    241.00
A   9943.926  14756.53  1987.678 10380.25  30295.63 39083.521  29653.15
a  -9893.760 -12613.00 -2250.678 -9888.26 -13555.35 -6462.822 -12182.94
     phi0.14   phi0.15   phi0.16   phi0.17   phi0.18   phi0.19   phi0.20
id   242.000  245.0000    248.00    249.00    250.00    251.00   256.000
A  11887.871 1261.8035  16351.22  10904.64  11164.88  21446.18  3595.191
a  -7651.554 -518.5049 -12858.71 -16181.68 -10439.25 -21681.62 -3628.066
        phi0.21   phi0.22   phi0.23   phi0.24   phi0.25   phi0.26   phi0.27
id 258.00000000    262.00   264.000   271.000   275.000    277.00    284.00
A    0.04012509  48681.70 16801.088  1729.671  3928.238  36963.97  40403.10
a   -0.06448238 -49816.86 -9315.892 -1775.385 -3901.895 -30981.60 -38202.17
     phi0.28   phi0.29   phi0.30   phi0.31   phi0.32   phi0.33   phi0.34
id 285.00000    286.00 294.00000   295.000   297.000    342.00    368.00
A   69.83152  70547.57  36.48704  9285.570  5386.156  57963.62  54777.56
a  -71.54516 -74232.59 -35.98582 -6285.143 -4660.951 -48084.08 -39845.37
     phi0.35   phi0.36   phi0.37   phi0.38   phi0.39   phi0.40   phi0.41
id   466.000   470.000    475.00    476.00    480.00   482.000   483.000
A   5001.512  8075.826  12338.32  39974.49  60531.42  1923.878 11942.210
a  -2546.971 -7795.113 -14814.14 -11262.46 -34313.98 -1869.294 -7973.011
     phi0.42   phi0.43   phi0.44   phi0.45   phi0.46   phi0.47   phi0.48
id  485.0000   486.000   489.000    490.00  491.0000   492.000   501.000
A   311.3974  3838.923 73495.596  34999.24  666.2575 10117.805  4381.042
a  -270.9243 -3402.655 -4263.215 -30237.24 -256.5341 -8235.879 -5526.030
     phi0.49   phi0.50   phi0.51   phi0.52   phi0.53   phi0.54   phi0.55
id    508.00   511.000   512.000   513.000    520.00   528.000    529.00
A   59686.38  1607.987  2005.966  1792.259  15676.15 31579.267  47906.69
a  -10200.77 -1767.217 -1922.716 -3812.372 -14225.79 -7920.628 -32303.48
     phi0.56   phi0.57   phi0.58   phi0.59   phi0.60   phi0.61   phi0.62
id    591.00  675.0000  678.0000   784.000   794.000  929.0000   932.000
A   15968.62  315.1580  811.6890  6575.490  8755.041  262.5510  3327.237
a  -17093.87 -284.4804 -695.4413 -5506.287 -8429.570 -212.4083 -3210.359
     phi0.63   phi0.64
id   933.000   935.000
A   7589.728  2974.746
a  -7582.206 -3305.325
E =  0.00593 | E_L =  0.00593 | E_A =  0.00000 |  68 flippped triangles
        phi0    phi0.1    phi0.2    phi0.3    phi0.4    phi0.5    phi0.6
id    18.000    55.000     56.00  61.00000  65.00000     94.00    100.00
A   2524.680  2508.851  17051.24  75.52466  65.91817  13237.29  47248.53
a  -2421.981 -2207.501 -16703.46 -75.48017 -68.16860 -14036.87 -26817.91
      phi0.7    phi0.8    phi0.9   phi0.10   phi0.11   phi0.12   phi0.13
id    101.00   145.000    228.00   229.000   235.000   236.000    238.00
A   43033.30  9943.926  14756.53  1987.678 10380.247 30295.633  39083.52
a  -23998.91 -8568.252 -14502.39 -1970.449 -9773.311 -7175.463 -23867.41
     phi0.14  phi0.15   phi0.16   phi0.17   phi0.18   phi0.19   phi0.20
id   241.000   242.00  245.0000    248.00    249.00    250.00    251.00
A  29653.152 11887.87 1261.8035  16351.22  10904.64  11164.88  21446.18
a  -9811.417 -6466.94 -611.0245 -12607.36 -15979.50 -10936.37 -20445.46
     phi0.21   phi0.22   phi0.23   phi0.24   phi0.25   phi0.26   phi0.27
id   256.000    262.00    264.00   271.000   275.000    277.00    284.00
A   3595.191  48681.70  16801.09  1729.671  3928.238  36963.97  40403.10
a  -3373.042 -43222.65 -11106.10 -1678.411 -3944.225 -34952.00 -31080.72
     phi0.28   phi0.29   phi0.30   phi0.31   phi0.32   phi0.33   phi0.34
id 285.00000    286.00   295.000   297.000    342.00    368.00   456.000
A   69.83152  70547.57  9285.570  5386.156  57963.62  54777.56 17055.993
a  -51.34422 -63526.72 -7549.754 -4873.278 -35221.62 -35453.02 -8607.423
     phi0.35   phi0.36   phi0.37   phi0.38   phi0.39    phi0.40   phi0.41
id   466.000   470.000    475.00   476.000    477.00   479.0000    480.00
A   5001.512  8075.826  12338.32 39974.493  39974.49 49005.3435  60531.42
a  -2561.835 -8069.728 -15994.29 -6973.173 -23208.94  -933.4408 -40976.22
     phi0.42   phi0.43   phi0.44   phi0.45  phi0.46   phi0.47   phi0.48
id   482.000   483.000  485.0000   486.000    489.0    490.00   492.000
A   1923.878 11942.210  311.3974  3838.923  73495.6  34999.24 10117.805
a  -1821.693 -9316.647 -254.3845 -3286.238 -18203.7 -31532.74 -9208.007
     phi0.49   phi0.50   phi0.51   phi0.52   phi0.53   phi0.54   phi0.55
id   501.000   508.000   511.000   512.000   513.000    520.00    528.00
A   4381.042 59686.377  1607.987  2005.966  1792.259  15676.15  31579.27
a  -5447.915 -6064.991 -1591.183 -1990.028 -3883.283 -16916.69 -11427.17
     phi0.56   phi0.57   phi0.58   phi0.59  phi0.60   phi0.61   phi0.62
id    529.00   588.000    591.00   595.000  675.000  678.0000   784.000
A   47906.69  6638.419  15968.62  6046.312  315.158  811.6890  6575.490
a  -34558.71 -6742.149 -17367.69 -4627.397 -306.003 -750.5621 -5682.056
     phi0.63  phi0.64   phi0.65   phi0.66   phi0.67
id   794.000  929.000   932.000   933.000   935.000
A   8755.041  262.551  3327.237  7589.728  2974.746
a  -8475.381 -253.462 -3249.749 -7315.648 -3507.935
E =  0.00592 | E_L =  0.00592 | E_A =  0.00000 |  68 flippped triangles
        phi0    phi0.1    phi0.2    phi0.3    phi0.4    phi0.5    phi0.6
id    18.000    55.000     56.00  61.00000  65.00000     94.00    100.00
A   2524.680  2508.851  17051.24  75.52466  65.91817  13237.29  47248.53
a  -2450.631 -2222.928 -15322.06 -76.48668 -69.41398 -14202.03 -28546.11
      phi0.7    phi0.8    phi0.9   phi0.10   phi0.11   phi0.12   phi0.13
id    101.00   145.000    228.00   229.000    235.00    238.00   242.000
A   43033.30  9943.926  14756.53  1987.678  10380.25  39083.52 11887.871
a  -25665.98 -9124.466 -12853.06 -2067.783 -10874.02 -16137.02 -6175.958
     phi0.14   phi0.15   phi0.16   phi0.17   phi0.18   phi0.19   phi0.20
id  245.0000    248.00    249.00    250.00    251.00   256.000 261.00000
A  1261.8035  16351.22  10904.64  11164.88  21446.18  3595.191  34.12447
a  -607.5036 -14328.27 -15826.60 -12103.78 -20616.53 -3237.594 -20.17279
     phi0.21   phi0.22   phi0.23   phi0.24   phi0.25  phi0.26   phi0.27
id    262.00    264.00   271.000   275.000    277.00   282.00    284.00
A   48681.70  16801.09  1729.671  3928.238  36963.97 58169.22  40403.10
a  -40548.17 -12368.69 -1671.104 -3511.028 -36447.85 -2598.41 -35280.68
     phi0.28   phi0.29   phi0.30   phi0.31   phi0.32   phi0.33   phi0.34
id 285.00000    286.00 294.00000   295.000   297.000    342.00    368.00
A   69.83152  70547.57  36.48704  9285.570  5386.156  57963.62  54777.56
a  -70.43677 -65729.21 -20.40465 -3880.918 -4863.554 -38589.08 -38599.78
     phi0.35   phi0.36   phi0.37   phi0.38   phi0.39   phi0.40   phi0.41
id    456.00   466.000   470.000    475.00   476.000    477.00    480.00
A   17055.99  5001.512  8075.826  12338.32 39974.493  39974.49  60531.42
a  -12582.10 -2499.072 -8044.354 -15809.70 -5434.537 -20265.13 -39911.53
     phi0.42   phi0.43   phi0.44   phi0.45   phi0.46   phi0.47   phi0.48
id   482.000   483.000  485.0000   486.000    489.00    490.00   492.000
A   1923.878 11942.210  311.3974  3838.923  73495.60  34999.24 10117.805
a  -1814.408 -9274.281 -255.8666 -3337.282 -16587.91 -31050.88 -8606.432
     phi0.49   phi0.50   phi0.51   phi0.52   phi0.53   phi0.54   phi0.55
id   501.000   508.000   511.000   512.000   513.000    520.00    528.00
A   4381.042 59686.377  1607.987  2005.966  1792.259  15676.15  31579.27
a  -5472.532 -5717.184 -1596.560 -1993.779 -3931.546 -16481.62 -11568.95
     phi0.56   phi0.57   phi0.58   phi0.59   phi0.60   phi0.61   phi0.62
id    529.00   588.000    591.00   595.000  675.0000  678.0000   784.000
A   47906.69  6638.419  15968.62  6046.312  315.1580  811.6890  6575.490
a  -34372.08 -5673.631 -16834.93 -3675.023 -305.9349 -746.6239 -5644.693
     phi0.63   phi0.64   phi0.65   phi0.66   phi0.67
id   794.000  929.0000   932.000   933.000   935.000
A   8755.041  262.5510  3327.237  7589.728  2974.746
a  -8450.929 -248.3166 -3297.474 -7432.013 -3525.845
E =  0.00590 | E_L =  0.00590 | E_A =  0.00000 |  68 flippped triangles
       phi0    phi0.1    phi0.2    phi0.3    phi0.4    phi0.5    phi0.6
id    18.00    55.000     56.00  61.00000  65.00000     94.00    100.00
A   2524.68  2508.851  17051.24  75.52466  65.91817  13237.29  47248.53
a  -2448.60 -2234.473 -15385.63 -76.78673 -67.20589 -14015.06 -29585.97
      phi0.7    phi0.8    phi0.9   phi0.10   phi0.11   phi0.12   phi0.13
id    101.00   145.000    228.00   229.000    235.00    238.00   242.000
A   43033.30  9943.926  14756.53  1987.678  10380.25  39083.52 11887.871
a  -26900.95 -8970.110 -12999.00 -2017.495 -10771.38 -19185.34 -6851.507
     phi0.14   phi0.15   phi0.16   phi0.17   phi0.18   phi0.19   phi0.20
id  245.0000    248.00    249.00    250.00    251.00   256.000 261.00000
A  1261.8035  16351.22  10904.64  11164.88  21446.18  3595.191  34.12447
a  -610.0453 -14221.19 -15697.05 -12190.53 -20569.26 -3285.747 -17.03945
     phi0.21   phi0.22   phi0.23   phi0.24   phi0.25   phi0.26   phi0.27
id    262.00    264.00   271.000   275.000    277.00   282.000    284.00
A   48681.70  16801.09  1729.671  3928.238  36963.97 58169.225  40403.10
a  -41642.59 -12504.99 -1626.643 -3581.102 -36485.23 -3888.183 -33900.93
     phi0.28   phi0.29   phi0.30   phi0.31   phi0.32   phi0.33   phi0.34
id 285.00000    286.00 294.00000   295.000   297.000    342.00    368.00
A   69.83152  70547.57  36.48704  9285.570  5386.156  57963.62  54777.56
a  -67.53879 -66193.37 -30.46880 -3863.569 -4885.016 -35602.30 -38037.39
     phi0.35   phi0.36   phi0.37   phi0.38   phi0.39   phi0.40   phi0.41
id    456.00   466.000   470.000    475.00   476.000    477.00    480.00
A   17055.99  5001.512  8075.826  12338.32 39974.493  39974.49  60531.42
a  -12475.60 -2505.533 -8046.085 -15841.25 -5684.213 -20847.51 -39847.93
     phi0.42   phi0.43   phi0.44   phi0.45  phi0.46   phi0.47   phi0.48
id   482.000   483.000  485.0000   486.000    489.0    490.00   492.000
A   1923.878 11942.210  311.3974  3838.923  73495.6  34999.24 10117.805
a  -1862.477 -9242.627 -247.4822 -3369.274 -16635.7 -31189.23 -8930.158
     phi0.49   phi0.50   phi0.51   phi0.52   phi0.53   phi0.54   phi0.55
id   501.000   508.000   511.000   512.000   513.000    520.00    528.00
A   4381.042 59686.377  1607.987  2005.966  1792.259  15676.15  31579.27
a  -5479.412 -6060.237 -1538.882 -2012.452 -3881.102 -16642.68 -11796.19
     phi0.56   phi0.57   phi0.58   phi0.59   phi0.60   phi0.61   phi0.62
id    529.00   588.000    591.00   595.000  675.0000  678.0000   784.000
A   47906.69  6638.419  15968.62  6046.312  315.1580  811.6890  6575.490
a  -34555.17 -6036.306 -16715.51 -3925.705 -302.7953 -751.2663 -5674.718
     phi0.63   phi0.64   phi0.65   phi0.66   phi0.67
id   794.000  929.0000   932.000   933.000   935.000
A   8755.041  262.5510  3327.237  7589.728  2974.746
a  -8467.018 -244.5679 -3299.651 -7409.282 -3523.078
E =  0.00590 | E_L =  0.00590 | E_A =  0.00000 |  67 flippped triangles
        phi0    phi0.1    phi0.2    phi0.3    phi0.4    phi0.5    phi0.6
id    18.000    55.000     56.00  61.00000  65.00000     94.00    100.00
A   2524.680  2508.851  17051.24  75.52466  65.91817  13237.29  47248.53
a  -2447.658 -2215.408 -15103.62 -76.73274 -69.81482 -14102.37 -27612.01
      phi0.7    phi0.8    phi0.9   phi0.10   phi0.11   phi0.12   phi0.13
id    101.00   145.000    228.00   229.000    235.00    238.00   242.000
A   43033.30  9943.926  14756.53  1987.678  10380.25  39083.52 11887.871
a  -24686.25 -8984.941 -12950.51 -2012.069 -10965.08 -17285.86 -6826.841
     phi0.14   phi0.15   phi0.16   phi0.17   phi0.18   phi0.19   phi0.20
id  245.0000    248.00    249.00    250.00    251.00   256.000 261.00000
A  1261.8035  16351.22  10904.64  11164.88  21446.18  3595.191  34.12447
a  -613.8479 -14436.86 -15829.07 -12085.16 -20529.34 -3266.621 -25.37785
     phi0.21   phi0.22   phi0.23   phi0.24   phi0.25   phi0.26   phi0.27
id    262.00    264.00   271.000   275.000    277.00   282.000    284.00
A   48681.70  16801.09  1729.671  3928.238  36963.97 58169.225  40403.10
a  -40349.65 -12157.19 -1682.259 -3591.313 -36180.61 -1818.235 -34586.48
     phi0.28   phi0.29   phi0.30   phi0.31   phi0.32   phi0.33   phi0.34
id 285.00000    286.00 294.00000   297.000    342.00    368.00    456.00
A   69.83152  70547.57  36.48704  5386.156  57963.62  54777.56  17055.99
a  -64.66369 -64583.40 -32.49279 -4870.816 -36741.75 -37684.61 -12538.22
     phi0.35   phi0.36   phi0.37   phi0.38   phi0.39   phi0.40   phi0.41
id   466.000   470.000    475.00   476.000    477.00    480.00   482.000
A   5001.512  8075.826  12338.32 39974.493  39974.49  60531.42  1923.878
a  -2612.467 -8068.211 -15903.41 -5750.894 -20632.61 -40432.24 -1842.270
     phi0.42   phi0.43   phi0.44   phi0.45   phi0.46   phi0.47   phi0.48
id   483.000  485.0000   486.000    489.00    490.00   492.000   501.000
A  11942.210  311.3974  3838.923  73495.60  34999.24 10117.805  4381.042
a  -9366.833 -254.1737 -3363.122 -16691.21 -31271.06 -8663.894 -5477.193
     phi0.49   phi0.50   phi0.51   phi0.52   phi0.53   phi0.54   phi0.55
id   508.000   511.000   512.000   513.000    520.00    528.00    529.00
A  59686.377  1607.987  2005.966  1792.259  15676.15  31579.27  47906.69
a  -7392.333 -1591.559 -2002.910 -3921.849 -16697.00 -12281.69 -35150.04
     phi0.56   phi0.57   phi0.58   phi0.59   phi0.60   phi0.61   phi0.62
id   588.000    591.00   595.000  675.0000  678.0000   784.000   794.000
A   6638.419  15968.62  6046.312  315.1580  811.6890  6575.490  8755.041
a  -6250.918 -17032.65 -4127.889 -302.7802 -755.8704 -5674.538 -8456.734
     phi0.63   phi0.64   phi0.65   phi0.66
id  929.0000   932.000   933.000   935.000
A   262.5510  3327.237  7589.728  2974.746
a  -250.9406 -3310.102 -7431.062 -3532.771
FIRE:  5  stops.  20 hits of maxmove.  0 hits of dtmax.
Frms = 8.0720792102852e-06; Ftanrms = 8.07131829436594e-06
E =  0.01100 | E_L =  0.01099 | E_A =  0.00001 |   0 flippped triangles
E =  0.00829 | E_L =  0.00824 | E_A =  0.00005 |   0 flippped triangles
E =  0.00803 | E_L =  0.00803 | E_A =  0.00000 |   0 flippped triangles
E =  0.00736 | E_L =  0.00736 | E_A =  0.00001 |   0 flippped triangles
E =  0.00722 | E_L =  0.00722 | E_A =  0.00000 |   0 flippped triangles
E =  0.00715 | E_L =  0.00715 | E_A =  0.00000 |   0 flippped triangles
E =  0.00710 | E_L =  0.00710 | E_A =  0.00000 |   0 flippped triangles
E =  0.00708 | E_L =  0.00708 | E_A =  0.00000 |   0 flippped triangles
E =  0.00706 | E_L =  0.00706 | E_A =  0.00000 |   0 flippped triangles
E =  0.00705 | E_L =  0.00705 | E_A =  0.00000 |   0 flippped triangles
Optimising mapping with BFGS...
E =  0.00705 | E_L =  0.00705 | E_A =  0.00000 |   0 flippped triangles
Transforming image...
Mapping optimised. Error: 0.007054552 ; 0 flipped triangles.
Inferring coordinates of datapoints
Inferring coordinates of landmarks
Mapping optimised. Error: 0.007054552 ; 0 flipped triangles. OD displacement: 15.35052 degrees.
Computing Kernel Density estimates of datapoints

[1] 0.8
Saving developmental_retina/data/C57BL6J/P8/AP/GM141-7/R-CONTRA/r.mat
