[1] "Adding old segment 1"
[1] "Adding old segment 11"
[1] "Adding old segment 10"
[1] "Adding old segment 9"
[1] "Adding old segment 8"
[1] "Adding old segment 7"
[1] "Adding old segment 6"
[1] "Adding old segment 2"
[1] "Storing new segment 1"
[1] "Adding old segment 3"
[1] "Storing new segment 2"
[1] "Adding old segment 4"
[1] "Storing new segment 3"
[1] "Adding old segment 5"
[1] "Storing new segment 4"
simplify.outline: Removing vertex 1
simplify.outline: Removing vertex 71
simplify.outline: Removing vertex 90
Triangulating...
[1] "Non-adjacent points in rim connected by line: 43 41"
[1] "In triangle: 35" "In triangle: 36"
[1] "Other points in triangles: 182 42"
[1] "Non-adjacent points in rim connected by line: 85 83"
[1] "In triangle: 94" "In triangle: 98"
[1] "Other points in triangles: 167 84"
[1] "Non-adjacent points in rim connected by line: 96 94"
[1] "In triangle: 119" "In triangle: 122"
[1] "Other points in triangles: 97 95"
[1] "Non-adjacent points in rim connected by line: 97 93"
[1] "In triangle: 111" "In triangle: 114"
[1] "Other points in triangles: 98 94"
[1] "Non-adjacent points in rim connected by line: 97 94"
[1] "In triangle: 114" "In triangle: 851"
[1] "Other points in triangles: 504 503"
[1] "Non-adjacent points in rim connected by line: 98 92"
[1] "In triangle: 109" "In triangle: 112"
[1] "Other points in triangles: 168 93"
[1] "Non-adjacent points in rim connected by line: 98 93"
[1] "In triangle: 112" "In triangle: 853"
[1] "Other points in triangles: 506 504"
[1] "Non-adjacent points in rim connected by line: 118 116"
[1] "In triangle: 233" "In triangle: 234"
[1] "Other points in triangles: 117 119"
[1] "Non-adjacent points in rim connected by line: 119 116"
[1] "In triangle: 230" "In triangle: 862"
[1] "Other points in triangles: 247 508"
[1] "Non-adjacent points in rim connected by line: 140 138"
[1] "In triangle: 19"  "In triangle: 249"
[1] "Other points in triangles: 164 139"
[1] "Non-adjacent points in rim connected by line: 145 44"
[1] "In triangle: 50" "In triangle: 55"
[1] "Other points in triangles: 152 153"
[1] "Non-adjacent points in rim connected by line: 147 108"
[1] "In triangle: 51"  "In triangle: 255"
[1] "Other points in triangles: 148 149"
[1] "Non-adjacent points in rim connected by line: 148 108"
[1] "In triangle: 242" "In triangle: 869"
[1] "Other points in triangles: 154 512"
[1] "Non-adjacent points in rim connected by line: 149 147"
[1] "In triangle: 255" "In triangle: 256"
[1] "Other points in triangles: 512 150"
[1] "Non-adjacent points in rim connected by line: 150 149"
[1] "In triangle: 246" "In triangle: 256"
[1] "Other points in triangles: 107 514"
[1] "Non-adjacent points in rim connected by line: 152 145"
[1] "In triangle: 50"  "In triangle: 251"
[1] "Other points in triangles: 511 151"
[1] "Non-adjacent points in rim connected by line: 152 151"
[1] "In triangle: 52"  "In triangle: 251"
[1] "Other points in triangles: 45 516"
Stitching...
Tear 1 child of rim
Tear 2 child of rim
Tear 3 child of rim
Tear 4 child of rim
Tear 1 : Sf = 3425.97963724641 ; Sb = 3871.44393338886
  Forwards path
    i = 60 ; sf/Sf = 0.0875661947136152 ; sf = 300
      k =   61 ; sb/Sb = 0 ; sb = 0
      k =   62 ; sb/Sb = 0.0238142269807394 ; sb = 92.1954445729289
      k =   63 ; sb/Sb = 0.0597914709156449 ; sb = 231.47932734477
      k =   64 ; sb/Sb = 0.0934698736892378 ; sb = 361.863375448823
      Creating new point: f = 0.824704306338076
    i = 59 ; sf/Sf = 0.178754707231267 ; sf = 612.409987036266
      k =   61 ; sb/Sb = 0 ; sb = 0
      k =   62 ; sb/Sb = 0.0238142269807394 ; sb = 92.1954445729289
      k =   63 ; sb/Sb = 0.0597914709156449 ; sb = 231.47932734477
      k =   64 ; sb/Sb = 0.0934698736892378 ; sb = 361.863375448823
      k =   65 ; sb/Sb = 0.145387844317441 ; sb = 562.860887871241
      k =   66 ; sb/Sb = 0.238698723560254 ; sb = 924.10872523501
      Creating new point: f = 0.357588131036677
    i = 58 ; sf/Sf = 0.275430676823366 ; sf = 943.61989026985
      k =   61 ; sb/Sb = 0 ; sb = 0
      k =   62 ; sb/Sb = 0.0238142269807394 ; sb = 92.1954445729289
      k =   63 ; sb/Sb = 0.0597914709156449 ; sb = 231.47932734477
      k =   64 ; sb/Sb = 0.0934698736892378 ; sb = 361.863375448823
      k =   65 ; sb/Sb = 0.145387844317441 ; sb = 562.860887871241
      k =   66 ; sb/Sb = 0.238698723560254 ; sb = 924.10872523501
      k =   67 ; sb/Sb = 0.320747594459779 ; sb = 1241.75632872038
      Creating new point: f = 0.447683835992009
    i = 57 ; sf/Sf = 0.343822061211605 ; sf = 1177.92738054705
      k =   61 ; sb/Sb = 0 ; sb = 0
      k =   62 ; sb/Sb = 0.0238142269807394 ; sb = 92.1954445729289
      k =   63 ; sb/Sb = 0.0597914709156449 ; sb = 231.47932734477
      k =   64 ; sb/Sb = 0.0934698736892378 ; sb = 361.863375448823
      k =   65 ; sb/Sb = 0.145387844317441 ; sb = 562.860887871241
      k =   66 ; sb/Sb = 0.238698723560254 ; sb = 924.10872523501
      k =   67 ; sb/Sb = 0.320747594459779 ; sb = 1241.75632872038
      k =   68 ; sb/Sb = 0.424711966119332 ; sb = 1644.24856467034
      Creating new point: f = 0.221945906886135
    i = 56 ; sf/Sf = 0.397484891285011 ; sf = 1361.77514365555
      k =   61 ; sb/Sb = 0 ; sb = 0
      k =   62 ; sb/Sb = 0.0238142269807394 ; sb = 92.1954445729289
      k =   63 ; sb/Sb = 0.0597914709156449 ; sb = 231.47932734477
      k =   64 ; sb/Sb = 0.0934698736892378 ; sb = 361.863375448823
      k =   65 ; sb/Sb = 0.145387844317441 ; sb = 562.860887871241
      k =   66 ; sb/Sb = 0.238698723560254 ; sb = 924.10872523501
      k =   67 ; sb/Sb = 0.320747594459779 ; sb = 1241.75632872038
      k =   68 ; sb/Sb = 0.424711966119332 ; sb = 1644.24856467034
      Creating new point: f = 0.738111485697428
    i = 55 ; sf/Sf = 0.463531451375357 ; sf = 1588.04931363525
      k =   61 ; sb/Sb = 0 ; sb = 0
      k =   62 ; sb/Sb = 0.0238142269807394 ; sb = 92.1954445729289
      k =   63 ; sb/Sb = 0.0597914709156449 ; sb = 231.47932734477
      k =   64 ; sb/Sb = 0.0934698736892378 ; sb = 361.863375448823
      k =   65 ; sb/Sb = 0.145387844317441 ; sb = 562.860887871241
      k =   66 ; sb/Sb = 0.238698723560254 ; sb = 924.10872523501
      k =   67 ; sb/Sb = 0.320747594459779 ; sb = 1241.75632872038
      k =   68 ; sb/Sb = 0.424711966119332 ; sb = 1644.24856467034
      k =   69 ; sb/Sb = 0.497770679442098 ; sb = 1927.09127714496
      Creating new point: f = 0.531346412912093
    i = 54 ; sf/Sf = 0.576163652523417 ; sf = 1973.92494126674
      k =   61 ; sb/Sb = 0 ; sb = 0
      k =   62 ; sb/Sb = 0.0238142269807394 ; sb = 92.1954445729289
      k =   63 ; sb/Sb = 0.0597914709156449 ; sb = 231.47932734477
      k =   64 ; sb/Sb = 0.0934698736892378 ; sb = 361.863375448823
      k =   65 ; sb/Sb = 0.145387844317441 ; sb = 562.860887871241
      k =   66 ; sb/Sb = 0.238698723560254 ; sb = 924.10872523501
      k =   67 ; sb/Sb = 0.320747594459779 ; sb = 1241.75632872038
      k =   68 ; sb/Sb = 0.424711966119332 ; sb = 1644.24856467034
      k =   69 ; sb/Sb = 0.497770679442098 ; sb = 1927.09127714496
      k =   70 ; sb/Sb = 0.61717754189623 ; sb = 2389.36825039801
      Creating new point: f = 0.65651983035256
    i = 53 ; sf/Sf = 0.684634257392488 ; sf = 2345.54302478798
      k =   61 ; sb/Sb = 0 ; sb = 0
      k =   62 ; sb/Sb = 0.0238142269807394 ; sb = 92.1954445729289
      k =   63 ; sb/Sb = 0.0597914709156449 ; sb = 231.47932734477
      k =   64 ; sb/Sb = 0.0934698736892378 ; sb = 361.863375448823
      k =   65 ; sb/Sb = 0.145387844317441 ; sb = 562.860887871241
      k =   66 ; sb/Sb = 0.238698723560254 ; sb = 924.10872523501
      k =   67 ; sb/Sb = 0.320747594459779 ; sb = 1241.75632872038
      k =   68 ; sb/Sb = 0.424711966119332 ; sb = 1644.24856467034
      k =   69 ; sb/Sb = 0.497770679442098 ; sb = 1927.09127714496
      k =   70 ; sb/Sb = 0.61717754189623 ; sb = 2389.36825039801
      k =   71 ; sb/Sb = 0.648281168310501 ; sb = 2509.78419618593
      k =   72 ; sb/Sb = 0.738242821207407 ; sb = 2858.06569153129
      Creating new point: f = 0.404095388550128
    i = 52 ; sf/Sf = 0.767037515485629 ; sf = 2627.85490905785
      k =   61 ; sb/Sb = 0 ; sb = 0
      k =   62 ; sb/Sb = 0.0238142269807394 ; sb = 92.1954445729289
      k =   63 ; sb/Sb = 0.0597914709156449 ; sb = 231.47932734477
      k =   64 ; sb/Sb = 0.0934698736892378 ; sb = 361.863375448823
      k =   65 ; sb/Sb = 0.145387844317441 ; sb = 562.860887871241
      k =   66 ; sb/Sb = 0.238698723560254 ; sb = 924.10872523501
      k =   67 ; sb/Sb = 0.320747594459779 ; sb = 1241.75632872038
      k =   68 ; sb/Sb = 0.424711966119332 ; sb = 1644.24856467034
      k =   69 ; sb/Sb = 0.497770679442098 ; sb = 1927.09127714496
      k =   70 ; sb/Sb = 0.61717754189623 ; sb = 2389.36825039801
      k =   71 ; sb/Sb = 0.648281168310501 ; sb = 2509.78419618593
      k =   72 ; sb/Sb = 0.738242821207407 ; sb = 2858.06569153129
      k =   73 ; sb/Sb = 0.795595074509287 ; sb = 3080.10172464304
      Creating new point: f = 0.502067357783806
    i = 51 ; sf/Sf = 0.888126784593855 ; sf = 3042.70427931168
      k =   61 ; sb/Sb = 0 ; sb = 0
      k =   62 ; sb/Sb = 0.0238142269807394 ; sb = 92.1954445729289
      k =   63 ; sb/Sb = 0.0597914709156449 ; sb = 231.47932734477
      k =   64 ; sb/Sb = 0.0934698736892378 ; sb = 361.863375448823
      k =   65 ; sb/Sb = 0.145387844317441 ; sb = 562.860887871241
      k =   66 ; sb/Sb = 0.238698723560254 ; sb = 924.10872523501
      k =   67 ; sb/Sb = 0.320747594459779 ; sb = 1241.75632872038
      k =   68 ; sb/Sb = 0.424711966119332 ; sb = 1644.24856467034
      k =   69 ; sb/Sb = 0.497770679442098 ; sb = 1927.09127714496
      k =   70 ; sb/Sb = 0.61717754189623 ; sb = 2389.36825039801
      k =   71 ; sb/Sb = 0.648281168310501 ; sb = 2509.78419618593
      k =   72 ; sb/Sb = 0.738242821207407 ; sb = 2858.06569153129
      k =   73 ; sb/Sb = 0.795595074509287 ; sb = 3080.10172464304
      k =   74 ; sb/Sb = 0.876291060919401 ; sb = 3392.5117116793
      k =   75 ; sb/Sb = 0.932941015243455 ; sb = 3611.82883367392
      Creating new point: f = 0.208927329521751
Tear 2 : Sf = 1266.00313236007 ; Sb = 1061.36305064791
  Forwards path
    i = 110 ; sf/Sf = 0.132409266499924 ; sf = 167.630546142402
      k =  111 ; sb/Sb = 0 ; sb = 0
      k =  112 ; sb/Sb = 0.105339448934781 ; sb = 111.803398874989
      k =  113 ; sb/Sb = 0.304093523677175 ; sb = 322.753629972279
      Creating new point: f = 0.13619754764891
    i = 109 ; sf/Sf = 0.311489140143247 ; sf = 394.346227117495
      k =  111 ; sb/Sb = 0 ; sb = 0
      k =  112 ; sb/Sb = 0.105339448934781 ; sb = 111.803398874989
      k =  113 ; sb/Sb = 0.304093523677175 ; sb = 322.753629972279
      k =  114 ; sb/Sb = 0.443205423711948 ; sb = 470.401860574613
      Creating new point: f = 0.0531630756550927
    i = 108 ; sf/Sf = 0.469466632368849 ; sf = 594.346227117495
      k =  111 ; sb/Sb = 0 ; sb = 0
      k =  112 ; sb/Sb = 0.105339448934781 ; sb = 111.803398874989
      k =  113 ; sb/Sb = 0.304093523677175 ; sb = 322.753629972279
      k =  114 ; sb/Sb = 0.443205423711948 ; sb = 470.401860574613
      k =  115 ; sb/Sb = 0.632816431794554 ; sb = 671.647978549594
      Creating new point: f = 0.138500443209817
    i = 149 ; sf/Sf = 0.485308230420232 ; sf = 614.401739872134
      k =  111 ; sb/Sb = 0 ; sb = 0
      k =  112 ; sb/Sb = 0.105339448934781 ; sb = 111.803398874989
      k =  113 ; sb/Sb = 0.304093523677175 ; sb = 322.753629972279
      k =  114 ; sb/Sb = 0.443205423711948 ; sb = 470.401860574613
      k =  115 ; sb/Sb = 0.632816431794554 ; sb = 671.647978549594
      Creating new point: f = 0.222048324799482
    i = 107 ; sf/Sf = 0.49794642979828 ; sf = 630.401739872135
      k =  111 ; sb/Sb = 0 ; sb = 0
      k =  112 ; sb/Sb = 0.105339448934781 ; sb = 111.803398874989
      k =  113 ; sb/Sb = 0.304093523677175 ; sb = 322.753629972279
      k =  114 ; sb/Sb = 0.443205423711948 ; sb = 470.401860574613
      k =  115 ; sb/Sb = 0.632816431794554 ; sb = 671.647978549594
      Creating new point: f = 0.28870162465717
    i = 150 ; sf/Sf = 0.510584629176328 ; sf = 646.401739872135
      k =  111 ; sb/Sb = 0 ; sb = 0
      k =  112 ; sb/Sb = 0.105339448934781 ; sb = 111.803398874989
      k =  113 ; sb/Sb = 0.304093523677175 ; sb = 322.753629972279
      k =  114 ; sb/Sb = 0.443205423711948 ; sb = 470.401860574613
      k =  115 ; sb/Sb = 0.632816431794554 ; sb = 671.647978549594
      Creating new point: f = 0.355354924514857
    i = 147 ; sf/Sf = 0.523222828554377 ; sf = 662.401739872135
      k =  111 ; sb/Sb = 0 ; sb = 0
      k =  112 ; sb/Sb = 0.105339448934781 ; sb = 111.803398874989
      k =  113 ; sb/Sb = 0.304093523677175 ; sb = 322.753629972279
      k =  114 ; sb/Sb = 0.443205423711948 ; sb = 470.401860574613
      k =  115 ; sb/Sb = 0.632816431794554 ; sb = 671.647978549594
      Creating new point: f = 0.422008224372544
    i = 148 ; sf/Sf = 0.535861027932424 ; sf = 678.401739872134
      k =  111 ; sb/Sb = 0 ; sb = 0
      k =  112 ; sb/Sb = 0.105339448934781 ; sb = 111.803398874989
      k =  113 ; sb/Sb = 0.304093523677175 ; sb = 322.753629972279
      k =  114 ; sb/Sb = 0.443205423711948 ; sb = 470.401860574613
      k =  115 ; sb/Sb = 0.632816431794554 ; sb = 671.647978549594
      Creating new point: f = 0.488661524230228
    i = 146 ; sf/Sf = 0.548499227310473 ; sf = 694.401739872135
      k =  111 ; sb/Sb = 0 ; sb = 0
      k =  112 ; sb/Sb = 0.105339448934781 ; sb = 111.803398874989
      k =  113 ; sb/Sb = 0.304093523677175 ; sb = 322.753629972279
      k =  114 ; sb/Sb = 0.443205423711948 ; sb = 470.401860574613
      k =  115 ; sb/Sb = 0.632816431794554 ; sb = 671.647978549594
      Creating new point: f = 0.555314824087915
    i = 144 ; sf/Sf = 0.599052024822665 ; sf = 758.401739872135
      k =  111 ; sb/Sb = 0 ; sb = 0
      k =  112 ; sb/Sb = 0.105339448934781 ; sb = 111.803398874989
      k =  113 ; sb/Sb = 0.304093523677175 ; sb = 322.753629972279
      k =  114 ; sb/Sb = 0.443205423711948 ; sb = 470.401860574613
      k =  115 ; sb/Sb = 0.632816431794554 ; sb = 671.647978549594
      Creating new point: f = 0.82192802351866
    i = 106 ; sf/Sf = 0.794022550542995 ; sf = 1005.23503615196
      k =  111 ; sb/Sb = 0 ; sb = 0
      k =  112 ; sb/Sb = 0.105339448934781 ; sb = 111.803398874989
      k =  113 ; sb/Sb = 0.304093523677175 ; sb = 322.753629972279
      k =  114 ; sb/Sb = 0.443205423711948 ; sb = 470.401860574613
      k =  115 ; sb/Sb = 0.632816431794554 ; sb = 671.647978549594
      k =  116 ; sb/Sb = 0.866090397674239 ; sb = 919.236346612393
      Creating new point: f = 0.691059193598936
Tear 3 : Sf = 2405.73444650681 ; Sb = 2775.27591367006
  Forwards path
    i = 137 ; sf/Sf = 0.0590783011158569 ; sf = 142.126704035519
      k =  138 ; sb/Sb = 0 ; sb = 0
      k =  139 ; sb/Sb = 0.0581005853045934 ; sb = 161.245154965971
      k =  140 ; sb/Sb = 0.0935884362720738 ; sb = 259.733732983932
      Creating new point: f = 0.0275507190378889
    i = 136 ; sf/Sf = 0.100227875837148 ; sf = 241.121653401636
      k =  138 ; sb/Sb = 0 ; sb = 0
      k =  139 ; sb/Sb = 0.0581005853045934 ; sb = 161.245154965971
      k =  140 ; sb/Sb = 0.0935884362720738 ; sb = 259.733732983932
      k =  141 ; sb/Sb = 0.119820458297059 ; sb = 332.534831876737
      Creating new point: f = 0.253104375970353
    i = 135 ; sf/Sf = 0.17423643418247 ; sf = 419.166591549284
      k =  138 ; sb/Sb = 0 ; sb = 0
      k =  139 ; sb/Sb = 0.0581005853045934 ; sb = 161.245154965971
      k =  140 ; sb/Sb = 0.0935884362720738 ; sb = 259.733732983932
      k =  141 ; sb/Sb = 0.119820458297059 ; sb = 332.534831876737
      k =  142 ; sb/Sb = 0.166801029656406 ; sb = 462.91887998079
      k =    1 ; sb/Sb = 0.268333297019141 ; sb = 744.698936052898
      Creating new point: f = 0.0732319362030945
    i = 134 ; sf/Sf = 0.309952391868644 ; sf = 745.663145895574
      k =  138 ; sb/Sb = 0 ; sb = 0
      k =  139 ; sb/Sb = 0.0581005853045934 ; sb = 161.245154965971
      k =  140 ; sb/Sb = 0.0935884362720738 ; sb = 259.733732983932
      k =  141 ; sb/Sb = 0.119820458297059 ; sb = 332.534831876737
      k =  142 ; sb/Sb = 0.166801029656406 ; sb = 462.91887998079
      k =    1 ; sb/Sb = 0.268333297019141 ; sb = 744.698936052898
      k =    2 ; sb/Sb = 0.375465482861228 ; sb = 1042.02031099927
      Creating new point: f = 0.38848357776298
    i = 133 ; sf/Sf = 0.466424609756599 ; sf = 1122.09375038995
      k =  138 ; sb/Sb = 0 ; sb = 0
      k =  139 ; sb/Sb = 0.0581005853045934 ; sb = 161.245154965971
      k =  140 ; sb/Sb = 0.0935884362720738 ; sb = 259.733732983932
      k =  141 ; sb/Sb = 0.119820458297059 ; sb = 332.534831876737
      k =  142 ; sb/Sb = 0.166801029656406 ; sb = 462.91887998079
      k =    1 ; sb/Sb = 0.268333297019141 ; sb = 744.698936052898
      k =    2 ; sb/Sb = 0.375465482861228 ; sb = 1042.02031099927
      k =    3 ; sb/Sb = 0.462243121938334 ; sb = 1282.85220257511
      k =    4 ; sb/Sb = 0.548193930527339 ; sb = 1521.38941141265
      Creating new point: f = 0.0486497787154001
    i = 132 ; sf/Sf = 0.613387376618354 ; sf = 1475.64714098322
      k =  138 ; sb/Sb = 0 ; sb = 0
      k =  139 ; sb/Sb = 0.0581005853045934 ; sb = 161.245154965971
      k =  140 ; sb/Sb = 0.0935884362720738 ; sb = 259.733732983932
      k =  141 ; sb/Sb = 0.119820458297059 ; sb = 332.534831876737
      k =  142 ; sb/Sb = 0.166801029656406 ; sb = 462.91887998079
      k =    1 ; sb/Sb = 0.268333297019141 ; sb = 744.698936052898
      k =    2 ; sb/Sb = 0.375465482861228 ; sb = 1042.02031099927
      k =    3 ; sb/Sb = 0.462243121938334 ; sb = 1282.85220257511
      k =    4 ; sb/Sb = 0.548193930527339 ; sb = 1521.38941141265
      k =    5 ; sb/Sb = 0.638275063999001 ; sb = 1771.38941141265
      Creating new point: f = 0.723719202662164
    i = 131 ; sf/Sf = 0.717305745648239 ; sf = 1725.64714098322
      k =  138 ; sb/Sb = 0 ; sb = 0
      k =  139 ; sb/Sb = 0.0581005853045934 ; sb = 161.245154965971
      k =  140 ; sb/Sb = 0.0935884362720738 ; sb = 259.733732983932
      k =  141 ; sb/Sb = 0.119820458297059 ; sb = 332.534831876737
      k =  142 ; sb/Sb = 0.166801029656406 ; sb = 462.91887998079
      k =    1 ; sb/Sb = 0.268333297019141 ; sb = 744.698936052898
      k =    2 ; sb/Sb = 0.375465482861228 ; sb = 1042.02031099927
      k =    3 ; sb/Sb = 0.462243121938334 ; sb = 1282.85220257511
      k =    4 ; sb/Sb = 0.548193930527339 ; sb = 1521.38941141265
      k =    5 ; sb/Sb = 0.638275063999001 ; sb = 1771.38941141265
      k =    6 ; sb/Sb = 0.759346252154808 ; sb = 2107.39536374087
      Creating new point: f = 0.652762088594792
    i = 130 ; sf/Sf = 0.831672620281246 ; sf = 2000.78347082717
      k =  138 ; sb/Sb = 0 ; sb = 0
      k =  139 ; sb/Sb = 0.0581005853045934 ; sb = 161.245154965971
      k =  140 ; sb/Sb = 0.0935884362720738 ; sb = 259.733732983932
      k =  141 ; sb/Sb = 0.119820458297059 ; sb = 332.534831876737
      k =  142 ; sb/Sb = 0.166801029656406 ; sb = 462.91887998079
      k =    1 ; sb/Sb = 0.268333297019141 ; sb = 744.698936052898
      k =    2 ; sb/Sb = 0.375465482861228 ; sb = 1042.02031099927
      k =    3 ; sb/Sb = 0.462243121938334 ; sb = 1282.85220257511
      k =    4 ; sb/Sb = 0.548193930527339 ; sb = 1521.38941141265
      k =    5 ; sb/Sb = 0.638275063999001 ; sb = 1771.38941141265
      k =    6 ; sb/Sb = 0.759346252154808 ; sb = 2107.39536374087
      k =    7 ; sb/Sb = 0.851423095947137 ; sb = 2362.93401052449
      Creating new point: f = 0.785500079580956
    i = 129 ; sf/Sf = 0.937648978582069 ; sf = 2255.73444650681
      k =  138 ; sb/Sb = 0 ; sb = 0
      k =  139 ; sb/Sb = 0.0581005853045934 ; sb = 161.245154965971
      k =  140 ; sb/Sb = 0.0935884362720738 ; sb = 259.733732983932
      k =  141 ; sb/Sb = 0.119820458297059 ; sb = 332.534831876737
      k =  142 ; sb/Sb = 0.166801029656406 ; sb = 462.91887998079
      k =    1 ; sb/Sb = 0.268333297019141 ; sb = 744.698936052898
      k =    2 ; sb/Sb = 0.375465482861228 ; sb = 1042.02031099927
      k =    3 ; sb/Sb = 0.462243121938334 ; sb = 1282.85220257511
      k =    4 ; sb/Sb = 0.548193930527339 ; sb = 1521.38941141265
      k =    5 ; sb/Sb = 0.638275063999001 ; sb = 1771.38941141265
      k =    6 ; sb/Sb = 0.759346252154808 ; sb = 2107.39536374087
      k =    7 ; sb/Sb = 0.851423095947137 ; sb = 2362.93401052449
      k =    8 ; sb/Sb = 0.914351070461491 ; sb = 2537.57650249022
      k =    9 ; sb/Sb = 0.980595930009665 ; sb = 2721.42426559872
      Creating new point: f = 0.351693826199989
Tear 4 : Sf = 2671.60575447269 ; Sb = 2122.81304758958
  Forwards path
    i = 28 ; sf/Sf = 0.0368649370713008 ; sf = 98.488578017961
      k =   29 ; sb/Sb = 0 ; sb = 0
      k =   30 ; sb/Sb = 0.157228346483247 ; sb = 333.766385365573
      Creating new point: f = 0.234467498360601
    i = 27 ; sf/Sf = 0.130441618279395 ; sf = 348.488578017961
      k =   29 ; sb/Sb = 0 ; sb = 0
      k =   30 ; sb/Sb = 0.157228346483247 ; sb = 333.766385365573
      Creating new point: f = 0.829631686632875
    i = 26 ; sf/Sf = 0.253223353117317 ; sf = 676.512967355095
      k =   29 ; sb/Sb = 0 ; sb = 0
      k =   30 ; sb/Sb = 0.157228346483247 ; sb = 333.766385365573
      k =   31 ; sb/Sb = 0.322372876406516 ; sb = 684.337348224735
      Creating new point: f = 0.581278754304924
    i = 25 ; sf/Sf = 0.364323743246436 ; sf = 973.329408948212
      k =   29 ; sb/Sb = 0 ; sb = 0
      k =   30 ; sb/Sb = 0.157228346483247 ; sb = 333.766385365573
      k =   31 ; sb/Sb = 0.322372876406516 ; sb = 684.337348224735
      k =   32 ; sb/Sb = 0.456442614548703 ; sb = 968.942337639889
      Creating new point: f = 0.312903324950406
    i = 24 ; sf/Sf = 0.492082475142449 ; sf = 1314.65037226573
      k =   29 ; sb/Sb = 0 ; sb = 0
      k =   30 ; sb/Sb = 0.157228346483247 ; sb = 333.766385365573
      k =   31 ; sb/Sb = 0.322372876406516 ; sb = 684.337348224735
      k =   32 ; sb/Sb = 0.456442614548703 ; sb = 968.942337639889
      k =   33 ; sb/Sb = 0.59337828931528 ; sb = 1259.63117471486
      Creating new point: f = 0.260267170366654
    i = 23 ; sf/Sf = 0.620987537791718 ; sf = 1659.03387942018
      k =   29 ; sb/Sb = 0 ; sb = 0
      k =   30 ; sb/Sb = 0.157228346483247 ; sb = 333.766385365573
      k =   31 ; sb/Sb = 0.322372876406516 ; sb = 684.337348224735
      k =   32 ; sb/Sb = 0.456442614548703 ; sb = 968.942337639889
      k =   33 ; sb/Sb = 0.59337828931528 ; sb = 1259.63117471486
      k =   34 ; sb/Sb = 0.688062798933613 ; sb = 1460.62868713728
      Creating new point: f = 0.29159203113296
    i = 22 ; sf/Sf = 0.789217487264032 ; sf = 2108.47798050507
      k =   29 ; sb/Sb = 0 ; sb = 0
      k =   30 ; sb/Sb = 0.157228346483247 ; sb = 333.766385365573
      k =   31 ; sb/Sb = 0.322372876406516 ; sb = 684.337348224735
      k =   32 ; sb/Sb = 0.456442614548703 ; sb = 968.942337639889
      k =   33 ; sb/Sb = 0.59337828931528 ; sb = 1259.63117471486
      k =   34 ; sb/Sb = 0.688062798933613 ; sb = 1460.62868713728
      k =   35 ; sb/Sb = 0.785176994418217 ; sb = 1666.78396841816
      k =   36 ; sb/Sb = 0.847136979320801 ; sb = 1798.31343279782
      Creating new point: f = 0.0652113271519897
    i = 21 ; sf/Sf = 0.957322467089678 ; sf = 2557.58821196278
      k =   29 ; sb/Sb = 0 ; sb = 0
      k =   30 ; sb/Sb = 0.157228346483247 ; sb = 333.766385365573
      k =   31 ; sb/Sb = 0.322372876406516 ; sb = 684.337348224735
      k =   32 ; sb/Sb = 0.456442614548703 ; sb = 968.942337639889
      k =   33 ; sb/Sb = 0.59337828931528 ; sb = 1259.63117471486
      k =   34 ; sb/Sb = 0.688062798933613 ; sb = 1460.62868713728
      k =   35 ; sb/Sb = 0.785176994418217 ; sb = 1666.78396841816
      k =   36 ; sb/Sb = 0.847136979320801 ; sb = 1798.31343279782
      k =   37 ; sb/Sb = 1 ; sb = 2122.81304758958
      Creating new point: f = 0.720811922198725
Tear 1 : Sf = 3871.44393338886 ; Sb = 3425.97963724641
  Backwards path
    i = 62 ; sf/Sf = 0.0238142269807394 ; sf = 92.1954445729289
      k =   61 ; sb/Sb = 0 ; sb = 0
      k =   60 ; sb/Sb = 0.0875661947136152 ; sb = 300
      Creating new point: f = 0.271956855709258
    i = 63 ; sf/Sf = 0.0597914709156449 ; sf = 231.47932734477
      k =   61 ; sb/Sb = 0 ; sb = 0
      k =   60 ; sb/Sb = 0.0875661947136152 ; sb = 300
      Creating new point: f = 0.682814539460035
    i = 64 ; sf/Sf = 0.0934698736892378 ; sf = 361.863375448823
      k =   61 ; sb/Sb = 0 ; sb = 0
      k =   60 ; sb/Sb = 0.0875661947136152 ; sb = 300
      k =   59 ; sb/Sb = 0.178754707231267 ; sb = 612.409987036266
      Creating new point: f = 0.0647414768881093
    i = 65 ; sf/Sf = 0.145387844317441 ; sf = 562.860887871241
      k =   61 ; sb/Sb = 0 ; sb = 0
      k =   60 ; sb/Sb = 0.0875661947136152 ; sb = 300
      k =   59 ; sb/Sb = 0.178754707231267 ; sb = 612.409987036266
      Creating new point: f = 0.634089185220919
    i = 66 ; sf/Sf = 0.238698723560254 ; sf = 924.10872523501
      k =   61 ; sb/Sb = 0 ; sb = 0
      k =   60 ; sb/Sb = 0.0875661947136152 ; sb = 300
      k =   59 ; sb/Sb = 0.178754707231267 ; sb = 612.409987036266
      k =   58 ; sb/Sb = 0.275430676823366 ; sb = 943.61989026985
      Creating new point: f = 0.620050841816284
    i = 67 ; sf/Sf = 0.320747594459779 ; sf = 1241.75632872038
      k =   61 ; sb/Sb = 0 ; sb = 0
      k =   60 ; sb/Sb = 0.0875661947136152 ; sb = 300
      k =   59 ; sb/Sb = 0.178754707231267 ; sb = 612.409987036266
      k =   58 ; sb/Sb = 0.275430676823366 ; sb = 943.61989026985
      k =   57 ; sb/Sb = 0.343822061211606 ; sb = 1177.92738054705
      Creating new point: f = 0.662611497658253
    i = 68 ; sf/Sf = 0.424711966119332 ; sf = 1644.24856467034
      k =   61 ; sb/Sb = 0 ; sb = 0
      k =   60 ; sb/Sb = 0.0875661947136152 ; sb = 300
      k =   59 ; sb/Sb = 0.178754707231267 ; sb = 612.409987036266
      k =   58 ; sb/Sb = 0.275430676823366 ; sb = 943.61989026985
      k =   57 ; sb/Sb = 0.343822061211606 ; sb = 1177.92738054705
      k =   56 ; sb/Sb = 0.397484891285011 ; sb = 1361.77514365555
      k =   55 ; sb/Sb = 0.463531451375357 ; sb = 1588.04931363525
      Creating new point: f = 0.412240619300639
    i = 69 ; sf/Sf = 0.497770679442098 ; sf = 1927.09127714496
      k =   61 ; sb/Sb = 0 ; sb = 0
      k =   60 ; sb/Sb = 0.0875661947136152 ; sb = 300
      k =   59 ; sb/Sb = 0.178754707231267 ; sb = 612.409987036266
      k =   58 ; sb/Sb = 0.275430676823366 ; sb = 943.61989026985
      k =   57 ; sb/Sb = 0.343822061211606 ; sb = 1177.92738054705
      k =   56 ; sb/Sb = 0.397484891285011 ; sb = 1361.77514365555
      k =   55 ; sb/Sb = 0.463531451375357 ; sb = 1588.04931363525
      k =   54 ; sb/Sb = 0.576163652523417 ; sb = 1973.92494126674
      Creating new point: f = 0.303991467073724
    i = 70 ; sf/Sf = 0.61717754189623 ; sf = 2389.36825039801
      k =   61 ; sb/Sb = 0 ; sb = 0
      k =   60 ; sb/Sb = 0.0875661947136152 ; sb = 300
      k =   59 ; sb/Sb = 0.178754707231267 ; sb = 612.409987036266
      k =   58 ; sb/Sb = 0.275430676823366 ; sb = 943.61989026985
      k =   57 ; sb/Sb = 0.343822061211606 ; sb = 1177.92738054705
      k =   56 ; sb/Sb = 0.397484891285011 ; sb = 1361.77514365555
      k =   55 ; sb/Sb = 0.463531451375357 ; sb = 1588.04931363525
      k =   54 ; sb/Sb = 0.576163652523417 ; sb = 1973.92494126674
      k =   53 ; sb/Sb = 0.684634257392488 ; sb = 2345.54302478798
      Creating new point: f = 0.378110635801463
    i = 71 ; sf/Sf = 0.648281168310501 ; sf = 2509.78419618593
      k =   61 ; sb/Sb = 0 ; sb = 0
      k =   60 ; sb/Sb = 0.0875661947136152 ; sb = 300
      k =   59 ; sb/Sb = 0.178754707231267 ; sb = 612.409987036266
      k =   58 ; sb/Sb = 0.275430676823366 ; sb = 943.61989026985
      k =   57 ; sb/Sb = 0.343822061211606 ; sb = 1177.92738054705
      k =   56 ; sb/Sb = 0.397484891285011 ; sb = 1361.77514365555
      k =   55 ; sb/Sb = 0.463531451375357 ; sb = 1588.04931363525
      k =   54 ; sb/Sb = 0.576163652523417 ; sb = 1973.92494126674
      k =   53 ; sb/Sb = 0.684634257392488 ; sb = 2345.54302478798
      Creating new point: f = 0.664857690008585
    i = 72 ; sf/Sf = 0.738242821207407 ; sf = 2858.06569153129
      k =   61 ; sb/Sb = 0 ; sb = 0
      k =   60 ; sb/Sb = 0.0875661947136152 ; sb = 300
      k =   59 ; sb/Sb = 0.178754707231267 ; sb = 612.409987036266
      k =   58 ; sb/Sb = 0.275430676823366 ; sb = 943.61989026985
      k =   57 ; sb/Sb = 0.343822061211606 ; sb = 1177.92738054705
      k =   56 ; sb/Sb = 0.397484891285011 ; sb = 1361.77514365555
      k =   55 ; sb/Sb = 0.463531451375357 ; sb = 1588.04931363525
      k =   54 ; sb/Sb = 0.576163652523417 ; sb = 1973.92494126674
      k =   53 ; sb/Sb = 0.684634257392488 ; sb = 2345.54302478798
      k =   52 ; sb/Sb = 0.767037515485629 ; sb = 2627.85490905784
      Creating new point: f = 0.650563643422018
    i = 73 ; sf/Sf = 0.795595074509287 ; sf = 3080.10172464304
      k =   61 ; sb/Sb = 0 ; sb = 0
      k =   60 ; sb/Sb = 0.0875661947136152 ; sb = 300
      k =   59 ; sb/Sb = 0.178754707231267 ; sb = 612.409987036266
      k =   58 ; sb/Sb = 0.275430676823366 ; sb = 943.61989026985
      k =   57 ; sb/Sb = 0.343822061211606 ; sb = 1177.92738054705
      k =   56 ; sb/Sb = 0.397484891285011 ; sb = 1361.77514365555
      k =   55 ; sb/Sb = 0.463531451375357 ; sb = 1588.04931363525
      k =   54 ; sb/Sb = 0.576163652523417 ; sb = 1973.92494126674
      k =   53 ; sb/Sb = 0.684634257392488 ; sb = 2345.54302478798
      k =   52 ; sb/Sb = 0.767037515485629 ; sb = 2627.85490905784
      k =   51 ; sb/Sb = 0.888126784593855 ; sb = 3042.70427931168
      Creating new point: f = 0.235838891703394
    i = 74 ; sf/Sf = 0.876291060919401 ; sf = 3392.5117116793
      k =   61 ; sb/Sb = 0 ; sb = 0
      k =   60 ; sb/Sb = 0.0875661947136152 ; sb = 300
      k =   59 ; sb/Sb = 0.178754707231267 ; sb = 612.409987036266
      k =   58 ; sb/Sb = 0.275430676823366 ; sb = 943.61989026985
      k =   57 ; sb/Sb = 0.343822061211606 ; sb = 1177.92738054705
      k =   56 ; sb/Sb = 0.397484891285011 ; sb = 1361.77514365555
      k =   55 ; sb/Sb = 0.463531451375357 ; sb = 1588.04931363525
      k =   54 ; sb/Sb = 0.576163652523417 ; sb = 1973.92494126674
      k =   53 ; sb/Sb = 0.684634257392488 ; sb = 2345.54302478798
      k =   52 ; sb/Sb = 0.767037515485629 ; sb = 2627.85490905784
      k =   51 ; sb/Sb = 0.888126784593855 ; sb = 3042.70427931168
      Creating new point: f = 0.90225621343973
    i = 75 ; sf/Sf = 0.932941015243455 ; sf = 3611.82883367392
      k =   61 ; sb/Sb = 0 ; sb = 0
      k =   60 ; sb/Sb = 0.0875661947136152 ; sb = 300
      k =   59 ; sb/Sb = 0.178754707231267 ; sb = 612.409987036266
      k =   58 ; sb/Sb = 0.275430676823366 ; sb = 943.61989026985
      k =   57 ; sb/Sb = 0.343822061211606 ; sb = 1177.92738054705
      k =   56 ; sb/Sb = 0.397484891285011 ; sb = 1361.77514365555
      k =   55 ; sb/Sb = 0.463531451375357 ; sb = 1588.04931363525
      k =   54 ; sb/Sb = 0.576163652523417 ; sb = 1973.92494126674
      k =   53 ; sb/Sb = 0.684634257392488 ; sb = 2345.54302478798
      k =   52 ; sb/Sb = 0.767037515485629 ; sb = 2627.85490905784
      k =   51 ; sb/Sb = 0.888126784593855 ; sb = 3042.70427931168
      k =   50 ; sb/Sb = 1 ; sb = 3425.97963724641
      Creating new point: f = 0.400580518642523
Tear 2 : Sf = 1061.36305064791 ; Sb = 1266.00313236007
  Backwards path
    i = 112 ; sf/Sf = 0.105339448934781 ; sf = 111.803398874989
      k =  111 ; sb/Sb = 0 ; sb = 0
      k =  110 ; sb/Sb = 0.132409266499924 ; sb = 167.630546142402
      Creating new point: f = 0.795559493072505
    i = 113 ; sf/Sf = 0.304093523677175 ; sf = 322.753629972279
      k =  111 ; sb/Sb = 0 ; sb = 0
      k =  110 ; sb/Sb = 0.132409266499924 ; sb = 167.630546142402
      k =  109 ; sb/Sb = 0.311489140143247 ; sb = 394.346227117495
      Creating new point: f = 0.958702134887573
    i = 114 ; sf/Sf = 0.443205423711948 ; sf = 470.401860574613
      k =  111 ; sb/Sb = 0 ; sb = 0
      k =  110 ; sb/Sb = 0.132409266499924 ; sb = 167.630546142402
      k =  109 ; sb/Sb = 0.311489140143247 ; sb = 394.346227117495
      k =  108 ; sb/Sb = 0.469466632368849 ; sb = 594.346227117495
      Creating new point: f = 0.833766137904008
    i = 115 ; sf/Sf = 0.632816431794554 ; sf = 671.647978549594
      k =  111 ; sb/Sb = 0 ; sb = 0
      k =  110 ; sb/Sb = 0.132409266499924 ; sb = 167.630546142402
      k =  109 ; sb/Sb = 0.311489140143247 ; sb = 394.346227117495
      k =  108 ; sb/Sb = 0.469466632368849 ; sb = 594.346227117495
      k =  149 ; sb/Sb = 0.485308230420232 ; sb = 614.401739872134
      k =  107 ; sb/Sb = 0.49794642979828 ; sb = 630.401739872135
      k =  150 ; sb/Sb = 0.510584629176328 ; sb = 646.401739872135
      k =  147 ; sb/Sb = 0.523222828554376 ; sb = 662.401739872135
      k =  148 ; sb/Sb = 0.535861027932424 ; sb = 678.401739872135
      k =  146 ; sb/Sb = 0.548499227310473 ; sb = 694.401739872135
      k =  144 ; sb/Sb = 0.599052024822665 ; sb = 758.401739872135
      k =  106 ; sb/Sb = 0.794022550542995 ; sb = 1005.23503615196
      Creating new point: f = 0.17317698071103
    i = 116 ; sf/Sf = 0.866090397674239 ; sf = 919.236346612393
      k =  111 ; sb/Sb = 0 ; sb = 0
      k =  110 ; sb/Sb = 0.132409266499924 ; sb = 167.630546142402
      k =  109 ; sb/Sb = 0.311489140143247 ; sb = 394.346227117495
      k =  108 ; sb/Sb = 0.469466632368849 ; sb = 594.346227117495
      k =  149 ; sb/Sb = 0.485308230420232 ; sb = 614.401739872134
      k =  107 ; sb/Sb = 0.49794642979828 ; sb = 630.401739872135
      k =  150 ; sb/Sb = 0.510584629176328 ; sb = 646.401739872135
      k =  147 ; sb/Sb = 0.523222828554376 ; sb = 662.401739872135
      k =  148 ; sb/Sb = 0.535861027932424 ; sb = 678.401739872135
      k =  146 ; sb/Sb = 0.548499227310473 ; sb = 694.401739872135
      k =  144 ; sb/Sb = 0.599052024822665 ; sb = 758.401739872135
      k =  106 ; sb/Sb = 0.794022550542995 ; sb = 1005.23503615196
      k =  105 ; sb/Sb = 1 ; sb = 1266.00313236007
      Creating new point: f = 0.349882219248894
Tear 3 : Sf = 2775.27591367006 ; Sb = 2405.73444650681
  Backwards path
    i = 139 ; sf/Sf = 0.0581005853045934 ; sf = 161.245154965971
      k =  138 ; sb/Sb = 0 ; sb = 0
      k =  137 ; sb/Sb = 0.0590783011158569 ; sb = 142.126704035519
      Creating new point: f = 0.983450509022828
    i = 140 ; sf/Sf = 0.0935884362720738 ; sf = 259.733732983932
      k =  138 ; sb/Sb = 0 ; sb = 0
      k =  137 ; sb/Sb = 0.059078301115857 ; sb = 142.126704035519
      k =  136 ; sb/Sb = 0.100227875837148 ; sb = 241.121653401636
      Creating new point: f = 0.838651076954163
    i = 141 ; sf/Sf = 0.119820458297059 ; sf = 332.534831876737
      k =  138 ; sb/Sb = 0 ; sb = 0
      k =  137 ; sb/Sb = 0.059078301115857 ; sb = 142.126704035519
      k =  136 ; sb/Sb = 0.100227875837148 ; sb = 241.121653401636
      k =  135 ; sb/Sb = 0.17423643418247 ; sb = 419.166591549284
      Creating new point: f = 0.264734010470692
    i = 142 ; sf/Sf = 0.166801029656406 ; sf = 462.91887998079
      k =  138 ; sb/Sb = 0 ; sb = 0
      k =  137 ; sb/Sb = 0.059078301115857 ; sb = 142.126704035519
      k =  136 ; sb/Sb = 0.100227875837148 ; sb = 241.121653401636
      k =  135 ; sb/Sb = 0.17423643418247 ; sb = 419.166591549284
      Creating new point: f = 0.899533179779425
    i = 1 ; sf/Sf = 0.268333297019141 ; sf = 744.698936052898
      k =  138 ; sb/Sb = 0 ; sb = 0
      k =  137 ; sb/Sb = 0.059078301115857 ; sb = 142.126704035519
      k =  136 ; sb/Sb = 0.100227875837148 ; sb = 241.121653401636
      k =  135 ; sb/Sb = 0.17423643418247 ; sb = 419.166591549284
      k =  134 ; sb/Sb = 0.309952391868644 ; sb = 745.663145895574
      Creating new point: f = 0.69333676334701
    i = 2 ; sf/Sf = 0.375465482861229 ; sf = 1042.02031099927
      k =  138 ; sb/Sb = 0 ; sb = 0
      k =  137 ; sb/Sb = 0.059078301115857 ; sb = 142.126704035519
      k =  136 ; sb/Sb = 0.100227875837148 ; sb = 241.121653401636
      k =  135 ; sb/Sb = 0.17423643418247 ; sb = 419.166591549284
      k =  134 ; sb/Sb = 0.309952391868644 ; sb = 745.663145895574
      k =  133 ; sb/Sb = 0.466424609756599 ; sb = 1122.09375038995
      Creating new point: f = 0.418688326125067
    i = 3 ; sf/Sf = 0.462243121938334 ; sf = 1282.85220257511
      k =  138 ; sb/Sb = 0 ; sb = 0
      k =  137 ; sb/Sb = 0.059078301115857 ; sb = 142.126704035519
      k =  136 ; sb/Sb = 0.100227875837148 ; sb = 241.121653401636
      k =  135 ; sb/Sb = 0.17423643418247 ; sb = 419.166591549284
      k =  134 ; sb/Sb = 0.309952391868644 ; sb = 745.663145895574
      k =  133 ; sb/Sb = 0.466424609756599 ; sb = 1122.09375038995
      Creating new point: f = 0.973276484000124
    i = 4 ; sf/Sf = 0.548193930527339 ; sf = 1521.38941141265
      k =  138 ; sb/Sb = 0 ; sb = 0
      k =  137 ; sb/Sb = 0.059078301115857 ; sb = 142.126704035519
      k =  136 ; sb/Sb = 0.100227875837148 ; sb = 241.121653401636
      k =  135 ; sb/Sb = 0.17423643418247 ; sb = 419.166591549284
      k =  134 ; sb/Sb = 0.309952391868644 ; sb = 745.663145895574
      k =  133 ; sb/Sb = 0.466424609756599 ; sb = 1122.09375038995
      k =  132 ; sb/Sb = 0.613387376618354 ; sb = 1475.64714098322
      Creating new point: f = 0.556394810174329
    i = 5 ; sf/Sf = 0.638275063999001 ; sf = 1771.38941141265
      k =  138 ; sb/Sb = 0 ; sb = 0
      k =  137 ; sb/Sb = 0.059078301115857 ; sb = 142.126704035519
      k =  136 ; sb/Sb = 0.100227875837148 ; sb = 241.121653401636
      k =  135 ; sb/Sb = 0.17423643418247 ; sb = 419.166591549284
      k =  134 ; sb/Sb = 0.309952391868644 ; sb = 745.663145895574
      k =  133 ; sb/Sb = 0.466424609756599 ; sb = 1122.09375038995
      k =  132 ; sb/Sb = 0.613387376618354 ; sb = 1475.64714098322
      k =  131 ; sb/Sb = 0.717305745648239 ; sb = 1725.64714098322
      Creating new point: f = 0.239492667302058
    i = 6 ; sf/Sf = 0.759346252154808 ; sf = 2107.39536374087
      k =  138 ; sb/Sb = 0 ; sb = 0
      k =  137 ; sb/Sb = 0.059078301115857 ; sb = 142.126704035519
      k =  136 ; sb/Sb = 0.100227875837148 ; sb = 241.121653401636
      k =  135 ; sb/Sb = 0.17423643418247 ; sb = 419.166591549284
      k =  134 ; sb/Sb = 0.309952391868644 ; sb = 745.663145895574
      k =  133 ; sb/Sb = 0.466424609756599 ; sb = 1122.09375038995
      k =  132 ; sb/Sb = 0.613387376618354 ; sb = 1475.64714098322
      k =  131 ; sb/Sb = 0.717305745648239 ; sb = 1725.64714098322
      k =  130 ; sb/Sb = 0.831672620281246 ; sb = 2000.78347082717
      Creating new point: f = 0.367593384373524
    i = 7 ; sf/Sf = 0.851423095947138 ; sf = 2362.93401052449
      k =  138 ; sb/Sb = 0 ; sb = 0
      k =  137 ; sb/Sb = 0.059078301115857 ; sb = 142.126704035519
      k =  136 ; sb/Sb = 0.100227875837148 ; sb = 241.121653401636
      k =  135 ; sb/Sb = 0.17423643418247 ; sb = 419.166591549284
      k =  134 ; sb/Sb = 0.309952391868644 ; sb = 745.663145895574
      k =  133 ; sb/Sb = 0.466424609756599 ; sb = 1122.09375038995
      k =  132 ; sb/Sb = 0.613387376618354 ; sb = 1475.64714098322
      k =  131 ; sb/Sb = 0.717305745648239 ; sb = 1725.64714098322
      k =  130 ; sb/Sb = 0.831672620281246 ; sb = 2000.78347082717
      k =  129 ; sb/Sb = 0.93764897858207 ; sb = 2255.73444650681
      Creating new point: f = 0.186366808433142
    i = 8 ; sf/Sf = 0.914351070461491 ; sf = 2537.57650249022
      k =  138 ; sb/Sb = 0 ; sb = 0
      k =  137 ; sb/Sb = 0.059078301115857 ; sb = 142.126704035519
      k =  136 ; sb/Sb = 0.100227875837148 ; sb = 241.121653401636
      k =  135 ; sb/Sb = 0.17423643418247 ; sb = 419.166591549284
      k =  134 ; sb/Sb = 0.309952391868644 ; sb = 745.663145895574
      k =  133 ; sb/Sb = 0.466424609756599 ; sb = 1122.09375038995
      k =  132 ; sb/Sb = 0.613387376618354 ; sb = 1475.64714098322
      k =  131 ; sb/Sb = 0.717305745648239 ; sb = 1725.64714098322
      k =  130 ; sb/Sb = 0.831672620281246 ; sb = 2000.78347082717
      k =  129 ; sb/Sb = 0.93764897858207 ; sb = 2255.73444650681
      Creating new point: f = 0.780159381826984
    i = 9 ; sf/Sf = 0.980595930009665 ; sf = 2721.42426559872
      k =  138 ; sb/Sb = 0 ; sb = 0
      k =  137 ; sb/Sb = 0.059078301115857 ; sb = 142.126704035519
      k =  136 ; sb/Sb = 0.100227875837148 ; sb = 241.121653401636
      k =  135 ; sb/Sb = 0.17423643418247 ; sb = 419.166591549284
      k =  134 ; sb/Sb = 0.309952391868644 ; sb = 745.663145895574
      k =  133 ; sb/Sb = 0.466424609756599 ; sb = 1122.09375038995
      k =  132 ; sb/Sb = 0.613387376618354 ; sb = 1475.64714098322
      k =  131 ; sb/Sb = 0.717305745648239 ; sb = 1725.64714098322
      k =  130 ; sb/Sb = 0.831672620281246 ; sb = 2000.78347082717
      k =  129 ; sb/Sb = 0.93764897858207 ; sb = 2255.73444650681
      k =  128 ; sb/Sb = 1 ; sb = 2405.73444650681
      Creating new point: f = 0.68879306947881
Tear 4 : Sf = 2122.81304758958 ; Sb = 2671.60575447269
  Backwards path
    i = 30 ; sf/Sf = 0.157228346483247 ; sf = 333.766385365573
      k =   29 ; sb/Sb = 0 ; sb = 0
      k =   28 ; sb/Sb = 0.0368649370713008 ; sb = 98.488578017961
      k =   27 ; sb/Sb = 0.130441618279395 ; sb = 348.488578017961
      k =   26 ; sb/Sb = 0.253223353117317 ; sb = 676.512967355095
      Creating new point: f = 0.218165415558042
    i = 31 ; sf/Sf = 0.322372876406516 ; sf = 684.337348224735
      k =   29 ; sb/Sb = 0 ; sb = 0
      k =   28 ; sb/Sb = 0.0368649370713008 ; sb = 98.488578017961
      k =   27 ; sb/Sb = 0.130441618279395 ; sb = 348.488578017961
      k =   26 ; sb/Sb = 0.253223353117317 ; sb = 676.512967355095
      k =   25 ; sb/Sb = 0.364323743246436 ; sb = 973.329408948212
      Creating new point: f = 0.622405764811751
    i = 32 ; sf/Sf = 0.456442614548703 ; sf = 968.942337639889
      k =   29 ; sb/Sb = 0 ; sb = 0
      k =   28 ; sb/Sb = 0.0368649370713008 ; sb = 98.488578017961
      k =   27 ; sb/Sb = 0.130441618279395 ; sb = 348.488578017961
      k =   26 ; sb/Sb = 0.253223353117317 ; sb = 676.512967355095
      k =   25 ; sb/Sb = 0.364323743246436 ; sb = 973.329408948212
      k =   24 ; sb/Sb = 0.492082475142449 ; sb = 1314.65037226573
      Creating new point: f = 0.721037771236221
    i = 33 ; sf/Sf = 0.59337828931528 ; sf = 1259.63117471486
      k =   29 ; sb/Sb = 0 ; sb = 0
      k =   28 ; sb/Sb = 0.0368649370713008 ; sb = 98.488578017961
      k =   27 ; sb/Sb = 0.130441618279395 ; sb = 348.488578017961
      k =   26 ; sb/Sb = 0.253223353117317 ; sb = 676.512967355095
      k =   25 ; sb/Sb = 0.364323743246436 ; sb = 973.329408948212
      k =   24 ; sb/Sb = 0.492082475142449 ; sb = 1314.65037226573
      k =   23 ; sb/Sb = 0.620987537791718 ; sb = 1659.03387942018
      Creating new point: f = 0.785817190504314
    i = 34 ; sf/Sf = 0.688062798933613 ; sf = 1460.62868713728
      k =   29 ; sb/Sb = 0 ; sb = 0
      k =   28 ; sb/Sb = 0.0368649370713008 ; sb = 98.488578017961
      k =   27 ; sb/Sb = 0.130441618279395 ; sb = 348.488578017961
      k =   26 ; sb/Sb = 0.253223353117317 ; sb = 676.512967355095
      k =   25 ; sb/Sb = 0.364323743246436 ; sb = 973.329408948212
      k =   24 ; sb/Sb = 0.492082475142449 ; sb = 1314.65037226573
      k =   23 ; sb/Sb = 0.620987537791718 ; sb = 1659.03387942018
      k =   22 ; sb/Sb = 0.789217487264032 ; sb = 2108.47798050507
      Creating new point: f = 0.398711771312358
    i = 35 ; sf/Sf = 0.785176994418217 ; sf = 1666.78396841816
      k =   29 ; sb/Sb = 0 ; sb = 0
      k =   28 ; sb/Sb = 0.0368649370713008 ; sb = 98.488578017961
      k =   27 ; sb/Sb = 0.130441618279395 ; sb = 348.488578017961
      k =   26 ; sb/Sb = 0.253223353117317 ; sb = 676.512967355095
      k =   25 ; sb/Sb = 0.364323743246436 ; sb = 973.329408948212
      k =   24 ; sb/Sb = 0.492082475142449 ; sb = 1314.65037226573
      k =   23 ; sb/Sb = 0.620987537791718 ; sb = 1659.03387942018
      k =   22 ; sb/Sb = 0.789217487264032 ; sb = 2108.47798050507
      Creating new point: f = 0.975982321468391
    i = 36 ; sf/Sf = 0.847136979320801 ; sf = 1798.31343279782
      k =   29 ; sb/Sb = 0 ; sb = 0
      k =   28 ; sb/Sb = 0.0368649370713008 ; sb = 98.488578017961
      k =   27 ; sb/Sb = 0.130441618279395 ; sb = 348.488578017961
      k =   26 ; sb/Sb = 0.253223353117317 ; sb = 676.512967355095
      k =   25 ; sb/Sb = 0.364323743246436 ; sb = 973.329408948212
      k =   24 ; sb/Sb = 0.492082475142449 ; sb = 1314.65037226573
      k =   23 ; sb/Sb = 0.620987537791718 ; sb = 1659.03387942018
      k =   22 ; sb/Sb = 0.789217487264032 ; sb = 2108.47798050507
      k =   21 ; sb/Sb = 0.957322467089678 ; sb = 2557.58821196278
      Creating new point: f = 0.344543582925632
Triangulating...
[1] "Non-adjacent points in rim connected by line: 85 83"
[1] "In triangle: 370" "In triangle: 373"
[1] "Other points in triangles: 502 84"
[1] "Non-adjacent points in rim connected by line: 148 108"
[1] "In triangle: 927" "In triangle: 929"
[1] "Other points in triangles: 512 513"
[1] "Non-adjacent points in rim connected by line: 150 149"
[1] "In triangle: 906" "In triangle: 908"
[1] "Other points in triangles: 515 514"
[1] "Non-adjacent points in rim connected by line: 152 151"
[1] "In triangle: 32" "In triangle: 36"
[1] "Other points in triangles: 516 517"
[1] "Non-adjacent points in rim connected by line: 555 38"
[1] "In triangle: 148" "In triangle: 173"
[1] "Other points in triangles: 172 37"
Merging points...
Projecting to sphere...
Optimising mapping with FIRE...
E =  0.00719 | E_L =  0.00719 | E_A =  0.00000 |   0 flippped triangles
E =  0.00468 | E_L =  0.00468 | E_A =  0.00000 |  97 flippped triangles
        phi0    phi0.1    phi0.2    phi0.3    phi0.4    phi0.5    phi0.6
id 32.000000  38.00000    39.000  40.00000   43.0000   44.0000   46.0000
A  26.855190  60.74506  1308.934 119.79820  223.7174  373.3473  445.8947
a  -4.585637 -44.36035 -1176.442 -82.92751 -292.8740 -341.4327 -323.8250
      phi0.7    phi0.8    phi0.9   phi0.10   phi0.11   phi0.12   phi0.13
id    47.000  50.00000  58.00000    65.000   89.0000  116.0000  126.0000
A   5051.677  71.41006  55.45639 11362.864  133.6985 1040.4782  703.6169
a  -5521.498 -51.68807 -45.88314 -2309.509 -138.1756 -712.2067 -302.3371
     phi0.14    phi0.15   phi0.16   phi0.17   phi0.18   phi0.19   phi0.20
id   169.000  171.00000   174.000   186.000   200.000  221.0000  222.0000
A   3484.835   99.09164  1420.455  6186.959  6423.412  238.2868  266.5789
a  -3266.589 -105.31562 -1922.393 -5612.794 -1371.563 -237.2675 -318.0811
     phi0.21   phi0.22   phi0.23   phi0.24   phi0.25   phi0.26   phi0.27
id   229.000   231.000   273.000   318.000   354.000   370.000   373.000
A   6992.305 11448.900 13065.215  1501.956  3175.000  2573.958  3188.542
a  -6584.409 -7323.342 -6079.651 -1404.541 -1675.739 -2531.447 -2931.137
    phi0.28   phi0.29   phi0.30   phi0.31   phi0.32   phi0.33   phi0.34
id   399.00   498.000   499.000   500.000   502.000   507.000    569.00
A   5800.00  2369.567  2646.094  2738.281  5625.000  5850.956  34042.52
a  -5492.08 -2629.217 -1722.597 -1622.719 -6386.376 -1837.689 -12029.59
     phi0.35   phi0.36   phi0.37   phi0.38   phi0.39   phi0.40   phi0.41
id    570.00   591.000  766.0000   767.000   768.000   774.000    775.00
A   41128.28  3772.304 6053.9192  3551.574  1729.781  9525.360  13576.91
a  -22062.50 -2198.605 -543.6334 -3157.596 -1366.244 -8326.034 -11727.95
     phi0.42   phi0.43   phi0.44   phi0.45   phi0.46   phi0.47   phi0.48
id  776.0000    777.00   780.000   785.000   787.000    788.00    791.00
A   133.6985  22838.81  4743.303  2723.097  3304.762  14791.52  34200.75
a  -156.4309 -15073.46 -5308.203 -2444.942 -1731.916 -15632.06 -34138.55
     phi0.49   phi0.50   phi0.51   phi0.52   phi0.53   phi0.54   phi0.55
id   809.000   810.000    811.00    814.00    815.00  817.0000   819.000
A   6918.639  3902.517  14726.28  28023.40  40720.83  181.3923  1361.689
a  -6278.491 -3296.187 -11051.86 -21045.43 -30697.72 -162.7716 -1309.467
     phi0.56   phi0.57   phi0.58   phi0.59   phi0.60   phi0.61    phi0.62
id   820.000   823.000  832.0000   858.000  885.0000   887.000 906.000000
A   5187.777  3547.141 1823.4073  1581.922 1111.8429  1157.376   2.064711
a  -2553.248 -3040.362 -815.2313 -1171.183 -943.7477 -1249.417  -1.484049
     phi0.63     phi0.64   phi0.65    phi0.66    phi0.67   phi0.68   phi0.69
id 907.00000 908.0000000  909.0000 913.000000 916.000000 927.00000 929.00000
A   10.30474   4.3082363  349.2743  11.720478   8.258842  26.01229  29.09001
a  -20.54482  -0.3019473 -215.3161  -2.602763 -12.139844 -16.77462 -38.84239
      phi0.70   phi0.71    phi0.72   phi0.73   phi0.74   phi0.75   phi0.76
id 930.000000 932.00000 933.000000 935.00000   944.000  946.0000  947.0000
A   18.488349  79.58243   9.604270  94.51907 10338.385  503.5849  296.6759
a   -9.725708 -52.70281  -1.754015 -37.96562 -5198.492 -737.6518 -209.4211
      phi0.77   phi0.78   phi0.79   phi0.80   phi0.81   phi0.82   phi0.83
id   949.0000  956.0000  958.0000   959.000  961.0000   964.000   984.000
A    969.4003  133.6985  133.6985  3237.331  296.6759  8349.324  2287.731
a  -1224.2121 -162.5491 -174.1698 -3241.487 -252.5648 -5110.071 -2030.016
     phi0.84   phi0.85   phi0.86   phi0.87   phi0.88   phi0.89   phi0.90
id  1016.000  1017.000  1018.000 1021.0000  1023.000   1106.00   1109.00
A   2086.517  3211.797  2828.648  136.3019  1023.201  33944.15  54764.22
a  -2554.259 -3041.463 -2772.669 -132.5638 -1034.968 -21380.49 -22451.14
     phi0.91     phi0.92    phi0.93     phi0.94     phi0.95    phi0.96
id 1114.0000 1118.000000 1119.00000 1120.000000 1121.000000 1123.00000
A   343.6395   11.240236   14.31796    2.930120    5.173645   11.80730
a  -399.1810   -7.629131  -14.58233   -3.468653   -6.792458  -11.51402
E =  0.00417 | E_L =  0.00417 | E_A =  0.00000 |  96 flippped triangles
        phi0    phi0.1    phi0.2    phi0.3    phi0.4    phi0.5    phi0.6
id 32.000000  38.00000    39.000  40.00000   43.0000   44.0000   46.0000
A  26.855190  60.74506  1308.934 119.79820  223.7174  373.3473  445.8947
a  -4.543292 -71.24900 -1249.387 -91.87479 -232.0356 -234.0735 -407.4751
      phi0.7    phi0.8    phi0.9   phi0.10   phi0.11   phi0.12   phi0.13
id    47.000  50.00000  57.00000  58.00000    65.000   89.0000  116.0000
A   5051.677  71.41006 149.48102  55.45639 11362.864  133.6985 1040.4782
a  -5059.884 -61.86291 -29.10377 -57.89621 -2201.328 -142.2650 -789.9433
    phi0.14   phi0.15   phi0.16   phi0.17   phi0.18   phi0.19   phi0.20
id  117.000   169.000 171.00000   174.000   178.000   200.000  221.0000
A   886.385  3484.835  99.09164  1420.455  4626.766  6423.412  238.2868
a  -725.902 -2904.247 -96.17175 -1720.976 -3489.711 -1304.866 -223.1970
     phi0.21   phi0.22   phi0.23    phi0.24   phi0.25   phi0.26   phi0.27
id  222.0000   229.000   231.000 232.000000  318.0000   370.000   373.000
A   266.5789  6992.305 11448.900   7.451874 1501.9558  2573.958  3188.542
a  -216.0294 -5783.089 -6998.081  -8.583513 -960.2153 -2350.170 -3009.899
     phi0.28   phi0.29   phi0.30   phi0.31   phi0.32   phi0.33  phi0.34
id   399.000   498.000   499.000   500.000   502.000   507.000   587.00
A   5800.000  2369.567  2646.094  2738.281  5625.000  5850.956 11605.76
a  -5190.989 -2941.102 -1999.407 -1924.932 -6085.977 -3661.351 -5349.07
     phi0.35   phi0.36   phi0.37   phi0.38   phi0.39   phi0.40   phi0.41
id   590.000   591.000  764.0000   767.000  768.0000   774.000    775.00
A   5561.559  3772.304  573.5435  3551.574 1729.7806  9525.360  13576.91
a  -3796.749 -1578.250 -502.3243 -3345.982 -990.2949 -8749.228 -13632.34
     phi0.42   phi0.43   phi0.44   phi0.45   phi0.46   phi0.47   phi0.48
id  776.0000    777.00   780.000  783.0000   787.000    788.00    791.00
A   133.6985  22838.81  4743.303  134.3838  3304.762  14791.52  34200.75
a  -145.0642 -16179.66 -3829.124 -178.9116 -2203.473 -15040.04 -30267.72
     phi0.49   phi0.50   phi0.51   phi0.52   phi0.53   phi0.54   phi0.55
id   809.000   810.000    811.00   814.000    815.00  817.0000   819.000
A   6918.639  3902.517  14726.28 28023.398  40720.83  181.3923  1361.689
a  -5730.933 -3679.769 -11368.50 -2178.113 -12539.04 -166.2411 -1304.241
     phi0.56   phi0.57   phi0.58   phi0.59   phi0.60   phi0.61    phi0.62
id   820.000   823.000   858.000   864.000   885.000   887.000 906.000000
A   5187.777  3547.141  1581.922  1949.284  1111.843  1157.376   2.064711
a  -1586.078 -2960.285 -1335.205 -2666.418 -1055.870 -1212.221  -2.781255
      phi0.63   phi0.64   phi0.65    phi0.66    phi0.67   phi0.68   phi0.69
id 908.000000  909.0000 910.00000 913.000000 916.000000  921.0000 927.00000
A    4.308236  349.2743  30.27291  11.720478   8.258842  994.4745  26.01229
a   -7.576152 -343.9124 -21.72121  -5.255046 -14.385295 -166.7008 -35.06440
     phi0.70   phi0.71   phi0.72    phi0.73   phi0.74  phi0.75   phi0.76
id 929.00000 930.00000 932.00000  935.00000 943.00000   944.00  947.0000
A   29.09001  18.48835  79.58243   94.51907  82.98919 10338.39  296.6759
a  -27.67996 -14.28630 -68.01072 -111.87718 -57.76414 -6356.06 -135.4565
     phi0.77   phi0.78   phi0.79   phi0.80   phi0.81   phi0.82   phi0.83
id  949.0000   953.000  956.0000  958.0000   959.000  961.0000   964.000
A   969.4003  2530.587  133.6985  133.6985  3237.331  296.6759  8349.324
a  -993.2298 -2534.089 -157.6554 -154.8336 -2980.999 -316.6024 -3281.825
     phi0.84   phi0.85   phi0.86   phi0.87   phi0.88   phi0.89   phi0.90
id   984.000  1016.000  1018.000 1021.0000  1023.000   1105.00   1106.00
A   2287.731  2086.517  2828.648  136.3019  1023.201  64710.55  33944.15
a  -2042.946 -2417.611 -2928.888 -134.7405 -1105.302 -61310.00 -32474.58
     phi0.91    phi0.92    phi0.93     phi0.94    phi0.95
id   1109.00 1118.00000 1119.00000 1120.000000 1123.00000
A   54764.22   11.24024   14.31796    2.930120   11.80730
a  -55492.03  -11.62168  -10.69481   -2.519864  -11.68215
E =  0.00404 | E_L =  0.00404 | E_A =  0.00000 |  99 flippped triangles
        phi0    phi0.1    phi0.2    phi0.3    phi0.4    phi0.5    phi0.6
id  32.00000  38.00000    39.000   40.0000   43.0000   44.0000   46.0000
A   26.85519  60.74506  1308.934  119.7982  223.7174  373.3473  445.8947
a  -13.90446 -61.06417 -1226.851 -102.4091 -196.4201 -217.9867 -453.4794
      phi0.7    phi0.8    phi0.9   phi0.10  phi0.11   phi0.12   phi0.13
id    47.000  50.00000  57.00000  58.00000    65.00   89.0000  116.0000
A   5051.677  71.41006 149.48102  55.45639 11362.86  133.6985 1040.4782
a  -4944.270 -64.09527 -71.31217 -61.37745 -1722.23 -144.2092 -701.1124
     phi0.14   phi0.15   phi0.16   phi0.17   phi0.18   phi0.19   phi0.20
id  117.0000   169.000 171.00000   174.000   178.000   200.000  221.0000
A   886.3850  3484.835  99.09164  1420.455  4626.766  6423.412  238.2868
a  -778.6983 -2792.349 -85.47138 -1718.735 -3633.776 -1327.333 -232.2114
     phi0.21   phi0.22  phi0.23    phi0.24   phi0.25   phi0.26   phi0.27
id  222.0000   229.000   231.00 232.000000  318.0000   370.000   373.000
A   266.5789  6992.305 11448.90   7.451874 1501.9558  2573.958  3188.542
a  -176.9934 -6212.056 -8545.56  -8.595837 -809.8784 -2401.129 -2988.574
     phi0.28   phi0.29   phi0.30   phi0.31   phi0.32   phi0.33    phi0.34
id   399.000   498.000   499.000   500.000   502.000   507.000   587.0000
A   5800.000  2369.567  2646.094  2738.281  5625.000  5850.956 11605.7633
a  -5096.582 -2904.464 -1968.742 -1840.288 -5950.579 -2930.405  -720.1446
     phi0.35   phi0.36   phi0.37   phi0.38   phi0.39   phi0.40   phi0.41
id   590.000   591.000  764.0000   767.000   768.000   774.000    775.00
A   5561.559  3772.304  573.5435  3551.574  1729.781  9525.360  13576.91
a  -3987.036 -1405.167 -497.0020 -3253.221 -1370.950 -8730.547 -12807.94
     phi0.42   phi0.43   phi0.44   phi0.45   phi0.46   phi0.47   phi0.48
id  776.0000    777.00   780.000  783.0000  787.0000    788.00    791.00
A   133.6985  22838.81  4743.303  134.3838 3304.7619  14791.52  34200.75
a  -161.1478 -15833.60 -3630.918 -181.3625 -566.2301 -13367.12 -29419.53
     phi0.49   phi0.50   phi0.51   phi0.52   phi0.53   phi0.54   phi0.55
id   809.000   810.000  817.0000   819.000   820.000   823.000   858.000
A   6918.639  3902.517  181.3923  1361.689  5187.777  3547.141  1581.922
a  -7987.740 -3540.738 -163.3244 -1240.647 -3542.930 -2446.830 -1319.333
     phi0.56   phi0.57   phi0.58   phi0.59    phi0.60    phi0.61   phi0.62
id   864.000    883.00   885.000   887.000 906.000000 908.000000  909.0000
A   1949.284  29918.53  1111.843  1157.376   2.064711   4.308236  349.2743
a  -2592.994 -21655.62 -1069.093 -1262.675  -2.509753  -6.987269 -315.9177
     phi0.63    phi0.64    phi0.65   phi0.66   phi0.67   phi0.68   phi0.69
id 910.00000 916.000000   917.0000   919.000 921.00000 927.00000 929.00000
A   30.27291   8.258842 12491.3412  7580.918 994.47448  26.01229  29.09001
a  -24.07036 -15.774213  -881.0666 -5109.383 -35.38679 -38.22237 -30.02625
     phi0.70   phi0.71    phi0.72   phi0.73   phi0.74   phi0.75    phi0.76
id 930.00000 932.00000  935.00000 943.00000 946.00000  947.0000   949.0000
A   18.48835  79.58243   94.51907  82.98919 503.58488  296.6759   969.4003
a  -15.25399 -74.23028 -108.97964 -85.15359 -49.04191 -212.8037 -1039.9198
     phi0.77   phi0.78   phi0.79   phi0.80   phi0.81   phi0.82   phi0.83
id   953.000  956.0000  958.0000   959.000  961.0000   964.000   984.000
A   2530.587  133.6985  133.6985  3237.331  296.6759  8349.324  2287.731
a  -2501.972 -154.2248 -155.8012 -3350.142 -322.2535 -4901.170 -1924.824
     phi0.84   phi0.85   phi0.86   phi0.87   phi0.88   phi0.89   phi0.90
id  1016.000  1018.000 1021.0000  1023.000   1082.00   1085.00  1094.000
A   2086.517  2828.648  136.3019  1023.201  44457.39  38825.25 41469.304
a  -2477.304 -2874.522 -140.4563 -1045.906 -37280.49 -31707.77 -7284.284
     phi0.91   phi0.92   phi0.93     phi0.94     phi0.95     phi0.96
id   1105.00   1106.00   1109.00 1118.000000 1119.000000 1120.000000
A   64710.55  33944.15  54764.22   11.240236   14.317957    2.930120
a  -63610.63 -31457.91 -60097.21   -9.080812   -9.231819   -2.821785
       phi0.97    phi0.98
id 1121.000000 1123.00000
A     5.173645   11.80730
a    -2.175672  -11.89786
E =  0.00397 | E_L =  0.00397 | E_A =  0.00000 |  98 flippped triangles
        phi0    phi0.1    phi0.2    phi0.3    phi0.4    phi0.5    phi0.6
id  32.00000  38.00000    39.000   40.0000   43.0000   44.0000   46.0000
A   26.85519  60.74506  1308.934  119.7982  223.7174  373.3473  445.8947
a  -20.52462 -47.60430 -1210.603 -101.1375 -207.6949 -231.5796 -439.7530
      phi0.7    phi0.8    phi0.9   phi0.10   phi0.11   phi0.12   phi0.13
id    47.000  50.00000  57.00000  58.00000    65.000   89.0000  116.0000
A   5051.677  71.41006 149.48102  55.45639 11362.864  133.6985 1040.4782
a  -4900.040 -63.97110 -64.95123 -61.18154 -1484.655 -145.2754 -969.6513
     phi0.14   phi0.15   phi0.16   phi0.17   phi0.18   phi0.19   phi0.20
id  117.0000   125.000   169.000 171.00000   174.000   178.000   200.000
A   886.3850  1904.149  3484.835  99.09164  1420.455  4626.766  6423.412
a  -904.1779 -2360.509 -2631.816 -95.26128 -1603.280 -3481.405 -1283.851
     phi0.21   phi0.22   phi0.23   phi0.24    phi0.25   phi0.26   phi0.27
id  221.0000  222.0000   229.000   231.000 232.000000  318.0000   370.000
A   238.2868  266.5789  6992.305 11448.900   7.451874 1501.9558  2573.958
a  -231.1964 -212.3665 -6407.557 -8755.352  -8.151535 -789.2342 -2390.328
     phi0.28   phi0.29   phi0.30   phi0.31   phi0.32   phi0.33   phi0.34
id   373.000   399.000   498.000   499.000   500.000   502.000   507.000
A   3188.542  5800.000  2369.567  2646.094  2738.281  5625.000  5850.956
a  -2979.092 -5108.276 -2984.283 -1973.032 -1853.978 -5995.775 -3568.754
     phi0.35   phi0.36   phi0.37   phi0.38   phi0.39   phi0.40   phi0.41
id   590.000   591.000  764.0000   767.000   768.000   774.000    775.00
A   5561.559  3772.304  573.5435  3551.574  1729.781  9525.360  13576.91
a  -3672.288 -1471.278 -517.3600 -3357.369 -1458.857 -8755.924 -13169.71
     phi0.42   phi0.43   phi0.44   phi0.45   phi0.46   phi0.47   phi0.48
id  776.0000    777.00   780.000  783.0000   787.000    788.00    791.00
A   133.6985  22838.81  4743.303  134.3838  3304.762  14791.52  34200.75
a  -160.9505 -16031.80 -3733.342 -162.9588 -1397.188 -14186.34 -29618.52
     phi0.49   phi0.50   phi0.51   phi0.52   phi0.53   phi0.54   phi0.55
id   809.000   810.000  817.0000   819.000   820.000   823.000   864.000
A   6918.639  3902.517  181.3923  1361.689  5187.777  3547.141  1949.284
a  -6959.364 -3675.188 -162.1521 -1252.081 -3771.674 -2803.850 -2276.362
     phi0.56   phi0.57   phi0.58    phi0.59    phi0.60   phi0.61   phi0.62
id    883.00  885.0000   887.000 906.000000 908.000000  909.0000 910.00000
A   29918.53 1111.8429  1157.376   2.064711   4.308236  349.2743  30.27291
a  -29180.12 -979.2096 -1278.882  -2.547581  -6.542717 -315.2354 -17.48502
      phi0.63   phi0.64   phi0.65   phi0.66   phi0.67   phi0.68   phi0.69
id 916.000000   919.000  921.0000 927.00000 929.00000 930.00000 932.00000
A    8.258842  7580.918  994.4745  26.01229  29.09001  18.48835  79.58243
a  -15.997880 -5009.088 -197.3800 -36.02555 -28.99806 -17.27347 -62.28932
     phi0.70   phi0.71   phi0.72   phi0.73   phi0.74   phi0.75   phi0.76
id 935.00000   940.000  946.0000  947.0000  949.0000   953.000  956.0000
A   94.51907  1478.041  503.5849  296.6759  969.4003  2530.587  133.6985
a  -99.29311 -1125.588 -470.3909 -235.5201 -928.2581 -3190.421 -159.7343
     phi0.77   phi0.78   phi0.79   phi0.80   phi0.81   phi0.82   phi0.83
id  958.0000   959.000  961.0000   964.000   973.000   984.000  1016.000
A   133.6985  3237.331  296.6759  8349.324  6155.889  2287.731  2086.517
a  -156.0074 -3403.903 -278.6508 -5781.859 -5556.221 -1940.802 -2456.686
     phi0.84   phi0.85   phi0.86   phi0.87   phi0.88    phi0.89   phi0.90
id  1018.000 1021.0000  1023.000   1082.00   1085.00  1094.0000   1105.00
A   2828.648  136.3019  1023.201  44457.39  38825.25 41469.3044  64710.55
a  -2921.179 -141.2190 -1025.885 -33631.30 -28573.39  -812.9115 -63088.69
     phi0.91   phi0.92     phi0.93    phi0.94     phi0.95     phi0.96   phi0.97
id   1106.00   1109.00 1118.000000 1119.00000 1120.000000 1121.000000 1123.0000
A   33944.15  54764.22   11.240236   14.31796    2.930120    5.173645   11.8073
a  -32171.45 -59720.50   -9.638907  -11.37913   -3.144642   -2.372437  -12.3192
E =  0.00395 | E_L =  0.00395 | E_A =  0.00000 |  98 flippped triangles
        phi0    phi0.1    phi0.2    phi0.3    phi0.4    phi0.5    phi0.6
id  32.00000  38.00000    39.000  40.00000   43.0000   44.0000   46.0000
A   26.85519  60.74506  1308.934 119.79820  223.7174  373.3473  445.8947
a  -21.67252 -46.91367 -1210.594 -90.63041 -208.5544 -245.2495 -436.6327
      phi0.7    phi0.8    phi0.9   phi0.10   phi0.11   phi0.12   phi0.13
id    47.000  50.00000  57.00000  58.00000    65.000   89.0000  116.0000
A   5051.677  71.41006 149.48102  55.45639 11362.864  133.6985 1040.4782
a  -4903.320 -64.59500 -61.95472 -62.02761 -1417.299 -142.7084 -958.5929
     phi0.14   phi0.15   phi0.16   phi0.17   phi0.18   phi0.19   phi0.20
id  117.0000   125.000   169.000 171.00000   174.000   178.000   200.000
A   886.3850  1904.149  3484.835  99.09164  1420.455  4626.766  6423.412
a  -870.5829 -2397.306 -2592.524 -96.04298 -1581.847 -3304.397 -1199.421
     phi0.21   phi0.22   phi0.23   phi0.24    phi0.25   phi0.26   phi0.27
id  221.0000  222.0000   229.000   231.000 232.000000  318.0000   370.000
A   238.2868  266.5789  6992.305 11448.900   7.451874 1501.9558  2573.958
a  -236.9676 -210.7888 -6355.100 -8814.793  -8.858447 -811.5481 -2394.180
     phi0.28   phi0.29   phi0.30   phi0.31   phi0.32   phi0.33   phi0.34
id   373.000   399.000   498.000   499.000   500.000   502.000   507.000
A   3188.542  5800.000  2369.567  2646.094  2738.281  5625.000  5850.956
a  -2994.822 -5094.647 -2919.215 -2015.023 -1832.132 -5918.887 -2979.625
     phi0.35   phi0.36   phi0.37   phi0.38   phi0.39   phi0.40   phi0.41
id   590.000   591.000  764.0000   767.000   768.000   774.000    775.00
A   5561.559  3772.304  573.5435  3551.574  1729.781  9525.360  13576.91
a  -3691.823 -1514.330 -517.5567 -3277.338 -1396.790 -8734.876 -12859.77
     phi0.42   phi0.43   phi0.44   phi0.45   phi0.46   phi0.47   phi0.48
id  776.0000    777.00   780.000  783.0000   787.000    788.00    791.00
A   133.6985  22838.81  4743.303  134.3838  3304.762  14791.52  34200.75
a  -162.2976 -15833.01 -3788.648 -171.1233 -1275.934 -13628.29 -29489.37
     phi0.49   phi0.50   phi0.51   phi0.52   phi0.53   phi0.54   phi0.55
id   809.000   810.000  817.0000   819.000   820.000   823.000   864.000
A   6918.639  3902.517  181.3923  1361.689  5187.777  3547.141  1949.284
a  -6466.441 -3603.749 -152.6412 -1185.052 -2266.725 -2571.010 -2355.022
     phi0.56   phi0.57   phi0.58    phi0.59    phi0.60   phi0.61   phi0.62
id    883.00  885.0000   887.000 906.000000 908.000000  909.0000 910.00000
A   29918.53 1111.8429  1157.376   2.064711   4.308236  349.2743  30.27291
a  -28402.35 -898.0482 -1297.148  -2.142180  -5.257242 -318.4483 -20.56471
      phi0.63   phi0.64   phi0.65   phi0.66   phi0.67   phi0.68   phi0.69
id 916.000000   919.000  921.0000 927.00000 929.00000 930.00000 932.00000
A    8.258842  7580.918  994.4745  26.01229  29.09001  18.48835  79.58243
a  -15.742187 -5660.485 -182.2901 -33.97944 -29.26655 -18.01840 -68.42022
      phi0.70   phi0.71   phi0.72   phi0.73   phi0.74   phi0.75   phi0.76
id  935.00000   940.000  946.0000  947.0000  949.0000   953.000  956.0000
A    94.51907  1478.041  503.5849  296.6759  969.4003  2530.587  133.6985
a  -102.67915 -1371.161 -290.4081 -210.8832 -967.4687 -3230.635 -156.6851
     phi0.77   phi0.78   phi0.79   phi0.80   phi0.81   phi0.82   phi0.83
id  958.0000   959.000  961.0000   964.000   973.000   984.000  1016.000
A   133.6985  3237.331  296.6759  8349.324  6155.889  2287.731  2086.517
a  -154.6099 -3397.668 -296.3557 -4969.838 -5555.858 -1909.992 -2476.014
     phi0.84   phi0.85   phi0.86   phi0.87   phi0.88   phi0.89   phi0.90
id  1018.000 1021.0000  1023.000   1082.00   1085.00  1094.000   1105.00
A   2828.648  136.3019  1023.201  44457.39  38825.25 41469.304  64710.55
a  -2861.408 -134.7205 -1024.366 -35857.40 -30154.36 -4382.498 -62196.80
     phi0.91   phi0.92    phi0.93    phi0.94     phi0.95     phi0.96    phi0.97
id   1106.00   1109.00 1118.00000 1119.00000 1120.000000 1121.000000 1123.00000
A   33944.15  54764.22   11.24024   14.31796    2.930120    5.173645   11.80730
a  -30952.40 -59197.60  -10.18351  -12.24492   -2.861605   -4.055671  -11.92628
E =  0.00394 | E_L =  0.00394 | E_A =  0.00000 |  98 flippped triangles
        phi0    phi0.1    phi0.2    phi0.3    phi0.4    phi0.5    phi0.6
id  32.00000  38.00000    39.000  40.00000   43.0000   44.0000   46.0000
A   26.85519  60.74506  1308.934 119.79820  223.7174  373.3473  445.8947
a  -21.23576 -46.26195 -1212.556 -98.52724 -204.4946 -245.2590 -436.9015
      phi0.7    phi0.8   phi0.9   phi0.10   phi0.11   phi0.12   phi0.13
id    47.000  50.00000  57.0000  58.00000    65.000   89.0000  116.0000
A   5051.677  71.41006 149.4810  55.45639 11362.864  133.6985 1040.4782
a  -4875.676 -63.98100 -65.8133 -61.66815 -1206.255 -140.8862 -951.0946
     phi0.14   phi0.15   phi0.16   phi0.17   phi0.18   phi0.19   phi0.20
id  117.0000   125.000   169.000 171.00000   174.000   178.000   200.000
A   886.3850  1904.149  3484.835  99.09164  1420.455  4626.766  6423.412
a  -870.9258 -2375.664 -2555.156 -93.23992 -1563.480 -3124.776 -1167.452
     phi0.21   phi0.22   phi0.23   phi0.24    phi0.25   phi0.26   phi0.27
id  221.0000  222.0000   229.000   231.000 232.000000  318.0000   370.000
A   238.2868  266.5789  6992.305 11448.900   7.451874 1501.9558  2573.958
a  -234.3439 -206.0120 -6462.857 -8927.692  -8.174490 -766.8769 -2395.889
     phi0.28  phi0.29   phi0.30   phi0.31   phi0.32   phi0.33   phi0.34
id   373.000   399.00   498.000   499.000   500.000   502.000   507.000
A   3188.542  5800.00  2369.567  2646.094  2738.281  5625.000  5850.956
a  -2983.529 -5101.24 -2965.380 -1973.542 -1849.829 -5960.774 -3370.577
     phi0.35   phi0.36   phi0.37   phi0.38   phi0.39   phi0.40   phi0.41
id   590.000   591.000  764.0000   767.000   768.000   774.000    775.00
A   5561.559  3772.304  573.5435  3551.574  1729.781  9525.360  13576.91
a  -3496.811 -1317.397 -519.3027 -3343.752 -1458.808 -8768.546 -13140.84
     phi0.42   phi0.43   phi0.44   phi0.45   phi0.46   phi0.47   phi0.48
id  776.0000    777.00   780.000  783.0000   787.000    788.00    791.00
A   133.6985  22838.81  4743.303  134.3838  3304.762  14791.52  34200.75
a  -162.5461 -15910.37 -3749.796 -165.2554 -1245.711 -14024.52 -29711.42
     phi0.49   phi0.50   phi0.51   phi0.52   phi0.53   phi0.54   phi0.55
id   809.000   810.000  817.0000   819.000   820.000   823.000   864.000
A   6918.639  3902.517  181.3923  1361.689  5187.777  3547.141  1949.284
a  -6818.273 -3672.796 -160.3901 -1234.427 -3122.748 -2669.128 -2341.117
     phi0.56   phi0.57   phi0.58    phi0.59    phi0.60   phi0.61   phi0.62
id    883.00  885.0000   887.000 906.000000 908.000000  909.0000 910.00000
A   29918.53 1111.8429  1157.376   2.064711   4.308236  349.2743  30.27291
a  -28415.55 -911.8244 -1291.422  -2.191673  -5.301810 -315.3629 -22.49490
      phi0.63   phi0.64   phi0.65   phi0.66   phi0.67   phi0.68   phi0.69
id 916.000000   919.000  921.0000 927.00000 929.00000 930.00000 932.00000
A    8.258842  7580.918  994.4745  26.01229  29.09001  18.48835  79.58243
a  -15.843295 -6061.950 -139.5029 -33.78450 -29.35340 -18.24159 -68.47676
     phi0.70   phi0.71   phi0.72   phi0.73   phi0.74   phi0.75   phi0.76
id 935.00000   940.000  946.0000  947.0000  949.0000   953.000  956.0000
A   94.51907  1478.041  503.5849  296.6759  969.4003  2530.587  133.6985
a  -98.30131 -1289.513 -424.8552 -235.1788 -970.2082 -3116.030 -158.4125
     phi0.77   phi0.78   phi0.79   phi0.80   phi0.81   phi0.82   phi0.83
id  958.0000   959.000  961.0000   964.000   973.000   984.000  1016.000
A   133.6985  3237.331  296.6759  8349.324  6155.889  2287.731  2086.517
a  -156.8221 -3425.910 -294.0224 -5484.994 -5403.811 -1892.754 -2449.987
     phi0.84   phi0.85   phi0.86   phi0.87   phi0.88   phi0.89   phi0.90
id  1018.000 1021.0000  1023.000   1082.00   1085.00  1094.000   1105.00
A   2828.648  136.3019  1023.201  44457.39  38825.25 41469.304  64710.55
a  -2863.755 -139.0706 -1029.950 -34786.75 -29783.61 -4158.682 -62843.76
     phi0.91   phi0.92    phi0.93    phi0.94     phi0.95     phi0.96    phi0.97
id   1106.00   1109.00 1118.00000 1119.00000 1120.000000 1121.000000 1123.00000
A   33944.15  54764.22   11.24024   14.31796    2.930120    5.173645   11.80730
a  -31544.39 -59549.51  -10.16446  -12.63033   -3.007879   -4.168340  -11.92756
E =  0.00394 | E_L =  0.00394 | E_A =  0.00000 |  98 flippped triangles
        phi0    phi0.1    phi0.2    phi0.3    phi0.4    phi0.5    phi0.6
id  32.00000  38.00000    39.000  40.00000   43.0000   44.0000   46.0000
A   26.85519  60.74506  1308.934 119.79820  223.7174  373.3473  445.8947
a  -21.54343 -47.06082 -1215.750 -95.88925 -209.2952 -251.4655 -429.1441
      phi0.7    phi0.8    phi0.9   phi0.10   phi0.11   phi0.12   phi0.13
id    47.000  50.00000  57.00000  58.00000    65.000   89.0000  116.0000
A   5051.677  71.41006 149.48102  55.45639 11362.864  133.6985 1040.4782
a  -4896.130 -64.52871 -60.65509 -62.12931 -1109.391 -141.1472 -956.9659
     phi0.14   phi0.15   phi0.16   phi0.17   phi0.18   phi0.19   phi0.20
id  117.0000   125.000   169.000 171.00000   174.000   178.000   200.000
A   886.3850  1904.149  3484.835  99.09164  1420.455  4626.766  6423.412
a  -888.3761 -2356.393 -2522.603 -92.69984 -1549.388 -2831.530 -1131.517
     phi0.21   phi0.22   phi0.23   phi0.24    phi0.25  phi0.26   phi0.27
id  221.0000  222.0000   229.000   231.000 232.000000  318.000   370.000
A   238.2868  266.5789  6992.305 11448.900   7.451874 1501.956  2573.958
a  -233.9980 -235.0904 -6463.657 -8965.421  -8.736791 -790.174 -2402.103
     phi0.28   phi0.29   phi0.30   phi0.31   phi0.32   phi0.33   phi0.34
id   373.000   399.000   498.000   499.000   500.000   502.000   507.000
A   3188.542  5800.000  2369.567  2646.094  2738.281  5625.000  5850.956
a  -2987.039 -5123.224 -2963.449 -1958.655 -1852.609 -5979.315 -3405.595
     phi0.35   phi0.36   phi0.37   phi0.38   phi0.39   phi0.40   phi0.41
id   590.000   591.000  764.0000   767.000   768.000   774.000    775.00
A   5561.559  3772.304  573.5435  3551.574  1729.781  9525.360  13576.91
a  -3282.953 -1241.891 -520.2251 -3346.811 -1427.845 -8716.011 -12978.64
     phi0.42   phi0.43   phi0.44   phi0.45   phi0.46   phi0.47   phi0.48
id  776.0000    777.00   780.000  783.0000   787.000    788.00    791.00
A   133.6985  22838.81  4743.303  134.3838  3304.762  14791.52  34200.75
a  -162.3607 -15789.82 -3753.242 -161.5581 -1198.587 -13832.50 -29377.63
     phi0.49   phi0.50   phi0.51   phi0.52   phi0.53   phi0.54   phi0.55
id   809.000   810.000  817.0000   819.000   820.000   823.000   864.000
A   6918.639  3902.517  181.3923  1361.689  5187.777  3547.141  1949.284
a  -6781.502 -3666.387 -159.6915 -1230.267 -2902.037 -2677.402 -2320.843
     phi0.56  phi0.57   phi0.58    phi0.59    phi0.60   phi0.61   phi0.62
id    883.00  885.000   887.000 906.000000 908.000000  909.0000 910.00000
A   29918.53 1111.843  1157.376   2.064711   4.308236  349.2743  30.27291
a  -28915.50 -926.971 -1288.448  -2.249890  -5.417006 -315.8046 -21.57557
      phi0.63   phi0.64   phi0.65   phi0.66   phi0.67   phi0.68   phi0.69
id 916.000000   919.000  921.0000 927.00000 929.00000 930.00000 932.00000
A    8.258842  7580.918  994.4745  26.01229  29.09001  18.48835  79.58243
a  -15.848550 -6181.773 -145.3934 -33.84745 -29.43242 -18.25163 -69.28168
     phi0.70   phi0.71   phi0.72   phi0.73   phi0.74   phi0.75   phi0.76
id 935.00000   940.000  946.0000  947.0000  949.0000   953.000  956.0000
A   94.51907  1478.041  503.5849  296.6759  969.4003  2530.587  133.6985
a  -99.45857 -1258.335 -390.1605 -226.5694 -969.3452 -3282.993 -158.0747
     phi0.77   phi0.78   phi0.79   phi0.80   phi0.81   phi0.82   phi0.83
id  958.0000   959.000  961.0000   964.000   973.000   984.000  1016.000
A   133.6985  3237.331  296.6759  8349.324  6155.889  2287.731  2086.517
a  -156.3546 -3402.028 -294.1097 -5392.542 -5221.922 -1878.258 -2446.776
     phi0.84   phi0.85   phi0.86   phi0.87   phi0.88   phi0.89   phi0.90
id  1018.000 1021.0000  1023.000   1082.00   1085.00  1094.000   1105.00
A   2828.648  136.3019  1023.201  44457.39  38825.25 41469.304  64710.55
a  -2861.528 -137.9554 -1029.327 -35250.09 -30187.21 -5402.589 -63483.36
     phi0.91   phi0.92    phi0.93    phi0.94     phi0.95     phi0.96    phi0.97
id   1106.00   1109.00 1118.00000 1119.00000 1120.000000 1121.000000 1123.00000
A   33944.15  54764.22   11.24024   14.31796    2.930120    5.173645   11.80730
a  -31520.10 -59672.73  -10.32143  -12.60706   -2.924392   -4.139544  -12.14843
FIRE:  14  stops.  14 hits of maxmove.  0 hits of dtmax.
Frms = 0.000158738385817623; Ftanrms = 0.000158731276425554
E =  0.04637 | E_L =  0.01514 | E_A =  0.03123 |   4 flippped triangles
         phi0    phi0.1       phi0.2        phi0.3
id  40.000000 907.00000 1120.0000000 1123.00000000
A  119.798196  10.30474    2.9301196   11.80730048
a   -4.787081 -11.49652   -0.8920352   -0.01135673
FIRE:  16  stops.  0 hits of maxmove.  0 hits of dtmax.
Frms = 0.00018642145762235; Ftanrms = 0.000186397275591977
E =  0.02281 | E_L =  0.01420 | E_A =  0.00862 |   1 flippped triangles
        phi0
id 33.000000
A  47.229202
a  -5.039359
FIRE:  16  stops.  0 hits of maxmove.  0 hits of dtmax.
Frms = 0.000179279102500927; Ftanrms = 0.000179254339481129
E =  0.01850 | E_L =  0.01359 | E_A =  0.00492 |   0 flippped triangles
FIRE:  7  stops.  0 hits of maxmove.  0 hits of dtmax.
Frms = 9.21582021398684e-06; Ftanrms = 9.17738456495968e-06
E =  0.01370 | E_L =  0.01349 | E_A =  0.00022 |   0 flippped triangles
E =  0.01370 | E_L =  0.01349 | E_A =  0.00022 |   0 flippped triangles
Optimising mapping with BFGS...
E =  0.01357 | E_L =  0.01351 | E_A =  0.00006 |   0 flippped triangles
Transforming image...
Mapping optimised. Error: 0.01357106 ; 0 flipped triangles.
Inferring coordinates of datapoints
Inferring coordinates of landmarks
Mapping optimised. Error: 0.01357106 ; 0 flipped triangles. OD displacement: 7.165995 degrees.
Computing Kernel Density estimates of datapoints

[1] 0.7
Saving developmental_retina/data/C57BL6J/P12/ML/GM187-5/R-CONTRA/r.mat
