[1] "Adding old segment 1"
[1] "Intersection found. Old points:"
  X   Y 
350 279 
  X   Y 
220 139 
  X   Y 
220 139 
  X   Y 
330   9 
[1] "Point i+1 has been changed:"
  X   Y 
350 279 
  X   Y 
220 139 
  X   Y 
220 139 
  X   Y 
330   9 
[1] "a= 0.293610109757352"
[1] "l= 170.293863659264"
[1] "New points:"
  X   Y 
350 279 
  X   Y 
220 139 
        X         Y 
297.70289  47.16931 
  X   Y 
330   9 
[1] "Storing new segment 1"
[1] "Adding old segment 2"
[1] "Adding old segment 4"
[1] "Adding old segment 3"
[1] "Adding old segment 5"
[1] "Storing new segment 2"
simplify.outline: Removing vertex 10
Triangulating...
[1] "Non-adjacent points in rim connected by line: 16 13"
[1] "In triangle: 14" "In triangle: 72"
[1] "Other points in triangles: 87 107"
[1] "Non-adjacent points in rim connected by line: 22 20"
[1] "In triangle: 10"  "In triangle: 649"
[1] "Other points in triangles: 21 369"
[1] "Non-adjacent points in rim connected by line: 61 49"
[1] "In triangle: 4"   "In triangle: 103"
[1] "Other points in triangles: 84 48"
[1] "Non-adjacent points in rim connected by line: 65 46"
[1] "In triangle: 1"  "In triangle: 59"
[1] "Other points in triangles: 73 72"
[1] "Non-adjacent points in rim connected by line: 66 59"
[1] "In triangle: 62" "In triangle: 70"
[1] "Other points in triangles: 68 69"
[1] "Non-adjacent points in rim connected by line: 67 64"
[1] "In triangle: 40" "In triangle: 65"
[1] "Other points in triangles: 71 1"
[1] "Non-adjacent points in rim connected by line: 68 59"
[1] "In triangle: 24"  "In triangle: 839"
[1] "Other points in triangles: 70 471"
[1] "Non-adjacent points in rim connected by line: 69 66"
[1] "In triangle: 3"  "In triangle: 70"
[1] "Other points in triangles: 71 471"
[1] "Non-adjacent points in rim connected by line: 71 67"
[1] "In triangle: 18" "In triangle: 40"
[1] "Other points in triangles: 69 472"
[1] "Non-adjacent points in rim connected by line: 71 69"
[1] "In triangle: 3"  "In triangle: 18"
[1] "Other points in triangles: 474 475"
[1] "Non-adjacent points in rim connected by line: 73 46"
[1] "In triangle: 108" "In triangle: 837"
[1] "Other points in triangles: 74 470"
[1] "Non-adjacent points in rim connected by line: 74 73"
[1] "In triangle: 37"  "In triangle: 108"
[1] "Other points in triangles: 47 477"
[1] "Non-adjacent points in rim connected by line: 87 16"
[1] "In triangle: 14" "In triangle: 83"
[1] "Other points in triangles: 467 88"
[1] "Non-adjacent points in rim connected by line: 88 14"
[1] "In triangle: 9"  "In triangle: 11"
[1] "Other points in triangles: 15 87"
[1] "Non-adjacent points in rim connected by line: 88 87"
[1] "In triangle: 11" "In triangle: 83"
[1] "Other points in triangles: 480 479"
Stitching...
Tear 1 child of rim
Tear 2 child of forward side of tear 1
Tear 3 child of rim
Tear 4 child of rim
Tear 5 child of rim
Tear 1 : Sf = 2883.98893801877 ; Sb = 2462.99683617366
  Forwards path
    i = 27 ; sf/Sf = 0.137521553939628 ; sf = 396.610640301039
      k =   28 ; sb/Sb = 0 ; sb = 0
      k =  423 ; sb/Sb = 0.0976535031972552 ; sb = 240.520269416114
      k =   29 ; sb/Sb = 0.19530700639451 ; sb = 481.040538832228
      Creating new point: f = 0.408260322846188
    i = 26 ; sf/Sf = 0.21666687977679 ; sf = 624.864884511305
      k =   28 ; sb/Sb = 0 ; sb = 0
      k =  423 ; sb/Sb = 0.0976535031972552 ; sb = 240.520269416114
      k =   29 ; sb/Sb = 0.19530700639451 ; sb = 481.040538832228
      k =  226 ; sb/Sb = 0.336450048403218 ; sb = 828.675404747602
      Creating new point: f = 0.151334937084334
    i = 433 ; sf/Sf = 0.326316317695258 ; sf = 941.092650528143
      k =   28 ; sb/Sb = 0 ; sb = 0
      k =  423 ; sb/Sb = 0.0976535031972552 ; sb = 240.520269416114
      k =   29 ; sb/Sb = 0.19530700639451 ; sb = 481.040538832228
      k =  226 ; sb/Sb = 0.336450048403218 ; sb = 828.675404747602
      Creating new point: f = 0.928202406836779
    i = 25 ; sf/Sf = 0.435965755613726 ; sf = 1257.32041654498
      k =   28 ; sb/Sb = 0 ; sb = 0
      k =  423 ; sb/Sb = 0.0976535031972552 ; sb = 240.520269416114
      k =   29 ; sb/Sb = 0.19530700639451 ; sb = 481.040538832228
      k =  226 ; sb/Sb = 0.336450048403218 ; sb = 828.675404747602
      k =   30 ; sb/Sb = 0.477593090411927 ; sb = 1176.31027066298
      Creating new point: f = 0.705069876589223
    i = 454 ; sf/Sf = 0.518839987516479 ; sf = 1496.32878459932
      k =   28 ; sb/Sb = 0 ; sb = 0
      k =  423 ; sb/Sb = 0.0976535031972552 ; sb = 240.520269416114
      k =   29 ; sb/Sb = 0.19530700639451 ; sb = 481.040538832228
      k =  226 ; sb/Sb = 0.336450048403218 ; sb = 828.675404747602
      k =   30 ; sb/Sb = 0.477593090411927 ; sb = 1176.31027066298
      k =   31 ; sb/Sb = 0.589301041393863 ; sb = 1451.44660050693
      Creating new point: f = 0.369238686610785
    i = 24 ; sf/Sf = 0.601714219419232 ; sf = 1735.33715265367
      k =   28 ; sb/Sb = 0 ; sb = 0
      k =  423 ; sb/Sb = 0.0976535031972552 ; sb = 240.520269416114
      k =   29 ; sb/Sb = 0.19530700639451 ; sb = 481.040538832228
      k =  226 ; sb/Sb = 0.336450048403218 ; sb = 828.675404747602
      k =   30 ; sb/Sb = 0.477593090411927 ; sb = 1176.31027066298
      k =   31 ; sb/Sb = 0.589301041393863 ; sb = 1451.44660050693
      k =   32 ; sb/Sb = 0.713050698155937 ; sb = 1756.24161358949
      Creating new point: f = 0.100308787516355
    i = 373 ; sf/Sf = 0.693293657091931 ; sf = 1999.45123785171
      k =   28 ; sb/Sb = 0 ; sb = 0
      k =  423 ; sb/Sb = 0.0976535031972552 ; sb = 240.520269416114
      k =   29 ; sb/Sb = 0.19530700639451 ; sb = 481.040538832228
      k =  226 ; sb/Sb = 0.336450048403218 ; sb = 828.675404747602
      k =   30 ; sb/Sb = 0.477593090411927 ; sb = 1176.31027066298
      k =   31 ; sb/Sb = 0.589301041393863 ; sb = 1451.44660050693
      k =   32 ; sb/Sb = 0.713050698155937 ; sb = 1756.24161358949
      Creating new point: f = 0.840346700096379
    i = 446 ; sf/Sf = 0.784873094764631 ; sf = 2263.56532304976
      k =   28 ; sb/Sb = 0 ; sb = 0
      k =  423 ; sb/Sb = 0.0976535031972552 ; sb = 240.520269416114
      k =   29 ; sb/Sb = 0.19530700639451 ; sb = 481.040538832228
      k =  226 ; sb/Sb = 0.336450048403218 ; sb = 828.675404747602
      k =   30 ; sb/Sb = 0.477593090411927 ; sb = 1176.31027066298
      k =   31 ; sb/Sb = 0.589301041393863 ; sb = 1451.44660050693
      k =   32 ; sb/Sb = 0.713050698155937 ; sb = 1756.24161358949
      k =   33 ; sb/Sb = 0.774491077323986 ; sb = 1907.56907309371
      k =  254 ; sb/Sb = 0.887245538661993 ; sb = 2185.28295463368
      Creating new point: f = 0.0920763339866623
    i = 456 ; sf/Sf = 0.87645253243733 ; sf = 2527.6794082478
      k =   28 ; sb/Sb = 0 ; sb = 0
      k =  423 ; sb/Sb = 0.0976535031972552 ; sb = 240.520269416114
      k =   29 ; sb/Sb = 0.19530700639451 ; sb = 481.040538832228
      k =  226 ; sb/Sb = 0.336450048403218 ; sb = 828.675404747602
      k =   30 ; sb/Sb = 0.477593090411927 ; sb = 1176.31027066298
      k =   31 ; sb/Sb = 0.589301041393863 ; sb = 1451.44660050693
      k =   32 ; sb/Sb = 0.713050698155937 ; sb = 1756.24161358949
      k =   33 ; sb/Sb = 0.774491077323986 ; sb = 1907.56907309371
      k =  254 ; sb/Sb = 0.887245538661993 ; sb = 2185.28295463368
      Creating new point: f = 0.904278676900343
    i = 23 ; sf/Sf = 0.968031970110029 ; sf = 2791.79349344584
      k =   28 ; sb/Sb = 0 ; sb = 0
      k =  423 ; sb/Sb = 0.0976535031972552 ; sb = 240.520269416114
      k =   29 ; sb/Sb = 0.19530700639451 ; sb = 481.040538832228
      k =  226 ; sb/Sb = 0.336450048403218 ; sb = 828.675404747602
      k =   30 ; sb/Sb = 0.477593090411927 ; sb = 1176.31027066298
      k =   31 ; sb/Sb = 0.589301041393863 ; sb = 1451.44660050693
      k =   32 ; sb/Sb = 0.713050698155937 ; sb = 1756.24161358949
      k =   33 ; sb/Sb = 0.774491077323986 ; sb = 1907.56907309371
      k =  254 ; sb/Sb = 0.887245538661993 ; sb = 2185.28295463368
      k =   34 ; sb/Sb = 1 ; sb = 2462.99683617366
    i = 15 ; sf/Sf = 0.968031970110029 ; sf = 2791.79349344584
      k =   28 ; sb/Sb = 0 ; sb = 0
      k =  423 ; sb/Sb = 0.0976535031972552 ; sb = 240.520269416114
      k =   29 ; sb/Sb = 0.19530700639451 ; sb = 481.040538832228
      k =  226 ; sb/Sb = 0.336450048403218 ; sb = 828.675404747602
      k =   30 ; sb/Sb = 0.477593090411927 ; sb = 1176.31027066298
      k =   31 ; sb/Sb = 0.589301041393863 ; sb = 1451.44660050693
      k =   32 ; sb/Sb = 0.713050698155937 ; sb = 1756.24161358949
      k =   33 ; sb/Sb = 0.774491077323986 ; sb = 1907.56907309371
      k =  254 ; sb/Sb = 0.887245538661993 ; sb = 2185.28295463368
      k =   34 ; sb/Sb = 1 ; sb = 2462.99683617366
      Creating new point: f = 0.716481019814026
Tear 2 : Sf = 1048.66003447564 ; Sb = 813.431393469792
  Forwards path
    i = 18 ; sf/Sf = 0.108726888373242 ; sf = 114.017542509914
      k =   19 ; sb/Sb = 0 ; sb = 0
      k =   20 ; sb/Sb = 0.302382572764708 ; sb = 245.967477524977
      Creating new point: f = 0.359567310308739
    i = 17 ; sf/Sf = 0.275265600848402 ; sf = 288.660034475644
      k =   19 ; sb/Sb = 0 ; sb = 0
      k =   20 ; sb/Sb = 0.302382572764708 ; sb = 245.967477524977
      Creating new point: f = 0.910322305718966
    i = 16 ; sf/Sf = 0.609024863615585 ; sf = 638.660034475644
      k =   19 ; sb/Sb = 0 ; sb = 0
      k =   20 ; sb/Sb = 0.302382572764708 ; sb = 245.967477524977
      k =   21 ; sb/Sb = 0.424083001541917 ; sb = 344.962426891094
      k =   22 ; sb/Sb = 0.55931259912455 ; sb = 454.962426891094
      k =   23 ; sb/Sb = 1 ; sb = 813.431393469792
      Creating new point: f = 0.112806185046996
    i = 88 ; sf/Sf = 0.804512431807793 ; sf = 843.660034475644
      k =   19 ; sb/Sb = 0 ; sb = 0
      k =   20 ; sb/Sb = 0.302382572764708 ; sb = 245.967477524977
      k =   21 ; sb/Sb = 0.424083001541917 ; sb = 344.962426891094
      k =   22 ; sb/Sb = 0.55931259912455 ; sb = 454.962426891094
      k =   23 ; sb/Sb = 1 ; sb = 813.431393469792
      Creating new point: f = 0.556403092523498
Tear 3 : Sf = 661.289246985858 ; Sb = 466.476151587624
  Forwards path
    i = 43 ; sf/Sf = 0.387606654013849 ; sf = 256.320112359526
      k =   44 ; sb/Sb = 0 ; sb = 0
      k =   90 ; sb/Sb = 0.5 ; sb = 233.238075793812
      Creating new point: f = 0.775213308027698
Tear 4 : Sf = 2023.96699727535 ; Sb = 1611.5678771296
  Forwards path
    i = 3 ; sf/Sf = 0.0356285579786405 ; sf = 72.1110255092798
      k =    4 ; sb/Sb = 0 ; sb = 0
      k =    5 ; sb/Sb = 0.11592153180382 ; sb = 186.815416922694
      Creating new point: f = 0.307350648531253
    i = 203 ; sf/Sf = 0.148404232936552 ; sf = 300.365269719546
      k =    4 ; sb/Sb = 0 ; sb = 0
      k =    5 ; sb/Sb = 0.11592153180382 ; sb = 186.815416922694
      k =    6 ; sb/Sb = 0.34179194013708 ; sb = 550.82091138672
      Creating new point: f = 0.143811229511772
    i = 199 ; sf/Sf = 0.261179907894465 ; sf = 528.619513929813
      k =    4 ; sb/Sb = 0 ; sb = 0
      k =    5 ; sb/Sb = 0.11592153180382 ; sb = 186.815416922694
      k =    6 ; sb/Sb = 0.34179194013708 ; sb = 550.82091138672
      Creating new point: f = 0.643104943062411
    i = 2 ; sf/Sf = 0.486731257810289 ; sf = 985.128002350346
      k =    4 ; sb/Sb = 0 ; sb = 0
      k =    5 ; sb/Sb = 0.11592153180382 ; sb = 186.815416922694
      k =    6 ; sb/Sb = 0.34179194013708 ; sb = 550.82091138672
      k =    7 ; sb/Sb = 0.481786219407159 ; sb = 776.43119484029
      k =    8 ; sb/Sb = 0.655530064747831 ; sb = 1056.43119484029
      Creating new point: f = 0.028461660863057
    i = 60 ; sf/Sf = 0.55725598850292 ; sf = 1127.86772976396
      k =    4 ; sb/Sb = 0 ; sb = 0
      k =    5 ; sb/Sb = 0.11592153180382 ; sb = 186.815416922694
      k =    6 ; sb/Sb = 0.34179194013708 ; sb = 550.82091138672
      k =    7 ; sb/Sb = 0.481786219407159 ; sb = 776.43119484029
      k =    8 ; sb/Sb = 0.655530064747831 ; sb = 1056.43119484029
      Creating new point: f = 0.434373769889701
    i = 62 ; sf/Sf = 0.588877057466078 ; sf = 1191.86772976396
      k =    4 ; sb/Sb = 0 ; sb = 0
      k =    5 ; sb/Sb = 0.11592153180382 ; sb = 186.815416922694
      k =    6 ; sb/Sb = 0.34179194013708 ; sb = 550.82091138672
      k =    7 ; sb/Sb = 0.481786219407159 ; sb = 776.43119484029
      k =    8 ; sb/Sb = 0.655530064747831 ; sb = 1056.43119484029
      Creating new point: f = 0.616371980538006
    i = 68 ; sf/Sf = 0.592829691086472 ; sf = 1199.86772976396
      k =    4 ; sb/Sb = 0 ; sb = 0
      k =    5 ; sb/Sb = 0.11592153180382 ; sb = 186.815416922694
      k =    6 ; sb/Sb = 0.34179194013708 ; sb = 550.82091138672
      k =    7 ; sb/Sb = 0.481786219407159 ; sb = 776.43119484029
      k =    8 ; sb/Sb = 0.655530064747831 ; sb = 1056.43119484029
      Creating new point: f = 0.639121756869043
    i = 66 ; sf/Sf = 0.596782324706867 ; sf = 1207.86772976396
      k =    4 ; sb/Sb = 0 ; sb = 0
      k =    5 ; sb/Sb = 0.11592153180382 ; sb = 186.815416922694
      k =    6 ; sb/Sb = 0.34179194013708 ; sb = 550.82091138672
      k =    7 ; sb/Sb = 0.481786219407159 ; sb = 776.43119484029
      k =    8 ; sb/Sb = 0.655530064747831 ; sb = 1056.43119484029
      Creating new point: f = 0.661871533200082
    i = 71 ; sf/Sf = 0.600734958327262 ; sf = 1215.86772976396
      k =    4 ; sb/Sb = 0 ; sb = 0
      k =    5 ; sb/Sb = 0.11592153180382 ; sb = 186.815416922694
      k =    6 ; sb/Sb = 0.34179194013708 ; sb = 550.82091138672
      k =    7 ; sb/Sb = 0.481786219407159 ; sb = 776.43119484029
      k =    8 ; sb/Sb = 0.655530064747831 ; sb = 1056.43119484029
      Creating new point: f = 0.68462130953112
    i = 64 ; sf/Sf = 0.604687591947657 ; sf = 1223.86772976396
      k =    4 ; sb/Sb = 0 ; sb = 0
      k =    5 ; sb/Sb = 0.11592153180382 ; sb = 186.815416922694
      k =    6 ; sb/Sb = 0.34179194013708 ; sb = 550.82091138672
      k =    7 ; sb/Sb = 0.481786219407159 ; sb = 776.43119484029
      k =    8 ; sb/Sb = 0.655530064747831 ; sb = 1056.43119484029
      Creating new point: f = 0.707371085862157
    i = 1 ; sf/Sf = 0.620498126429236 ; sf = 1255.86772976396
      k =    4 ; sb/Sb = 0 ; sb = 0
      k =    5 ; sb/Sb = 0.11592153180382 ; sb = 186.815416922694
      k =    6 ; sb/Sb = 0.34179194013708 ; sb = 550.82091138672
      k =    7 ; sb/Sb = 0.481786219407159 ; sb = 776.43119484029
      k =    8 ; sb/Sb = 0.655530064747831 ; sb = 1056.43119484029
      Creating new point: f = 0.79837019118631
    i = 67 ; sf/Sf = 0.636308660910815 ; sf = 1287.86772976396
      k =    4 ; sb/Sb = 0 ; sb = 0
      k =    5 ; sb/Sb = 0.11592153180382 ; sb = 186.815416922694
      k =    6 ; sb/Sb = 0.34179194013708 ; sb = 550.82091138672
      k =    7 ; sb/Sb = 0.481786219407159 ; sb = 776.43119484029
      k =    8 ; sb/Sb = 0.655530064747831 ; sb = 1056.43119484029
      Creating new point: f = 0.889369296510462
    i = 69 ; sf/Sf = 0.640755373733759 ; sf = 1296.86772976396
      k =    4 ; sb/Sb = 0 ; sb = 0
      k =    5 ; sb/Sb = 0.11592153180382 ; sb = 186.815416922694
      k =    6 ; sb/Sb = 0.34179194013708 ; sb = 550.82091138672
      k =    7 ; sb/Sb = 0.481786219407159 ; sb = 776.43119484029
      k =    8 ; sb/Sb = 0.655530064747831 ; sb = 1056.43119484029
      Creating new point: f = 0.91496279488288
    i = 59 ; sf/Sf = 0.645202086556703 ; sf = 1305.86772976396
      k =    4 ; sb/Sb = 0 ; sb = 0
      k =    5 ; sb/Sb = 0.11592153180382 ; sb = 186.815416922694
      k =    6 ; sb/Sb = 0.34179194013708 ; sb = 550.82091138672
      k =    7 ; sb/Sb = 0.481786219407159 ; sb = 776.43119484029
      k =    8 ; sb/Sb = 0.655530064747831 ; sb = 1056.43119484029
      Creating new point: f = 0.940556293255297
    i = 81 ; sf/Sf = 0.678022113448127 ; sf = 1372.2943810419
      k =    4 ; sb/Sb = 0 ; sb = 0
      k =    5 ; sb/Sb = 0.11592153180382 ; sb = 186.815416922694
      k =    6 ; sb/Sb = 0.34179194013708 ; sb = 550.82091138672
      k =    7 ; sb/Sb = 0.481786219407159 ; sb = 776.43119484029
      k =    8 ; sb/Sb = 0.655530064747831 ; sb = 1056.43119484029
      k =    9 ; sb/Sb = 0.702786982771219 ; sb = 1132.58892589893
      Creating new point: f = 0.475952508988518
    i = 76 ; sf/Sf = 0.710842140339552 ; sf = 1438.72103231983
      k =    4 ; sb/Sb = 0 ; sb = 0
      k =    5 ; sb/Sb = 0.11592153180382 ; sb = 186.815416922694
      k =    6 ; sb/Sb = 0.34179194013708 ; sb = 550.82091138672
      k =    7 ; sb/Sb = 0.481786219407159 ; sb = 776.43119484029
      k =    8 ; sb/Sb = 0.655530064747831 ; sb = 1056.43119484029
      k =    9 ; sb/Sb = 0.702786982771219 ; sb = 1132.58892589893
      k =   10 ; sb/Sb = 0.811155047464088 ; sb = 1307.23141786466
      Creating new point: f = 0.0743314701721582
    i = 58 ; sf/Sf = 0.7764821941224 ; sf = 1571.57433487569
      k =    4 ; sb/Sb = 0 ; sb = 0
      k =    5 ; sb/Sb = 0.11592153180382 ; sb = 186.815416922694
      k =    6 ; sb/Sb = 0.34179194013708 ; sb = 550.82091138672
      k =    7 ; sb/Sb = 0.481786219407159 ; sb = 776.43119484029
      k =    8 ; sb/Sb = 0.655530064747831 ; sb = 1056.43119484029
      k =    9 ; sb/Sb = 0.702786982771219 ; sb = 1132.58892589893
      k =   10 ; sb/Sb = 0.811155047464088 ; sb = 1307.23141786466
      Creating new point: f = 0.680045468746201
    i = 57 ; sf/Sf = 0.92187921877122 ; sf = 1865.85311426693
      k =    4 ; sb/Sb = 0 ; sb = 0
      k =    5 ; sb/Sb = 0.11592153180382 ; sb = 186.815416922694
      k =    6 ; sb/Sb = 0.34179194013708 ; sb = 550.82091138672
      k =    7 ; sb/Sb = 0.481786219407159 ; sb = 776.43119484029
      k =    8 ; sb/Sb = 0.655530064747831 ; sb = 1056.43119484029
      k =    9 ; sb/Sb = 0.702786982771219 ; sb = 1132.58892589893
      k =   10 ; sb/Sb = 0.811155047464088 ; sb = 1307.23141786466
      k =   11 ; sb/Sb = 0.972249782224718 ; sb = 1566.8465175796
      Creating new point: f = 0.687323340962426
Tear 5 : Sf = 324.499614791759 ; Sb = 180
  Forwards path
Tear 1 : Sf = 2462.99683617366 ; Sb = 2883.98893801877
  Backwards path
    i = 423 ; sf/Sf = 0.0976535031972552 ; sf = 240.520269416114
      k =   28 ; sb/Sb = 0 ; sb = 0
      k =   27 ; sb/Sb = 0.137521553939628 ; sb = 396.610640301039
      Creating new point: f = 0.7100959842275
    i = 29 ; sf/Sf = 0.19530700639451 ; sf = 481.040538832228
      k =   28 ; sb/Sb = 0 ; sb = 0
      k =   27 ; sb/Sb = 0.137521553939628 ; sb = 396.610640301039
      k =   26 ; sb/Sb = 0.21666687977679 ; sb = 624.864884511305
      Creating new point: f = 0.730118321501053
    i = 226 ; sf/Sf = 0.336450048403219 ; sf = 828.675404747602
      k =   28 ; sb/Sb = 0 ; sb = 0
      k =   27 ; sb/Sb = 0.137521553939628 ; sb = 396.610640301039
      k =   26 ; sb/Sb = 0.21666687977679 ; sb = 624.864884511305
      k =  433 ; sb/Sb = 0.326316317695258 ; sb = 941.092650528143
      k =   25 ; sb/Sb = 0.435965755613726 ; sb = 1257.32041654498
      Creating new point: f = 0.0924193584603314
    i = 30 ; sf/Sf = 0.477593090411927 ; sf = 1176.31027066298
      k =   28 ; sb/Sb = 0 ; sb = 0
      k =   27 ; sb/Sb = 0.137521553939628 ; sb = 396.610640301039
      k =   26 ; sb/Sb = 0.21666687977679 ; sb = 624.864884511305
      k =  433 ; sb/Sb = 0.326316317695258 ; sb = 941.092650528143
      k =   25 ; sb/Sb = 0.435965755613726 ; sb = 1257.32041654498
      k =  454 ; sb/Sb = 0.518839987516479 ; sb = 1496.32878459932
      Creating new point: f = 0.502295271309997
    i = 31 ; sf/Sf = 0.589301041393863 ; sf = 1451.44660050693
      k =   28 ; sb/Sb = 0 ; sb = 0
      k =   27 ; sb/Sb = 0.137521553939628 ; sb = 396.610640301039
      k =   26 ; sb/Sb = 0.21666687977679 ; sb = 624.864884511305
      k =  433 ; sb/Sb = 0.326316317695258 ; sb = 941.092650528143
      k =   25 ; sb/Sb = 0.435965755613726 ; sb = 1257.32041654498
      k =  454 ; sb/Sb = 0.518839987516479 ; sb = 1496.32878459932
      k =   24 ; sb/Sb = 0.601714219419232 ; sb = 1735.33715265367
      Creating new point: f = 0.850216674829222
    i = 32 ; sf/Sf = 0.713050698155937 ; sf = 1756.24161358949
      k =   28 ; sb/Sb = 0 ; sb = 0
      k =   27 ; sb/Sb = 0.137521553939628 ; sb = 396.610640301039
      k =   26 ; sb/Sb = 0.21666687977679 ; sb = 624.864884511305
      k =  433 ; sb/Sb = 0.326316317695258 ; sb = 941.092650528143
      k =   25 ; sb/Sb = 0.435965755613726 ; sb = 1257.32041654498
      k =  454 ; sb/Sb = 0.518839987516479 ; sb = 1496.32878459932
      k =   24 ; sb/Sb = 0.601714219419232 ; sb = 1735.33715265367
      k =  373 ; sb/Sb = 0.693293657091931 ; sb = 1999.45123785171
      k =  446 ; sb/Sb = 0.784873094764631 ; sb = 2263.56532304976
      Creating new point: f = 0.215736649690035
    i = 33 ; sf/Sf = 0.774491077323986 ; sf = 1907.56907309371
      k =   28 ; sb/Sb = 0 ; sb = 0
      k =   27 ; sb/Sb = 0.137521553939628 ; sb = 396.610640301039
      k =   26 ; sb/Sb = 0.21666687977679 ; sb = 624.864884511305
      k =  433 ; sb/Sb = 0.326316317695258 ; sb = 941.092650528143
      k =   25 ; sb/Sb = 0.435965755613726 ; sb = 1257.32041654498
      k =  454 ; sb/Sb = 0.518839987516479 ; sb = 1496.32878459932
      k =   24 ; sb/Sb = 0.601714219419232 ; sb = 1735.33715265367
      k =  373 ; sb/Sb = 0.693293657091931 ; sb = 1999.45123785171
      k =  446 ; sb/Sb = 0.784873094764631 ; sb = 2263.56532304976
      Creating new point: f = 0.886633749840775
    i = 254 ; sf/Sf = 0.887245538661993 ; sf = 2185.28295463368
      k =   28 ; sb/Sb = 0 ; sb = 0
      k =   27 ; sb/Sb = 0.137521553939628 ; sb = 396.610640301039
      k =   26 ; sb/Sb = 0.21666687977679 ; sb = 624.864884511305
      k =  433 ; sb/Sb = 0.326316317695258 ; sb = 941.092650528143
      k =   25 ; sb/Sb = 0.435965755613726 ; sb = 1257.32041654498
      k =  454 ; sb/Sb = 0.518839987516479 ; sb = 1496.32878459932
      k =   24 ; sb/Sb = 0.601714219419232 ; sb = 1735.33715265367
      k =  373 ; sb/Sb = 0.693293657091931 ; sb = 1999.45123785171
      k =  446 ; sb/Sb = 0.784873094764631 ; sb = 2263.56532304976
      k =  456 ; sb/Sb = 0.87645253243733 ; sb = 2527.6794082478
      k =   23 ; sb/Sb = 0.968031970110029 ; sb = 2791.79349344584
      Creating new point: f = 0.117854034693215
Tear 2 : Sf = 813.431393469792 ; Sb = 1048.66003447564
  Backwards path
    i = 20 ; sf/Sf = 0.302382572764708 ; sf = 245.967477524977
      k =   19 ; sb/Sb = 0 ; sb = 0
      k =   18 ; sb/Sb = 0.108726888373242 ; sb = 114.017542509914
      k =   17 ; sb/Sb = 0.275265600848402 ; sb = 288.660034475644
      k =   16 ; sb/Sb = 0.609024863615585 ; sb = 638.660034475644
      Creating new point: f = 0.0812470991560813
    i = 21 ; sf/Sf = 0.424083001541917 ; sf = 344.962426891094
      k =   19 ; sb/Sb = 0 ; sb = 0
      k =   18 ; sb/Sb = 0.108726888373242 ; sb = 114.017542509914
      k =   17 ; sb/Sb = 0.275265600848402 ; sb = 288.660034475644
      k =   16 ; sb/Sb = 0.609024863615585 ; sb = 638.660034475644
      Creating new point: f = 0.445882458690964
    i = 22 ; sf/Sf = 0.55931259912455 ; sf = 454.962426891094
      k =   19 ; sb/Sb = 0 ; sb = 0
      k =   18 ; sb/Sb = 0.108726888373242 ; sb = 114.017542509914
      k =   17 ; sb/Sb = 0.275265600848402 ; sb = 288.660034475644
      k =   16 ; sb/Sb = 0.609024863615585 ; sb = 638.660034475644
      Creating new point: f = 0.851053528585624
Tear 3 : Sf = 466.476151587624 ; Sb = 661.289246985858
  Backwards path
    i = 90 ; sf/Sf = 0.5 ; sf = 233.238075793812
      k =   44 ; sb/Sb = 0 ; sb = 0
      k =   43 ; sb/Sb = 0.387606654013849 ; sb = 256.320112359526
      k =   42 ; sb/Sb = 1 ; sb = 661.289246985858
      Creating new point: f = 0.183531298507435
Tear 4 : Sf = 1611.5678771296 ; Sb = 2023.96699727535
  Backwards path
    i = 5 ; sf/Sf = 0.11592153180382 ; sf = 186.815416922694
      k =    4 ; sb/Sb = 0 ; sb = 0
      k =    3 ; sb/Sb = 0.0356285579786405 ; sb = 72.1110255092798
      k =  203 ; sb/Sb = 0.148404232936552 ; sb = 300.365269719546
      Creating new point: f = 0.711970678562956
    i = 6 ; sf/Sf = 0.34179194013708 ; sf = 550.82091138672
      k =    4 ; sb/Sb = 0 ; sb = 0
      k =    3 ; sb/Sb = 0.0356285579786405 ; sb = 72.1110255092798
      k =  203 ; sb/Sb = 0.148404232936552 ; sb = 300.365269719546
      k =  199 ; sb/Sb = 0.261179907894465 ; sb = 528.619513929813
      k =    2 ; sb/Sb = 0.486731257810289 ; sb = 985.128002350346
      Creating new point: f = 0.357399910364977
    i = 7 ; sf/Sf = 0.481786219407159 ; sf = 776.43119484029
      k =    4 ; sb/Sb = 0 ; sb = 0
      k =    3 ; sb/Sb = 0.0356285579786405 ; sb = 72.1110255092798
      k =  203 ; sb/Sb = 0.148404232936552 ; sb = 300.365269719546
      k =  199 ; sb/Sb = 0.261179907894465 ; sb = 528.619513929813
      k =    2 ; sb/Sb = 0.486731257810289 ; sb = 985.128002350346
      Creating new point: f = 0.978075775627257
    i = 8 ; sf/Sf = 0.655530064747831 ; sf = 1056.43119484029
      k =    4 ; sb/Sb = 0 ; sb = 0
      k =    3 ; sb/Sb = 0.0356285579786405 ; sb = 72.1110255092798
      k =  203 ; sb/Sb = 0.148404232936552 ; sb = 300.365269719546
      k =  199 ; sb/Sb = 0.261179907894465 ; sb = 528.619513929813
      k =    2 ; sb/Sb = 0.486731257810289 ; sb = 985.128002350346
      k =   60 ; sb/Sb = 0.55725598850292 ; sb = 1127.86772976396
      k =   62 ; sb/Sb = 0.588877057466078 ; sb = 1191.86772976396
      k =   68 ; sb/Sb = 0.592829691086472 ; sb = 1199.86772976396
      k =   66 ; sb/Sb = 0.596782324706867 ; sb = 1207.86772976396
      k =   71 ; sb/Sb = 0.600734958327262 ; sb = 1215.86772976396
      k =   64 ; sb/Sb = 0.604687591947657 ; sb = 1223.86772976396
      k =    1 ; sb/Sb = 0.620498126429236 ; sb = 1255.86772976396
      k =   67 ; sb/Sb = 0.636308660910815 ; sb = 1287.86772976396
      k =   69 ; sb/Sb = 0.640755373733759 ; sb = 1296.86772976396
      k =   59 ; sb/Sb = 0.645202086556703 ; sb = 1305.86772976396
      k =   81 ; sb/Sb = 0.678022113448127 ; sb = 1372.2943810419
      Creating new point: f = 0.314685244631127
    i = 9 ; sf/Sf = 0.702786982771219 ; sf = 1132.58892589893
      k =    4 ; sb/Sb = 0 ; sb = 0
      k =    3 ; sb/Sb = 0.0356285579786405 ; sb = 72.1110255092798
      k =  203 ; sb/Sb = 0.148404232936552 ; sb = 300.365269719546
      k =  199 ; sb/Sb = 0.261179907894465 ; sb = 528.619513929813
      k =    2 ; sb/Sb = 0.486731257810289 ; sb = 985.128002350346
      k =   60 ; sb/Sb = 0.55725598850292 ; sb = 1127.86772976396
      k =   62 ; sb/Sb = 0.588877057466078 ; sb = 1191.86772976396
      k =   68 ; sb/Sb = 0.592829691086472 ; sb = 1199.86772976396
      k =   66 ; sb/Sb = 0.596782324706867 ; sb = 1207.86772976396
      k =   71 ; sb/Sb = 0.600734958327262 ; sb = 1215.86772976396
      k =   64 ; sb/Sb = 0.604687591947657 ; sb = 1223.86772976396
      k =    1 ; sb/Sb = 0.620498126429236 ; sb = 1255.86772976396
      k =   67 ; sb/Sb = 0.636308660910815 ; sb = 1287.86772976396
      k =   69 ; sb/Sb = 0.640755373733759 ; sb = 1296.86772976396
      k =   59 ; sb/Sb = 0.645202086556703 ; sb = 1305.86772976396
      k =   81 ; sb/Sb = 0.678022113448127 ; sb = 1372.2943810419
      k =   76 ; sb/Sb = 0.710842140339552 ; sb = 1438.72103231983
      Creating new point: f = 0.754565784026301
    i = 10 ; sf/Sf = 0.811155047464088 ; sf = 1307.23141786466
      k =    4 ; sb/Sb = 0 ; sb = 0
      k =    3 ; sb/Sb = 0.0356285579786405 ; sb = 72.1110255092798
      k =  203 ; sb/Sb = 0.148404232936552 ; sb = 300.365269719546
      k =  199 ; sb/Sb = 0.261179907894465 ; sb = 528.619513929813
      k =    2 ; sb/Sb = 0.486731257810289 ; sb = 985.128002350346
      k =   60 ; sb/Sb = 0.55725598850292 ; sb = 1127.86772976396
      k =   62 ; sb/Sb = 0.588877057466078 ; sb = 1191.86772976396
      k =   68 ; sb/Sb = 0.592829691086472 ; sb = 1199.86772976396
      k =   66 ; sb/Sb = 0.596782324706867 ; sb = 1207.86772976396
      k =   71 ; sb/Sb = 0.600734958327262 ; sb = 1215.86772976396
      k =   64 ; sb/Sb = 0.604687591947657 ; sb = 1223.86772976396
      k =    1 ; sb/Sb = 0.620498126429236 ; sb = 1255.86772976396
      k =   67 ; sb/Sb = 0.636308660910815 ; sb = 1287.86772976396
      k =   69 ; sb/Sb = 0.640755373733759 ; sb = 1296.86772976396
      k =   59 ; sb/Sb = 0.645202086556703 ; sb = 1305.86772976396
      k =   81 ; sb/Sb = 0.678022113448127 ; sb = 1372.2943810419
      k =   76 ; sb/Sb = 0.710842140339552 ; sb = 1438.72103231983
      k =   58 ; sb/Sb = 0.7764821941224 ; sb = 1571.57433487569
      k =   57 ; sb/Sb = 0.92187921877122 ; sb = 1865.85311426694
      Creating new point: f = 0.238470171074231
    i = 11 ; sf/Sf = 0.972249782224718 ; sf = 1566.8465175796
      k =    4 ; sb/Sb = 0 ; sb = 0
      k =    3 ; sb/Sb = 0.0356285579786405 ; sb = 72.1110255092798
      k =  203 ; sb/Sb = 0.148404232936552 ; sb = 300.365269719546
      k =  199 ; sb/Sb = 0.261179907894465 ; sb = 528.619513929813
      k =    2 ; sb/Sb = 0.486731257810289 ; sb = 985.128002350346
      k =   60 ; sb/Sb = 0.55725598850292 ; sb = 1127.86772976396
      k =   62 ; sb/Sb = 0.588877057466078 ; sb = 1191.86772976396
      k =   68 ; sb/Sb = 0.592829691086472 ; sb = 1199.86772976396
      k =   66 ; sb/Sb = 0.596782324706867 ; sb = 1207.86772976396
      k =   71 ; sb/Sb = 0.600734958327262 ; sb = 1215.86772976396
      k =   64 ; sb/Sb = 0.604687591947657 ; sb = 1223.86772976396
      k =    1 ; sb/Sb = 0.620498126429236 ; sb = 1255.86772976396
      k =   67 ; sb/Sb = 0.636308660910815 ; sb = 1287.86772976396
      k =   69 ; sb/Sb = 0.640755373733759 ; sb = 1296.86772976396
      k =   59 ; sb/Sb = 0.645202086556703 ; sb = 1305.86772976396
      k =   81 ; sb/Sb = 0.678022113448127 ; sb = 1372.2943810419
      k =   76 ; sb/Sb = 0.710842140339552 ; sb = 1438.72103231983
      k =   58 ; sb/Sb = 0.7764821941224 ; sb = 1571.57433487569
      k =   57 ; sb/Sb = 0.92187921877122 ; sb = 1865.85311426694
      k =   56 ; sb/Sb = 1 ; sb = 2023.96699727535
      Creating new point: f = 0.644778030393544
Tear 5 : Sf = 180 ; Sb = 324.499614791759
  Backwards path
Triangulating...
[1] "Non-adjacent points in rim connected by line: 65 46"
[1] "In triangle: 1014" "In triangle: 1016"
[1] "Other points in triangles: 477 470"
[1] "Non-adjacent points in rim connected by line: 67 64"
[1] "In triangle: 677" "In triangle: 678"
[1] "Other points in triangles: 475 472"
[1] "Non-adjacent points in rim connected by line: 68 59"
[1] "In triangle: 657" "In triangle: 669"
[1] "Other points in triangles: 471 473"
[1] "Non-adjacent points in rim connected by line: 74 73"
[1] "In triangle: 1006" "In triangle: 1009"
[1] "Other points in triangles: 477 478"
[1] "Non-adjacent points in rim connected by line: 491 260"
[1] "In triangle: 335" "In triangle: 342"
[1] "Other points in triangles: 34 262"
Merging points...
Projecting to sphere...
Optimising mapping with FIRE...
E =  0.01531 | E_L =  0.01531 | E_A =  0.00000 |   1 flippped triangles
   rbind.id...which.ft.flipped...A...A.ft.flipped...a...ft.areas.ft.flipped..
id                                                                  1014.0000
A                                                                     35.6925
a                                                                   -277.6922
E =  0.01064 | E_L =  0.01064 | E_A =  0.00000 | 126 flippped triangles
        phi0    phi0.1    phi0.2    phi0.3    phi0.4    phi0.5    phi0.6
id     2.000    28.000    32.000    35.000    57.000     61.00     63.00
A   1246.227 14135.390  3069.481  1411.656  4300.782  18400.75  18980.65
a  -1726.494 -9230.861 -2973.111 -1381.055 -5007.604 -15218.34 -18454.50
      phi0.7    phi0.8    phi0.9   phi0.10   phi0.11   phi0.12   phi0.13
id     65.00    70.000    74.000     78.00    80.000   82.0000     83.00
A   13226.75 10059.872  9642.698  16969.48  4221.714 1150.4579  21740.81
a  -12529.97 -8816.834 -3671.901 -13513.46 -2255.119 -818.0118 -18989.32
     phi0.14   phi0.15   phi0.16   phi0.17   phi0.18   phi0.19   phi0.20
id    84.000     85.00     86.00    88.000     98.00     99.00    101.00
A   4882.621  20261.26  22894.82 14111.392  29597.27  25201.69  27170.51
a  -2984.562 -13487.24 -22319.44 -2521.535 -18761.44 -24310.03 -28085.66
     phi0.21   phi0.22   phi0.23  phi0.24   phi0.25   phi0.26   phi0.27
id    105.00    109.00    110.00   114.00    117.00    119.00    120.00
A   22430.47  20629.17  18101.72 19435.59  31447.31  15114.01  14158.85
a  -16421.76 -17842.28 -19101.16 -7782.09 -17208.37 -18349.83 -12008.77
     phi0.28   phi0.29   phi0.30   phi0.31  phi0.32   phi0.33   phi0.34
id   122.000    124.00   142.000   144.000   147.00   148.000   153.000
A  23408.864  23075.81  4888.184  7421.913 21288.89  6625.949  1089.172
a  -5990.805 -19085.51 -5467.268 -2520.249 -9561.32 -5946.061 -1099.950
     phi0.35   phi0.36   phi0.37   phi0.38   phi0.39   phi0.40   phi0.41
id    171.00    173.00    178.00    180.00   181.000   182.000 185.00000
A   22491.84  17435.47  20070.63  27825.68 21183.220 16953.683 543.63942
a  -17208.95 -11802.41 -17872.72 -16553.92 -6447.255 -5481.778 -20.25525
     phi0.42   phi0.43   phi0.44   phi0.45   phi0.46   phi0.47   phi0.48
id   213.000    221.00   224.000    229.00    230.00    231.00   233.000
A  17288.085  22159.51 15421.029  17049.64  24291.86  28576.32 21760.946
a  -1925.861 -10267.94 -7258.055 -16723.30 -10354.86 -30946.16 -6900.891
     phi0.49   phi0.50   phi0.51   phi0.52   phi0.53   phi0.54   phi0.55
id    256.00    260.00  261.0000   263.000   266.000   271.000   272.000
A   13919.49  11124.02  839.0953  3667.332 13734.800  4020.448  2682.910
a  -12455.31 -10660.66 -640.8797 -2692.297 -3014.392 -4667.610 -1635.255
     phi0.56   phi0.57   phi0.58   phi0.59   phi0.60   phi0.61   phi0.62
id   274.000    275.00    276.00    278.00   282.000   284.000   286.000
A   4587.874  16130.10  19834.83  12148.20  8572.272 13219.288  7226.146
a  -6327.461 -15592.04 -20469.91 -11489.65 -2343.958 -6183.286 -7532.021
     phi0.63   phi0.64   phi0.65   phi0.66   phi0.67   phi0.68   phi0.69
id   291.000    292.00    293.00    294.00    296.00   298.000    299.00
A  14915.667  25351.88  15173.60  16513.96  20042.22  8057.918  16190.81
a  -9219.928 -28518.01 -11784.16 -12113.69 -18141.14 -5586.647 -14069.44
     phi0.70   phi0.71   phi0.72   phi0.73   phi0.74   phi0.75   phi0.76
id  316.0000    317.00   321.000  322.0000   324.000   375.000   379.000
A   347.6122  29090.80  6641.762  825.5078  7629.113  7590.489 14963.811
a  -127.1804 -22641.97 -3980.894 -189.3736 -1591.876 -6867.572 -8308.192
     phi0.77   phi0.78   phi0.79   phi0.80   phi0.81   phi0.82   phi0.83
id    387.00   389.000    391.00   501.000  516.0000 520.00000 525.00000
A   18549.78 21644.976  16530.82 10904.931  250.3991  38.15958  38.15958
a  -18742.32 -9981.373 -14223.66 -3050.551 -300.9710 -14.39515 -43.11797
      phi0.84   phi0.85   phi0.86   phi0.87   phi0.88   phi0.89   phi0.90
id 528.000000 531.00000  533.0000 534.00000 536.00000 537.00000 538.00000
A   30.150782  60.30156  326.4966  49.00473 134.37007  32.90742  30.15078
a   -1.457994 -76.04126 -313.3094 -43.01939 -60.95863 -25.64629 -28.00677
     phi0.91   phi0.92   phi0.93   phi0.94   phi0.95  phi0.96   phi0.97
id  540.0000  552.0000   559.000   566.000 572.00000   577.00    584.00
A   121.7336  140.9564  3691.019  4651.300  88.62982 15748.20  13690.83
a  -117.2776 -160.3449 -3915.876 -3493.817 -69.97238 -9028.09 -12263.34
     phi0.98   phi0.99  phi0.100   phi0.101   phi0.102  phi0.103  phi0.104
id    585.00    606.00   640.000 652.000000 657.000000  659.0000 662.00000
A   17354.64  13632.97  7004.033   4.026007   5.924106  251.0486 157.60406
a  -12281.31 -14281.93 -5298.174  -5.684239  -7.254569 -169.1803 -15.69507
    phi0.105   phi0.106  phi0.107   phi0.108   phi0.109   phi0.110   phi0.111
id 668.00000 669.000000 670.00000 671.000000 672.000000 674.000000 677.000000
A  105.02734   6.383401  60.93019   4.279652   4.709320   5.983607   2.073024
a  -83.02569  -1.283848 -64.40082  -0.425741  -6.995946  -6.787867  -1.337708
    phi0.112   phi0.113   phi0.114   phi0.115   phi0.116    phi0.117  phi0.118
id   679.000 681.000000 702.000000 1006.00000 1007.00000 1009.000000 1011.0000
A   5658.153   9.455576   3.776978   10.61125   24.28800    6.072000  265.8696
a  -5918.423 -25.425762  -4.105535  -14.71701  -46.21443   -7.845188 -197.8402
    phi0.119  phi0.120   phi0.121   phi0.122    phi0.123    phi0.124
id 1012.0000 1013.0000 1016.00000 1017.00000 1028.000000 1031.000000
A   122.6756  112.8686   29.53192   96.73301    6.623322    2.882689
a  -126.2103 -112.6228  -16.87352  -59.65336   -4.777591   -5.191135
      phi0.125
id 1032.000000
A     3.341984
a    -2.387032
E =  0.00774 | E_L =  0.00774 | E_A =  0.00000 | 100 flippped triangles
        phi0    phi0.1    phi0.2   phi0.3    phi0.4    phi0.5    phi0.6
id     2.000    28.000    32.000   35.000    57.000    61.000     63.00
A   1246.227 14135.390  3069.481 1411.656  4300.782 18400.748  18980.65
a  -1153.912 -4914.981 -2156.125 -945.646 -4717.539 -8326.122 -18212.83
      phi0.7    phi0.8    phi0.9   phi0.10   phi0.11   phi0.12   phi0.13
id     65.00    70.000    79.000    80.000   82.0000     83.00    84.000
A   13226.75 10059.872 12453.011  4221.714 1150.4579  21740.81  4882.621
a  -11509.43 -7046.932 -6457.288 -4166.889 -247.3966 -19129.62 -3844.067
     phi0.14   phi0.15   phi0.16   phi0.17   phi0.18   phi0.19   phi0.20
id     85.00     86.00    87.000    105.00    109.00    110.00   117.000
A   20261.26  22894.82  6799.567  22430.47  20629.17  18101.72 31447.311
a  -11434.04 -21640.28 -4994.066 -15117.43 -19426.88 -16930.15 -4033.435
     phi0.21   phi0.22   phi0.23   phi0.24   phi0.25   phi0.26   phi0.27
id    119.00   120.000   142.000   148.000  153.0000    171.00    173.00
A   15114.01 14158.848  4888.184  6625.949 1089.1725  22491.84  17435.47
a  -16071.77 -1738.223 -4961.207 -4818.652 -885.4672 -18411.55 -12373.35
     phi0.28   phi0.29   phi0.30   phi0.31   phi0.32   phi0.33   phi0.34
id    178.00    180.00   182.000    221.00    224.00   225.000    229.00
A   20070.63  27825.68 16953.683  22159.51  15421.03 22159.511  17049.64
a  -18646.48 -24545.44 -6962.223 -19528.93 -16626.52 -4990.641 -12233.17
     phi0.35   phi0.36   phi0.37   phi0.38   phi0.39   phi0.40   phi0.41
id    231.00   233.000    260.00   263.000   271.000   272.000   274.000
A   28576.32 21760.946  11124.02  3667.332  4020.448  2682.910  4587.874
a  -19889.65 -9793.078 -11231.39 -3498.780 -2506.521 -1440.828 -5099.887
     phi0.42   phi0.43   phi0.44   phi0.45   phi0.46   phi0.47   phi0.48
id    275.00    276.00    278.00   286.000   291.000    292.00    296.00
A   16130.10  19834.83  12148.20  7226.146 14915.667  25351.88  20042.22
a  -16198.99 -19962.14 -13398.44 -3020.403 -3890.781 -27347.27 -20186.32
    phi0.49   phi0.50   phi0.51   phi0.52    phi0.53   phi0.54   phi0.55
id   299.00    317.00   324.000   375.000   387.0000   501.000  516.0000
A  16190.81  29090.80  7629.113  7590.489 18549.7827 10904.931  250.3991
a  -2847.04 -25749.11 -6996.997 -6068.293  -596.7632 -8978.732 -200.4266
     phi0.56   phi0.57    phi0.58   phi0.59   phi0.60   phi0.61   phi0.62
id 520.00000 525.00000 528.000000 534.00000 537.00000 538.00000  540.0000
A   38.15958  38.15958  30.150782  49.00473  32.90742  30.15078  121.7336
a  -16.46893 -49.59533  -6.420453 -37.41904 -22.94171 -32.55411 -170.3235
     phi0.63   phi0.64   phi0.65   phi0.66   phi0.67    phi0.68   phi0.69
id  552.0000   559.000   566.000 572.00000   576.000   612.0000   620.000
A   140.9564  3691.019  4651.300  88.62982  3287.035 15330.3080 10535.091
a  -152.9870 -2520.339 -4213.204 -40.02211 -1035.997  -345.2171 -3068.084
     phi0.70    phi0.71    phi0.72   phi0.73     phi0.74   phi0.75    phi0.76
id   640.000 652.000000 654.000000 655.00000 657.0000000  662.0000 664.000000
A   7004.033   4.026007   3.135218  18.96442   5.9241062  157.6041   9.474044
a  -4873.328  -5.614767  -2.725165 -17.00111  -0.6399305 -141.9631  -5.606342
      phi0.77    phi0.78     phi0.79    phi0.80    phi0.81    phi0.82   phi0.83
id 668.000000 669.000000 671.0000000 674.000000 676.000000 677.000000  679.0000
A  105.027343   6.383401   4.2796522   5.983607   4.820127   2.073024 5658.1532
a   -4.662939  -4.680594  -0.5702733  -2.788332  -5.953619  -2.144545 -865.1486
      phi0.84   phi0.85    phi0.86   phi0.87    phi0.88   phi0.89   phi0.90
id 681.000000 687.00000 702.000000  1002.000 1008.00000 1011.0000 1012.0000
A    9.455576  51.51414   3.776978  8015.099   44.56500  265.8696  122.6756
a   -8.968719 -45.49680  -2.674744 -1257.216  -88.12642 -244.4747 -116.7549
     phi0.91    phi0.92     phi0.93    phi0.94     phi0.95     phi0.96
id 1013.0000 1014.00000 1016.000000 1017.00000 1028.000000 1029.000000
A   112.8686   35.69250   29.531918   96.73301    6.623322    2.137662
a  -119.0041  -13.23145   -3.670596  -41.62460   -2.831666   -2.410286
       phi0.97     phi0.98     phi0.99
id 1032.000000 1033.000000 1034.000000
A     3.341984   15.680498   11.141251
a    -1.939478   -3.786828   -9.556247
E =  0.00683 | E_L =  0.00683 | E_A =  0.00000 |  91 flippped triangles
        phi0    phi0.1    phi0.2    phi0.3    phi0.4    phi0.5    phi0.6
id     2.000    32.000   35.0000    57.000     63.00     65.00    70.000
A   1246.227  3069.481 1411.6556  4300.782  18980.65  13226.75 10059.872
a  -1354.742 -1726.349 -770.4953 -4438.604 -18010.31 -12354.50 -7804.419
      phi0.7    phi0.8    phi0.9   phi0.10   phi0.11   phi0.12   phi0.13
id    80.000     83.00    84.000     85.00     86.00    87.000    88.000
A   4221.714  21740.81  4882.621  20261.26  22894.82  6799.567 14111.392
a  -4701.628 -18006.57 -3540.793 -15582.54 -21470.30 -4463.295 -4371.736
     phi0.14   phi0.15   phi0.16  phi0.17   phi0.18   phi0.19   phi0.20
id    105.00    109.00   110.000   119.00   142.000   147.000   148.000
A   22430.47  20629.17 18101.715 15114.01  4888.184 21288.888  6625.949
a  -12540.85 -19984.79 -8640.475 -7093.79 -5077.594 -3178.984 -5225.691
     phi0.21   phi0.22   phi0.23   phi0.24   phi0.25   phi0.26   phi0.27
id   152.000  153.0000    171.00   173.000    178.00    180.00   182.000
A  17510.083 1089.1725  22491.84 17435.471  20070.63  27825.68 16953.683
a  -3250.967 -972.4819 -16347.87 -9477.219 -15664.81 -19489.78 -2702.562
     phi0.28   phi0.29   phi0.30   phi0.31   phi0.32   phi0.33   phi0.34
id    221.00    224.00    229.00    231.00   233.000    260.00  261.0000
A   22159.51  15421.03  17049.64  28576.32 21760.946  11124.02  839.0953
a  -18391.24 -15654.26 -12626.37 -21092.56 -9058.382 -10109.41 -656.5253
     phi0.35   phi0.36   phi0.37   phi0.38   phi0.39   phi0.40   phi0.41
id   263.000   271.000   272.000   274.000    275.00    276.00    278.00
A   3667.332  4020.448  2682.910  4587.874  16130.10  19834.83  12148.20
a  -3154.276 -3790.001 -1536.689 -5994.130 -15550.53 -18384.27 -13231.59
     phi0.42   phi0.43   phi0.44   phi0.45   phi0.46   phi0.47   phi0.48
id   286.000  290.0000    292.00    296.00   298.000    317.00   321.000
A   7226.146  166.4827  25351.88  20042.22  8057.918  29090.80  6641.762
a  -8116.614 -161.2031 -20077.35 -19773.86 -3784.875 -25030.02 -1736.450
     phi0.49   phi0.50  phi0.51   phi0.52   phi0.53   phi0.54   phi0.55
id   324.000   375.000   501.00  516.0000 525.00000 535.00000 537.00000
A   7629.113  7590.489 10904.93  250.3991  38.15958  75.51826  32.90742
a  -6655.201 -6486.388 -9076.61 -222.8840 -21.90506 -75.83530 -23.99659
     phi0.56   phi0.57   phi0.58   phi0.59   phi0.60    phi0.61  phi0.62
id 538.00000  540.0000  552.0000   559.000   566.000  572.00000   612.00
A   30.15078  121.7336  140.9564  3691.019  4651.300   88.62982 15330.31
a  -37.47005 -118.9135 -169.2816 -1615.171 -4099.361 -103.89008 -9021.11
    phi0.63   phi0.64    phi0.65    phi0.66    phi0.67  phi0.68    phi0.69
id   620.00   640.000 652.000000 665.000000 666.000000 668.0000 672.000000
A  10535.09  7004.033   4.026007   3.637892  20.666666 105.0273   4.709320
a  -9175.40 -5339.483  -1.937146  -3.094960  -1.311379 -71.4360  -6.189985
      phi0.70     phi0.71    phi0.72   phi0.73   phi0.74   phi0.75    phi0.76
id 674.000000 676.0000000 677.000000   679.000 685.00000 687.00000 702.000000
A    5.983607   4.8201275   2.073024  5658.153  21.27505  51.51414   3.776978
a   -2.148597  -0.6381777  -1.431994 -3735.975 -77.59815 -39.97748  -3.324580
     phi0.77   phi0.78    phi0.79   phi0.80    phi0.81   phi0.82    phi0.83
id    994.00  1002.000 1008.00000 1011.0000 1012.00000 1013.0000 1016.00000
A   22013.44  8015.099   44.56500  265.8696  122.67560  112.8686   29.53192
a  -16503.58 -7696.369  -53.55228 -251.4865  -80.09849 -108.1697  -33.67275
      phi0.84    phi0.85    phi0.86     phi0.87     phi0.88    phi0.89
id 1017.00000 1018.00000 1027.00000 1029.000000 1030.000000 1033.00000
A    96.73301  877.58205   12.78390    2.137662    3.097994   15.68050
a   -61.40502  -70.72851  -13.32058   -1.001619   -3.187847  -11.61559
      phi0.90
id 1034.00000
A    11.14125
a    -8.72897
E =  0.00648 | E_L =  0.00648 | E_A =  0.00000 |  76 flippped triangles
        phi0    phi0.1    phi0.2    phi0.3    phi0.4    phi0.5    phi0.6
id     2.000    57.000     63.00     65.00    70.000    80.000     83.00
A   1246.227  4300.782  18980.65  13226.75 10059.872  4221.714  21740.81
a  -1280.944 -3147.978 -18480.15 -12563.84 -7466.714 -3860.375 -18938.86
      phi0.7    phi0.8    phi0.9   phi0.10   phi0.11   phi0.12   phi0.13
id    84.000     85.00     86.00    87.000    88.000    105.00    109.00
A   4882.621  20261.26  22894.82  6799.567 14111.392  22430.47  20629.17
a  -4006.155 -14470.21 -21264.69 -3115.895 -1548.706 -13994.72 -19783.86
     phi0.14   phi0.15   phi0.16   phi0.17   phi0.18   phi0.19   phi0.20
id    110.00    119.00   142.000   148.000  153.0000    260.00  261.0000
A   18101.72  15114.01  4888.184  6625.949 1089.1725  11124.02  839.0953
a  -12424.87 -11138.46 -4188.647 -3868.211 -795.4494 -10812.96 -694.4697
     phi0.21   phi0.22   phi0.23   phi0.24   phi0.25   phi0.26   phi0.27
id   263.000  268.0000   271.000   272.000   274.000    275.00    276.00
A   3667.332  594.6329  4020.448  2682.910  4587.874  16130.10  19834.83
a  -3476.211 -535.6029 -3498.600 -1539.048 -5900.359 -16155.78 -17861.40
     phi0.28   phi0.29   phi0.30   phi0.31   phi0.32   phi0.33   phi0.34
id    278.00   286.000  290.0000    292.00    296.00   298.000    317.00
A   12148.20  7226.146  166.4827  25351.88  20042.22  8057.918  29090.80
a  -12395.67 -7782.915 -166.9692 -22629.50 -19591.20 -2609.440 -21796.34
     phi0.35   phi0.36   phi0.37   phi0.38   phi0.39   phi0.40   phi0.41
id  321.0000   324.000   375.000   501.000  516.0000  524.0000 525.00000
A  6641.7617  7629.113  7590.489 10904.931  250.3991  260.9826  38.15958
a  -745.4946 -6576.411 -7189.192 -9910.382 -226.2902 -233.2241 -30.63383
     phi0.42   phi0.43   phi0.44   phi0.45   phi0.46   phi0.47   phi0.48
id 535.00000 537.00000 538.00000  540.0000  552.0000   559.000   566.000
A   75.51826  32.90742  30.15078  121.7336  140.9564  3691.019  4651.300
a  -71.71080 -30.28142 -28.97307 -112.7666 -161.9182 -2507.888 -4030.733
      phi0.49   phi0.50  phi0.51   phi0.52    phi0.53   phi0.54   phi0.55
id  572.00000   612.000   620.00   640.000 665.000000 666.00000 668.00000
A    88.62982 15330.308 10535.09  7004.033   3.637892  20.66667 105.02734
a  -107.91202 -8971.652 -8780.70 -5774.916  -3.877497 -15.42312 -99.39701
      phi0.56    phi0.57    phi0.58    phi0.59   phi0.60   phi0.61   phi0.62
id 672.000000 674.000000 677.000000 678.000000   679.000 685.00000 687.00000
A    4.709320   5.983607   2.073024   3.033356  5658.153  21.27505  51.51414
a   -4.849607  -9.866233  -1.812914  -2.245264 -3206.644 -89.48482 -40.09187
      phi0.63   phi0.64   phi0.65    phi0.66   phi0.67   phi0.68     phi0.69
id 702.000000    994.00  1002.000 1008.00000 1011.0000 1013.0000 1015.000000
A    3.776978  22013.44  8015.099   44.56500  265.8696  112.8686   10.669747
a   -3.909769 -17507.52 -7936.611  -53.12723 -262.4514 -112.0363   -7.422078
    phi0.70     phi0.71     phi0.72     phi0.73    phi0.74     phi0.75
id 1018.000 1027.000000 1029.000000 1030.000000 1033.00000 1034.000000
A   877.582   12.783903    2.137662    3.097994   15.68050   11.141251
a  -780.753   -9.641955   -1.480381   -1.055258  -13.05521   -7.513026
E =  0.00646 | E_L =  0.00646 | E_A =  0.00000 |  75 flippped triangles
        phi0    phi0.1    phi0.2    phi0.3    phi0.4    phi0.5    phi0.6
id     2.000    57.000     63.00     65.00    70.000    80.000     83.00
A   1246.227  4300.782  18980.65  13226.75 10059.872  4221.714  21740.81
a  -1333.863 -2814.748 -18444.00 -12459.63 -7098.426 -3712.113 -18416.10
      phi0.7    phi0.8    phi0.9   phi0.10    phi0.11   phi0.12   phi0.13
id    84.000     85.00     86.00    87.000    88.0000    105.00    109.00
A   4882.621  20261.26  22894.82  6799.567 14111.3922  22430.47  20629.17
a  -4161.816 -12786.52 -20610.29 -3275.831  -985.1233 -11219.06 -17390.06
     phi0.14   phi0.15   phi0.16   phi0.17   phi0.18   phi0.19   phi0.20
id    110.00    119.00   142.000   148.000  153.0000    260.00  261.0000
A   18101.72  15114.01  4888.184  6625.949 1089.1725  11124.02  839.0953
a  -11381.03 -10182.26 -3787.064 -2877.508 -681.4384 -10372.78 -617.0806
     phi0.21   phi0.22   phi0.23   phi0.24   phi0.25   phi0.26   phi0.27
id   263.000  268.0000   271.000   272.000   274.000    275.00    276.00
A   3667.332  594.6329  4020.448  2682.910  4587.874  16130.10  19834.83
a  -3557.810 -450.1403 -3543.897 -1761.604 -5835.532 -15893.79 -17987.83
     phi0.28   phi0.29   phi0.30   phi0.31   phi0.32   phi0.33   phi0.34
id    278.00   286.000  290.0000    292.00    296.00    317.00   321.000
A   12148.20  7226.146  166.4827  25351.88  20042.22  29090.80  6641.762
a  -12766.15 -3896.762 -148.5281 -24748.25 -20448.51 -23015.73 -1563.596
     phi0.35   phi0.36   phi0.37   phi0.38   phi0.39   phi0.40   phi0.41
id   324.000   375.000   501.000  516.0000  524.0000 525.00000 533.00000
A   7629.113  7590.489 10904.931  250.3991  260.9826  38.15958 326.49665
a  -6732.115 -6993.787 -9914.782 -228.0686 -243.1893 -34.53596 -15.42562
     phi0.42   phi0.43   phi0.44   phi0.45   phi0.46   phi0.47  phi0.48
id 535.00000 537.00000 538.00000  540.0000  552.0000   559.000   566.00
A   75.51826  32.90742  30.15078  121.7336  140.9564  3691.019  4651.30
a  -67.83392 -33.39540 -32.36653 -127.7940 -157.7459 -1660.257 -4046.24
      phi0.49   phi0.50   phi0.51   phi0.52    phi0.53   phi0.54   phi0.55
id  572.00000   612.000   620.000   640.000 665.000000 666.00000 668.00000
A    88.62982 15330.308 10535.091  7004.033   3.637892  20.66667 105.02734
a  -102.35289 -7903.048 -8513.089 -5825.648  -3.949346 -15.00484 -89.33301
      phi0.56    phi0.57    phi0.58   phi0.59   phi0.60   phi0.61    phi0.62
id 672.000000 674.000000 677.000000   679.000 685.00000 687.00000 702.000000
A    4.709320   5.983607   2.073024  5658.153  21.27505  51.51414   3.776978
a   -7.077894  -8.930281  -2.125573 -3200.811 -85.60828 -43.82192  -3.276681
     phi0.63   phi0.64   phi0.65   phi0.66   phi0.67    phi0.68   phi0.69
id    994.00  1002.000 1008.0000 1011.0000 1013.0000 1015.00000 1018.0000
A   22013.44  8015.099   44.5650  265.8696  112.8686   10.66975  877.5820
a  -19214.53 -8162.846  -60.3703 -276.5717 -120.5401  -20.46186 -881.3212
      phi0.70     phi0.71     phi0.72    phi0.73     phi0.74
id 1027.00000 1029.000000 1030.000000 1033.00000 1034.000000
A    12.78390    2.137662    3.097994   15.68050   11.141251
a   -12.32768   -2.211937   -3.137014  -13.04182   -8.536677
FIRE:  13  stops.  4 hits of maxmove.  0 hits of dtmax.
Frms = 9.31675217465558e-05; Ftanrms = 9.31671524954179e-05
E =  0.01452 | E_L =  0.01107 | E_A =  0.00345 |   1 flippped triangles
          phi0
id 1033.000000
A    15.680498
a    -2.128167
FIRE:  2  stops.  0 hits of maxmove.  0 hits of dtmax.
Frms = 9.37254400694729e-06; Ftanrms = 9.37119537904529e-06
E =  0.01108 | E_L =  0.01107 | E_A =  0.00000 |   0 flippped triangles
E =  0.00975 | E_L =  0.00973 | E_A =  0.00001 |   0 flippped triangles
E =  0.00952 | E_L =  0.00951 | E_A =  0.00001 |   0 flippped triangles
E =  0.00923 | E_L =  0.00922 | E_A =  0.00002 |   0 flippped triangles
E =  0.00905 | E_L =  0.00904 | E_A =  0.00001 |   0 flippped triangles
E =  0.00903 | E_L =  0.00903 | E_A =  0.00000 |   0 flippped triangles
Optimising mapping with BFGS...
E =  0.00892 | E_L =  0.00892 | E_A =  0.00000 |   0 flippped triangles
E =  0.00886 | E_L =  0.00886 | E_A =  0.00000 |   0 flippped triangles
E =  0.00884 | E_L =  0.00884 | E_A =  0.00000 |   0 flippped triangles
E =  0.00884 | E_L =  0.00884 | E_A =  0.00000 |   0 flippped triangles
Transforming image...
Mapping optimised. Error: 0.008842554 ; 0 flipped triangles.
Inferring coordinates of datapoints
Inferring coordinates of landmarks
Mapping optimised. Error: 0.008842554 ; 0 flipped triangles. OD displacement: 9.419708 degrees.
Computing Kernel Density estimates of datapoints

[1] 0.8
Saving developmental_retina/data/C57BL6J/P0/AP/GM156-3/R-CONTRA/r.mat
