[1] "Adding old segment 1"
[1] "Storing new segment 1"
[1] "Adding old segment 2"
[1] "Adding old segment 3"
[1] "Adding old segment 4"
[1] "Adding old segment 5"
[1] "Adding old segment 6"
[1] "Storing new segment 2"
[1] "Adding old segment 7"
[1] "Storing new segment 3"
simplify.outline: Removing vertex 75
simplify.outline: Removing vertex 88
Triangulating...
[1] "Non-adjacent points in rim connected by line: 12 10"
[1] "In triangle: 9"  "In triangle: 42"
[1] "Other points in triangles: 11 96"
[1] "Non-adjacent points in rim connected by line: 17 15"
[1] "In triangle: 46" "In triangle: 51"
[1] "Other points in triangles: 16 19"
[1] "Non-adjacent points in rim connected by line: 19 15"
[1] "In triangle: 284" "In triangle: 785"
[1] "Other points in triangles: 191 447"
[1] "Non-adjacent points in rim connected by line: 19 17"
[1] "In triangle: 49" "In triangle: 51"
[1] "Other points in triangles: 18 447"
[1] "Non-adjacent points in rim connected by line: 28 26"
[1] "In triangle: 73" "In triangle: 74"
[1] "Other points in triangles: 27 29"
[1] "Non-adjacent points in rim connected by line: 29 26"
[1] "In triangle: 77"  "In triangle: 791"
[1] "Other points in triangles: 30 450"
[1] "Non-adjacent points in rim connected by line: 30 26"
[1] "In triangle: 67"  "In triangle: 792"
[1] "Other points in triangles: 148 451"
[1] "Non-adjacent points in rim connected by line: 75 73"
[1] "In triangle: 87" "In triangle: 90"
[1] "Other points in triangles: 74 77"
[1] "Non-adjacent points in rim connected by line: 77 73"
[1] "In triangle: 53"  "In triangle: 797"
[1] "Other points in triangles: 116 453"
[1] "Non-adjacent points in rim connected by line: 77 75"
[1] "In triangle: 86" "In triangle: 90"
[1] "Other points in triangles: 76 453"
[1] "Non-adjacent points in rim connected by line: 89 37"
[1] "In triangle: 97"  "In triangle: 135"
[1] "Other points in triangles: 90 38"
[1] "Non-adjacent points in rim connected by line: 91 8"
[1] "In triangle: 14" "In triangle: 99"
[1] "Other points in triangles: 9 207"
[1] "Non-adjacent points in rim connected by line: 294 68"
[1] "In triangle: 95"  "In triangle: 478"
[1] "Other points in triangles: 293 69"
Stitching...
Tear 1 child of rim
Tear 2 child of rim
Tear 3 child of rim
Tear 4 child of rim
Tear 5 child of rim
Tear 6 child of rim
Tear 1 : Sf = 3233.48278308893 ; Sb = 2984.28424153446
  Forwards path
    i = 2 ; sf/Sf = 0.147833394570308 ; sf = 478.016736108685
      k =    3 ; sb/Sb = 0 ; sb = 0
      k =    4 ; sb/Sb = 0.103931537106512 ; sb = 310.161248385416
      k =    5 ; sb/Sb = 0.181292776494887 ; sb = 541.02917599772
      Creating new point: f = 0.567491650998467
    i = 1 ; sf/Sf = 0.269079104530061 ; sf = 870.062651786938
      k =    3 ; sb/Sb = 0 ; sb = 0
      k =    4 ; sb/Sb = 0.103931537106512 ; sb = 310.161248385416
      k =    5 ; sb/Sb = 0.181292776494887 ; sb = 541.02917599772
      k =    6 ; sb/Sb = 0.255694547620274 ; sb = 763.065209109466
      k =    7 ; sb/Sb = 0.388594301196397 ; sb = 1159.6758494105
      Creating new point: f = 0.100711675903299
    i = 358 ; sf/Sf = 0.404256155667081 ; sf = 1307.15531930722
      k =    3 ; sb/Sb = 0 ; sb = 0
      k =    4 ; sb/Sb = 0.103931537106512 ; sb = 310.161248385416
      k =    5 ; sb/Sb = 0.181292776494887 ; sb = 541.02917599772
      k =    6 ; sb/Sb = 0.255694547620274 ; sb = 763.065209109466
      k =    7 ; sb/Sb = 0.388594301196397 ; sb = 1159.6758494105
      k =  209 ; sb/Sb = 0.544994966625173 ; sb = 1626.4198906151
      Creating new point: f = 0.100139308408606
    i = 87 ; sf/Sf = 0.539433206804101 ; sf = 1744.24798682751
      k =    3 ; sb/Sb = 0 ; sb = 0
      k =    4 ; sb/Sb = 0.103931537106512 ; sb = 310.161248385416
      k =    5 ; sb/Sb = 0.181292776494887 ; sb = 541.02917599772
      k =    6 ; sb/Sb = 0.255694547620274 ; sb = 763.065209109466
      k =    7 ; sb/Sb = 0.388594301196397 ; sb = 1159.6758494105
      k =  209 ; sb/Sb = 0.544994966625173 ; sb = 1626.4198906151
      Creating new point: f = 0.964439027124185
    i = 407 ; sf/Sf = 0.648303379276566 ; sf = 2096.27781510915
      k =    3 ; sb/Sb = 0 ; sb = 0
      k =    4 ; sb/Sb = 0.103931537106512 ; sb = 310.161248385416
      k =    5 ; sb/Sb = 0.181292776494887 ; sb = 541.02917599772
      k =    6 ; sb/Sb = 0.255694547620274 ; sb = 763.065209109466
      k =    7 ; sb/Sb = 0.388594301196397 ; sb = 1159.6758494105
      k =  209 ; sb/Sb = 0.544994966625173 ; sb = 1626.4198906151
      k =    8 ; sb/Sb = 0.701395632053948 ; sb = 2093.1639318197
      Creating new point: f = 0.660536912475219
    i = 86 ; sf/Sf = 0.757173551749031 ; sf = 2448.30764339079
      k =    3 ; sb/Sb = 0 ; sb = 0
      k =    4 ; sb/Sb = 0.103931537106512 ; sb = 310.161248385416
      k =    5 ; sb/Sb = 0.181292776494887 ; sb = 541.02917599772
      k =    6 ; sb/Sb = 0.255694547620274 ; sb = 763.065209109466
      k =    7 ; sb/Sb = 0.388594301196397 ; sb = 1159.6758494105
      k =  209 ; sb/Sb = 0.544994966625173 ; sb = 1626.4198906151
      k =    8 ; sb/Sb = 0.701395632053948 ; sb = 2093.1639318197
      k =    9 ; sb/Sb = 0.743382128888778 ; sb = 2218.46357268112
      k =   91 ; sb/Sb = 0.82916484235724 ; sb = 2474.46357268112
      Creating new point: f = 0.160771585586691
    i = 409 ; sf/Sf = 0.878586775874516 ; sf = 2840.89521323986
      k =    3 ; sb/Sb = 0 ; sb = 0
      k =    4 ; sb/Sb = 0.103931537106512 ; sb = 310.161248385416
      k =    5 ; sb/Sb = 0.181292776494887 ; sb = 541.02917599772
      k =    6 ; sb/Sb = 0.255694547620274 ; sb = 763.065209109466
      k =    7 ; sb/Sb = 0.388594301196397 ; sb = 1159.6758494105
      k =  209 ; sb/Sb = 0.544994966625173 ; sb = 1626.4198906151
      k =    8 ; sb/Sb = 0.701395632053948 ; sb = 2093.1639318197
      k =    9 ; sb/Sb = 0.743382128888778 ; sb = 2218.46357268112
      k =   91 ; sb/Sb = 0.82916484235724 ; sb = 2474.46357268112
      k =   10 ; sb/Sb = 0.885627193761537 ; sb = 2642.96327821694
      Creating new point: f = 0.875307745569991
Tear 2 : Sf = 2272.28875964809 ; Sb = 2110.24208596449
  Forwards path
    i = 34 ; sf/Sf = 0.130846651282303 ; sf = 297.32137494637
      k =   35 ; sb/Sb = 0 ; sb = 0
      k =   36 ; sb/Sb = 0.253337121717296 ; sb = 534.602656184946
      Creating new point: f = 0.516492215571616
    i = 33 ; sf/Sf = 0.346667810158923 ; sf = 787.729368355939
      k =   35 ; sb/Sb = 0 ; sb = 0
      k =   36 ; sb/Sb = 0.253337121717296 ; sb = 534.602656184946
      k =   37 ; sb/Sb = 0.624448441979725 ; sb = 1317.73738278057
      Creating new point: f = 0.251489737299385
    i = 32 ; sf/Sf = 0.462853560991826 ; sf = 1051.73694400482
      k =   35 ; sb/Sb = 0 ; sb = 0
      k =   36 ; sb/Sb = 0.253337121717296 ; sb = 534.602656184946
      k =   37 ; sb/Sb = 0.624448441979725 ; sb = 1317.73738278057
      Creating new point: f = 0.564564937351876
    i = 31 ; sf/Sf = 0.628514990638942 ; sf = 1428.1675484992
      k =   35 ; sb/Sb = 0 ; sb = 0
      k =   36 ; sb/Sb = 0.253337121717296 ; sb = 534.602656184946
      k =   37 ; sb/Sb = 0.624448441979725 ; sb = 1317.73738278057
      k =   38 ; sb/Sb = 0.673237299947561 ; sb = 1420.69368419044
      Creating new point: f = 0.0833499456350756
    i = 30 ; sf/Sf = 0.770574509465841 ; sf = 1750.96779633057
      k =   35 ; sb/Sb = 0 ; sb = 0
      k =   36 ; sb/Sb = 0.253337121717296 ; sb = 534.602656184946
      k =   37 ; sb/Sb = 0.624448441979725 ; sb = 1317.73738278057
      k =   38 ; sb/Sb = 0.673237299947561 ; sb = 1420.69368419044
      k =   89 ; sb/Sb = 0.733893847767996 ; sb = 1548.69368419044
      k =   88 ; sb/Sb = 0.794550395588431 ; sb = 1676.69368419044
      Creating new point: f = 0.604727156686078
    i = 29 ; sf/Sf = 0.920784715747185 ; sf = 2092.28875964809
      k =   35 ; sb/Sb = 0 ; sb = 0
      k =   36 ; sb/Sb = 0.253337121717296 ; sb = 534.602656184946
      k =   37 ; sb/Sb = 0.624448441979725 ; sb = 1317.73738278057
      k =   38 ; sb/Sb = 0.673237299947561 ; sb = 1420.69368419044
      k =   89 ; sb/Sb = 0.733893847767996 ; sb = 1548.69368419044
      k =   88 ; sb/Sb = 0.794550395588431 ; sb = 1676.69368419044
      k =   39 ; sb/Sb = 0.872492126504768 ; sb = 1841.16960502301
      k =   40 ; sb/Sb = 1 ; sb = 2110.24208596449
      Creating new point: f = 0.378742017403521
Tear 3 : Sf = 2262.08395363259 ; Sb = 1554.70415725185
  Forwards path
    i = 47 ; sf/Sf = 0.0858345147082957 ; sf = 194.164878389476
      k =   48 ; sb/Sb = 0 ; sb = 0
      k =  423 ; sb/Sb = 0.180557423509154 ; sb = 280.713376952364
      Creating new point: f = 0.475386240233674
    i = 46 ; sf/Sf = 0.218455587201314 ; sf = 494.164878389476
      k =   48 ; sb/Sb = 0 ; sb = 0
      k =  423 ; sb/Sb = 0.180557423509154 ; sb = 280.713376952364
      k =   49 ; sb/Sb = 0.361114847018307 ; sb = 561.426753904728
      Creating new point: f = 0.209895350496286
    i = 120 ; sf/Sf = 0.372261728915719 ; sf = 842.087283531772
      k =   48 ; sb/Sb = 0 ; sb = 0
      k =  423 ; sb/Sb = 0.180557423509154 ; sb = 280.713376952364
      k =   49 ; sb/Sb = 0.361114847018307 ; sb = 561.426753904728
      k =  429 ; sb/Sb = 0.680557423509154 ; sb = 1058.06545557829
      Creating new point: f = 0.0348947908568199
    i = 45 ; sf/Sf = 0.526067870630125 ; sf = 1190.00968867407
      k =   48 ; sb/Sb = 0 ; sb = 0
      k =  423 ; sb/Sb = 0.180557423509154 ; sb = 280.713376952364
      k =   49 ; sb/Sb = 0.361114847018307 ; sb = 561.426753904728
      k =  429 ; sb/Sb = 0.680557423509154 ; sb = 1058.06545557829
      Creating new point: f = 0.51637770213309
    i = 130 ; sf/Sf = 0.686146748599485 ; sf = 1552.12154984407
      k =   48 ; sb/Sb = 0 ; sb = 0
      k =  423 ; sb/Sb = 0.180557423509154 ; sb = 280.713376952364
      k =   49 ; sb/Sb = 0.361114847018307 ; sb = 561.426753904728
      k =  429 ; sb/Sb = 0.680557423509154 ; sb = 1058.06545557829
      k =   50 ; sb/Sb = 1 ; sb = 1554.70415725185
      Creating new point: f = 0.01749711998861
    i = 44 ; sf/Sf = 0.846225626568845 ; sf = 1914.23341101406
      k =   48 ; sb/Sb = 0 ; sb = 0
      k =  423 ; sb/Sb = 0.180557423509154 ; sb = 280.713376952364
      k =   49 ; sb/Sb = 0.361114847018307 ; sb = 561.426753904728
      k =  429 ; sb/Sb = 0.680557423509154 ; sb = 1058.06545557829
      k =   50 ; sb/Sb = 1 ; sb = 1554.70415725185
      Creating new point: f = 0.518616537844128
Tear 4 : Sf = 991.003550613437 ; Sb = 948.736001214247
  Forwards path
    i = 441 ; sf/Sf = 0.319138404520951 ; sf = 316.267292017369
      k =   54 ; sb/Sb = 0 ; sb = 0
      k =  158 ; sb/Sb = 0.5 ; sb = 474.368000607124
      Creating new point: f = 0.638276809041901
    i = 53 ; sf/Sf = 0.638276809041901 ; sf = 632.534584034739
      k =   54 ; sb/Sb = 0 ; sb = 0
      k =  158 ; sb/Sb = 0.5 ; sb = 474.368000607124
      k =   55 ; sb/Sb = 1 ; sb = 948.736001214247
      Creating new point: f = 0.276553618083802
Tear 5 : Sf = 3982.38151627596 ; Sb = 2852.04359691687
  Forwards path
    i = 67 ; sf/Sf = 0.127075528822872 ; sf = 506.0632371552
      k =   68 ; sb/Sb = 0 ; sb = 0
      k =   69 ; sb/Sb = 0.16778826420379 ; sb = 478.539444560216
      Creating new point: f = 0.757356477974709
    i = 66 ; sf/Sf = 0.200069247753851 ; sf = 796.752074230172
      k =   68 ; sb/Sb = 0 ; sb = 0
      k =   69 ; sb/Sb = 0.16778826420379 ; sb = 478.539444560216
      k =  294 ; sb/Sb = 0.267362280789742 ; sb = 762.528880983474
      Creating new point: f = 0.324190834686238
    i = 65 ; sf/Sf = 0.306010996546697 ; sf = 1218.65253642475
      k =   68 ; sb/Sb = 0 ; sb = 0
      k =   69 ; sb/Sb = 0.16778826420379 ; sb = 478.539444560216
      k =  294 ; sb/Sb = 0.267362280789742 ; sb = 762.528880983474
      k =   70 ; sb/Sb = 0.366936297375694 ; sb = 1046.51831740673
      Creating new point: f = 0.388140572029588
    i = 64 ; sf/Sf = 0.429155399313051 ; sf = 1709.06052983432
      k =   68 ; sb/Sb = 0 ; sb = 0
      k =   69 ; sb/Sb = 0.16778826420379 ; sb = 478.539444560216
      k =  294 ; sb/Sb = 0.267362280789742 ; sb = 762.528880983474
      k =   70 ; sb/Sb = 0.366936297375694 ; sb = 1046.51831740673
      k =  175 ; sb/Sb = 0.504587618790791 ; sb = 1439.10588725581
      Creating new point: f = 0.452005119149791
    i = 323 ; sf/Sf = 0.506643073766893 ; sf = 2017.64601231851
      k =   68 ; sb/Sb = 0 ; sb = 0
      k =   69 ; sb/Sb = 0.16778826420379 ; sb = 478.539444560216
      k =  294 ; sb/Sb = 0.267362280789742 ; sb = 762.528880983474
      k =   70 ; sb/Sb = 0.366936297375694 ; sb = 1046.51831740673
      k =  175 ; sb/Sb = 0.504587618790791 ; sb = 1439.10588725581
      k =   71 ; sb/Sb = 0.642238940205887 ; sb = 1831.69345710488
      Creating new point: f = 0.0149323301438139
    i = 63 ; sf/Sf = 0.584130748220735 ; sf = 2326.2314948027
      k =   68 ; sb/Sb = 0 ; sb = 0
      k =   69 ; sb/Sb = 0.16778826420379 ; sb = 478.539444560216
      k =  294 ; sb/Sb = 0.267362280789742 ; sb = 762.528880983474
      k =   70 ; sb/Sb = 0.366936297375694 ; sb = 1046.51831740673
      k =  175 ; sb/Sb = 0.504587618790791 ; sb = 1439.10588725581
      k =   71 ; sb/Sb = 0.642238940205887 ; sb = 1831.69345710488
      Creating new point: f = 0.577859541137836
    i = 62 ; sf/Sf = 0.711429368946438 ; sf = 2833.18316902816
      k =   68 ; sb/Sb = 0 ; sb = 0
      k =   69 ; sb/Sb = 0.16778826420379 ; sb = 478.539444560216
      k =  294 ; sb/Sb = 0.267362280789742 ; sb = 762.528880983474
      k =   70 ; sb/Sb = 0.366936297375694 ; sb = 1046.51831740673
      k =  175 ; sb/Sb = 0.504587618790791 ; sb = 1439.10588725581
      k =   71 ; sb/Sb = 0.642238940205887 ; sb = 1831.69345710488
      k =   72 ; sb/Sb = 0.792844853931269 ; sb = 2261.22808900317
      Creating new point: f = 0.459413757594634
    i = 61 ; sf/Sf = 0.835492011127301 ; sf = 3327.24794210959
      k =   68 ; sb/Sb = 0 ; sb = 0
      k =   69 ; sb/Sb = 0.16778826420379 ; sb = 478.539444560216
      k =  294 ; sb/Sb = 0.267362280789742 ; sb = 762.528880983474
      k =   70 ; sb/Sb = 0.366936297375694 ; sb = 1046.51831740673
      k =  175 ; sb/Sb = 0.504587618790791 ; sb = 1439.10588725581
      k =   71 ; sb/Sb = 0.642238940205887 ; sb = 1831.69345710488
      k =   72 ; sb/Sb = 0.792844853931269 ; sb = 2261.22808900317
      k =   73 ; sb/Sb = 0.916362705992505 ; sb = 2613.50638807934
      Creating new point: f = 0.345271201565978
Tear 6 : Sf = 1481.33149611928 ; Sb = 1150.87177249401
  Forwards path
    i = 79 ; sf/Sf = 0.337061292911706 ; sf = 499.299509312797
      k =   80 ; sb/Sb = 0 ; sb = 0
      k =   81 ; sb/Sb = 0.12349482143221 ; sb = 142.126704035519
      k =   82 ; sb/Sb = 0.570791835185348 ; sb = 656.908211084869
      Creating new point: f = 0.47746008784526
    i = 78 ; sf/Sf = 0.66284734535495 ; sf = 981.896649793343
      k =   80 ; sb/Sb = 0 ; sb = 0
      k =   81 ; sb/Sb = 0.12349482143221 ; sb = 142.126704035519
      k =   82 ; sb/Sb = 0.570791835185348 ; sb = 656.908211084869
      k =   83 ; sb/Sb = 1 ; sb = 1150.87177249401
      Creating new point: f = 0.214477537279272
    i = 77 ; sf/Sf = 0.893262322834127 ; sf = 1323.21761311086
      k =   80 ; sb/Sb = 0 ; sb = 0
      k =   81 ; sb/Sb = 0.12349482143221 ; sb = 142.126704035519
      k =   82 ; sb/Sb = 0.570791835185348 ; sb = 656.908211084869
      k =   83 ; sb/Sb = 1 ; sb = 1150.87177249401
      Creating new point: f = 0.751314895857198
Tear 1 : Sf = 2984.28424153446 ; Sb = 3233.48278308893
  Backwards path
    i = 4 ; sf/Sf = 0.103931537106512 ; sf = 310.161248385416
      k =    3 ; sb/Sb = 0 ; sb = 0
      k =    2 ; sb/Sb = 0.147833394570308 ; sb = 478.016736108685
      Creating new point: f = 0.703031526865755
    i = 5 ; sf/Sf = 0.181292776494887 ; sf = 541.02917599772
      k =    3 ; sb/Sb = 0 ; sb = 0
      k =    2 ; sb/Sb = 0.147833394570308 ; sb = 478.016736108685
      k =    1 ; sb/Sb = 0.269079104530061 ; sb = 870.062651786938
      Creating new point: f = 0.275963429433384
    i = 6 ; sf/Sf = 0.255694547620274 ; sf = 763.065209109466
      k =    3 ; sb/Sb = 0 ; sb = 0
      k =    2 ; sb/Sb = 0.147833394570308 ; sb = 478.016736108685
      k =    1 ; sb/Sb = 0.269079104530061 ; sb = 870.062651786938
      Creating new point: f = 0.889607995909877
    i = 7 ; sf/Sf = 0.388594301196397 ; sf = 1159.6758494105
      k =    3 ; sb/Sb = 0 ; sb = 0
      k =    2 ; sb/Sb = 0.147833394570308 ; sb = 478.016736108685
      k =    1 ; sb/Sb = 0.269079104530061 ; sb = 870.062651786938
      k =  358 ; sb/Sb = 0.404256155667081 ; sb = 1307.15531930722
      Creating new point: f = 0.884138214741732
    i = 209 ; sf/Sf = 0.544994966625173 ; sf = 1626.4198906151
      k =    3 ; sb/Sb = 0 ; sb = 0
      k =    2 ; sb/Sb = 0.147833394570308 ; sb = 478.016736108685
      k =    1 ; sb/Sb = 0.269079104530061 ; sb = 870.062651786938
      k =  358 ; sb/Sb = 0.404256155667081 ; sb = 1307.15531930722
      k =   87 ; sb/Sb = 0.539433206804101 ; sb = 1744.24798682751
      k =  407 ; sb/Sb = 0.648303379276566 ; sb = 2096.27781510915
      Creating new point: f = 0.0510861670810592
    i = 8 ; sf/Sf = 0.701395632053948 ; sf = 2093.1639318197
      k =    3 ; sb/Sb = 0 ; sb = 0
      k =    2 ; sb/Sb = 0.147833394570308 ; sb = 478.016736108685
      k =    1 ; sb/Sb = 0.269079104530061 ; sb = 870.062651786938
      k =  358 ; sb/Sb = 0.404256155667081 ; sb = 1307.15531930722
      k =   87 ; sb/Sb = 0.539433206804101 ; sb = 1744.24798682751
      k =  407 ; sb/Sb = 0.648303379276566 ; sb = 2096.27781510915
      k =   86 ; sb/Sb = 0.757173551749031 ; sb = 2448.30764339079
      Creating new point: f = 0.487665735909533
    i = 9 ; sf/Sf = 0.743382128888778 ; sf = 2218.46357268112
      k =    3 ; sb/Sb = 0 ; sb = 0
      k =    2 ; sb/Sb = 0.147833394570308 ; sb = 478.016736108685
      k =    1 ; sb/Sb = 0.269079104530061 ; sb = 870.062651786938
      k =  358 ; sb/Sb = 0.404256155667081 ; sb = 1307.15531930722
      k =   87 ; sb/Sb = 0.539433206804101 ; sb = 1744.24798682751
      k =  407 ; sb/Sb = 0.648303379276566 ; sb = 2096.27781510915
      k =   86 ; sb/Sb = 0.757173551749031 ; sb = 2448.30764339079
      Creating new point: f = 0.873322301719128
    i = 91 ; sf/Sf = 0.82916484235724 ; sf = 2474.46357268112
      k =    3 ; sb/Sb = 0 ; sb = 0
      k =    2 ; sb/Sb = 0.147833394570308 ; sb = 478.016736108685
      k =    1 ; sb/Sb = 0.269079104530061 ; sb = 870.062651786938
      k =  358 ; sb/Sb = 0.404256155667081 ; sb = 1307.15531930722
      k =   87 ; sb/Sb = 0.539433206804101 ; sb = 1744.24798682751
      k =  407 ; sb/Sb = 0.648303379276566 ; sb = 2096.27781510915
      k =   86 ; sb/Sb = 0.757173551749031 ; sb = 2448.30764339079
      k =  409 ; sb/Sb = 0.878586775874516 ; sb = 2840.89521323986
      Creating new point: f = 0.592944394045611
    i = 10 ; sf/Sf = 0.885627193761537 ; sf = 2642.96327821694
      k =    3 ; sb/Sb = 0 ; sb = 0
      k =    2 ; sb/Sb = 0.147833394570308 ; sb = 478.016736108685
      k =    1 ; sb/Sb = 0.269079104530061 ; sb = 870.062651786938
      k =  358 ; sb/Sb = 0.404256155667081 ; sb = 1307.15531930722
      k =   87 ; sb/Sb = 0.539433206804101 ; sb = 1744.24798682751
      k =  407 ; sb/Sb = 0.648303379276566 ; sb = 2096.27781510915
      k =   86 ; sb/Sb = 0.757173551749031 ; sb = 2448.30764339079
      k =  409 ; sb/Sb = 0.878586775874516 ; sb = 2840.89521323986
      k =   85 ; sb/Sb = 1 ; sb = 3233.48278308893
      Creating new point: f = 0.0579872409923368
Tear 2 : Sf = 2110.24208596449 ; Sb = 2272.28875964809
  Backwards path
    i = 36 ; sf/Sf = 0.253337121717296 ; sf = 534.602656184946
      k =   35 ; sb/Sb = 0 ; sb = 0
      k =   34 ; sb/Sb = 0.130846651282303 ; sb = 297.32137494637
      k =   33 ; sb/Sb = 0.346667810158923 ; sb = 787.729368355939
      Creating new point: f = 0.567555429099604
    i = 37 ; sf/Sf = 0.624448441979725 ; sf = 1317.73738278057
      k =   35 ; sb/Sb = 0 ; sb = 0
      k =   34 ; sb/Sb = 0.130846651282303 ; sb = 297.32137494637
      k =   33 ; sb/Sb = 0.346667810158923 ; sb = 787.729368355939
      k =   32 ; sb/Sb = 0.462853560991826 ; sb = 1051.73694400482
      k =   31 ; sb/Sb = 0.628514990638942 ; sb = 1428.1675484992
      Creating new point: f = 0.975452652630857
    i = 38 ; sf/Sf = 0.673237299947561 ; sf = 1420.69368419044
      k =   35 ; sb/Sb = 0 ; sb = 0
      k =   34 ; sb/Sb = 0.130846651282303 ; sb = 297.32137494637
      k =   33 ; sb/Sb = 0.346667810158923 ; sb = 787.729368355939
      k =   32 ; sb/Sb = 0.462853560991826 ; sb = 1051.73694400482
      k =   31 ; sb/Sb = 0.628514990638942 ; sb = 1428.1675484992
      k =   30 ; sb/Sb = 0.770574509465841 ; sb = 1750.96779633057
      Creating new point: f = 0.314813887009665
    i = 89 ; sf/Sf = 0.733893847767996 ; sf = 1548.69368419044
      k =   35 ; sb/Sb = 0 ; sb = 0
      k =   34 ; sb/Sb = 0.130846651282303 ; sb = 297.32137494637
      k =   33 ; sb/Sb = 0.346667810158923 ; sb = 787.729368355939
      k =   32 ; sb/Sb = 0.462853560991826 ; sb = 1051.73694400482
      k =   31 ; sb/Sb = 0.628514990638942 ; sb = 1428.1675484992
      k =   30 ; sb/Sb = 0.770574509465841 ; sb = 1750.96779633057
      Creating new point: f = 0.741793707308409
    i = 88 ; sf/Sf = 0.794550395588431 ; sf = 1676.69368419044
      k =   35 ; sb/Sb = 0 ; sb = 0
      k =   34 ; sb/Sb = 0.130846651282303 ; sb = 297.32137494637
      k =   33 ; sb/Sb = 0.346667810158923 ; sb = 787.729368355939
      k =   32 ; sb/Sb = 0.462853560991826 ; sb = 1051.73694400482
      k =   31 ; sb/Sb = 0.628514990638942 ; sb = 1428.1675484992
      k =   30 ; sb/Sb = 0.770574509465841 ; sb = 1750.96779633057
      k =   29 ; sb/Sb = 0.920784715747185 ; sb = 2092.2887596481
      Creating new point: f = 0.15961555952918
    i = 39 ; sf/Sf = 0.872492126504768 ; sf = 1841.16960502301
      k =   35 ; sb/Sb = 0 ; sb = 0
      k =   34 ; sb/Sb = 0.130846651282303 ; sb = 297.32137494637
      k =   33 ; sb/Sb = 0.346667810158923 ; sb = 787.729368355939
      k =   32 ; sb/Sb = 0.462853560991826 ; sb = 1051.73694400482
      k =   31 ; sb/Sb = 0.628514990638942 ; sb = 1428.1675484992
      k =   30 ; sb/Sb = 0.770574509465841 ; sb = 1750.96779633057
      k =   29 ; sb/Sb = 0.920784715747185 ; sb = 2092.2887596481
      Creating new point: f = 0.678499947254149
Tear 3 : Sf = 1554.70415725185 ; Sb = 2262.08395363259
  Backwards path
    i = 423 ; sf/Sf = 0.180557423509154 ; sf = 280.713376952364
      k =   48 ; sb/Sb = 0 ; sb = 0
      k =   47 ; sb/Sb = 0.0858345147082957 ; sb = 194.164878389476
      k =   46 ; sb/Sb = 0.218455587201314 ; sb = 494.164878389476
      Creating new point: f = 0.714237240132745
    i = 49 ; sf/Sf = 0.361114847018307 ; sf = 561.426753904728
      k =   48 ; sb/Sb = 0 ; sb = 0
      k =   47 ; sb/Sb = 0.0858345147082957 ; sb = 194.164878389476
      k =   46 ; sb/Sb = 0.218455587201314 ; sb = 494.164878389476
      k =  120 ; sb/Sb = 0.372261728915719 ; sb = 842.087283531772
      Creating new point: f = 0.927526418820713
    i = 429 ; sf/Sf = 0.680557423509153 ; sf = 1058.06545557829
      k =   48 ; sb/Sb = 0 ; sb = 0
      k =   47 ; sb/Sb = 0.0858345147082957 ; sb = 194.164878389476
      k =   46 ; sb/Sb = 0.218455587201314 ; sb = 494.164878389476
      k =  120 ; sb/Sb = 0.372261728915719 ; sb = 842.087283531772
      k =   45 ; sb/Sb = 0.526067870630125 ; sb = 1190.00968867407
      k =  130 ; sb/Sb = 0.686146748599485 ; sb = 1552.12154984407
      Creating new point: f = 0.965083931364132
Tear 4 : Sf = 948.736001214247 ; Sb = 991.003550613437
  Backwards path
    i = 158 ; sf/Sf = 0.5 ; sf = 474.368000607124
      k =   54 ; sb/Sb = 0 ; sb = 0
      k =  441 ; sb/Sb = 0.319138404520951 ; sb = 316.267292017369
      k =   53 ; sb/Sb = 0.638276809041901 ; sb = 632.534584034739
      Creating new point: f = 0.566718367068782
Tear 5 : Sf = 2852.04359691687 ; Sb = 3982.38151627596
  Backwards path
    i = 69 ; sf/Sf = 0.16778826420379 ; sf = 478.539444560216
      k =   68 ; sb/Sb = 0 ; sb = 0
      k =   67 ; sb/Sb = 0.127075528822872 ; sb = 506.0632371552
      k =   66 ; sb/Sb = 0.200069247753851 ; sb = 796.752074230172
      Creating new point: f = 0.557756694372769
    i = 294 ; sf/Sf = 0.267362280789742 ; sf = 762.528880983474
      k =   68 ; sb/Sb = 0 ; sb = 0
      k =   67 ; sb/Sb = 0.127075528822872 ; sb = 506.0632371552
      k =   66 ; sb/Sb = 0.200069247753851 ; sb = 796.752074230172
      k =   65 ; sb/Sb = 0.306010996546697 ; sb = 1218.65253642475
      Creating new point: f = 0.635188995864821
    i = 70 ; sf/Sf = 0.366936297375694 ; sf = 1046.51831740673
      k =   68 ; sb/Sb = 0 ; sb = 0
      k =   67 ; sb/Sb = 0.127075528822872 ; sb = 506.0632371552
      k =   66 ; sb/Sb = 0.200069247753851 ; sb = 796.752074230172
      k =   65 ; sb/Sb = 0.306010996546697 ; sb = 1218.65253642475
      k =   64 ; sb/Sb = 0.429155399313051 ; sb = 1709.06052983432
      Creating new point: f = 0.494746813175038
    i = 175 ; sf/Sf = 0.504587618790791 ; sf = 1439.10588725581
      k =   68 ; sb/Sb = 0 ; sb = 0
      k =   67 ; sb/Sb = 0.127075528822872 ; sb = 506.0632371552
      k =   66 ; sb/Sb = 0.200069247753851 ; sb = 796.752074230172
      k =   65 ; sb/Sb = 0.306010996546697 ; sb = 1218.65253642475
      k =   64 ; sb/Sb = 0.429155399313051 ; sb = 1709.06052983432
      k =  323 ; sb/Sb = 0.506643073766893 ; sb = 2017.64601231851
      Creating new point: f = 0.97347378159701
    i = 71 ; sf/Sf = 0.642238940205887 ; sf = 1831.69345710488
      k =   68 ; sb/Sb = 0 ; sb = 0
      k =   67 ; sb/Sb = 0.127075528822872 ; sb = 506.0632371552
      k =   66 ; sb/Sb = 0.200069247753851 ; sb = 796.752074230172
      k =   65 ; sb/Sb = 0.306010996546697 ; sb = 1218.65253642475
      k =   64 ; sb/Sb = 0.429155399313051 ; sb = 1709.06052983432
      k =  323 ; sb/Sb = 0.506643073766893 ; sb = 2017.64601231851
      k =   63 ; sb/Sb = 0.584130748220735 ; sb = 2326.2314948027
      k =   62 ; sb/Sb = 0.711429368946438 ; sb = 2833.18316902816
      Creating new point: f = 0.456471497129263
    i = 72 ; sf/Sf = 0.79284485393127 ; sf = 2261.22808900317
      k =   68 ; sb/Sb = 0 ; sb = 0
      k =   67 ; sb/Sb = 0.127075528822872 ; sb = 506.0632371552
      k =   66 ; sb/Sb = 0.200069247753851 ; sb = 796.752074230172
      k =   65 ; sb/Sb = 0.306010996546697 ; sb = 1218.65253642475
      k =   64 ; sb/Sb = 0.429155399313051 ; sb = 1709.06052983432
      k =  323 ; sb/Sb = 0.506643073766893 ; sb = 2017.64601231851
      k =   63 ; sb/Sb = 0.584130748220735 ; sb = 2326.2314948027
      k =   62 ; sb/Sb = 0.711429368946438 ; sb = 2833.18316902816
      k =   61 ; sb/Sb = 0.835492011127301 ; sb = 3327.24794210959
      Creating new point: f = 0.656244970715206
    i = 73 ; sf/Sf = 0.916362705992505 ; sf = 2613.50638807934
      k =   68 ; sb/Sb = 0 ; sb = 0
      k =   67 ; sb/Sb = 0.127075528822872 ; sb = 506.0632371552
      k =   66 ; sb/Sb = 0.200069247753851 ; sb = 796.752074230172
      k =   65 ; sb/Sb = 0.306010996546697 ; sb = 1218.65253642475
      k =   64 ; sb/Sb = 0.429155399313051 ; sb = 1709.06052983432
      k =  323 ; sb/Sb = 0.506643073766893 ; sb = 2017.64601231851
      k =   63 ; sb/Sb = 0.584130748220735 ; sb = 2326.2314948027
      k =   62 ; sb/Sb = 0.711429368946438 ; sb = 2833.18316902816
      k =   61 ; sb/Sb = 0.835492011127301 ; sb = 3327.24794210959
      k =   60 ; sb/Sb = 1 ; sb = 3982.38151627596
      Creating new point: f = 0.491591292431298
Tear 6 : Sf = 1150.87177249401 ; Sb = 1481.33149611928
  Backwards path
    i = 81 ; sf/Sf = 0.12349482143221 ; sf = 142.126704035519
      k =   80 ; sb/Sb = 0 ; sb = 0
      k =   79 ; sb/Sb = 0.337061292911706 ; sb = 499.299509312797
      Creating new point: f = 0.366386838326643
    i = 82 ; sf/Sf = 0.570791835185348 ; sf = 656.908211084869
      k =   80 ; sb/Sb = 0 ; sb = 0
      k =   79 ; sb/Sb = 0.337061292911706 ; sb = 499.299509312797
      k =   78 ; sb/Sb = 0.66284734535495 ; sb = 981.896649793343
      Creating new point: f = 0.717435692905732
Triangulating...
[1] "Non-adjacent points in rim connected by line: 464 8"
[1] "In triangle: 250" "In triangle: 252"
[1] "Other points in triangles: 457 9"
[1] "Non-adjacent points in rim connected by line: 481 480"
[1] "In triangle: 525" "In triangle: 526"
[1] "Other points in triangles: 69 458"
[1] "Non-adjacent points in rim connected by line: 486 485"
[1] "In triangle: 521" "In triangle: 537"
[1] "Other points in triangles: 71 309"
[1] "Non-adjacent points in rim connected by line: 516 59"
[1] "In triangle: 629" "In triangle: 637"
[1] "Other points in triangles: 103 60"
Merging points...
Projecting to sphere...
Optimising mapping with FIRE...
E =  0.01374 | E_L =  0.01374 | E_A =  0.00000 |   0 flippped triangles
E =  0.00873 | E_L =  0.00873 | E_A =  0.00000 |  73 flippped triangles
        phi0    phi0.1    phi0.2    phi0.3    phi0.4    phi0.5    phi0.6
id    12.000     24.00     35.00   104.000    124.00    125.00    128.00
A   8154.638  16564.20  20911.55  8594.815  47407.51  16927.69  49190.73
a  -6152.384 -18239.78 -31925.99 -6064.598 -48749.74 -17644.23 -51739.52
      phi0.7    phi0.8    phi0.9   phi0.10   phi0.11   phi0.12   phi0.13
id    141.00    145.00    157.00    162.00    165.00    173.00    180.00
A   43298.00  47407.51  39166.90  56060.99  35640.53  54453.26  49064.81
a  -34331.71 -38456.76 -41010.48 -57226.57 -28451.37 -49927.19 -26606.71
     phi0.14   phi0.15   phi0.16   phi0.17   phi0.18   phi0.19   phi0.20
id    186.00    202.00    204.00    208.00    210.00    212.00    213.00
A   62081.95  43180.73  45025.07  58525.61  47612.57  72070.22  59645.78
a  -11498.08 -36607.53 -32378.01 -39048.68 -41822.12 -63399.42 -42260.78
     phi0.21   phi0.22    phi0.23   phi0.24   phi0.25   phi0.26   phi0.27
id    214.00    216.00    239.000   301.000   303.000   312.000   314.000
A   64174.72  37966.16   8354.592  9562.282  1962.500  2931.250  7252.174
a  -53945.98 -34760.74 -12112.823 -6503.150 -1615.821 -2863.232 -5042.831
     phi0.28   phi0.29   phi0.30   phi0.31   phi0.32   phi0.33   phi0.34
id    316.00   432.000   433.000  461.0000   483.000    492.00 511.00000
A   19711.31  6950.000  7831.250 1187.0568 10400.000  13000.00  46.28850
a  -11703.04 -6311.401 -5775.635 -657.5665 -5883.639 -11657.22 -26.85719
      phi0.35   phi0.36   phi0.37   phi0.38   phi0.39   phi0.40   phi0.41
id  517.00000   525.000   526.000    536.00    549.00    553.00    555.00
A  1745.00935  3535.935  5431.759  38206.00  39877.42  39405.20  54312.19
a   -19.61333 -3950.335 -7101.984 -29622.82 -32750.02 -39762.72 -37863.43
     phi0.42   phi0.43   phi0.44   phi0.45  phi0.46   phi0.47   phi0.48
id    556.00    558.00    559.00    563.00   569.00    573.00    574.00
A   37966.03  71582.21  50957.89  50213.15 12357.48  26848.38  36874.21
a  -33143.27 -63405.45 -23982.77 -24394.67 -9137.53 -23391.74 -31325.24
     phi0.49   phi0.50   phi0.51   phi0.52   phi0.53   phi0.54   phi0.55
id    598.00    602.00   604.000    610.00 614.00000    703.00   713.000
A   51692.65  59244.31  3402.289  28059.96  90.24985  63668.80  3312.039
a  -17020.38 -51327.61 -2340.256 -19659.25 -44.26497 -25060.58 -2773.567
     phi0.56   phi0.57   phi0.58   phi0.59   phi0.60   phi0.61   phi0.62
id    727.00   798.000    837.00    840.00    841.00    852.00    855.00
A   47695.23 13092.096  45141.13  41454.73  51670.17  42982.34  76737.53
a  -31736.75 -3002.144 -46207.57 -38366.76 -57085.74 -25123.97 -54130.90
     phi0.63   phi0.64   phi0.65   phi0.66   phi0.67   phi0.68   phi0.69
id    857.00    860.00    861.00    863.00 903.00000    954.00    955.00
A   42030.75  41992.02  41990.97  66832.62 215.31834  28465.19  38093.74
a  -43373.64 -49009.88 -39448.62 -64679.43 -53.99905 -25937.86 -30230.30
     phi0.70   phi0.71   phi0.72
id    956.00   960.000   961.000
A   57997.77  3516.236  5412.060
a  -47554.70 -3934.202 -6122.574
E =  0.00691 | E_L =  0.00691 | E_A =  0.00000 |  59 flippped triangles
        phi0    phi0.1    phi0.2    phi0.3    phi0.4   phi0.5    phi0.6
id    12.000     24.00     35.00   63.0000   76.0000   99.000   104.000
A   8154.638  16564.20  20911.55  136.3959  573.1838 1698.721  8594.815
a  -5408.601 -18952.42 -30447.26 -145.4677 -152.0041 -455.497 -7486.984
      phi0.7    phi0.8    phi0.9   phi0.10   phi0.11   phi0.12   phi0.13
id    124.00    125.00    128.00    141.00    145.00    157.00    162.00
A   47407.51  16927.69  49190.73  43298.00  47407.51  39166.90  56060.99
a  -45090.14 -18707.66 -52865.28 -32527.86 -31620.35 -38945.16 -56836.01
     phi0.14   phi0.15   phi0.16   phi0.17   phi0.18   phi0.19   phi0.20
id   165.000    173.00    180.00    186.00    202.00    210.00    212.00
A  35640.535  54453.26  49064.81  62081.95  43180.73  47612.57  72070.22
a  -8892.399 -28677.27 -28450.97 -22339.45 -28254.20 -38582.88 -60889.83
     phi0.21   phi0.22   phi0.23    phi0.24   phi0.25   phi0.26   phi0.27
id    213.00    214.00    216.00    239.000   300.000   301.000   312.000
A   59645.78  64174.72  37966.16   8354.592  2825.000  9562.282  2931.250
a  -42468.24 -49486.02 -30653.65 -10309.960 -2689.591 -6517.309 -3991.793
     phi0.28   phi0.29   phi0.30   phi0.31  phi0.32   phi0.33   phi0.34
id   314.000    316.00   432.000   433.000  461.000   483.000   492.000
A   7252.174  19711.31  6950.000  7831.250 1187.057 10400.000 13000.000
a  -3533.932 -19011.57 -6647.682 -5649.673 -788.367 -2643.342 -7797.943
     phi0.35   phi0.36   phi0.37   phi0.38   phi0.39   phi0.40   phi0.41
id   525.000   526.000    549.00    553.00    556.00    558.00   569.000
A   3535.935  5431.759  39877.42  39405.20  37966.03  71582.21 12357.484
a  -3888.558 -6400.801 -16322.88 -25135.75 -20939.90 -65554.13 -9787.127
     phi0.42   phi0.43   phi0.44   phi0.45   phi0.46   phi0.47   phi0.48
id    573.00    574.00    602.00    645.00    648.00    651.00    691.00
A   26848.38  36874.21  59244.31  64268.91  57041.92  43505.37  43931.18
a  -15954.28 -26496.07 -55209.83 -16282.96 -32380.52 -33665.27 -38078.01
     phi0.49   phi0.50   phi0.51   phi0.52   phi0.53   phi0.54   phi0.55
id   703.000 790.00000   798.000    857.00    860.00    861.00    863.00
A  63668.800  65.38271 13092.096  42030.75  41992.02  41990.97  66832.62
a  -1050.612 -76.99470 -5748.121 -14660.13 -17920.32 -10353.65 -14905.70
     phi0.56   phi0.57   phi0.58
id    954.00   960.000   961.000
A   28465.19  3516.236  5412.060
a  -22259.76 -3691.040 -5501.604
E =  0.00640 | E_L =  0.00640 | E_A =  0.00000 |  55 flippped triangles
        phi0    phi0.1    phi0.2    phi0.3    phi0.4    phi0.5    phi0.6
id    12.000     24.00     35.00   63.0000   76.0000    84.000    99.000
A   8154.638  16564.20  20911.55  136.3959  573.1838 22741.772  1698.721
a  -5856.487 -18609.03 -29972.52 -109.8588 -192.9436 -8681.043 -1746.315
      phi0.7    phi0.8    phi0.9   phi0.10   phi0.11   phi0.12  phi0.13
id   104.000    124.00    125.00    128.00    141.00    145.00    157.0
A   8594.815  47407.51  16927.69  49190.73  43298.00  47407.51  39166.9
a  -7916.329 -44847.34 -19061.13 -53189.51 -35983.94 -31939.54 -40093.8
     phi0.14   phi0.15   phi0.16   phi0.17   phi0.18    phi0.19   phi0.20
id    162.00    165.00    173.00    210.00    216.00    239.000   300.000
A   56060.99  35640.53  54453.26  47612.57  37966.16   8354.592  2825.000
a  -57117.98 -23977.25 -48726.87 -47675.70 -37226.23 -10325.342 -2671.306
     phi0.21   phi0.22   phi0.23   phi0.24  phi0.25   phi0.26   phi0.27
id   301.000   312.000   314.000    316.00   432.00   433.000  461.0000
A   9562.282  2931.250  7252.174  19711.31  6950.00  7831.250 1187.0568
a  -6615.015 -3693.386 -3524.581 -19486.61 -6535.63 -5721.485 -930.8284
     phi0.28   phi0.29   phi0.30   phi0.31   phi0.32   phi0.33   phi0.34
id   483.000   492.000   517.000   525.000   526.000    549.00    569.00
A  10400.000 13000.000  1745.009  3535.935  5431.759  39877.42  12357.48
a  -4532.501 -6643.145 -1612.993 -4141.026 -6976.405 -26184.16 -10185.85
     phi0.35   phi0.36   phi0.37   phi0.38   phi0.39   phi0.40   phi0.41
id    573.00    574.00   604.000    606.00    638.00    645.00    646.00
A   26848.38  36874.21  3402.289  23565.59  58083.74  64268.91  58083.74
a  -20510.06 -30285.00 -2753.519 -11352.23 -37000.91 -43240.55 -38188.72
     phi0.42   phi0.43   phi0.44   phi0.45   phi0.46   phi0.47   phi0.48
id    648.00    651.00    691.00    703.00   713.000 790.00000   798.000
A   57041.92  43505.37  43931.18  63668.80  3312.039  65.38271 13092.096
a  -46959.44 -44388.25 -46790.78 -18553.98 -2082.873 -72.92575 -6337.474
     phi0.49   phi0.50   phi0.51   phi0.52   phi0.53   phi0.54
id  922.0000  924.0000   939.000    954.00   960.000   961.000
A   856.3851  404.5267  5890.325  28465.19  3516.236  5412.060
a  -407.8420 -190.4562 -3263.926 -24018.07 -3789.161 -5524.962
E =  0.00640 | E_L =  0.00640 | E_A =  0.00000 |  55 flippped triangles
        phi0    phi0.1    phi0.2    phi0.3    phi0.4    phi0.5    phi0.6
id    12.000     24.00     35.00   63.0000   76.0000     84.00   99.0000
A   8154.638  16564.20  20911.55  136.3959  573.1838  22741.77 1698.7209
a  -6225.039 -18887.21 -29839.05 -128.5516 -167.8309 -10772.30 -706.3932
      phi0.7    phi0.8    phi0.9   phi0.10   phi0.11   phi0.12  phi0.13
id   104.000    124.00    125.00    128.00    141.00    145.00    157.0
A   8594.815  47407.51  16927.69  49190.73  43298.00  47407.51  39166.9
a  -7911.928 -44105.61 -19085.73 -50951.01 -33669.13 -27281.15 -37177.9
     phi0.14    phi0.15   phi0.16   phi0.17    phi0.18   phi0.19   phi0.20
id    162.00   173.0000    210.00    216.00    239.000   300.000   301.000
A   56060.99 54453.2628  47612.57  37966.16   8354.592  2825.000  9562.282
a  -53801.96  -130.0093 -12869.50 -12842.61 -10277.917 -2708.451 -6769.415
     phi0.21   phi0.22   phi0.23   phi0.24   phi0.25  phi0.26   phi0.27
id   312.000   314.000    316.00   432.000   433.000  461.000   483.000
A   2931.250  7252.174  19711.31  6950.000  7831.250 1187.057 10400.000
a  -3600.621 -3493.948 -19937.66 -6730.162 -5812.873 -928.840 -3580.374
    phi0.28   phi0.29   phi0.30   phi0.31   phi0.32   phi0.33   phi0.34
id   492.00  517.0000   525.000   526.000    549.00    569.00    573.00
A  13000.00 1745.0093  3535.935  5431.759  39877.42  12357.48  26848.38
a  -7606.26 -124.6434 -4201.512 -7239.716 -27580.22 -10164.80 -21732.54
     phi0.35   phi0.36   phi0.37   phi0.38   phi0.39   phi0.40   phi0.41
id    574.00   604.000   606.000    638.00    645.00    646.00    648.00
A   36874.21  3402.289 23565.595  58083.74  64268.91  58083.74  57041.92
a  -32048.11 -1531.966 -7196.413 -49520.23 -42041.01 -50370.27 -53039.89
     phi0.42   phi0.43   phi0.44   phi0.45  phi0.46   phi0.47   phi0.48
id    649.00    651.00    691.00    703.00  713.000 790.00000   798.000
A   75064.45  43505.37  43931.18  63668.80 3312.039  65.38271 13092.096
a  -10348.19 -44829.64 -47950.57 -20883.43 -380.165 -75.65855 -6772.095
     phi0.49   phi0.50   phi0.51   phi0.52   phi0.53   phi0.54
id  922.0000  924.0000   939.000    954.00   960.000   961.000
A   856.3851  404.5267  5890.325  28465.19  3516.236  5412.060
a  -603.1678 -193.2065 -4225.352 -24346.60 -3848.739 -5393.843
FIRE:  3  stops.  58 hits of maxmove.  5 hits of dtmax.
Frms = 1.42868956935926e-06; Ftanrms = 1.42457134774458e-06
E =  0.01219 | E_L =  0.01219 | E_A =  0.00000 |   0 flippped triangles
E =  0.00937 | E_L =  0.00937 | E_A =  0.00000 |   0 flippped triangles
E =  0.00841 | E_L =  0.00841 | E_A =  0.00000 |   0 flippped triangles
E =  0.00797 | E_L =  0.00797 | E_A =  0.00000 |   0 flippped triangles
E =  0.00775 | E_L =  0.00775 | E_A =  0.00000 |   0 flippped triangles
E =  0.00756 | E_L =  0.00755 | E_A =  0.00000 |   0 flippped triangles
E =  0.00739 | E_L =  0.00739 | E_A =  0.00000 |   0 flippped triangles
E =  0.00736 | E_L =  0.00736 | E_A =  0.00000 |   0 flippped triangles
E =  0.00722 | E_L =  0.00722 | E_A =  0.00000 |   0 flippped triangles
E =  0.00712 | E_L =  0.00712 | E_A =  0.00000 |   0 flippped triangles
E =  0.00712 | E_L =  0.00712 | E_A =  0.00000 |   0 flippped triangles
Optimising mapping with BFGS...
E =  0.00712 | E_L =  0.00712 | E_A =  0.00000 |   0 flippped triangles
Transforming image...
Mapping optimised. Error: 0.007119423 ; 0 flipped triangles.
Inferring coordinates of datapoints
Inferring coordinates of landmarks
Mapping optimised. Error: 0.007119423 ; 0 flipped triangles. OD displacement: 10.57088 degrees.
Computing Kernel Density estimates of datapoints

[1] 0.8
Saving developmental_retina/data/C57BL6J/P0/single/GM113-1/R-CONTRA/r.mat
