[1] "Adding old segment 1"
[1] "Intersection found. Old points:"
   X    Y 
-260 -501 
   X    Y 
-220 -591 
   X    Y 
-240 -571 
   X    Y 
 -80 -571 
[1] "Point i+1 has been changed:"
   X    Y 
-260 -501 
        X         Y 
-228.8889 -571.0000 
   X    Y 
-240 -571 
   X    Y 
 -80 -571 
[1] "a= 0.335820895522389"
[1] "l= 148.888888888889"
[1] "New points:"
   X    Y 
-260 -501 
        X         Y 
-228.8889 -571.0000 
   X    Y 
-130 -571 
   X    Y 
 -80 -571 
[1] "Storing new segment 1"
[1] "Adding old segment 2"
[1] "Adding old segment 3"
[1] "Adding old segment 4"
[1] "Adding old segment 5"
[1] "Storing new segment 2"
Triangulating...
[1] "Non-adjacent points in rim connected by line: 4 2"
[1] "In triangle: 79" "In triangle: 94"
[1] "Other points in triangles: 3 81"
[1] "Non-adjacent points in rim connected by line: 50 29"
[1] "In triangle: 6"  "In triangle: 55"
[1] "Other points in triangles: 66 68"
[1] "Non-adjacent points in rim connected by line: 52 43"
[1] "In triangle: 26" "In triangle: 74"
[1] "Other points in triangles: 57 55"
[1] "Non-adjacent points in rim connected by line: 53 18"
[1] "In triangle: 22" "In triangle: 25"
[1] "Other points in triangles: 59 58"
[1] "Non-adjacent points in rim connected by line: 54 38"
[1] "In triangle: 24" "In triangle: 66"
[1] "Other points in triangles: 62 63"
[1] "Non-adjacent points in rim connected by line: 55 52"
[1] "In triangle: 13" "In triangle: 74"
[1] "Other points in triangles: 56 459"
[1] "Non-adjacent points in rim connected by line: 56 55"
[1] "In triangle: 13" "In triangle: 48"
[1] "Other points in triangles: 462 1"
[1] "Non-adjacent points in rim connected by line: 57 43"
[1] "In triangle: 58"  "In triangle: 815"
[1] "Other points in triangles: 64 459"
[1] "Non-adjacent points in rim connected by line: 58 18"
[1] "In triangle: 10"  "In triangle: 818"
[1] "Other points in triangles: 65 460"
[1] "Non-adjacent points in rim connected by line: 61 60"
[1] "In triangle: 15" "In triangle: 20"
[1] "Other points in triangles: 63 39"
[1] "Non-adjacent points in rim connected by line: 62 38"
[1] "In triangle: 44"  "In triangle: 819"
[1] "Other points in triangles: 71 461"
[1] "Non-adjacent points in rim connected by line: 63 54"
[1] "In triangle: 37" "In triangle: 66"
[1] "Other points in triangles: 61 461"
[1] "Non-adjacent points in rim connected by line: 63 61"
[1] "In triangle: 15" "In triangle: 37"
[1] "Other points in triangles: 466 468"
[1] "Non-adjacent points in rim connected by line: 65 58"
[1] "In triangle: 10" "In triangle: 36"
[1] "Other points in triangles: 465 19"
[1] "Non-adjacent points in rim connected by line: 66 29"
[1] "In triangle: 2"   "In triangle: 813"
[1] "Other points in triangles: 67 458"
[1] "Non-adjacent points in rim connected by line: 67 66"
[1] "In triangle: 2"  "In triangle: 34"
[1] "Other points in triangles: 471 28"
[1] "Non-adjacent points in rim connected by line: 81 2"
[1] "In triangle: 156" "In triangle: 812"
[1] "Other points in triangles: 115 457"
Stitching...
Tear 1 child of rim
Tear 2 child of rim
Tear 3 child of backward side of tear 2
Tear 4 child of rim
Tear 5 child of backward side of tear 4
Tear 6 child of rim
Tear 1 : Sf = 1397.5290665167 ; Sb = 1645.58569121604
  Forwards path
    i = 229 ; sf/Sf = 0.182780309625741 ; sf = 255.440795488896
      k =   14 ; sb/Sb = 0 ; sb = 0
      k =  453 ; sb/Sb = 0.179376881670736 ; sb = 295.180029812316
      k =  417 ; sb/Sb = 0.358753763341472 ; sb = 590.360059624633
      Creating new point: f = 0.018973615347226
    i = 122 ; sf/Sf = 0.365560619251482 ; sf = 510.881590977792
      k =   14 ; sb/Sb = 0 ; sb = 0
      k =  453 ; sb/Sb = 0.179376881670736 ; sb = 295.180029812316
      k =  417 ; sb/Sb = 0.358753763341472 ; sb = 590.360059624633
      k =  449 ; sb/Sb = 0.538130645012208 ; sb = 885.540089436949
      Creating new point: f = 0.0379472306944516
    i = 232 ; sf/Sf = 0.548340928877224 ; sf = 766.322386466688
      k =   14 ; sb/Sb = 0 ; sb = 0
      k =  453 ; sb/Sb = 0.179376881670736 ; sb = 295.180029812316
      k =  417 ; sb/Sb = 0.358753763341472 ; sb = 590.360059624633
      k =  449 ; sb/Sb = 0.538130645012208 ; sb = 885.540089436949
      k =   13 ; sb/Sb = 0.717507526682943 ; sb = 1180.72011924927
      Creating new point: f = 0.0569208460416767
    i = 15 ; sf/Sf = 0.731121238502965 ; sf = 1021.76318195558
      k =   14 ; sb/Sb = 0 ; sb = 0
      k =  453 ; sb/Sb = 0.179376881670736 ; sb = 295.180029812316
      k =  417 ; sb/Sb = 0.358753763341472 ; sb = 590.360059624633
      k =  449 ; sb/Sb = 0.538130645012208 ; sb = 885.540089436949
      k =   13 ; sb/Sb = 0.717507526682943 ; sb = 1180.72011924927
      k =   12 ; sb/Sb = 1 ; sb = 1645.58569121604
      Creating new point: f = 0.048191414306257
Tear 2 : Sf = 900.499861188218 ; Sb = 1381.15094445095
  Forwards path
    i = 214 ; sf/Sf = 0.5 ; sf = 450.249930594109
      k =   24 ; sb/Sb = 0 ; sb = 0
      k =  159 ; sb/Sb = 0.255189827286874 ; sb = 352.455670971542
      k =   23 ; sb/Sb = 0.510379654573749 ; sb = 704.911341943084
      Creating new point: f = 0.959325751014046
Tear 3 : Sf = 402.492235949962 ; Sb = 630.317380372777
  Forwards path
Tear 4 : Sf = 3458.16026257949 ; Sb = 3224.35087026601
  Forwards path
    i = 7 ; sf/Sf = 0.158517466318272 ; sf = 548.17880294663
      k =    6 ; sb/Sb = 0 ; sb = 0
      k =    5 ; sb/Sb = 0.11378374789795 ; sb = 366.878726556883
      k =   81 ; sb/Sb = 0.224362882758272 ; sb = 723.424656277024
      Creating new point: f = 0.404540318359582
    i = 376 ; sf/Sf = 0.219402404938623 ; sf = 758.728678273119
      k =    6 ; sb/Sb = 0 ; sb = 0
      k =    5 ; sb/Sb = 0.11378374789795 ; sb = 366.878726556883
      k =   81 ; sb/Sb = 0.224362882758272 ; sb = 723.424656277024
      Creating new point: f = 0.955140923955364
    i = 340 ; sf/Sf = 0.280287343558973 ; sf = 969.278553599608
      k =    6 ; sb/Sb = 0 ; sb = 0
      k =    5 ; sb/Sb = 0.11378374789795 ; sb = 366.878726556883
      k =   81 ; sb/Sb = 0.224362882758272 ; sb = 723.424656277024
      k =    4 ; sb/Sb = 0.334942017618594 ; sb = 1079.97058599717
      Creating new point: f = 0.505741529551145
    i = 8 ; sf/Sf = 0.402057220799675 ; sf = 1390.37830425259
      k =    6 ; sb/Sb = 0 ; sb = 0
      k =    5 ; sb/Sb = 0.11378374789795 ; sb = 366.878726556883
      k =   81 ; sb/Sb = 0.224362882758272 ; sb = 723.424656277024
      k =    4 ; sb/Sb = 0.334942017618594 ; sb = 1079.97058599717
      k =    3 ; sb/Sb = 0.464051157001935 ; sb = 1496.26375192714
      Creating new point: f = 0.519833092387114
    i = 9 ; sf/Sf = 0.499220430950496 ; sf = 1726.38425658081
      k =    6 ; sb/Sb = 0 ; sb = 0
      k =    5 ; sb/Sb = 0.11378374789795 ; sb = 366.878726556883
      k =   81 ; sb/Sb = 0.224362882758272 ; sb = 723.424656277024
      k =    4 ; sb/Sb = 0.334942017618594 ; sb = 1079.97058599717
      k =    3 ; sb/Sb = 0.464051157001935 ; sb = 1496.26375192714
      k =   43 ; sb/Sb = 0.464051157001935 ; sb = 1496.26375192714
      k =   72 ; sb/Sb = 0.59095297932673 ; sb = 1905.43975317843
      Creating new point: f = 0.277137658894667
    i = 382 ; sf/Sf = 0.615114564858589 ; sf = 2127.16474512785
      k =    6 ; sb/Sb = 0 ; sb = 0
      k =    5 ; sb/Sb = 0.11378374789795 ; sb = 366.878726556883
      k =   81 ; sb/Sb = 0.224362882758272 ; sb = 723.424656277024
      k =    4 ; sb/Sb = 0.334942017618594 ; sb = 1079.97058599717
      k =    3 ; sb/Sb = 0.464051157001935 ; sb = 1496.26375192714
      k =   43 ; sb/Sb = 0.464051157001935 ; sb = 1496.26375192714
      k =   72 ; sb/Sb = 0.59095297932673 ; sb = 1905.43975317843
      k =   42 ; sb/Sb = 0.717854801651525 ; sb = 2314.61575442973
      Creating new point: f = 0.19039589100635
    i = 10 ; sf/Sf = 0.731008698766683 ; sf = 2527.94523367488
      k =    6 ; sb/Sb = 0 ; sb = 0
      k =    5 ; sb/Sb = 0.11378374789795 ; sb = 366.878726556883
      k =   81 ; sb/Sb = 0.224362882758272 ; sb = 723.424656277024
      k =    4 ; sb/Sb = 0.334942017618594 ; sb = 1079.97058599717
      k =    3 ; sb/Sb = 0.464051157001935 ; sb = 1496.26375192714
      k =   43 ; sb/Sb = 0.464051157001935 ; sb = 1496.26375192714
      k =   72 ; sb/Sb = 0.59095297932673 ; sb = 1905.43975317843
      k =   42 ; sb/Sb = 0.717854801651525 ; sb = 2314.61575442973
      k =   41 ; sb/Sb = 0.875325285299465 ; sb = 2822.35584542117
      Creating new point: f = 0.0835324615155551
    i = 405 ; sf/Sf = 0.798256524075012 ; sf = 2760.49899090104
      k =    6 ; sb/Sb = 0 ; sb = 0
      k =    5 ; sb/Sb = 0.11378374789795 ; sb = 366.878726556883
      k =   81 ; sb/Sb = 0.224362882758272 ; sb = 723.424656277024
      k =    4 ; sb/Sb = 0.334942017618594 ; sb = 1079.97058599717
      k =    3 ; sb/Sb = 0.464051157001935 ; sb = 1496.26375192714
      k =   43 ; sb/Sb = 0.464051157001935 ; sb = 1496.26375192714
      k =   72 ; sb/Sb = 0.59095297932673 ; sb = 1905.43975317843
      k =   42 ; sb/Sb = 0.717854801651525 ; sb = 2314.61575442973
      k =   41 ; sb/Sb = 0.875325285299465 ; sb = 2822.35584542117
      Creating new point: f = 0.510582812479592
    i = 418 ; sf/Sf = 0.865504349383341 ; sf = 2993.05274812719
      k =    6 ; sb/Sb = 0 ; sb = 0
      k =    5 ; sb/Sb = 0.11378374789795 ; sb = 366.878726556883
      k =   81 ; sb/Sb = 0.224362882758272 ; sb = 723.424656277024
      k =    4 ; sb/Sb = 0.334942017618594 ; sb = 1079.97058599717
      k =    3 ; sb/Sb = 0.464051157001935 ; sb = 1496.26375192714
      k =   43 ; sb/Sb = 0.464051157001935 ; sb = 1496.26375192714
      k =   72 ; sb/Sb = 0.59095297932673 ; sb = 1905.43975317843
      k =   42 ; sb/Sb = 0.717854801651525 ; sb = 2314.61575442973
      k =   41 ; sb/Sb = 0.875325285299465 ; sb = 2822.35584542117
      Creating new point: f = 0.937633163443628
Tear 5 : Sf = 490.917508345343 ; Sb = 683.921819126833
  Forwards path
Tear 6 : Sf = 1919.46008649253 ; Sb = 1435.31555734576
  Forwards path
    i = 35 ; sf/Sf = 0.135854919851245 ; sf = 260.768096208106
      k =   34 ; sb/Sb = 0 ; sb = 0
      k =  291 ; sb/Sb = 0.269857458281545 ; sb = 387.330608137286
      Creating new point: f = 0.503432147906418
    i = 36 ; sf/Sf = 0.393041722203553 ; sf = 754.427898096005
      k =   34 ; sb/Sb = 0 ; sb = 0
      k =  291 ; sb/Sb = 0.269857458281545 ; sb = 387.330608137286
      k =   33 ; sb/Sb = 0.539714916563089 ; sb = 774.661216274573
      Creating new point: f = 0.45647900453242
    i = 396 ; sf/Sf = 0.544781291652665 ; sf = 1045.68594519514
      k =   34 ; sb/Sb = 0 ; sb = 0
      k =  291 ; sb/Sb = 0.269857458281545 ; sb = 387.330608137286
      k =   33 ; sb/Sb = 0.539714916563089 ; sb = 774.661216274573
      k =   32 ; sb/Sb = 0.77391757991404 ; sb = 1110.815942554
      Creating new point: f = 0.0216324401144133
    i = 348 ; sf/Sf = 0.696520861101776 ; sf = 1336.94399229427
      k =   34 ; sb/Sb = 0 ; sb = 0
      k =  291 ; sb/Sb = 0.269857458281545 ; sb = 387.330608137286
      k =   33 ; sb/Sb = 0.539714916563089 ; sb = 774.661216274573
      k =   32 ; sb/Sb = 0.77391757991404 ; sb = 1110.815942554
      Creating new point: f = 0.669531004878945
    i = 397 ; sf/Sf = 0.848260430550888 ; sf = 1628.2020393934
      k =   34 ; sb/Sb = 0 ; sb = 0
      k =  291 ; sb/Sb = 0.269857458281545 ; sb = 387.330608137286
      k =   33 ; sb/Sb = 0.539714916563089 ; sb = 774.661216274573
      k =   32 ; sb/Sb = 0.77391757991404 ; sb = 1110.815942554
      k =   31 ; sb/Sb = 1 ; sb = 1435.31555734576
      Creating new point: f = 0.328830745037948
Tear 1 : Sf = 1645.58569121604 ; Sb = 1397.5290665167
  Backwards path
    i = 453 ; sf/Sf = 0.179376881670736 ; sf = 295.180029812316
      k =   14 ; sb/Sb = 0 ; sb = 0
      k =  229 ; sb/Sb = 0.182780309625741 ; sb = 255.440795488896
      Creating new point: f = 0.981379679452485
    i = 417 ; sf/Sf = 0.358753763341472 ; sf = 590.360059624633
      k =   14 ; sb/Sb = 0 ; sb = 0
      k =  229 ; sb/Sb = 0.182780309625741 ; sb = 255.440795488896
      k =  122 ; sb/Sb = 0.365560619251482 ; sb = 510.881590977792
      Creating new point: f = 0.96275935890497
    i = 449 ; sf/Sf = 0.538130645012208 ; sf = 885.540089436949
      k =   14 ; sb/Sb = 0 ; sb = 0
      k =  229 ; sb/Sb = 0.182780309625741 ; sb = 255.440795488896
      k =  122 ; sb/Sb = 0.365560619251482 ; sb = 510.881590977792
      k =  232 ; sb/Sb = 0.548340928877224 ; sb = 766.322386466688
      Creating new point: f = 0.944139038357454
    i = 13 ; sf/Sf = 0.717507526682943 ; sf = 1180.72011924927
      k =   14 ; sb/Sb = 0 ; sb = 0
      k =  229 ; sb/Sb = 0.182780309625741 ; sb = 255.440795488896
      k =  122 ; sb/Sb = 0.365560619251482 ; sb = 510.881590977792
      k =  232 ; sb/Sb = 0.548340928877224 ; sb = 766.322386466688
      k =   15 ; sb/Sb = 0.731121238502965 ; sb = 1021.76318195558
      Creating new point: f = 0.92551871780994
Tear 2 : Sf = 1381.15094445095 ; Sb = 900.499861188218
  Backwards path
    i = 159 ; sf/Sf = 0.255189827286874 ; sf = 352.455670971542
      k =   24 ; sb/Sb = 0 ; sb = 0
      k =  214 ; sb/Sb = 0.5 ; sb = 450.249930594109
      Creating new point: f = 0.510379654573749
    i = 23 ; sf/Sf = 0.510379654573749 ; sf = 704.911341943084
      k =   24 ; sb/Sb = 0 ; sb = 0
      k =  214 ; sb/Sb = 0.5 ; sb = 450.249930594109
      k =   25 ; sb/Sb = 1 ; sb = 900.499861188218
    i = 21 ; sf/Sf = 0.510379654573749 ; sf = 704.911341943084
      k =   24 ; sb/Sb = 0 ; sb = 0
      k =  214 ; sb/Sb = 0.5 ; sb = 450.249930594109
      k =   25 ; sb/Sb = 1 ; sb = 900.499861188218
      Creating new point: f = 0.0207593091474979
    i = 75 ; sf/Sf = 0.755189827286874 ; sf = 1043.03114319702
      k =   24 ; sb/Sb = 0 ; sb = 0
      k =  214 ; sb/Sb = 0.5 ; sb = 450.249930594109
      k =   25 ; sb/Sb = 1 ; sb = 900.499861188218
      Creating new point: f = 0.510379654573749
Tear 3 : Sf = 630.317380372777 ; Sb = 402.492235949962
  Backwards path
    i = 100 ; sf/Sf = 0.5 ; sf = 315.158690186388
      k =   22 ; sb/Sb = 0 ; sb = 0
      k =   23 ; sb/Sb = 1 ; sb = 402.492235949962
      Creating new point: f = 0.5
Tear 4 : Sf = 3224.35087026601 ; Sb = 3458.16026257949
  Backwards path
    i = 5 ; sf/Sf = 0.11378374789795 ; sf = 366.878726556883
      k =    6 ; sb/Sb = 0 ; sb = 0
      k =    7 ; sb/Sb = 0.158517466318272 ; sb = 548.17880294663
      Creating new point: f = 0.717799435864656
    i = 81 ; sf/Sf = 0.224362882758272 ; sf = 723.424656277024
      k =    6 ; sb/Sb = 0 ; sb = 0
      k =    7 ; sb/Sb = 0.158517466318272 ; sb = 548.17880294663
      k =  376 ; sb/Sb = 0.219402404938623 ; sb = 758.728678273119
      k =  340 ; sb/Sb = 0.280287343558973 ; sb = 969.278553599608
      Creating new point: f = 0.0814729871139478
    i = 4 ; sf/Sf = 0.334942017618594 ; sf = 1079.97058599717
      k =    6 ; sb/Sb = 0 ; sb = 0
      k =    7 ; sb/Sb = 0.158517466318272 ; sb = 548.17880294663
      k =  376 ; sb/Sb = 0.219402404938623 ; sb = 758.728678273119
      k =  340 ; sb/Sb = 0.280287343558973 ; sb = 969.278553599608
      k =    8 ; sb/Sb = 0.402057220799675 ; sb = 1390.37830425259
      Creating new point: f = 0.448835749021778
    i = 3 ; sf/Sf = 0.464051157001935 ; sf = 1496.26375192714
      k =    6 ; sb/Sb = 0 ; sb = 0
      k =    7 ; sb/Sb = 0.158517466318272 ; sb = 548.17880294663
      k =  376 ; sb/Sb = 0.219402404938623 ; sb = 758.728678273119
      k =  340 ; sb/Sb = 0.280287343558973 ; sb = 969.278553599608
      k =    8 ; sb/Sb = 0.402057220799675 ; sb = 1390.37830425259
      k =    9 ; sb/Sb = 0.499220430950496 ; sb = 1726.38425658081
    i = 43 ; sf/Sf = 0.464051157001935 ; sf = 1496.26375192714
      k =    6 ; sb/Sb = 0 ; sb = 0
      k =    7 ; sb/Sb = 0.158517466318272 ; sb = 548.17880294663
      k =  376 ; sb/Sb = 0.219402404938623 ; sb = 758.728678273119
      k =  340 ; sb/Sb = 0.280287343558973 ; sb = 969.278553599608
      k =    8 ; sb/Sb = 0.402057220799675 ; sb = 1390.37830425259
      k =    9 ; sb/Sb = 0.499220430950496 ; sb = 1726.38425658081
      Creating new point: f = 0.638039193085846
    i = 72 ; sf/Sf = 0.590952979326731 ; sf = 1905.43975317843
      k =    6 ; sb/Sb = 0 ; sb = 0
      k =    7 ; sb/Sb = 0.158517466318272 ; sb = 548.17880294663
      k =  376 ; sb/Sb = 0.219402404938623 ; sb = 758.728678273119
      k =  340 ; sb/Sb = 0.280287343558973 ; sb = 969.278553599608
      k =    8 ; sb/Sb = 0.402057220799675 ; sb = 1390.37830425259
      k =    9 ; sb/Sb = 0.499220430950496 ; sb = 1726.38425658081
      k =  382 ; sb/Sb = 0.615114564858589 ; sb = 2127.16474512785
      Creating new point: f = 0.791520202817
    i = 42 ; sf/Sf = 0.717854801651526 ; sf = 2314.61575442973
      k =    6 ; sb/Sb = 0 ; sb = 0
      k =    7 ; sb/Sb = 0.158517466318272 ; sb = 548.17880294663
      k =  376 ; sb/Sb = 0.219402404938623 ; sb = 758.728678273119
      k =  340 ; sb/Sb = 0.280287343558973 ; sb = 969.278553599608
      k =    8 ; sb/Sb = 0.402057220799675 ; sb = 1390.37830425259
      k =    9 ; sb/Sb = 0.499220430950496 ; sb = 1726.38425658081
      k =  382 ; sb/Sb = 0.615114564858589 ; sb = 2127.16474512785
      k =   10 ; sb/Sb = 0.731008698766683 ; sb = 2527.94523367488
      Creating new point: f = 0.886500751404826
    i = 41 ; sf/Sf = 0.875325285299465 ; sf = 2822.35584542117
      k =    6 ; sb/Sb = 0 ; sb = 0
      k =    7 ; sb/Sb = 0.158517466318272 ; sb = 548.17880294663
      k =  376 ; sb/Sb = 0.219402404938623 ; sb = 758.728678273119
      k =  340 ; sb/Sb = 0.280287343558973 ; sb = 969.278553599608
      k =    8 ; sb/Sb = 0.402057220799675 ; sb = 1390.37830425259
      k =    9 ; sb/Sb = 0.499220430950496 ; sb = 1726.38425658081
      k =  382 ; sb/Sb = 0.615114564858589 ; sb = 2127.16474512785
      k =   10 ; sb/Sb = 0.731008698766683 ; sb = 2527.94523367488
      k =  405 ; sb/Sb = 0.798256524075012 ; sb = 2760.49899090104
      k =  418 ; sb/Sb = 0.865504349383342 ; sb = 2993.05274812719
      k =   11 ; sb/Sb = 1 ; sb = 3458.16026257949
      Creating new point: f = 0.0730204721944189
Tear 5 : Sf = 683.921819126833 ; Sb = 490.917508345343
  Backwards path
    i = 44 ; sf/Sf = 0.523337330550141 ; sf = 357.921819126833
      k =    2 ; sb/Sb = 0 ; sb = 0
      k =    3 ; sb/Sb = 1 ; sb = 490.917508345343
      Creating new point: f = 0.523337330550141
    i = 48 ; sf/Sf = 0.71049322530346 ; sf = 485.921819126833
      k =    2 ; sb/Sb = 0 ; sb = 0
      k =    3 ; sb/Sb = 1 ; sb = 490.917508345343
      Creating new point: f = 0.71049322530346
    i = 57 ; sf/Sf = 0.75728219899179 ; sf = 517.921819126833
      k =    2 ; sb/Sb = 0 ; sb = 0
      k =    3 ; sb/Sb = 1 ; sb = 490.917508345343
      Creating new point: f = 0.75728219899179
    i = 52 ; sf/Sf = 0.804071172680119 ; sf = 549.921819126833
      k =    2 ; sb/Sb = 0 ; sb = 0
      k =    3 ; sb/Sb = 1 ; sb = 490.917508345343
      Creating new point: f = 0.804071172680119
    i = 56 ; sf/Sf = 0.850860146368449 ; sf = 581.921819126833
      k =    2 ; sb/Sb = 0 ; sb = 0
      k =    3 ; sb/Sb = 1 ; sb = 490.917508345343
      Creating new point: f = 0.850860146368449
    i = 1 ; sf/Sf = 0.897649120056779 ; sf = 613.921819126833
      k =    2 ; sb/Sb = 0 ; sb = 0
      k =    3 ; sb/Sb = 1 ; sb = 490.917508345343
      Creating new point: f = 0.897649120056779
    i = 55 ; sf/Sf = 0.944438093745108 ; sf = 645.921819126833
      k =    2 ; sb/Sb = 0 ; sb = 0
      k =    3 ; sb/Sb = 1 ; sb = 490.917508345343
      Creating new point: f = 0.944438093745108
Tear 6 : Sf = 1435.31555734576 ; Sb = 1919.46008649253
  Backwards path
    i = 291 ; sf/Sf = 0.269857458281545 ; sf = 387.330608137286
      k =   34 ; sb/Sb = 0 ; sb = 0
      k =   35 ; sb/Sb = 0.135854919851245 ; sb = 260.768096208106
      k =   36 ; sb/Sb = 0.393041722203553 ; sb = 754.427898096005
      Creating new point: f = 0.521031939448962
    i = 33 ; sf/Sf = 0.539714916563089 ; sf = 774.661216274573
      k =   34 ; sb/Sb = 0 ; sb = 0
      k =   35 ; sb/Sb = 0.135854919851245 ; sb = 260.768096208106
      k =   36 ; sb/Sb = 0.393041722203553 ; sb = 754.427898096005
      k =  396 ; sb/Sb = 0.544781291652665 ; sb = 1045.68594519514
      Creating new point: f = 0.966611378245181
    i = 32 ; sf/Sf = 0.77391757991404 ; sf = 1110.815942554
      k =   34 ; sb/Sb = 0 ; sb = 0
      k =   35 ; sb/Sb = 0.135854919851245 ; sb = 260.768096208106
      k =   36 ; sb/Sb = 0.393041722203553 ; sb = 754.427898096005
      k =  396 ; sb/Sb = 0.544781291652665 ; sb = 1045.68594519514
      k =  348 ; sb/Sb = 0.696520861101777 ; sb = 1336.94399229427
      k =  397 ; sb/Sb = 0.848260430550888 ; sb = 1628.2020393934
      Creating new point: f = 0.510062860289185
Triangulating...
[1] "Non-adjacent points in rim connected by line: 50 29"
[1] "In triangle: 2" "In triangle: 4"
[1] "Other points in triangles: 471 458"
[1] "Non-adjacent points in rim connected by line: 54 38"
[1] "In triangle: 628" "In triangle: 635"
[1] "Other points in triangles: 468 461"
[1] "Non-adjacent points in rim connected by line: 56 55"
[1] "In triangle: 678" "In triangle: 679"
[1] "Other points in triangles: 462 463"
[1] "Non-adjacent points in rim connected by line: 57 43"
[1] "In triangle: 674" "In triangle: 677"
[1] "Other points in triangles: 464 459"
[1] "Non-adjacent points in rim connected by line: 61 60"
[1] "In triangle: 606" "In triangle: 607"
[1] "Other points in triangles: 469 466"
[1] "Non-adjacent points in rim connected by line: 65 58"
[1] "In triangle: 313" "In triangle: 315"
[1] "Other points in triangles: 465 470"
[1] "Non-adjacent points in rim connected by line: 67 66"
[1] "In triangle: 9"  "In triangle: 10"
[1] "Other points in triangles: 471 472"
[1] "Non-adjacent points in rim connected by line: 500 478"
[1] "In triangle: 240" "In triangle: 242"
[1] "Other points in triangles: 23 235"
[1] "Non-adjacent points in rim connected by line: 508 482"
[1] "In triangle: 883" "In triangle: 893"
[1] "Other points in triangles: 509 457"
[1] "Non-adjacent points in rim connected by line: 509 482"
[1] "In triangle: 880" "In triangle: 987"
[1] "Other points in triangles: 510 567"
[1] "Non-adjacent points in rim connected by line: 510 482"
[1] "In triangle: 886" "In triangle: 989"
[1] "Other points in triangles: 511 568"
[1] "Non-adjacent points in rim connected by line: 511 482"
[1] "In triangle: 891" "In triangle: 991"
[1] "Other points in triangles: 512 569"
[1] "Non-adjacent points in rim connected by line: 512 482"
[1] "In triangle: 904" "In triangle: 993"
[1] "Other points in triangles: 513 570"
[1] "Non-adjacent points in rim connected by line: 513 482"
[1] "In triangle: 903" "In triangle: 995"
[1] "Other points in triangles: 514 571"
[1] "Non-adjacent points in rim connected by line: 514 482"
[1] "In triangle: 898" "In triangle: 997"
[1] "Other points in triangles: 3 572"
Merging points...
Projecting to sphere...
Optimising mapping with FIRE...
E =  0.00523 | E_L =  0.00523 | E_A =  0.00000 |   2 flippped triangles
          X1        X2
id    2.0000 973.00000
A   201.5170 118.36339
a  -210.4702 -38.07803
E =  0.00381 | E_L =  0.00381 | E_A =  0.00000 |  79 flippped triangles
        phi0    phi0.1    phi0.2    phi0.3   phi0.4    phi0.5    phi0.6
id    1.0000    6.0000   9.00000   123.000   157.00   240.000   242.000
A   564.9625  153.1600  62.20634 13885.826 26601.92  3351.543  6003.609
a  -184.3637 -278.2907 -65.45206 -1017.873 -6860.69 -4219.691 -6550.001
      phi0.7    phi0.8    phi0.9   phi0.10   phi0.11   phi0.12   phi0.13
id    243.00    244.00    247.00    270.00 309.00000 313.00000  314.0000
A   32081.10  11969.35  31280.79  36938.05 106.80002  27.34940  137.7532
a  -18508.44 -13805.98 -35146.51 -26931.46 -98.84147 -33.89222 -118.0328
     phi0.14   phi0.15   phi0.16   phi0.17   phi0.18   phi0.19   phi0.20
id 315.00000 316.00000 319.00000  416.0000 418.00000   420.000    424.00
A   15.04631  60.18522  57.47234  121.8876  30.47191  1606.015  37673.63
a  -17.94400 -58.23413 -21.56437 -125.9102 -32.02154 -1563.116 -14733.81
     phi0.21   phi0.22   phi0.23   phi0.24   phi0.25   phi0.26   phi0.27
id    425.00   427.000   429.000  431.0000   433.000 437.00000   438.000
A   21306.42  1575.543  3090.142  274.2472  4818.045  42.24925  2184.488
a  -11300.88 -1693.516 -3028.292 -282.8829 -4844.729 -38.75817 -1990.086
     phi0.28   phi0.29    phi0.30   phi0.31   phi0.32   phi0.33   phi0.34
id   440.000   459.000  602.00000 607.00000  610.0000  630.0000  674.0000
A   3212.030  4284.477   82.80965  30.37314  212.6667  175.4926  125.3562
a  -2871.469 -3654.381 -123.99476 -29.81718 -330.9859 -178.9624 -139.3089
     phi0.35   phi0.36   phi0.37   phi0.38   phi0.39   phi0.40   phi0.41
id 675.00000   676.000 680.00000 681.00000  682.0000 683.00000  684.0000
A   39.50190  5704.758  48.70327  22.09631  344.5692 136.79266  433.3104
a  -50.48113 -3569.738 -51.38904 -24.23193 -171.1652 -98.13288 -325.0193
     phi0.42   phi0.43   phi0.44   phi0.45   phi0.46   phi0.47   phi0.48
id   701.000 702.00000   705.000   849.000   850.000 851.00000   858.000
A  14096.385  39.28025  2433.352  3975.768  2618.718  20.95735  4453.474
a  -2516.245 -62.61952 -2110.578 -2028.046 -2535.486 -24.24557 -4135.474
     phi0.49   phi0.50   phi0.51   phi0.52   phi0.53   phi0.54   phi0.55
id   866.000    868.00  872.0000   873.000   876.000 878.00000   879.000
A   4573.268  21731.19  343.5981  2413.715 12535.330  37.29684 15951.976
a  -2806.883 -15201.56 -270.5504 -2288.959 -6808.931 -58.18377 -9230.932
     phi0.56   phi0.57   phi0.58   phi0.59   phi0.60   phi0.61   phi0.62
id   883.000   885.000  891.0000   893.000   895.000   896.000   897.000
A   2489.976  4023.167  358.7824  4137.037 10951.812  2463.589  6385.202
a  -2651.171 -1025.154 -595.7177 -4637.405 -3917.845 -2673.840 -4720.955
     phi0.63   phi0.64   phi0.65   phi0.66   phi0.67   phi0.68   phi0.69
id  899.0000   901.000  903.0000   908.000 971.00000 972.00000  973.0000
A   168.9970  5048.942  354.8581  2226.737  66.41647  96.48502  118.3634
a  -152.3954 -4646.896 -763.4575 -2310.497 -97.72121 -91.76295 -201.9972
     phi0.70   phi0.71   phi0.72   phi0.73   phi0.74   phi0.75   phi0.76
id 974.00000 975.00000 976.00000 977.00000 979.00000 984.00000   986.000
A   72.99489  24.53692  13.97572  69.19960  36.16963  66.59056  3389.408
a  -86.26133 -29.85874 -14.50286 -77.72073 -41.95509 -63.28137 -1918.140
      phi0.77   phi0.78
id   999.0000 1000.0000
A    674.3869  506.6846
a  -3991.8244 -240.6866
E =  0.00349 | E_L =  0.00349 | E_A =  0.00000 |  71 flippped triangles
        phi0    phi0.1    phi0.2    phi0.3    phi0.4    phi0.5   phi0.6
id    1.0000    6.0000   9.00000    157.00   240.000   242.000    243.0
A   564.9625  153.1600  62.20634  26601.92  3351.543  6003.609  32081.1
a  -210.5637 -247.3048 -65.43039 -12934.10 -3158.748 -7180.734 -23957.1
      phi0.7    phi0.8    phi0.9   phi0.10   phi0.11   phi0.12   phi0.13
id    244.00    247.00    248.00    270.00 309.00000 312.00000 313.00000
A   11969.35  31280.79  41699.57  36938.05 106.80002 163.57469  27.34940
a  -13884.49 -20236.02 -18257.03 -36125.38 -77.46717 -90.02703 -31.00077
     phi0.14   phi0.15   phi0.16   phi0.17   phi0.18   phi0.19   phi0.20
id 314.00000 315.00000 316.00000  416.0000 418.00000  420.0000    424.00
A  137.75320  15.04631  60.18522  121.8876  30.47191 1606.0149  37673.63
a  -97.61591 -16.84473 -97.63362 -118.4550 -35.12174 -943.3638 -22784.41
     phi0.21   phi0.22   phi0.23   phi0.24   phi0.25   phi0.26   phi0.27
id    425.00   427.000   429.000  431.0000   433.000 437.00000   438.000
A   21306.42  1575.543  3090.142  274.2472  4818.045  42.24925  2184.488
a  -14864.68 -1365.015 -1637.154 -293.2508 -4657.590 -41.74345 -1537.845
     phi0.28   phi0.29   phi0.30   phi0.31   phi0.32   phi0.33   phi0.34
id   459.000  604.0000 606.00000 609.00000  610.0000  630.0000  674.0000
A   4284.477  216.1634  47.51175 104.75383  212.6667  175.4926  125.3562
a  -2811.766 -147.3284 -36.20379 -58.68128 -233.7424 -170.5943 -141.1858
     phi0.35   phi0.36   phi0.37   phi0.38   phi0.39   phi0.40   phi0.41
id 675.00000 678.00000 681.00000  682.0000  683.0000  684.0000 702.00000
A   39.50190  20.38126  22.09631  344.5692  136.7927  433.3104  39.28025
a  -15.04953 -25.14590 -25.89121 -177.4097 -195.3101 -248.0323 -70.40223
     phi0.42   phi0.43   phi0.44   phi0.45   phi0.46   phi0.47   phi0.48
id   705.000   707.000   850.000 851.00000   858.000   866.000  872.0000
A   2433.352  2422.916  2618.718  20.95735  4453.474  4573.268  343.5981
a  -1969.087 -2369.258 -2556.970 -38.27554 -3474.700 -1452.453 -170.2015
     phi0.49   phi0.50   phi0.51  phi0.52   phi0.53   phi0.54   phi0.55
id   873.000 878.00000   883.000  885.000  891.0000   893.000   896.000
A   2413.715  37.29684  2489.976 4023.167  358.7824  4137.037  2463.589
a  -1934.717 -50.95024 -2654.034 -973.293 -606.1594 -5035.133 -2490.035
     phi0.56   phi0.57   phi0.58   phi0.59   phi0.60   phi0.61   phi0.62
id  899.0000   901.000  903.0000   908.000   947.000 971.00000 972.00000
A   168.9970  5048.942  354.8581  2226.737  2787.045  66.41647  96.48502
a  -145.0995 -3735.014 -790.7007 -2113.495 -2666.427 -77.52368 -62.78137
     phi0.63   phi0.64   phi0.65   phi0.66   phi0.67   phi0.68   phi0.69
id  973.0000 974.00000 976.00000 977.00000 980.00000 984.00000   986.000
A   118.3634  72.99489  13.97572  69.19960  19.03102  66.59056  3389.408
a  -201.3056 -78.98597 -12.90907 -78.84311 -20.63063 -65.30358 -4306.070
      phi0.70
id   999.0000
A    674.3869
a  -3526.4349
E =  0.00345 | E_L =  0.00345 | E_A =  0.00000 |  76 flippped triangles
        phi0    phi0.1    phi0.2    phi0.3    phi0.4    phi0.5    phi0.6
id    1.0000    6.0000   9.00000     75.00     77.00     94.00     95.00
A   564.9625  153.1600  62.20634  21251.31  20877.96  23230.46  30247.26
a  -188.4817 -262.2584 -63.46562 -20742.21 -18201.38 -19947.20 -29344.55
      phi0.7    phi0.8    phi0.9   phi0.10   phi0.11   phi0.12   phi0.13
id    157.00   240.000   242.000    243.00    244.00    247.00    270.00
A   26601.92  3351.543  6003.609  32081.10  11969.35  31280.79  36938.05
a  -11785.42 -1746.593 -6744.111 -21318.83 -13731.83 -33072.20 -29226.99
     phi0.14   phi0.15   phi0.16   phi0.17   phi0.18   phi0.19  phi0.20
id 309.00000 312.00000 313.00000  314.0000 315.00000 316.00000 416.0000
A  106.80002 163.57469  27.34940  137.7532  15.04631  60.18522 121.8876
a  -83.74083 -74.85952 -31.76667 -104.9655 -17.03966 -96.80149 -92.5967
     phi0.21   phi0.22   phi0.23   phi0.24   phi0.25   phi0.26   phi0.27
id 418.00000   420.000    424.00    425.00   427.000   429.000  431.0000
A   30.47191  1606.015  37673.63  21306.42  1575.543  3090.142  274.2472
a  -35.20181 -1115.843 -18400.89 -12505.26 -1458.423 -1001.239 -299.4763
     phi0.28   phi0.29   phi0.30   phi0.31   phi0.32   phi0.33   phi0.34
id   433.000 437.00000   438.000   459.000  604.0000 606.00000 609.00000
A   4818.045  42.24925  2184.488  4284.477  216.1634  47.51175 104.75383
a  -4804.674 -41.41332 -1517.610 -3359.250 -156.5256 -28.41890 -79.28706
     phi0.35   phi0.36   phi0.37   phi0.38   phi0.39   phi0.40   phi0.41
id  610.0000  630.0000  674.0000 675.00000 678.00000 681.00000  682.0000
A   212.6667  175.4926  125.3562  39.50190  20.38126  22.09631  344.5692
a  -274.2639 -167.6065 -139.0433 -38.84308 -26.24885 -25.35409 -295.3890
     phi0.42   phi0.43   phi0.44   phi0.45   phi0.46   phi0.47   phi0.48
id  683.0000  684.0000 702.00000   705.000   707.000   762.000   850.000
A   136.7927  433.3104  39.28025  2433.352  2422.916  6769.714  2618.718
a  -197.3914 -364.8343 -68.61739 -1971.270 -2173.410 -2449.108 -2147.336
     phi0.49   phi0.50   phi0.51   phi0.52   phi0.53   phi0.54   phi0.55
id 851.00000   858.000   866.000  872.0000   873.000 878.00000   883.000
A   20.95735  4453.474  4573.268  343.5981  2413.715  37.29684  2489.976
a  -30.55398 -4013.882 -3644.371 -208.7620 -2109.776 -52.78570 -2446.953
     phi0.56   phi0.57   phi0.58   phi0.59   phi0.60   phi0.61   phi0.62
id   885.000  891.0000   893.000   896.000  899.0000   901.000  903.0000
A   4023.167  358.7824  4137.037  2463.589  168.9970  5048.942  354.8581
a  -1053.891 -622.8342 -4718.278 -2503.845 -131.8832 -3474.097 -795.6449
     phi0.63   phi0.64   phi0.65   phi0.66   phi0.67   phi0.68   phi0.69
id   908.000   947.000 971.00000 972.00000  973.0000 974.00000 976.00000
A   2226.737  2787.045  66.41647  96.48502  118.3634  72.99489  13.97572
a  -2107.506 -2512.618 -85.02013 -74.90083 -208.1012 -75.37938 -13.89211
     phi0.70   phi0.71   phi0.72   phi0.73   phi0.74    phi0.75
id 977.00000 980.00000 984.00000  985.0000   986.000   999.0000
A   69.19960  19.03102  66.59056  737.3418  3389.408   674.3869
a  -81.35267 -20.30218 -64.97319 -244.3846 -5361.160 -3505.1107
E =  0.00340 | E_L =  0.00340 | E_A =  0.00000 |  76 flippped triangles
        phi0    phi0.1    phi0.2    phi0.3    phi0.4    phi0.5    phi0.6
id    1.0000    6.0000   9.00000     75.00     77.00     94.00     95.00
A   564.9625  153.1600  62.20634  21251.31  20877.96  23230.46  30247.26
a  -185.3186 -253.8268 -64.20930 -20406.05 -17905.51 -19586.59 -28775.42
      phi0.7    phi0.8    phi0.9   phi0.10   phi0.11   phi0.12   phi0.13
id    157.00   240.000   242.000    243.00    244.00    247.00    270.00
A   26601.92  3351.543  6003.609  32081.10  11969.35  31280.79  36938.05
a  -12643.08 -2329.765 -6850.863 -22340.07 -13727.43 -32844.62 -30365.44
     phi0.14   phi0.15   phi0.16   phi0.17   phi0.18   phi0.19   phi0.20
id 309.00000 312.00000 313.00000 314.00000 315.00000 316.00000  416.0000
A  106.80002 163.57469  27.34940 137.75320  15.04631  60.18522  121.8876
a  -80.28441 -87.97814 -32.74342 -99.88505 -17.39323 -95.78459 -100.3853
     phi0.21   phi0.22   phi0.23   phi0.24   phi0.25   phi0.26   phi0.27
id 418.00000   420.000    424.00    425.00   427.000   429.000  431.0000
A   30.47191  1606.015  37673.63  21306.42  1575.543  3090.142  274.2472
a  -35.20495 -1004.219 -15588.95 -10944.22 -1393.087 -1084.835 -298.0679
     phi0.28   phi0.29   phi0.30   phi0.31   phi0.32   phi0.33   phi0.34
id   433.000 437.00000   438.000   459.000  604.0000 606.00000 609.00000
A   4818.045  42.24925  2184.488  4284.477  216.1634  47.51175 104.75383
a  -4704.546 -41.60718 -1471.142 -3175.236 -116.0684 -35.65120 -92.17269
     phi0.35   phi0.36   phi0.37   phi0.38   phi0.39   phi0.40   phi0.41
id  610.0000  630.0000  674.0000 675.00000 678.00000 681.00000  682.0000
A   212.6667  175.4926  125.3562  39.50190  20.38126  22.09631  344.5692
a  -257.9802 -168.9823 -139.0172 -26.98603 -23.88136 -25.53191 -303.8991
     phi0.42   phi0.43   phi0.44   phi0.45   phi0.46   phi0.47   phi0.48
id  683.0000  684.0000 702.00000   705.000   707.000   762.000   850.000
A   136.7927  433.3104  39.28025  2433.352  2422.916  6769.714  2618.718
a  -202.3152 -317.5909 -69.54495 -1841.378 -2125.452 -2124.278 -2240.244
     phi0.49   phi0.50   phi0.51   phi0.52   phi0.53   phi0.54   phi0.55
id 851.00000   858.000   866.000  872.0000   873.000 878.00000   883.000
A   20.95735  4453.474  4573.268  343.5981  2413.715  37.29684  2489.976
a  -35.17913 -3799.408 -3278.684 -163.3733 -2110.512 -52.96367 -2490.945
    phi0.56   phi0.57   phi0.58   phi0.59   phi0.60   phi0.61   phi0.62
id  885.000  891.0000   893.000   896.000  899.0000   901.000  903.0000
A  4023.167  358.7824  4137.037  2463.589  168.9970  5048.942  354.8581
a  -762.193 -604.5589 -4816.550 -2498.789 -138.0394 -3337.685 -797.6851
     phi0.63   phi0.64   phi0.65   phi0.66   phi0.67   phi0.68   phi0.69
id   908.000   947.000 971.00000 972.00000  973.0000 974.00000 976.00000
A   2226.737  2787.045  66.41647  96.48502  118.3634  72.99489  13.97572
a  -2070.053 -2452.465 -81.72149 -70.93898 -205.0422 -76.89765 -13.87281
     phi0.70   phi0.71   phi0.72   phi0.73   phi0.74    phi0.75
id 977.00000 980.00000 984.00000  985.0000   986.000   999.0000
A   69.19960  19.03102  66.59056  737.3418  3389.408   674.3869
a  -79.96489 -20.89276 -64.72044 -426.8546 -5124.515 -3621.8872
E =  0.00339 | E_L =  0.00339 | E_A =  0.00000 |  74 flippped triangles
        phi0    phi0.1    phi0.2    phi0.3    phi0.4    phi0.5    phi0.6
id    1.0000    6.0000   9.00000   71.0000     75.00     77.00     94.00
A   564.9625  153.1600  62.20634 2775.3931  21251.31  20877.96  23230.46
a  -184.6246 -256.8746 -63.67402 -652.6212 -20601.68 -18144.66 -19864.67
      phi0.7    phi0.8    phi0.9   phi0.10   phi0.11   phi0.12   phi0.13
id     95.00    157.00   240.000   242.000    243.00    244.00    247.00
A   30247.26  26601.92  3351.543  6003.609  32081.10  11969.35  31280.79
a  -28958.87 -13799.09 -2478.537 -6849.112 -22021.86 -13826.28 -32515.74
     phi0.14   phi0.15   phi0.16   phi0.17   phi0.18   phi0.19   phi0.20
id    270.00 309.00000 312.00000 313.00000 314.00000 315.00000 316.00000
A   36938.05 106.80002 163.57469  27.34940 137.75320  15.04631  60.18522
a  -30392.29 -78.69551 -90.77888 -32.38924 -97.70628 -17.02037 -96.14498
     phi0.21   phi0.22   phi0.23   phi0.24   phi0.25   phi0.26   phi0.27
id 418.00000  420.0000   427.000  431.0000   433.000 437.00000  438.0000
A   30.47191 1606.0149  1575.543  274.2472  4818.045  42.24925 2184.4875
a  -32.23965 -513.5047 -1059.780 -268.8662 -4533.751 -39.03338 -358.0309
     phi0.28   phi0.29   phi0.30   phi0.31   phi0.32   phi0.33   phi0.34
id   459.000  604.0000 606.00000  609.0000  610.0000  630.0000  674.0000
A   4284.477  216.1634  47.51175  104.7538  212.6667  175.4926  125.3562
a  -2648.063 -124.7105 -32.62179 -103.7436 -254.6112 -170.3714 -139.9939
     phi0.35   phi0.36   phi0.37   phi0.38   phi0.39   phi0.40   phi0.41
id 675.00000 678.00000 681.00000  682.0000  683.0000  684.0000 702.00000
A   39.50190  20.38126  22.09631  344.5692  136.7927  433.3104  39.28025
a  -27.09781 -24.51274 -25.89031 -290.1001 -202.2785 -307.6712 -69.63896
     phi0.42   phi0.43   phi0.44   phi0.45   phi0.46   phi0.47   phi0.48
id   705.000   707.000   762.000   850.000 851.00000   856.000   858.000
A   2433.352  2422.916  6769.714  2618.718  20.95735  2775.393  4453.474
a  -1750.349 -2097.707 -1234.031 -2228.429 -34.45016 -1367.884 -2399.923
     phi0.49   phi0.50   phi0.51   phi0.52   phi0.53  phi0.54   phi0.55
id   866.000  872.0000   873.000 878.00000   883.000  885.000  891.0000
A   4573.268  343.5981  2413.715  37.29684  2489.976 4023.167  358.7824
a  -2822.711 -149.7833 -2088.148 -53.56061 -2491.039 -692.654 -608.0489
     phi0.56   phi0.57   phi0.58   phi0.59   phi0.60   phi0.61   phi0.62
id   893.000   896.000  899.0000   901.000  903.0000   908.000   947.000
A   4137.037  2463.589  168.9970  5048.942  354.8581  2226.737  2787.045
a  -4823.460 -2376.681 -113.7257 -3043.736 -793.5144 -1069.019 -2460.208
     phi0.63   phi0.64   phi0.65   phi0.66   phi0.67   phi0.68   phi0.69
id 971.00000 972.00000  973.0000 974.00000 976.00000 977.00000 980.00000
A   66.41647  96.48502  118.3634  72.99489  13.97572  69.19960  19.03102
a  -83.24807 -72.93472 -203.6268 -77.77275 -13.66329 -80.12839 -20.98628
     phi0.70   phi0.71   phi0.72    phi0.73
id 984.00000  985.0000   986.000   999.0000
A   66.59056  737.3418  3389.408   674.3869
a  -64.90844 -586.0609 -5213.737 -3633.0395
FIRE:  6  stops.  85 hits of maxmove.  61 hits of dtmax.
Frms = 0.00104586949943503; Ftanrms = 0.00104586942215053
E =  0.02929 | E_L =  0.00893 | E_A =  0.02037 |   2 flippped triangles
         phi0    phi0.1
id 602.000000 608.00000
A   82.809654 116.88324
a   -0.454926 -12.60699
FIRE:  13  stops.  31 hits of maxmove.  0 hits of dtmax.
Frms = 9.01611508851228e-06; Ftanrms = 9.01498159482502e-06
E =  0.00772 | E_L =  0.00771 | E_A =  0.00001 |   0 flippped triangles
E =  0.00604 | E_L =  0.00601 | E_A =  0.00003 |   0 flippped triangles
E =  0.00586 | E_L =  0.00585 | E_A =  0.00001 |   0 flippped triangles
E =  0.00586 | E_L =  0.00585 | E_A =  0.00001 |   0 flippped triangles
Optimising mapping with BFGS...
E =  0.00578 | E_L =  0.00577 | E_A =  0.00001 |   0 flippped triangles
E =  0.00577 | E_L =  0.00577 | E_A =  0.00000 |   0 flippped triangles
E =  0.00577 | E_L =  0.00577 | E_A =  0.00000 |   0 flippped triangles
Transforming image...
Mapping optimised. Error: 0.005769762 ; 0 flipped triangles.
Inferring coordinates of datapoints
Inferring coordinates of landmarks
Mapping optimised. Error: 0.005769762 ; 0 flipped triangles. OD displacement: 6.355032 degrees.
Computing Kernel Density estimates of datapoints

[1] 0.725
Saving developmental_retina/data/nAChR-B2/P8/GMB325-1/R-CONTRA/r.mat
