[1] "Adding old segment 1"
[1] "Storing new segment 1"
[1] "Adding old segment 2"
[1] "Adding old segment 3"
[1] "Adding old segment 4"
[1] "Adding old segment 5"
[1] "Intersection found. Old points:"
   X    Y 
-690 4599 
   X    Y 
-180 3949 
   X    Y 
-230 3979 
   X    Y 
 130 3799 
[1] "Point i+1 has been changed:"
   X    Y 
-690 4599 
        X         Y 
-186.4557 3957.2278 
   X    Y 
-230 3979 
   X    Y 
 130 3799 
[1] "a= 0.141319496177983"
[1] "l= 353.808224287951"
[1] "New points:"
   X    Y 
-690 4599 
        X         Y 
-186.4557 3957.2278 
         X          Y 
  85.27864 3821.36068 
   X    Y 
 130 3799 
[1] "Storing new segment 2"
simplify.outline: Removing vertex 26
simplify.outline: Removing vertex 32
Triangulating...
[1] "Non-adjacent points in rim connected by line: 6 4"
[1] "In triangle: 63" "In triangle: 66"
[1] "Other points in triangles: 5 79"
[1] "Non-adjacent points in rim connected by line: 48 39"
[1] "In triangle: 24" "In triangle: 37"
[1] "Other points in triangles: 49 40"
Stitching...
Tear 1 child of rim
Tear 2 child of rim
Tear 3 child of rim
Tear 4 child of rim
Tear 1 : Sf = 4458.83002295701 ; Sb = 4148.67029082291
  Forwards path
    i = 125 ; sf/Sf = 0.0455364757115854 ; sf = 203.03940504247
      k =    7 ; sb/Sb = 0 ; sb = 0
      k =    6 ; sb/Sb = 0.0678777866318986 ; sb = 281.602556806574
      Creating new point: f = 0.670859760918985
    i = 8 ; sf/Sf = 0.0910729514231708 ; sf = 406.078810084939
      k =    7 ; sb/Sb = 0 ; sb = 0
      k =    6 ; sb/Sb = 0.0678777866318986 ; sb = 281.602556806574
      k =    5 ; sb/Sb = 0.116086004200408 ; sb = 481.602556806575
      Creating new point: f = 0.481145455301462
    i = 9 ; sf/Sf = 0.124186622462915 ; sf = 553.727040687273
      k =    7 ; sb/Sb = 0 ; sb = 0
      k =    6 ; sb/Sb = 0.0678777866318986 ; sb = 281.602556806574
      k =    5 ; sb/Sb = 0.116086004200408 ; sb = 481.602556806575
      k =    4 ; sb/Sb = 0.150597835846678 ; sb = 624.780767439338
      Creating new point: f = 0.234720032988542
    i = 10 ; sf/Sf = 0.179168088941883 ; sf = 798.880054129898
      k =    7 ; sb/Sb = 0 ; sb = 0
      k =    6 ; sb/Sb = 0.0678777866318986 ; sb = 281.602556806574
      k =    5 ; sb/Sb = 0.116086004200408 ; sb = 481.602556806575
      k =    4 ; sb/Sb = 0.150597835846678 ; sb = 624.780767439338
      k =  201 ; sb/Sb = 0.219810634208215 ; sb = 911.921847746563
      Creating new point: f = 0.412788584937235
    i = 11 ; sf/Sf = 0.239514071981405 ; sf = 1067.95253507137
      k =    7 ; sb/Sb = 0 ; sb = 0
      k =    6 ; sb/Sb = 0.0678777866318986 ; sb = 281.602556806574
      k =    5 ; sb/Sb = 0.116086004200408 ; sb = 481.602556806575
      k =    4 ; sb/Sb = 0.150597835846678 ; sb = 624.780767439338
      k =  201 ; sb/Sb = 0.219810634208215 ; sb = 911.921847746563
      k =    3 ; sb/Sb = 0.289023432569751 ; sb = 1199.06292805379
      Creating new point: f = 0.284679109061129
    i = 12 ; sf/Sf = 0.33255403271503 ; sf = 1482.8019053252
      k =    7 ; sb/Sb = 0 ; sb = 0
      k =    6 ; sb/Sb = 0.0678777866318986 ; sb = 281.602556806574
      k =    5 ; sb/Sb = 0.116086004200408 ; sb = 481.602556806575
      k =    4 ; sb/Sb = 0.150597835846678 ; sb = 624.780767439338
      k =  201 ; sb/Sb = 0.219810634208215 ; sb = 911.921847746563
      k =    3 ; sb/Sb = 0.289023432569751 ; sb = 1199.06292805379
      k =   47 ; sb/Sb = 0.351902362667416 ; sb = 1459.9268772687
      Creating new point: f = 0.692292316005792
    i = 13 ; sf/Sf = 0.43888927788115 ; sf = 1956.93268897039
      k =    7 ; sb/Sb = 0 ; sb = 0
      k =    6 ; sb/Sb = 0.0678777866318986 ; sb = 281.602556806574
      k =    5 ; sb/Sb = 0.116086004200408 ; sb = 481.602556806575
      k =    4 ; sb/Sb = 0.150597835846678 ; sb = 624.780767439338
      k =  201 ; sb/Sb = 0.219810634208215 ; sb = 911.921847746563
      k =    3 ; sb/Sb = 0.289023432569751 ; sb = 1199.06292805379
      k =   47 ; sb/Sb = 0.351902362667416 ; sb = 1459.9268772687
      k =    2 ; sb/Sb = 0.414781292765081 ; sb = 1720.79082648361
      k =    1 ; sb/Sb = 0.426833347157208 ; sb = 1770.79082648361
      k =   44 ; sb/Sb = 0.500063612035087 ; sb = 2074.59905077156
      Creating new point: f = 0.164630439942372
    i = 75 ; sf/Sf = 0.518324738112846 ; sf = 2311.12190393889
      k =    7 ; sb/Sb = 0 ; sb = 0
      k =    6 ; sb/Sb = 0.0678777866318986 ; sb = 281.602556806574
      k =    5 ; sb/Sb = 0.116086004200408 ; sb = 481.602556806575
      k =    4 ; sb/Sb = 0.150597835846678 ; sb = 624.780767439338
      k =  201 ; sb/Sb = 0.219810634208215 ; sb = 911.921847746563
      k =    3 ; sb/Sb = 0.289023432569751 ; sb = 1199.06292805379
      k =   47 ; sb/Sb = 0.351902362667416 ; sb = 1459.9268772687
      k =    2 ; sb/Sb = 0.414781292765081 ; sb = 1720.79082648361
      k =    1 ; sb/Sb = 0.426833347157208 ; sb = 1770.79082648361
      k =   44 ; sb/Sb = 0.500063612035087 ; sb = 2074.59905077156
      k =  136 ; sb/Sb = 0.598376790346647 ; sb = 2482.4680128291
      Creating new point: f = 0.185744438247013
    i = 14 ; sf/Sf = 0.597760198344543 ; sf = 2665.31111890738
      k =    7 ; sb/Sb = 0 ; sb = 0
      k =    6 ; sb/Sb = 0.0678777866318986 ; sb = 281.602556806574
      k =    5 ; sb/Sb = 0.116086004200408 ; sb = 481.602556806575
      k =    4 ; sb/Sb = 0.150597835846678 ; sb = 624.780767439338
      k =  201 ; sb/Sb = 0.219810634208215 ; sb = 911.921847746563
      k =    3 ; sb/Sb = 0.289023432569751 ; sb = 1199.06292805379
      k =   47 ; sb/Sb = 0.351902362667416 ; sb = 1459.9268772687
      k =    2 ; sb/Sb = 0.414781292765081 ; sb = 1720.79082648361
      k =    1 ; sb/Sb = 0.426833347157208 ; sb = 1770.79082648361
      k =   44 ; sb/Sb = 0.500063612035087 ; sb = 2074.59905077156
      k =  136 ; sb/Sb = 0.598376790346647 ; sb = 2482.4680128291
      Creating new point: f = 0.99372828737008
    i = 15 ; sf/Sf = 0.65697025441073 ; sf = 2929.31869455627
      k =    7 ; sb/Sb = 0 ; sb = 0
      k =    6 ; sb/Sb = 0.0678777866318986 ; sb = 281.602556806574
      k =    5 ; sb/Sb = 0.116086004200408 ; sb = 481.602556806575
      k =    4 ; sb/Sb = 0.150597835846678 ; sb = 624.780767439338
      k =  201 ; sb/Sb = 0.219810634208215 ; sb = 911.921847746563
      k =    3 ; sb/Sb = 0.289023432569751 ; sb = 1199.06292805379
      k =   47 ; sb/Sb = 0.351902362667416 ; sb = 1459.9268772687
      k =    2 ; sb/Sb = 0.414781292765081 ; sb = 1720.79082648361
      k =    1 ; sb/Sb = 0.426833347157208 ; sb = 1770.79082648361
      k =   44 ; sb/Sb = 0.500063612035087 ; sb = 2074.59905077156
      k =  136 ; sb/Sb = 0.598376790346647 ; sb = 2482.4680128291
      k =   43 ; sb/Sb = 0.696689968658207 ; sb = 2890.33697488665
      Creating new point: f = 0.595987893692105
    i = 68 ; sf/Sf = 0.72443911453344 ; sf = 3230.15087368609
      k =    7 ; sb/Sb = 0 ; sb = 0
      k =    6 ; sb/Sb = 0.0678777866318986 ; sb = 281.602556806574
      k =    5 ; sb/Sb = 0.116086004200408 ; sb = 481.602556806575
      k =    4 ; sb/Sb = 0.150597835846678 ; sb = 624.780767439338
      k =  201 ; sb/Sb = 0.219810634208215 ; sb = 911.921847746563
      k =    3 ; sb/Sb = 0.289023432569751 ; sb = 1199.06292805379
      k =   47 ; sb/Sb = 0.351902362667416 ; sb = 1459.9268772687
      k =    2 ; sb/Sb = 0.414781292765081 ; sb = 1720.79082648361
      k =    1 ; sb/Sb = 0.426833347157208 ; sb = 1770.79082648361
      k =   44 ; sb/Sb = 0.500063612035087 ; sb = 2074.59905077156
      k =  136 ; sb/Sb = 0.598376790346647 ; sb = 2482.4680128291
      k =   43 ; sb/Sb = 0.696689968658207 ; sb = 2890.33697488665
      k =   90 ; sb/Sb = 0.793737074010145 ; sb = 3292.9534176706
      Creating new point: f = 0.285934812528426
    i = 16 ; sf/Sf = 0.79190797465615 ; sf = 3530.98305281592
      k =    7 ; sb/Sb = 0 ; sb = 0
      k =    6 ; sb/Sb = 0.0678777866318986 ; sb = 281.602556806574
      k =    5 ; sb/Sb = 0.116086004200408 ; sb = 481.602556806575
      k =    4 ; sb/Sb = 0.150597835846678 ; sb = 624.780767439338
      k =  201 ; sb/Sb = 0.219810634208215 ; sb = 911.921847746563
      k =    3 ; sb/Sb = 0.289023432569751 ; sb = 1199.06292805379
      k =   47 ; sb/Sb = 0.351902362667416 ; sb = 1459.9268772687
      k =    2 ; sb/Sb = 0.414781292765081 ; sb = 1720.79082648361
      k =    1 ; sb/Sb = 0.426833347157208 ; sb = 1770.79082648361
      k =   44 ; sb/Sb = 0.500063612035087 ; sb = 2074.59905077156
      k =  136 ; sb/Sb = 0.598376790346647 ; sb = 2482.4680128291
      k =   43 ; sb/Sb = 0.696689968658207 ; sb = 2890.33697488665
      k =   90 ; sb/Sb = 0.793737074010145 ; sb = 3292.9534176706
      Creating new point: f = 0.98115245841324
    i = 115 ; sf/Sf = 0.843930980992113 ; sf = 3762.94479535119
      k =    7 ; sb/Sb = 0 ; sb = 0
      k =    6 ; sb/Sb = 0.0678777866318986 ; sb = 281.602556806574
      k =    5 ; sb/Sb = 0.116086004200408 ; sb = 481.602556806575
      k =    4 ; sb/Sb = 0.150597835846678 ; sb = 624.780767439338
      k =  201 ; sb/Sb = 0.219810634208215 ; sb = 911.921847746563
      k =    3 ; sb/Sb = 0.289023432569751 ; sb = 1199.06292805379
      k =   47 ; sb/Sb = 0.351902362667416 ; sb = 1459.9268772687
      k =    2 ; sb/Sb = 0.414781292765081 ; sb = 1720.79082648361
      k =    1 ; sb/Sb = 0.426833347157208 ; sb = 1770.79082648361
      k =   44 ; sb/Sb = 0.500063612035087 ; sb = 2074.59905077156
      k =  136 ; sb/Sb = 0.598376790346647 ; sb = 2482.4680128291
      k =   43 ; sb/Sb = 0.696689968658207 ; sb = 2890.33697488665
      k =   90 ; sb/Sb = 0.793737074010145 ; sb = 3292.9534176706
      k =   42 ; sb/Sb = 0.890784179362084 ; sb = 3695.56986045455
      Creating new point: f = 0.517211789057906
    i = 80 ; sf/Sf = 0.895953987328075 ; sf = 3994.90653788646
      k =    7 ; sb/Sb = 0 ; sb = 0
      k =    6 ; sb/Sb = 0.0678777866318986 ; sb = 281.602556806574
      k =    5 ; sb/Sb = 0.116086004200408 ; sb = 481.602556806575
      k =    4 ; sb/Sb = 0.150597835846678 ; sb = 624.780767439338
      k =  201 ; sb/Sb = 0.219810634208215 ; sb = 911.921847746563
      k =    3 ; sb/Sb = 0.289023432569751 ; sb = 1199.06292805379
      k =   47 ; sb/Sb = 0.351902362667416 ; sb = 1459.9268772687
      k =    2 ; sb/Sb = 0.414781292765081 ; sb = 1720.79082648361
      k =    1 ; sb/Sb = 0.426833347157208 ; sb = 1770.79082648361
      k =   44 ; sb/Sb = 0.500063612035087 ; sb = 2074.59905077156
      k =  136 ; sb/Sb = 0.598376790346647 ; sb = 2482.4680128291
      k =   43 ; sb/Sb = 0.696689968658207 ; sb = 2890.33697488665
      k =   90 ; sb/Sb = 0.793737074010145 ; sb = 3292.9534176706
      k =   42 ; sb/Sb = 0.890784179362084 ; sb = 3695.56986045455
      k =   41 ; sb/Sb = 1 ; sb = 4148.67029082291
      Creating new point: f = 0.0473357059059306
    i = 131 ; sf/Sf = 0.947976993664037 ; sf = 4226.86828042174
      k =    7 ; sb/Sb = 0 ; sb = 0
      k =    6 ; sb/Sb = 0.0678777866318986 ; sb = 281.602556806574
      k =    5 ; sb/Sb = 0.116086004200408 ; sb = 481.602556806575
      k =    4 ; sb/Sb = 0.150597835846678 ; sb = 624.780767439338
      k =  201 ; sb/Sb = 0.219810634208215 ; sb = 911.921847746563
      k =    3 ; sb/Sb = 0.289023432569751 ; sb = 1199.06292805379
      k =   47 ; sb/Sb = 0.351902362667416 ; sb = 1459.9268772687
      k =    2 ; sb/Sb = 0.414781292765081 ; sb = 1720.79082648361
      k =    1 ; sb/Sb = 0.426833347157208 ; sb = 1770.79082648361
      k =   44 ; sb/Sb = 0.500063612035087 ; sb = 2074.59905077156
      k =  136 ; sb/Sb = 0.598376790346647 ; sb = 2482.4680128291
      k =   43 ; sb/Sb = 0.696689968658207 ; sb = 2890.33697488665
      k =   90 ; sb/Sb = 0.793737074010145 ; sb = 3292.9534176706
      k =   42 ; sb/Sb = 0.890784179362084 ; sb = 3695.56986045455
      k =   41 ; sb/Sb = 1 ; sb = 4148.67029082291
      Creating new point: f = 0.523667852952964
Tear 2 : Sf = 1223.80677775398 ; Sb = 1121.16858434928
  Forwards path
    i = 31 ; sf/Sf = 0.182714135772609 ; sf = 223.606797749979
      k =   30 ; sb/Sb = 0 ; sb = 0
      k =  323 ; sb/Sb = 0.303320594431405 ; sb = 340.073521462639
      Creating new point: f = 0.602379591518073
    i = 109 ; sf/Sf = 0.591357067886304 ; sf = 723.706787751978
      k =   30 ; sb/Sb = 0 ; sb = 0
      k =  323 ; sb/Sb = 0.303320594431405 ; sb = 340.073521462639
      k =   29 ; sb/Sb = 0.606641188862809 ; sb = 680.147042925278
      Creating new point: f = 0.949610671820171
Tear 3 : Sf = 828.552955459094 ; Sb = 967.757939385916
  Forwards path
    i = 266 ; sf/Sf = 0.5 ; sf = 414.276477729547
      k =   23 ; sb/Sb = 0 ; sb = 0
      k =  119 ; sb/Sb = 0.317187694433379 ; sb = 306.960909563417
      k =   22 ; sb/Sb = 0.634375388866758 ; sb = 613.921819126833
      Creating new point: f = 0.576353713510843
Tear 4 : Sf = 743.303437365925 ; Sb = 563.02753041037
  Forwards path
    i = 71 ; sf/Sf = 0.5 ; sf = 371.651718682963
      k =   37 ; sb/Sb = 0 ; sb = 0
      k =  291 ; sb/Sb = 0.5 ; sb = 281.513765205185
      k =   36 ; sb/Sb = 1 ; sb = 563.02753041037
      Creating new point: f = 0
      Point 291 already exists
Tear 1 : Sf = 4148.67029082291 ; Sb = 4458.83002295701
  Backwards path
    i = 6 ; sf/Sf = 0.0678777866318986 ; sf = 281.602556806574
      k =    7 ; sb/Sb = 0 ; sb = 0
      k =  125 ; sb/Sb = 0.0455364757115854 ; sb = 203.03940504247
      k =    8 ; sb/Sb = 0.0910729514231708 ; sb = 406.078810084939
      Creating new point: f = 0.49062450642462
    i = 5 ; sf/Sf = 0.116086004200408 ; sf = 481.602556806575
      k =    7 ; sb/Sb = 0 ; sb = 0
      k =  125 ; sb/Sb = 0.0455364757115854 ; sb = 203.03940504247
      k =    8 ; sb/Sb = 0.0910729514231708 ; sb = 406.078810084939
      k =    9 ; sb/Sb = 0.124186622462915 ; sb = 553.727040687273
      Creating new point: f = 0.755369368355902
    i = 4 ; sf/Sf = 0.150597835846678 ; sf = 624.780767439338
      k =    7 ; sb/Sb = 0 ; sb = 0
      k =  125 ; sb/Sb = 0.0455364757115854 ; sb = 203.03940504247
      k =    8 ; sb/Sb = 0.0910729514231708 ; sb = 406.078810084939
      k =    9 ; sb/Sb = 0.124186622462915 ; sb = 553.727040687273
      k =   10 ; sb/Sb = 0.179168088941883 ; sb = 798.880054129898
      Creating new point: f = 0.480365750045353
    i = 201 ; sf/Sf = 0.219810634208215 ; sf = 911.921847746563
      k =    7 ; sb/Sb = 0 ; sb = 0
      k =  125 ; sb/Sb = 0.0455364757115854 ; sb = 203.03940504247
      k =    8 ; sb/Sb = 0.0910729514231708 ; sb = 406.078810084939
      k =    9 ; sb/Sb = 0.124186622462915 ; sb = 553.727040687273
      k =   10 ; sb/Sb = 0.179168088941883 ; sb = 798.880054129898
      k =   11 ; sb/Sb = 0.239514071981405 ; sb = 1067.95253507137
      Creating new point: f = 0.673492140143186
    i = 3 ; sf/Sf = 0.289023432569751 ; sf = 1199.06292805379
      k =    7 ; sb/Sb = 0 ; sb = 0
      k =  125 ; sb/Sb = 0.0455364757115854 ; sb = 203.03940504247
      k =    8 ; sb/Sb = 0.0910729514231708 ; sb = 406.078810084939
      k =    9 ; sb/Sb = 0.124186622462915 ; sb = 553.727040687273
      k =   10 ; sb/Sb = 0.179168088941883 ; sb = 798.880054129898
      k =   11 ; sb/Sb = 0.239514071981405 ; sb = 1067.95253507137
      k =   12 ; sb/Sb = 0.33255403271503 ; sb = 1482.8019053252
      Creating new point: f = 0.532130067531873
    i = 47 ; sf/Sf = 0.351902362667416 ; sf = 1459.9268772687
      k =    7 ; sb/Sb = 0 ; sb = 0
      k =  125 ; sb/Sb = 0.0455364757115854 ; sb = 203.03940504247
      k =    8 ; sb/Sb = 0.0910729514231708 ; sb = 406.078810084939
      k =    9 ; sb/Sb = 0.124186622462915 ; sb = 553.727040687273
      k =   10 ; sb/Sb = 0.179168088941883 ; sb = 798.880054129898
      k =   11 ; sb/Sb = 0.239514071981405 ; sb = 1067.95253507137
      k =   12 ; sb/Sb = 0.33255403271503 ; sb = 1482.8019053252
      k =   13 ; sb/Sb = 0.43888927788115 ; sb = 1956.93268897039
      Creating new point: f = 0.181955944354665
    i = 2 ; sf/Sf = 0.414781292765081 ; sf = 1720.79082648361
      k =    7 ; sb/Sb = 0 ; sb = 0
      k =  125 ; sb/Sb = 0.0455364757115854 ; sb = 203.03940504247
      k =    8 ; sb/Sb = 0.0910729514231708 ; sb = 406.078810084939
      k =    9 ; sb/Sb = 0.124186622462915 ; sb = 553.727040687273
      k =   10 ; sb/Sb = 0.179168088941883 ; sb = 798.880054129898
      k =   11 ; sb/Sb = 0.239514071981405 ; sb = 1067.95253507137
      k =   12 ; sb/Sb = 0.33255403271503 ; sb = 1482.8019053252
      k =   13 ; sb/Sb = 0.43888927788115 ; sb = 1956.93268897039
      Creating new point: f = 0.773283213120854
    i = 1 ; sf/Sf = 0.426833347157208 ; sf = 1770.79082648361
      k =    7 ; sb/Sb = 0 ; sb = 0
      k =  125 ; sb/Sb = 0.0455364757115854 ; sb = 203.03940504247
      k =    8 ; sb/Sb = 0.0910729514231708 ; sb = 406.078810084939
      k =    9 ; sb/Sb = 0.124186622462915 ; sb = 553.727040687273
      k =   10 ; sb/Sb = 0.179168088941883 ; sb = 798.880054129898
      k =   11 ; sb/Sb = 0.239514071981405 ; sb = 1067.95253507137
      k =   12 ; sb/Sb = 0.33255403271503 ; sb = 1482.8019053252
      k =   13 ; sb/Sb = 0.43888927788115 ; sb = 1956.93268897039
      Creating new point: f = 0.886623379622555
    i = 44 ; sf/Sf = 0.500063612035087 ; sf = 2074.59905077156
      k =    7 ; sb/Sb = 0 ; sb = 0
      k =  125 ; sb/Sb = 0.0455364757115854 ; sb = 203.03940504247
      k =    8 ; sb/Sb = 0.0910729514231708 ; sb = 406.078810084939
      k =    9 ; sb/Sb = 0.124186622462915 ; sb = 553.727040687273
      k =   10 ; sb/Sb = 0.179168088941883 ; sb = 798.880054129898
      k =   11 ; sb/Sb = 0.239514071981405 ; sb = 1067.95253507137
      k =   12 ; sb/Sb = 0.33255403271503 ; sb = 1482.8019053252
      k =   13 ; sb/Sb = 0.43888927788115 ; sb = 1956.93268897039
      k =   75 ; sb/Sb = 0.518324738112846 ; sb = 2311.12190393889
      Creating new point: f = 0.770113674365389
    i = 136 ; sf/Sf = 0.598376790346647 ; sf = 2482.4680128291
      k =    7 ; sb/Sb = 0 ; sb = 0
      k =  125 ; sb/Sb = 0.0455364757115854 ; sb = 203.03940504247
      k =    8 ; sb/Sb = 0.0910729514231708 ; sb = 406.078810084939
      k =    9 ; sb/Sb = 0.124186622462915 ; sb = 553.727040687273
      k =   10 ; sb/Sb = 0.179168088941883 ; sb = 798.880054129898
      k =   11 ; sb/Sb = 0.239514071981405 ; sb = 1067.95253507137
      k =   12 ; sb/Sb = 0.33255403271503 ; sb = 1482.8019053252
      k =   13 ; sb/Sb = 0.43888927788115 ; sb = 1956.93268897039
      k =   75 ; sb/Sb = 0.518324738112846 ; sb = 2311.12190393889
      k =   14 ; sb/Sb = 0.597760198344543 ; sb = 2665.31111890738
      k =   15 ; sb/Sb = 0.65697025441073 ; sb = 2929.31869455627
      Creating new point: f = 0.0104136365183459
    i = 43 ; sf/Sf = 0.696689968658207 ; sf = 2890.33697488665
      k =    7 ; sb/Sb = 0 ; sb = 0
      k =  125 ; sb/Sb = 0.0455364757115854 ; sb = 203.03940504247
      k =    8 ; sb/Sb = 0.0910729514231708 ; sb = 406.078810084939
      k =    9 ; sb/Sb = 0.124186622462915 ; sb = 553.727040687273
      k =   10 ; sb/Sb = 0.179168088941883 ; sb = 798.880054129898
      k =   11 ; sb/Sb = 0.239514071981405 ; sb = 1067.95253507137
      k =   12 ; sb/Sb = 0.33255403271503 ; sb = 1482.8019053252
      k =   13 ; sb/Sb = 0.43888927788115 ; sb = 1956.93268897039
      k =   75 ; sb/Sb = 0.518324738112846 ; sb = 2311.12190393889
      k =   14 ; sb/Sb = 0.597760198344543 ; sb = 2665.31111890738
      k =   15 ; sb/Sb = 0.65697025441073 ; sb = 2929.31869455627
      k =   68 ; sb/Sb = 0.72443911453344 ; sb = 3230.15087368609
      Creating new point: f = 0.588711802381665
    i = 90 ; sf/Sf = 0.793737074010145 ; sf = 3292.9534176706
      k =    7 ; sb/Sb = 0 ; sb = 0
      k =  125 ; sb/Sb = 0.0455364757115854 ; sb = 203.03940504247
      k =    8 ; sb/Sb = 0.0910729514231708 ; sb = 406.078810084939
      k =    9 ; sb/Sb = 0.124186622462915 ; sb = 553.727040687273
      k =   10 ; sb/Sb = 0.179168088941883 ; sb = 798.880054129898
      k =   11 ; sb/Sb = 0.239514071981405 ; sb = 1067.95253507137
      k =   12 ; sb/Sb = 0.33255403271503 ; sb = 1482.8019053252
      k =   13 ; sb/Sb = 0.43888927788115 ; sb = 1956.93268897039
      k =   75 ; sb/Sb = 0.518324738112846 ; sb = 2311.12190393889
      k =   14 ; sb/Sb = 0.597760198344543 ; sb = 2665.31111890738
      k =   15 ; sb/Sb = 0.65697025441073 ; sb = 2929.31869455627
      k =   68 ; sb/Sb = 0.72443911453344 ; sb = 3230.15087368609
      k =   16 ; sb/Sb = 0.79190797465615 ; sb = 3530.98305281592
      k =  115 ; sb/Sb = 0.843930980992113 ; sb = 3762.94479535119
      Creating new point: f = 0.0351594320055849
    i = 42 ; sf/Sf = 0.890784179362084 ; sf = 3695.56986045455
      k =    7 ; sb/Sb = 0 ; sb = 0
      k =  125 ; sb/Sb = 0.0455364757115854 ; sb = 203.03940504247
      k =    8 ; sb/Sb = 0.0910729514231708 ; sb = 406.078810084939
      k =    9 ; sb/Sb = 0.124186622462915 ; sb = 553.727040687273
      k =   10 ; sb/Sb = 0.179168088941883 ; sb = 798.880054129898
      k =   11 ; sb/Sb = 0.239514071981405 ; sb = 1067.95253507137
      k =   12 ; sb/Sb = 0.33255403271503 ; sb = 1482.8019053252
      k =   13 ; sb/Sb = 0.43888927788115 ; sb = 1956.93268897039
      k =   75 ; sb/Sb = 0.518324738112846 ; sb = 2311.12190393889
      k =   14 ; sb/Sb = 0.597760198344543 ; sb = 2665.31111890738
      k =   15 ; sb/Sb = 0.65697025441073 ; sb = 2929.31869455627
      k =   68 ; sb/Sb = 0.72443911453344 ; sb = 3230.15087368609
      k =   16 ; sb/Sb = 0.79190797465615 ; sb = 3530.98305281592
      k =  115 ; sb/Sb = 0.843930980992113 ; sb = 3762.94479535119
      k =   80 ; sb/Sb = 0.895953987328075 ; sb = 3994.90653788646
      Creating new point: f = 0.900624582658587
Tear 2 : Sf = 1121.16858434928 ; Sb = 1223.80677775398
  Backwards path
    i = 323 ; sf/Sf = 0.303320594431405 ; sf = 340.073521462639
      k =   30 ; sb/Sb = 0 ; sb = 0
      k =   31 ; sb/Sb = 0.182714135772609 ; sb = 223.606797749979
      k =  109 ; sb/Sb = 0.591357067886304 ; sb = 723.706787751978
      Creating new point: f = 0.295138981200438
    i = 29 ; sf/Sf = 0.606641188862809 ; sf = 680.147042925278
      k =   30 ; sb/Sb = 0 ; sb = 0
      k =   31 ; sb/Sb = 0.182714135772609 ; sb = 223.606797749979
      k =  109 ; sb/Sb = 0.591357067886304 ; sb = 723.706787751978
      k =   32 ; sb/Sb = 1 ; sb = 1223.80677775398
      Creating new point: f = 0.0374021420056086
Tear 3 : Sf = 967.757939385916 ; Sb = 828.552955459094
  Backwards path
    i = 119 ; sf/Sf = 0.317187694433379 ; sf = 306.960909563417
      k =   23 ; sb/Sb = 0 ; sb = 0
      k =  266 ; sb/Sb = 0.5 ; sb = 414.276477729547
      Creating new point: f = 0.634375388866758
    i = 22 ; sf/Sf = 0.634375388866758 ; sf = 613.921819126833
      k =   23 ; sb/Sb = 0 ; sb = 0
      k =  266 ; sb/Sb = 0.5 ; sb = 414.276477729547
      k =   24 ; sb/Sb = 1 ; sb = 828.552955459094
      Creating new point: f = 0.268750777733517
Tear 4 : Sf = 563.02753041037 ; Sb = 743.303437365925
  Backwards path
    i = 291 ; sf/Sf = 0.5 ; sf = 281.513765205185
      k =   37 ; sb/Sb = 0 ; sb = 0
      k =   71 ; sb/Sb = 0.5 ; sb = 371.651718682963
      k =   38 ; sb/Sb = 1 ; sb = 743.303437365925
      Creating new point: f = 0
      Point 71 already exists
Triangulating...
[1] "Non-adjacent points in rim connected by line: 434 4"
[1] "In triangle: 328" "In triangle: 331"
[1] "Other points in triangles: 435 431"
[1] "Non-adjacent points in rim connected by line: 435 434"
[1] "In triangle: 328" "In triangle: 329"
[1] "Other points in triangles: 499 5"
Merging points...
Projecting to sphere...
Optimising mapping with FIRE...
E =  0.00950 | E_L =  0.00950 | E_A =  0.00000 |   0 flippped triangles
E =  0.00771 | E_L =  0.00771 | E_A =  0.00000 |  75 flippped triangles
        phi0    phi0.1    phi0.2    phi0.3    phi0.4    phi0.5    phi0.6
id     1.000   2.00000      9.00     11.00     12.00   13.0000   16.0000
A   3359.910  89.59036  24172.72  41161.44  16887.64 1281.0781  967.4616
a  -2951.005 -77.93676 -24298.14 -25490.05 -16808.89 -117.4721 -463.6825
      phi0.7    phi0.8    phi0.9   phi0.10   phi0.11   phi0.12   phi0.13
id    18.000   19.0000     39.00     46.00    48.000     50.00     53.00
A   5712.897  715.7074  44607.43  26286.59  5984.472  14247.76  24958.28
a  -5453.471 -672.3353 -28770.12 -15023.84 -5501.650 -11858.73 -15317.95
     phi0.14   phi0.15   phi0.16   phi0.17   phi0.18   phi0.19   phi0.20
id    56.000    62.000     64.00     67.00    69.000    70.000     71.00
A  13537.196  2146.462  21232.36  18925.24  2147.152  4873.260  30563.14
a  -6413.656 -2107.639 -12286.83 -15101.56 -2112.863 -4978.609 -20832.75
     phi0.21   phi0.22   phi0.23   phi0.24   phi0.25   phi0.26   phi0.27
id    75.000    84.000     86.00     88.00    96.000    140.00    176.00
A  44236.539 24231.596  15478.55  20288.36  1757.207  17401.51  29813.93
a  -4487.684 -5870.174 -16055.10 -19219.22 -1718.280 -17634.64 -17354.20
     phi0.28   phi0.29      phi0.30   phi0.31   phi0.32   phi0.33   phi0.34
id   177.000    180.00   184.000000    200.00   223.000 229.00000 231.00000
A   2860.904  41875.00 33444.547275  26505.13  5954.782 775.93029  77.55991
a  -3128.714 -29583.28    -7.008354 -19517.37 -5542.146 -56.74077 -82.11451
     phi0.35    phi0.36   phi0.37   phi0.38   phi0.39   phi0.40   phi0.41
id    232.00    237.000   241.000    244.00   248.000    249.00    250.00
A   16355.24   9880.677  7096.794  19635.28  4603.643  13668.02  17701.16
a  -18761.34 -11063.460 -4988.783 -17182.06 -3950.872 -11328.15 -14073.54
     phi0.42   phi0.43   phi0.44   phi0.45   phi0.46   phi0.47  phi0.48
id    251.00    254.00    255.00    256.00    259.00    261.00   265.00
A   15744.22  50787.14  36481.82  24746.36  39371.16  24557.76 45355.73
a  -12380.41 -37728.37 -34171.82 -23571.99 -33222.89 -18934.01 -4451.05
     phi0.49   phi0.50   phi0.51   phi0.52   phi0.53   phi0.54   phi0.55
id  272.0000   275.000    298.00   302.000  315.0000    318.00    323.00
A   619.6001  2128.389  35249.59 26995.608  440.2311  28853.12  14855.66
a  -654.3144 -1877.279 -25322.72 -6885.575 -417.0467 -27003.67 -15493.99
    phi0.56   phi0.57   phi0.58   phi0.59   phi0.60   phi0.61   phi0.62
id  325.000  326.0000    327.00  329.0000   331.000   332.000   333.000
A  6221.793  187.7278  18433.12  573.7303  2314.686  5072.411  2458.527
a  -832.370 -108.3741 -20109.77 -657.0232 -2382.466 -2018.110 -2545.820
     phi0.63   phi0.64   phi0.65   phi0.66   phi0.67   phi0.68   phi0.69
id    351.00   378.000    383.00    397.00    401.00    402.00    406.00
A   34761.04  9924.651  24218.74  26873.21  47004.18  30811.76  38956.58
a  -22135.35 -9408.470 -14051.48 -20983.00 -52461.32 -27485.33 -34372.06
     phi0.70   phi0.71   phi0.72   phi0.73   phi0.74
id   437.000    810.00    818.00   820.000   882.000
A   9746.310  32513.19  20822.64 15597.256  2057.073
a  -7366.739 -17073.42 -15680.64 -5393.328 -1990.770
E =  0.00765 | E_L =  0.00765 | E_A =  0.00000 |  71 flippped triangles
        phi0    phi0.1    phi0.2    phi0.3    phi0.4    phi0.5     phi0.6
id     1.000   2.00000      9.00     11.00    12.000   13.0000    16.0000
A   3359.910  89.59036  24172.72  41161.44 16887.643 1281.0781   967.4616
a  -3262.751 -76.75579 -20627.28 -21907.94 -6093.924 -913.6978 -1053.0510
      phi0.7    phi0.8    phi0.9   phi0.10   phi0.11   phi0.12   phi0.13
id    18.000   19.0000    48.000    50.000    62.000    64.000     67.00
A   5712.897  715.7074  5984.472 14247.759  2146.462 21232.363  18925.24
a  -5633.726 -621.4091 -5197.676 -8716.862 -2171.220 -9109.049 -14672.22
     phi0.14   phi0.15   phi0.16   phi0.17   phi0.18   phi0.19   phi0.20
id    69.000    70.000     86.00     88.00  93.00000    96.000    140.00
A   2147.152  4873.260  15478.55  20288.36 661.23354  1757.207  17401.51
a  -2533.928 -3380.397 -13552.73 -20197.86 -60.70714 -1614.233 -17822.33
     phi0.21   phi0.22   phi0.23   phi0.24   phi0.25   phi0.26   phi0.27
id   171.000    176.00   177.000    180.00    200.00  221.0000  229.0000
A   7793.262  29813.93  2860.904  41875.00  26505.13  766.2743  775.9303
a  -2066.436 -19402.77 -2837.879 -34895.12 -16818.17 -728.0686 -619.4465
     phi0.28   phi0.29   phi0.30   phi0.31   phi0.32   phi0.33   phi0.34
id 231.00000    232.00   237.000   241.000    244.00   248.000   249.000
A   77.55991  16355.24  9880.677  7096.794  19635.28  4603.643 13668.022
a  -71.18691 -13106.31 -7637.281 -5869.923 -19342.67 -3783.178 -8807.452
     phi0.35    phi0.36   phi0.37   phi0.38   phi0.39   phi0.40   phi0.41
id    250.00   251.0000    254.00    255.00   256.000    259.00    261.00
A   17701.16 15744.2193  50787.14  36481.82 24746.358  39371.16  24557.76
a  -12040.62  -524.0656 -33790.00 -16356.89 -8884.481 -28449.27 -14271.82
     phi0.42   phi0.43   phi0.44   phi0.45   phi0.46   phi0.47   phi0.48
id   265.000  272.0000   275.000    298.00  315.0000    318.00    323.00
A  45355.726  619.6001  2128.389  35249.59  440.2311  28853.12  14855.66
a  -1550.982 -589.8664 -2208.219 -18855.07 -369.9963 -23064.27 -14917.41
     phi0.49   phi0.50   phi0.51   phi0.52   phi0.53   phi0.54   phi0.55
id  326.0000    327.00  329.0000   331.000   332.000   333.000    351.00
A   187.7278  18433.12  573.7303  2314.686  5072.411  2458.527  34761.04
a  -111.1741 -14989.34 -624.9320 -2470.686 -4010.257 -2373.064 -19304.66
     phi0.56   phi0.57   phi0.58   phi0.59   phi0.60   phi0.61  phi0.62
id   378.000    383.00    397.00    401.00    402.00    406.00   437.00
A   9924.651  24218.74  26873.21  47004.18  30811.76  38956.58  9746.31
a  -9210.085 -10757.92 -18805.78 -48740.42 -27428.58 -34849.58 -6799.30
     phi0.63   phi0.64   phi0.65   phi0.66   phi0.67   phi0.68   phi0.69
id   474.000   551.000    810.00    818.00    820.00   825.000   882.000
A  23901.420  7822.413  32513.19  20822.64  15597.26 13501.145  2057.073
a  -6607.713 -6419.749 -21720.16 -11639.72 -12993.79 -7716.216 -2009.111
     phi0.70
id  884.0000
A  1258.1952
a  -184.6783
FIRE:  7  stops.  9 hits of maxmove.  0 hits of dtmax.
Frms = 3.62211555699391e-06; Ftanrms = 3.61806474800633e-06
E =  0.01390 | E_L =  0.01390 | E_A =  0.00000 |   0 flippped triangles
E =  0.01041 | E_L =  0.01033 | E_A =  0.00009 |   0 flippped triangles
E =  0.00948 | E_L =  0.00948 | E_A =  0.00000 |   0 flippped triangles
E =  0.00873 | E_L =  0.00873 | E_A =  0.00000 |   0 flippped triangles
E =  0.00848 | E_L =  0.00847 | E_A =  0.00000 |   0 flippped triangles
E =  0.00824 | E_L =  0.00824 | E_A =  0.00000 |   0 flippped triangles
E =  0.00802 | E_L =  0.00802 | E_A =  0.00000 |   0 flippped triangles
E =  0.00790 | E_L =  0.00790 | E_A =  0.00000 |   0 flippped triangles
E =  0.00790 | E_L =  0.00790 | E_A =  0.00000 |   0 flippped triangles
Optimising mapping with BFGS...
E =  0.00786 | E_L =  0.00786 | E_A =  0.00000 |   0 flippped triangles
E =  0.00786 | E_L =  0.00786 | E_A =  0.00000 |   0 flippped triangles
Transforming image...
Mapping optimised. Error: 0.007862925 ; 0 flipped triangles.
Inferring coordinates of datapoints
Inferring coordinates of landmarks
Mapping optimised. Error: 0.007862925 ; 0 flipped triangles. OD displacement: 7.985559 degrees.
Computing Kernel Density estimates of datapoints

[1] 0.775
Saving developmental_retina/data/C57BL6J/P6/AP/GM140-4/R-CONTRA/r.mat
