[1] "Adding old segment 1"
[1] "Intersection found. Old points:"
   X    Y 
 730 2149 
   X    Y 
 600 2079 
   X    Y 
 600 2099 
   X    Y 
 690 1969 
[1] "Point i+1 has been changed:"
   X    Y 
 730 2149 
        X         Y 
 610.0862 2084.4310 
   X    Y 
 600 2099 
   X    Y 
 690 1969 
[1] "a= 0.356140008329642"
[1] "l= 140.394223705752"
[1] "New points:"
   X    Y 
 730 2149 
        X         Y 
 610.0862 2084.4310 
        X         Y 
 661.5395 2010.1096 
   X    Y 
 690 1969 
[1] "Storing new segment 1"
[1] "Adding old segment 2"
[1] "Adding old segment 3"
[1] "Storing new segment 2"
Triangulating...
[1] "Non-adjacent points in rim connected by line: 43 1"
[1] "In triangle: 4"  "In triangle: 33"
[1] "Other points in triangles: 45 44"
[1] "Non-adjacent points in rim connected by line: 45 1"
[1] "In triangle: 45"  "In triangle: 778"
[1] "Other points in triangles: 46 437"
[1] "Non-adjacent points in rim connected by line: 46 45"
[1] "In triangle: 42" "In triangle: 45"
[1] "Other points in triangles: 40 438"
[1] "Non-adjacent points in rim connected by line: 51 34"
[1] "In triangle: 49" "In triangle: 87"
[1] "Other points in triangles: 35 90"
[1] "Non-adjacent points in rim connected by line: 435 434"
[1] "In triangle: 774" "In triangle: 777"
[1] "Other points in triangles: 32 436"
Stitching...
Tear 1 child of rim
Tear 2 child of backward side of tear 1
Tear 3 child of rim
Tear 4 child of forward side of tear 3
Tear 1 : Sf = 2153.05087448402 ; Sb = 2183.7190277452
  Forwards path
    i = 137 ; sf/Sf = 0.0869075023861127 ; sf = 187.116274011642
      k =   27 ; sb/Sb = 0 ; sb = 0
      k =   26 ; sb/Sb = 0.150631871540551 ; sb = 328.937684067971
      Creating new point: f = 0.576952948252502
    i = 100 ; sf/Sf = 0.173815004772225 ; sf = 374.232548023285
      k =   27 ; sb/Sb = 0 ; sb = 0
      k =   26 ; sb/Sb = 0.15063187154055 ; sb = 328.937684067971
      k =   24 ; sb/Sb = 0.15063187154055 ; sb = 328.937684067971
      k =  305 ; sb/Sb = 0.330250754815158 ; sb = 721.174857217074
      Creating new point: f = 0.129068463231852
    i = 28 ; sf/Sf = 0.347630009544451 ; sf = 748.465096046569
      k =   27 ; sb/Sb = 0 ; sb = 0
      k =   26 ; sb/Sb = 0.15063187154055 ; sb = 328.937684067971
      k =   24 ; sb/Sb = 0.15063187154055 ; sb = 328.937684067971
      k =  305 ; sb/Sb = 0.330250754815158 ; sb = 721.174857217074
      k =   23 ; sb/Sb = 0.509869638089765 ; sb = 1113.41203036618
      Creating new point: f = 0.0967562786966166
    i = 430 ; sf/Sf = 0.468856900100539 ; sf = 1009.47275876933
      k =   27 ; sb/Sb = 0 ; sb = 0
      k =   26 ; sb/Sb = 0.15063187154055 ; sb = 328.937684067971
      k =   24 ; sb/Sb = 0.15063187154055 ; sb = 328.937684067971
      k =  305 ; sb/Sb = 0.330250754815158 ; sb = 721.174857217074
      k =   23 ; sb/Sb = 0.509869638089765 ; sb = 1113.41203036618
      Creating new point: f = 0.771668004824832
    i = 412 ; sf/Sf = 0.590083790656626 ; sf = 1270.4804214921
      k =   27 ; sb/Sb = 0 ; sb = 0
      k =   26 ; sb/Sb = 0.15063187154055 ; sb = 328.937684067971
      k =   24 ; sb/Sb = 0.15063187154055 ; sb = 328.937684067971
      k =  305 ; sb/Sb = 0.330250754815158 ; sb = 721.174857217074
      k =   23 ; sb/Sb = 0.509869638089765 ; sb = 1113.41203036618
      k =  310 ; sb/Sb = 0.690173119192253 ; sb = 1507.14417281838
      Creating new point: f = 0.444884103603445
    i = 29 ; sf/Sf = 0.832537571768802 ; sf = 1792.49574693762
      k =   27 ; sb/Sb = 0 ; sb = 0
      k =   26 ; sb/Sb = 0.15063187154055 ; sb = 328.937684067971
      k =   24 ; sb/Sb = 0.15063187154055 ; sb = 328.937684067971
      k =  305 ; sb/Sb = 0.330250754815158 ; sb = 721.174857217074
      k =   23 ; sb/Sb = 0.509869638089765 ; sb = 1113.41203036618
      k =  310 ; sb/Sb = 0.690173119192253 ; sb = 1507.14417281838
      k =  315 ; sb/Sb = 0.780324859743498 ; sb = 1704.01024404448
      k =   22 ; sb/Sb = 0.870476600294742 ; sb = 1900.87631527058
      Creating new point: f = 0.579164769377087
Tear 2 : Sf = 270.739727413618 ; Sb = 250.798724079689
  Forwards path
Tear 3 : Sf = 4122.77568972542 ; Sb = 3828.71159529517
  Forwards path
    i = 5 ; sf/Sf = 0.0654898593374557 ; sf = 270
      k =    4 ; sb/Sb = 0 ; sb = 0
      k =    3 ; sb/Sb = 0.0975166409793542 ; sb = 373.363094051889
      Creating new point: f = 0.671576242575059
    i = 6 ; sf/Sf = 0.125396533697665 ; sf = 516.981780704569
      k =    4 ; sb/Sb = 0 ; sb = 0
      k =    3 ; sb/Sb = 0.0975166409793542 ; sb = 373.363094051889
      k =  112 ; sb/Sb = 0.193419722268097 ; sb = 740.548333406633
      Creating new point: f = 0.290709040248363
    i = 7 ; sf/Sf = 0.186035292343458 ; sf = 766.981780704569
      k =    4 ; sb/Sb = 0 ; sb = 0
      k =    3 ; sb/Sb = 0.0975166409793542 ; sb = 373.363094051889
      k =  112 ; sb/Sb = 0.193419722268097 ; sb = 740.548333406633
    i = 9 ; sf/Sf = 0.186035292343458 ; sf = 766.981780704569
      k =    4 ; sb/Sb = 0 ; sb = 0
      k =    3 ; sb/Sb = 0.0975166409793542 ; sb = 373.363094051889
      k =  112 ; sb/Sb = 0.193419722268097 ; sb = 740.548333406633
      Creating new point: f = 0.923001119198598
    i = 277 ; sf/Sf = 0.264115788660209 ; sf = 1088.89015276097
      k =    4 ; sb/Sb = 0 ; sb = 0
      k =    3 ; sb/Sb = 0.0975166409793542 ; sb = 373.363094051889
      k =  112 ; sb/Sb = 0.193419722268097 ; sb = 740.548333406633
      k =    2 ; sb/Sb = 0.289322803556839 ; sb = 1107.73357276138
      Creating new point: f = 0.737161574394698
    i = 10 ; sf/Sf = 0.34219628497696 ; sf = 1410.79852481736
      k =    4 ; sb/Sb = 0 ; sb = 0
      k =    3 ; sb/Sb = 0.0975166409793542 ; sb = 373.363094051889
      k =  112 ; sb/Sb = 0.193419722268097 ; sb = 740.548333406633
      k =    2 ; sb/Sb = 0.289322803556839 ; sb = 1107.73357276138
      k =   47 ; sb/Sb = 0.363196926857791 ; sb = 1390.57628523599
      Creating new point: f = 0.715723978269392
    i = 11 ; sf/Sf = 0.422386314698987 ; sf = 1741.4040299137
      k =    4 ; sb/Sb = 0 ; sb = 0
      k =    3 ; sb/Sb = 0.0975166409793542 ; sb = 373.363094051889
      k =  112 ; sb/Sb = 0.193419722268097 ; sb = 740.548333406633
      k =    2 ; sb/Sb = 0.289322803556839 ; sb = 1107.73357276138
      k =   47 ; sb/Sb = 0.363196926857791 ; sb = 1390.57628523599
      k =    1 ; sb/Sb = 0.437071050158743 ; sb = 1673.41899771061
      Creating new point: f = 0.801219496034726
    i = 78 ; sf/Sf = 0.504872859458177 ; sf = 2081.47755137633
      k =    4 ; sb/Sb = 0 ; sb = 0
      k =    3 ; sb/Sb = 0.0975166409793542 ; sb = 373.363094051889
      k =  112 ; sb/Sb = 0.193419722268097 ; sb = 740.548333406633
      k =    2 ; sb/Sb = 0.289322803556839 ; sb = 1107.73357276138
      k =   47 ; sb/Sb = 0.363196926857791 ; sb = 1390.57628523599
      k =    1 ; sb/Sb = 0.437071050158743 ; sb = 1673.41899771061
      k =   46 ; sb/Sb = 0.442778361228659 ; sb = 1695.27064578196
      k =   40 ; sb/Sb = 0.451136264195109 ; sb = 1727.27064578196
      k =   45 ; sb/Sb = 0.45949416716156 ; sb = 1759.27064578196
      k =   43 ; sb/Sb = 0.46785207012801 ; sb = 1791.27064578196
      k =   42 ; sb/Sb = 0.48456787606091 ; sb = 1855.27064578196
      k =   41 ; sb/Sb = 0.517999487926711 ; sb = 1983.27064578196
      Creating new point: f = 0.607358791995249
    i = 12 ; sf/Sf = 0.587359404217368 ; sf = 2421.55107283897
      k =    4 ; sb/Sb = 0 ; sb = 0
      k =    3 ; sb/Sb = 0.0975166409793542 ; sb = 373.363094051889
      k =  112 ; sb/Sb = 0.193419722268097 ; sb = 740.548333406633
      k =    2 ; sb/Sb = 0.289322803556839 ; sb = 1107.73357276138
      k =   47 ; sb/Sb = 0.363196926857791 ; sb = 1390.57628523599
      k =    1 ; sb/Sb = 0.437071050158743 ; sb = 1673.41899771061
      k =   46 ; sb/Sb = 0.442778361228659 ; sb = 1695.27064578196
      k =   40 ; sb/Sb = 0.451136264195109 ; sb = 1727.27064578196
      k =   45 ; sb/Sb = 0.45949416716156 ; sb = 1759.27064578196
      k =   43 ; sb/Sb = 0.46785207012801 ; sb = 1791.27064578196
      k =   42 ; sb/Sb = 0.48456787606091 ; sb = 1855.27064578196
      k =   41 ; sb/Sb = 0.517999487926711 ; sb = 1983.27064578196
      k =   39 ; sb/Sb = 0.60257821696206 ; sb = 2307.09820635493
      Creating new point: f = 0.82006335495616
    i = 13 ; sf/Sf = 0.651395770859101 ; sf = 2685.55864848785
      k =    4 ; sb/Sb = 0 ; sb = 0
      k =    3 ; sb/Sb = 0.0975166409793542 ; sb = 373.363094051889
      k =  112 ; sb/Sb = 0.193419722268097 ; sb = 740.548333406633
      k =    2 ; sb/Sb = 0.289322803556839 ; sb = 1107.73357276138
      k =   47 ; sb/Sb = 0.363196926857791 ; sb = 1390.57628523599
      k =    1 ; sb/Sb = 0.437071050158743 ; sb = 1673.41899771061
      k =   46 ; sb/Sb = 0.442778361228659 ; sb = 1695.27064578196
      k =   40 ; sb/Sb = 0.451136264195109 ; sb = 1727.27064578196
      k =   45 ; sb/Sb = 0.45949416716156 ; sb = 1759.27064578196
      k =   43 ; sb/Sb = 0.46785207012801 ; sb = 1791.27064578196
      k =   42 ; sb/Sb = 0.48456787606091 ; sb = 1855.27064578196
      k =   41 ; sb/Sb = 0.517999487926711 ; sb = 1983.27064578196
      k =   39 ; sb/Sb = 0.60257821696206 ; sb = 2307.09820635493
      k =   38 ; sb/Sb = 0.690337752765468 ; sb = 2643.10415868316
      Creating new point: f = 0.556264951154685
    i = 303 ; sf/Sf = 0.718748482386638 ; sf = 2963.23877021067
      k =    4 ; sb/Sb = 0 ; sb = 0
      k =    3 ; sb/Sb = 0.0975166409793542 ; sb = 373.363094051889
      k =  112 ; sb/Sb = 0.193419722268097 ; sb = 740.548333406633
      k =    2 ; sb/Sb = 0.289322803556839 ; sb = 1107.73357276138
      k =   47 ; sb/Sb = 0.363196926857791 ; sb = 1390.57628523599
      k =    1 ; sb/Sb = 0.437071050158743 ; sb = 1673.41899771061
      k =   46 ; sb/Sb = 0.442778361228659 ; sb = 1695.27064578196
      k =   40 ; sb/Sb = 0.451136264195109 ; sb = 1727.27064578196
      k =   45 ; sb/Sb = 0.45949416716156 ; sb = 1759.27064578196
      k =   43 ; sb/Sb = 0.46785207012801 ; sb = 1791.27064578196
      k =   42 ; sb/Sb = 0.48456787606091 ; sb = 1855.27064578196
      k =   41 ; sb/Sb = 0.517999487926711 ; sb = 1983.27064578196
      k =   39 ; sb/Sb = 0.60257821696206 ; sb = 2307.09820635493
      k =   38 ; sb/Sb = 0.690337752765468 ; sb = 2643.10415868316
      k =   37 ; sb/Sb = 0.76407323198432 ; sb = 2925.41604295302
      Creating new point: f = 0.385306095819152
    i = 162 ; sf/Sf = 0.786101193914175 ; sf = 3240.91889193349
      k =    4 ; sb/Sb = 0 ; sb = 0
      k =    3 ; sb/Sb = 0.0975166409793542 ; sb = 373.363094051889
      k =  112 ; sb/Sb = 0.193419722268097 ; sb = 740.548333406633
      k =    2 ; sb/Sb = 0.289322803556839 ; sb = 1107.73357276138
      k =   47 ; sb/Sb = 0.363196926857791 ; sb = 1390.57628523599
      k =    1 ; sb/Sb = 0.437071050158743 ; sb = 1673.41899771061
      k =   46 ; sb/Sb = 0.442778361228659 ; sb = 1695.27064578196
      k =   40 ; sb/Sb = 0.451136264195109 ; sb = 1727.27064578196
      k =   45 ; sb/Sb = 0.45949416716156 ; sb = 1759.27064578196
      k =   43 ; sb/Sb = 0.46785207012801 ; sb = 1791.27064578196
      k =   42 ; sb/Sb = 0.48456787606091 ; sb = 1855.27064578196
      k =   41 ; sb/Sb = 0.517999487926711 ; sb = 1983.27064578196
      k =   39 ; sb/Sb = 0.60257821696206 ; sb = 2307.09820635493
      k =   38 ; sb/Sb = 0.690337752765468 ; sb = 2643.10415868316
      k =   37 ; sb/Sb = 0.76407323198432 ; sb = 2925.41604295302
      k =   88 ; sb/Sb = 0.818999648668865 ; sb = 3135.71345140115
      Creating new point: f = 0.401044948123364
    i = 403 ; sf/Sf = 0.853453905441713 ; sf = 3518.59901365631
      k =    4 ; sb/Sb = 0 ; sb = 0
      k =    3 ; sb/Sb = 0.0975166409793542 ; sb = 373.363094051889
      k =  112 ; sb/Sb = 0.193419722268097 ; sb = 740.548333406633
      k =    2 ; sb/Sb = 0.289322803556839 ; sb = 1107.73357276138
      k =   47 ; sb/Sb = 0.363196926857791 ; sb = 1390.57628523599
      k =    1 ; sb/Sb = 0.437071050158743 ; sb = 1673.41899771061
      k =   46 ; sb/Sb = 0.442778361228659 ; sb = 1695.27064578196
      k =   40 ; sb/Sb = 0.451136264195109 ; sb = 1727.27064578196
      k =   45 ; sb/Sb = 0.45949416716156 ; sb = 1759.27064578196
      k =   43 ; sb/Sb = 0.46785207012801 ; sb = 1791.27064578196
      k =   42 ; sb/Sb = 0.48456787606091 ; sb = 1855.27064578196
      k =   41 ; sb/Sb = 0.517999487926711 ; sb = 1983.27064578196
      k =   39 ; sb/Sb = 0.60257821696206 ; sb = 2307.09820635493
      k =   38 ; sb/Sb = 0.690337752765468 ; sb = 2643.10415868316
      k =   37 ; sb/Sb = 0.76407323198432 ; sb = 2925.41604295302
      k =   88 ; sb/Sb = 0.818999648668865 ; sb = 3135.71345140115
      k =   36 ; sb/Sb = 0.87392606535341 ; sb = 3346.01085984928
      Creating new point: f = 0.627280256979567
    i = 14 ; sf/Sf = 0.92080661696925 ; sf = 3796.27913537913
      k =    4 ; sb/Sb = 0 ; sb = 0
      k =    3 ; sb/Sb = 0.0975166409793542 ; sb = 373.363094051889
      k =  112 ; sb/Sb = 0.193419722268097 ; sb = 740.548333406633
      k =    2 ; sb/Sb = 0.289322803556839 ; sb = 1107.73357276138
      k =   47 ; sb/Sb = 0.363196926857791 ; sb = 1390.57628523599
      k =    1 ; sb/Sb = 0.437071050158743 ; sb = 1673.41899771061
      k =   46 ; sb/Sb = 0.442778361228659 ; sb = 1695.27064578196
      k =   40 ; sb/Sb = 0.451136264195109 ; sb = 1727.27064578196
      k =   45 ; sb/Sb = 0.45949416716156 ; sb = 1759.27064578196
      k =   43 ; sb/Sb = 0.46785207012801 ; sb = 1791.27064578196
      k =   42 ; sb/Sb = 0.48456787606091 ; sb = 1855.27064578196
      k =   41 ; sb/Sb = 0.517999487926711 ; sb = 1983.27064578196
      k =   39 ; sb/Sb = 0.60257821696206 ; sb = 2307.09820635493
      k =   38 ; sb/Sb = 0.690337752765468 ; sb = 2643.10415868316
      k =   37 ; sb/Sb = 0.76407323198432 ; sb = 2925.41604295302
      k =   88 ; sb/Sb = 0.818999648668865 ; sb = 3135.71345140115
      k =   36 ; sb/Sb = 0.87392606535341 ; sb = 3346.01085984928
      k =   51 ; sb/Sb = 0.933136776268398 ; sb = 3572.71159529517
      Creating new point: f = 0.79175795884547
Tear 4 : Sf = 494.064773081425 ; Sb = 848.999411071645
  Forwards path
    i = 423 ; sf/Sf = 0.5 ; sf = 247.032386540713
      k =    8 ; sb/Sb = 0 ; sb = 0
      k =   55 ; sb/Sb = 0.5 ; sb = 424.499705535822
      k =  233 ; sb/Sb = 0.75 ; sb = 636.749558303734
      Creating new point: f = 0
      Point 55 already exists
Tear 1 : Sf = 2183.7190277452 ; Sb = 2153.05087448402
  Backwards path
    i = 26 ; sf/Sf = 0.15063187154055 ; sf = 328.937684067971
      k =   27 ; sb/Sb = 0 ; sb = 0
      k =  137 ; sb/Sb = 0.0869075023861127 ; sb = 187.116274011642
      k =  100 ; sb/Sb = 0.173815004772225 ; sb = 374.232548023285
    i = 24 ; sf/Sf = 0.15063187154055 ; sf = 328.937684067971
      k =   27 ; sb/Sb = 0 ; sb = 0
      k =  137 ; sb/Sb = 0.0869075023861127 ; sb = 187.116274011642
      k =  100 ; sb/Sb = 0.173815004772225 ; sb = 374.232548023285
      Creating new point: f = 0.733243591230169
    i = 305 ; sf/Sf = 0.330250754815158 ; sf = 721.174857217074
      k =   27 ; sb/Sb = 0 ; sb = 0
      k =  137 ; sb/Sb = 0.0869075023861127 ; sb = 187.116274011642
      k =  100 ; sb/Sb = 0.173815004772225 ; sb = 374.232548023285
      k =   28 ; sb/Sb = 0.347630009544451 ; sb = 748.465096046569
      Creating new point: f = 0.900012920334079
    i = 23 ; sf/Sf = 0.509869638089765 ; sf = 1113.41203036618
      k =   27 ; sb/Sb = 0 ; sb = 0
      k =  137 ; sb/Sb = 0.0869075023861127 ; sb = 187.116274011642
      k =  100 ; sb/Sb = 0.173815004772225 ; sb = 374.232548023285
      k =   28 ; sb/Sb = 0.347630009544451 ; sb = 748.465096046569
      k =  430 ; sb/Sb = 0.468856900100539 ; sb = 1009.47275876933
      k =  412 ; sb/Sb = 0.590083790656626 ; sb = 1270.4804214921
      Creating new point: f = 0.33831386585183
    i = 310 ; sf/Sf = 0.690173119192253 ; sf = 1507.14417281838
      k =   27 ; sb/Sb = 0 ; sb = 0
      k =  137 ; sb/Sb = 0.0869075023861127 ; sb = 187.116274011642
      k =  100 ; sb/Sb = 0.173815004772225 ; sb = 374.232548023285
      k =   28 ; sb/Sb = 0.347630009544451 ; sb = 748.465096046569
      k =  430 ; sb/Sb = 0.468856900100539 ; sb = 1009.47275876933
      k =  412 ; sb/Sb = 0.590083790656626 ; sb = 1270.4804214921
      k =   29 ; sb/Sb = 0.832537571768802 ; sb = 1792.49574693762
      Creating new point: f = 0.412818179516528
    i = 315 ; sf/Sf = 0.780324859743498 ; sf = 1704.01024404448
      k =   27 ; sb/Sb = 0 ; sb = 0
      k =  137 ; sb/Sb = 0.0869075023861127 ; sb = 187.116274011642
      k =  100 ; sb/Sb = 0.173815004772225 ; sb = 374.232548023285
      k =   28 ; sb/Sb = 0.347630009544451 ; sb = 748.465096046569
      k =  430 ; sb/Sb = 0.468856900100539 ; sb = 1009.47275876933
      k =  412 ; sb/Sb = 0.590083790656626 ; sb = 1270.4804214921
      k =   29 ; sb/Sb = 0.832537571768802 ; sb = 1792.49574693762
      Creating new point: f = 0.784648802811836
    i = 22 ; sf/Sf = 0.870476600294742 ; sf = 1900.87631527058
      k =   27 ; sb/Sb = 0 ; sb = 0
      k =  137 ; sb/Sb = 0.0869075023861127 ; sb = 187.116274011642
      k =  100 ; sb/Sb = 0.173815004772225 ; sb = 374.232548023285
      k =   28 ; sb/Sb = 0.347630009544451 ; sb = 748.465096046569
      k =  430 ; sb/Sb = 0.468856900100539 ; sb = 1009.47275876933
      k =  412 ; sb/Sb = 0.590083790656626 ; sb = 1270.4804214921
      k =   29 ; sb/Sb = 0.832537571768802 ; sb = 1792.49574693762
      k =   30 ; sb/Sb = 1 ; sb = 2153.05087448402
      Creating new point: f = 0.226552480617094
Tear 2 : Sf = 250.798724079689 ; Sb = 270.739727413618
  Backwards path
Tear 3 : Sf = 3828.71159529517 ; Sb = 4122.77568972542
  Backwards path
    i = 3 ; sf/Sf = 0.0975166409793542 ; sf = 373.363094051889
      k =    4 ; sb/Sb = 0 ; sb = 0
      k =    5 ; sb/Sb = 0.0654898593374557 ; sb = 270
      k =    6 ; sb/Sb = 0.125396533697665 ; sb = 516.981780704569
      Creating new point: f = 0.534611242969798
    i = 112 ; sf/Sf = 0.193419722268097 ; sf = 740.548333406633
      k =    4 ; sb/Sb = 0 ; sb = 0
      k =    5 ; sb/Sb = 0.0654898593374557 ; sb = 270
      k =    6 ; sb/Sb = 0.125396533697665 ; sb = 516.981780704569
      k =    7 ; sb/Sb = 0.186035292343458 ; sb = 766.981780704569
      k =    9 ; sb/Sb = 0.186035292343458 ; sb = 766.981780704569
      k =  277 ; sb/Sb = 0.264115788660209 ; sb = 1088.89015276097
      Creating new point: f = 0.0945745771733121
    i = 2 ; sf/Sf = 0.289322803556839 ; sf = 1107.73357276138
      k =    4 ; sb/Sb = 0 ; sb = 0
      k =    5 ; sb/Sb = 0.0654898593374557 ; sb = 270
      k =    6 ; sb/Sb = 0.125396533697665 ; sb = 516.981780704569
      k =    7 ; sb/Sb = 0.186035292343458 ; sb = 766.981780704569
      k =    9 ; sb/Sb = 0.186035292343458 ; sb = 766.981780704569
      k =  277 ; sb/Sb = 0.264115788660209 ; sb = 1088.89015276097
      k =   10 ; sb/Sb = 0.34219628497696 ; sb = 1410.79852481736
      Creating new point: f = 0.322833691967996
    i = 47 ; sf/Sf = 0.363196926857791 ; sf = 1390.57628523599
      k =    4 ; sb/Sb = 0 ; sb = 0
      k =    5 ; sb/Sb = 0.0654898593374557 ; sb = 270
      k =    6 ; sb/Sb = 0.125396533697665 ; sb = 516.981780704569
      k =    7 ; sb/Sb = 0.186035292343458 ; sb = 766.981780704569
      k =    9 ; sb/Sb = 0.186035292343458 ; sb = 766.981780704569
      k =  277 ; sb/Sb = 0.264115788660209 ; sb = 1088.89015276097
      k =   10 ; sb/Sb = 0.34219628497696 ; sb = 1410.79852481736
      k =   11 ; sb/Sb = 0.422386314698987 ; sb = 1741.4040299137
      Creating new point: f = 0.261885947088787
    i = 1 ; sf/Sf = 0.437071050158743 ; sf = 1673.41899771061
      k =    4 ; sb/Sb = 0 ; sb = 0
      k =    5 ; sb/Sb = 0.0654898593374557 ; sb = 270
      k =    6 ; sb/Sb = 0.125396533697665 ; sb = 516.981780704569
      k =    7 ; sb/Sb = 0.186035292343458 ; sb = 766.981780704569
      k =    9 ; sb/Sb = 0.186035292343458 ; sb = 766.981780704569
      k =  277 ; sb/Sb = 0.264115788660209 ; sb = 1088.89015276097
      k =   10 ; sb/Sb = 0.34219628497696 ; sb = 1410.79852481736
      k =   11 ; sb/Sb = 0.422386314698987 ; sb = 1741.4040299137
      k =   78 ; sb/Sb = 0.504872859458177 ; sb = 2081.47755137633
      Creating new point: f = 0.178025828365418
    i = 46 ; sf/Sf = 0.442778361228659 ; sf = 1695.27064578196
      k =    4 ; sb/Sb = 0 ; sb = 0
      k =    5 ; sb/Sb = 0.0654898593374557 ; sb = 270
      k =    6 ; sb/Sb = 0.125396533697665 ; sb = 516.981780704569
      k =    7 ; sb/Sb = 0.186035292343458 ; sb = 766.981780704569
      k =    9 ; sb/Sb = 0.186035292343458 ; sb = 766.981780704569
      k =  277 ; sb/Sb = 0.264115788660209 ; sb = 1088.89015276097
      k =   10 ; sb/Sb = 0.34219628497696 ; sb = 1410.79852481736
      k =   11 ; sb/Sb = 0.422386314698987 ; sb = 1741.4040299137
      k =   78 ; sb/Sb = 0.504872859458177 ; sb = 2081.47755137633
      Creating new point: f = 0.247216641080123
    i = 40 ; sf/Sf = 0.451136264195109 ; sf = 1727.27064578196
      k =    4 ; sb/Sb = 0 ; sb = 0
      k =    5 ; sb/Sb = 0.0654898593374557 ; sb = 270
      k =    6 ; sb/Sb = 0.125396533697665 ; sb = 516.981780704569
      k =    7 ; sb/Sb = 0.186035292343458 ; sb = 766.981780704569
      k =    9 ; sb/Sb = 0.186035292343458 ; sb = 766.981780704569
      k =  277 ; sb/Sb = 0.264115788660209 ; sb = 1088.89015276097
      k =   10 ; sb/Sb = 0.34219628497696 ; sb = 1410.79852481736
      k =   11 ; sb/Sb = 0.422386314698987 ; sb = 1741.4040299137
      k =   78 ; sb/Sb = 0.504872859458177 ; sb = 2081.47755137633
      Creating new point: f = 0.348541081215787
    i = 45 ; sf/Sf = 0.45949416716156 ; sf = 1759.27064578196
      k =    4 ; sb/Sb = 0 ; sb = 0
      k =    5 ; sb/Sb = 0.0654898593374557 ; sb = 270
      k =    6 ; sb/Sb = 0.125396533697665 ; sb = 516.981780704569
      k =    7 ; sb/Sb = 0.186035292343458 ; sb = 766.981780704569
      k =    9 ; sb/Sb = 0.186035292343458 ; sb = 766.981780704569
      k =  277 ; sb/Sb = 0.264115788660209 ; sb = 1088.89015276097
      k =   10 ; sb/Sb = 0.34219628497696 ; sb = 1410.79852481736
      k =   11 ; sb/Sb = 0.422386314698987 ; sb = 1741.4040299137
      k =   78 ; sb/Sb = 0.504872859458177 ; sb = 2081.47755137633
      Creating new point: f = 0.449865521351449
    i = 43 ; sf/Sf = 0.46785207012801 ; sf = 1791.27064578196
      k =    4 ; sb/Sb = 0 ; sb = 0
      k =    5 ; sb/Sb = 0.0654898593374557 ; sb = 270
      k =    6 ; sb/Sb = 0.125396533697665 ; sb = 516.981780704569
      k =    7 ; sb/Sb = 0.186035292343458 ; sb = 766.981780704569
      k =    9 ; sb/Sb = 0.186035292343458 ; sb = 766.981780704569
      k =  277 ; sb/Sb = 0.264115788660209 ; sb = 1088.89015276097
      k =   10 ; sb/Sb = 0.34219628497696 ; sb = 1410.79852481736
      k =   11 ; sb/Sb = 0.422386314698987 ; sb = 1741.4040299137
      k =   78 ; sb/Sb = 0.504872859458177 ; sb = 2081.47755137633
      Creating new point: f = 0.551189961487111
    i = 42 ; sf/Sf = 0.48456787606091 ; sf = 1855.27064578196
      k =    4 ; sb/Sb = 0 ; sb = 0
      k =    5 ; sb/Sb = 0.0654898593374557 ; sb = 270
      k =    6 ; sb/Sb = 0.125396533697665 ; sb = 516.981780704569
      k =    7 ; sb/Sb = 0.186035292343458 ; sb = 766.981780704569
      k =    9 ; sb/Sb = 0.186035292343458 ; sb = 766.981780704569
      k =  277 ; sb/Sb = 0.264115788660209 ; sb = 1088.89015276097
      k =   10 ; sb/Sb = 0.34219628497696 ; sb = 1410.79852481736
      k =   11 ; sb/Sb = 0.422386314698987 ; sb = 1741.4040299137
      k =   78 ; sb/Sb = 0.504872859458177 ; sb = 2081.47755137633
      Creating new point: f = 0.753838841758437
    i = 41 ; sf/Sf = 0.517999487926711 ; sf = 1983.27064578196
      k =    4 ; sb/Sb = 0 ; sb = 0
      k =    5 ; sb/Sb = 0.0654898593374557 ; sb = 270
      k =    6 ; sb/Sb = 0.125396533697665 ; sb = 516.981780704569
      k =    7 ; sb/Sb = 0.186035292343458 ; sb = 766.981780704569
      k =    9 ; sb/Sb = 0.186035292343458 ; sb = 766.981780704569
      k =  277 ; sb/Sb = 0.264115788660209 ; sb = 1088.89015276097
      k =   10 ; sb/Sb = 0.34219628497696 ; sb = 1410.79852481736
      k =   11 ; sb/Sb = 0.422386314698987 ; sb = 1741.4040299137
      k =   78 ; sb/Sb = 0.504872859458177 ; sb = 2081.47755137633
      k =   12 ; sb/Sb = 0.587359404217368 ; sb = 2421.55107283897
      Creating new point: f = 0.159136602301087
    i = 39 ; sf/Sf = 0.60257821696206 ; sf = 2307.09820635493
      k =    4 ; sb/Sb = 0 ; sb = 0
      k =    5 ; sb/Sb = 0.0654898593374557 ; sb = 270
      k =    6 ; sb/Sb = 0.125396533697665 ; sb = 516.981780704569
      k =    7 ; sb/Sb = 0.186035292343458 ; sb = 766.981780704569
      k =    9 ; sb/Sb = 0.186035292343458 ; sb = 766.981780704569
      k =  277 ; sb/Sb = 0.264115788660209 ; sb = 1088.89015276097
      k =   10 ; sb/Sb = 0.34219628497696 ; sb = 1410.79852481736
      k =   11 ; sb/Sb = 0.422386314698987 ; sb = 1741.4040299137
      k =   78 ; sb/Sb = 0.504872859458177 ; sb = 2081.47755137633
      k =   12 ; sb/Sb = 0.587359404217368 ; sb = 2421.55107283897
      k =   13 ; sb/Sb = 0.651395770859101 ; sb = 2685.55864848785
      Creating new point: f = 0.237658904507153
    i = 38 ; sf/Sf = 0.690337752765468 ; sf = 2643.10415868316
      k =    4 ; sb/Sb = 0 ; sb = 0
      k =    5 ; sb/Sb = 0.0654898593374557 ; sb = 270
      k =    6 ; sb/Sb = 0.125396533697665 ; sb = 516.981780704569
      k =    7 ; sb/Sb = 0.186035292343458 ; sb = 766.981780704569
      k =    9 ; sb/Sb = 0.186035292343458 ; sb = 766.981780704569
      k =  277 ; sb/Sb = 0.264115788660209 ; sb = 1088.89015276097
      k =   10 ; sb/Sb = 0.34219628497696 ; sb = 1410.79852481736
      k =   11 ; sb/Sb = 0.422386314698987 ; sb = 1741.4040299137
      k =   78 ; sb/Sb = 0.504872859458177 ; sb = 2081.47755137633
      k =   12 ; sb/Sb = 0.587359404217368 ; sb = 2421.55107283897
      k =   13 ; sb/Sb = 0.651395770859101 ; sb = 2685.55864848785
      k =  303 ; sb/Sb = 0.718748482386638 ; sb = 2963.23877021067
      Creating new point: f = 0.578179868681991
    i = 37 ; sf/Sf = 0.76407323198432 ; sf = 2925.41604295302
      k =    4 ; sb/Sb = 0 ; sb = 0
      k =    5 ; sb/Sb = 0.0654898593374557 ; sb = 270
      k =    6 ; sb/Sb = 0.125396533697665 ; sb = 516.981780704569
      k =    7 ; sb/Sb = 0.186035292343458 ; sb = 766.981780704569
      k =    9 ; sb/Sb = 0.186035292343458 ; sb = 766.981780704569
      k =  277 ; sb/Sb = 0.264115788660209 ; sb = 1088.89015276097
      k =   10 ; sb/Sb = 0.34219628497696 ; sb = 1410.79852481736
      k =   11 ; sb/Sb = 0.422386314698987 ; sb = 1741.4040299137
      k =   78 ; sb/Sb = 0.504872859458177 ; sb = 2081.47755137633
      k =   12 ; sb/Sb = 0.587359404217368 ; sb = 2421.55107283897
      k =   13 ; sb/Sb = 0.651395770859101 ; sb = 2685.55864848785
      k =  303 ; sb/Sb = 0.718748482386638 ; sb = 2963.23877021067
      k =  162 ; sb/Sb = 0.786101193914175 ; sb = 3240.91889193349
      Creating new point: f = 0.672946174990305
    i = 88 ; sf/Sf = 0.818999648668865 ; sf = 3135.71345140115
      k =    4 ; sb/Sb = 0 ; sb = 0
      k =    5 ; sb/Sb = 0.0654898593374557 ; sb = 270
      k =    6 ; sb/Sb = 0.125396533697665 ; sb = 516.981780704569
      k =    7 ; sb/Sb = 0.186035292343458 ; sb = 766.981780704569
      k =    9 ; sb/Sb = 0.186035292343458 ; sb = 766.981780704569
      k =  277 ; sb/Sb = 0.264115788660209 ; sb = 1088.89015276097
      k =   10 ; sb/Sb = 0.34219628497696 ; sb = 1410.79852481736
      k =   11 ; sb/Sb = 0.422386314698987 ; sb = 1741.4040299137
      k =   78 ; sb/Sb = 0.504872859458177 ; sb = 2081.47755137633
      k =   12 ; sb/Sb = 0.587359404217368 ; sb = 2421.55107283897
      k =   13 ; sb/Sb = 0.651395770859101 ; sb = 2685.55864848785
      k =  303 ; sb/Sb = 0.718748482386638 ; sb = 2963.23877021067
      k =  162 ; sb/Sb = 0.786101193914175 ; sb = 3240.91889193349
      k =  403 ; sb/Sb = 0.853453905441713 ; sb = 3518.59901365631
      Creating new point: f = 0.488450338651008
    i = 36 ; sf/Sf = 0.87392606535341 ; sf = 3346.01085984928
      k =    4 ; sb/Sb = 0 ; sb = 0
      k =    5 ; sb/Sb = 0.0654898593374557 ; sb = 270
      k =    6 ; sb/Sb = 0.125396533697665 ; sb = 516.981780704569
      k =    7 ; sb/Sb = 0.186035292343458 ; sb = 766.981780704569
      k =    9 ; sb/Sb = 0.186035292343458 ; sb = 766.981780704569
      k =  277 ; sb/Sb = 0.264115788660209 ; sb = 1088.89015276097
      k =   10 ; sb/Sb = 0.34219628497696 ; sb = 1410.79852481736
      k =   11 ; sb/Sb = 0.422386314698987 ; sb = 1741.4040299137
      k =   78 ; sb/Sb = 0.504872859458177 ; sb = 2081.47755137633
      k =   12 ; sb/Sb = 0.587359404217368 ; sb = 2421.55107283897
      k =   13 ; sb/Sb = 0.651395770859101 ; sb = 2685.55864848785
      k =  303 ; sb/Sb = 0.718748482386638 ; sb = 2963.23877021067
      k =  162 ; sb/Sb = 0.786101193914175 ; sb = 3240.91889193349
      k =  403 ; sb/Sb = 0.853453905441713 ; sb = 3518.59901365631
      k =   14 ; sb/Sb = 0.92080661696925 ; sb = 3796.27913537913
      Creating new point: f = 0.303954502311714
    i = 51 ; sf/Sf = 0.933136776268398 ; sf = 3572.71159529517
      k =    4 ; sb/Sb = 0 ; sb = 0
      k =    5 ; sb/Sb = 0.0654898593374557 ; sb = 270
      k =    6 ; sb/Sb = 0.125396533697665 ; sb = 516.981780704569
      k =    7 ; sb/Sb = 0.186035292343458 ; sb = 766.981780704569
      k =    9 ; sb/Sb = 0.186035292343458 ; sb = 766.981780704569
      k =  277 ; sb/Sb = 0.264115788660209 ; sb = 1088.89015276097
      k =   10 ; sb/Sb = 0.34219628497696 ; sb = 1410.79852481736
      k =   11 ; sb/Sb = 0.422386314698987 ; sb = 1741.4040299137
      k =   78 ; sb/Sb = 0.504872859458177 ; sb = 2081.47755137633
      k =   12 ; sb/Sb = 0.587359404217368 ; sb = 2421.55107283897
      k =   13 ; sb/Sb = 0.651395770859101 ; sb = 2685.55864848785
      k =  303 ; sb/Sb = 0.718748482386638 ; sb = 2963.23877021067
      k =  162 ; sb/Sb = 0.786101193914175 ; sb = 3240.91889193349
      k =  403 ; sb/Sb = 0.853453905441713 ; sb = 3518.59901365631
      k =   14 ; sb/Sb = 0.92080661696925 ; sb = 3796.27913537913
      k =   15 ; sb/Sb = 1 ; sb = 4122.77568972542
      Creating new point: f = 0.155696837630493
Tear 4 : Sf = 848.999411071645 ; Sb = 494.064773081425
  Backwards path
    i = 55 ; sf/Sf = 0.5 ; sf = 424.499705535822
      k =    8 ; sb/Sb = 0 ; sb = 0
      k =  423 ; sb/Sb = 0.5 ; sb = 247.032386540713
      k =    9 ; sb/Sb = 1 ; sb = 494.064773081425
      Creating new point: f = 0
      Point 423 already exists
    i = 233 ; sf/Sf = 0.75 ; sf = 636.749558303734
      k =    8 ; sb/Sb = 0 ; sb = 0
      k =  423 ; sb/Sb = 0.5 ; sb = 247.032386540713
      k =    9 ; sb/Sb = 1 ; sb = 494.064773081425
      Creating new point: f = 0.5
Triangulating...
[1] "Non-adjacent points in rim connected by line: 43 1"
[1] "In triangle: 654" "In triangle: 655"
[1] "Other points in triangles: 438 437"
[1] "Non-adjacent points in rim connected by line: 46 45"
[1] "In triangle: 648" "In triangle: 657"
[1] "Other points in triangles: 439 438"
[1] "Non-adjacent points in rim connected by line: 470 469"
[1] "In triangle: 787" "In triangle: 791"
[1] "Other points in triangles: 160 10"
Merging points...
Projecting to sphere...
Optimising mapping with FIRE...
E =  0.00645 | E_L =  0.00645 | E_A =  0.00000 |   0 flippped triangles
E =  0.00644 | E_L =  0.00644 | E_A =  0.00000 |  53 flippped triangles
        phi0    phi0.1    phi0.2    phi0.3    phi0.4    phi0.5    phi0.6
id    58.000  101.0000    112.00    115.00    117.00    137.00   141.000
A   8140.582  745.7398  25700.87  25867.88  31827.35  24054.93 11912.709
a  -8440.928 -695.3495 -28832.86 -17526.59 -33521.83 -24837.06 -4412.184
      phi0.7    phi0.8    phi0.9   phi0.10   phi0.11   phi0.12   phi0.13
id    144.00    161.00  190.0000   208.000   213.000    215.00  510.0000
A   10886.71  21080.30  421.7528 19151.484 17272.353  35994.72  463.5576
a  -10715.00 -17617.27 -162.0441 -8334.441 -3378.168 -28932.43 -439.6551
     phi0.14   phi0.15   phi0.16   phi0.17   phi0.18  phi0.19   phi0.20
id   511.000  512.0000    527.00    528.00   538.000   604.00   608.000
A   9914.291  534.4905  23200.42  23011.23  3957.715 15621.84  3247.799
a  -3496.548 -590.1041 -20403.87 -18106.23 -2575.729 -5529.18 -2262.116
     phi0.21   phi0.22   phi0.23   phi0.24   phi0.25   phi0.26   phi0.27
id   621.000   622.000   633.000   637.000   638.000 639.00000  640.0000
A   6623.720  5334.544  4724.476  3767.289  4799.064  43.44785  158.1915
a  -7233.818 -3322.692 -4210.395 -3734.807 -4795.351 -50.91295 -171.8002
     phi0.28   phi0.29   phi0.30   phi0.31   phi0.32   phi0.33   phi0.34
id  641.0000  642.0000    643.00   645.000    646.00 652.00000 654.00000
A   124.6680  304.0558  21543.73  3102.466  15187.11  50.16858  39.24780
a  -124.1484 -327.2045 -22477.19 -3025.873 -14995.48 -55.28489 -62.11741
     phi0.35   phi0.36   phi0.37   phi0.38   phi0.39   phi0.40   phi0.41
id 655.00000  656.0000 659.00000   660.000   664.000   700.000   791.000
A   32.17661  107.2098  15.22173  2274.773  6298.470  1092.077  4187.072
a  -27.16558 -122.6163 -11.63643 -1814.377 -4674.615 -1041.423 -3809.371
     phi0.42   phi0.43   phi0.44   phi0.45   phi0.46   phi0.47   phi0.48
id   831.000    845.00    846.00    848.00    849.00   883.000 885.00000
A   5170.643  28417.29  27441.96  28225.21  21719.05  9004.631  16.32503
a  -1285.103 -26313.79 -14348.34 -27639.50 -16404.01 -8933.010 -21.17640
      phi0.49   phi0.50   phi0.51  phi0.52
id 886.000000 887.00000 888.00000  890.000
A    9.253842  12.54215  17.96193 7078.371
a   -9.195918 -12.82765 -23.68891 -287.267
FIRE:  8  stops.  44 hits of maxmove.  0 hits of dtmax.
Frms = 7.20544822096178e-06; Ftanrms = 7.2021456539205e-06
E =  0.01409 | E_L =  0.01408 | E_A =  0.00002 |   0 flippped triangles
E =  0.01049 | E_L =  0.01048 | E_A =  0.00001 |   0 flippped triangles
E =  0.01002 | E_L =  0.01002 | E_A =  0.00000 |   0 flippped triangles
E =  0.00968 | E_L =  0.00968 | E_A =  0.00000 |   0 flippped triangles
E =  0.00961 | E_L =  0.00961 | E_A =  0.00000 |   0 flippped triangles
E =  0.00956 | E_L =  0.00956 | E_A =  0.00000 |   0 flippped triangles
E =  0.00953 | E_L =  0.00953 | E_A =  0.00000 |   0 flippped triangles
E =  0.00951 | E_L =  0.00951 | E_A =  0.00000 |   0 flippped triangles
E =  0.00949 | E_L =  0.00949 | E_A =  0.00000 |   0 flippped triangles
E =  0.00949 | E_L =  0.00949 | E_A =  0.00000 |   0 flippped triangles
E =  0.00948 | E_L =  0.00948 | E_A =  0.00000 |   0 flippped triangles
E =  0.00947 | E_L =  0.00947 | E_A =  0.00000 |   0 flippped triangles
E =  0.00947 | E_L =  0.00947 | E_A =  0.00000 |   0 flippped triangles
Optimising mapping with BFGS...
E =  0.00947 | E_L =  0.00947 | E_A =  0.00000 |   0 flippped triangles
Transforming image...
Mapping optimised. Error: 0.009474637 ; 0 flipped triangles.
Inferring coordinates of datapoints
Inferring coordinates of landmarks
Mapping optimised. Error: 0.009474637 ; 0 flipped triangles. OD displacement: 16.635 degrees.
Computing Kernel Density estimates of datapoints

[1] 0.7
Saving developmental_retina/data/nAChR-B2/P12/GMB297-3/R-CONTRA/r.mat
