[1] "Adding old segment 1"
[1] "Storing new segment 1"
[1] "Adding old segment 2"
[1] "Adding old segment 3"
[1] "Adding old segment 4"
[1] "Adding old segment 5"
[1] "Storing new segment 2"
simplify.outline: Removing vertex 1
simplify.outline: Removing vertex 25
simplify.outline: Removing vertex 34
Triangulating...
[1] "Non-adjacent points in rim connected by line: 49 40"
[1] "In triangle: 58" "In triangle: 65"
[1] "Other points in triangles: 52 53"
[1] "Non-adjacent points in rim connected by line: 51 50"
[1] "In triangle: 57" "In triangle: 59"
[1] "Other points in triangles: 39 53"
[1] "Non-adjacent points in rim connected by line: 53 40"
[1] "In triangle: 12"  "In triangle: 796"
[1] "Other points in triangles: 51 448"
[1] "Non-adjacent points in rim connected by line: 53 51"
[1] "In triangle: 12" "In triangle: 59"
[1] "Other points in triangles: 450 449"
[1] "Non-adjacent points in rim connected by line: 138 11"
[1] "In triangle: 215" "In triangle: 217"
[1] "Other points in triangles: 12 139"
Stitching...
Tear 1 child of rim
Tear 2 child of rim
Tear 3 child of rim
Tear 4 child of rim
Tear 5 child of forward side of tear 6
Tear 6 child of rim
Tear 1 : Sf = 1751.42361795848 ; Sb = 1753.45260942255
  Forwards path
    i = 210 ; sf/Sf = 0.252534649977718 ; sf = 442.295150323853
      k =   21 ; sb/Sb = 0 ; sb = 0
      k =  349 ; sb/Sb = 0.168456853733911 ; sb = 295.381109754839
      k =  243 ; sb/Sb = 0.336913707467822 ; sb = 590.762219509677
      Creating new point: f = 0.499105820749886
    i = 22 ; sf/Sf = 0.505069299955436 ; sf = 884.590300647707
      k =   21 ; sb/Sb = 0 ; sb = 0
      k =  349 ; sb/Sb = 0.168456853733911 ; sb = 295.381109754839
      k =  243 ; sb/Sb = 0.336913707467822 ; sb = 590.762219509677
      k =   20 ; sb/Sb = 0.673827414935644 ; sb = 1181.52443901935
      Creating new point: f = 0.499105820749886
    i = 240 ; sf/Sf = 0.628801974966577 ; sf = 1101.2986299754
      k =   21 ; sb/Sb = 0 ; sb = 0
      k =  349 ; sb/Sb = 0.168456853733911 ; sb = 295.381109754839
      k =  243 ; sb/Sb = 0.336913707467822 ; sb = 590.762219509677
      k =   20 ; sb/Sb = 0.673827414935644 ; sb = 1181.52443901935
      Creating new point: f = 0.866359133003317
    i = 229 ; sf/Sf = 0.752534649977718 ; sf = 1318.00695930309
      k =   21 ; sb/Sb = 0 ; sb = 0
      k =  349 ; sb/Sb = 0.168456853733911 ; sb = 295.381109754839
      k =  243 ; sb/Sb = 0.336913707467822 ; sb = 590.762219509677
      k =   20 ; sb/Sb = 0.673827414935644 ; sb = 1181.52443901935
      k =   19 ; sb/Sb = 0.883680471631976 ; sb = 1549.49182887884
      Creating new point: f = 0.375058797241956
Tear 2 : Sf = 1696.64131775772 ; Sb = 1750.05478848859
  Forwards path
    i = 313 ; sf/Sf = 0.120826952552899 ; sf = 205
      k =   27 ; sb/Sb = 0 ; sb = 0
      k =  343 ; sb/Sb = 0.133182824874544 ; sb = 233.077240416133
      Creating new point: f = 0.907226233312857
    i = 301 ; sf/Sf = 0.241653905105797 ; sf = 410
      k =   27 ; sb/Sb = 0 ; sb = 0
      k =  343 ; sb/Sb = 0.133182824874544 ; sb = 233.077240416133
      k =   26 ; sb/Sb = 0.266365649749088 ; sb = 466.154480832267
      Creating new point: f = 0.814452466625714
    i = 28 ; sf/Sf = 0.483307810211595 ; sf = 820
      k =   27 ; sb/Sb = 0 ; sb = 0
      k =  343 ; sb/Sb = 0.133182824874544 ; sb = 233.077240416133
      k =   26 ; sb/Sb = 0.266365649749088 ; sb = 466.154480832267
      k =  338 ; sb/Sb = 0.449774237311816 ; sb = 787.129557746347
      k =  330 ; sb/Sb = 0.633182824874544 ; sb = 1108.10463466043
      Creating new point: f = 0.182835347817666
    i = 312 ; sf/Sf = 0.741653905105797 ; sf = 1258.32065887886
      k =   27 ; sb/Sb = 0 ; sb = 0
      k =  343 ; sb/Sb = 0.133182824874544 ; sb = 233.077240416133
      k =   26 ; sb/Sb = 0.266365649749088 ; sb = 466.154480832267
      k =  338 ; sb/Sb = 0.449774237311816 ; sb = 787.129557746347
      k =  330 ; sb/Sb = 0.633182824874544 ; sb = 1108.10463466043
      k =  336 ; sb/Sb = 0.816591412437272 ; sb = 1429.07971157451
      Creating new point: f = 0.591417673908832
Tear 3 : Sf = 878.635305459552 ; Sb = 737.631344236401
  Forwards path
    i = 181 ; sf/Sf = 0.5 ; sf = 439.317652729776
      k =   31 ; sb/Sb = 0 ; sb = 0
      k =  316 ; sb/Sb = 0.5 ; sb = 368.815672118201
      k =   30 ; sb/Sb = 1 ; sb = 737.631344236401
      Creating new point: f = 0
      Point 316 already exists
Tear 4 : Sf = 1963.91825803447 ; Sb = 1769.45184899348
  Forwards path
    i = 128 ; sf/Sf = 0.146915870731727 ; sf = 288.53076092507
      k =   37 ; sb/Sb = 0 ; sb = 0
      k =  372 ; sb/Sb = 0.206123678756337 ; sb = 364.725924496738
      Creating new point: f = 0.712755912460687
    i = 38 ; sf/Sf = 0.293831741463453 ; sf = 577.06152185014
      k =   37 ; sb/Sb = 0 ; sb = 0
      k =  372 ; sb/Sb = 0.206123678756337 ; sb = 364.725924496738
      k =   36 ; sb/Sb = 0.412247357512674 ; sb = 729.451848993475
      Creating new point: f = 0.425511824921375
    i = 80 ; sf/Sf = 0.403311631048274 ; sf = 792.071075893368
      k =   37 ; sb/Sb = 0 ; sb = 0
      k =  372 ; sb/Sb = 0.206123678756337 ; sb = 364.725924496738
      k =   36 ; sb/Sb = 0.412247357512674 ; sb = 729.451848993475
      Creating new point: f = 0.956648714411103
    i = 46 ; sf/Sf = 0.512791520633095 ; sf = 1007.0806299366
      k =   37 ; sb/Sb = 0 ; sb = 0
      k =  372 ; sb/Sb = 0.206123678756337 ; sb = 364.725924496738
      k =   36 ; sb/Sb = 0.412247357512674 ; sb = 729.451848993475
      k =  404 ; sb/Sb = 0.706123678756337 ; sb = 1249.45184899348
      Creating new point: f = 0.342130875651788
    i = 47 ; sf/Sf = 0.643143178067254 ; sf = 1263.08062993659
      k =   37 ; sb/Sb = 0 ; sb = 0
      k =  372 ; sb/Sb = 0.206123678756337 ; sb = 364.725924496738
      k =   36 ; sb/Sb = 0.412247357512674 ; sb = 729.451848993475
      k =  404 ; sb/Sb = 0.706123678756337 ; sb = 1249.45184899348
      Creating new point: f = 0.785690455009935
    i = 48 ; sf/Sf = 0.708319006784333 ; sf = 1391.0806299366
      k =   37 ; sb/Sb = 0 ; sb = 0
      k =  372 ; sb/Sb = 0.206123678756337 ; sb = 364.725924496738
      k =   36 ; sb/Sb = 0.412247357512674 ; sb = 729.451848993475
      k =  404 ; sb/Sb = 0.706123678756337 ; sb = 1249.45184899348
      k =   35 ; sb/Sb = 1 ; sb = 1769.45184899348
      Creating new point: f = 0.00747024468900971
    i = 49 ; sf/Sf = 0.740906921142873 ; sf = 1455.0806299366
      k =   37 ; sb/Sb = 0 ; sb = 0
      k =  372 ; sb/Sb = 0.206123678756337 ; sb = 364.725924496738
      k =   36 ; sb/Sb = 0.412247357512674 ; sb = 729.451848993475
      k =  404 ; sb/Sb = 0.706123678756337 ; sb = 1249.45184899348
      k =   35 ; sb/Sb = 1 ; sb = 1769.45184899348
      Creating new point: f = 0.118360139528546
    i = 53 ; sf/Sf = 0.749053899732508 ; sf = 1471.0806299366
      k =   37 ; sb/Sb = 0 ; sb = 0
      k =  372 ; sb/Sb = 0.206123678756337 ; sb = 364.725924496738
      k =   36 ; sb/Sb = 0.412247357512674 ; sb = 729.451848993475
      k =  404 ; sb/Sb = 0.706123678756337 ; sb = 1249.45184899348
      k =   35 ; sb/Sb = 1 ; sb = 1769.45184899348
      Creating new point: f = 0.146082613238431
    i = 50 ; sf/Sf = 0.757200878322143 ; sf = 1487.08062993659
      k =   37 ; sb/Sb = 0 ; sb = 0
      k =  372 ; sb/Sb = 0.206123678756337 ; sb = 364.725924496738
      k =   36 ; sb/Sb = 0.412247357512674 ; sb = 729.451848993475
      k =  404 ; sb/Sb = 0.706123678756337 ; sb = 1249.45184899348
      k =   35 ; sb/Sb = 1 ; sb = 1769.45184899348
      Creating new point: f = 0.173805086948314
    i = 39 ; sf/Sf = 0.773494835501413 ; sf = 1519.0806299366
      k =   37 ; sb/Sb = 0 ; sb = 0
      k =  372 ; sb/Sb = 0.206123678756337 ; sb = 364.725924496738
      k =   36 ; sb/Sb = 0.412247357512674 ; sb = 729.451848993475
      k =  404 ; sb/Sb = 0.706123678756337 ; sb = 1249.45184899348
      k =   35 ; sb/Sb = 1 ; sb = 1769.45184899348
      Creating new point: f = 0.229250034368083
    i = 51 ; sf/Sf = 0.789788792680683 ; sf = 1551.0806299366
      k =   37 ; sb/Sb = 0 ; sb = 0
      k =  372 ; sb/Sb = 0.206123678756337 ; sb = 364.725924496738
      k =   36 ; sb/Sb = 0.412247357512674 ; sb = 729.451848993475
      k =  404 ; sb/Sb = 0.706123678756337 ; sb = 1249.45184899348
      k =   35 ; sb/Sb = 1 ; sb = 1769.45184899348
      Creating new point: f = 0.284694981787852
    i = 40 ; sf/Sf = 0.804046005212544 ; sf = 1579.0806299366
      k =   37 ; sb/Sb = 0 ; sb = 0
      k =  372 ; sb/Sb = 0.206123678756337 ; sb = 364.725924496738
      k =   36 ; sb/Sb = 0.412247357512674 ; sb = 729.451848993475
      k =  404 ; sb/Sb = 0.706123678756337 ; sb = 1249.45184899348
      k =   35 ; sb/Sb = 1 ; sb = 1769.45184899348
      Creating new point: f = 0.333209310780149
    i = 54 ; sf/Sf = 0.902023002606272 ; sf = 1771.49944398553
      k =   37 ; sb/Sb = 0 ; sb = 0
      k =  372 ; sb/Sb = 0.206123678756337 ; sb = 364.725924496738
      k =   36 ; sb/Sb = 0.412247357512674 ; sb = 729.451848993475
      k =  404 ; sb/Sb = 0.706123678756337 ; sb = 1249.45184899348
      k =   35 ; sb/Sb = 1 ; sb = 1769.45184899348
      Creating new point: f = 0.666604655390075
Tear 5 : Sf = 708.025423272357 ; Sb = 643.816744112795
  Forwards path
    i = 281 ; sf/Sf = 0.5 ; sf = 354.012711636178
      k =   13 ; sb/Sb = 0 ; sb = 0
      k =  138 ; sb/Sb = 0.60237132329825 ; sb = 387.816744112795
      Creating new point: f = 0.830052794117553
Tear 6 : Sf = 3026.67482855403 ; Sb = 3421.93765343802
  Forwards path
    i = 7 ; sf/Sf = 0.193020030182179 ; sf = 584.208866759141
      k =    6 ; sb/Sb = 0 ; sb = 0
      k =    5 ; sb/Sb = 0.103649742613812 ; sb = 354.682957019364
      k =    4 ; sb/Sb = 0.231965922647323 ; sb = 793.772925021367
      Creating new point: f = 0.696484944806079
    i = 8 ; sf/Sf = 0.311456594030022 ; sf = 942.67783333784
      k =    6 ; sb/Sb = 0 ; sb = 0
      k =    5 ; sb/Sb = 0.103649742613812 ; sb = 354.682957019364
      k =    4 ; sb/Sb = 0.231965922647323 ; sb = 793.772925021367
      k =    3 ; sb/Sb = 0.283667057515105 ; sb = 970.690985150908
      k =    2 ; sb/Sb = 0.388423193623706 ; sb = 1329.15995172961
      Creating new point: f = 0.265278365041137
    i = 9 ; sf/Sf = 0.434814111834556 ; sf = 1316.04092738973
      k =    6 ; sb/Sb = 0 ; sb = 0
      k =    5 ; sb/Sb = 0.103649742613812 ; sb = 354.682957019364
      k =    4 ; sb/Sb = 0.231965922647323 ; sb = 793.772925021367
      k =    3 ; sb/Sb = 0.283667057515105 ; sb = 970.690985150908
      k =    2 ; sb/Sb = 0.388423193623706 ; sb = 1329.15995172961
      k =    1 ; sb/Sb = 0.412521269294227 ; sb = 1411.62206424196
      k =   45 ; sb/Sb = 0.528313050224275 ; sb = 1807.85431936514
      Creating new point: f = 0.192525258366971
    i = 146 ; sf/Sf = 0.50272627932998 ; sf = 1521.58897530067
      k =    6 ; sb/Sb = 0 ; sb = 0
      k =    5 ; sb/Sb = 0.103649742613812 ; sb = 354.682957019364
      k =    4 ; sb/Sb = 0.231965922647323 ; sb = 793.772925021367
      k =    3 ; sb/Sb = 0.283667057515105 ; sb = 970.690985150908
      k =    2 ; sb/Sb = 0.388423193623706 ; sb = 1329.15995172961
      k =    1 ; sb/Sb = 0.412521269294227 ; sb = 1411.62206424196
      k =   45 ; sb/Sb = 0.528313050224275 ; sb = 1807.85431936514
      Creating new point: f = 0.779027745416986
    i = 10 ; sf/Sf = 0.570638446825403 ; sf = 1727.13702321162
      k =    6 ; sb/Sb = 0 ; sb = 0
      k =    5 ; sb/Sb = 0.103649742613812 ; sb = 354.682957019364
      k =    4 ; sb/Sb = 0.231965922647323 ; sb = 793.772925021367
      k =    3 ; sb/Sb = 0.283667057515105 ; sb = 970.690985150908
      k =    2 ; sb/Sb = 0.388423193623706 ; sb = 1329.15995172961
      k =    1 ; sb/Sb = 0.412521269294227 ; sb = 1411.62206424196
      k =   45 ; sb/Sb = 0.528313050224275 ; sb = 1807.85431936514
      k =  158 ; sb/Sb = 0.58995947761764 ; sb = 2018.80455046243
      Creating new point: f = 0.686583122344635
    i = 140 ; sf/Sf = 0.669935925268621 ; sf = 2027.67820175459
      k =    6 ; sb/Sb = 0 ; sb = 0
      k =    5 ; sb/Sb = 0.103649742613812 ; sb = 354.682957019364
      k =    4 ; sb/Sb = 0.231965922647323 ; sb = 793.772925021367
      k =    3 ; sb/Sb = 0.283667057515105 ; sb = 970.690985150908
      k =    2 ; sb/Sb = 0.388423193623706 ; sb = 1329.15995172961
      k =    1 ; sb/Sb = 0.412521269294227 ; sb = 1411.62206424196
      k =   45 ; sb/Sb = 0.528313050224275 ; sb = 1807.85431936514
      k =  158 ; sb/Sb = 0.58995947761764 ; sb = 2018.80455046243
      k =   44 ; sb/Sb = 0.651605905011005 ; sb = 2229.75478155972
      k =  278 ; sb/Sb = 0.738704428758254 ; sb = 2527.80049952929
      Creating new point: f = 0.21045156070392
    i = 11 ; sf/Sf = 0.769233403711839 ; sf = 2328.21938029757
      k =    6 ; sb/Sb = 0 ; sb = 0
      k =    5 ; sb/Sb = 0.103649742613812 ; sb = 354.682957019364
      k =    4 ; sb/Sb = 0.231965922647323 ; sb = 793.772925021367
      k =    3 ; sb/Sb = 0.283667057515105 ; sb = 970.690985150908
      k =    2 ; sb/Sb = 0.388423193623706 ; sb = 1329.15995172961
      k =    1 ; sb/Sb = 0.412521269294227 ; sb = 1411.62206424196
      k =   45 ; sb/Sb = 0.528313050224275 ; sb = 1807.85431936514
      k =  158 ; sb/Sb = 0.58995947761764 ; sb = 2018.80455046243
      k =   44 ; sb/Sb = 0.651605905011005 ; sb = 2229.75478155972
      k =  278 ; sb/Sb = 0.738704428758254 ; sb = 2527.80049952929
      k =  279 ; sb/Sb = 0.825802952505503 ; sb = 2825.84621749887
      Creating new point: f = 0.35051081970318
    i = 12 ; sf/Sf = 0.893604413422919 ; sf = 2704.64998479194
      k =    6 ; sb/Sb = 0 ; sb = 0
      k =    5 ; sb/Sb = 0.103649742613812 ; sb = 354.682957019364
      k =    4 ; sb/Sb = 0.231965922647323 ; sb = 793.772925021367
      k =    3 ; sb/Sb = 0.283667057515105 ; sb = 970.690985150908
      k =    2 ; sb/Sb = 0.388423193623706 ; sb = 1329.15995172961
      k =    1 ; sb/Sb = 0.412521269294227 ; sb = 1411.62206424196
      k =   45 ; sb/Sb = 0.528313050224275 ; sb = 1807.85431936514
      k =  158 ; sb/Sb = 0.58995947761764 ; sb = 2018.80455046243
      k =   44 ; sb/Sb = 0.651605905011005 ; sb = 2229.75478155972
      k =  278 ; sb/Sb = 0.738704428758254 ; sb = 2527.80049952929
      k =  279 ; sb/Sb = 0.825802952505503 ; sb = 2825.84621749887
      k =   43 ; sb/Sb = 1 ; sb = 3421.93765343802
    i = 14 ; sf/Sf = 0.893604413422919 ; sf = 2704.64998479194
      k =    6 ; sb/Sb = 0 ; sb = 0
      k =    5 ; sb/Sb = 0.103649742613812 ; sb = 354.682957019364
      k =    4 ; sb/Sb = 0.231965922647323 ; sb = 793.772925021367
      k =    3 ; sb/Sb = 0.283667057515105 ; sb = 970.690985150908
      k =    2 ; sb/Sb = 0.388423193623706 ; sb = 1329.15995172961
      k =    1 ; sb/Sb = 0.412521269294227 ; sb = 1411.62206424196
      k =   45 ; sb/Sb = 0.528313050224275 ; sb = 1807.85431936514
      k =  158 ; sb/Sb = 0.58995947761764 ; sb = 2018.80455046243
      k =   44 ; sb/Sb = 0.651605905011005 ; sb = 2229.75478155972
      k =  278 ; sb/Sb = 0.738704428758254 ; sb = 2527.80049952929
      k =  279 ; sb/Sb = 0.825802952505503 ; sb = 2825.84621749887
      k =   43 ; sb/Sb = 1 ; sb = 3421.93765343802
      Creating new point: f = 0.389222790469843
Tear 1 : Sf = 1753.45260942255 ; Sb = 1751.42361795848
  Backwards path
    i = 349 ; sf/Sf = 0.168456853733911 ; sf = 295.381109754839
      k =   21 ; sb/Sb = 0 ; sb = 0
      k =  210 ; sb/Sb = 0.252534649977718 ; sb = 442.295150323853
      Creating new point: f = 0.667064316713665
    i = 243 ; sf/Sf = 0.336913707467822 ; sf = 590.762219509677
      k =   21 ; sb/Sb = 0 ; sb = 0
      k =  210 ; sb/Sb = 0.252534649977718 ; sb = 442.295150323853
      k =   22 ; sb/Sb = 0.505069299955436 ; sb = 884.590300647707
      Creating new point: f = 0.334128633427329
    i = 20 ; sf/Sf = 0.673827414935644 ; sf = 1181.52443901935
      k =   21 ; sb/Sb = 0 ; sb = 0
      k =  210 ; sb/Sb = 0.252534649977718 ; sb = 442.295150323853
      k =   22 ; sb/Sb = 0.505069299955436 ; sb = 884.590300647707
      k =  240 ; sb/Sb = 0.628801974966577 ; sb = 1101.2986299754
      k =  229 ; sb/Sb = 0.752534649977718 ; sb = 1318.00695930309
      Creating new point: f = 0.363892884114987
    i = 19 ; sf/Sf = 0.883680471631976 ; sf = 1549.49182887884
      k =   21 ; sb/Sb = 0 ; sb = 0
      k =  210 ; sb/Sb = 0.252534649977718 ; sb = 442.295150323853
      k =   22 ; sb/Sb = 0.505069299955436 ; sb = 884.590300647707
      k =  240 ; sb/Sb = 0.628801974966577 ; sb = 1101.2986299754
      k =  229 ; sb/Sb = 0.752534649977718 ; sb = 1318.00695930309
      k =   23 ; sb/Sb = 1 ; sb = 1751.42361795848
      Creating new point: f = 0.529956301528474
Tear 2 : Sf = 1750.05478848859 ; Sb = 1696.64131775772
  Backwards path
    i = 343 ; sf/Sf = 0.133182824874544 ; sf = 233.077240416133
      k =   27 ; sb/Sb = 0 ; sb = 0
      k =  313 ; sb/Sb = 0.120826952552899 ; sb = 205
      k =  301 ; sb/Sb = 0.241653905105797 ; sb = 410
      Creating new point: f = 0.102260895111429
    i = 26 ; sf/Sf = 0.266365649749088 ; sf = 466.154480832267
      k =   27 ; sb/Sb = 0 ; sb = 0
      k =  313 ; sb/Sb = 0.120826952552899 ; sb = 205
      k =  301 ; sb/Sb = 0.241653905105797 ; sb = 410
      k =   28 ; sb/Sb = 0.483307810211595 ; sb = 820
      Creating new point: f = 0.102260895111429
    i = 338 ; sf/Sf = 0.449774237311816 ; sf = 787.129557746347
      k =   27 ; sb/Sb = 0 ; sb = 0
      k =  313 ; sb/Sb = 0.120826952552899 ; sb = 205
      k =  301 ; sb/Sb = 0.241653905105797 ; sb = 410
      k =   28 ; sb/Sb = 0.483307810211595 ; sb = 820
      Creating new point: f = 0.861233060210234
    i = 330 ; sf/Sf = 0.633182824874544 ; sf = 1108.10463466043
      k =   27 ; sb/Sb = 0 ; sb = 0
      k =  313 ; sb/Sb = 0.120826952552899 ; sb = 205
      k =  301 ; sb/Sb = 0.241653905105797 ; sb = 410
      k =   28 ; sb/Sb = 0.483307810211595 ; sb = 820
      k =  312 ; sb/Sb = 0.741653905105797 ; sb = 1258.32065887886
      Creating new point: f = 0.580132688765147
    i = 336 ; sf/Sf = 0.816591412437272 ; sf = 1429.07971157451
      k =   27 ; sb/Sb = 0 ; sb = 0
      k =  313 ; sb/Sb = 0.120826952552899 ; sb = 205
      k =  301 ; sb/Sb = 0.241653905105797 ; sb = 410
      k =   28 ; sb/Sb = 0.483307810211595 ; sb = 820
      k =  312 ; sb/Sb = 0.741653905105797 ; sb = 1258.32065887886
      k =   29 ; sb/Sb = 1 ; sb = 1696.64131775772
      Creating new point: f = 0.290066344382574
Tear 3 : Sf = 737.631344236401 ; Sb = 878.635305459552
  Backwards path
    i = 316 ; sf/Sf = 0.5 ; sf = 368.815672118201
      k =   31 ; sb/Sb = 0 ; sb = 0
      k =  181 ; sb/Sb = 0.5 ; sb = 439.317652729776
      k =   32 ; sb/Sb = 1 ; sb = 878.635305459552
      Creating new point: f = 0
      Point 181 already exists
Tear 4 : Sf = 1769.45184899348 ; Sb = 1963.91825803447
  Backwards path
    i = 372 ; sf/Sf = 0.206123678756337 ; sf = 364.725924496738
      k =   37 ; sb/Sb = 0 ; sb = 0
      k =  128 ; sb/Sb = 0.146915870731727 ; sb = 288.53076092507
      k =   38 ; sb/Sb = 0.293831741463453 ; sb = 577.06152185014
      Creating new point: f = 0.403004847125917
    i = 36 ; sf/Sf = 0.412247357512674 ; sf = 729.451848993475
      k =   37 ; sb/Sb = 0 ; sb = 0
      k =  128 ; sb/Sb = 0.146915870731727 ; sb = 288.53076092507
      k =   38 ; sb/Sb = 0.293831741463453 ; sb = 577.06152185014
      k =   80 ; sb/Sb = 0.403311631048274 ; sb = 792.071075893368
      k =   46 ; sb/Sb = 0.512791520633095 ; sb = 1007.0806299366
      Creating new point: f = 0.0816197979216722
    i = 404 ; sf/Sf = 0.706123678756337 ; sf = 1249.45184899348
      k =   37 ; sb/Sb = 0 ; sb = 0
      k =  128 ; sb/Sb = 0.146915870731727 ; sb = 288.53076092507
      k =   38 ; sb/Sb = 0.293831741463453 ; sb = 577.06152185014
      k =   80 ; sb/Sb = 0.403311631048274 ; sb = 792.071075893368
      k =   46 ; sb/Sb = 0.512791520633095 ; sb = 1007.0806299366
      k =   47 ; sb/Sb = 0.643143178067254 ; sb = 1263.0806299366
      k =   48 ; sb/Sb = 0.708319006784333 ; sb = 1391.0806299366
      Creating new point: f = 0.966316837526906
Tear 5 : Sf = 643.816744112795 ; Sb = 708.025423272357
  Backwards path
    i = 138 ; sf/Sf = 0.60237132329825 ; sf = 387.816744112795
      k =   13 ; sb/Sb = 0 ; sb = 0
      k =  281 ; sb/Sb = 0.5 ; sb = 354.012711636178
      k =   14 ; sb/Sb = 1 ; sb = 708.025423272357
      Creating new point: f = 0.2047426465965
Tear 6 : Sf = 3421.93765343802 ; Sb = 3026.67482855403
  Backwards path
    i = 5 ; sf/Sf = 0.103649742613812 ; sf = 354.682957019364
      k =    6 ; sb/Sb = 0 ; sb = 0
      k =    7 ; sb/Sb = 0.193020030182179 ; sb = 584.208866759141
      Creating new point: f = 0.536989567953047
    i = 4 ; sf/Sf = 0.231965922647323 ; sf = 793.772925021367
      k =    6 ; sb/Sb = 0 ; sb = 0
      k =    7 ; sb/Sb = 0.193020030182179 ; sb = 584.208866759141
      k =    8 ; sb/Sb = 0.311456594030022 ; sb = 942.67783333784
      Creating new point: f = 0.328833353483461
    i = 3 ; sf/Sf = 0.283667057515105 ; sf = 970.690985150908
      k =    6 ; sb/Sb = 0 ; sb = 0
      k =    7 ; sb/Sb = 0.193020030182179 ; sb = 584.208866759141
      k =    8 ; sb/Sb = 0.311456594030022 ; sb = 942.67783333784
      Creating new point: f = 0.765363536292576
    i = 2 ; sf/Sf = 0.388423193623706 ; sf = 1329.15995172961
      k =    6 ; sb/Sb = 0 ; sb = 0
      k =    7 ; sb/Sb = 0.193020030182179 ; sb = 584.208866759141
      k =    8 ; sb/Sb = 0.311456594030022 ; sb = 942.67783333784
      k =    9 ; sb/Sb = 0.434814111834556 ; sb = 1316.04092738973
      Creating new point: f = 0.623931163365669
    i = 1 ; sf/Sf = 0.412521269294227 ; sf = 1411.62206424196
      k =    6 ; sb/Sb = 0 ; sb = 0
      k =    7 ; sb/Sb = 0.193020030182179 ; sb = 584.208866759141
      k =    8 ; sb/Sb = 0.311456594030022 ; sb = 942.67783333784
      k =    9 ; sb/Sb = 0.434814111834556 ; sb = 1316.04092738973
      Creating new point: f = 0.819282659564751
    i = 45 ; sf/Sf = 0.528313050224275 ; sf = 1807.85431936514
      k =    6 ; sb/Sb = 0 ; sb = 0
      k =    7 ; sb/Sb = 0.193020030182179 ; sb = 584.208866759141
      k =    8 ; sb/Sb = 0.311456594030022 ; sb = 942.67783333784
      k =    9 ; sb/Sb = 0.434814111834556 ; sb = 1316.04092738973
      k =  146 ; sb/Sb = 0.50272627932998 ; sb = 1521.58897530067
      k =   10 ; sb/Sb = 0.570638446825403 ; sb = 1727.13702321162
      Creating new point: f = 0.37676268977896
    i = 158 ; sf/Sf = 0.58995947761764 ; sf = 2018.80455046243
      k =    6 ; sb/Sb = 0 ; sb = 0
      k =    7 ; sb/Sb = 0.193020030182179 ; sb = 584.208866759141
      k =    8 ; sb/Sb = 0.311456594030022 ; sb = 942.67783333784
      k =    9 ; sb/Sb = 0.434814111834556 ; sb = 1316.04092738973
      k =  146 ; sb/Sb = 0.50272627932998 ; sb = 1521.58897530067
      k =   10 ; sb/Sb = 0.570638446825403 ; sb = 1727.13702321162
      k =  140 ; sb/Sb = 0.669935925268621 ; sb = 2027.67820175459
      Creating new point: f = 0.194577255083927
    i = 44 ; sf/Sf = 0.651605905011005 ; sf = 2229.75478155972
      k =    6 ; sb/Sb = 0 ; sb = 0
      k =    7 ; sb/Sb = 0.193020030182179 ; sb = 584.208866759141
      k =    8 ; sb/Sb = 0.311456594030022 ; sb = 942.67783333784
      k =    9 ; sb/Sb = 0.434814111834556 ; sb = 1316.04092738973
      k =  146 ; sb/Sb = 0.50272627932998 ; sb = 1521.58897530067
      k =   10 ; sb/Sb = 0.570638446825403 ; sb = 1727.13702321162
      k =  140 ; sb/Sb = 0.669935925268621 ; sb = 2027.67820175459
      Creating new point: f = 0.815402963448888
    i = 278 ; sf/Sf = 0.738704428758254 ; sf = 2527.80049952929
      k =    6 ; sb/Sb = 0 ; sb = 0
      k =    7 ; sb/Sb = 0.193020030182179 ; sb = 584.208866759141
      k =    8 ; sb/Sb = 0.311456594030022 ; sb = 942.67783333784
      k =    9 ; sb/Sb = 0.434814111834556 ; sb = 1316.04092738973
      k =  146 ; sb/Sb = 0.50272627932998 ; sb = 1521.58897530067
      k =   10 ; sb/Sb = 0.570638446825403 ; sb = 1727.13702321162
      k =  140 ; sb/Sb = 0.669935925268621 ; sb = 2027.67820175459
      k =   11 ; sb/Sb = 0.769233403711839 ; sb = 2328.21938029757
      Creating new point: f = 0.692550350399456
    i = 279 ; sf/Sf = 0.825802952505503 ; sf = 2825.84621749887
      k =    6 ; sb/Sb = 0 ; sb = 0
      k =    7 ; sb/Sb = 0.193020030182179 ; sb = 584.208866759141
      k =    8 ; sb/Sb = 0.311456594030022 ; sb = 942.67783333784
      k =    9 ; sb/Sb = 0.434814111834556 ; sb = 1316.04092738973
      k =  146 ; sb/Sb = 0.50272627932998 ; sb = 1521.58897530067
      k =   10 ; sb/Sb = 0.570638446825403 ; sb = 1727.13702321162
      k =  140 ; sb/Sb = 0.669935925268621 ; sb = 2027.67820175459
      k =   11 ; sb/Sb = 0.769233403711839 ; sb = 2328.21938029757
      k =   12 ; sb/Sb = 0.893604413422919 ; sb = 2704.64998479194
      Creating new point: f = 0.454845135736035
Triangulating...
[1] "Non-adjacent points in rim connected by line: 49 40"
[1] "In triangle: 152" "In triangle: 160"
[1] "Other points in triangles: 450 448"
[1] "Non-adjacent points in rim connected by line: 51 50"
[1] "In triangle: 140" "In triangle: 144"
[1] "Other points in triangles: 451 449"
[1] "Non-adjacent points in rim connected by line: 505 138"
[1] "In triangle: 878" "In triangle: 923"
[1] "Other points in triangles: 452 12"
Merging points...
Projecting to sphere...
Optimising mapping with FIRE...
E =  0.00822 | E_L =  0.00822 | E_A =  0.00000 |   0 flippped triangles
E =  0.00553 | E_L =  0.00553 | E_A =  0.00000 |  32 flippped triangles
         phi0    phi0.1    phi0.2    phi0.3    phi0.4    phi0.5    phi0.6
id    25.0000   33.0000   41.0000     54.00     64.00     65.00  111.0000
A    979.6784  342.6530  154.4183  32997.20  22338.02  26892.36  362.0499
a  -1065.8536 -218.1633 -173.1767 -24187.76 -18965.27 -20164.36 -277.8566
      phi0.7    phi0.8     phi0.9   phi0.10     phi0.11    phi0.12   phi0.13
id 141.00000 142.00000 144.000000 148.00000 150.0000000  156.00000   307.000
A   20.38175  26.74735   7.366953  39.31059  50.9543804 1410.31481  5265.568
a  -44.98920 -28.90154  -5.867961 -92.85689  -0.5309446  -52.84408 -4780.549
     phi0.14   phi0.15   phi0.16   phi0.17   phi0.18   phi0.19   phi0.20
id    547.00    548.00    552.00   576.000   581.000    665.00   695.000
A   22878.80  25262.07  35663.22 32248.230 28319.564  29291.73  8858.002
a  -12470.39 -16064.32 -11638.47 -9252.825 -6830.517 -25923.36 -6864.601
     phi0.21   phi0.22   phi0.23   phi0.24   phi0.25   phi0.26   phi0.27
id   738.000    746.00    749.00    752.00   770.000   777.000    856.00
A  26229.277  21954.39  38624.08  30203.51  6396.419 12815.757  10901.79
a  -1246.696 -18214.42 -25193.55 -21375.37 -6898.030 -6135.533 -10211.41
     phi0.28   phi0.29    phi0.30    phi0.31
id   859.000    885.00   934.0000 945.000000
A   8119.916  19743.67 19669.7368   5.259837
a  -7154.094 -10414.49  -704.4847  -5.275469
E =  0.00439 | E_L =  0.00439 | E_A =  0.00000 |  27 flippped triangles
         phi0    phi0.1    phi0.2    phi0.3    phi0.4    phi0.5    phi0.6
id    25.0000   27.0000   33.0000   41.0000     54.00    58.000     64.00
A    979.6784  559.8162  342.6530  154.4183  32997.20 36167.419  22338.02
a  -1023.7854 -162.2537 -321.7428 -178.4762 -27936.72 -1678.239 -18648.04
      phi0.7    phi0.8    phi0.9   phi0.10    phi0.11   phi0.12   phi0.13
id     65.00  111.0000 141.00000 142.00000 144.000000 146.00000 148.00000
A   26892.36  362.0499  20.38175  26.74735   7.366953  21.90733  39.31059
a  -15973.09 -384.3635 -40.63324 -28.97430  -7.176998 -33.56231 -97.58729
     phi0.14   phi0.15   phi0.16   phi0.17   phi0.18   phi0.19   phi0.20
id   228.000   307.000   327.000   364.000    665.00   695.000    738.00
A  18753.984  5265.568  4943.968 14936.897  29291.73  8858.002  26229.28
a  -8159.768 -3988.472 -2505.765 -2920.822 -19500.47 -5767.720 -10385.67
     phi0.21   phi0.22   phi0.23   phi0.24   phi0.25    phi0.26
id    746.00    898.00    901.00    927.00    929.00 945.000000
A   21954.39  26859.53  30488.75  29611.48  34791.37   5.259837
a  -14129.17 -25001.30 -27356.44 -28062.17 -34691.16  -5.797448
E =  0.00438 | E_L =  0.00438 | E_A =  0.00000 |  26 flippped triangles
         phi0    phi0.1    phi0.2    phi0.3    phi0.4    phi0.5    phi0.6
id    25.0000   27.0000   33.0000   41.0000     53.00     54.00     58.00
A    979.6784  559.8162  342.6530  154.4183  32887.03  32997.20  36167.42
a  -1009.0295 -129.1265 -288.8724 -179.9460 -29019.21 -35614.66 -11456.49
      phi0.7    phi0.8    phi0.9   phi0.10   phi0.11    phi0.12   phi0.13
id     64.00     71.00  111.0000 141.00000 142.00000 144.000000 146.00000
A   22338.02  25665.41  362.0499  20.38175  26.74735   7.366953  21.90733
a  -14820.61 -22263.10 -312.5924 -43.77781 -29.53414  -7.333859 -21.64445
      phi0.14   phi0.15   phi0.16   phi0.17   phi0.18   phi0.19   phi0.20
id  148.00000   307.000   327.000   364.000   665.000   695.000   746.000
A    39.31059  5265.568  4943.968 14936.897 29291.731  8858.002 21954.391
a  -102.29603 -4531.201 -2073.312 -1537.584 -5049.319 -6678.810 -4603.824
     phi0.21   phi0.22   phi0.23   phi0.24    phi0.25
id    898.00    901.00    927.00    929.00 945.000000
A   26859.53  30488.75  29611.48  34791.37   5.259837
a  -23807.35 -27175.41 -26109.38 -32656.63  -5.406500
FIRE:  4  stops.  9 hits of maxmove.  0 hits of dtmax.
Frms = 9.26368982522929e-06; Ftanrms = 9.2629494832899e-06
E =  0.00651 | E_L =  0.00650 | E_A =  0.00001 |   0 flippped triangles
E =  0.00562 | E_L =  0.00561 | E_A =  0.00001 |   0 flippped triangles
E =  0.00502 | E_L =  0.00502 | E_A =  0.00000 |   0 flippped triangles
E =  0.00479 | E_L =  0.00479 | E_A =  0.00000 |   0 flippped triangles
E =  0.00466 | E_L =  0.00466 | E_A =  0.00000 |   0 flippped triangles
E =  0.00462 | E_L =  0.00462 | E_A =  0.00000 |   0 flippped triangles
E =  0.00445 | E_L =  0.00445 | E_A =  0.00000 |   0 flippped triangles
E =  0.00434 | E_L =  0.00434 | E_A =  0.00000 |   0 flippped triangles
E =  0.00434 | E_L =  0.00434 | E_A =  0.00000 |   0 flippped triangles
Optimising mapping with BFGS...
E =  0.00434 | E_L =  0.00434 | E_A =  0.00000 |   0 flippped triangles
Transforming image...
Mapping optimised. Error: 0.00433928 ; 0 flipped triangles.
Inferring coordinates of datapoints
Inferring coordinates of landmarks
Mapping optimised. Error: 0.00433928 ; 0 flipped triangles. OD displacement: 9.146413 degrees.
Computing Kernel Density estimates of datapoints

[1] 0.7
Saving developmental_retina/data/C57BL6J/P12/ML/GM346-4/R-CONTRA/r.mat
