[1] "Adding old segment 1"
[1] "Storing new segment 1"
[1] "Adding old segment 2"
[1] "Adding old segment 3"
[1] "Adding old segment 4"
[1] "Adding old segment 5"
[1] "Adding old segment 7"
[1] "Adding old segment 8"
[1] "Adding old segment 9"
[1] "Adding old segment 10"
[1] "Adding old segment 11"
[1] "Intersection found. Old points:"
   X    Y 
2250  909 
   X    Y 
2250  709 
   X    Y 
2250  739 
   X    Y 
2050  109 
[1] "Point i+1 has been changed:"
   X    Y 
2250  909 
   X    Y 
2250  739 
   X    Y 
2250  739 
   X    Y 
2050  109 
[1] "a= 0.0756447831067106"
[1] "l= 660.984114786422"
[1] "New points:"
   X    Y 
2250  909 
   X    Y 
2250  739 
        X         Y 
2065.1290  156.6562 
   X    Y 
2050  109 
[1] "Intersection found. Old points:"
    X     Y 
-4090 -2691 
    X     Y 
-3850 -2191 
    X     Y 
-3850 -2191 
    X     Y 
-3590 -2161 
[1] "Point i+1 has been changed:"
    X     Y 
-4090 -2691 
    X     Y 
-3850 -2191 
    X     Y 
-3850 -2191 
    X     Y 
-3590 -2161 
[1] "a= 0.191040179975218"
[1] "l= 261.725046566048"
[1] "New points:"
    X     Y 
-4090 -2691 
    X     Y 
-3850 -2191 
        X         Y 
-3639.670 -2166.731 
    X     Y 
-3590 -2161 
[1] "Storing new segment 2"
[1] "Adding old segment 6"
[1] "Storing new segment 3"
simplify.outline: Removing vertex 74
simplify.outline: Removing vertex 90
Triangulating...
[1] "Non-adjacent points in rim connected by line: 35 33"
[1] "In triangle: 84"  "In triangle: 102"
[1] "Other points in triangles: 138 34"
[1] "Non-adjacent points in rim connected by line: 37 35"
[1] "In triangle: 83"  "In triangle: 314"
[1] "Other points in triangles: 36 387"
[1] "Non-adjacent points in rim connected by line: 47 45"
[1] "In triangle: 187" "In triangle: 190"
[1] "Other points in triangles: 155 46"
[1] "Non-adjacent points in rim connected by line: 55 53"
[1] "In triangle: 213" "In triangle: 220"
[1] "Other points in triangles: 56 54"
[1] "Non-adjacent points in rim connected by line: 56 53"
[1] "In triangle: 207" "In triangle: 820"
[1] "Other points in triangles: 140 473"
[1] "Non-adjacent points in rim connected by line: 64 59"
[1] "In triangle: 198" "In triangle: 224"
[1] "Other points in triangles: 60 65"
[1] "Non-adjacent points in rim connected by line: 64 60"
[1] "In triangle: 198" "In triangle: 202"
[1] "Other points in triangles: 475 122"
[1] "Non-adjacent points in rim connected by line: 65 59"
[1] "In triangle: 180" "In triangle: 825"
[1] "Other points in triangles: 121 475"
[1] "Non-adjacent points in rim connected by line: 78 75"
[1] "In triangle: 97"  "In triangle: 157"
[1] "Other points in triangles: 160 76"
[1] "Non-adjacent points in rim connected by line: 78 76"
[1] "In triangle: 157" "In triangle: 162"
[1] "Other points in triangles: 478 77"
[1] "Non-adjacent points in rim connected by line: 84 82"
[1] "In triangle: 143" "In triangle: 145"
[1] "Other points in triangles: 161 83"
[1] "Non-adjacent points in rim connected by line: 130 29"
[1] "In triangle: 106" "In triangle: 155"
[1] "Other points in triangles: 298 30"
[1] "Non-adjacent points in rim connected by line: 130 30"
[1] "In triangle: 104" "In triangle: 155"
[1] "Other points in triangles: 31 481"
Stitching...
Tear 1 child of rim
Tear 2 child of rim
Tear 3 child of rim
Tear 4 child of rim
Tear 1 : Sf = 3393.26479105772 ; Sb = 2597.28668644858
  Forwards path
    i = 38 ; sf/Sf = 0.0595996765989273 ; sf = 202.237484161567
      k =   39 ; sb/Sb = 0 ; sb = 0
      k =   40 ; sb/Sb = 0.142456357217124 ; sb = 370
      Creating new point: f = 0.418371477154149
    i = 37 ; sf/Sf = 0.168997040707874 ; sf = 573.451708026979
      k =   39 ; sb/Sb = 0 ; sb = 0
      k =   40 ; sb/Sb = 0.142456357217124 ; sb = 370
      k =   41 ; sb/Sb = 0.259807674140604 ; sb = 674.795013082563
      Creating new point: f = 0.226164342987785
    i = 36 ; sf/Sf = 0.204969935154254 ; sf = 695.517264184316
      k =   39 ; sb/Sb = 0 ; sb = 0
      k =   40 ; sb/Sb = 0.142456357217124 ; sb = 370
      k =   41 ; sb/Sb = 0.259807674140604 ; sb = 674.795013082563
      Creating new point: f = 0.532704528385418
    i = 35 ; sf/Sf = 0.263910221962127 ; sf = 895.517264184316
      k =   39 ; sb/Sb = 0 ; sb = 0
      k =   40 ; sb/Sb = 0.142456357217124 ; sb = 370
      k =   41 ; sb/Sb = 0.259807674140604 ; sb = 674.795013082563
      k =   42 ; sb/Sb = 0.341391352257366 ; sb = 886.691214086734
      Creating new point: f = 0.0502863797787074
    i = 34 ; sf/Sf = 0.374374131901495 ; sf = 1270.35056046414
      k =   39 ; sb/Sb = 0 ; sb = 0
      k =   40 ; sb/Sb = 0.142456357217124 ; sb = 370
      k =   41 ; sb/Sb = 0.259807674140604 ; sb = 674.795013082563
      k =   42 ; sb/Sb = 0.341391352257366 ; sb = 886.691214086734
      k =   43 ; sb/Sb = 0.43323227612692 ; sb = 1125.22842292427
      Creating new point: f = 0.359129440933936
    i = 33 ; sf/Sf = 0.451729749906865 ; sf = 1532.83865543228
      k =   39 ; sb/Sb = 0 ; sb = 0
      k =   40 ; sb/Sb = 0.142456357217124 ; sb = 370
      k =   41 ; sb/Sb = 0.259807674140604 ; sb = 674.795013082563
      k =   42 ; sb/Sb = 0.341391352257366 ; sb = 886.691214086734
      k =   43 ; sb/Sb = 0.43323227612692 ; sb = 1125.22842292427
      k =   44 ; sb/Sb = 0.643022482143054 ; sb = 1670.11373195728
      Creating new point: f = 0.0881712932705863
    i = 32 ; sf/Sf = 0.517626993864734 ; sf = 1756.44545318225
      k =   39 ; sb/Sb = 0 ; sb = 0
      k =   40 ; sb/Sb = 0.142456357217124 ; sb = 370
      k =   41 ; sb/Sb = 0.259807674140604 ; sb = 674.795013082563
      k =   42 ; sb/Sb = 0.341391352257366 ; sb = 886.691214086734
      k =   43 ; sb/Sb = 0.43323227612692 ; sb = 1125.22842292427
      k =   44 ; sb/Sb = 0.643022482143054 ; sb = 1670.11373195728
      Creating new point: f = 0.40228149512053
    i = 130 ; sf/Sf = 0.599731596169614 ; sf = 2035.0481093672
      k =   39 ; sb/Sb = 0 ; sb = 0
      k =   40 ; sb/Sb = 0.142456357217124 ; sb = 370
      k =   41 ; sb/Sb = 0.259807674140604 ; sb = 674.795013082563
      k =   42 ; sb/Sb = 0.341391352257366 ; sb = 886.691214086734
      k =   43 ; sb/Sb = 0.43323227612692 ; sb = 1125.22842292427
      k =   44 ; sb/Sb = 0.643022482143054 ; sb = 1670.11373195728
      Creating new point: f = 0.793646773147692
    i = 31 ; sf/Sf = 0.675175163283692 ; sf = 2291.0481093672
      k =   39 ; sb/Sb = 0 ; sb = 0
      k =   40 ; sb/Sb = 0.142456357217124 ; sb = 370
      k =   41 ; sb/Sb = 0.259807674140604 ; sb = 674.795013082563
      k =   42 ; sb/Sb = 0.341391352257366 ; sb = 886.691214086734
      k =   43 ; sb/Sb = 0.43323227612692 ; sb = 1125.22842292427
      k =   44 ; sb/Sb = 0.643022482143054 ; sb = 1670.11373195728
      k =   45 ; sb/Sb = 0.877155985769462 ; sb = 2278.22556377771
      Creating new point: f = 0.137326271732311
    i = 30 ; sf/Sf = 0.725274407070384 ; sf = 2461.0481093672
      k =   39 ; sb/Sb = 0 ; sb = 0
      k =   40 ; sb/Sb = 0.142456357217124 ; sb = 370
      k =   41 ; sb/Sb = 0.259807674140604 ; sb = 674.795013082563
      k =   42 ; sb/Sb = 0.341391352257366 ; sb = 886.691214086734
      k =   43 ; sb/Sb = 0.43323227612692 ; sb = 1125.22842292427
      k =   44 ; sb/Sb = 0.643022482143054 ; sb = 1670.11373195728
      k =   45 ; sb/Sb = 0.877155985769462 ; sb = 2278.22556377771
      Creating new point: f = 0.351303524072208
    i = 29 ; sf/Sf = 0.80533345665002 ; sf = 2732.70966351132
      k =   39 ; sb/Sb = 0 ; sb = 0
      k =   40 ; sb/Sb = 0.142456357217124 ; sb = 370
      k =   41 ; sb/Sb = 0.259807674140604 ; sb = 674.795013082563
      k =   42 ; sb/Sb = 0.341391352257366 ; sb = 886.691214086734
      k =   43 ; sb/Sb = 0.43323227612692 ; sb = 1125.22842292427
      k =   44 ; sb/Sb = 0.643022482143054 ; sb = 1670.11373195728
      k =   45 ; sb/Sb = 0.877155985769462 ; sb = 2278.22556377771
      Creating new point: f = 0.693241129496593
    i = 28 ; sf/Sf = 0.91158956978819 ; sf = 3093.26479105772
      k =   39 ; sb/Sb = 0 ; sb = 0
      k =   40 ; sb/Sb = 0.142456357217124 ; sb = 370
      k =   41 ; sb/Sb = 0.259807674140604 ; sb = 674.795013082563
      k =   42 ; sb/Sb = 0.341391352257366 ; sb = 886.691214086734
      k =   43 ; sb/Sb = 0.43323227612692 ; sb = 1125.22842292427
      k =   44 ; sb/Sb = 0.643022482143054 ; sb = 1670.11373195728
      k =   45 ; sb/Sb = 0.877155985769462 ; sb = 2278.22556377771
      k =   46 ; sb/Sb = 1 ; sb = 2597.28668644858
      Creating new point: f = 0.280303311760129
Tear 2 : Sf = 4611.0486260454 ; Sb = 4121.21880008145
  Forwards path
    i = 9 ; sf/Sf = 0.0653856189957816 ; sf = 301.496268633627
      k =   10 ; sb/Sb = 0 ; sb = 0
      k =   11 ; sb/Sb = 0.0818550463425995 ; sb = 337.34255586866
      Creating new point: f = 0.798797654113026
    i = 8 ; sf/Sf = 0.117434517080344 ; sf = 541.496268633627
      k =   10 ; sb/Sb = 0 ; sb = 0
      k =   11 ; sb/Sb = 0.0818550463425995 ; sb = 337.34255586866
      k =   12 ; sb/Sb = 0.231609523090153 ; sb = 954.513520837039
      Creating new point: f = 0.237585356447956
    i = 7 ; sf/Sf = 0.16080859881748 ; sf = 741.496268633627
      k =   10 ; sb/Sb = 0 ; sb = 0
      k =   11 ; sb/Sb = 0.0818550463425995 ; sb = 337.34255586866
      k =   12 ; sb/Sb = 0.231609523090153 ; sb = 954.513520837039
      Creating new point: f = 0.527219981596778
    i = 6 ; sf/Sf = 0.226909617870052 ; sf = 1046.29128171619
      k =   10 ; sb/Sb = 0 ; sb = 0
      k =   11 ; sb/Sb = 0.0818550463425995 ; sb = 337.34255586866
      k =   12 ; sb/Sb = 0.231609523090153 ; sb = 954.513520837039
      Creating new point: f = 0.96861592840377
    i = 5 ; sf/Sf = 0.24859665873862 ; sf = 1146.29128171619
      k =   10 ; sb/Sb = 0 ; sb = 0
      k =   11 ; sb/Sb = 0.0818550463425995 ; sb = 337.34255586866
      k =   12 ; sb/Sb = 0.231609523090153 ; sb = 954.513520837039
      k =  354 ; sb/Sb = 0.35678439766557 ; sb = 1470.38656723508
      Creating new point: f = 0.135707231232191
    i = 4 ; sf/Sf = 0.277530780119961 ; sf = 1279.70792235745
      k =   10 ; sb/Sb = 0 ; sb = 0
      k =   11 ; sb/Sb = 0.0818550463425995 ; sb = 337.34255586866
      k =   12 ; sb/Sb = 0.231609523090153 ; sb = 954.513520837039
      k =  354 ; sb/Sb = 0.35678439766557 ; sb = 1470.38656723508
      Creating new point: f = 0.366856824786675
    i = 3 ; sf/Sf = 0.370961411525 ; sf = 1710.52110692821
      k =   10 ; sb/Sb = 0 ; sb = 0
      k =   11 ; sb/Sb = 0.0818550463425995 ; sb = 337.34255586866
      k =   12 ; sb/Sb = 0.231609523090153 ; sb = 954.513520837039
      k =  354 ; sb/Sb = 0.35678439766557 ; sb = 1470.38656723508
      k =   13 ; sb/Sb = 0.481959272240987 ; sb = 1986.25961363313
      Creating new point: f = 0.113257663788499
    i = 2 ; sf/Sf = 0.429516421870133 ; sf = 1980.52110692821
      k =   10 ; sb/Sb = 0 ; sb = 0
      k =   11 ; sb/Sb = 0.0818550463425995 ; sb = 337.34255586866
      k =   12 ; sb/Sb = 0.231609523090153 ; sb = 954.513520837039
      k =  354 ; sb/Sb = 0.35678439766557 ; sb = 1470.38656723508
      k =   13 ; sb/Sb = 0.481959272240987 ; sb = 1986.25961363313
      Creating new point: f = 0.581043316011016
    i = 1 ; sf/Sf = 0.440359942304417 ; sf = 2030.52110692821
      k =   10 ; sb/Sb = 0 ; sb = 0
      k =   11 ; sb/Sb = 0.0818550463425995 ; sb = 337.34255586866
      k =   12 ; sb/Sb = 0.231609523090153 ; sb = 954.513520837039
      k =  354 ; sb/Sb = 0.35678439766557 ; sb = 1470.38656723508
      k =   13 ; sb/Sb = 0.481959272240987 ; sb = 1986.25961363313
      Creating new point: f = 0.667670288644816
    i = 116 ; sf/Sf = 0.48627683968219 ; sf = 2242.24615349426
      k =   10 ; sb/Sb = 0 ; sb = 0
      k =   11 ; sb/Sb = 0.0818550463425995 ; sb = 337.34255586866
      k =   12 ; sb/Sb = 0.231609523090153 ; sb = 954.513520837039
      k =  354 ; sb/Sb = 0.35678439766557 ; sb = 1470.38656723508
      k =   13 ; sb/Sb = 0.481959272240987 ; sb = 1986.25961363313
      k =   14 ; sb/Sb = 0.637328946797122 ; sb = 2626.57203737641
      Creating new point: f = 0.0277889971356247
    i = 115 ; sf/Sf = 0.606556851873287 ; sf = 2796.86313844874
      k =   10 ; sb/Sb = 0 ; sb = 0
      k =   11 ; sb/Sb = 0.0818550463425995 ; sb = 337.34255586866
      k =   12 ; sb/Sb = 0.231609523090153 ; sb = 954.513520837039
      k =  354 ; sb/Sb = 0.35678439766557 ; sb = 1470.38656723508
      k =   13 ; sb/Sb = 0.481959272240987 ; sb = 1986.25961363313
      k =   14 ; sb/Sb = 0.637328946797122 ; sb = 2626.57203737641
      Creating new point: f = 0.801942721372455
    i = 114 ; sf/Sf = 0.748370864693987 ; sf = 3450.77444741962
      k =   10 ; sb/Sb = 0 ; sb = 0
      k =   11 ; sb/Sb = 0.0818550463425995 ; sb = 337.34255586866
      k =   12 ; sb/Sb = 0.231609523090153 ; sb = 954.513520837039
      k =  354 ; sb/Sb = 0.35678439766557 ; sb = 1470.38656723508
      k =   13 ; sb/Sb = 0.481959272240987 ; sb = 1986.25961363313
      k =   14 ; sb/Sb = 0.637328946797122 ; sb = 2626.57203737641
      k =   15 ; sb/Sb = 0.668873013323615 ; sb = 2756.57203737641
      k =   16 ; sb/Sb = 0.785973600283717 ; sb = 3239.16917785696
      Creating new point: f = 0.678885165600904
    i = 113 ; sf/Sf = 0.854127158577985 ; sf = 3938.42186102908
      k =   10 ; sb/Sb = 0 ; sb = 0
      k =   11 ; sb/Sb = 0.0818550463425995 ; sb = 337.34255586866
      k =   12 ; sb/Sb = 0.231609523090153 ; sb = 954.513520837039
      k =  354 ; sb/Sb = 0.35678439766557 ; sb = 1470.38656723508
      k =   13 ; sb/Sb = 0.481959272240987 ; sb = 1986.25961363313
      k =   14 ; sb/Sb = 0.637328946797122 ; sb = 2626.57203737641
      k =   15 ; sb/Sb = 0.668873013323615 ; sb = 2756.57203737641
      k =   16 ; sb/Sb = 0.785973600283717 ; sb = 3239.16917785696
      k =   17 ; sb/Sb = 0.869642730635281 ; sb = 3583.98797084829
      Creating new point: f = 0.814560376185314
    i = 112 ; sf/Sf = 0.891564795657161 ; sf = 4111.0486260454
      k =   10 ; sb/Sb = 0 ; sb = 0
      k =   11 ; sb/Sb = 0.0818550463425995 ; sb = 337.34255586866
      k =   12 ; sb/Sb = 0.231609523090153 ; sb = 954.513520837039
      k =  354 ; sb/Sb = 0.35678439766557 ; sb = 1470.38656723508
      k =   13 ; sb/Sb = 0.481959272240987 ; sb = 1986.25961363313
      k =   14 ; sb/Sb = 0.637328946797122 ; sb = 2626.57203737641
      k =   15 ; sb/Sb = 0.668873013323615 ; sb = 2756.57203737641
      k =   16 ; sb/Sb = 0.785973600283717 ; sb = 3239.16917785696
      k =   17 ; sb/Sb = 0.869642730635281 ; sb = 3583.98797084829
      k =   18 ; sb/Sb = 0.917500133699943 ; sb = 3781.21880008145
      Creating new point: f = 0.458070509849029
Tear 3 : Sf = 7468.21929510975 ; Sb = 4045.12380072415
  Forwards path
    i = 69 ; sf/Sf = 0.0299411129901339 ; sf = 223.606797749979
      k =   70 ; sb/Sb = 0 ; sb = 0
      k =   71 ; sb/Sb = 0.0740809171827542 ; sb = 299.666481275434
      Creating new point: f = 0.404167687560759
    i = 68 ; sf/Sf = 0.0583141685514405 ; sf = 435.50299875415
      k =   70 ; sb/Sb = 0 ; sb = 0
      k =   71 ; sb/Sb = 0.0740809171827542 ; sb = 299.666481275434
      Creating new point: f = 0.787168555264807
    i = 67 ; sf/Sf = 0.0650092049482346 ; sf = 485.50299875415
      k =   70 ; sb/Sb = 0 ; sb = 0
      k =   71 ; sb/Sb = 0.0740809171827542 ; sb = 299.666481275434
      Creating new point: f = 0.877543197634282
    i = 66 ; sf/Sf = 0.146820422675397 ; sf = 1096.48711354057
      k =   70 ; sb/Sb = 0 ; sb = 0
      k =   71 ; sb/Sb = 0.0740809171827542 ; sb = 299.666481275434
      k =   72 ; sb/Sb = 0.185133525467303 ; sb = 748.888030179758
      Creating new point: f = 0.655000423819526
    i = 65 ; sf/Sf = 0.169583546424499 ; sf = 1266.48711354058
      k =   70 ; sb/Sb = 0 ; sb = 0
      k =   71 ; sb/Sb = 0.0740809171827542 ; sb = 299.666481275434
      k =   72 ; sb/Sb = 0.185133525467303 ; sb = 748.888030179758
      Creating new point: f = 0.859976462660284
    i = 64 ; sf/Sf = 0.204730893415235 ; sf = 1528.97520850871
      k =   70 ; sb/Sb = 0 ; sb = 0
      k =   71 ; sb/Sb = 0.0740809171827542 ; sb = 299.666481275434
      k =   72 ; sb/Sb = 0.185133525467303 ; sb = 748.888030179758
      k =   73 ; sb/Sb = 0.233891199879605 ; sb = 946.118859412918
      Creating new point: f = 0.401934017242369
    i = 63 ; sf/Sf = 0.24510146325523 ; sf = 1830.47147714234
      k =   70 ; sb/Sb = 0 ; sb = 0
      k =   71 ; sb/Sb = 0.0740809171827542 ; sb = 299.666481275434
      k =   72 ; sb/Sb = 0.185133525467303 ; sb = 748.888030179758
      k =   73 ; sb/Sb = 0.233891199879605 ; sb = 946.118859412918
      k =  232 ; sb/Sb = 0.364404912645825 ; sb = 1474.06298524443
      Creating new point: f = 0.0858933757842399
    i = 62 ; sf/Sf = 0.275042576245364 ; sf = 2054.07827489232
      k =   70 ; sb/Sb = 0 ; sb = 0
      k =   71 ; sb/Sb = 0.0740809171827542 ; sb = 299.666481275434
      k =   72 ; sb/Sb = 0.185133525467303 ; sb = 748.888030179758
      k =   73 ; sb/Sb = 0.233891199879605 ; sb = 946.118859412918
      k =  232 ; sb/Sb = 0.364404912645825 ; sb = 1474.06298524443
      Creating new point: f = 0.315303085733763
    i = 61 ; sf/Sf = 0.288432649038952 ; sf = 2154.07827489232
      k =   70 ; sb/Sb = 0 ; sb = 0
      k =   71 ; sb/Sb = 0.0740809171827542 ; sb = 299.666481275434
      k =   72 ; sb/Sb = 0.185133525467303 ; sb = 748.888030179758
      k =   73 ; sb/Sb = 0.233891199879605 ; sb = 946.118859412918
      k =  232 ; sb/Sb = 0.364404912645825 ; sb = 1474.06298524443
      Creating new point: f = 0.417898226962891
    i = 60 ; sf/Sf = 0.318373762029086 ; sf = 2377.6850726423
      k =   70 ; sb/Sb = 0 ; sb = 0
      k =   71 ; sb/Sb = 0.0740809171827542 ; sb = 299.666481275434
      k =   72 ; sb/Sb = 0.185133525467303 ; sb = 748.888030179758
      k =   73 ; sb/Sb = 0.233891199879605 ; sb = 946.118859412918
      k =  232 ; sb/Sb = 0.364404912645825 ; sb = 1474.06298524443
      Creating new point: f = 0.647307936912414
    i = 59 ; sf/Sf = 0.350314067932225 ; sf = 2616.22228147983
      k =   70 ; sb/Sb = 0 ; sb = 0
      k =   71 ; sb/Sb = 0.0740809171827542 ; sb = 299.666481275434
      k =   72 ; sb/Sb = 0.185133525467303 ; sb = 748.888030179758
      k =   73 ; sb/Sb = 0.233891199879605 ; sb = 946.118859412918
      k =  232 ; sb/Sb = 0.364404912645825 ; sb = 1474.06298524443
      Creating new point: f = 0.892035523203301
    i = 58 ; sf/Sf = 0.364293714346394 ; sf = 2720.62534656894
      k =   70 ; sb/Sb = 0 ; sb = 0
      k =   71 ; sb/Sb = 0.0740809171827542 ; sb = 299.666481275434
      k =   72 ; sb/Sb = 0.185133525467303 ; sb = 748.888030179758
      k =   73 ; sb/Sb = 0.233891199879605 ; sb = 946.118859412918
      k =  232 ; sb/Sb = 0.364404912645825 ; sb = 1474.06298524443
      Creating new point: f = 0.999147995279008
    i = 57 ; sf/Sf = 0.40164217756068 ; sf = 2999.55186018856
      k =   70 ; sb/Sb = 0 ; sb = 0
      k =   71 ; sb/Sb = 0.0740809171827542 ; sb = 299.666481275434
      k =   72 ; sb/Sb = 0.185133525467303 ; sb = 748.888030179758
      k =   73 ; sb/Sb = 0.233891199879605 ; sb = 946.118859412918
      k =  232 ; sb/Sb = 0.364404912645825 ; sb = 1474.06298524443
      k =   74 ; sb/Sb = 0.494918625412045 ; sb = 2002.00711107594
      Creating new point: f = 0.285313045852548
    i = 56 ; sf/Sf = 0.433582483463819 ; sf = 3238.08906902609
      k =   70 ; sb/Sb = 0 ; sb = 0
      k =   71 ; sb/Sb = 0.0740809171827542 ; sb = 299.666481275434
      k =   72 ; sb/Sb = 0.185133525467303 ; sb = 748.888030179758
      k =   73 ; sb/Sb = 0.233891199879605 ; sb = 946.118859412918
      k =  232 ; sb/Sb = 0.364404912645825 ; sb = 1474.06298524443
      k =   74 ; sb/Sb = 0.494918625412045 ; sb = 2002.00711107594
      Creating new point: f = 0.530040632143435
    i = 55 ; sf/Sf = 0.47145532855553 ; sf = 3520.93178150071
      k =   70 ; sb/Sb = 0 ; sb = 0
      k =   71 ; sb/Sb = 0.0740809171827542 ; sb = 299.666481275434
      k =   72 ; sb/Sb = 0.185133525467303 ; sb = 748.888030179758
      k =   73 ; sb/Sb = 0.233891199879605 ; sb = 946.118859412918
      k =  232 ; sb/Sb = 0.364404912645825 ; sb = 1474.06298524443
      k =   74 ; sb/Sb = 0.494918625412045 ; sb = 2002.00711107594
      Creating new point: f = 0.820223512463068
    i = 54 ; sf/Sf = 0.484845401349118 ; sf = 3620.93178150071
      k =   70 ; sb/Sb = 0 ; sb = 0
      k =   71 ; sb/Sb = 0.0740809171827542 ; sb = 299.666481275434
      k =   72 ; sb/Sb = 0.185133525467303 ; sb = 748.888030179758
      k =   73 ; sb/Sb = 0.233891199879605 ; sb = 946.118859412918
      k =  232 ; sb/Sb = 0.364404912645825 ; sb = 1474.06298524443
      k =   74 ; sb/Sb = 0.494918625412045 ; sb = 2002.00711107594
      Creating new point: f = 0.922818653692197
    i = 53 ; sf/Sf = 0.502709986649743 ; sf = 3754.34842214198
      k =   70 ; sb/Sb = 0 ; sb = 0
      k =   71 ; sb/Sb = 0.0740809171827542 ; sb = 299.666481275434
      k =   72 ; sb/Sb = 0.185133525467303 ; sb = 748.888030179758
      k =   73 ; sb/Sb = 0.233891199879605 ; sb = 946.118859412918
      k =  232 ; sb/Sb = 0.364404912645825 ; sb = 1474.06298524443
      k =   74 ; sb/Sb = 0.494918625412045 ; sb = 2002.00711107594
      k =   75 ; sb/Sb = 0.605474845080748 ; sb = 2449.2207065759
      Creating new point: f = 0.0704742009182866
    i = 52 ; sf/Sf = 0.52949013223692 ; sf = 3954.34842214198
      k =   70 ; sb/Sb = 0 ; sb = 0
      k =   71 ; sb/Sb = 0.0740809171827542 ; sb = 299.666481275434
      k =   72 ; sb/Sb = 0.185133525467303 ; sb = 748.888030179758
      k =   73 ; sb/Sb = 0.233891199879605 ; sb = 946.118859412918
      k =  232 ; sb/Sb = 0.364404912645825 ; sb = 1474.06298524443
      k =   74 ; sb/Sb = 0.494918625412045 ; sb = 2002.00711107594
      k =   75 ; sb/Sb = 0.605474845080748 ; sb = 2449.2207065759
      Creating new point: f = 0.31270521847141
    i = 51 ; sf/Sf = 0.582002440127952 ; sf = 4346.52185316453
      k =   70 ; sb/Sb = 0 ; sb = 0
      k =   71 ; sb/Sb = 0.0740809171827542 ; sb = 299.666481275434
      k =   72 ; sb/Sb = 0.185133525467303 ; sb = 748.888030179758
      k =   73 ; sb/Sb = 0.233891199879605 ; sb = 946.118859412918
      k =  232 ; sb/Sb = 0.364404912645825 ; sb = 1474.06298524443
      k =   74 ; sb/Sb = 0.494918625412045 ; sb = 2002.00711107594
      k =   75 ; sb/Sb = 0.605474845080748 ; sb = 2449.2207065759
      Creating new point: f = 0.787688064740871
    i = 248 ; sf/Sf = 0.63028103416743 ; sf = 4707.07698071093
      k =   70 ; sb/Sb = 0 ; sb = 0
      k =   71 ; sb/Sb = 0.0740809171827542 ; sb = 299.666481275434
      k =   72 ; sb/Sb = 0.185133525467303 ; sb = 748.888030179758
      k =   73 ; sb/Sb = 0.233891199879605 ; sb = 946.118859412918
      k =  232 ; sb/Sb = 0.364404912645825 ; sb = 1474.06298524443
      k =   74 ; sb/Sb = 0.494918625412045 ; sb = 2002.00711107594
      k =   75 ; sb/Sb = 0.605474845080748 ; sb = 2449.2207065759
      k =   76 ; sb/Sb = 0.657857963977192 ; sb = 2661.11690758007
      Creating new point: f = 0.473553114233633
    i = 50 ; sf/Sf = 0.678559628206908 ; sf = 5067.63210825732
      k =   70 ; sb/Sb = 0 ; sb = 0
      k =   71 ; sb/Sb = 0.0740809171827542 ; sb = 299.666481275434
      k =   72 ; sb/Sb = 0.185133525467303 ; sb = 748.888030179758
      k =   73 ; sb/Sb = 0.233891199879605 ; sb = 946.118859412918
      k =  232 ; sb/Sb = 0.364404912645825 ; sb = 1474.06298524443
      k =   74 ; sb/Sb = 0.494918625412045 ; sb = 2002.00711107594
      k =   75 ; sb/Sb = 0.605474845080748 ; sb = 2449.2207065759
      k =   76 ; sb/Sb = 0.657857963977192 ; sb = 2661.11690758007
      k =   77 ; sb/Sb = 0.722747966829798 ; sb = 2923.60500254821
      Creating new point: f = 0.319027019874509
    i = 49 ; sf/Sf = 0.742060204357063 ; sf = 5541.8683363125
      k =   70 ; sb/Sb = 0 ; sb = 0
      k =   71 ; sb/Sb = 0.0740809171827542 ; sb = 299.666481275434
      k =   72 ; sb/Sb = 0.185133525467303 ; sb = 748.888030179758
      k =   73 ; sb/Sb = 0.233891199879605 ; sb = 946.118859412918
      k =  232 ; sb/Sb = 0.364404912645825 ; sb = 1474.06298524443
      k =   74 ; sb/Sb = 0.494918625412045 ; sb = 2002.00711107594
      k =   75 ; sb/Sb = 0.605474845080748 ; sb = 2449.2207065759
      k =   76 ; sb/Sb = 0.657857963977192 ; sb = 2661.11690758007
      k =   77 ; sb/Sb = 0.722747966829798 ; sb = 2923.60500254821
      k =   78 ; sb/Sb = 0.77274334252766 ; sb = 3125.84248670977
      Creating new point: f = 0.386280476097922
    i = 48 ; sf/Sf = 0.85287468646392 ; sf = 6369.45518976052
      k =   70 ; sb/Sb = 0 ; sb = 0
      k =   71 ; sb/Sb = 0.0740809171827542 ; sb = 299.666481275434
      k =   72 ; sb/Sb = 0.185133525467303 ; sb = 748.888030179758
      k =   73 ; sb/Sb = 0.233891199879605 ; sb = 946.118859412918
      k =  232 ; sb/Sb = 0.364404912645825 ; sb = 1474.06298524443
      k =   74 ; sb/Sb = 0.494918625412045 ; sb = 2002.00711107594
      k =   75 ; sb/Sb = 0.605474845080748 ; sb = 2449.2207065759
      k =   76 ; sb/Sb = 0.657857963977192 ; sb = 2661.11690758007
      k =   77 ; sb/Sb = 0.722747966829798 ; sb = 2923.60500254821
      k =   78 ; sb/Sb = 0.77274334252766 ; sb = 3125.84248670977
      k =   79 ; sb/Sb = 0.813288997678982 ; sb = 3289.85468137834
      k =   80 ; sb/Sb = 0.858738227953613 ; sb = 3473.70244448684
      Creating new point: f = 0.870987001226151
    i = 465 ; sf/Sf = 0.90394162242819 ; sf = 6750.83426627102
      k =   70 ; sb/Sb = 0 ; sb = 0
      k =   71 ; sb/Sb = 0.0740809171827542 ; sb = 299.666481275434
      k =   72 ; sb/Sb = 0.185133525467303 ; sb = 748.888030179758
      k =   73 ; sb/Sb = 0.233891199879605 ; sb = 946.118859412918
      k =  232 ; sb/Sb = 0.364404912645825 ; sb = 1474.06298524443
      k =   74 ; sb/Sb = 0.494918625412045 ; sb = 2002.00711107594
      k =   75 ; sb/Sb = 0.605474845080748 ; sb = 2449.2207065759
      k =   76 ; sb/Sb = 0.657857963977192 ; sb = 2661.11690758007
      k =   77 ; sb/Sb = 0.722747966829798 ; sb = 2923.60500254821
      k =   78 ; sb/Sb = 0.77274334252766 ; sb = 3125.84248670977
      k =   79 ; sb/Sb = 0.813288997678982 ; sb = 3289.85468137834
      k =   80 ; sb/Sb = 0.858738227953613 ; sb = 3473.70244448684
      k =   81 ; sb/Sb = 0.915596809131975 ; sb = 3703.70244448684
      Creating new point: f = 0.795014464620151
    i = 47 ; sf/Sf = 0.955008558392461 ; sf = 7132.21334278152
      k =   70 ; sb/Sb = 0 ; sb = 0
      k =   71 ; sb/Sb = 0.0740809171827542 ; sb = 299.666481275434
      k =   72 ; sb/Sb = 0.185133525467303 ; sb = 748.888030179758
      k =   73 ; sb/Sb = 0.233891199879605 ; sb = 946.118859412918
      k =  232 ; sb/Sb = 0.364404912645825 ; sb = 1474.06298524443
      k =   74 ; sb/Sb = 0.494918625412045 ; sb = 2002.00711107594
      k =   75 ; sb/Sb = 0.605474845080748 ; sb = 2449.2207065759
      k =   76 ; sb/Sb = 0.657857963977192 ; sb = 2661.11690758007
      k =   77 ; sb/Sb = 0.722747966829798 ; sb = 2923.60500254821
      k =   78 ; sb/Sb = 0.77274334252766 ; sb = 3125.84248670977
      k =   79 ; sb/Sb = 0.813288997678982 ; sb = 3289.85468137834
      k =   80 ; sb/Sb = 0.858738227953613 ; sb = 3473.70244448684
      k =   81 ; sb/Sb = 0.915596809131975 ; sb = 3703.70244448684
      k =   82 ; sb/Sb = 0.950557755497076 ; sb = 3845.12380072415
      k =   83 ; sb/Sb = 1 ; sb = 4045.12380072415
      Creating new point: f = 0.090020243622255
Tear 4 : Sf = 1039.32663739903 ; Sb = 1190.57553540931
  Forwards path
    i = 93 ; sf/Sf = 0.215145835489762 ; sf = 223.606797749979
      k =   94 ; sb/Sb = 0 ; sb = 0
      k =   95 ; sb/Sb = 0.282221448648122 ; sb = 336.005952328229
      Creating new point: f = 0.762329853100602
    i = 92 ; sf/Sf = 0.619368161402019 ; sf = 643.725828501979
      k =   94 ; sb/Sb = 0 ; sb = 0
      k =   95 ; sb/Sb = 0.282221448648122 ; sb = 336.005952328229
      k =   96 ; sb/Sb = 0.457603962371978 ; sb = 544.81208250644
      k =   97 ; sb/Sb = 0.678075563846548 ; sb = 807.300177474574
      Creating new point: f = 0.733718982164237
Tear 1 : Sf = 2597.28668644858 ; Sb = 3393.26479105772
  Backwards path
    i = 40 ; sf/Sf = 0.142456357217124 ; sf = 370
      k =   39 ; sb/Sb = 0 ; sb = 0
      k =   38 ; sb/Sb = 0.0595996765989273 ; sb = 202.237484161567
      k =   37 ; sb/Sb = 0.168997040707874 ; sb = 573.451708026979
      Creating new point: f = 0.757391928892191
    i = 41 ; sf/Sf = 0.259807674140604 ; sf = 674.795013082563
      k =   39 ; sb/Sb = 0 ; sb = 0
      k =   38 ; sb/Sb = 0.0595996765989273 ; sb = 202.237484161567
      k =   37 ; sb/Sb = 0.168997040707874 ; sb = 573.451708026979
      k =   36 ; sb/Sb = 0.204969935154254 ; sb = 695.517264184316
      k =   35 ; sb/Sb = 0.263910221962127 ; sb = 895.517264184316
      Creating new point: f = 0.930394844617974
    i = 42 ; sf/Sf = 0.341391352257366 ; sf = 886.691214086734
      k =   39 ; sb/Sb = 0 ; sb = 0
      k =   38 ; sb/Sb = 0.0595996765989273 ; sb = 202.237484161567
      k =   37 ; sb/Sb = 0.168997040707874 ; sb = 573.451708026979
      k =   36 ; sb/Sb = 0.204969935154254 ; sb = 695.517264184316
      k =   35 ; sb/Sb = 0.263910221962127 ; sb = 895.517264184316
      k =   34 ; sb/Sb = 0.374374131901495 ; sb = 1270.35056046414
      Creating new point: f = 0.701415786728596
    i = 43 ; sf/Sf = 0.43323227612692 ; sf = 1125.22842292427
      k =   39 ; sb/Sb = 0 ; sb = 0
      k =   38 ; sb/Sb = 0.0595996765989273 ; sb = 202.237484161567
      k =   37 ; sb/Sb = 0.168997040707874 ; sb = 573.451708026979
      k =   36 ; sb/Sb = 0.204969935154254 ; sb = 695.517264184316
      k =   35 ; sb/Sb = 0.263910221962127 ; sb = 895.517264184316
      k =   34 ; sb/Sb = 0.374374131901495 ; sb = 1270.35056046414
      k =   33 ; sb/Sb = 0.451729749906865 ; sb = 1532.83865543228
      Creating new point: f = 0.760877435189503
    i = 44 ; sf/Sf = 0.643022482143054 ; sf = 1670.11373195728
      k =   39 ; sb/Sb = 0 ; sb = 0
      k =   38 ; sb/Sb = 0.0595996765989273 ; sb = 202.237484161567
      k =   37 ; sb/Sb = 0.168997040707874 ; sb = 573.451708026979
      k =   36 ; sb/Sb = 0.204969935154254 ; sb = 695.517264184316
      k =   35 ; sb/Sb = 0.263910221962127 ; sb = 895.517264184316
      k =   34 ; sb/Sb = 0.374374131901495 ; sb = 1270.35056046414
      k =   33 ; sb/Sb = 0.451729749906865 ; sb = 1532.83865543228
      k =   32 ; sb/Sb = 0.517626993864734 ; sb = 1756.44545318225
      k =  130 ; sb/Sb = 0.599731596169614 ; sb = 2035.0481093672
      k =   31 ; sb/Sb = 0.675175163283692 ; sb = 2291.0481093672
      Creating new point: f = 0.573818121669403
    i = 45 ; sf/Sf = 0.877155985769462 ; sf = 2278.22556377771
      k =   39 ; sb/Sb = 0 ; sb = 0
      k =   38 ; sb/Sb = 0.0595996765989273 ; sb = 202.237484161567
      k =   37 ; sb/Sb = 0.168997040707874 ; sb = 573.451708026979
      k =   36 ; sb/Sb = 0.204969935154254 ; sb = 695.517264184316
      k =   35 ; sb/Sb = 0.263910221962127 ; sb = 895.517264184316
      k =   34 ; sb/Sb = 0.374374131901495 ; sb = 1270.35056046414
      k =   33 ; sb/Sb = 0.451729749906865 ; sb = 1532.83865543228
      k =   32 ; sb/Sb = 0.517626993864734 ; sb = 1756.44545318225
      k =  130 ; sb/Sb = 0.599731596169614 ; sb = 2035.0481093672
      k =   31 ; sb/Sb = 0.675175163283692 ; sb = 2291.0481093672
      k =   30 ; sb/Sb = 0.725274407070384 ; sb = 2461.0481093672
      k =   29 ; sb/Sb = 0.80533345665002 ; sb = 2732.70966351132
      k =   28 ; sb/Sb = 0.91158956978819 ; sb = 3093.26479105772
      Creating new point: f = 0.675937854286534
Tear 2 : Sf = 4121.21880008145 ; Sb = 4611.0486260454
  Backwards path
    i = 11 ; sf/Sf = 0.0818550463425996 ; sf = 337.34255586866
      k =   10 ; sb/Sb = 0 ; sb = 0
      k =    9 ; sb/Sb = 0.0653856189957816 ; sb = 301.496268633627
      k =    8 ; sb/Sb = 0.117434517080344 ; sb = 541.496268633627
      Creating new point: f = 0.316422209747082
    i = 12 ; sf/Sf = 0.231609523090153 ; sf = 954.513520837039
      k =   10 ; sb/Sb = 0 ; sb = 0
      k =    9 ; sb/Sb = 0.0653856189957816 ; sb = 301.496268633627
      k =    8 ; sb/Sb = 0.117434517080344 ; sb = 541.496268633627
      k =    7 ; sb/Sb = 0.16080859881748 ; sb = 741.496268633627
      k =    6 ; sb/Sb = 0.226909617870052 ; sb = 1046.29128171619
      k =    5 ; sb/Sb = 0.24859665873862 ; sb = 1146.29128171619
      Creating new point: f = 0.216714915076916
    i = 354 ; sf/Sf = 0.35678439766557 ; sf = 1470.38656723508
      k =   10 ; sb/Sb = 0 ; sb = 0
      k =    9 ; sb/Sb = 0.0653856189957816 ; sb = 301.496268633627
      k =    8 ; sb/Sb = 0.117434517080344 ; sb = 541.496268633627
      k =    7 ; sb/Sb = 0.16080859881748 ; sb = 741.496268633627
      k =    6 ; sb/Sb = 0.226909617870052 ; sb = 1046.29128171619
      k =    5 ; sb/Sb = 0.24859665873862 ; sb = 1146.29128171619
      k =    4 ; sb/Sb = 0.277530780119961 ; sb = 1279.70792235745
      k =    3 ; sb/Sb = 0.370961411525 ; sb = 1710.52110692821
      Creating new point: f = 0.848261607074344
    i = 13 ; sf/Sf = 0.481959272240987 ; sf = 1986.25961363313
      k =   10 ; sb/Sb = 0 ; sb = 0
      k =    9 ; sb/Sb = 0.0653856189957816 ; sb = 301.496268633627
      k =    8 ; sb/Sb = 0.117434517080344 ; sb = 541.496268633627
      k =    7 ; sb/Sb = 0.16080859881748 ; sb = 741.496268633627
      k =    6 ; sb/Sb = 0.226909617870052 ; sb = 1046.29128171619
      k =    5 ; sb/Sb = 0.24859665873862 ; sb = 1146.29128171619
      k =    4 ; sb/Sb = 0.277530780119961 ; sb = 1279.70792235745
      k =    3 ; sb/Sb = 0.370961411525 ; sb = 1710.52110692821
      k =    2 ; sb/Sb = 0.429516421870133 ; sb = 1980.52110692821
      k =    1 ; sb/Sb = 0.440359942304417 ; sb = 2030.52110692821
      k =  116 ; sb/Sb = 0.48627683968219 ; sb = 2242.24615349426
      Creating new point: f = 0.905969965573214
    i = 14 ; sf/Sf = 0.637328946797123 ; sf = 2626.57203737641
      k =   10 ; sb/Sb = 0 ; sb = 0
      k =    9 ; sb/Sb = 0.0653856189957816 ; sb = 301.496268633627
      k =    8 ; sb/Sb = 0.117434517080344 ; sb = 541.496268633627
      k =    7 ; sb/Sb = 0.16080859881748 ; sb = 741.496268633627
      k =    6 ; sb/Sb = 0.226909617870052 ; sb = 1046.29128171619
      k =    5 ; sb/Sb = 0.24859665873862 ; sb = 1146.29128171619
      k =    4 ; sb/Sb = 0.277530780119961 ; sb = 1279.70792235745
      k =    3 ; sb/Sb = 0.370961411525 ; sb = 1710.52110692821
      k =    2 ; sb/Sb = 0.429516421870133 ; sb = 1980.52110692821
      k =    1 ; sb/Sb = 0.440359942304417 ; sb = 2030.52110692821
      k =  116 ; sb/Sb = 0.48627683968219 ; sb = 2242.24615349426
      k =  115 ; sb/Sb = 0.606556851873287 ; sb = 2796.86313844874
      k =  114 ; sb/Sb = 0.748370864693987 ; sb = 3450.77444741962
      Creating new point: f = 0.216989099396983
    i = 15 ; sf/Sf = 0.668873013323615 ; sf = 2756.57203737641
      k =   10 ; sb/Sb = 0 ; sb = 0
      k =    9 ; sb/Sb = 0.0653856189957816 ; sb = 301.496268633627
      k =    8 ; sb/Sb = 0.117434517080344 ; sb = 541.496268633627
      k =    7 ; sb/Sb = 0.16080859881748 ; sb = 741.496268633627
      k =    6 ; sb/Sb = 0.226909617870052 ; sb = 1046.29128171619
      k =    5 ; sb/Sb = 0.24859665873862 ; sb = 1146.29128171619
      k =    4 ; sb/Sb = 0.277530780119961 ; sb = 1279.70792235745
      k =    3 ; sb/Sb = 0.370961411525 ; sb = 1710.52110692821
      k =    2 ; sb/Sb = 0.429516421870133 ; sb = 1980.52110692821
      k =    1 ; sb/Sb = 0.440359942304417 ; sb = 2030.52110692821
      k =  116 ; sb/Sb = 0.48627683968219 ; sb = 2242.24615349426
      k =  115 ; sb/Sb = 0.606556851873287 ; sb = 2796.86313844874
      k =  114 ; sb/Sb = 0.748370864693987 ; sb = 3450.77444741962
      Creating new point: f = 0.439421748322688
    i = 16 ; sf/Sf = 0.785973600283717 ; sf = 3239.16917785696
      k =   10 ; sb/Sb = 0 ; sb = 0
      k =    9 ; sb/Sb = 0.0653856189957816 ; sb = 301.496268633627
      k =    8 ; sb/Sb = 0.117434517080344 ; sb = 541.496268633627
      k =    7 ; sb/Sb = 0.16080859881748 ; sb = 741.496268633627
      k =    6 ; sb/Sb = 0.226909617870052 ; sb = 1046.29128171619
      k =    5 ; sb/Sb = 0.24859665873862 ; sb = 1146.29128171619
      k =    4 ; sb/Sb = 0.277530780119961 ; sb = 1279.70792235745
      k =    3 ; sb/Sb = 0.370961411525 ; sb = 1710.52110692821
      k =    2 ; sb/Sb = 0.429516421870133 ; sb = 1980.52110692821
      k =    1 ; sb/Sb = 0.440359942304417 ; sb = 2030.52110692821
      k =  116 ; sb/Sb = 0.48627683968219 ; sb = 2242.24615349426
      k =  115 ; sb/Sb = 0.606556851873287 ; sb = 2796.86313844874
      k =  114 ; sb/Sb = 0.748370864693987 ; sb = 3450.77444741962
      k =  113 ; sb/Sb = 0.854127158577985 ; sb = 3938.42186102908
      Creating new point: f = 0.355560262266526
    i = 17 ; sf/Sf = 0.869642730635282 ; sf = 3583.98797084829
      k =   10 ; sb/Sb = 0 ; sb = 0
      k =    9 ; sb/Sb = 0.0653856189957816 ; sb = 301.496268633627
      k =    8 ; sb/Sb = 0.117434517080344 ; sb = 541.496268633627
      k =    7 ; sb/Sb = 0.16080859881748 ; sb = 741.496268633627
      k =    6 ; sb/Sb = 0.226909617870052 ; sb = 1046.29128171619
      k =    5 ; sb/Sb = 0.24859665873862 ; sb = 1146.29128171619
      k =    4 ; sb/Sb = 0.277530780119961 ; sb = 1279.70792235745
      k =    3 ; sb/Sb = 0.370961411525 ; sb = 1710.52110692821
      k =    2 ; sb/Sb = 0.429516421870133 ; sb = 1980.52110692821
      k =    1 ; sb/Sb = 0.440359942304417 ; sb = 2030.52110692821
      k =  116 ; sb/Sb = 0.48627683968219 ; sb = 2242.24615349426
      k =  115 ; sb/Sb = 0.606556851873287 ; sb = 2796.86313844874
      k =  114 ; sb/Sb = 0.748370864693987 ; sb = 3450.77444741962
      k =  113 ; sb/Sb = 0.854127158577985 ; sb = 3938.42186102908
      k =  112 ; sb/Sb = 0.891564795657161 ; sb = 4111.0486260454
      Creating new point: f = 0.414437802911621
    i = 18 ; sf/Sf = 0.917500133699943 ; sf = 3781.21880008145
      k =   10 ; sb/Sb = 0 ; sb = 0
      k =    9 ; sb/Sb = 0.0653856189957816 ; sb = 301.496268633627
      k =    8 ; sb/Sb = 0.117434517080344 ; sb = 541.496268633627
      k =    7 ; sb/Sb = 0.16080859881748 ; sb = 741.496268633627
      k =    6 ; sb/Sb = 0.226909617870052 ; sb = 1046.29128171619
      k =    5 ; sb/Sb = 0.24859665873862 ; sb = 1146.29128171619
      k =    4 ; sb/Sb = 0.277530780119961 ; sb = 1279.70792235745
      k =    3 ; sb/Sb = 0.370961411525 ; sb = 1710.52110692821
      k =    2 ; sb/Sb = 0.429516421870133 ; sb = 1980.52110692821
      k =    1 ; sb/Sb = 0.440359942304417 ; sb = 2030.52110692821
      k =  116 ; sb/Sb = 0.48627683968219 ; sb = 2242.24615349426
      k =  115 ; sb/Sb = 0.606556851873287 ; sb = 2796.86313844874
      k =  114 ; sb/Sb = 0.748370864693987 ; sb = 3450.77444741962
      k =  113 ; sb/Sb = 0.854127158577985 ; sb = 3938.42186102908
      k =  112 ; sb/Sb = 0.891564795657161 ; sb = 4111.0486260454
      k =  111 ; sb/Sb = 1 ; sb = 4611.0486260454
      Creating new point: f = 0.239178209696388
Tear 3 : Sf = 4045.12380072415 ; Sb = 7468.21929510975
  Backwards path
    i = 71 ; sf/Sf = 0.0740809171827542 ; sf = 299.666481275434
      k =   70 ; sb/Sb = 0 ; sb = 0
      k =   69 ; sb/Sb = 0.0299411129901339 ; sb = 223.606797749979
      k =   68 ; sb/Sb = 0.0583141685514405 ; sb = 435.50299875415
      k =   67 ; sb/Sb = 0.0650092049482346 ; sb = 485.50299875415
      k =   66 ; sb/Sb = 0.146820422675397 ; sb = 1096.48711354057
      Creating new point: f = 0.110885921106485
    i = 72 ; sf/Sf = 0.185133525467303 ; sf = 748.888030179758
      k =   70 ; sb/Sb = 0 ; sb = 0
      k =   69 ; sb/Sb = 0.0299411129901339 ; sb = 223.606797749979
      k =   68 ; sb/Sb = 0.0583141685514405 ; sb = 435.50299875415
      k =   67 ; sb/Sb = 0.0650092049482346 ; sb = 485.50299875415
      k =   66 ; sb/Sb = 0.146820422675397 ; sb = 1096.48711354057
      k =   65 ; sb/Sb = 0.169583546424499 ; sb = 1266.48711354058
      k =   64 ; sb/Sb = 0.204730893415235 ; sb = 1528.97520850871
      Creating new point: f = 0.442422554592892
    i = 73 ; sf/Sf = 0.233891199879605 ; sf = 946.118859412918
      k =   70 ; sb/Sb = 0 ; sb = 0
      k =   69 ; sb/Sb = 0.0299411129901339 ; sb = 223.606797749979
      k =   68 ; sb/Sb = 0.0583141685514405 ; sb = 435.50299875415
      k =   67 ; sb/Sb = 0.0650092049482346 ; sb = 485.50299875415
      k =   66 ; sb/Sb = 0.146820422675397 ; sb = 1096.48711354057
      k =   65 ; sb/Sb = 0.169583546424499 ; sb = 1266.48711354058
      k =   64 ; sb/Sb = 0.204730893415235 ; sb = 1528.97520850871
      k =   63 ; sb/Sb = 0.24510146325523 ; sb = 1830.47147714234
      Creating new point: f = 0.722315948968366
    i = 232 ; sf/Sf = 0.364404912645825 ; sf = 1474.06298524443
      k =   70 ; sb/Sb = 0 ; sb = 0
      k =   69 ; sb/Sb = 0.0299411129901339 ; sb = 223.606797749979
      k =   68 ; sb/Sb = 0.0583141685514405 ; sb = 435.50299875415
      k =   67 ; sb/Sb = 0.0650092049482346 ; sb = 485.50299875415
      k =   66 ; sb/Sb = 0.146820422675397 ; sb = 1096.48711354057
      k =   65 ; sb/Sb = 0.169583546424499 ; sb = 1266.48711354058
      k =   64 ; sb/Sb = 0.204730893415235 ; sb = 1528.97520850871
      k =   63 ; sb/Sb = 0.24510146325523 ; sb = 1830.47147714234
      k =   62 ; sb/Sb = 0.275042576245364 ; sb = 2054.07827489232
      k =   61 ; sb/Sb = 0.288432649038952 ; sb = 2154.07827489232
      k =   60 ; sb/Sb = 0.318373762029086 ; sb = 2377.6850726423
      k =   59 ; sb/Sb = 0.350314067932225 ; sb = 2616.22228147983
      k =   58 ; sb/Sb = 0.364293714346394 ; sb = 2720.62534656894
      k =   57 ; sb/Sb = 0.40164217756068 ; sb = 2999.55186018856
      Creating new point: f = 0.00297731927530906
    i = 74 ; sf/Sf = 0.494918625412045 ; sf = 2002.00711107594
      k =   70 ; sb/Sb = 0 ; sb = 0
      k =   69 ; sb/Sb = 0.0299411129901339 ; sb = 223.606797749979
      k =   68 ; sb/Sb = 0.0583141685514405 ; sb = 435.50299875415
      k =   67 ; sb/Sb = 0.0650092049482346 ; sb = 485.50299875415
      k =   66 ; sb/Sb = 0.146820422675397 ; sb = 1096.48711354057
      k =   65 ; sb/Sb = 0.169583546424499 ; sb = 1266.48711354058
      k =   64 ; sb/Sb = 0.204730893415235 ; sb = 1528.97520850871
      k =   63 ; sb/Sb = 0.24510146325523 ; sb = 1830.47147714234
      k =   62 ; sb/Sb = 0.275042576245364 ; sb = 2054.07827489232
      k =   61 ; sb/Sb = 0.288432649038952 ; sb = 2154.07827489232
      k =   60 ; sb/Sb = 0.318373762029086 ; sb = 2377.6850726423
      k =   59 ; sb/Sb = 0.350314067932225 ; sb = 2616.22228147983
      k =   58 ; sb/Sb = 0.364293714346394 ; sb = 2720.62534656894
      k =   57 ; sb/Sb = 0.40164217756068 ; sb = 2999.55186018856
      k =   56 ; sb/Sb = 0.433582483463819 ; sb = 3238.08906902609
      k =   55 ; sb/Sb = 0.47145532855553 ; sb = 3520.93178150071
      k =   54 ; sb/Sb = 0.484845401349118 ; sb = 3620.93178150071
      k =   53 ; sb/Sb = 0.502709986649743 ; sb = 3754.34842214198
      Creating new point: f = 0.563865541428176
    i = 75 ; sf/Sf = 0.605474845080748 ; sf = 2449.2207065759
      k =   70 ; sb/Sb = 0 ; sb = 0
      k =   69 ; sb/Sb = 0.0299411129901339 ; sb = 223.606797749979
      k =   68 ; sb/Sb = 0.0583141685514405 ; sb = 435.50299875415
      k =   67 ; sb/Sb = 0.0650092049482346 ; sb = 485.50299875415
      k =   66 ; sb/Sb = 0.146820422675397 ; sb = 1096.48711354057
      k =   65 ; sb/Sb = 0.169583546424499 ; sb = 1266.48711354058
      k =   64 ; sb/Sb = 0.204730893415235 ; sb = 1528.97520850871
      k =   63 ; sb/Sb = 0.24510146325523 ; sb = 1830.47147714234
      k =   62 ; sb/Sb = 0.275042576245364 ; sb = 2054.07827489232
      k =   61 ; sb/Sb = 0.288432649038952 ; sb = 2154.07827489232
      k =   60 ; sb/Sb = 0.318373762029086 ; sb = 2377.6850726423
      k =   59 ; sb/Sb = 0.350314067932225 ; sb = 2616.22228147983
      k =   58 ; sb/Sb = 0.364293714346394 ; sb = 2720.62534656894
      k =   57 ; sb/Sb = 0.40164217756068 ; sb = 2999.55186018856
      k =   56 ; sb/Sb = 0.433582483463819 ; sb = 3238.08906902609
      k =   55 ; sb/Sb = 0.47145532855553 ; sb = 3520.93178150071
      k =   54 ; sb/Sb = 0.484845401349118 ; sb = 3620.93178150071
      k =   53 ; sb/Sb = 0.502709986649743 ; sb = 3754.34842214198
      k =   52 ; sb/Sb = 0.52949013223692 ; sb = 3954.34842214198
      k =   51 ; sb/Sb = 0.582002440127952 ; sb = 4346.52185316453
      k =  248 ; sb/Sb = 0.63028103416743 ; sb = 4707.07698071093
      Creating new point: f = 0.486186588896978
    i = 76 ; sf/Sf = 0.657857963977192 ; sf = 2661.11690758007
      k =   70 ; sb/Sb = 0 ; sb = 0
      k =   69 ; sb/Sb = 0.0299411129901339 ; sb = 223.606797749979
      k =   68 ; sb/Sb = 0.0583141685514405 ; sb = 435.50299875415
      k =   67 ; sb/Sb = 0.0650092049482346 ; sb = 485.50299875415
      k =   66 ; sb/Sb = 0.146820422675397 ; sb = 1096.48711354057
      k =   65 ; sb/Sb = 0.169583546424499 ; sb = 1266.48711354058
      k =   64 ; sb/Sb = 0.204730893415235 ; sb = 1528.97520850871
      k =   63 ; sb/Sb = 0.24510146325523 ; sb = 1830.47147714234
      k =   62 ; sb/Sb = 0.275042576245364 ; sb = 2054.07827489232
      k =   61 ; sb/Sb = 0.288432649038952 ; sb = 2154.07827489232
      k =   60 ; sb/Sb = 0.318373762029086 ; sb = 2377.6850726423
      k =   59 ; sb/Sb = 0.350314067932225 ; sb = 2616.22228147983
      k =   58 ; sb/Sb = 0.364293714346394 ; sb = 2720.62534656894
      k =   57 ; sb/Sb = 0.40164217756068 ; sb = 2999.55186018856
      k =   56 ; sb/Sb = 0.433582483463819 ; sb = 3238.08906902609
      k =   55 ; sb/Sb = 0.47145532855553 ; sb = 3520.93178150071
      k =   54 ; sb/Sb = 0.484845401349118 ; sb = 3620.93178150071
      k =   53 ; sb/Sb = 0.502709986649743 ; sb = 3754.34842214198
      k =   52 ; sb/Sb = 0.52949013223692 ; sb = 3954.34842214198
      k =   51 ; sb/Sb = 0.582002440127952 ; sb = 4346.52185316453
      k =  248 ; sb/Sb = 0.63028103416743 ; sb = 4707.07698071093
      k =   50 ; sb/Sb = 0.678559628206908 ; sb = 5067.63210825732
      Creating new point: f = 0.57120407829633
    i = 77 ; sf/Sf = 0.722747966829798 ; sf = 2923.60500254821
      k =   70 ; sb/Sb = 0 ; sb = 0
      k =   69 ; sb/Sb = 0.0299411129901339 ; sb = 223.606797749979
      k =   68 ; sb/Sb = 0.0583141685514405 ; sb = 435.50299875415
      k =   67 ; sb/Sb = 0.0650092049482346 ; sb = 485.50299875415
      k =   66 ; sb/Sb = 0.146820422675397 ; sb = 1096.48711354057
      k =   65 ; sb/Sb = 0.169583546424499 ; sb = 1266.48711354058
      k =   64 ; sb/Sb = 0.204730893415235 ; sb = 1528.97520850871
      k =   63 ; sb/Sb = 0.24510146325523 ; sb = 1830.47147714234
      k =   62 ; sb/Sb = 0.275042576245364 ; sb = 2054.07827489232
      k =   61 ; sb/Sb = 0.288432649038952 ; sb = 2154.07827489232
      k =   60 ; sb/Sb = 0.318373762029086 ; sb = 2377.6850726423
      k =   59 ; sb/Sb = 0.350314067932225 ; sb = 2616.22228147983
      k =   58 ; sb/Sb = 0.364293714346394 ; sb = 2720.62534656894
      k =   57 ; sb/Sb = 0.40164217756068 ; sb = 2999.55186018856
      k =   56 ; sb/Sb = 0.433582483463819 ; sb = 3238.08906902609
      k =   55 ; sb/Sb = 0.47145532855553 ; sb = 3520.93178150071
      k =   54 ; sb/Sb = 0.484845401349118 ; sb = 3620.93178150071
      k =   53 ; sb/Sb = 0.502709986649743 ; sb = 3754.34842214198
      k =   52 ; sb/Sb = 0.52949013223692 ; sb = 3954.34842214198
      k =   51 ; sb/Sb = 0.582002440127952 ; sb = 4346.52185316453
      k =  248 ; sb/Sb = 0.63028103416743 ; sb = 4707.07698071093
      k =   50 ; sb/Sb = 0.678559628206908 ; sb = 5067.63210825732
      k =   49 ; sb/Sb = 0.742060204357063 ; sb = 5541.8683363125
      Creating new point: f = 0.695873034575333
    i = 78 ; sf/Sf = 0.77274334252766 ; sf = 3125.84248670977
      k =   70 ; sb/Sb = 0 ; sb = 0
      k =   69 ; sb/Sb = 0.0299411129901339 ; sb = 223.606797749979
      k =   68 ; sb/Sb = 0.0583141685514405 ; sb = 435.50299875415
      k =   67 ; sb/Sb = 0.0650092049482346 ; sb = 485.50299875415
      k =   66 ; sb/Sb = 0.146820422675397 ; sb = 1096.48711354057
      k =   65 ; sb/Sb = 0.169583546424499 ; sb = 1266.48711354058
      k =   64 ; sb/Sb = 0.204730893415235 ; sb = 1528.97520850871
      k =   63 ; sb/Sb = 0.24510146325523 ; sb = 1830.47147714234
      k =   62 ; sb/Sb = 0.275042576245364 ; sb = 2054.07827489232
      k =   61 ; sb/Sb = 0.288432649038952 ; sb = 2154.07827489232
      k =   60 ; sb/Sb = 0.318373762029086 ; sb = 2377.6850726423
      k =   59 ; sb/Sb = 0.350314067932225 ; sb = 2616.22228147983
      k =   58 ; sb/Sb = 0.364293714346394 ; sb = 2720.62534656894
      k =   57 ; sb/Sb = 0.40164217756068 ; sb = 2999.55186018856
      k =   56 ; sb/Sb = 0.433582483463819 ; sb = 3238.08906902609
      k =   55 ; sb/Sb = 0.47145532855553 ; sb = 3520.93178150071
      k =   54 ; sb/Sb = 0.484845401349118 ; sb = 3620.93178150071
      k =   53 ; sb/Sb = 0.502709986649743 ; sb = 3754.34842214198
      k =   52 ; sb/Sb = 0.52949013223692 ; sb = 3954.34842214198
      k =   51 ; sb/Sb = 0.582002440127952 ; sb = 4346.52185316453
      k =  248 ; sb/Sb = 0.63028103416743 ; sb = 4707.07698071093
      k =   50 ; sb/Sb = 0.678559628206908 ; sb = 5067.63210825732
      k =   49 ; sb/Sb = 0.742060204357063 ; sb = 5541.8683363125
      k =   48 ; sb/Sb = 0.85287468646392 ; sb = 6369.45518976052
      Creating new point: f = 0.276887439143648
    i = 79 ; sf/Sf = 0.813288997678982 ; sf = 3289.85468137834
      k =   70 ; sb/Sb = 0 ; sb = 0
      k =   69 ; sb/Sb = 0.0299411129901339 ; sb = 223.606797749979
      k =   68 ; sb/Sb = 0.0583141685514405 ; sb = 435.50299875415
      k =   67 ; sb/Sb = 0.0650092049482346 ; sb = 485.50299875415
      k =   66 ; sb/Sb = 0.146820422675397 ; sb = 1096.48711354057
      k =   65 ; sb/Sb = 0.169583546424499 ; sb = 1266.48711354058
      k =   64 ; sb/Sb = 0.204730893415235 ; sb = 1528.97520850871
      k =   63 ; sb/Sb = 0.24510146325523 ; sb = 1830.47147714234
      k =   62 ; sb/Sb = 0.275042576245364 ; sb = 2054.07827489232
      k =   61 ; sb/Sb = 0.288432649038952 ; sb = 2154.07827489232
      k =   60 ; sb/Sb = 0.318373762029086 ; sb = 2377.6850726423
      k =   59 ; sb/Sb = 0.350314067932225 ; sb = 2616.22228147983
      k =   58 ; sb/Sb = 0.364293714346394 ; sb = 2720.62534656894
      k =   57 ; sb/Sb = 0.40164217756068 ; sb = 2999.55186018856
      k =   56 ; sb/Sb = 0.433582483463819 ; sb = 3238.08906902609
      k =   55 ; sb/Sb = 0.47145532855553 ; sb = 3520.93178150071
      k =   54 ; sb/Sb = 0.484845401349118 ; sb = 3620.93178150071
      k =   53 ; sb/Sb = 0.502709986649743 ; sb = 3754.34842214198
      k =   52 ; sb/Sb = 0.52949013223692 ; sb = 3954.34842214198
      k =   51 ; sb/Sb = 0.582002440127952 ; sb = 4346.52185316453
      k =  248 ; sb/Sb = 0.63028103416743 ; sb = 4707.07698071093
      k =   50 ; sb/Sb = 0.678559628206908 ; sb = 5067.63210825732
      k =   49 ; sb/Sb = 0.742060204357063 ; sb = 5541.8683363125
      k =   48 ; sb/Sb = 0.85287468646392 ; sb = 6369.45518976052
      Creating new point: f = 0.642775131622547
    i = 80 ; sf/Sf = 0.858738227953613 ; sf = 3473.70244448684
      k =   70 ; sb/Sb = 0 ; sb = 0
      k =   69 ; sb/Sb = 0.0299411129901339 ; sb = 223.606797749979
      k =   68 ; sb/Sb = 0.0583141685514405 ; sb = 435.50299875415
      k =   67 ; sb/Sb = 0.0650092049482346 ; sb = 485.50299875415
      k =   66 ; sb/Sb = 0.146820422675397 ; sb = 1096.48711354057
      k =   65 ; sb/Sb = 0.169583546424499 ; sb = 1266.48711354058
      k =   64 ; sb/Sb = 0.204730893415235 ; sb = 1528.97520850871
      k =   63 ; sb/Sb = 0.24510146325523 ; sb = 1830.47147714234
      k =   62 ; sb/Sb = 0.275042576245364 ; sb = 2054.07827489232
      k =   61 ; sb/Sb = 0.288432649038952 ; sb = 2154.07827489232
      k =   60 ; sb/Sb = 0.318373762029086 ; sb = 2377.6850726423
      k =   59 ; sb/Sb = 0.350314067932225 ; sb = 2616.22228147983
      k =   58 ; sb/Sb = 0.364293714346394 ; sb = 2720.62534656894
      k =   57 ; sb/Sb = 0.40164217756068 ; sb = 2999.55186018856
      k =   56 ; sb/Sb = 0.433582483463819 ; sb = 3238.08906902609
      k =   55 ; sb/Sb = 0.47145532855553 ; sb = 3520.93178150071
      k =   54 ; sb/Sb = 0.484845401349118 ; sb = 3620.93178150071
      k =   53 ; sb/Sb = 0.502709986649743 ; sb = 3754.34842214198
      k =   52 ; sb/Sb = 0.52949013223692 ; sb = 3954.34842214198
      k =   51 ; sb/Sb = 0.582002440127952 ; sb = 4346.52185316453
      k =  248 ; sb/Sb = 0.63028103416743 ; sb = 4707.07698071093
      k =   50 ; sb/Sb = 0.678559628206908 ; sb = 5067.63210825732
      k =   49 ; sb/Sb = 0.742060204357063 ; sb = 5541.8683363125
      k =   48 ; sb/Sb = 0.85287468646392 ; sb = 6369.45518976052
      k =  465 ; sb/Sb = 0.90394162242819 ; sb = 6750.83426627102
      Creating new point: f = 0.114820703043469
    i = 81 ; sf/Sf = 0.915596809131975 ; sf = 3703.70244448684
      k =   70 ; sb/Sb = 0 ; sb = 0
      k =   69 ; sb/Sb = 0.0299411129901339 ; sb = 223.606797749979
      k =   68 ; sb/Sb = 0.0583141685514405 ; sb = 435.50299875415
      k =   67 ; sb/Sb = 0.0650092049482346 ; sb = 485.50299875415
      k =   66 ; sb/Sb = 0.146820422675397 ; sb = 1096.48711354057
      k =   65 ; sb/Sb = 0.169583546424499 ; sb = 1266.48711354058
      k =   64 ; sb/Sb = 0.204730893415235 ; sb = 1528.97520850871
      k =   63 ; sb/Sb = 0.24510146325523 ; sb = 1830.47147714234
      k =   62 ; sb/Sb = 0.275042576245364 ; sb = 2054.07827489232
      k =   61 ; sb/Sb = 0.288432649038952 ; sb = 2154.07827489232
      k =   60 ; sb/Sb = 0.318373762029086 ; sb = 2377.6850726423
      k =   59 ; sb/Sb = 0.350314067932225 ; sb = 2616.22228147983
      k =   58 ; sb/Sb = 0.364293714346394 ; sb = 2720.62534656894
      k =   57 ; sb/Sb = 0.40164217756068 ; sb = 2999.55186018856
      k =   56 ; sb/Sb = 0.433582483463819 ; sb = 3238.08906902609
      k =   55 ; sb/Sb = 0.47145532855553 ; sb = 3520.93178150071
      k =   54 ; sb/Sb = 0.484845401349118 ; sb = 3620.93178150071
      k =   53 ; sb/Sb = 0.502709986649743 ; sb = 3754.34842214198
      k =   52 ; sb/Sb = 0.52949013223692 ; sb = 3954.34842214198
      k =   51 ; sb/Sb = 0.582002440127952 ; sb = 4346.52185316453
      k =  248 ; sb/Sb = 0.63028103416743 ; sb = 4707.07698071093
      k =   50 ; sb/Sb = 0.678559628206908 ; sb = 5067.63210825732
      k =   49 ; sb/Sb = 0.742060204357063 ; sb = 5541.8683363125
      k =   48 ; sb/Sb = 0.85287468646392 ; sb = 6369.45518976052
      k =  465 ; sb/Sb = 0.90394162242819 ; sb = 6750.83426627102
      k =   47 ; sb/Sb = 0.955008558392461 ; sb = 7132.21334278152
      Creating new point: f = 0.228233522996954
    i = 82 ; sf/Sf = 0.950557755497076 ; sf = 3845.12380072415
      k =   70 ; sb/Sb = 0 ; sb = 0
      k =   69 ; sb/Sb = 0.0299411129901339 ; sb = 223.606797749979
      k =   68 ; sb/Sb = 0.0583141685514405 ; sb = 435.50299875415
      k =   67 ; sb/Sb = 0.0650092049482346 ; sb = 485.50299875415
      k =   66 ; sb/Sb = 0.146820422675397 ; sb = 1096.48711354057
      k =   65 ; sb/Sb = 0.169583546424499 ; sb = 1266.48711354058
      k =   64 ; sb/Sb = 0.204730893415235 ; sb = 1528.97520850871
      k =   63 ; sb/Sb = 0.24510146325523 ; sb = 1830.47147714234
      k =   62 ; sb/Sb = 0.275042576245364 ; sb = 2054.07827489232
      k =   61 ; sb/Sb = 0.288432649038952 ; sb = 2154.07827489232
      k =   60 ; sb/Sb = 0.318373762029086 ; sb = 2377.6850726423
      k =   59 ; sb/Sb = 0.350314067932225 ; sb = 2616.22228147983
      k =   58 ; sb/Sb = 0.364293714346394 ; sb = 2720.62534656894
      k =   57 ; sb/Sb = 0.40164217756068 ; sb = 2999.55186018856
      k =   56 ; sb/Sb = 0.433582483463819 ; sb = 3238.08906902609
      k =   55 ; sb/Sb = 0.47145532855553 ; sb = 3520.93178150071
      k =   54 ; sb/Sb = 0.484845401349118 ; sb = 3620.93178150071
      k =   53 ; sb/Sb = 0.502709986649743 ; sb = 3754.34842214198
      k =   52 ; sb/Sb = 0.52949013223692 ; sb = 3954.34842214198
      k =   51 ; sb/Sb = 0.582002440127952 ; sb = 4346.52185316453
      k =  248 ; sb/Sb = 0.63028103416743 ; sb = 4707.07698071093
      k =   50 ; sb/Sb = 0.678559628206908 ; sb = 5067.63210825732
      k =   49 ; sb/Sb = 0.742060204357063 ; sb = 5541.8683363125
      k =   48 ; sb/Sb = 0.85287468646392 ; sb = 6369.45518976052
      k =  465 ; sb/Sb = 0.90394162242819 ; sb = 6750.83426627102
      k =   47 ; sb/Sb = 0.955008558392461 ; sb = 7132.21334278152
      Creating new point: f = 0.912843744952736
Tear 4 : Sf = 1190.57553540931 ; Sb = 1039.32663739903
  Backwards path
    i = 95 ; sf/Sf = 0.282221448648122 ; sf = 336.005952328229
      k =   94 ; sb/Sb = 0 ; sb = 0
      k =   93 ; sb/Sb = 0.215145835489762 ; sb = 223.606797749979
      k =   92 ; sb/Sb = 0.619368161402019 ; sb = 643.725828501979
      Creating new point: f = 0.165937428139285
    i = 96 ; sf/Sf = 0.457603962371978 ; sf = 544.81208250644
      k =   94 ; sb/Sb = 0 ; sb = 0
      k =   93 ; sb/Sb = 0.215145835489762 ; sb = 223.606797749979
      k =   92 ; sb/Sb = 0.619368161402019 ; sb = 643.725828501979
      Creating new point: f = 0.599813793894318
    i = 97 ; sf/Sf = 0.678075563846548 ; sf = 807.300177474574
      k =   94 ; sb/Sb = 0 ; sb = 0
      k =   93 ; sb/Sb = 0.215145835489762 ; sb = 223.606797749979
      k =   92 ; sb/Sb = 0.619368161402019 ; sb = 643.725828501979
      k =   91 ; sb/Sb = 1 ; sb = 1039.32663739903
      Creating new point: f = 0.154236709836918
Triangulating...
[1] "Non-adjacent points in rim connected by line: 505 15"
[1] "In triangle: 266" "In triangle: 275"
[1] "Other points in triangles: 14 124"
[1] "Non-adjacent points in rim connected by line: 530 529"
[1] "In triangle: 714" "In triangle: 760"
[1] "Other points in triangles: 77 479"
[1] "Non-adjacent points in rim connected by line: 539 538"
[1] "In triangle: 471" "In triangle: 512"
[1] "Other points in triangles: 34 593"
Merging points...
Projecting to sphere...
Optimising mapping with FIRE...
E =  0.01368 | E_L =  0.01368 | E_A =  0.00000 |   0 flippped triangles
E =  0.01010 | E_L =  0.01010 | E_A =  0.00000 | 158 flippped triangles
        phi0    phi0.1    phi0.2    phi0.3    phi0.4    phi0.5    phi0.6
id     60.00    63.000   69.0000     77.00    94.000    97.000   107.000
A   16736.30  2286.407  632.5902  35834.13  7084.105 14206.060  3102.780
a  -19947.56 -1111.136 -699.6133 -28345.64 -7959.862 -5826.418 -2756.635
      phi0.7    phi0.8    phi0.9   phi0.10   phi0.11  phi0.12   phi0.13
id   109.000    113.00    134.00    276.00    293.00   377.00    434.00
A   3127.086  33361.33  21343.85  68172.33  32755.71 14681.53  56758.07
a  -4256.473 -27978.61 -17880.96 -65860.70 -31491.01 -8668.54 -10083.35
    phi0.14    phi0.15   phi0.16   phi0.17   phi0.18   phi0.19   phi0.20
id    445.0     447.00    448.00    467.00   482.000   483.000    484.00
A  104731.0   97316.92  91008.55  27621.80  5608.611  7551.524  18822.36
a  -89652.3 -103309.81 -86040.70 -26320.01 -5679.739 -7176.907 -18810.62
     phi0.21   phi0.22   phi0.23   phi0.24   phi0.25   phi0.26   phi0.27
id   485.000    486.00    491.00    493.00    495.00    498.00    501.00
A   9885.086  23860.38  67127.27  58707.53  53985.53  60075.28  15587.11
a  -9217.463 -19929.12 -24871.34 -21309.99 -38833.44 -46703.86 -18681.77
     phi0.28   phi0.29   phi0.30   phi0.31   phi0.32   phi0.33   phi0.34
id    502.00    503.00    505.00    506.00 508.00000   511.000   513.000
A   30398.36  40128.29  62040.83  36009.10 261.02833  1959.507  7610.556
a  -15186.12 -44325.06 -57849.08 -22839.95 -36.23579 -1324.673 -6505.275
     phi0.35   phi0.36  phi0.37   phi0.38   phi0.39    phi0.40   phi0.41
id   516.000   520.000   521.00    527.00    536.00    538.000    550.00
A   7672.575  1530.117  3174.18  73349.91  16840.74   9209.431  11007.02
a  -6586.777 -1317.136 -2011.64 -73235.31 -17361.44 -11446.952 -12764.99
     phi0.42   phi0.43   phi0.44   phi0.45  phi0.46    phi0.47   phi0.48
id   565.000   697.000   699.000  700.0000    706.0   708.0000   709.000
A  28543.116  2395.650  3819.685  436.6015  25775.0   757.7544  5049.456
a  -8141.589 -2711.343 -2305.589 -645.2843 -18949.4 -1077.6621 -3511.766
    phi0.49   phi0.50   phi0.51   phi0.52    phi0.53   phi0.54   phi0.55
id   710.00    723.00   726.000   733.000    734.000   735.000   737.000
A  11567.32  19334.23  8991.204  4186.658   7801.357  5329.275  7199.959
a  -6446.25 -14039.10 -6288.484 -5207.047 -12827.183 -7637.438 -5707.513
     phi0.56   phi0.57   phi0.58   phi0.59    phi0.60   phi0.61   phi0.62
id    738.00   742.000   744.000   745.000    746.000   754.000   758.000
A   10171.80  3106.815  2769.747  2675.600   8865.438  6838.282  3878.181
a  -10597.58 -4227.074 -3568.270 -3155.352 -10995.872 -4563.495 -6773.481
     phi0.63   phi0.64    phi0.65   phi0.66   phi0.67   phi0.68   phi0.69
id    759.00   760.000    761.000 765.00000 767.00000   771.000    773.00
A   17580.51  2175.685   9072.341  91.26083  34.26122  1146.437  12356.98
a  -16849.41 -2365.603 -11235.270 -63.61853 -35.22537 -1456.899 -10713.39
     phi0.70   phi0.71   phi0.72   phi0.73   phi0.74   phi0.75   phi0.76
id   777.000   778.000    783.00    785.00    824.00    825.00    829.00
A   1523.929   909.788  16791.84  37168.30  96148.14  91498.84  53354.45
a  -2506.344 -1249.803 -18815.98 -10502.47 -63609.89 -37346.63 -22992.82
     phi0.77   phi0.78   phi0.79   phi0.80   phi0.81   phi0.82   phi0.83
id    834.00    837.00    842.00     845.0    848.00    849.00   854.000
A   82895.96  72371.93  52960.54  112390.3  69100.79  95172.11  6400.425
a  -67243.40 -53720.09 -57031.12 -112724.5 -34563.83 -53871.69 -7056.147
     phi0.84   phi0.85   phi0.86   phi0.87   phi0.88   phi0.89   phi0.90
id    855.00    860.00    867.00   869.000   870.000  871.0000    874.00
A   79646.59  50718.25  23176.82  7922.038  7316.615  152.9297  21708.52
a  -79437.45 -33783.46 -23408.08 -7494.725 -4235.992 -141.6208 -25193.83
     phi0.91   phi0.92   phi0.93   phi0.94   phi0.95   phi0.96   phi0.97
id   884.000   887.000    891.00    893.00    894.00    896.00    897.00
A  16607.421  4730.294  50517.78  61780.83  48226.59  63486.61  48226.59
a  -3558.825 -3470.697 -22974.98 -61765.61 -53376.85 -53122.18 -47554.90
     phi0.98   phi0.99  phi0.100  phi0.101  phi0.102   phi0.103  phi0.104
id    898.00    900.00    902.00    904.00    905.00    906.000    907.00
A   63486.61  45474.85  59763.30  33875.98  79925.68   8752.916  17197.55
a  -76522.12 -53839.00 -70112.94 -32836.73 -45163.97 -10557.604 -21603.76
    phi0.105  phi0.106  phi0.107  phi0.108  phi0.109  phi0.110  phi0.111
id    910.00    915.00    916.00    917.00    921.00   927.000    928.00
A   14128.15  31127.39  27836.40  83304.76  54925.98 10637.347  17801.48
a  -14969.13 -21856.47 -24315.93 -46260.01 -28584.22 -9178.559 -15059.86
    phi0.112  phi0.113  phi0.114  phi0.115  phi0.116  phi0.117  phi0.118
id   929.000    932.00    934.00    936.00    937.00   938.000    940.00
A   4562.692  11471.10  21871.41  82391.76  83025.50 91101.013  98422.34
a  -2233.362 -14674.71 -22189.43 -76265.05 -61196.97 -9860.127 -90277.12
    phi0.119  phi0.120  phi0.121  phi0.122  phi0.123  phi0.124  phi0.125
id    943.00    946.00    948.00    950.00 951.00000   958.000    962.00
A  117080.67 106416.44  54284.61  66706.94 311.06768  2888.246  12500.00
a  -97799.34 -96404.13 -52369.40 -42577.04 -39.86866 -2530.069 -11946.93
    phi0.126   phi0.127  phi0.128  phi0.129  phi0.130  phi0.131  phi0.132
id    964.00   967.0000 971.00000    973.00   974.000    976.00    983.00
A   18148.19   987.9031 117.51672  13375.00 14669.238  12500.00  14625.00
a  -14140.08 -1206.3554 -87.79175 -14321.37 -4366.153 -11598.48 -13485.94
    phi0.133  phi0.134  phi0.135  phi0.136  phi0.137  phi0.138  phi0.139
id   986.000   987.000    992.00    995.00    997.00    999.00   1000.00
A  12576.832  4343.565  61441.69  49221.51  76587.06  90038.70  73460.13
a  -9863.409 -2896.892 -64667.99 -19515.80 -63926.12 -62683.28 -63891.14
    phi0.140  phi0.141  phi0.142  phi0.143  phi0.144  phi0.145 phi0.146
id   1001.00  1005.000   1006.00   1014.00   1019.00   1021.00   1023.0
A   56429.74 10966.827  75365.05  11112.96  65049.76  54980.28  82575.6
a  -60912.79 -9804.147 -88508.04 -10846.25 -64726.69 -70154.74 -12643.5
    phi0.147  phi0.148  phi0.149  phi0.150  phi0.151  phi0.152  phi0.153
id   1025.00   1026.00   1033.00   1037.00   1038.00   1041.00   1043.00
A   57435.94  13437.16  10940.13  32475.51  19015.22  33589.55  35498.23
a  -45851.38 -15607.26 -11047.09 -13699.44 -19521.25 -22641.85 -26935.04
    phi0.154  phi0.155  phi0.156  phi0.157
id   1044.00   1045.00   1047.00  1054.000
A   73892.37  98013.33  40844.63  3552.449
a  -23119.58 -43809.98 -24382.15 -3374.922
E =  0.00920 | E_L =  0.00920 | E_A =  0.00000 | 147 flippped triangles
        phi0    phi0.1    phi0.2    phi0.3    phi0.4    phi0.5    phi0.6
id     60.00    63.000    67.000   69.0000     77.00    94.000    97.000
A   16736.30  2286.407  5982.824  632.5902  35834.13  7084.105 14206.060
a  -18654.01 -2032.742 -2542.757 -610.3090 -25823.37 -7412.523 -8089.533
      phi0.7    phi0.8    phi0.9   phi0.10   phi0.11   phi0.12   phi0.13
id   107.000   109.000    113.00   130.000    134.00    276.00    293.00
A   3102.780  3127.086  33361.33 41044.394  21343.85  68172.33  32755.71
a  -2907.758 -4200.789 -33135.33 -8759.186 -22637.19 -69791.65 -30973.85
     phi0.14   phi0.15   phi0.16   phi0.17   phi0.18   phi0.19   phi0.20
id    377.00    447.00    448.00    467.00   482.000   483.000    484.00
A   14681.53  97316.92  91008.55  27621.80  5608.611  7551.524  18822.36
a  -10088.00 -69495.80 -54491.72 -24913.76 -5063.876 -6904.344 -19043.44
     phi0.21   phi0.22   phi0.23   phi0.24   phi0.25   phi0.26   phi0.27
id   485.000    486.00    493.00    495.00    498.00    501.00    502.00
A   9885.086  23860.38  58707.53  53985.53  60075.28  15587.11  30398.36
a  -8966.658 -22246.62 -49270.92 -42124.07 -16723.11 -14949.26 -14410.99
     phi0.28   phi0.29   phi0.30   phi0.31   phi0.32   phi0.33   phi0.34
id    503.00    504.00    505.00    506.00   511.000   513.000   516.000
A   40128.29  61985.52  62040.83  36009.10  1959.507  7610.556  7672.575
a  -44242.42 -64856.77 -30626.67 -21466.74 -1692.566 -6308.794 -6052.658
     phi0.35   phi0.36   phi0.37   phi0.38   phi0.39   phi0.40   phi0.41
id   520.000   521.000    527.00    536.00   538.000    550.00   556.000
A   1530.117  3174.180  73349.91  16840.74  9209.431  11007.02 65895.129
a  -1267.854 -1626.792 -73067.50 -13777.92 -8674.103 -13249.84 -2957.183
     phi0.42   phi0.43   phi0.44   phi0.45   phi0.46    phi0.47   phi0.48
id   565.000   697.000  699.0000  700.0000    706.00   708.0000   709.000
A  28543.116  2395.650 3819.6853  436.6015  25775.00   757.7544  5049.456
a  -2808.952 -2149.362 -977.2161 -570.8000 -25010.76 -1006.5224 -2848.641
     phi0.49   phi0.50   phi0.51   phi0.52   phi0.53   phi0.54    phi0.55
id   710.000    723.00   724.000   726.000   730.000   733.000    734.000
A  11567.319  19334.23  9919.381  8991.204  5982.824  4186.658   7801.357
a  -6537.727 -16286.87 -4180.071 -6779.584 -3932.933 -4939.355 -13469.514
     phi0.56   phi0.57   phi0.58   phi0.59   phi0.60   phi0.61   phi0.62
id   735.000   737.000   738.000   742.000   744.000   745.000   746.000
A   5329.275  7199.959 10171.798  3106.815  2769.747  2675.600  8865.438
a  -6738.371 -5191.734 -7842.873 -4283.532 -3211.629 -2655.461 -9886.509
     phi0.63   phi0.64   phi0.65   phi0.66    phi0.67      phi0.68   phi0.69
id   754.000   758.000    759.00   760.000    761.000 769.00000000   771.000
A   6838.282  3878.181  17580.51  2175.685   9072.341   0.27252401  1146.437
a  -3980.006 -6272.834 -16337.58 -2136.512 -10661.180  -0.07460941 -1369.708
     phi0.70   phi0.71   phi0.72   phi0.73   phi0.74   phi0.75   phi0.76
id    773.00   777.000   778.000    783.00   785.000    842.00   854.000
A   12356.98  1523.929   909.788  16791.84 37168.299  52960.54  6400.425
a  -12026.80 -2417.453 -1120.277 -13701.12 -2159.391 -54555.09 -6582.523
     phi0.77   phi0.78   phi0.79   phi0.80   phi0.81   phi0.82  phi0.83
id    855.00    860.00    867.00   869.000  871.0000    874.00   884.00
A   79646.59  50718.25  23176.82  7922.038  152.9297  21708.52 16607.42
a  -75025.33 -28105.16 -19259.66 -6844.233 -180.0213 -21382.07 -8133.18
     phi0.84   phi0.85   phi0.86   phi0.87   phi0.88   phi0.89   phi0.90
id   887.000    893.00    894.00    896.00    897.00    898.00    900.00
A   4730.294  61780.83  48226.59  63486.61  48226.59  63486.61  45474.85
a  -4563.038 -59186.96 -41090.65 -32673.04 -38367.62 -63592.38 -21411.25
    phi0.91   phi0.92   phi0.93   phi0.94   phi0.95   phi0.96   phi0.97
id    902.0    904.00    905.00   906.000    907.00    910.00    916.00
A   59763.3  33875.98  79925.68  8752.916  17197.55  14128.15  27836.40
a  -53022.4 -26449.14 -14493.46 -7623.594 -17055.35 -10594.90 -20848.87
     phi0.98   phi0.99  phi0.100  phi0.101  phi0.102  phi0.103  phi0.104
id    917.00    921.00   927.000    928.00   929.000    932.00    934.00
A   83304.76  54925.98 10637.347  17801.48  4562.692  11471.10  21871.41
a  -49380.44 -51831.61 -9044.295 -12553.96 -2100.460 -12733.54 -20362.58
    phi0.105  phi0.106  phi0.107  phi0.108  phi0.109  phi0.110  phi0.111
id    935.00    936.00    940.00    943.00    946.00    948.00  958.0000
A   70246.51  82391.76  98422.34 117080.67 106416.44  54284.61 2888.2463
a  -61816.27 -73885.44 -96292.70 -88922.89 -81262.34 -45324.84 -421.3089
    phi0.112  phi0.113  phi0.114  phi0.115   phi0.116  phi0.117  phi0.118
id  961.0000   962.000   963.000    964.00   967.0000    973.00   976.000
A  6456.1542 12500.000  7500.000  18148.19   987.9031  13375.00 12500.000
a  -405.8381 -9839.585 -5007.055 -13620.33 -1185.2003 -15395.67 -9752.552
    phi0.119  phi0.120  phi0.121  phi0.122  phi0.123  phi0.124  phi0.125
id    983.00   986.000   987.000    992.00    993.00    995.00    996.00
A   14625.00 12576.832  4343.565  61441.69  85908.11  49221.51  49221.51
a  -13967.17 -9026.461 -4609.191 -57832.51 -39324.28 -43119.98 -26123.03
    phi0.126  phi0.127  phi0.128  phi0.129  phi0.130  phi0.131  phi0.132
id    997.00    999.00   1000.00   1001.00   1002.00  1005.000   1006.00
A   76587.06  90038.70  73460.13  56429.74  58867.29 10966.827  75365.05
a  -62094.87 -76007.48 -69262.86 -59138.55 -31190.10 -8179.903 -76510.41
    phi0.133  phi0.134  phi0.135  phi0.136  phi0.137  phi0.138  phi0.139
id   1014.00   1019.00   1021.00   1025.00   1026.00   1033.00  1035.000
A   11112.96  65049.76  54980.28  57435.94  13437.16  10940.13 53877.177
a  -10323.36 -67368.60 -58204.51 -32836.67 -10095.89 -10333.79 -3894.832
    phi0.140  phi0.141  phi0.142  phi0.143  phi0.144  phi0.145  phi0.146
id   1037.00   1038.00   1041.00   1043.00   1044.00   1047.00  1054.000
A   32475.51  19015.22  33589.55  35498.23  73892.37  40844.63  3552.449
a  -12152.50 -18293.42 -23443.40 -27281.95 -36245.53 -30710.99 -3760.287
E =  0.00915 | E_L =  0.00915 | E_A =  0.00000 | 146 flippped triangles
        phi0    phi0.1    phi0.2    phi0.3    phi0.4    phi0.5    phi0.6
id     60.00    63.000     77.00    94.000   107.000   109.000  111.0000
A   16736.30  2286.407  35834.13  7084.105  3102.780  3127.086  505.3292
a  -18589.65 -2106.669 -27015.85 -6229.604 -2960.262 -4460.472 -441.3898
      phi0.7    phi0.8    phi0.9   phi0.10   phi0.11   phi0.12   phi0.13
id    113.00    130.00    134.00    136.00    276.00    293.00   377.000
A   33361.33  41044.39  21343.85  67070.55  68172.33  32755.71 14681.531
a  -34175.21 -28557.06 -24489.74 -11090.75 -59694.99 -30714.84 -9862.979
     phi0.14   phi0.15  phi0.16   phi0.17   phi0.18   phi0.19   phi0.20
id    447.00    448.00    454.0    467.00   482.000   483.000    484.00
A   97316.92  91008.55  85097.0  27621.80  5608.611  7551.524  18822.36
a  -70197.08 -45700.86 -59639.3 -26495.79 -5537.540 -7569.627 -18546.41
     phi0.21   phi0.22   phi0.23   phi0.24    phi0.25   phi0.26   phi0.27
id   485.000    486.00    493.00    495.00   496.0000    501.00    502.00
A   9885.086  23860.38  58707.53  53985.53 26861.3115  15587.11  30398.36
a  -9254.205 -23365.96 -56573.63 -47253.77  -566.6412 -18787.62 -12811.80
     phi0.28   phi0.29   phi0.30   phi0.31   phi0.32   phi0.33   phi0.34
id    503.00    504.00    505.00    506.00 508.00000  511.0000   513.000
A   40128.29  61985.52  62040.83  36009.10 261.02833 1959.5072  7610.556
a  -46349.30 -64210.87 -22586.85 -18101.73 -29.75675 -810.6087 -5684.737
     phi0.35   phi0.36   phi0.37   phi0.38   phi0.39   phi0.40   phi0.41
id   516.000   520.000   521.000    527.00    536.00   538.000    547.00
A   7672.575  1530.117  3174.180  73349.91  16840.74  9209.431  32458.06
a  -6656.114 -1041.763 -1097.851 -61727.46 -15298.95 -9917.255 -12220.05
     phi0.42   phi0.43  phi0.44  phi0.45   phi0.46   phi0.47    phi0.48
id    550.00    556.00   565.00   697.00  699.0000  700.0000   708.0000
A   11007.02  65895.13 28543.12  2395.65 3819.6853  436.6015   757.7544
a  -12313.13 -13384.95 -5338.62 -2279.33 -770.9236 -603.1828 -1048.2492
     phi0.49   phi0.50   phi0.51   phi0.52   phi0.53   phi0.54   phi0.55
id   709.000   714.000    723.00   724.000   726.000   730.000   733.000
A   5049.456  2277.468  19334.23  9919.381  8991.204  5982.824  4186.658
a  -1435.185 -2084.299 -15658.81 -3202.390 -7235.656 -7189.493 -5134.044
      phi0.56   phi0.57   phi0.58   phi0.59   phi0.60   phi0.61    phi0.62
id    734.000   735.000   738.000   742.000   744.000   745.000    746.000
A    7801.357  5329.275 10171.798  3106.815  2769.747  2675.600   8865.438
a  -13197.572 -6651.709 -7773.853 -4815.009 -3284.743 -2815.374 -10682.133
     phi0.63   phi0.64   phi0.65   phi0.66   phi0.67   phi0.68   phi0.69
id   753.000   754.000   758.000    759.00   760.000   761.000 765.00000
A  37192.621  6838.282  3878.181  17580.51  2175.685  9072.341  91.26083
a  -6053.429 -2266.062 -5267.685 -14813.27 -1871.908 -8263.189 -65.47108
     phi0.70   phi0.71   phi0.72   phi0.73   phi0.74   phi0.75   phi0.76
id 767.00000   771.000    773.00   777.000   778.000    783.00   785.000
A   34.26122  1146.437  12356.98  1523.929   909.788  16791.84 37168.299
a  -32.17954 -1423.333 -12370.42 -2540.102 -1179.114 -13807.32 -6170.206
     phi0.77   phi0.78   phi0.79   phi0.80   phi0.81   phi0.82   phi0.83
id    842.00   854.000    855.00    858.00    867.00   869.000  871.0000
A   52960.54  6400.425  79646.59  51229.04  23176.82  7922.038  152.9297
a  -51132.31 -6247.725 -64212.32 -36251.12 -22154.22 -6660.048 -154.4451
     phi0.84   phi0.85   phi0.86   phi0.87   phi0.88   phi0.89   phi0.90
id    874.00   884.000   887.000    891.00   893.000    894.00    896.00
A   21708.52 16607.421  4730.294  50517.78 61780.833  48226.59  63486.61
a  -23102.37 -8469.735 -4488.366 -15645.54 -8431.199 -34802.08 -39075.86
     phi0.91   phi0.92   phi0.93  phi0.94   phi0.95   phi0.96   phi0.97
id    897.00    898.00    900.00    902.0    904.00   906.000    907.00
A   48226.59  63486.61  45474.85  59763.3  33875.98  8752.916  17197.55
a  -42883.94 -57646.92 -15388.95 -44621.2 -30216.47 -9640.379 -21010.26
     phi0.98   phi0.99  phi0.100  phi0.101    phi0.102  phi0.103  phi0.104
id    910.00    915.00    916.00    921.00 925.0000000   927.000    928.00
A   14128.15  31127.39  27836.40  54925.98   0.9289135 10637.347  17801.48
a  -12640.73 -24001.08 -25795.35 -46253.82  -0.4952487 -8177.632 -14950.20
    phi0.105  phi0.106  phi0.107  phi0.108  phi0.109  phi0.110  phi0.111
id   929.000    932.00    934.00    935.00    936.00    940.00    943.00
A   4562.692  11471.10  21871.41  70246.51  82391.76  98422.34 117080.67
a  -2562.048 -13026.59 -21382.55 -47807.95 -75420.41 -72012.87 -65806.29
    phi0.112  phi0.113  phi0.114  phi0.115  phi0.116  phi0.117  phi0.118
id    946.00    948.00 951.00000   958.000  961.0000   962.000   963.000
A  106416.44  54284.61 311.06768  2888.246 6456.1542 12500.000  7500.000
a  -70930.55 -48338.13 -31.10461 -1099.945 -266.8991 -9193.201 -3642.912
    phi0.119   phi0.120  phi0.121  phi0.122  phi0.123  phi0.124  phi0.125
id    964.00   967.0000    973.00   976.000    983.00   986.000   987.000
A   18148.19   987.9031  13375.00 12500.000  14625.00 12576.832  4343.565
a  -12948.16 -1261.9003 -15722.71 -9857.371 -14877.26 -8698.439 -4618.158
    phi0.126  phi0.127  phi0.128  phi0.129  phi0.130  phi0.131  phi0.132
id    992.00    995.00    997.00    999.00   1000.00   1001.00  1005.000
A   61441.69  49221.51  76587.06  90038.70  73460.13  56429.74 10966.827
a  -59400.77 -56926.93 -46428.82 -62552.61 -56146.23 -66198.76 -9226.299
    phi0.133  phi0.134  phi0.135  phi0.136  phi0.137  phi0.138  phi0.139
id   1006.00   1014.00   1019.00   1021.00   1025.00   1026.00   1033.00
A   75365.05  11112.96  65049.76  54980.28  57435.94  13437.16  10940.13
a  -77391.87 -12003.49 -56375.71 -62227.75 -33466.13 -12544.62 -11130.32
    phi0.140  phi0.141  phi0.142  phi0.143  phi0.144  phi0.145
id   1037.00   1038.00   1041.00   1043.00   1044.00   1047.00
A   32475.51  19015.22  33589.55  35498.23  73892.37  40844.63
a  -11512.35 -13494.13 -21450.08 -25019.01 -31462.00 -29642.69
FIRE:  9  stops.  77 hits of maxmove.  16 hits of dtmax.
Frms = 9.17039999065925e-06; Ftanrms = 9.16869706376823e-06
E =  0.02409 | E_L =  0.02408 | E_A =  0.00001 |   0 flippped triangles
E =  0.01876 | E_L =  0.01870 | E_A =  0.00007 |   0 flippped triangles
E =  0.01741 | E_L =  0.01737 | E_A =  0.00004 |   0 flippped triangles
E =  0.01661 | E_L =  0.01654 | E_A =  0.00007 |   0 flippped triangles
E =  0.01618 | E_L =  0.01616 | E_A =  0.00002 |   0 flippped triangles
E =  0.01591 | E_L =  0.01590 | E_A =  0.00001 |   0 flippped triangles
E =  0.01569 | E_L =  0.01567 | E_A =  0.00002 |   0 flippped triangles
E =  0.01548 | E_L =  0.01547 | E_A =  0.00001 |   0 flippped triangles
E =  0.01531 | E_L =  0.01529 | E_A =  0.00002 |   0 flippped triangles
E =  0.01513 | E_L =  0.01510 | E_A =  0.00003 |   0 flippped triangles
E =  0.01498 | E_L =  0.01497 | E_A =  0.00001 |   0 flippped triangles
E =  0.01481 | E_L =  0.01480 | E_A =  0.00001 |   0 flippped triangles
E =  0.01471 | E_L =  0.01470 | E_A =  0.00000 |   0 flippped triangles
E =  0.01459 | E_L =  0.01456 | E_A =  0.00002 |   0 flippped triangles
E =  0.01448 | E_L =  0.01448 | E_A =  0.00000 |   0 flippped triangles
E =  0.01434 | E_L =  0.01433 | E_A =  0.00002 |   0 flippped triangles
E =  0.01426 | E_L =  0.01426 | E_A =  0.00001 |   0 flippped triangles
E =  0.01416 | E_L =  0.01414 | E_A =  0.00001 |   0 flippped triangles
E =  0.01407 | E_L =  0.01406 | E_A =  0.00001 |   0 flippped triangles
E =  0.01399 | E_L =  0.01398 | E_A =  0.00001 |   0 flippped triangles
E =  0.01392 | E_L =  0.01392 | E_A =  0.00000 |   0 flippped triangles
E =  0.01387 | E_L =  0.01386 | E_A =  0.00000 |   0 flippped triangles
E =  0.01381 | E_L =  0.01380 | E_A =  0.00000 |   0 flippped triangles
E =  0.01375 | E_L =  0.01375 | E_A =  0.00000 |   0 flippped triangles
E =  0.01371 | E_L =  0.01371 | E_A =  0.00000 |   0 flippped triangles
E =  0.01366 | E_L =  0.01366 | E_A =  0.00000 |   0 flippped triangles
E =  0.01361 | E_L =  0.01361 | E_A =  0.00000 |   0 flippped triangles
E =  0.01357 | E_L =  0.01357 | E_A =  0.00000 |   0 flippped triangles
E =  0.01352 | E_L =  0.01352 | E_A =  0.00000 |   0 flippped triangles
E =  0.01349 | E_L =  0.01348 | E_A =  0.00000 |   0 flippped triangles
E =  0.01343 | E_L =  0.01343 | E_A =  0.00000 |   0 flippped triangles
E =  0.01340 | E_L =  0.01340 | E_A =  0.00000 |   0 flippped triangles
E =  0.01335 | E_L =  0.01335 | E_A =  0.00001 |   0 flippped triangles
E =  0.01332 | E_L =  0.01332 | E_A =  0.00000 |   0 flippped triangles
E =  0.01329 | E_L =  0.01329 | E_A =  0.00000 |   0 flippped triangles
E =  0.01325 | E_L =  0.01325 | E_A =  0.00000 |   0 flippped triangles
E =  0.01323 | E_L =  0.01322 | E_A =  0.00000 |   0 flippped triangles
E =  0.01320 | E_L =  0.01319 | E_A =  0.00001 |   0 flippped triangles
E =  0.01316 | E_L =  0.01316 | E_A =  0.00000 |   0 flippped triangles
E =  0.01313 | E_L =  0.01313 | E_A =  0.00000 |   0 flippped triangles
E =  0.01310 | E_L =  0.01310 | E_A =  0.00000 |   0 flippped triangles
E =  0.01307 | E_L =  0.01307 | E_A =  0.00000 |   0 flippped triangles
E =  0.01304 | E_L =  0.01304 | E_A =  0.00000 |   0 flippped triangles
E =  0.01302 | E_L =  0.01302 | E_A =  0.00000 |   0 flippped triangles
E =  0.01300 | E_L =  0.01300 | E_A =  0.00000 |   0 flippped triangles
E =  0.01297 | E_L =  0.01297 | E_A =  0.00000 |   0 flippped triangles
E =  0.01294 | E_L =  0.01294 | E_A =  0.00000 |   0 flippped triangles
E =  0.01292 | E_L =  0.01292 | E_A =  0.00000 |   0 flippped triangles
E =  0.01289 | E_L =  0.01289 | E_A =  0.00000 |   0 flippped triangles
E =  0.01287 | E_L =  0.01287 | E_A =  0.00000 |   0 flippped triangles
E =  0.01285 | E_L =  0.01285 | E_A =  0.00000 |   0 flippped triangles
E =  0.01282 | E_L =  0.01282 | E_A =  0.00000 |   0 flippped triangles
E =  0.01280 | E_L =  0.01280 | E_A =  0.00000 |   0 flippped triangles
E =  0.01277 | E_L =  0.01277 | E_A =  0.00000 |   0 flippped triangles
E =  0.01276 | E_L =  0.01275 | E_A =  0.00000 |   0 flippped triangles
E =  0.01272 | E_L =  0.01272 | E_A =  0.00000 |   0 flippped triangles
E =  0.01270 | E_L =  0.01269 | E_A =  0.00000 |   0 flippped triangles
E =  0.01267 | E_L =  0.01267 | E_A =  0.00000 |   0 flippped triangles
E =  0.01266 | E_L =  0.01266 | E_A =  0.00000 |   0 flippped triangles
E =  0.01263 | E_L =  0.01263 | E_A =  0.00001 |   0 flippped triangles
E =  0.01261 | E_L =  0.01261 | E_A =  0.00000 |   0 flippped triangles
E =  0.01259 | E_L =  0.01259 | E_A =  0.00000 |   0 flippped triangles
E =  0.01258 | E_L =  0.01258 | E_A =  0.00000 |   0 flippped triangles
E =  0.01256 | E_L =  0.01256 | E_A =  0.00000 |   0 flippped triangles
E =  0.01255 | E_L =  0.01254 | E_A =  0.00000 |   0 flippped triangles
E =  0.01252 | E_L =  0.01251 | E_A =  0.00001 |   0 flippped triangles
E =  0.01250 | E_L =  0.01250 | E_A =  0.00000 |   0 flippped triangles
E =  0.01248 | E_L =  0.01248 | E_A =  0.00000 |   0 flippped triangles
E =  0.01247 | E_L =  0.01247 | E_A =  0.00000 |   0 flippped triangles
E =  0.01246 | E_L =  0.01246 | E_A =  0.00000 |   0 flippped triangles
E =  0.01245 | E_L =  0.01244 | E_A =  0.00000 |   0 flippped triangles
E =  0.01243 | E_L =  0.01243 | E_A =  0.00000 |   0 flippped triangles
E =  0.01242 | E_L =  0.01242 | E_A =  0.00000 |   0 flippped triangles
E =  0.01241 | E_L =  0.01241 | E_A =  0.00000 |   0 flippped triangles
E =  0.01239 | E_L =  0.01238 | E_A =  0.00001 |   0 flippped triangles
E =  0.01237 | E_L =  0.01237 | E_A =  0.00000 |   0 flippped triangles
E =  0.01235 | E_L =  0.01234 | E_A =  0.00000 |   0 flippped triangles
E =  0.01233 | E_L =  0.01233 | E_A =  0.00000 |   0 flippped triangles
E =  0.01232 | E_L =  0.01232 | E_A =  0.00000 |   0 flippped triangles
E =  0.01231 | E_L =  0.01231 | E_A =  0.00000 |   0 flippped triangles
E =  0.01229 | E_L =  0.01229 | E_A =  0.00000 |   0 flippped triangles
E =  0.01228 | E_L =  0.01228 | E_A =  0.00000 |   0 flippped triangles
E =  0.01227 | E_L =  0.01227 | E_A =  0.00000 |   0 flippped triangles
E =  0.01225 | E_L =  0.01225 | E_A =  0.00000 |   0 flippped triangles
E =  0.01223 | E_L =  0.01222 | E_A =  0.00000 |   0 flippped triangles
E =  0.01221 | E_L =  0.01221 | E_A =  0.00000 |   0 flippped triangles
E =  0.01218 | E_L =  0.01217 | E_A =  0.00001 |   0 flippped triangles
E =  0.01216 | E_L =  0.01216 | E_A =  0.00000 |   0 flippped triangles
E =  0.01214 | E_L =  0.01214 | E_A =  0.00000 |   0 flippped triangles
E =  0.01213 | E_L =  0.01213 | E_A =  0.00000 |   0 flippped triangles
E =  0.01212 | E_L =  0.01211 | E_A =  0.00000 |   0 flippped triangles
E =  0.01210 | E_L =  0.01210 | E_A =  0.00000 |   0 flippped triangles
E =  0.01209 | E_L =  0.01209 | E_A =  0.00000 |   0 flippped triangles
E =  0.01209 | E_L =  0.01209 | E_A =  0.00000 |   0 flippped triangles
E =  0.01205 | E_L =  0.01204 | E_A =  0.00000 |   0 flippped triangles
E =  0.01203 | E_L =  0.01202 | E_A =  0.00000 |   0 flippped triangles
E =  0.01200 | E_L =  0.01200 | E_A =  0.00001 |   0 flippped triangles
E =  0.01199 | E_L =  0.01199 | E_A =  0.00000 |   0 flippped triangles
E =  0.01198 | E_L =  0.01197 | E_A =  0.00000 |   0 flippped triangles
E =  0.01197 | E_L =  0.01197 | E_A =  0.00000 |   0 flippped triangles
E =  0.01195 | E_L =  0.01195 | E_A =  0.00000 |   0 flippped triangles
E =  0.01195 | E_L =  0.01195 | E_A =  0.00000 |   0 flippped triangles
E =  0.01194 | E_L =  0.01194 | E_A =  0.00000 |   0 flippped triangles
E =  0.01193 | E_L =  0.01192 | E_A =  0.00000 |   0 flippped triangles
E =  0.01192 | E_L =  0.01192 | E_A =  0.00000 |   0 flippped triangles
E =  0.01191 | E_L =  0.01191 | E_A =  0.00000 |   0 flippped triangles
E =  0.01190 | E_L =  0.01189 | E_A =  0.00000 |   0 flippped triangles
E =  0.01189 | E_L =  0.01188 | E_A =  0.00000 |   0 flippped triangles
E =  0.01188 | E_L =  0.01187 | E_A =  0.00000 |   0 flippped triangles
E =  0.01187 | E_L =  0.01187 | E_A =  0.00000 |   0 flippped triangles
E =  0.01186 | E_L =  0.01186 | E_A =  0.00000 |   0 flippped triangles
E =  0.01184 | E_L =  0.01184 | E_A =  0.00001 |   0 flippped triangles
E =  0.01183 | E_L =  0.01183 | E_A =  0.00000 |   0 flippped triangles
E =  0.01181 | E_L =  0.01180 | E_A =  0.00001 |   0 flippped triangles
E =  0.01180 | E_L =  0.01180 | E_A =  0.00000 |   0 flippped triangles
E =  0.01179 | E_L =  0.01179 | E_A =  0.00000 |   0 flippped triangles
E =  0.01178 | E_L =  0.01178 | E_A =  0.00000 |   0 flippped triangles
E =  0.01177 | E_L =  0.01177 | E_A =  0.00000 |   0 flippped triangles
E =  0.01176 | E_L =  0.01175 | E_A =  0.00000 |   0 flippped triangles
E =  0.01175 | E_L =  0.01175 | E_A =  0.00000 |   0 flippped triangles
E =  0.01174 | E_L =  0.01174 | E_A =  0.00000 |   0 flippped triangles
E =  0.01173 | E_L =  0.01173 | E_A =  0.00000 |   0 flippped triangles
E =  0.01172 | E_L =  0.01172 | E_A =  0.00000 |   0 flippped triangles
E =  0.01171 | E_L =  0.01171 | E_A =  0.00000 |   0 flippped triangles
E =  0.01170 | E_L =  0.01170 | E_A =  0.00000 |   0 flippped triangles
E =  0.01169 | E_L =  0.01169 | E_A =  0.00000 |   0 flippped triangles
E =  0.01168 | E_L =  0.01168 | E_A =  0.00000 |   0 flippped triangles
E =  0.01166 | E_L =  0.01166 | E_A =  0.00000 |   0 flippped triangles
E =  0.01165 | E_L =  0.01165 | E_A =  0.00000 |   0 flippped triangles
E =  0.01163 | E_L =  0.01162 | E_A =  0.00000 |   0 flippped triangles
E =  0.01161 | E_L =  0.01161 | E_A =  0.00000 |   0 flippped triangles
E =  0.01160 | E_L =  0.01160 | E_A =  0.00000 |   0 flippped triangles
E =  0.01159 | E_L =  0.01159 | E_A =  0.00000 |   0 flippped triangles
E =  0.01158 | E_L =  0.01158 | E_A =  0.00000 |   0 flippped triangles
E =  0.01157 | E_L =  0.01157 | E_A =  0.00000 |   0 flippped triangles
E =  0.01156 | E_L =  0.01156 | E_A =  0.00000 |   0 flippped triangles
E =  0.01155 | E_L =  0.01155 | E_A =  0.00000 |   0 flippped triangles
E =  0.01154 | E_L =  0.01154 | E_A =  0.00000 |   0 flippped triangles
E =  0.01154 | E_L =  0.01154 | E_A =  0.00000 |   0 flippped triangles
E =  0.01152 | E_L =  0.01150 | E_A =  0.00001 |   0 flippped triangles
E =  0.01149 | E_L =  0.01149 | E_A =  0.00000 |   0 flippped triangles
E =  0.01147 | E_L =  0.01146 | E_A =  0.00001 |   0 flippped triangles
E =  0.01145 | E_L =  0.01145 | E_A =  0.00000 |   0 flippped triangles
E =  0.01144 | E_L =  0.01144 | E_A =  0.00001 |   0 flippped triangles
E =  0.01143 | E_L =  0.01143 | E_A =  0.00000 |   0 flippped triangles
E =  0.01143 | E_L =  0.01143 | E_A =  0.00000 |   0 flippped triangles
E =  0.01140 | E_L =  0.01139 | E_A =  0.00001 |   0 flippped triangles
E =  0.01138 | E_L =  0.01138 | E_A =  0.00000 |   0 flippped triangles
E =  0.01138 | E_L =  0.01138 | E_A =  0.00000 |   0 flippped triangles
E =  0.01137 | E_L =  0.01137 | E_A =  0.00000 |   0 flippped triangles
E =  0.01137 | E_L =  0.01136 | E_A =  0.00000 |   0 flippped triangles
E =  0.01136 | E_L =  0.01136 | E_A =  0.00000 |   0 flippped triangles
E =  0.01135 | E_L =  0.01135 | E_A =  0.00000 |   0 flippped triangles
E =  0.01135 | E_L =  0.01135 | E_A =  0.00000 |   0 flippped triangles
E =  0.01134 | E_L =  0.01134 | E_A =  0.00000 |   0 flippped triangles
E =  0.01134 | E_L =  0.01134 | E_A =  0.00000 |   0 flippped triangles
E =  0.01133 | E_L =  0.01133 | E_A =  0.00000 |   0 flippped triangles
E =  0.01132 | E_L =  0.01132 | E_A =  0.00000 |   0 flippped triangles
E =  0.01131 | E_L =  0.01130 | E_A =  0.00000 |   0 flippped triangles
E =  0.01129 | E_L =  0.01129 | E_A =  0.00000 |   0 flippped triangles
E =  0.01129 | E_L =  0.01129 | E_A =  0.00000 |   0 flippped triangles
E =  0.01123 | E_L =  0.01122 | E_A =  0.00001 |   0 flippped triangles
E =  0.01119 | E_L =  0.01119 | E_A =  0.00000 |   0 flippped triangles
E =  0.01119 | E_L =  0.01118 | E_A =  0.00000 |   0 flippped triangles
E =  0.01118 | E_L =  0.01118 | E_A =  0.00000 |   0 flippped triangles
E =  0.01117 | E_L =  0.01117 | E_A =  0.00001 |   0 flippped triangles
E =  0.01116 | E_L =  0.01116 | E_A =  0.00000 |   0 flippped triangles
E =  0.01116 | E_L =  0.01116 | E_A =  0.00000 |   0 flippped triangles
E =  0.01116 | E_L =  0.01115 | E_A =  0.00000 |   0 flippped triangles
E =  0.01115 | E_L =  0.01115 | E_A =  0.00000 |   0 flippped triangles
E =  0.01115 | E_L =  0.01115 | E_A =  0.00000 |   0 flippped triangles
E =  0.01114 | E_L =  0.01114 | E_A =  0.00000 |   0 flippped triangles
E =  0.01114 | E_L =  0.01114 | E_A =  0.00000 |   0 flippped triangles
E =  0.01114 | E_L =  0.01114 | E_A =  0.00000 |   0 flippped triangles
E =  0.01113 | E_L =  0.01113 | E_A =  0.00000 |   0 flippped triangles
E =  0.01112 | E_L =  0.01112 | E_A =  0.00000 |   0 flippped triangles
E =  0.01112 | E_L =  0.01112 | E_A =  0.00000 |   0 flippped triangles
E =  0.01111 | E_L =  0.01111 | E_A =  0.00000 |   0 flippped triangles
E =  0.01111 | E_L =  0.01111 | E_A =  0.00000 |   0 flippped triangles
E =  0.01109 | E_L =  0.01107 | E_A =  0.00002 |   0 flippped triangles
E =  0.01105 | E_L =  0.01105 | E_A =  0.00000 |   0 flippped triangles
E =  0.01105 | E_L =  0.01105 | E_A =  0.00000 |   0 flippped triangles
E =  0.01104 | E_L =  0.01104 | E_A =  0.00000 |   0 flippped triangles
E =  0.01103 | E_L =  0.01103 | E_A =  0.00000 |   0 flippped triangles
E =  0.01102 | E_L =  0.01102 | E_A =  0.00000 |   0 flippped triangles
E =  0.01102 | E_L =  0.01102 | E_A =  0.00000 |   0 flippped triangles
E =  0.01101 | E_L =  0.01101 | E_A =  0.00000 |   0 flippped triangles
E =  0.01101 | E_L =  0.01101 | E_A =  0.00000 |   0 flippped triangles
E =  0.01101 | E_L =  0.01101 | E_A =  0.00000 |   0 flippped triangles
E =  0.01098 | E_L =  0.01098 | E_A =  0.00001 |   0 flippped triangles
E =  0.01094 | E_L =  0.01094 | E_A =  0.00000 |   0 flippped triangles
E =  0.01094 | E_L =  0.01094 | E_A =  0.00000 |   0 flippped triangles
Optimising mapping with BFGS...
E =  0.01094 | E_L =  0.01094 | E_A =  0.00000 |   0 flippped triangles
Transforming image...
Mapping optimised. Error: 0.01094194 ; 0 flipped triangles.
Inferring coordinates of datapoints
Inferring coordinates of landmarks
Mapping optimised. Error: 0.01094194 ; 0 flipped triangles. OD displacement: 9.561562 degrees.
Computing Kernel Density estimates of datapoints

[1] 0.8
Saving developmental_retina/data/C57BL6J/P4/ML/GM112-1/R-CONTRA/r.mat
