[1] "Adding old segment 1"
[1] "Storing new segment 1"
[1] "Adding old segment 2"
[1] "Adding old segment 3"
[1] "Adding old segment 4"
[1] "Intersection found. Old points:"
    X     Y 
-3230 -1281 
    X     Y 
-3190  -631 
    X     Y 
-3190  -631 
    X     Y 
-2900    79 
[1] "Point i+1 has been changed:"
    X     Y 
-3230 -1281 
    X     Y 
-3190  -631 
    X     Y 
-3190  -631 
    X     Y 
-2900    79 
[1] "a= 0.0651939799007617"
[1] "l= 766.94197955256"
[1] "New points:"
    X     Y 
-3230 -1281 
    X     Y 
-3190  -631 
          X           Y 
-2918.90625    32.71227 
    X     Y 
-2900    79 
[1] "Storing new segment 2"
simplify.outline: Removing vertex 37
Triangulating...
[1] "Non-adjacent points in rim connected by line: 40 38"
[1] "In triangle: 6"  "In triangle: 41"
[1] "Other points in triangles: 54 39"
[1] "Non-adjacent points in rim connected by line: 54 40"
[1] "In triangle: 6"  "In triangle: 11"
[1] "Other points in triangles: 428 195"
[1] "Non-adjacent points in rim connected by line: 188 104"
[1] "In triangle: 150" "In triangle: 315"
[1] "Other points in triangles: 13 102"
Stitching...
Tear 1 child of rim
Tear 2 child of rim
Tear 3 child of rim
Tear 1 : Sf = 3207.52690967038 ; Sb = 2921.23267776008
  Forwards path
    i = 222 ; sf/Sf = 0.0838878327505989 ; sf = 269.072480941474
      k =    8 ; sb/Sb = 0 ; sb = 0
      k =   53 ; sb/Sb = 0.159216182262118 ; sb = 465.107514452304
      Creating new point: f = 0.526880066829478
    i = 7 ; sf/Sf = 0.167775665501198 ; sf = 538.144961882948
      k =    8 ; sb/Sb = 0 ; sb = 0
      k =   53 ; sb/Sb = 0.159216182262118 ; sb = 465.107514452304
      k =   65 ; sb/Sb = 0.238824273393177 ; sb = 697.661271678456
      Creating new point: f = 0.107520267317911
    i = 47 ; sf/Sf = 0.244792131301043 ; sf = 785.177348423661
      k =    8 ; sb/Sb = 0 ; sb = 0
      k =   53 ; sb/Sb = 0.159216182262118 ; sb = 465.107514452304
      k =   65 ; sb/Sb = 0.238824273393177 ; sb = 697.661271678456
      k =    9 ; sb/Sb = 0.318432364524236 ; sb = 930.215028904608
      Creating new point: f = 0.0749654692516321
    i = 6 ; sf/Sf = 0.321808597100889 ; sf = 1032.20973496437
      k =    8 ; sb/Sb = 0 ; sb = 0
      k =   53 ; sb/Sb = 0.159216182262118 ; sb = 465.107514452304
      k =   65 ; sb/Sb = 0.238824273393177 ; sb = 697.661271678456
      k =    9 ; sb/Sb = 0.318432364524236 ; sb = 930.215028904608
      k =   10 ; sb/Sb = 0.415858698133985 ; sb = 1214.82001831976
      Creating new point: f = 0.0346542095094821
    i = 5 ; sf/Sf = 0.358299950845829 ; sf = 1149.25673407157
      k =    8 ; sb/Sb = 0 ; sb = 0
      k =   53 ; sb/Sb = 0.159216182262118 ; sb = 465.107514452304
      k =   65 ; sb/Sb = 0.238824273393177 ; sb = 697.661271678456
      k =    9 ; sb/Sb = 0.318432364524236 ; sb = 930.215028904608
      k =   10 ; sb/Sb = 0.415858698133985 ; sb = 1214.82001831976
      Creating new point: f = 0.409207499086301
    i = 4 ; sf/Sf = 0.40506495211449 ; sf = 1299.25673407157
      k =    8 ; sb/Sb = 0 ; sb = 0
      k =   53 ; sb/Sb = 0.159216182262118 ; sb = 465.107514452304
      k =   65 ; sb/Sb = 0.238824273393177 ; sb = 697.661271678456
      k =    9 ; sb/Sb = 0.318432364524236 ; sb = 930.215028904608
      k =   10 ; sb/Sb = 0.415858698133985 ; sb = 1214.82001831976
      Creating new point: f = 0.889211205845739
    i = 3 ; sf/Sf = 0.481749414771189 ; sf = 1545.22421159655
      k =    8 ; sb/Sb = 0 ; sb = 0
      k =   53 ; sb/Sb = 0.159216182262118 ; sb = 465.107514452304
      k =   65 ; sb/Sb = 0.238824273393177 ; sb = 697.661271678456
      k =    9 ; sb/Sb = 0.318432364524236 ; sb = 930.215028904608
      k =   10 ; sb/Sb = 0.415858698133985 ; sb = 1214.82001831976
      k =   11 ; sb/Sb = 0.556585624459178 ; sb = 1625.91611414165
      Creating new point: f = 0.468216839220547
    i = 2 ; sf/Sf = 0.557861359951959 ; sf = 1789.35532391122
      k =    8 ; sb/Sb = 0 ; sb = 0
      k =   53 ; sb/Sb = 0.159216182262118 ; sb = 465.107514452304
      k =   65 ; sb/Sb = 0.238824273393177 ; sb = 697.661271678456
      k =    9 ; sb/Sb = 0.318432364524236 ; sb = 930.215028904608
      k =   10 ; sb/Sb = 0.415858698133985 ; sb = 1214.82001831976
      k =   11 ; sb/Sb = 0.556585624459178 ; sb = 1625.91611414165
      k =   82 ; sb/Sb = 0.693021147278673 ; sb = 2024.47602180924
      Creating new point: f = 0.00935046435427712
    i = 1 ; sf/Sf = 0.573449693708179 ; sf = 1839.35532391122
      k =    8 ; sb/Sb = 0 ; sb = 0
      k =   53 ; sb/Sb = 0.159216182262118 ; sb = 465.107514452304
      k =   65 ; sb/Sb = 0.238824273393177 ; sb = 697.661271678456
      k =    9 ; sb/Sb = 0.318432364524236 ; sb = 930.215028904608
      k =   10 ; sb/Sb = 0.415858698133985 ; sb = 1214.82001831976
      k =   11 ; sb/Sb = 0.556585624459178 ; sb = 1625.91611414165
      k =   82 ; sb/Sb = 0.693021147278673 ; sb = 2024.47602180924
      Creating new point: f = 0.123604680808182
    i = 45 ; sf/Sf = 0.796968310930392 ; sf = 2556.29730346378
      k =    8 ; sb/Sb = 0 ; sb = 0
      k =   53 ; sb/Sb = 0.159216182262118 ; sb = 465.107514452304
      k =   65 ; sb/Sb = 0.238824273393177 ; sb = 697.661271678456
      k =    9 ; sb/Sb = 0.318432364524236 ; sb = 930.215028904608
      k =   10 ; sb/Sb = 0.415858698133985 ; sb = 1214.82001831976
      k =   11 ; sb/Sb = 0.556585624459178 ; sb = 1625.91611414165
      k =   82 ; sb/Sb = 0.693021147278673 ; sb = 2024.47602180924
      k =   12 ; sb/Sb = 0.829456670098169 ; sb = 2423.03592947684
      Creating new point: f = 0.761877563141969
    i = 70 ; sf/Sf = 0.898484155465196 ; sf = 2881.91210656708
      k =    8 ; sb/Sb = 0 ; sb = 0
      k =   53 ; sb/Sb = 0.159216182262118 ; sb = 465.107514452304
      k =   65 ; sb/Sb = 0.238824273393177 ; sb = 697.661271678456
      k =    9 ; sb/Sb = 0.318432364524236 ; sb = 930.215028904608
      k =   10 ; sb/Sb = 0.415858698133985 ; sb = 1214.82001831976
      k =   11 ; sb/Sb = 0.556585624459178 ; sb = 1625.91611414165
      k =   82 ; sb/Sb = 0.693021147278673 ; sb = 2024.47602180924
      k =   12 ; sb/Sb = 0.829456670098169 ; sb = 2423.03592947684
      k =  188 ; sb/Sb = 0.914728335049085 ; sb = 2672.13430361846
      Creating new point: f = 0.809500851270586
Tear 2 : Sf = 2651.5927581306 ; Sb = 2893.40350609818
  Forwards path
    i = 158 ; sf/Sf = 0.142937437131994 ; sf = 379.011873164945
      k =   21 ; sb/Sb = 0 ; sb = 0
      k =  272 ; sb/Sb = 0.135738667940835 ; sb = 392.74673773311
      k =   22 ; sb/Sb = 0.27147733588167 ; sb = 785.493475466219
      Creating new point: f = 0.0530340344454896
    i = 20 ; sf/Sf = 0.285874874263989 ; sf = 758.023746329889
      k =   21 ; sb/Sb = 0 ; sb = 0
      k =  272 ; sb/Sb = 0.135738667940835 ; sb = 392.74673773311
      k =   22 ; sb/Sb = 0.27147733588167 ; sb = 785.493475466219
      k =  280 ; sb/Sb = 0.356223205646461 ; sb = 1030.697472171
      Creating new point: f = 0.169890738301208
    i = 143 ; sf/Sf = 0.42269890109125 ; sf = 1120.82534500332
      k =   21 ; sb/Sb = 0 ; sb = 0
      k =  272 ; sb/Sb = 0.135738667940835 ; sb = 392.74673773311
      k =   22 ; sb/Sb = 0.27147733588167 ; sb = 785.493475466219
      k =  280 ; sb/Sb = 0.356223205646461 ; sb = 1030.697472171
      k =   23 ; sb/Sb = 0.440969075411251 ; sb = 1275.90146887579
      Creating new point: f = 0.784412215359768
    i = 19 ; sf/Sf = 0.559522927918512 ; sf = 1483.62694367676
      k =   21 ; sb/Sb = 0 ; sb = 0
      k =  272 ; sb/Sb = 0.135738667940835 ; sb = 392.74673773311
      k =   22 ; sb/Sb = 0.27147733588167 ; sb = 785.493475466219
      k =  280 ; sb/Sb = 0.356223205646461 ; sb = 1030.697472171
      k =   23 ; sb/Sb = 0.440969075411251 ; sb = 1275.90146887579
      k =  285 ; sb/Sb = 0.572222689445642 ; sb = 1655.67113591095
      Creating new point: f = 0.903242576438295
    i = 18 ; sf/Sf = 0.711549624393247 ; sf = 1886.73983109169
      k =   21 ; sb/Sb = 0 ; sb = 0
      k =  272 ; sb/Sb = 0.135738667940835 ; sb = 392.74673773311
      k =   22 ; sb/Sb = 0.27147733588167 ; sb = 785.493475466219
      k =  280 ; sb/Sb = 0.356223205646461 ; sb = 1030.697472171
      k =   23 ; sb/Sb = 0.440969075411251 ; sb = 1275.90146887579
      k =  285 ; sb/Sb = 0.572222689445642 ; sb = 1655.67113591095
      k =   24 ; sb/Sb = 0.703476303480033 ; sb = 2035.44080294612
      k =  412 ; sb/Sb = 0.851738151740017 ; sb = 2464.42215452215
      Creating new point: f = 0.0544531247112019
    i = 202 ; sf/Sf = 0.855774812196624 ; sf = 2269.16629461114
      k =   21 ; sb/Sb = 0 ; sb = 0
      k =  272 ; sb/Sb = 0.135738667940835 ; sb = 392.74673773311
      k =   22 ; sb/Sb = 0.27147733588167 ; sb = 785.493475466219
      k =  280 ; sb/Sb = 0.356223205646461 ; sb = 1030.697472171
      k =   23 ; sb/Sb = 0.440969075411251 ; sb = 1275.90146887579
      k =  285 ; sb/Sb = 0.572222689445642 ; sb = 1655.67113591095
      k =   24 ; sb/Sb = 0.703476303480033 ; sb = 2035.44080294612
      k =  412 ; sb/Sb = 0.851738151740017 ; sb = 2464.42215452215
      k =  416 ; sb/Sb = 0.925869075870008 ; sb = 2678.91283031017
      Creating new point: f = 0.0544531247111999
Tear 3 : Sf = 1940.4980365554 ; Sb = 1711.81005508883
  Forwards path
    i = 35 ; sf/Sf = 0.161735333206839 ; sf = 313.847096529504
      k =   36 ; sb/Sb = 0 ; sb = 0
      k =  368 ; sb/Sb = 0.11451209627867 ; sb = 196.022957839127
      k =  339 ; sb/Sb = 0.22902419255734 ; sb = 392.045915678253
      Creating new point: f = 0.412386450539245
    i = 34 ; sf/Sf = 0.312243930395963 ; sf = 605.908733859709
      k =   36 ; sb/Sb = 0 ; sb = 0
      k =  368 ; sb/Sb = 0.11451209627867 ; sb = 196.022957839127
      k =  339 ; sb/Sb = 0.22902419255734 ; sb = 392.045915678253
      k =   37 ; sb/Sb = 0.458048385114679 ; sb = 784.091831356506
      Creating new point: f = 0.363366581099456
    i = 193 ; sf/Sf = 0.438184273335353 ; sf = 850.295722056708
      k =   36 ; sb/Sb = 0 ; sb = 0
      k =  368 ; sb/Sb = 0.11451209627867 ; sb = 196.022957839127
      k =  339 ; sb/Sb = 0.22902419255734 ; sb = 392.045915678253
      k =   37 ; sb/Sb = 0.458048385114679 ; sb = 784.091831356506
      Creating new point: f = 0.913266316726111
    i = 33 ; sf/Sf = 0.564124616274742 ; sf = 1094.68271025371
      k =   36 ; sb/Sb = 0 ; sb = 0
      k =  368 ; sb/Sb = 0.11451209627867 ; sb = 196.022957839127
      k =  339 ; sb/Sb = 0.22902419255734 ; sb = 392.045915678253
      k =   37 ; sb/Sb = 0.458048385114679 ; sb = 784.091831356506
      k =   54 ; sb/Sb = 0.688131805115225 ; sb = 1177.95094322267
      Creating new point: f = 0.461033790091485
    i = 105 ; sf/Sf = 0.725551784070074 ; sf = 1407.93181240725
      k =   36 ; sb/Sb = 0 ; sb = 0
      k =  368 ; sb/Sb = 0.11451209627867 ; sb = 196.022957839127
      k =  339 ; sb/Sb = 0.22902419255734 ; sb = 392.045915678253
      k =   37 ; sb/Sb = 0.458048385114679 ; sb = 784.091831356506
      k =   54 ; sb/Sb = 0.688131805115225 ; sb = 1177.95094322267
      k =   38 ; sb/Sb = 0.918215225115771 ; sb = 1571.81005508883
      Creating new point: f = 0.162636573094924
    i = 32 ; sf/Sf = 0.886978951865406 ; sf = 1721.18091456079
      k =   36 ; sb/Sb = 0 ; sb = 0
      k =  368 ; sb/Sb = 0.11451209627867 ; sb = 196.022957839127
      k =  339 ; sb/Sb = 0.22902419255734 ; sb = 392.045915678253
      k =   37 ; sb/Sb = 0.458048385114679 ; sb = 784.091831356506
      k =   54 ; sb/Sb = 0.688131805115225 ; sb = 1177.95094322267
      k =   38 ; sb/Sb = 0.918215225115771 ; sb = 1571.81005508883
      Creating new point: f = 0.864239356098365
Tear 1 : Sf = 2921.23267776008 ; Sb = 3207.52690967038
  Backwards path
    i = 53 ; sf/Sf = 0.159216182262118 ; sf = 465.107514452304
      k =    8 ; sb/Sb = 0 ; sb = 0
      k =  222 ; sb/Sb = 0.0838878327505989 ; sb = 269.072480941474
      k =    7 ; sb/Sb = 0.167775665501198 ; sb = 538.144961882948
      Creating new point: f = 0.897965140373484
    i = 65 ; sf/Sf = 0.238824273393177 ; sf = 697.661271678456
      k =    8 ; sb/Sb = 0 ; sb = 0
      k =  222 ; sb/Sb = 0.0838878327505989 ; sb = 269.072480941474
      k =    7 ; sb/Sb = 0.167775665501198 ; sb = 538.144961882948
      k =   47 ; sb/Sb = 0.244792131301043 ; sb = 785.177348423661
      Creating new point: f = 0.92251192201709
    i = 9 ; sf/Sf = 0.318432364524236 ; sf = 930.215028904608
      k =    8 ; sb/Sb = 0 ; sb = 0
      k =  222 ; sb/Sb = 0.0838878327505989 ; sb = 269.072480941474
      k =    7 ; sb/Sb = 0.167775665501198 ; sb = 538.144961882948
      k =   47 ; sb/Sb = 0.244792131301043 ; sb = 785.177348423661
      k =    6 ; sb/Sb = 0.321808597100889 ; sb = 1032.20973496437
      Creating new point: f = 0.956162198023637
    i = 10 ; sf/Sf = 0.415858698133985 ; sf = 1214.82001831976
      k =    8 ; sb/Sb = 0 ; sb = 0
      k =  222 ; sb/Sb = 0.0838878327505989 ; sb = 269.072480941474
      k =    7 ; sb/Sb = 0.167775665501198 ; sb = 538.144961882948
      k =   47 ; sb/Sb = 0.244792131301043 ; sb = 785.177348423661
      k =    6 ; sb/Sb = 0.321808597100889 ; sb = 1032.20973496437
      k =    5 ; sb/Sb = 0.358299950845829 ; sb = 1149.25673407157
      k =    4 ; sb/Sb = 0.40506495211449 ; sb = 1299.25673407157
      k =    3 ; sb/Sb = 0.481749414771189 ; sb = 1545.22421159655
      Creating new point: f = 0.140755319207441
    i = 11 ; sf/Sf = 0.556585624459178 ; sf = 1625.91611414165
      k =    8 ; sb/Sb = 0 ; sb = 0
      k =  222 ; sb/Sb = 0.0838878327505989 ; sb = 269.072480941474
      k =    7 ; sb/Sb = 0.167775665501198 ; sb = 538.144961882948
      k =   47 ; sb/Sb = 0.244792131301043 ; sb = 785.177348423661
      k =    6 ; sb/Sb = 0.321808597100889 ; sb = 1032.20973496437
      k =    5 ; sb/Sb = 0.358299950845829 ; sb = 1149.25673407157
      k =    4 ; sb/Sb = 0.40506495211449 ; sb = 1299.25673407157
      k =    3 ; sb/Sb = 0.481749414771189 ; sb = 1545.22421159655
      k =    2 ; sb/Sb = 0.557861359951959 ; sb = 1789.35532391122
      Creating new point: f = 0.983238695453769
    i = 82 ; sf/Sf = 0.693021147278673 ; sf = 2024.47602180924
      k =    8 ; sb/Sb = 0 ; sb = 0
      k =  222 ; sb/Sb = 0.0838878327505989 ; sb = 269.072480941474
      k =    7 ; sb/Sb = 0.167775665501198 ; sb = 538.144961882948
      k =   47 ; sb/Sb = 0.244792131301043 ; sb = 785.177348423661
      k =    6 ; sb/Sb = 0.321808597100889 ; sb = 1032.20973496437
      k =    5 ; sb/Sb = 0.358299950845829 ; sb = 1149.25673407157
      k =    4 ; sb/Sb = 0.40506495211449 ; sb = 1299.25673407157
      k =    3 ; sb/Sb = 0.481749414771189 ; sb = 1545.22421159655
      k =    2 ; sb/Sb = 0.557861359951959 ; sb = 1789.35532391122
      k =    1 ; sb/Sb = 0.573449693708179 ; sb = 1839.35532391122
      k =   45 ; sb/Sb = 0.796968310930392 ; sb = 2556.29730346378
      Creating new point: f = 0.534950757375264
    i = 12 ; sf/Sf = 0.829456670098169 ; sf = 2423.03592947684
      k =    8 ; sb/Sb = 0 ; sb = 0
      k =  222 ; sb/Sb = 0.0838878327505989 ; sb = 269.072480941474
      k =    7 ; sb/Sb = 0.167775665501198 ; sb = 538.144961882948
      k =   47 ; sb/Sb = 0.244792131301043 ; sb = 785.177348423661
      k =    6 ; sb/Sb = 0.321808597100889 ; sb = 1032.20973496437
      k =    5 ; sb/Sb = 0.358299950845829 ; sb = 1149.25673407157
      k =    4 ; sb/Sb = 0.40506495211449 ; sb = 1299.25673407157
      k =    3 ; sb/Sb = 0.481749414771189 ; sb = 1545.22421159655
      k =    2 ; sb/Sb = 0.557861359951959 ; sb = 1789.35532391122
      k =    1 ; sb/Sb = 0.573449693708179 ; sb = 1839.35532391122
      k =   45 ; sb/Sb = 0.796968310930392 ; sb = 2556.29730346378
      k =   70 ; sb/Sb = 0.898484155465196 ; sb = 2881.91210656708
      Creating new point: f = 0.32003239806215
    i = 188 ; sf/Sf = 0.914728335049085 ; sf = 2672.13430361846
      k =    8 ; sb/Sb = 0 ; sb = 0
      k =  222 ; sb/Sb = 0.0838878327505989 ; sb = 269.072480941474
      k =    7 ; sb/Sb = 0.167775665501198 ; sb = 538.144961882948
      k =   47 ; sb/Sb = 0.244792131301043 ; sb = 785.177348423661
      k =    6 ; sb/Sb = 0.321808597100889 ; sb = 1032.20973496437
      k =    5 ; sb/Sb = 0.358299950845829 ; sb = 1149.25673407157
      k =    4 ; sb/Sb = 0.40506495211449 ; sb = 1299.25673407157
      k =    3 ; sb/Sb = 0.481749414771189 ; sb = 1545.22421159655
      k =    2 ; sb/Sb = 0.557861359951959 ; sb = 1789.35532391122
      k =    1 ; sb/Sb = 0.573449693708179 ; sb = 1839.35532391122
      k =   45 ; sb/Sb = 0.796968310930392 ; sb = 2556.29730346378
      k =   70 ; sb/Sb = 0.898484155465196 ; sb = 2881.91210656708
      k =   44 ; sb/Sb = 1 ; sb = 3207.52690967038
      Creating new point: f = 0.160016199031076
Tear 2 : Sf = 2893.40350609818 ; Sb = 2651.5927581306
  Backwards path
    i = 272 ; sf/Sf = 0.135738667940835 ; sf = 392.74673773311
      k =   21 ; sb/Sb = 0 ; sb = 0
      k =  158 ; sb/Sb = 0.142937437131994 ; sb = 379.011873164945
      Creating new point: f = 0.949636922729267
    i = 22 ; sf/Sf = 0.27147733588167 ; sf = 785.493475466219
      k =   21 ; sb/Sb = 0 ; sb = 0
      k =  158 ; sb/Sb = 0.142937437131994 ; sb = 379.011873164945
      k =   20 ; sb/Sb = 0.285874874263989 ; sb = 758.023746329889
      Creating new point: f = 0.899273845458535
    i = 280 ; sf/Sf = 0.356223205646461 ; sf = 1030.697472171
      k =   21 ; sb/Sb = 0 ; sb = 0
      k =  158 ; sb/Sb = 0.142937437131994 ; sb = 379.011873164945
      k =   20 ; sb/Sb = 0.285874874263989 ; sb = 758.023746329889
      k =  143 ; sb/Sb = 0.42269890109125 ; sb = 1120.82534500332
      Creating new point: f = 0.514151885555055
    i = 23 ; sf/Sf = 0.440969075411251 ; sf = 1275.90146887579
      k =   21 ; sb/Sb = 0 ; sb = 0
      k =  158 ; sb/Sb = 0.142937437131994 ; sb = 379.011873164945
      k =   20 ; sb/Sb = 0.285874874263989 ; sb = 758.023746329889
      k =  143 ; sb/Sb = 0.42269890109125 ; sb = 1120.82534500332
      k =   19 ; sb/Sb = 0.559522927918512 ; sb = 1483.62694367676
      Creating new point: f = 0.133530453266564
    i = 285 ; sf/Sf = 0.572222689445642 ; sf = 1655.67113591095
      k =   21 ; sb/Sb = 0 ; sb = 0
      k =  158 ; sb/Sb = 0.142937437131994 ; sb = 379.011873164945
      k =   20 ; sb/Sb = 0.285874874263989 ; sb = 758.023746329889
      k =  143 ; sb/Sb = 0.42269890109125 ; sb = 1120.82534500332
      k =   19 ; sb/Sb = 0.559522927918512 ; sb = 1483.62694367676
      k =   18 ; sb/Sb = 0.711549624393247 ; sb = 1886.73983109169
      Creating new point: f = 0.0835363907893674
    i = 24 ; sf/Sf = 0.703476303480033 ; sf = 2035.44080294612
      k =   21 ; sb/Sb = 0 ; sb = 0
      k =  158 ; sb/Sb = 0.142937437131994 ; sb = 379.011873164945
      k =   20 ; sb/Sb = 0.285874874263989 ; sb = 758.023746329889
      k =  143 ; sb/Sb = 0.42269890109125 ; sb = 1120.82534500332
      k =   19 ; sb/Sb = 0.559522927918512 ; sb = 1483.62694367676
      k =   18 ; sb/Sb = 0.711549624393247 ; sb = 1886.73983109169
      Creating new point: f = 0.946895373638828
    i = 412 ; sf/Sf = 0.851738151740017 ; sf = 2464.42215452215
      k =   21 ; sb/Sb = 0 ; sb = 0
      k =  158 ; sb/Sb = 0.142937437131994 ; sb = 379.011873164945
      k =   20 ; sb/Sb = 0.285874874263989 ; sb = 758.023746329889
      k =  143 ; sb/Sb = 0.42269890109125 ; sb = 1120.82534500332
      k =   19 ; sb/Sb = 0.559522927918512 ; sb = 1483.62694367676
      k =   18 ; sb/Sb = 0.711549624393247 ; sb = 1886.73983109169
      k =  202 ; sb/Sb = 0.855774812196624 ; sb = 2269.16629461115
      Creating new point: f = 0.97201140440108
    i = 416 ; sf/Sf = 0.925869075870008 ; sf = 2678.91283031017
      k =   21 ; sb/Sb = 0 ; sb = 0
      k =  158 ; sb/Sb = 0.142937437131994 ; sb = 379.011873164945
      k =   20 ; sb/Sb = 0.285874874263989 ; sb = 758.023746329889
      k =  143 ; sb/Sb = 0.42269890109125 ; sb = 1120.82534500332
      k =   19 ; sb/Sb = 0.559522927918512 ; sb = 1483.62694367676
      k =   18 ; sb/Sb = 0.711549624393247 ; sb = 1886.73983109169
      k =  202 ; sb/Sb = 0.855774812196624 ; sb = 2269.16629461115
      k =   17 ; sb/Sb = 1 ; sb = 2651.5927581306
      Creating new point: f = 0.48600570220054
Tear 3 : Sf = 1711.81005508883 ; Sb = 1940.4980365554
  Backwards path
    i = 368 ; sf/Sf = 0.11451209627867 ; sf = 196.022957839127
      k =   36 ; sb/Sb = 0 ; sb = 0
      k =   35 ; sb/Sb = 0.161735333206839 ; sb = 313.847096529504
      Creating new point: f = 0.708021518910921
    i = 339 ; sf/Sf = 0.22902419255734 ; sf = 392.045915678253
      k =   36 ; sb/Sb = 0 ; sb = 0
      k =   35 ; sb/Sb = 0.161735333206839 ; sb = 313.847096529504
      k =   34 ; sb/Sb = 0.312243930395963 ; sb = 605.908733859709
      Creating new point: f = 0.447076516605544
    i = 37 ; sf/Sf = 0.458048385114679 ; sf = 784.091831356506
      k =   36 ; sb/Sb = 0 ; sb = 0
      k =   35 ; sb/Sb = 0.161735333206839 ; sb = 313.847096529504
      k =   34 ; sb/Sb = 0.312243930395963 ; sb = 605.908733859709
      k =  193 ; sb/Sb = 0.438184273335353 ; sb = 850.295722056708
      k =   33 ; sb/Sb = 0.564124616274742 ; sb = 1094.68271025371
      Creating new point: f = 0.157726359288116
    i = 54 ; sf/Sf = 0.688131805115225 ; sf = 1177.95094322267
      k =   36 ; sb/Sb = 0 ; sb = 0
      k =   35 ; sb/Sb = 0.161735333206839 ; sb = 313.847096529504
      k =   34 ; sb/Sb = 0.312243930395963 ; sb = 605.908733859709
      k =  193 ; sb/Sb = 0.438184273335353 ; sb = 850.295722056708
      k =   33 ; sb/Sb = 0.564124616274742 ; sb = 1094.68271025371
      k =  105 ; sb/Sb = 0.725551784070074 ; sb = 1407.93181240725
      Creating new point: f = 0.76819280505316
    i = 38 ; sf/Sf = 0.918215225115771 ; sf = 1571.81005508883
      k =   36 ; sb/Sb = 0 ; sb = 0
      k =   35 ; sb/Sb = 0.161735333206839 ; sb = 313.847096529504
      k =   34 ; sb/Sb = 0.312243930395963 ; sb = 605.908733859709
      k =  193 ; sb/Sb = 0.438184273335353 ; sb = 850.295722056708
      k =   33 ; sb/Sb = 0.564124616274742 ; sb = 1094.68271025371
      k =  105 ; sb/Sb = 0.725551784070074 ; sb = 1407.93181240725
      k =   32 ; sb/Sb = 0.886978951865406 ; sb = 1721.18091456079
      k =   31 ; sb/Sb = 1 ; sb = 1940.4980365554
      Creating new point: f = 0.276375717319184
Triangulating...
Merging points...
Projecting to sphere...
Optimising mapping with FIRE...
E =  0.00417 | E_L =  0.00417 | E_A =  0.00000 |   0 flippped triangles
E =  0.00359 | E_L =  0.00359 | E_A =  0.00000 |  40 flippped triangles
        phi0    phi0.1    phi0.2    phi0.3    phi0.4    phi0.5    phi0.6
id     65.00    69.000    70.000   137.000    142.00   231.000    236.00
A   15253.36 25278.079  3091.554  2570.967  15303.33  4759.545  11010.50
a  -15799.11 -8470.304 -4700.025 -2153.616 -10472.93 -7142.004 -11503.03
      phi0.7    phi0.8    phi0.9   phi0.10   phi0.11   phi0.12   phi0.13
id  237.0000   238.000   241.000    244.00   245.000   247.000   252.000
A   123.0649  9556.590  6182.400  15907.37  1339.126  5801.901  1219.031
a  -111.2813 -7697.188 -6208.454 -15349.54 -1170.455 -6025.562 -1464.998
     phi0.14   phi0.15   phi0.16   phi0.17   phi0.18   phi0.19   phi0.20
id  255.0000   259.000   260.000  262.0000   263.000   273.000 274.00000
A   493.5401  5360.757  2828.201  409.3682  6080.114 12873.617  22.55313
a  -221.1253 -7942.797 -2428.781 -232.4090 -8540.159 -5440.892 -17.93934
     phi0.21   phi0.22   phi0.23   phi0.24   phi0.25   phi0.26   phi0.27
id   278.000   282.000   286.000   336.000  453.0000    476.00   480.000
A   4900.471 14984.215 13330.587  5369.449  817.7444  30155.00  3767.271
a  -4515.978 -1271.031 -1695.137 -4675.170 -727.2962 -24665.69 -3667.379
     phi0.28   phi0.29   phi0.30   phi0.31   phi0.32   phi0.33   phi0.34
id   495.000    509.00   598.000 713.00000  724.0000   725.000   731.000
A   7968.629  19323.21  6138.436  18.70675  280.0675  1963.066  4519.598
a  -7527.378 -17263.42 -6681.996 -15.93369 -129.3746 -1957.797 -4861.550
     phi0.35   phi0.36   phi0.37   phi0.38   phi0.39
id   786.000   857.000  872.0000  873.0000   897.000
A   6193.493  2337.434 4243.6811  581.1326  2091.508
a  -6222.225 -2324.300 -575.8216 -563.1730 -1757.255
E =  0.00351 | E_L =  0.00351 | E_A =  0.00000 |  35 flippped triangles
        phi0    phi0.1    phi0.2    phi0.3    phi0.4    phi0.5    phi0.6
id     65.00    70.000   137.000   142.000   231.000    236.00  237.0000
A   15253.36  3091.554  2570.967 15303.333  4759.545  11010.50  123.0649
a  -11734.38 -4929.364 -2271.054 -6716.369 -5829.323 -10745.68 -109.1954
      phi0.7    phi0.8    phi0.9   phi0.10   phi0.11   phi0.12   phi0.13
id   238.000   241.000    244.00   245.000   247.000   252.000  255.0000
A   9556.590  6182.400  15907.37  1339.126  5801.901  1219.031  493.5401
a  -8138.716 -5667.789 -14019.60 -1287.886 -6090.765 -1485.843 -451.2999
     phi0.14   phi0.15   phi0.16   phi0.17   phi0.18   phi0.19   phi0.20
id   259.000   260.000  263.0000   278.000   336.000  453.0000   465.000
A   5360.757  2828.201 6080.1139  4900.471  5369.449  817.7444  9485.023
a  -7564.437 -3072.444 -992.0102 -3963.957 -6010.183 -645.0314 -8609.519
     phi0.21   phi0.22   phi0.23   phi0.24   phi0.25   phi0.26   phi0.27
id    476.00   480.000    484.00   495.000    509.00   598.000  724.0000
A   30155.00  3767.271  27706.72  7968.629  19323.21  6138.436  280.0675
a  -27000.76 -3324.208 -13148.66 -8471.965 -18758.41 -6863.000 -253.6823
     phi0.28   phi0.29   phi0.30   phi0.31   phi0.32   phi0.33   phi0.34
id   725.000   731.000   786.000   857.000   872.000  873.0000   897.000
A   1963.066  4519.598  6193.493  2337.434  4243.681  581.1326  2091.508
a  -1930.100 -3977.990 -6041.707 -2255.755 -1403.384 -604.7466 -1727.918
E =  0.00345 | E_L =  0.00345 | E_A =  0.00000 |  34 flippped triangles
        phi0    phi0.1    phi0.2    phi0.3    phi0.4   phi0.5    phi0.6
id     65.00    70.000   137.000    142.00   231.000    236.0  237.0000
A   15253.36  3091.554  2570.967  15303.33  4759.545  11010.5  123.0649
a  -10388.15 -4968.067 -2385.051 -10357.57 -6122.418 -10777.9 -112.0855
      phi0.7    phi0.8    phi0.9   phi0.10   phi0.11   phi0.12   phi0.13
id   238.000   241.000    244.00   245.000   247.000   252.000  255.0000
A   9556.590  6182.400  15907.37  1339.126  5801.901  1219.031  493.5401
a  -8158.682 -5850.173 -13945.53 -1328.639 -6140.379 -1498.843 -470.3422
     phi0.14   phi0.15   phi0.16   phi0.17   phi0.18   phi0.19   phi0.20
id   259.000   260.000   278.000   336.000  453.0000   465.000    476.00
A   5360.757  2828.201  4900.471  5369.449  817.7444  9485.023  30155.00
a  -7725.639 -3037.732 -3360.990 -5640.257 -608.9861 -9961.960 -27554.03
     phi0.21   phi0.22   phi0.23   phi0.24   phi0.25   phi0.26   phi0.27
id   480.000    484.00   495.000    509.00   598.000  724.0000   725.000
A   3767.271  27706.72  7968.629  19323.21  6138.436  280.0675  1963.066
a  -3452.386 -18620.94 -8470.985 -18995.99 -6987.086 -255.4498 -1937.099
     phi0.28   phi0.29   phi0.30   phi0.31   phi0.32   phi0.33
id   731.000   786.000   857.000   872.000  873.0000   897.000
A   4519.598  6193.493  2337.434  4243.681  581.1326  2091.508
a  -4653.756 -6055.071 -2267.411 -1049.794 -612.5765 -1783.074
E =  0.00342 | E_L =  0.00342 | E_A =  0.00000 |  33 flippped triangles
        phi0    phi0.1    phi0.2    phi0.3    phi0.4    phi0.5    phi0.6
id    70.000   137.000   142.000   231.000    236.00  237.0000   238.000
A   3091.554  2570.967 15303.333  4759.545  11010.50  123.0649  9556.590
a  -4792.771 -2408.021 -7392.795 -5392.432 -10258.93 -125.2003 -8199.774
      phi0.7    phi0.8    phi0.9   phi0.10   phi0.11   phi0.12   phi0.13
id   241.000    244.00   245.000   247.000   252.000  255.0000   259.000
A   6182.400  15907.37  1339.126  5801.901  1219.031  493.5401  5360.757
a  -5434.326 -13310.09 -1336.626 -6262.902 -1498.688 -456.8532 -7517.466
     phi0.14   phi0.15   phi0.16   phi0.17   phi0.18   phi0.19   phi0.20
id   260.000   278.000   336.000  453.0000   465.000    476.00   480.000
A   2828.201  4900.471  5369.449  817.7444  9485.023  30155.00  3767.271
a  -3102.167 -3223.693 -5745.836 -738.6355 -9987.719 -27501.61 -3267.560
     phi0.21   phi0.22   phi0.23   phi0.24   phi0.25   phi0.26   phi0.27
id    484.00   495.000    509.00   598.000  724.0000   725.000   731.000
A   27706.72  7968.629  19323.21  6138.436  280.0675  1963.066  4519.598
a  -18570.78 -8460.505 -18914.65 -7067.731 -238.9795 -1877.621 -4162.739
     phi0.28   phi0.29   phi0.30   phi0.31   phi0.32
id   786.000   857.000   872.000  873.0000   897.000
A   6193.493  2337.434  4243.681  581.1326  2091.508
a  -5998.492 -2153.432 -1444.784 -634.6354 -1690.291
E =  0.00342 | E_L =  0.00342 | E_A =  0.00000 |  34 flippped triangles
        phi0     phi0.1    phi0.2    phi0.3    phi0.4   phi0.5    phi0.6
id    70.000   73.00000   137.000   142.000   231.000    236.0  237.0000
A   3091.554 1322.99402  2570.967 15303.333  4759.545  11010.5  123.0649
a  -4898.318  -47.96968 -2390.158 -9143.458 -5712.115 -10417.5 -120.4862
      phi0.7    phi0.8    phi0.9   phi0.10   phi0.11   phi0.12   phi0.13
id   238.000   241.000    244.00   245.000   247.000   252.000  255.0000
A   9556.590  6182.400  15907.37  1339.126  5801.901  1219.031  493.5401
a  -8144.666 -5603.062 -13660.80 -1308.342 -6265.825 -1505.069 -465.1218
     phi0.14   phi0.15   phi0.16   phi0.17   phi0.18   phi0.19   phi0.20
id   259.000   260.000   278.000   336.000  453.0000   465.000    476.00
A   5360.757  2828.201  4900.471  5369.449  817.7444  9485.023  30155.00
a  -7605.052 -3083.366 -2579.797 -5653.594 -545.0732 -9977.530 -27081.18
     phi0.21   phi0.22   phi0.23   phi0.24   phi0.25   phi0.26   phi0.27
id   480.000    484.00   495.000    509.00   598.000  724.0000   725.000
A   3767.271  27706.72  7968.629  19323.21  6138.436  280.0675  1963.066
a  -3358.394 -18609.25 -8403.496 -18786.66 -7052.392 -246.9480 -1935.550
     phi0.28   phi0.29   phi0.30   phi0.31   phi0.32   phi0.33
id   731.000   786.000   857.000   872.000  873.0000   897.000
A   4519.598  6193.493  2337.434  4243.681  581.1326  2091.508
a  -4457.037 -6033.911 -2220.687 -1535.444 -637.2033 -1691.647
FIRE:  5  stops.  0 hits of maxmove.  0 hits of dtmax.
Frms = 9.96484287734758e-06; Ftanrms = 9.94666751716943e-06
E =  0.00532 | E_L =  0.00529 | E_A =  0.00002 |   0 flippped triangles
E =  0.00427 | E_L =  0.00427 | E_A =  0.00000 |   0 flippped triangles
E =  0.00404 | E_L =  0.00404 | E_A =  0.00000 |   0 flippped triangles
E =  0.00398 | E_L =  0.00398 | E_A =  0.00000 |   0 flippped triangles
E =  0.00398 | E_L =  0.00398 | E_A =  0.00000 |   0 flippped triangles
Optimising mapping with BFGS...
E =  0.00398 | E_L =  0.00398 | E_A =  0.00000 |   0 flippped triangles
Transforming image...
Mapping optimised. Error: 0.003980212 ; 0 flipped triangles.
Inferring coordinates of datapoints
Inferring coordinates of landmarks
Mapping optimised. Error: 0.003980212 ; 0 flipped triangles. OD displacement: 5.595716 degrees.
Computing Kernel Density estimates of datapoints

[1] 0.7
Saving developmental_retina/data/C57BL6J/P8/AP/GM257-4/R-CONTRA/r.mat
