[1] "Adding old segment 1"
[1] "Adding old segment 2"
[1] "Adding old segment 3"
[1] "Adding old segment 6"
[1] "Adding old segment 5"
[1] "Adding old segment 4"
[1] "Intersection found. Old points:"
   X    Y 
3050 4919 
   X    Y 
2450 4809 
   X    Y 
2450 4809 
   X    Y 
2580 5139 
[1] "Point i+1 has been changed:"
   X    Y 
3050 4919 
   X    Y 
2450 4809 
   X    Y 
2450 4809 
   X    Y 
2580 5139 
[1] "a= 0.14097096860865"
[1] "l= 354.682957019364"
[1] "New points:"
   X    Y 
3050 4919 
   X    Y 
2450 4809 
       X        Y 
2561.674 5092.480 
   X    Y 
2580 5139 
[1] "Storing new segment 1"
[1] "Adding old segment 7"
[1] "Storing new segment 2"
simplify.outline: Removing vertex 40
simplify.outline: Removing vertex 64
Triangulating...
[1] "Non-adjacent points in rim connected by line: 8 4"
[1] "In triangle: 130" "In triangle: 132"
[1] "Other points in triangles: 5 93"
[1] "Non-adjacent points in rim connected by line: 8 5"
[1] "In triangle: 129" "In triangle: 130"
[1] "Other points in triangles: 6 454"
[1] "Non-adjacent points in rim connected by line: 8 6"
[1] "In triangle: 61"  "In triangle: 129"
[1] "Other points in triangles: 7 455"
[1] "Non-adjacent points in rim connected by line: 70 68"
[1] "In triangle: 120" "In triangle: 145"
[1] "Other points in triangles: 306 69"
[1] "Non-adjacent points in rim connected by line: 86 30"
[1] "In triangle: 12"  "In triangle: 126"
[1] "Other points in triangles: 88 31"
Stitching...
Tear 1 child of rim
Tear 2 child of rim
Tear 3 child of forward side of tear 2
Tear 4 child of rim
Tear 1 : Sf = 3614.71033454804 ; Sb = 3236.2767707626
  Forwards path
    i = 174 ; sf/Sf = 0.0754720107740488 ; sf = 272.809457314075
      k =   26 ; sb/Sb = 0 ; sb = 0
      k =   25 ; sb/Sb = 0.105693255478004 ; sb = 342.052627529741
      Creating new point: f = 0.714066478818559
    i = 27 ; sf/Sf = 0.150944021548098 ; sf = 545.61891462815
      k =   26 ; sb/Sb = 0 ; sb = 0
      k =   25 ; sb/Sb = 0.105693255478004 ; sb = 342.052627529741
      k =  187 ; sb/Sb = 0.172037737345432 ; sb = 556.76173306558
      Creating new point: f = 0.682057720497614
    i = 157 ; sf/Sf = 0.228331139387227 ; sf = 825.350929242137
      k =   26 ; sb/Sb = 0 ; sb = 0
      k =   25 ; sb/Sb = 0.105693255478004 ; sb = 342.052627529741
      k =  187 ; sb/Sb = 0.172037737345432 ; sb = 556.76173306558
      k =   24 ; sb/Sb = 0.238382219212861 ; sb = 771.470838601419
      Creating new point: f = 0.848501645612089
    i = 28 ; sf/Sf = 0.305718257226356 ; sf = 1105.08294385612
      k =   26 ; sb/Sb = 0 ; sb = 0
      k =   25 ; sb/Sb = 0.105693255478004 ; sb = 342.052627529741
      k =  187 ; sb/Sb = 0.172037737345432 ; sb = 556.76173306558
      k =   24 ; sb/Sb = 0.238382219212861 ; sb = 771.470838601419
      k =   23 ; sb/Sb = 0.364466650232001 ; sb = 1179.51495386348
      Creating new point: f = 0.534055136460688
    i = 29 ; sf/Sf = 0.380617682728308 ; sf = 1375.82267126974
      k =   26 ; sb/Sb = 0 ; sb = 0
      k =   25 ; sb/Sb = 0.105693255478004 ; sb = 342.052627529741
      k =  187 ; sb/Sb = 0.172037737345432 ; sb = 556.76173306558
      k =   24 ; sb/Sb = 0.238382219212861 ; sb = 771.470838601419
      k =   23 ; sb/Sb = 0.364466650232001 ; sb = 1179.51495386348
      k =   22 ; sb/Sb = 0.523532621257726 ; sb = 1694.29646091283
      Creating new point: f = 0.101536691928252
    i = 30 ; sf/Sf = 0.40612330725699 ; sf = 1468.01811584267
      k =   26 ; sb/Sb = 0 ; sb = 0
      k =   25 ; sb/Sb = 0.105693255478004 ; sb = 342.052627529741
      k =  187 ; sb/Sb = 0.172037737345432 ; sb = 556.76173306558
      k =   24 ; sb/Sb = 0.238382219212861 ; sb = 771.470838601419
      k =   23 ; sb/Sb = 0.364466650232001 ; sb = 1179.51495386348
      k =   22 ; sb/Sb = 0.523532621257726 ; sb = 1694.29646091283
      Creating new point: f = 0.261882895231265
    i = 31 ; sf/Sf = 0.417860459876302 ; sf = 1510.44452271386
      k =   26 ; sb/Sb = 0 ; sb = 0
      k =   25 ; sb/Sb = 0.105693255478004 ; sb = 342.052627529741
      k =  187 ; sb/Sb = 0.172037737345432 ; sb = 556.76173306558
      k =   24 ; sb/Sb = 0.238382219212861 ; sb = 771.470838601419
      k =   23 ; sb/Sb = 0.364466650232001 ; sb = 1179.51495386348
      k =   22 ; sb/Sb = 0.523532621257726 ; sb = 1694.29646091283
      Creating new point: f = 0.335670849648073
    i = 86 ; sf/Sf = 0.435565889655367 ; sf = 1574.44452271386
      k =   26 ; sb/Sb = 0 ; sb = 0
      k =   25 ; sb/Sb = 0.105693255478004 ; sb = 342.052627529741
      k =  187 ; sb/Sb = 0.172037737345432 ; sb = 556.76173306558
      k =   24 ; sb/Sb = 0.238382219212861 ; sb = 771.470838601419
      k =   23 ; sb/Sb = 0.364466650232001 ; sb = 1179.51495386348
      k =   22 ; sb/Sb = 0.523532621257726 ; sb = 1694.29646091283
      Creating new point: f = 0.446979570582491
    i = 85 ; sf/Sf = 0.453271319434431 ; sf = 1638.44452271386
      k =   26 ; sb/Sb = 0 ; sb = 0
      k =   25 ; sb/Sb = 0.105693255478004 ; sb = 342.052627529741
      k =  187 ; sb/Sb = 0.172037737345432 ; sb = 556.76173306558
      k =   24 ; sb/Sb = 0.238382219212861 ; sb = 771.470838601419
      k =   23 ; sb/Sb = 0.364466650232001 ; sb = 1179.51495386348
      k =   22 ; sb/Sb = 0.523532621257726 ; sb = 1694.29646091283
      Creating new point: f = 0.558288291516911
    i = 32 ; sf/Sf = 0.498847757964377 ; sf = 1803.19014607995
      k =   26 ; sb/Sb = 0 ; sb = 0
      k =   25 ; sb/Sb = 0.105693255478004 ; sb = 342.052627529741
      k =  187 ; sb/Sb = 0.172037737345432 ; sb = 556.76173306558
      k =   24 ; sb/Sb = 0.238382219212861 ; sb = 771.470838601419
      k =   23 ; sb/Sb = 0.364466650232001 ; sb = 1179.51495386348
      k =   22 ; sb/Sb = 0.523532621257726 ; sb = 1694.29646091283
      Creating new point: f = 0.844813676148518
    i = 33 ; sf/Sf = 0.608289669565439 ; sf = 2198.790954977
      k =   26 ; sb/Sb = 0 ; sb = 0
      k =   25 ; sb/Sb = 0.105693255478004 ; sb = 342.052627529741
      k =  187 ; sb/Sb = 0.172037737345432 ; sb = 556.76173306558
      k =   24 ; sb/Sb = 0.238382219212861 ; sb = 771.470838601419
      k =   23 ; sb/Sb = 0.364466650232001 ; sb = 1179.51495386348
      k =   22 ; sb/Sb = 0.523532621257726 ; sb = 1694.29646091283
      k =   21 ; sb/Sb = 0.714636747279961 ; sb = 2312.76230475548
      Creating new point: f = 0.443512393331849
    i = 197 ; sf/Sf = 0.665254843469335 ; sf = 2404.70355779674
      k =   26 ; sb/Sb = 0 ; sb = 0
      k =   25 ; sb/Sb = 0.105693255478004 ; sb = 342.052627529741
      k =  187 ; sb/Sb = 0.172037737345432 ; sb = 556.76173306558
      k =   24 ; sb/Sb = 0.238382219212861 ; sb = 771.470838601419
      k =   23 ; sb/Sb = 0.364466650232001 ; sb = 1179.51495386348
      k =   22 ; sb/Sb = 0.523532621257726 ; sb = 1694.29646091283
      k =   21 ; sb/Sb = 0.714636747279961 ; sb = 2312.76230475548
      Creating new point: f = 0.74159687266574
    i = 34 ; sf/Sf = 0.722220017373231 ; sf = 2610.61616061648
      k =   26 ; sb/Sb = 0 ; sb = 0
      k =   25 ; sb/Sb = 0.105693255478004 ; sb = 342.052627529741
      k =  187 ; sb/Sb = 0.172037737345432 ; sb = 556.76173306558
      k =   24 ; sb/Sb = 0.238382219212861 ; sb = 771.470838601419
      k =   23 ; sb/Sb = 0.364466650232001 ; sb = 1179.51495386348
      k =   22 ; sb/Sb = 0.523532621257726 ; sb = 1694.29646091283
      k =   21 ; sb/Sb = 0.714636747279961 ; sb = 2312.76230475548
      k =   20 ; sb/Sb = 0.8104258351604 ; sb = 2622.76230475548
      Creating new point: f = 0.0791663253202226
    i = 35 ; sf/Sf = 0.804473184965856 ; sf = 2907.93753556285
      k =   26 ; sb/Sb = 0 ; sb = 0
      k =   25 ; sb/Sb = 0.105693255478004 ; sb = 342.052627529741
      k =  187 ; sb/Sb = 0.172037737345432 ; sb = 556.76173306558
      k =   24 ; sb/Sb = 0.238382219212861 ; sb = 771.470838601419
      k =   23 ; sb/Sb = 0.364466650232001 ; sb = 1179.51495386348
      k =   22 ; sb/Sb = 0.523532621257726 ; sb = 1694.29646091283
      k =   21 ; sb/Sb = 0.714636747279961 ; sb = 2312.76230475548
      k =   20 ; sb/Sb = 0.8104258351604 ; sb = 2622.76230475548
      Creating new point: f = 0.937856698228779
    i = 36 ; sf/Sf = 0.837900610278776 ; sf = 3028.7679952988
      k =   26 ; sb/Sb = 0 ; sb = 0
      k =   25 ; sb/Sb = 0.105693255478004 ; sb = 342.052627529741
      k =  187 ; sb/Sb = 0.172037737345432 ; sb = 556.76173306558
      k =   24 ; sb/Sb = 0.238382219212861 ; sb = 771.470838601419
      k =   23 ; sb/Sb = 0.364466650232001 ; sb = 1179.51495386348
      k =   22 ; sb/Sb = 0.523532621257726 ; sb = 1694.29646091283
      k =   21 ; sb/Sb = 0.714636747279961 ; sb = 2312.76230475548
      k =   20 ; sb/Sb = 0.8104258351604 ; sb = 2622.76230475548
      k =   94 ; sb/Sb = 0.9052129175802 ; sb = 2929.51953775904
      Creating new point: f = 0.289857799364411
    i = 37 ; sf/Sf = 0.901769608412805 ; sf = 3259.6359229111
      k =   26 ; sb/Sb = 0 ; sb = 0
      k =   25 ; sb/Sb = 0.105693255478004 ; sb = 342.052627529741
      k =  187 ; sb/Sb = 0.172037737345432 ; sb = 556.76173306558
      k =   24 ; sb/Sb = 0.238382219212861 ; sb = 771.470838601419
      k =   23 ; sb/Sb = 0.364466650232001 ; sb = 1179.51495386348
      k =   22 ; sb/Sb = 0.523532621257726 ; sb = 1694.29646091283
      k =   21 ; sb/Sb = 0.714636747279961 ; sb = 2312.76230475548
      k =   20 ; sb/Sb = 0.8104258351604 ; sb = 2622.76230475548
      k =   94 ; sb/Sb = 0.9052129175802 ; sb = 2929.51953775904
      Creating new point: f = 0.96367322340248
    i = 38 ; sf/Sf = 0.960390128839835 ; sf = 3471.53212391527
      k =   26 ; sb/Sb = 0 ; sb = 0
      k =   25 ; sb/Sb = 0.105693255478004 ; sb = 342.052627529741
      k =  187 ; sb/Sb = 0.172037737345432 ; sb = 556.76173306558
      k =   24 ; sb/Sb = 0.238382219212861 ; sb = 771.470838601419
      k =   23 ; sb/Sb = 0.364466650232001 ; sb = 1179.51495386348
      k =   22 ; sb/Sb = 0.523532621257726 ; sb = 1694.29646091283
      k =   21 ; sb/Sb = 0.714636747279961 ; sb = 2312.76230475548
      k =   20 ; sb/Sb = 0.8104258351604 ; sb = 2622.76230475548
      k =   94 ; sb/Sb = 0.9052129175802 ; sb = 2929.51953775904
      k =   19 ; sb/Sb = 1 ; sb = 3236.2767707626
      Creating new point: f = 0.582117413586613
Tear 2 : Sf = 2430.6693795475 ; Sb = 2272.793138413
  Forwards path
    i = 1 ; sf/Sf = 0.125349403577086 ; sf = 304.682957019364
      k =   83 ; sb/Sb = 0 ; sb = 0
      k =  228 ; sb/Sb = 0.1341961108757 ; sb = 305
      Creating new point: f = 0.934076276571022
    i = 2 ; sf/Sf = 0.145919868824526 ; sf = 354.682957019364
      k =   83 ; sb/Sb = 0 ; sb = 0
      k =  228 ; sb/Sb = 0.1341961108757 ; sb = 305
      k =   82 ; sb/Sb = 0.268392221751399 ; sb = 610
      Creating new point: f = 0.0873628741721578
    i = 3 ; sf/Sf = 0.244658102012242 ; sf = 594.682957019364
      k =   83 ; sb/Sb = 0 ; sb = 0
      k =  228 ; sb/Sb = 0.1341961108757 ; sb = 305
      k =   82 ; sb/Sb = 0.268392221751399 ; sb = 610
      Creating new point: f = 0.823138542657606
    i = 4 ; sf/Sf = 0.282588165783437 ; sf = 686.878401592293
      k =   83 ; sb/Sb = 0 ; sb = 0
      k =  228 ; sb/Sb = 0.1341961108757 ; sb = 305
      k =   82 ; sb/Sb = 0.268392221751399 ; sb = 610
      k =   81 ; sb/Sb = 0.368821178682186 ; sb = 838.254244210267
      Creating new point: f = 0.141353096416419
    i = 5 ; sf/Sf = 0.373098212872176 ; sf = 906.878401592293
      k =   83 ; sb/Sb = 0 ; sb = 0
      k =  228 ; sb/Sb = 0.1341961108757 ; sb = 305
      k =   82 ; sb/Sb = 0.268392221751399 ; sb = 610
      k =   81 ; sb/Sb = 0.368821178682186 ; sb = 838.254244210267
      k =   80 ; sb/Sb = 0.449592100771049 ; sb = 1021.82984171712
      Creating new point: f = 0.0529526478016986
    i = 6 ; sf/Sf = 0.459885100826704 ; sf = 1117.82863268958
      k =   83 ; sb/Sb = 0 ; sb = 0
      k =  228 ; sb/Sb = 0.1341961108757 ; sb = 305
      k =   82 ; sb/Sb = 0.268392221751399 ; sb = 610
      k =   81 ; sb/Sb = 0.368821178682186 ; sb = 838.254244210267
      k =   80 ; sb/Sb = 0.449592100771049 ; sb = 1021.82984171712
      k =   79 ; sb/Sb = 0.586271715862237 ; sb = 1332.47433305731
      Creating new point: f = 0.0753074995769312
    i = 7 ; sf/Sf = 0.547061169603124 ; sf = 1329.72483369375
      k =   83 ; sb/Sb = 0 ; sb = 0
      k =  228 ; sb/Sb = 0.1341961108757 ; sb = 305
      k =   82 ; sb/Sb = 0.268392221751399 ; sb = 610
      k =   81 ; sb/Sb = 0.368821178682186 ; sb = 838.254244210267
      k =   80 ; sb/Sb = 0.449592100771049 ; sb = 1021.82984171712
      k =   79 ; sb/Sb = 0.586271715862237 ; sb = 1332.47433305731
    i = 9 ; sf/Sf = 0.547061169603124 ; sf = 1329.72483369375
      k =   83 ; sb/Sb = 0 ; sb = 0
      k =  228 ; sb/Sb = 0.1341961108757 ; sb = 305
      k =   82 ; sb/Sb = 0.268392221751399 ; sb = 610
      k =   81 ; sb/Sb = 0.368821178682186 ; sb = 838.254244210267
      k =   80 ; sb/Sb = 0.449592100771049 ; sb = 1021.82984171712
      k =   79 ; sb/Sb = 0.586271715862237 ; sb = 1332.47433305731
      Creating new point: f = 0.713120744209346
    i = 10 ; sf/Sf = 0.675589545228782 ; sf = 1642.13482073002
      k =   83 ; sb/Sb = 0 ; sb = 0
      k =  228 ; sb/Sb = 0.1341961108757 ; sb = 305
      k =   82 ; sb/Sb = 0.268392221751399 ; sb = 610
      k =   81 ; sb/Sb = 0.368821178682186 ; sb = 838.254244210267
      k =   80 ; sb/Sb = 0.449592100771049 ; sb = 1021.82984171712
      k =   79 ; sb/Sb = 0.586271715862237 ; sb = 1332.47433305731
      k =   78 ; sb/Sb = 0.679503342367467 ; sb = 1544.37053406148
      Creating new point: f = 0.958020713727806
    i = 11 ; sf/Sf = 0.816012165511703 ; sf = 1983.45578404754
      k =   83 ; sb/Sb = 0 ; sb = 0
      k =  228 ; sb/Sb = 0.1341961108757 ; sb = 305
      k =   82 ; sb/Sb = 0.268392221751399 ; sb = 610
      k =   81 ; sb/Sb = 0.368821178682186 ; sb = 838.254244210267
      k =   80 ; sb/Sb = 0.449592100771049 ; sb = 1021.82984171712
      k =   79 ; sb/Sb = 0.586271715862237 ; sb = 1332.47433305731
      k =   78 ; sb/Sb = 0.679503342367467 ; sb = 1544.37053406148
      k =   77 ; sb/Sb = 0.77366472554542 ; sb = 1758.3798796518
      k =   99 ; sb/Sb = 0.857896719190228 ; sb = 1949.82177684257
      Creating new point: f = 0.502747686880767
Tear 3 : Sf = 324.499614791759 ; Sb = 250
  Forwards path
Tear 4 : Sf = 1417.05820116074 ; Sb = 1492.62606319974
  Forwards path
    i = 58 ; sf/Sf = 0.109552131899338 ; sf = 155.2417469626
      k =   57 ; sb/Sb = 0 ; sb = 0
      k =   56 ; sb/Sb = 0.156833653107039 ; sb = 234.093998214393
      Creating new point: f = 0.698524390199397
    i = 59 ; sf/Sf = 0.3021672842308 ; sf = 428.188628241724
      k =   57 ; sb/Sb = 0 ; sb = 0
      k =   56 ; sb/Sb = 0.156833653107039 ; sb = 234.093998214393
      k =   55 ; sb/Sb = 0.279089910322432 ; sb = 416.576874123339
      k =   54 ; sb/Sb = 0.379583934712201 ; sb = 566.576874123339
      Creating new point: f = 0.229639265105573
    i = 60 ; sf/Sf = 0.472850275409876 ; sf = 670.05636069068
      k =   57 ; sb/Sb = 0 ; sb = 0
      k =   56 ; sb/Sb = 0.156833653107039 ; sb = 234.093998214393
      k =   55 ; sb/Sb = 0.279089910322432 ; sb = 416.576874123339
      k =   54 ; sb/Sb = 0.379583934712201 ; sb = 566.576874123339
      k =   53 ; sb/Sb = 0.55351570913024 ; sb = 826.191973838282
      Creating new point: f = 0.536223706161429
    i = 61 ; sf/Sf = 0.640590235762521 ; sf = 907.753647170775
      k =   57 ; sb/Sb = 0 ; sb = 0
      k =   56 ; sb/Sb = 0.156833653107039 ; sb = 234.093998214393
      k =   55 ; sb/Sb = 0.279089910322432 ; sb = 416.576874123339
      k =   54 ; sb/Sb = 0.379583934712201 ; sb = 566.576874123339
      k =   53 ; sb/Sb = 0.553515709130241 ; sb = 826.191973838283
      k =   52 ; sb/Sb = 0.71486348236929 ; sb = 1067.02386541413
      Creating new point: f = 0.539669837917585
    i = 62 ; sf/Sf = 0.857983166950986 ; sf = 1215.81208318576
      k =   57 ; sb/Sb = 0 ; sb = 0
      k =   56 ; sb/Sb = 0.156833653107039 ; sb = 234.093998214393
      k =   55 ; sb/Sb = 0.279089910322432 ; sb = 416.576874123339
      k =   54 ; sb/Sb = 0.379583934712201 ; sb = 566.576874123339
      k =   53 ; sb/Sb = 0.553515709130241 ; sb = 826.191973838283
      k =   52 ; sb/Sb = 0.71486348236929 ; sb = 1067.02386541413
      k =   51 ; sb/Sb = 0.882353523018905 ; sb = 1317.02386541413
      Creating new point: f = 0.854496685454264
Tear 1 : Sf = 3236.2767707626 ; Sb = 3614.71033454804
  Backwards path
    i = 25 ; sf/Sf = 0.105693255478004 ; sf = 342.052627529741
      k =   26 ; sb/Sb = 0 ; sb = 0
      k =  174 ; sb/Sb = 0.0754720107740488 ; sb = 272.809457314075
      k =   27 ; sb/Sb = 0.150944021548098 ; sb = 545.61891462815
      Creating new point: f = 0.400429833444254
    i = 187 ; sf/Sf = 0.172037737345432 ; sf = 556.76173306558
      k =   26 ; sb/Sb = 0 ; sb = 0
      k =  174 ; sb/Sb = 0.0754720107740488 ; sb = 272.809457314075
      k =   27 ; sb/Sb = 0.150944021548098 ; sb = 545.61891462815
      k =  157 ; sb/Sb = 0.228331139387227 ; sb = 825.350929242137
      Creating new point: f = 0.272573994048777
    i = 24 ; sf/Sf = 0.238382219212861 ; sf = 771.470838601419
      k =   26 ; sb/Sb = 0 ; sb = 0
      k =  174 ; sb/Sb = 0.0754720107740488 ; sb = 272.809457314075
      k =   27 ; sb/Sb = 0.150944021548098 ; sb = 545.61891462815
      k =  157 ; sb/Sb = 0.228331139387227 ; sb = 825.350929242137
      k =   28 ; sb/Sb = 0.305718257226356 ; sb = 1105.08294385612
      Creating new point: f = 0.129880529295947
    i = 23 ; sf/Sf = 0.364466650232001 ; sf = 1179.51495386348
      k =   26 ; sb/Sb = 0 ; sb = 0
      k =  174 ; sb/Sb = 0.0754720107740488 ; sb = 272.809457314075
      k =   27 ; sb/Sb = 0.150944021548098 ; sb = 545.61891462815
      k =  157 ; sb/Sb = 0.228331139387227 ; sb = 825.350929242137
      k =   28 ; sb/Sb = 0.305718257226356 ; sb = 1105.08294385612
      k =   29 ; sb/Sb = 0.380617682728308 ; sb = 1375.82267126974
      Creating new point: f = 0.784363733258725
    i = 22 ; sf/Sf = 0.523532621257726 ; sf = 1694.29646091283
      k =   26 ; sb/Sb = 0 ; sb = 0
      k =  174 ; sb/Sb = 0.0754720107740488 ; sb = 272.809457314075
      k =   27 ; sb/Sb = 0.150944021548098 ; sb = 545.61891462815
      k =  157 ; sb/Sb = 0.228331139387227 ; sb = 825.350929242137
      k =   28 ; sb/Sb = 0.305718257226356 ; sb = 1105.08294385612
      k =   29 ; sb/Sb = 0.380617682728308 ; sb = 1375.82267126974
      k =   30 ; sb/Sb = 0.40612330725699 ; sb = 1468.01811584267
      k =   31 ; sb/Sb = 0.417860459876302 ; sb = 1510.44452271386
      k =   86 ; sb/Sb = 0.435565889655367 ; sb = 1574.44452271386
      k =   85 ; sb/Sb = 0.453271319434431 ; sb = 1638.44452271386
      k =   32 ; sb/Sb = 0.498847757964377 ; sb = 1803.19014607995
      k =   33 ; sb/Sb = 0.608289669565439 ; sb = 2198.790954977
      Creating new point: f = 0.225552194147795
    i = 21 ; sf/Sf = 0.714636747279961 ; sf = 2312.76230475548
      k =   26 ; sb/Sb = 0 ; sb = 0
      k =  174 ; sb/Sb = 0.0754720107740488 ; sb = 272.809457314075
      k =   27 ; sb/Sb = 0.150944021548098 ; sb = 545.61891462815
      k =  157 ; sb/Sb = 0.228331139387227 ; sb = 825.350929242137
      k =   28 ; sb/Sb = 0.305718257226356 ; sb = 1105.08294385612
      k =   29 ; sb/Sb = 0.380617682728308 ; sb = 1375.82267126974
      k =   30 ; sb/Sb = 0.40612330725699 ; sb = 1468.01811584267
      k =   31 ; sb/Sb = 0.417860459876302 ; sb = 1510.44452271386
      k =   86 ; sb/Sb = 0.435565889655367 ; sb = 1574.44452271386
      k =   85 ; sb/Sb = 0.453271319434431 ; sb = 1638.44452271386
      k =   32 ; sb/Sb = 0.498847757964377 ; sb = 1803.19014607995
      k =   33 ; sb/Sb = 0.608289669565439 ; sb = 2198.790954977
      k =  197 ; sb/Sb = 0.665254843469335 ; sb = 2404.70355779674
      k =   34 ; sb/Sb = 0.722220017373231 ; sb = 2610.61616061648
      Creating new point: f = 0.866878838883848
    i = 20 ; sf/Sf = 0.8104258351604 ; sf = 2622.76230475548
      k =   26 ; sb/Sb = 0 ; sb = 0
      k =  174 ; sb/Sb = 0.0754720107740488 ; sb = 272.809457314075
      k =   27 ; sb/Sb = 0.150944021548098 ; sb = 545.61891462815
      k =  157 ; sb/Sb = 0.228331139387227 ; sb = 825.350929242137
      k =   28 ; sb/Sb = 0.305718257226356 ; sb = 1105.08294385612
      k =   29 ; sb/Sb = 0.380617682728308 ; sb = 1375.82267126974
      k =   30 ; sb/Sb = 0.40612330725699 ; sb = 1468.01811584267
      k =   31 ; sb/Sb = 0.417860459876302 ; sb = 1510.44452271386
      k =   86 ; sb/Sb = 0.435565889655367 ; sb = 1574.44452271386
      k =   85 ; sb/Sb = 0.453271319434431 ; sb = 1638.44452271386
      k =   32 ; sb/Sb = 0.498847757964377 ; sb = 1803.19014607995
      k =   33 ; sb/Sb = 0.608289669565439 ; sb = 2198.790954977
      k =  197 ; sb/Sb = 0.665254843469335 ; sb = 2404.70355779674
      k =   34 ; sb/Sb = 0.722220017373231 ; sb = 2610.61616061648
      k =   35 ; sb/Sb = 0.804473184965856 ; sb = 2907.93753556285
      k =   36 ; sb/Sb = 0.837900610278776 ; sb = 3028.7679952988
      Creating new point: f = 0.17807683777079
    i = 94 ; sf/Sf = 0.9052129175802 ; sf = 2929.51953775904
      k =   26 ; sb/Sb = 0 ; sb = 0
      k =  174 ; sb/Sb = 0.0754720107740488 ; sb = 272.809457314075
      k =   27 ; sb/Sb = 0.150944021548098 ; sb = 545.61891462815
      k =  157 ; sb/Sb = 0.228331139387227 ; sb = 825.350929242137
      k =   28 ; sb/Sb = 0.305718257226356 ; sb = 1105.08294385612
      k =   29 ; sb/Sb = 0.380617682728308 ; sb = 1375.82267126974
      k =   30 ; sb/Sb = 0.40612330725699 ; sb = 1468.01811584267
      k =   31 ; sb/Sb = 0.417860459876302 ; sb = 1510.44452271386
      k =   86 ; sb/Sb = 0.435565889655367 ; sb = 1574.44452271386
      k =   85 ; sb/Sb = 0.453271319434431 ; sb = 1638.44452271386
      k =   32 ; sb/Sb = 0.498847757964377 ; sb = 1803.19014607995
      k =   33 ; sb/Sb = 0.608289669565439 ; sb = 2198.790954977
      k =  197 ; sb/Sb = 0.665254843469335 ; sb = 2404.70355779674
      k =   34 ; sb/Sb = 0.722220017373231 ; sb = 2610.61616061648
      k =   35 ; sb/Sb = 0.804473184965856 ; sb = 2907.93753556285
      k =   36 ; sb/Sb = 0.837900610278776 ; sb = 3028.7679952988
      k =   37 ; sb/Sb = 0.901769608412805 ; sb = 3259.6359229111
      k =   38 ; sb/Sb = 0.960390128839835 ; sb = 3471.53212391527
      Creating new point: f = 0.0587389730134006
Tear 2 : Sf = 2272.793138413 ; Sb = 2430.6693795475
  Backwards path
    i = 228 ; sf/Sf = 0.1341961108757 ; sf = 305
      k =   83 ; sb/Sb = 0 ; sb = 0
      k =    1 ; sb/Sb = 0.125349403577086 ; sb = 304.682957019364
      k =    2 ; sb/Sb = 0.145919868824526 ; sb = 354.682957019364
      Creating new point: f = 0.430068410811209
    i = 82 ; sf/Sf = 0.268392221751399 ; sf = 610
      k =   83 ; sb/Sb = 0 ; sb = 0
      k =    1 ; sb/Sb = 0.125349403577086 ; sb = 304.682957019364
      k =    2 ; sb/Sb = 0.145919868824526 ; sb = 354.682957019364
      k =    3 ; sb/Sb = 0.244658102012242 ; sb = 594.682957019364
      k =    4 ; sb/Sb = 0.282588165783437 ; sb = 686.878401592293
      Creating new point: f = 0.625733715670197
    i = 81 ; sf/Sf = 0.368821178682186 ; sf = 838.254244210267
      k =   83 ; sb/Sb = 0 ; sb = 0
      k =    1 ; sb/Sb = 0.125349403577086 ; sb = 304.682957019364
      k =    2 ; sb/Sb = 0.145919868824526 ; sb = 354.682957019364
      k =    3 ; sb/Sb = 0.244658102012242 ; sb = 594.682957019364
      k =    4 ; sb/Sb = 0.282588165783437 ; sb = 686.878401592293
      k =    5 ; sb/Sb = 0.373098212872176 ; sb = 906.878401592293
      Creating new point: f = 0.952745199814152
    i = 80 ; sf/Sf = 0.449592100771049 ; sf = 1021.82984171712
      k =   83 ; sb/Sb = 0 ; sb = 0
      k =    1 ; sb/Sb = 0.125349403577086 ; sb = 304.682957019364
      k =    2 ; sb/Sb = 0.145919868824526 ; sb = 354.682957019364
      k =    3 ; sb/Sb = 0.244658102012242 ; sb = 594.682957019364
      k =    4 ; sb/Sb = 0.282588165783437 ; sb = 686.878401592293
      k =    5 ; sb/Sb = 0.373098212872176 ; sb = 906.878401592293
      k =    6 ; sb/Sb = 0.459885100826704 ; sb = 1117.82863268958
      Creating new point: f = 0.881399134152064
    i = 79 ; sf/Sf = 0.586271715862237 ; sf = 1332.47433305731
      k =   83 ; sb/Sb = 0 ; sb = 0
      k =    1 ; sb/Sb = 0.125349403577086 ; sb = 304.682957019364
      k =    2 ; sb/Sb = 0.145919868824526 ; sb = 354.682957019364
      k =    3 ; sb/Sb = 0.244658102012242 ; sb = 594.682957019364
      k =    4 ; sb/Sb = 0.282588165783437 ; sb = 686.878401592293
      k =    5 ; sb/Sb = 0.373098212872176 ; sb = 906.878401592293
      k =    6 ; sb/Sb = 0.459885100826704 ; sb = 1117.82863268958
      k =    7 ; sb/Sb = 0.547061169603124 ; sb = 1329.72483369375
      k =    9 ; sb/Sb = 0.547061169603124 ; sb = 1329.72483369375
      k =   10 ; sb/Sb = 0.675589545228782 ; sb = 1642.13482073002
      Creating new point: f = 0.305073070971617
    i = 78 ; sf/Sf = 0.679503342367467 ; sf = 1544.37053406148
      k =   83 ; sb/Sb = 0 ; sb = 0
      k =    1 ; sb/Sb = 0.125349403577086 ; sb = 304.682957019364
      k =    2 ; sb/Sb = 0.145919868824526 ; sb = 354.682957019364
      k =    3 ; sb/Sb = 0.244658102012242 ; sb = 594.682957019364
      k =    4 ; sb/Sb = 0.282588165783437 ; sb = 686.878401592293
      k =    5 ; sb/Sb = 0.373098212872176 ; sb = 906.878401592293
      k =    6 ; sb/Sb = 0.459885100826704 ; sb = 1117.82863268958
      k =    7 ; sb/Sb = 0.547061169603124 ; sb = 1329.72483369375
      k =    9 ; sb/Sb = 0.547061169603124 ; sb = 1329.72483369375
      k =   10 ; sb/Sb = 0.675589545228782 ; sb = 1642.13482073002
      k =   11 ; sb/Sb = 0.816012165511703 ; sb = 1983.45578404754
      Creating new point: f = 0.0278715575225694
    i = 77 ; sf/Sf = 0.77366472554542 ; sf = 1758.3798796518
      k =   83 ; sb/Sb = 0 ; sb = 0
      k =    1 ; sb/Sb = 0.125349403577086 ; sb = 304.682957019364
      k =    2 ; sb/Sb = 0.145919868824526 ; sb = 354.682957019364
      k =    3 ; sb/Sb = 0.244658102012242 ; sb = 594.682957019364
      k =    4 ; sb/Sb = 0.282588165783437 ; sb = 686.878401592293
      k =    5 ; sb/Sb = 0.373098212872176 ; sb = 906.878401592293
      k =    6 ; sb/Sb = 0.459885100826704 ; sb = 1117.82863268958
      k =    7 ; sb/Sb = 0.547061169603124 ; sb = 1329.72483369375
      k =    9 ; sb/Sb = 0.547061169603124 ; sb = 1329.72483369375
      k =   10 ; sb/Sb = 0.675589545228782 ; sb = 1642.13482073002
      k =   11 ; sb/Sb = 0.816012165511703 ; sb = 1983.45578404754
      Creating new point: f = 0.698428644324098
    i = 99 ; sf/Sf = 0.857896719190228 ; sf = 1949.82177684257
      k =   83 ; sb/Sb = 0 ; sb = 0
      k =    1 ; sb/Sb = 0.125349403577086 ; sb = 304.682957019364
      k =    2 ; sb/Sb = 0.145919868824526 ; sb = 354.682957019364
      k =    3 ; sb/Sb = 0.244658102012242 ; sb = 594.682957019364
      k =    4 ; sb/Sb = 0.282588165783437 ; sb = 686.878401592293
      k =    5 ; sb/Sb = 0.373098212872176 ; sb = 906.878401592293
      k =    6 ; sb/Sb = 0.459885100826704 ; sb = 1117.82863268958
      k =    7 ; sb/Sb = 0.547061169603124 ; sb = 1329.72483369375
      k =    9 ; sb/Sb = 0.547061169603124 ; sb = 1329.72483369375
      k =   10 ; sb/Sb = 0.675589545228782 ; sb = 1642.13482073002
      k =   11 ; sb/Sb = 0.816012165511703 ; sb = 1983.45578404754
      k =   12 ; sb/Sb = 1 ; sb = 2430.6693795475
      Creating new point: f = 0.227648495320429
    i = 76 ; sf/Sf = 0.942128712835036 ; sf = 2141.26367403334
      k =   83 ; sb/Sb = 0 ; sb = 0
      k =    1 ; sb/Sb = 0.125349403577086 ; sb = 304.682957019364
      k =    2 ; sb/Sb = 0.145919868824526 ; sb = 354.682957019364
      k =    3 ; sb/Sb = 0.244658102012242 ; sb = 594.682957019364
      k =    4 ; sb/Sb = 0.282588165783437 ; sb = 686.878401592293
      k =    5 ; sb/Sb = 0.373098212872176 ; sb = 906.878401592293
      k =    6 ; sb/Sb = 0.459885100826704 ; sb = 1117.82863268958
      k =    7 ; sb/Sb = 0.547061169603124 ; sb = 1329.72483369375
      k =    9 ; sb/Sb = 0.547061169603124 ; sb = 1329.72483369375
      k =   10 ; sb/Sb = 0.675589545228782 ; sb = 1642.13482073002
      k =   11 ; sb/Sb = 0.816012165511703 ; sb = 1983.45578404754
      k =   12 ; sb/Sb = 1 ; sb = 2430.6693795475
      Creating new point: f = 0.685461338648205
Tear 3 : Sf = 250 ; Sb = 324.499614791759
  Backwards path
Tear 4 : Sf = 1492.62606319974 ; Sb = 1417.05820116074
  Backwards path
    i = 56 ; sf/Sf = 0.156833653107039 ; sf = 234.093998214393
      k =   57 ; sb/Sb = 0 ; sb = 0
      k =   58 ; sb/Sb = 0.109552131899338 ; sb = 155.2417469626
      k =   59 ; sb/Sb = 0.3021672842308 ; sb = 428.188628241724
      Creating new point: f = 0.245471452455289
    i = 55 ; sf/Sf = 0.279089910322432 ; sf = 416.576874123339
      k =   57 ; sb/Sb = 0 ; sb = 0
      k =   58 ; sb/Sb = 0.109552131899338 ; sb = 155.2417469626
      k =   59 ; sb/Sb = 0.3021672842308 ; sb = 428.188628241724
      Creating new point: f = 0.880189208226695
    i = 54 ; sf/Sf = 0.379583934712201 ; sf = 566.576874123339
      k =   57 ; sb/Sb = 0 ; sb = 0
      k =   58 ; sb/Sb = 0.109552131899338 ; sb = 155.2417469626
      k =   59 ; sb/Sb = 0.3021672842308 ; sb = 428.188628241724
      k =   60 ; sb/Sb = 0.472850275409876 ; sb = 670.05636069068
      Creating new point: f = 0.453569801809823
    i = 53 ; sf/Sf = 0.553515709130241 ; sf = 826.191973838283
      k =   57 ; sb/Sb = 0 ; sb = 0
      k =   58 ; sb/Sb = 0.109552131899338 ; sb = 155.2417469626
      k =   59 ; sb/Sb = 0.3021672842308 ; sb = 428.188628241724
      k =   60 ; sb/Sb = 0.472850275409876 ; sb = 670.05636069068
      k =   61 ; sb/Sb = 0.640590235762521 ; sb = 907.753647170775
      Creating new point: f = 0.480895748101878
    i = 52 ; sf/Sf = 0.71486348236929 ; sf = 1067.02386541413
      k =   57 ; sb/Sb = 0 ; sb = 0
      k =   58 ; sb/Sb = 0.109552131899338 ; sb = 155.2417469626
      k =   59 ; sb/Sb = 0.3021672842308 ; sb = 428.188628241724
      k =   60 ; sb/Sb = 0.472850275409876 ; sb = 670.05636069068
      k =   61 ; sb/Sb = 0.640590235762521 ; sb = 907.753647170775
      k =   62 ; sb/Sb = 0.857983166950986 ; sb = 1215.81208318576
      Creating new point: f = 0.341654377631895
    i = 51 ; sf/Sf = 0.882353523018905 ; sf = 1317.02386541413
      k =   57 ; sb/Sb = 0 ; sb = 0
      k =   58 ; sb/Sb = 0.109552131899338 ; sb = 155.2417469626
      k =   59 ; sb/Sb = 0.3021672842308 ; sb = 428.188628241724
      k =   60 ; sb/Sb = 0.472850275409876 ; sb = 670.05636069068
      k =   61 ; sb/Sb = 0.640590235762521 ; sb = 907.753647170775
      k =   62 ; sb/Sb = 0.857983166950986 ; sb = 1215.81208318576
      k =   63 ; sb/Sb = 1 ; sb = 1417.05820116074
      Creating new point: f = 0.171601883697182
    i = 50 ; sf/Sf = 0.979901195122046 ; sf = 1462.62606319974
      k =   57 ; sb/Sb = 0 ; sb = 0
      k =   58 ; sb/Sb = 0.109552131899338 ; sb = 155.2417469626
      k =   59 ; sb/Sb = 0.3021672842308 ; sb = 428.188628241724
      k =   60 ; sb/Sb = 0.472850275409876 ; sb = 670.05636069068
      k =   61 ; sb/Sb = 0.640590235762521 ; sb = 907.753647170775
      k =   62 ; sb/Sb = 0.857983166950986 ; sb = 1215.81208318576
      k =   63 ; sb/Sb = 1 ; sb = 1417.05820116074
      Creating new point: f = 0.858475897212711
Triangulating...
Merging points...
Projecting to sphere...
Optimising mapping with FIRE...
E =  0.00701 | E_L =  0.00701 | E_A =  0.00000 |   0 flippped triangles
E =  0.00613 | E_L =  0.00613 | E_A =  0.00000 |  70 flippped triangles
        phi0    phi0.1    phi0.2    phi0.3    phi0.4    phi0.5   phi0.6
id     9.000    25.000   57.0000    60.000    61.000    65.000  71.0000
A   2355.882  7238.996 1095.1620  1068.631  5577.596 10170.935 145.5734
a  -2438.735 -5154.163 -673.3932 -1011.492 -4025.542 -8317.241 -65.5499
      phi0.7    phi0.8    phi0.9   phi0.10   phi0.11   phi0.12   phi0.13
id    73.000    74.000    81.000   82.0000     83.00    84.000    89.000
A   7715.580  4734.348  6773.076  622.8163  15059.10  2796.180  5658.332
a  -2905.949 -2067.922 -5833.718 -505.6849 -14024.44 -2507.083 -2786.904
     phi0.14   phi0.15   phi0.16   phi0.17   phi0.18   phi0.19   phi0.20
id    98.000    101.00    103.00   104.000    111.00    113.00   114.000
A  13154.420  14202.15  23148.40  2932.701  40125.25  22686.78 24297.193
a  -5331.315 -10511.36 -21063.89 -2847.649 -26457.51 -24393.85 -1226.273
     phi0.21   phi0.22  phi0.23   phi0.24   phi0.25   phi0.26   phi0.27
id    146.00    194.00   205.00    239.00   243.000   245.000   256.000
A   10150.00  37347.34 29558.34  43740.19  1943.398  2355.882  6064.395
a  -10105.25 -19892.25 -2667.73 -17979.45 -2251.523 -1914.722 -6431.301
     phi0.28  phi0.29   phi0.30   phi0.31   phi0.32   phi0.33   phi0.34
id    257.00   260.00    261.00    270.00    271.00    302.00   363.000
A   25139.63 12965.07  23912.84  25939.71  12036.55  14468.73 31620.177
a  -26109.83 -6603.41 -19219.15 -16977.54 -11468.49 -15134.36 -4184.363
     phi0.35   phi0.36   phi0.37   phi0.38   phi0.39   phi0.40   phi0.41
id   627.000   629.000   656.000    767.00    773.00   775.000   795.000
A   3952.806  3331.418  7922.000  32438.42  40863.62  6082.490  2826.585
a  -3469.435 -3441.685 -7296.072 -22054.44 -28203.78 -1701.423 -2831.925
     phi0.42   phi0.43   phi0.44   phi0.45   phi0.46   phi0.47   phi0.48
id   806.000    813.00   816.000    818.00    819.00   823.000   825.000
A   7191.185  34664.75 21614.442  15743.06  15006.28  1603.708  2062.492
a  -8479.424 -18159.22 -8760.587 -14577.53 -15511.59 -1269.859 -1073.205
     phi0.49   phi0.50   phi0.51   phi0.52   phi0.53   phi0.54   phi0.55
id   826.000   830.000   832.000   833.000    834.00  835.0000   898.000
A   5340.343  8743.949  8394.894  2473.547  17498.56  793.6287 28784.948
a  -5499.009 -6934.658 -8917.544 -1948.173 -18634.10 -676.7171 -5896.556
     phi0.56   phi0.57  phi0.58    phi0.59   phi0.60   phi0.61   phi0.62
id   906.000  907.0000   916.00   919.0000   920.000    926.00    927.00
A   7888.127  544.5377  2086.61 15138.1142  2681.230  14442.14  16324.62
a  -8984.824 -507.7025 -2206.95  -483.1949 -1817.421 -16710.17 -12715.83
     phi0.63   phi0.64   phi0.65   phi0.66   phi0.67   phi0.68   phi0.69
id  930.0000   934.000  948.0000   949.000   953.000   956.000   957.000
A   127.2771  1402.146  737.1377  2207.326  7899.652  2432.210  2584.986
a  -106.0643 -1270.707 -431.0587 -2383.125 -8009.217 -2543.476 -2746.143
E =  0.00591 | E_L =  0.00591 | E_A =  0.00000 |  63 flippped triangles
        phi0    phi0.1    phi0.2    phi0.3    phi0.4    phi0.5    phi0.6
id     9.000    25.000   57.0000   60.0000   61.0000    65.000    67.000
A   2355.882  7238.996 1095.1620 1068.6311 5577.5963 10170.935  5050.700
a  -2505.265 -6531.092 -750.1522 -918.9264 -859.8013 -9025.222 -3140.586
      phi0.7    phi0.8    phi0.9   phi0.10   phi0.11   phi0.12   phi0.13
id    73.000    81.000   82.0000     83.00    84.000    98.000    101.00
A   7715.580  6773.076  622.8163  15059.10  2796.180 13154.420  14202.15
a  -1469.551 -4270.585 -573.4446 -12040.16 -2581.239 -7909.054 -13101.53
     phi0.14   phi0.15   phi0.16   phi0.17   phi0.18   phi0.19   phi0.20
id    103.00   104.000    111.00    113.00   146.000   243.000   245.000
A   23148.40  2932.701  40125.25  22686.78 10150.000  1943.398  2355.882
a  -23093.85 -2963.202 -33211.72 -19494.38 -9875.928 -2017.413 -1913.914
     phi0.21   phi0.22   phi0.23   phi0.24   phi0.25   phi0.26   phi0.27
id   256.000    257.00    260.00    261.00    270.00    271.00    302.00
A   6064.395  25139.63  12965.07  23912.84  25939.71  12036.55  14468.73
a  -6532.067 -24490.59 -11841.43 -21298.85 -22262.88 -11723.29 -16229.22
     phi0.28   phi0.29   phi0.30   phi0.31   phi0.32   phi0.33   phi0.34
id   629.000   656.000    767.00    773.00   775.000   795.000   806.000
A   3331.418  7922.000  32438.42  40863.62  6082.490  2826.585  7191.185
a  -3375.606 -8108.313 -20267.22 -26716.84 -1257.317 -2644.921 -7801.898
     phi0.35   phi0.36   phi0.37   phi0.38   phi0.39   phi0.40   phi0.41
id    813.00    816.00    818.00    819.00    820.00   823.000   830.000
A   34664.75  21614.44  15743.06  15006.28  12557.08  1603.708  8743.949
a  -19784.90 -24485.59 -14658.02 -14620.51 -10372.18 -1405.192 -6828.958
      phi0.42   phi0.43   phi0.44   phi0.45   phi0.46   phi0.47   phi0.48
id   831.0000   832.000  833.0000    834.00  835.0000   837.000   838.000
A  11638.9631  8394.894 2473.5473  17498.56  793.6287  4004.399  8978.513
a   -452.1157 -6781.032 -573.9525 -17120.76 -795.1742 -3275.250 -7909.835
     phi0.49   phi0.50   phi0.51   phi0.52  phi0.53   phi0.54   phi0.55
id    898.00   906.000  907.0000   916.000   919.00   920.000    926.00
A   28784.95  7888.127  544.5377  2086.610 15138.11  2681.230  14442.14
a  -11004.97 -5878.593 -529.8589 -2045.084 -9757.21 -2202.711 -16878.29
     phi0.56  phi0.57   phi0.58   phi0.59   phi0.60  phi0.61   phi0.62
id    927.00  934.000   949.000   951.000   953.000   956.00   957.000
A   16324.62 1402.146  2207.326  3419.748  7899.652  2432.21  2584.986
a  -13627.06 -966.048 -1578.581 -3346.317 -8041.881 -2647.90 -2564.818
E =  0.00582 | E_L =  0.00582 | E_A =  0.00000 |  67 flippped triangles
        phi0    phi0.1    phi0.2    phi0.3    phi0.4    phi0.5    phi0.6
id    1.0000     4.000     9.000    25.000   57.0000   60.0000    61.000
A  1012.0568  6590.467  2355.882  7238.996 1095.1620 1068.6311  5577.596
a  -816.5777 -6812.798 -2509.735 -6585.248 -711.3166 -932.3851 -1928.325
      phi0.7    phi0.8    phi0.9   phi0.10   phi0.11   phi0.12   phi0.13
id    65.000    67.000    73.000    81.000   82.0000     83.00    84.000
A  10170.935  5050.700  7715.580  6773.076  622.8163  15059.10  2796.180
a  -8726.286 -2958.097 -2457.482 -3581.446 -577.6566 -12128.14 -2530.405
     phi0.14   phi0.15   phi0.16   phi0.17   phi0.18   phi0.19   phi0.20
id    98.000    101.00    103.00   104.000    111.00    113.00    146.00
A  13154.420  14202.15  23148.40  2932.701  40125.25  22686.78  10150.00
a  -8690.084 -12971.61 -23117.53 -2997.976 -32937.11 -19602.25 -10140.59
      phi0.21   phi0.22   phi0.23   phi0.24   phi0.25   phi0.26   phi0.27
id   153.0000   243.000   245.000   256.000    257.00    260.00    261.00
A  28355.2010  1943.398  2355.882  6064.395  25139.63  12965.07  23912.84
a   -843.4183 -2046.451 -1927.070 -6489.154 -24748.07 -12412.71 -20824.95
     phi0.28   phi0.29   phi0.30   phi0.31   phi0.32   phi0.33   phi0.34
id    270.00    271.00    302.00   629.000   656.000    767.00    773.00
A   25939.71  12036.55  14468.73  3331.418  7922.000  32438.42  40863.62
a  -21852.84 -11678.84 -16073.26 -3356.626 -8152.525 -20786.66 -27107.27
     phi0.35   phi0.36   phi0.37   phi0.38   phi0.39   phi0.40   phi0.41
id  775.0000   795.000   806.000    813.00    816.00    818.00    819.00
A  6082.4904  2826.585  7191.185  34664.75  21614.44  15743.06  15006.28
a  -180.1594 -2565.593 -7842.732 -15614.41 -25156.27 -14064.45 -14495.70
     phi0.42   phi0.43   phi0.44   phi0.45   phi0.46   phi0.47   phi0.48
id   820.000   823.000   830.000   831.000   832.000   833.000    834.00
A  12557.082  1603.708  8743.949 11638.963  8394.894  2473.547  17498.56
a  -6349.423 -1383.285 -5675.410 -7299.661 -8482.360 -2077.795 -17257.66
     phi0.49   phi0.50   phi0.51   phi0.52   phi0.53   phi0.54   phi0.55
id  835.0000  837.0000   838.000    898.00   906.000  907.0000   916.000
A   793.6287 4004.3988  8978.513  28784.95  7888.127  544.5377  2086.610
a  -660.8399 -398.8888 -7527.888 -10674.87 -6167.621 -513.2397 -1784.491
     phi0.56   phi0.57   phi0.58   phi0.59  phi0.60   phi0.61   phi0.62
id    919.00   920.000    926.00    927.00  934.000   949.000   950.000
A   15138.11  2681.230  14442.14  16324.62 1402.146  2207.326  6255.007
a  -12580.04 -2270.485 -16503.26 -14019.48 -949.716 -1875.300 -5602.497
     phi0.63   phi0.64   phi0.65   phi0.66
id   951.000   953.000   956.000   957.000
A   3419.748  7899.652  2432.210  2584.986
a  -3292.905 -8251.146 -2550.335 -2455.129
E =  0.00582 | E_L =  0.00582 | E_A =  0.00000 |  67 flippped triangles
        phi0    phi0.1    phi0.2    phi0.3    phi0.4    phi0.5    phi0.6
id    1.0000     4.000     9.000    25.000   57.0000   60.0000    61.000
A  1012.0568  6590.467  2355.882  7238.996 1095.1620 1068.6311  5577.596
a  -794.1935 -6812.189 -2510.177 -6467.774 -735.6792 -957.7791 -1370.281
      phi0.7  phi0.8    phi0.9   phi0.10   phi0.11   phi0.12   phi0.13
id    65.000    67.0    73.000    81.000   82.0000     83.00    84.000
A  10170.935  5050.7  7715.580  6773.076  622.8163  15059.10  2796.180
a  -8693.948 -3168.3 -2122.774 -4100.136 -570.3709 -12007.29 -2529.419
     phi0.14   phi0.15   phi0.16   phi0.17   phi0.18   phi0.19   phi0.20
id    98.000    101.00    103.00   104.000    111.00    113.00    146.00
A  13154.420  14202.15  23148.40  2932.701  40125.25  22686.78  10150.00
a  -7931.903 -12910.37 -22736.48 -2951.787 -31979.18 -19652.31 -10350.13
     phi0.21   phi0.22   phi0.23   phi0.24   phi0.25   phi0.26   phi0.27
id   153.000   243.000   245.000   256.000    257.00    260.00    261.00
A  28355.201  1943.398  2355.882  6064.395  25139.63  12965.07  23912.84
a  -1633.195 -2068.580 -1948.084 -6509.370 -24355.95 -12408.14 -20868.36
     phi0.28   phi0.29   phi0.30   phi0.31   phi0.32   phi0.33   phi0.34
id    270.00    271.00    302.00   629.000   656.000    767.00    773.00
A   25939.71  12036.55  14468.73  3331.418  7922.000  32438.42  40863.62
a  -21197.52 -11533.16 -15969.19 -3346.928 -8171.642 -21401.16 -27815.64
    phi0.35   phi0.36   phi0.37   phi0.38   phi0.39   phi0.40   phi0.41
id  775.000   795.000   806.000    813.00    816.00    818.00    819.00
A  6082.490  2826.585  7191.185  34664.75  21614.44  15743.06  15006.28
a  -121.254 -2606.936 -7764.502 -17628.76 -24732.61 -14293.03 -14613.04
     phi0.42   phi0.43   phi0.44   phi0.45   phi0.46   phi0.47   phi0.48
id   820.000   823.000   830.000   831.000   832.000   833.000    834.00
A  12557.082  1603.708  8743.949 11638.963  8394.894  2473.547  17498.56
a  -9080.922 -1429.842 -5796.174 -2144.355 -7455.498 -1158.504 -16986.52
     phi0.49   phi0.50   phi0.51   phi0.52   phi0.53   phi0.54   phi0.55
id  835.0000   837.000   838.000    898.00   906.000  907.0000   916.000
A   793.6287  4004.399  8978.513  28784.95  7888.127  544.5377  2086.610
a  -774.7593 -2620.757 -7881.626 -10016.63 -5911.522 -526.7190 -1877.605
     phi0.56   phi0.57   phi0.58   phi0.59   phi0.60   phi0.61   phi0.62
id    919.00   920.000    926.00    927.00  934.0000   949.000   950.000
A   15138.11  2681.230  14442.14  16324.62 1402.1459  2207.326  6255.007
a  -12458.14 -2236.349 -16586.74 -13612.31 -980.8957 -1720.388 -5621.287
     phi0.63   phi0.64   phi0.65   phi0.66
id   951.000   953.000   956.000   957.000
A   3419.748  7899.652  2432.210  2584.986
a  -3339.941 -8088.066 -2604.703 -2541.931
FIRE:  7  stops.  0 hits of maxmove.  0 hits of dtmax.
Frms = 9.77336261774143e-06; Ftanrms = 9.77064301558985e-06
E =  0.01055 | E_L =  0.01049 | E_A =  0.00006 |   0 flippped triangles
E =  0.00774 | E_L =  0.00774 | E_A =  0.00000 |   0 flippped triangles
E =  0.00700 | E_L =  0.00699 | E_A =  0.00001 |   0 flippped triangles
E =  0.00668 | E_L =  0.00668 | E_A =  0.00000 |   0 flippped triangles
E =  0.00661 | E_L =  0.00661 | E_A =  0.00000 |   0 flippped triangles
E =  0.00657 | E_L =  0.00657 | E_A =  0.00000 |   0 flippped triangles
E =  0.00656 | E_L =  0.00656 | E_A =  0.00000 |   0 flippped triangles
E =  0.00655 | E_L =  0.00655 | E_A =  0.00000 |   0 flippped triangles
E =  0.00655 | E_L =  0.00655 | E_A =  0.00000 |   0 flippped triangles
Optimising mapping with BFGS...
E =  0.00655 | E_L =  0.00655 | E_A =  0.00000 |   0 flippped triangles
Transforming image...
Mapping optimised. Error: 0.006551463 ; 0 flipped triangles.
Inferring coordinates of datapoints
Inferring coordinates of landmarks
Mapping optimised. Error: 0.006551463 ; 0 flipped triangles. OD displacement: 6.115205 degrees.
Computing Kernel Density estimates of datapoints

[1] 0.8
Saving developmental_retina/data/C57BL6J/P2/ML/GM111-3/R-CONTRA/r.mat
