[1] "Adding old segment 1"
[1] "Storing new segment 1"
[1] "Adding old segment 2"
[1] "Storing new segment 2"
Triangulating...
[1] "Non-adjacent points in rim connected by line: 31 29"
[1] "In triangle: 87" "In triangle: 99"
[1] "Other points in triangles: 30 65"
Stitching...
Tear 1 child of rim
Tear 2 child of rim
Tear 3 child of rim
Tear 4 child of rim
Tear 5 child of rim
Tear 1 : Sf = 2548.43218914962 ; Sb = 2504.97732904941
  Forwards path
    i = 1 ; sf/Sf = 0.0124087180880555 ; sf = 31.6227766016838
      k =   53 ; sb/Sb = 0 ; sb = 0
      k =  275 ; sb/Sb = 0.0803384987325812 ; sb = 201.246117974981
      Creating new point: f = 0.154455438971542
    i = 57 ; sf/Sf = 0.0869901720881734 ; sf = 221.688554689166
      k =   53 ; sb/Sb = 0 ; sb = 0
      k =  275 ; sb/Sb = 0.0803384987325812 ; sb = 201.246117974981
      k =   52 ; sb/Sb = 0.160676997465162 ; sb = 402.492235949962
      Creating new point: f = 0.082795589418883
    i = 2 ; sf/Sf = 0.161571626088291 ; sf = 411.754332776648
      k =   53 ; sb/Sb = 0 ; sb = 0
      k =  275 ; sb/Sb = 0.0803384987325812 ; sb = 201.246117974981
      k =   52 ; sb/Sb = 0.160676997465162 ; sb = 402.492235949962
      k =  323 ; sb/Sb = 0.262337251476952 ; sb = 657.148867514899
      Creating new point: f = 0.00880018087526334
    i = 3 ; sf/Sf = 0.273937347446206 ; sf = 698.110754042175
      k =   53 ; sb/Sb = 0 ; sb = 0
      k =  275 ; sb/Sb = 0.0803384987325812 ; sb = 201.246117974981
      k =   52 ; sb/Sb = 0.160676997465162 ; sb = 402.492235949962
      k =  323 ; sb/Sb = 0.262337251476952 ; sb = 657.148867514899
      k =   51 ; sb/Sb = 0.363997505488741 ; sb = 911.805499079836
      Creating new point: f = 0.114106501916761
    i = 4 ; sf/Sf = 0.337209643115873 ; sf = 859.355909008146
      k =   53 ; sb/Sb = 0 ; sb = 0
      k =  275 ; sb/Sb = 0.0803384987325812 ; sb = 201.246117974981
      k =   52 ; sb/Sb = 0.160676997465162 ; sb = 402.492235949962
      k =  323 ; sb/Sb = 0.262337251476952 ; sb = 657.148867514899
      k =   51 ; sb/Sb = 0.363997505488741 ; sb = 911.805499079836
      Creating new point: f = 0.73649620854025
    i = 5 ; sf/Sf = 0.39697794409943 ; sf = 1011.67137112542
      k =   53 ; sb/Sb = 0 ; sb = 0
      k =  275 ; sb/Sb = 0.0803384987325812 ; sb = 201.246117974981
      k =   52 ; sb/Sb = 0.160676997465162 ; sb = 402.492235949962
      k =  323 ; sb/Sb = 0.262337251476952 ; sb = 657.148867514899
      k =   51 ; sb/Sb = 0.363997505488741 ; sb = 911.805499079836
      k =   50 ; sb/Sb = 0.471486797800581 ; sb = 1181.06373943656
      Creating new point: f = 0.306825339541805
    i = 171 ; sf/Sf = 0.462550710909617 ; sf = 1178.77912079611
      k =   53 ; sb/Sb = 0 ; sb = 0
      k =  275 ; sb/Sb = 0.0803384987325812 ; sb = 201.246117974981
      k =   52 ; sb/Sb = 0.160676997465162 ; sb = 402.492235949962
      k =  323 ; sb/Sb = 0.262337251476952 ; sb = 657.148867514899
      k =   51 ; sb/Sb = 0.363997505488741 ; sb = 911.805499079836
      k =   50 ; sb/Sb = 0.471486797800581 ; sb = 1181.06373943656
      Creating new point: f = 0.916865329571255
    i = 6 ; sf/Sf = 0.528123477719805 ; sf = 1345.88687046679
      k =   53 ; sb/Sb = 0 ; sb = 0
      k =  275 ; sb/Sb = 0.0803384987325812 ; sb = 201.246117974981
      k =   52 ; sb/Sb = 0.160676997465162 ; sb = 402.492235949962
      k =  323 ; sb/Sb = 0.262337251476952 ; sb = 657.148867514899
      k =   51 ; sb/Sb = 0.363997505488741 ; sb = 911.805499079836
      k =   50 ; sb/Sb = 0.471486797800581 ; sb = 1181.06373943656
      k =  424 ; sb/Sb = 0.562519591740621 ; sb = 1409.09882445639
      Creating new point: f = 0.622156889488948
    i = 7 ; sf/Sf = 0.637432945215048 ; sf = 1624.45463601047
      k =   53 ; sb/Sb = 0 ; sb = 0
      k =  275 ; sb/Sb = 0.0803384987325812 ; sb = 201.246117974981
      k =   52 ; sb/Sb = 0.160676997465162 ; sb = 402.492235949962
      k =  323 ; sb/Sb = 0.262337251476952 ; sb = 657.148867514899
      k =   51 ; sb/Sb = 0.363997505488741 ; sb = 911.805499079836
      k =   50 ; sb/Sb = 0.471486797800581 ; sb = 1181.06373943656
      k =  424 ; sb/Sb = 0.562519591740621 ; sb = 1409.09882445639
      k =   49 ; sb/Sb = 0.653552385680661 ; sb = 1637.13390947622
      Creating new point: f = 0.822927103871706
    i = 416 ; sf/Sf = 0.716523314802132 ; sf = 1826.01107971794
      k =   53 ; sb/Sb = 0 ; sb = 0
      k =  275 ; sb/Sb = 0.0803384987325812 ; sb = 201.246117974981
      k =   52 ; sb/Sb = 0.160676997465162 ; sb = 402.492235949962
      k =  323 ; sb/Sb = 0.262337251476952 ; sb = 657.148867514899
      k =   51 ; sb/Sb = 0.363997505488741 ; sb = 911.805499079836
      k =   50 ; sb/Sb = 0.471486797800581 ; sb = 1181.06373943656
      k =  424 ; sb/Sb = 0.562519591740621 ; sb = 1409.09882445639
      k =   49 ; sb/Sb = 0.653552385680661 ; sb = 1637.13390947622
      k =  423 ; sb/Sb = 0.740854284484384 ; sb = 1855.82318676251
      Creating new point: f = 0.721300796252389
    i = 8 ; sf/Sf = 0.795613684389216 ; sf = 2027.5675234254
      k =   53 ; sb/Sb = 0 ; sb = 0
      k =  275 ; sb/Sb = 0.0803384987325812 ; sb = 201.246117974981
      k =   52 ; sb/Sb = 0.160676997465162 ; sb = 402.492235949962
      k =  323 ; sb/Sb = 0.262337251476952 ; sb = 657.148867514899
      k =   51 ; sb/Sb = 0.363997505488741 ; sb = 911.805499079836
      k =   50 ; sb/Sb = 0.471486797800581 ; sb = 1181.06373943656
      k =  424 ; sb/Sb = 0.562519591740621 ; sb = 1409.09882445639
      k =   49 ; sb/Sb = 0.653552385680661 ; sb = 1637.13390947622
      k =  423 ; sb/Sb = 0.740854284484384 ; sb = 1855.82318676251
      k =   48 ; sb/Sb = 0.828156183288106 ; sb = 2074.5124640488
      Creating new point: f = 0.627241797202436
    i = 55 ; sf/Sf = 0.897806842194608 ; sf = 2287.99985628751
      k =   53 ; sb/Sb = 0 ; sb = 0
      k =  275 ; sb/Sb = 0.0803384987325812 ; sb = 201.246117974981
      k =   52 ; sb/Sb = 0.160676997465162 ; sb = 402.492235949962
      k =  323 ; sb/Sb = 0.262337251476952 ; sb = 657.148867514899
      k =   51 ; sb/Sb = 0.363997505488741 ; sb = 911.805499079836
      k =   50 ; sb/Sb = 0.471486797800581 ; sb = 1181.06373943656
      k =  424 ; sb/Sb = 0.562519591740621 ; sb = 1409.09882445639
      k =   49 ; sb/Sb = 0.653552385680661 ; sb = 1637.13390947622
      k =  423 ; sb/Sb = 0.740854284484384 ; sb = 1855.82318676251
      k =   48 ; sb/Sb = 0.828156183288106 ; sb = 2074.5124640488
      k =  368 ; sb/Sb = 0.914078091644053 ; sb = 2289.74489654911
      Creating new point: f = 0.810627466722006
Tear 2 : Sf = 1164.98565937271 ; Sb = 1141.72709096025
  Forwards path
    i = 422 ; sf/Sf = 0.163430619179567 ; sf = 190.394327646598
      k =   36 ; sb/Sb = 0 ; sb = 0
      k =  404 ; sb/Sb = 0.196826415280589 ; sb = 224.722050542442
      Creating new point: f = 0.830328688080741
    i = 37 ; sf/Sf = 0.326861238359134 ; sf = 380.788655293195
      k =   36 ; sb/Sb = 0 ; sb = 0
      k =  404 ; sb/Sb = 0.196826415280589 ; sb = 224.722050542442
      k =   35 ; sb/Sb = 0.393652830561179 ; sb = 449.444101084885
      Creating new point: f = 0.660657376161481
    i = 38 ; sf/Sf = 0.585659504421884 ; sf = 682.284923926822
      k =   36 ; sb/Sb = 0 ; sb = 0
      k =  404 ; sb/Sb = 0.196826415280589 ; sb = 224.722050542442
      k =   35 ; sb/Sb = 0.393652830561179 ; sb = 449.444101084885
      k =  303 ; sb/Sb = 0.566178434617971 ; sb = 646.421257120807
      k =   34 ; sb/Sb = 0.738704038674763 ; sb = 843.398413156729
      Creating new point: f = 0.11291697780406
    i = 396 ; sf/Sf = 0.792829752210942 ; sf = 923.635291649766
      k =   36 ; sb/Sb = 0 ; sb = 0
      k =  404 ; sb/Sb = 0.196826415280589 ; sb = 224.722050542442
      k =   35 ; sb/Sb = 0.393652830561179 ; sb = 449.444101084885
      k =  303 ; sb/Sb = 0.566178434617971 ; sb = 646.421257120807
      k =   34 ; sb/Sb = 0.738704038674763 ; sb = 843.398413156729
      k =   33 ; sb/Sb = 1 ; sb = 1141.72709096025
      Creating new point: f = 0.207143322314149
Tear 3 : Sf = 299.666481275434 ; Sb = 563.560112144215
  Forwards path
Tear 4 : Sf = 1347.15738153512 ; Sb = 1463.58226557108
  Forwards path
    i = 22 ; sf/Sf = 0.0964994898011559 ; sf = 130
      k =   21 ; sb/Sb = 0 ; sb = 0
      k =   20 ; sb/Sb = 0.0629930047266288 ; sb = 92.1954445729289
      k =   19 ; sb/Sb = 0.281741358955095 ; sb = 412.351656444571
      Creating new point: f = 0.153173655603974
    i = 23 ; sf/Sf = 0.300734224075801 ; sf = 405.136329843952
      k =   21 ; sb/Sb = 0 ; sb = 0
      k =   20 ; sb/Sb = 0.0629930047266288 ; sb = 92.1954445729289
      k =   19 ; sb/Sb = 0.281741358955095 ; sb = 412.351656444571
      k =   94 ; sb/Sb = 0.446998712872663 ; sb = 654.219388893528
      Creating new point: f = 0.114929016291647
    i = 80 ; sf/Sf = 0.485006555689535 ; sf = 653.38016159008
      k =   21 ; sb/Sb = 0 ; sb = 0
      k =   20 ; sb/Sb = 0.0629930047266288 ; sb = 92.1954445729289
      k =   19 ; sb/Sb = 0.281741358955095 ; sb = 412.351656444571
      k =   94 ; sb/Sb = 0.446998712872663 ; sb = 654.219388893528
      k =   18 ; sb/Sb = 0.612256066790232 ; sb = 896.087121342484
      Creating new point: f = 0.229991839490726
    i = 24 ; sf/Sf = 0.669278887303269 ; sf = 901.623993336209
      k =   21 ; sb/Sb = 0 ; sb = 0
      k =   20 ; sb/Sb = 0.0629930047266288 ; sb = 92.1954445729289
      k =   19 ; sb/Sb = 0.281741358955095 ; sb = 412.351656444571
      k =   94 ; sb/Sb = 0.446998712872663 ; sb = 654.219388893528
      k =   18 ; sb/Sb = 0.612256066790232 ; sb = 896.087121342484
      k =   17 ; sb/Sb = 0.798121539865342 ; sb = 1168.11653151719
      Creating new point: f = 0.306796198183581
    i = 170 ; sf/Sf = 0.834639443651634 ; sf = 1124.39068743566
      k =   21 ; sb/Sb = 0 ; sb = 0
      k =   20 ; sb/Sb = 0.0629930047266288 ; sb = 92.1954445729289
      k =   19 ; sb/Sb = 0.281741358955095 ; sb = 412.351656444571
      k =   94 ; sb/Sb = 0.446998712872663 ; sb = 654.219388893528
      k =   18 ; sb/Sb = 0.612256066790232 ; sb = 896.087121342484
      k =   17 ; sb/Sb = 0.798121539865342 ; sb = 1168.11653151719
      k =   16 ; sb/Sb = 1 ; sb = 1463.58226557108
      Creating new point: f = 0.18089054058533
Tear 5 : Sf = 250 ; Sb = 220
  Forwards path
Tear 1 : Sf = 2504.97732904941 ; Sb = 2548.43218914962
  Backwards path
    i = 275 ; sf/Sf = 0.0803384987325812 ; sf = 201.246117974981
      k =   53 ; sb/Sb = 0 ; sb = 0
      k =    1 ; sb/Sb = 0.0124087180880555 ; sb = 31.6227766016838
      k =   57 ; sb/Sb = 0.0869901720881734 ; sb = 221.688554689166
      Creating new point: f = 0.910813305468921
    i = 52 ; sf/Sf = 0.160676997465162 ; sf = 402.492235949962
      k =   53 ; sb/Sb = 0 ; sb = 0
      k =    1 ; sb/Sb = 0.0124087180880555 ; sb = 31.6227766016838
      k =   57 ; sb/Sb = 0.0869901720881734 ; sb = 221.688554689166
      k =    2 ; sb/Sb = 0.161571626088291 ; sb = 411.754332776648
      Creating new point: f = 0.988004677099382
    i = 323 ; sf/Sf = 0.262337251476952 ; sf = 657.148867514899
      k =   53 ; sb/Sb = 0 ; sb = 0
      k =    1 ; sb/Sb = 0.0124087180880555 ; sb = 31.6227766016838
      k =   57 ; sb/Sb = 0.0869901720881734 ; sb = 221.688554689166
      k =    2 ; sb/Sb = 0.161571626088291 ; sb = 411.754332776648
      k =    3 ; sb/Sb = 0.273937347446206 ; sb = 698.110754042175
      Creating new point: f = 0.896764815558784
    i = 51 ; sf/Sf = 0.363997505488741 ; sf = 911.805499079836
      k =   53 ; sb/Sb = 0 ; sb = 0
      k =    1 ; sb/Sb = 0.0124087180880555 ; sb = 31.6227766016838
      k =   57 ; sb/Sb = 0.0869901720881734 ; sb = 221.688554689166
      k =    2 ; sb/Sb = 0.161571626088291 ; sb = 411.754332776648
      k =    3 ; sb/Sb = 0.273937347446206 ; sb = 698.110754042175
      k =    4 ; sb/Sb = 0.337209643115873 ; sb = 859.355909008146
      k =    5 ; sb/Sb = 0.39697794409943 ; sb = 1011.67137112542
      Creating new point: f = 0.448195145788697
    i = 50 ; sf/Sf = 0.471486797800581 ; sf = 1181.06373943656
      k =   53 ; sb/Sb = 0 ; sb = 0
      k =    1 ; sb/Sb = 0.0124087180880555 ; sb = 31.6227766016838
      k =   57 ; sb/Sb = 0.0869901720881734 ; sb = 221.688554689166
      k =    2 ; sb/Sb = 0.161571626088291 ; sb = 411.754332776648
      k =    3 ; sb/Sb = 0.273937347446206 ; sb = 698.110754042175
      k =    4 ; sb/Sb = 0.337209643115873 ; sb = 859.355909008146
      k =    5 ; sb/Sb = 0.39697794409943 ; sb = 1011.67137112542
      k =  171 ; sb/Sb = 0.462550710909617 ; sb = 1178.77912079611
      k =    6 ; sb/Sb = 0.528123477719805 ; sb = 1345.88687046679
      Creating new point: f = 0.136277410968961
    i = 424 ; sf/Sf = 0.562519591740621 ; sf = 1409.09882445639
      k =   53 ; sb/Sb = 0 ; sb = 0
      k =    1 ; sb/Sb = 0.0124087180880555 ; sb = 31.6227766016838
      k =   57 ; sb/Sb = 0.0869901720881734 ; sb = 221.688554689166
      k =    2 ; sb/Sb = 0.161571626088291 ; sb = 411.754332776648
      k =    3 ; sb/Sb = 0.273937347446206 ; sb = 698.110754042175
      k =    4 ; sb/Sb = 0.337209643115873 ; sb = 859.355909008146
      k =    5 ; sb/Sb = 0.39697794409943 ; sb = 1011.67137112542
      k =  171 ; sb/Sb = 0.462550710909617 ; sb = 1178.77912079611
      k =    6 ; sb/Sb = 0.528123477719805 ; sb = 1345.88687046679
      k =    7 ; sb/Sb = 0.637432945215048 ; sb = 1624.45463601047
      Creating new point: f = 0.314667291031429
    i = 49 ; sf/Sf = 0.653552385680661 ; sf = 1637.13390947622
      k =   53 ; sb/Sb = 0 ; sb = 0
      k =    1 ; sb/Sb = 0.0124087180880555 ; sb = 31.6227766016838
      k =   57 ; sb/Sb = 0.0869901720881734 ; sb = 221.688554689166
      k =    2 ; sb/Sb = 0.161571626088291 ; sb = 411.754332776648
      k =    3 ; sb/Sb = 0.273937347446206 ; sb = 698.110754042175
      k =    4 ; sb/Sb = 0.337209643115873 ; sb = 859.355909008146
      k =    5 ; sb/Sb = 0.39697794409943 ; sb = 1011.67137112542
      k =  171 ; sb/Sb = 0.462550710909617 ; sb = 1178.77912079611
      k =    6 ; sb/Sb = 0.528123477719805 ; sb = 1345.88687046679
      k =    7 ; sb/Sb = 0.637432945215048 ; sb = 1624.45463601047
      k =  416 ; sb/Sb = 0.716523314802132 ; sb = 1826.01107971794
      Creating new point: f = 0.203810407635844
    i = 423 ; sf/Sf = 0.740854284484384 ; sf = 1855.82318676251
      k =   53 ; sb/Sb = 0 ; sb = 0
      k =    1 ; sb/Sb = 0.0124087180880555 ; sb = 31.6227766016838
      k =   57 ; sb/Sb = 0.0869901720881734 ; sb = 221.688554689166
      k =    2 ; sb/Sb = 0.161571626088291 ; sb = 411.754332776648
      k =    3 ; sb/Sb = 0.273937347446206 ; sb = 698.110754042175
      k =    4 ; sb/Sb = 0.337209643115873 ; sb = 859.355909008146
      k =    5 ; sb/Sb = 0.39697794409943 ; sb = 1011.67137112542
      k =  171 ; sb/Sb = 0.462550710909617 ; sb = 1178.77912079611
      k =    6 ; sb/Sb = 0.528123477719805 ; sb = 1345.88687046679
      k =    7 ; sb/Sb = 0.637432945215048 ; sb = 1624.45463601047
      k =  416 ; sb/Sb = 0.716523314802132 ; sb = 1826.01107971794
      k =    8 ; sb/Sb = 0.795613684389215 ; sb = 2027.5675234254
      Creating new point: f = 0.307635048480358
    i = 48 ; sf/Sf = 0.828156183288106 ; sf = 2074.5124640488
      k =   53 ; sb/Sb = 0 ; sb = 0
      k =    1 ; sb/Sb = 0.0124087180880555 ; sb = 31.6227766016838
      k =   57 ; sb/Sb = 0.0869901720881734 ; sb = 221.688554689166
      k =    2 ; sb/Sb = 0.161571626088291 ; sb = 411.754332776648
      k =    3 ; sb/Sb = 0.273937347446206 ; sb = 698.110754042175
      k =    4 ; sb/Sb = 0.337209643115873 ; sb = 859.355909008146
      k =    5 ; sb/Sb = 0.39697794409943 ; sb = 1011.67137112542
      k =  171 ; sb/Sb = 0.462550710909617 ; sb = 1178.77912079611
      k =    6 ; sb/Sb = 0.528123477719805 ; sb = 1345.88687046679
      k =    7 ; sb/Sb = 0.637432945215048 ; sb = 1624.45463601047
      k =  416 ; sb/Sb = 0.716523314802132 ; sb = 1826.01107971794
      k =    8 ; sb/Sb = 0.795613684389215 ; sb = 2027.5675234254
      k =   55 ; sb/Sb = 0.897806842194607 ; sb = 2287.99985628751
      Creating new point: f = 0.318441073724931
    i = 368 ; sf/Sf = 0.914078091644053 ; sf = 2289.74489654911
      k =   53 ; sb/Sb = 0 ; sb = 0
      k =    1 ; sb/Sb = 0.0124087180880555 ; sb = 31.6227766016838
      k =   57 ; sb/Sb = 0.0869901720881734 ; sb = 221.688554689166
      k =    2 ; sb/Sb = 0.161571626088291 ; sb = 411.754332776648
      k =    3 ; sb/Sb = 0.273937347446206 ; sb = 698.110754042175
      k =    4 ; sb/Sb = 0.337209643115873 ; sb = 859.355909008146
      k =    5 ; sb/Sb = 0.39697794409943 ; sb = 1011.67137112542
      k =  171 ; sb/Sb = 0.462550710909617 ; sb = 1178.77912079611
      k =    6 ; sb/Sb = 0.528123477719805 ; sb = 1345.88687046679
      k =    7 ; sb/Sb = 0.637432945215048 ; sb = 1624.45463601047
      k =  416 ; sb/Sb = 0.716523314802132 ; sb = 1826.01107971794
      k =    8 ; sb/Sb = 0.795613684389215 ; sb = 2027.5675234254
      k =   55 ; sb/Sb = 0.897806842194607 ; sb = 2287.99985628751
      k =    9 ; sb/Sb = 1 ; sb = 2548.43218914962
      Creating new point: f = 0.159220536862466
Tear 2 : Sf = 1141.72709096025 ; Sb = 1164.98565937271
  Backwards path
    i = 404 ; sf/Sf = 0.196826415280589 ; sf = 224.722050542442
      k =   36 ; sb/Sb = 0 ; sb = 0
      k =  422 ; sb/Sb = 0.163430619179567 ; sb = 190.394327646598
      k =   37 ; sb/Sb = 0.326861238359134 ; sb = 380.788655293195
      Creating new point: f = 0.204342345814217
    i = 35 ; sf/Sf = 0.393652830561179 ; sf = 449.444101084885
      k =   36 ; sb/Sb = 0 ; sb = 0
      k =  422 ; sb/Sb = 0.163430619179567 ; sb = 190.394327646598
      k =   37 ; sb/Sb = 0.326861238359134 ; sb = 380.788655293195
      k =   38 ; sb/Sb = 0.585659504421884 ; sb = 682.284923926822
      Creating new point: f = 0.258083615544203
    i = 303 ; sf/Sf = 0.566178434617971 ; sf = 646.421257120807
      k =   36 ; sb/Sb = 0 ; sb = 0
      k =  422 ; sb/Sb = 0.163430619179567 ; sb = 190.394327646598
      k =   37 ; sb/Sb = 0.326861238359134 ; sb = 380.788655293195
      k =   38 ; sb/Sb = 0.585659504421884 ; sb = 682.284923926822
      Creating new point: f = 0.924724882819774
    i = 34 ; sf/Sf = 0.738704038674763 ; sf = 843.398413156729
      k =   36 ; sb/Sb = 0 ; sb = 0
      k =  422 ; sb/Sb = 0.163430619179567 ; sb = 190.394327646598
      k =   37 ; sb/Sb = 0.326861238359134 ; sb = 380.788655293195
      k =   38 ; sb/Sb = 0.585659504421884 ; sb = 682.284923926822
      k =  396 ; sb/Sb = 0.792829752210942 ; sb = 923.635291649766
      Creating new point: f = 0.738737998753133
Tear 3 : Sf = 563.560112144215 ; Sb = 299.666481275434
  Backwards path
    i = 375 ; sf/Sf = 0.5 ; sf = 281.780056072107
      k =   42 ; sb/Sb = 0 ; sb = 0
      k =   43 ; sb/Sb = 1 ; sb = 299.666481275434
      Creating new point: f = 0.5
Tear 4 : Sf = 1463.58226557108 ; Sb = 1347.15738153512
  Backwards path
    i = 20 ; sf/Sf = 0.0629930047266288 ; sf = 92.1954445729289
      k =   21 ; sb/Sb = 0 ; sb = 0
      k =   22 ; sb/Sb = 0.0964994898011559 ; sb = 130
      Creating new point: f = 0.652780702327343
    i = 19 ; sf/Sf = 0.281741358955095 ; sf = 412.351656444571
      k =   21 ; sb/Sb = 0 ; sb = 0
      k =   22 ; sb/Sb = 0.0964994898011559 ; sb = 130
      k =   23 ; sb/Sb = 0.300734224075801 ; sb = 405.136329843952
      Creating new point: f = 0.907004725772228
    i = 94 ; sf/Sf = 0.446998712872663 ; sf = 654.219388893528
      k =   21 ; sb/Sb = 0 ; sb = 0
      k =   22 ; sb/Sb = 0.0964994898011559 ; sb = 130
      k =   23 ; sb/Sb = 0.300734224075801 ; sb = 405.136329843952
      k =   80 ; sb/Sb = 0.485006555689535 ; sb = 653.38016159008
      Creating new point: f = 0.793740913331782
    i = 18 ; sf/Sf = 0.612256066790232 ; sf = 896.087121342484
      k =   21 ; sb/Sb = 0 ; sb = 0
      k =   22 ; sb/Sb = 0.0964994898011559 ; sb = 130
      k =   23 ; sb/Sb = 0.300734224075801 ; sb = 405.136329843952
      k =   80 ; sb/Sb = 0.485006555689535 ; sb = 653.38016159008
      k =   24 ; sb/Sb = 0.669278887303269 ; sb = 901.623993336209
      Creating new point: f = 0.690551370280776
    i = 17 ; sf/Sf = 0.798121539865342 ; sf = 1168.11653151719
      k =   21 ; sb/Sb = 0 ; sb = 0
      k =   22 ; sb/Sb = 0.0964994898011559 ; sb = 130
      k =   23 ; sb/Sb = 0.300734224075801 ; sb = 405.136329843952
      k =   80 ; sb/Sb = 0.485006555689535 ; sb = 653.38016159008
      k =   24 ; sb/Sb = 0.669278887303269 ; sb = 901.623993336209
      k =  170 ; sb/Sb = 0.834639443651634 ; sb = 1124.39068743566
      Creating new point: f = 0.779161944101349
Tear 5 : Sf = 220 ; Sb = 250
  Backwards path
Triangulating...
Merging points...
Projecting to sphere...
Optimising mapping with FIRE...
E =  0.00497 | E_L =  0.00497 | E_A =  0.00000 |   0 flippped triangles
E =  0.00446 | E_L =  0.00446 | E_A =  0.00000 |  28 flippped triangles
        phi0    phi0.1    phi0.2    phi0.3    phi0.4     phi0.5    phi0.6
id    55.000    68.000    90.000     94.00     97.00 217.000000   228.000
A  10724.843  9090.836  4547.745  16225.51  17547.93   7.001266  6083.960
a  -7814.803 -9598.424 -5172.671 -10995.68 -10625.63  -4.522492 -7353.899
      phi0.7    phi0.8    phi0.9   phi0.10   phi0.11   phi0.12   phi0.13
id  232.0000   234.000  251.0000  253.0000  257.0000   271.000  274.0000
A   674.9121 11310.313  272.8379  419.3475  782.2637  1137.301  698.5311
a  -703.7212 -8525.808 -357.0309 -214.4653 -655.1470 -1185.636 -702.5111
     phi0.14   phi0.15    phi0.16   phi0.17   phi0.18   phi0.19   phi0.20
id   275.000    292.00 330.000000  331.0000   333.000   335.000   336.000
A   1177.102  10980.78   6.764536  387.0373  8801.160  1346.929  1301.386
a  -1266.931 -10511.19  -3.383600 -371.2436 -2248.594 -1075.611 -1057.453
     phi0.21   phi0.22   phi0.23  phi0.24   phi0.25   phi0.26   phi0.27
id 340.00000  344.0000   476.000   485.00   488.000   492.000   836.000
A  313.68637  373.9506  8879.348 11559.80  3222.521  1949.901  2272.955
a  -61.17206 -354.7661 -9964.649 -8819.67 -3347.552 -2175.634 -2158.131
E =  0.00431 | E_L =  0.00431 | E_A =  0.00000 |  24 flippped triangles
        phi0    phi0.1    phi0.2    phi0.3    phi0.4    phi0.5    phi0.6
id    55.000    62.000    68.000    90.000   228.000  232.0000   234.000
A  10724.843  8202.964  9090.836  4547.745  6083.960  674.9121 11310.313
a  -8870.957 -6493.095 -5493.570 -3726.916 -5468.349 -513.4352 -8873.649
      phi0.7    phi0.8    phi0.9   phi0.10   phi0.11   phi0.12   phi0.13
id   242.000  251.0000  253.0000  257.0000   271.000  274.0000   275.000
A   8331.886  272.8379  419.3475  782.2637  1137.301  698.5311  1177.102
a  -5644.017 -333.3903 -403.1635 -872.2845 -1034.607 -466.7316 -1081.523
     phi0.14   phi0.15   phi0.16   phi0.17   phi0.18   phi0.19   phi0.20
id  331.0000   335.000   336.000  340.0000  344.0000   476.000   485.000
A   387.0373  1346.929  1301.386  313.6864  373.9506  8879.348 11559.797
a  -358.7007 -1128.390 -1140.279 -344.0004 -362.6964 -8576.061 -9111.661
     phi0.21   phi0.22   phi0.23
id   488.000   492.000   836.000
A   3222.521  1949.901  2272.955
a  -3478.833 -2225.420 -1986.804
E =  0.00427 | E_L =  0.00427 | E_A =  0.00000 |  25 flippped triangles
        phi0    phi0.1    phi0.2    phi0.3    phi0.4    phi0.5    phi0.6
id    55.000    62.000    68.000    90.000   228.000  232.0000   234.000
A  10724.843  8202.964  9090.836  4547.745  6083.960  674.9121 11310.313
a  -9025.902 -5205.891 -5426.363 -3417.954 -5285.454 -515.9692 -9181.469
      phi0.7    phi0.8    phi0.9   phi0.10   phi0.11   phi0.12   phi0.13
id   242.000  251.0000  253.0000  257.0000   271.000  274.0000   275.000
A   8331.886  272.8379  419.3475  782.2637  1137.301  698.5311  1177.102
a  -3976.075 -314.1569 -442.2999 -859.0351 -1159.930 -447.0882 -1167.249
       phi0.14   phi0.15   phi0.16   phi0.17   phi0.18   phi0.19   phi0.20
id   292.00000  331.0000   335.000   336.000  340.0000  344.0000   476.000
A  10980.77527  387.0373  1346.929  1301.386  313.6864  373.9506  8879.348
a    -73.83988 -370.0005 -1050.120 -1136.799 -295.0803 -361.0372 -8873.024
     phi0.21   phi0.22   phi0.23   phi0.24
id   485.000   488.000   492.000   836.000
A  11559.797  3222.521  1949.901  2272.955
a  -9435.125 -3386.893 -2184.478 -2066.570
E =  0.00423 | E_L =  0.00423 | E_A =  0.00000 |  24 flippped triangles
        phi0    phi0.1    phi0.2    phi0.3    phi0.4    phi0.5    phi0.6
id    55.000    62.000    68.000    90.000   228.000  232.0000   234.000
A  10724.843  8202.964  9090.836  4547.745  6083.960  674.9121 11310.313
a  -8893.975 -5412.276 -5330.192 -3560.304 -5418.428 -530.6871 -8886.977
      phi0.7    phi0.8    phi0.9   phi0.10   phi0.11   phi0.12   phi0.13
id   242.000  251.0000  253.0000  257.0000   271.000  274.0000   275.000
A   8331.886  272.8379  419.3475  782.2637  1137.301  698.5311  1177.102
a  -4106.547 -320.3327 -404.2273 -836.2681 -1097.900 -482.8153 -1100.226
     phi0.14   phi0.15   phi0.16   phi0.17   phi0.18   phi0.19   phi0.20
id  331.0000   335.000   336.000  340.0000  344.0000   476.000   485.000
A   387.0373  1346.929  1301.386  313.6864  373.9506  8879.348 11559.797
a  -352.0125 -1116.419 -1170.357 -331.2302 -347.7651 -8651.910 -9169.431
     phi0.21   phi0.22   phi0.23
id   488.000   492.000   836.000
A   3222.521  1949.901  2272.955
a  -3433.443 -2196.500 -1988.711
E =  0.00422 | E_L =  0.00422 | E_A =  0.00000 |  25 flippped triangles
       phi0    phi0.1    phi0.2    phi0.3   phi0.4    phi0.5    phi0.6
id    55.00    62.000    68.000    90.000   228.00  232.0000   234.000
A  10724.84  8202.964  9090.836  4547.745  6083.96  674.9121 11310.313
a  -9050.32 -5240.004 -5420.594 -3388.404 -5231.25 -527.7171 -9138.802
      phi0.7    phi0.8    phi0.9   phi0.10   phi0.11   phi0.12   phi0.13
id   242.000  251.0000  253.0000  257.0000   271.000  274.0000   275.000
A   8331.886  272.8379  419.3475  782.2637  1137.301  698.5311  1177.102
a  -3861.765 -311.7532 -417.5346 -849.1181 -1088.886 -482.1437 -1096.449
      phi0.14   phi0.15   phi0.16   phi0.17   phi0.18   phi0.19   phi0.20
id   292.0000  331.0000   335.000   336.000  340.0000  344.0000   476.000
A  10980.7753  387.0373  1346.929  1301.386  313.6864  373.9506  8879.348
a   -128.1046 -344.2747 -1031.220 -1147.519 -317.2324 -336.7872 -8761.602
     phi0.21   phi0.22   phi0.23   phi0.24
id   485.000   488.000   492.000   836.000
A  11559.797  3222.521  1949.901  2272.955
a  -9439.253 -3414.078 -2193.083 -2038.623
E =  0.00422 | E_L =  0.00422 | E_A =  0.00000 |  25 flippped triangles
        phi0    phi0.1    phi0.2    phi0.3    phi0.4    phi0.5    phi0.6
id    55.000    62.000    68.000    90.000   228.000  232.0000   234.000
A  10724.843  8202.964  9090.836  4547.745  6083.960  674.9121 11310.313
a  -8893.882 -5169.854 -5501.817 -3542.758 -5414.268 -544.0530 -9015.634
      phi0.7    phi0.8    phi0.9   phi0.10   phi0.11   phi0.12   phi0.13
id   242.000  251.0000  253.0000  257.0000   271.000  274.0000   275.000
A   8331.886  272.8379  419.3475  782.2637  1137.301  698.5311  1177.102
a  -3779.662 -314.6176 -416.6055 -843.4294 -1084.908 -495.5305 -1095.430
     phi0.14   phi0.15   phi0.16   phi0.17   phi0.18   phi0.19   phi0.20
id   292.000  331.0000   335.000   336.000  340.0000  344.0000   476.000
A  10980.775  387.0373  1346.929  1301.386  313.6864  373.9506  8879.348
a   -133.038 -348.2741 -1074.577 -1149.587 -324.8999 -345.5761 -8704.321
     phi0.21   phi0.22   phi0.23   phi0.24
id   485.000   488.000   492.000   836.000
A  11559.797  3222.521  1949.901  2272.955
a  -9301.289 -3438.904 -2201.391 -2004.224
FIRE:  3  stops.  0 hits of maxmove.  0 hits of dtmax.
Frms = 5.65563476494116e-06; Ftanrms = 5.65452598451645e-06
E =  0.00514 | E_L =  0.00514 | E_A =  0.00001 |   0 flippped triangles
E =  0.00439 | E_L =  0.00439 | E_A =  0.00000 |   0 flippped triangles
E =  0.00436 | E_L =  0.00436 | E_A =  0.00000 |   0 flippped triangles
E =  0.00434 | E_L =  0.00434 | E_A =  0.00000 |   0 flippped triangles
E =  0.00434 | E_L =  0.00434 | E_A =  0.00000 |   0 flippped triangles
Optimising mapping with BFGS...
E =  0.00434 | E_L =  0.00434 | E_A =  0.00000 |   0 flippped triangles
Transforming image...
Mapping optimised. Error: 0.00434388 ; 0 flipped triangles.
Inferring coordinates of datapoints
Inferring coordinates of landmarks
Mapping optimised. Error: 0.00434388 ; 0 flipped triangles. OD displacement: 6.981596 degrees.
Computing Kernel Density estimates of datapoints

[1] 0.8
Saving developmental_retina/data/C57BL6J/P0/AP/GM156-2/R-CONTRA/r.mat
