[1] "Adding old segment 1"
[1] "Adding old segment 3"
[1] "Adding old segment 4"
[1] "Storing new segment 1"
[1] "Adding old segment 2"
[1] "Storing new segment 2"
simplify.outline: Removing vertex 21
simplify.outline: Removing vertex 37
Triangulating...
[1] "Non-adjacent points in rim connected by line: 285 284"
[1] "In triangle: 503" "In triangle: 509"
[1] "Other points in triangles: 286 38"
Stitching...
Tear 1 child of rim
Tear 2 child of rim
Tear 3 child of rim
Tear 1 : Sf = 2198.21179648815 ; Sb = 1571.30580282067
  Forwards path
    i = 3 ; sf/Sf = 0.157915219865879 ; sf = 347.131099154196
      k =    4 ; sb/Sb = 0 ; sb = 0
      k =    5 ; sb/Sb = 0.423681168801558 ; sb = 665.73267908373
      Creating new point: f = 0.372721828332764
    i = 2 ; sf/Sf = 0.325185510565089 ; sf = 714.8266253712
      k =    4 ; sb/Sb = 0 ; sb = 0
      k =    5 ; sb/Sb = 0.423681168801558 ; sb = 665.73267908373
      Creating new point: f = 0.767524106593933
    i = 1 ; sf/Sf = 0.482838412608887 ; sf = 1061.38109439447
      k =    4 ; sb/Sb = 0 ; sb = 0
      k =    5 ; sb/Sb = 0.423681168801558 ; sb = 665.73267908373
      k =    6 ; sb/Sb = 0.597388209652011 ; sb = 938.679560362853
      Creating new point: f = 0.340557547452892
    i = 45 ; sf/Sf = 0.506034628377263 ; sf = 1112.3712895304
      k =    4 ; sb/Sb = 0 ; sb = 0
      k =    5 ; sb/Sb = 0.423681168801558 ; sb = 665.73267908373
      k =    6 ; sb/Sb = 0.597388209652011 ; sb = 938.679560362853
      Creating new point: f = 0.474093964024201
    i = 90 ; sf/Sf = 0.622749420201797 ; sf = 1368.93512174375
      k =    4 ; sb/Sb = 0 ; sb = 0
      k =    5 ; sb/Sb = 0.423681168801558 ; sb = 665.73267908373
      k =    6 ; sb/Sb = 0.597388209652011 ; sb = 938.679560362853
      k =    7 ; sb/Sb = 0.735065468998662 ; sb = 1155.01263689069
      Creating new point: f = 0.184207694648615
    i = 44 ; sf/Sf = 0.739464212026331 ; sf = 1625.4989539571
      k =    4 ; sb/Sb = 0 ; sb = 0
      k =    5 ; sb/Sb = 0.423681168801558 ; sb = 665.73267908373
      k =    6 ; sb/Sb = 0.597388209652011 ; sb = 938.679560362853
      k =    7 ; sb/Sb = 0.735065468998662 ; sb = 1155.01263689069
      k =    8 ; sb/Sb = 1 ; sb = 1571.30580282067
      Creating new point: f = 0.0166031321437927
    i = 118 ; sf/Sf = 0.869732106013166 ; sf = 1911.85537522262
      k =    4 ; sb/Sb = 0 ; sb = 0
      k =    5 ; sb/Sb = 0.423681168801558 ; sb = 665.73267908373
      k =    6 ; sb/Sb = 0.597388209652011 ; sb = 938.679560362853
      k =    7 ; sb/Sb = 0.735065468998662 ; sb = 1155.01263689069
      k =    8 ; sb/Sb = 1 ; sb = 1571.30580282067
      Creating new point: f = 0.508301566071896
Tear 2 : Sf = 2908.73874155457 ; Sb = 2944.33040796373
  Forwards path
    i = 19 ; sf/Sf = 0.150798776707873 ; sf = 438.634243989226
      k =   20 ; sb/Sb = 0 ; sb = 0
      k =  346 ; sb/Sb = 0.0952343857529639 ; sb = 280.401497856199
      k =   21 ; sb/Sb = 0.190468771505928 ; sb = 560.802995712398
      Creating new point: f = 0.583448830121527
    i = 426 ; sf/Sf = 0.244209559705406 ; sf = 710.341807373097
      k =   20 ; sb/Sb = 0 ; sb = 0
      k =  346 ; sb/Sb = 0.0952343857529639 ; sb = 280.401497856199
      k =   21 ; sb/Sb = 0.190468771505928 ; sb = 560.802995712398
      k =   22 ; sb/Sb = 0.351536370024245 ; sb = 1035.03922376757
      Creating new point: f = 0.333653625520258
    i = 18 ; sf/Sf = 0.337620342702939 ; sf = 982.049370756967
      k =   20 ; sb/Sb = 0 ; sb = 0
      k =  346 ; sb/Sb = 0.0952343857529639 ; sb = 280.401497856199
      k =   21 ; sb/Sb = 0.190468771505928 ; sb = 560.802995712398
      k =   22 ; sb/Sb = 0.351536370024245 ; sb = 1035.03922376757
      Creating new point: f = 0.913601323609951
    i = 17 ; sf/Sf = 0.523044854949858 ; sf = 1521.40083316344
      k =   20 ; sb/Sb = 0 ; sb = 0
      k =  346 ; sb/Sb = 0.0952343857529639 ; sb = 280.401497856199
      k =   21 ; sb/Sb = 0.190468771505928 ; sb = 560.802995712398
      k =   22 ; sb/Sb = 0.351536370024245 ; sb = 1035.03922376757
      k =  113 ; sb/Sb = 0.440102549792246 ; sb = 1295.80731997568
      k =   81 ; sb/Sb = 0.528668729560246 ; sb = 1556.57541618379
      Creating new point: f = 0.936500878494246
    i = 413 ; sf/Sf = 0.65801317102463 ; sf = 1913.98840301251
      k =   20 ; sb/Sb = 0 ; sb = 0
      k =  346 ; sb/Sb = 0.0952343857529639 ; sb = 280.401497856199
      k =   21 ; sb/Sb = 0.190468771505928 ; sb = 560.802995712398
      k =   22 ; sb/Sb = 0.351536370024245 ; sb = 1035.03922376757
      k =  113 ; sb/Sb = 0.440102549792246 ; sb = 1295.80731997568
      k =   81 ; sb/Sb = 0.528668729560246 ; sb = 1556.57541618379
      k =   23 ; sb/Sb = 0.705801089096248 ; sb = 2078.1116086
      Creating new point: f = 0.730213507024926
    i = 16 ; sf/Sf = 0.792981487099402 ; sf = 2306.57597286158
      k =   20 ; sb/Sb = 0 ; sb = 0
      k =  346 ; sb/Sb = 0.0952343857529639 ; sb = 280.401497856199
      k =   21 ; sb/Sb = 0.190468771505928 ; sb = 560.802995712398
      k =   22 ; sb/Sb = 0.351536370024245 ; sb = 1035.03922376757
      k =  113 ; sb/Sb = 0.440102549792246 ; sb = 1295.80731997568
      k =   81 ; sb/Sb = 0.528668729560246 ; sb = 1556.57541618379
      k =   23 ; sb/Sb = 0.705801089096248 ; sb = 2078.1116086
      k =   24 ; sb/Sb = 0.894658137705435 ; sb = 2634.16915957831
      Creating new point: f = 0.461621097254156
    i = 414 ; sf/Sf = 0.896490743549701 ; sf = 2607.65735720807
      k =   20 ; sb/Sb = 0 ; sb = 0
      k =  346 ; sb/Sb = 0.0952343857529639 ; sb = 280.401497856199
      k =   21 ; sb/Sb = 0.190468771505928 ; sb = 560.802995712398
      k =   22 ; sb/Sb = 0.351536370024245 ; sb = 1035.03922376757
      k =  113 ; sb/Sb = 0.440102549792246 ; sb = 1295.80731997568
      k =   81 ; sb/Sb = 0.528668729560246 ; sb = 1556.57541618379
      k =   23 ; sb/Sb = 0.705801089096248 ; sb = 2078.1116086
      k =   24 ; sb/Sb = 0.894658137705435 ; sb = 2634.16915957831
      k =   25 ; sb/Sb = 1 ; sb = 2944.33040796373
      Creating new point: f = 0.0173967481146478
Tear 3 : Sf = 2009.18789937343 ; Sb = 2030.51151704824
  Forwards path
    i = 33 ; sf/Sf = 0.0290214364553146 ; sf = 58.309518948453
      k =   34 ; sb/Sb = 0 ; sb = 0
      k =   35 ; sb/Sb = 0.108122993717442 ; sb = 219.544984001001
      Creating new point: f = 0.268411329149434
    i = 32 ; sf/Sf = 0.158426954018446 ; sf = 318.309518948453
      k =   34 ; sb/Sb = 0 ; sb = 0
      k =   35 ; sb/Sb = 0.108122993717442 ; sb = 219.544984001001
      k =  429 ; sb/Sb = 0.295332745045305 ; sb = 599.676540175966
      Creating new point: f = 0.268703739758224
    i = 31 ; sf/Sf = 0.429075132390654 ; sf = 862.092563921354
      k =   34 ; sb/Sb = 0 ; sb = 0
      k =   35 ; sb/Sb = 0.108122993717442 ; sb = 219.544984001001
      k =  429 ; sb/Sb = 0.295332745045305 ; sb = 599.676540175966
      k =   36 ; sb/Sb = 0.482542496373169 ; sb = 979.80809635093
      Creating new point: f = 0.714398616507553
    i = 230 ; sf/Sf = 0.600063454504864 ; sf = 1205.64023164739
      k =   34 ; sb/Sb = 0 ; sb = 0
      k =   35 ; sb/Sb = 0.108122993717442 ; sb = 219.544984001001
      k =  429 ; sb/Sb = 0.295332745045305 ; sb = 599.676540175966
      k =   36 ; sb/Sb = 0.482542496373169 ; sb = 979.80809635093
      k =   37 ; sb/Sb = 0.680642188911292 ; sb = 1382.05180357331
      Creating new point: f = 0.593241496874506
    i = 30 ; sf/Sf = 0.771051776619075 ; sf = 1549.18789937343
      k =   34 ; sb/Sb = 0 ; sb = 0
      k =   35 ; sb/Sb = 0.108122993717442 ; sb = 219.544984001001
      k =  429 ; sb/Sb = 0.295332745045305 ; sb = 599.676540175966
      k =   36 ; sb/Sb = 0.482542496373169 ; sb = 979.80809635093
      k =   37 ; sb/Sb = 0.680642188911292 ; sb = 1382.05180357331
      k =  284 ; sb/Sb = 0.840321094455646 ; sb = 1706.28166031077
      Creating new point: f = 0.566196188529548
Tear 1 : Sf = 1571.30580282067 ; Sb = 2198.21179648815
  Backwards path
    i = 5 ; sf/Sf = 0.423681168801558 ; sf = 665.73267908373
      k =    4 ; sb/Sb = 0 ; sb = 0
      k =    3 ; sb/Sb = 0.157915219865879 ; sb = 347.131099154196
      k =    2 ; sb/Sb = 0.325185510565089 ; sb = 714.8266253712
      k =    1 ; sb/Sb = 0.482838412608887 ; sb = 1061.38109439447
      Creating new point: f = 0.624762734840779
    i = 6 ; sf/Sf = 0.597388209652011 ; sf = 938.679560362853
      k =    4 ; sb/Sb = 0 ; sb = 0
      k =    3 ; sb/Sb = 0.157915219865879 ; sb = 347.131099154196
      k =    2 ; sb/Sb = 0.325185510565089 ; sb = 714.8266253712
      k =    1 ; sb/Sb = 0.482838412608887 ; sb = 1061.38109439447
      k =   45 ; sb/Sb = 0.506034628377263 ; sb = 1112.3712895304
      k =   90 ; sb/Sb = 0.622749420201797 ; sb = 1368.93512174375
      Creating new point: f = 0.782707828602278
    i = 7 ; sf/Sf = 0.735065468998662 ; sf = 1155.01263689069
      k =    4 ; sb/Sb = 0 ; sb = 0
      k =    3 ; sb/Sb = 0.157915219865879 ; sb = 347.131099154196
      k =    2 ; sb/Sb = 0.325185510565089 ; sb = 714.8266253712
      k =    1 ; sb/Sb = 0.482838412608887 ; sb = 1061.38109439447
      k =   45 ; sb/Sb = 0.506034628377263 ; sb = 1112.3712895304
      k =   90 ; sb/Sb = 0.622749420201797 ; sb = 1368.93512174375
      k =   44 ; sb/Sb = 0.739464212026331 ; sb = 1625.4989539571
      Creating new point: f = 0.962312034670961
Tear 2 : Sf = 2944.33040796373 ; Sb = 2908.73874155457
  Backwards path
    i = 346 ; sf/Sf = 0.0952343857529639 ; sf = 280.401497856199
      k =   20 ; sb/Sb = 0 ; sb = 0
      k =   19 ; sb/Sb = 0.150798776707873 ; sb = 438.634243989226
      Creating new point: f = 0.631532879987825
    i = 21 ; sf/Sf = 0.190468771505928 ; sf = 560.802995712398
      k =   20 ; sb/Sb = 0 ; sb = 0
      k =   19 ; sb/Sb = 0.150798776707873 ; sb = 438.634243989226
      k =  426 ; sb/Sb = 0.244209559705406 ; sb = 710.341807373097
      Creating new point: f = 0.424683248818315
    i = 22 ; sf/Sf = 0.351536370024245 ; sf = 1035.03922376757
      k =   20 ; sb/Sb = 0 ; sb = 0
      k =   19 ; sb/Sb = 0.150798776707873 ; sb = 438.634243989226
      k =  426 ; sb/Sb = 0.244209559705406 ; sb = 710.341807373097
      k =   18 ; sb/Sb = 0.337620342702939 ; sb = 982.049370756967
      k =   17 ; sb/Sb = 0.523044854949857 ; sb = 1521.40083316344
      Creating new point: f = 0.0750495560305171
    i = 113 ; sf/Sf = 0.440102549792246 ; sf = 1295.80731997568
      k =   20 ; sb/Sb = 0 ; sb = 0
      k =   19 ; sb/Sb = 0.150798776707873 ; sb = 438.634243989226
      k =  426 ; sb/Sb = 0.244209559705406 ; sb = 710.341807373097
      k =   18 ; sb/Sb = 0.337620342702939 ; sb = 982.049370756967
      k =   17 ; sb/Sb = 0.523044854949857 ; sb = 1521.40083316344
      Creating new point: f = 0.552689640908088
    i = 81 ; sf/Sf = 0.528668729560246 ; sf = 1556.57541618379
      k =   20 ; sb/Sb = 0 ; sb = 0
      k =   19 ; sb/Sb = 0.150798776707873 ; sb = 438.634243989226
      k =  426 ; sb/Sb = 0.244209559705406 ; sb = 710.341807373097
      k =   18 ; sb/Sb = 0.337620342702939 ; sb = 982.049370756967
      k =   17 ; sb/Sb = 0.523044854949857 ; sb = 1521.40083316344
      k =  413 ; sb/Sb = 0.65801317102463 ; sb = 1913.98840301251
      Creating new point: f = 0.0416681097752838
    i = 23 ; sf/Sf = 0.705801089096248 ; sf = 2078.1116086
      k =   20 ; sb/Sb = 0 ; sb = 0
      k =   19 ; sb/Sb = 0.150798776707873 ; sb = 438.634243989226
      k =  426 ; sb/Sb = 0.244209559705406 ; sb = 710.341807373097
      k =   18 ; sb/Sb = 0.337620342702939 ; sb = 982.049370756967
      k =   17 ; sb/Sb = 0.523044854949857 ; sb = 1521.40083316344
      k =  413 ; sb/Sb = 0.65801317102463 ; sb = 1913.98840301251
      k =   16 ; sb/Sb = 0.792981487099402 ; sb = 2306.57597286158
      Creating new point: f = 0.354067676484482
    i = 24 ; sf/Sf = 0.894658137705435 ; sf = 2634.16915957831
      k =   20 ; sb/Sb = 0 ; sb = 0
      k =   19 ; sb/Sb = 0.150798776707873 ; sb = 438.634243989226
      k =  426 ; sb/Sb = 0.244209559705406 ; sb = 710.341807373097
      k =   18 ; sb/Sb = 0.337620342702939 ; sb = 982.049370756967
      k =   17 ; sb/Sb = 0.523044854949857 ; sb = 1521.40083316344
      k =  413 ; sb/Sb = 0.65801317102463 ; sb = 1913.98840301251
      k =   16 ; sb/Sb = 0.792981487099402 ; sb = 2306.57597286158
      k =  414 ; sb/Sb = 0.896490743549701 ; sb = 2607.65735720808
      Creating new point: f = 0.982295246752674
Tear 3 : Sf = 2030.51151704824 ; Sb = 2009.18789937343
  Backwards path
    i = 35 ; sf/Sf = 0.108122993717442 ; sf = 219.544984001001
      k =   34 ; sb/Sb = 0 ; sb = 0
      k =   33 ; sb/Sb = 0.0290214364553146 ; sb = 58.309518948453
      k =   32 ; sb/Sb = 0.158426954018446 ; sb = 318.309518948453
      Creating new point: f = 0.61126881412562
    i = 429 ; sf/Sf = 0.295332745045306 ; sf = 599.676540175966
      k =   34 ; sb/Sb = 0 ; sb = 0
      k =   33 ; sb/Sb = 0.0290214364553146 ; sb = 58.309518948453
      k =   32 ; sb/Sb = 0.158426954018446 ; sb = 318.309518948453
      k =   31 ; sb/Sb = 0.429075132390654 ; sb = 862.092563921354
      Creating new point: f = 0.50584412520442
    i = 36 ; sf/Sf = 0.482542496373169 ; sf = 979.80809635093
      k =   34 ; sb/Sb = 0 ; sb = 0
      k =   33 ; sb/Sb = 0.0290214364553146 ; sb = 58.309518948453
      k =   32 ; sb/Sb = 0.158426954018446 ; sb = 318.309518948453
      k =   31 ; sb/Sb = 0.429075132390654 ; sb = 862.092563921354
      k =  230 ; sb/Sb = 0.600063454504864 ; sb = 1205.64023164739
      Creating new point: f = 0.312695997723176
    i = 37 ; sf/Sf = 0.680642188911292 ; sf = 1382.05180357331
      k =   34 ; sb/Sb = 0 ; sb = 0
      k =   33 ; sb/Sb = 0.0290214364553146 ; sb = 58.309518948453
      k =   32 ; sb/Sb = 0.158426954018446 ; sb = 318.309518948453
      k =   31 ; sb/Sb = 0.429075132390654 ; sb = 862.092563921354
      k =  230 ; sb/Sb = 0.600063454504864 ; sb = 1205.64023164739
      k =   30 ; sb/Sb = 0.771051776619075 ; sb = 1549.18789937343
      Creating new point: f = 0.471252851715836
    i = 284 ; sf/Sf = 0.840321094455646 ; sf = 1706.28166031077
      k =   34 ; sb/Sb = 0 ; sb = 0
      k =   33 ; sb/Sb = 0.0290214364553146 ; sb = 58.309518948453
      k =   32 ; sb/Sb = 0.158426954018446 ; sb = 318.309518948453
      k =   31 ; sb/Sb = 0.429075132390654 ; sb = 862.092563921354
      k =  230 ; sb/Sb = 0.600063454504864 ; sb = 1205.64023164739
      k =   30 ; sb/Sb = 0.771051776619075 ; sb = 1549.18789937343
      k =   29 ; sb/Sb = 1 ; sb = 2009.18789937343
      Creating new point: f = 0.302554511293675
Triangulating...
Merging points...
Projecting to sphere...
Optimising mapping with FIRE...
E =  0.00525 | E_L =  0.00525 | E_A =  0.00000 |   0 flippped triangles
E =  0.00486 | E_L =  0.00486 | E_A =  0.00000 |  38 flippped triangles
        phi0    phi0.1     phi0.2    phi0.3    phi0.4     phi0.5    phi0.6
id    133.00   144.000    146.000 147.00000    154.00   220.0000    229.00
A   12296.60 20586.752   9467.026  64.34628  13842.01 42313.3509  28114.16
a  -11242.62 -7285.281 -10239.854 -89.29360 -13268.42   -64.4156 -23332.91
      phi0.7    phi0.8    phi0.9   phi0.10   phi0.11   phi0.12   phi0.13
id    230.00    249.00    250.00    272.00   275.000   279.000   427.000
A   31103.84  36558.55  21201.63  22637.46  1905.602  1670.839  3473.341
a  -19718.36 -30809.00 -22355.81 -12445.95 -2233.693 -2036.148 -3539.272
     phi0.14   phi0.15   phi0.16   phi0.17   phi0.18   phi0.19   phi0.20
id   433.000   441.000    455.00 630.00000   631.000   633.000    769.00
A   4580.104 10546.573  31531.76  39.21535  2214.962  2000.125  37605.74
a  -4670.354 -8923.977 -20449.50 -34.26283 -2341.322 -1581.112 -35241.93
     phi0.21   phi0.22   phi0.23   phi0.24   phi0.25   phi0.26   phi0.27
id    772.00    777.00    791.00   805.000    811.00    816.00 821.00000
A   19757.62  11366.89  14617.23  2261.249  36800.76  36344.41  38.27299
a  -17916.73 -12505.27 -12145.83 -2215.306 -14215.98 -11679.04 -33.61629
     phi0.28   phi0.29   phi0.30   phi0.31   phi0.32   phi0.33   phi0.34
id   825.000   826.000   830.000    832.00  838.0000    840.00    842.00
A   2123.462  2161.735 17190.229  14328.70  360.4338  15394.66  31088.74
a  -1907.769 -2000.169 -1683.958 -13822.35 -216.3901 -13901.47 -17550.98
     phi0.35   phi0.36   phi0.37
id   850.000   853.000   858.000
A   2705.732  6291.425 11168.759
a  -2278.436 -5374.389 -9445.087
E =  0.00476 | E_L =  0.00476 | E_A =  0.00000 |  41 flippped triangles
        phi0     phi0.1    phi0.2    phi0.3    phi0.4    phi0.5    phi0.6
id    133.00    146.000 147.00000    154.00   216.000  217.0000    220.00
A   12296.60   9467.026  64.34628  13842.01  3215.543  125.9334  42313.35
a  -11183.05 -10276.097 -83.48534 -13296.92 -2723.751 -119.9979 -34292.85
       phi0.7    phi0.8    phi0.9   phi0.10   phi0.11   phi0.12   phi0.13
id   223.0000    227.00    229.00    230.00    249.00    250.00   272.000
A  13850.1647  42859.73  28114.16  31103.84  36558.55  21201.63 22637.457
a   -406.0035 -23551.73 -26294.70 -20834.36 -35325.34 -24332.39 -1778.077
     phi0.14   phi0.15   phi0.16   phi0.17   phi0.18   phi0.19   phi0.20
id   275.000   279.000   427.000   433.000   441.000    455.00 630.00000
A   1905.602  1670.839  3473.341  4580.104 10546.573  31531.76  39.21535
a  -2308.050 -2045.448 -3470.326 -4145.612 -8256.076 -16570.59 -36.21164
     phi0.21   phi0.22   phi0.23   phi0.24   phi0.25   phi0.26   phi0.27
id   631.000   633.000    769.00    772.00    777.00    791.00   805.000
A   2214.962  2000.125  37605.74  19757.62  11366.89  14617.23  2261.249
a  -2315.083 -1750.650 -25859.41 -13736.10 -11034.06 -13582.51 -2440.087
     phi0.28   phi0.29   phi0.30   phi0.31   phi0.32   phi0.33   phi0.34
id    811.00    816.00 821.00000   825.000   826.000    832.00   834.000
A   36800.76  36344.41  38.27299  2123.462  2161.735  14328.70  3730.142
a  -13108.10 -15900.87 -36.62713 -1555.541 -1860.501 -12771.02 -3459.451
     phi0.35   phi0.36   phi0.37   phi0.38   phi0.39   phi0.40
id  838.0000    840.00    842.00   850.000   853.000   858.000
A   360.4338  15394.66  31088.74  2705.732  6291.425 11168.759
a  -287.1869 -12903.96 -17701.77 -2491.901 -5150.256 -7842.794
E =  0.00475 | E_L =  0.00475 | E_A =  0.00000 |  41 flippped triangles
        phi0     phi0.1    phi0.2    phi0.3    phi0.4    phi0.5    phi0.6
id    133.00    146.000 147.00000    154.00   216.000  217.0000  218.0000
A   12296.60   9467.026  64.34628  13842.01  3215.543  125.9334 4186.2376
a  -10724.35 -10570.385 -79.43329 -13610.55 -2819.585 -112.8254 -686.0299
      phi0.7    phi0.8    phi0.9   phi0.10   phi0.11   phi0.12   phi0.13
id    220.00   223.000    227.00    229.00    230.00    249.00    250.00
A   42313.35 13850.165  42859.73  28114.16  31103.84  36558.55  21201.63
a  -36429.03 -6016.914 -24590.31 -26684.02 -22641.62 -35086.55 -24082.92
     phi0.14   phi0.15   phi0.16   phi0.17   phi0.18   phi0.19   phi0.20
id   275.000   279.000   427.000   433.000   441.000    455.00 630.00000
A   1905.602  1670.839  3473.341  4580.104 10546.573  31531.76  39.21535
a  -2447.459 -2095.019 -2978.875 -4003.312 -8020.953 -11736.26 -36.31337
     phi0.21   phi0.22   phi0.23   phi0.24   phi0.25   phi0.26   phi0.27
id   631.000   633.000    769.00    772.00    777.00    791.00   805.000
A   2214.962  2000.125  37605.74  19757.62  11366.89  14617.23  2261.249
a  -2280.252 -1866.216 -24312.87 -15611.84 -11371.91 -12723.75 -2197.379
     phi0.28   phi0.29   phi0.30   phi0.31   phi0.32   phi0.33   phi0.34
id    811.00 821.00000   825.000   826.000   830.000    832.00   834.000
A   36800.76  38.27299  2123.462  2161.735 17190.229  14328.70  3730.142
a  -10299.08 -36.14006 -1692.778 -2000.012 -1833.296 -14404.24 -3274.049
     phi0.35   phi0.36   phi0.37   phi0.38   phi0.39   phi0.40
id  838.0000    840.00    842.00   850.000   853.000   858.000
A   360.4338  15394.66  31088.74  2705.732  6291.425 11168.759
a  -275.8264 -16087.16 -15082.67 -2613.203 -6100.145 -3067.415
FIRE:  3  stops.  0 hits of maxmove.  0 hits of dtmax.
Frms = 2.5180822102528e-06; Ftanrms = 2.51517700054437e-06
E =  0.00737 | E_L =  0.00737 | E_A =  0.00000 |   0 flippped triangles
E =  0.00549 | E_L =  0.00549 | E_A =  0.00000 |   0 flippped triangles
E =  0.00525 | E_L =  0.00525 | E_A =  0.00000 |   0 flippped triangles
E =  0.00525 | E_L =  0.00525 | E_A =  0.00000 |   0 flippped triangles
Optimising mapping with BFGS...
E =  0.00525 | E_L =  0.00525 | E_A =  0.00000 |   0 flippped triangles
Transforming image...
Mapping optimised. Error: 0.005246896 ; 0 flipped triangles.
Inferring coordinates of datapoints
Inferring coordinates of landmarks
Mapping optimised. Error: 0.005246896 ; 0 flipped triangles. OD displacement: 9.048779 degrees.
Computing Kernel Density estimates of datapoints

[1] 0.7
Saving developmental_retina/data/C57BL6J/P8/AP/GM257-5/R-CONTRA/r.mat
