[1] "Adding old segment 1"
[1] "Adding old segment 2"
[1] "Adding old segment 4"
[1] "Adding old segment 5"
[1] "Adding old segment 6"
[1] "Storing new segment 1"
[1] "Adding old segment 3"
[1] "Storing new segment 2"
simplify.outline: Removing vertex 1
simplify.outline: Removing vertex 38
simplify.outline: Removing vertex 87
Triangulating...
[1] "Non-adjacent points in rim connected by line: 18 16"
[1] "In triangle: 106" "In triangle: 159"
[1] "Other points in triangles: 117 17"
[1] "Non-adjacent points in rim connected by line: 76 74"
[1] "In triangle: 5"   "In triangle: 215"
[1] "Other points in triangles: 75 159"
[1] "Non-adjacent points in rim connected by line: 110 58"
[1] "In triangle: 119" "In triangle: 142"
[1] "Other points in triangles: 120 59"
Stitching...
Tear 1 child of rim
Tear 2 child of rim
Tear 3 child of rim
Tear 4 child of rim
Tear 1 : Sf = 2360.25674513952 ; Sb = 2024.76793860801
  Forwards path
    i = 5 ; sf/Sf = 0.0557267613578556 ; sf = 131.529464379659
      k =    6 ; sb/Sb = 0 ; sb = 0
      k =    7 ; sb/Sb = 0.0552178828709883 ; sb = 111.803398874989
      k =    8 ; sb/Sb = 0.149574242482634 ; sb = 302.853130620417
      Creating new point: f = 0.00539315515098061
    i = 4 ; sf/Sf = 0.129719767553208 ; sf = 306.171956345389
      k =    6 ; sb/Sb = 0 ; sb = 0
      k =    7 ; sb/Sb = 0.0552178828709883 ; sb = 111.803398874989
      k =    8 ; sb/Sb = 0.149574242482634 ; sb = 302.853130620417
      Creating new point: f = 0.789579896774908
    i = 3 ; sf/Sf = 0.207612888073719 ; sf = 490.019719453891
      k =    6 ; sb/Sb = 0 ; sb = 0
      k =    7 ; sb/Sb = 0.0552178828709883 ; sb = 111.803398874989
      k =    8 ; sb/Sb = 0.149574242482634 ; sb = 302.853130620417
      k =    9 ; sb/Sb = 0.248350994221155 ; sb = 502.853130620417
      Creating new point: f = 0.587573943965309
    i = 2 ; sf/Sf = 0.296988855977084 ; sf = 700.969950551181
      k =    6 ; sb/Sb = 0 ; sb = 0
      k =    7 ; sb/Sb = 0.0552178828709883 ; sb = 111.803398874989
      k =    8 ; sb/Sb = 0.149574242482634 ; sb = 302.853130620417
      k =    9 ; sb/Sb = 0.248350994221155 ; sb = 502.853130620417
      k =   10 ; sb/Sb = 0.378271526714457 ; sb = 765.912059379736
      Creating new point: f = 0.374366243907107
    i = 1 ; sf/Sf = 0.369139423499007 ; sf = 871.263814210445
      k =    6 ; sb/Sb = 0 ; sb = 0
      k =    7 ; sb/Sb = 0.0552178828709883 ; sb = 111.803398874989
      k =    8 ; sb/Sb = 0.149574242482634 ; sb = 302.853130620417
      k =    9 ; sb/Sb = 0.248350994221155 ; sb = 502.853130620417
      k =   10 ; sb/Sb = 0.378271526714457 ; sb = 765.912059379736
      Creating new point: f = 0.929710084771083
    i = 99 ; sf/Sf = 0.429801557365422 ; sf = 1014.44202484321
      k =    6 ; sb/Sb = 0 ; sb = 0
      k =    7 ; sb/Sb = 0.0552178828709883 ; sb = 111.803398874989
      k =    8 ; sb/Sb = 0.149574242482634 ; sb = 302.853130620417
      k =    9 ; sb/Sb = 0.248350994221155 ; sb = 502.853130620417
      k =   10 ; sb/Sb = 0.378271526714457 ; sb = 765.912059379736
      k =   11 ; sb/Sb = 0.511162054962576 ; sb = 1034.98454032121
      Creating new point: f = 0.387763005612815
    i = 250 ; sf/Sf = 0.613725735240107 ; sf = 1448.55030626617
      k =    6 ; sb/Sb = 0 ; sb = 0
      k =    7 ; sb/Sb = 0.0552178828709883 ; sb = 111.803398874989
      k =    8 ; sb/Sb = 0.149574242482634 ; sb = 302.853130620417
      k =    9 ; sb/Sb = 0.248350994221155 ; sb = 502.853130620417
      k =   10 ; sb/Sb = 0.378271526714457 ; sb = 765.912059379736
      k =   11 ; sb/Sb = 0.511162054962576 ; sb = 1034.98454032121
      k =   12 ; sb/Sb = 0.615346947993979 ; sb = 1245.9347714185
      Creating new point: f = 0.984439080305206
    i = 98 ; sf/Sf = 0.797649913114791 ; sf = 1882.65858768914
      k =    6 ; sb/Sb = 0 ; sb = 0
      k =    7 ; sb/Sb = 0.0552178828709883 ; sb = 111.803398874989
      k =    8 ; sb/Sb = 0.149574242482634 ; sb = 302.853130620417
      k =    9 ; sb/Sb = 0.248350994221155 ; sb = 502.853130620417
      k =   10 ; sb/Sb = 0.378271526714457 ; sb = 765.912059379736
      k =   11 ; sb/Sb = 0.511162054962576 ; sb = 1034.98454032121
      k =   12 ; sb/Sb = 0.615346947993979 ; sb = 1245.9347714185
      k =   13 ; sb/Sb = 0.679741511745166 ; sb = 1376.31881952255
      k =   14 ; sb/Sb = 0.706337966106434 ; sb = 1430.1704675939
      k =   15 ; sb/Sb = 0.80560737302948 ; sb = 1631.16798001632
      Creating new point: f = 0.91983975565747
    i = 453 ; sf/Sf = 0.898824956557396 ; sf = 2121.45766641433
      k =    6 ; sb/Sb = 0 ; sb = 0
      k =    7 ; sb/Sb = 0.0552178828709883 ; sb = 111.803398874989
      k =    8 ; sb/Sb = 0.149574242482634 ; sb = 302.853130620417
      k =    9 ; sb/Sb = 0.248350994221155 ; sb = 502.853130620417
      k =   10 ; sb/Sb = 0.378271526714457 ; sb = 765.912059379736
      k =   11 ; sb/Sb = 0.511162054962576 ; sb = 1034.98454032121
      k =   12 ; sb/Sb = 0.615346947993979 ; sb = 1245.9347714185
      k =   13 ; sb/Sb = 0.679741511745166 ; sb = 1376.31881952255
      k =   14 ; sb/Sb = 0.706337966106434 ; sb = 1430.1704675939
      k =   15 ; sb/Sb = 0.80560737302948 ; sb = 1631.16798001632
      k =   16 ; sb/Sb = 0.900607810832221 ; sb = 1823.52182063303
      Creating new point: f = 0.981233199382434
Tear 2 : Sf = 1595.3287229056 ; Sb = 982.049370756967
  Forwards path
    i = 88 ; sf/Sf = 0.274734688671531 ; sf = 438.292140016223
      k =   89 ; sb/Sb = 0 ; sb = 0
      k =   90 ; sb/Sb = 0.446651927133893 ; sb = 438.634243989226
      Creating new point: f = 0.615097958794151
    i = 87 ; sf/Sf = 0.500741481108461 ; sf = 798.847267562621
      k =   89 ; sb/Sb = 0 ; sb = 0
      k =   90 ; sb/Sb = 0.446651927133893 ; sb = 438.634243989226
      k =   91 ; sb/Sb = 1 ; sb = 982.049370756967
      Creating new point: f = 0.0977496021525971
    i = 86 ; sf/Sf = 0.610212644924562 ; sf = 973.489759528351
      k =   89 ; sb/Sb = 0 ; sb = 0
      k =   90 ; sb/Sb = 0.446651927133893 ; sb = 438.634243989226
      k =   91 ; sb/Sb = 1 ; sb = 982.049370756967
      Creating new point: f = 0.29558378498274
    i = 85 ; sf/Sf = 0.719863122806486 ; sf = 1148.41831637371
      k =   89 ; sb/Sb = 0 ; sb = 0
      k =   90 ; sb/Sb = 0.446651927133893 ; sb = 438.634243989226
      k =   91 ; sb/Sb = 1 ; sb = 982.049370756967
      Creating new point: f = 0.493742020745596
    i = 84 ; sf/Sf = 0.866734101127775 ; sf = 1382.72580665091
      k =   89 ; sb/Sb = 0 ; sb = 0
      k =   90 ; sb/Sb = 0.446651927133893 ; sb = 438.634243989226
      k =   91 ; sb/Sb = 1 ; sb = 982.049370756967
      Creating new point: f = 0.759164429394388
Tear 3 : Sf = 1296.1252217671 ; Sb = 1200.61217164523
  Forwards path
    i = 70 ; sf/Sf = 0.162754514420826 ; sf = 210.95023109729
      k =   71 ; sb/Sb = 0 ; sb = 0
      k =   72 ; sb/Sb = 0.330025185885141 ; sb = 396.232255123179
      Creating new point: f = 0.493157860010931
    i = 69 ; sf/Sf = 0.472617871614743 ; sf = 612.571943657754
      k =   71 ; sb/Sb = 0 ; sb = 0
      k =   72 ; sb/Sb = 0.330025185885141 ; sb = 396.232255123179
      k =   73 ; sb/Sb = 0.630911555268472 ; sb = 757.480092486948
      Creating new point: f = 0.473908758385589
    i = 103 ; sf/Sf = 0.606972750871904 ; sf = 786.712691330434
      k =   71 ; sb/Sb = 0 ; sb = 0
      k =   72 ; sb/Sb = 0.330025185885141 ; sb = 396.232255123179
      k =   73 ; sb/Sb = 0.630911555268472 ; sb = 757.480092486948
      Creating new point: f = 0.920439053302312
    i = 68 ; sf/Sf = 0.741327630129065 ; sf = 960.853439003114
      k =   71 ; sb/Sb = 0 ; sb = 0
      k =   72 ; sb/Sb = 0.330025185885141 ; sb = 396.232255123179
      k =   73 ; sb/Sb = 0.630911555268472 ; sb = 757.480092486948
      k =   74 ; sb/Sb = 0.839138662992542 ; sb = 1007.48009248695
      Creating new point: f = 0.530267533691674
    i = 67 ; sf/Sf = 0.769145554006422 ; sf = 996.908951757754
      k =   71 ; sb/Sb = 0 ; sb = 0
      k =   72 ; sb/Sb = 0.330025185885141 ; sb = 396.232255123179
      k =   73 ; sb/Sb = 0.630911555268472 ; sb = 757.480092486948
      k =   74 ; sb/Sb = 0.839138662992542 ; sb = 1007.48009248695
      Creating new point: f = 0.663861685679896
    i = 66 ; sf/Sf = 0.852599325638493 ; sf = 1105.07549002167
      k =   71 ; sb/Sb = 0 ; sb = 0
      k =   72 ; sb/Sb = 0.330025185885141 ; sb = 396.232255123179
      k =   73 ; sb/Sb = 0.630911555268472 ; sb = 757.480092486948
      k =   74 ; sb/Sb = 0.839138662992541 ; sb = 1007.48009248695
      k =   75 ; sb/Sb = 1 ; sb = 1200.61217164523
      Creating new point: f = 0.08367866944515
Tear 4 : Sf = 3410.56551984344 ; Sb = 3811.74051037734
  Forwards path
    i = 44 ; sf/Sf = 0.0343189416611967 ; sf = 117.046999107196
      k =   45 ; sb/Sb = 0 ; sb = 0
      k =   46 ; sb/Sb = 0.0575372645114559 ; sb = 219.317121994613
      Creating new point: f = 0.596464603463443
    i = 43 ; sf/Sf = 0.0870961127645575 ; sf = 297.046999107196
      k =   45 ; sb/Sb = 0 ; sb = 0
      k =   46 ; sb/Sb = 0.0575372645114559 ; sb = 219.317121994613
      k =   47 ; sb/Sb = 0.12431999553266 ; sb = 473.87556322177
      Creating new point: f = 0.4426121513916
    i = 42 ; sf/Sf = 0.141160721133178 ; sf = 481.437888253054
      k =   45 ; sb/Sb = 0 ; sb = 0
      k =   46 ; sb/Sb = 0.0575372645114559 ; sb = 219.317121994613
      k =   47 ; sb/Sb = 0.12431999553266 ; sb = 473.87556322177
      k =   48 ; sb/Sb = 0.193183050153907 ; sb = 736.363658189904
      Creating new point: f = 0.244553856827063
    i = 41 ; sf/Sf = 0.237918868156007 ; sf = 811.437888253054
      k =   45 ; sb/Sb = 0 ; sb = 0
      k =   46 ; sb/Sb = 0.0575372645114559 ; sb = 219.317121994613
      k =   47 ; sb/Sb = 0.12431999553266 ; sb = 473.87556322177
      k =   48 ; sb/Sb = 0.193183050153907 ; sb = 736.363658189904
      k =   49 ; sb/Sb = 0.258927106193552 ; sb = 986.962939912737
      Creating new point: f = 0.680454183951221
    i = 40 ; sf/Sf = 0.340917435215094 ; sf = 1162.72124965806
      k =   45 ; sb/Sb = 0 ; sb = 0
      k =   46 ; sb/Sb = 0.0575372645114559 ; sb = 219.317121994613
      k =   47 ; sb/Sb = 0.12431999553266 ; sb = 473.87556322177
      k =   48 ; sb/Sb = 0.193183050153907 ; sb = 736.363658189904
      k =   49 ; sb/Sb = 0.258927106193552 ; sb = 986.962939912737
      k =   50 ; sb/Sb = 0.33285135557647 ; sb = 1268.74299598484
      k =   51 ; sb/Sb = 0.383314874825232 ; sb = 1461.09683660156
      Creating new point: f = 0.159839816142467
    i = 39 ; sf/Sf = 0.448448697782564 ; sf = 1529.4636660759
      k =   45 ; sb/Sb = 0 ; sb = 0
      k =   46 ; sb/Sb = 0.0575372645114559 ; sb = 219.317121994613
      k =   47 ; sb/Sb = 0.12431999553266 ; sb = 473.87556322177
      k =   48 ; sb/Sb = 0.193183050153907 ; sb = 736.363658189904
      k =   49 ; sb/Sb = 0.258927106193552 ; sb = 986.962939912737
      k =   50 ; sb/Sb = 0.33285135557647 ; sb = 1268.74299598484
      k =   51 ; sb/Sb = 0.383314874825232 ; sb = 1461.09683660156
      k =   52 ; sb/Sb = 0.397442711682105 ; sb = 1514.9484846729
      k =   53 ; sb/Sb = 0.483738639532505 ; sb = 1843.88616874087
      Creating new point: f = 0.591059014845765
    i = 38 ; sf/Sf = 0.53631285976154 ; sf = 1829.13014735134
      k =   45 ; sb/Sb = 0 ; sb = 0
      k =   46 ; sb/Sb = 0.0575372645114559 ; sb = 219.317121994613
      k =   47 ; sb/Sb = 0.12431999553266 ; sb = 473.87556322177
      k =   48 ; sb/Sb = 0.193183050153907 ; sb = 736.363658189904
      k =   49 ; sb/Sb = 0.258927106193552 ; sb = 986.962939912737
      k =   50 ; sb/Sb = 0.33285135557647 ; sb = 1268.74299598484
      k =   51 ; sb/Sb = 0.383314874825232 ; sb = 1461.09683660156
      k =   52 ; sb/Sb = 0.397442711682105 ; sb = 1514.9484846729
      k =   53 ; sb/Sb = 0.483738639532505 ; sb = 1843.88616874087
      k =  236 ; sb/Sb = 0.549088936454203 ; sb = 2092.9845428825
      Creating new point: f = 0.804498567038318
    i = 37 ; sf/Sf = 0.620886547133586 ; sf = 2117.57424938846
      k =   45 ; sb/Sb = 0 ; sb = 0
      k =   46 ; sb/Sb = 0.0575372645114559 ; sb = 219.317121994613
      k =   47 ; sb/Sb = 0.12431999553266 ; sb = 473.87556322177
      k =   48 ; sb/Sb = 0.193183050153907 ; sb = 736.363658189904
      k =   49 ; sb/Sb = 0.258927106193552 ; sb = 986.962939912737
      k =   50 ; sb/Sb = 0.33285135557647 ; sb = 1268.74299598484
      k =   51 ; sb/Sb = 0.383314874825232 ; sb = 1461.09683660156
      k =   52 ; sb/Sb = 0.397442711682105 ; sb = 1514.9484846729
      k =   53 ; sb/Sb = 0.483738639532505 ; sb = 1843.88616874087
      k =  236 ; sb/Sb = 0.549088936454203 ; sb = 2092.9845428825
      k =   54 ; sb/Sb = 0.614439233375901 ; sb = 2342.08291702412
      k =   55 ; sb/Sb = 0.753582289626217 ; sb = 2872.46014127116
      Creating new point: f = 0.046335864192075
    i = 36 ; sf/Sf = 0.674712106689259 ; sf = 2301.14984689532
      k =   45 ; sb/Sb = 0 ; sb = 0
      k =   46 ; sb/Sb = 0.0575372645114559 ; sb = 219.317121994613
      k =   47 ; sb/Sb = 0.12431999553266 ; sb = 473.87556322177
      k =   48 ; sb/Sb = 0.193183050153907 ; sb = 736.363658189904
      k =   49 ; sb/Sb = 0.258927106193552 ; sb = 986.962939912737
      k =   50 ; sb/Sb = 0.33285135557647 ; sb = 1268.74299598484
      k =   51 ; sb/Sb = 0.383314874825232 ; sb = 1461.09683660156
      k =   52 ; sb/Sb = 0.397442711682105 ; sb = 1514.9484846729
      k =   53 ; sb/Sb = 0.483738639532505 ; sb = 1843.88616874087
      k =  236 ; sb/Sb = 0.549088936454203 ; sb = 2092.9845428825
      k =   54 ; sb/Sb = 0.614439233375901 ; sb = 2342.08291702412
      k =   55 ; sb/Sb = 0.753582289626217 ; sb = 2872.46014127116
      Creating new point: f = 0.433171980964166
    i = 35 ; sf/Sf = 0.726002297664211 ; sf = 2476.07840374068
      k =   45 ; sb/Sb = 0 ; sb = 0
      k =   46 ; sb/Sb = 0.0575372645114559 ; sb = 219.317121994613
      k =   47 ; sb/Sb = 0.12431999553266 ; sb = 473.87556322177
      k =   48 ; sb/Sb = 0.193183050153907 ; sb = 736.363658189904
      k =   49 ; sb/Sb = 0.258927106193552 ; sb = 986.962939912737
      k =   50 ; sb/Sb = 0.33285135557647 ; sb = 1268.74299598484
      k =   51 ; sb/Sb = 0.383314874825232 ; sb = 1461.09683660156
      k =   52 ; sb/Sb = 0.397442711682105 ; sb = 1514.9484846729
      k =   53 ; sb/Sb = 0.483738639532505 ; sb = 1843.88616874087
      k =  236 ; sb/Sb = 0.549088936454203 ; sb = 2092.9845428825
      k =   54 ; sb/Sb = 0.614439233375901 ; sb = 2342.08291702412
      k =   55 ; sb/Sb = 0.753582289626217 ; sb = 2872.46014127116
      Creating new point: f = 0.801786789041131
    i = 34 ; sf/Sf = 0.791104707167823 ; sf = 2698.11443685242
      k =   45 ; sb/Sb = 0 ; sb = 0
      k =   46 ; sb/Sb = 0.0575372645114559 ; sb = 219.317121994613
      k =   47 ; sb/Sb = 0.12431999553266 ; sb = 473.87556322177
      k =   48 ; sb/Sb = 0.193183050153907 ; sb = 736.363658189904
      k =   49 ; sb/Sb = 0.258927106193552 ; sb = 986.962939912737
      k =   50 ; sb/Sb = 0.33285135557647 ; sb = 1268.74299598484
      k =   51 ; sb/Sb = 0.383314874825232 ; sb = 1461.09683660156
      k =   52 ; sb/Sb = 0.397442711682105 ; sb = 1514.9484846729
      k =   53 ; sb/Sb = 0.483738639532505 ; sb = 1843.88616874087
      k =  236 ; sb/Sb = 0.549088936454203 ; sb = 2092.9845428825
      k =   54 ; sb/Sb = 0.614439233375901 ; sb = 2342.08291702412
      k =   55 ; sb/Sb = 0.753582289626217 ; sb = 2872.46014127116
      k =   56 ; sb/Sb = 0.825237221259513 ; sb = 3145.59014694612
      Creating new point: f = 0.523654362460801
    i = 33 ; sf/Sf = 0.874036030676776 ; sf = 2980.95714932704
      k =   45 ; sb/Sb = 0 ; sb = 0
      k =   46 ; sb/Sb = 0.0575372645114559 ; sb = 219.317121994613
      k =   47 ; sb/Sb = 0.12431999553266 ; sb = 473.87556322177
      k =   48 ; sb/Sb = 0.193183050153907 ; sb = 736.363658189904
      k =   49 ; sb/Sb = 0.258927106193552 ; sb = 986.962939912737
      k =   50 ; sb/Sb = 0.33285135557647 ; sb = 1268.74299598484
      k =   51 ; sb/Sb = 0.383314874825232 ; sb = 1461.09683660156
      k =   52 ; sb/Sb = 0.397442711682105 ; sb = 1514.9484846729
      k =   53 ; sb/Sb = 0.483738639532505 ; sb = 1843.88616874087
      k =  236 ; sb/Sb = 0.549088936454203 ; sb = 2092.9845428825
      k =   54 ; sb/Sb = 0.614439233375901 ; sb = 2342.08291702412
      k =   55 ; sb/Sb = 0.753582289626217 ; sb = 2872.46014127116
      k =   56 ; sb/Sb = 0.825237221259513 ; sb = 3145.59014694612
      k =   57 ; sb/Sb = 0.893447530773541 ; sb = 3405.59014694612
      Creating new point: f = 0.715416918130642
    i = 32 ; sf/Sf = 0.96721851604243 ; sf = 3298.76212096845
      k =   45 ; sb/Sb = 0 ; sb = 0
      k =   46 ; sb/Sb = 0.0575372645114559 ; sb = 219.317121994613
      k =   47 ; sb/Sb = 0.12431999553266 ; sb = 473.87556322177
      k =   48 ; sb/Sb = 0.193183050153907 ; sb = 736.363658189904
      k =   49 ; sb/Sb = 0.258927106193552 ; sb = 986.962939912737
      k =   50 ; sb/Sb = 0.33285135557647 ; sb = 1268.74299598484
      k =   51 ; sb/Sb = 0.383314874825232 ; sb = 1461.09683660156
      k =   52 ; sb/Sb = 0.397442711682105 ; sb = 1514.9484846729
      k =   53 ; sb/Sb = 0.483738639532505 ; sb = 1843.88616874087
      k =  236 ; sb/Sb = 0.549088936454203 ; sb = 2092.9845428825
      k =   54 ; sb/Sb = 0.614439233375901 ; sb = 2342.08291702412
      k =   55 ; sb/Sb = 0.753582289626217 ; sb = 2872.46014127116
      k =   56 ; sb/Sb = 0.825237221259513 ; sb = 3145.59014694612
      k =   57 ; sb/Sb = 0.893447530773541 ; sb = 3405.59014694612
      k =   58 ; sb/Sb = 0.959868573164588 ; sb = 3658.76992496956
      k =   59 ; sb/Sb = 1 ; sb = 3811.74051037734
      Creating new point: f = 0.183146811798781
Tear 1 : Sf = 2024.76793860801 ; Sb = 2360.25674513952
  Backwards path
    i = 7 ; sf/Sf = 0.0552178828709883 ; sf = 111.803398874989
      k =    6 ; sb/Sb = 0 ; sb = 0
      k =    5 ; sb/Sb = 0.0557267613578556 ; sb = 131.529464379659
      Creating new point: f = 0.990868328349471
    i = 8 ; sf/Sf = 0.149574242482634 ; sf = 302.853130620417
      k =    6 ; sb/Sb = 0 ; sb = 0
      k =    5 ; sb/Sb = 0.0557267613578556 ; sb = 131.529464379659
      k =    4 ; sb/Sb = 0.129719767553208 ; sb = 306.171956345389
      k =    3 ; sb/Sb = 0.207612888073719 ; sb = 490.019719453891
      Creating new point: f = 0.254893818565122
    i = 9 ; sf/Sf = 0.248350994221155 ; sf = 502.853130620417
      k =    6 ; sb/Sb = 0 ; sb = 0
      k =    5 ; sb/Sb = 0.0557267613578556 ; sb = 131.529464379659
      k =    4 ; sb/Sb = 0.129719767553208 ; sb = 306.171956345389
      k =    3 ; sb/Sb = 0.207612888073719 ; sb = 490.019719453891
      k =    2 ; sb/Sb = 0.296988855977084 ; sb = 700.969950551181
      Creating new point: f = 0.455806041636192
    i = 10 ; sf/Sf = 0.378271526714457 ; sf = 765.912059379736
      k =    6 ; sb/Sb = 0 ; sb = 0
      k =    5 ; sb/Sb = 0.0557267613578556 ; sb = 131.529464379659
      k =    4 ; sb/Sb = 0.129719767553208 ; sb = 306.171956345389
      k =    3 ; sb/Sb = 0.207612888073719 ; sb = 490.019719453891
      k =    2 ; sb/Sb = 0.296988855977084 ; sb = 700.969950551181
      k =    1 ; sb/Sb = 0.369139423499007 ; sb = 871.263814210445
      k =   99 ; sb/Sb = 0.429801557365422 ; sb = 1014.44202484321
      Creating new point: f = 0.150540421732606
    i = 11 ; sf/Sf = 0.511162054962576 ; sf = 1034.98454032121
      k =    6 ; sb/Sb = 0 ; sb = 0
      k =    5 ; sb/Sb = 0.0557267613578556 ; sb = 131.529464379659
      k =    4 ; sb/Sb = 0.129719767553208 ; sb = 306.171956345389
      k =    3 ; sb/Sb = 0.207612888073719 ; sb = 490.019719453891
      k =    2 ; sb/Sb = 0.296988855977084 ; sb = 700.969950551181
      k =    1 ; sb/Sb = 0.369139423499007 ; sb = 871.263814210445
      k =   99 ; sb/Sb = 0.429801557365422 ; sb = 1014.44202484321
      k =  250 ; sb/Sb = 0.613725735240107 ; sb = 1448.55030626617
      Creating new point: f = 0.442358903202973
    i = 12 ; sf/Sf = 0.615346947993979 ; sf = 1245.9347714185
      k =    6 ; sb/Sb = 0 ; sb = 0
      k =    5 ; sb/Sb = 0.0557267613578556 ; sb = 131.529464379659
      k =    4 ; sb/Sb = 0.129719767553208 ; sb = 306.171956345389
      k =    3 ; sb/Sb = 0.207612888073719 ; sb = 490.019719453891
      k =    2 ; sb/Sb = 0.296988855977084 ; sb = 700.969950551181
      k =    1 ; sb/Sb = 0.369139423499007 ; sb = 871.263814210445
      k =   99 ; sb/Sb = 0.429801557365422 ; sb = 1014.44202484321
      k =  250 ; sb/Sb = 0.613725735240107 ; sb = 1448.55030626617
      k =   98 ; sb/Sb = 0.797649913114791 ; sb = 1882.65858768914
      Creating new point: f = 0.00881457115973667
    i = 13 ; sf/Sf = 0.679741511745166 ; sf = 1376.31881952255
      k =    6 ; sb/Sb = 0 ; sb = 0
      k =    5 ; sb/Sb = 0.0557267613578556 ; sb = 131.529464379659
      k =    4 ; sb/Sb = 0.129719767553208 ; sb = 306.171956345389
      k =    3 ; sb/Sb = 0.207612888073719 ; sb = 490.019719453891
      k =    2 ; sb/Sb = 0.296988855977084 ; sb = 700.969950551181
      k =    1 ; sb/Sb = 0.369139423499007 ; sb = 871.263814210445
      k =   99 ; sb/Sb = 0.429801557365422 ; sb = 1014.44202484321
      k =  250 ; sb/Sb = 0.613725735240107 ; sb = 1448.55030626617
      k =   98 ; sb/Sb = 0.797649913114791 ; sb = 1882.65858768914
      Creating new point: f = 0.358929300475324
    i = 14 ; sf/Sf = 0.706337966106434 ; sf = 1430.1704675939
      k =    6 ; sb/Sb = 0 ; sb = 0
      k =    5 ; sb/Sb = 0.0557267613578556 ; sb = 131.529464379659
      k =    4 ; sb/Sb = 0.129719767553208 ; sb = 306.171956345389
      k =    3 ; sb/Sb = 0.207612888073719 ; sb = 490.019719453891
      k =    2 ; sb/Sb = 0.296988855977084 ; sb = 700.969950551181
      k =    1 ; sb/Sb = 0.369139423499007 ; sb = 871.263814210445
      k =   99 ; sb/Sb = 0.429801557365422 ; sb = 1014.44202484321
      k =  250 ; sb/Sb = 0.613725735240107 ; sb = 1448.55030626617
      k =   98 ; sb/Sb = 0.797649913114791 ; sb = 1882.65858768914
      Creating new point: f = 0.503534836672901
    i = 15 ; sf/Sf = 0.805607373029481 ; sf = 1631.16798001632
      k =    6 ; sb/Sb = 0 ; sb = 0
      k =    5 ; sb/Sb = 0.0557267613578556 ; sb = 131.529464379659
      k =    4 ; sb/Sb = 0.129719767553208 ; sb = 306.171956345389
      k =    3 ; sb/Sb = 0.207612888073719 ; sb = 490.019719453891
      k =    2 ; sb/Sb = 0.296988855977084 ; sb = 700.969950551181
      k =    1 ; sb/Sb = 0.369139423499007 ; sb = 871.263814210445
      k =   99 ; sb/Sb = 0.429801557365422 ; sb = 1014.44202484321
      k =  250 ; sb/Sb = 0.613725735240107 ; sb = 1448.55030626617
      k =   98 ; sb/Sb = 0.797649913114791 ; sb = 1882.65858768914
      k =  453 ; sb/Sb = 0.898824956557396 ; sb = 2121.45766641433
      Creating new point: f = 0.0786504225145558
    i = 16 ; sf/Sf = 0.900607810832221 ; sf = 1823.52182063303
      k =    6 ; sb/Sb = 0 ; sb = 0
      k =    5 ; sb/Sb = 0.0557267613578556 ; sb = 131.529464379659
      k =    4 ; sb/Sb = 0.129719767553208 ; sb = 306.171956345389
      k =    3 ; sb/Sb = 0.207612888073719 ; sb = 490.019719453891
      k =    2 ; sb/Sb = 0.296988855977084 ; sb = 700.969950551181
      k =    1 ; sb/Sb = 0.369139423499007 ; sb = 871.263814210445
      k =   99 ; sb/Sb = 0.429801557365422 ; sb = 1014.44202484321
      k =  250 ; sb/Sb = 0.613725735240107 ; sb = 1448.55030626617
      k =   98 ; sb/Sb = 0.797649913114791 ; sb = 1882.65858768914
      k =  453 ; sb/Sb = 0.898824956557396 ; sb = 2121.45766641433
      k =   97 ; sb/Sb = 1 ; sb = 2360.25674513952
      Creating new point: f = 0.0176214826716352
Tear 2 : Sf = 982.049370756967 ; Sb = 1595.3287229056
  Backwards path
    i = 90 ; sf/Sf = 0.446651927133893 ; sf = 438.634243989226
      k =   89 ; sb/Sb = 0 ; sb = 0
      k =   88 ; sb/Sb = 0.274734688671531 ; sb = 438.292140016223
      k =   87 ; sb/Sb = 0.500741481108461 ; sb = 798.847267562621
      Creating new point: f = 0.760672883361845
Tear 3 : Sf = 1200.61217164523 ; Sb = 1296.1252217671
  Backwards path
    i = 72 ; sf/Sf = 0.330025185885141 ; sf = 396.232255123179
      k =   71 ; sb/Sb = 0 ; sb = 0
      k =   70 ; sb/Sb = 0.162754514420826 ; sb = 210.95023109729
      k =   69 ; sb/Sb = 0.472617871614743 ; sb = 612.571943657754
      Creating new point: f = 0.539820755119601
    i = 73 ; sf/Sf = 0.630911555268472 ; sf = 757.480092486948
      k =   71 ; sb/Sb = 0 ; sb = 0
      k =   70 ; sb/Sb = 0.162754514420826 ; sb = 210.95023109729
      k =   69 ; sb/Sb = 0.472617871614743 ; sb = 612.571943657754
      k =  103 ; sb/Sb = 0.606972750871904 ; sb = 786.712691330434
      k =   68 ; sb/Sb = 0.741327630129065 ; sb = 960.853439003114
      Creating new point: f = 0.178175921328082
    i = 74 ; sf/Sf = 0.839138662992541 ; sf = 1007.48009248695
      k =   71 ; sb/Sb = 0 ; sb = 0
      k =   70 ; sb/Sb = 0.162754514420826 ; sb = 210.95023109729
      k =   69 ; sb/Sb = 0.472617871614743 ; sb = 612.571943657754
      k =  103 ; sb/Sb = 0.606972750871904 ; sb = 786.712691330434
      k =   68 ; sb/Sb = 0.741327630129065 ; sb = 960.853439003114
      k =   67 ; sb/Sb = 0.769145554006422 ; sb = 996.908951757754
      k =   66 ; sb/Sb = 0.852599325638493 ; sb = 1105.07549002167
      Creating new point: f = 0.838705161160395
Tear 4 : Sf = 3811.74051037734 ; Sb = 3410.56551984344
  Backwards path
    i = 46 ; sf/Sf = 0.0575372645114559 ; sf = 219.317121994613
      k =   45 ; sb/Sb = 0 ; sb = 0
      k =   44 ; sb/Sb = 0.0343189416611967 ; sb = 117.046999107196
      k =   43 ; sb/Sb = 0.0870961127645575 ; sb = 297.046999107196
      Creating new point: f = 0.439931174120483
    i = 47 ; sf/Sf = 0.12431999553266 ; sf = 473.87556322177
      k =   45 ; sb/Sb = 0 ; sb = 0
      k =   44 ; sb/Sb = 0.0343189416611967 ; sb = 117.046999107196
      k =   43 ; sb/Sb = 0.0870961127645575 ; sb = 297.046999107196
      k =   42 ; sb/Sb = 0.141160721133178 ; sb = 481.437888253054
      Creating new point: f = 0.688507396822412
    i = 48 ; sf/Sf = 0.193183050153907 ; sf = 736.363658189904
      k =   45 ; sb/Sb = 0 ; sb = 0
      k =   44 ; sb/Sb = 0.0343189416611967 ; sb = 117.046999107196
      k =   43 ; sb/Sb = 0.0870961127645575 ; sb = 297.046999107196
      k =   42 ; sb/Sb = 0.141160721133178 ; sb = 481.437888253054
      k =   41 ; sb/Sb = 0.237918868156007 ; sb = 811.437888253054
      Creating new point: f = 0.537653217030443
    i = 49 ; sf/Sf = 0.258927106193552 ; sf = 986.962939912737
      k =   45 ; sb/Sb = 0 ; sb = 0
      k =   44 ; sb/Sb = 0.0343189416611967 ; sb = 117.046999107196
      k =   43 ; sb/Sb = 0.0870961127645575 ; sb = 297.046999107196
      k =   42 ; sb/Sb = 0.141160721133178 ; sb = 481.437888253054
      k =   41 ; sb/Sb = 0.237918868156007 ; sb = 811.437888253054
      k =   40 ; sb/Sb = 0.340917435215094 ; sb = 1162.72124965806
      Creating new point: f = 0.203966313681754
    i = 50 ; sf/Sf = 0.33285135557647 ; sf = 1268.74299598484
      k =   45 ; sb/Sb = 0 ; sb = 0
      k =   44 ; sb/Sb = 0.0343189416611967 ; sb = 117.046999107196
      k =   43 ; sb/Sb = 0.0870961127645575 ; sb = 297.046999107196
      k =   42 ; sb/Sb = 0.141160721133178 ; sb = 481.437888253054
      k =   41 ; sb/Sb = 0.237918868156007 ; sb = 811.437888253054
      k =   40 ; sb/Sb = 0.340917435215094 ; sb = 1162.72124965806
      Creating new point: f = 0.921687457710002
    i = 51 ; sf/Sf = 0.383314874825232 ; sf = 1461.09683660156
      k =   45 ; sb/Sb = 0 ; sb = 0
      k =   44 ; sb/Sb = 0.0343189416611967 ; sb = 117.046999107196
      k =   43 ; sb/Sb = 0.0870961127645575 ; sb = 297.046999107196
      k =   42 ; sb/Sb = 0.141160721133178 ; sb = 481.437888253054
      k =   41 ; sb/Sb = 0.237918868156007 ; sb = 811.437888253054
      k =   40 ; sb/Sb = 0.340917435215094 ; sb = 1162.72124965806
      k =   39 ; sb/Sb = 0.448448697782564 ; sb = 1529.46366607591
      Creating new point: f = 0.394280124661756
    i = 52 ; sf/Sf = 0.397442711682105 ; sf = 1514.9484846729
      k =   45 ; sb/Sb = 0 ; sb = 0
      k =   44 ; sb/Sb = 0.0343189416611967 ; sb = 117.046999107196
      k =   43 ; sb/Sb = 0.0870961127645575 ; sb = 297.046999107196
      k =   42 ; sb/Sb = 0.141160721133178 ; sb = 481.437888253054
      k =   41 ; sb/Sb = 0.237918868156007 ; sb = 811.437888253054
      k =   40 ; sb/Sb = 0.340917435215094 ; sb = 1162.72124965806
      k =   39 ; sb/Sb = 0.448448697782564 ; sb = 1529.4636660759
      Creating new point: f = 0.525663654618997
    i = 53 ; sf/Sf = 0.483738639532505 ; sf = 1843.88616874087
      k =   45 ; sb/Sb = 0 ; sb = 0
      k =   44 ; sb/Sb = 0.0343189416611967 ; sb = 117.046999107196
      k =   43 ; sb/Sb = 0.0870961127645575 ; sb = 297.046999107196
      k =   42 ; sb/Sb = 0.141160721133178 ; sb = 481.437888253054
      k =   41 ; sb/Sb = 0.237918868156007 ; sb = 811.437888253054
      k =   40 ; sb/Sb = 0.340917435215094 ; sb = 1162.72124965806
      k =   39 ; sb/Sb = 0.448448697782564 ; sb = 1529.46366607591
      k =   38 ; sb/Sb = 0.536312859761539 ; sb = 1829.13014735134
      Creating new point: f = 0.401642045574686
    i = 236 ; sf/Sf = 0.549088936454203 ; sf = 2092.9845428825
      k =   45 ; sb/Sb = 0 ; sb = 0
      k =   44 ; sb/Sb = 0.0343189416611967 ; sb = 117.046999107196
      k =   43 ; sb/Sb = 0.0870961127645575 ; sb = 297.046999107196
      k =   42 ; sb/Sb = 0.141160721133178 ; sb = 481.437888253054
      k =   41 ; sb/Sb = 0.237918868156007 ; sb = 811.437888253054
      k =   40 ; sb/Sb = 0.340917435215094 ; sb = 1162.72124965806
      k =   39 ; sb/Sb = 0.448448697782564 ; sb = 1529.46366607591
      k =   38 ; sb/Sb = 0.536312859761539 ; sb = 1829.13014735134
      k =   37 ; sb/Sb = 0.620886547133585 ; sb = 2117.57424938846
      Creating new point: f = 0.151064439657933
    i = 54 ; sf/Sf = 0.614439233375901 ; sf = 2342.08291702412
      k =   45 ; sb/Sb = 0 ; sb = 0
      k =   44 ; sb/Sb = 0.0343189416611967 ; sb = 117.046999107196
      k =   43 ; sb/Sb = 0.0870961127645575 ; sb = 297.046999107196
      k =   42 ; sb/Sb = 0.141160721133178 ; sb = 481.437888253054
      k =   41 ; sb/Sb = 0.237918868156007 ; sb = 811.437888253054
      k =   40 ; sb/Sb = 0.340917435215094 ; sb = 1162.72124965806
      k =   39 ; sb/Sb = 0.448448697782564 ; sb = 1529.46366607591
      k =   38 ; sb/Sb = 0.536312859761539 ; sb = 1829.13014735134
      k =   37 ; sb/Sb = 0.620886547133585 ; sb = 2117.57424938846
      Creating new point: f = 0.923766907202206
    i = 55 ; sf/Sf = 0.753582289626217 ; sf = 2872.46014127116
      k =   45 ; sb/Sb = 0 ; sb = 0
      k =   44 ; sb/Sb = 0.0343189416611967 ; sb = 117.046999107196
      k =   43 ; sb/Sb = 0.0870961127645575 ; sb = 297.046999107196
      k =   42 ; sb/Sb = 0.141160721133178 ; sb = 481.437888253054
      k =   41 ; sb/Sb = 0.237918868156007 ; sb = 811.437888253054
      k =   40 ; sb/Sb = 0.340917435215094 ; sb = 1162.72124965806
      k =   39 ; sb/Sb = 0.448448697782564 ; sb = 1529.46366607591
      k =   38 ; sb/Sb = 0.536312859761539 ; sb = 1829.13014735134
      k =   37 ; sb/Sb = 0.620886547133585 ; sb = 2117.57424938846
      k =   36 ; sb/Sb = 0.674712106689259 ; sb = 2301.14984689532
      k =   35 ; sb/Sb = 0.726002297664211 ; sb = 2476.07840374068
      k =   34 ; sb/Sb = 0.791104707167823 ; sb = 2698.11443685242
      Creating new point: f = 0.423640110593382
    i = 56 ; sf/Sf = 0.825237221259513 ; sf = 3145.59014694612
      k =   45 ; sb/Sb = 0 ; sb = 0
      k =   44 ; sb/Sb = 0.0343189416611967 ; sb = 117.046999107196
      k =   43 ; sb/Sb = 0.0870961127645575 ; sb = 297.046999107196
      k =   42 ; sb/Sb = 0.141160721133178 ; sb = 481.437888253054
      k =   41 ; sb/Sb = 0.237918868156007 ; sb = 811.437888253054
      k =   40 ; sb/Sb = 0.340917435215094 ; sb = 1162.72124965806
      k =   39 ; sb/Sb = 0.448448697782564 ; sb = 1529.46366607591
      k =   38 ; sb/Sb = 0.536312859761539 ; sb = 1829.13014735134
      k =   37 ; sb/Sb = 0.620886547133585 ; sb = 2117.57424938846
      k =   36 ; sb/Sb = 0.674712106689259 ; sb = 2301.14984689532
      k =   35 ; sb/Sb = 0.726002297664211 ; sb = 2476.07840374068
      k =   34 ; sb/Sb = 0.791104707167823 ; sb = 2698.11443685242
      k =   33 ; sb/Sb = 0.874036030676776 ; sb = 2980.95714932704
      Creating new point: f = 0.41157565859907
    i = 57 ; sf/Sf = 0.893447530773541 ; sf = 3405.59014694612
      k =   45 ; sb/Sb = 0 ; sb = 0
      k =   44 ; sb/Sb = 0.0343189416611967 ; sb = 117.046999107196
      k =   43 ; sb/Sb = 0.0870961127645575 ; sb = 297.046999107196
      k =   42 ; sb/Sb = 0.141160721133178 ; sb = 481.437888253054
      k =   41 ; sb/Sb = 0.237918868156007 ; sb = 811.437888253054
      k =   40 ; sb/Sb = 0.340917435215094 ; sb = 1162.72124965806
      k =   39 ; sb/Sb = 0.448448697782564 ; sb = 1529.46366607591
      k =   38 ; sb/Sb = 0.536312859761539 ; sb = 1829.13014735134
      k =   37 ; sb/Sb = 0.620886547133585 ; sb = 2117.57424938846
      k =   36 ; sb/Sb = 0.674712106689259 ; sb = 2301.14984689532
      k =   35 ; sb/Sb = 0.726002297664211 ; sb = 2476.07840374068
      k =   34 ; sb/Sb = 0.791104707167823 ; sb = 2698.11443685242
      k =   33 ; sb/Sb = 0.874036030676776 ; sb = 2980.95714932704
      k =   32 ; sb/Sb = 0.96721851604243 ; sb = 3298.76212096845
      Creating new point: f = 0.208317046069263
    i = 58 ; sf/Sf = 0.959868573164588 ; sf = 3658.76992496956
      k =   45 ; sb/Sb = 0 ; sb = 0
      k =   44 ; sb/Sb = 0.0343189416611967 ; sb = 117.046999107196
      k =   43 ; sb/Sb = 0.0870961127645575 ; sb = 297.046999107196
      k =   42 ; sb/Sb = 0.141160721133178 ; sb = 481.437888253054
      k =   41 ; sb/Sb = 0.237918868156007 ; sb = 811.437888253054
      k =   40 ; sb/Sb = 0.340917435215094 ; sb = 1162.72124965806
      k =   39 ; sb/Sb = 0.448448697782564 ; sb = 1529.46366607591
      k =   38 ; sb/Sb = 0.536312859761539 ; sb = 1829.13014735134
      k =   37 ; sb/Sb = 0.620886547133585 ; sb = 2117.57424938846
      k =   36 ; sb/Sb = 0.674712106689259 ; sb = 2301.14984689532
      k =   35 ; sb/Sb = 0.726002297664211 ; sb = 2476.07840374068
      k =   34 ; sb/Sb = 0.791104707167823 ; sb = 2698.11443685242
      k =   33 ; sb/Sb = 0.874036030676776 ; sb = 2980.95714932704
      k =   32 ; sb/Sb = 0.96721851604243 ; sb = 3298.76212096845
      Creating new point: f = 0.9211231289979
Triangulating...
[1] "Non-adjacent points in rim connected by line: 477 92"
[1] "In triangle: 262" "In triangle: 265"
[1] "Other points in triangles: 91 143"
Merging points...
Projecting to sphere...
Optimising mapping with FIRE...
E =  0.00461 | E_L =  0.00461 | E_A =  0.00000 |   0 flippped triangles
E =  0.00401 | E_L =  0.00401 | E_A =  0.00000 |  43 flippped triangles
        phi0    phi0.1    phi0.2    phi0.3    phi0.4     phi0.5     phi0.6
id    27.000   29.0000   30.0000    133.00    144.00   460.0000  488.00000
A   2083.466 3445.7359  351.7898  29381.67  33748.64 12536.1735 7186.41323
a  -2078.718 -418.7949 -351.8696 -19598.15 -15997.21  -834.7889  -67.47242
      phi0.7    phi0.8    phi0.9   phi0.10   phi0.11   phi0.12   phi0.13
id  491.0000   500.000   598.000 606.00000   648.000   649.000   651.000
A   625.7559  8651.598 14695.547 918.18239  3906.095  3194.380  6692.581
a  -533.8206 -4713.062 -8300.918 -35.72949 -3940.502 -2284.524 -7332.098
     phi0.14   phi0.15   phi0.16   phi0.17  phi0.18   phi0.19   phi0.20
id   655.000  658.0000   665.000    670.00   671.00  677.0000   692.000
A   1273.258 1016.5586  8812.828  28780.27 12183.66  813.4842  4831.537
a  -1172.797 -950.5709 -2570.322 -10476.19 -2059.83 -682.4131 -4968.591
      phi0.21   phi0.22   phi0.23   phi0.24   phi0.25   phi0.26   phi0.27
id 694.000000   696.000   702.000   703.000   716.000   721.000   725.000
A   19.721655 14144.001  1853.109  6386.887  6143.576  2568.777  2872.148
a   -3.752657 -6160.696 -1807.679 -4245.318 -6819.144 -2774.214 -1973.614
     phi0.28   phi0.29   phi0.30   phi0.31    phi0.32   phi0.33   phi0.34
id   727.000   728.000   732.000  739.0000    742.000   787.000   833.000
A   2557.365  5465.933 10673.834  651.2613   9880.099  2957.877  2170.781
a  -2036.191 -4187.401 -8346.175 -594.2178 -11314.165 -1792.923 -1846.020
     phi0.35   phi0.36   phi0.37   phi0.38   phi0.39   phi0.40   phi0.41
id   834.000   837.000   843.000   845.000 864.00000 865.00000    940.00
A   6311.358  2317.065  2000.945  8521.316 578.33028  14.51361  32751.62
a  -6026.250 -2368.084 -1925.205 -9440.983 -29.83903 -10.43325 -11620.74
     phi0.42
id  942.0000
A   846.3803
a  -885.8420
E =  0.00364 | E_L =  0.00364 | E_A =  0.00000 |  34 flippped triangles
        phi0    phi0.1    phi0.2    phi0.3    phi0.4    phi0.5    phi0.6
id    27.000   29.0000   30.0000    133.00    144.00  491.0000   500.000
A   2083.466 3445.7359  351.7898  29381.67  33748.64  625.7559  8651.598
a  -2035.528 -750.1642 -363.5022 -20876.65 -17714.26 -513.9061 -7725.634
      phi0.7    phi0.8    phi0.9   phi0.10   phi0.11   phi0.12   phi0.13
id  606.0000   648.000   649.000   651.000   655.000  658.0000   665.000
A   918.1824  3906.095  3194.380  6692.581  1273.258 1016.5586  8812.828
a  -947.3141 -3592.625 -2788.957 -6743.988 -1043.211 -979.0904 -6624.536
     phi0.14   phi0.15   phi0.16   phi0.17   phi0.18   phi0.19   phi0.20
id  677.0000   692.000 694.00000   702.000   703.000   716.000   721.000
A   813.4842  4831.537  19.72166  1853.109  6386.887  6143.576  2568.777
a  -737.5938 -4186.101 -17.03823 -1819.918 -4716.231 -5625.434 -2644.125
     phi0.21   phi0.22   phi0.23   phi0.24   phi0.25   phi0.26   phi0.27
id   725.000   727.000   728.000   732.000  739.0000   787.000   833.000
A   2872.148  2557.365  5465.933 10673.834  651.2613  2957.877  2170.781
a  -1915.980 -2464.581 -2227.928 -1100.108 -642.8958 -2354.735 -1998.487
     phi0.28   phi0.29   phi0.30   phi0.31   phi0.32   phi0.33
id   834.000   837.000   843.000   845.000  864.0000  942.0000
A   6311.358  2317.065  2000.945  8521.316  578.3303  846.3803
a  -5441.005 -2333.281 -1905.829 -5429.005 -446.8905 -894.4616
E =  0.00348 | E_L =  0.00348 | E_A =  0.00000 |  33 flippped triangles
        phi0    phi0.1    phi0.2    phi0.3    phi0.4    phi0.5    phi0.6
id    27.000   29.0000   30.0000    133.00    144.00  491.0000   500.000
A   2083.466 3445.7359  351.7898  29381.67  33748.64  625.7559  8651.598
a  -1991.352 -713.5903 -356.1744 -20726.12 -17295.28 -518.1844 -7611.569
      phi0.7    phi0.8    phi0.9   phi0.10   phi0.11   phi0.12   phi0.13
id  606.0000   648.000   649.000   651.000   655.000  658.0000   665.000
A   918.1824  3906.095  3194.380  6692.581  1273.258 1016.5586  8812.828
a  -936.8653 -3562.136 -2713.568 -6885.761 -1120.090 -932.0078 -6226.543
     phi0.14   phi0.15   phi0.16   phi0.17   phi0.18   phi0.19   phi0.20
id  677.0000   692.000 694.00000   702.000   703.000   716.000   721.000
A   813.4842  4831.537  19.72166  1853.109  6386.887  6143.576  2568.777
a  -692.5961 -4252.764 -18.13747 -1794.351 -4774.826 -5811.600 -2565.868
     phi0.21   phi0.22    phi0.23   phi0.24   phi0.25   phi0.26   phi0.27
id   725.000   727.000   732.0000  739.0000   787.000   833.000   834.000
A   2872.148  2557.365 10673.8345  651.2613  2957.877  2170.781  6311.358
a  -2139.010 -2368.304  -994.4434 -606.8316 -2251.430 -1896.518 -5191.013
     phi0.28   phi0.29   phi0.30   phi0.31   phi0.32
id   837.000   843.000   845.000  864.0000  942.0000
A   2317.065  2000.945  8521.316  578.3303  846.3803
a  -2239.853 -1872.809 -5387.284 -499.2962 -841.0345
E =  0.00345 | E_L =  0.00345 | E_A =  0.00000 |  31 flippped triangles
        phi0    phi0.1    phi0.2    phi0.3    phi0.4    phi0.5    phi0.6
id    27.000   29.0000   30.0000    133.00    144.00  491.0000   500.000
A   2083.466 3445.7359  351.7898  29381.67  33748.64  625.7559  8651.598
a  -2009.586 -673.9615 -359.5352 -19267.77 -14989.12 -516.2975 -7848.300
      phi0.7    phi0.8    phi0.9   phi0.10   phi0.11   phi0.12   phi0.13
id  606.0000   648.000   649.000   651.000   655.000  658.0000   665.000
A   918.1824  3906.095  3194.380  6692.581  1273.258 1016.5586  8812.828
a  -942.5134 -3412.061 -2835.594 -6502.287 -1076.392 -946.6151 -6925.709
     phi0.14   phi0.15   phi0.16   phi0.17   phi0.18   phi0.19   phi0.20
id  677.0000   692.000 694.00000   702.000   703.000   716.000   721.000
A   813.4842  4831.537  19.72166  1853.109  6386.887  6143.576  2568.777
a  -729.1652 -3982.452 -18.04086 -1790.830 -4888.676 -5415.743 -2564.409
     phi0.21   phi0.22   phi0.23   phi0.24   phi0.25   phi0.26   phi0.27
id   725.000   727.000  739.0000   787.000   833.000   834.000   837.000
A   2872.148  2557.365  651.2613  2957.877  2170.781  6311.358  2317.065
a  -1942.114 -2490.980 -640.9086 -2400.495 -2008.041 -5380.163 -2340.501
     phi0.28   phi0.29   phi0.30
id   843.000  864.0000  942.0000
A   2000.945  578.3303  846.3803
a  -1900.415 -509.1171 -864.0456
E =  0.00343 | E_L =  0.00343 | E_A =  0.00000 |  31 flippped triangles
        phi0    phi0.1    phi0.2    phi0.3    phi0.4    phi0.5    phi0.6
id    27.000   29.0000   30.0000    133.00    144.00  491.0000   500.000
A   2083.466 3445.7359  351.7898  29381.67  33748.64  625.7559  8651.598
a  -2001.076 -631.3483 -362.7604 -18806.11 -14023.29 -527.5402 -7892.762
      phi0.7    phi0.8    phi0.9   phi0.10   phi0.11   phi0.12   phi0.13
id  606.0000   648.000   649.000   651.000   655.000  658.0000   665.000
A   918.1824  3906.095  3194.380  6692.581  1273.258 1016.5586  8812.828
a  -950.1137 -3534.749 -2809.395 -6541.907 -1075.673 -919.5571 -7113.049
     phi0.14   phi0.15   phi0.16   phi0.17   phi0.18   phi0.19   phi0.20
id  677.0000   692.000 694.00000   702.000   703.000   716.000   721.000
A   813.4842  4831.537  19.72166  1853.109  6386.887  6143.576  2568.777
a  -698.9742 -4093.386 -18.36630 -1816.383 -4830.772 -5565.796 -2586.700
     phi0.21   phi0.22   phi0.23   phi0.24   phi0.25   phi0.26   phi0.27
id   725.000   727.000  739.0000   787.000   833.000   834.000   837.000
A   2872.148  2557.365  651.2613  2957.877  2170.781  6311.358  2317.065
a  -1933.510 -2438.743 -610.4204 -2249.353 -1922.109 -5425.076 -2307.003
     phi0.28   phi0.29   phi0.30
id   843.000  864.0000  942.0000
A   2000.945  578.3303  846.3803
a  -1878.547 -511.6147 -838.4472
E =  0.00342 | E_L =  0.00342 | E_A =  0.00000 |  31 flippped triangles
        phi0    phi0.1    phi0.2    phi0.3    phi0.4    phi0.5    phi0.6
id    27.000   29.0000   30.0000    133.00    144.00  491.0000   500.000
A   2083.466 3445.7359  351.7898  29381.67  33748.64  625.7559  8651.598
a  -2012.996 -623.9306 -365.4301 -17996.15 -12714.33 -522.4112 -7962.535
      phi0.7    phi0.8    phi0.9   phi0.10   phi0.11   phi0.12   phi0.13
id  606.0000   648.000   649.000   651.000   655.000  658.0000   665.000
A   918.1824  3906.095  3194.380  6692.581  1273.258 1016.5586  8812.828
a  -966.7374 -3439.216 -2820.483 -6479.266 -1067.048 -926.9048 -7202.728
     phi0.14   phi0.15   phi0.16   phi0.17   phi0.18   phi0.19   phi0.20
id  677.0000   692.000 694.00000   702.000   703.000   716.000   721.000
A   813.4842  4831.537  19.72166  1853.109  6386.887  6143.576  2568.777
a  -714.2217 -3977.382 -18.22309 -1815.434 -4855.829 -5381.639 -2569.397
     phi0.21   phi0.22   phi0.23   phi0.24   phi0.25   phi0.26   phi0.27
id   725.000   727.000  739.0000   787.000   833.000   834.000   837.000
A   2872.148  2557.365  651.2613  2957.877  2170.781  6311.358  2317.065
a  -1937.990 -2462.160 -624.2624 -2384.661 -1999.519 -5498.715 -2338.972
     phi0.28   phi0.29   phi0.30
id   843.000  864.0000  942.0000
A   2000.945  578.3303  846.3803
a  -1896.489 -518.0547 -848.9183
E =  0.00341 | E_L =  0.00341 | E_A =  0.00000 |  31 flippped triangles
        phi0    phi0.1    phi0.2    phi0.3    phi0.4    phi0.5    phi0.6
id    27.000   29.0000   30.0000    133.00    144.00  491.0000   500.000
A   2083.466 3445.7359  351.7898  29381.67  33748.64  625.7559  8651.598
a  -1983.100 -605.0183 -359.3938 -18246.58 -13059.17 -528.0373 -7943.012
      phi0.7    phi0.8    phi0.9   phi0.10   phi0.11   phi0.12   phi0.13
id  606.0000   648.000   649.000   651.000   655.000  658.0000   665.000
A   918.1824  3906.095  3194.380  6692.581  1273.258 1016.5586  8812.828
a  -968.8185 -3529.612 -2789.497 -6531.874 -1069.250 -905.4692 -7230.200
     phi0.14   phi0.15   phi0.16   phi0.17   phi0.18   phi0.19   phi0.20
id  677.0000   692.000 694.00000   702.000   703.000   716.000   721.000
A   813.4842  4831.537  19.72166  1853.109  6386.887  6143.576  2568.777
a  -694.1712 -4024.503 -18.40685 -1798.908 -4835.954 -5463.947 -2588.390
     phi0.21   phi0.22   phi0.23   phi0.24   phi0.25   phi0.26   phi0.27
id   725.000   727.000  739.0000   787.000   833.000   834.000   837.000
A   2872.148  2557.365  651.2613  2957.877  2170.781  6311.358  2317.065
a  -1929.377 -2425.511 -604.5207 -2242.373 -1915.066 -5496.276 -2333.214
     phi0.28   phi0.29   phi0.30
id   843.000  864.0000  942.0000
A   2000.945  578.3303  846.3803
a  -1881.261 -498.0741 -828.7767
E =  0.00340 | E_L =  0.00340 | E_A =  0.00000 |  31 flippped triangles
        phi0    phi0.1    phi0.2    phi0.3    phi0.4    phi0.5    phi0.6
id    27.000   29.0000   30.0000    133.00    144.00  491.0000   500.000
A   2083.466 3445.7359  351.7898  29381.67  33748.64  625.7559  8651.598
a  -1987.431 -612.1935 -362.0956 -17888.58 -12463.99 -526.5462 -7923.876
      phi0.7    phi0.8    phi0.9   phi0.10   phi0.11   phi0.12   phi0.13
id  606.0000   648.000   649.000   651.000   655.000  658.0000   665.000
A   918.1824  3906.095  3194.380  6692.581  1273.258 1016.5586  8812.828
a  -970.7183 -3511.338 -2807.253 -6434.402 -1062.221 -917.8694 -7245.424
     phi0.14   phi0.15   phi0.16   phi0.17   phi0.18   phi0.19   phi0.20
id  677.0000   692.000 694.00000   702.000   703.000   716.000   721.000
A   813.4842  4831.537  19.72166  1853.109  6386.887  6143.576  2568.777
a  -701.6757 -3966.728 -18.27764 -1809.632 -4824.628 -5372.746 -2600.395
     phi0.21   phi0.22   phi0.23   phi0.24   phi0.25   phi0.26   phi0.27
id   725.000   727.000  739.0000   787.000   833.000   834.000   837.000
A   2872.148  2557.365  651.2613  2957.877  2170.781  6311.358  2317.065
a  -1896.949 -2443.469 -611.8185 -2230.566 -1942.748 -5538.019 -2324.961
     phi0.28   phi0.29   phi0.30
id   843.000  864.0000  942.0000
A   2000.945  578.3303  846.3803
a  -1879.345 -498.8052 -838.8867
E =  0.00340 | E_L =  0.00340 | E_A =  0.00000 |  31 flippped triangles
        phi0   phi0.1    phi0.2    phi0.3    phi0.4    phi0.5    phi0.6
id    27.000   29.000   30.0000    133.00    144.00  491.0000   500.000
A   2083.466 3445.736  351.7898  29381.67  33748.64  625.7559  8651.598
a  -1983.404 -567.378 -359.8931 -18112.50 -12867.63 -530.7892 -7754.547
      phi0.7    phi0.8    phi0.9   phi0.10   phi0.11   phi0.12   phi0.13
id  606.0000   648.000   649.000   651.000   655.000  658.0000   665.000
A   918.1824  3906.095  3194.380  6692.581  1273.258 1016.5586  8812.828
a  -930.0105 -3493.876 -2827.359 -6460.623 -1057.118 -901.6202 -7065.334
     phi0.14   phi0.15   phi0.16   phi0.17   phi0.18   phi0.19   phi0.20
id  677.0000   692.000 694.00000   702.000   703.000   716.000   721.000
A   813.4842  4831.537  19.72166  1853.109  6386.887  6143.576  2568.777
a  -688.5737 -3937.965 -18.34426 -1802.406 -4848.223 -5329.149 -2580.361
     phi0.21   phi0.22   phi0.23   phi0.24   phi0.25   phi0.26   phi0.27
id   725.000   727.000  739.0000   787.000   833.000   834.000   837.000
A   2872.148  2557.365  651.2613  2957.877  2170.781  6311.358  2317.065
a  -1834.127 -2424.936 -598.6175 -2268.880 -1982.810 -5465.030 -2312.217
     phi0.28   phi0.29   phi0.30
id   843.000  864.0000  942.0000
A   2000.945  578.3303  846.3803
a  -1864.887 -536.4501 -822.7085
FIRE:  3  stops.  0 hits of maxmove.  0 hits of dtmax.
Frms = 2.79239767024288e-06; Ftanrms = 2.79185529667851e-06
E =  0.00506 | E_L =  0.00506 | E_A =  0.00000 |   0 flippped triangles
E =  0.00356 | E_L =  0.00356 | E_A =  0.00000 |   0 flippped triangles
E =  0.00349 | E_L =  0.00349 | E_A =  0.00000 |   0 flippped triangles
E =  0.00349 | E_L =  0.00349 | E_A =  0.00000 |   0 flippped triangles
Optimising mapping with BFGS...
E =  0.00349 | E_L =  0.00349 | E_A =  0.00000 |   0 flippped triangles
Transforming image...
Mapping optimised. Error: 0.003488758 ; 0 flipped triangles.
Inferring coordinates of datapoints
Inferring coordinates of landmarks
Mapping optimised. Error: 0.003488758 ; 0 flipped triangles. OD displacement: 7.526377 degrees.
Computing Kernel Density estimates of datapoints

[1] 0.7
Saving developmental_retina/data/C57BL6J/P22/ML/GM186-3/R-CONTRA/r.mat
