[1] "Adding old segment 1"
[1] "Intersection found. Old points:"
  X   Y 
190 259 
  X   Y 
250 189 
  X   Y 
250 189 
  X   Y 
390 209 
[1] "Point i+1 has been changed:"
  X   Y 
190 259 
  X   Y 
250 189 
  X   Y 
250 189 
  X   Y 
390 209 
[1] "a= 0.353553390593274"
[1] "l= 141.42135623731"
[1] "New points:"
  X   Y 
190 259 
  X   Y 
250 189 
       X        Y 
340.5025 201.9289 
  X   Y 
390 209 
[1] "Storing new segment 1"
[1] "Adding old segment 2"
[1] "Adding old segment 3"
[1] "Adding old segment 4"
[1] "Adding old segment 5"
[1] "Intersection found. Old points:"
   X    Y 
1870  479 
   X    Y 
1030  859 
   X    Y 
1010  859 
   X    Y 
1990  699 
[1] "Point i+1 has been changed:"
   X    Y 
1870  479 
        X         Y 
1041.2941  853.8908 
   X    Y 
1010  859 
   X    Y 
1990  699 
[1] "a= 0.0520146917571511"
[1] "l= 961.266871164836"
[1] "New points:"
   X    Y 
1870  479 
        X         Y 
1041.2941  853.8908 
        X         Y 
1940.6534  707.0566 
   X    Y 
1990  699 
[1] "Storing new segment 2"
simplify.outline: Removing vertex 16
simplify.outline: Removing vertex 45
Triangulating...
[1] "Non-adjacent points in rim connected by line: 24 21"
[1] "In triangle: 27" "In triangle: 63"
[1] "Other points in triangles: 138 87"
[1] "Non-adjacent points in rim connected by line: 54 51"
[1] "In triangle: 73"  "In triangle: 644"
[1] "Other points in triangles: 63 370"
[1] "Non-adjacent points in rim connected by line: 63 51"
[1] "In triangle: 64"  "In triangle: 795"
[1] "Other points in triangles: 52 451"
[1] "Non-adjacent points in rim connected by line: 63 52"
[1] "In triangle: 64" "In triangle: 74"
[1] "Other points in triangles: 452 53"
[1] "Non-adjacent points in rim connected by line: 79 22"
[1] "In triangle: 35" "In triangle: 45"
[1] "Other points in triangles: 138 139"
[1] "Non-adjacent points in rim connected by line: 138 24"
[1] "In triangle: 27"  "In triangle: 203"
[1] "Other points in triangles: 450 79"
[1] "Non-adjacent points in rim connected by line: 138 79"
[1] "In triangle: 35"  "In triangle: 203"
[1] "Other points in triangles: 454 455"
[1] "Non-adjacent points in rim connected by line: 139 22"
[1] "In triangle: 202" "In triangle: 802"
[1] "Other points in triangles: 23 454"
Stitching...
Tear 1 child of rim
Tear 2 child of rim
Tear 3 child of rim
Tear 4 child of rim
Tear 5 child of backward side of tear 4
Tear 6 child of rim
Tear 1 : Sf = 1761.89647492126 ; Sb = 2101.52655019696
  Forwards path
    i = 206 ; sf/Sf = 0.21880918431445 ; sf = 385.519130524025
      k =   12 ; sb/Sb = 0 ; sb = 0
      k =  446 ; sb/Sb = 0.110863871067106 ; sb = 232.983368505136
      k =  259 ; sb/Sb = 0.221727742134212 ; sb = 465.966737010272
      Creating new point: f = 0.973674400941717
    i = 13 ; sf/Sf = 0.4376183686289 ; sf = 771.038261048049
      k =   12 ; sb/Sb = 0 ; sb = 0
      k =  446 ; sb/Sb = 0.110863871067106 ; sb = 232.983368505136
      k =  259 ; sb/Sb = 0.221727742134212 ; sb = 465.966737010272
      k =   11 ; sb/Sb = 0.443455484268424 ; sb = 931.933474020544
      Creating new point: f = 0.973674400941717
    i = 204 ; sf/Sf = 0.578213776471675 ; sf = 1018.75281451635
      k =   12 ; sb/Sb = 0 ; sb = 0
      k =  446 ; sb/Sb = 0.110863871067106 ; sb = 232.983368505136
      k =  259 ; sb/Sb = 0.221727742134212 ; sb = 465.966737010272
      k =   11 ; sb/Sb = 0.443455484268424 ; sb = 931.933474020544
      k =  432 ; sb/Sb = 0.565331160534949 ; sb = 1188.05844351786
      k =   10 ; sb/Sb = 0.687206836801475 ; sb = 1444.18341301517
      Creating new point: f = 0.10570292884819
    i = 152 ; sf/Sf = 0.71880918431445 ; sf = 1266.46736798465
      k =   12 ; sb/Sb = 0 ; sb = 0
      k =  446 ; sb/Sb = 0.110863871067106 ; sb = 232.983368505136
      k =  259 ; sb/Sb = 0.221727742134212 ; sb = 465.966737010272
      k =   11 ; sb/Sb = 0.443455484268424 ; sb = 931.933474020544
      k =  432 ; sb/Sb = 0.565331160534949 ; sb = 1188.05844351786
      k =   10 ; sb/Sb = 0.687206836801475 ; sb = 1444.18341301517
      k =  349 ; sb/Sb = 0.843603418400738 ; sb = 1772.85498160607
      Creating new point: f = 0.202065461980173
    i = 232 ; sf/Sf = 0.859404592157225 ; sf = 1514.18192145295
      k =   12 ; sb/Sb = 0 ; sb = 0
      k =  446 ; sb/Sb = 0.110863871067106 ; sb = 232.983368505136
      k =  259 ; sb/Sb = 0.221727742134212 ; sb = 465.966737010272
      k =   11 ; sb/Sb = 0.443455484268424 ; sb = 931.933474020544
      k =  432 ; sb/Sb = 0.565331160534949 ; sb = 1188.05844351786
      k =   10 ; sb/Sb = 0.687206836801475 ; sb = 1444.18341301517
      k =  349 ; sb/Sb = 0.843603418400738 ; sb = 1772.85498160607
      k =    9 ; sb/Sb = 1 ; sb = 2101.52655019696
      Creating new point: f = 0.101032730990086
Tear 2 : Sf = 440.454310910905 ; Sb = 501.529236580958
  Forwards path
    i = 138 ; sf/Sf = 0.5 ; sf = 220.227155455452
      k =   21 ; sb/Sb = 0 ; sb = 0
      k =   20 ; sb/Sb = 0.143782296722874 ; sb = 72.1110255092798
      k =   19 ; sb/Sb = 1 ; sb = 501.529236580958
      Creating new point: f = 0.416036367752877
Tear 3 : Sf = 2568.14424743634 ; Sb = 2217.15915460331
  Forwards path
    i = 442 ; sf/Sf = 0.119192898765655 ; sf = 306.104557300279
      k =   26 ; sb/Sb = 0 ; sb = 0
      k =   89 ; sb/Sb = 0.19999654748996 ; sb = 443.42417615642
      Creating new point: f = 0.595974781872866
    i = 27 ; sf/Sf = 0.23838579753131 ; sf = 612.209114600559
      k =   26 ; sb/Sb = 0 ; sb = 0
      k =   89 ; sb/Sb = 0.19999654748996 ; sb = 443.42417615642
      k =   25 ; sb/Sb = 0.399993094979919 ; sb = 886.84835231284
      Creating new point: f = 0.191949563745733
    i = 28 ; sf/Sf = 0.377968676077381 ; sf = 970.678081179257
      k =   26 ; sb/Sb = 0 ; sb = 0
      k =   89 ; sb/Sb = 0.19999654748996 ; sb = 443.42417615642
      k =   25 ; sb/Sb = 0.399993094979919 ; sb = 886.84835231284
      Creating new point: f = 0.889876004466309
    i = 29 ; sf/Sf = 0.466847735124832 ; sf = 1198.93232538952
      k =   26 ; sb/Sb = 0 ; sb = 0
      k =   89 ; sb/Sb = 0.19999654748996 ; sb = 443.42417615642
      k =   25 ; sb/Sb = 0.399993094979919 ; sb = 886.84835231284
      k =   83 ; sb/Sb = 0.525634849188368 ; sb = 1165.41611785652
      Creating new point: f = 0.532105274763962
    i = 130 ; sf/Sf = 0.651560101293774 ; sf = 1673.30032599665
      k =   26 ; sb/Sb = 0 ; sb = 0
      k =   89 ; sb/Sb = 0.19999654748996 ; sb = 443.42417615642
      k =   25 ; sb/Sb = 0.399993094979919 ; sb = 886.84835231284
      k =   83 ; sb/Sb = 0.525634849188368 ; sb = 1165.41611785652
      k =   24 ; sb/Sb = 0.651276603396817 ; sb = 1443.98388340021
      k =   79 ; sb/Sb = 0.769073862407678 ; sb = 1705.15915460331
      Creating new point: f = 0.00240665953806742
    i = 210 ; sf/Sf = 0.743916284378245 ; sf = 1910.48432630021
      k =   26 ; sb/Sb = 0 ; sb = 0
      k =   89 ; sb/Sb = 0.19999654748996 ; sb = 443.42417615642
      k =   25 ; sb/Sb = 0.399993094979919 ; sb = 886.84835231284
      k =   83 ; sb/Sb = 0.525634849188368 ; sb = 1165.41611785652
      k =   24 ; sb/Sb = 0.651276603396817 ; sb = 1443.98388340021
      k =   79 ; sb/Sb = 0.769073862407678 ; sb = 1705.15915460331
      Creating new point: f = 0.786433247762466
    i = 30 ; sf/Sf = 0.836272467462716 ; sf = 2147.66832660377
      k =   26 ; sb/Sb = 0 ; sb = 0
      k =   89 ; sb/Sb = 0.19999654748996 ; sb = 443.42417615642
      k =   25 ; sb/Sb = 0.399993094979919 ; sb = 886.84835231284
      k =   83 ; sb/Sb = 0.525634849188368 ; sb = 1165.41611785652
      k =   24 ; sb/Sb = 0.651276603396817 ; sb = 1443.98388340021
      k =   79 ; sb/Sb = 0.769073862407678 ; sb = 1705.15915460331
      k =  139 ; sb/Sb = 0.884536931203839 ; sb = 1961.15915460331
      Creating new point: f = 0.581992196774802
Tear 4 : Sf = 2997.12873044669 ; Sb = 3163.8106283989
  Forwards path
    i = 65 ; sf/Sf = 0.152023311829689 ; sf = 455.633435582418
      k =   58 ; sb/Sb = 0 ; sb = 0
      k =  164 ; sb/Sb = 0.071872065556316 ; sb = 227.389604892055
      k =   84 ; sb/Sb = 0.143744131112632 ; sb = 454.77920978411
      k =  140 ; sb/Sb = 0.215616196668948 ; sb = 682.168814676164
      Creating new point: f = 0.115193304282734
    i = 1 ; sf/Sf = 0.304046623659379 ; sf = 911.266871164836
      k =   58 ; sb/Sb = 0 ; sb = 0
      k =  164 ; sb/Sb = 0.071872065556316 ; sb = 227.389604892055
      k =   84 ; sb/Sb = 0.143744131112632 ; sb = 454.77920978411
      k =  140 ; sb/Sb = 0.215616196668948 ; sb = 682.168814676164
      k =   57 ; sb/Sb = 0.287488262225264 ; sb = 909.558419568219
      k =   56 ; sb/Sb = 0.359564347618285 ; sb = 1137.59350458805
      Creating new point: f = 0.229734472173732
    i = 2 ; sf/Sf = 0.320729257105206 ; sf = 961.266871164836
      k =   58 ; sb/Sb = 0 ; sb = 0
      k =  164 ; sb/Sb = 0.071872065556316 ; sb = 227.389604892055
      k =   84 ; sb/Sb = 0.143744131112632 ; sb = 454.77920978411
      k =  140 ; sb/Sb = 0.215616196668948 ; sb = 682.168814676164
      k =   57 ; sb/Sb = 0.287488262225264 ; sb = 909.558419568219
      k =   56 ; sb/Sb = 0.359564347618285 ; sb = 1137.59350458805
      Creating new point: f = 0.461193122499415
    i = 59 ; sf/Sf = 0.451929445747764 ; sf = 1354.49072598547
      k =   58 ; sb/Sb = 0 ; sb = 0
      k =  164 ; sb/Sb = 0.071872065556316 ; sb = 227.389604892055
      k =   84 ; sb/Sb = 0.143744131112632 ; sb = 454.77920978411
      k =  140 ; sb/Sb = 0.215616196668948 ; sb = 682.168814676164
      k =   57 ; sb/Sb = 0.287488262225264 ; sb = 909.558419568219
      k =   56 ; sb/Sb = 0.359564347618285 ; sb = 1137.59350458805
      k =   55 ; sb/Sb = 0.449409613804426 ; sb = 1421.84691265908
      k =   54 ; sb/Sb = 0.580989286175855 ; sb = 1838.14007858906
      Creating new point: f = 0.019150617249032
    i = 3 ; sf/Sf = 0.583129634390321 ; sf = 1747.71458080611
      k =   58 ; sb/Sb = 0 ; sb = 0
      k =  164 ; sb/Sb = 0.071872065556316 ; sb = 227.389604892055
      k =   84 ; sb/Sb = 0.143744131112632 ; sb = 454.77920978411
      k =  140 ; sb/Sb = 0.215616196668948 ; sb = 682.168814676164
      k =   57 ; sb/Sb = 0.287488262225264 ; sb = 909.558419568219
      k =   56 ; sb/Sb = 0.359564347618285 ; sb = 1137.59350458805
      k =   55 ; sb/Sb = 0.449409613804426 ; sb = 1421.84691265908
      k =   54 ; sb/Sb = 0.580989286175855 ; sb = 1838.14007858906
      k =   63 ; sb/Sb = 0.654712989886215 ; sb = 2071.38791595283
      Creating new point: f = 0.0290320223584453
    i = 4 ; sf/Sf = 0.709961542647499 ; sf = 2127.84613698107
      k =   58 ; sb/Sb = 0 ; sb = 0
      k =  164 ; sb/Sb = 0.071872065556316 ; sb = 227.389604892055
      k =   84 ; sb/Sb = 0.143744131112632 ; sb = 454.77920978411
      k =  140 ; sb/Sb = 0.215616196668948 ; sb = 682.168814676164
      k =   57 ; sb/Sb = 0.287488262225264 ; sb = 909.558419568219
      k =   56 ; sb/Sb = 0.359564347618285 ; sb = 1137.59350458805
      k =   55 ; sb/Sb = 0.449409613804426 ; sb = 1421.84691265908
      k =   54 ; sb/Sb = 0.580989286175855 ; sb = 1838.14007858906
      k =   63 ; sb/Sb = 0.654712989886215 ; sb = 2071.38791595283
      k =   53 ; sb/Sb = 0.695170531450508 ; sb = 2199.38791595283
      k =   49 ; sb/Sb = 0.695170531450508 ; sb = 2199.38791595283
      k =   48 ; sb/Sb = 0.726460314877342 ; sb = 2298.38286531894
      Creating new point: f = 0.472710564826283
    i = 296 ; sf/Sf = 0.815326604309597 ; sf = 2443.63879047383
      k =   58 ; sb/Sb = 0 ; sb = 0
      k =  164 ; sb/Sb = 0.071872065556316 ; sb = 227.389604892055
      k =   84 ; sb/Sb = 0.143744131112632 ; sb = 454.77920978411
      k =  140 ; sb/Sb = 0.215616196668948 ; sb = 682.168814676164
      k =   57 ; sb/Sb = 0.287488262225264 ; sb = 909.558419568219
      k =   56 ; sb/Sb = 0.359564347618285 ; sb = 1137.59350458805
      k =   55 ; sb/Sb = 0.449409613804426 ; sb = 1421.84691265908
      k =   54 ; sb/Sb = 0.580989286175855 ; sb = 1838.14007858906
      k =   63 ; sb/Sb = 0.654712989886215 ; sb = 2071.38791595283
      k =   53 ; sb/Sb = 0.695170531450508 ; sb = 2199.38791595283
      k =   49 ; sb/Sb = 0.695170531450508 ; sb = 2199.38791595283
      k =   48 ; sb/Sb = 0.726460314877342 ; sb = 2298.38286531894
      k =   81 ; sb/Sb = 0.81423860320066 ; sb = 2576.09674685892
      k =   47 ; sb/Sb = 0.902016891523978 ; sb = 2853.8106283989
      Creating new point: f = 0.0123948772494824
    i = 5 ; sf/Sf = 0.920691665971696 ; sf = 2759.4314439666
      k =   58 ; sb/Sb = 0 ; sb = 0
      k =  164 ; sb/Sb = 0.071872065556316 ; sb = 227.389604892055
      k =   84 ; sb/Sb = 0.143744131112632 ; sb = 454.77920978411
      k =  140 ; sb/Sb = 0.215616196668948 ; sb = 682.168814676164
      k =   57 ; sb/Sb = 0.287488262225264 ; sb = 909.558419568219
      k =   56 ; sb/Sb = 0.359564347618285 ; sb = 1137.59350458805
      k =   55 ; sb/Sb = 0.449409613804426 ; sb = 1421.84691265908
      k =   54 ; sb/Sb = 0.580989286175855 ; sb = 1838.14007858906
      k =   63 ; sb/Sb = 0.654712989886215 ; sb = 2071.38791595283
      k =   53 ; sb/Sb = 0.695170531450508 ; sb = 2199.38791595283
      k =   49 ; sb/Sb = 0.695170531450508 ; sb = 2199.38791595283
      k =   48 ; sb/Sb = 0.726460314877342 ; sb = 2298.38286531894
      k =   81 ; sb/Sb = 0.81423860320066 ; sb = 2576.09674685892
      k =   47 ; sb/Sb = 0.902016891523978 ; sb = 2853.8106283989
      k =   46 ; sb/Sb = 1 ; sb = 3163.8106283989
      Creating new point: f = 0.190591773808521
Tear 5 : Sf = 426.945701889013 ; Sb = 590.95336802568
  Forwards path
    i = 52 ; sf/Sf = 0.701884291022408 ; sf = 299.666481275434
      k =   51 ; sb/Sb = 0 ; sb = 0
      k =   50 ; sb/Sb = 0.624274866469503 ; sb = 368.917334913934
      k =   49 ; sb/Sb = 1 ; sb = 590.95336802568
      Creating new point: f = 0.206559044436684
Tear 6 : Sf = 2392.61198610994 ; Sb = 2416.12096306716
  Forwards path
    i = 150 ; sf/Sf = 0.138193453124378 ; sf = 330.643312347309
      k =   36 ; sb/Sb = 0 ; sb = 0
      k =  412 ; sb/Sb = 0.106996881153457 ; sb = 258.517407537674
      k =  372 ; sb/Sb = 0.213993762306915 ; sb = 517.034815075349
      Creating new point: f = 0.291565245964298
    i = 37 ; sf/Sf = 0.276386906248756 ; sf = 661.286624694618
      k =   36 ; sb/Sb = 0 ; sb = 0
      k =  412 ; sb/Sb = 0.106996881153457 ; sb = 258.517407537674
      k =  372 ; sb/Sb = 0.213993762306915 ; sb = 517.034815075349
      k =   35 ; sb/Sb = 0.42798752461383 ; sb = 1034.0696301507
      Creating new point: f = 0.291565245964298
    i = 38 ; sf/Sf = 0.446108872218327 ; sf = 1067.36543477956
      k =   36 ; sb/Sb = 0 ; sb = 0
      k =  412 ; sb/Sb = 0.106996881153457 ; sb = 258.517407537674
      k =  372 ; sb/Sb = 0.213993762306915 ; sb = 517.034815075349
      k =   35 ; sb/Sb = 0.42798752461383 ; sb = 1034.0696301507
      k =  392 ; sb/Sb = 0.545198562264288 ; sb = 1317.26567532082
      Creating new point: f = 0.154604446541443
    i = 238 ; sf/Sf = 0.535847244667479 ; sf = 1282.0745403154
      k =   36 ; sb/Sb = 0 ; sb = 0
      k =  412 ; sb/Sb = 0.106996881153457 ; sb = 258.517407537674
      k =  372 ; sb/Sb = 0.213993762306915 ; sb = 517.034815075349
      k =   35 ; sb/Sb = 0.42798752461383 ; sb = 1034.0696301507
      k =  392 ; sb/Sb = 0.545198562264288 ; sb = 1317.26567532082
      Creating new point: f = 0.920218114400661
    i = 39 ; sf/Sf = 0.625585617116631 ; sf = 1496.78364585123
      k =   36 ; sb/Sb = 0 ; sb = 0
      k =  412 ; sb/Sb = 0.106996881153457 ; sb = 258.517407537674
      k =  372 ; sb/Sb = 0.213993762306915 ; sb = 517.034815075349
      k =   35 ; sb/Sb = 0.42798752461383 ; sb = 1034.0696301507
      k =  392 ; sb/Sb = 0.545198562264288 ; sb = 1317.26567532082
      k =   34 ; sb/Sb = 0.662409599914746 ; sb = 1600.46172049095
      Creating new point: f = 0.685831782259878
    i = 80 ; sf/Sf = 0.738703570895055 ; sf = 1767.43101790572
      k =   36 ; sb/Sb = 0 ; sb = 0
      k =  412 ; sb/Sb = 0.106996881153457 ; sb = 258.517407537674
      k =  372 ; sb/Sb = 0.213993762306915 ; sb = 517.034815075349
      k =   35 ; sb/Sb = 0.42798752461383 ; sb = 1034.0696301507
      k =  392 ; sb/Sb = 0.545198562264288 ; sb = 1317.26567532082
      k =   34 ; sb/Sb = 0.662409599914746 ; sb = 1600.46172049095
      k =  389 ; sb/Sb = 0.831204799957373 ; sb = 2008.29134177906
      Creating new point: f = 0.451991353788746
    i = 40 ; sf/Sf = 0.851821524673479 ; sf = 2038.07838996021
      k =   36 ; sb/Sb = 0 ; sb = 0
      k =  412 ; sb/Sb = 0.106996881153457 ; sb = 258.517407537674
      k =  372 ; sb/Sb = 0.213993762306915 ; sb = 517.034815075349
      k =   35 ; sb/Sb = 0.42798752461383 ; sb = 1034.0696301507
      k =  392 ; sb/Sb = 0.545198562264288 ; sb = 1317.26567532082
      k =   34 ; sb/Sb = 0.662409599914746 ; sb = 1600.46172049095
      k =  389 ; sb/Sb = 0.831204799957373 ; sb = 2008.29134177906
      k =   33 ; sb/Sb = 1 ; sb = 2416.12096306716
      Creating new point: f = 0.122140467921479
    i = 41 ; sf/Sf = 0.893196787332373 ; sf = 2137.07333932633
      k =   36 ; sb/Sb = 0 ; sb = 0
      k =  412 ; sb/Sb = 0.106996881153457 ; sb = 258.517407537674
      k =  372 ; sb/Sb = 0.213993762306915 ; sb = 517.034815075349
      k =   35 ; sb/Sb = 0.42798752461383 ; sb = 1034.0696301507
      k =  392 ; sb/Sb = 0.545198562264288 ; sb = 1317.26567532082
      k =   34 ; sb/Sb = 0.662409599914746 ; sb = 1600.46172049095
      k =  389 ; sb/Sb = 0.831204799957373 ; sb = 2008.29134177906
      k =   33 ; sb/Sb = 1 ; sb = 2416.12096306716
      Creating new point: f = 0.36726155340522
Tear 1 : Sf = 2101.52655019696 ; Sb = 1761.89647492126
  Backwards path
    i = 446 ; sf/Sf = 0.110863871067106 ; sf = 232.983368505136
      k =   12 ; sb/Sb = 0 ; sb = 0
      k =  206 ; sb/Sb = 0.21880918431445 ; sb = 385.519130524025
      Creating new point: f = 0.506669184908545
    i = 259 ; sf/Sf = 0.221727742134212 ; sf = 465.966737010272
      k =   12 ; sb/Sb = 0 ; sb = 0
      k =  206 ; sb/Sb = 0.21880918431445 ; sb = 385.519130524025
      k =   13 ; sb/Sb = 0.4376183686289 ; sb = 771.038261048049
      Creating new point: f = 0.0133383698170892
    i = 11 ; sf/Sf = 0.443455484268424 ; sf = 931.933474020544
      k =   12 ; sb/Sb = 0 ; sb = 0
      k =  206 ; sb/Sb = 0.21880918431445 ; sb = 385.519130524025
      k =   13 ; sb/Sb = 0.4376183686289 ; sb = 771.038261048049
      k =  204 ; sb/Sb = 0.578213776471675 ; sb = 1018.75281451635
      Creating new point: f = 0.0415171144569041
    i = 432 ; sf/Sf = 0.565331160534949 ; sf = 1188.05844351786
      k =   12 ; sb/Sb = 0 ; sb = 0
      k =  206 ; sb/Sb = 0.21880918431445 ; sb = 385.519130524025
      k =   13 ; sb/Sb = 0.4376183686289 ; sb = 771.038261048049
      k =  204 ; sb/Sb = 0.578213776471675 ; sb = 1018.75281451635
      Creating new point: f = 0.908371004897031
    i = 10 ; sf/Sf = 0.687206836801475 ; sf = 1444.18341301517
      k =   12 ; sb/Sb = 0 ; sb = 0
      k =  206 ; sb/Sb = 0.21880918431445 ; sb = 385.519130524025
      k =   13 ; sb/Sb = 0.4376183686289 ; sb = 771.038261048049
      k =  204 ; sb/Sb = 0.578213776471675 ; sb = 1018.75281451635
      k =  152 ; sb/Sb = 0.71880918431445 ; sb = 1266.46736798465
      Creating new point: f = 0.775224895337157
    i = 349 ; sf/Sf = 0.843603418400738 ; sf = 1772.85498160607
      k =   12 ; sb/Sb = 0 ; sb = 0
      k =  206 ; sb/Sb = 0.21880918431445 ; sb = 385.519130524025
      k =   13 ; sb/Sb = 0.4376183686289 ; sb = 771.038261048049
      k =  204 ; sb/Sb = 0.578213776471675 ; sb = 1018.75281451635
      k =  152 ; sb/Sb = 0.71880918431445 ; sb = 1266.46736798465
      k =  232 ; sb/Sb = 0.859404592157225 ; sb = 1514.18192145295
      Creating new point: f = 0.88761244766858
Tear 2 : Sf = 501.529236580958 ; Sb = 440.454310910905
  Backwards path
    i = 20 ; sf/Sf = 0.143782296722874 ; sf = 72.1110255092798
      k =   21 ; sb/Sb = 0 ; sb = 0
      k =  138 ; sb/Sb = 0.5 ; sb = 220.227155455452
      Creating new point: f = 0.287564593445748
Tear 3 : Sf = 2217.15915460331 ; Sb = 2568.14424743634
  Backwards path
    i = 89 ; sf/Sf = 0.19999654748996 ; sf = 443.42417615642
      k =   26 ; sb/Sb = 0 ; sb = 0
      k =  442 ; sb/Sb = 0.119192898765655 ; sb = 306.104557300279
      k =   27 ; sb/Sb = 0.23838579753131 ; sb = 612.209114600559
      Creating new point: f = 0.677923345778951
    i = 25 ; sf/Sf = 0.399993094979919 ; sf = 886.84835231284
      k =   26 ; sb/Sb = 0 ; sb = 0
      k =  442 ; sb/Sb = 0.119192898765655 ; sb = 306.104557300279
      k =   27 ; sb/Sb = 0.23838579753131 ; sb = 612.209114600559
      k =   28 ; sb/Sb = 0.377968676077381 ; sb = 970.678081179257
      k =   29 ; sb/Sb = 0.466847735124832 ; sb = 1198.93232538952
      Creating new point: f = 0.247802116028024
    i = 83 ; sf/Sf = 0.525634849188368 ; sf = 1165.41611785652
      k =   26 ; sb/Sb = 0 ; sb = 0
      k =  442 ; sb/Sb = 0.119192898765655 ; sb = 306.104557300279
      k =   27 ; sb/Sb = 0.23838579753131 ; sb = 612.209114600559
      k =   28 ; sb/Sb = 0.377968676077381 ; sb = 970.678081179257
      k =   29 ; sb/Sb = 0.466847735124832 ; sb = 1198.93232538952
      k =  130 ; sb/Sb = 0.651560101293774 ; sb = 1673.30032599665
      Creating new point: f = 0.318263012286726
    i = 24 ; sf/Sf = 0.651276603396817 ; sf = 1443.98388340021
      k =   26 ; sb/Sb = 0 ; sb = 0
      k =  442 ; sb/Sb = 0.119192898765655 ; sb = 306.104557300279
      k =   27 ; sb/Sb = 0.23838579753131 ; sb = 612.209114600559
      k =   28 ; sb/Sb = 0.377968676077381 ; sb = 970.678081179257
      k =   29 ; sb/Sb = 0.466847735124832 ; sb = 1198.93232538952
      k =  130 ; sb/Sb = 0.651560101293774 ; sb = 1673.30032599665
      Creating new point: f = 0.998465192651491
    i = 79 ; sf/Sf = 0.769073862407678 ; sf = 1705.15915460331
      k =   26 ; sb/Sb = 0 ; sb = 0
      k =  442 ; sb/Sb = 0.119192898765655 ; sb = 306.104557300279
      k =   27 ; sb/Sb = 0.23838579753131 ; sb = 612.209114600559
      k =   28 ; sb/Sb = 0.377968676077381 ; sb = 970.678081179257
      k =   29 ; sb/Sb = 0.466847735124832 ; sb = 1198.93232538952
      k =  130 ; sb/Sb = 0.651560101293774 ; sb = 1673.30032599665
      k =  210 ; sb/Sb = 0.743916284378245 ; sb = 1910.48432630021
      k =   30 ; sb/Sb = 0.836272467462716 ; sb = 2147.66832660377
      Creating new point: f = 0.272397333770536
    i = 139 ; sf/Sf = 0.884536931203839 ; sf = 1961.15915460331
      k =   26 ; sb/Sb = 0 ; sb = 0
      k =  442 ; sb/Sb = 0.119192898765655 ; sb = 306.104557300279
      k =   27 ; sb/Sb = 0.23838579753131 ; sb = 612.209114600559
      k =   28 ; sb/Sb = 0.377968676077381 ; sb = 970.678081179257
      k =   29 ; sb/Sb = 0.466847735124832 ; sb = 1198.93232538952
      k =  130 ; sb/Sb = 0.651560101293774 ; sb = 1673.30032599665
      k =  210 ; sb/Sb = 0.743916284378245 ; sb = 1910.48432630021
      k =   30 ; sb/Sb = 0.836272467462716 ; sb = 2147.66832660377
      k =   31 ; sb/Sb = 1 ; sb = 2568.14424743634
      Creating new point: f = 0.294785263010866
Tear 4 : Sf = 3163.8106283989 ; Sb = 2997.12873044669
  Backwards path
    i = 164 ; sf/Sf = 0.071872065556316 ; sf = 227.389604892055
      k =   58 ; sb/Sb = 0 ; sb = 0
      k =   65 ; sb/Sb = 0.152023311829689 ; sb = 455.633435582418
      Creating new point: f = 0.47277002909155
    i = 84 ; sf/Sf = 0.143744131112632 ; sf = 454.77920978411
      k =   58 ; sb/Sb = 0 ; sb = 0
      k =   65 ; sb/Sb = 0.152023311829689 ; sb = 455.633435582418
      Creating new point: f = 0.9455400581831
    i = 140 ; sf/Sf = 0.215616196668948 ; sf = 682.168814676164
      k =   58 ; sb/Sb = 0 ; sb = 0
      k =   65 ; sb/Sb = 0.152023311829689 ; sb = 455.633435582418
      k =    1 ; sb/Sb = 0.304046623659379 ; sb = 911.266871164836
      Creating new point: f = 0.41831008727465
    i = 57 ; sf/Sf = 0.287488262225264 ; sf = 909.558419568219
      k =   58 ; sb/Sb = 0 ; sb = 0
      k =   65 ; sb/Sb = 0.152023311829689 ; sb = 455.633435582418
      k =    1 ; sb/Sb = 0.304046623659379 ; sb = 911.266871164836
      Creating new point: f = 0.8910801163662
    i = 56 ; sf/Sf = 0.359564347618285 ; sf = 1137.59350458805
      k =   58 ; sb/Sb = 0 ; sb = 0
      k =   65 ; sb/Sb = 0.152023311829689 ; sb = 455.633435582418
      k =    1 ; sb/Sb = 0.304046623659379 ; sb = 911.266871164836
      k =    2 ; sb/Sb = 0.320729257105206 ; sb = 961.266871164836
      k =   59 ; sb/Sb = 0.451929445747764 ; sb = 1354.49072598547
      Creating new point: f = 0.295998739901829
    i = 55 ; sf/Sf = 0.449409613804426 ; sf = 1421.84691265908
      k =   58 ; sb/Sb = 0 ; sb = 0
      k =   65 ; sb/Sb = 0.152023311829689 ; sb = 455.633435582418
      k =    1 ; sb/Sb = 0.304046623659379 ; sb = 911.266871164836
      k =    2 ; sb/Sb = 0.320729257105206 ; sb = 961.266871164836
      k =   59 ; sb/Sb = 0.451929445747764 ; sb = 1354.49072598547
      Creating new point: f = 0.980793991461374
    i = 54 ; sf/Sf = 0.580989286175855 ; sf = 1838.14007858906
      k =   58 ; sb/Sb = 0 ; sb = 0
      k =   65 ; sb/Sb = 0.152023311829689 ; sb = 455.633435582418
      k =    1 ; sb/Sb = 0.304046623659379 ; sb = 911.266871164836
      k =    2 ; sb/Sb = 0.320729257105206 ; sb = 961.266871164836
      k =   59 ; sb/Sb = 0.451929445747764 ; sb = 1354.49072598547
      k =    3 ; sb/Sb = 0.583129634390321 ; sb = 1747.71458080611
      Creating new point: f = 0.983686393772667
    i = 63 ; sf/Sf = 0.654712989886215 ; sf = 2071.38791595283
      k =   58 ; sb/Sb = 0 ; sb = 0
      k =   65 ; sb/Sb = 0.152023311829689 ; sb = 455.633435582418
      k =    1 ; sb/Sb = 0.304046623659379 ; sb = 911.266871164836
      k =    2 ; sb/Sb = 0.320729257105206 ; sb = 961.266871164836
      k =   59 ; sb/Sb = 0.451929445747764 ; sb = 1354.49072598547
      k =    3 ; sb/Sb = 0.583129634390321 ; sb = 1747.71458080611
      k =    4 ; sb/Sb = 0.709961542647499 ; sb = 2127.84613698107
      Creating new point: f = 0.564395478074366
    i = 53 ; sf/Sf = 0.695170531450508 ; sf = 2199.38791595283
      k =   58 ; sb/Sb = 0 ; sb = 0
      k =   65 ; sb/Sb = 0.152023311829689 ; sb = 455.633435582418
      k =    1 ; sb/Sb = 0.304046623659379 ; sb = 911.266871164836
      k =    2 ; sb/Sb = 0.320729257105206 ; sb = 961.266871164836
      k =   59 ; sb/Sb = 0.451929445747764 ; sb = 1354.49072598547
      k =    3 ; sb/Sb = 0.583129634390321 ; sb = 1747.71458080611
      k =    4 ; sb/Sb = 0.709961542647499 ; sb = 2127.84613698107
    i = 49 ; sf/Sf = 0.695170531450508 ; sf = 2199.38791595283
      k =   58 ; sb/Sb = 0 ; sb = 0
      k =   65 ; sb/Sb = 0.152023311829689 ; sb = 455.633435582418
      k =    1 ; sb/Sb = 0.304046623659379 ; sb = 911.266871164836
      k =    2 ; sb/Sb = 0.320729257105206 ; sb = 961.266871164836
      k =   59 ; sb/Sb = 0.451929445747764 ; sb = 1354.49072598547
      k =    3 ; sb/Sb = 0.583129634390321 ; sb = 1747.71458080611
      k =    4 ; sb/Sb = 0.709961542647499 ; sb = 2127.84613698107
      Creating new point: f = 0.883380992999026
    i = 48 ; sf/Sf = 0.726460314877342 ; sf = 2298.38286531894
      k =   58 ; sb/Sb = 0 ; sb = 0
      k =   65 ; sb/Sb = 0.152023311829689 ; sb = 455.633435582418
      k =    1 ; sb/Sb = 0.304046623659379 ; sb = 911.266871164836
      k =    2 ; sb/Sb = 0.320729257105206 ; sb = 961.266871164836
      k =   59 ; sb/Sb = 0.451929445747764 ; sb = 1354.49072598547
      k =    3 ; sb/Sb = 0.583129634390321 ; sb = 1747.71458080611
      k =    4 ; sb/Sb = 0.709961542647499 ; sb = 2127.84613698107
      k =  296 ; sb/Sb = 0.815326604309597 ; sb = 2443.63879047383
      Creating new point: f = 0.156586746779062
    i = 81 ; sf/Sf = 0.81423860320066 ; sf = 2576.09674685892
      k =   58 ; sb/Sb = 0 ; sb = 0
      k =   65 ; sb/Sb = 0.152023311829689 ; sb = 455.633435582418
      k =    1 ; sb/Sb = 0.304046623659379 ; sb = 911.266871164836
      k =    2 ; sb/Sb = 0.320729257105206 ; sb = 961.266871164836
      k =   59 ; sb/Sb = 0.451929445747764 ; sb = 1354.49072598547
      k =    3 ; sb/Sb = 0.583129634390321 ; sb = 1747.71458080611
      k =    4 ; sb/Sb = 0.709961542647499 ; sb = 2127.84613698107
      k =  296 ; sb/Sb = 0.815326604309597 ; sb = 2443.63879047383
      Creating new point: f = 0.989673985932581
    i = 47 ; sf/Sf = 0.902016891523978 ; sf = 2853.8106283989
      k =   58 ; sb/Sb = 0 ; sb = 0
      k =   65 ; sb/Sb = 0.152023311829689 ; sb = 455.633435582418
      k =    1 ; sb/Sb = 0.304046623659379 ; sb = 911.266871164836
      k =    2 ; sb/Sb = 0.320729257105206 ; sb = 961.266871164836
      k =   59 ; sb/Sb = 0.451929445747764 ; sb = 1354.49072598547
      k =    3 ; sb/Sb = 0.583129634390321 ; sb = 1747.71458080611
      k =    4 ; sb/Sb = 0.709961542647499 ; sb = 2127.84613698107
      k =  296 ; sb/Sb = 0.815326604309597 ; sb = 2443.63879047383
      k =    5 ; sb/Sb = 0.920691665971696 ; sb = 2759.4314439666
      Creating new point: f = 0.822761225086102
Tear 5 : Sf = 590.95336802568 ; Sb = 426.945701889013
  Backwards path
    i = 50 ; sf/Sf = 0.624274866469503 ; sf = 368.917334913934
      k =   51 ; sb/Sb = 0 ; sb = 0
      k =   52 ; sb/Sb = 0.701884291022408 ; sb = 299.666481275434
      Creating new point: f = 0.889427038693437
Tear 6 : Sf = 2416.12096306716 ; Sb = 2392.61198610994
  Backwards path
    i = 412 ; sf/Sf = 0.106996881153458 ; sf = 258.517407537674
      k =   36 ; sb/Sb = 0 ; sb = 0
      k =  150 ; sb/Sb = 0.138193453124378 ; sb = 330.643312347309
      Creating new point: f = 0.774254342260029
    i = 372 ; sf/Sf = 0.213993762306915 ; sf = 517.034815075349
      k =   36 ; sb/Sb = 0 ; sb = 0
      k =  150 ; sb/Sb = 0.138193453124378 ; sb = 330.643312347309
      k =   37 ; sb/Sb = 0.276386906248756 ; sb = 661.286624694618
      Creating new point: f = 0.548508684520059
    i = 35 ; sf/Sf = 0.42798752461383 ; sf = 1034.0696301507
      k =   36 ; sb/Sb = 0 ; sb = 0
      k =  150 ; sb/Sb = 0.138193453124378 ; sb = 330.643312347309
      k =   37 ; sb/Sb = 0.276386906248756 ; sb = 661.286624694618
      k =   38 ; sb/Sb = 0.446108872218327 ; sb = 1067.36543477956
      Creating new point: f = 0.893229214610051
    i = 392 ; sf/Sf = 0.545198562264288 ; sf = 1317.26567532082
      k =   36 ; sb/Sb = 0 ; sb = 0
      k =  150 ; sb/Sb = 0.138193453124378 ; sb = 330.643312347309
      k =   37 ; sb/Sb = 0.276386906248756 ; sb = 661.286624694618
      k =   38 ; sb/Sb = 0.446108872218327 ; sb = 1067.36543477956
      k =  238 ; sb/Sb = 0.535847244667479 ; sb = 1282.0745403154
      k =   39 ; sb/Sb = 0.625585617116631 ; sb = 1496.78364585123
      Creating new point: f = 0.104206454179983
    i = 34 ; sf/Sf = 0.662409599914746 ; sf = 1600.46172049095
      k =   36 ; sb/Sb = 0 ; sb = 0
      k =  150 ; sb/Sb = 0.138193453124378 ; sb = 330.643312347309
      k =   37 ; sb/Sb = 0.276386906248756 ; sb = 661.286624694618
      k =   38 ; sb/Sb = 0.446108872218327 ; sb = 1067.36543477956
      k =  238 ; sb/Sb = 0.535847244667479 ; sb = 1282.0745403154
      k =   39 ; sb/Sb = 0.625585617116631 ; sb = 1496.78364585123
      k =   80 ; sb/Sb = 0.738703570895055 ; sb = 1767.43101790572
      Creating new point: f = 0.325536146722083
    i = 389 ; sf/Sf = 0.831204799957373 ; sf = 2008.29134177906
      k =   36 ; sb/Sb = 0 ; sb = 0
      k =  150 ; sb/Sb = 0.138193453124378 ; sb = 330.643312347309
      k =   37 ; sb/Sb = 0.276386906248756 ; sb = 661.286624694618
      k =   38 ; sb/Sb = 0.446108872218327 ; sb = 1067.36543477956
      k =  238 ; sb/Sb = 0.535847244667479 ; sb = 1282.0745403154
      k =   39 ; sb/Sb = 0.625585617116631 ; sb = 1496.78364585123
      k =   80 ; sb/Sb = 0.738703570895055 ; sb = 1767.43101790572
      k =   40 ; sb/Sb = 0.851821524673479 ; sb = 2038.07838996021
      Creating new point: f = 0.817741357340231
Triangulating...
Merging points...
Projecting to sphere...
Optimising mapping with FIRE...
E =  0.00371 | E_L =  0.00371 | E_A =  0.00000 |   0 flippped triangles
E =  0.00349 | E_L =  0.00349 | E_A =  0.00000 |  26 flippped triangles
        phi0     phi0.1    phi0.2    phi0.3    phi0.4    phi0.5    phi0.6
id   60.0000 68.0000000   118.000   129.000   167.000   217.000   243.000
A   232.5945  0.7139756  1738.585  2579.540  1648.306  1874.074  3094.153
a  -103.0103 -0.3912067 -2246.369 -1736.835 -1627.054 -1582.773 -2775.482
      phi0.7    phi0.8    phi0.9   phi0.10   phi0.11   phi0.12   phi0.13
id 465.00000   481.000   483.000   484.000   704.000  719.0000   728.000
A   35.61576  3047.861  2111.797  4020.914  7939.766  793.0560  3345.760
a  -34.72266 -3567.845 -2131.709 -1579.356 -4676.038 -865.5796 -3300.483
     phi0.14   phi0.15   phi0.16   phi0.17   phi0.18   phi0.19   phi0.20
id 729.00000   736.000   747.000  782.0000  785.0000   881.000   900.000
A   61.76389  4144.587  6416.213  284.6743  924.1459  2191.522  1784.776
a  -45.17929 -3918.334 -5729.405 -249.7375 -800.0768 -1765.527 -1915.093
    phi0.21   phi0.22  phi0.23   phi0.24   phi0.25
id  905.000   906.000  925.000  927.0000  932.0000
A  1806.054  1836.281 1141.183 1155.5057  829.3357
a  -436.821 -1342.998 -594.320 -274.3797 -635.5811
E =  0.00349 | E_L =  0.00349 | E_A =  0.00000 |  30 flippped triangles
        phi0    phi0.1    phi0.2    phi0.3    phi0.4    phi0.5    phi0.6
id    14.000   60.0000   118.000   129.000   167.000   217.000   243.000
A  14313.493  232.5945  1738.585  2579.540  1648.306  1874.074  3094.153
a  -4910.794 -105.9473 -2210.140 -1738.943 -1812.243 -1531.588 -2022.338
      phi0.7    phi0.8    phi0.9   phi0.10   phi0.11   phi0.12   phi0.13
id   248.000 258.00000 465.00000   481.000   483.000  484.0000  672.0000
A   5028.797 128.26940  35.61576  3047.861  2111.797 4020.9136 1271.6441
a  -4953.520 -92.29967 -30.27138 -3404.842 -2196.037 -911.5376 -838.8311
     phi0.14   phi0.15   phi0.16   phi0.17   phi0.18   phi0.19   phi0.20
id   704.000  719.0000   728.000 729.00000   736.000   747.000  782.0000
A   7939.766  793.0560  3345.760  61.76389  4144.587  6416.213  284.6743
a  -4303.559 -850.4535 -3391.719 -59.62004 -3804.313 -5755.704 -187.1719
     phi0.21   phi0.22   phi0.23   phi0.24   phi0.25   phi0.26   phi0.27
id   784.000  785.0000   881.000   900.000   905.000   906.000  925.0000
A   1287.604  924.1459  2191.522  1784.776  1806.054  1836.281 1141.1833
a  -1097.833 -719.7510 -1949.516 -1803.719 -1211.208 -1676.636 -994.7786
     phi0.28   phi0.29
id  927.0000  932.0000
A  1155.5057  829.3357
a  -681.9497 -692.9775
E =  0.00349 | E_L =  0.00349 | E_A =  0.00000 |  30 flippped triangles
        phi0    phi0.1    phi0.2    phi0.3    phi0.4    phi0.5    phi0.6
id    14.000   60.0000   118.000   129.000   167.000   217.000   243.000
A  14313.493  232.5945  1738.585  2579.540  1648.306  1874.074  3094.153
a  -4368.958 -125.3200 -2231.786 -1728.811 -1821.205 -1500.232 -2093.264
      phi0.7    phi0.8    phi0.9   phi0.10   phi0.11   phi0.12   phi0.13
id   248.000 258.00000 465.00000   481.000   483.000  484.0000  672.0000
A   5028.797 128.26940  35.61576  3047.861  2111.797 4020.9136 1271.6441
a  -4880.637 -79.61873 -28.09201 -3433.697 -2162.812 -844.2356 -837.2262
     phi0.14   phi0.15   phi0.16   phi0.17   phi0.18   phi0.19   phi0.20
id   704.000  719.0000   728.000 729.00000   736.000   747.000  782.0000
A   7939.766  793.0560  3345.760  61.76389  4144.587  6416.213  284.6743
a  -4341.186 -858.2404 -3405.007 -59.67059 -3787.092 -5732.688 -204.3664
     phi0.21   phi0.22   phi0.23   phi0.24   phi0.25   phi0.26   phi0.27
id   784.000  785.0000   881.000   900.000   905.000   906.000  925.0000
A   1287.604  924.1459  2191.522  1784.776  1806.054  1836.281 1141.1833
a  -1117.618 -723.1450 -1943.915 -1834.964 -1139.747 -1645.664 -971.5394
     phi0.28   phi0.29
id  927.0000  932.0000
A  1155.5057  829.3357
a  -640.7706 -696.2672
E =  0.00349 | E_L =  0.00349 | E_A =  0.00000 |  30 flippped triangles
        phi0    phi0.1    phi0.2    phi0.3    phi0.4    phi0.5    phi0.6
id    14.000  60.00000   118.000   129.000   167.000   217.000   243.000
A  14313.493 232.59452  1738.585  2579.540  1648.306  1874.074  3094.153
a  -4083.965 -81.86264 -2224.804 -1729.783 -1826.798 -1514.132 -2022.739
      phi0.7    phi0.8    phi0.9   phi0.10   phi0.11   phi0.12   phi0.13
id   248.000  258.0000 465.00000   481.000   483.000  484.0000  672.0000
A   5028.797  128.2694  35.61576  3047.861  2111.797 4020.9136 1271.6441
a  -4817.565 -114.6945 -29.06927 -3422.434 -2200.110 -874.1371 -803.5891
     phi0.14   phi0.15   phi0.16   phi0.17   phi0.18   phi0.19   phi0.20
id   704.000  719.0000   728.000 729.00000   736.000   747.000  782.0000
A   7939.766  793.0560  3345.760  61.76389  4144.587  6416.213  284.6743
a  -4372.855 -860.3755 -3357.485 -58.13334 -3797.306 -5723.115 -185.3474
     phi0.21   phi0.22   phi0.23   phi0.24   phi0.25   phi0.26   phi0.27
id   784.000  785.0000   881.000   900.000  905.0000   906.000  925.0000
A   1287.604  924.1459  2191.522  1784.776 1806.0541  1836.281 1141.1833
a  -1100.489 -717.9983 -1793.574 -1859.830 -819.1802 -1459.485 -964.9559
     phi0.28   phi0.29
id  927.0000  932.0000
A  1155.5057  829.3357
a  -610.0852 -691.1846
FIRE:  3  stops.  0 hits of maxmove.  0 hits of dtmax.
Frms = 7.47399314870009e-06; Ftanrms = 7.47031300815386e-06
E =  0.00495 | E_L =  0.00493 | E_A =  0.00001 |   0 flippped triangles
E =  0.00358 | E_L =  0.00358 | E_A =  0.00000 |   0 flippped triangles
E =  0.00356 | E_L =  0.00356 | E_A =  0.00000 |   0 flippped triangles
E =  0.00356 | E_L =  0.00356 | E_A =  0.00000 |   0 flippped triangles
Optimising mapping with BFGS...
E =  0.00356 | E_L =  0.00356 | E_A =  0.00000 |   0 flippped triangles
Transforming image...
Mapping optimised. Error: 0.00355923 ; 0 flipped triangles.
Inferring coordinates of datapoints
Inferring coordinates of landmarks
Mapping optimised. Error: 0.00355923 ; 0 flipped triangles. OD displacement: 7.527706 degrees.
Computing Kernel Density estimates of datapoints

[1] 0.725
Saving developmental_retina/data/nAChR-B2/P12/GMB375-1/R-CONTRA/r.mat
