[1] "Adding old segment 1"
[1] "Adding old segment 3"
[1] "Adding old segment 4"
[1] "Adding old segment 5"
[1] "Adding old segment 6"
[1] "Storing new segment 1"
[1] "Adding old segment 2"
[1] "Storing new segment 2"
simplify.outline: Removing vertex 33
simplify.outline: Removing vertex 46
simplify.outline: Removing vertex 67
Triangulating...
[1] "Non-adjacent points in rim connected by line: 29 26"
[1] "In triangle: 48" "In triangle: 99"
[1] "Other points in triangles: 67 77"
[1] "Non-adjacent points in rim connected by line: 71 24"
[1] "In triangle: 59" "In triangle: 86"
[1] "Other points in triangles: 25 77"
Stitching...
Tear 1 child of rim
Tear 2 child of rim
Tear 3 child of rim
Tear 4 child of rim
Tear 1 : Sf = 4692.35951490001 ; Sb = 4156.27392494419
  Forwards path
    i = 7 ; sf/Sf = 0.0725834681330434 ; sf = 340.587727318528
      k =    8 ; sb/Sb = 0 ; sb = 0
      k =    9 ; sb/Sb = 0.0776657779685958 ; sb = 322.800247831379
      Creating new point: f = 0.934561785531751
    i = 6 ; sf/Sf = 0.134971190650151 ; sf = 633.333350684617
      k =    8 ; sb/Sb = 0 ; sb = 0
      k =    9 ; sb/Sb = 0.0776657779685958 ; sb = 322.800247831379
      k =   10 ; sb/Sb = 0.144775530274773 ; sb = 601.726761451006
      Creating new point: f = 0.853905888671862
    i = 5 ; sf/Sf = 0.183615000546957 ; sf = 861.587594894884
      k =    8 ; sb/Sb = 0 ; sb = 0
      k =    9 ; sb/Sb = 0.0776657779685958 ; sb = 322.800247831379
      k =   10 ; sb/Sb = 0.144775530274773 ; sb = 601.726761451006
      k =   11 ; sb/Sb = 0.235216855695666 ; sb = 977.625684035257
      Creating new point: f = 0.429443842086944
    i = 4 ; sf/Sf = 0.229223045904685 ; sf = 1075.59694048521
      k =    8 ; sb/Sb = 0 ; sb = 0
      k =    9 ; sb/Sb = 0.0776657779685958 ; sb = 322.800247831379
      k =   10 ; sb/Sb = 0.144775530274773 ; sb = 601.726761451006
      k =   11 ; sb/Sb = 0.235216855695666 ; sb = 977.625684035257
      Creating new point: f = 0.93372709031975
    i = 3 ; sf/Sf = 0.342253009308575 ; sf = 1605.97416473226
      k =    8 ; sb/Sb = 0 ; sb = 0
      k =    9 ; sb/Sb = 0.0776657779685958 ; sb = 322.800247831379
      k =   10 ; sb/Sb = 0.144775530274773 ; sb = 601.726761451006
      k =   11 ; sb/Sb = 0.235216855695666 ; sb = 977.625684035257
      k =  145 ; sb/Sb = 0.341551492952974 ; sb = 1419.58156418621
      k =   12 ; sb/Sb = 0.447886130210283 ; sb = 1861.53744433715
      Creating new point: f = 0.00659725159830663
    i = 2 ; sf/Sf = 0.428793439298112 ; sf = 2012.05297481719
      k =    8 ; sb/Sb = 0 ; sb = 0
      k =    9 ; sb/Sb = 0.0776657779685958 ; sb = 322.800247831379
      k =   10 ; sb/Sb = 0.144775530274773 ; sb = 601.726761451006
      k =   11 ; sb/Sb = 0.235216855695666 ; sb = 977.625684035257
      k =  145 ; sb/Sb = 0.341551492952974 ; sb = 1419.58156418621
      k =   12 ; sb/Sb = 0.447886130210283 ; sb = 1861.53744433715
      Creating new point: f = 0.820447114838317
    i = 1 ; sf/Sf = 0.531795316585872 ; sf = 2495.37481376098
      k =    8 ; sb/Sb = 0 ; sb = 0
      k =    9 ; sb/Sb = 0.0776657779685958 ; sb = 322.800247831379
      k =   10 ; sb/Sb = 0.144775530274773 ; sb = 601.726761451006
      k =   11 ; sb/Sb = 0.235216855695666 ; sb = 977.625684035257
      k =  145 ; sb/Sb = 0.341551492952974 ; sb = 1419.58156418621
      k =   12 ; sb/Sb = 0.447886130210283 ; sb = 1861.53744433715
      k =  207 ; sb/Sb = 0.539227074601878 ; sb = 2241.17542979172
      Creating new point: f = 0.918637166875076
    i = 196 ; sf/Sf = 0.618943697547163 ; sf = 2904.30634837282
      k =    8 ; sb/Sb = 0 ; sb = 0
      k =    9 ; sb/Sb = 0.0776657779685958 ; sb = 322.800247831379
      k =   10 ; sb/Sb = 0.144775530274773 ; sb = 601.726761451006
      k =   11 ; sb/Sb = 0.235216855695666 ; sb = 977.625684035257
      k =  145 ; sb/Sb = 0.341551492952974 ; sb = 1419.58156418621
      k =   12 ; sb/Sb = 0.447886130210283 ; sb = 1861.53744433715
      k =  207 ; sb/Sb = 0.539227074601878 ; sb = 2241.17542979172
      k =   13 ; sb/Sb = 0.630568018993473 ; sb = 2620.81341524628
      Creating new point: f = 0.872737012697453
    i = 66 ; sf/Sf = 0.706092078508454 ; sf = 3313.23788298467
      k =    8 ; sb/Sb = 0 ; sb = 0
      k =    9 ; sb/Sb = 0.0776657779685958 ; sb = 322.800247831379
      k =   10 ; sb/Sb = 0.144775530274773 ; sb = 601.726761451006
      k =   11 ; sb/Sb = 0.235216855695666 ; sb = 977.625684035257
      k =  145 ; sb/Sb = 0.341551492952974 ; sb = 1419.58156418621
      k =   12 ; sb/Sb = 0.447886130210283 ; sb = 1861.53744433715
      k =  207 ; sb/Sb = 0.539227074601878 ; sb = 2241.17542979172
      k =   13 ; sb/Sb = 0.630568018993473 ; sb = 2620.81341524628
      k =  434 ; sb/Sb = 0.70854064888127 ; sb = 2944.88902370826
      Creating new point: f = 0.968597052884588
    i = 379 ; sf/Sf = 0.799534028976143 ; sf = 3751.70110835255
      k =    8 ; sb/Sb = 0 ; sb = 0
      k =    9 ; sb/Sb = 0.0776657779685958 ; sb = 322.800247831379
      k =   10 ; sb/Sb = 0.144775530274773 ; sb = 601.726761451006
      k =   11 ; sb/Sb = 0.235216855695666 ; sb = 977.625684035257
      k =  145 ; sb/Sb = 0.341551492952974 ; sb = 1419.58156418621
      k =   12 ; sb/Sb = 0.447886130210283 ; sb = 1861.53744433715
      k =  207 ; sb/Sb = 0.539227074601878 ; sb = 2241.17542979172
      k =   13 ; sb/Sb = 0.630568018993473 ; sb = 2620.81341524628
      k =  434 ; sb/Sb = 0.70854064888127 ; sb = 2944.88902370826
      k =   14 ; sb/Sb = 0.786513278769068 ; sb = 3268.96463217024
      k =  378 ; sb/Sb = 0.862024927471028 ; sb = 3582.81172869974
      Creating new point: f = 0.172433663294356
    i = 65 ; sf/Sf = 0.892975979443832 ; sf = 4190.16433372042
      k =    8 ; sb/Sb = 0 ; sb = 0
      k =    9 ; sb/Sb = 0.0776657779685958 ; sb = 322.800247831379
      k =   10 ; sb/Sb = 0.144775530274773 ; sb = 601.726761451006
      k =   11 ; sb/Sb = 0.235216855695666 ; sb = 977.625684035257
      k =  145 ; sb/Sb = 0.341551492952974 ; sb = 1419.58156418621
      k =   12 ; sb/Sb = 0.447886130210283 ; sb = 1861.53744433715
      k =  207 ; sb/Sb = 0.539227074601878 ; sb = 2241.17542979172
      k =   13 ; sb/Sb = 0.630568018993473 ; sb = 2620.81341524628
      k =  434 ; sb/Sb = 0.70854064888127 ; sb = 2944.88902370826
      k =   14 ; sb/Sb = 0.786513278769068 ; sb = 3268.96463217024
      k =  378 ; sb/Sb = 0.862024927471028 ; sb = 3582.81172869974
      k =   15 ; sb/Sb = 0.937536576172989 ; sb = 3896.65882522924
      Creating new point: f = 0.409884468222451
Tear 2 : Sf = 2337.50949848361 ; Sb = 2070.12076224945
  Forwards path
    i = 30 ; sf/Sf = 0.237615189773675 ; sf = 555.427763079953
      k =   31 ; sb/Sb = 0 ; sb = 0
      k =   32 ; sb/Sb = 0.289838163522414 ; sb = 600
      Creating new point: f = 0.819820229627214
    i = 29 ; sf/Sf = 0.323709435852903 ; sf = 756.673881054934
      k =   31 ; sb/Sb = 0 ; sb = 0
      k =   32 ; sb/Sb = 0.289838163522414 ; sb = 600
      k =   33 ; sb/Sb = 0.554467090965673 ; sb = 1147.81383699209
      Creating new point: f = 0.127995350537601
    i = 28 ; sf/Sf = 0.433281170069798 ; sf = 1012.79885055225
      k =   31 ; sb/Sb = 0 ; sb = 0
      k =   32 ; sb/Sb = 0.289838163522414 ; sb = 600
      k =   33 ; sb/Sb = 0.554467090965673 ; sb = 1147.81383699209
      Creating new point: f = 0.54205338748592
    i = 27 ; sf/Sf = 0.516346021149734 ; sf = 1206.96372894172
      k =   31 ; sb/Sb = 0 ; sb = 0
      k =   32 ; sb/Sb = 0.289838163522414 ; sb = 600
      k =   33 ; sb/Sb = 0.554467090965673 ; sb = 1147.81383699209
      Creating new point: f = 0.855945190179131
    i = 26 ; sf/Sf = 0.537736308561373 ; sf = 1256.96372894172
      k =   31 ; sb/Sb = 0 ; sb = 0
      k =   32 ; sb/Sb = 0.289838163522414 ; sb = 600
      k =   33 ; sb/Sb = 0.554467090965673 ; sb = 1147.81383699209
      Creating new point: f = 0.936776441767168
    i = 71 ; sf/Sf = 0.678584932171057 ; sf = 1586.1987244777
      k =   31 ; sb/Sb = 0 ; sb = 0
      k =   32 ; sb/Sb = 0.289838163522414 ; sb = 600
      k =   33 ; sb/Sb = 0.554467090965673 ; sb = 1147.81383699209
      k =   34 ; sb/Sb = 0.652160659306976 ; sb = 1350.05132115366
      k =   35 ; sb/Sb = 1 ; sb = 2070.12076224945
      Creating new point: f = 0.0759668898044543
    i = 25 ; sf/Sf = 0.788103203718648 ; sf = 1842.1987244777
      k =   31 ; sb/Sb = 0 ; sb = 0
      k =   32 ; sb/Sb = 0.289838163522414 ; sb = 600
      k =   33 ; sb/Sb = 0.554467090965673 ; sb = 1147.81383699209
      k =   34 ; sb/Sb = 0.652160659306976 ; sb = 1350.05132115366
      k =   35 ; sb/Sb = 1 ; sb = 2070.12076224945
      Creating new point: f = 0.390819923188745
    i = 24 ; sf/Sf = 0.873020220116467 ; sf = 2040.6930568905
      k =   31 ; sb/Sb = 0 ; sb = 0
      k =   32 ; sb/Sb = 0.289838163522414 ; sb = 600
      k =   33 ; sb/Sb = 0.554467090965673 ; sb = 1147.81383699209
      k =   34 ; sb/Sb = 0.652160659306976 ; sb = 1350.05132115366
      k =   35 ; sb/Sb = 1 ; sb = 2070.12076224945
      Creating new point: f = 0.634947042992485
Tear 3 : Sf = 2242.00993350708 ; Sb = 1913.82500658254
  Forwards path
    i = 45 ; sf/Sf = 0.201849391118213 ; sf = 452.54833995939
      k =   46 ; sb/Sb = 0 ; sb = 0
      k =   47 ; sb/Sb = 0.310709050120823 ; sb = 594.64274989274
      Creating new point: f = 0.649641170862971
    i = 44 ; sf/Sf = 0.417147605560474 ; sf = 935.249075405277
      k =   46 ; sb/Sb = 0 ; sb = 0
      k =   47 ; sb/Sb = 0.310709050120823 ; sb = 594.64274989274
      k =   48 ; sb/Sb = 0.604898711387582 ; sb = 1157.67028030311
      Creating new point: f = 0.361802501764794
    i = 276 ; sf/Sf = 0.556008632386597 ; sf = 1246.57687692644
      k =   46 ; sb/Sb = 0 ; sb = 0
      k =   47 ; sb/Sb = 0.310709050120823 ; sb = 594.64274989274
      k =   48 ; sb/Sb = 0.604898711387582 ; sb = 1157.67028030311
      Creating new point: f = 0.833814421654154
    i = 43 ; sf/Sf = 0.69486965921272 ; sf = 1557.9046784476
      k =   46 ; sb/Sb = 0 ; sb = 0
      k =   47 ; sb/Sb = 0.310709050120823 ; sb = 594.64274989274
      k =   48 ; sb/Sb = 0.604898711387582 ; sb = 1157.67028030311
      k =   49 ; sb/Sb = 0.78054419889205 ; sb = 1493.82500658254
      Creating new point: f = 0.5122303402349
    i = 423 ; sf/Sf = 0.84743482960636 ; sf = 1899.95730597734
      k =   46 ; sb/Sb = 0 ; sb = 0
      k =   47 ; sb/Sb = 0.310709050120823 ; sb = 594.64274989274
      k =   48 ; sb/Sb = 0.604898711387582 ; sb = 1157.67028030311
      k =   49 ; sb/Sb = 0.78054419889205 ; sb = 1493.82500658254
      k =   50 ; sb/Sb = 1 ; sb = 1913.82500658254
      Creating new point: f = 0.304802289921728
Tear 4 : Sf = 1616.41067639502 ; Sb = 967.133367907565
  Forwards path
    i = 56 ; sf/Sf = 0.313017250514183 ; sf = 505.964425626941
      k =   57 ; sb/Sb = 0 ; sb = 0
      k =   58 ; sb/Sb = 0.33103625879884 ; sb = 320.156211871642
      Creating new point: f = 0.945567871175082
    i = 55 ; sf/Sf = 0.368696170057526 ; sf = 595.964425626941
      k =   57 ; sb/Sb = 0 ; sb = 0
      k =   58 ; sb/Sb = 0.33103625879884 ; sb = 320.156211871642
      k =   59 ; sb/Sb = 0.796328859522145 ; sb = 770.156211871642
      Creating new point: f = 0.0809381262460296
    i = 54 ; sf/Sf = 0.715418855667355 ; sf = 1156.41067639502
      k =   57 ; sb/Sb = 0 ; sb = 0
      k =   58 ; sb/Sb = 0.33103625879884 ; sb = 320.156211871642
      k =   59 ; sb/Sb = 0.796328859522145 ; sb = 770.156211871642
      Creating new point: f = 0.826109412165561
Tear 1 : Sf = 4156.27392494419 ; Sb = 4692.35951490001
  Backwards path
    i = 9 ; sf/Sf = 0.0776657779685958 ; sf = 322.800247831379
      k =    8 ; sb/Sb = 0 ; sb = 0
      k =    7 ; sb/Sb = 0.0725834681330434 ; sb = 340.587727318528
      k =    6 ; sb/Sb = 0.134971190650151 ; sb = 633.333350684617
      Creating new point: f = 0.081463301279491
    i = 10 ; sf/Sf = 0.144775530274773 ; sf = 601.726761451006
      k =    8 ; sb/Sb = 0 ; sb = 0
      k =    7 ; sb/Sb = 0.0725834681330434 ; sb = 340.587727318528
      k =    6 ; sb/Sb = 0.134971190650151 ; sb = 633.333350684617
      k =    5 ; sb/Sb = 0.183615000546957 ; sb = 861.587594894884
      Creating new point: f = 0.201553695021453
    i = 11 ; sf/Sf = 0.235216855695666 ; sf = 977.625684035257
      k =    8 ; sb/Sb = 0 ; sb = 0
      k =    7 ; sb/Sb = 0.0725834681330434 ; sb = 340.587727318528
      k =    6 ; sb/Sb = 0.134971190650151 ; sb = 633.333350684617
      k =    5 ; sb/Sb = 0.183615000546957 ; sb = 861.587594894884
      k =    4 ; sb/Sb = 0.229223045904685 ; sb = 1075.59694048521
      k =    3 ; sb/Sb = 0.342253009308575 ; sb = 1605.97416473226
      Creating new point: f = 0.0530285033320178
    i = 145 ; sf/Sf = 0.341551492952974 ; sf = 1419.58156418621
      k =    8 ; sb/Sb = 0 ; sb = 0
      k =    7 ; sb/Sb = 0.0725834681330434 ; sb = 340.587727318528
      k =    6 ; sb/Sb = 0.134971190650151 ; sb = 633.333350684617
      k =    5 ; sb/Sb = 0.183615000546957 ; sb = 861.587594894884
      k =    4 ; sb/Sb = 0.229223045904685 ; sb = 1075.59694048521
      k =    3 ; sb/Sb = 0.342253009308575 ; sb = 1605.97416473226
      Creating new point: f = 0.99379353638208
    i = 12 ; sf/Sf = 0.447886130210283 ; sf = 1861.53744433715
      k =    8 ; sb/Sb = 0 ; sb = 0
      k =    7 ; sb/Sb = 0.0725834681330434 ; sb = 340.587727318528
      k =    6 ; sb/Sb = 0.134971190650151 ; sb = 633.333350684617
      k =    5 ; sb/Sb = 0.183615000546957 ; sb = 861.587594894884
      k =    4 ; sb/Sb = 0.229223045904685 ; sb = 1075.59694048521
      k =    3 ; sb/Sb = 0.342253009308575 ; sb = 1605.97416473226
      k =    2 ; sb/Sb = 0.428793439298112 ; sb = 2012.05297481719
      k =    1 ; sb/Sb = 0.531795316585872 ; sb = 2495.37481376098
      Creating new point: f = 0.185362552750675
    i = 207 ; sf/Sf = 0.539227074601878 ; sf = 2241.17542979172
      k =    8 ; sb/Sb = 0 ; sb = 0
      k =    7 ; sb/Sb = 0.0725834681330434 ; sb = 340.587727318528
      k =    6 ; sb/Sb = 0.134971190650151 ; sb = 633.333350684617
      k =    5 ; sb/Sb = 0.183615000546957 ; sb = 861.587594894884
      k =    4 ; sb/Sb = 0.229223045904685 ; sb = 1075.59694048521
      k =    3 ; sb/Sb = 0.342253009308575 ; sb = 1605.97416473226
      k =    2 ; sb/Sb = 0.428793439298112 ; sb = 2012.05297481719
      k =    1 ; sb/Sb = 0.531795316585872 ; sb = 2495.37481376098
      k =  196 ; sb/Sb = 0.618943697547163 ; sb = 2904.30634837282
      Creating new point: f = 0.0852770634867821
    i = 13 ; sf/Sf = 0.630568018993473 ; sf = 2620.81341524628
      k =    8 ; sb/Sb = 0 ; sb = 0
      k =    7 ; sb/Sb = 0.0725834681330434 ; sb = 340.587727318528
      k =    6 ; sb/Sb = 0.134971190650151 ; sb = 633.333350684617
      k =    5 ; sb/Sb = 0.183615000546957 ; sb = 861.587594894884
      k =    4 ; sb/Sb = 0.229223045904685 ; sb = 1075.59694048521
      k =    3 ; sb/Sb = 0.342253009308575 ; sb = 1605.97416473226
      k =    2 ; sb/Sb = 0.428793439298112 ; sb = 2012.05297481719
      k =    1 ; sb/Sb = 0.531795316585872 ; sb = 2495.37481376098
      k =  196 ; sb/Sb = 0.618943697547163 ; sb = 2904.30634837282
      k =   66 ; sb/Sb = 0.706092078508454 ; sb = 3313.23788298467
      Creating new point: f = 0.133385397618269
    i = 434 ; sf/Sf = 0.708540648881271 ; sf = 2944.88902370826
      k =    8 ; sb/Sb = 0 ; sb = 0
      k =    7 ; sb/Sb = 0.0725834681330434 ; sb = 340.587727318528
      k =    6 ; sb/Sb = 0.134971190650151 ; sb = 633.333350684617
      k =    5 ; sb/Sb = 0.183615000546957 ; sb = 861.587594894884
      k =    4 ; sb/Sb = 0.229223045904685 ; sb = 1075.59694048521
      k =    3 ; sb/Sb = 0.342253009308575 ; sb = 1605.97416473226
      k =    2 ; sb/Sb = 0.428793439298112 ; sb = 2012.05297481719
      k =    1 ; sb/Sb = 0.531795316585872 ; sb = 2495.37481376098
      k =  196 ; sb/Sb = 0.618943697547163 ; sb = 2904.30634837282
      k =   66 ; sb/Sb = 0.706092078508454 ; sb = 3313.23788298467
      k =  379 ; sb/Sb = 0.799534028976143 ; sb = 3751.70110835255
      Creating new point: f = 0.0262041873115944
    i = 14 ; sf/Sf = 0.786513278769068 ; sf = 3268.96463217024
      k =    8 ; sb/Sb = 0 ; sb = 0
      k =    7 ; sb/Sb = 0.0725834681330434 ; sb = 340.587727318528
      k =    6 ; sb/Sb = 0.134971190650151 ; sb = 633.333350684617
      k =    5 ; sb/Sb = 0.183615000546957 ; sb = 861.587594894884
      k =    4 ; sb/Sb = 0.229223045904685 ; sb = 1075.59694048521
      k =    3 ; sb/Sb = 0.342253009308575 ; sb = 1605.97416473226
      k =    2 ; sb/Sb = 0.428793439298112 ; sb = 2012.05297481719
      k =    1 ; sb/Sb = 0.531795316585872 ; sb = 2495.37481376098
      k =  196 ; sb/Sb = 0.618943697547163 ; sb = 2904.30634837282
      k =   66 ; sb/Sb = 0.706092078508454 ; sb = 3313.23788298467
      k =  379 ; sb/Sb = 0.799534028976143 ; sb = 3751.70110835255
      Creating new point: f = 0.860654126525561
    i = 378 ; sf/Sf = 0.862024927471029 ; sf = 3582.81172869974
      k =    8 ; sb/Sb = 0 ; sb = 0
      k =    7 ; sb/Sb = 0.0725834681330434 ; sb = 340.587727318528
      k =    6 ; sb/Sb = 0.134971190650151 ; sb = 633.333350684617
      k =    5 ; sb/Sb = 0.183615000546957 ; sb = 861.587594894884
      k =    4 ; sb/Sb = 0.229223045904685 ; sb = 1075.59694048521
      k =    3 ; sb/Sb = 0.342253009308575 ; sb = 1605.97416473226
      k =    2 ; sb/Sb = 0.428793439298112 ; sb = 2012.05297481719
      k =    1 ; sb/Sb = 0.531795316585872 ; sb = 2495.37481376098
      k =  196 ; sb/Sb = 0.618943697547163 ; sb = 2904.30634837282
      k =   66 ; sb/Sb = 0.706092078508454 ; sb = 3313.23788298467
      k =  379 ; sb/Sb = 0.799534028976143 ; sb = 3751.70110835255
      k =   65 ; sb/Sb = 0.892975979443832 ; sb = 4190.16433372042
      Creating new point: f = 0.668767059999393
    i = 15 ; sf/Sf = 0.937536576172989 ; sf = 3896.65882522924
      k =    8 ; sb/Sb = 0 ; sb = 0
      k =    7 ; sb/Sb = 0.0725834681330434 ; sb = 340.587727318528
      k =    6 ; sb/Sb = 0.134971190650151 ; sb = 633.333350684617
      k =    5 ; sb/Sb = 0.183615000546957 ; sb = 861.587594894884
      k =    4 ; sb/Sb = 0.229223045904685 ; sb = 1075.59694048521
      k =    3 ; sb/Sb = 0.342253009308575 ; sb = 1605.97416473226
      k =    2 ; sb/Sb = 0.428793439298112 ; sb = 2012.05297481719
      k =    1 ; sb/Sb = 0.531795316585872 ; sb = 2495.37481376098
      k =  196 ; sb/Sb = 0.618943697547163 ; sb = 2904.30634837282
      k =   66 ; sb/Sb = 0.706092078508454 ; sb = 3313.23788298467
      k =  379 ; sb/Sb = 0.799534028976143 ; sb = 3751.70110835255
      k =   65 ; sb/Sb = 0.892975979443832 ; sb = 4190.16433372042
      k =   64 ; sb/Sb = 1 ; sb = 4692.35951490001
      Creating new point: f = 0.416360705733073
Tear 2 : Sf = 2070.12076224945 ; Sb = 2337.50949848361
  Backwards path
    i = 32 ; sf/Sf = 0.289838163522414 ; sf = 600
      k =   31 ; sb/Sb = 0 ; sb = 0
      k =   30 ; sb/Sb = 0.237615189773675 ; sb = 555.427763079953
      k =   29 ; sb/Sb = 0.323709435852903 ; sb = 756.673881054934
      Creating new point: f = 0.606579140035451
    i = 33 ; sf/Sf = 0.554467090965673 ; sf = 1147.81383699209
      k =   31 ; sb/Sb = 0 ; sb = 0
      k =   30 ; sb/Sb = 0.237615189773675 ; sb = 555.427763079953
      k =   29 ; sb/Sb = 0.323709435852903 ; sb = 756.673881054934
      k =   28 ; sb/Sb = 0.433281170069798 ; sb = 1012.79885055225
      k =   27 ; sb/Sb = 0.516346021149734 ; sb = 1206.96372894172
      k =   26 ; sb/Sb = 0.537736308561373 ; sb = 1256.96372894172
      k =   71 ; sb/Sb = 0.678584932171057 ; sb = 1586.1987244777
      Creating new point: f = 0.118785558392565
    i = 34 ; sf/Sf = 0.652160659306976 ; sf = 1350.05132115366
      k =   31 ; sb/Sb = 0 ; sb = 0
      k =   30 ; sb/Sb = 0.237615189773675 ; sb = 555.427763079953
      k =   29 ; sb/Sb = 0.323709435852903 ; sb = 756.673881054934
      k =   28 ; sb/Sb = 0.433281170069798 ; sb = 1012.79885055225
      k =   27 ; sb/Sb = 0.516346021149734 ; sb = 1206.96372894172
      k =   26 ; sb/Sb = 0.537736308561373 ; sb = 1256.96372894172
      k =   71 ; sb/Sb = 0.678584932171057 ; sb = 1586.1987244777
      Creating new point: f = 0.812392395560023
Tear 3 : Sf = 1913.82500658254 ; Sb = 2242.00993350708
  Backwards path
    i = 47 ; sf/Sf = 0.310709050120823 ; sf = 594.64274989274
      k =   46 ; sb/Sb = 0 ; sb = 0
      k =   45 ; sb/Sb = 0.201849391118213 ; sb = 452.54833995939
      k =   44 ; sb/Sb = 0.417147605560474 ; sb = 935.249075405277
      Creating new point: f = 0.505622674505759
    i = 48 ; sf/Sf = 0.604898711387582 ; sf = 1157.67028030311
      k =   46 ; sb/Sb = 0 ; sb = 0
      k =   45 ; sb/Sb = 0.201849391118213 ; sb = 452.54833995939
      k =   44 ; sb/Sb = 0.417147605560474 ; sb = 935.249075405277
      k =  276 ; sb/Sb = 0.556008632386597 ; sb = 1246.57687692644
      k =   43 ; sb/Sb = 0.69486965921272 ; sb = 1557.9046784476
      Creating new point: f = 0.352079198306687
    i = 49 ; sf/Sf = 0.78054419889205 ; sf = 1493.82500658254
      k =   46 ; sb/Sb = 0 ; sb = 0
      k =   45 ; sb/Sb = 0.201849391118213 ; sb = 452.54833995939
      k =   44 ; sb/Sb = 0.417147605560474 ; sb = 935.249075405277
      k =  276 ; sb/Sb = 0.556008632386597 ; sb = 1246.57687692644
      k =   43 ; sb/Sb = 0.69486965921272 ; sb = 1557.9046784476
      k =  423 ; sb/Sb = 0.84743482960636 ; sb = 1899.95730597734
      Creating new point: f = 0.561560279179558
Tear 4 : Sf = 967.133367907565 ; Sb = 1616.41067639502
  Backwards path
    i = 58 ; sf/Sf = 0.33103625879884 ; sf = 320.156211871642
      k =   57 ; sb/Sb = 0 ; sb = 0
      k =   56 ; sb/Sb = 0.313017250514183 ; sb = 505.964425626941
      k =   55 ; sb/Sb = 0.368696170057526 ; sb = 595.964425626941
      Creating new point: f = 0.323623526326337
    i = 59 ; sf/Sf = 0.796328859522145 ; sf = 770.156211871642
      k =   57 ; sb/Sb = 0 ; sb = 0
      k =   56 ; sb/Sb = 0.313017250514183 ; sb = 505.964425626941
      k =   55 ; sb/Sb = 0.368696170057526 ; sb = 595.964425626941
      k =   54 ; sb/Sb = 0.715418855667355 ; sb = 1156.41067639502
      k =   53 ; sb/Sb = 1 ; sb = 1616.41067639502
      Creating new point: f = 0.284312595778359
Triangulating...
[1] "Non-adjacent points in rim connected by line: 465 36"
[1] "In triangle: 926" "In triangle: 927"
[1] "Other points in triangles: 81 35"
[1] "Non-adjacent points in rim connected by line: 476 5"
[1] "In triangle: 73" "In triangle: 82"
[1] "Other points in triangles: 112 4"
Merging points...
Projecting to sphere...
Optimising mapping with FIRE...
E =  0.00586 | E_L =  0.00586 | E_A =  0.00000 |   0 flippped triangles
E =  0.00570 | E_L =  0.00570 | E_A =  0.00000 |  53 flippped triangles
        phi0    phi0.1    phi0.2    phi0.3    phi0.4    phi0.5    phi0.6
id   10.0000     59.00    61.000    66.000    68.000  70.00000     72.00
A   177.8085  11245.49  1637.987  2388.133  8599.378  14.59496  47507.67
a  -134.4156 -11097.71 -1385.543 -2377.204 -7012.720 -13.20809 -49676.63
      phi0.7    phi0.8    phi0.9   phi0.10   phi0.11   phi0.12   phi0.13
id    73.000     76.00    95.000    96.000    97.000   101.000    185.00
A   8786.083  50303.61  4302.799  2236.608  3865.935  3180.760  57766.07
a  -1286.318 -34777.06 -4583.304 -2172.572 -2490.055 -3156.743 -45745.53
     phi0.14   phi0.15   phi0.16   phi0.17   phi0.18   phi0.19   phi0.20
id    186.00  230.0000   238.000    239.00   244.000   246.000 265.00000
A   11126.23  601.0013  7596.456  32577.85  9352.827  4442.301  11.45061
a  -10011.26 -546.5171 -6764.290 -32092.60 -8968.847 -4118.391 -12.17661
     phi0.21   phi0.22   phi0.23   phi0.24   phi0.25   phi0.26   phi0.27
id   270.000  271.0000   272.000    350.00   361.000    476.00   477.000
A   3506.034  835.9092  9881.574  25511.75  8953.582  34756.66  3983.170
a  -3842.866 -713.1764 -9240.798 -14423.36 -7086.304 -18893.58 -4085.269
     phi0.28   phi0.29   phi0.30   phi0.31   phi0.32   phi0.33   phi0.34
id   478.000    479.00  498.0000   500.000    501.00   524.000   525.000
A   7103.081  47142.82 1142.6416  7379.354  20374.61 15742.490  9748.568
a  -9562.391 -37529.63 -987.7113 -8693.990 -19496.53 -4922.765 -5925.505
     phi0.35   phi0.36   phi0.37   phi0.38   phi0.39   phi0.40   phi0.41
id    680.00    685.00   689.000    778.00   786.000    807.00    808.00
A   33866.34  34663.56 16775.686  20843.14  5736.957  11293.25  11852.17
a  -22296.62 -36557.88 -9169.612 -15325.76 -6488.428 -11919.28 -11716.36
      phi0.42   phi0.43   phi0.44   phi0.45   phi0.46   phi0.47   phi0.48
id   817.0000   823.000    858.00   860.000   899.000   900.000   903.000
A  17137.2425  6707.492  24775.68 15726.582  8021.762 29558.114 41858.785
a   -758.4627 -4241.303 -13544.82 -8835.328 -6911.008 -7016.125 -4705.022
     phi0.49   phi0.50   phi0.51   phi0.52
id   906.000    919.00    945.00   946.000
A  15466.991  16297.85  16308.14  8935.916
a  -9297.797 -17389.63 -14726.14 -7658.805
E =  0.00565 | E_L =  0.00565 | E_A =  0.00000 |  49 flippped triangles
        phi0    phi0.1    phi0.2    phi0.3    phi0.4    phi0.5    phi0.6
id   10.0000     59.00    61.000    66.000    68.000  70.00000     72.00
A   177.8085  11245.49  1637.987  2388.133  8599.378  14.59496  47507.67
a  -155.4284 -11049.37 -1381.610 -2385.934 -6253.218 -14.82749 -48899.57
      phi0.7    phi0.8    phi0.9   phi0.10   phi0.11   phi0.12   phi0.13
id    73.000     76.00    95.000    96.000    97.000   101.000    185.00
A   8786.083  50303.61  4302.799  2236.608  3865.935  3180.760  57766.07
a  -1021.416 -32872.76 -4730.425 -2167.735 -1788.192 -3244.746 -40955.63
     phi0.14   phi0.15   phi0.16   phi0.17   phi0.18   phi0.19   phi0.20
id   186.000  230.0000   238.000    239.00   244.000   246.000 265.00000
A  11126.233  601.0013  7596.456  32577.85  9352.827  4442.301  11.45061
a  -9873.369 -547.3349 -6009.258 -29668.72 -8644.808 -3994.294 -12.60516
     phi0.21   phi0.22   phi0.23   phi0.24   phi0.25   phi0.26   phi0.27
id   270.000  271.0000   272.000    350.00   361.000   477.000   478.000
A   3506.034  835.9092  9881.574  25511.75  8953.582  3983.170  7103.081
a  -3787.102 -647.3701 -9354.054 -15232.93 -7200.915 -3888.873 -9342.965
     phi0.28   phi0.29   phi0.30   phi0.31   phi0.32   phi0.33   phi0.34
id    479.00  498.0000   500.000    501.00   525.000    680.00    685.00
A   47142.82 1142.6416  7379.354  20374.61  9748.568  33866.34  34663.56
a  -35165.21 -979.3765 -8335.086 -18499.92 -6219.432 -21401.54 -36941.40
     phi0.35   phi0.36   phi0.37   phi0.38   phi0.39   phi0.40   phi0.41
id   689.000    778.00   786.000    807.00    808.00   823.000    858.00
A  16775.686  20843.14  5736.957  11293.25  11852.17  6707.492  24775.68
a  -8418.401 -17219.83 -6610.152 -11127.74 -11990.08 -2407.853 -16459.66
     phi0.42   phi0.43  phi0.44  phi0.45   phi0.46   phi0.47   phi0.48
id    860.00   899.000   900.00   906.00    919.00    945.00   946.000
A   15726.58  8021.762 29558.11 15466.99  16297.85  16308.14  8935.916
a  -10207.85 -7366.258 -7094.52 -8576.63 -17845.62 -15414.94 -7679.143
E =  0.00560 | E_L =  0.00560 | E_A =  0.00000 |  48 flippped triangles
        phi0    phi0.1    phi0.2    phi0.3    phi0.4    phi0.5    phi0.6
id   10.0000     59.00    61.000    66.000    68.000  70.00000     72.00
A   177.8085  11245.49  1637.987  2388.133  8599.378  14.59496  47507.67
a  -161.4427 -11243.05 -1404.592 -2346.900 -6917.895 -14.51068 -49348.45
      phi0.7    phi0.8    phi0.9   phi0.10   phi0.11   phi0.12   phi0.13
id     76.00    95.000    96.000    97.000   101.000    185.00   186.000
A   50303.61  4302.799  2236.608  3865.935  3180.760  57766.07 11126.233
a  -35650.72 -4603.941 -2191.114 -2096.964 -3144.792 -40357.21 -9722.125
     phi0.14   phi0.15   phi0.16   phi0.17   phi0.18   phi0.19   phi0.20
id  230.0000   238.000    239.00   244.000   246.000 265.00000   270.000
A   601.0013  7596.456  32577.85  9352.827  4442.301  11.45061  3506.034
a  -569.0664 -6547.276 -28872.85 -8811.678 -3422.329 -12.29851 -3805.038
     phi0.21   phi0.22   phi0.23   phi0.24   phi0.25   phi0.26   phi0.27
id  271.0000   272.000    350.00   361.000   477.000   478.000    479.00
A   835.9092  9881.574  25511.75  8953.582  3983.170  7103.081  47142.82
a  -605.4536 -9604.183 -16109.34 -7120.104 -3942.921 -9523.623 -35579.37
     phi0.28   phi0.29   phi0.30   phi0.31   phi0.32   phi0.33   phi0.34
id  498.0000   500.000    501.00   525.000    680.00    685.00   689.000
A  1142.6416  7379.354  20374.61  9748.568  33866.34  34663.56 16775.686
a  -971.8799 -8045.465 -17963.59 -6265.169 -18892.19 -37890.55 -6825.174
     phi0.35   phi0.36   phi0.37   phi0.38   phi0.39   phi0.40   phi0.41
id    778.00   786.000    807.00    808.00   823.000    858.00    860.00
A   20843.14  5736.957  11293.25  11852.17  6707.492  24775.68  15726.58
a  -15385.43 -6542.409 -11171.21 -11902.20 -3131.204 -17474.52 -10583.46
     phi0.42   phi0.43  phi0.44   phi0.45   phi0.46   phi0.47
id   899.000   900.000   906.00    919.00    945.00   946.000
A   8021.762 29558.114 15466.99  16297.85  16308.14  8935.916
a  -7288.822 -9278.644 -8668.51 -17706.50 -16561.75 -8035.806
E =  0.00558 | E_L =  0.00558 | E_A =  0.00000 |  49 flippped triangles
        phi0    phi0.1    phi0.2    phi0.3    phi0.4    phi0.5    phi0.6
id   10.0000     59.00    61.000    66.000    68.000  70.00000     72.00
A   177.8085  11245.49  1637.987  2388.133  8599.378  14.59496  47507.67
a  -157.6991 -11087.81 -1385.204 -2384.793 -6222.097 -14.60616 -48791.24
      phi0.7    phi0.8    phi0.9   phi0.10   phi0.11   phi0.12   phi0.13
id   73.0000     76.00    95.000    96.000    97.000   101.000    185.00
A  8786.0830  50303.61  4302.799  2236.608  3865.935  3180.760  57766.07
a  -989.1303 -33499.17 -4759.384 -2197.805 -1826.654 -3257.355 -40633.04
     phi0.14   phi0.15   phi0.16   phi0.17   phi0.18   phi0.19   phi0.20
id   186.000  230.0000   238.000    239.00   244.000   246.000 265.00000
A  11126.233  601.0013  7596.456  32577.85  9352.827  4442.301  11.45061
a  -9740.507 -544.8959 -5988.659 -29244.23 -8615.586 -3854.377 -12.36791
     phi0.21   phi0.22   phi0.23   phi0.24   phi0.25   phi0.26   phi0.27
id   270.000  271.0000   272.000    350.00   361.000   477.000   478.000
A   3506.034  835.9092  9881.574  25511.75  8953.582  3983.170  7103.081
a  -3751.189 -644.1563 -9141.288 -12894.24 -7147.500 -3909.055 -9479.459
     phi0.28  phi0.29   phi0.30   phi0.31   phi0.32   phi0.33   phi0.34
id    479.00  498.000   500.000    501.00   525.000    680.00    685.00
A   47142.82 1142.642  7379.354  20374.61  9748.568  33866.34  34663.56
a  -35142.72 -975.235 -8268.346 -18202.87 -6154.726 -20653.74 -37444.57
     phi0.35   phi0.36   phi0.37   phi0.38   phi0.39   phi0.40   phi0.41
id   689.000    778.00   786.000    807.00    808.00   823.000    858.00
A  16775.686  20843.14  5736.957  11293.25  11852.17  6707.492  24775.68
a  -7888.019 -17035.26 -6594.697 -11156.67 -11985.42 -2413.710 -17319.48
     phi0.42   phi0.43   phi0.44   phi0.45   phi0.46   phi0.47   phi0.48
id    860.00   899.000   900.000   906.000    919.00    945.00   946.000
A   15726.58  8021.762 29558.114 15466.991  16297.85  16308.14  8935.916
a  -10690.42 -7429.821 -3472.429 -8339.537 -17675.76 -15608.66 -7799.487
FIRE:  4  stops.  0 hits of maxmove.  0 hits of dtmax.
Frms = 9.37011085416844e-06; Ftanrms = 9.36894478412776e-06
E =  0.00961 | E_L =  0.00960 | E_A =  0.00001 |   0 flippped triangles
E =  0.00661 | E_L =  0.00660 | E_A =  0.00001 |   0 flippped triangles
E =  0.00624 | E_L =  0.00624 | E_A =  0.00000 |   0 flippped triangles
E =  0.00612 | E_L =  0.00612 | E_A =  0.00000 |   0 flippped triangles
E =  0.00612 | E_L =  0.00612 | E_A =  0.00000 |   0 flippped triangles
Optimising mapping with BFGS...
E =  0.00612 | E_L =  0.00612 | E_A =  0.00000 |   0 flippped triangles
Transforming image...
Mapping optimised. Error: 0.006117198 ; 0 flipped triangles.
Inferring coordinates of datapoints
Inferring coordinates of landmarks
Mapping optimised. Error: 0.006117198 ; 0 flipped triangles. OD displacement: 6.826955 degrees.
Computing Kernel Density estimates of datapoints

[1] 0.8
Saving developmental_retina/data/C57BL6J/P8/GM138-6/R-CONTRA/r.mat
