[1] "Adding old segment 1"
[1] "Adding old segment 4"
[1] "Adding old segment 3"
[1] "Intersection found. Old points:"
    X     Y 
-1590 -2381 
    X     Y 
-1590 -2271 
    X     Y 
-1590 -2271 
    X     Y 
-1430 -1801 
[1] "Point i+1 has been changed:"
    X     Y 
-1590 -2381 
    X     Y 
-1590 -2271 
    X     Y 
-1590 -2271 
    X     Y 
-1430 -1801 
[1] "a= 0.100707436813845"
[1] "l= 496.487663492256"
[1] "New points:"
    X     Y 
-1590 -2381 
    X     Y 
-1590 -2271 
        X         Y 
-1446.113 -1848.332 
    X     Y 
-1430 -1801 
[1] "Storing new segment 1"
[1] "Adding old segment 2"
[1] "Storing new segment 2"
Triangulating...
[1] "Non-adjacent points in rim connected by line: 76 74"
[1] "In triangle: 6"  "In triangle: 82"
[1] "Other points in triangles: 75 165"
[1] "Non-adjacent points in rim connected by line: 150 55"
[1] "In triangle: 88" "In triangle: 91"
[1] "Other points in triangles: 81 56"
Stitching...
Tear 1 child of rim
Tear 2 child of rim
Tear 3 child of rim
Tear 4 child of rim
Tear 5 child of rim
Tear 1 : Sf = 3917.0430404877 ; Sb = 3091.85860382177
  Forwards path
    i = 11 ; sf/Sf = 0.0868001695374957 ; sf = 340
      k =   12 ; sb/Sb = 0 ; sb = 0
      k =   13 ; sb/Sb = 0.219599242679293 ; sb = 678.969807870718
      Creating new point: f = 0.39526625173412
    i = 10 ; sf/Sf = 0.142964985120581 ; sf = 560
      k =   12 ; sb/Sb = 0 ; sb = 0
      k =   13 ; sb/Sb = 0.219599242679294 ; sb = 678.969807870718
      Creating new point: f = 0.65102676756208
    i = 9 ; sf/Sf = 0.215037689288446 ; sf = 842.311884269862
      k =   12 ; sb/Sb = 0 ; sb = 0
      k =   13 ; sb/Sb = 0.219599242679293 ; sb = 678.969807870718
      Creating new point: f = 0.979227827313095
    i = 8 ; sf/Sf = 0.274582114351687 ; sf = 1075.54996006367
      k =   12 ; sb/Sb = 0 ; sb = 0
      k =   13 ; sb/Sb = 0.219599242679293 ; sb = 678.969807870718
      k =   14 ; sb/Sb = 0.328273666507375 ; sb = 1014.97576019895
      Creating new point: f = 0.505941230103728
    i = 7 ; sf/Sf = 0.397389174131233 ; sf = 1556.5904988959
      k =   12 ; sb/Sb = 0 ; sb = 0
      k =   13 ; sb/Sb = 0.219599242679293 ; sb = 678.969807870718
      k =   14 ; sb/Sb = 0.328273666507375 ; sb = 1014.97576019895
      k =  264 ; sb/Sb = 0.393463078293 ; sb = 1216.53220390641
      k =   15 ; sb/Sb = 0.458652490078625 ; sb = 1418.08864761387
      Creating new point: f = 0.0602259742907966
    i = 6 ; sf/Sf = 0.473164813695347 ; sf = 1853.40694048902
      k =   12 ; sb/Sb = 0 ; sb = 0
      k =   13 ; sb/Sb = 0.219599242679293 ; sb = 678.969807870718
      k =   14 ; sb/Sb = 0.328273666507375 ; sb = 1014.97576019895
      k =  264 ; sb/Sb = 0.393463078293 ; sb = 1216.53220390641
      k =   15 ; sb/Sb = 0.458652490078625 ; sb = 1418.08864761387
      k =   16 ; sb/Sb = 0.565775727481585 ; sb = 1749.29855084746
      Creating new point: f = 0.13547316127249
    i = 5 ; sf/Sf = 0.511797899403125 ; sf = 2004.73439999323
      k =   12 ; sb/Sb = 0 ; sb = 0
      k =   13 ; sb/Sb = 0.219599242679293 ; sb = 678.969807870718
      k =   14 ; sb/Sb = 0.328273666507375 ; sb = 1014.97576019895
      k =  264 ; sb/Sb = 0.393463078293 ; sb = 1216.53220390641
      k =   15 ; sb/Sb = 0.458652490078625 ; sb = 1418.08864761387
      k =   16 ; sb/Sb = 0.565775727481585 ; sb = 1749.29855084746
      Creating new point: f = 0.496114667675565
    i = 4 ; sf/Sf = 0.542645265257165 ; sf = 2125.56485972918
      k =   12 ; sb/Sb = 0 ; sb = 0
      k =   13 ; sb/Sb = 0.219599242679293 ; sb = 678.969807870718
      k =   14 ; sb/Sb = 0.328273666507375 ; sb = 1014.97576019895
      k =  264 ; sb/Sb = 0.393463078293 ; sb = 1216.53220390641
      k =   15 ; sb/Sb = 0.458652490078625 ; sb = 1418.08864761387
      k =   16 ; sb/Sb = 0.565775727481585 ; sb = 1749.29855084746
      Creating new point: f = 0.784076146453537
    i = 3 ; sf/Sf = 0.567788868990888 ; sf = 2224.05343774714
      k =   12 ; sb/Sb = 0 ; sb = 0
      k =   13 ; sb/Sb = 0.219599242679293 ; sb = 678.969807870718
      k =   14 ; sb/Sb = 0.328273666507375 ; sb = 1014.97576019895
      k =  264 ; sb/Sb = 0.393463078293 ; sb = 1216.53220390641
      k =   15 ; sb/Sb = 0.458652490078625 ; sb = 1418.08864761387
      k =   16 ; sb/Sb = 0.565775727481585 ; sb = 1749.29855084746
      k =   17 ; sb/Sb = 0.684391247597713 ; sb = 2116.0409672653
      Creating new point: f = 0.0169719907422957
    i = 2 ; sf/Sf = 0.670416034607834 ; sf = 2626.04846259198
      k =   12 ; sb/Sb = 0 ; sb = 0
      k =   13 ; sb/Sb = 0.219599242679293 ; sb = 678.969807870718
      k =   14 ; sb/Sb = 0.328273666507375 ; sb = 1014.97576019895
      k =  264 ; sb/Sb = 0.393463078293 ; sb = 1216.53220390641
      k =   15 ; sb/Sb = 0.458652490078625 ; sb = 1418.08864761387
      k =   16 ; sb/Sb = 0.565775727481585 ; sb = 1749.29855084746
      k =   17 ; sb/Sb = 0.684391247597713 ; sb = 2116.0409672653
      Creating new point: f = 0.882180569825964
    i = 1 ; sf/Sf = 0.683180765422171 ; sf = 2676.04846259198
      k =   12 ; sb/Sb = 0 ; sb = 0
      k =   13 ; sb/Sb = 0.219599242679293 ; sb = 678.969807870718
      k =   14 ; sb/Sb = 0.328273666507375 ; sb = 1014.97576019895
      k =  264 ; sb/Sb = 0.393463078293 ; sb = 1216.53220390641
      k =   15 ; sb/Sb = 0.458652490078625 ; sb = 1418.08864761387
      k =   16 ; sb/Sb = 0.565775727481585 ; sb = 1749.29855084746
      k =   17 ; sb/Sb = 0.684391247597713 ; sb = 2116.0409672653
      Creating new point: f = 0.989794909010589
    i = 76 ; sf/Sf = 0.797166662150196 ; sf = 3122.53612608423
      k =   12 ; sb/Sb = 0 ; sb = 0
      k =   13 ; sb/Sb = 0.219599242679293 ; sb = 678.969807870718
      k =   14 ; sb/Sb = 0.328273666507375 ; sb = 1014.97576019895
      k =  264 ; sb/Sb = 0.393463078293 ; sb = 1216.53220390641
      k =   15 ; sb/Sb = 0.458652490078625 ; sb = 1418.08864761387
      k =   16 ; sb/Sb = 0.565775727481585 ; sb = 1749.29855084746
      k =   17 ; sb/Sb = 0.684391247597713 ; sb = 2116.0409672653
      k =   18 ; sb/Sb = 0.74455271557282 ; sb = 2302.05171964269
      k =   19 ; sb/Sb = 0.818376998458243 ; sb = 2530.30596385295
      Creating new point: f = 0.712691603913497
    i = 75 ; sf/Sf = 0.825249069941738 ; sf = 3232.53612608423
      k =   12 ; sb/Sb = 0 ; sb = 0
      k =   13 ; sb/Sb = 0.219599242679293 ; sb = 678.969807870718
      k =   14 ; sb/Sb = 0.328273666507375 ; sb = 1014.97576019895
      k =  264 ; sb/Sb = 0.393463078293 ; sb = 1216.53220390641
      k =   15 ; sb/Sb = 0.458652490078625 ; sb = 1418.08864761387
      k =   16 ; sb/Sb = 0.565775727481585 ; sb = 1749.29855084746
      k =   17 ; sb/Sb = 0.684391247597713 ; sb = 2116.0409672653
      k =   18 ; sb/Sb = 0.74455271557282 ; sb = 2302.05171964269
      k =   19 ; sb/Sb = 0.818376998458243 ; sb = 2530.30596385295
      k =   20 ; sb/Sb = 0.934991363390949 ; sb = 2890.86109139935
      Creating new point: f = 0.0589298881613877
    i = 74 ; sf/Sf = 0.879345029269719 ; sf = 3444.4323270884
      k =   12 ; sb/Sb = 0 ; sb = 0
      k =   13 ; sb/Sb = 0.219599242679293 ; sb = 678.969807870718
      k =   14 ; sb/Sb = 0.328273666507375 ; sb = 1014.97576019895
      k =  264 ; sb/Sb = 0.393463078293 ; sb = 1216.53220390641
      k =   15 ; sb/Sb = 0.458652490078625 ; sb = 1418.08864761387
      k =   16 ; sb/Sb = 0.565775727481585 ; sb = 1749.29855084746
      k =   17 ; sb/Sb = 0.684391247597713 ; sb = 2116.0409672653
      k =   18 ; sb/Sb = 0.74455271557282 ; sb = 2302.05171964269
      k =   19 ; sb/Sb = 0.818376998458243 ; sb = 2530.30596385295
      k =   20 ; sb/Sb = 0.934991363390949 ; sb = 2890.86109139935
      Creating new point: f = 0.522817500628318
    i = 73 ; sf/Sf = 0.897754585857154 ; sf = 3516.54335259768
      k =   12 ; sb/Sb = 0 ; sb = 0
      k =   13 ; sb/Sb = 0.219599242679293 ; sb = 678.969807870718
      k =   14 ; sb/Sb = 0.328273666507375 ; sb = 1014.97576019895
      k =  264 ; sb/Sb = 0.393463078293 ; sb = 1216.53220390641
      k =   15 ; sb/Sb = 0.458652490078625 ; sb = 1418.08864761387
      k =   16 ; sb/Sb = 0.565775727481585 ; sb = 1749.29855084746
      k =   17 ; sb/Sb = 0.684391247597713 ; sb = 2116.0409672653
      k =   18 ; sb/Sb = 0.74455271557282 ; sb = 2302.05171964269
      k =   19 ; sb/Sb = 0.818376998458243 ; sb = 2530.30596385295
      k =   20 ; sb/Sb = 0.934991363390949 ; sb = 2890.86109139935
      Creating new point: f = 0.680684471803432
Tear 2 : Sf = 1140.92539491928 ; Sb = 1107.16838452253
  Forwards path
    i = 30 ; sf/Sf = 0.145875594067837 ; sf = 166.433169770932
      k =   31 ; sb/Sb = 0 ; sb = 0
      k =   32 ; sb/Sb = 0.223623047337622 ; sb = 247.588368062799
      Creating new point: f = 0.652328084267616
    i = 29 ; sf/Sf = 0.455758599711941 ; sf = 519.986560364206
      k =   31 ; sb/Sb = 0 ; sb = 0
      k =   32 ; sb/Sb = 0.223623047337622 ; sb = 247.588368062799
      k =   33 ; sb/Sb = 0.47031542899621 ; sb = 520.718373737752
      Creating new point: f = 0.940991978810214
    i = 28 ; sf/Sf = 0.647985999479942 ; sf = 739.303682358819
      k =   31 ; sb/Sb = 0 ; sb = 0
      k =   32 ; sb/Sb = 0.223623047337622 ; sb = 247.588368062799
      k =   33 ; sb/Sb = 0.47031542899621 ; sb = 520.718373737752
      k =   34 ; sb/Sb = 0.725300929139091 ; sb = 803.030258007614
      Creating new point: f = 0.696786956058969
Tear 3 : Sf = 2068.40188894592 ; Sb = 1563.41335556098
  Forwards path
    i = 50 ; sf/Sf = 0.0971752701912528 ; sf = 200.997512422418
      k =   51 ; sb/Sb = 0 ; sb = 0
      k =   52 ; sb/Sb = 0.118977333611583 ; sb = 186.010752377383
      Creating new point: f = 0.816754479542249
    i = 49 ; sf/Sf = 0.267489511808821 ; sf = 553.275811498589
      k =   51 ; sb/Sb = 0 ; sb = 0
      k =   52 ; sb/Sb = 0.118977333611583 ; sb = 186.010752377383
      k =   53 ; sb/Sb = 0.278883860641535 ; sb = 436.010752377383
      Creating new point: f = 0.928743691428059
    i = 48 ; sf/Sf = 0.437803753426389 ; sf = 905.554110574759
      k =   51 ; sb/Sb = 0 ; sb = 0
      k =   52 ; sb/Sb = 0.118977333611583 ; sb = 186.010752377383
      k =   53 ; sb/Sb = 0.278883860641535 ; sb = 436.010752377383
      k =  108 ; sb/Sb = 0.568380926593701 ; sb = 888.614331682717
      Creating new point: f = 0.548951652626121
    i = 353 ; sf/Sf = 0.554488218381088 ; sf = 1146.9044782977
      k =   51 ; sb/Sb = 0 ; sb = 0
      k =   52 ; sb/Sb = 0.118977333611583 ; sb = 186.010752377383
      k =   53 ; sb/Sb = 0.278883860641535 ; sb = 436.010752377383
      k =  108 ; sb/Sb = 0.568380926593701 ; sb = 888.614331682717
      Creating new point: f = 0.952010884231523
    i = 47 ; sf/Sf = 0.671172683335787 ; sf = 1388.25484602065
      k =   51 ; sb/Sb = 0 ; sb = 0
      k =   52 ; sb/Sb = 0.118977333611583 ; sb = 186.010752377383
      k =   53 ; sb/Sb = 0.278883860641535 ; sb = 436.010752377383
      k =  108 ; sb/Sb = 0.568380926593701 ; sb = 888.614331682717
      k =   54 ; sb/Sb = 0.857877992545867 ; sb = 1341.21791098805
      Creating new point: f = 0.355070115836927
    i = 83 ; sf/Sf = 0.835586341667893 ; sf = 1728.32836748329
      k =   51 ; sb/Sb = 0 ; sb = 0
      k =   52 ; sb/Sb = 0.118977333611583 ; sb = 186.010752377383
      k =   53 ; sb/Sb = 0.278883860641535 ; sb = 436.010752377383
      k =  108 ; sb/Sb = 0.568380926593701 ; sb = 888.614331682717
      k =   54 ; sb/Sb = 0.857877992545867 ; sb = 1341.21791098805
      Creating new point: f = 0.922998698433591
Tear 4 : Sf = 320.165971987307 ; Sb = 245.967477524977
  Forwards path
    i = 42 ; sf/Sf = 0.484878970738199 ; sf = 155.2417469626
      k =   43 ; sb/Sb = 0 ; sb = 0
      k =   44 ; sb/Sb = 1 ; sb = 245.967477524977
      Creating new point: f = 0.484878970738199
Tear 5 : Sf = 663.854602465342 ; Sb = 1012.41007447195
  Forwards path
    i = 61 ; sf/Sf = 0.214093121457178 ; sf = 142.126704035519
      k =   62 ; sb/Sb = 0 ; sb = 0
      k =   63 ; sb/Sb = 0.313909333436032 ; sb = 317.804971641414
      Creating new point: f = 0.682022159436062
    i = 103 ; sf/Sf = 0.607046560728589 ; sf = 402.990653250431
      k =   62 ; sb/Sb = 0 ; sb = 0
      k =   63 ; sb/Sb = 0.313909333436032 ; sb = 317.804971641414
      k =   64 ; sb/Sb = 0.385818039926114 ; sb = 390.606070534219
      k =   65 ; sb/Sb = 0.5115370779157 ; sb = 517.885291147798
      k =   66 ; sb/Sb = 0.774543685443551 ; sb = 784.155830261685
      Creating new point: f = 0.363144803511353
Tear 1 : Sf = 3091.85860382177 ; Sb = 3917.0430404877
  Backwards path
    i = 13 ; sf/Sf = 0.219599242679293 ; sf = 678.969807870718
      k =   12 ; sb/Sb = 0 ; sb = 0
      k =   11 ; sb/Sb = 0.0868001695374957 ; sb = 340
      k =   10 ; sb/Sb = 0.142964985120581 ; sb = 560
      k =    9 ; sb/Sb = 0.215037689288446 ; sb = 842.311884269862
      k =    8 ; sb/Sb = 0.274582114351687 ; sb = 1075.54996006367
      Creating new point: f = 0.0766075646209221
    i = 14 ; sf/Sf = 0.328273666507375 ; sf = 1014.97576019895
      k =   12 ; sb/Sb = 0 ; sb = 0
      k =   11 ; sb/Sb = 0.0868001695374957 ; sb = 340
      k =   10 ; sb/Sb = 0.142964985120581 ; sb = 560
      k =    9 ; sb/Sb = 0.215037689288446 ; sb = 842.311884269862
      k =    8 ; sb/Sb = 0.274582114351687 ; sb = 1075.54996006367
      k =    7 ; sb/Sb = 0.397389174131233 ; sb = 1556.5904988959
      Creating new point: f = 0.43720248861972
    i = 264 ; sf/Sf = 0.393463078293 ; sf = 1216.53220390641
      k =   12 ; sb/Sb = 0 ; sb = 0
      k =   11 ; sb/Sb = 0.0868001695374957 ; sb = 340
      k =   10 ; sb/Sb = 0.142964985120581 ; sb = 560
      k =    9 ; sb/Sb = 0.215037689288446 ; sb = 842.311884269862
      k =    8 ; sb/Sb = 0.274582114351687 ; sb = 1075.54996006367
      k =    7 ; sb/Sb = 0.397389174131233 ; sb = 1556.5904988959
      Creating new point: f = 0.968030373455069
    i = 15 ; sf/Sf = 0.458652490078625 ; sf = 1418.08864761387
      k =   12 ; sb/Sb = 0 ; sb = 0
      k =   11 ; sb/Sb = 0.0868001695374957 ; sb = 340
      k =   10 ; sb/Sb = 0.142964985120581 ; sb = 560
      k =    9 ; sb/Sb = 0.215037689288446 ; sb = 842.311884269862
      k =    8 ; sb/Sb = 0.274582114351687 ; sb = 1075.54996006367
      k =    7 ; sb/Sb = 0.397389174131233 ; sb = 1556.5904988959
      k =    6 ; sb/Sb = 0.473164813695347 ; sb = 1853.40694048902
      Creating new point: f = 0.80848299400438
    i = 16 ; sf/Sf = 0.565775727481585 ; sf = 1749.29855084746
      k =   12 ; sb/Sb = 0 ; sb = 0
      k =   11 ; sb/Sb = 0.0868001695374957 ; sb = 340
      k =   10 ; sb/Sb = 0.142964985120581 ; sb = 560
      k =    9 ; sb/Sb = 0.215037689288446 ; sb = 842.311884269862
      k =    8 ; sb/Sb = 0.274582114351687 ; sb = 1075.54996006367
      k =    7 ; sb/Sb = 0.397389174131233 ; sb = 1556.5904988959
      k =    6 ; sb/Sb = 0.473164813695347 ; sb = 1853.40694048902
      k =    5 ; sb/Sb = 0.511797899403125 ; sb = 2004.73439999323
      k =    4 ; sb/Sb = 0.542645265257165 ; sb = 2125.56485972918
      k =    3 ; sb/Sb = 0.567788868990888 ; sb = 2224.05343774714
      Creating new point: f = 0.919934249257868
    i = 17 ; sf/Sf = 0.684391247597713 ; sf = 2116.0409672653
      k =   12 ; sb/Sb = 0 ; sb = 0
      k =   11 ; sb/Sb = 0.0868001695374957 ; sb = 340
      k =   10 ; sb/Sb = 0.142964985120581 ; sb = 560
      k =    9 ; sb/Sb = 0.215037689288446 ; sb = 842.311884269862
      k =    8 ; sb/Sb = 0.274582114351687 ; sb = 1075.54996006367
      k =    7 ; sb/Sb = 0.397389174131233 ; sb = 1556.5904988959
      k =    6 ; sb/Sb = 0.473164813695347 ; sb = 1853.40694048902
      k =    5 ; sb/Sb = 0.511797899403125 ; sb = 2004.73439999323
      k =    4 ; sb/Sb = 0.542645265257165 ; sb = 2125.56485972918
      k =    3 ; sb/Sb = 0.567788868990888 ; sb = 2224.05343774714
      k =    2 ; sb/Sb = 0.670416034607834 ; sb = 2626.04846259198
      k =    1 ; sb/Sb = 0.683180765422171 ; sb = 2676.04846259198
      k =   76 ; sb/Sb = 0.797166662150195 ; sb = 3122.53612608423
      Creating new point: f = 0.0106195784767112
    i = 18 ; sf/Sf = 0.74455271557282 ; sf = 2302.05171964269
      k =   12 ; sb/Sb = 0 ; sb = 0
      k =   11 ; sb/Sb = 0.0868001695374957 ; sb = 340
      k =   10 ; sb/Sb = 0.142964985120581 ; sb = 560
      k =    9 ; sb/Sb = 0.215037689288446 ; sb = 842.311884269862
      k =    8 ; sb/Sb = 0.274582114351687 ; sb = 1075.54996006367
      k =    7 ; sb/Sb = 0.397389174131233 ; sb = 1556.5904988959
      k =    6 ; sb/Sb = 0.473164813695347 ; sb = 1853.40694048902
      k =    5 ; sb/Sb = 0.511797899403125 ; sb = 2004.73439999323
      k =    4 ; sb/Sb = 0.542645265257165 ; sb = 2125.56485972918
      k =    3 ; sb/Sb = 0.567788868990888 ; sb = 2224.05343774714
      k =    2 ; sb/Sb = 0.670416034607834 ; sb = 2626.04846259198
      k =    1 ; sb/Sb = 0.683180765422171 ; sb = 2676.04846259198
      k =   76 ; sb/Sb = 0.797166662150195 ; sb = 3122.53612608423
      Creating new point: f = 0.538417049059018
    i = 19 ; sf/Sf = 0.818376998458243 ; sf = 2530.30596385295
      k =   12 ; sb/Sb = 0 ; sb = 0
      k =   11 ; sb/Sb = 0.0868001695374957 ; sb = 340
      k =   10 ; sb/Sb = 0.142964985120581 ; sb = 560
      k =    9 ; sb/Sb = 0.215037689288446 ; sb = 842.311884269862
      k =    8 ; sb/Sb = 0.274582114351687 ; sb = 1075.54996006367
      k =    7 ; sb/Sb = 0.397389174131233 ; sb = 1556.5904988959
      k =    6 ; sb/Sb = 0.473164813695347 ; sb = 1853.40694048902
      k =    5 ; sb/Sb = 0.511797899403125 ; sb = 2004.73439999323
      k =    4 ; sb/Sb = 0.542645265257165 ; sb = 2125.56485972918
      k =    3 ; sb/Sb = 0.567788868990888 ; sb = 2224.05343774714
      k =    2 ; sb/Sb = 0.670416034607834 ; sb = 2626.04846259198
      k =    1 ; sb/Sb = 0.683180765422171 ; sb = 2676.04846259198
      k =   76 ; sb/Sb = 0.797166662150195 ; sb = 3122.53612608423
      k =   75 ; sb/Sb = 0.825249069941738 ; sb = 3232.53612608423
      Creating new point: f = 0.755289092925816
    i = 20 ; sf/Sf = 0.934991363390949 ; sf = 2890.86109139935
      k =   12 ; sb/Sb = 0 ; sb = 0
      k =   11 ; sb/Sb = 0.0868001695374957 ; sb = 340
      k =   10 ; sb/Sb = 0.142964985120581 ; sb = 560
      k =    9 ; sb/Sb = 0.215037689288446 ; sb = 842.311884269862
      k =    8 ; sb/Sb = 0.274582114351687 ; sb = 1075.54996006367
      k =    7 ; sb/Sb = 0.397389174131233 ; sb = 1556.5904988959
      k =    6 ; sb/Sb = 0.473164813695347 ; sb = 1853.40694048902
      k =    5 ; sb/Sb = 0.511797899403125 ; sb = 2004.73439999323
      k =    4 ; sb/Sb = 0.542645265257165 ; sb = 2125.56485972918
      k =    3 ; sb/Sb = 0.567788868990888 ; sb = 2224.05343774714
      k =    2 ; sb/Sb = 0.670416034607834 ; sb = 2626.04846259198
      k =    1 ; sb/Sb = 0.683180765422171 ; sb = 2676.04846259198
      k =   76 ; sb/Sb = 0.797166662150195 ; sb = 3122.53612608423
      k =   75 ; sb/Sb = 0.825249069941738 ; sb = 3232.53612608423
      k =   74 ; sb/Sb = 0.879345029269719 ; sb = 3444.4323270884
      k =   73 ; sb/Sb = 0.897754585857154 ; sb = 3516.54335259768
      k =   72 ; sb/Sb = 1 ; sb = 3917.0430404877
      Creating new point: f = 0.364190197144408
Tear 2 : Sf = 1107.16838452253 ; Sb = 1140.92539491928
  Backwards path
    i = 32 ; sf/Sf = 0.223623047337622 ; sf = 247.588368062799
      k =   31 ; sb/Sb = 0 ; sb = 0
      k =   30 ; sb/Sb = 0.145875594067837 ; sb = 166.433169770932
      k =   29 ; sb/Sb = 0.455758599711941 ; sb = 519.986560364206
      Creating new point: f = 0.25089292363156
    i = 33 ; sf/Sf = 0.47031542899621 ; sf = 520.718373737752
      k =   31 ; sb/Sb = 0 ; sb = 0
      k =   30 ; sb/Sb = 0.145875594067837 ; sb = 166.433169770932
      k =   29 ; sb/Sb = 0.455758599711941 ; sb = 519.986560364206
      k =   28 ; sb/Sb = 0.647985999479942 ; sb = 739.303682358819
      Creating new point: f = 0.0757271299608547
    i = 34 ; sf/Sf = 0.725300929139091 ; sf = 803.030258007614
      k =   31 ; sb/Sb = 0 ; sb = 0
      k =   30 ; sb/Sb = 0.145875594067837 ; sb = 166.433169770932
      k =   29 ; sb/Sb = 0.455758599711941 ; sb = 519.986560364206
      k =   28 ; sb/Sb = 0.647985999479942 ; sb = 739.303682358819
      k =   27 ; sb/Sb = 1 ; sb = 1140.92539491928
      Creating new point: f = 0.21963595068641
Tear 3 : Sf = 1563.41335556098 ; Sb = 2068.40188894592
  Backwards path
    i = 52 ; sf/Sf = 0.118977333611583 ; sf = 186.010752377383
      k =   51 ; sb/Sb = 0 ; sb = 0
      k =   50 ; sb/Sb = 0.0971752701912528 ; sb = 200.997512422418
      k =   49 ; sb/Sb = 0.267489511808821 ; sb = 553.275811498589
      Creating new point: f = 0.128010806455548
    i = 53 ; sf/Sf = 0.278883860641535 ; sf = 436.010752377383
      k =   51 ; sb/Sb = 0 ; sb = 0
      k =   50 ; sb/Sb = 0.0971752701912528 ; sb = 200.997512422418
      k =   49 ; sb/Sb = 0.267489511808821 ; sb = 553.275811498589
      k =   48 ; sb/Sb = 0.437803753426389 ; sb = 905.554110574759
      Creating new point: f = 0.0669019145110548
    i = 108 ; sf/Sf = 0.568380926593701 ; sf = 888.614331682717
      k =   51 ; sb/Sb = 0 ; sb = 0
      k =   50 ; sb/Sb = 0.0971752701912528 ; sb = 200.997512422418
      k =   49 ; sb/Sb = 0.267489511808821 ; sb = 553.275811498589
      k =   48 ; sb/Sb = 0.437803753426389 ; sb = 905.554110574759
      k =  353 ; sb/Sb = 0.554488218381088 ; sb = 1146.9044782977
      k =   47 ; sb/Sb = 0.671172683335787 ; sb = 1388.25484602065
      Creating new point: f = 0.119062192366452
    i = 54 ; sf/Sf = 0.857877992545867 ; sf = 1341.21791098805
      k =   51 ; sb/Sb = 0 ; sb = 0
      k =   50 ; sb/Sb = 0.0971752701912528 ; sb = 200.997512422418
      k =   49 ; sb/Sb = 0.267489511808821 ; sb = 553.275811498589
      k =   48 ; sb/Sb = 0.437803753426389 ; sb = 905.554110574759
      k =  353 ; sb/Sb = 0.554488218381088 ; sb = 1146.9044782977
      k =   47 ; sb/Sb = 0.671172683335787 ; sb = 1388.25484602065
      k =   83 ; sb/Sb = 0.835586341667893 ; sb = 1728.32836748329
      k =   46 ; sb/Sb = 1 ; sb = 2068.40188894592
      Creating new point: f = 0.135582719246752
    i = 55 ; sf/Sf = 0.916848605944425 ; sf = 1433.41335556098
      k =   51 ; sb/Sb = 0 ; sb = 0
      k =   50 ; sb/Sb = 0.0971752701912528 ; sb = 200.997512422418
      k =   49 ; sb/Sb = 0.267489511808821 ; sb = 553.275811498589
      k =   48 ; sb/Sb = 0.437803753426389 ; sb = 905.554110574759
      k =  353 ; sb/Sb = 0.554488218381088 ; sb = 1146.9044782977
      k =   47 ; sb/Sb = 0.671172683335787 ; sb = 1388.25484602065
      k =   83 ; sb/Sb = 0.835586341667893 ; sb = 1728.32836748329
      k =   46 ; sb/Sb = 1 ; sb = 2068.40188894592
      Creating new point: f = 0.494254948773087
Tear 4 : Sf = 245.967477524977 ; Sb = 320.165971987307
  Backwards path
Tear 5 : Sf = 1012.41007447195 ; Sb = 663.854602465342
  Backwards path
    i = 63 ; sf/Sf = 0.313909333436032 ; sf = 317.804971641414
      k =   62 ; sb/Sb = 0 ; sb = 0
      k =   61 ; sb/Sb = 0.214093121457178 ; sb = 142.126704035519
      k =  103 ; sb/Sb = 0.607046560728589 ; sb = 402.990653250431
      Creating new point: f = 0.254015366716035
    i = 64 ; sf/Sf = 0.385818039926114 ; sf = 390.606070534219
      k =   62 ; sb/Sb = 0 ; sb = 0
      k =   61 ; sb/Sb = 0.214093121457178 ; sb = 142.126704035519
      k =  103 ; sb/Sb = 0.607046560728589 ; sb = 402.990653250431
      Creating new point: f = 0.437010854994265
    i = 65 ; sf/Sf = 0.5115370779157 ; sf = 517.885291147798
      k =   62 ; sb/Sb = 0 ; sb = 0
      k =   61 ; sb/Sb = 0.214093121457178 ; sb = 142.126704035519
      k =  103 ; sb/Sb = 0.607046560728589 ; sb = 402.990653250431
      Creating new point: f = 0.756944530145921
    i = 66 ; sf/Sf = 0.774543685443551 ; sf = 784.155830261685
      k =   62 ; sb/Sb = 0 ; sb = 0
      k =   61 ; sb/Sb = 0.214093121457178 ; sb = 142.126704035519
      k =  103 ; sb/Sb = 0.607046560728589 ; sb = 402.990653250431
      k =   60 ; sb/Sb = 1 ; sb = 663.854602465342
      Creating new point: f = 0.426251835396896
Triangulating...
[1] "Non-adjacent points in rim connected by line: 494 45"
[1] "In triangle: 892" "In triangle: 910"
[1] "Other points in triangles: 88 46"
[1] "Non-adjacent points in rim connected by line: 498 59"
[1] "In triangle: 524" "In triangle: 527"
[1] "Other points in triangles: 60 349"
Merging points...
Projecting to sphere...
Optimising mapping with FIRE...
E =  0.01101 | E_L =  0.01101 | E_A =  0.00000 |   0 flippped triangles
E =  0.00889 | E_L =  0.00889 | E_A =  0.00000 |  87 flippped triangles
        phi0    phi0.1    phi0.2    phi0.3    phi0.4    phi0.5    phi0.6
id     2.000    12.000     15.00    26.000    35.000    57.000  60.00000
A   5616.334  4040.755  17922.38 11448.593  4992.356 22217.498  30.28157
a  -3493.448 -4275.608 -12985.69 -8517.849 -5609.285 -3738.823 -33.80372
      phi0.7    phi0.8     phi0.9   phi0.10   phi0.11   phi0.12   phi0.13
id    61.000   65.0000    66.0000   69.0000  73.00000     77.00   87.0000
A   6767.380  281.1670   878.6451  172.9936  83.75488  11055.04  741.9413
a  -6755.561 -441.9325 -1282.9256 -163.5738 -36.19265 -11899.56 -696.3406
      phi0.14   phi0.15   phi0.16   phi0.17   phi0.18   phi0.19   phi0.20
id    121.000   144.000    146.00   159.000   178.000    179.00   244.000
A    8137.897 22771.134  25780.66  2899.483  7371.538  10405.84  4829.133
a  -11477.674 -7770.349 -15008.81 -1777.211 -7337.472 -10040.54 -2951.500
     phi0.21   phi0.22   phi0.23   phi0.24  phi0.25   phi0.26   phi0.27
id   245.000   247.000  253.0000   255.000   259.00   260.000   262.000
A   4446.048  1691.516  836.8547  3295.506 14285.62  7369.383  1309.190
a  -4755.015 -1796.874 -762.1475 -2808.302 -4454.66 -7442.240 -1253.494
     phi0.28    phi0.29   phi0.30   phi0.31   phi0.32   phi0.33   phi0.34
id   263.000   273.0000  276.0000  277.0000   280.000   281.000  298.0000
A   5352.118 10028.4655  430.0184 2802.2866  3766.566  8835.896  267.9228
a  -5926.591  -264.0252 -286.5387 -112.3356 -2805.269 -9551.847 -185.8739
     phi0.35   phi0.36   phi0.37   phi0.38   phi0.39   phi0.40   phi0.41
id   305.000  306.0000 310.00000  311.0000    313.00    329.00   365.000
A   5300.237  141.6316  18.86691 1888.5091   9590.02  11247.78 22628.038
a  -6577.110 -160.1467 -31.32064 -251.7072 -10200.84 -11002.29 -2593.444
     phi0.42   phi0.43   phi0.44   phi0.45   phi0.46   phi0.47   phi0.48
id   366.000  367.0000   373.000    487.00   492.000    493.00    498.00
A  11897.591  107.7836 22628.038  25679.53  8765.266  23242.73  23964.33
a  -4526.751 -102.5908 -9224.947 -11262.79 -7700.081 -15105.41 -21806.35
     phi0.49   phi0.50   phi0.51   phi0.52   phi0.53   phi0.54   phi0.55
id   500.000   516.000   518.000   526.000   534.000    538.00    546.00
A   3680.552  3351.876  7483.805 31131.226 23503.856  29128.65  25447.26
a  -2849.397 -4878.184 -7577.398 -4979.265 -6421.115 -10734.80 -15966.86
     phi0.56   phi0.57   phi0.58   phi0.59   phi0.60  phi0.61   phi0.62
id    611.00   617.000   631.000    632.00    633.00    637.0  663.0000
A   21567.45 14994.513 28056.869  26887.31  24139.50  37658.7  427.4364
a  -20824.88 -9911.615 -1295.448 -26247.10 -23310.53 -33036.7 -287.3709
     phi0.63   phi0.64   phi0.65   phi0.66   phi0.67   phi0.68   phi0.69
id   666.000  670.0000    673.00    677.00    680.00    681.00   698.000
A   6353.965 1564.9039  38112.54  42118.97  27652.27  30988.41 35334.595
a  -6405.717 -165.0587 -39320.28 -25915.02 -37643.10 -31867.96 -7034.676
     phi0.70   phi0.71   phi0.72   phi0.73   phi0.74   phi0.75   phi0.76
id    703.00    704.00 705.00000    707.00    714.00   719.000   721.000
A   15536.55  26270.66 198.47503  16793.13  27653.94  5119.268  7534.543
a  -14332.59 -19919.96 -39.12074 -10467.33 -20122.17 -4251.519 -9765.613
     phi0.77   phi0.78   phi0.79   phi0.80   phi0.81   phi0.82   phi0.83
id    724.00   725.000    727.00   729.000   733.000   836.000   844.000
A   13937.83  4563.156  18266.13  6975.026  4544.003  7284.052  1112.214
a  -15659.85 -2327.899 -18972.16 -9017.625 -4121.310 -9522.193 -1027.331
     phi0.84   phi0.85   phi0.86
id   847.000   961.000    962.00
A   3143.838  6282.817  17510.08
a  -2329.415 -1301.713 -21339.04
E =  0.00870 | E_L =  0.00870 | E_A =  0.00000 |  85 flippped triangles
        phi0    phi0.1    phi0.2    phi0.3    phi0.4    phi0.5    phi0.6
id     2.000    12.000  14.00000     15.00    26.000    35.000  60.00000
A   5616.334  4040.755 925.12927  17922.38 11448.593  4992.356  30.28157
a  -5655.095 -2825.145 -69.16864 -15509.51 -8466.708 -4795.615 -16.24182
      phi0.7     phi0.8    phi0.9   phi0.10   phi0.11   phi0.12   phi0.13
id    61.000    66.0000   67.0000   69.0000  73.00000    77.000   87.0000
A   6767.380   878.6451  640.5729  172.9936  83.75488 11055.041  741.9413
a  -7025.193 -1251.6006 -562.5590 -139.6388 -36.90727 -9083.483 -780.1056
      phi0.14   phi0.15   phi0.16  phi0.17   phi0.18   phi0.19   phi0.20
id    121.000   159.000   178.000   179.00   244.000   245.000   247.000
A    8137.897  2899.483  7371.538 10405.84  4829.133  4446.048  1691.516
a  -11376.788 -1625.253 -6018.347 -9092.06 -2267.753 -4401.665 -1684.506
     phi0.21   phi0.22   phi0.23   phi0.24   phi0.25   phi0.26   phi0.27
id  253.0000   255.000    259.00   260.000   262.000   263.000   273.000
A   836.8547  3295.506  14285.62  7369.383  1309.190  5352.118 10028.465
a  -643.0867 -2276.351 -11691.62 -8396.521 -1111.012 -5796.777 -9951.175
     phi0.28   phi0.29   phi0.30   phi0.31   phi0.32   phi0.33   phi0.34
id   280.000   281.000   283.000  298.0000   305.000  306.0000   307.000
A   3766.566  8835.896  6232.534  267.9228  5300.237  141.6316  3730.353
a  -3394.033 -9735.249 -3718.415 -286.2509 -5852.246 -143.3844 -2232.820
     phi0.35   phi0.36  phi0.37   phi0.38   phi0.39   phi0.40   phi0.41
id 310.00000  311.0000   313.00    329.00 367.00000   492.000    493.00
A   18.86691 1888.5091  9590.02  11247.78 107.78356  8765.266  23242.73
a  -15.36963 -500.5551 -8549.07 -10908.62 -94.70743 -5964.307 -13059.10
     phi0.42   phi0.43   phi0.44   phi0.45   phi0.46   phi0.47   phi0.48
id   497.000    498.00   500.000   516.000   518.000    526.00    539.00
A   4252.115  23964.33  3680.552  3351.876  7483.805  31131.23  29326.26
a  -3351.718 -21736.02 -3472.395 -4044.737 -6982.114 -38262.84 -20926.28
     phi0.49   phi0.50   phi0.51   phi0.52   phi0.53   phi0.54   phi0.55
id    541.00    542.00    546.00    611.00    613.00    614.00    617.00
A   35163.79  27551.15  25447.26  21567.45  30465.96  49676.19  14994.51
a  -10301.63 -27848.40 -31623.78 -19744.32 -31895.29 -44337.36 -13006.19
     phi0.56   phi0.57   phi0.58   phi0.59   phi0.60   phi0.61   phi0.62
id    632.00    633.00    637.00  663.0000   666.000    673.00    677.00
A   26887.31  24139.50  37658.70  427.4364  6353.965  38112.54  42118.97
a  -23802.12 -19860.04 -29288.31 -448.0697 -6661.085 -37113.70 -18897.32
     phi0.63   phi0.64   phi0.65   phi0.66   phi0.67   phi0.68   phi0.69
id    680.00    681.00   698.000    703.00    704.00    707.00  712.0000
A   27652.27  30988.41 35334.595  15536.55  26270.66  16793.13  748.1587
a  -36106.19 -29541.45 -2243.979 -12647.14 -20508.03 -13907.52 -323.8736
     phi0.70   phi0.71    phi0.72   phi0.73   phi0.74   phi0.75   phi0.76
id    714.00   719.000    721.000    724.00   725.000    727.00   729.000
A   27653.94  5119.268   7534.543  13937.83  4563.156  18266.13  6975.026
a  -24624.16 -3983.545 -10700.029 -16842.18 -3079.653 -18802.09 -8299.036
     phi0.77   phi0.78   phi0.79   phi0.80   phi0.81   phi0.82   phi0.83
id   733.000   836.000   838.000  844.0000   847.000   961.000    962.00
A   4544.003  7284.052  4833.223 1112.2144  3143.838  6282.817  17510.08
a  -4090.070 -9160.965 -6406.896 -934.7667 -2714.747 -3946.451 -21713.35
     phi0.84
id   969.000
A   3895.825
a  -2523.038
E =  0.00866 | E_L =  0.00866 | E_A =  0.00000 |  85 flippped triangles
        phi0    phi0.1    phi0.2    phi0.3    phi0.4    phi0.5     phi0.6
id     2.000   14.0000     15.00    26.000    35.000    61.000    66.0000
A   5616.334  925.1293  17922.38 11448.593  4992.356  6767.380   878.6451
a  -5493.392 -827.4420 -14781.48 -9289.364 -4963.745 -6864.358 -1277.6670
      phi0.7    phi0.8    phi0.9   phi0.10   phi0.11   phi0.12   phi0.13
id   67.0000   69.0000  73.00000    77.000   87.0000   104.000  105.0000
A   640.5729  172.9936  83.75488 11055.041  741.9413  1407.236  318.5542
a  -524.2004 -159.8134 -45.09583 -8606.207 -574.0291 -1245.523 -225.8082
      phi0.14   phi0.15   phi0.16   phi0.17   phi0.18   phi0.19   phi0.20
id    121.000   156.000   159.000   178.000   179.000   244.000   245.000
A    8137.897  3751.682  2899.483  7371.538 10405.836  4829.133  4446.048
a  -11280.993 -5429.662 -1543.135 -6080.980 -9257.598 -2364.040 -2857.724
     phi0.21   phi0.22   phi0.23   phi0.24   phi0.25   phi0.26   phi0.27
id   247.000  253.0000   255.000   259.000   260.000   262.000   263.000
A   1691.516  836.8547  3295.506 14285.625  7369.383  1309.190  5352.118
a  -1475.840 -762.2799 -3032.591 -8099.697 -8102.096 -1099.641 -5751.637
     phi0.28   phi0.29   phi0.30    phi0.31   phi0.32   phi0.33   phi0.34
id   273.000  276.0000   280.000    281.000  298.0000   305.000  306.0000
A  10028.465  430.0184  3766.566   8835.896  267.9228  5300.237  141.6316
a  -9566.893 -267.1839 -3410.337 -10234.910 -278.5366 -5441.643 -128.4488
     phi0.35   phi0.36   phi0.37   phi0.38   phi0.39   phi0.40   phi0.41
id   307.000   313.000    329.00  367.0000   492.000    493.00   497.000
A   3730.353  9590.020  11247.78  107.7836  8765.266  23242.73  4252.115
a  -2885.882 -9276.738 -11087.70 -106.3636 -5967.579 -13834.03 -4825.510
     phi0.42   phi0.43   phi0.44   phi0.45   phi0.46   phi0.47   phi0.48
id    498.00   500.000   516.000   518.000    526.00    539.00    541.00
A   23964.33  3680.552  3351.876  7483.805  31131.23  29326.26  35163.79
a  -22498.11 -3235.821 -4127.028 -6954.771 -37745.30 -22841.69 -13755.62
     phi0.49   phi0.50   phi0.51   phi0.52   phi0.53   phi0.54   phi0.55
id    542.00    546.00    611.00    613.00    614.00    617.00    632.00
A   27551.15  25447.26  21567.45  30465.96  49676.19  14994.51  26887.31
a  -28474.29 -30909.29 -20018.03 -32012.50 -41318.73 -12971.06 -24563.77
     phi0.56   phi0.57   phi0.58   phi0.59   phi0.60   phi0.61   phi0.62
id    633.00    637.00  663.0000   666.000    673.00    677.00    680.00
A   24139.50  37658.70  427.4364  6353.965  38112.54  42118.97  27652.27
a  -20452.15 -30739.39 -441.1357 -6723.463 -39606.80 -24937.97 -36805.62
     phi0.63   phi0.64   phi0.65   phi0.66   phi0.67   phi0.68   phi0.69
id    681.00   698.000    703.00    704.00    707.00  712.0000    714.00
A   30988.41 35334.595  15536.55  26270.66  16793.13  748.1587  27653.94
a  -30011.17 -9596.023 -11325.91 -20817.18 -13967.95 -279.6832 -24798.54
     phi0.70    phi0.71   phi0.72   phi0.73   phi0.74   phi0.75   phi0.76
id   719.000    721.000    724.00   725.000    727.00   729.000   733.000
A   5119.268   7534.543  13937.83  4563.156  18266.13  6975.026  4544.003
a  -3933.176 -10578.175 -17028.52 -3029.182 -19011.94 -8646.974 -4035.571
    phi0.77   phi0.78   phi0.79   phi0.80   phi0.81   phi0.82   phi0.83
id   817.00   836.000   838.000  844.0000   847.000   961.000    962.00
A  12869.18  7284.052  4833.223 1112.2144  3143.838  6282.817  17510.08
a  -1192.60 -8480.406 -5301.552 -921.1547 -2573.921 -3359.148 -21528.77
     phi0.84
id  969.0000
A  3895.8253
a  -721.0316
E =  0.00866 | E_L =  0.00866 | E_A =  0.00000 |  85 flippped triangles
        phi0    phi0.1    phi0.2    phi0.3    phi0.4    phi0.5     phi0.6
id     2.000   14.0000     15.00    26.000    35.000    61.000    66.0000
A   5616.334  925.1293  17922.38 11448.593  4992.356  6767.380   878.6451
a  -5601.126 -816.5072 -14572.82 -9383.548 -4877.928 -6981.476 -1266.8130
      phi0.7    phi0.8    phi0.9   phi0.10   phi0.11   phi0.12   phi0.13
id   67.0000   69.0000  73.00000    77.000   87.0000   104.000  105.0000
A   640.5729  172.9936  83.75488 11055.041  741.9413  1407.236  318.5542
a  -565.9314 -168.3242 -54.59012 -8199.768 -652.7124 -1115.178 -211.3045
      phi0.14   phi0.15   phi0.16   phi0.17   phi0.18   phi0.19   phi0.20
id    121.000   156.000   159.000   178.000   179.000   244.000   245.000
A    8137.897  3751.682  2899.483  7371.538 10405.836  4829.133  4446.048
a  -11428.448 -5486.026 -1337.079 -6119.216 -9202.083 -2369.388 -2540.354
     phi0.21   phi0.22   phi0.23   phi0.24   phi0.25   phi0.26   phi0.27
id   247.000  253.0000   255.000   259.000   260.000   262.000   263.000
A   1691.516  836.8547  3295.506 14285.625  7369.383  1309.190  5352.118
a  -1530.355 -691.6908 -3109.764 -8094.661 -8072.344 -1154.095 -5694.349
     phi0.28   phi0.29   phi0.30    phi0.31   phi0.32   phi0.33   phi0.34
id   273.000  276.0000   280.000    281.000  298.0000   305.000  306.0000
A  10028.465  430.0184  3766.566   8835.896  267.9228  5300.237  141.6316
a  -9504.233 -283.2584 -3400.856 -10035.122 -267.6046 -5442.995 -122.5101
     phi0.35   phi0.36   phi0.37   phi0.38   phi0.39   phi0.40   phi0.41
id   307.000   313.000    329.00  367.0000   492.000    493.00   497.000
A   3730.353  9590.020  11247.78  107.7836  8765.266  23242.73  4252.115
a  -2849.535 -9176.211 -11080.89 -109.2206 -5854.689 -12762.28 -4923.334
     phi0.42   phi0.43   phi0.44   phi0.45   phi0.46   phi0.47   phi0.48
id    498.00   500.000   516.000   518.000    526.00    539.00    541.00
A   23964.33  3680.552  3351.876  7483.805  31131.23  29326.26  35163.79
a  -22217.15 -3135.041 -4063.151 -6963.420 -37646.33 -20866.67 -10762.91
     phi0.49   phi0.50   phi0.51   phi0.52   phi0.53   phi0.54   phi0.55
id    542.00    546.00    611.00    613.00    614.00    617.00    632.00
A   27551.15  25447.26  21567.45  30465.96  49676.19  14994.51  26887.31
a  -27870.23 -30769.42 -19388.84 -31642.81 -42106.43 -12660.12 -24555.16
     phi0.56   phi0.57   phi0.58   phi0.59   phi0.60   phi0.61   phi0.62
id    633.00    637.00  663.0000   666.000    673.00    677.00    680.00
A   24139.50  37658.70  427.4364  6353.965  38112.54  42118.97  27652.27
a  -20562.08 -30261.98 -446.8372 -6801.821 -38711.16 -23240.08 -36547.32
     phi0.63   phi0.64   phi0.65   phi0.66   phi0.67   phi0.68   phi0.69
id    681.00   698.000    703.00    704.00    707.00  712.0000    714.00
A   30988.41 35334.595  15536.55  26270.66  16793.13  748.1587  27653.94
a  -29995.60 -7181.971 -11240.41 -20901.47 -14096.66 -289.9117 -24890.15
     phi0.70    phi0.71   phi0.72   phi0.73   phi0.74   phi0.75   phi0.76
id   719.000    721.000    724.00   725.000    727.00   729.000   733.000
A   5119.268   7534.543  13937.83  4563.156  18266.13  6975.026  4544.003
a  -4040.496 -10646.650 -17043.37 -3033.127 -19079.10 -8561.122 -4089.158
    phi0.77   phi0.78   phi0.79   phi0.80   phi0.81   phi0.82   phi0.83
id   817.00   836.000   838.000  844.0000   847.000   961.000    962.00
A  12869.18  7284.052  4833.223 1112.2144  3143.838  6282.817  17510.08
a  -1625.20 -8473.771 -5350.181 -929.2181 -2639.250 -3141.683 -21506.72
     phi0.84
id  969.0000
A  3895.8253
a  -827.2451
FIRE:  4  stops.  19 hits of maxmove.  0 hits of dtmax.
Frms = 8.99804193032799e-06; Ftanrms = 8.98922632763199e-06
E =  0.01661 | E_L =  0.01659 | E_A =  0.00003 |   0 flippped triangles
E =  0.01268 | E_L =  0.01266 | E_A =  0.00002 |   0 flippped triangles
E =  0.01194 | E_L =  0.01193 | E_A =  0.00001 |   0 flippped triangles
E =  0.01137 | E_L =  0.01137 | E_A =  0.00000 |   0 flippped triangles
E =  0.01101 | E_L =  0.01100 | E_A =  0.00001 |   0 flippped triangles
E =  0.01087 | E_L =  0.01087 | E_A =  0.00000 |   0 flippped triangles
E =  0.01066 | E_L =  0.01066 | E_A =  0.00000 |   0 flippped triangles
E =  0.01060 | E_L =  0.01060 | E_A =  0.00000 |   0 flippped triangles
E =  0.01055 | E_L =  0.01055 | E_A =  0.00000 |   0 flippped triangles
E =  0.01052 | E_L =  0.01052 | E_A =  0.00000 |   0 flippped triangles
E =  0.01049 | E_L =  0.01049 | E_A =  0.00000 |   0 flippped triangles
E =  0.01049 | E_L =  0.01049 | E_A =  0.00000 |   0 flippped triangles
E =  0.01049 | E_L =  0.01049 | E_A =  0.00000 |   0 flippped triangles
Optimising mapping with BFGS...
E =  0.01049 | E_L =  0.01049 | E_A =  0.00000 |   0 flippped triangles
Transforming image...
Mapping optimised. Error: 0.01048892 ; 0 flipped triangles.
Inferring coordinates of datapoints
Inferring coordinates of landmarks
Mapping optimised. Error: 0.01048892 ; 0 flipped triangles. OD displacement: 6.326927 degrees.
Computing Kernel Density estimates of datapoints

[1] 0.8
Saving developmental_retina/data/C57BL6J/P2/AP/GM154-4/R-CONTRA/r.mat
