[1] "Adding old segment 1"
[1] "Adding old segment 2"
[1] "Adding old segment 4"
[1] "Adding old segment 5"
[1] "Adding old segment 6"
[1] "Storing new segment 1"
[1] "Adding old segment 3"
[1] "Storing new segment 2"
simplify.outline: Removing vertex 1
Triangulating...
[1] "Non-adjacent points in rim connected by line: 9 7"
[1] "In triangle: 99"  "In triangle: 102"
[1] "Other points in triangles: 140 8"
[1] "Non-adjacent points in rim connected by line: 46 44"
[1] "In triangle: 133" "In triangle: 134"
[1] "Other points in triangles: 45 154"
[1] "Non-adjacent points in rim connected by line: 53 50"
[1] "In triangle: 157" "In triangle: 162"
[1] "Other points in triangles: 51 54"
[1] "Non-adjacent points in rim connected by line: 53 51"
[1] "In triangle: 157" "In triangle: 163"
[1] "Other points in triangles: 478 52"
[1] "Non-adjacent points in rim connected by line: 54 49"
[1] "In triangle: 152" "In triangle: 160"
[1] "Other points in triangles: 254 50"
[1] "Non-adjacent points in rim connected by line: 54 50"
[1] "In triangle: 160" "In triangle: 829"
[1] "Other points in triangles: 480 478"
[1] "Non-adjacent points in rim connected by line: 59 57"
[1] "In triangle: 141" "In triangle: 144"
[1] "Other points in triangles: 134 58"
[1] "Non-adjacent points in rim connected by line: 116 34"
[1] "In triangle: 169" "In triangle: 180"
[1] "Other points in triangles: 118 122"
[1] "Non-adjacent points in rim connected by line: 118 34"
[1] "In triangle: 174" "In triangle: 838"
[1] "Other points in triangles: 120 483"
[1] "Non-adjacent points in rim connected by line: 119 117"
[1] "In triangle: 170" "In triangle: 179"
[1] "Other points in triangles: 33 121"
[1] "Non-adjacent points in rim connected by line: 120 118"
[1] "In triangle: 125" "In triangle: 174"
[1] "Other points in triangles: 121 484"
[1] "Non-adjacent points in rim connected by line: 121 119"
[1] "In triangle: 173" "In triangle: 179"
[1] "Other points in triangles: 120 485"
[1] "Non-adjacent points in rim connected by line: 121 120"
[1] "In triangle: 125" "In triangle: 173"
[1] "Other points in triangles: 486 487"
[1] "Non-adjacent points in rim connected by line: 126 96"
[1] "In triangle: 88"  "In triangle: 136"
[1] "Other points in triangles: 95 131"
[1] "Non-adjacent points in rim connected by line: 130 75"
[1] "In triangle: 17" "In triangle: 39"
[1] "Other points in triangles: 135 76"
Stitching...
Tear 1 child of rim
Tear 2 child of rim
Tear 3 child of rim
Tear 4 child of rim
Tear 1 : Sf = 1635.27038172308 ; Sb = 1656.89070961174
  Forwards path
    i = 115 ; sf/Sf = 0.122913931952114 ; sf = 200.997512422418
      k =    1 ; sb/Sb = 0 ; sb = 0
      k =    2 ; sb/Sb = 0.0965664174901995 ; sb = 160
      k =    3 ; sb/Sb = 0.253486845911774 ; sb = 420
      Creating new point: f = 0.167903661281951
    i = 114 ; sf/Sf = 0.272204908565678 ; sf = 445.128624737092
      k =    1 ; sb/Sb = 0 ; sb = 0
      k =    2 ; sb/Sb = 0.0965664174901995 ; sb = 160
      k =    3 ; sb/Sb = 0.253486845911774 ; sb = 420
      k =    4 ; sb/Sb = 0.462994387441498 ; sb = 767.131099154196
      Creating new point: f = 0.0893431449638257
    i = 113 ; sf/Sf = 0.45049199674437 ; sf = 736.676219479357
      k =    1 ; sb/Sb = 0 ; sb = 0
      k =    2 ; sb/Sb = 0.0965664174901995 ; sb = 160
      k =    3 ; sb/Sb = 0.253486845911774 ; sb = 420
      k =    4 ; sb/Sb = 0.462994387441498 ; sb = 767.131099154196
      Creating new point: f = 0.940324865607027
    i = 112 ; sf/Sf = 0.607236786611746 ; sf = 992.996331838883
      k =    1 ; sb/Sb = 0 ; sb = 0
      k =    2 ; sb/Sb = 0.0965664174901995 ; sb = 160
      k =    3 ; sb/Sb = 0.253486845911774 ; sb = 420
      k =    4 ; sb/Sb = 0.462994387441498 ; sb = 767.131099154196
      k =    5 ; sb/Sb = 0.672936141958327 ; sb = 1114.98164177272
      Creating new point: f = 0.687059129815386
    i = 111 ; sf/Sf = 0.675606763910046 ; sf = 1104.79973071387
      k =    1 ; sb/Sb = 0 ; sb = 0
      k =    2 ; sb/Sb = 0.0965664174901995 ; sb = 160
      k =    3 ; sb/Sb = 0.253486845911774 ; sb = 420
      k =    4 ; sb/Sb = 0.462994387441498 ; sb = 767.131099154196
      k =    5 ; sb/Sb = 0.672936141958327 ; sb = 1114.98164177272
      k =    6 ; sb/Sb = 0.816902915055526 ; sb = 1353.51885061025
      Creating new point: f = 0.0185502661083887
    i = 110 ; sf/Sf = 0.838091578703643 ; sf = 1370.5063358256
      k =    1 ; sb/Sb = 0 ; sb = 0
      k =    2 ; sb/Sb = 0.0965664174901995 ; sb = 160
      k =    3 ; sb/Sb = 0.253486845911774 ; sb = 420
      k =    4 ; sb/Sb = 0.462994387441498 ; sb = 767.131099154196
      k =    5 ; sb/Sb = 0.672936141958327 ; sb = 1114.98164177272
      k =    6 ; sb/Sb = 0.816902915055526 ; sb = 1353.51885061025
      k =    7 ; sb/Sb = 0.902682081545526 ; sb = 1495.64555464577
      Creating new point: f = 0.247014100452779
Tear 2 : Sf = 1425.77688630354 ; Sb = 1719.32327377643
  Forwards path
    i = 95 ; sf/Sf = 0.0350686004804227 ; sf = 50
      k =   96 ; sb/Sb = 0 ; sb = 0
      k =   97 ; sb/Sb = 0.145754603305288 ; sb = 250.599281722833
      Creating new point: f = 0.240600294503016
    i = 126 ; sf/Sf = 0.124844217710305 ; sf = 178
      k =   96 ; sb/Sb = 0 ; sb = 0
      k =   97 ; sb/Sb = 0.145754603305288 ; sb = 250.599281722833
      Creating new point: f = 0.856537048430738
    i = 94 ; sf/Sf = 0.175343002402113 ; sf = 250
      k =   96 ; sb/Sb = 0 ; sb = 0
      k =   97 ; sb/Sb = 0.145754603305288 ; sb = 250.599281722833
      k =   98 ; sb/Sb = 0.197776652017241 ; sb = 340.042000822825
      Creating new point: f = 0.568766510151432
    i = 93 ; sf/Sf = 0.286239654274724 ; sf = 408.113883008419
      k =   96 ; sb/Sb = 0 ; sb = 0
      k =   97 ; sb/Sb = 0.145754603305288 ; sb = 250.599281722833
      k =   98 ; sb/Sb = 0.197776652017241 ; sb = 340.042000822825
      k =   99 ; sb/Sb = 0.363309797386715 ; sb = 624.646990237979
      Creating new point: f = 0.534412622076573
    i = 92 ; sf/Sf = 0.415185329348153 ; sf = 591.961646116921
      k =   96 ; sb/Sb = 0 ; sb = 0
      k =   97 ; sb/Sb = 0.145754603305288 ; sb = 250.599281722833
      k =   98 ; sb/Sb = 0.197776652017241 ; sb = 340.042000822825
      k =   99 ; sb/Sb = 0.363309797386715 ; sb = 624.646990237979
      k =  100 ; sb/Sb = 0.522168814676135 ; sb = 897.776995912932
      Creating new point: f = 0.326550754540599
    i = 91 ; sf/Sf = 0.59108853446316 ; sf = 842.76037019661
      k =   96 ; sb/Sb = 0 ; sb = 0
      k =   97 ; sb/Sb = 0.145754603305288 ; sb = 250.599281722833
      k =   98 ; sb/Sb = 0.197776652017241 ; sb = 340.042000822825
      k =   99 ; sb/Sb = 0.363309797386715 ; sb = 624.646990237979
      k =  100 ; sb/Sb = 0.522168814676135 ; sb = 897.776995912932
      k =  101 ; sb/Sb = 0.750192201352649 ; sb = 1289.82291159119
      Creating new point: f = 0.302248470174678
    i = 90 ; sf/Sf = 0.766431536865274 ; sf = 1092.76037019661
      k =   96 ; sb/Sb = 0 ; sb = 0
      k =   97 ; sb/Sb = 0.145754603305288 ; sb = 250.599281722833
      k =   98 ; sb/Sb = 0.197776652017241 ; sb = 340.042000822825
      k =   99 ; sb/Sb = 0.363309797386715 ; sb = 624.646990237979
      k =  100 ; sb/Sb = 0.522168814676135 ; sb = 897.776995912932
      k =  101 ; sb/Sb = 0.750192201352649 ; sb = 1289.82291159119
      k =  102 ; sb/Sb = 0.882950390398107 ; sb = 1518.07715580145
      Creating new point: f = 0.12232266521099
Tear 3 : Sf = 1318.46719088097 ; Sb = 1462.51826145923
  Forwards path
    i = 72 ; sf/Sf = 0.0552164660571957 ; sf = 72.8010988928052
      k =   73 ; sb/Sb = 0 ; sb = 0
      k =   74 ; sb/Sb = 0.0764458139233337 ; sb = 111.803398874989
      Creating new point: f = 0.722295482556722
    i = 71 ; sf/Sf = 0.280721793002576 ; sf = 370.122473839175
      k =   73 ; sb/Sb = 0 ; sb = 0
      k =   74 ; sb/Sb = 0.0764458139233337 ; sb = 111.803398874989
      k =   75 ; sb/Sb = 0.220683487158822 ; sb = 322.753629972279
      k =   76 ; sb/Sb = 0.268546137386627 ; sb = 392.753629972279
      k =  130 ; sb/Sb = 0.356066412088898 ; sb = 520.753629972279
      Creating new point: f = 0.139118114715352
    i = 70 ; sf/Sf = 0.458433830054208 ; sf = 604.429964116375
      k =   73 ; sb/Sb = 0 ; sb = 0
      k =   74 ; sb/Sb = 0.0764458139233337 ; sb = 111.803398874989
      k =   75 ; sb/Sb = 0.220683487158822 ; sb = 322.753629972279
      k =   76 ; sb/Sb = 0.268546137386627 ; sb = 392.753629972279
      k =  130 ; sb/Sb = 0.356066412088898 ; sb = 520.75362997228
      k =   77 ; sb/Sb = 0.433215460103702 ; sb = 633.585521548125
      k =   78 ; sb/Sb = 0.646826459206414 ; sb = 945.995508584391
      Creating new point: f = 0.118057450489148
    i = 69 ; sf/Sf = 0.758958756168165 ; sf = 1000.66221923955
      k =   73 ; sb/Sb = 0 ; sb = 0
      k =   74 ; sb/Sb = 0.0764458139233337 ; sb = 111.803398874989
      k =   75 ; sb/Sb = 0.220683487158822 ; sb = 322.753629972279
      k =   76 ; sb/Sb = 0.268546137386627 ; sb = 392.753629972279
      k =  130 ; sb/Sb = 0.356066412088898 ; sb = 520.75362997228
      k =   77 ; sb/Sb = 0.433215460103702 ; sb = 633.585521548125
      k =   78 ; sb/Sb = 0.646826459206414 ; sb = 945.995508584391
      k =   79 ; sb/Sb = 0.821952456772944 ; sb = 1202.12047808171
      Creating new point: f = 0.640294979157232
Tear 4 : Sf = 3466.08967642127 ; Sb = 3424.1833398858
  Forwards path
    i = 37 ; sf/Sf = 0.055720450763896 ; sf = 193.13207915828
      k =   38 ; sb/Sb = 0 ; sb = 0
      k =   39 ; sb/Sb = 0.00584080874614238 ; sb = 20
      k =   40 ; sb/Sb = 0.0725002780425146 ; sb = 248.254244210267
      Creating new point: f = 0.748275414494909
    i = 36 ; sf/Sf = 0.126684418949202 ; sf = 439.099556683257
      k =   38 ; sb/Sb = 0 ; sb = 0
      k =   39 ; sb/Sb = 0.00584080874614238 ; sb = 20
      k =   40 ; sb/Sb = 0.0725002780425146 ; sb = 248.254244210267
      k =   41 ; sb/Sb = 0.169226963023299 ; sb = 579.46414744385
      Creating new point: f = 0.560177792896051
    i = 35 ; sf/Sf = 0.200126962273698 ; sf = 693.657997910414
      k =   38 ; sb/Sb = 0 ; sb = 0
      k =   39 ; sb/Sb = 0.00584080874614238 ; sb = 20
      k =   40 ; sb/Sb = 0.0725002780425146 ; sb = 248.254244210267
      k =   41 ; sb/Sb = 0.169226963023299 ; sb = 579.46414744385
      k =   42 ; sb/Sb = 0.254370650087669 ; sb = 871.011742186115
      Creating new point: f = 0.362915916796485
    i = 34 ; sf/Sf = 0.263402048168491 ; sf = 912.975119905027
      k =   38 ; sb/Sb = 0 ; sb = 0
      k =   39 ; sb/Sb = 0.00584080874614238 ; sb = 20
      k =   40 ; sb/Sb = 0.0725002780425146 ; sb = 248.254244210267
      k =   41 ; sb/Sb = 0.169226963023299 ; sb = 579.46414744385
      k =   42 ; sb/Sb = 0.254370650087669 ; sb = 871.011742186115
      k =   43 ; sb/Sb = 0.335566295265485 ; sb = 1149.04051767527
      Creating new point: f = 0.111230079655675
    i = 120 ; sf/Sf = 0.26655425283013 ; sf = 923.900943940699
      k =   38 ; sb/Sb = 0 ; sb = 0
      k =   39 ; sb/Sb = 0.00584080874614238 ; sb = 20
      k =   40 ; sb/Sb = 0.0725002780425146 ; sb = 248.254244210267
      k =   41 ; sb/Sb = 0.169226963023299 ; sb = 579.46414744385
      k =   42 ; sb/Sb = 0.254370650087669 ; sb = 871.011742186115
      k =   43 ; sb/Sb = 0.335566295265485 ; sb = 1149.04051767527
      Creating new point: f = 0.150052416182903
    i = 119 ; sf/Sf = 0.269706457491769 ; sf = 934.826767976372
      k =   38 ; sb/Sb = 0 ; sb = 0
      k =   39 ; sb/Sb = 0.00584080874614238 ; sb = 20
      k =   40 ; sb/Sb = 0.0725002780425146 ; sb = 248.254244210267
      k =   41 ; sb/Sb = 0.169226963023299 ; sb = 579.46414744385
      k =   42 ; sb/Sb = 0.254370650087669 ; sb = 871.011742186115
      k =   43 ; sb/Sb = 0.335566295265485 ; sb = 1149.04051767527
      Creating new point: f = 0.188874752710132
    i = 33 ; sf/Sf = 0.278938763342851 ; sf = 966.826767976372
      k =   38 ; sb/Sb = 0 ; sb = 0
      k =   39 ; sb/Sb = 0.00584080874614238 ; sb = 20
      k =   40 ; sb/Sb = 0.0725002780425146 ; sb = 248.254244210267
      k =   41 ; sb/Sb = 0.169226963023299 ; sb = 579.46414744385
      k =   42 ; sb/Sb = 0.254370650087669 ; sb = 871.011742186115
      k =   43 ; sb/Sb = 0.335566295265485 ; sb = 1149.04051767527
      Creating new point: f = 0.302579198691979
    i = 117 ; sf/Sf = 0.288171069193933 ; sf = 998.826767976372
      k =   38 ; sb/Sb = 0 ; sb = 0
      k =   39 ; sb/Sb = 0.00584080874614238 ; sb = 20
      k =   40 ; sb/Sb = 0.0725002780425146 ; sb = 248.254244210267
      k =   41 ; sb/Sb = 0.169226963023299 ; sb = 579.46414744385
      k =   42 ; sb/Sb = 0.254370650087669 ; sb = 871.011742186115
      k =   43 ; sb/Sb = 0.335566295265485 ; sb = 1149.04051767527
      Creating new point: f = 0.416283644673827
    i = 121 ; sf/Sf = 0.290479145656704 ; sf = 1006.82676797637
      k =   38 ; sb/Sb = 0 ; sb = 0
      k =   39 ; sb/Sb = 0.00584080874614238 ; sb = 20
      k =   40 ; sb/Sb = 0.0725002780425146 ; sb = 248.254244210267
      k =   41 ; sb/Sb = 0.169226963023299 ; sb = 579.46414744385
      k =   42 ; sb/Sb = 0.254370650087669 ; sb = 871.011742186115
      k =   43 ; sb/Sb = 0.335566295265485 ; sb = 1149.04051767527
      Creating new point: f = 0.444709756169289
    i = 118 ; sf/Sf = 0.292787222119474 ; sf = 1014.82676797637
      k =   38 ; sb/Sb = 0 ; sb = 0
      k =   39 ; sb/Sb = 0.00584080874614238 ; sb = 20
      k =   40 ; sb/Sb = 0.0725002780425146 ; sb = 248.254244210267
      k =   41 ; sb/Sb = 0.169226963023299 ; sb = 579.46414744385
      k =   42 ; sb/Sb = 0.254370650087669 ; sb = 871.011742186115
      k =   43 ; sb/Sb = 0.335566295265485 ; sb = 1149.04051767527
      Creating new point: f = 0.473135867664751
    i = 116 ; sf/Sf = 0.297403375045015 ; sf = 1030.82676797637
      k =   38 ; sb/Sb = 0 ; sb = 0
      k =   39 ; sb/Sb = 0.00584080874614238 ; sb = 20
      k =   40 ; sb/Sb = 0.0725002780425146 ; sb = 248.254244210267
      k =   41 ; sb/Sb = 0.169226963023299 ; sb = 579.46414744385
      k =   42 ; sb/Sb = 0.254370650087669 ; sb = 871.011742186115
      k =   43 ; sb/Sb = 0.335566295265485 ; sb = 1149.04051767527
      Creating new point: f = 0.529988090655674
    i = 124 ; sf/Sf = 0.313976148534044 ; sf = 1088.26948707636
      k =   38 ; sb/Sb = 0 ; sb = 0
      k =   39 ; sb/Sb = 0.00584080874614238 ; sb = 20
      k =   40 ; sb/Sb = 0.0725002780425146 ; sb = 248.254244210267
      k =   41 ; sb/Sb = 0.169226963023299 ; sb = 579.46414744385
      k =   42 ; sb/Sb = 0.254370650087669 ; sb = 871.011742186115
      k =   43 ; sb/Sb = 0.335566295265485 ; sb = 1149.04051767527
      Creating new point: f = 0.734097232873032
    i = 32 ; sf/Sf = 0.330548922023073 ; sf = 1145.71220617635
      k =   38 ; sb/Sb = 0 ; sb = 0
      k =   39 ; sb/Sb = 0.00584080874614238 ; sb = 20
      k =   40 ; sb/Sb = 0.0725002780425146 ; sb = 248.254244210267
      k =   41 ; sb/Sb = 0.169226963023299 ; sb = 579.46414744385
      k =   42 ; sb/Sb = 0.254370650087669 ; sb = 871.011742186115
      k =   43 ; sb/Sb = 0.335566295265485 ; sb = 1149.04051767527
      Creating new point: f = 0.938206375090389
    i = 31 ; sf/Sf = 0.380934950161286 ; sf = 1320.35469814208
      k =   38 ; sb/Sb = 0 ; sb = 0
      k =   39 ; sb/Sb = 0.00584080874614238 ; sb = 20
      k =   40 ; sb/Sb = 0.0725002780425146 ; sb = 248.254244210267
      k =   41 ; sb/Sb = 0.169226963023299 ; sb = 579.46414744385
      k =   42 ; sb/Sb = 0.254370650087669 ; sb = 871.011742186115
      k =   43 ; sb/Sb = 0.335566295265485 ; sb = 1149.04051767527
      k =   44 ; sb/Sb = 0.392270291260031 ; sb = 1343.20539606475
      Creating new point: f = 0.800096256005735
    i = 30 ; sf/Sf = 0.444210036056079 ; sf = 1539.6718201367
      k =   38 ; sb/Sb = 0 ; sb = 0
      k =   39 ; sb/Sb = 0.00584080874614238 ; sb = 20
      k =   40 ; sb/Sb = 0.0725002780425146 ; sb = 248.254244210267
      k =   41 ; sb/Sb = 0.169226963023299 ; sb = 579.46414744385
      k =   42 ; sb/Sb = 0.254370650087669 ; sb = 871.011742186115
      k =   43 ; sb/Sb = 0.335566295265485 ; sb = 1149.04051767527
      k =   44 ; sb/Sb = 0.392270291260031 ; sb = 1343.20539606475
      k =   45 ; sb/Sb = 0.433777036059584 ; sb = 1485.33210010027
      k =   46 ; sb/Sb = 0.471854450485764 ; sb = 1615.71614820432
      Creating new point: f = 0.273994444048238
    i = 29 ; sf/Sf = 0.505071193957538 ; sf = 1750.62205123399
      k =   38 ; sb/Sb = 0 ; sb = 0
      k =   39 ; sb/Sb = 0.00584080874614238 ; sb = 20
      k =   40 ; sb/Sb = 0.0725002780425146 ; sb = 248.254244210267
      k =   41 ; sb/Sb = 0.169226963023299 ; sb = 579.46414744385
      k =   42 ; sb/Sb = 0.254370650087669 ; sb = 871.011742186115
      k =   43 ; sb/Sb = 0.335566295265485 ; sb = 1149.04051767527
      k =   44 ; sb/Sb = 0.392270291260031 ; sb = 1343.20539606475
      k =   45 ; sb/Sb = 0.433777036059584 ; sb = 1485.33210010027
      k =   46 ; sb/Sb = 0.471854450485764 ; sb = 1615.71614820432
      k =   47 ; sb/Sb = 0.532060128984205 ; sb = 1821.8714294852
      Creating new point: f = 0.551721105055459
    i = 28 ; sf/Sf = 0.558113030803007 ; sf = 1934.46981434249
      k =   38 ; sb/Sb = 0 ; sb = 0
      k =   39 ; sb/Sb = 0.00584080874614238 ; sb = 20
      k =   40 ; sb/Sb = 0.0725002780425146 ; sb = 248.254244210267
      k =   41 ; sb/Sb = 0.169226963023299 ; sb = 579.46414744385
      k =   42 ; sb/Sb = 0.254370650087669 ; sb = 871.011742186115
      k =   43 ; sb/Sb = 0.335566295265485 ; sb = 1149.04051767527
      k =   44 ; sb/Sb = 0.392270291260031 ; sb = 1343.20539606475
      k =   45 ; sb/Sb = 0.433777036059584 ; sb = 1485.33210010027
      k =   46 ; sb/Sb = 0.471854450485764 ; sb = 1615.71614820432
      k =   47 ; sb/Sb = 0.532060128984205 ; sb = 1821.8714294852
      k =   48 ; sb/Sb = 0.564711242484079 ; sb = 1933.67482836019
      Creating new point: f = 0.797917713247423
    i = 27 ; sf/Sf = 0.603730397279131 ; sf = 2092.58369735091
      k =   38 ; sb/Sb = 0 ; sb = 0
      k =   39 ; sb/Sb = 0.00584080874614238 ; sb = 20
      k =   40 ; sb/Sb = 0.0725002780425146 ; sb = 248.254244210267
      k =   41 ; sb/Sb = 0.169226963023299 ; sb = 579.46414744385
      k =   42 ; sb/Sb = 0.254370650087669 ; sb = 871.011742186115
      k =   43 ; sb/Sb = 0.335566295265485 ; sb = 1149.04051767527
      k =   44 ; sb/Sb = 0.392270291260031 ; sb = 1343.20539606475
      k =   45 ; sb/Sb = 0.433777036059584 ; sb = 1485.33210010027
      k =   46 ; sb/Sb = 0.471854450485764 ; sb = 1615.71614820432
      k =   47 ; sb/Sb = 0.532060128984205 ; sb = 1821.8714294852
      k =   48 ; sb/Sb = 0.564711242484079 ; sb = 1933.67482836019
      k =   49 ; sb/Sb = 0.629554742691972 ; sb = 2155.71086147194
      Creating new point: f = 0.60174350042724
    i = 26 ; sf/Sf = 0.659748820492563 ; sf = 2286.74857574038
      k =   38 ; sb/Sb = 0 ; sb = 0
      k =   39 ; sb/Sb = 0.00584080874614238 ; sb = 20
      k =   40 ; sb/Sb = 0.0725002780425146 ; sb = 248.254244210267
      k =   41 ; sb/Sb = 0.169226963023299 ; sb = 579.46414744385
      k =   42 ; sb/Sb = 0.254370650087669 ; sb = 871.011742186115
      k =   43 ; sb/Sb = 0.335566295265485 ; sb = 1149.04051767527
      k =   44 ; sb/Sb = 0.392270291260031 ; sb = 1343.20539606475
      k =   45 ; sb/Sb = 0.433777036059584 ; sb = 1485.33210010027
      k =   46 ; sb/Sb = 0.471854450485764 ; sb = 1615.71614820432
      k =   47 ; sb/Sb = 0.532060128984205 ; sb = 1821.8714294852
      k =   48 ; sb/Sb = 0.564711242484079 ; sb = 1933.67482836019
      k =   49 ; sb/Sb = 0.629554742691972 ; sb = 2155.71086147194
      k =   50 ; sb/Sb = 0.66285247566725 ; sb = 2269.72840398185
      Creating new point: f = 0.906790796328655
    i = 25 ; sf/Sf = 0.761384476797883 ; sf = 2639.02687481655
      k =   38 ; sb/Sb = 0 ; sb = 0
      k =   39 ; sb/Sb = 0.00584080874614238 ; sb = 20
      k =   40 ; sb/Sb = 0.0725002780425146 ; sb = 248.254244210267
      k =   41 ; sb/Sb = 0.169226963023299 ; sb = 579.46414744385
      k =   42 ; sb/Sb = 0.254370650087669 ; sb = 871.011742186115
      k =   43 ; sb/Sb = 0.335566295265485 ; sb = 1149.04051767527
      k =   44 ; sb/Sb = 0.392270291260031 ; sb = 1343.20539606475
      k =   45 ; sb/Sb = 0.433777036059584 ; sb = 1485.33210010027
      k =   46 ; sb/Sb = 0.471854450485764 ; sb = 1615.71614820432
      k =   47 ; sb/Sb = 0.532060128984205 ; sb = 1821.8714294852
      k =   48 ; sb/Sb = 0.564711242484079 ; sb = 1933.67482836019
      k =   49 ; sb/Sb = 0.629554742691972 ; sb = 2155.71086147194
      k =   50 ; sb/Sb = 0.66285247566725 ; sb = 2269.72840398185
      k =   51 ; sb/Sb = 0.704359220466802 ; sb = 2411.85510801737
      k =   52 ; sb/Sb = 0.730642859824443 ; sb = 2501.85510801737
      k =   53 ; sb/Sb = 0.767813539072542 ; sb = 2629.13432863095
      Creating new point: f = 0.827039419114528
    i = 24 ; sf/Sf = 0.83628591442687 ; sf = 2898.6419745315
      k =   38 ; sb/Sb = 0 ; sb = 0
      k =   39 ; sb/Sb = 0.00584080874614238 ; sb = 20
      k =   40 ; sb/Sb = 0.0725002780425146 ; sb = 248.254244210267
      k =   41 ; sb/Sb = 0.169226963023299 ; sb = 579.46414744385
      k =   42 ; sb/Sb = 0.254370650087669 ; sb = 871.011742186115
      k =   43 ; sb/Sb = 0.335566295265485 ; sb = 1149.04051767527
      k =   44 ; sb/Sb = 0.392270291260031 ; sb = 1343.20539606475
      k =   45 ; sb/Sb = 0.433777036059584 ; sb = 1485.33210010027
      k =   46 ; sb/Sb = 0.471854450485764 ; sb = 1615.71614820432
      k =   47 ; sb/Sb = 0.532060128984205 ; sb = 1821.8714294852
      k =   48 ; sb/Sb = 0.564711242484079 ; sb = 1933.67482836019
      k =   49 ; sb/Sb = 0.629554742691972 ; sb = 2155.71086147194
      k =   50 ; sb/Sb = 0.66285247566725 ; sb = 2269.72840398185
      k =   51 ; sb/Sb = 0.704359220466802 ; sb = 2411.85510801737
      k =   52 ; sb/Sb = 0.730642859824443 ; sb = 2501.85510801737
      k =   53 ; sb/Sb = 0.767813539072542 ; sb = 2629.13432863095
      k =   54 ; sb/Sb = 0.796724067376619 ; sb = 2728.12927799707
      k =   55 ; sb/Sb = 0.842899714914724 ; sb = 2886.24316100549
      Creating new point: f = 0.856768646668223
    i = 23 ; sf/Sf = 0.917888740342977 ; sf = 3181.48468700612
      k =   38 ; sb/Sb = 0 ; sb = 0
      k =   39 ; sb/Sb = 0.00584080874614238 ; sb = 20
      k =   40 ; sb/Sb = 0.0725002780425146 ; sb = 248.254244210267
      k =   41 ; sb/Sb = 0.169226963023299 ; sb = 579.46414744385
      k =   42 ; sb/Sb = 0.254370650087669 ; sb = 871.011742186115
      k =   43 ; sb/Sb = 0.335566295265485 ; sb = 1149.04051767527
      k =   44 ; sb/Sb = 0.392270291260031 ; sb = 1343.20539606475
      k =   45 ; sb/Sb = 0.433777036059584 ; sb = 1485.33210010027
      k =   46 ; sb/Sb = 0.471854450485764 ; sb = 1615.71614820432
      k =   47 ; sb/Sb = 0.532060128984205 ; sb = 1821.8714294852
      k =   48 ; sb/Sb = 0.564711242484079 ; sb = 1933.67482836019
      k =   49 ; sb/Sb = 0.629554742691972 ; sb = 2155.71086147194
      k =   50 ; sb/Sb = 0.66285247566725 ; sb = 2269.72840398185
      k =   51 ; sb/Sb = 0.704359220466802 ; sb = 2411.85510801737
      k =   52 ; sb/Sb = 0.730642859824443 ; sb = 2501.85510801737
      k =   53 ; sb/Sb = 0.767813539072542 ; sb = 2629.13432863095
      k =   54 ; sb/Sb = 0.796724067376619 ; sb = 2728.12927799707
      k =   55 ; sb/Sb = 0.842899714914724 ; sb = 2886.24316100549
      k =   56 ; sb/Sb = 0.921966663305007 ; sb = 3156.9828884191
      Creating new point: f = 0.948424429612471
Tear 1 : Sf = 1656.89070961174 ; Sb = 1635.27038172308
  Backwards path
    i = 2 ; sf/Sf = 0.0965664174901995 ; sf = 160
      k =    1 ; sb/Sb = 0 ; sb = 0
      k =  115 ; sb/Sb = 0.122913931952114 ; sb = 200.997512422418
      Creating new point: f = 0.785642570834205
    i = 3 ; sf/Sf = 0.253486845911774 ; sf = 420
      k =    1 ; sb/Sb = 0 ; sb = 0
      k =  115 ; sb/Sb = 0.122913931952114 ; sb = 200.997512422418
      k =  114 ; sb/Sb = 0.272204908565678 ; sb = 445.128624737092
      Creating new point: f = 0.874620267892305
    i = 4 ; sf/Sf = 0.462994387441498 ; sf = 767.131099154196
      k =    1 ; sb/Sb = 0 ; sb = 0
      k =  115 ; sb/Sb = 0.122913931952114 ; sb = 200.997512422418
      k =  114 ; sb/Sb = 0.272204908565678 ; sb = 445.128624737092
      k =  113 ; sb/Sb = 0.45049199674437 ; sb = 736.676219479357
      k =  112 ; sb/Sb = 0.607236786611746 ; sb = 992.996331838883
      Creating new point: f = 0.0797627194352434
    i = 5 ; sf/Sf = 0.672936141958327 ; sf = 1114.98164177272
      k =    1 ; sb/Sb = 0 ; sb = 0
      k =  115 ; sb/Sb = 0.122913931952114 ; sb = 200.997512422418
      k =  114 ; sb/Sb = 0.272204908565678 ; sb = 445.128624737092
      k =  113 ; sb/Sb = 0.45049199674437 ; sb = 736.676219479357
      k =  112 ; sb/Sb = 0.607236786611746 ; sb = 992.996331838883
      k =  111 ; sb/Sb = 0.675606763910046 ; sb = 1104.79973071387
      Creating new point: f = 0.960938674294609
    i = 6 ; sf/Sf = 0.816902915055526 ; sf = 1353.51885061025
      k =    1 ; sb/Sb = 0 ; sb = 0
      k =  115 ; sb/Sb = 0.122913931952114 ; sb = 200.997512422418
      k =  114 ; sb/Sb = 0.272204908565678 ; sb = 445.128624737092
      k =  113 ; sb/Sb = 0.45049199674437 ; sb = 736.676219479357
      k =  112 ; sb/Sb = 0.607236786611746 ; sb = 992.996331838883
      k =  111 ; sb/Sb = 0.675606763910046 ; sb = 1104.79973071387
      k =  110 ; sb/Sb = 0.838091578703643 ; sb = 1370.5063358256
      Creating new point: f = 0.869596037789547
    i = 7 ; sf/Sf = 0.902682081545526 ; sf = 1495.64555464577
      k =    1 ; sb/Sb = 0 ; sb = 0
      k =  115 ; sb/Sb = 0.122913931952114 ; sb = 200.997512422418
      k =  114 ; sb/Sb = 0.272204908565678 ; sb = 445.128624737092
      k =  113 ; sb/Sb = 0.45049199674437 ; sb = 736.676219479357
      k =  112 ; sb/Sb = 0.607236786611746 ; sb = 992.996331838883
      k =  111 ; sb/Sb = 0.675606763910046 ; sb = 1104.79973071387
      k =  110 ; sb/Sb = 0.838091578703643 ; sb = 1370.5063358256
      k =  109 ; sb/Sb = 1 ; sb = 1635.27038172308
      Creating new point: f = 0.398932324364133
Tear 2 : Sf = 1719.32327377643 ; Sb = 1425.77688630354
  Backwards path
    i = 97 ; sf/Sf = 0.145754603305288 ; sf = 250.599281722833
      k =   96 ; sb/Sb = 0 ; sb = 0
      k =   95 ; sb/Sb = 0.0350686004804227 ; sb = 50
      k =  126 ; sb/Sb = 0.124844217710305 ; sb = 178
      k =   94 ; sb/Sb = 0.175343002402113 ; sb = 250
      Creating new point: f = 0.41407700645864
    i = 98 ; sf/Sf = 0.197776652017241 ; sf = 340.042000822825
      k =   96 ; sb/Sb = 0 ; sb = 0
      k =   95 ; sb/Sb = 0.0350686004804227 ; sb = 50
      k =  126 ; sb/Sb = 0.124844217710305 ; sb = 178
      k =   94 ; sb/Sb = 0.175343002402113 ; sb = 250
      k =   93 ; sb/Sb = 0.286239654274724 ; sb = 408.113883008419
      Creating new point: f = 0.202293299538904
    i = 99 ; sf/Sf = 0.363309797386715 ; sf = 624.646990237979
      k =   96 ; sb/Sb = 0 ; sb = 0
      k =   95 ; sb/Sb = 0.0350686004804227 ; sb = 50
      k =  126 ; sb/Sb = 0.124844217710305 ; sb = 178
      k =   94 ; sb/Sb = 0.175343002402113 ; sb = 250
      k =   93 ; sb/Sb = 0.286239654274724 ; sb = 408.113883008419
      k =   92 ; sb/Sb = 0.415185329348153 ; sb = 591.961646116921
      Creating new point: f = 0.597694673110228
    i = 100 ; sf/Sf = 0.522168814676135 ; sf = 897.776995912932
      k =   96 ; sb/Sb = 0 ; sb = 0
      k =   95 ; sb/Sb = 0.0350686004804227 ; sb = 50
      k =  126 ; sb/Sb = 0.124844217710305 ; sb = 178
      k =   94 ; sb/Sb = 0.175343002402113 ; sb = 250
      k =   93 ; sb/Sb = 0.286239654274724 ; sb = 408.113883008419
      k =   92 ; sb/Sb = 0.415185329348153 ; sb = 591.961646116921
      k =   91 ; sb/Sb = 0.591088534463161 ; sb = 842.76037019661
      Creating new point: f = 0.608195201776086
    i = 101 ; sf/Sf = 0.750192201352649 ; sf = 1289.82291159119
      k =   96 ; sb/Sb = 0 ; sb = 0
      k =   95 ; sb/Sb = 0.0350686004804227 ; sb = 50
      k =  126 ; sb/Sb = 0.124844217710305 ; sb = 178
      k =   94 ; sb/Sb = 0.175343002402113 ; sb = 250
      k =   93 ; sb/Sb = 0.286239654274724 ; sb = 408.113883008419
      k =   92 ; sb/Sb = 0.415185329348153 ; sb = 591.961646116921
      k =   91 ; sb/Sb = 0.591088534463161 ; sb = 842.76037019661
      k =   90 ; sb/Sb = 0.766431536865274 ; sb = 1092.76037019661
      Creating new point: f = 0.907385323108685
    i = 102 ; sf/Sf = 0.882950390398107 ; sf = 1518.07715580145
      k =   96 ; sb/Sb = 0 ; sb = 0
      k =   95 ; sb/Sb = 0.0350686004804227 ; sb = 50
      k =  126 ; sb/Sb = 0.124844217710305 ; sb = 178
      k =   94 ; sb/Sb = 0.175343002402113 ; sb = 250
      k =   93 ; sb/Sb = 0.286239654274724 ; sb = 408.113883008419
      k =   92 ; sb/Sb = 0.415185329348153 ; sb = 591.961646116921
      k =   91 ; sb/Sb = 0.591088534463161 ; sb = 842.76037019661
      k =   90 ; sb/Sb = 0.766431536865274 ; sb = 1092.76037019661
      k =   89 ; sb/Sb = 1 ; sb = 1425.77688630354
      Creating new point: f = 0.498863810503488
Tear 3 : Sf = 1462.51826145923 ; Sb = 1318.46719088097
  Backwards path
    i = 74 ; sf/Sf = 0.0764458139233337 ; sf = 111.803398874989
      k =   73 ; sb/Sb = 0 ; sb = 0
      k =   72 ; sb/Sb = 0.0552164660571957 ; sb = 72.8010988928052
      k =   71 ; sb/Sb = 0.280721793002576 ; sb = 370.122473839175
      Creating new point: f = 0.0941412256362349
    i = 75 ; sf/Sf = 0.220683487158822 ; sf = 322.753629972279
      k =   73 ; sb/Sb = 0 ; sb = 0
      k =   72 ; sb/Sb = 0.0552164660571957 ; sb = 72.8010988928052
      k =   71 ; sb/Sb = 0.280721793002576 ; sb = 370.122473839175
      Creating new point: f = 0.733761030584008
    i = 76 ; sf/Sf = 0.268546137386627 ; sf = 392.753629972279
      k =   73 ; sb/Sb = 0 ; sb = 0
      k =   72 ; sb/Sb = 0.0552164660571957 ; sb = 72.8010988928052
      k =   71 ; sb/Sb = 0.280721793002576 ; sb = 370.122473839175
      Creating new point: f = 0.946007237252986
    i = 130 ; sf/Sf = 0.356066412088898 ; sf = 520.75362997228
      k =   73 ; sb/Sb = 0 ; sb = 0
      k =   72 ; sb/Sb = 0.0552164660571957 ; sb = 72.8010988928052
      k =   71 ; sb/Sb = 0.280721793002576 ; sb = 370.122473839175
      k =   70 ; sb/Sb = 0.458433830054208 ; sb = 604.429964116375
      Creating new point: f = 0.423970262995925
    i = 77 ; sf/Sf = 0.433215460103702 ; sf = 633.585521548125
      k =   73 ; sb/Sb = 0 ; sb = 0
      k =   72 ; sb/Sb = 0.0552164660571957 ; sb = 72.8010988928052
      k =   71 ; sb/Sb = 0.280721793002576 ; sb = 370.122473839175
      k =   70 ; sb/Sb = 0.458433830054208 ; sb = 604.429964116375
      Creating new point: f = 0.858094193455343
    i = 78 ; sf/Sf = 0.646826459206414 ; sf = 945.995508584391
      k =   73 ; sb/Sb = 0 ; sb = 0
      k =   72 ; sb/Sb = 0.0552164660571957 ; sb = 72.8010988928052
      k =   71 ; sb/Sb = 0.280721793002576 ; sb = 370.122473839175
      k =   70 ; sb/Sb = 0.458433830054208 ; sb = 604.429964116375
      k =   69 ; sb/Sb = 0.758958756168165 ; sb = 1000.66221923955
      Creating new point: f = 0.626878547441249
    i = 79 ; sf/Sf = 0.821952456772944 ; sf = 1202.12047808171
      k =   73 ; sb/Sb = 0 ; sb = 0
      k =   72 ; sb/Sb = 0.0552164660571957 ; sb = 72.8010988928052
      k =   71 ; sb/Sb = 0.280721793002576 ; sb = 370.122473839175
      k =   70 ; sb/Sb = 0.458433830054208 ; sb = 604.429964116375
      k =   69 ; sb/Sb = 0.758958756168165 ; sb = 1000.66221923955
      k =   68 ; sb/Sb = 1 ; sb = 1318.46719088097
      Creating new point: f = 0.261339925082395
    i = 80 ; sf/Sf = 0.935133575897783 ; sf = 1367.64993165417
      k =   73 ; sb/Sb = 0 ; sb = 0
      k =   72 ; sb/Sb = 0.0552164660571957 ; sb = 72.8010988928052
      k =   71 ; sb/Sb = 0.280721793002576 ; sb = 370.122473839175
      k =   70 ; sb/Sb = 0.458433830054208 ; sb = 604.429964116375
      k =   69 ; sb/Sb = 0.758958756168165 ; sb = 1000.66221923955
      k =   68 ; sb/Sb = 1 ; sb = 1318.46719088097
      Creating new point: f = 0.73089076760875
Tear 4 : Sf = 3424.1833398858 ; Sb = 3466.08967642127
  Backwards path
    i = 39 ; sf/Sf = 0.00584080874614238 ; sf = 20
      k =   38 ; sb/Sb = 0 ; sb = 0
      k =   37 ; sb/Sb = 0.055720450763896 ; sb = 193.13207915828
      Creating new point: f = 0.104823429567927
    i = 40 ; sf/Sf = 0.0725002780425146 ; sf = 248.254244210267
      k =   38 ; sb/Sb = 0 ; sb = 0
      k =   37 ; sb/Sb = 0.055720450763896 ; sb = 193.13207915828
      k =   36 ; sb/Sb = 0.126684418949202 ; sb = 439.099556683256
      Creating new point: f = 0.236455594405347
    i = 41 ; sf/Sf = 0.169226963023299 ; sf = 579.46414744385
      k =   38 ; sb/Sb = 0 ; sb = 0
      k =   37 ; sb/Sb = 0.055720450763896 ; sb = 193.13207915828
      k =   36 ; sb/Sb = 0.126684418949202 ; sb = 439.099556683256
      k =   35 ; sb/Sb = 0.200126962273698 ; sb = 693.657997910414
      Creating new point: f = 0.579262946901616
    i = 42 ; sf/Sf = 0.254370650087669 ; sf = 871.011742186115
      k =   38 ; sb/Sb = 0 ; sb = 0
      k =   37 ; sb/Sb = 0.055720450763896 ; sb = 193.13207915828
      k =   36 ; sb/Sb = 0.126684418949202 ; sb = 439.099556683256
      k =   35 ; sb/Sb = 0.200126962273698 ; sb = 693.657997910414
      k =   34 ; sb/Sb = 0.263402048168491 ; sb = 912.975119905027
      Creating new point: f = 0.857267707295746
    i = 43 ; sf/Sf = 0.335566295265485 ; sf = 1149.04051767527
      k =   38 ; sb/Sb = 0 ; sb = 0
      k =   37 ; sb/Sb = 0.055720450763896 ; sb = 193.13207915828
      k =   36 ; sb/Sb = 0.126684418949202 ; sb = 439.099556683256
      k =   35 ; sb/Sb = 0.200126962273698 ; sb = 693.657997910414
      k =   34 ; sb/Sb = 0.263402048168491 ; sb = 912.975119905027
      k =  120 ; sb/Sb = 0.26655425283013 ; sb = 923.900943940699
      k =  119 ; sb/Sb = 0.269706457491769 ; sb = 934.826767976372
      k =   33 ; sb/Sb = 0.278938763342851 ; sb = 966.826767976372
      k =  117 ; sb/Sb = 0.288171069193933 ; sb = 998.826767976372
      k =  121 ; sb/Sb = 0.290479145656704 ; sb = 1006.82676797637
      k =  118 ; sb/Sb = 0.292787222119474 ; sb = 1014.82676797637
      k =  116 ; sb/Sb = 0.297403375045015 ; sb = 1030.82676797637
      k =  124 ; sb/Sb = 0.313976148534044 ; sb = 1088.26948707636
      k =   32 ; sb/Sb = 0.330548922023073 ; sb = 1145.71220617636
      k =   31 ; sb/Sb = 0.380934950161286 ; sb = 1320.35469814208
      Creating new point: f = 0.0995786615418206
    i = 44 ; sf/Sf = 0.392270291260031 ; sf = 1343.20539606475
      k =   38 ; sb/Sb = 0 ; sb = 0
      k =   37 ; sb/Sb = 0.055720450763896 ; sb = 193.13207915828
      k =   36 ; sb/Sb = 0.126684418949202 ; sb = 439.099556683256
      k =   35 ; sb/Sb = 0.200126962273698 ; sb = 693.657997910414
      k =   34 ; sb/Sb = 0.263402048168491 ; sb = 912.975119905027
      k =  120 ; sb/Sb = 0.26655425283013 ; sb = 923.900943940699
      k =  119 ; sb/Sb = 0.269706457491769 ; sb = 934.826767976372
      k =   33 ; sb/Sb = 0.278938763342851 ; sb = 966.826767976372
      k =  117 ; sb/Sb = 0.288171069193933 ; sb = 998.826767976372
      k =  121 ; sb/Sb = 0.290479145656704 ; sb = 1006.82676797637
      k =  118 ; sb/Sb = 0.292787222119474 ; sb = 1014.82676797637
      k =  116 ; sb/Sb = 0.297403375045015 ; sb = 1030.82676797637
      k =  124 ; sb/Sb = 0.313976148534044 ; sb = 1088.26948707636
      k =   32 ; sb/Sb = 0.330548922023073 ; sb = 1145.71220617636
      k =   31 ; sb/Sb = 0.380934950161286 ; sb = 1320.35469814208
      k =   30 ; sb/Sb = 0.444210036056079 ; sb = 1539.6718201367
      Creating new point: f = 0.179143827913447
    i = 45 ; sf/Sf = 0.433777036059584 ; sf = 1485.33210010027
      k =   38 ; sb/Sb = 0 ; sb = 0
      k =   37 ; sb/Sb = 0.055720450763896 ; sb = 193.13207915828
      k =   36 ; sb/Sb = 0.126684418949202 ; sb = 439.099556683256
      k =   35 ; sb/Sb = 0.200126962273698 ; sb = 693.657997910414
      k =   34 ; sb/Sb = 0.263402048168491 ; sb = 912.975119905027
      k =  120 ; sb/Sb = 0.26655425283013 ; sb = 923.900943940699
      k =  119 ; sb/Sb = 0.269706457491769 ; sb = 934.826767976372
      k =   33 ; sb/Sb = 0.278938763342851 ; sb = 966.826767976372
      k =  117 ; sb/Sb = 0.288171069193933 ; sb = 998.826767976372
      k =  121 ; sb/Sb = 0.290479145656704 ; sb = 1006.82676797637
      k =  118 ; sb/Sb = 0.292787222119474 ; sb = 1014.82676797637
      k =  116 ; sb/Sb = 0.297403375045015 ; sb = 1030.82676797637
      k =  124 ; sb/Sb = 0.313976148534044 ; sb = 1088.26948707636
      k =   32 ; sb/Sb = 0.330548922023073 ; sb = 1145.71220617636
      k =   31 ; sb/Sb = 0.380934950161286 ; sb = 1320.35469814208
      k =   30 ; sb/Sb = 0.444210036056079 ; sb = 1539.6718201367
      Creating new point: f = 0.835116778603156
    i = 46 ; sf/Sf = 0.471854450485764 ; sf = 1615.71614820432
      k =   38 ; sb/Sb = 0 ; sb = 0
      k =   37 ; sb/Sb = 0.055720450763896 ; sb = 193.13207915828
      k =   36 ; sb/Sb = 0.126684418949202 ; sb = 439.099556683256
      k =   35 ; sb/Sb = 0.200126962273698 ; sb = 693.657997910414
      k =   34 ; sb/Sb = 0.263402048168491 ; sb = 912.975119905027
      k =  120 ; sb/Sb = 0.26655425283013 ; sb = 923.900943940699
      k =  119 ; sb/Sb = 0.269706457491769 ; sb = 934.826767976372
      k =   33 ; sb/Sb = 0.278938763342851 ; sb = 966.826767976372
      k =  117 ; sb/Sb = 0.288171069193933 ; sb = 998.826767976372
      k =  121 ; sb/Sb = 0.290479145656704 ; sb = 1006.82676797637
      k =  118 ; sb/Sb = 0.292787222119474 ; sb = 1014.82676797637
      k =  116 ; sb/Sb = 0.297403375045015 ; sb = 1030.82676797637
      k =  124 ; sb/Sb = 0.313976148534044 ; sb = 1088.26948707636
      k =   32 ; sb/Sb = 0.330548922023073 ; sb = 1145.71220617636
      k =   31 ; sb/Sb = 0.380934950161286 ; sb = 1320.35469814208
      k =   30 ; sb/Sb = 0.444210036056079 ; sb = 1539.6718201367
      k =   29 ; sb/Sb = 0.505071193957538 ; sb = 1750.62205123399
      Creating new point: f = 0.454220974146502
    i = 47 ; sf/Sf = 0.532060128984205 ; sf = 1821.8714294852
      k =   38 ; sb/Sb = 0 ; sb = 0
      k =   37 ; sb/Sb = 0.055720450763896 ; sb = 193.13207915828
      k =   36 ; sb/Sb = 0.126684418949202 ; sb = 439.099556683256
      k =   35 ; sb/Sb = 0.200126962273698 ; sb = 693.657997910414
      k =   34 ; sb/Sb = 0.263402048168491 ; sb = 912.975119905027
      k =  120 ; sb/Sb = 0.26655425283013 ; sb = 923.900943940699
      k =  119 ; sb/Sb = 0.269706457491769 ; sb = 934.826767976372
      k =   33 ; sb/Sb = 0.278938763342851 ; sb = 966.826767976372
      k =  117 ; sb/Sb = 0.288171069193933 ; sb = 998.826767976372
      k =  121 ; sb/Sb = 0.290479145656704 ; sb = 1006.82676797637
      k =  118 ; sb/Sb = 0.292787222119474 ; sb = 1014.82676797637
      k =  116 ; sb/Sb = 0.297403375045015 ; sb = 1030.82676797637
      k =  124 ; sb/Sb = 0.313976148534044 ; sb = 1088.26948707636
      k =   32 ; sb/Sb = 0.330548922023073 ; sb = 1145.71220617636
      k =   31 ; sb/Sb = 0.380934950161286 ; sb = 1320.35469814208
      k =   30 ; sb/Sb = 0.444210036056079 ; sb = 1539.6718201367
      k =   29 ; sb/Sb = 0.505071193957538 ; sb = 1750.62205123399
      k =   28 ; sb/Sb = 0.558113030803007 ; sb = 1934.46981434249
      Creating new point: f = 0.508823536886486
    i = 48 ; sf/Sf = 0.564711242484079 ; sf = 1933.67482836019
      k =   38 ; sb/Sb = 0 ; sb = 0
      k =   37 ; sb/Sb = 0.055720450763896 ; sb = 193.13207915828
      k =   36 ; sb/Sb = 0.126684418949202 ; sb = 439.099556683256
      k =   35 ; sb/Sb = 0.200126962273698 ; sb = 693.657997910414
      k =   34 ; sb/Sb = 0.263402048168491 ; sb = 912.975119905027
      k =  120 ; sb/Sb = 0.26655425283013 ; sb = 923.900943940699
      k =  119 ; sb/Sb = 0.269706457491769 ; sb = 934.826767976372
      k =   33 ; sb/Sb = 0.278938763342851 ; sb = 966.826767976372
      k =  117 ; sb/Sb = 0.288171069193933 ; sb = 998.826767976372
      k =  121 ; sb/Sb = 0.290479145656704 ; sb = 1006.82676797637
      k =  118 ; sb/Sb = 0.292787222119474 ; sb = 1014.82676797637
      k =  116 ; sb/Sb = 0.297403375045015 ; sb = 1030.82676797637
      k =  124 ; sb/Sb = 0.313976148534044 ; sb = 1088.26948707636
      k =   32 ; sb/Sb = 0.330548922023073 ; sb = 1145.71220617636
      k =   31 ; sb/Sb = 0.380934950161286 ; sb = 1320.35469814208
      k =   30 ; sb/Sb = 0.444210036056079 ; sb = 1539.6718201367
      k =   29 ; sb/Sb = 0.505071193957538 ; sb = 1750.62205123399
      k =   28 ; sb/Sb = 0.558113030803007 ; sb = 1934.46981434249
      k =   27 ; sb/Sb = 0.603730397279131 ; sb = 2092.58369735091
      Creating new point: f = 0.144642538374635
    i = 49 ; sf/Sf = 0.629554742691972 ; sf = 2155.71086147194
      k =   38 ; sb/Sb = 0 ; sb = 0
      k =   37 ; sb/Sb = 0.055720450763896 ; sb = 193.13207915828
      k =   36 ; sb/Sb = 0.126684418949202 ; sb = 439.099556683256
      k =   35 ; sb/Sb = 0.200126962273698 ; sb = 693.657997910414
      k =   34 ; sb/Sb = 0.263402048168491 ; sb = 912.975119905027
      k =  120 ; sb/Sb = 0.26655425283013 ; sb = 923.900943940699
      k =  119 ; sb/Sb = 0.269706457491769 ; sb = 934.826767976372
      k =   33 ; sb/Sb = 0.278938763342851 ; sb = 966.826767976372
      k =  117 ; sb/Sb = 0.288171069193933 ; sb = 998.826767976372
      k =  121 ; sb/Sb = 0.290479145656704 ; sb = 1006.82676797637
      k =  118 ; sb/Sb = 0.292787222119474 ; sb = 1014.82676797637
      k =  116 ; sb/Sb = 0.297403375045015 ; sb = 1030.82676797637
      k =  124 ; sb/Sb = 0.313976148534044 ; sb = 1088.26948707636
      k =   32 ; sb/Sb = 0.330548922023073 ; sb = 1145.71220617636
      k =   31 ; sb/Sb = 0.380934950161286 ; sb = 1320.35469814208
      k =   30 ; sb/Sb = 0.444210036056079 ; sb = 1539.6718201367
      k =   29 ; sb/Sb = 0.505071193957538 ; sb = 1750.62205123399
      k =   28 ; sb/Sb = 0.558113030803007 ; sb = 1934.46981434249
      k =   27 ; sb/Sb = 0.603730397279131 ; sb = 2092.58369735091
      k =   26 ; sb/Sb = 0.659748820492563 ; sb = 2286.74857574038
      Creating new point: f = 0.460997363571786
    i = 50 ; sf/Sf = 0.66285247566725 ; sf = 2269.72840398185
      k =   38 ; sb/Sb = 0 ; sb = 0
      k =   37 ; sb/Sb = 0.055720450763896 ; sb = 193.13207915828
      k =   36 ; sb/Sb = 0.126684418949202 ; sb = 439.099556683256
      k =   35 ; sb/Sb = 0.200126962273698 ; sb = 693.657997910414
      k =   34 ; sb/Sb = 0.263402048168491 ; sb = 912.975119905027
      k =  120 ; sb/Sb = 0.26655425283013 ; sb = 923.900943940699
      k =  119 ; sb/Sb = 0.269706457491769 ; sb = 934.826767976372
      k =   33 ; sb/Sb = 0.278938763342851 ; sb = 966.826767976372
      k =  117 ; sb/Sb = 0.288171069193933 ; sb = 998.826767976372
      k =  121 ; sb/Sb = 0.290479145656704 ; sb = 1006.82676797637
      k =  118 ; sb/Sb = 0.292787222119474 ; sb = 1014.82676797637
      k =  116 ; sb/Sb = 0.297403375045015 ; sb = 1030.82676797637
      k =  124 ; sb/Sb = 0.313976148534044 ; sb = 1088.26948707636
      k =   32 ; sb/Sb = 0.330548922023073 ; sb = 1145.71220617636
      k =   31 ; sb/Sb = 0.380934950161286 ; sb = 1320.35469814208
      k =   30 ; sb/Sb = 0.444210036056079 ; sb = 1539.6718201367
      k =   29 ; sb/Sb = 0.505071193957538 ; sb = 1750.62205123399
      k =   28 ; sb/Sb = 0.558113030803007 ; sb = 1934.46981434249
      k =   27 ; sb/Sb = 0.603730397279131 ; sb = 2092.58369735091
      k =   26 ; sb/Sb = 0.659748820492563 ; sb = 2286.74857574038
      k =   25 ; sb/Sb = 0.761384476797883 ; sb = 2639.02687481656
      Creating new point: f = 0.0305370702321549
    i = 51 ; sf/Sf = 0.704359220466802 ; sf = 2411.85510801737
      k =   38 ; sb/Sb = 0 ; sb = 0
      k =   37 ; sb/Sb = 0.055720450763896 ; sb = 193.13207915828
      k =   36 ; sb/Sb = 0.126684418949202 ; sb = 439.099556683256
      k =   35 ; sb/Sb = 0.200126962273698 ; sb = 693.657997910414
      k =   34 ; sb/Sb = 0.263402048168491 ; sb = 912.975119905027
      k =  120 ; sb/Sb = 0.26655425283013 ; sb = 923.900943940699
      k =  119 ; sb/Sb = 0.269706457491769 ; sb = 934.826767976372
      k =   33 ; sb/Sb = 0.278938763342851 ; sb = 966.826767976372
      k =  117 ; sb/Sb = 0.288171069193933 ; sb = 998.826767976372
      k =  121 ; sb/Sb = 0.290479145656704 ; sb = 1006.82676797637
      k =  118 ; sb/Sb = 0.292787222119474 ; sb = 1014.82676797637
      k =  116 ; sb/Sb = 0.297403375045015 ; sb = 1030.82676797637
      k =  124 ; sb/Sb = 0.313976148534044 ; sb = 1088.26948707636
      k =   32 ; sb/Sb = 0.330548922023073 ; sb = 1145.71220617636
      k =   31 ; sb/Sb = 0.380934950161286 ; sb = 1320.35469814208
      k =   30 ; sb/Sb = 0.444210036056079 ; sb = 1539.6718201367
      k =   29 ; sb/Sb = 0.505071193957538 ; sb = 1750.62205123399
      k =   28 ; sb/Sb = 0.558113030803007 ; sb = 1934.46981434249
      k =   27 ; sb/Sb = 0.603730397279131 ; sb = 2092.58369735091
      k =   26 ; sb/Sb = 0.659748820492563 ; sb = 2286.74857574038
      k =   25 ; sb/Sb = 0.761384476797883 ; sb = 2639.02687481656
      Creating new point: f = 0.438924700207836
    i = 52 ; sf/Sf = 0.730642859824443 ; sf = 2501.85510801737
      k =   38 ; sb/Sb = 0 ; sb = 0
      k =   37 ; sb/Sb = 0.055720450763896 ; sb = 193.13207915828
      k =   36 ; sb/Sb = 0.126684418949202 ; sb = 439.099556683256
      k =   35 ; sb/Sb = 0.200126962273698 ; sb = 693.657997910414
      k =   34 ; sb/Sb = 0.263402048168491 ; sb = 912.975119905027
      k =  120 ; sb/Sb = 0.26655425283013 ; sb = 923.900943940699
      k =  119 ; sb/Sb = 0.269706457491769 ; sb = 934.826767976372
      k =   33 ; sb/Sb = 0.278938763342851 ; sb = 966.826767976372
      k =  117 ; sb/Sb = 0.288171069193933 ; sb = 998.826767976372
      k =  121 ; sb/Sb = 0.290479145656704 ; sb = 1006.82676797637
      k =  118 ; sb/Sb = 0.292787222119474 ; sb = 1014.82676797637
      k =  116 ; sb/Sb = 0.297403375045015 ; sb = 1030.82676797637
      k =  124 ; sb/Sb = 0.313976148534044 ; sb = 1088.26948707636
      k =   32 ; sb/Sb = 0.330548922023073 ; sb = 1145.71220617636
      k =   31 ; sb/Sb = 0.380934950161286 ; sb = 1320.35469814208
      k =   30 ; sb/Sb = 0.444210036056079 ; sb = 1539.6718201367
      k =   29 ; sb/Sb = 0.505071193957538 ; sb = 1750.62205123399
      k =   28 ; sb/Sb = 0.558113030803007 ; sb = 1934.46981434249
      k =   27 ; sb/Sb = 0.603730397279131 ; sb = 2092.58369735091
      k =   26 ; sb/Sb = 0.659748820492563 ; sb = 2286.74857574038
      k =   25 ; sb/Sb = 0.761384476797883 ; sb = 2639.02687481656
      Creating new point: f = 0.697531180582036
    i = 53 ; sf/Sf = 0.767813539072542 ; sf = 2629.13432863095
      k =   38 ; sb/Sb = 0 ; sb = 0
      k =   37 ; sb/Sb = 0.055720450763896 ; sb = 193.13207915828
      k =   36 ; sb/Sb = 0.126684418949202 ; sb = 439.099556683256
      k =   35 ; sb/Sb = 0.200126962273698 ; sb = 693.657997910414
      k =   34 ; sb/Sb = 0.263402048168491 ; sb = 912.975119905027
      k =  120 ; sb/Sb = 0.26655425283013 ; sb = 923.900943940699
      k =  119 ; sb/Sb = 0.269706457491769 ; sb = 934.826767976372
      k =   33 ; sb/Sb = 0.278938763342851 ; sb = 966.826767976372
      k =  117 ; sb/Sb = 0.288171069193933 ; sb = 998.826767976372
      k =  121 ; sb/Sb = 0.290479145656704 ; sb = 1006.82676797637
      k =  118 ; sb/Sb = 0.292787222119474 ; sb = 1014.82676797637
      k =  116 ; sb/Sb = 0.297403375045015 ; sb = 1030.82676797637
      k =  124 ; sb/Sb = 0.313976148534044 ; sb = 1088.26948707636
      k =   32 ; sb/Sb = 0.330548922023073 ; sb = 1145.71220617636
      k =   31 ; sb/Sb = 0.380934950161286 ; sb = 1320.35469814208
      k =   30 ; sb/Sb = 0.444210036056079 ; sb = 1539.6718201367
      k =   29 ; sb/Sb = 0.505071193957538 ; sb = 1750.62205123399
      k =   28 ; sb/Sb = 0.558113030803007 ; sb = 1934.46981434249
      k =   27 ; sb/Sb = 0.603730397279131 ; sb = 2092.58369735091
      k =   26 ; sb/Sb = 0.659748820492563 ; sb = 2286.74857574038
      k =   25 ; sb/Sb = 0.761384476797883 ; sb = 2639.02687481656
      k =   24 ; sb/Sb = 0.83628591442687 ; sb = 2898.6419745315
      Creating new point: f = 0.0858336298764247
    i = 54 ; sf/Sf = 0.796724067376619 ; sf = 2728.12927799707
      k =   38 ; sb/Sb = 0 ; sb = 0
      k =   37 ; sb/Sb = 0.055720450763896 ; sb = 193.13207915828
      k =   36 ; sb/Sb = 0.126684418949202 ; sb = 439.099556683256
      k =   35 ; sb/Sb = 0.200126962273698 ; sb = 693.657997910414
      k =   34 ; sb/Sb = 0.263402048168491 ; sb = 912.975119905027
      k =  120 ; sb/Sb = 0.26655425283013 ; sb = 923.900943940699
      k =  119 ; sb/Sb = 0.269706457491769 ; sb = 934.826767976372
      k =   33 ; sb/Sb = 0.278938763342851 ; sb = 966.826767976372
      k =  117 ; sb/Sb = 0.288171069193933 ; sb = 998.826767976372
      k =  121 ; sb/Sb = 0.290479145656704 ; sb = 1006.82676797637
      k =  118 ; sb/Sb = 0.292787222119474 ; sb = 1014.82676797637
      k =  116 ; sb/Sb = 0.297403375045015 ; sb = 1030.82676797637
      k =  124 ; sb/Sb = 0.313976148534044 ; sb = 1088.26948707636
      k =   32 ; sb/Sb = 0.330548922023073 ; sb = 1145.71220617636
      k =   31 ; sb/Sb = 0.380934950161286 ; sb = 1320.35469814208
      k =   30 ; sb/Sb = 0.444210036056079 ; sb = 1539.6718201367
      k =   29 ; sb/Sb = 0.505071193957538 ; sb = 1750.62205123399
      k =   28 ; sb/Sb = 0.558113030803007 ; sb = 1934.46981434249
      k =   27 ; sb/Sb = 0.603730397279131 ; sb = 2092.58369735091
      k =   26 ; sb/Sb = 0.659748820492563 ; sb = 2286.74857574038
      k =   25 ; sb/Sb = 0.761384476797883 ; sb = 2639.02687481656
      k =   24 ; sb/Sb = 0.83628591442687 ; sb = 2898.6419745315
      Creating new point: f = 0.471814583236505
    i = 55 ; sf/Sf = 0.842899714914724 ; sf = 2886.24316100549
      k =   38 ; sb/Sb = 0 ; sb = 0
      k =   37 ; sb/Sb = 0.055720450763896 ; sb = 193.13207915828
      k =   36 ; sb/Sb = 0.126684418949202 ; sb = 439.099556683256
      k =   35 ; sb/Sb = 0.200126962273698 ; sb = 693.657997910414
      k =   34 ; sb/Sb = 0.263402048168491 ; sb = 912.975119905027
      k =  120 ; sb/Sb = 0.26655425283013 ; sb = 923.900943940699
      k =  119 ; sb/Sb = 0.269706457491769 ; sb = 934.826767976372
      k =   33 ; sb/Sb = 0.278938763342851 ; sb = 966.826767976372
      k =  117 ; sb/Sb = 0.288171069193933 ; sb = 998.826767976372
      k =  121 ; sb/Sb = 0.290479145656704 ; sb = 1006.82676797637
      k =  118 ; sb/Sb = 0.292787222119474 ; sb = 1014.82676797637
      k =  116 ; sb/Sb = 0.297403375045015 ; sb = 1030.82676797637
      k =  124 ; sb/Sb = 0.313976148534044 ; sb = 1088.26948707636
      k =   32 ; sb/Sb = 0.330548922023073 ; sb = 1145.71220617636
      k =   31 ; sb/Sb = 0.380934950161286 ; sb = 1320.35469814208
      k =   30 ; sb/Sb = 0.444210036056079 ; sb = 1539.6718201367
      k =   29 ; sb/Sb = 0.505071193957538 ; sb = 1750.62205123399
      k =   28 ; sb/Sb = 0.558113030803007 ; sb = 1934.46981434249
      k =   27 ; sb/Sb = 0.603730397279131 ; sb = 2092.58369735091
      k =   26 ; sb/Sb = 0.659748820492563 ; sb = 2286.74857574038
      k =   25 ; sb/Sb = 0.761384476797883 ; sb = 2639.02687481656
      k =   24 ; sb/Sb = 0.83628591442687 ; sb = 2898.6419745315
      k =   23 ; sb/Sb = 0.917888740342977 ; sb = 3181.48468700612
      Creating new point: f = 0.081048669744027
    i = 56 ; sf/Sf = 0.921966663305007 ; sf = 3156.9828884191
      k =   38 ; sb/Sb = 0 ; sb = 0
      k =   37 ; sb/Sb = 0.055720450763896 ; sb = 193.13207915828
      k =   36 ; sb/Sb = 0.126684418949202 ; sb = 439.099556683256
      k =   35 ; sb/Sb = 0.200126962273698 ; sb = 693.657997910414
      k =   34 ; sb/Sb = 0.263402048168491 ; sb = 912.975119905027
      k =  120 ; sb/Sb = 0.26655425283013 ; sb = 923.900943940699
      k =  119 ; sb/Sb = 0.269706457491769 ; sb = 934.826767976372
      k =   33 ; sb/Sb = 0.278938763342851 ; sb = 966.826767976372
      k =  117 ; sb/Sb = 0.288171069193933 ; sb = 998.826767976372
      k =  121 ; sb/Sb = 0.290479145656704 ; sb = 1006.82676797637
      k =  118 ; sb/Sb = 0.292787222119474 ; sb = 1014.82676797637
      k =  116 ; sb/Sb = 0.297403375045015 ; sb = 1030.82676797637
      k =  124 ; sb/Sb = 0.313976148534044 ; sb = 1088.26948707636
      k =   32 ; sb/Sb = 0.330548922023073 ; sb = 1145.71220617636
      k =   31 ; sb/Sb = 0.380934950161286 ; sb = 1320.35469814208
      k =   30 ; sb/Sb = 0.444210036056079 ; sb = 1539.6718201367
      k =   29 ; sb/Sb = 0.505071193957538 ; sb = 1750.62205123399
      k =   28 ; sb/Sb = 0.558113030803007 ; sb = 1934.46981434249
      k =   27 ; sb/Sb = 0.603730397279131 ; sb = 2092.58369735091
      k =   26 ; sb/Sb = 0.659748820492563 ; sb = 2286.74857574038
      k =   25 ; sb/Sb = 0.761384476797883 ; sb = 2639.02687481656
      k =   24 ; sb/Sb = 0.83628591442687 ; sb = 2898.6419745315
      k =   23 ; sb/Sb = 0.917888740342977 ; sb = 3181.48468700612
      k =   22 ; sb/Sb = 1 ; sb = 3466.08967642127
      Creating new point: f = 0.0496633833053284
    i = 57 ; sf/Sf = 0.948250302662648 ; sf = 3246.9828884191
      k =   38 ; sb/Sb = 0 ; sb = 0
      k =   37 ; sb/Sb = 0.055720450763896 ; sb = 193.13207915828
      k =   36 ; sb/Sb = 0.126684418949202 ; sb = 439.099556683256
      k =   35 ; sb/Sb = 0.200126962273698 ; sb = 693.657997910414
      k =   34 ; sb/Sb = 0.263402048168491 ; sb = 912.975119905027
      k =  120 ; sb/Sb = 0.26655425283013 ; sb = 923.900943940699
      k =  119 ; sb/Sb = 0.269706457491769 ; sb = 934.826767976372
      k =   33 ; sb/Sb = 0.278938763342851 ; sb = 966.826767976372
      k =  117 ; sb/Sb = 0.288171069193933 ; sb = 998.826767976372
      k =  121 ; sb/Sb = 0.290479145656704 ; sb = 1006.82676797637
      k =  118 ; sb/Sb = 0.292787222119474 ; sb = 1014.82676797637
      k =  116 ; sb/Sb = 0.297403375045015 ; sb = 1030.82676797637
      k =  124 ; sb/Sb = 0.313976148534044 ; sb = 1088.26948707636
      k =   32 ; sb/Sb = 0.330548922023073 ; sb = 1145.71220617636
      k =   31 ; sb/Sb = 0.380934950161286 ; sb = 1320.35469814208
      k =   30 ; sb/Sb = 0.444210036056079 ; sb = 1539.6718201367
      k =   29 ; sb/Sb = 0.505071193957538 ; sb = 1750.62205123399
      k =   28 ; sb/Sb = 0.558113030803007 ; sb = 1934.46981434249
      k =   27 ; sb/Sb = 0.603730397279131 ; sb = 2092.58369735091
      k =   26 ; sb/Sb = 0.659748820492563 ; sb = 2286.74857574038
      k =   25 ; sb/Sb = 0.761384476797883 ; sb = 2639.02687481656
      k =   24 ; sb/Sb = 0.83628591442687 ; sb = 2898.6419745315
      k =   23 ; sb/Sb = 0.917888740342977 ; sb = 3181.48468700612
      k =   22 ; sb/Sb = 1 ; sb = 3466.08967642127
      Creating new point: f = 0.369761253773118
Triangulating...
[1] "Non-adjacent points in rim connected by line: 116 34"
[1] "In triangle: 994" "In triangle: 995"
[1] "Other points in triangles: 483 118"
[1] "Non-adjacent points in rim connected by line: 118 34"
[1] "In triangle: 993"  "In triangle: 1111"
[1] "Other points in triangles: 484 658"
[1] "Non-adjacent points in rim connected by line: 119 117"
[1] "In triangle: 975" "In triangle: 976"
[1] "Other points in triangles: 487 485"
[1] "Non-adjacent points in rim connected by line: 130 75"
[1] "In triangle: 139" "In triangle: 159"
[1] "Other points in triangles: 490 505"
[1] "Non-adjacent points in rim connected by line: 505 75"
[1] "In triangle: 151"  "In triangle: 1117"
[1] "Other points in triangles: 76 661"
[1] "Non-adjacent points in rim connected by line: 549 67"
[1] "In triangle: 557" "In triangle: 562"
[1] "Other points in triangles: 68 141"
Merging points...
Projecting to sphere...
Optimising mapping with FIRE...
E =  0.00525 | E_L =  0.00525 | E_A =  0.00000 |   0 flippped triangles
E =  0.00446 | E_L =  0.00446 | E_A =  0.00000 |  90 flippped triangles
        phi0    phi0.1    phi0.2    phi0.3    phi0.4    phi0.5    phi0.6
id    82.000    85.000    89.000 151.00000   156.000    161.00   163.000
A   5128.876  3903.325  3268.848 160.43900  1298.437  23525.73  1364.497
a  -5577.656 -3486.511 -2844.968 -45.08481 -1188.300 -16832.82 -1331.898
      phi0.7   phi0.8    phi0.9   phi0.10   phi0.11   phi0.12   phi0.13
id    182.00   183.00   186.000   192.000   193.000   280.000  283.0000
A   20228.18 14391.07 10530.917  2234.012  3052.612  3825.326  853.9019
a  -10879.47 -4387.68 -9158.569 -2690.059 -1008.595 -5943.990 -987.9531
     phi0.14   phi0.15   phi0.16   phi0.17   phi0.18   phi0.19   phi0.20
id   285.000    291.00   308.000    318.00   392.000 397.00000  496.0000
A   2029.192  19643.29  4855.395  16559.37  4556.165  25.68910 2118.3668
a  -2112.562 -16242.60 -3977.206 -12291.13 -4397.861 -24.24421 -596.8353
     phi0.21   phi0.22   phi0.23   phi0.24   phi0.25   phi0.26   phi0.27
id   531.000   546.000   552.000    643.00   659.000   667.000    669.00
A   1395.325  3593.732  8760.545  30503.70  4446.659  1519.738  38502.30
a  -1231.742 -3103.484 -8273.611 -19143.07 -3755.511 -1745.798 -21483.88
     phi0.28   phi0.29   phi0.30   phi0.31   phi0.32   phi0.33   phi0.34
id    670.00   675.000  676.0000   678.000    736.00  737.0000   740.000
A   16749.69  4566.774  658.2063  2581.138  17374.67  739.7563  1416.579
a  -14585.76 -4272.828 -652.1450 -2005.703 -14470.07 -885.5755 -1196.535
     phi0.35   phi0.36   phi0.37   phi0.38   phi0.39   phi0.40   phi0.41
id 741.00000  745.0000  746.0000    759.00  766.0000  767.0000 772.00000
A  157.32729  691.9472  660.8342  31025.07  168.2632  572.1629 102.99077
a  -87.67613 -759.8915 -601.4734 -16805.17 -128.8904 -472.1975 -94.99665
     phi0.42    phi0.43   phi0.44   phi0.45   phi0.46   phi0.47   phi0.48
id  777.0000 780.000000 782.00000  783.0000  784.0000 785.00000 786.00000
A   650.4057  86.570731 110.53936  370.3983 1261.4923  86.57073 159.00986
a  -594.9854  -7.317474 -98.85774 -207.0639 -986.2499 -72.05429 -94.45375
     phi0.49   phi0.50   phi0.51   phi0.52   phi0.53   phi0.54   phi0.55
id  787.0000   788.000   793.000   806.000    807.00  809.0000  812.0000
A   477.7237  1369.844  7169.665  3505.903  13830.41  291.9882  979.2966
a  -550.1629 -1250.577 -8005.379 -2374.508 -13800.62 -256.4402 -986.3053
     phi0.56   phi0.57   phi0.58   phi0.59   phi0.60   phi0.61   phi0.62
id   814.000  820.0000  825.0000 869.00000   871.000 970.00000  971.0000
A   5479.519  397.5682  804.8215 116.25082 14621.592  23.91710  637.8992
a  -3258.811 -359.0825 -661.6631 -11.55665 -3328.779 -61.11819 -388.4900
     phi0.63    phi0.64    phi0.65    phi0.66    phi0.67    phi0.68     phi0.69
id  972.0000 975.000000 976.000000 977.000000 978.000000 982.000000 983.0000000
A   192.0997   2.580356   3.500016   6.578217   6.886615   5.090223   3.9049613
a  -186.4958  -3.445857  -5.777994  -8.322910  -4.681572  -5.291588  -0.9237532
     phi0.70   phi0.71   phi0.72    phi0.73    phi0.74   phi0.75   phi0.76
id  985.0000   986.000  987.0000 990.000000 997.000000 998.00000 1000.0000
A   316.1782  1233.686  223.8928   4.078781   7.733249  86.64134 2504.9936
a  -246.9601 -1142.961 -188.4331  -5.200325 -10.544121 -53.63532 -720.0007
     phi0.77   phi0.78   phi0.79   phi0.80   phi0.81   phi0.82   phi0.83
id 1001.0000 1008.0000  1010.000 1029.0000 1034.0000  1073.000   1077.00
A  1356.5629 3626.8408 17310.073  772.9197  164.3408  3217.584  11745.73
a  -909.9928 -202.6502 -9463.299 -826.1394 -156.1078 -3249.129 -10907.94
     phi0.84   phi0.85   phi0.86     phi0.87     phi0.88    phi0.89
id  1078.000 1084.0000 1104.0000 1114.000000 1115.000000 1117.00000
A   4322.552  668.8361  155.8732    2.633029    3.552690  263.53814
a  -3529.232 -635.7523 -112.9481   -2.346965   -2.227419  -46.57484
E =  0.00429 | E_L =  0.00429 | E_A =  0.00000 |  87 flippped triangles
        phi0    phi0.1    phi0.2    phi0.3    phi0.4    phi0.5    phi0.6
id    82.000    85.000    89.000  156.0000  158.0000   159.000    161.00
A   5128.876  3903.325  3268.848 1298.4366 5523.7007  1408.988  23525.73
a  -5102.999 -3531.618 -3489.982 -991.3864 -244.9429 -1910.989 -11594.08
      phi0.7    phi0.8    phi0.9   phi0.10   phi0.11   phi0.12   phi0.13
id   163.000   170.000   174.000   178.000    182.00    183.00  185.0000
A   1364.497  1761.339  7540.848  9647.965  20228.18  14391.07 1055.2535
a  -1621.775 -1354.312 -7073.310 -9062.637 -19891.09 -14273.07 -505.6794
     phi0.14   phi0.15   phi0.16   phi0.17   phi0.18   phi0.19   phi0.20
id   186.000   280.000  283.0000   285.000    291.00   308.000    318.00
A  10530.917  3825.326  853.9019  2029.192  19643.29  4855.395  16559.37
a  -9829.729 -5535.540 -904.0510 -2192.622 -14305.56 -3988.676 -12084.27
     phi0.21   phi0.22   phi0.23   phi0.24   phi0.25   phi0.26   phi0.27
id   392.000 397.00000   496.000   531.000   552.000   659.000   667.000
A   4556.165  25.68910  2118.367  1395.325  8760.545  4446.659  1519.738
a  -3729.906 -24.42873 -1638.613 -1498.317 -7613.951 -3611.773 -1117.088
     phi0.28   phi0.29   phi0.30   phi0.31   phi0.32   phi0.33   phi0.34
id    670.00  671.0000   675.000  676.0000   678.000 679.00000  680.0000
A   16749.69  538.7718  4566.774  658.2063  2581.138  46.41332  552.0398
a  -13193.41 -175.1376 -3532.632 -686.5530 -2644.240 -15.54702 -420.2364
     phi0.35   phi0.36   phi0.37   phi0.38   phi0.39   phi0.40   phi0.41
id   736.000  737.0000   740.000  741.0000  745.0000  746.0000    759.00
A  17374.670  739.7563  1416.579  157.3273  691.9472  660.8342  31025.07
a  -9826.939 -865.2729 -1087.840 -103.6471 -704.2791 -587.2309 -14231.22
     phi0.42   phi0.43   phi0.44   phi0.45   phi0.46   phi0.47   phi0.48
id  766.0000  767.0000  777.0000 782.00000  783.0000  784.0000 785.00000
A   168.2632  572.1629  650.4057 110.53936  370.3983 1261.4923  86.57073
a  -202.6462 -549.1283 -643.1889 -94.38436 -322.6985 -891.4374 -78.39474
     phi0.49   phi0.50   phi0.51   phi0.52   phi0.53   phi0.54   phi0.55
id  786.0000  787.0000   788.000   793.000    807.00  809.0000  812.0000
A   159.0099  477.7237  1369.844  7169.665  13830.41  291.9882  979.2966
a  -158.1884 -530.7598 -1138.696 -9325.045 -14214.04 -266.0570 -964.1453
     phi0.56   phi0.57   phi0.58   phi0.59   phi0.60   phi0.61   phi0.62
id  813.0000  817.0000  820.0000  825.0000  869.0000   871.000   950.000
A  1316.5410 1882.1969  397.5682  804.8215  116.2508 14621.592  5229.612
a  -923.1317 -148.3973 -379.3998 -675.5812 -109.8511 -3109.866 -6105.523
    phi0.63   phi0.64   phi0.65    phi0.66    phi0.67   phi0.68   phi0.69
id 970.0000  971.0000 973.00000 976.000000 983.000000  985.0000   986.000
A   23.9171  637.8992  10.62982   3.500016   3.904961  316.1782  1233.686
a  -20.0955 -316.5679 -15.00647  -4.117389  -4.438867 -261.5392 -1015.991
     phi0.70    phi0.71    phi0.72   phi0.73   phi0.74   phi0.75   phi0.76
id  987.0000 990.000000 997.000000 998.00000 1000.0000 1001.0000  1008.000
A   223.8928   4.078781   7.733249  86.64134 2504.9936 1356.5629  3626.841
a  -216.7338  -2.887955  -9.591267 -82.15115 -247.3031 -668.1381 -1557.992
     phi0.77   phi0.78   phi0.79   phi0.80   phi0.81   phi0.82   phi0.83
id   1010.00 1029.0000 1034.0000  1073.000   1077.00  1078.000 1084.0000
A   17310.07  772.9197  164.3408  3217.584  11745.73  4322.552  668.8361
a  -13361.11 -585.0613 -172.6855 -3407.885 -11515.69 -3438.727 -640.3821
     phi0.84     phi0.85   phi0.86
id 1104.0000 1115.000000 1116.0000
A   155.8732    3.552690  499.6237
a  -131.2477   -3.933358 -400.2976
E =  0.00425 | E_L =  0.00425 | E_A =  0.00000 |  87 flippped triangles
        phi0    phi0.1    phi0.2    phi0.3    phi0.4    phi0.5    phi0.6
id    82.000    85.000    89.000   156.000   158.000   159.000    161.00
A   5128.876  3903.325  3268.848  1298.437  5523.701  1408.988  23525.73
a  -5112.174 -3515.624 -3432.827 -1042.151 -4994.537 -2048.581 -14222.42
      phi0.7    phi0.8    phi0.9   phi0.10   phi0.11   phi0.12  phi0.13
id   163.000   170.000   174.000   178.000    182.00    183.00  185.000
A   1364.497  1761.339  7540.848  9647.965  20228.18  14391.07 1055.254
a  -1533.009 -1407.116 -7800.896 -9183.252 -20698.18 -15420.75 -971.867
     phi0.14   phi0.15   phi0.16   phi0.17   phi0.18   phi0.19   phi0.20
id    186.00  193.0000   280.000  283.0000   285.000    291.00   308.000
A   10530.92 3052.6122  3825.326  853.9019  2029.192  19643.29  4855.395
a  -10286.71 -773.5977 -5534.344 -899.7796 -2130.203 -12541.19 -3978.294
     phi0.21   phi0.22   phi0.23   phi0.24   phi0.25   phi0.26   phi0.27
id    318.00   392.000 397.00000   496.000   504.000   531.000   552.000
A   16559.37  4556.165  25.68910  2118.367 11004.847  1395.325  8760.545
a  -12794.91 -3809.713 -23.67259 -1613.506 -7490.604 -1524.548 -8721.012
     phi0.28   phi0.29   phi0.30   phi0.31   phi0.32   phi0.33   phi0.34
id   659.000   667.000    670.00   675.000  676.0000   678.000 679.00000
A   4446.659  1519.738  16749.69  4566.774  658.2063  2581.138  46.41332
a  -3669.377 -1471.712 -12769.74 -3806.810 -645.2886 -2442.302 -14.03341
     phi0.35   phi0.36   phi0.37   phi0.38   phi0.39   phi0.40   phi0.41
id  680.0000   736.000  737.0000   740.000  741.0000  745.0000  746.0000
A   552.0398 17374.670  739.7563  1416.579  157.3273  691.9472  660.8342
a  -412.9031 -9789.401 -857.4052 -1115.754 -113.9573 -720.8694 -605.2948
     phi0.42   phi0.43   phi0.44   phi0.45   phi0.46   phi0.47   phi0.48
id   759.000  766.0000  767.0000  777.0000 782.00000  783.0000  784.0000
A  31025.072  168.2632  572.1629  650.4057 110.53936  370.3983 1261.4923
a  -7920.409 -198.0082 -537.9848 -630.2078 -89.71804 -287.1862 -765.4269
     phi0.49   phi0.50   phi0.51   phi0.52   phi0.53   phi0.54   phi0.55
id 785.00000  786.0000  787.0000   788.000   793.000    807.00  809.0000
A   86.57073  159.0099  477.7237  1369.844  7169.665  13830.41  291.9882
a  -83.98493 -161.4357 -540.0790 -1209.551 -8428.747 -14282.08 -264.1535
     phi0.56   phi0.57   phi0.58   phi0.59   phi0.60   phi0.61   phi0.62
id  812.0000   813.000  820.0000  825.0000  869.0000   871.000   950.000
A   979.2966  1316.541  397.5682  804.8215  116.2508 14621.592  5229.612
a  -983.0673 -1169.414 -389.0406 -654.3481 -107.2867 -4691.823 -6326.099
     phi0.63   phi0.64    phi0.65    phi0.66    phi0.67   phi0.68  phi0.69
id 970.00000  971.0000 973.000000 976.000000 983.000000  985.0000  986.000
A   23.91710  637.8992  10.629821   3.500016   3.904961  316.1782 1233.686
a  -30.35576 -287.8257  -5.665914  -4.275147  -4.463366 -257.7769 -985.593
     phi0.70    phi0.71    phi0.72   phi0.73   phi0.74   phi0.75   phi0.76
id  987.0000 990.000000 997.000000 998.00000 1000.0000 1001.0000  1008.000
A   223.8928   4.078781   7.733249  86.64134 2504.9936 1356.5629  3626.841
a  -221.8722  -3.227594  -9.089243 -75.32654 -760.1664 -902.8822 -1603.405
     phi0.77   phi0.78   phi0.79   phi0.80   phi0.81   phi0.82   phi0.83
id   1010.00 1029.0000 1034.0000  1073.000   1077.00  1078.000 1084.0000
A   17310.07  772.9197  164.3408  3217.584  11745.73  4322.552  668.8361
a  -11833.85 -625.9555 -172.0835 -3379.395 -11441.38 -3464.029 -624.9038
     phi0.84     phi0.85   phi0.86
id 1104.0000 1115.000000 1116.0000
A   155.8732    3.552690  499.6237
a  -130.5813   -3.953389 -372.4535
E =  0.00424 | E_L =  0.00424 | E_A =  0.00000 |  86 flippped triangles
        phi0    phi0.1    phi0.2    phi0.3    phi0.4    phi0.5    phi0.6
id    82.000    85.000    89.000   156.000   158.000   159.000    161.00
A   5128.876  3903.325  3268.848  1298.437  5523.701  1408.988  23525.73
a  -5207.970 -3508.203 -3434.294 -1058.929 -5010.900 -1959.276 -13882.38
      phi0.7    phi0.8    phi0.9   phi0.10   phi0.11   phi0.12   phi0.13
id   163.000   170.000   174.000   178.000    182.00    183.00   185.000
A   1364.497  1761.339  7540.848  9647.965  20228.18  14391.07  1055.254
a  -1633.646 -1194.501 -7586.977 -9083.031 -20356.62 -15290.46 -1004.370
     phi0.14   phi0.15   phi0.16   phi0.17   phi0.18   phi0.19   phi0.20
id    186.00   280.000  283.0000   285.000    291.00   308.000    318.00
A   10530.92  3825.326  853.9019  2029.192  19643.29  4855.395  16559.37
a  -10344.87 -5424.986 -903.4166 -2195.779 -11548.26 -4004.674 -12878.10
     phi0.21   phi0.22   phi0.23   phi0.24   phi0.25   phi0.26   phi0.27
id   392.000 397.00000   496.000   504.000   531.000   552.000   659.000
A   4556.165  25.68910  2118.367 11004.847  1395.325  8760.545  4446.659
a  -3690.851 -24.06536 -1609.122 -7656.557 -1518.394 -8726.964 -3638.921
     phi0.28   phi0.29   phi0.30   phi0.31   phi0.32   phi0.33   phi0.34
id   667.000    670.00   675.000  676.0000   678.000 679.00000  680.0000
A   1519.738  16749.69  4566.774  658.2063  2581.138  46.41332  552.0398
a  -1480.336 -12556.55 -3732.641 -636.4014 -2321.107 -12.66776 -371.8450
     phi0.35   phi0.36   phi0.37   phi0.38   phi0.39   phi0.40   phi0.41
id   736.000  737.0000   740.000  741.0000  745.0000  746.0000   759.000
A  17374.670  739.7563  1416.579  157.3273  691.9472  660.8342 31025.072
a  -9443.752 -848.0621 -1056.280 -108.4929 -717.6839 -601.2259 -4631.818
     phi0.42   phi0.43   phi0.44  phi0.45   phi0.46   phi0.47   phi0.48
id  766.0000  767.0000  777.0000 782.0000  783.0000  784.0000 785.00000
A   168.2632  572.1629  650.4057 110.5394  370.3983 1261.4923  86.57073
a  -196.3746 -543.5134 -633.0918 -89.2380 -331.0466 -849.2089 -82.78430
     phi0.49   phi0.50   phi0.51   phi0.52   phi0.53   phi0.54   phi0.55
id  786.0000  787.0000   788.000   793.000    807.00  809.0000  812.0000
A   159.0099  477.7237  1369.844  7169.665  13830.41  291.9882  979.2966
a  -160.1685 -544.0813 -1105.434 -8427.247 -14211.75 -261.1908 -975.6366
     phi0.56   phi0.57   phi0.58   phi0.59   phi0.60   phi0.61   phi0.62
id   813.000  820.0000  825.0000  869.0000   871.000   950.000 970.00000
A   1316.541  397.5682  804.8215  116.2508 14621.592  5229.612  23.91710
a  -1138.296 -373.6046 -694.9408 -106.3413 -4839.642 -6273.424 -26.13519
     phi0.63   phi0.64    phi0.65    phi0.66   phi0.67   phi0.68   phi0.69
id  971.0000 973.00000 976.000000 983.000000  985.0000   986.000  987.0000
A   637.8992  10.62982   3.500016   3.904961  316.1782  1233.686  223.8928
a  -316.3931 -10.83270  -4.286545  -4.389328 -257.2474 -1025.385 -222.4616
      phi0.70    phi0.71   phi0.72    phi0.73   phi0.74   phi0.75   phi0.76
id 990.000000 997.000000 998.00000 1000.00000 1001.0000  1008.000  1010.000
A    4.078781   7.733249  86.64134 2504.99362 1356.5629  3626.841 17310.073
a   -2.965093  -9.079605 -79.91480  -79.37874 -505.8548 -1381.033 -9880.103
     phi0.77   phi0.78   phi0.79   phi0.80   phi0.81   phi0.82   phi0.83
id 1029.0000 1034.0000  1073.000   1077.00  1078.000 1084.0000 1104.0000
A   772.9197  164.3408  3217.584  11745.73  4322.552  668.8361  155.8732
a  -639.3307 -172.5995 -3357.696 -11376.67 -3465.517 -641.9152 -127.9890
       phi0.84   phi0.85
id 1115.000000 1116.0000
A     3.552690  499.6237
a    -4.075238 -386.4617
FIRE:  9  stops.  3 hits of maxmove.  0 hits of dtmax.
Frms = 9.55436457658515e-06; Ftanrms = 9.55408171255596e-06
E =  0.00860 | E_L =  0.00816 | E_A =  0.00044 |   1 flippped triangles
           phi0
id 1114.0000000
A     2.6330294
a    -0.4764407
E =  0.00593 | E_L =  0.00590 | E_A =  0.00003 |   1 flippped triangles
           phi0
id 1114.0000000
A     2.6330294
a    -0.4764407
E =  0.00538 | E_L =  0.00538 | E_A =  0.00001 |   0 flippped triangles
E =  0.00508 | E_L =  0.00507 | E_A =  0.00000 |   0 flippped triangles
E =  0.00496 | E_L =  0.00496 | E_A =  0.00000 |   0 flippped triangles
E =  0.00489 | E_L =  0.00489 | E_A =  0.00000 |   0 flippped triangles
E =  0.00488 | E_L =  0.00488 | E_A =  0.00000 |   0 flippped triangles
E =  0.00487 | E_L =  0.00487 | E_A =  0.00000 |   0 flippped triangles
E =  0.00487 | E_L =  0.00487 | E_A =  0.00000 |   0 flippped triangles
Optimising mapping with BFGS...
E =  0.00487 | E_L =  0.00487 | E_A =  0.00000 |   0 flippped triangles
Transforming image...
Mapping optimised. Error: 0.004873554 ; 0 flipped triangles.
Inferring coordinates of datapoints
Inferring coordinates of landmarks
Mapping optimised. Error: 0.004873554 ; 0 flipped triangles. OD displacement: 8.854414 degrees.
Computing Kernel Density estimates of datapoints

[1] 0.7
Saving developmental_retina/data/nAChR-B2/P8/GMB185-1/R-CONTRA/r.mat
