[1] "Adding old segment 1"
[1] "Intersection found. Old points:"
   X    Y 
-370 1709 
   X    Y 
-320 1619 
   X    Y 
-340 1619 
   X    Y 
-190 1689 
[1] "Point i+1 has been changed:"
   X    Y 
-370 1709 
        X         Y 
-324.1176 1626.4118 
   X    Y 
-340 1619 
   X    Y 
-190 1689 
[1] "a= 0.337831433770162"
[1] "l= 148.002805547149"
[1] "New points:"
   X    Y 
-370 1709 
        X         Y 
-324.1176 1626.4118 
        X         Y 
-235.3092 1667.8557 
   X    Y 
-190 1689 
[1] "Storing new segment 1"
[1] "Adding old segment 2"
[1] "Adding old segment 3"
[1] "Adding old segment 4"
[1] "Adding old segment 5"
[1] "Storing new segment 2"
simplify.outline: Removing vertex 1
simplify.outline: Removing vertex 12
simplify.outline: Removing vertex 23
Triangulating...
[1] "Non-adjacent points in rim connected by line: 32 30"
[1] "In triangle: 41" "In triangle: 43"
[1] "Other points in triangles: 31 319"
[1] "Non-adjacent points in rim connected by line: 47 36"
[1] "In triangle: 6"  "In triangle: 76"
[1] "Other points in triangles: 53 49"
[1] "Non-adjacent points in rim connected by line: 49 36"
[1] "In triangle: 67"  "In triangle: 777"
[1] "Other points in triangles: 50 433"
[1] "Non-adjacent points in rim connected by line: 50 49"
[1] "In triangle: 30" "In triangle: 67"
[1] "Other points in triangles: 37 434"
Stitching...
Tear 1 child of rim
Tear 2 child of rim
Tear 3 child of rim
Tear 4 child of rim
Tear 5 child of rim
Tear 1 : Sf = 1904.26701892775 ; Sb = 1683.26197130097
  Forwards path
    i = 272 ; sf/Sf = 0.204887350156218 ; sf = 390.160223497988
      k =    9 ; sb/Sb = 0 ; sb = 0
      k =  274 ; sb/Sb = 0.265167446148897 ; sb = 446.346278129436
      Creating new point: f = 0.772671582171401
    i = 10 ; sf/Sf = 0.409774700312437 ; sf = 780.320446995976
      k =    9 ; sb/Sb = 0 ; sb = 0
      k =  274 ; sb/Sb = 0.265167446148897 ; sb = 446.346278129436
      k =  422 ; sb/Sb = 0.397751169223346 ; sb = 669.519417194154
      k =    8 ; sb/Sb = 0.530334892297795 ; sb = 892.692556258872
      Creating new point: f = 0.090686328685605
    i = 11 ; sf/Sf = 0.648639634746836 ; sf = 1235.18306361774
      k =    9 ; sb/Sb = 0 ; sb = 0
      k =  274 ; sb/Sb = 0.265167446148897 ; sb = 446.346278129436
      k =  422 ; sb/Sb = 0.397751169223346 ; sb = 669.519417194154
      k =    8 ; sb/Sb = 0.530334892297795 ; sb = 892.692556258872
      k =  413 ; sb/Sb = 0.765167446148898 ; sb = 1287.97726377992
      Creating new point: f = 0.50378340016714
    i = 12 ; sf/Sf = 0.842371570051615 ; sf = 1604.10039853168
      k =    9 ; sb/Sb = 0 ; sb = 0
      k =  274 ; sb/Sb = 0.265167446148897 ; sb = 446.346278129436
      k =  422 ; sb/Sb = 0.397751169223346 ; sb = 669.519417194154
      k =    8 ; sb/Sb = 0.530334892297795 ; sb = 892.692556258872
      k =  413 ; sb/Sb = 0.765167446148898 ; sb = 1287.97726377992
      k =    7 ; sb/Sb = 1 ; sb = 1683.26197130097
      Creating new point: f = 0.328762442159826
Tear 2 : Sf = 2017.50483874049 ; Sb = 2024.11853721931
  Forwards path
    i = 21 ; sf/Sf = 0.304095660256324 ; sf = 613.514466007119
      k =   20 ; sb/Sb = 0 ; sb = 0
      k =   19 ; sb/Sb = 0.155053713880147 ; sb = 313.847096529504
      k =  383 ; sb/Sb = 0.332926063709273 ; sb = 673.881817077398
      Creating new point: f = 0.837915204467446
    i = 63 ; sf/Sf = 0.475009150211868 ; sf = 958.333258998452
      k =   20 ; sb/Sb = 0 ; sb = 0
      k =   19 ; sb/Sb = 0.155053713880147 ; sb = 313.847096529504
      k =  383 ; sb/Sb = 0.332926063709273 ; sb = 673.881817077398
      k =   18 ; sb/Sb = 0.5107984135384 ; sb = 1033.91653762529
      Creating new point: f = 0.79879242973451
    i = 22 ; sf/Sf = 0.645922640167411 ; sf = 1303.15205198979
      k =   20 ; sb/Sb = 0 ; sb = 0
      k =   19 ; sb/Sb = 0.155053713880147 ; sb = 313.847096529504
      k =  383 ; sb/Sb = 0.332926063709273 ; sb = 673.881817077398
      k =   18 ; sb/Sb = 0.5107984135384 ; sb = 1033.91653762529
      k =  385 ; sb/Sb = 0.7553992067692 ; sb = 1529.0175374223
      Creating new point: f = 0.552427589641998
    i = 23 ; sf/Sf = 0.747018199705718 ; sf = 1507.1128325335
      k =   20 ; sb/Sb = 0 ; sb = 0
      k =   19 ; sb/Sb = 0.155053713880147 ; sb = 313.847096529504
      k =  383 ; sb/Sb = 0.332926063709273 ; sb = 673.881817077398
      k =   18 ; sb/Sb = 0.5107984135384 ; sb = 1033.91653762529
      k =  385 ; sb/Sb = 0.7553992067692 ; sb = 1529.0175374223
      Creating new point: f = 0.965735977578889
Tear 3 : Sf = 1322.14538330971 ; Sb = 1779.07097180169
  Forwards path
    i = 327 ; sf/Sf = 0.185651863457117 ; sf = 245.458754172672
      k =   28 ; sb/Sb = 0 ; sb = 0
      k =  235 ; sb/Sb = 0.197102924720148 ; sb = 350.660091826829
      Creating new point: f = 0.941903138782493
    i = 29 ; sf/Sf = 0.371303726914233 ; sf = 490.917508345343
      k =   28 ; sb/Sb = 0 ; sb = 0
      k =  235 ; sb/Sb = 0.197102924720148 ; sb = 350.660091826829
      k =  122 ; sb/Sb = 0.394205849440296 ; sb = 701.320183653658
      Creating new point: f = 0.883806277564986
    i = 30 ; sf/Sf = 0.736392726610733 ; sf = 973.61824379123
      k =   28 ; sb/Sb = 0 ; sb = 0
      k =  235 ; sb/Sb = 0.197102924720148 ; sb = 350.660091826829
      k =  122 ; sb/Sb = 0.394205849440296 ; sb = 701.320183653658
      k =  147 ; sb/Sb = 0.591308774160444 ; sb = 1051.98027548049
      k =   27 ; sb/Sb = 0.788411698880592 ; sb = 1402.64036730732
      Creating new point: f = 0.736082189831953
    i = 31 ; sf/Sf = 0.904328897560349 ; sf = 1195.65427690298
      k =   28 ; sb/Sb = 0 ; sb = 0
      k =  235 ; sb/Sb = 0.197102924720148 ; sb = 350.660091826829
      k =  122 ; sb/Sb = 0.394205849440296 ; sb = 701.320183653658
      k =  147 ; sb/Sb = 0.591308774160444 ; sb = 1051.98027548049
      k =   27 ; sb/Sb = 0.788411698880592 ; sb = 1402.64036730732
      k =   26 ; sb/Sb = 1 ; sb = 1779.07097180169
      Creating new point: f = 0.547843137198499
Tear 4 : Sf = 477.728372332347 ; Sb = 490.407993409569
  Forwards path
    i = 48 ; sf/Sf = 0.470397120115168 ; sf = 224.722050542442
      k =   35 ; sb/Sb = 0 ; sb = 0
      k =  322 ; sb/Sb = 0.5 ; sb = 245.203996704785
      Creating new point: f = 0.940794240230335
    i = 51 ; sf/Sf = 0.705595680172751 ; sf = 337.083075813664
      k =   35 ; sb/Sb = 0 ; sb = 0
      k =  322 ; sb/Sb = 0.5 ; sb = 245.203996704785
      k =   34 ; sb/Sb = 1 ; sb = 490.407993409569
      Creating new point: f = 0.411191360345503
    i = 52 ; sf/Sf = 0.823194960201543 ; sf = 393.263588449274
      k =   35 ; sb/Sb = 0 ; sb = 0
      k =  322 ; sb/Sb = 0.5 ; sb = 245.203996704785
      k =   34 ; sb/Sb = 1 ; sb = 490.407993409569
      Creating new point: f = 0.646389920403087
    i = 36 ; sf/Sf = 0.940794240230335 ; sf = 449.444101084885
      k =   35 ; sb/Sb = 0 ; sb = 0
      k =  322 ; sb/Sb = 0.5 ; sb = 245.203996704785
      k =   34 ; sb/Sb = 1 ; sb = 490.407993409569
      Creating new point: f = 0.88158848046067
    i = 50 ; sf/Sf = 0.966508164625254 ; sf = 461.728372332346
      k =   35 ; sb/Sb = 0 ; sb = 0
      k =  322 ; sb/Sb = 0.5 ; sb = 245.203996704785
      k =   34 ; sb/Sb = 1 ; sb = 490.407993409569
      Creating new point: f = 0.933016329250509
Tear 5 : Sf = 3063.23827477445 ; Sb = 2759.68759045108
  Forwards path
    i = 190 ; sf/Sf = 0.180658029473797 ; sf = 553.398590529466
      k =   42 ; sb/Sb = 0 ; sb = 0
      k =  336 ; sb/Sb = 0.148964722399862 ; sb = 411.096095821889
      k =   41 ; sb/Sb = 0.297929444799724 ; sb = 822.192191643779
      Creating new point: f = 0.21275713177823
    i = 316 ; sf/Sf = 0.270987044210696 ; sf = 830.0978857942
      k =   42 ; sb/Sb = 0 ; sb = 0
      k =  336 ; sb/Sb = 0.148964722399862 ; sb = 411.096095821889
      k =   41 ; sb/Sb = 0.297929444799724 ; sb = 822.192191643779
      Creating new point: f = 0.819135697667346
    i = 1 ; sf/Sf = 0.361316058947594 ; sf = 1106.79718105893
      k =   42 ; sb/Sb = 0 ; sb = 0
      k =  336 ; sb/Sb = 0.148964722399862 ; sb = 411.096095821889
      k =   41 ; sb/Sb = 0.297929444799724 ; sb = 822.192191643779
      k =   80 ; sb/Sb = 0.454563658189206 ; sb = 1254.4536865748
      Creating new point: f = 0.404679238183133
    i = 218 ; sf/Sf = 0.452853664809105 ; sf = 1387.19867891513
      k =   42 ; sb/Sb = 0 ; sb = 0
      k =  336 ; sb/Sb = 0.148964722399862 ; sb = 411.096095821889
      k =   41 ; sb/Sb = 0.297929444799724 ; sb = 822.192191643779
      k =   80 ; sb/Sb = 0.454563658189206 ; sb = 1254.4536865748
      Creating new point: f = 0.989082887173257
    i = 2 ; sf/Sf = 0.544391270670616 ; sf = 1667.60017677133
      k =   42 ; sb/Sb = 0 ; sb = 0
      k =  336 ; sb/Sb = 0.148964722399862 ; sb = 411.096095821889
      k =   41 ; sb/Sb = 0.297929444799724 ; sb = 822.192191643779
      k =   80 ; sb/Sb = 0.454563658189206 ; sb = 1254.4536865748
      k =   40 ; sb/Sb = 0.611197871578688 ; sb = 1686.71518150582
      Creating new point: f = 0.573486536163382
    i = 215 ; sf/Sf = 0.633741642782455 ; sf = 1941.30165648965
      k =   42 ; sb/Sb = 0 ; sb = 0
      k =  336 ; sb/Sb = 0.148964722399862 ; sb = 411.096095821889
      k =   41 ; sb/Sb = 0.297929444799724 ; sb = 822.192191643779
      k =   80 ; sb/Sb = 0.454563658189206 ; sb = 1254.4536865748
      k =   40 ; sb/Sb = 0.611197871578688 ; sb = 1686.71518150582
      k =   79 ; sb/Sb = 0.741773178791504 ; sb = 2047.06223644036
      Creating new point: f = 0.17264957429527
    i = 202 ; sf/Sf = 0.723092014894293 ; sf = 2215.00313620798
      k =   42 ; sb/Sb = 0 ; sb = 0
      k =  336 ; sb/Sb = 0.148964722399862 ; sb = 411.096095821889
      k =   41 ; sb/Sb = 0.297929444799724 ; sb = 822.192191643779
      k =   80 ; sb/Sb = 0.454563658189206 ; sb = 1254.4536865748
      k =   40 ; sb/Sb = 0.611197871578688 ; sb = 1686.71518150582
      k =   79 ; sb/Sb = 0.741773178791504 ; sb = 2047.06223644036
      Creating new point: f = 0.856931878653263
    i = 3 ; sf/Sf = 0.901792759117971 ; sf = 2762.40609564463
      k =   42 ; sb/Sb = 0 ; sb = 0
      k =  336 ; sb/Sb = 0.148964722399862 ; sb = 411.096095821889
      k =   41 ; sb/Sb = 0.297929444799724 ; sb = 822.192191643779
      k =   80 ; sb/Sb = 0.454563658189206 ; sb = 1254.4536865748
      k =   40 ; sb/Sb = 0.611197871578688 ; sb = 1686.71518150582
      k =   79 ; sb/Sb = 0.741773178791504 ; sb = 2047.06223644036
      k =   39 ; sb/Sb = 0.87234848600432 ; sb = 2407.40929137491
      k =   38 ; sb/Sb = 1 ; sb = 2759.68759045108
      Creating new point: f = 0.230661370100531
Tear 1 : Sf = 1683.26197130097 ; Sb = 1904.26701892775
  Backwards path
    i = 274 ; sf/Sf = 0.265167446148897 ; sf = 446.346278129436
      k =    9 ; sb/Sb = 0 ; sb = 0
      k =  272 ; sb/Sb = 0.204887350156218 ; sb = 390.160223497988
      k =   10 ; sb/Sb = 0.409774700312437 ; sb = 780.320446995976
      Creating new point: f = 0.294210921009607
    i = 422 ; sf/Sf = 0.397751169223346 ; sf = 669.519417194154
      k =    9 ; sb/Sb = 0 ; sb = 0
      k =  272 ; sb/Sb = 0.204887350156218 ; sb = 390.160223497988
      k =   10 ; sb/Sb = 0.409774700312437 ; sb = 780.320446995976
      Creating new point: f = 0.941316381514412
    i = 8 ; sf/Sf = 0.530334892297795 ; sf = 892.692556258872
      k =    9 ; sb/Sb = 0 ; sb = 0
      k =  272 ; sb/Sb = 0.204887350156218 ; sb = 390.160223497988
      k =   10 ; sb/Sb = 0.409774700312437 ; sb = 780.320446995976
      k =   11 ; sb/Sb = 0.648639634746837 ; sb = 1235.18306361774
      Creating new point: f = 0.504721181745778
    i = 413 ; sf/Sf = 0.765167446148897 ; sf = 1287.97726377992
      k =    9 ; sb/Sb = 0 ; sb = 0
      k =  272 ; sb/Sb = 0.204887350156218 ; sb = 390.160223497988
      k =   10 ; sb/Sb = 0.409774700312437 ; sb = 780.320446995976
      k =   11 ; sb/Sb = 0.648639634746837 ; sb = 1235.18306361774
      k =   12 ; sb/Sb = 0.842371570051615 ; sb = 1604.10039853168
      Creating new point: f = 0.601489946501281
Tear 2 : Sf = 2024.11853721931 ; Sb = 2017.50483874049
  Backwards path
    i = 19 ; sf/Sf = 0.155053713880147 ; sf = 313.847096529504
      k =   20 ; sb/Sb = 0 ; sb = 0
      k =   21 ; sb/Sb = 0.304095660256324 ; sb = 613.514466007119
      Creating new point: f = 0.50988466507365
    i = 383 ; sf/Sf = 0.332926063709273 ; sf = 673.881817077398
      k =   20 ; sb/Sb = 0 ; sb = 0
      k =   21 ; sb/Sb = 0.304095660256324 ; sb = 613.514466007119
      k =   63 ; sb/Sb = 0.475009150211868 ; sb = 958.333258998452
      Creating new point: f = 0.168684189062243
    i = 18 ; sf/Sf = 0.5107984135384 ; sf = 1033.91653762529
      k =   20 ; sb/Sb = 0 ; sb = 0
      k =   21 ; sb/Sb = 0.304095660256324 ; sb = 613.514466007119
      k =   63 ; sb/Sb = 0.475009150211868 ; sb = 958.333258998452
      k =   22 ; sb/Sb = 0.645922640167411 ; sb = 1303.15205198979
      Creating new point: f = 0.209399874379962
    i = 385 ; sf/Sf = 0.7553992067692 ; sf = 1529.0175374223
      k =   20 ; sb/Sb = 0 ; sb = 0
      k =   21 ; sb/Sb = 0.304095660256324 ; sb = 613.514466007119
      k =   63 ; sb/Sb = 0.475009150211868 ; sb = 958.333258998452
      k =   22 ; sb/Sb = 0.645922640167411 ; sb = 1303.15205198979
      k =   23 ; sb/Sb = 0.747018199705718 ; sb = 1507.1128325335
      k =   24 ; sb/Sb = 1 ; sb = 2017.50483874049
      Creating new point: f = 0.0331288932790121
Tear 3 : Sf = 1779.07097180169 ; Sb = 1322.14538330971
  Backwards path
    i = 235 ; sf/Sf = 0.197102924720148 ; sf = 350.660091826829
      k =   28 ; sb/Sb = 0 ; sb = 0
      k =  327 ; sb/Sb = 0.185651863457117 ; sb = 245.458754172672
      k =   29 ; sb/Sb = 0.371303726914233 ; sb = 490.917508345343
      Creating new point: f = 0.0616802926175653
    i = 122 ; sf/Sf = 0.394205849440296 ; sf = 701.320183653658
      k =   28 ; sb/Sb = 0 ; sb = 0
      k =  327 ; sb/Sb = 0.185651863457117 ; sb = 245.458754172672
      k =   29 ; sb/Sb = 0.371303726914233 ; sb = 490.917508345343
      k =   30 ; sb/Sb = 0.736392726610733 ; sb = 973.61824379123
      Creating new point: f = 0.0627302453514106
    i = 147 ; sf/Sf = 0.591308774160444 ; sf = 1051.98027548049
      k =   28 ; sb/Sb = 0 ; sb = 0
      k =  327 ; sb/Sb = 0.185651863457117 ; sb = 245.458754172672
      k =   29 ; sb/Sb = 0.371303726914233 ; sb = 490.917508345343
      k =   30 ; sb/Sb = 0.736392726610733 ; sb = 973.61824379123
      Creating new point: f = 0.602606617644196
    i = 27 ; sf/Sf = 0.788411698880592 ; sf = 1402.64036730732
      k =   28 ; sb/Sb = 0 ; sb = 0
      k =  327 ; sb/Sb = 0.185651863457117 ; sb = 245.458754172672
      k =   29 ; sb/Sb = 0.371303726914233 ; sb = 490.917508345343
      k =   30 ; sb/Sb = 0.736392726610733 ; sb = 973.61824379123
      k =   31 ; sb/Sb = 0.904328897560349 ; sb = 1195.65427690298
      Creating new point: f = 0.309754426194852
Tear 4 : Sf = 490.407993409569 ; Sb = 477.728372332347
  Backwards path
    i = 322 ; sf/Sf = 0.5 ; sf = 245.203996704785
      k =   35 ; sb/Sb = 0 ; sb = 0
      k =   48 ; sb/Sb = 0.470397120115168 ; sb = 224.722050542442
      k =   51 ; sb/Sb = 0.705595680172751 ; sb = 337.083075813664
      Creating new point: f = 0.12586335510551
Tear 5 : Sf = 2759.68759045108 ; Sb = 3063.23827477445
  Backwards path
    i = 336 ; sf/Sf = 0.148964722399862 ; sf = 411.096095821889
      k =   42 ; sb/Sb = 0 ; sb = 0
      k =  190 ; sb/Sb = 0.180658029473797 ; sb = 553.398590529466
      Creating new point: f = 0.824567404137817
    i = 41 ; sf/Sf = 0.297929444799724 ; sf = 822.192191643779
      k =   42 ; sb/Sb = 0 ; sb = 0
      k =  190 ; sb/Sb = 0.180658029473797 ; sb = 553.398590529466
      k =  316 ; sb/Sb = 0.270987044210696 ; sb = 830.0978857942
      k =    1 ; sb/Sb = 0.361316058947594 ; sb = 1106.79718105893
      Creating new point: f = 0.298269616551268
    i = 80 ; sf/Sf = 0.454563658189206 ; sf = 1254.4536865748
      k =   42 ; sb/Sb = 0 ; sb = 0
      k =  190 ; sb/Sb = 0.180658029473797 ; sb = 553.398590529466
      k =  316 ; sb/Sb = 0.270987044210696 ; sb = 830.0978857942
      k =    1 ; sb/Sb = 0.361316058947594 ; sb = 1106.79718105893
      k =  218 ; sb/Sb = 0.452853664809105 ; sb = 1387.19867891513
      k =    2 ; sb/Sb = 0.544391270670616 ; sb = 1667.60017677133
      Creating new point: f = 0.0186807745735451
    i = 40 ; sf/Sf = 0.611197871578688 ; sf = 1686.71518150582
      k =   42 ; sb/Sb = 0 ; sb = 0
      k =  190 ; sb/Sb = 0.180658029473797 ; sb = 553.398590529466
      k =  316 ; sb/Sb = 0.270987044210696 ; sb = 830.0978857942
      k =    1 ; sb/Sb = 0.361316058947594 ; sb = 1106.79718105893
      k =  218 ; sb/Sb = 0.452853664809105 ; sb = 1387.19867891513
      k =    2 ; sb/Sb = 0.544391270670616 ; sb = 1667.60017677133
      k =  215 ; sb/Sb = 0.633741642782455 ; sb = 1941.30165648965
      Creating new point: f = 0.747692475465586
    i = 79 ; sf/Sf = 0.741773178791504 ; sf = 2047.06223644036
      k =   42 ; sb/Sb = 0 ; sb = 0
      k =  190 ; sb/Sb = 0.180658029473797 ; sb = 553.398590529466
      k =  316 ; sb/Sb = 0.270987044210696 ; sb = 830.0978857942
      k =    1 ; sb/Sb = 0.361316058947594 ; sb = 1106.79718105893
      k =  218 ; sb/Sb = 0.452853664809105 ; sb = 1387.19867891513
      k =    2 ; sb/Sb = 0.544391270670616 ; sb = 1667.60017677133
      k =  215 ; sb/Sb = 0.633741642782455 ; sb = 1941.30165648965
      k =  202 ; sb/Sb = 0.723092014894293 ; sb = 2215.00313620798
      k =    3 ; sb/Sb = 0.901792759117971 ; sb = 2762.40609564463
      Creating new point: f = 0.104538814196697
    i = 39 ; sf/Sf = 0.87234848600432 ; sf = 2407.40929137491
      k =   42 ; sb/Sb = 0 ; sb = 0
      k =  190 ; sb/Sb = 0.180658029473797 ; sb = 553.398590529466
      k =  316 ; sb/Sb = 0.270987044210696 ; sb = 830.0978857942
      k =    1 ; sb/Sb = 0.361316058947594 ; sb = 1106.79718105893
      k =  218 ; sb/Sb = 0.452853664809105 ; sb = 1387.19867891513
      k =    2 ; sb/Sb = 0.544391270670616 ; sb = 1667.60017677133
      k =  215 ; sb/Sb = 0.633741642782455 ; sb = 1941.30165648965
      k =  202 ; sb/Sb = 0.723092014894293 ; sb = 2215.00313620798
      k =    3 ; sb/Sb = 0.901792759117971 ; sb = 2762.40609564463
      Creating new point: f = 0.835231390660602
Triangulating...
[1] "Non-adjacent points in rim connected by line: 47 36"
[1] "In triangle: 593" "In triangle: 594"
[1] "Other points in triangles: 433 434"
[1] "Non-adjacent points in rim connected by line: 50 49"
[1] "In triangle: 573" "In triangle: 584"
[1] "Other points in triangles: 435 434"
Merging points...
Projecting to sphere...
Optimising mapping with FIRE...
E =  0.00450 | E_L =  0.00450 | E_A =  0.00000 |   0 flippped triangles
E =  0.00377 | E_L =  0.00377 | E_A =  0.00000 |  29 flippped triangles
        phi0    phi0.1    phi0.2    phi0.3    phi0.4    phi0.5    phi0.6
id    117.00   118.000  223.0000   443.000   474.000   476.000  485.0000
A   17777.07 35488.513  559.0142 15659.276  5005.510  2514.337 1093.1490
a  -17120.56 -6039.634 -438.0030 -8441.537 -5740.707 -2783.916 -995.4238
      phi0.7    phi0.8     phi0.9   phi0.10   phi0.11    phi0.12   phi0.13
id  488.0000   492.000 558.000000   559.000  571.0000 573.000000 574.00000
A   283.8755  4510.852  29.995323  9313.603  979.5643   2.498817  15.07840
a  -259.3933 -4174.874  -1.453104 -7678.886 -924.8634  -3.398597 -22.47135
     phi0.14   phi0.15    phi0.16   phi0.17   phi0.18   phi0.19   phi0.20
id  575.0000 591.00000 593.000000 594.00000 596.00000  624.0000  659.0000
A   214.1887  31.08234   7.798039  11.38356  23.92662 1462.8182 1491.4486
a  -223.9629 -21.72032  -1.453105 -13.74850 -13.77037 -175.6089 -703.9324
     phi0.21   phi0.22    phi0.23   phi0.24   phi0.25   phi0.26      phi0.27
id   662.000    749.00   842.0000 847.00000    902.00   904.000 906.00000000
A   1509.730  14293.54 20255.2843  36.95688  18407.03  9852.804   3.62574632
a  -1564.036 -13582.10  -502.0223 -45.71188 -18749.67 -8605.839  -0.03265567
      phi0.28
id 907.000000
A    7.211271
a   -2.271014
E =  0.00373 | E_L =  0.00373 | E_A =  0.00000 |  31 flippped triangles
        phi0    phi0.1    phi0.2    phi0.3    phi0.4    phi0.5    phi0.6
id    116.00    117.00    118.00    126.00    138.00  223.0000   474.000
A   46902.83  17777.07  35488.51  53671.96  49262.42  559.0142  5005.510
a  -40824.66 -16339.48 -38160.01 -37771.01 -34595.73 -475.3404 -3735.792
      phi0.7    phi0.8    phi0.9   phi0.10   phi0.11   phi0.12   phi0.13
id   476.000   485.000  488.0000   492.000 558.00000   559.000  571.0000
A   2514.337  1093.149  283.8755  4510.852  29.99532  9313.603  979.5643
a  -2302.439 -1066.638 -280.1583 -4347.357 -32.90129 -7445.608 -617.0156
      phi0.14   phi0.15   phi0.16   phi0.17    phi0.18   phi0.19   phi0.20
id 573.000000 574.00000  575.0000 591.00000 593.000000 594.00000 596.00000
A    2.498817  15.07840  214.1887  31.08234   7.798039  11.38356  23.92662
a   -2.114486 -16.08222 -213.7684 -36.41999  -7.946384 -11.41735 -12.34046
    phi0.21   phi0.22   phi0.23   phi0.24   phi0.25   phi0.26   phi0.27
id  659.000    749.00    842.00 847.00000    885.00    902.00   904.000
A  1491.449  14293.54  20255.28  36.95688  27884.34  18407.03  9852.804
a  -794.461 -13538.52 -17552.76 -35.71662 -23141.72 -19798.14 -7065.672
      phi0.28    phi0.29    phi0.30
id 906.000000 907.000000 909.000000
A    3.625746   7.211271   5.880414
a   -3.628552  -7.496100  -2.216679
E =  0.00372 | E_L =  0.00372 | E_A =  0.00000 |  31 flippped triangles
        phi0    phi0.1    phi0.2    phi0.3    phi0.4    phi0.5    phi0.6
id    116.00    117.00    118.00    126.00    138.00  223.0000   474.000
A   46902.83  17777.07  35488.51  53671.96  49262.42  559.0142  5005.510
a  -39987.92 -16814.82 -37847.42 -36061.31 -32675.50 -474.3927 -3930.094
      phi0.7    phi0.8    phi0.9   phi0.10   phi0.11   phi0.12   phi0.13
id   476.000   485.000  488.0000   492.000 558.00000   559.000  571.0000
A   2514.337  1093.149  283.8755  4510.852  29.99532  9313.603  979.5643
a  -2403.983 -1060.287 -281.5031 -4422.211 -31.89182 -7632.495 -621.0669
      phi0.14    phi0.15   phi0.16   phi0.17    phi0.18   phi0.19   phi0.20
id 573.000000 574.000000  575.0000 591.00000 593.000000 594.00000 596.00000
A    2.498817  15.078403  214.1887  31.08234   7.798039  11.38356  23.92662
a   -2.320741  -9.360295 -216.3271 -33.23253  -7.908806 -12.71999 -11.73783
     phi0.21   phi0.22   phi0.23   phi0.24   phi0.25   phi0.26   phi0.27
id  659.0000    749.00    842.00 847.00000    885.00    902.00   904.000
A  1491.4486  14293.54  20255.28  36.95688  27884.34  18407.03  9852.804
a  -859.5056 -12863.33 -17302.07 -35.76310 -22598.25 -19442.25 -6667.216
      phi0.28    phi0.29    phi0.30
id 906.000000 907.000000 909.000000
A    3.625746   7.211271   5.880414
a   -3.560428  -7.163556  -3.832535
FIRE:  6  stops.  0 hits of maxmove.  0 hits of dtmax.
Frms = 3.2279235087365e-06; Ftanrms = 3.22712967220636e-06
E =  0.00501 | E_L =  0.00501 | E_A =  0.00000 |   0 flippped triangles
E =  0.00404 | E_L =  0.00404 | E_A =  0.00000 |   0 flippped triangles
E =  0.00383 | E_L =  0.00383 | E_A =  0.00000 |   0 flippped triangles
E =  0.00377 | E_L =  0.00377 | E_A =  0.00000 |   0 flippped triangles
E =  0.00372 | E_L =  0.00372 | E_A =  0.00000 |   0 flippped triangles
E =  0.00372 | E_L =  0.00372 | E_A =  0.00000 |   0 flippped triangles
E =  0.00372 | E_L =  0.00372 | E_A =  0.00000 |   0 flippped triangles
E =  0.00371 | E_L =  0.00371 | E_A =  0.00000 |   0 flippped triangles
Optimising mapping with BFGS...
E =  0.00371 | E_L =  0.00371 | E_A =  0.00000 |   0 flippped triangles
Transforming image...
Mapping optimised. Error: 0.003706963 ; 0 flipped triangles.
Inferring coordinates of datapoints
Inferring coordinates of landmarks
Mapping optimised. Error: 0.003706963 ; 0 flipped triangles. OD displacement: 12.38309 degrees.
Computing Kernel Density estimates of datapoints

[1] 0.725
Saving developmental_retina/data/nAChR-B2/P12/GMB375-2/R-CONTRA/r.mat
