[1] "Adding old segment 1"
[1] "Storing new segment 1"
[1] "Adding old segment 2"
[1] "Adding old segment 3"
[1] "Adding old segment 4"
[1] "Adding old segment 5"
[1] "Storing new segment 2"
simplify.outline: Removing vertex 19
simplify.outline: Removing vertex 32
Triangulating...
[1] "Non-adjacent points in rim connected by line: 55 53"
[1] "In triangle: 53" "In triangle: 57"
[1] "Other points in triangles: 56 58"
[1] "Non-adjacent points in rim connected by line: 56 55"
[1] "In triangle: 53" "In triangle: 55"
[1] "Other points in triangles: 448 57"
[1] "Non-adjacent points in rim connected by line: 57 56"
[1] "In triangle: 55" "In triangle: 65"
[1] "Other points in triangles: 449 1"
[1] "Non-adjacent points in rim connected by line: 58 53"
[1] "In triangle: 86"  "In triangle: 806"
[1] "Other points in triangles: 59 448"
[1] "Non-adjacent points in rim connected by line: 63 24"
[1] "In triangle: 20" "In triangle: 88"
[1] "Other points in triangles: 66 25"
[1] "Non-adjacent points in rim connected by line: 67 48"
[1] "In triangle: 68" "In triangle: 69"
[1] "Other points in triangles: 80 47"
Stitching...
Tear 1 child of rim
Tear 2 child of rim
Tear 3 child of rim
Tear 4 child of backward side of tear 3
Tear 5 child of rim
Tear 1 : Sf = 2383.32555071698 ; Sb = 1755.22588932176
  Forwards path
    i = 24 ; sf/Sf = 0.094940521202244 ; sf = 226.274169979695
      k =   23 ; sb/Sb = 0 ; sb = 0
      k =   22 ; sb/Sb = 0.230721947009804 ; sb = 404.969134626332
      Creating new point: f = 0.411493238648033
    i = 25 ; sf/Sf = 0.125486536567583 ; sf = 299.0752688725
      k =   23 ; sb/Sb = 0 ; sb = 0
      k =   22 ; sb/Sb = 0.230721947009804 ; sb = 404.969134626332
      Creating new point: f = 0.543886432105441
    i = 63 ; sf/Sf = 0.179193005648776 ; sf = 427.0752688725
      k =   23 ; sb/Sb = 0 ; sb = 0
      k =   22 ; sb/Sb = 0.230721947009804 ; sb = 404.969134626332
      Creating new point: f = 0.776662159673791
    i = 62 ; sf/Sf = 0.23289947472997 ; sf = 555.0752688725
      k =   23 ; sb/Sb = 0 ; sb = 0
      k =   22 ; sb/Sb = 0.230721947009804 ; sb = 404.969134626332
      k =   21 ; sb/Sb = 0.564584053604974 ; sb = 990.972547585676
      Creating new point: f = 0.00652223680720506
    i = 60 ; sf/Sf = 0.340312412892357 ; sf = 811.0752688725
      k =   23 ; sb/Sb = 0 ; sb = 0
      k =   22 ; sb/Sb = 0.230721947009804 ; sb = 404.969134626332
      k =   21 ; sb/Sb = 0.564584053604974 ; sb = 990.972547585676
      Creating new point: f = 0.328250687088124
    i = 26 ; sf/Sf = 0.643478906524414 ; sf = 1533.61971926706
      k =   23 ; sb/Sb = 0 ; sb = 0
      k =   22 ; sb/Sb = 0.230721947009804 ; sb = 404.969134626332
      k =   21 ; sb/Sb = 0.564584053604974 ; sb = 990.972547585676
      k =   20 ; sb/Sb = 0.868468252994198 ; sb = 1524.35796170946
      Creating new point: f = 0.259621438291332
    i = 93 ; sf/Sf = 0.821739453262207 ; sf = 1958.47263499202
      k =   23 ; sb/Sb = 0 ; sb = 0
      k =   22 ; sb/Sb = 0.230721947009804 ; sb = 404.969134626332
      k =   21 ; sb/Sb = 0.564584053604974 ; sb = 990.972547585676
      k =   20 ; sb/Sb = 0.868468252994198 ; sb = 1524.35796170946
      Creating new point: f = 0.846228267787825
Tear 2 : Sf = 1554.85274821162 ; Sb = 1710.71238850051
  Forwards path
    i = 13 ; sf/Sf = 0.235957216513824 ; sf = 366.878726556883
      k =   12 ; sb/Sb = 0 ; sb = 0
      k =   11 ; sb/Sb = 0.199947477921499 ; sb = 342.052627529741
      k =  352 ; sb/Sb = 0.471638324149474 ; sb = 806.837524014126
      Creating new point: f = 0.132539388397756
    i = 14 ; sf/Sf = 0.583792528855561 ; sf = 907.711417876481
      k =   12 ; sb/Sb = 0 ; sb = 0
      k =   11 ; sb/Sb = 0.199947477921499 ; sb = 342.052627529741
      k =  352 ; sb/Sb = 0.471638324149474 ; sb = 806.837524014126
      k =   10 ; sb/Sb = 0.743329170377449 ; sb = 1271.62242049851
      Creating new point: f = 0.412800822196193
    i = 15 ; sf/Sf = 0.924721489387453 ; sf = 1437.80574910442
      k =   12 ; sb/Sb = 0 ; sb = 0
      k =   11 ; sb/Sb = 0.199947477921499 ; sb = 342.052627529741
      k =  352 ; sb/Sb = 0.471638324149474 ; sb = 806.837524014126
      k =   10 ; sb/Sb = 0.743329170377449 ; sb = 1271.62242049851
      k =    9 ; sb/Sb = 1 ; sb = 1710.71238850051
      Creating new point: f = 0.706711858440446
Tear 3 : Sf = 3631.66299277524 ; Sb = 3476.97832798739
  Forwards path
    i = 106 ; sf/Sf = 0.0746260336370715 ; sf = 271.016604657353
      k =    2 ; sb/Sb = 0 ; sb = 0
      k =   47 ; sb/Sb = 0 ; sb = 0
      k =   67 ; sb/Sb = 0.11705601534047 ; sb = 407.001228499374
      Creating new point: f = 0.637524123984688
    i = 79 ; sf/Sf = 0.149252067274143 ; sf = 542.033209314706
      k =    2 ; sb/Sb = 0 ; sb = 0
      k =   47 ; sb/Sb = 0 ; sb = 0
      k =   67 ; sb/Sb = 0.11705601534047 ; sb = 407.001228499374
      k =   46 ; sb/Sb = 0.234112030680941 ; sb = 814.002456998749
      Creating new point: f = 0.275048247969375
    i = 3 ; sf/Sf = 0.298504134548286 ; sf = 1084.06641862941
      k =    2 ; sb/Sb = 0 ; sb = 0
      k =   47 ; sb/Sb = 0 ; sb = 0
      k =   67 ; sb/Sb = 0.11705601534047 ; sb = 407.001228499374
      k =   46 ; sb/Sb = 0.234112030680941 ; sb = 814.002456998749
      k =  307 ; sb/Sb = 0.346701625925231 ; sb = 1205.47403962002
      Creating new point: f = 0.571918779240936
    i = 283 ; sf/Sf = 0.399770004123819 ; sf = 1451.82992959808
      k =    2 ; sb/Sb = 0 ; sb = 0
      k =   47 ; sb/Sb = 0 ; sb = 0
      k =   67 ; sb/Sb = 0.11705601534047 ; sb = 407.001228499374
      k =   46 ; sb/Sb = 0.234112030680941 ; sb = 814.002456998749
      k =  307 ; sb/Sb = 0.346701625925231 ; sb = 1205.47403962002
      k =   45 ; sb/Sb = 0.459291221169521 ; sb = 1596.94562224128
      Creating new point: f = 0.471343538303371
    i = 4 ; sf/Sf = 0.501035873699351 ; sf = 1819.59344056674
      k =    2 ; sb/Sb = 0 ; sb = 0
      k =   47 ; sb/Sb = 0 ; sb = 0
      k =   67 ; sb/Sb = 0.11705601534047 ; sb = 407.001228499374
      k =   46 ; sb/Sb = 0.234112030680941 ; sb = 814.002456998749
      k =  307 ; sb/Sb = 0.346701625925231 ; sb = 1205.47403962002
      k =   45 ; sb/Sb = 0.459291221169521 ; sb = 1596.94562224128
      k =   44 ; sb/Sb = 0.61291162488142 ; sb = 2131.08043668423
      Creating new point: f = 0.27173898467367
    i = 442 ; sf/Sf = 0.611333031184576 ; sf = 2220.15554561414
      k =    2 ; sb/Sb = 0 ; sb = 0
      k =   47 ; sb/Sb = 0 ; sb = 0
      k =   67 ; sb/Sb = 0.11705601534047 ; sb = 407.001228499374
      k =   46 ; sb/Sb = 0.234112030680941 ; sb = 814.002456998749
      k =  307 ; sb/Sb = 0.346701625925231 ; sb = 1205.47403962002
      k =   45 ; sb/Sb = 0.459291221169521 ; sb = 1596.94562224128
      k =   44 ; sb/Sb = 0.61291162488142 ; sb = 2131.08043668423
      Creating new point: f = 0.98972406230748
    i = 5 ; sf/Sf = 0.721630188669801 ; sf = 2620.71765066153
      k =    2 ; sb/Sb = 0 ; sb = 0
      k =   47 ; sb/Sb = 0 ; sb = 0
      k =   67 ; sb/Sb = 0.11705601534047 ; sb = 407.001228499374
      k =   46 ; sb/Sb = 0.234112030680941 ; sb = 814.002456998749
      k =  307 ; sb/Sb = 0.346701625925231 ; sb = 1205.47403962002
      k =   45 ; sb/Sb = 0.459291221169521 ; sb = 1596.94562224128
      k =   44 ; sb/Sb = 0.61291162488142 ; sb = 2131.08043668423
      k =  297 ; sb/Sb = 0.715506794015311 ; sb = 2487.80161631897
      k =   43 ; sb/Sb = 0.818101963149202 ; sb = 2844.52279595371
      Creating new point: f = 0.0596850193453001
    i = 86 ; sf/Sf = 0.823642041585082 ; sf = 2991.19032171839
      k =    2 ; sb/Sb = 0 ; sb = 0
      k =   47 ; sb/Sb = 0 ; sb = 0
      k =   67 ; sb/Sb = 0.11705601534047 ; sb = 407.001228499374
      k =   46 ; sb/Sb = 0.234112030680941 ; sb = 814.002456998749
      k =  307 ; sb/Sb = 0.346701625925231 ; sb = 1205.47403962002
      k =   45 ; sb/Sb = 0.459291221169521 ; sb = 1596.94562224128
      k =   44 ; sb/Sb = 0.61291162488142 ; sb = 2131.08043668423
      k =  297 ; sb/Sb = 0.715506794015311 ; sb = 2487.80161631897
      k =   43 ; sb/Sb = 0.818101963149202 ; sb = 2844.52279595371
      k =  327 ; sb/Sb = 0.909050981574601 ; sb = 3160.75056197055
      Creating new point: f = 0.0609141091547251
    i = 6 ; sf/Sf = 0.925653894500362 ; sf = 3361.66299277524
      k =    2 ; sb/Sb = 0 ; sb = 0
      k =   47 ; sb/Sb = 0 ; sb = 0
      k =   67 ; sb/Sb = 0.11705601534047 ; sb = 407.001228499374
      k =   46 ; sb/Sb = 0.234112030680941 ; sb = 814.002456998749
      k =  307 ; sb/Sb = 0.346701625925231 ; sb = 1205.47403962002
      k =   45 ; sb/Sb = 0.459291221169521 ; sb = 1596.94562224128
      k =   44 ; sb/Sb = 0.61291162488142 ; sb = 2131.08043668423
      k =  297 ; sb/Sb = 0.715506794015311 ; sb = 2487.80161631897
      k =   43 ; sb/Sb = 0.818101963149202 ; sb = 2844.52279595371
      k =  327 ; sb/Sb = 0.909050981574601 ; sb = 3160.75056197055
      k =   42 ; sb/Sb = 1 ; sb = 3476.97832798738
      Creating new point: f = 0.182551864915172
Tear 4 : Sf = 916.57770377133 ; Sb = 783.705349631043
  Forwards path
    i = 51 ; sf/Sf = 0.220913695020103 ; sf = 202.484567313166
      k =   50 ; sb/Sb = 0 ; sb = 0
      k =   49 ; sb/Sb = 0.303299303229203 ; sb = 237.697286480094
      Creating new point: f = 0.728368620264052
    i = 52 ; sf/Sf = 0.432750484842253 ; sf = 396.649445702642
      k =   50 ; sb/Sb = 0 ; sb = 0
      k =   49 ; sb/Sb = 0.303299303229203 ; sb = 237.697286480094
      k =   48 ; sb/Sb = 0.526506350275281 ; sb = 412.625843325453
      Creating new point: f = 0.579960101288049
    i = 53 ; sf/Sf = 0.701104686033188 ; sf = 642.616923227619
      k =   50 ; sb/Sb = 0 ; sb = 0
      k =   49 ; sb/Sb = 0.303299303229203 ; sb = 237.697286480094
      k =   48 ; sb/Sb = 0.526506350275281 ; sb = 412.625843325453
      k =   47 ; sb/Sb = 1 ; sb = 783.705349631043
      Creating new point: f = 0.368744830811175
    i = 56 ; sf/Sf = 0.742563255059738 ; sf = 680.616923227619
      k =   50 ; sb/Sb = 0 ; sb = 0
      k =   49 ; sb/Sb = 0.303299303229203 ; sb = 237.697286480094
      k =   48 ; sb/Sb = 0.526506350275281 ; sb = 412.625843325453
      k =   47 ; sb/Sb = 1 ; sb = 783.705349631043
      Creating new point: f = 0.456303701031827
    i = 1 ; sf/Sf = 0.77747573423999 ; sf = 712.616923227619
      k =   50 ; sb/Sb = 0 ; sb = 0
      k =   49 ; sb/Sb = 0.303299303229203 ; sb = 237.697286480094
      k =   48 ; sb/Sb = 0.526506350275281 ; sb = 412.625843325453
      k =   47 ; sb/Sb = 1 ; sb = 783.705349631043
      Creating new point: f = 0.530037486480797
    i = 57 ; sf/Sf = 0.812388213420242 ; sf = 744.616923227619
      k =   50 ; sb/Sb = 0 ; sb = 0
      k =   49 ; sb/Sb = 0.303299303229203 ; sb = 237.697286480094
      k =   48 ; sb/Sb = 0.526506350275281 ; sb = 412.625843325453
      k =   47 ; sb/Sb = 1 ; sb = 783.705349631043
      Creating new point: f = 0.603771271929767
    i = 55 ; sf/Sf = 0.847300692600494 ; sf = 776.616923227619
      k =   50 ; sb/Sb = 0 ; sb = 0
      k =   49 ; sb/Sb = 0.303299303229203 ; sb = 237.697286480094
      k =   48 ; sb/Sb = 0.526506350275281 ; sb = 412.625843325453
      k =   47 ; sb/Sb = 1 ; sb = 783.705349631043
      Creating new point: f = 0.677505057378737
    i = 58 ; sf/Sf = 0.882213171780747 ; sf = 808.616923227619
      k =   50 ; sb/Sb = 0 ; sb = 0
      k =   49 ; sb/Sb = 0.303299303229203 ; sb = 237.697286480094
      k =   48 ; sb/Sb = 0.526506350275281 ; sb = 412.625843325453
      k =   47 ; sb/Sb = 1 ; sb = 783.705349631043
      Creating new point: f = 0.751238842827708
    i = 54 ; sf/Sf = 0.917125650960999 ; sf = 840.616923227619
      k =   50 ; sb/Sb = 0 ; sb = 0
      k =   49 ; sb/Sb = 0.303299303229203 ; sb = 237.697286480094
      k =   48 ; sb/Sb = 0.526506350275281 ; sb = 412.625843325453
      k =   47 ; sb/Sb = 1 ; sb = 783.705349631043
      Creating new point: f = 0.824972628276678
Tear 5 : Sf = 1601.3980726836 ; Sb = 1577.45617166634
  Forwards path
    i = 38 ; sf/Sf = 0.202635197535842 ; sf = 324.499614791759
      k =   37 ; sb/Sb = 0 ; sb = 0
      k =   36 ; sb/Sb = 0.232489766121641 ; sb = 366.742416417845
      Creating new point: f = 0.871587601106803
    i = 390 ; sf/Sf = 0.414972634753159 ; sf = 664.536377510145
      k =   37 ; sb/Sb = 0 ; sb = 0
      k =   36 ; sb/Sb = 0.232489766121641 ; sb = 366.742416417845
      k =  100 ; sb/Sb = 0.481282852175648 ; sb = 759.202605481653
      Creating new point: f = 0.733472426930326
    i = 39 ; sf/Sf = 0.627310071970476 ; sf = 1004.57314022853
      k =   37 ; sb/Sb = 0 ; sb = 0
      k =   36 ; sb/Sb = 0.232489766121641 ; sb = 366.742416417845
      k =  100 ; sb/Sb = 0.481282852175648 ; sb = 759.202605481653
      k =   35 ; sb/Sb = 0.730075938229655 ; sb = 1151.66279454546
      Creating new point: f = 0.586942435221565
    i = 392 ; sf/Sf = 0.813655035985238 ; sf = 1302.98560645607
      k =   37 ; sb/Sb = 0 ; sb = 0
      k =   36 ; sb/Sb = 0.232489766121641 ; sb = 366.742416417845
      k =  100 ; sb/Sb = 0.481282852175648 ; sb = 759.202605481653
      k =   35 ; sb/Sb = 0.730075938229655 ; sb = 1151.66279454546
      k =   34 ; sb/Sb = 1 ; sb = 1577.45617166634
      Creating new point: f = 0.309639300799691
Tear 1 : Sf = 1755.22588932176 ; Sb = 2383.32555071698
  Backwards path
    i = 22 ; sf/Sf = 0.230721947009804 ; sf = 404.969134626332
      k =   23 ; sb/Sb = 0 ; sb = 0
      k =   24 ; sb/Sb = 0.094940521202244 ; sb = 226.274169979695
      k =   25 ; sb/Sb = 0.125486536567583 ; sb = 299.0752688725
      k =   63 ; sb/Sb = 0.179193005648776 ; sb = 427.0752688725
      k =   62 ; sb/Sb = 0.23289947472997 ; sb = 555.0752688725
      Creating new point: f = 0.959455019899483
    i = 21 ; sf/Sf = 0.564584053604974 ; sf = 990.972547585676
      k =   23 ; sb/Sb = 0 ; sb = 0
      k =   24 ; sb/Sb = 0.094940521202244 ; sb = 226.274169979695
      k =   25 ; sb/Sb = 0.125486536567583 ; sb = 299.0752688725
      k =   63 ; sb/Sb = 0.179193005648776 ; sb = 427.0752688725
      k =   62 ; sb/Sb = 0.23289947472997 ; sb = 555.075268872501
      k =   60 ; sb/Sb = 0.340312412892357 ; sb = 811.0752688725
      k =   26 ; sb/Sb = 0.643478906524414 ; sb = 1533.61971926706
      Creating new point: f = 0.739763942993014
    i = 20 ; sf/Sf = 0.868468252994198 ; sf = 1524.35796170946
      k =   23 ; sb/Sb = 0 ; sb = 0
      k =   24 ; sb/Sb = 0.094940521202244 ; sb = 226.274169979695
      k =   25 ; sb/Sb = 0.125486536567583 ; sb = 299.0752688725
      k =   63 ; sb/Sb = 0.179193005648776 ; sb = 427.0752688725
      k =   62 ; sb/Sb = 0.23289947472997 ; sb = 555.075268872501
      k =   60 ; sb/Sb = 0.340312412892357 ; sb = 811.0752688725
      k =   26 ; sb/Sb = 0.643478906524414 ; sb = 1533.61971926706
      k =   93 ; sb/Sb = 0.821739453262207 ; sb = 1958.47263499202
      k =   27 ; sb/Sb = 1 ; sb = 2383.32555071698
      Creating new point: f = 0.26213764395509
Tear 2 : Sf = 1710.71238850051 ; Sb = 1554.85274821162
  Backwards path
    i = 11 ; sf/Sf = 0.199947477921499 ; sf = 342.052627529741
      k =   12 ; sb/Sb = 0 ; sb = 0
      k =   13 ; sb/Sb = 0.235957216513824 ; sb = 366.878726556883
      Creating new point: f = 0.847388695610355
    i = 352 ; sf/Sf = 0.471638324149474 ; sf = 806.837524014126
      k =   12 ; sb/Sb = 0 ; sb = 0
      k =   13 ; sb/Sb = 0.235957216513824 ; sb = 366.878726556883
      k =   14 ; sb/Sb = 0.583792528855561 ; sb = 907.711417876481
      Creating new point: f = 0.6775652134022
    i = 10 ; sf/Sf = 0.743329170377449 ; sf = 1271.62242049851
      k =   12 ; sb/Sb = 0 ; sb = 0
      k =   13 ; sb/Sb = 0.235957216513824 ; sb = 366.878726556883
      k =   14 ; sb/Sb = 0.583792528855561 ; sb = 907.711417876481
      k =   15 ; sb/Sb = 0.924721489387453 ; sb = 1437.80574910442
      Creating new point: f = 0.467946874542399
Tear 3 : Sf = 3476.97832798738 ; Sb = 3631.66299277524
  Backwards path
    i = 67 ; sf/Sf = 0.11705601534047 ; sf = 407.001228499374
      k =    2 ; sb/Sb = 0 ; sb = 0
      k =  106 ; sb/Sb = 0.0746260336370715 ; sb = 271.016604657353
      k =   79 ; sb/Sb = 0.149252067274143 ; sb = 542.033209314706
      Creating new point: f = 0.568568093940895
    i = 46 ; sf/Sf = 0.234112030680941 ; sf = 814.002456998749
      k =    2 ; sb/Sb = 0 ; sb = 0
      k =  106 ; sb/Sb = 0.0746260336370715 ; sb = 271.016604657353
      k =   79 ; sb/Sb = 0.149252067274143 ; sb = 542.033209314706
      k =    3 ; sb/Sb = 0.298504134548286 ; sb = 1084.06641862941
      Creating new point: f = 0.568568093940895
    i = 307 ; sf/Sf = 0.346701625925231 ; sf = 1205.47403962002
      k =    2 ; sb/Sb = 0 ; sb = 0
      k =  106 ; sb/Sb = 0.0746260336370715 ; sb = 271.016604657353
      k =   79 ; sb/Sb = 0.149252067274143 ; sb = 542.033209314706
      k =    3 ; sb/Sb = 0.298504134548286 ; sb = 1084.06641862941
      k =  283 ; sb/Sb = 0.399770004123819 ; sb = 1451.82992959808
      Creating new point: f = 0.475950007430637
    i = 45 ; sf/Sf = 0.459291221169521 ; sf = 1596.94562224128
      k =    2 ; sb/Sb = 0 ; sb = 0
      k =  106 ; sb/Sb = 0.0746260336370715 ; sb = 271.016604657353
      k =   79 ; sb/Sb = 0.149252067274143 ; sb = 542.033209314706
      k =    3 ; sb/Sb = 0.298504134548286 ; sb = 1084.06641862941
      k =  283 ; sb/Sb = 0.399770004123819 ; sb = 1451.82992959808
      k =    4 ; sb/Sb = 0.501035873699351 ; sb = 1819.59344056674
      Creating new point: f = 0.587771746741444
    i = 44 ; sf/Sf = 0.61291162488142 ; sf = 2131.08043668423
      k =    2 ; sb/Sb = 0 ; sb = 0
      k =  106 ; sb/Sb = 0.0746260336370715 ; sb = 271.016604657353
      k =   79 ; sb/Sb = 0.149252067274143 ; sb = 542.033209314706
      k =    3 ; sb/Sb = 0.298504134548286 ; sb = 1084.06641862941
      k =  283 ; sb/Sb = 0.399770004123819 ; sb = 1451.82992959808
      k =    4 ; sb/Sb = 0.501035873699351 ; sb = 1819.59344056674
      k =  442 ; sb/Sb = 0.611333031184576 ; sb = 2220.15554561414
      k =    5 ; sb/Sb = 0.721630188669801 ; sb = 2620.71765066153
      Creating new point: f = 0.0143121883903028
    i = 297 ; sf/Sf = 0.715506794015311 ; sf = 2487.80161631897
      k =    2 ; sb/Sb = 0 ; sb = 0
      k =  106 ; sb/Sb = 0.0746260336370715 ; sb = 271.016604657353
      k =   79 ; sb/Sb = 0.149252067274143 ; sb = 542.033209314706
      k =    3 ; sb/Sb = 0.298504134548286 ; sb = 1084.06641862941
      k =  283 ; sb/Sb = 0.399770004123819 ; sb = 1451.82992959808
      k =    4 ; sb/Sb = 0.501035873699351 ; sb = 1819.59344056674
      k =  442 ; sb/Sb = 0.611333031184576 ; sb = 2220.15554561414
      k =    5 ; sb/Sb = 0.721630188669801 ; sb = 2620.71765066153
      Creating new point: f = 0.944482751921229
    i = 43 ; sf/Sf = 0.818101963149202 ; sf = 2844.52279595371
      k =    2 ; sb/Sb = 0 ; sb = 0
      k =  106 ; sb/Sb = 0.0746260336370715 ; sb = 271.016604657353
      k =   79 ; sb/Sb = 0.149252067274143 ; sb = 542.033209314706
      k =    3 ; sb/Sb = 0.298504134548286 ; sb = 1084.06641862941
      k =  283 ; sb/Sb = 0.399770004123819 ; sb = 1451.82992959808
      k =    4 ; sb/Sb = 0.501035873699351 ; sb = 1819.59344056674
      k =  442 ; sb/Sb = 0.611333031184576 ; sb = 2220.15554561414
      k =    5 ; sb/Sb = 0.721630188669801 ; sb = 2620.71765066153
      k =   86 ; sb/Sb = 0.823642041585082 ; sb = 2991.19032171839
      Creating new point: f = 0.945691816415878
    i = 327 ; sf/Sf = 0.909050981574601 ; sf = 3160.75056197055
      k =    2 ; sb/Sb = 0 ; sb = 0
      k =  106 ; sb/Sb = 0.0746260336370715 ; sb = 271.016604657353
      k =   79 ; sb/Sb = 0.149252067274143 ; sb = 542.033209314706
      k =    3 ; sb/Sb = 0.298504134548286 ; sb = 1084.06641862941
      k =  283 ; sb/Sb = 0.399770004123819 ; sb = 1451.82992959808
      k =    4 ; sb/Sb = 0.501035873699351 ; sb = 1819.59344056674
      k =  442 ; sb/Sb = 0.611333031184576 ; sb = 2220.15554561414
      k =    5 ; sb/Sb = 0.721630188669801 ; sb = 2620.71765066153
      k =   86 ; sb/Sb = 0.823642041585082 ; sb = 2991.19032171839
      k =    6 ; sb/Sb = 0.925653894500362 ; sb = 3361.66299277524
      Creating new point: f = 0.837245256788451
Tear 4 : Sf = 783.705349631043 ; Sb = 916.57770377133
  Backwards path
    i = 49 ; sf/Sf = 0.303299303229203 ; sf = 237.697286480094
      k =   50 ; sb/Sb = 0 ; sb = 0
      k =   51 ; sb/Sb = 0.220913695020103 ; sb = 202.484567313166
      k =   52 ; sb/Sb = 0.432750484842253 ; sb = 396.649445702642
      Creating new point: f = 0.388910766058473
    i = 48 ; sf/Sf = 0.526506350275281 ; sf = 412.625843325453
      k =   50 ; sb/Sb = 0 ; sb = 0
      k =   51 ; sb/Sb = 0.220913695020103 ; sb = 202.484567313166
      k =   52 ; sb/Sb = 0.432750484842253 ; sb = 396.649445702642
      k =   53 ; sb/Sb = 0.701104686033188 ; sb = 642.616923227619
      Creating new point: f = 0.349373570515933
Tear 5 : Sf = 1577.45617166634 ; Sb = 1601.3980726836
  Backwards path
    i = 36 ; sf/Sf = 0.232489766121641 ; sf = 366.742416417845
      k =   37 ; sb/Sb = 0 ; sb = 0
      k =   38 ; sb/Sb = 0.202635197535842 ; sb = 324.499614791759
      k =  390 ; sb/Sb = 0.414972634753159 ; sb = 664.536377510145
      Creating new point: f = 0.140599646379095
    i = 100 ; sf/Sf = 0.481282852175648 ; sf = 759.202605481653
      k =   37 ; sb/Sb = 0 ; sb = 0
      k =   38 ; sb/Sb = 0.202635197535842 ; sb = 324.499614791759
      k =  390 ; sb/Sb = 0.414972634753159 ; sb = 664.536377510145
      k =   39 ; sb/Sb = 0.627310071970476 ; sb = 1004.57314022853
      Creating new point: f = 0.312286981944799
    i = 35 ; sf/Sf = 0.730075938229655 ; sf = 1151.66279454546
      k =   37 ; sb/Sb = 0 ; sb = 0
      k =   38 ; sb/Sb = 0.202635197535842 ; sb = 324.499614791759
      k =  390 ; sb/Sb = 0.414972634753159 ; sb = 664.536377510145
      k =   39 ; sb/Sb = 0.627310071970476 ; sb = 1004.57314022853
      k =  392 ; sb/Sb = 0.813655035985238 ; sb = 1302.98560645607
      Creating new point: f = 0.551481854111382
Triangulating...
[1] "Non-adjacent points in rim connected by line: 57 56"
[1] "In triangle: 559" "In triangle: 562"
[1] "Other points in triangles: 449 450"
[1] "Non-adjacent points in rim connected by line: 58 53"
[1] "In triangle: 565" "In triangle: 569"
[1] "Other points in triangles: 451 448"
Merging points...
Projecting to sphere...
Optimising mapping with FIRE...
E =  0.00463 | E_L =  0.00463 | E_A =  0.00000 |   0 flippped triangles
E =  0.00314 | E_L =  0.00314 | E_A =  0.00000 |  55 flippped triangles
        phi0    phi0.1    phi0.2    phi0.3    phi0.4    phi0.5   phi0.6
id    239.00    240.00    244.00    246.00  297.0000  309.0000  312.000
A   47608.62  43820.00  37690.89  32957.00  970.5796  466.5064 3010.570
a  -31993.00 -30843.16 -29972.73 -31388.41 -472.2875 -485.8140 -342.321
      phi0.7    phi0.8    phi0.9   phi0.10   phi0.11   phi0.12   phi0.13
id   315.000   319.000 340.00000    440.00   441.000   451.000    528.00
A  16027.635  3871.863  19.67607  19960.80 58172.836  6196.452  27840.11
a  -8378.341 -2857.761 -24.77702 -20490.04 -8261.738 -9161.356 -24532.03
     phi0.14   phi0.15   phi0.16   phi0.17   phi0.18    phi0.19  phi0.20
id 549.00000  553.0000   556.000 559.00000   561.000 562.000000  564.000
A   32.78832 2903.0128  3529.033  18.87618  5342.743   9.094886  126.691
a  -21.16102 -973.8991 -2547.066 -26.71482 -6264.049  -9.854830 -175.423
     phi0.21  phi0.22   phi0.23   phi0.24   phi0.25   phi0.26   phi0.27
id  565.0000 569.0000  570.0000   572.000   575.000 576.00000 577.00000
A   129.7462 111.5483  453.7442  1197.417  3726.427  80.01538  20.75157
a  -136.8336 -29.7690 -435.9918 -1148.463 -2810.325 -60.52814 -14.62973
     phi0.28   phi0.29    phi0.30   phi0.31   phi0.32   phi0.33   phi0.34
id    578.00   617.000    618.000   619.000  620.0000    630.00   631.000
A   17260.39  8605.155   9537.725  7704.919  610.5670  21515.07  2486.743
a  -12377.71 -9032.763 -10257.631 -6760.911 -618.8914 -17593.57 -2949.064
    phi0.35   phi0.36   phi0.37   phi0.38   phi0.39   phi0.40   phi0.41
id    632.0   644.000   649.000   651.000  654.0000    679.00  683.0000
A   10142.4  2068.398  1778.499  1894.881  764.7090  25710.81  451.0628
a  -11410.0 -1708.621 -1813.162 -1606.091 -681.2935 -22254.53 -445.6400
     phi0.42   phi0.43   phi0.44   phi0.45   phi0.46   phi0.47   phi0.48
id    762.00    766.00   776.000   805.000    829.00    830.00    846.00
A   42342.44  16835.46  4090.989  7562.987  14232.04  26111.46  30572.58
a  -30450.36 -18139.35 -2712.673 -1985.699 -12018.26 -22026.34 -25004.07
     phi0.49   phi0.50   phi0.51   phi0.52   phi0.53   phi0.54
id   856.000   914.000    932.00 934.00000 935.00000 936.00000
A   3093.076  8405.725  18755.87  22.72496  12.94366  69.18905
a  -3040.178 -5831.266 -13146.64 -13.48754 -12.20054 -53.53771
E =  0.00293 | E_L =  0.00293 | E_A =  0.00000 |  55 flippped triangles
        phi0    phi0.1    phi0.2    phi0.3    phi0.4     phi0.5    phi0.6
id    239.00    240.00    244.00    246.00  291.0000   297.0000  309.0000
A   47608.62  43820.00  37690.89  32957.00  858.4727   970.5796  466.5064
a  -44341.69 -42560.68 -38281.60 -37355.88 -708.8697 -1154.6286 -545.0103
      phi0.7     phi0.8    phi0.9   phi0.10   phi0.11   phi0.12   phi0.13
id   312.000   318.0000   319.000    440.00   451.000   527.000    528.00
A   3010.570 38097.0315  3871.863  19960.80  6196.452  1789.501  27840.11
a  -1198.943  -374.7724 -3912.866 -21946.94 -8435.758 -1540.587 -21937.02
     phi0.14   phi0.15   phi0.16    phi0.17    phi0.18   phi0.19   phi0.20
id   553.000   556.000 559.00000  560.00000 562.000000 563.00000  565.0000
A   2903.013  3529.033  18.87618   45.10671   9.094886  35.36862  129.7462
a  -1534.417 -2826.479 -16.63360 -146.72846 -11.772242 -31.15600 -125.8066
     phi0.21   phi0.22   phi0.23   phi0.24   phi0.25   phi0.26   phi0.27
id 566.00000  570.0000   572.000   575.000 576.00000   578.000   617.000
A   22.09322  453.7442  1197.417  3726.427  80.01538 17260.391  8605.155
a  -25.26062 -397.4928 -1351.352 -3097.768 -33.25322 -7483.075 -7707.263
     phi0.28   phi0.29   phi0.30   phi0.31   phi0.32   phi0.33   phi0.34
id   618.000   619.000  620.0000    630.00   631.000    632.00   644.000
A   9537.725  7704.919  610.5670  21515.07  2486.743  10142.40  2068.398
a  -9165.375 -8323.014 -601.1544 -16866.60 -2426.448 -10163.11 -2093.738
     phi0.35   phi0.36  phi0.37   phi0.38   phi0.39   phi0.40   phi0.41
id   649.000   651.000  654.000   656.000   662.000    679.00  683.0000
A   1778.499  1894.881  764.709  8004.284  1070.721  25710.81  451.0628
a  -2082.092 -1643.271 -728.793 -1683.552 -1845.189 -20798.54 -218.7550
     phi0.42   phi0.43   phi0.44  phi0.45   phi0.46   phi0.47   phi0.48
id    762.00    766.00   776.000   829.00    830.00    846.00   856.000
A   42342.44  16835.46  4090.989 14232.04  26111.46  30572.58  3093.076
a  -17193.98 -10223.31 -3412.906 -9314.88 -22247.37 -23455.21 -2923.528
     phi0.49   phi0.50   phi0.51   phi0.52   phi0.53   phi0.54
id   859.000  930.0000    932.00 934.00000 935.00000 936.00000
A  16189.082  545.2401  18755.87  22.72496  12.94366  69.18905
a  -9520.056 -498.9623 -10950.45 -38.52455 -13.29906 -65.22198
E =  0.00283 | E_L =  0.00283 | E_A =  0.00000 |  54 flippped triangles
        phi0 phi0.1    phi0.2    phi0.3    phi0.4     phi0.5    phi0.6
id    239.00    240    244.00    246.00  291.0000   297.0000  309.0000
A   47608.62  43820  37690.89  32957.00  858.4727   970.5796  466.5064
a  -42819.84 -41496 -37299.68 -37010.37 -725.8577 -1129.4518 -542.4552
      phi0.7    phi0.8    phi0.9   phi0.10   phi0.11   phi0.12   phi0.13
id   312.000   319.000    440.00   451.000   527.000    528.00   553.000
A   3010.570  3871.863  19960.80  6196.452  1789.501  27840.11  2903.013
a  -1393.868 -4035.470 -20940.71 -8178.859 -1531.983 -21460.55 -2542.962
     phi0.14   phi0.15    phi0.16    phi0.17   phi0.18   phi0.19   phi0.20
id   556.000 559.00000  560.00000 562.000000 563.00000  565.0000 566.00000
A   3529.033  18.87618   45.10671   9.094886  35.36862  129.7462  22.09322
a  -3963.579 -11.45280 -117.45608  -9.576196 -24.28406 -124.5405 -33.41876
     phi0.21   phi0.22   phi0.23    phi0.24   phi0.25   phi0.26   phi0.27
id  570.0000   572.000   575.000 576.000000    578.00   617.000   618.000
A   453.7442  1197.417  3726.427  80.015383  17260.39  8605.155  9537.725
a  -316.5458 -1297.152 -3390.443  -6.504287 -13944.47 -8319.916 -9458.288
     phi0.28   phi0.29   phi0.30   phi0.31   phi0.32   phi0.33   phi0.34
id   619.000  620.0000    630.00   631.000    632.00   644.000   649.000
A   7704.919  610.5670  21515.07  2486.743  10142.40  2068.398  1778.499
a  -8379.178 -614.8502 -10569.31 -2885.443 -10269.16 -1818.477 -2011.250
     phi0.35   phi0.36   phi0.37   phi0.38   phi0.39   phi0.40   phi0.41
id   651.000  654.0000   656.000   662.000    679.00  683.0000    762.00
A   1894.881  764.7090  8004.284  1070.721  25710.81  451.0628  42342.44
a  -1679.064 -726.8954 -2878.372 -1688.148 -19588.25 -389.3063 -19258.34
     phi0.42   phi0.43   phi0.44   phi0.45   phi0.46   phi0.47   phi0.48
id    766.00   776.000    829.00   830.000    846.00   856.000    859.00
A   16835.46  4090.989  14232.04 26111.456  30572.58  3093.076  16189.08
a  -10855.54 -3530.457 -10265.73 -7790.227 -22412.64 -3003.082 -10764.23
     phi0.49   phi0.50   phi0.51   phi0.52   phi0.53
id  930.0000    932.00 934.00000 935.00000 936.00000
A   545.2401  18755.87  22.72496  12.94366  69.18905
a  -507.1693 -10447.79 -34.18362 -13.28165 -63.13619
E =  0.00281 | E_L =  0.00281 | E_A =  0.00000 |  50 flippped triangles
        phi0    phi0.1    phi0.2    phi0.3    phi0.4     phi0.5    phi0.6
id    239.00    240.00    244.00    246.00  291.0000   297.0000  309.0000
A   47608.62  43820.00  37690.89  32957.00  858.4727   970.5796  466.5064
a  -44440.13 -42944.93 -38311.89 -37451.21 -710.7937 -1116.3971 -537.0369
      phi0.7    phi0.8    phi0.9   phi0.10   phi0.11   phi0.12   phi0.13
id   312.000   319.000    440.00   451.000   527.000    528.00   553.000
A   3010.570  3871.863  19960.80  6196.452  1789.501  27840.11  2903.013
a  -1424.326 -3912.469 -20971.42 -8047.745 -1545.944 -20896.24 -2456.096
     phi0.14   phi0.15    phi0.16    phi0.17   phi0.18   phi0.19   phi0.20
id   556.000 559.00000  560.00000 562.000000 563.00000  565.0000 566.00000
A   3529.033  18.87618   45.10671   9.094886  35.36862  129.7462  22.09322
a  -4077.969 -13.47462 -127.33055  -9.751329 -19.17009 -128.1310 -27.35941
     phi0.21   phi0.22   phi0.23    phi0.24   phi0.25   phi0.26   phi0.27
id  570.0000   572.000   575.000 576.000000    578.00   617.000   618.000
A   453.7442  1197.417  3726.427  80.015383  17260.39  8605.155  9537.725
a  -323.6121 -1293.491 -3246.799  -1.260319 -12934.16 -8461.677 -9420.125
     phi0.28   phi0.29   phi0.30   phi0.31   phi0.32   phi0.33   phi0.34
id   619.000  620.0000   631.000    632.00   644.000   649.000   651.000
A   7704.919  610.5670  2486.743  10142.40  2068.398  1778.499  1894.881
a  -8374.326 -611.2275 -2789.166 -10124.93 -1923.724 -2033.220 -1714.050
    phi0.35   phi0.36   phi0.37   phi0.38   phi0.39   phi0.40   phi0.41
id  654.000   656.000   662.000    679.00  683.0000    762.00    766.00
A   764.709  8004.284  1070.721  25710.81  451.0628  42342.44  16835.46
a  -706.640 -1431.068 -1604.143 -16727.40 -369.8540 -18187.12 -10451.42
     phi0.42   phi0.43   phi0.44   phi0.45   phi0.46   phi0.47   phi0.48
id   776.000    846.00   856.000    859.00  930.0000 934.00000 935.00000
A   4090.989  30572.58  3093.076  16189.08  545.2401  22.72496  12.94366
a  -3510.552 -18341.51 -3017.005 -10402.84 -505.9740 -32.47452 -13.43112
     phi0.49
id 936.00000
A   69.18905
a  -68.20324
FIRE:  5  stops.  1 hits of maxmove.  0 hits of dtmax.
Frms = 3.7833601585585e-06; Ftanrms = 3.78270658965075e-06
E =  0.00538 | E_L =  0.00538 | E_A =  0.00000 |   0 flippped triangles
E =  0.00344 | E_L =  0.00344 | E_A =  0.00000 |   0 flippped triangles
E =  0.00341 | E_L =  0.00341 | E_A =  0.00000 |   0 flippped triangles
E =  0.00335 | E_L =  0.00335 | E_A =  0.00000 |   0 flippped triangles
E =  0.00334 | E_L =  0.00334 | E_A =  0.00000 |   0 flippped triangles
E =  0.00334 | E_L =  0.00334 | E_A =  0.00000 |   0 flippped triangles
Optimising mapping with BFGS...
E =  0.00334 | E_L =  0.00334 | E_A =  0.00000 |   0 flippped triangles
Transforming image...
Mapping optimised. Error: 0.00333777 ; 0 flipped triangles.
Inferring coordinates of datapoints
Inferring coordinates of landmarks
Mapping optimised. Error: 0.00333777 ; 0 flipped triangles. OD displacement: 11.13365 degrees.
Computing Kernel Density estimates of datapoints

[1] 0.7
Saving developmental_retina/data/C57BL6J/P16/AP/GM263-2/R-CONTRA/r.mat
