[1] "Adding old segment 1"
[1] "Storing new segment 1"
[1] "Adding old segment 2"
[1] "Adding old segment 3"
[1] "Adding old segment 4"
[1] "Adding old segment 5"
[1] "Storing new segment 2"
simplify.outline: Removing vertex 34
Triangulating...
[1] "Non-adjacent points in rim connected by line: 15 13"
[1] "In triangle: 48" "In triangle: 49"
[1] "Other points in triangles: 14 90"
[1] "Non-adjacent points in rim connected by line: 63 53"
[1] "In triangle: 1" "In triangle: 9"
[1] "Other points in triangles: 64 66"
[1] "Non-adjacent points in rim connected by line: 64 63"
[1] "In triangle: 1"  "In triangle: 87"
[1] "Other points in triangles: 450 65"
[1] "Non-adjacent points in rim connected by line: 65 64"
[1] "In triangle: 43" "In triangle: 87"
[1] "Other points in triangles: 54 451"
[1] "Non-adjacent points in rim connected by line: 66 53"
[1] "In triangle: 65"  "In triangle: 787"
[1] "Other points in triangles: 67 450"
[1] "Non-adjacent points in rim connected by line: 90 13"
[1] "In triangle: 668" "In triangle: 785"
[1] "Other points in triangles: 388 449"
[1] "Non-adjacent points in rim connected by line: 166 162"
[1] "In triangle: 246" "In triangle: 376"
[1] "Other points in triangles: 233 38"
[1] "Non-adjacent points in rim connected by line: 324 323"
[1] "In triangle: 70"  "In triangle: 548"
[1] "Other points in triangles: 48 281"
Stitching...
Tear 1 child of rim
Tear 2 child of rim
Tear 3 child of rim
Tear 4 child of rim
Tear 5 child of rim
Tear 6 child of backward side of tear 8
Tear 7 child of backward side of tear 8
Tear 8 child of rim
Tear 9 child of rim
Tear 10 child of rim
Tear 1 : Sf = 3503.97228590632 ; Sb = 3823.92376982485
  Forwards path
    i = 59 ; sf/Sf = 0.0974097211585781 ; sf = 341.32096331752
      k =   60 ; sb/Sb = 0 ; sb = 0
      k =    1 ; sb/Sb = 0.0183058042506967 ; sb = 70
      k =   80 ; sb/Sb = 0.0782969046877215 ; sb = 299.401394939089
      k =    2 ; sb/Sb = 0.138288005124746 ; sb = 528.802789878178
      Creating new point: f = 0.318594196999605
    i = 237 ; sf/Sf = 0.216600786976956 ; sf = 758.963154672752
      k =   60 ; sb/Sb = 0 ; sb = 0
      k =    1 ; sb/Sb = 0.0183058042506967 ; sb = 70
      k =   80 ; sb/Sb = 0.0782969046877215 ; sb = 299.401394939089
      k =    2 ; sb/Sb = 0.138288005124746 ; sb = 528.802789878178
      k =  201 ; sb/Sb = 0.234702081426639 ; sb = 897.482867994694
      Creating new point: f = 0.812254650524218
    i = 58 ; sf/Sf = 0.335791852795333 ; sf = 1176.60534602798
      k =   60 ; sb/Sb = 0 ; sb = 0
      k =    1 ; sb/Sb = 0.0183058042506967 ; sb = 70
      k =   80 ; sb/Sb = 0.0782969046877215 ; sb = 299.401394939089
      k =    2 ; sb/Sb = 0.138288005124746 ; sb = 528.802789878178
      k =  201 ; sb/Sb = 0.234702081426639 ; sb = 897.482867994694
      k =    3 ; sb/Sb = 0.331116157728532 ; sb = 1266.16294611121
      k =  262 ; sb/Sb = 0.461871902376366 ; sb = 1766.16294611121
      Creating new point: f = 0.0357590030127872
    i = 208 ; sf/Sf = 0.466270202028507 ; sf = 1633.79786565183
      k =   60 ; sb/Sb = 0 ; sb = 0
      k =    1 ; sb/Sb = 0.0183058042506967 ; sb = 70
      k =   80 ; sb/Sb = 0.0782969046877215 ; sb = 299.401394939089
      k =    2 ; sb/Sb = 0.138288005124746 ; sb = 528.802789878178
      k =  201 ; sb/Sb = 0.234702081426639 ; sb = 897.482867994694
      k =    3 ; sb/Sb = 0.331116157728532 ; sb = 1266.16294611121
      k =  262 ; sb/Sb = 0.461871902376366 ; sb = 1766.16294611121
      k =    4 ; sb/Sb = 0.5926276470242 ; sb = 2266.16294611121
      Creating new point: f = 0.0336375251732652
    i = 57 ; sf/Sf = 0.59674855126168 ; sf = 2090.99038527567
      k =   60 ; sb/Sb = 0 ; sb = 0
      k =    1 ; sb/Sb = 0.0183058042506967 ; sb = 70
      k =   80 ; sb/Sb = 0.0782969046877215 ; sb = 299.401394939089
      k =    2 ; sb/Sb = 0.138288005124746 ; sb = 528.802789878178
      k =  201 ; sb/Sb = 0.234702081426639 ; sb = 897.482867994694
      k =    3 ; sb/Sb = 0.331116157728532 ; sb = 1266.16294611121
      k =  262 ; sb/Sb = 0.461871902376366 ; sb = 1766.16294611121
      k =    4 ; sb/Sb = 0.5926276470242 ; sb = 2266.16294611121
      k =    5 ; sb/Sb = 0.714532399548494 ; sb = 2732.31742694348
      Creating new point: f = 0.033804295174289
    i = 253 ; sf/Sf = 0.673492832965078 ; sf = 2359.90022146617
      k =   60 ; sb/Sb = 0 ; sb = 0
      k =    1 ; sb/Sb = 0.0183058042506967 ; sb = 70
      k =   80 ; sb/Sb = 0.0782969046877215 ; sb = 299.401394939089
      k =    2 ; sb/Sb = 0.138288005124746 ; sb = 528.802789878178
      k =  201 ; sb/Sb = 0.234702081426639 ; sb = 897.482867994694
      k =    3 ; sb/Sb = 0.331116157728532 ; sb = 1266.16294611121
      k =  262 ; sb/Sb = 0.461871902376366 ; sb = 1766.16294611121
      k =    4 ; sb/Sb = 0.5926276470242 ; sb = 2266.16294611121
      k =    5 ; sb/Sb = 0.714532399548494 ; sb = 2732.31742694348
      Creating new point: f = 0.663347279465277
    i = 106 ; sf/Sf = 0.750237114668477 ; sf = 2628.81005765667
      k =   60 ; sb/Sb = 0 ; sb = 0
      k =    1 ; sb/Sb = 0.0183058042506967 ; sb = 70
      k =   80 ; sb/Sb = 0.0782969046877215 ; sb = 299.401394939089
      k =    2 ; sb/Sb = 0.138288005124746 ; sb = 528.802789878178
      k =  201 ; sb/Sb = 0.234702081426639 ; sb = 897.482867994694
      k =    3 ; sb/Sb = 0.331116157728532 ; sb = 1266.16294611121
      k =  262 ; sb/Sb = 0.461871902376366 ; sb = 1766.16294611121
      k =    4 ; sb/Sb = 0.5926276470242 ; sb = 2266.16294611121
      k =    5 ; sb/Sb = 0.714532399548494 ; sb = 2732.31742694348
      k =    6 ; sb/Sb = 0.823020276196943 ; sb = 3147.16679719731
      Creating new point: f = 0.329112489091133
    i = 108 ; sf/Sf = 0.826981396371876 ; sf = 2897.71989384717
      k =   60 ; sb/Sb = 0 ; sb = 0
      k =    1 ; sb/Sb = 0.0183058042506967 ; sb = 70
      k =   80 ; sb/Sb = 0.0782969046877215 ; sb = 299.401394939089
      k =    2 ; sb/Sb = 0.138288005124746 ; sb = 528.802789878178
      k =  201 ; sb/Sb = 0.234702081426639 ; sb = 897.482867994694
      k =    3 ; sb/Sb = 0.331116157728532 ; sb = 1266.16294611121
      k =  262 ; sb/Sb = 0.461871902376366 ; sb = 1766.16294611121
      k =    4 ; sb/Sb = 0.5926276470242 ; sb = 2266.16294611121
      k =    5 ; sb/Sb = 0.714532399548494 ; sb = 2732.31742694348
      k =    6 ; sb/Sb = 0.823020276196944 ; sb = 3147.16679719731
      k =  148 ; sb/Sb = 0.911510138098472 ; sb = 3485.54528351108
      Creating new point: f = 0.0447635479343449
    i = 56 ; sf/Sf = 0.903725678075275 ; sf = 3166.62973003766
      k =   60 ; sb/Sb = 0 ; sb = 0
      k =    1 ; sb/Sb = 0.0183058042506967 ; sb = 70
      k =   80 ; sb/Sb = 0.0782969046877215 ; sb = 299.401394939089
      k =    2 ; sb/Sb = 0.138288005124746 ; sb = 528.802789878178
      k =  201 ; sb/Sb = 0.234702081426639 ; sb = 897.482867994694
      k =    3 ; sb/Sb = 0.331116157728532 ; sb = 1266.16294611121
      k =  262 ; sb/Sb = 0.461871902376366 ; sb = 1766.16294611121
      k =    4 ; sb/Sb = 0.5926276470242 ; sb = 2266.16294611121
      k =    5 ; sb/Sb = 0.714532399548494 ; sb = 2732.31742694348
      k =    6 ; sb/Sb = 0.823020276196944 ; sb = 3147.16679719731
      k =  148 ; sb/Sb = 0.911510138098472 ; sb = 3485.54528351108
      Creating new point: f = 0.912029922344557
Tear 2 : Sf = 839.030031243367 ; Sb = 1120.39602707131
  Forwards path
    i = 11 ; sf/Sf = 0.478673822872939 ; sf = 401.621712560464
      k =   12 ; sb/Sb = 0 ; sb = 0
      k =  387 ; sb/Sb = 0.320601369903264 ; sb = 359.200501113236
      k =   13 ; sb/Sb = 0.641202739806529 ; sb = 718.401002226472
      Creating new point: f = 0.493049836366482
    i = 10 ; sf/Sf = 0.623668931600671 ; sf = 523.276963166428
      k =   12 ; sb/Sb = 0 ; sb = 0
      k =  387 ; sb/Sb = 0.320601369903264 ; sb = 359.200501113236
      k =   13 ; sb/Sb = 0.641202739806529 ; sb = 718.401002226472
      Creating new point: f = 0.945309627930947
Tear 3 : Sf = 1262.4579200908 ; Sb = 1609.09418895775
  Forwards path
    i = 445 ; sf/Sf = 0.25 ; sf = 315.614480022701
      k =   17 ; sb/Sb = 0 ; sb = 0
      k =  358 ; sb/Sb = 0.316430192973251 ; sb = 509.165984724039
      Creating new point: f = 0.790063671392867
    i = 389 ; sf/Sf = 0.5 ; sf = 631.228960045402
      k =   17 ; sb/Sb = 0 ; sb = 0
      k =  358 ; sb/Sb = 0.316430192973251 ; sb = 509.165984724039
      k =  359 ; sb/Sb = 0.474645289459876 ; sb = 763.748977086058
      k =   18 ; sb/Sb = 0.632860385946502 ; sb = 1018.33196944808
      Creating new point: f = 0.160254685571469
    i = 386 ; sf/Sf = 0.75 ; sf = 946.843440068103
      k =   17 ; sb/Sb = 0 ; sb = 0
      k =  358 ; sb/Sb = 0.316430192973251 ; sb = 509.165984724039
      k =  359 ; sb/Sb = 0.474645289459876 ; sb = 763.748977086058
      k =   18 ; sb/Sb = 0.632860385946502 ; sb = 1018.33196944808
      k =   75 ; sb/Sb = 0.816430192973251 ; sb = 1313.71307920292
      Creating new point: f = 0.638120265804001
Tear 4 : Sf = 600.333240792145 ; Sb = 620.0806399171
  Forwards path
    i = 111 ; sf/Sf = 0.5 ; sf = 300.166620396073
      k =   22 ; sb/Sb = 0 ; sb = 0
      k =  325 ; sb/Sb = 0.5 ; sb = 310.04031995855
      k =   23 ; sb/Sb = 1 ; sb = 620.0806399171
      Creating new point: f = 0
      Point 325 already exists
Tear 5 : Sf = 3111.00196338683 ; Sb = 2463.73585412119
  Forwards path
    i = 27 ; sf/Sf = 0.150012915798694 ; sf = 466.690475583121
      k =   28 ; sb/Sb = 0 ; sb = 0
      k =   29 ; sb/Sb = 0.188814126809245 ; sb = 465.18813398452
      Creating new point: f = 0.794500487509864
    i = 441 ; sf/Sf = 0.278679228421891 ; sf = 866.97162677563
      k =   28 ; sb/Sb = 0 ; sb = 0
      k =   29 ; sb/Sb = 0.188814126809245 ; sb = 465.18813398452
      k =  214 ; sb/Sb = 0.374038597038405 ; sb = 921.532302348706
      Creating new point: f = 0.485168625406052
    i = 26 ; sf/Sf = 0.407345541045087 ; sf = 1267.25277796814
      k =   28 ; sb/Sb = 0 ; sb = 0
      k =   29 ; sb/Sb = 0.188814126809245 ; sb = 465.18813398452
      k =  214 ; sb/Sb = 0.374038597038405 ; sb = 921.532302348706
      k =   30 ; sb/Sb = 0.559263067267566 ; sb = 1377.87647071289
      Creating new point: f = 0.179819350896101
    i = 365 ; sf/Sf = 0.559902532197445 ; sf = 1741.85787697151
      k =   28 ; sb/Sb = 0 ; sb = 0
      k =   29 ; sb/Sb = 0.188814126809245 ; sb = 465.18813398452
      k =  214 ; sb/Sb = 0.374038597038405 ; sb = 921.532302348706
      k =   30 ; sb/Sb = 0.559263067267566 ; sb = 1377.87647071289
      k =   31 ; sb/Sb = 0.78320126585426 ; sb = 1929.60103967824
      Creating new point: f = 0.00285554199289919
    i = 378 ; sf/Sf = 0.636181027773623 ; sf = 1979.1604264732
      k =   28 ; sb/Sb = 0 ; sb = 0
      k =   29 ; sb/Sb = 0.188814126809245 ; sb = 465.18813398452
      k =  214 ; sb/Sb = 0.374038597038405 ; sb = 921.532302348706
      k =   30 ; sb/Sb = 0.559263067267566 ; sb = 1377.87647071289
      k =   31 ; sb/Sb = 0.78320126585426 ; sb = 1929.60103967824
      Creating new point: f = 0.343478517695942
    i = 25 ; sf/Sf = 0.712459523349802 ; sf = 2216.46297597488
      k =   28 ; sb/Sb = 0 ; sb = 0
      k =   29 ; sb/Sb = 0.188814126809245 ; sb = 465.18813398452
      k =  214 ; sb/Sb = 0.374038597038405 ; sb = 921.532302348706
      k =   30 ; sb/Sb = 0.559263067267566 ; sb = 1377.87647071289
      k =   31 ; sb/Sb = 0.78320126585426 ; sb = 1929.60103967824
      Creating new point: f = 0.684101493398984
    i = 327 ; sf/Sf = 0.856229761674901 ; sf = 2663.73246968086
      k =   28 ; sb/Sb = 0 ; sb = 0
      k =   29 ; sb/Sb = 0.188814126809245 ; sb = 465.18813398452
      k =  214 ; sb/Sb = 0.374038597038405 ; sb = 921.532302348706
      k =   30 ; sb/Sb = 0.559263067267566 ; sb = 1377.87647071289
      k =   31 ; sb/Sb = 0.78320126585426 ; sb = 1929.60103967824
      k =  104 ; sb/Sb = 0.89160063292713 ; sb = 2196.66844689971
      Creating new point: f = 0.673698544490102
Tear 6 : Sf = 604.152298679729 ; Sb = 620.322496770833
  Forwards path
    i = 323 ; sf/Sf = 0.5 ; sf = 302.076149339864
      k =   49 ; sb/Sb = 0 ; sb = 0
      k =  125 ; sb/Sb = 0.5 ; sb = 310.161248385416
      k =   50 ; sb/Sb = 1 ; sb = 620.322496770833
      Creating new point: f = 0
      Point 125 already exists
Tear 7 : Sf = 1154.52628947679 ; Sb = 1194.02680036924
  Forwards path
    i = 117 ; sf/Sf = 0.237246151077405 ; sf = 273.906918496047
      k =   46 ; sb/Sb = 0 ; sb = 0
      k =  247 ; sb/Sb = 0.25 ; sb = 298.506700092309
      Creating new point: f = 0.948984604309618
    i = 45 ; sf/Sf = 0.474492302154809 ; sf = 547.813836992093
      k =   46 ; sb/Sb = 0 ; sb = 0
      k =  247 ; sb/Sb = 0.25 ; sb = 298.50670009231
      k =  245 ; sb/Sb = 0.5 ; sb = 597.013400184619
      Creating new point: f = 0.897969208619236
    i = 76 ; sf/Sf = 0.737246151077405 ; sf = 851.170063234444
      k =   46 ; sb/Sb = 0 ; sb = 0
      k =  247 ; sb/Sb = 0.25 ; sb = 298.50670009231
      k =  245 ; sb/Sb = 0.5 ; sb = 597.013400184619
      k =  273 ; sb/Sb = 0.75 ; sb = 895.520100276928
      Creating new point: f = 0.948984604309618
Tear 8 : Sf = 1655.90648438717 ; Sb = 1442.23229932662
  Forwards path
    i = 41 ; sf/Sf = 0.0729693741012576 ; sf = 120.830459735946
      k =   42 ; sb/Sb = 0 ; sb = 0
      k =   43 ; sb/Sb = 0.0985463327245396 ; sb = 142.126704035519
      Creating new point: f = 0.740457529812138
    i = 136 ; sf/Sf = 0.277159528824317 ; sf = 458.95026098988
      k =   42 ; sb/Sb = 0 ; sb = 0
      k =   43 ; sb/Sb = 0.0985463327245397 ; sb = 142.126704035519
      k =   44 ; sb/Sb = 0.37624063209435 ; sb = 542.626391925535
      Creating new point: f = 0.643200802123474
    i = 40 ; sf/Sf = 0.481349683547377 ; sf = 797.070062243814
      k =   42 ; sb/Sb = 0 ; sb = 0
      k =   43 ; sb/Sb = 0.0985463327245397 ; sb = 142.126704035519
      k =   44 ; sb/Sb = 0.37624063209435 ; sb = 542.626391925535
      k =   47 ; sb/Sb = 0.37624063209435 ; sb = 542.626391925535
      k =  324 ; sb/Sb = 0.58245252132892 ; sb = 840.031839084796
      Creating new point: f = 0.509713828058982
    i = 164 ; sf/Sf = 0.740674841773689 ; sf = 1226.48827331549
      k =   42 ; sb/Sb = 0 ; sb = 0
      k =   43 ; sb/Sb = 0.0985463327245397 ; sb = 142.126704035519
      k =   44 ; sb/Sb = 0.37624063209435 ; sb = 542.626391925535
      k =   47 ; sb/Sb = 0.37624063209435 ; sb = 542.626391925535
      k =  324 ; sb/Sb = 0.58245252132892 ; sb = 840.031839084796
      k =   48 ; sb/Sb = 0.788664410563491 ; sb = 1137.43728624406
      Creating new point: f = 0.767280301014977
Tear 9 : Sf = 688.839603971781 ; Sb = 602.162768692984
  Forwards path
    i = 129 ; sf/Sf = 0.5 ; sf = 344.41980198589
      k =   34 ; sb/Sb = 0 ; sb = 0
      k =   35 ; sb/Sb = 1 ; sb = 602.162768692984
      Creating new point: f = 0.5
Tear 10 : Sf = 414.849370253831 ; Sb = 613.921819126833
  Forwards path
Tear 1 : Sf = 3823.92376982485 ; Sb = 3503.97228590632
  Backwards path
    i = 1 ; sf/Sf = 0.0183058042506967 ; sf = 70
      k =   60 ; sb/Sb = 0 ; sb = 0
      k =   59 ; sb/Sb = 0.0974097211585781 ; sb = 341.32096331752
      Creating new point: f = 0.187925845931699
    i = 80 ; sf/Sf = 0.0782969046877215 ; sf = 299.401394939089
      k =   60 ; sb/Sb = 0 ; sb = 0
      k =   59 ; sb/Sb = 0.0974097211585781 ; sb = 341.32096331752
      Creating new point: f = 0.803789434529416
    i = 2 ; sf/Sf = 0.138288005124746 ; sf = 528.802789878178
      k =   60 ; sb/Sb = 0 ; sb = 0
      k =   59 ; sb/Sb = 0.0974097211585781 ; sb = 341.32096331752
      k =  237 ; sb/Sb = 0.216600786976956 ; sb = 758.963154672752
      Creating new point: f = 0.342964329461222
    i = 201 ; sf/Sf = 0.234702081426639 ; sf = 897.482867994694
      k =   60 ; sb/Sb = 0 ; sb = 0
      k =   59 ; sb/Sb = 0.0974097211585781 ; sb = 341.32096331752
      k =  237 ; sb/Sb = 0.216600786976956 ; sb = 758.963154672752
      k =   58 ; sb/Sb = 0.335791852795333 ; sb = 1176.60534602798
      Creating new point: f = 0.151867879739126
    i = 3 ; sf/Sf = 0.331116157728532 ; sf = 1266.16294611121
      k =   60 ; sb/Sb = 0 ; sb = 0
      k =   59 ; sb/Sb = 0.0974097211585781 ; sb = 341.32096331752
      k =  237 ; sb/Sb = 0.216600786976956 ; sb = 758.963154672752
      k =   58 ; sb/Sb = 0.335791852795333 ; sb = 1176.60534602798
      Creating new point: f = 0.960771430017029
    i = 262 ; sf/Sf = 0.461871902376366 ; sf = 1766.16294611121
      k =   60 ; sb/Sb = 0 ; sb = 0
      k =   59 ; sb/Sb = 0.0974097211585781 ; sb = 341.32096331752
      k =  237 ; sb/Sb = 0.216600786976956 ; sb = 758.963154672752
      k =   58 ; sb/Sb = 0.335791852795333 ; sb = 1176.60534602798
      k =  208 ; sb/Sb = 0.466270202028507 ; sb = 1633.79786565183
      Creating new point: f = 0.966290961849307
    i = 4 ; sf/Sf = 0.5926276470242 ; sf = 2266.16294611121
      k =   60 ; sb/Sb = 0 ; sb = 0
      k =   59 ; sb/Sb = 0.0974097211585781 ; sb = 341.32096331752
      k =  237 ; sb/Sb = 0.216600786976956 ; sb = 758.963154672752
      k =   58 ; sb/Sb = 0.335791852795333 ; sb = 1176.60534602798
      k =  208 ; sb/Sb = 0.466270202028507 ; sb = 1633.79786565183
      k =   57 ; sb/Sb = 0.59674855126168 ; sb = 2090.99038527567
      Creating new point: f = 0.968416949925419
    i = 5 ; sf/Sf = 0.714532399548494 ; sf = 2732.31742694348
      k =   60 ; sb/Sb = 0 ; sb = 0
      k =   59 ; sb/Sb = 0.0974097211585781 ; sb = 341.32096331752
      k =  237 ; sb/Sb = 0.216600786976956 ; sb = 758.963154672752
      k =   58 ; sb/Sb = 0.335791852795333 ; sb = 1176.60534602798
      k =  208 ; sb/Sb = 0.466270202028507 ; sb = 1633.79786565183
      k =   57 ; sb/Sb = 0.59674855126168 ; sb = 2090.99038527567
      k =  253 ; sb/Sb = 0.673492832965079 ; sb = 2359.90022146617
      k =  106 ; sb/Sb = 0.750237114668477 ; sb = 2628.81005765667
      Creating new point: f = 0.534757322272237
    i = 6 ; sf/Sf = 0.823020276196944 ; sf = 3147.16679719731
      k =   60 ; sb/Sb = 0 ; sb = 0
      k =   59 ; sb/Sb = 0.0974097211585781 ; sb = 341.32096331752
      k =  237 ; sb/Sb = 0.216600786976956 ; sb = 758.963154672752
      k =   58 ; sb/Sb = 0.335791852795333 ; sb = 1176.60534602798
      k =  208 ; sb/Sb = 0.466270202028507 ; sb = 1633.79786565183
      k =   57 ; sb/Sb = 0.59674855126168 ; sb = 2090.99038527567
      k =  253 ; sb/Sb = 0.673492832965079 ; sb = 2359.90022146617
      k =  106 ; sb/Sb = 0.750237114668477 ; sb = 2628.81005765667
      k =  108 ; sb/Sb = 0.826981396371876 ; sb = 2897.71989384717
      Creating new point: f = 0.948385468115507
    i = 148 ; sf/Sf = 0.911510138098472 ; sf = 3485.54528351108
      k =   60 ; sb/Sb = 0 ; sb = 0
      k =   59 ; sb/Sb = 0.0974097211585781 ; sb = 341.32096331752
      k =  237 ; sb/Sb = 0.216600786976956 ; sb = 758.963154672752
      k =   58 ; sb/Sb = 0.335791852795333 ; sb = 1176.60534602798
      k =  208 ; sb/Sb = 0.466270202028507 ; sb = 1633.79786565183
      k =   57 ; sb/Sb = 0.59674855126168 ; sb = 2090.99038527567
      k =  253 ; sb/Sb = 0.673492832965079 ; sb = 2359.90022146617
      k =  106 ; sb/Sb = 0.750237114668477 ; sb = 2628.81005765667
      k =  108 ; sb/Sb = 0.826981396371876 ; sb = 2897.71989384717
      k =   56 ; sb/Sb = 0.903725678075275 ; sb = 3166.62973003766
      k =   55 ; sb/Sb = 1 ; sb = 3503.97228590632
      Creating new point: f = 0.080857074530042
Tear 2 : Sf = 1120.39602707131 ; Sb = 839.030031243367
  Backwards path
    i = 387 ; sf/Sf = 0.320601369903264 ; sf = 359.200501113236
      k =   12 ; sb/Sb = 0 ; sb = 0
      k =   11 ; sb/Sb = 0.478673822872939 ; sb = 401.621712560464
      Creating new point: f = 0.669770007432318
    i = 13 ; sf/Sf = 0.641202739806529 ; sf = 718.401002226472
      k =   12 ; sb/Sb = 0 ; sb = 0
      k =   11 ; sb/Sb = 0.478673822872939 ; sb = 401.621712560464
      k =   10 ; sb/Sb = 0.623668931600671 ; sb = 523.276963166428
      k =    9 ; sb/Sb = 1 ; sb = 839.030031243367
      Creating new point: f = 0.0465914448159582
Tear 3 : Sf = 1609.09418895775 ; Sb = 1262.4579200908
  Backwards path
    i = 358 ; sf/Sf = 0.316430192973251 ; sf = 509.165984724039
      k =   17 ; sb/Sb = 0 ; sb = 0
      k =  445 ; sb/Sb = 0.25 ; sb = 315.614480022701
      k =  389 ; sb/Sb = 0.5 ; sb = 631.228960045402
      Creating new point: f = 0.265720771893003
    i = 359 ; sf/Sf = 0.474645289459876 ; sf = 763.748977086058
      k =   17 ; sb/Sb = 0 ; sb = 0
      k =  445 ; sb/Sb = 0.25 ; sb = 315.614480022701
      k =  389 ; sb/Sb = 0.5 ; sb = 631.228960045402
      Creating new point: f = 0.898581157839505
    i = 18 ; sf/Sf = 0.632860385946502 ; sf = 1018.33196944808
      k =   17 ; sb/Sb = 0 ; sb = 0
      k =  445 ; sb/Sb = 0.25 ; sb = 315.614480022701
      k =  389 ; sb/Sb = 0.5 ; sb = 631.228960045402
      k =  386 ; sb/Sb = 0.75 ; sb = 946.843440068103
      Creating new point: f = 0.531441543786007
    i = 75 ; sf/Sf = 0.816430192973251 ; sf = 1313.71307920292
      k =   17 ; sb/Sb = 0 ; sb = 0
      k =  445 ; sb/Sb = 0.25 ; sb = 315.614480022701
      k =  389 ; sb/Sb = 0.5 ; sb = 631.228960045402
      k =  386 ; sb/Sb = 0.75 ; sb = 946.843440068103
      k =   16 ; sb/Sb = 1 ; sb = 1262.4579200908
      Creating new point: f = 0.265720771893004
Tear 4 : Sf = 620.0806399171 ; Sb = 600.333240792145
  Backwards path
    i = 325 ; sf/Sf = 0.5 ; sf = 310.04031995855
      k =   22 ; sb/Sb = 0 ; sb = 0
      k =  111 ; sb/Sb = 0.5 ; sb = 300.166620396073
      k =   21 ; sb/Sb = 1 ; sb = 600.333240792145
      Creating new point: f = 0
      Point 111 already exists
Tear 5 : Sf = 2463.73585412119 ; Sb = 3111.00196338683
  Backwards path
    i = 29 ; sf/Sf = 0.188814126809245 ; sf = 465.18813398452
      k =   28 ; sb/Sb = 0 ; sb = 0
      k =   27 ; sb/Sb = 0.150012915798694 ; sb = 466.690475583121
      k =  441 ; sb/Sb = 0.278679228421891 ; sb = 866.97162677563
      Creating new point: f = 0.301564645939462
    i = 214 ; sf/Sf = 0.374038597038405 ; sf = 921.532302348706
      k =   28 ; sb/Sb = 0 ; sb = 0
      k =   27 ; sb/Sb = 0.150012915798694 ; sb = 466.690475583121
      k =  441 ; sb/Sb = 0.278679228421891 ; sb = 866.97162677563
      k =   26 ; sb/Sb = 0.407345541045087 ; sb = 1267.25277796814
      Creating new point: f = 0.741137028584767
    i = 30 ; sf/Sf = 0.559263067267566 ; sf = 1377.87647071289
      k =   28 ; sb/Sb = 0 ; sb = 0
      k =   27 ; sb/Sb = 0.150012915798694 ; sb = 466.690475583121
      k =  441 ; sb/Sb = 0.278679228421891 ; sb = 866.97162677563
      k =   26 ; sb/Sb = 0.407345541045087 ; sb = 1267.25277796814
      k =  365 ; sb/Sb = 0.559902532197445 ; sb = 1741.85787697151
      Creating new point: f = 0.995808353815525
    i = 31 ; sf/Sf = 0.78320126585426 ; sf = 1929.60103967824
      k =   28 ; sb/Sb = 0 ; sb = 0
      k =   27 ; sb/Sb = 0.150012915798694 ; sb = 466.690475583121
      k =  441 ; sb/Sb = 0.278679228421891 ; sb = 866.97162677563
      k =   26 ; sb/Sb = 0.407345541045087 ; sb = 1267.25277796814
      k =  365 ; sb/Sb = 0.559902532197445 ; sb = 1741.85787697151
      k =  378 ; sb/Sb = 0.636181027773623 ; sb = 1979.1604264732
      k =   25 ; sb/Sb = 0.712459523349802 ; sb = 2216.46297597488
      k =  327 ; sb/Sb = 0.856229761674901 ; sb = 2663.73246968086
      Creating new point: f = 0.492047195084245
    i = 104 ; sf/Sf = 0.89160063292713 ; sf = 2196.66844689971
      k =   28 ; sb/Sb = 0 ; sb = 0
      k =   27 ; sb/Sb = 0.150012915798694 ; sb = 466.690475583121
      k =  441 ; sb/Sb = 0.278679228421891 ; sb = 866.97162677563
      k =   26 ; sb/Sb = 0.407345541045087 ; sb = 1267.25277796814
      k =  365 ; sb/Sb = 0.559902532197445 ; sb = 1741.85787697151
      k =  378 ; sb/Sb = 0.636181027773623 ; sb = 1979.1604264732
      k =   25 ; sb/Sb = 0.712459523349802 ; sb = 2216.46297597488
      k =  327 ; sb/Sb = 0.856229761674901 ; sb = 2663.73246968086
      k =   24 ; sb/Sb = 1 ; sb = 3111.00196338683
      Creating new point: f = 0.246023597542122
Tear 6 : Sf = 620.322496770833 ; Sb = 604.152298679729
  Backwards path
    i = 125 ; sf/Sf = 0.5 ; sf = 310.161248385416
      k =   49 ; sb/Sb = 0 ; sb = 0
      k =  323 ; sb/Sb = 0.5 ; sb = 302.076149339864
      k =   48 ; sb/Sb = 1 ; sb = 604.152298679729
      Creating new point: f = 0
      Point 323 already exists
Tear 7 : Sf = 1194.02680036924 ; Sb = 1154.52628947679
  Backwards path
    i = 247 ; sf/Sf = 0.25 ; sf = 298.50670009231
      k =   46 ; sb/Sb = 0 ; sb = 0
      k =  117 ; sb/Sb = 0.237246151077405 ; sb = 273.906918496047
      k =   45 ; sb/Sb = 0.474492302154809 ; sb = 547.813836992093
      Creating new point: f = 0.0537578749525608
    i = 245 ; sf/Sf = 0.5 ; sf = 597.013400184619
      k =   46 ; sb/Sb = 0 ; sb = 0
      k =  117 ; sb/Sb = 0.237246151077405 ; sb = 273.906918496047
      k =   45 ; sb/Sb = 0.474492302154809 ; sb = 547.813836992093
      k =   76 ; sb/Sb = 0.737246151077405 ; sb = 851.170063234444
      Creating new point: f = 0.0970783033237515
    i = 273 ; sf/Sf = 0.75 ; sf = 895.520100276929
      k =   46 ; sb/Sb = 0 ; sb = 0
      k =  117 ; sb/Sb = 0.237246151077405 ; sb = 273.906918496047
      k =   45 ; sb/Sb = 0.474492302154809 ; sb = 547.813836992093
      k =   76 ; sb/Sb = 0.737246151077405 ; sb = 851.170063234444
      k =   44 ; sb/Sb = 1 ; sb = 1154.52628947679
      Creating new point: f = 0.0485391516618754
Tear 8 : Sf = 1442.23229932662 ; Sb = 1655.90648438717
  Backwards path
    i = 43 ; sf/Sf = 0.0985463327245397 ; sf = 142.126704035519
      k =   42 ; sb/Sb = 0 ; sb = 0
      k =   41 ; sb/Sb = 0.0729693741012576 ; sb = 120.830459735946
      k =  136 ; sb/Sb = 0.277159528824317 ; sb = 458.95026098988
      Creating new point: f = 0.125260488969077
    i = 44 ; sf/Sf = 0.37624063209435 ; sf = 542.626391925535
      k =   42 ; sb/Sb = 0 ; sb = 0
      k =   41 ; sb/Sb = 0.0729693741012576 ; sb = 120.830459735946
      k =  136 ; sb/Sb = 0.277159528824317 ; sb = 458.95026098988
      k =   40 ; sb/Sb = 0.481349683547377 ; sb = 797.070062243814
    i = 47 ; sf/Sf = 0.37624063209435 ; sf = 542.626391925535
      k =   42 ; sb/Sb = 0 ; sb = 0
      k =   41 ; sb/Sb = 0.0729693741012576 ; sb = 120.830459735946
      k =  136 ; sb/Sb = 0.277159528824317 ; sb = 458.95026098988
      k =   40 ; sb/Sb = 0.481349683547377 ; sb = 797.070062243814
      Creating new point: f = 0.48523937603365
    i = 324 ; sf/Sf = 0.58245252132892 ; sf = 840.031839084796
      k =   42 ; sb/Sb = 0 ; sb = 0
      k =   41 ; sb/Sb = 0.0729693741012576 ; sb = 120.830459735946
      k =  136 ; sb/Sb = 0.277159528824317 ; sb = 458.95026098988
      k =   40 ; sb/Sb = 0.481349683547377 ; sb = 797.070062243814
      k =  164 ; sb/Sb = 0.740674841773689 ; sb = 1226.48827331549
      Creating new point: f = 0.38986899101132
    i = 48 ; sf/Sf = 0.788664410563491 ; sf = 1137.43728624406
      k =   42 ; sb/Sb = 0 ; sb = 0
      k =   41 ; sb/Sb = 0.0729693741012576 ; sb = 120.830459735946
      k =  136 ; sb/Sb = 0.277159528824317 ; sb = 458.95026098988
      k =   40 ; sb/Sb = 0.481349683547377 ; sb = 797.070062243814
      k =  164 ; sb/Sb = 0.740674841773689 ; sb = 1226.48827331549
      k =   39 ; sb/Sb = 1 ; sb = 1655.90648438717
    i = 50 ; sf/Sf = 0.788664410563491 ; sf = 1137.43728624406
      k =   42 ; sb/Sb = 0 ; sb = 0
      k =   41 ; sb/Sb = 0.0729693741012576 ; sb = 120.830459735946
      k =  136 ; sb/Sb = 0.277159528824317 ; sb = 458.95026098988
      k =   40 ; sb/Sb = 0.481349683547377 ; sb = 797.070062243814
      k =  164 ; sb/Sb = 0.740674841773689 ; sb = 1226.48827331549
      k =   39 ; sb/Sb = 1 ; sb = 1655.90648438717
      Creating new point: f = 0.185055584726269
Tear 9 : Sf = 602.162768692984 ; Sb = 688.839603971781
  Backwards path
Tear 10 : Sf = 613.921819126833 ; Sb = 414.849370253831
  Backwards path
    i = 166 ; sf/Sf = 0.5 ; sf = 306.960909563417
      k =   37 ; sb/Sb = 0 ; sb = 0
      k =   36 ; sb/Sb = 1 ; sb = 414.849370253831
      Creating new point: f = 0.5
Triangulating...
[1] "Non-adjacent points in rim connected by line: 65 64"
[1] "In triangle: 31" "In triangle: 33"
[1] "Other points in triangles: 452 451"
[1] "Non-adjacent points in rim connected by line: 66 53"
[1] "In triangle: 26" "In triangle: 36"
[1] "Other points in triangles: 450 453"
Merging points...
Projecting to sphere...
Optimising mapping with FIRE...
E =  0.01041 | E_L =  0.01041 | E_A =  0.00000 |   2 flippped triangles
            X1        X2
id    26.00000  957.0000
A     93.44692   39.8523
a  -3642.88664 -944.5972
E =  0.00587 | E_L =  0.00587 | E_A =  0.00000 |  68 flippped triangles
         phi0     phi0.1    phi0.2    phi0.3    phi0.4    phi0.5    phi0.6
id   25.00000   27.00000  28.00000  30.00000 31.000000  33.00000     81.00
A    42.93191   78.64943  71.43504  47.99344  8.500631  17.91740  15662.82
a  -117.37914 -107.12129 -58.40963 -28.12168 -3.726301 -33.78342 -12100.36
      phi0.7    phi0.8    phi0.9   phi0.10   phi0.11   phi0.12   phi0.13
id  107.0000   222.000   228.000    352.00   525.000   532.000  536.0000
A   312.3601  6599.954  4441.741  20038.67  3014.822  5724.450  292.0351
a  -315.8811 -5068.058 -4323.185 -18081.01 -1406.278 -1266.942 -138.6951
     phi0.14   phi0.15   phi0.16   phi0.17   phi0.18   phi0.19   phi0.20
id  549.0000    553.00    554.00    555.00    557.00    561.00    608.00
A   292.0351  34329.21  29274.88  36493.23  23436.07  34148.48  19344.60
a  -303.6159 -28842.43 -25543.37 -19594.34 -18547.72 -28766.10 -16694.32
     phi0.21   phi0.22   phi0.23   phi0.24   phi0.25   phi0.26   phi0.27
id    668.00    671.00   673.000    676.00    695.00    696.00    700.00
A   22961.89  22833.57 27802.944  29822.78  26286.44  23778.15  26286.44
a  -15341.25 -13902.43 -8611.023 -21012.00 -22671.79 -22371.17 -24593.67
     phi0.28   phi0.29   phi0.30   phi0.31   phi0.32   phi0.33   phi0.34
id    711.00   717.000    718.00    721.00    742.00    746.00    750.00
A   45760.18 27341.323  29539.39  31725.19  26922.65  31932.44  33003.07
a  -36740.86 -4419.576 -28596.08 -21531.39 -27692.74 -29666.39 -36779.77
    phi0.35   phi0.36   phi0.37   phi0.38   phi0.39   phi0.40   phi0.41
id   751.00    756.00    759.00   767.000    771.00    772.00    794.00
A  24574.20  27320.99  29368.95 28954.549  25966.12  21749.26  21959.22
a  -6144.64 -12008.63 -10030.35 -7320.068 -20879.64 -15610.26 -18011.81
     phi0.42    phi0.43   phi0.44   phi0.45   phi0.46   phi0.47   phi0.48
id    835.00    836.000    849.00    850.00    852.00    854.00    855.00
A   19930.89   8709.032  43718.07  14930.73  27943.31  49318.68  26994.15
a  -34719.67 -10019.062 -44182.85 -16599.60 -20503.79 -47149.12 -16558.31
     phi0.49   phi0.50   phi0.51   phi0.52   phi0.53   phi0.54   phi0.55
id    857.00    858.00    863.00    866.00  870.0000  873.0000    877.00
A   34732.82  26047.20  28133.10  23503.05  709.1298  398.7971  32375.23
a  -43636.32 -25922.15 -27962.33 -22290.59 -725.5767 -592.2724 -35018.46
     phi0.56   phi0.57   phi0.58   phi0.59   phi0.60   phi0.61   phi0.62
id   884.000   886.000  887.0000  896.0000    904.00   906.000    922.00
A   9632.652  9098.720  721.5738  635.8640  43695.77 20336.095  35679.85
a  -7402.919 -7987.563 -958.5411 -585.5692 -32863.73 -7995.647 -36480.90
     phi0.63   phi0.64   phi0.65   phi0.66    phi0.67
id   925.000    926.00    948.00    949.00 954.000000
A  29162.272  38619.59  46742.95  37564.60  11.998361
a  -8388.932 -25935.89 -43565.41 -34646.64  -6.043312
E =  0.00415 | E_L =  0.00415 | E_A =  0.00000 |  48 flippped triangles
        phi0    phi0.1    phi0.2    phi0.3    phi0.4    phi0.5    phi0.6
id  27.00000  28.00000  29.00000 31.000000  33.00000  34.00000    81.000
A   78.64943  71.43504  34.00253  8.500631  17.91740 136.46889 15662.816
a  -61.03845 -59.39546 -29.12323 -4.282618 -12.40773 -96.52278 -8144.926
      phi0.7    phi0.8    phi0.9   phi0.10   phi0.11   phi0.12   phi0.13
id  107.0000   222.000   228.000    352.00    472.00  549.0000    608.00
A   312.3601  6599.954  4441.741  20038.67  27064.89  292.0351  19344.60
a  -288.0210 -5090.755 -3099.997 -20237.56 -15111.83 -271.3893 -15727.19
     phi0.14   phi0.15   phi0.16   phi0.17   phi0.18   phi0.19   phi0.20
id   676.000    695.00   696.000    700.00    711.00   718.000   721.000
A  29822.777  26286.44 23778.155  26286.44  45760.18 29539.385 31725.190
a  -6230.361 -14681.78 -9524.835 -10590.13 -26935.77 -7202.885  -952.803
     phi0.21   phi0.22   phi0.23   phi0.24   phi0.25   phi0.26   phi0.27
id    742.00    746.00    750.00   751.000    794.00    822.00    835.00
A   26922.65  31932.44  33003.07 24574.204  21959.22  19573.60  19930.89
a  -19010.63 -19238.07 -24758.67 -5679.119 -17093.84 -14970.18 -27128.92
     phi0.28   phi0.29   phi0.30   phi0.31   phi0.32   phi0.33   phi0.34
id   836.000    841.00    849.00    850.00    852.00    854.00    855.00
A   8709.032  36120.64  43718.07  14930.73  27943.31  49318.68  26994.15
a  -5819.590 -21572.76 -31578.15 -11120.73 -15272.34 -32184.11 -14363.53
     phi0.35   phi0.36   phi0.37   phi0.38   phi0.39   phi0.40   phi0.41
id    857.00    858.00    863.00    866.00    877.00   884.000   886.000
A   34732.82  26047.20  28133.10  23503.05  32375.23  9632.652  9098.720
a  -37150.07 -23450.96 -27167.96 -21835.78 -29019.31 -6614.268 -8579.831
     phi0.42   phi0.43   phi0.44   phi0.45   phi0.46   phi0.47
id    904.00    922.00    925.00    926.00    948.00    949.00
A   43695.77  35679.85  29162.27  38619.59  46742.95  37564.60
a  -18242.09 -28028.70 -23144.60 -34085.87 -36003.71 -28393.14
E =  0.00378 | E_L =  0.00378 | E_A =  0.00000 |  47 flippped triangles
        phi0    phi0.1    phi0.2    phi0.3    phi0.4   phi0.5    phi0.6
id  25.00000  27.00000  28.00000  30.00000 31.000000  33.0000    81.000
A   42.93191  78.64943  71.43504  47.99344  8.500631  17.9174 15662.816
a  -35.10544 -97.82128 -65.52471 -20.88472 -2.482375 -20.3426 -7740.319
      phi0.7    phi0.8    phi0.9   phi0.10   phi0.11   phi0.12   phi0.13
id  107.0000   222.000   228.000    352.00    472.00  549.0000    608.00
A   312.3601  6599.954  4441.741  20038.67  27064.89  292.0351  19344.60
a  -294.7165 -2152.744 -4024.135 -20743.38 -16344.44 -284.6296 -17231.48
     phi0.14   phi0.15   phi0.16   phi0.17   phi0.18   phi0.19   phi0.20
id    676.00    695.00    696.00    700.00    711.00   750.000   751.000
A   29822.78  26286.44  23778.15  26286.44  45760.18 33003.074 24574.204
a  -13946.19 -19656.26 -17022.36 -18722.50 -34555.52 -6674.961 -7253.402
     phi0.21   phi0.22   phi0.23   phi0.24   phi0.25   phi0.26   phi0.27
id   767.000    794.00    822.00    835.00   836.000    841.00    849.00
A  28954.549  21959.22  19573.60  19930.89  8709.032  36120.64  43718.07
a  -2968.096 -16673.45 -13408.76 -17502.09 -9271.741 -19374.81 -34665.03
     phi0.28   phi0.29   phi0.30   phi0.31   phi0.32  phi0.33   phi0.34
id    850.00    852.00    854.00    855.00    857.00    858.0    863.00
A   14930.73  27943.31  49318.68  26994.15  34732.82  26047.2  28133.10
a  -14147.71 -12698.41 -38232.70 -18576.93 -38120.77 -21500.6 -26893.75
     phi0.35   phi0.36   phi0.37   phi0.38   phi0.39   phi0.40   phi0.41
id    866.00    877.00   884.000   886.000  887.0000  896.0000    904.00
A   23503.05  32375.23  9632.652  9098.720  721.5738  635.8640  43695.77
a  -22790.38 -30514.15 -7231.074 -8968.257 -213.1366 -116.4446 -22905.47
     phi0.42   phi0.43   phi0.44   phi0.45   phi0.46
id    922.00    925.00    926.00    948.00    949.00
A   35679.85  29162.27  38619.59  46742.95  37564.60
a  -30175.86 -23122.17 -35518.37 -39226.67 -27144.58
E =  0.00362 | E_L =  0.00362 | E_A =  0.00000 |  47 flippped triangles
        phi0    phi0.1    phi0.2    phi0.3    phi0.4    phi0.5    phi0.6
id  27.00000  28.00000  29.00000 31.000000  33.00000  34.00000     81.00
A   78.64943  71.43504  34.00253  8.500631  17.91740 136.46889  15662.82
a  -89.32665 -74.40654 -62.37188 -9.048601 -15.01438 -33.20508 -11122.76
      phi0.7    phi0.8    phi0.9   phi0.10   phi0.11   phi0.12   phi0.13
id   103.000  107.0000  180.0000   222.000   228.000   253.000    352.00
A   6065.323  312.3601  280.8350  6599.954  4441.741  6228.764  20038.67
a  -5103.929 -298.4861 -255.5265 -4282.574 -3693.269 -4599.285 -18599.13
     phi0.14   phi0.15   phi0.16   phi0.17   phi0.18   phi0.19   phi0.20
id    472.00  549.0000    608.00    676.00    695.00    696.00    700.00
A   27064.89  292.0351  19344.60  29822.78  26286.44  23778.15  26286.44
a  -11649.27 -286.2780 -16039.08 -10257.98 -17000.81 -13850.51 -15273.43
     phi0.21   phi0.22   phi0.23   phi0.24   phi0.25   phi0.26   phi0.27
id    711.00   750.000   751.000    794.00   822.000    835.00   836.000
A   45760.18 33003.074 24574.204  21959.22 19573.601  19930.89  8709.032
a  -30114.26 -2504.949 -2180.619 -18784.19 -9815.423 -13830.32 -9048.043
     phi0.28   phi0.29   phi0.30   phi0.31   phi0.32   phi0.33   phi0.34
id    841.00    849.00    850.00    852.00    854.00    855.00    857.00
A   36120.64  43718.07  14930.73  27943.31  49318.68  26994.15  34732.82
a  -14091.20 -32738.36 -14499.86 -11614.96 -33330.45 -15915.61 -37367.22
    phi0.35   phi0.36   phi0.37   phi0.38   phi0.39  phi0.40   phi0.41
id    858.0    863.00    866.00    877.00   884.000   886.00    904.00
A   26047.2  28133.10  23503.05  32375.23  9632.652  9098.72  43695.77
a  -22335.5 -25896.19 -21939.66 -28288.92 -6552.847 -8155.27 -21114.28
     phi0.42   phi0.43   phi0.44   phi0.45   phi0.46
id    922.00    925.00    926.00    948.00    949.00
A   35679.85  29162.27  38619.59  46742.95  37564.60
a  -29442.22 -18392.83 -35286.00 -38594.42 -25986.64
E =  0.00361 | E_L =  0.00361 | E_A =  0.00000 |  46 flippped triangles
        phi0    phi0.1    phi0.2    phi0.3    phi0.4    phi0.5    phi0.6
id  27.00000  28.00000  29.00000 31.000000  33.00000  34.00000    81.000
A   78.64943  71.43504  34.00253  8.500631  17.91740 136.46889 15662.816
a  -91.99586 -69.91701 -54.08015 -9.419993 -21.70489 -60.78299 -8868.499
      phi0.7    phi0.8    phi0.9   phi0.10   phi0.11   phi0.12   phi0.13
id   103.000  107.0000  180.0000   222.000   228.000   253.000    352.00
A   6065.323  312.3601  280.8350  6599.954  4441.741  6228.764  20038.67
a  -5189.112 -291.8300 -256.4536 -4892.412 -3703.670 -4476.262 -18444.68
     phi0.14   phi0.15   phi0.16   phi0.17   phi0.18   phi0.19   phi0.20
id    472.00  549.0000    608.00    676.00    695.00    696.00    700.00
A   27064.89  292.0351  19344.60  29822.78  26286.44  23778.15  26286.44
a  -13561.71 -280.7443 -15967.12 -12205.16 -18541.70 -15830.52 -17420.49
     phi0.21   phi0.22   phi0.23   phi0.24   phi0.25   phi0.26   phi0.27
id    711.00   751.000    794.00   822.000   835.000   836.000    841.00
A   45760.18 24574.204  21959.22 19573.601 19930.892  8709.032  36120.64
a  -32465.54 -2756.096 -17357.67 -9920.034 -6536.196 -9036.139 -14229.60
     phi0.28   phi0.29   phi0.30   phi0.31   phi0.32   phi0.33   phi0.34
id    849.00    850.00    852.00    854.00    855.00    857.00    858.00
A   43718.07  14930.73  27943.31  49318.68  26994.15  34732.82  26047.20
a  -31765.86 -14482.12 -11556.24 -32727.05 -15775.96 -37639.66 -22104.28
     phi0.35   phi0.36   phi0.37   phi0.38  phi0.39   phi0.40   phi0.41
id    863.00    866.00    877.00   884.000   886.00    904.00    922.00
A   28133.10  23503.05  32375.23  9632.652  9098.72  43695.77  35679.85
a  -25659.31 -21847.12 -29205.97 -6676.194 -8463.47 -21964.80 -30149.45
     phi0.42   phi0.43   phi0.44   phi0.45
id    925.00    926.00    948.00    949.00
A   29162.27  38619.59  46742.95  37564.60
a  -19839.80 -35882.18 -39301.91 -26625.55
E =  0.00361 | E_L =  0.00361 | E_A =  0.00000 |  46 flippped triangles
        phi0    phi0.1    phi0.2    phi0.3    phi0.4    phi0.5    phi0.6
id  27.00000  28.00000  29.00000 31.000000  33.00000  34.00000    81.000
A   78.64943  71.43504  34.00253  8.500631  17.91740 136.46889 15662.816
a  -90.80702 -69.25070 -61.76856 -9.385012 -19.31924 -67.97613 -9805.609
      phi0.7    phi0.8    phi0.9   phi0.10   phi0.11   phi0.12   phi0.13
id   103.000  107.0000  180.0000   222.000   228.000   253.000    352.00
A   6065.323  312.3601  280.8350  6599.954  4441.741  6228.764  20038.67
a  -5136.599 -291.3981 -258.8172 -4402.229 -3669.283 -4396.515 -18883.60
     phi0.14   phi0.15   phi0.16   phi0.17   phi0.18   phi0.19   phi0.20
id    472.00  549.0000    608.00    676.00    695.00    696.00    700.00
A   27064.89  292.0351  19344.60  29822.78  26286.44  23778.15  26286.44
a  -13104.76 -280.8158 -16025.55 -10927.06 -17797.90 -15258.22 -16763.02
     phi0.21   phi0.22   phi0.23   phi0.24   phi0.25   phi0.26   phi0.27
id    711.00   751.000    794.00   822.000    835.00   836.000    841.00
A   45760.18 24574.204  21959.22 19573.601  19930.89  8709.032  36120.64
a  -31208.16 -2309.087 -18018.17 -9760.736 -10236.01 -9179.732 -13984.52
     phi0.28   phi0.29   phi0.30   phi0.31   phi0.32   phi0.33   phi0.34
id    849.00    850.00    852.00    854.00    855.00    857.00    858.00
A   43718.07  14930.73  27943.31  49318.68  26994.15  34732.82  26047.20
a  -31828.22 -14778.07 -11591.47 -32555.33 -15847.06 -37666.02 -22123.58
     phi0.35   phi0.36   phi0.37   phi0.38   phi0.39   phi0.40   phi0.41
id    863.00    866.00    877.00   884.000   886.000    904.00    922.00
A   28133.10  23503.05  32375.23  9632.652  9098.720  43695.77  35679.85
a  -25430.75 -21493.50 -28543.12 -6493.511 -8383.066 -21791.72 -30264.94
     phi0.42   phi0.43   phi0.44   phi0.45
id    925.00    926.00    948.00    949.00
A   29162.27  38619.59  46742.95  37564.60
a  -19456.60 -35962.76 -39566.28 -26571.82
FIRE:  13  stops.  13 hits of maxmove.  0 hits of dtmax.
Frms = 0.000419905828450205; Ftanrms = 0.000419905787786467
E =  0.03276 | E_L =  0.00681 | E_A =  0.02595 |   1 flippped triangles
        phi0
id  30.00000
A   47.99344
a  -72.02422
FIRE:  9  stops.  4 hits of maxmove.  0 hits of dtmax.
Frms = 9.0025750592047e-06; Ftanrms = 9.00185489737502e-06
E =  0.00675 | E_L =  0.00674 | E_A =  0.00001 |   0 flippped triangles
E =  0.00453 | E_L =  0.00451 | E_A =  0.00002 |   0 flippped triangles
E =  0.00451 | E_L =  0.00451 | E_A =  0.00000 |   0 flippped triangles
Optimising mapping with BFGS...
E =  0.00397 | E_L =  0.00396 | E_A =  0.00001 |   0 flippped triangles
E =  0.00382 | E_L =  0.00382 | E_A =  0.00000 |   0 flippped triangles
E =  0.00382 | E_L =  0.00382 | E_A =  0.00000 |   0 flippped triangles
Transforming image...
Mapping optimised. Error: 0.003822407 ; 0 flipped triangles.
Inferring coordinates of datapoints
Inferring coordinates of landmarks
Mapping optimised. Error: 0.003822407 ; 0 flipped triangles. OD displacement: 12.01836 degrees.
Computing Kernel Density estimates of datapoints

[1] 0.725
Saving developmental_retina/data/C57BL6J/P2/ML/GM367-6/R-CONTRA/r.mat
