[1] "Adding old segment 1"
[1] "Adding old segment 3"
[1] "Adding old segment 4"
[1] "Adding old segment 5"
[1] "Storing new segment 1"
[1] "Adding old segment 2"
[1] "Storing new segment 2"
simplify.outline: Removing vertex 39
simplify.outline: Removing vertex 95
simplify.outline: Removing vertex 105
Triangulating...
[1] "Non-adjacent points in rim connected by line: 19 17"
[1] "In triangle: 129" "In triangle: 130"
[1] "Other points in triangles: 18 149"
[1] "Non-adjacent points in rim connected by line: 23 21"
[1] "In triangle: 147" "In triangle: 606"
[1] "Other points in triangles: 22 359"
[1] "Non-adjacent points in rim connected by line: 61 59"
[1] "In triangle: 93" "In triangle: 97"
[1] "Other points in triangles: 60 128"
[1] "Non-adjacent points in rim connected by line: 463 460"
[1] "In triangle: 805" "In triangle: 807"
[1] "Other points in triangles: 464 100"
Stitching...
Tear 1 child of rim
Tear 2 child of rim
Tear 3 child of backward side of tear 4
Tear 4 child of rim
Tear 5 child of rim
Tear 6 child of rim
Tear 1 : Sf = 2246.24466353538 ; Sb = 2054.20188529128
  Forwards path
    i = 65 ; sf/Sf = 0.0347702536713613 ; sf = 78.1024967590665
      k =   64 ; sb/Sb = 0 ; sb = 0
      k =   63 ; sb/Sb = 0.04354134797579 ; sb = 89.4427190999916
      Creating new point: f = 0.798557125302927
    i = 66 ; sf/Sf = 0.177299790666564 ; sf = 398.258708630709
      k =   64 ; sb/Sb = 0 ; sb = 0
      k =   63 ; sb/Sb = 0.04354134797579 ; sb = 89.4427190999916
      k =   62 ; sb/Sb = 0.0719268340207435 ; sb = 147.752238048445
      k =   61 ; sb/Sb = 0.141626999159313 ; sb = 290.930448681208
      k =   60 ; sb/Sb = 0.20262375014012 ; sb = 416.230089542625
      Creating new point: f = 0.584831010400467
    i = 67 ; sf/Sf = 0.318782584950077 ; sf = 716.063680272123
      k =   64 ; sb/Sb = 0 ; sb = 0
      k =   63 ; sb/Sb = 0.04354134797579 ; sb = 89.4427190999916
      k =   62 ; sb/Sb = 0.0719268340207435 ; sb = 147.752238048445
      k =   61 ; sb/Sb = 0.141626999159313 ; sb = 290.930448681208
      k =   60 ; sb/Sb = 0.20262375014012 ; sb = 416.230089542625
      k =   59 ; sb/Sb = 0.2756448105695 ; sb = 566.230089542625
      k =   58 ; sb/Sb = 0.386653902057843 ; sb = 794.265174562452
      Creating new point: f = 0.388596769888052
    i = 68 ; sf/Sf = 0.402780390578324 ; sf = 904.743302913255
      k =   64 ; sb/Sb = 0 ; sb = 0
      k =   63 ; sb/Sb = 0.04354134797579 ; sb = 89.4427190999916
      k =   62 ; sb/Sb = 0.0719268340207435 ; sb = 147.752238048445
      k =   61 ; sb/Sb = 0.141626999159313 ; sb = 290.930448681208
      k =   60 ; sb/Sb = 0.20262375014012 ; sb = 416.230089542625
      k =   59 ; sb/Sb = 0.2756448105695 ; sb = 566.230089542625
      k =   58 ; sb/Sb = 0.386653902057843 ; sb = 794.265174562452
      k =   57 ; sb/Sb = 0.514434962355582 ; sb = 1056.75326953059
      Creating new point: f = 0.126204059372378
    i = 69 ; sf/Sf = 0.41273508524627 ; sf = 927.103982688253
      k =   64 ; sb/Sb = 0 ; sb = 0
      k =   63 ; sb/Sb = 0.04354134797579 ; sb = 89.4427190999916
      k =   62 ; sb/Sb = 0.0719268340207435 ; sb = 147.752238048445
      k =   61 ; sb/Sb = 0.141626999159313 ; sb = 290.930448681208
      k =   60 ; sb/Sb = 0.20262375014012 ; sb = 416.230089542625
      k =   59 ; sb/Sb = 0.2756448105695 ; sb = 566.230089542625
      k =   58 ; sb/Sb = 0.386653902057843 ; sb = 794.265174562452
      k =   57 ; sb/Sb = 0.514434962355582 ; sb = 1056.75326953059
      Creating new point: f = 0.20410836416333
    i = 109 ; sf/Sf = 0.451369690014551 ; sf = 1013.8867574768
      k =   64 ; sb/Sb = 0 ; sb = 0
      k =   63 ; sb/Sb = 0.04354134797579 ; sb = 89.4427190999916
      k =   62 ; sb/Sb = 0.0719268340207435 ; sb = 147.752238048445
      k =   61 ; sb/Sb = 0.141626999159313 ; sb = 290.930448681208
      k =   60 ; sb/Sb = 0.20262375014012 ; sb = 416.230089542625
      k =   59 ; sb/Sb = 0.2756448105695 ; sb = 566.230089542625
      k =   58 ; sb/Sb = 0.386653902057843 ; sb = 794.265174562452
      k =   57 ; sb/Sb = 0.514434962355582 ; sb = 1056.75326953059
      Creating new point: f = 0.506458373454688
    i = 108 ; sf/Sf = 0.490004294782832 ; sf = 1100.66953226535
      k =   64 ; sb/Sb = 0 ; sb = 0
      k =   63 ; sb/Sb = 0.04354134797579 ; sb = 89.4427190999916
      k =   62 ; sb/Sb = 0.0719268340207435 ; sb = 147.752238048445
      k =   61 ; sb/Sb = 0.141626999159313 ; sb = 290.930448681208
      k =   60 ; sb/Sb = 0.20262375014012 ; sb = 416.230089542625
      k =   59 ; sb/Sb = 0.2756448105695 ; sb = 566.230089542625
      k =   58 ; sb/Sb = 0.386653902057843 ; sb = 794.265174562452
      k =   57 ; sb/Sb = 0.514434962355582 ; sb = 1056.75326953059
      Creating new point: f = 0.808808382746045
    i = 70 ; sf/Sf = 0.567273504319393 ; sf = 1274.23508184245
      k =   64 ; sb/Sb = 0 ; sb = 0
      k =   63 ; sb/Sb = 0.04354134797579 ; sb = 89.4427190999916
      k =   62 ; sb/Sb = 0.0719268340207435 ; sb = 147.752238048445
      k =   61 ; sb/Sb = 0.141626999159313 ; sb = 290.930448681208
      k =   60 ; sb/Sb = 0.20262375014012 ; sb = 416.230089542625
      k =   59 ; sb/Sb = 0.2756448105695 ; sb = 566.230089542625
      k =   58 ; sb/Sb = 0.386653902057843 ; sb = 794.265174562452
      k =   57 ; sb/Sb = 0.514434962355582 ; sb = 1056.75326953059
      k =   56 ; sb/Sb = 0.687097133274128 ; sb = 1411.43622654995
      Creating new point: f = 0.306022689757204
    i = 71 ; sf/Sf = 0.780963494458101 ; sf = 1754.23508184245
      k =   64 ; sb/Sb = 0 ; sb = 0
      k =   63 ; sb/Sb = 0.04354134797579 ; sb = 89.4427190999916
      k =   62 ; sb/Sb = 0.0719268340207435 ; sb = 147.752238048445
      k =   61 ; sb/Sb = 0.141626999159313 ; sb = 290.930448681208
      k =   60 ; sb/Sb = 0.20262375014012 ; sb = 416.230089542625
      k =   59 ; sb/Sb = 0.2756448105695 ; sb = 566.230089542625
      k =   58 ; sb/Sb = 0.386653902057843 ; sb = 794.265174562452
      k =   57 ; sb/Sb = 0.514434962355582 ; sb = 1056.75326953059
      k =   56 ; sb/Sb = 0.687097133274128 ; sb = 1411.43622654995
      k =   55 ; sb/Sb = 0.814878193571867 ; sb = 1673.92432151808
      Creating new point: f = 0.734587433890893
    i = 72 ; sf/Sf = 0.925906036651866 ; sf = 2079.81149376444
      k =   64 ; sb/Sb = 0 ; sb = 0
      k =   63 ; sb/Sb = 0.04354134797579 ; sb = 89.4427190999916
      k =   62 ; sb/Sb = 0.0719268340207435 ; sb = 147.752238048445
      k =   61 ; sb/Sb = 0.141626999159313 ; sb = 290.930448681208
      k =   60 ; sb/Sb = 0.20262375014012 ; sb = 416.230089542625
      k =   59 ; sb/Sb = 0.2756448105695 ; sb = 566.230089542625
      k =   58 ; sb/Sb = 0.386653902057843 ; sb = 794.265174562452
      k =   57 ; sb/Sb = 0.514434962355582 ; sb = 1056.75326953059
      k =   56 ; sb/Sb = 0.687097133274128 ; sb = 1411.43622654995
      k =   55 ; sb/Sb = 0.814878193571867 ; sb = 1673.92432151808
      k =   54 ; sb/Sb = 0.912239607477706 ; sb = 1873.92432151808
      k =   53 ; sb/Sb = 1 ; sb = 2054.20188529128
      Creating new point: f = 0.155724339663681
Tear 2 : Sf = 2104.32826683701 ; Sb = 1225.99930251417
  Forwards path
    i = 93 ; sf/Sf = 0.0570253234208418 ; sf = 120
      k =   92 ; sb/Sb = 0 ; sb = 0
      k =   91 ; sb/Sb = 0.115351905949126 ; sb = 141.42135623731
      Creating new point: f = 0.4943596115871
    i = 94 ; sf/Sf = 0.141634241598454 ; sf = 298.044938147649
      k =   92 ; sb/Sb = 0 ; sb = 0
      k =   91 ; sb/Sb = 0.115351905949126 ; sb = 141.42135623731
      k =   90 ; sb/Sb = 0.254253994482162 ; sb = 311.715219896574
      Creating new point: f = 0.189214834182111
    i = 95 ; sf/Sf = 0.203411675304366 ; sf = 428.044938147649
      k =   92 ; sb/Sb = 0 ; sb = 0
      k =   91 ; sb/Sb = 0.115351905949126 ; sb = 141.42135623731
      k =   90 ; sb/Sb = 0.254253994482162 ; sb = 311.715219896574
      Creating new point: f = 0.633970088464835
    i = 267 ; sf/Sf = 0.35526093334131 ; sf = 747.585624133017
      k =   92 ; sb/Sb = 0 ; sb = 0
      k =   91 ; sb/Sb = 0.115351905949126 ; sb = 141.42135623731
      k =   90 ; sb/Sb = 0.254253994482162 ; sb = 311.715219896574
      k =   89 ; sb/Sb = 0.411149549171509 ; sb = 504.069060513287
      Creating new point: f = 0.64378458050734
    i = 218 ; sf/Sf = 0.507110191378254 ; sf = 1067.12631011839
      k =   92 ; sb/Sb = 0 ; sb = 0
      k =   91 ; sb/Sb = 0.115351905949126 ; sb = 141.42135623731
      k =   90 ; sb/Sb = 0.254253994482162 ; sb = 311.715219896574
      k =   89 ; sb/Sb = 0.411149549171509 ; sb = 504.069060513287
      k =   88 ; sb/Sb = 0.55545473740998 ; sb = 680.987120642828
      Creating new point: f = 0.664984006314213
    i = 96 ; sf/Sf = 0.810808707452142 ; sf = 1706.20768208912
      k =   92 ; sb/Sb = 0 ; sb = 0
      k =   91 ; sb/Sb = 0.115351905949126 ; sb = 141.42135623731
      k =   90 ; sb/Sb = 0.254253994482162 ; sb = 311.715219896574
      k =   89 ; sb/Sb = 0.411149549171509 ; sb = 504.069060513287
      k =   88 ; sb/Sb = 0.55545473740998 ; sb = 680.987120642828
      k =   87 ; sb/Sb = 0.754081207048532 ; sb = 924.503033880547
      k =   86 ; sb/Sb = 1 ; sb = 1225.99930251417
      Creating new point: f = 0.230675743495557
Tear 3 : Sf = 1084.52754690695 ; Sb = 1141.39620268714
  Forwards path
    i = 418 ; sf/Sf = 0.5 ; sf = 542.263773453474
      k =  103 ; sb/Sb = 0 ; sb = 0
      k =  102 ; sb/Sb = 0.184817708873272 ; sb = 210.95023109729
      k =  101 ; sb/Sb = 0.419905364385233 ; sb = 479.278388397265
      k =  463 ; sb/Sb = 0.775713289217793 ; sb = 885.396202687139
      Creating new point: f = 0.225106384722764
    i = 455 ; sf/Sf = 0.75 ; sf = 813.39566018021
      k =  103 ; sb/Sb = 0 ; sb = 0
      k =  102 ; sb/Sb = 0.184817708873272 ; sb = 210.95023109729
      k =  101 ; sb/Sb = 0.419905364385233 ; sb = 479.278388397265
      k =  463 ; sb/Sb = 0.775713289217793 ; sb = 885.396202687139
      Creating new point: f = 0.927732668602327
Tear 4 : Sf = 2063.55132237195 ; Sb = 2074.03621886617
  Forwards path
    i = 6 ; sf/Sf = 0.106722402814926 ; sf = 220.227155455452
      k =    5 ; sb/Sb = 0 ; sb = 0
      k =    4 ; sb/Sb = 0.0931189520228632 ; sb = 193.13207915828
      k =    3 ; sb/Sb = 0.223389156209476 ; sb = 463.317200880406
      Creating new point: f = 0.104424882704381
    i = 7 ; sf/Sf = 0.297633240747957 ; sf = 614.181467527297
      k =    5 ; sb/Sb = 0 ; sb = 0
      k =    4 ; sb/Sb = 0.0931189520228632 ; sb = 193.13207915828
      k =    3 ; sb/Sb = 0.223389156209476 ; sb = 463.317200880406
      k =    2 ; sb/Sb = 0.333336650349423 ; sb = 691.352285900233
      Creating new point: f = 0.675268546311564
    i = 8 ; sf/Sf = 0.432017343275869 ; sf = 891.489960004538
      k =    5 ; sb/Sb = 0 ; sb = 0
      k =    4 ; sb/Sb = 0.0931189520228632 ; sb = 193.13207915828
      k =    3 ; sb/Sb = 0.223389156209476 ; sb = 463.317200880406
      k =    2 ; sb/Sb = 0.333336650349423 ; sb = 691.352285900233
      k =    1 ; sb/Sb = 0.424308843083974 ; sb = 880.031908541365
      k =  104 ; sb/Sb = 0.648029290250739 ; sb = 1344.03621886617
      Creating new point: f = 0.0344559484370667
    i = 9 ; sf/Sf = 0.481910118073216 ; sf = 994.446261414408
      k =    5 ; sb/Sb = 0 ; sb = 0
      k =    4 ; sb/Sb = 0.0931189520228632 ; sb = 193.13207915828
      k =    3 ; sb/Sb = 0.223389156209476 ; sb = 463.317200880406
      k =    2 ; sb/Sb = 0.333336650349423 ; sb = 691.352285900233
      k =    1 ; sb/Sb = 0.424308843083974 ; sb = 880.031908541365
      k =  104 ; sb/Sb = 0.648029290250739 ; sb = 1344.03621886617
      Creating new point: f = 0.257469872417629
    i = 10 ; sf/Sf = 0.57883041166209 ; sf = 1194.44626141441
      k =    5 ; sb/Sb = 0 ; sb = 0
      k =    4 ; sb/Sb = 0.0931189520228632 ; sb = 193.13207915828
      k =    3 ; sb/Sb = 0.223389156209476 ; sb = 463.317200880406
      k =    2 ; sb/Sb = 0.333336650349423 ; sb = 691.352285900233
      k =    1 ; sb/Sb = 0.424308843083974 ; sb = 880.031908541365
      k =  104 ; sb/Sb = 0.648029290250739 ; sb = 1344.03621886617
      Creating new point: f = 0.690690415359904
    i = 11 ; sf/Sf = 0.614109931053507 ; sf = 1267.24736030721
      k =    5 ; sb/Sb = 0 ; sb = 0
      k =    4 ; sb/Sb = 0.0931189520228632 ; sb = 193.13207915828
      k =    3 ; sb/Sb = 0.223389156209476 ; sb = 463.317200880406
      k =    2 ; sb/Sb = 0.333336650349423 ; sb = 691.352285900233
      k =    1 ; sb/Sb = 0.424308843083974 ; sb = 880.031908541365
      k =  104 ; sb/Sb = 0.648029290250739 ; sb = 1344.03621886617
      Creating new point: f = 0.848385073305581
    i = 112 ; sf/Sf = 0.738167906847267 ; sf = 1523.24736030721
      k =    5 ; sb/Sb = 0 ; sb = 0
      k =    4 ; sb/Sb = 0.0931189520228632 ; sb = 193.13207915828
      k =    3 ; sb/Sb = 0.223389156209476 ; sb = 463.317200880406
      k =    2 ; sb/Sb = 0.333336650349423 ; sb = 691.352285900233
      k =    1 ; sb/Sb = 0.424308843083974 ; sb = 880.031908541365
      k =  104 ; sb/Sb = 0.648029290250739 ; sb = 1344.03621886617
      k =  100 ; sb/Sb = 0.648029290250739 ; sb = 1344.03621886617
      k =  460 ; sb/Sb = 0.82401464512537 ; sb = 1709.03621886617
      Creating new point: f = 0.512193850793671
    i = 110 ; sf/Sf = 0.862225882641026 ; sf = 1779.24736030721
      k =    5 ; sb/Sb = 0 ; sb = 0
      k =    4 ; sb/Sb = 0.0931189520228632 ; sb = 193.13207915828
      k =    3 ; sb/Sb = 0.223389156209476 ; sb = 463.317200880406
      k =    2 ; sb/Sb = 0.333336650349423 ; sb = 691.352285900233
      k =    1 ; sb/Sb = 0.424308843083974 ; sb = 880.031908541365
      k =  104 ; sb/Sb = 0.648029290250739 ; sb = 1344.03621886617
      k =  100 ; sb/Sb = 0.648029290250739 ; sb = 1344.03621886617
      k =  460 ; sb/Sb = 0.82401464512537 ; sb = 1709.03621886617
      k =   99 ; sb/Sb = 1 ; sb = 2074.03621886617
      Creating new point: f = 0.217127371438822
Tear 5 : Sf = 3396.37743978463 ; Sb = 2888.38441824571
  Forwards path
    i = 32 ; sf/Sf = 0.0364191468591234 ; sf = 123.69316876853
      k =   31 ; sb/Sb = 0 ; sb = 0
      k =  456 ; sb/Sb = 0.0899657703324517 ; sb = 259.855729203726
      Creating new point: f = 0.404811149001929
    i = 33 ; sf/Sf = 0.0785753009295152 ; sf = 266.871379401293
      k =   31 ; sb/Sb = 0 ; sb = 0
      k =  456 ; sb/Sb = 0.0899657703324517 ; sb = 259.855729203726
      Creating new point: f = 0.873391075729745
    i = 34 ; sf/Sf = 0.173936520510155 ; sf = 590.754074215326
      k =   31 ; sb/Sb = 0 ; sb = 0
      k =  456 ; sb/Sb = 0.0899657703324517 ; sb = 259.855729203726
      k =   30 ; sb/Sb = 0.179931540664903 ; sb = 519.711458407451
      Creating new point: f = 0.93336332104316
    i = 35 ; sf/Sf = 0.227665200300384 ; sf = 773.236950124273
      k =   31 ; sb/Sb = 0 ; sb = 0
      k =  456 ; sb/Sb = 0.0899657703324517 ; sb = 259.855729203726
      k =   30 ; sb/Sb = 0.179931540664903 ; sb = 519.711458407451
      k =   29 ; sb/Sb = 0.272118209943368 ; sb = 785.981997521338
      Creating new point: f = 0.517793516232741
    i = 36 ; sf/Sf = 0.248484640828507 ; sf = 843.947628242928
      k =   31 ; sb/Sb = 0 ; sb = 0
      k =  456 ; sb/Sb = 0.0899657703324517 ; sb = 259.855729203726
      k =   30 ; sb/Sb = 0.179931540664903 ; sb = 519.711458407451
      k =   29 ; sb/Sb = 0.272118209943368 ; sb = 785.981997521338
      Creating new point: f = 0.743633550275349
    i = 37 ; sf/Sf = 0.317220331939852 ; sf = 1077.3999788415
      k =   31 ; sb/Sb = 0 ; sb = 0
      k =  456 ; sb/Sb = 0.0899657703324517 ; sb = 259.855729203726
      k =   30 ; sb/Sb = 0.179931540664903 ; sb = 519.711458407451
      k =   29 ; sb/Sb = 0.272118209943368 ; sb = 785.981997521338
      k =   28 ; sb/Sb = 0.310826145829165 ; sb = 897.785396396328
      k =   27 ; sb/Sb = 0.36886223863021 ; sb = 1065.41594253873
      Creating new point: f = 0.11017602671164
    i = 38 ; sf/Sf = 0.428521614006043 ; sf = 1455.42114227022
      k =   31 ; sb/Sb = 0 ; sb = 0
      k =  456 ; sb/Sb = 0.0899657703324517 ; sb = 259.855729203726
      k =   30 ; sb/Sb = 0.179931540664903 ; sb = 519.711458407451
      k =   29 ; sb/Sb = 0.272118209943368 ; sb = 785.981997521338
      k =   28 ; sb/Sb = 0.310826145829165 ; sb = 897.785396396328
      k =   27 ; sb/Sb = 0.36886223863021 ; sb = 1065.41594253873
      k =   26 ; sb/Sb = 0.48158144936454 ; sb = 1390.99235446072
      Creating new point: f = 0.529274246928899
    i = 39 ; sf/Sf = 0.453677839710625 ; sf = 1540.86117972339
      k =   31 ; sb/Sb = 0 ; sb = 0
      k =  456 ; sb/Sb = 0.0899657703324517 ; sb = 259.855729203726
      k =   30 ; sb/Sb = 0.179931540664903 ; sb = 519.711458407451
      k =   29 ; sb/Sb = 0.272118209943368 ; sb = 785.981997521338
      k =   28 ; sb/Sb = 0.310826145829165 ; sb = 897.785396396328
      k =   27 ; sb/Sb = 0.36886223863021 ; sb = 1065.41594253873
      k =   26 ; sb/Sb = 0.48158144936454 ; sb = 1390.99235446072
      Creating new point: f = 0.752450274694689
    i = 40 ; sf/Sf = 0.544999035273944 ; sf = 1851.02242810881
      k =   31 ; sb/Sb = 0 ; sb = 0
      k =  456 ; sb/Sb = 0.0899657703324517 ; sb = 259.855729203726
      k =   30 ; sb/Sb = 0.179931540664903 ; sb = 519.711458407451
      k =   29 ; sb/Sb = 0.272118209943368 ; sb = 785.981997521338
      k =   28 ; sb/Sb = 0.310826145829165 ; sb = 897.785396396328
      k =   27 ; sb/Sb = 0.36886223863021 ; sb = 1065.41594253873
      k =   26 ; sb/Sb = 0.48158144936454 ; sb = 1390.99235446072
      k =   25 ; sb/Sb = 0.615221964413025 ; sb = 1776.9975357731
      Creating new point: f = 0.474538622410997
    i = 41 ; sf/Sf = 0.646695129688384 ; sf = 2196.42074889222
      k =   31 ; sb/Sb = 0 ; sb = 0
      k =  456 ; sb/Sb = 0.0899657703324517 ; sb = 259.855729203726
      k =   30 ; sb/Sb = 0.179931540664903 ; sb = 519.711458407451
      k =   29 ; sb/Sb = 0.272118209943368 ; sb = 785.981997521338
      k =   28 ; sb/Sb = 0.310826145829165 ; sb = 897.785396396328
      k =   27 ; sb/Sb = 0.36886223863021 ; sb = 1065.41594253873
      k =   26 ; sb/Sb = 0.48158144936454 ; sb = 1390.99235446072
      k =   25 ; sb/Sb = 0.615221964413025 ; sb = 1776.9975357731
      k =   24 ; sb/Sb = 0.773763923987901 ; sb = 2234.92766144731
      Creating new point: f = 0.198516313030022
    i = 42 ; sf/Sf = 0.764246639387159 ; sf = 2595.67004444576
      k =   31 ; sb/Sb = 0 ; sb = 0
      k =  456 ; sb/Sb = 0.0899657703324517 ; sb = 259.855729203726
      k =   30 ; sb/Sb = 0.179931540664903 ; sb = 519.711458407451
      k =   29 ; sb/Sb = 0.272118209943368 ; sb = 785.981997521338
      k =   28 ; sb/Sb = 0.310826145829165 ; sb = 897.785396396328
      k =   27 ; sb/Sb = 0.36886223863021 ; sb = 1065.41594253873
      k =   26 ; sb/Sb = 0.48158144936454 ; sb = 1390.99235446072
      k =   25 ; sb/Sb = 0.615221964413025 ; sb = 1776.9975357731
      k =   24 ; sb/Sb = 0.773763923987901 ; sb = 2234.92766144731
      Creating new point: f = 0.939969932084464
    i = 43 ; sf/Sf = 0.884531846658533 ; sf = 3004.20400876207
      k =   31 ; sb/Sb = 0 ; sb = 0
      k =  456 ; sb/Sb = 0.0899657703324517 ; sb = 259.855729203726
      k =   30 ; sb/Sb = 0.179931540664903 ; sb = 519.711458407451
      k =   29 ; sb/Sb = 0.272118209943368 ; sb = 785.981997521338
      k =   28 ; sb/Sb = 0.310826145829165 ; sb = 897.785396396328
      k =   27 ; sb/Sb = 0.36886223863021 ; sb = 1065.41594253873
      k =   26 ; sb/Sb = 0.48158144936454 ; sb = 1390.99235446072
      k =   25 ; sb/Sb = 0.615221964413025 ; sb = 1776.9975357731
      k =   24 ; sb/Sb = 0.773763923987901 ; sb = 2234.92766144731
      k =   23 ; sb/Sb = 0.880418160892451 ; sb = 2542.9860974623
      k =   22 ; sb/Sb = 1 ; sb = 2888.38441824571
      Creating new point: f = 0.0344005895609464
Tear 6 : Sf = 461.297352895144 ; Sb = 274.707675012423
  Forwards path
    i = 80 ; sf/Sf = 0.274207310345194 ; sf = 126.491106406735
      k =   79 ; sb/Sb = 0 ; sb = 0
      k =   78 ; sb/Sb = 0.521202076448315 ; sb = 143.178210632764
      Creating new point: f = 0.526105560080948
    i = 81 ; sf/Sf = 0.782138883779693 ; sf = 360.798596683935
      k =   79 ; sb/Sb = 0 ; sb = 0
      k =   78 ; sb/Sb = 0.521202076448315 ; sb = 143.178210632764
      k =   77 ; sb/Sb = 1 ; sb = 274.707675012423
      Creating new point: f = 0.544983164078427
Tear 1 : Sf = 2054.20188529128 ; Sb = 2246.24466353538
  Backwards path
    i = 63 ; sf/Sf = 0.04354134797579 ; sf = 89.4427190999916
      k =   64 ; sb/Sb = 0 ; sb = 0
      k =   65 ; sb/Sb = 0.0347702536713613 ; sb = 78.1024967590665
      k =   66 ; sb/Sb = 0.177299790666564 ; sb = 398.258708630709
      Creating new point: f = 0.0615387833942372
    i = 62 ; sf/Sf = 0.0719268340207435 ; sf = 147.752238048445
      k =   64 ; sb/Sb = 0 ; sb = 0
      k =   65 ; sb/Sb = 0.0347702536713613 ; sb = 78.1024967590665
      k =   66 ; sb/Sb = 0.177299790666564 ; sb = 398.258708630709
      Creating new point: f = 0.260693896386072
    i = 61 ; sf/Sf = 0.141626999159313 ; sf = 290.930448681208
      k =   64 ; sb/Sb = 0 ; sb = 0
      k =   65 ; sb/Sb = 0.0347702536713613 ; sb = 78.1024967590665
      k =   66 ; sb/Sb = 0.177299790666564 ; sb = 398.258708630709
      Creating new point: f = 0.749716499054847
    i = 60 ; sf/Sf = 0.20262375014012 ; sf = 416.230089542625
      k =   64 ; sb/Sb = 0 ; sb = 0
      k =   65 ; sb/Sb = 0.0347702536713613 ; sb = 78.1024967590665
      k =   66 ; sb/Sb = 0.177299790666564 ; sb = 398.258708630709
      k =   67 ; sb/Sb = 0.318782584950077 ; sb = 716.063680272123
      Creating new point: f = 0.17898967575386
    i = 59 ; sf/Sf = 0.2756448105695 ; sf = 566.230089542625
      k =   64 ; sb/Sb = 0 ; sb = 0
      k =   65 ; sb/Sb = 0.0347702536713613 ; sb = 78.1024967590665
      k =   66 ; sb/Sb = 0.177299790666564 ; sb = 398.258708630709
      k =   67 ; sb/Sb = 0.318782584950077 ; sb = 716.063680272123
      Creating new point: f = 0.695102329586911
    i = 58 ; sf/Sf = 0.386653902057843 ; sf = 794.265174562452
      k =   64 ; sb/Sb = 0 ; sb = 0
      k =   65 ; sb/Sb = 0.0347702536713613 ; sb = 78.1024967590665
      k =   66 ; sb/Sb = 0.177299790666564 ; sb = 398.258708630709
      k =   67 ; sb/Sb = 0.318782584950077 ; sb = 716.063680272123
      k =   68 ; sb/Sb = 0.402780390578324 ; sb = 904.743302913255
      Creating new point: f = 0.808012978435973
    i = 57 ; sf/Sf = 0.514434962355582 ; sf = 1056.75326953059
      k =   64 ; sb/Sb = 0 ; sb = 0
      k =   65 ; sb/Sb = 0.0347702536713613 ; sb = 78.1024967590665
      k =   66 ; sb/Sb = 0.177299790666564 ; sb = 398.258708630709
      k =   67 ; sb/Sb = 0.318782584950077 ; sb = 716.063680272123
      k =   68 ; sb/Sb = 0.402780390578324 ; sb = 904.743302913255
      k =   69 ; sb/Sb = 0.41273508524627 ; sb = 927.103982688253
      k =  109 ; sb/Sb = 0.451369690014551 ; sb = 1013.8867574768
      k =  108 ; sb/Sb = 0.490004294782832 ; sb = 1100.66953226535
      k =   70 ; sb/Sb = 0.567273504319393 ; sb = 1274.23508184245
      Creating new point: f = 0.316175973835866
    i = 56 ; sf/Sf = 0.687097133274128 ; sf = 1411.43622654995
      k =   64 ; sb/Sb = 0 ; sb = 0
      k =   65 ; sb/Sb = 0.0347702536713613 ; sb = 78.1024967590665
      k =   66 ; sb/Sb = 0.177299790666564 ; sb = 398.258708630709
      k =   67 ; sb/Sb = 0.318782584950077 ; sb = 716.063680272123
      k =   68 ; sb/Sb = 0.402780390578324 ; sb = 904.743302913255
      k =   69 ; sb/Sb = 0.41273508524627 ; sb = 927.103982688253
      k =  109 ; sb/Sb = 0.451369690014551 ; sb = 1013.8867574768
      k =  108 ; sb/Sb = 0.490004294782832 ; sb = 1100.66953226535
      k =   70 ; sb/Sb = 0.567273504319393 ; sb = 1274.23508184245
      k =   71 ; sb/Sb = 0.780963494458101 ; sb = 1754.23508184245
      Creating new point: f = 0.560735806468783
    i = 55 ; sf/Sf = 0.814878193571867 ; sf = 1673.92432151808
      k =   64 ; sb/Sb = 0 ; sb = 0
      k =   65 ; sb/Sb = 0.0347702536713613 ; sb = 78.1024967590665
      k =   66 ; sb/Sb = 0.177299790666564 ; sb = 398.258708630709
      k =   67 ; sb/Sb = 0.318782584950077 ; sb = 716.063680272123
      k =   68 ; sb/Sb = 0.402780390578324 ; sb = 904.743302913255
      k =   69 ; sb/Sb = 0.41273508524627 ; sb = 927.103982688253
      k =  109 ; sb/Sb = 0.451369690014551 ; sb = 1013.8867574768
      k =  108 ; sb/Sb = 0.490004294782832 ; sb = 1100.66953226535
      k =   70 ; sb/Sb = 0.567273504319393 ; sb = 1274.23508184245
      k =   71 ; sb/Sb = 0.780963494458101 ; sb = 1754.23508184245
      k =   72 ; sb/Sb = 0.925906036651866 ; sb = 2079.81149376444
      Creating new point: f = 0.233987196584609
    i = 54 ; sf/Sf = 0.912239607477706 ; sf = 1873.92432151808
      k =   64 ; sb/Sb = 0 ; sb = 0
      k =   65 ; sb/Sb = 0.0347702536713613 ; sb = 78.1024967590665
      k =   66 ; sb/Sb = 0.177299790666564 ; sb = 398.258708630709
      k =   67 ; sb/Sb = 0.318782584950077 ; sb = 716.063680272123
      k =   68 ; sb/Sb = 0.402780390578324 ; sb = 904.743302913255
      k =   69 ; sb/Sb = 0.41273508524627 ; sb = 927.103982688253
      k =  109 ; sb/Sb = 0.451369690014551 ; sb = 1013.8867574768
      k =  108 ; sb/Sb = 0.490004294782832 ; sb = 1100.66953226535
      k =   70 ; sb/Sb = 0.567273504319393 ; sb = 1274.23508184245
      k =   71 ; sb/Sb = 0.780963494458101 ; sb = 1754.23508184245
      k =   72 ; sb/Sb = 0.925906036651866 ; sb = 2079.81149376444
      Creating new point: f = 0.905711401446994
Tear 2 : Sf = 1225.99930251417 ; Sb = 2104.32826683701
  Backwards path
    i = 91 ; sf/Sf = 0.115351905949126 ; sf = 141.42135623731
      k =   92 ; sb/Sb = 0 ; sb = 0
      k =   93 ; sb/Sb = 0.0570253234208418 ; sb = 120
      k =   94 ; sb/Sb = 0.141634241598454 ; sb = 298.044938147649
      Creating new point: f = 0.689366839626112
    i = 90 ; sf/Sf = 0.254253994482162 ; sf = 311.715219896574
      k =   92 ; sb/Sb = 0 ; sb = 0
      k =   93 ; sb/Sb = 0.0570253234208418 ; sb = 120
      k =   94 ; sb/Sb = 0.141634241598454 ; sb = 298.044938147649
      k =   95 ; sb/Sb = 0.203411675304366 ; sb = 428.044938147649
      k =  267 ; sb/Sb = 0.35526093334131 ; sb = 747.585624133017
      Creating new point: f = 0.334820991785334
    i = 89 ; sf/Sf = 0.411149549171509 ; sf = 504.069060513287
      k =   92 ; sb/Sb = 0 ; sb = 0
      k =   93 ; sb/Sb = 0.0570253234208418 ; sb = 120
      k =   94 ; sb/Sb = 0.141634241598454 ; sb = 298.044938147649
      k =   95 ; sb/Sb = 0.203411675304366 ; sb = 428.044938147649
      k =  267 ; sb/Sb = 0.35526093334131 ; sb = 747.585624133017
      k =  218 ; sb/Sb = 0.507110191378254 ; sb = 1067.12631011839
      Creating new point: f = 0.368053269095342
    i = 88 ; sf/Sf = 0.55545473740998 ; sf = 680.987120642828
      k =   92 ; sb/Sb = 0 ; sb = 0
      k =   93 ; sb/Sb = 0.0570253234208418 ; sb = 120
      k =   94 ; sb/Sb = 0.141634241598454 ; sb = 298.044938147649
      k =   95 ; sb/Sb = 0.203411675304366 ; sb = 428.044938147649
      k =  267 ; sb/Sb = 0.35526093334131 ; sb = 747.585624133017
      k =  218 ; sb/Sb = 0.507110191378254 ; sb = 1067.12631011839
      k =   96 ; sb/Sb = 0.810808707452142 ; sb = 1706.20768208912
      Creating new point: f = 0.159185980414748
    i = 87 ; sf/Sf = 0.754081207048532 ; sf = 924.503033880547
      k =   92 ; sb/Sb = 0 ; sb = 0
      k =   93 ; sb/Sb = 0.0570253234208418 ; sb = 120
      k =   94 ; sb/Sb = 0.141634241598454 ; sb = 298.044938147649
      k =   95 ; sb/Sb = 0.203411675304366 ; sb = 428.044938147649
      k =  267 ; sb/Sb = 0.35526093334131 ; sb = 747.585624133017
      k =  218 ; sb/Sb = 0.507110191378254 ; sb = 1067.12631011839
      k =   96 ; sb/Sb = 0.810808707452142 ; sb = 1706.20768208912
      Creating new point: f = 0.813211137357655
Tear 3 : Sf = 1141.39620268714 ; Sb = 1084.52754690695
  Backwards path
    i = 102 ; sf/Sf = 0.184817708873272 ; sf = 210.95023109729
      k =  103 ; sb/Sb = 0 ; sb = 0
      k =  418 ; sb/Sb = 0.5 ; sb = 542.263773453474
      Creating new point: f = 0.369635417746544
    i = 101 ; sf/Sf = 0.419905364385233 ; sf = 479.278388397265
      k =  103 ; sb/Sb = 0 ; sb = 0
      k =  418 ; sb/Sb = 0.5 ; sb = 542.263773453474
      Creating new point: f = 0.839810728770467
    i = 463 ; sf/Sf = 0.775713289217793 ; sf = 885.396202687139
      k =  103 ; sb/Sb = 0 ; sb = 0
      k =  418 ; sb/Sb = 0.5 ; sb = 542.263773453474
      k =  455 ; sb/Sb = 0.75 ; sb = 813.39566018021
      k =  104 ; sb/Sb = 1 ; sb = 1084.52754690695
      Creating new point: f = 0.102853156871171
Tear 4 : Sf = 2074.03621886617 ; Sb = 2063.55132237195
  Backwards path
    i = 4 ; sf/Sf = 0.0931189520228631 ; sf = 193.13207915828
      k =    5 ; sb/Sb = 0 ; sb = 0
      k =    6 ; sb/Sb = 0.106722402814926 ; sb = 220.227155455452
      Creating new point: f = 0.87253425304101
    i = 3 ; sf/Sf = 0.223389156209476 ; sf = 463.317200880406
      k =    5 ; sb/Sb = 0 ; sb = 0
      k =    6 ; sb/Sb = 0.106722402814926 ; sb = 220.227155455452
      k =    7 ; sb/Sb = 0.297633240747957 ; sb = 614.181467527297
      Creating new point: f = 0.611105973121728
    i = 2 ; sf/Sf = 0.333336650349423 ; sf = 691.352285900233
      k =    5 ; sb/Sb = 0 ; sb = 0
      k =    6 ; sb/Sb = 0.106722402814926 ; sb = 220.227155455452
      k =    7 ; sb/Sb = 0.297633240747957 ; sb = 614.181467527297
      k =    8 ; sb/Sb = 0.432017343275869 ; sb = 891.489960004537
      Creating new point: f = 0.265681795166584
    i = 1 ; sf/Sf = 0.424308843083974 ; sf = 880.031908541365
      k =    5 ; sb/Sb = 0 ; sb = 0
      k =    6 ; sb/Sb = 0.106722402814926 ; sb = 220.227155455452
      k =    7 ; sb/Sb = 0.297633240747957 ; sb = 614.181467527297
      k =    8 ; sb/Sb = 0.432017343275869 ; sb = 891.489960004537
      Creating new point: f = 0.942638302843191
    i = 104 ; sf/Sf = 0.648029290250739 ; sf = 1344.03621886617
      k =    5 ; sb/Sb = 0 ; sb = 0
      k =    6 ; sb/Sb = 0.106722402814926 ; sb = 220.227155455452
      k =    7 ; sb/Sb = 0.297633240747957 ; sb = 614.181467527297
      k =    8 ; sb/Sb = 0.432017343275869 ; sb = 891.489960004537
      k =    9 ; sb/Sb = 0.481910118073216 ; sb = 994.446261414407
      k =   10 ; sb/Sb = 0.57883041166209 ; sb = 1194.44626141441
      k =   11 ; sb/Sb = 0.614109931053507 ; sb = 1267.24736030721
      k =  112 ; sb/Sb = 0.738167906847267 ; sb = 1523.24736030721
    i = 100 ; sf/Sf = 0.648029290250739 ; sf = 1344.03621886617
      k =    5 ; sb/Sb = 0 ; sb = 0
      k =    6 ; sb/Sb = 0.106722402814926 ; sb = 220.227155455452
      k =    7 ; sb/Sb = 0.297633240747957 ; sb = 614.181467527297
      k =    8 ; sb/Sb = 0.432017343275869 ; sb = 891.489960004537
      k =    9 ; sb/Sb = 0.481910118073216 ; sb = 994.446261414407
      k =   10 ; sb/Sb = 0.57883041166209 ; sb = 1194.44626141441
      k =   11 ; sb/Sb = 0.614109931053507 ; sb = 1267.24736030721
      k =  112 ; sb/Sb = 0.738167906847267 ; sb = 1523.24736030721
      Creating new point: f = 0.273415384865066
    i = 460 ; sf/Sf = 0.824014645125369 ; sf = 1709.03621886617
      k =    5 ; sb/Sb = 0 ; sb = 0
      k =    6 ; sb/Sb = 0.106722402814926 ; sb = 220.227155455452
      k =    7 ; sb/Sb = 0.297633240747957 ; sb = 614.181467527297
      k =    8 ; sb/Sb = 0.432017343275869 ; sb = 891.489960004537
      k =    9 ; sb/Sb = 0.481910118073216 ; sb = 994.446261414407
      k =   10 ; sb/Sb = 0.57883041166209 ; sb = 1194.44626141441
      k =   11 ; sb/Sb = 0.614109931053507 ; sb = 1267.24736030721
      k =  112 ; sb/Sb = 0.738167906847267 ; sb = 1523.24736030721
      k =  110 ; sb/Sb = 0.862225882641026 ; sb = 1779.24736030721
      Creating new point: f = 0.691988868340224
Tear 5 : Sf = 2888.38441824571 ; Sb = 3396.37743978463
  Backwards path
    i = 456 ; sf/Sf = 0.0899657703324517 ; sf = 259.855729203726
      k =   31 ; sb/Sb = 0 ; sb = 0
      k =   32 ; sb/Sb = 0.0364191468591234 ; sb = 123.69316876853
      k =   33 ; sb/Sb = 0.0785753009295152 ; sb = 266.871379401293
      k =   34 ; sb/Sb = 0.173936520510155 ; sb = 590.754074215326
      Creating new point: f = 0.119445508908413
    i = 30 ; sf/Sf = 0.179931540664903 ; sf = 519.711458407451
      k =   31 ; sb/Sb = 0 ; sb = 0
      k =   32 ; sb/Sb = 0.0364191468591234 ; sb = 123.69316876853
      k =   33 ; sb/Sb = 0.0785753009295152 ; sb = 266.871379401293
      k =   34 ; sb/Sb = 0.173936520510155 ; sb = 590.754074215326
      k =   35 ; sb/Sb = 0.227665200300384 ; sb = 773.236950124273
      Creating new point: f = 0.111579517273725
    i = 29 ; sf/Sf = 0.272118209943368 ; sf = 785.981997521338
      k =   31 ; sb/Sb = 0 ; sb = 0
      k =   32 ; sb/Sb = 0.0364191468591234 ; sb = 123.69316876853
      k =   33 ; sb/Sb = 0.0785753009295152 ; sb = 266.871379401293
      k =   34 ; sb/Sb = 0.173936520510155 ; sb = 590.754074215326
      k =   35 ; sb/Sb = 0.227665200300384 ; sb = 773.236950124273
      k =   36 ; sb/Sb = 0.248484640828507 ; sb = 843.947628242928
      k =   37 ; sb/Sb = 0.317220331939852 ; sb = 1077.3999788415
      Creating new point: f = 0.343832566934936
    i = 28 ; sf/Sf = 0.310826145829164 ; sf = 897.785396396328
      k =   31 ; sb/Sb = 0 ; sb = 0
      k =   32 ; sb/Sb = 0.0364191468591234 ; sb = 123.69316876853
      k =   33 ; sb/Sb = 0.0785753009295152 ; sb = 266.871379401293
      k =   34 ; sb/Sb = 0.173936520510155 ; sb = 590.754074215326
      k =   35 ; sb/Sb = 0.227665200300384 ; sb = 773.236950124273
      k =   36 ; sb/Sb = 0.248484640828507 ; sb = 843.947628242928
      k =   37 ; sb/Sb = 0.317220331939852 ; sb = 1077.3999788415
      Creating new point: f = 0.906974295197973
    i = 27 ; sf/Sf = 0.36886223863021 ; sf = 1065.41594253873
      k =   31 ; sb/Sb = 0 ; sb = 0
      k =   32 ; sb/Sb = 0.0364191468591234 ; sb = 123.69316876853
      k =   33 ; sb/Sb = 0.0785753009295152 ; sb = 266.871379401293
      k =   34 ; sb/Sb = 0.173936520510155 ; sb = 590.754074215326
      k =   35 ; sb/Sb = 0.227665200300384 ; sb = 773.236950124273
      k =   36 ; sb/Sb = 0.248484640828507 ; sb = 843.947628242928
      k =   37 ; sb/Sb = 0.317220331939852 ; sb = 1077.3999788415
      k =   38 ; sb/Sb = 0.428521614006043 ; sb = 1455.42114227022
      Creating new point: f = 0.463983035340482
    i = 26 ; sf/Sf = 0.48158144936454 ; sf = 1390.99235446072
      k =   31 ; sb/Sb = 0 ; sb = 0
      k =   32 ; sb/Sb = 0.0364191468591234 ; sb = 123.69316876853
      k =   33 ; sb/Sb = 0.0785753009295152 ; sb = 266.871379401293
      k =   34 ; sb/Sb = 0.173936520510155 ; sb = 590.754074215326
      k =   35 ; sb/Sb = 0.227665200300384 ; sb = 773.236950124273
      k =   36 ; sb/Sb = 0.248484640828507 ; sb = 843.947628242928
      k =   37 ; sb/Sb = 0.317220331939852 ; sb = 1077.3999788415
      k =   38 ; sb/Sb = 0.428521614006043 ; sb = 1455.42114227022
      k =   39 ; sb/Sb = 0.453677839710626 ; sb = 1540.86117972339
      k =   40 ; sb/Sb = 0.544999035273944 ; sb = 1851.02242810881
      Creating new point: f = 0.305554581078248
    i = 25 ; sf/Sf = 0.615221964413025 ; sf = 1776.9975357731
      k =   31 ; sb/Sb = 0 ; sb = 0
      k =   32 ; sb/Sb = 0.0364191468591234 ; sb = 123.69316876853
      k =   33 ; sb/Sb = 0.0785753009295152 ; sb = 266.871379401293
      k =   34 ; sb/Sb = 0.173936520510155 ; sb = 590.754074215326
      k =   35 ; sb/Sb = 0.227665200300384 ; sb = 773.236950124273
      k =   36 ; sb/Sb = 0.248484640828507 ; sb = 843.947628242928
      k =   37 ; sb/Sb = 0.317220331939852 ; sb = 1077.3999788415
      k =   38 ; sb/Sb = 0.428521614006043 ; sb = 1455.42114227022
      k =   39 ; sb/Sb = 0.453677839710626 ; sb = 1540.86117972339
      k =   40 ; sb/Sb = 0.544999035273944 ; sb = 1851.02242810881
      k =   41 ; sb/Sb = 0.646695129688384 ; sb = 2196.42074889222
      Creating new point: f = 0.690517463265629
    i = 24 ; sf/Sf = 0.773763923987901 ; sf = 2234.92766144731
      k =   31 ; sb/Sb = 0 ; sb = 0
      k =   32 ; sb/Sb = 0.0364191468591234 ; sb = 123.69316876853
      k =   33 ; sb/Sb = 0.0785753009295152 ; sb = 266.871379401293
      k =   34 ; sb/Sb = 0.173936520510155 ; sb = 590.754074215326
      k =   35 ; sb/Sb = 0.227665200300384 ; sb = 773.236950124273
      k =   36 ; sb/Sb = 0.248484640828507 ; sb = 843.947628242928
      k =   37 ; sb/Sb = 0.317220331939852 ; sb = 1077.3999788415
      k =   38 ; sb/Sb = 0.428521614006043 ; sb = 1455.42114227022
      k =   39 ; sb/Sb = 0.453677839710626 ; sb = 1540.86117972339
      k =   40 ; sb/Sb = 0.544999035273944 ; sb = 1851.02242810881
      k =   41 ; sb/Sb = 0.646695129688384 ; sb = 2196.42074889222
      k =   42 ; sb/Sb = 0.764246639387159 ; sb = 2595.67004444576
      k =   43 ; sb/Sb = 0.884531846658533 ; sb = 3004.20400876207
      Creating new point: f = 0.079122652042075
    i = 23 ; sf/Sf = 0.880418160892451 ; sf = 2542.9860974623
      k =   31 ; sb/Sb = 0 ; sb = 0
      k =   32 ; sb/Sb = 0.0364191468591234 ; sb = 123.69316876853
      k =   33 ; sb/Sb = 0.0785753009295152 ; sb = 266.871379401293
      k =   34 ; sb/Sb = 0.173936520510155 ; sb = 590.754074215326
      k =   35 ; sb/Sb = 0.227665200300384 ; sb = 773.236950124273
      k =   36 ; sb/Sb = 0.248484640828507 ; sb = 843.947628242928
      k =   37 ; sb/Sb = 0.317220331939852 ; sb = 1077.3999788415
      k =   38 ; sb/Sb = 0.428521614006043 ; sb = 1455.42114227022
      k =   39 ; sb/Sb = 0.453677839710626 ; sb = 1540.86117972339
      k =   40 ; sb/Sb = 0.544999035273944 ; sb = 1851.02242810881
      k =   41 ; sb/Sb = 0.646695129688384 ; sb = 2196.42074889222
      k =   42 ; sb/Sb = 0.764246639387159 ; sb = 2595.67004444576
      k =   43 ; sb/Sb = 0.884531846658533 ; sb = 3004.20400876207
      Creating new point: f = 0.965800568004998
Tear 6 : Sf = 274.707675012423 ; Sb = 461.297352895144
  Backwards path
    i = 78 ; sf/Sf = 0.521202076448315 ; sf = 143.178210632764
      k =   79 ; sb/Sb = 0 ; sb = 0
      k =   80 ; sb/Sb = 0.274207310345194 ; sb = 126.491106406735
      k =   81 ; sb/Sb = 0.782138883779693 ; sb = 360.798596683935
      Creating new point: f = 0.4862756698368
Triangulating...
[1] "Non-adjacent points in rim connected by line: 531 10"
[1] "In triangle: 516" "In triangle: 526"
[1] "Other points in triangles: 11 140"
Merging points...
Projecting to sphere...
Optimising mapping with FIRE...
E =  0.00360 | E_L =  0.00360 | E_A =  0.00000 |   1 flippped triangles
   rbind.id...which.ft.flipped...A...A.ft.flipped...a...ft.areas.ft.flipped..
id                                                                 155.000000
A                                                                 5573.051114
a                                                                   -1.900711
E =  0.00323 | E_L =  0.00323 | E_A =  0.00000 |  29 flippped triangles
        phi0    phi0.1    phi0.2    phi0.3    phi0.4    phi0.5    phi0.6
id    32.000   33.0000    73.000    76.000   101.000   102.000  126.0000
A   8241.771 1043.2876  3895.039 15346.372  5757.538  3454.436 1047.4693
a  -8052.451 -935.8885 -4554.376 -2266.879 -3368.576 -4520.720 -980.8102
       phi0.7    phi0.8    phi0.9   phi0.10   phi0.11   phi0.12   phi0.13
id  133.00000   158.000   161.000   271.000   478.000    483.00   485.000
A  3599.28273  7117.449  5395.820  8953.559  5655.471  16808.16  7255.176
a   -76.66386 -4431.982 -4039.353 -9401.578 -4417.631 -17053.09 -6957.632
     phi0.14   phi0.15   phi0.16   phi0.17   phi0.18   phi0.19   phi0.20
id   486.000   515.000  531.0000   533.000   634.000   638.000   640.000
A   4982.641  7068.486 1061.3865  4199.845 10345.969  3030.301 12840.628
a  -4466.959 -1893.572 -599.1952 -3157.319 -7715.298 -3296.191 -9720.171
     phi0.21   phi0.22     phi0.23   phi0.24   phi0.25   phi0.26   phi0.27
id   646.000   678.000   682.00000  729.0000   733.000   753.000   755.000
A   7265.451 12284.717 28495.31631  558.4162  1839.778  2444.116  1457.935
a  -7008.332 -7758.303   -24.85894 -548.8381 -1716.564 -1669.653 -1028.182
      phi0.28
id   852.0000
A  16038.3193
a   -249.0176
E =  0.00321 | E_L =  0.00321 | E_A =  0.00000 |  27 flippped triangles
        phi0   phi0.1    phi0.2    phi0.3    phi0.4    phi0.5    phi0.6
id    32.000   33.000    73.000   101.000   102.000  126.0000   158.000
A   8241.771 1043.288  3895.039  5757.538  3454.436 1047.4693  7117.449
a  -7720.752 -911.585 -4424.531 -4485.830 -4660.519 -943.1788 -5325.149
      phi0.7    phi0.8    phi0.9   phi0.10   phi0.11   phi0.12   phi0.13
id   161.000   271.000   478.000    483.00   485.000   486.000   515.000
A   5395.820  8953.559  5655.471  16808.16  7255.176  4982.641  7068.486
a  -5463.832 -4968.067 -5411.118 -17014.34 -7311.483 -4958.004 -2051.760
     phi0.14   phi0.15   phi0.16   phi0.17   phi0.18   phi0.19   phi0.20
id  531.0000   533.000   634.000   638.000    640.00   646.000   678.000
A  1061.3865  4199.845 10345.969  3030.301  12840.63  7265.451 12284.717
a  -758.0959 -3349.855 -8134.182 -3179.807 -11709.05 -7478.981 -7895.014
    phi0.21   phi0.22   phi0.23   phi0.24   phi0.25  phi0.26
id   682.00  729.0000   733.000   753.000   755.000   852.00
A  28495.32  558.4162  1839.778  2444.116  1457.935 16038.32
a  -1843.92 -519.4645 -1701.820 -2174.035 -1362.659 -2974.00
E =  0.00321 | E_L =  0.00321 | E_A =  0.00000 |  27 flippped triangles
        phi0    phi0.1    phi0.2    phi0.3    phi0.4    phi0.5    phi0.6
id    32.000   33.0000    73.000   101.000   102.000  126.0000   158.000
A   8241.771 1043.2876  3895.039  5757.538  3454.436 1047.4693  7117.449
a  -7739.273 -913.9518 -4428.108 -4407.361 -4675.239 -945.4836 -5355.538
      phi0.7    phi0.8    phi0.9   phi0.10   phi0.11   phi0.12   phi0.13
id   161.000   271.000   478.000    483.00   485.000   486.000   515.000
A   5395.820  8953.559  5655.471  16808.16  7255.176  4982.641  7068.486
a  -5458.059 -5290.240 -6038.347 -16997.44 -7231.066 -4904.928 -2125.585
     phi0.14   phi0.15   phi0.16   phi0.17   phi0.18   phi0.19   phi0.20
id  531.0000   533.000   634.000   638.000    640.00   646.000   678.000
A  1061.3865  4199.845 10345.969  3030.301  12840.63  7265.451 12284.717
a  -734.1198 -3322.520 -7918.696 -3200.344 -11807.68 -7313.974 -7905.533
     phi0.21   phi0.22   phi0.23   phi0.24   phi0.25   phi0.26
id   682.000  729.0000   733.000   753.000   755.000   852.000
A  28495.316  558.4162  1839.778  2444.116  1457.935 16038.319
a  -1727.766 -509.4754 -1725.525 -2212.926 -1363.511 -2576.139
FIRE:  4  stops.  0 hits of maxmove.  0 hits of dtmax.
Frms = 8.419737445807e-06; Ftanrms = 8.41950313751957e-06
E =  0.71732 | E_L =  0.00479 | E_A =  0.71253 |   1 flippped triangles
         phi0
id  102.00000
A  3454.43600
a   -26.41963
E =  0.71602 | E_L =  0.00352 | E_A =  0.71249 |   1 flippped triangles
         phi0
id  102.00000
A  3454.43600
a   -26.41963
E =  0.71602 | E_L =  0.00352 | E_A =  0.71249 |   1 flippped triangles
           phi0
id  155.0000000
A  5573.0511144
a    -0.2087122
Optimising mapping with BFGS...
E =  1.64648 | E_L =  0.00353 | E_A =  1.64295 |   1 flippped triangles
            phi0
id  102.00000000
A  3454.43599952
a    -0.06008061
Transforming image...
Mapping optimised. Error: 1.646483 ; 1 flipped triangles.
Inferring coordinates of datapoints
Inferring coordinates of landmarks
Mapping optimised. Error: 1.646483 ; 1 flipped triangles. OD displacement: 11.50641 degrees.
Computing Kernel Density estimates of datapoints

[1] 0.725
Saving developmental_retina/data/C57BL6J/P8/ML/GM184-5/R-CONTRA/r.mat
