[1] "Adding old segment 1"
[1] "Intersection found. Old points:"
    X     Y 
 -940 -1701 
    X     Y 
-1030 -1771 
    X     Y 
-1030 -1771 
    X     Y 
-1030 -1901 
[1] "Point i+1 has been changed:"
    X     Y 
 -940 -1701 
    X     Y 
-1030 -1771 
    X     Y 
-1030 -1771 
    X     Y 
-1030 -1901 
[1] "a= 0.384615384615385"
[1] "l= 130"
[1] "New points:"
    X     Y 
 -940 -1701 
    X     Y 
-1030 -1771 
    X     Y 
-1030 -1851 
    X     Y 
-1030 -1901 
[1] "Storing new segment 1"
[1] "Adding old segment 2"
[1] "Adding old segment 3"
[1] "Adding old segment 4"
[1] "Adding old segment 5"
[1] "Storing new segment 2"
simplify.outline: Removing vertex 47
simplify.outline: Removing vertex 53
Triangulating...
Stitching...
Tear 1 child of rim
Tear 2 child of rim
Tear 3 child of rim
Tear 4 child of rim
Tear 1 : Sf = 1594.76638268804 ; Sb = 1629.08350834701
  Forwards path
    i = 404 ; sf/Sf = 0.179915590034229 ; sf = 286.923334708071
      k =   43 ; sb/Sb = 0 ; sb = 0
      k =  168 ; sb/Sb = 0.2443831655701 ; sb = 398.120584747888
      Creating new point: f = 0.736202878846091
    i = 42 ; sf/Sf = 0.359831180068457 ; sf = 573.846669416143
      k =   43 ; sb/Sb = 0 ; sb = 0
      k =  168 ; sb/Sb = 0.2443831655701 ; sb = 398.120584747888
      k =   44 ; sb/Sb = 0.4887663311402 ; sb = 796.241169495775
      Creating new point: f = 0.472405757692183
    i = 41 ; sf/Sf = 0.633012520573965 ; sf = 1009.50708763198
      k =   43 ; sb/Sb = 0 ; sb = 0
      k =  168 ; sb/Sb = 0.2443831655701 ; sb = 398.120584747888
      k =   44 ; sb/Sb = 0.4887663311402 ; sb = 796.241169495775
      k =   45 ; sb/Sb = 0.821035819681159 ; sb = 1337.53591360475
      Creating new point: f = 0.434124090259295
    i = 40 ; sf/Sf = 0.867130256002129 ; sf = 1382.87018168387
      k =   43 ; sb/Sb = 0 ; sb = 0
      k =  168 ; sb/Sb = 0.2443831655701 ; sb = 398.120584747888
      k =   44 ; sb/Sb = 0.4887663311402 ; sb = 796.241169495775
      k =   45 ; sb/Sb = 0.821035819681159 ; sb = 1337.53591360475
      k =   46 ; sb/Sb = 1 ; sb = 1629.08350834701
      Creating new point: f = 0.25756235822637
Tear 2 : Sf = 1857.95385165568 ; Sb = 1968.66974159916
  Forwards path
    i = 30 ; sf/Sf = 0.161467950203748 ; sf = 300
      k =   31 ; sb/Sb = 0 ; sb = 0
      k =   32 ; sb/Sb = 0.213644172005514 ; sb = 420.594816896262
      Creating new point: f = 0.75577980287513
    i = 126 ; sf/Sf = 0.306014586709597 ; sf = 568.560980039916
      k =   31 ; sb/Sb = 0 ; sb = 0
      k =   32 ; sb/Sb = 0.213644172005514 ; sb = 420.594816896262
      k =   84 ; sb/Sb = 0.38978891094294 ; sb = 767.365634584256
      Creating new point: f = 0.524400644954243
    i = 29 ; sf/Sf = 0.450561223215446 ; sf = 837.121960079831
      k =   31 ; sb/Sb = 0 ; sb = 0
      k =   32 ; sb/Sb = 0.213644172005514 ; sb = 420.594816896262
      k =   84 ; sb/Sb = 0.38978891094294 ; sb = 767.365634584256
      k =   33 ; sb/Sb = 0.565933649880366 ; sb = 1114.13645227225
      Creating new point: f = 0.345013496509226
    i = 187 ; sf/Sf = 0.660469558480318 ; sf = 1227.12196007983
      k =   31 ; sb/Sb = 0 ; sb = 0
      k =   32 ; sb/Sb = 0.213644172005514 ; sb = 420.594816896262
      k =   84 ; sb/Sb = 0.38978891094294 ; sb = 767.365634584256
      k =   33 ; sb/Sb = 0.565933649880366 ; sb = 1114.13645227225
      k =   76 ; sb/Sb = 0.725050791539224 ; sb = 1427.38555442579
      Creating new point: f = 0.594127745222031
    i = 28 ; sf/Sf = 0.87037789374519 ; sf = 1617.12196007983
      k =   31 ; sb/Sb = 0 ; sb = 0
      k =   32 ; sb/Sb = 0.213644172005514 ; sb = 420.594816896262
      k =   84 ; sb/Sb = 0.38978891094294 ; sb = 767.365634584256
      k =   33 ; sb/Sb = 0.565933649880366 ; sb = 1114.13645227225
      k =   76 ; sb/Sb = 0.725050791539224 ; sb = 1427.38555442579
      k =   34 ; sb/Sb = 0.884167933198083 ; sb = 1740.63465657933
      Creating new point: f = 0.913334042397154
Tear 3 : Sf = 2004.48484606373 ; Sb = 2039.67601945026
  Forwards path
    i = 17 ; sf/Sf = 0.254233746516153 ; sf = 509.607692249636
      k =   18 ; sb/Sb = 0 ; sb = 0
      k =   19 ; sb/Sb = 0.145768922177408 ; sb = 297.32137494637
      k =   20 ; sb/Sb = 0.218653383266112 ; sb = 445.982062419555
      k =   21 ; sb/Sb = 0.437910555108773 ; sb = 893.195657919513
      Creating new point: f = 0.162276850289635
    i = 16 ; sf/Sf = 0.486949974081383 ; sf = 976.08384383726
      k =   18 ; sb/Sb = 0 ; sb = 0
      k =   19 ; sb/Sb = 0.145768922177408 ; sb = 297.32137494637
      k =   20 ; sb/Sb = 0.218653383266112 ; sb = 445.982062419555
      k =   21 ; sb/Sb = 0.437910555108773 ; sb = 893.195657919513
      k =  119 ; sb/Sb = 0.58008999793919 ; sb = 1183.19565791951
      Creating new point: f = 0.344912161676579
    i = 194 ; sf/Sf = 0.66614838599186 ; sf = 1335.2843449505
      k =   18 ; sb/Sb = 0 ; sb = 0
      k =   19 ; sb/Sb = 0.145768922177408 ; sb = 297.32137494637
      k =   20 ; sb/Sb = 0.218653383266112 ; sb = 445.982062419555
      k =   21 ; sb/Sb = 0.437910555108773 ; sb = 893.195657919513
      k =  119 ; sb/Sb = 0.58008999793919 ; sb = 1183.19565791951
      k =   22 ; sb/Sb = 0.722269440769607 ; sb = 1473.19565791951
      Creating new point: f = 0.605280104770948
    i = 15 ; sf/Sf = 0.845346797902336 ; sf = 1694.48484606373
      k =   18 ; sb/Sb = 0 ; sb = 0
      k =   19 ; sb/Sb = 0.145768922177408 ; sb = 297.32137494637
      k =   20 ; sb/Sb = 0.218653383266112 ; sb = 445.982062419555
      k =   21 ; sb/Sb = 0.437910555108773 ; sb = 893.195657919513
      k =  119 ; sb/Sb = 0.58008999793919 ; sb = 1183.19565791951
      k =   22 ; sb/Sb = 0.722269440769607 ; sb = 1473.19565791951
      k =   71 ; sb/Sb = 0.861134720384803 ; sb = 1756.43583868488
      Creating new point: f = 0.886307631927745
Tear 4 : Sf = 2908.47864319888 ; Sb = 2527.69291941402
  Forwards path
    i = 1 ; sf/Sf = 0.0970651391682089 ; sf = 282.311884269862
      k =    2 ; sb/Sb = 0 ; sb = 0
      k =    3 ; sb/Sb = 0.100084235260713 ; sb = 252.98221281347
      Creating new point: f = 0.969834449105405
    i = 52 ; sf/Sf = 0.136266920063706 ; sf = 396.329426779776
      k =    2 ; sb/Sb = 0 ; sb = 0
      k =    3 ; sb/Sb = 0.100084235260713 ; sb = 252.98221281347
      k =    4 ; sb/Sb = 0.235116841751791 ; sb = 594.303176130991
      Creating new point: f = 0.26795516833472
    i = 70 ; sf/Sf = 0.276192484191241 ; sf = 803.299941682269
      k =    2 ; sb/Sb = 0 ; sb = 0
      k =    3 ; sb/Sb = 0.100084235260713 ; sb = 252.98221281347
      k =    4 ; sb/Sb = 0.235116841751791 ; sb = 594.303176130991
      k =    5 ; sb/Sb = 0.417787708010201 ; sb = 1056.0390313556
      Creating new point: f = 0.224861486020128
    i = 51 ; sf/Sf = 0.416118048318777 ; sf = 1210.27045658476
      k =    2 ; sb/Sb = 0 ; sb = 0
      k =    3 ; sb/Sb = 0.100084235260713 ; sb = 252.98221281347
      k =    4 ; sb/Sb = 0.235116841751791 ; sb = 594.303176130991
      k =    5 ; sb/Sb = 0.417787708010201 ; sb = 1056.0390313556
      Creating new point: f = 0.990859737375626
    i = 416 ; sf/Sf = 0.557252835742901 ; sf = 1620.75797162024
      k =    2 ; sb/Sb = 0 ; sb = 0
      k =    3 ; sb/Sb = 0.100084235260713 ; sb = 252.98221281347
      k =    4 ; sb/Sb = 0.235116841751791 ; sb = 594.303176130991
      k =    5 ; sb/Sb = 0.417787708010201 ; sb = 1056.0390313556
      k =  199 ; sb/Sb = 0.569688926052134 ; sb = 1439.99866465056
      Creating new point: f = 0.918130410871356
    i = 50 ; sf/Sf = 0.698387623167024 ; sf = 2031.24548665571
      k =    2 ; sb/Sb = 0 ; sb = 0
      k =    3 ; sb/Sb = 0.100084235260713 ; sb = 252.98221281347
      k =    4 ; sb/Sb = 0.235116841751791 ; sb = 594.303176130991
      k =    5 ; sb/Sb = 0.417787708010201 ; sb = 1056.0390313556
      k =  199 ; sb/Sb = 0.569688926052134 ; sb = 1439.99866465056
      k =    6 ; sb/Sb = 0.721590144094067 ; sb = 1823.95829794552
      Creating new point: f = 0.847252568306345
    i = 49 ; sf/Sf = 0.902752350224055 ; sf = 2625.63593072426
      k =    2 ; sb/Sb = 0 ; sb = 0
      k =    3 ; sb/Sb = 0.100084235260713 ; sb = 252.98221281347
      k =    4 ; sb/Sb = 0.235116841751791 ; sb = 594.303176130991
      k =    5 ; sb/Sb = 0.417787708010201 ; sb = 1056.0390313556
      k =  199 ; sb/Sb = 0.569688926052134 ; sb = 1439.99866465056
      k =    6 ; sb/Sb = 0.721590144094067 ; sb = 1823.95829794552
      k =    7 ; sb/Sb = 0.84429541655941 ; sb = 2134.11954633093
      k =    8 ; sb/Sb = 1 ; sb = 2527.69291941402
      Creating new point: f = 0.375434893263433
Tear 1 : Sf = 1629.08350834701 ; Sb = 1594.76638268804
  Backwards path
    i = 168 ; sf/Sf = 0.2443831655701 ; sf = 398.120584747888
      k =   43 ; sb/Sb = 0 ; sb = 0
      k =  404 ; sb/Sb = 0.179915590034229 ; sb = 286.923334708071
      k =   42 ; sb/Sb = 0.359831180068457 ; sb = 573.846669416143
      Creating new point: f = 0.358321230103553
    i = 44 ; sf/Sf = 0.4887663311402 ; sf = 796.241169495775
      k =   43 ; sb/Sb = 0 ; sb = 0
      k =  404 ; sb/Sb = 0.179915590034229 ; sb = 286.923334708071
      k =   42 ; sb/Sb = 0.359831180068457 ; sb = 573.846669416143
      k =   41 ; sb/Sb = 0.633012520573965 ; sb = 1009.50708763198
      Creating new point: f = 0.471976419887079
    i = 45 ; sf/Sf = 0.821035819681159 ; sf = 1337.53591360475
      k =   43 ; sb/Sb = 0 ; sb = 0
      k =  404 ; sb/Sb = 0.179915590034229 ; sb = 286.923334708071
      k =   42 ; sb/Sb = 0.359831180068457 ; sb = 573.846669416143
      k =   41 ; sb/Sb = 0.633012520573965 ; sb = 1009.50708763198
      k =   40 ; sb/Sb = 0.867130256002129 ; sb = 1382.87018168387
      Creating new point: f = 0.80311429103536
Tear 2 : Sf = 1968.66974159916 ; Sb = 1857.95385165568
  Backwards path
    i = 32 ; sf/Sf = 0.213644172005514 ; sf = 420.594816896262
      k =   31 ; sb/Sb = 0 ; sb = 0
      k =   30 ; sb/Sb = 0.161467950203748 ; sb = 300
      k =  126 ; sb/Sb = 0.306014586709597 ; sb = 568.560980039916
      Creating new point: f = 0.360964620575277
    i = 84 ; sf/Sf = 0.38978891094294 ; sf = 767.365634584256
      k =   31 ; sb/Sb = 0 ; sb = 0
      k =   30 ; sb/Sb = 0.161467950203748 ; sb = 300
      k =  126 ; sb/Sb = 0.306014586709597 ; sb = 568.560980039916
      k =   29 ; sb/Sb = 0.450561223215446 ; sb = 837.121960079831
      Creating new point: f = 0.579566057422257
    i = 33 ; sf/Sf = 0.565933649880366 ; sf = 1114.13645227225
      k =   31 ; sb/Sb = 0 ; sb = 0
      k =   30 ; sb/Sb = 0.161467950203748 ; sb = 300
      k =  126 ; sb/Sb = 0.306014586709597 ; sb = 568.560980039916
      k =   29 ; sb/Sb = 0.450561223215446 ; sb = 837.121960079831
      k =  187 ; sb/Sb = 0.660469558480318 ; sb = 1227.12196007983
      Creating new point: f = 0.549632421787051
    i = 76 ; sf/Sf = 0.725050791539224 ; sf = 1427.38555442579
      k =   31 ; sb/Sb = 0 ; sb = 0
      k =   30 ; sb/Sb = 0.161467950203748 ; sb = 300
      k =  126 ; sb/Sb = 0.306014586709597 ; sb = 568.560980039916
      k =   29 ; sb/Sb = 0.450561223215446 ; sb = 837.121960079831
      k =  187 ; sb/Sb = 0.660469558480318 ; sb = 1227.12196007983
      k =   28 ; sb/Sb = 0.87037789374519 ; sb = 1617.12196007983
      Creating new point: f = 0.30766397617043
    i = 34 ; sf/Sf = 0.884167933198083 ; sf = 1740.63465657933
      k =   31 ; sb/Sb = 0 ; sb = 0
      k =   30 ; sb/Sb = 0.161467950203748 ; sb = 300
      k =  126 ; sb/Sb = 0.306014586709597 ; sb = 568.560980039916
      k =   29 ; sb/Sb = 0.450561223215446 ; sb = 837.121960079831
      k =  187 ; sb/Sb = 0.660469558480318 ; sb = 1227.12196007983
      k =   28 ; sb/Sb = 0.87037789374519 ; sb = 1617.12196007983
      k =   27 ; sb/Sb = 1 ; sb = 1857.95385165568
      Creating new point: f = 0.106386478752199
Tear 3 : Sf = 2039.67601945025 ; Sb = 2004.48484606373
  Backwards path
    i = 19 ; sf/Sf = 0.145768922177408 ; sf = 297.32137494637
      k =   18 ; sb/Sb = 0 ; sb = 0
      k =   17 ; sb/Sb = 0.254233746516153 ; sb = 509.607692249636
      Creating new point: f = 0.573365747761369
    i = 20 ; sf/Sf = 0.218653383266112 ; sf = 445.982062419555
      k =   18 ; sb/Sb = 0 ; sb = 0
      k =   17 ; sb/Sb = 0.254233746516153 ; sb = 509.607692249636
      Creating new point: f = 0.860048621642054
    i = 21 ; sf/Sf = 0.437910555108773 ; sf = 893.195657919513
      k =   18 ; sb/Sb = 0 ; sb = 0
      k =   17 ; sb/Sb = 0.254233746516153 ; sb = 509.607692249636
      k =   16 ; sb/Sb = 0.486949974081383 ; sb = 976.08384383726
      Creating new point: f = 0.789273745601325
    i = 119 ; sf/Sf = 0.58008999793919 ; sf = 1183.19565791951
      k =   18 ; sb/Sb = 0 ; sb = 0
      k =   17 ; sb/Sb = 0.254233746516153 ; sb = 509.607692249636
      k =   16 ; sb/Sb = 0.486949974081383 ; sb = 976.08384383726
      k =  194 ; sb/Sb = 0.66614838599186 ; sb = 1335.2843449505
      Creating new point: f = 0.519759203582324
    i = 22 ; sf/Sf = 0.722269440769607 ; sf = 1473.19565791951
      k =   18 ; sb/Sb = 0 ; sb = 0
      k =   17 ; sb/Sb = 0.254233746516153 ; sb = 509.607692249636
      k =   16 ; sb/Sb = 0.486949974081383 ; sb = 976.08384383726
      k =  194 ; sb/Sb = 0.66614838599186 ; sb = 1335.2843449505
      k =   15 ; sb/Sb = 0.845346797902336 ; sb = 1694.48484606373
      Creating new point: f = 0.313178304313233
    i = 71 ; sf/Sf = 0.861134720384803 ; sf = 1756.43583868488
      k =   18 ; sb/Sb = 0 ; sb = 0
      k =   17 ; sb/Sb = 0.254233746516153 ; sb = 509.607692249636
      k =   16 ; sb/Sb = 0.486949974081383 ; sb = 976.08384383726
      k =  194 ; sb/Sb = 0.66614838599186 ; sb = 1335.2843449505
      k =   15 ; sb/Sb = 0.845346797902336 ; sb = 1694.48484606373
      k =   14 ; sb/Sb = 1 ; sb = 2004.48484606373
      Creating new point: f = 0.102085972151404
Tear 4 : Sf = 2527.69291941402 ; Sb = 2908.47864319888
  Backwards path
    i = 3 ; sf/Sf = 0.100084235260713 ; sf = 252.98221281347
      k =    2 ; sb/Sb = 0 ; sb = 0
      k =    1 ; sb/Sb = 0.0970651391682089 ; sb = 282.311884269862
      k =   52 ; sb/Sb = 0.136266920063706 ; sb = 396.329426779776
      Creating new point: f = 0.077014258626462
    i = 4 ; sf/Sf = 0.235116841751791 ; sf = 594.303176130991
      k =    2 ; sb/Sb = 0 ; sb = 0
      k =    1 ; sb/Sb = 0.0970651391682089 ; sb = 282.311884269862
      k =   52 ; sb/Sb = 0.136266920063706 ; sb = 396.329426779776
      k =   70 ; sb/Sb = 0.276192484191241 ; sb = 803.299941682269
      Creating new point: f = 0.706446476056289
    i = 5 ; sf/Sf = 0.417787708010201 ; sf = 1056.0390313556
      k =    2 ; sb/Sb = 0 ; sb = 0
      k =    1 ; sb/Sb = 0.0970651391682089 ; sb = 282.311884269862
      k =   52 ; sb/Sb = 0.136266920063706 ; sb = 396.329426779776
      k =   70 ; sb/Sb = 0.276192484191241 ; sb = 803.299941682269
      k =   51 ; sb/Sb = 0.416118048318777 ; sb = 1210.27045658476
      k =  416 ; sb/Sb = 0.557252835742901 ; sb = 1620.75797162024
      Creating new point: f = 0.011830249096605
    i = 199 ; sf/Sf = 0.569688926052134 ; sf = 1439.99866465056
      k =    2 ; sb/Sb = 0 ; sb = 0
      k =    1 ; sb/Sb = 0.0970651391682089 ; sb = 282.311884269862
      k =   52 ; sb/Sb = 0.136266920063706 ; sb = 396.329426779776
      k =   70 ; sb/Sb = 0.276192484191241 ; sb = 803.299941682269
      k =   51 ; sb/Sb = 0.416118048318777 ; sb = 1210.27045658476
      k =  416 ; sb/Sb = 0.557252835742901 ; sb = 1620.75797162024
      k =   50 ; sb/Sb = 0.698387623167024 ; sb = 2031.24548665571
      Creating new point: f = 0.0881149894806727
    i = 6 ; sf/Sf = 0.721590144094067 ; sf = 1823.95829794552
      k =    2 ; sb/Sb = 0 ; sb = 0
      k =    1 ; sb/Sb = 0.0970651391682089 ; sb = 282.311884269862
      k =   52 ; sb/Sb = 0.136266920063706 ; sb = 396.329426779776
      k =   70 ; sb/Sb = 0.276192484191241 ; sb = 803.299941682269
      k =   51 ; sb/Sb = 0.416118048318777 ; sb = 1210.27045658476
      k =  416 ; sb/Sb = 0.557252835742901 ; sb = 1620.75797162024
      k =   50 ; sb/Sb = 0.698387623167024 ; sb = 2031.24548665571
      k =   49 ; sb/Sb = 0.902752350224055 ; sb = 2625.63593072426
      Creating new point: f = 0.113534861231548
    i = 7 ; sf/Sf = 0.844295416559411 ; sf = 2134.11954633093
      k =    2 ; sb/Sb = 0 ; sb = 0
      k =    1 ; sb/Sb = 0.0970651391682089 ; sb = 282.311884269862
      k =   52 ; sb/Sb = 0.136266920063706 ; sb = 396.329426779776
      k =   70 ; sb/Sb = 0.276192484191241 ; sb = 803.299941682269
      k =   51 ; sb/Sb = 0.416118048318777 ; sb = 1210.27045658476
      k =  416 ; sb/Sb = 0.557252835742901 ; sb = 1620.75797162024
      k =   50 ; sb/Sb = 0.698387623167024 ; sb = 2031.24548665571
      k =   49 ; sb/Sb = 0.902752350224055 ; sb = 2625.63593072426
      Creating new point: f = 0.713957812062493
Triangulating...
Merging points...
Projecting to sphere...
Optimising mapping with FIRE...
E =  0.00295 | E_L =  0.00295 | E_A =  0.00000 |   0 flippped triangles
E =  0.00290 | E_L =  0.00290 | E_A =  0.00000 |  15 flippped triangles
        phi0    phi0.1    phi0.2    phi0.3    phi0.4    phi0.5    phi0.6
id    18.000  79.00000   518.000   703.000   784.000  819.0000   822.000
A  17349.980 103.85573  3569.798  5465.551  1068.226  670.6330  3113.516
a  -4885.966 -87.08123 -3312.379 -6769.046 -1475.369 -616.7599 -2905.047
      phi0.7    phi0.8    phi0.9   phi0.10   phi0.11   phi0.12   phi0.13
id   829.000   840.000    843.00   845.000   848.000  861.0000   868.000
A   1435.142  1317.406  16798.51  9083.812  6361.685 6186.5374  1561.546
a  -1193.653 -1287.256 -13073.65 -7972.025 -4808.935 -262.2805 -1576.388
     phi0.14
id  873.0000
A   779.6321
a  -772.2749
E =  0.00290 | E_L =  0.00290 | E_A =  0.00000 |  16 flippped triangles
        phi0    phi0.1    phi0.2    phi0.3    phi0.4    phi0.5    phi0.6
id     18.00    50.000  79.00000   518.000   703.000   784.000  819.0000
A   17349.98  4381.204 103.85573  3569.798  5465.551  1068.226  670.6330
a  -10226.48 -1638.639 -92.62961 -3202.405 -5252.591 -1451.278 -620.2641
      phi0.7    phi0.8    phi0.9   phi0.10   phi0.11   phi0.12   phi0.13
id   822.000   829.000   840.000    843.00   845.000   848.000  861.0000
A   3113.516  1435.142  1317.406  16798.51  9083.812  6361.685 6186.5374
a  -2845.067 -1230.386 -1340.238 -13447.90 -8241.507 -5690.498 -274.1708
     phi0.14   phi0.15
id   868.000  873.0000
A   1561.546  779.6321
a  -1546.202 -737.6085
FIRE:  3  stops.  0 hits of maxmove.  0 hits of dtmax.
Frms = 3.56355568073389e-07; Ftanrms = 3.52305854608533e-07
E =  0.00340 | E_L =  0.00340 | E_A =  0.00000 |   0 flippped triangles
E =  0.00293 | E_L =  0.00293 | E_A =  0.00000 |   0 flippped triangles
E =  0.00290 | E_L =  0.00290 | E_A =  0.00000 |   0 flippped triangles
E =  0.00290 | E_L =  0.00290 | E_A =  0.00000 |   0 flippped triangles
E =  0.00290 | E_L =  0.00290 | E_A =  0.00000 |   0 flippped triangles
Optimising mapping with BFGS...
E =  0.00290 | E_L =  0.00290 | E_A =  0.00000 |   0 flippped triangles
Transforming image...
Mapping optimised. Error: 0.002895636 ; 0 flipped triangles.
Inferring coordinates of datapoints
Inferring coordinates of landmarks
Mapping optimised. Error: 0.002895636 ; 0 flipped triangles. OD displacement: 8.02885 degrees.
Computing Kernel Density estimates of datapoints

[1] 0.7
Saving developmental_retina/data/C57BL6J/P16/AP/GM263-1/R-CONTRA/r.mat
