[1] "Adding old segment 1"
[1] "Adding old segment 3"
[1] "Intersection found. Old points:"
   X    Y 
 430 1379 
   X    Y 
 360 1519 
   X    Y 
 380 1499 
   X    Y 
 200 1629 
[1] "Point i+1 has been changed:"
   X    Y 
 430 1379 
        X         Y 
 364.3478 1510.3043 
   X    Y 
 380 1499 
   X    Y 
 200 1629 
[1] "a= 0.246635214989382"
[1] "l= 202.728551971593"
[1] "New points:"
   X    Y 
 430 1379 
        X         Y 
 364.3478 1510.3043 
       X        Y 
 240.534 1599.725 
   X    Y 
 200 1629 
[1] "Storing new segment 1"
[1] "Adding old segment 2"
[1] "Storing new segment 2"
Triangulating...
[1] "Non-adjacent points in rim connected by line: 45 28"
[1] "In triangle: 5" "In triangle: 8"
[1] "Other points in triangles: 46 49"
[1] "Non-adjacent points in rim connected by line: 46 28"
[1] "In triangle: 16"  "In triangle: 797"
[1] "Other points in triangles: 47 438"
[1] "Non-adjacent points in rim connected by line: 47 46"
[1] "In triangle: 4"  "In triangle: 16"
[1] "Other points in triangles: 48 439"
[1] "Non-adjacent points in rim connected by line: 48 47"
[1] "In triangle: 4"  "In triangle: 29"
[1] "Other points in triangles: 440 27"
Stitching...
Tear 1 child of rim
Tear 2 child of rim
Tear 3 child of rim
Tear 4 child of rim
Tear 1 : Sf = 2858.84484366926 ; Sb = 2390.43556356584
  Forwards path
    i = 23 ; sf/Sf = 0.189178749073158 ; sf = 540.832691319598
      k =   22 ; sb/Sb = 0 ; sb = 0
      k =   21 ; sb/Sb = 0.121604966687054 ; sb = 290.688837074973
      k =   20 ; sb/Sb = 0.253695148447037 ; sb = 606.441905151911
      Creating new point: f = 0.511573089579744
    i = 66 ; sf/Sf = 0.322524622385212 ; sf = 922.047853662336
      k =   22 ; sb/Sb = 0 ; sb = 0
      k =   21 ; sb/Sb = 0.121604966687054 ; sb = 290.688837074973
      k =   20 ; sb/Sb = 0.253695148447037 ; sb = 606.441905151912
      k =  160 ; sb/Sb = 0.353087949922896 ; sb = 844.033992562246
      Creating new point: f = 0.692499586651576
    i = 24 ; sf/Sf = 0.455870495697265 ; sf = 1303.26301600507
      k =   22 ; sb/Sb = 0 ; sb = 0
      k =   21 ; sb/Sb = 0.121604966687054 ; sb = 290.688837074973
      k =   20 ; sb/Sb = 0.253695148447037 ; sb = 606.441905151912
      k =  160 ; sb/Sb = 0.353087949922896 ; sb = 844.033992562246
      k =   19 ; sb/Sb = 0.452480751398756 ; sb = 1081.62607997258
      k =  136 ; sb/Sb = 0.602761020153562 ; sb = 1440.8613789063
      Creating new point: f = 0.0225561500960553
    i = 25 ; sf/Sf = 0.543597790389409 ; sf = 1554.06174008476
      k =   22 ; sb/Sb = 0 ; sb = 0
      k =   21 ; sb/Sb = 0.121604966687054 ; sb = 290.688837074973
      k =   20 ; sb/Sb = 0.253695148447037 ; sb = 606.441905151912
      k =  160 ; sb/Sb = 0.353087949922896 ; sb = 844.033992562246
      k =   19 ; sb/Sb = 0.452480751398756 ; sb = 1081.62607997258
      k =  136 ; sb/Sb = 0.602761020153562 ; sb = 1440.8613789063
      Creating new point: f = 0.606314054038041
    i = 26 ; sf/Sf = 0.598904703375104 ; sf = 1712.17562309318
      k =   22 ; sb/Sb = 0 ; sb = 0
      k =   21 ; sb/Sb = 0.121604966687054 ; sb = 290.688837074973
      k =   20 ; sb/Sb = 0.253695148447037 ; sb = 606.441905151912
      k =  160 ; sb/Sb = 0.353087949922896 ; sb = 844.033992562246
      k =   19 ; sb/Sb = 0.452480751398756 ; sb = 1081.62607997258
      k =  136 ; sb/Sb = 0.602761020153562 ; sb = 1440.8613789063
      Creating new point: f = 0.974339167673769
    i = 43 ; sf/Sf = 0.626242766668029 ; sf = 1790.33090437407
      k =   22 ; sb/Sb = 0 ; sb = 0
      k =   21 ; sb/Sb = 0.121604966687054 ; sb = 290.688837074973
      k =   20 ; sb/Sb = 0.253695148447037 ; sb = 606.441905151912
      k =  160 ; sb/Sb = 0.353087949922896 ; sb = 844.033992562246
      k =   19 ; sb/Sb = 0.452480751398756 ; sb = 1081.62607997258
      k =  136 ; sb/Sb = 0.602761020153562 ; sb = 1440.8613789063
      k =  150 ; sb/Sb = 0.677901154530965 ; sb = 1620.47902837316
      Creating new point: f = 0.312506048984772
    i = 44 ; sf/Sf = 0.648629431037635 ; sf = 1854.33090437407
      k =   22 ; sb/Sb = 0 ; sb = 0
      k =   21 ; sb/Sb = 0.121604966687054 ; sb = 290.688837074973
      k =   20 ; sb/Sb = 0.253695148447037 ; sb = 606.441905151912
      k =  160 ; sb/Sb = 0.353087949922896 ; sb = 844.033992562246
      k =   19 ; sb/Sb = 0.452480751398756 ; sb = 1081.62607997258
      k =  136 ; sb/Sb = 0.602761020153562 ; sb = 1440.8613789063
      k =  150 ; sb/Sb = 0.677901154530965 ; sb = 1620.47902837316
      Creating new point: f = 0.61043823336396
    i = 45 ; sf/Sf = 0.659822763222437 ; sf = 1886.33090437407
      k =   22 ; sb/Sb = 0 ; sb = 0
      k =   21 ; sb/Sb = 0.121604966687054 ; sb = 290.688837074973
      k =   20 ; sb/Sb = 0.253695148447037 ; sb = 606.441905151912
      k =  160 ; sb/Sb = 0.353087949922896 ; sb = 844.033992562246
      k =   19 ; sb/Sb = 0.452480751398756 ; sb = 1081.62607997258
      k =  136 ; sb/Sb = 0.602761020153562 ; sb = 1440.8613789063
      k =  150 ; sb/Sb = 0.677901154530965 ; sb = 1620.47902837316
      Creating new point: f = 0.759404325553551
    i = 46 ; sf/Sf = 0.665419429314838 ; sf = 1902.33090437407
      k =   22 ; sb/Sb = 0 ; sb = 0
      k =   21 ; sb/Sb = 0.121604966687054 ; sb = 290.688837074973
      k =   20 ; sb/Sb = 0.253695148447037 ; sb = 606.441905151912
      k =  160 ; sb/Sb = 0.353087949922896 ; sb = 844.033992562246
      k =   19 ; sb/Sb = 0.452480751398756 ; sb = 1081.62607997258
      k =  136 ; sb/Sb = 0.602761020153562 ; sb = 1440.8613789063
      k =  150 ; sb/Sb = 0.677901154530965 ; sb = 1620.47902837316
      Creating new point: f = 0.833887371648346
    i = 48 ; sf/Sf = 0.668217762361039 ; sf = 1910.33090437407
      k =   22 ; sb/Sb = 0 ; sb = 0
      k =   21 ; sb/Sb = 0.121604966687054 ; sb = 290.688837074973
      k =   20 ; sb/Sb = 0.253695148447037 ; sb = 606.441905151912
      k =  160 ; sb/Sb = 0.353087949922896 ; sb = 844.033992562246
      k =   19 ; sb/Sb = 0.452480751398756 ; sb = 1081.62607997258
      k =  136 ; sb/Sb = 0.602761020153562 ; sb = 1440.8613789063
      k =  150 ; sb/Sb = 0.677901154530965 ; sb = 1620.47902837316
      Creating new point: f = 0.871128894695744
    i = 27 ; sf/Sf = 0.67101609540724 ; sf = 1918.33090437407
      k =   22 ; sb/Sb = 0 ; sb = 0
      k =   21 ; sb/Sb = 0.121604966687054 ; sb = 290.688837074973
      k =   20 ; sb/Sb = 0.253695148447037 ; sb = 606.441905151912
      k =  160 ; sb/Sb = 0.353087949922896 ; sb = 844.033992562246
      k =   19 ; sb/Sb = 0.452480751398756 ; sb = 1081.62607997258
      k =  136 ; sb/Sb = 0.602761020153562 ; sb = 1440.8613789063
      k =  150 ; sb/Sb = 0.677901154530965 ; sb = 1620.47902837316
      Creating new point: f = 0.908370417743143
    i = 47 ; sf/Sf = 0.67381442845344 ; sf = 1926.33090437407
      k =   22 ; sb/Sb = 0 ; sb = 0
      k =   21 ; sb/Sb = 0.121604966687054 ; sb = 290.688837074973
      k =   20 ; sb/Sb = 0.253695148447037 ; sb = 606.441905151912
      k =  160 ; sb/Sb = 0.353087949922896 ; sb = 844.033992562246
      k =   19 ; sb/Sb = 0.452480751398756 ; sb = 1081.62607997258
      k =  136 ; sb/Sb = 0.602761020153562 ; sb = 1440.8613789063
      k =  150 ; sb/Sb = 0.677901154530965 ; sb = 1620.47902837316
      Creating new point: f = 0.945611940790539
    i = 28 ; sf/Sf = 0.678011928022741 ; sf = 1938.33090437407
      k =   22 ; sb/Sb = 0 ; sb = 0
      k =   21 ; sb/Sb = 0.121604966687054 ; sb = 290.688837074973
      k =   20 ; sb/Sb = 0.253695148447037 ; sb = 606.441905151912
      k =  160 ; sb/Sb = 0.353087949922896 ; sb = 844.033992562246
      k =   19 ; sb/Sb = 0.452480751398756 ; sb = 1081.62607997258
      k =  136 ; sb/Sb = 0.602761020153562 ; sb = 1440.8613789063
      k =  150 ; sb/Sb = 0.677901154530965 ; sb = 1620.47902837316
      k =   18 ; sb/Sb = 0.753041288908368 ; sb = 1800.09667784002
      Creating new point: f = 0.00147422536163858
    i = 51 ; sf/Sf = 0.722644641069169 ; sf = 2065.92890592581
      k =   22 ; sb/Sb = 0 ; sb = 0
      k =   21 ; sb/Sb = 0.121604966687054 ; sb = 290.688837074973
      k =   20 ; sb/Sb = 0.253695148447037 ; sb = 606.441905151912
      k =  160 ; sb/Sb = 0.353087949922896 ; sb = 844.033992562246
      k =   19 ; sb/Sb = 0.452480751398756 ; sb = 1081.62607997258
      k =  136 ; sb/Sb = 0.602761020153562 ; sb = 1440.8613789063
      k =  150 ; sb/Sb = 0.677901154530965 ; sb = 1620.47902837316
      k =   18 ; sb/Sb = 0.753041288908368 ; sb = 1800.09667784002
      Creating new point: f = 0.595467214810559
    i = 50 ; sf/Sf = 0.767277354115596 ; sf = 2193.52690747756
      k =   22 ; sb/Sb = 0 ; sb = 0
      k =   21 ; sb/Sb = 0.121604966687054 ; sb = 290.688837074973
      k =   20 ; sb/Sb = 0.253695148447037 ; sb = 606.441905151912
      k =  160 ; sb/Sb = 0.353087949922896 ; sb = 844.033992562246
      k =   19 ; sb/Sb = 0.452480751398756 ; sb = 1081.62607997258
      k =  136 ; sb/Sb = 0.602761020153562 ; sb = 1440.8613789063
      k =  150 ; sb/Sb = 0.677901154530965 ; sb = 1620.47902837316
      k =   18 ; sb/Sb = 0.753041288908368 ; sb = 1800.09667784002
      k =   60 ; sb/Sb = 0.876520644454184 ; sb = 2095.26612070293
      Creating new point: f = 0.115291055288554
    i = 29 ; sf/Sf = 0.856542780208451 ; sf = 2448.72291058106
      k =   22 ; sb/Sb = 0 ; sb = 0
      k =   21 ; sb/Sb = 0.121604966687054 ; sb = 290.688837074973
      k =   20 ; sb/Sb = 0.253695148447037 ; sb = 606.441905151912
      k =  160 ; sb/Sb = 0.353087949922896 ; sb = 844.033992562246
      k =   19 ; sb/Sb = 0.452480751398756 ; sb = 1081.62607997258
      k =  136 ; sb/Sb = 0.602761020153562 ; sb = 1440.8613789063
      k =  150 ; sb/Sb = 0.677901154530965 ; sb = 1620.47902837316
      k =   18 ; sb/Sb = 0.753041288908368 ; sb = 1800.09667784002
      k =   60 ; sb/Sb = 0.876520644454184 ; sb = 2095.26612070293
      Creating new point: f = 0.838208871779211
Tear 2 : Sf = 1051.1742160541 ; Sb = 826.554730917512
  Forwards path
    i = 392 ; sf/Sf = 0.195541371517398 ; sf = 205.548047910945
      k =   37 ; sb/Sb = 0 ; sb = 0
      k =   36 ; sb/Sb = 0.491290890845394 ; sb = 406.078810084939
      Creating new point: f = 0.398015463264378
    i = 38 ; sf/Sf = 0.391082743034797 ; sf = 411.096095821889
      k =   37 ; sb/Sb = 0 ; sb = 0
      k =   36 ; sb/Sb = 0.491290890845394 ; sb = 406.078810084939
      Creating new point: f = 0.796030926528756
    i = 110 ; sf/Sf = 0.695541371517398 ; sf = 731.135155937995
      k =   37 ; sb/Sb = 0 ; sb = 0
      k =   36 ; sb/Sb = 0.491290890845394 ; sb = 406.078810084939
      k =  419 ; sb/Sb = 0.745645445422697 ; sb = 616.316770501225
      Creating new point: f = 0.803014834986684
Tear 3 : Sf = 781.024967590665 ; Sb = 336.005952328229
  Forwards path
    i = 8 ; sf/Sf = 0.5 ; sf = 390.512483795333
      k =    7 ; sb/Sb = 0 ; sb = 0
      k =    6 ; sb/Sb = 1 ; sb = 336.005952328229
      Creating new point: f = 0.5
    i = 261 ; sf/Sf = 0.75 ; sf = 585.768725692999
      k =    7 ; sb/Sb = 0 ; sb = 0
      k =    6 ; sb/Sb = 1 ; sb = 336.005952328229
      Creating new point: f = 0.75
Tear 4 : Sf = 410.121933088198 ; Sb = 764.132726381364
  Forwards path
Tear 1 : Sf = 2390.43556356584 ; Sb = 2858.84484366926
  Backwards path
    i = 21 ; sf/Sf = 0.121604966687054 ; sf = 290.688837074973
      k =   22 ; sb/Sb = 0 ; sb = 0
      k =   23 ; sb/Sb = 0.189178749073158 ; sb = 540.832691319598
      Creating new point: f = 0.642804581819216
    i = 20 ; sf/Sf = 0.253695148447037 ; sf = 606.441905151912
      k =   22 ; sb/Sb = 0 ; sb = 0
      k =   23 ; sb/Sb = 0.189178749073158 ; sb = 540.832691319598
      k =   66 ; sb/Sb = 0.322524622385212 ; sb = 922.047853662336
      Creating new point: f = 0.48382749140574
    i = 160 ; sf/Sf = 0.353087949922896 ; sf = 844.033992562246
      k =   22 ; sb/Sb = 0 ; sb = 0
      k =   23 ; sb/Sb = 0.189178749073158 ; sb = 540.832691319598
      k =   66 ; sb/Sb = 0.322524622385212 ; sb = 922.047853662336
      k =   24 ; sb/Sb = 0.455870495697265 ; sb = 1303.26301600507
      Creating new point: f = 0.229203399989448
    i = 19 ; sf/Sf = 0.452480751398756 ; sf = 1081.62607997258
      k =   22 ; sb/Sb = 0 ; sb = 0
      k =   23 ; sb/Sb = 0.189178749073158 ; sb = 540.832691319598
      k =   66 ; sb/Sb = 0.322524622385212 ; sb = 922.047853662336
      k =   24 ; sb/Sb = 0.455870495697265 ; sb = 1303.26301600507
      Creating new point: f = 0.974579308573156
    i = 136 ; sf/Sf = 0.602761020153562 ; sf = 1440.8613789063
      k =   22 ; sb/Sb = 0 ; sb = 0
      k =   23 ; sb/Sb = 0.189178749073158 ; sb = 540.832691319598
      k =   66 ; sb/Sb = 0.322524622385212 ; sb = 922.047853662336
      k =   24 ; sb/Sb = 0.455870495697265 ; sb = 1303.26301600507
      k =   25 ; sb/Sb = 0.543597790389409 ; sb = 1554.06174008476
      k =   26 ; sb/Sb = 0.598904703375104 ; sb = 1712.17562309318
      k =   43 ; sb/Sb = 0.626242766668029 ; sb = 1790.33090437407
      Creating new point: f = 0.14106035007447
    i = 150 ; sf/Sf = 0.677901154530965 ; sf = 1620.47902837316
      k =   22 ; sb/Sb = 0 ; sb = 0
      k =   23 ; sb/Sb = 0.189178749073158 ; sb = 540.832691319598
      k =   66 ; sb/Sb = 0.322524622385212 ; sb = 922.047853662336
      k =   24 ; sb/Sb = 0.455870495697265 ; sb = 1303.26301600507
      k =   25 ; sb/Sb = 0.543597790389409 ; sb = 1554.06174008476
      k =   26 ; sb/Sb = 0.598904703375104 ; sb = 1712.17562309318
      k =   43 ; sb/Sb = 0.626242766668029 ; sb = 1790.33090437407
      k =   44 ; sb/Sb = 0.648629431037635 ; sb = 1854.33090437407
      k =   45 ; sb/Sb = 0.659822763222437 ; sb = 1886.33090437407
      k =   46 ; sb/Sb = 0.665419429314838 ; sb = 1902.33090437407
      k =   48 ; sb/Sb = 0.668217762361039 ; sb = 1910.33090437407
      k =   27 ; sb/Sb = 0.67101609540724 ; sb = 1918.33090437407
      k =   47 ; sb/Sb = 0.67381442845344 ; sb = 1926.33090437407
      k =   28 ; sb/Sb = 0.678011928022741 ; sb = 1938.33090437407
      Creating new point: f = 0.973609647851731
    i = 18 ; sf/Sf = 0.753041288908368 ; sf = 1800.09667784002
      k =   22 ; sb/Sb = 0 ; sb = 0
      k =   23 ; sb/Sb = 0.189178749073158 ; sb = 540.832691319598
      k =   66 ; sb/Sb = 0.322524622385212 ; sb = 922.047853662336
      k =   24 ; sb/Sb = 0.455870495697265 ; sb = 1303.26301600507
      k =   25 ; sb/Sb = 0.543597790389409 ; sb = 1554.06174008476
      k =   26 ; sb/Sb = 0.598904703375104 ; sb = 1712.17562309318
      k =   43 ; sb/Sb = 0.626242766668029 ; sb = 1790.33090437407
      k =   44 ; sb/Sb = 0.648629431037635 ; sb = 1854.33090437407
      k =   45 ; sb/Sb = 0.659822763222437 ; sb = 1886.33090437407
      k =   46 ; sb/Sb = 0.665419429314838 ; sb = 1902.33090437407
      k =   48 ; sb/Sb = 0.668217762361039 ; sb = 1910.33090437407
      k =   27 ; sb/Sb = 0.67101609540724 ; sb = 1918.33090437407
      k =   47 ; sb/Sb = 0.67381442845344 ; sb = 1926.33090437407
      k =   28 ; sb/Sb = 0.678011928022741 ; sb = 1938.33090437407
      k =   51 ; sb/Sb = 0.722644641069169 ; sb = 2065.92890592581
      k =   50 ; sb/Sb = 0.767277354115596 ; sb = 2193.52690747756
      Creating new point: f = 0.681039662715123
    i = 60 ; sf/Sf = 0.876520644454184 ; sf = 2095.26612070293
      k =   22 ; sb/Sb = 0 ; sb = 0
      k =   23 ; sb/Sb = 0.189178749073158 ; sb = 540.832691319598
      k =   66 ; sb/Sb = 0.322524622385212 ; sb = 922.047853662336
      k =   24 ; sb/Sb = 0.455870495697265 ; sb = 1303.26301600507
      k =   25 ; sb/Sb = 0.543597790389409 ; sb = 1554.06174008476
      k =   26 ; sb/Sb = 0.598904703375104 ; sb = 1712.17562309318
      k =   43 ; sb/Sb = 0.626242766668029 ; sb = 1790.33090437407
      k =   44 ; sb/Sb = 0.648629431037635 ; sb = 1854.33090437407
      k =   45 ; sb/Sb = 0.659822763222437 ; sb = 1886.33090437407
      k =   46 ; sb/Sb = 0.665419429314838 ; sb = 1902.33090437407
      k =   48 ; sb/Sb = 0.668217762361039 ; sb = 1910.33090437407
      k =   27 ; sb/Sb = 0.67101609540724 ; sb = 1918.33090437407
      k =   47 ; sb/Sb = 0.67381442845344 ; sb = 1926.33090437407
      k =   28 ; sb/Sb = 0.678011928022741 ; sb = 1938.33090437407
      k =   51 ; sb/Sb = 0.722644641069169 ; sb = 2065.92890592581
      k =   50 ; sb/Sb = 0.767277354115596 ; sb = 2193.52690747756
      k =   29 ; sb/Sb = 0.856542780208451 ; sb = 2448.72291058106
      k =   30 ; sb/Sb = 1 ; sb = 2858.84484366926
      Creating new point: f = 0.139260082376909
Tear 2 : Sf = 826.554730917512 ; Sb = 1051.1742160541
  Backwards path
    i = 36 ; sf/Sf = 0.491290890845394 ; sf = 406.078810084939
      k =   37 ; sb/Sb = 0 ; sb = 0
      k =  392 ; sb/Sb = 0.195541371517398 ; sb = 205.548047910945
      k =   38 ; sb/Sb = 0.391082743034797 ; sb = 411.096095821889
      k =  110 ; sb/Sb = 0.695541371517398 ; sb = 731.135155937995
      Creating new point: f = 0.329135516079892
    i = 419 ; sf/Sf = 0.745645445422697 ; sf = 616.316770501225
      k =   37 ; sb/Sb = 0 ; sb = 0
      k =  392 ; sb/Sb = 0.195541371517398 ; sb = 205.548047910945
      k =   38 ; sb/Sb = 0.391082743034797 ; sb = 411.096095821889
      k =  110 ; sb/Sb = 0.695541371517398 ; sb = 731.135155937995
      k =   39 ; sb/Sb = 1 ; sb = 1051.1742160541
      Creating new point: f = 0.164567758039946
Tear 3 : Sf = 336.005952328229 ; Sb = 781.024967590665
  Backwards path
Tear 4 : Sf = 764.132726381364 ; Sb = 410.121933088198
  Backwards path
    i = 148 ; sf/Sf = 0.275132778845753 ; sf = 210.237960416286
      k =   14 ; sb/Sb = 0 ; sb = 0
      k =   15 ; sb/Sb = 1 ; sb = 410.121933088198
      Creating new point: f = 0.275132778845753
    i = 13 ; sf/Sf = 0.550265557691506 ; sf = 420.475920832573
      k =   14 ; sb/Sb = 0 ; sb = 0
      k =   15 ; sb/Sb = 1 ; sb = 410.121933088198
      Creating new point: f = 0.550265557691506
Triangulating...
[1] "Non-adjacent points in rim connected by line: 48 47"
[1] "In triangle: 28" "In triangle: 35"
[1] "Other points in triangles: 440 441"
Merging points...
Projecting to sphere...
Optimising mapping with FIRE...
E =  0.00794 | E_L =  0.00794 | E_A =  0.00000 |   0 flippped triangles
E =  0.00665 | E_L =  0.00665 | E_A =  0.00000 |  63 flippped triangles
        phi0    phi0.1    phi0.2    phi0.3    phi0.4    phi0.5    phi0.6
id     5.000   7.00000   11.0000  14.00000    18.000    19.000  20.00000
A   3270.221  54.04065  225.7437  66.49839  5247.624  2595.884  33.24920
a  -3367.707 -34.08956 -218.7343 -38.69057 -3649.325 -3622.113 -28.88676
      phi0.7    phi0.8    phi0.9   phi0.10   phi0.11   phi0.12   phi0.13
id    21.000   22.0000   23.0000 28.000000 31.000000 33.000000    34.000
A   2288.762  403.3935  148.1785  1.749043  3.493716  7.160967  6267.814
a  -2477.297 -418.3094 -103.6848 -1.176100 -2.870106 -2.629657 -2102.656
     phi0.14   phi0.15  phi0.16   phi0.17   phi0.18   phi0.19   phi0.20
id   39.0000  40.00000    42.00    43.000  44.00000   46.0000   47.0000
A   635.8037 169.34689  1228.94  7641.691 123.54573  603.6643  996.8484
a  -687.8374 -81.65173 -1274.81 -1188.130 -98.66729 -576.5970 -548.5769
     phi0.21   phi0.22   phi0.23   phi0.24     phi0.25   phi0.26   phi0.27
id    48.000  51.00000  58.00000  60.00000 62.00000000  64.00000   66.0000
A   2235.814  40.29163 126.49108  33.24920  0.09444318  66.49839  160.7278
a  -1847.049 -52.92257 -75.35865 -36.49786 -0.07246478 -69.16274 -121.2411
     phi0.28   phi0.29   phi0.30    phi0.31   phi0.32   phi0.33   phi0.34
id  90.00000    93.000 115.00000  119.00000  126.0000 127.00000   128.000
A   88.43676  1641.538  38.45159 1992.04926  163.7086  14.27022  1520.565
a  -51.79762 -1827.566 -23.41252  -88.04152 -141.7283 -10.66899 -1081.772
    phi0.35   phi0.36   phi0.37    phi0.38    phi0.39   phi0.40   phi0.41
id  129.000 136.00000  139.0000 184.000000 194.000000    232.00    246.00
A   241.144 368.75347 2939.6777   3.484258   6.191817  24084.63  21140.61
a  -224.256 -27.59081 -667.4796  -2.925194  -7.036108 -16965.24 -22898.22
     phi0.42   phi0.43   phi0.44   phi0.45   phi0.46   phi0.47   phi0.48
id   249.000    251.00    252.00   279.000    285.00    294.00   436.000
A  21397.935  19477.55  20048.82 17759.593  20071.53  20853.29 17913.399
a  -1160.485 -11366.28 -12880.49 -6664.247 -17441.47 -19755.55 -8966.405
     phi0.49   phi0.50   phi0.51   phi0.52   phi0.53   phi0.54   phi0.55
id    437.00    438.00   440.000   441.000    573.00    577.00    672.00
A   18124.10  15762.00 15679.054 31942.231  17407.87  15761.78  18330.41
a  -17838.44 -13563.92 -2956.432 -5396.699 -12874.51 -10148.89 -11800.67
     phi0.56   phi0.57   phi0.58   phi0.59   phi0.60   phi0.61     phi0.62
id   747.000    748.00    828.00    829.00    845.00   865.000 905.0000000
A  15529.491  25688.11  22861.66  14980.19  19511.45  3367.324   0.8539219
a  -3630.958 -21150.71 -18936.81 -17714.46 -16762.37 -4488.635  -0.3976150
E =  0.00644 | E_L =  0.00644 | E_A =  0.00000 |  61 flippped triangles
        phi0    phi0.1    phi0.2    phi0.3    phi0.4    phi0.5    phi0.6
id   7.00000   11.0000  14.00000    19.000  20.00000    21.000   22.0000
A   54.04065  225.7437  66.49839  2595.884  33.24920  2288.762  403.3935
a  -40.98623 -165.8198 -59.85743 -1389.574 -33.79366 -2290.483 -491.6370
      phi0.7    phi0.8    phi0.9    phi0.10   phi0.11   phi0.12   phi0.13
id  23.00000 30.000000 33.000000 35.0000000 37.000000   39.0000    42.000
A  148.17846  3.415687  7.160967  0.8734289  4.542316  635.8037  1228.940
a  -55.72555 -4.673395 -3.116857 -0.8429222 -3.664354 -525.5746 -1029.263
     phi0.14   phi0.15   phi0.16   phi0.17   phi0.18    phi0.19   phi0.20
id   44.0000   46.0000   47.0000    48.000  51.00000 52.0000000   58.0000
A   123.5457  603.6643  996.8484  2235.814  40.29163  0.7487899  126.4911
a  -111.8763 -522.0562 -769.9504 -1613.310 -41.59546 -0.5271626 -138.6006
    phi0.21     phi0.22   phi0.23   phi0.24  phi0.25   phi0.26   phi0.27
id  60.0000 62.00000000  64.00000  66.00000   93.000 115.00000  126.0000
A   33.2492  0.09444318  66.49839 160.72777 1641.538  38.45159  163.7086
a  -34.9725 -0.08693207 -58.96556 -56.83269 -595.369 -30.58676 -114.1722
     phi0.28   phi0.29   phi0.30    phi0.31     phi0.32    phi0.33   phi0.34
id   128.000  129.0000  139.0000 194.000000 226.0000000   239.0000    246.00
A   1520.565  241.1440 2939.6777   6.191817   1.0140443 17389.9729  21140.61
a  -1091.362 -196.9948 -434.5919  -5.410735  -0.6856655  -415.7227 -24155.47
     phi0.35   phi0.36   phi0.37   phi0.38   phi0.39   phi0.40   phi0.41
id    249.00    251.00    271.00    279.00    285.00    294.00    436.00
A   21397.93  19477.55  18715.43  17759.59  20071.53  20853.29  17913.40
a  -10723.68 -19408.14 -11731.99 -16843.30 -18105.81 -22694.46 -10566.01
     phi0.42   phi0.43   phi0.44   phi0.45   phi0.46   phi0.47   phi0.48
id    437.00    438.00   440.000    441.00    456.00    457.00    459.00
A   18124.10  15762.00 15679.054  31942.23  21980.71  30701.53  18156.91
a  -19147.92 -14493.31 -4509.289 -10596.52 -20325.14 -21603.87 -18762.44
     phi0.49   phi0.50   phi0.51   phi0.52   phi0.53   phi0.54   phi0.55
id    467.00    478.00    573.00    577.00    672.00   747.000    748.00
A   26019.04  15893.06  17407.87  15761.78  18330.41 15529.491  25688.11
a  -22648.94 -13493.05 -12473.96 -15017.48 -10941.39 -1690.952 -22268.93
     phi0.56   phi0.57   phi0.58   phi0.59    phi0.60
id    828.00    829.00    845.00   865.000 904.000000
A   22861.66  14980.19  19511.45  3367.324   1.729536
a  -19394.59 -18695.72 -18020.09 -4020.322  -1.948225
E =  0.00639 | E_L =  0.00639 | E_A =  0.00000 |  61 flippped triangles
        phi0    phi0.1    phi0.2    phi0.3   phi0.4    phi0.5    phi0.6
id   7.00000   11.0000  14.00000    19.000  20.0000    21.000   22.0000
A   54.04065  225.7437  66.49839  2595.884  33.2492  2288.762  403.3935
a  -32.98015 -179.3044 -60.41318 -1677.924 -31.5453 -2508.933 -493.2841
      phi0.7    phi0.8    phi0.9    phi0.10   phi0.11   phi0.12   phi0.13
id  23.00000 30.000000 33.000000 35.0000000 37.000000   39.0000    42.000
A  148.17846  3.415687  7.160967  0.8734289  4.542316  635.8037  1228.940
a  -75.40812 -4.931203 -4.924579 -0.8394463 -3.786857 -571.9233 -1088.333
     phi0.14   phi0.15   phi0.16   phi0.17   phi0.18    phi0.19   phi0.20
id   44.0000   46.0000   47.0000    48.000  51.00000 52.0000000   58.0000
A   123.5457  603.6643  996.8484  2235.814  40.29163  0.7487899  126.4911
a  -113.0230 -552.5903 -807.8461 -1793.385 -44.53856 -0.7314316 -112.6508
    phi0.21   phi0.22   phi0.23   phi0.24   phi0.25     phi0.26   phi0.27
id  60.0000  64.00000  66.00000   93.0000 115.00000 117.0000000  126.0000
A   33.2492  66.49839 160.72777 1641.5384  38.45159   0.1350821  163.7086
a  -36.5662 -61.35503 -98.95189 -635.4991 -29.90076  -0.1039787 -133.0514
     phi0.28   phi0.29   phi0.30    phi0.31   phi0.32   phi0.33   phi0.34
id   128.000  129.0000   139.000 194.000000    246.00   249.000    251.00
A   1520.565  241.1440  2939.678   6.191817  21140.61 21397.935  19477.55
a  -1223.928 -233.1512 -1190.375  -4.419139 -23505.11 -8582.514 -18697.64
     phi0.35   phi0.36   phi0.37   phi0.38   phi0.39  phi0.40   phi0.41
id    271.00    279.00    285.00    294.00   436.000    437.0    438.00
A   18715.43  17759.59  20071.53  20853.29 17913.399  18124.1  15762.00
a  -10361.51 -15890.26 -17242.02 -22566.81 -9888.492 -18634.2 -14203.75
     phi0.42   phi0.43   phi0.44   phi0.45   phi0.46   phi0.47   phi0.48
id   440.000   441.000    456.00    457.00    459.00    467.00    478.00
A  15679.054 31942.231  21980.71  30701.53  18156.91  26019.04  15893.06
a  -4649.147 -9168.962 -20618.77 -22892.05 -18920.05 -20884.36 -12504.07
     phi0.49   phi0.50   phi0.51   phi0.52   phi0.53   phi0.54   phi0.55
id    573.00    577.00   671.000    672.00   747.000    748.00   826.000
A   17407.87  15761.78  4871.260  18330.41 15529.491  25688.11 10188.435
a  -12595.07 -14821.20 -4299.523 -11212.04 -1148.537 -22516.63 -6975.274
     phi0.56   phi0.57   phi0.58   phi0.59    phi0.60
id    828.00    829.00    845.00   865.000 904.000000
A   22861.66  14980.19  19511.45  3367.324   1.729536
a  -20377.81 -19009.60 -18716.32 -4127.288  -1.461359
E =  0.00639 | E_L =  0.00639 | E_A =  0.00000 |  60 flippped triangles
        phi0    phi0.1    phi0.2    phi0.3    phi0.4    phi0.5    phi0.6
id   7.00000   11.0000  14.00000    19.000  20.00000    21.000   22.0000
A   54.04065  225.7437  66.49839  2595.884  33.24920  2288.762  403.3935
a  -36.90820 -160.6823 -63.05354 -2417.901 -33.74644 -2684.416 -488.8228
     phi0.7    phi0.8    phi0.9    phi0.10   phi0.11   phi0.12   phi0.13
id  23.0000 30.000000 33.000000 35.0000000 37.000000   39.0000    42.000
A  148.1785  3.415687  7.160967  0.8734289  4.542316  635.8037  1228.940
a  -73.3175 -5.057249 -2.264868 -0.8549971 -4.138900 -535.8219 -1032.475
     phi0.14   phi0.15   phi0.16   phi0.17   phi0.18    phi0.19   phi0.20
id   44.0000   46.0000   47.0000    48.000  51.00000 52.0000000   58.0000
A   123.5457  603.6643  996.8484  2235.814  40.29163  0.7487899  126.4911
a  -111.6704 -526.4505 -806.5774 -1673.118 -44.02470 -0.7020132 -110.8576
     phi0.21   phi0.22   phi0.23  phi0.24   phi0.25     phi0.26   phi0.27
id  60.00000  64.00000  66.00000   93.000 115.00000 117.0000000  126.0000
A   33.24920  66.49839 160.72777 1641.538  38.45159   0.1350821  163.7086
a  -36.88586 -61.20892 -71.17159 -187.690 -31.28268  -0.1004940 -133.2995
     phi0.28   phi0.29    phi0.30   phi0.31  phi0.32   phi0.33   phi0.34
id   128.000  129.0000 194.000000    246.00   249.00    251.00    271.00
A   1520.565  241.1440   6.191817  21140.61 21397.93  19477.55  18715.43
a  -1136.220 -198.8247  -4.782808 -23634.61 -8991.07 -18816.25 -10659.89
     phi0.35   phi0.36   phi0.37   phi0.38   phi0.39   phi0.40   phi0.41
id    279.00    285.00    294.00    436.00    437.00    438.00   440.000
A   17759.59  20071.53  20853.29  17913.40  18124.10  15762.00 15679.054
a  -16120.12 -17426.37 -22621.68 -10664.47 -18984.53 -14305.24 -5582.723
    phi0.42   phi0.43   phi0.44   phi0.45   phi0.46   phi0.47   phi0.48
id   441.00    456.00    457.00    459.00    467.00    478.00    573.00
A  31942.23  21980.71  30701.53  18156.91  26019.04  15893.06  17407.87
a  -9857.21 -20111.06 -21568.04 -18530.97 -20640.92 -12348.40 -12429.56
     phi0.49   phi0.50   phi0.51   phi0.52   phi0.53   phi0.54   phi0.55
id    577.00   671.000    672.00   747.000    748.00   826.000    828.00
A   15761.78  4871.260  18330.41 15529.491  25688.11 10188.435  22861.66
a  -14973.98 -4211.017 -11481.70 -2263.564 -22451.15 -6448.013 -20670.61
     phi0.56   phi0.57   phi0.58    phi0.59
id    829.00    845.00   865.000 904.000000
A   14980.19  19511.45  3367.324   1.729536
a  -19108.99 -18881.14 -4085.615  -1.908647
FIRE:  7  stops.  0 hits of maxmove.  0 hits of dtmax.
Frms = 9.82965060890689e-06; Ftanrms = 9.8284679966559e-06
E =  0.01059 | E_L =  0.01057 | E_A =  0.00002 |   0 flippped triangles
E =  0.00911 | E_L =  0.00906 | E_A =  0.00005 |   0 flippped triangles
E =  0.00848 | E_L =  0.00848 | E_A =  0.00000 |   0 flippped triangles
E =  0.00834 | E_L =  0.00834 | E_A =  0.00000 |   0 flippped triangles
E =  0.00828 | E_L =  0.00828 | E_A =  0.00000 |   0 flippped triangles
E =  0.00828 | E_L =  0.00828 | E_A =  0.00000 |   0 flippped triangles
Optimising mapping with BFGS...
E =  0.00828 | E_L =  0.00828 | E_A =  0.00000 |   0 flippped triangles
Transforming image...
Mapping optimised. Error: 0.008276222 ; 0 flipped triangles.
Inferring coordinates of datapoints
Inferring coordinates of landmarks
Mapping optimised. Error: 0.008276222 ; 0 flipped triangles. OD displacement: 10.68039 degrees.
Computing Kernel Density estimates of datapoints

[1] 0.8
Saving developmental_retina/data/C57BL6J/P0/single/GM116-1/R-CONTRA/r.mat
