[1] "Adding old segment 1"
[1] "Adding old segment 3"
[1] "Adding old segment 4"
[1] "Storing new segment 1"
[1] "Adding old segment 2"
[1] "Storing new segment 2"
simplify.outline: Removing vertex 1
simplify.outline: Removing vertex 48
Triangulating...
[1] "Non-adjacent points in rim connected by line: 14 12"
[1] "In triangle: 62"  "In triangle: 177"
[1] "Other points in triangles: 13 131"
[1] "Non-adjacent points in rim connected by line: 30 28"
[1] "In triangle: 137" "In triangle: 138"
[1] "Other points in triangles: 29 94"
[1] "Non-adjacent points in rim connected by line: 46 44"
[1] "In triangle: 85" "In triangle: 98"
[1] "Other points in triangles: 47 45"
[1] "Non-adjacent points in rim connected by line: 47 44"
[1] "In triangle: 27"  "In triangle: 775"
[1] "Other points in triangles: 93 433"
[1] "Non-adjacent points in rim connected by line: 65 63"
[1] "In triangle: 32" "In triangle: 34"
[1] "Other points in triangles: 101 64"
[1] "Non-adjacent points in rim connected by line: 77 68"
[1] "In triangle: 6"  "In triangle: 51"
[1] "Other points in triangles: 79 67"
Stitching...
Tear 1 child of rim
Tear 2 child of rim
Tear 3 child of rim
Tear 4 child of rim
Tear 1 : Sf = 1411.95115177948 ; Sb = 1378.81293935756
  Forwards path
    i = 423 ; sf/Sf = 0.149403349281192 ; sf = 210.95023109729
      k =   59 ; sb/Sb = 0 ; sb = 0
      k =   60 ; sb/Sb = 0.161034195991227 ; sb = 222.036033111745
      Creating new point: f = 0.927774056693714
    i = 58 ; sf/Sf = 0.298806698562383 ; sf = 421.90046219458
      k =   59 ; sb/Sb = 0 ; sb = 0
      k =   60 ; sb/Sb = 0.161034195991227 ; sb = 222.036033111745
      k =   61 ; sb/Sb = 0.38445713265044 ; sb = 530.094469126732
      Creating new point: f = 0.616644399322796
    i = 276 ; sf/Sf = 0.466593774277481 ; sf = 658.807617004222
      k =   59 ; sb/Sb = 0 ; sb = 0
      k =   60 ; sb/Sb = 0.161034195991227 ; sb = 222.036033111745
      k =   61 ; sb/Sb = 0.38445713265044 ; sb = 530.094469126732
      k =  152 ; sb/Sb = 0.510598443298641 ; sb = 704.019740435993
      Creating new point: f = 0.651147837333905
    i = 57 ; sf/Sf = 0.634380849992579 ; sf = 895.714771813865
      k =   59 ; sb/Sb = 0 ; sb = 0
      k =   60 ; sb/Sb = 0.161034195991227 ; sb = 222.036033111745
      k =   61 ; sb/Sb = 0.38445713265044 ; sb = 530.094469126732
      k =  152 ; sb/Sb = 0.510598443298641 ; sb = 704.019740435993
      k =   62 ; sb/Sb = 0.636739753946843 ; sb = 877.945011745254
      Creating new point: f = 0.981299512886442
    i = 92 ; sf/Sf = 0.817190424996289 ; sf = 1153.83296179667
      k =   59 ; sb/Sb = 0 ; sb = 0
      k =   60 ; sb/Sb = 0.161034195991227 ; sb = 222.036033111745
      k =   61 ; sb/Sb = 0.38445713265044 ; sb = 530.094469126732
      k =  152 ; sb/Sb = 0.510598443298641 ; sb = 704.019740435993
      k =   62 ; sb/Sb = 0.636739753946843 ; sb = 877.945011745254
      k =   63 ; sb/Sb = 0.804179383371755 ; sb = 1108.81293935756
      k =   64 ; sb/Sb = 1 ; sb = 1378.81293935756
      Creating new point: f = 0.0664436760978796
Tear 2 : Sf = 942.284443244979 ; Sb = 1604.10338958126
  Forwards path
    i = 41 ; sf/Sf = 0.223871074821986 ; sf = 210.95023109729
      k =   42 ; sb/Sb = 0 ; sb = 0
      k =   43 ; sb/Sb = 0.109050674651977 ; sb = 174.928556845359
      k =   44 ; sb/Sb = 0.349686773184964 ; sb = 560.933738157735
      Creating new point: f = 0.477153680889939
    i = 40 ; sf/Sf = 0.657428019590623 ; sf = 619.4841954136
      k =   42 ; sb/Sb = 0 ; sb = 0
      k =   43 ; sb/Sb = 0.109050674651977 ; sb = 174.928556845359
      k =   44 ; sb/Sb = 0.349686773184964 ; sb = 560.933738157735
      k =   45 ; sb/Sb = 0.50403366233868 ; sb = 808.522106220534
      k =   46 ; sb/Sb = 0.55766066246171 ; sb = 894.54535889096
      k =   47 ; sb/Sb = 0.626234795971093 ; sb = 1004.54535889096
      k =   48 ; sb/Sb = 0.707516369809104 ; sb = 1134.92940699501
      Creating new point: f = 0.38376746594125
Tear 3 : Sf = 2991.1029917226 ; Sb = 3416.65851675009
  Forwards path
    i = 5 ; sf/Sf = 0.0528613970986536 ; sf = 158.113883008419
      k =    6 ; sb/Sb = 0 ; sb = 0
      k =    7 ; sb/Sb = 0.0675712619451078 ; sb = 230.867927612304
      Creating new point: f = 0.782305903086375
    i = 4 ; sf/Sf = 0.120059856322106 ; sf = 359.111395430837
      k =    6 ; sb/Sb = 0 ; sb = 0
      k =    7 ; sb/Sb = 0.0675712619451078 ; sb = 230.867927612304
      k =    8 ; sb/Sb = 0.139561914894218 ; sb = 476.835405137281
      Creating new point: f = 0.729102907485813
    i = 3 ; sf/Sf = 0.230387050308145 ; sf = 689.111395430837
      k =    6 ; sb/Sb = 0 ; sb = 0
      k =    7 ; sb/Sb = 0.0675712619451078 ; sb = 230.867927612304
      k =    8 ; sb/Sb = 0.139561914894218 ; sb = 476.835405137281
      k =    9 ; sb/Sb = 0.23141982079581 ; sb = 790.682501666785
      Creating new point: f = 0.98875686880156
    i = 2 ; sf/Sf = 0.334027747688969 ; sf = 999.111395430837
      k =    6 ; sb/Sb = 0 ; sb = 0
      k =    7 ; sb/Sb = 0.0675712619451078 ; sb = 230.867927612304
      k =    8 ; sb/Sb = 0.139561914894218 ; sb = 476.835405137281
      k =    9 ; sb/Sb = 0.23141982079581 ; sb = 790.682501666785
      k =   10 ; sb/Sb = 0.277697165234322 ; sb = 948.796384675204
      k =   11 ; sb/Sb = 0.36048059562047 ; sb = 1231.63909714982
      Creating new point: f = 0.680457214588596
    i = 1 ; sf/Sf = 0.458088840647818 ; sf = 1370.19090173643
      k =    6 ; sb/Sb = 0 ; sb = 0
      k =    7 ; sb/Sb = 0.0675712619451078 ; sb = 230.867927612304
      k =    8 ; sb/Sb = 0.139561914894218 ; sb = 476.835405137281
      k =    9 ; sb/Sb = 0.23141982079581 ; sb = 790.682501666785
      k =   10 ; sb/Sb = 0.277697165234322 ; sb = 948.796384675204
      k =   11 ; sb/Sb = 0.36048059562047 ; sb = 1231.63909714982
      k =   12 ; sb/Sb = 0.48619834873876 ; sb = 1661.17372904811
      Creating new point: f = 0.776407807221208
    i = 76 ; sf/Sf = 0.502062406500832 ; sf = 1501.72036611609
      k =    6 ; sb/Sb = 0 ; sb = 0
      k =    7 ; sb/Sb = 0.0675712619451078 ; sb = 230.867927612304
      k =    8 ; sb/Sb = 0.139561914894218 ; sb = 476.835405137281
      k =    9 ; sb/Sb = 0.23141982079581 ; sb = 790.682501666785
      k =   10 ; sb/Sb = 0.277697165234322 ; sb = 948.796384675204
      k =   11 ; sb/Sb = 0.36048059562047 ; sb = 1231.63909714982
      k =   12 ; sb/Sb = 0.48619834873876 ; sb = 1661.17372904811
      k =   13 ; sb/Sb = 0.532010582433648 ; sb = 1817.6984874731
      Creating new point: f = 0.346284310599818
    i = 75 ; sf/Sf = 0.601801091069402 ; sf = 1800.04904391961
      k =    6 ; sb/Sb = 0 ; sb = 0
      k =    7 ; sb/Sb = 0.0675712619451078 ; sb = 230.867927612304
      k =    8 ; sb/Sb = 0.139561914894218 ; sb = 476.835405137281
      k =    9 ; sb/Sb = 0.23141982079581 ; sb = 790.682501666785
      k =   10 ; sb/Sb = 0.277697165234322 ; sb = 948.796384675204
      k =   11 ; sb/Sb = 0.36048059562047 ; sb = 1231.63909714982
      k =   12 ; sb/Sb = 0.48619834873876 ; sb = 1661.17372904811
      k =   13 ; sb/Sb = 0.532010582433648 ; sb = 1817.6984874731
      k =   14 ; sb/Sb = 0.615206900320698 ; sb = 2101.95189554414
      Creating new point: f = 0.838865353758847
    i = 74 ; sf/Sf = 0.687430028022124 ; sf = 2056.17401341693
      k =    6 ; sb/Sb = 0 ; sb = 0
      k =    7 ; sb/Sb = 0.0675712619451078 ; sb = 230.867927612304
      k =    8 ; sb/Sb = 0.139561914894218 ; sb = 476.835405137281
      k =    9 ; sb/Sb = 0.23141982079581 ; sb = 790.682501666785
      k =   10 ; sb/Sb = 0.277697165234322 ; sb = 948.796384675204
      k =   11 ; sb/Sb = 0.36048059562047 ; sb = 1231.63909714982
      k =   12 ; sb/Sb = 0.48619834873876 ; sb = 1661.17372904811
      k =   13 ; sb/Sb = 0.532010582433648 ; sb = 1817.6984874731
      k =   14 ; sb/Sb = 0.615206900320698 ; sb = 2101.95189554414
      k =  198 ; sb/Sb = 0.680652948456253 ; sb = 2325.55869329412
      k =   15 ; sb/Sb = 0.746098996591807 ; sb = 2549.16549104409
      Creating new point: f = 0.103552158746614
    i = 73 ; sf/Sf = 0.79627830667484 ; sf = 2381.75042533892
      k =    6 ; sb/Sb = 0 ; sb = 0
      k =    7 ; sb/Sb = 0.0675712619451078 ; sb = 230.867927612304
      k =    8 ; sb/Sb = 0.139561914894218 ; sb = 476.835405137281
      k =    9 ; sb/Sb = 0.23141982079581 ; sb = 790.682501666785
      k =   10 ; sb/Sb = 0.277697165234322 ; sb = 948.796384675204
      k =   11 ; sb/Sb = 0.36048059562047 ; sb = 1231.63909714982
      k =   12 ; sb/Sb = 0.48619834873876 ; sb = 1661.17372904811
      k =   13 ; sb/Sb = 0.532010582433648 ; sb = 1817.6984874731
      k =   14 ; sb/Sb = 0.615206900320698 ; sb = 2101.95189554414
      k =  198 ; sb/Sb = 0.680652948456253 ; sb = 2325.55869329412
      k =   15 ; sb/Sb = 0.746098996591807 ; sb = 2549.16549104409
      k =   16 ; sb/Sb = 0.845998053417124 ; sb = 2890.48645436161
      Creating new point: f = 0.502300138536607
    i = 72 ; sf/Sf = 0.90252839987487 ; sf = 2699.55539698033
      k =    6 ; sb/Sb = 0 ; sb = 0
      k =    7 ; sb/Sb = 0.0675712619451078 ; sb = 230.867927612304
      k =    8 ; sb/Sb = 0.139561914894218 ; sb = 476.835405137281
      k =    9 ; sb/Sb = 0.23141982079581 ; sb = 790.682501666785
      k =   10 ; sb/Sb = 0.277697165234322 ; sb = 948.796384675204
      k =   11 ; sb/Sb = 0.36048059562047 ; sb = 1231.63909714982
      k =   12 ; sb/Sb = 0.48619834873876 ; sb = 1661.17372904811
      k =   13 ; sb/Sb = 0.532010582433648 ; sb = 1817.6984874731
      k =   14 ; sb/Sb = 0.615206900320698 ; sb = 2101.95189554414
      k =  198 ; sb/Sb = 0.680652948456253 ; sb = 2325.55869329412
      k =   15 ; sb/Sb = 0.746098996591807 ; sb = 2549.16549104409
      k =   16 ; sb/Sb = 0.845998053417124 ; sb = 2890.48645436161
      k =   17 ; sb/Sb = 0.95172937997281 ; sb = 3251.73429172538
      Creating new point: f = 0.534660334824918
Tear 4 : Sf = 987.709746944426 ; Sb = 849.819250032198
  Forwards path
    i = 24 ; sf/Sf = 0.0708710228045756 ; sf = 70
      k =   25 ; sb/Sb = 0 ; sb = 0
      k =   26 ; sb/Sb = 0.142183716986133 ; sb = 120.830459735946
      Creating new point: f = 0.498446828559755
    i = 23 ; sf/Sf = 0.384728409510553 ; sf = 380
      k =   25 ; sb/Sb = 0 ; sb = 0
      k =   26 ; sb/Sb = 0.142183716986133 ; sb = 120.830459735946
      k =   27 ; sb/Sb = 0.526379008318872 ; sb = 447.327014082236
      Creating new point: f = 0.631305739544737
    i = 263 ; sf/Sf = 0.578155408015386 ; sf = 571.049731745428
      k =   25 ; sb/Sb = 0 ; sb = 0
      k =   26 ; sb/Sb = 0.142183716986133 ; sb = 120.830459735946
      k =   27 ; sb/Sb = 0.526379008318872 ; sb = 447.327014082236
      k =   28 ; sb/Sb = 1 ; sb = 849.819250032198
      Creating new point: f = 0.109320322802274
    i = 22 ; sf/Sf = 0.771582406520218 ; sf = 762.099463490856
      k =   25 ; sb/Sb = 0 ; sb = 0
      k =   26 ; sb/Sb = 0.142183716986133 ; sb = 120.830459735946
      k =   27 ; sb/Sb = 0.526379008318872 ; sb = 447.327014082236
      k =   28 ; sb/Sb = 1 ; sb = 849.819250032198
      Creating new point: f = 0.517720714470429
Tear 1 : Sf = 1378.81293935756 ; Sb = 1411.95115177948
  Backwards path
    i = 60 ; sf/Sf = 0.161034195991227 ; sf = 222.036033111745
      k =   59 ; sb/Sb = 0 ; sb = 0
      k =  423 ; sb/Sb = 0.149403349281192 ; sb = 210.95023109729
      k =   58 ; sb/Sb = 0.298806698562383 ; sb = 421.90046219458
      Creating new point: f = 0.077848634357891
    i = 61 ; sf/Sf = 0.38445713265044 ; sf = 530.094469126732
      k =   59 ; sb/Sb = 0 ; sb = 0
      k =  423 ; sb/Sb = 0.149403349281192 ; sb = 210.95023109729
      k =   58 ; sb/Sb = 0.298806698562383 ; sb = 421.90046219458
      k =  276 ; sb/Sb = 0.466593774277481 ; sb = 658.807617004222
      Creating new point: f = 0.510470986653893
    i = 152 ; sf/Sf = 0.510598443298641 ; sf = 704.019740435993
      k =   59 ; sb/Sb = 0 ; sb = 0
      k =  423 ; sb/Sb = 0.149403349281192 ; sb = 210.95023109729
      k =   58 ; sb/Sb = 0.298806698562383 ; sb = 421.90046219458
      k =  276 ; sb/Sb = 0.466593774277481 ; sb = 658.807617004222
      k =   57 ; sb/Sb = 0.634380849992579 ; sb = 895.714771813865
      Creating new point: f = 0.262264949988642
    i = 62 ; sf/Sf = 0.636739753946842 ; sf = 877.945011745254
      k =   59 ; sb/Sb = 0 ; sb = 0
      k =  423 ; sb/Sb = 0.149403349281192 ; sb = 210.95023109729
      k =   58 ; sb/Sb = 0.298806698562383 ; sb = 421.90046219458
      k =  276 ; sb/Sb = 0.466593774277481 ; sb = 658.807617004222
      k =   57 ; sb/Sb = 0.634380849992579 ; sb = 895.714771813865
      k =   92 ; sb/Sb = 0.817190424996289 ; sb = 1153.83296179667
      Creating new point: f = 0.0129036127030872
    i = 63 ; sf/Sf = 0.804179383371755 ; sf = 1108.81293935756
      k =   59 ; sb/Sb = 0 ; sb = 0
      k =  423 ; sb/Sb = 0.149403349281192 ; sb = 210.95023109729
      k =   58 ; sb/Sb = 0.298806698562383 ; sb = 421.90046219458
      k =  276 ; sb/Sb = 0.466593774277481 ; sb = 658.807617004222
      k =   57 ; sb/Sb = 0.634380849992579 ; sb = 895.714771813865
      k =   92 ; sb/Sb = 0.817190424996289 ; sb = 1153.83296179667
      Creating new point: f = 0.928827351498027
Tear 2 : Sf = 1604.10338958126 ; Sb = 942.284443244979
  Backwards path
    i = 43 ; sf/Sf = 0.109050674651977 ; sf = 174.928556845359
      k =   42 ; sb/Sb = 0 ; sb = 0
      k =   41 ; sb/Sb = 0.223871074821986 ; sb = 210.95023109729
      Creating new point: f = 0.487113731591676
    i = 44 ; sf/Sf = 0.349686773184964 ; sf = 560.933738157735
      k =   42 ; sb/Sb = 0 ; sb = 0
      k =   41 ; sb/Sb = 0.223871074821986 ; sb = 210.95023109729
      k =   40 ; sb/Sb = 0.657428019590623 ; sb = 619.4841954136
      Creating new point: f = 0.290194171448732
    i = 45 ; sf/Sf = 0.50403366233868 ; sf = 808.522106220534
      k =   42 ; sb/Sb = 0 ; sb = 0
      k =   41 ; sb/Sb = 0.223871074821986 ; sb = 210.95023109729
      k =   40 ; sb/Sb = 0.657428019590623 ; sb = 619.4841954136
      Creating new point: f = 0.646195594136313
    i = 46 ; sf/Sf = 0.55766066246171 ; sf = 894.54535889096
      k =   42 ; sb/Sb = 0 ; sb = 0
      k =   41 ; sb/Sb = 0.223871074821986 ; sb = 210.95023109729
      k =   40 ; sb/Sb = 0.657428019590623 ; sb = 619.4841954136
      Creating new point: f = 0.76988638209416
    i = 47 ; sf/Sf = 0.626234795971093 ; sf = 1004.54535889096
      k =   42 ; sb/Sb = 0 ; sb = 0
      k =   41 ; sb/Sb = 0.223871074821986 ; sb = 210.95023109729
      k =   40 ; sb/Sb = 0.657428019590623 ; sb = 619.4841954136
      Creating new point: f = 0.928052764473244
    i = 48 ; sf/Sf = 0.707516369809104 ; sf = 1134.92940699501
      k =   42 ; sb/Sb = 0 ; sb = 0
      k =   41 ; sb/Sb = 0.223871074821986 ; sb = 210.95023109729
      k =   40 ; sb/Sb = 0.657428019590623 ; sb = 619.4841954136
      k =   39 ; sb/Sb = 1 ; sb = 942.284443244979
      Creating new point: f = 0.146212629995672
    i = 49 ; sf/Sf = 0.896808737736239 ; sf = 1438.57393600879
      k =   42 ; sb/Sb = 0 ; sb = 0
      k =   41 ; sb/Sb = 0.223871074821986 ; sb = 210.95023109729
      k =   40 ; sb/Sb = 0.657428019590623 ; sb = 619.4841954136
      k =   39 ; sb/Sb = 1 ; sb = 942.284443244979
      Creating new point: f = 0.698774949018169
Tear 3 : Sf = 3416.65851675009 ; Sb = 2991.1029917226
  Backwards path
    i = 7 ; sf/Sf = 0.0675712619451078 ; sf = 230.867927612304
      k =    6 ; sb/Sb = 0 ; sb = 0
      k =    5 ; sb/Sb = 0.0528613970986536 ; sb = 158.113883008419
      k =    4 ; sb/Sb = 0.120059856322106 ; sb = 359.111395430837
      Creating new point: f = 0.21890181733989
    i = 8 ; sf/Sf = 0.139561914894218 ; sf = 476.835405137281
      k =    6 ; sb/Sb = 0 ; sb = 0
      k =    5 ; sb/Sb = 0.0528613970986536 ; sb = 158.113883008419
      k =    4 ; sb/Sb = 0.120059856322106 ; sb = 359.111395430837
      k =    3 ; sb/Sb = 0.230387050308145 ; sb = 689.111395430837
      Creating new point: f = 0.176765653756948
    i = 9 ; sf/Sf = 0.23141982079581 ; sf = 790.682501666785
      k =    6 ; sb/Sb = 0 ; sb = 0
      k =    5 ; sb/Sb = 0.0528613970986536 ; sb = 158.113883008419
      k =    4 ; sb/Sb = 0.120059856322106 ; sb = 359.111395430837
      k =    3 ; sb/Sb = 0.230387050308145 ; sb = 689.111395430837
      k =    2 ; sb/Sb = 0.334027747688969 ; sb = 999.111395430837
      Creating new point: f = 0.00996491256586846
    i = 10 ; sf/Sf = 0.277697165234322 ; sf = 948.796384675204
      k =    6 ; sb/Sb = 0 ; sb = 0
      k =    5 ; sb/Sb = 0.0528613970986536 ; sb = 158.113883008419
      k =    4 ; sb/Sb = 0.120059856322106 ; sb = 359.111395430837
      k =    3 ; sb/Sb = 0.230387050308145 ; sb = 689.111395430837
      k =    2 ; sb/Sb = 0.334027747688969 ; sb = 999.111395430837
      Creating new point: f = 0.45648202030461
    i = 11 ; sf/Sf = 0.36048059562047 ; sf = 1231.63909714982
      k =    6 ; sb/Sb = 0 ; sb = 0
      k =    5 ; sb/Sb = 0.0528613970986536 ; sb = 158.113883008419
      k =    4 ; sb/Sb = 0.120059856322106 ; sb = 359.111395430837
      k =    3 ; sb/Sb = 0.230387050308145 ; sb = 689.111395430837
      k =    2 ; sb/Sb = 0.334027747688969 ; sb = 999.111395430837
      k =    1 ; sb/Sb = 0.458088840647818 ; sb = 1370.19090173643
      Creating new point: f = 0.21322436632309
    i = 12 ; sf/Sf = 0.48619834873876 ; sf = 1661.17372904811
      k =    6 ; sb/Sb = 0 ; sb = 0
      k =    5 ; sb/Sb = 0.0528613970986536 ; sb = 158.113883008419
      k =    4 ; sb/Sb = 0.120059856322106 ; sb = 359.111395430837
      k =    3 ; sb/Sb = 0.230387050308145 ; sb = 689.111395430837
      k =    2 ; sb/Sb = 0.334027747688969 ; sb = 999.111395430837
      k =    1 ; sb/Sb = 0.458088840647818 ; sb = 1370.19090173643
      k =   76 ; sb/Sb = 0.502062406500832 ; sb = 1501.72036611609
      Creating new point: f = 0.639236494599972
    i = 13 ; sf/Sf = 0.532010582433648 ; sf = 1817.6984874731
      k =    6 ; sb/Sb = 0 ; sb = 0
      k =    5 ; sb/Sb = 0.0528613970986536 ; sb = 158.113883008419
      k =    4 ; sb/Sb = 0.120059856322106 ; sb = 359.111395430837
      k =    3 ; sb/Sb = 0.230387050308145 ; sb = 689.111395430837
      k =    2 ; sb/Sb = 0.334027747688969 ; sb = 999.111395430837
      k =    1 ; sb/Sb = 0.458088840647818 ; sb = 1370.19090173643
      k =   76 ; sb/Sb = 0.502062406500832 ; sb = 1501.72036611609
      k =   75 ; sb/Sb = 0.601801091069401 ; sb = 1800.04904391961
      Creating new point: f = 0.300266401771391
    i = 14 ; sf/Sf = 0.615206900320698 ; sf = 2101.95189554414
      k =    6 ; sb/Sb = 0 ; sb = 0
      k =    5 ; sb/Sb = 0.0528613970986536 ; sb = 158.113883008419
      k =    4 ; sb/Sb = 0.120059856322106 ; sb = 359.111395430837
      k =    3 ; sb/Sb = 0.230387050308145 ; sb = 689.111395430837
      k =    2 ; sb/Sb = 0.334027747688969 ; sb = 999.111395430837
      k =    1 ; sb/Sb = 0.458088840647818 ; sb = 1370.19090173643
      k =   76 ; sb/Sb = 0.502062406500832 ; sb = 1501.72036611609
      k =   75 ; sb/Sb = 0.601801091069401 ; sb = 1800.04904391961
      k =   74 ; sb/Sb = 0.687430028022124 ; sb = 2056.17401341692
      Creating new point: f = 0.15655699729985
    i = 198 ; sf/Sf = 0.680652948456253 ; sf = 2325.55869329412
      k =    6 ; sb/Sb = 0 ; sb = 0
      k =    5 ; sb/Sb = 0.0528613970986536 ; sb = 158.113883008419
      k =    4 ; sb/Sb = 0.120059856322106 ; sb = 359.111395430837
      k =    3 ; sb/Sb = 0.230387050308145 ; sb = 689.111395430837
      k =    2 ; sb/Sb = 0.334027747688969 ; sb = 999.111395430837
      k =    1 ; sb/Sb = 0.458088840647818 ; sb = 1370.19090173643
      k =   76 ; sb/Sb = 0.502062406500832 ; sb = 1501.72036611609
      k =   75 ; sb/Sb = 0.601801091069401 ; sb = 1800.04904391961
      k =   74 ; sb/Sb = 0.687430028022124 ; sb = 2056.17401341692
      Creating new point: f = 0.920855264504648
    i = 15 ; sf/Sf = 0.746098996591807 ; sf = 2549.16549104409
      k =    6 ; sb/Sb = 0 ; sb = 0
      k =    5 ; sb/Sb = 0.0528613970986536 ; sb = 158.113883008419
      k =    4 ; sb/Sb = 0.120059856322106 ; sb = 359.111395430837
      k =    3 ; sb/Sb = 0.230387050308145 ; sb = 689.111395430837
      k =    2 ; sb/Sb = 0.334027747688969 ; sb = 999.111395430837
      k =    1 ; sb/Sb = 0.458088840647818 ; sb = 1370.19090173643
      k =   76 ; sb/Sb = 0.502062406500832 ; sb = 1501.72036611609
      k =   75 ; sb/Sb = 0.601801091069401 ; sb = 1800.04904391961
      k =   74 ; sb/Sb = 0.687430028022124 ; sb = 2056.17401341692
      k =   73 ; sb/Sb = 0.79627830667484 ; sb = 2381.75042533892
      Creating new point: f = 0.538997669929796
    i = 16 ; sf/Sf = 0.845998053417124 ; sf = 2890.48645436161
      k =    6 ; sb/Sb = 0 ; sb = 0
      k =    5 ; sb/Sb = 0.0528613970986536 ; sb = 158.113883008419
      k =    4 ; sb/Sb = 0.120059856322106 ; sb = 359.111395430837
      k =    3 ; sb/Sb = 0.230387050308145 ; sb = 689.111395430837
      k =    2 ; sb/Sb = 0.334027747688969 ; sb = 999.111395430837
      k =    1 ; sb/Sb = 0.458088840647818 ; sb = 1370.19090173643
      k =   76 ; sb/Sb = 0.502062406500832 ; sb = 1501.72036611609
      k =   75 ; sb/Sb = 0.601801091069401 ; sb = 1800.04904391961
      k =   74 ; sb/Sb = 0.687430028022124 ; sb = 2056.17401341692
      k =   73 ; sb/Sb = 0.79627830667484 ; sb = 2381.75042533892
      k =   72 ; sb/Sb = 0.90252839987487 ; sb = 2699.55539698033
      Creating new point: f = 0.467950147099446
    i = 17 ; sf/Sf = 0.95172937997281 ; sf = 3251.73429172538
      k =    6 ; sb/Sb = 0 ; sb = 0
      k =    5 ; sb/Sb = 0.0528613970986536 ; sb = 158.113883008419
      k =    4 ; sb/Sb = 0.120059856322106 ; sb = 359.111395430837
      k =    3 ; sb/Sb = 0.230387050308145 ; sb = 689.111395430837
      k =    2 ; sb/Sb = 0.334027747688969 ; sb = 999.111395430837
      k =    1 ; sb/Sb = 0.458088840647818 ; sb = 1370.19090173643
      k =   76 ; sb/Sb = 0.502062406500832 ; sb = 1501.72036611609
      k =   75 ; sb/Sb = 0.601801091069401 ; sb = 1800.04904391961
      k =   74 ; sb/Sb = 0.687430028022124 ; sb = 2056.17401341692
      k =   73 ; sb/Sb = 0.79627830667484 ; sb = 2381.75042533892
      k =   72 ; sb/Sb = 0.90252839987487 ; sb = 2699.55539698033
      k =   71 ; sb/Sb = 1 ; sb = 2991.1029917226
      Creating new point: f = 0.504772467413871
Tear 4 : Sf = 849.819250032198 ; Sb = 987.709746944426
  Backwards path
    i = 26 ; sf/Sf = 0.142183716986133 ; sf = 120.830459735946
      k =   25 ; sb/Sb = 0 ; sb = 0
      k =   24 ; sb/Sb = 0.0708710228045756 ; sb = 70
      k =   23 ; sb/Sb = 0.384728409510553 ; sb = 380
      Creating new point: f = 0.227213687496746
    i = 27 ; sf/Sf = 0.526379008318872 ; sf = 447.327014082236
      k =   25 ; sb/Sb = 0 ; sb = 0
      k =   24 ; sb/Sb = 0.0708710228045756 ; sb = 70
      k =   23 ; sb/Sb = 0.384728409510553 ; sb = 380
      k =  263 ; sb/Sb = 0.578155408015386 ; sb = 571.049731745428
      Creating new point: f = 0.732320719978393
Triangulating...
[1] "Non-adjacent points in rim connected by line: 77 68"
[1] "In triangle: 9"  "In triangle: 10"
[1] "Other points in triangles: 67 436"
[1] "Non-adjacent points in rim connected by line: 446 10"
[1] "In triangle: 325" "In triangle: 397"
[1] "Other points in triangles: 9 160"
Merging points...
Projecting to sphere...
Optimising mapping with FIRE...
E =  0.00793 | E_L =  0.00793 | E_A =  0.00000 |   0 flippped triangles
E =  0.00571 | E_L =  0.00571 | E_A =  0.00000 |  65 flippped triangles
        phi0    phi0.1    phi0.2    phi0.3    phi0.4    phi0.5    phi0.6
id    9.0000   22.0000    23.000   108.000  109.0000   114.000    115.00
A  1742.8475 1023.7940  9761.808  4844.295  573.2809  4478.316  10030.12
a  -642.4449 -889.8971 -8078.715 -1910.434 -618.0204 -6920.382 -10964.67
      phi0.7    phi0.8    phi0.9   phi0.10   phi0.11   phi0.12   phi0.13
id  125.0000   126.000    129.00  136.0000   138.000   226.000    271.00
A   346.4003  2507.375  12034.29  796.9254 11381.935  7150.943  18263.17
a  -330.2429 -2230.939 -11864.11 -769.6420 -9501.161 -1265.324 -10972.19
     phi0.14   phi0.15   phi0.16   phi0.17   phi0.18   phi0.19   phi0.20
id   274.000    275.00   282.000    283.00   287.000    290.00   292.000
A  15088.258  25904.27  5665.015  10575.28  2165.677  13834.43  4921.191
a  -7105.638 -16100.42 -5485.453 -11584.40 -1746.280 -14533.40 -5112.738
     phi0.21   phi0.22   phi0.23   phi0.24   phi0.25    phi0.26   phi0.27
id   293.000   295.000   298.000   299.000    300.00 305.000000   308.000
A   2777.354  5569.129 10442.599 12313.554  21788.18  12.853317  1130.362
a  -2795.732 -5082.004 -8237.604 -6657.333 -24828.12  -4.082359 -1092.183
     phi0.28   phi0.29   phi0.30   phi0.31   phi0.32   phi0.33   phi0.34
id    309.00    310.00   311.000    312.00    318.00   322.000   323.000
A   17777.43  20689.50  4014.215  24402.56  13663.85  8051.155  3104.326
a  -17495.15 -16655.23 -4158.233 -25373.94 -14314.13 -7964.544 -1515.339
       phi0.35   phi0.36   phi0.37   phi0.38   phi0.39   phi0.40   phi0.41
id 325.0000000    326.00   328.000  331.0000    334.00    349.00   352.000
A  135.6407254  21905.63  3981.451  747.6954  18239.30  28238.74  8256.998
a   -0.5853496 -21989.18 -5544.996 -554.9288 -17101.25 -21529.03 -2471.885
     phi0.42  phi0.43  phi0.44   phi0.45   phi0.46   phi0.47   phi0.48
id    353.00   361.00   396.00   397.000   398.000    399.00    401.00
A   22241.97 12221.96  4907.06  4718.340 24975.132  25011.48  18589.71
a  -19032.28 -3993.22 -4163.93 -3487.542 -3227.543 -18436.23 -12836.23
     phi0.49   phi0.50   phi0.51   phi0.52   phi0.53   phi0.54   phi0.55
id    402.00   409.000   410.000   411.000   412.000   439.000   609.000
A   26117.28  5927.607 27130.159  8909.825  3309.573  6129.938  5706.956
a  -10618.93 -4601.924 -5679.348 -9439.603 -2482.955 -6644.600 -6308.645
     phi0.56    phi0.57  phi0.58   phi0.59   phi0.60   phi0.61   phi0.62
id   612.000    619.000   623.00   631.000   655.000   847.000   859.000
A   9127.520   9160.992 13525.06 19898.072 17868.612 16068.640  9994.899
a  -7663.297 -10299.129 -4044.58 -7028.232 -3279.752 -7134.683 -6544.788
     phi0.63   phi0.64
id   910.000   911.000
A   4700.591  9283.291
a  -4760.076 -8185.418
E =  0.00538 | E_L =  0.00538 | E_A =  0.00000 |  57 flippped triangles
        phi0    phi0.1    phi0.2    phi0.3    phi0.4    phi0.5    phi0.6
id   22.0000    23.000   108.000  109.0000   114.000   115.000  125.0000
A  1023.7940  9761.808  4844.295  573.2809  4478.316 10030.118  346.4003
a  -937.8705 -1205.387 -1515.282 -580.7290 -6942.231 -9378.372 -331.0480
      phi0.7    phi0.8    phi0.9    phi0.10   phi0.11   phi0.12   phi0.13
id   126.000    129.00  136.0000   138.0000   282.000   283.000   287.000
A   2507.375  12034.29  796.9254 11381.9350  5665.015 10575.279  2165.677
a  -2318.063 -11617.71 -696.7528  -870.9649 -5979.156 -9783.994 -1563.556
     phi0.14   phi0.15   phi0.16   phi0.17   phi0.18   phi0.19   phi0.20
id    290.00   292.000   293.000   295.000   298.000   299.000    300.00
A   13834.43  4921.191  2777.354  5569.129 10442.599 12313.554  21788.18
a  -13579.85 -5104.228 -2713.722 -5181.899 -9352.119 -2795.588 -22711.48
     phi0.21   phi0.22   phi0.23   phi0.24   phi0.25   phi0.26   phi0.27
id 305.00000   308.000   309.000   311.000    312.00    318.00   322.000
A   12.85332  1130.362 17777.434  4014.215  24402.56  13663.85  8051.155
a  -14.43253 -1018.513 -4647.683 -3744.089 -19634.06 -12506.62 -6647.792
     phi0.28   phi0.29   phi0.30   phi0.31   phi0.32   phi0.33   phi0.34
id  323.0000    326.00   328.000  331.0000    334.00    349.00   352.000
A  3104.3262  21905.63  3981.451  747.6954  18239.30  28238.74  8256.998
a  -117.0846 -18703.74 -5434.221 -702.0896 -16160.79 -22538.56 -7951.831
     phi0.35   phi0.36   phi0.37   phi0.38   phi0.39   phi0.40   phi0.41
id    353.00    361.00   396.000   397.000    398.00    399.00    401.00
A   22241.97  12221.96  4907.060  4718.340  24975.13  25011.48  18589.71
a  -19746.19 -11597.50 -4606.292 -6662.619 -14727.15 -17653.88 -12114.45
     phi0.42   phi0.43   phi0.44   phi0.45   phi0.46   phi0.47   phi0.48
id    402.00   409.000   411.000   412.000   439.000   609.000   612.000
A   26117.28  5927.607  8909.825  3309.573  6129.938  5706.956  9127.520
a  -13597.95 -5214.887 -9010.270 -2967.117 -6663.962 -6290.005 -7838.448
      phi0.49   phi0.50   phi0.51   phi0.52   phi0.53    phi0.54   phi0.55
id    619.000   623.000    631.00   655.000    847.00    859.000  908.0000
A    9160.992 13525.064  19898.07 17868.612  16068.64   9994.899  574.0494
a  -10859.057 -5967.836 -11940.05 -3071.013 -15143.53 -12061.517 -114.5247
     phi0.56
id   910.000
A   4700.591
a  -4579.841
E =  0.00532 | E_L =  0.00532 | E_A =  0.00000 |  55 flippped triangles
        phi0    phi0.1    phi0.2    phi0.3    phi0.4    phi0.5    phi0.6
id    22.000    23.000   108.000  109.0000   114.000   115.000  125.0000
A   1023.794  9761.808  4844.295  573.2809  4478.316 10030.118  346.4003
a  -1005.712 -3082.422 -1641.828 -583.8678 -7007.156 -9418.849 -307.3800
      phi0.7    phi0.8    phi0.9   phi0.10   phi0.11   phi0.12   phi0.13
id   126.000    129.00  136.0000   282.000   283.000   287.000    290.00
A   2507.375  12034.29  796.9254  5665.015 10575.279  2165.677  13834.43
a  -2162.950 -11736.05 -727.9454 -5936.110 -9535.776 -1535.977 -13429.75
     phi0.14   phi0.15   phi0.16   phi0.17   phi0.18   phi0.19   phi0.20
id   292.000   293.000   295.000   298.000   299.000    300.00 305.00000
A   4921.191  2777.354  5569.129 10442.599 12313.554  21788.18  12.85332
a  -5072.564 -2654.300 -5047.239 -8962.294 -1104.288 -23041.32 -14.87245
     phi0.21   phi0.22   phi0.23   phi0.24   phi0.25   phi0.26   phi0.27
id  308.0000   311.000    312.00    318.00   322.000  323.0000    326.00
A  1130.3617  4014.215  24402.56  13663.85  8051.155 3104.3262  21905.63
a  -941.1758 -3488.710 -16066.25 -11705.65 -6838.039 -294.6722 -18271.01
     phi0.28   phi0.29   phi0.30   phi0.31   phi0.32   phi0.33   phi0.34
id   328.000  331.0000    334.00    349.00   352.000    353.00    361.00
A   3981.451  747.6954  18239.30  28238.74  8256.998  22241.97  12221.96
a  -5346.741 -692.1853 -15674.87 -22218.38 -8491.604 -19713.56 -12076.73
     phi0.35   phi0.36   phi0.37   phi0.38   phi0.39   phi0.40   phi0.41
id   396.000   397.000    398.00    399.00    401.00    402.00   409.000
A   4907.060  4718.340  24975.13  25011.48  18589.71  26117.28  5927.607
a  -4294.032 -6592.547 -16316.42 -16382.18 -13227.37 -14447.58 -5169.909
     phi0.42   phi0.43   phi0.44   phi0.45   phi0.46    phi0.47   phi0.48
id   411.000   412.000   439.000   609.000   612.000    619.000   623.000
A   8909.825  3309.573  6129.938  5706.956  9127.520   9160.992 13525.064
a  -8982.698 -2940.396 -6532.725 -6295.122 -8142.688 -10324.483 -6169.931
     phi0.49   phi0.50   phi0.51    phi0.52   phi0.53   phi0.54
id    631.00   655.000    847.00    859.000  908.0000   910.000
A   19898.07 17868.612  16068.64   9994.899  574.0494  4700.591
a  -12008.88 -6631.427 -14965.79 -11042.362 -276.2524 -4580.304
E =  0.00532 | E_L =  0.00532 | E_A =  0.00000 |  57 flippped triangles
        phi0    phi0.1    phi0.2    phi0.3    phi0.4    phi0.5    phi0.6
id   22.0000    23.000   108.000  109.0000   114.000   115.000  125.0000
A  1023.7940  9761.808  4844.295  573.2809  4478.316 10030.118  346.4003
a  -993.1147 -2034.238 -1286.864 -584.2285 -6919.390 -9233.362 -315.2613
      phi0.7    phi0.8    phi0.9   phi0.10   phi0.11   phi0.12   phi0.13
id   126.000    129.00  136.0000   138.000   282.000   283.000   287.000
A   2507.375  12034.29  796.9254 11381.935  5665.015 10575.279  2165.677
a  -2199.963 -11455.24 -714.5657 -1091.902 -5978.899 -9282.767 -1238.428
     phi0.14   phi0.15   phi0.16   phi0.17   phi0.18    phi0.19   phi0.20
id    290.00   292.000   293.000   295.000   298.000   299.0000    300.00
A   13834.43  4921.191  2777.354  5569.129 10442.599 12313.5544  21788.18
a  -13330.39 -5110.682 -2692.943 -5049.315 -8810.702  -906.9402 -22058.65
     phi0.21   phi0.22    phi0.23   phi0.24   phi0.25   phi0.26   phi0.27
id 305.00000  308.0000   309.0000   311.000    312.00    318.00   322.000
A   12.85332 1130.3617 17777.4335  4014.215  24402.56  13663.85  8051.155
a  -14.68979 -989.2647  -442.7311 -3470.226 -17077.17 -11503.59 -7026.208
     phi0.28   phi0.29   phi0.30   phi0.31   phi0.32   phi0.33   phi0.34
id  323.0000    326.00   328.000  331.0000    334.00    349.00   352.000
A  3104.3262  21905.63  3981.451  747.6954  18239.30  28238.74  8256.998
a  -190.4716 -18027.02 -5401.288 -688.6563 -15348.56 -21352.69 -8197.971
     phi0.35   phi0.36   phi0.37   phi0.38   phi0.39   phi0.40   phi0.41
id    353.00    361.00   396.000   397.000    398.00    399.00    401.00
A   22241.97  12221.96  4907.060  4718.340  24975.13  25011.48  18589.71
a  -19563.18 -11667.58 -4177.926 -6730.789 -16120.54 -16542.79 -12939.94
     phi0.42   phi0.43   phi0.44   phi0.45   phi0.46   phi0.47   phi0.48
id    402.00   409.000   411.000   412.000   439.000   609.000   612.000
A   26117.28  5927.607  8909.825  3309.573  6129.938  5706.956  9127.520
a  -13968.06 -5197.281 -8989.160 -2953.642 -6496.145 -6243.490 -8090.142
      phi0.49  phi0.50   phi0.51   phi0.52   phi0.53    phi0.54   phi0.55
id    619.000   623.00    631.00   655.000    847.00    859.000  908.0000
A    9160.992 13525.06  19898.07 17868.612  16068.64   9994.899  574.0494
a  -10435.224 -6148.30 -12372.48 -5869.256 -15101.19 -11441.668 -209.0386
     phi0.56
id   910.000
A   4700.591
a  -4589.803
FIRE:  4  stops.  1 hits of maxmove.  0 hits of dtmax.
Frms = 7.37338628708361e-06; Ftanrms = 7.36998491983943e-06
E =  0.00984 | E_L =  0.00984 | E_A =  0.00001 |   0 flippped triangles
E =  0.00767 | E_L =  0.00767 | E_A =  0.00000 |   0 flippped triangles
E =  0.00718 | E_L =  0.00717 | E_A =  0.00000 |   0 flippped triangles
E =  0.00667 | E_L =  0.00666 | E_A =  0.00002 |   0 flippped triangles
E =  0.00642 | E_L =  0.00642 | E_A =  0.00000 |   0 flippped triangles
E =  0.00630 | E_L =  0.00630 | E_A =  0.00000 |   0 flippped triangles
E =  0.00628 | E_L =  0.00628 | E_A =  0.00000 |   0 flippped triangles
E =  0.00624 | E_L =  0.00624 | E_A =  0.00000 |   0 flippped triangles
E =  0.00624 | E_L =  0.00624 | E_A =  0.00000 |   0 flippped triangles
E =  0.00622 | E_L =  0.00622 | E_A =  0.00000 |   0 flippped triangles
E =  0.00622 | E_L =  0.00622 | E_A =  0.00000 |   0 flippped triangles
E =  0.00622 | E_L =  0.00622 | E_A =  0.00000 |   0 flippped triangles
Optimising mapping with BFGS...
E =  0.00622 | E_L =  0.00622 | E_A =  0.00000 |   0 flippped triangles
Transforming image...
Mapping optimised. Error: 0.006221588 ; 0 flipped triangles.
Inferring coordinates of datapoints
Inferring coordinates of landmarks
Mapping optimised. Error: 0.006221588 ; 0 flipped triangles. OD displacement: 8.49753 degrees.
Computing Kernel Density estimates of datapoints

[1] 0.8
Saving developmental_retina/data/C57BL6J/P0/AP/GM119-2/R-CONTRA/r.mat
