[1] "Adding old segment 1"
[1] "Adding old segment 3"
[1] "Adding old segment 4"
[1] "Storing new segment 1"
[1] "Adding old segment 2"
[1] "Storing new segment 2"
simplify.outline: Removing vertex 88
Triangulating...
[1] "Non-adjacent points in rim connected by line: 97 2"
[1] "In triangle: 9"   "In triangle: 173"
[1] "Other points in triangles: 3 166"
[1] "Non-adjacent points in rim connected by line: 103 11"
[1] "In triangle: 70" "In triangle: 88"
[1] "Other points in triangles: 12 180"
[1] "Non-adjacent points in rim connected by line: 104 27"
[1] "In triangle: 82"  "In triangle: 161"
[1] "Other points in triangles: 112 28"
[1] "Non-adjacent points in rim connected by line: 104 28"
[1] "In triangle: 85"  "In triangle: 161"
[1] "Other points in triangles: 29 447"
[1] "Non-adjacent points in rim connected by line: 120 89"
[1] "In triangle: 4"   "In triangle: 769"
[1] "Other points in triangles: 90 443"
Stitching...
Tear 1 child of rim
Tear 2 child of rim
Tear 3 child of backward side of tear 4
Tear 3 child of backward side of tear 5
Tear 4 child of backward side of tear 5
Tear 5 child of rim
Tear 6 child of rim
Tear 7 child of rim
Tear 8 child of forward side of tear 7
Tear 9 child of forward side of tear 7
Tear 10 child of backward side of tear 7
Tear 1 : Sf = 2722.153873254 ; Sb = 2762.33810402866
  Forwards path
    i = 34 ; sf/Sf = 0.101073026233841 ; sf = 275.136329843952
      k =   35 ; sb/Sb = 0 ; sb = 0
      k =   36 ; sb/Sb = 0.0944012233070945 ; sb = 260.768096208106
      k =   37 ; sb/Sb = 0.269144762029564 ; sb = 743.468831653993
      Creating new point: f = 0.038180541469647
    i = 300 ; sf/Sf = 0.245759598045944 ; sf = 668.995441710112
      k =   35 ; sb/Sb = 0 ; sb = 0
      k =   36 ; sb/Sb = 0.0944012233070945 ; sb = 260.768096208106
      k =   37 ; sb/Sb = 0.269144762029564 ; sb = 743.468831653993
      Creating new point: f = 0.866174370997711
    i = 33 ; sf/Sf = 0.390446169858047 ; sf = 1062.85455357627
      k =   35 ; sb/Sb = 0 ; sb = 0
      k =   36 ; sb/Sb = 0.0944012233070945 ; sb = 260.768096208106
      k =   37 ; sb/Sb = 0.269144762029564 ; sb = 743.468831653993
      k =   38 ; sb/Sb = 0.449498045922171 ; sb = 1241.66557993724
      Creating new point: f = 0.67257665183803
    i = 384 ; sf/Sf = 0.491067564257264 ; sf = 1336.76147207232
      k =   35 ; sb/Sb = 0 ; sb = 0
      k =   36 ; sb/Sb = 0.0944012233070945 ; sb = 260.768096208106
      k =   37 ; sb/Sb = 0.269144762029564 ; sb = 743.468831653993
      k =   38 ; sb/Sb = 0.449498045922171 ; sb = 1241.66557993724
      k =   39 ; sb/Sb = 0.597923033943024 ; sb = 1651.66557993724
      Creating new point: f = 0.280070888934504
    i = 32 ; sf/Sf = 0.591688958656481 ; sf = 1610.66839056836
      k =   35 ; sb/Sb = 0 ; sb = 0
      k =   36 ; sb/Sb = 0.0944012233070945 ; sb = 260.768096208106
      k =   37 ; sb/Sb = 0.269144762029564 ; sb = 743.468831653993
      k =   38 ; sb/Sb = 0.449498045922171 ; sb = 1241.66557993724
      k =   39 ; sb/Sb = 0.597923033943024 ; sb = 1651.66557993724
      Creating new point: f = 0.95799847876244
    i = 31 ; sf/Sf = 0.723374742513436 ; sf = 1969.13735714706
      k =   35 ; sb/Sb = 0 ; sb = 0
      k =   36 ; sb/Sb = 0.0944012233070945 ; sb = 260.768096208106
      k =   37 ; sb/Sb = 0.269144762029564 ; sb = 743.468831653993
      k =   38 ; sb/Sb = 0.449498045922171 ; sb = 1241.66557993724
      k =   39 ; sb/Sb = 0.597923033943024 ; sb = 1651.66557993724
      k =   40 ; sb/Sb = 0.724005172417462 ; sb = 1999.9470752826
      Creating new point: f = 0.994999847625889
    i = 30 ; sf/Sf = 0.845710411844595 ; sf = 2302.153873254
      k =   35 ; sb/Sb = 0 ; sb = 0
      k =   36 ; sb/Sb = 0.0944012233070945 ; sb = 260.768096208106
      k =   37 ; sb/Sb = 0.269144762029564 ; sb = 743.468831653993
      k =   38 ; sb/Sb = 0.449498045922171 ; sb = 1241.66557993724
      k =   39 ; sb/Sb = 0.597923033943024 ; sb = 1651.66557993724
      k =   40 ; sb/Sb = 0.724005172417462 ; sb = 1999.9470752826
      k =   41 ; sb/Sb = 0.847567513616654 ; sb = 2341.26803860012
      Creating new point: f = 0.984970325472663
    i = 104 ; sf/Sf = 0.905956822457658 ; sf = 2466.153873254
      k =   35 ; sb/Sb = 0 ; sb = 0
      k =   36 ; sb/Sb = 0.0944012233070945 ; sb = 260.768096208106
      k =   37 ; sb/Sb = 0.269144762029564 ; sb = 743.468831653993
      k =   38 ; sb/Sb = 0.449498045922171 ; sb = 1241.66557993724
      k =   39 ; sb/Sb = 0.597923033943024 ; sb = 1651.66557993724
      k =   40 ; sb/Sb = 0.724005172417462 ; sb = 1999.9470752826
      k =   41 ; sb/Sb = 0.847567513616654 ; sb = 2341.26803860012
      k =  342 ; sb/Sb = 0.923783756808327 ; sb = 2551.80307131439
      Creating new point: f = 0.766100589531326
Tear 2 : Sf = 929.725646139345 ; Sb = 757.667377536781
  Forwards path
    i = 231 ; sf/Sf = 0.236261984680119 ; sf = 219.658826364888
      k =   84 ; sb/Sb = 0 ; sb = 0
      k =  240 ; sb/Sb = 0.325776070426059 ; sb = 246.82990094395
      Creating new point: f = 0.725228173975852
    i = 83 ; sf/Sf = 0.472523969360239 ; sf = 439.317652729776
      k =   84 ; sb/Sb = 0 ; sb = 0
      k =  240 ; sb/Sb = 0.325776070426059 ; sb = 246.82990094395
      k =   85 ; sb/Sb = 0.651552140852118 ; sb = 493.659801887899
      Creating new point: f = 0.450456347951705
Tear 3 : Sf = 160 ; Sb = 288.967053787253
  Forwards path
Tear 4 : Sf = 530.540533691503 ; Sb = 522.067781605314
  Forwards path
    i = 56 ; sf/Sf = 0.346016158708061 ; sf = 183.575597506858
      k =   57 ; sb/Sb = 0 ; sb = 0
      k =   58 ; sb/Sb = 0.59007363961004 ; sb = 308.058436014987
      Creating new point: f = 0.586394875962823
    i = 55 ; sf/Sf = 0.602386212360632 ; sf = 319.590302594213
      k =   57 ; sb/Sb = 0 ; sb = 0
      k =   58 ; sb/Sb = 0.59007363961004 ; sb = 308.058436014987
      k =   59 ; sb/Sb = 1 ; sb = 522.067781605314
      Creating new point: f = 0.0300360599861871
Tear 5 : Sf = 1687.25900293262 ; Sb = 1996.92954770597
  Forwards path
    i = 48 ; sf/Sf = 0.231144121514328 ; sf = 390
      k =   49 ; sb/Sb = 0 ; sb = 0
      k =   50 ; sb/Sb = 0.147875252556556 ; sb = 295.296461204668
      k =  201 ; sb/Sb = 0.250532855192312 ; sb = 500.296461204668
      Creating new point: f = 0.811132023540641
    i = 171 ; sf/Sf = 0.392859230171977 ; sf = 662.855272992845
      k =   49 ; sb/Sb = 0 ; sb = 0
      k =   50 ; sb/Sb = 0.147875252556556 ; sb = 295.296461204668
      k =  201 ; sb/Sb = 0.250532855192312 ; sb = 500.296461204668
      k =   51 ; sb/Sb = 0.353190457828069 ; sb = 705.296461204668
      k =   52 ; sb/Sb = 0.487933559431518 ; sb = 974.368942146142
      Creating new point: f = 0.294402992597382
    i = 47 ; sf/Sf = 0.554574338829627 ; sf = 935.71054598569
      k =   49 ; sb/Sb = 0 ; sb = 0
      k =   50 ; sb/Sb = 0.147875252556556 ; sb = 295.296461204668
      k =  201 ; sb/Sb = 0.250532855192312 ; sb = 500.296461204668
      k =   51 ; sb/Sb = 0.353190457828069 ; sb = 705.296461204668
      k =   52 ; sb/Sb = 0.487933559431518 ; sb = 974.368942146142
      k =   53 ; sb/Sb = 0.580270762492929 ; sb = 1158.759831292
      Creating new point: f = 0.72171104591275
    i = 46 ; sf/Sf = 0.830280755672553 ; sf = 1400.89867997021
      k =   49 ; sb/Sb = 0 ; sb = 0
      k =   50 ; sb/Sb = 0.147875252556556 ; sb = 295.296461204668
      k =  201 ; sb/Sb = 0.250532855192312 ; sb = 500.296461204668
      k =   51 ; sb/Sb = 0.353190457828069 ; sb = 705.296461204668
      k =   52 ; sb/Sb = 0.487933559431518 ; sb = 974.368942146142
      k =   53 ; sb/Sb = 0.580270762492929 ; sb = 1158.759831292
      k =   54 ; sb/Sb = 0.700871858236396 ; sb = 1399.59172286785
      k =   62 ; sb/Sb = 0.700871858236396 ; sb = 1399.59172286785
      k =   63 ; sb/Sb = 0.889376557827231 ; sb = 1776.02232736222
      Creating new point: f = 0.68650223425225
    i = 45 ; sf/Sf = 0.88492289680956 ; sf = 1493.09412454314
      k =   49 ; sb/Sb = 0 ; sb = 0
      k =   50 ; sb/Sb = 0.147875252556556 ; sb = 295.296461204668
      k =  201 ; sb/Sb = 0.250532855192312 ; sb = 500.296461204668
      k =   51 ; sb/Sb = 0.353190457828069 ; sb = 705.296461204668
      k =   52 ; sb/Sb = 0.487933559431518 ; sb = 974.368942146142
      k =   53 ; sb/Sb = 0.580270762492929 ; sb = 1158.759831292
      k =   54 ; sb/Sb = 0.700871858236396 ; sb = 1399.59172286785
      k =   62 ; sb/Sb = 0.700871858236396 ; sb = 1399.59172286785
      k =   63 ; sb/Sb = 0.889376557827231 ; sb = 1776.02232736222
      Creating new point: f = 0.976373740138373
Tear 6 : Sf = 1279.04068712402 ; Sb = 1384.82507604375
  Forwards path
    i = 73 ; sf/Sf = 0.242369146752515 ; sf = 310
      k =   74 ; sb/Sb = 0 ; sb = 0
      k =   75 ; sb/Sb = 0.226633025324846 ; sb = 313.847096529504
      k =   76 ; sb/Sb = 0.356613340610756 ; sb = 493.847096529504
      Creating new point: f = 0.12106541973725
    i = 72 ; sf/Sf = 0.541108246561781 ; sf = 692.099463490856
      k =   74 ; sb/Sb = 0 ; sb = 0
      k =   75 ; sb/Sb = 0.226633025324846 ; sb = 313.847096529504
      k =   76 ; sb/Sb = 0.356613340610756 ; sb = 493.847096529504
      k =  127 ; sb/Sb = 0.546880145482496 ; sb = 757.333339054612
      Creating new point: f = 0.969664183278815
    i = 438 ; sf/Sf = 0.770554123280891 ; sf = 985.57007530744
      k =   74 ; sb/Sb = 0 ; sb = 0
      k =   75 ; sb/Sb = 0.226633025324846 ; sb = 313.847096529504
      k =   76 ; sb/Sb = 0.356613340610756 ; sb = 493.847096529504
      k =  127 ; sb/Sb = 0.546880145482496 ; sb = 757.333339054612
      k =   77 ; sb/Sb = 0.737146950354236 ; sb = 1020.81958157972
      k =   78 ; sb/Sb = 1 ; sb = 1384.82507604375
      Creating new point: f = 0.127094484814523
Tear 7 : Sf = 2740.09333209744 ; Sb = 3022.42485345294
  Forwards path
    i = 11 ; sf/Sf = 0.054253877315701 ; sf = 148.660687473185
      k =   12 ; sb/Sb = 0 ; sb = 0
      k =  103 ; sb/Sb = 0.084700203450066 ; sb = 256
      Creating new point: f = 0.640540106231099
    i = 10 ; sf/Sf = 0.133204865588149 ; sf = 364.993764001024
      k =   12 ; sb/Sb = 0 ; sb = 0
      k =  103 ; sb/Sb = 0.084700203450066 ; sb = 256
      k =   13 ; sb/Sb = 0.190208631131197 ; sb = 574.891294072192
      Creating new point: f = 0.459723106524484
    i = 9 ; sf/Sf = 0.17400763590452 ; sf = 476.797162876014
      k =   12 ; sb/Sb = 0 ; sb = 0
      k =  103 ; sb/Sb = 0.084700203450066 ; sb = 256
      k =   13 ; sb/Sb = 0.190208631131197 ; sb = 574.891294072192
      Creating new point: f = 0.846448330405982
    i = 8 ; sf/Sf = 0.234417787498065 ; sf = 642.326616448482
      k =   12 ; sb/Sb = 0 ; sb = 0
      k =  103 ; sb/Sb = 0.084700203450066 ; sb = 256
      k =   13 ; sb/Sb = 0.190208631131197 ; sb = 574.891294072192
      k =   14 ; sb/Sb = 0.268853195679606 ; sb = 812.588580552287
      Creating new point: f = 0.562138739285095
    i = 7 ; sf/Sf = 0.300513237839574 ; sf = 823.434319211231
      k =   12 ; sb/Sb = 0 ; sb = 0
      k =  103 ; sb/Sb = 0.084700203450066 ; sb = 256
      k =   13 ; sb/Sb = 0.190208631131197 ; sb = 574.891294072192
      k =   14 ; sb/Sb = 0.268853195679606 ; sb = 812.588580552287
      k =   15 ; sb/Sb = 0.350234037040797 ; sb = 1058.55605807726
      Creating new point: f = 0.389035571891574
    i = 6 ; sf/Sf = 0.446493666795918 ; sf = 1223.43431921123
      k =   12 ; sb/Sb = 0 ; sb = 0
      k =  103 ; sb/Sb = 0.084700203450066 ; sb = 256
      k =   13 ; sb/Sb = 0.190208631131197 ; sb = 574.891294072192
      k =   14 ; sb/Sb = 0.268853195679606 ; sb = 812.588580552287
      k =   15 ; sb/Sb = 0.350234037040797 ; sb = 1058.55605807726
      k =   16 ; sb/Sb = 0.405300143839381 ; sb = 1224.9892278482
      k =   17 ; sb/Sb = 0.439364283198296 ; sb = 1327.94552925807
      k =   18 ; sb/Sb = 0.514884521178572 ; sb = 1556.19977346833
      Creating new point: f = 0.0944036166766763
    i = 5 ; sf/Sf = 0.516977426197808 ; sf = 1416.56639836951
      k =   12 ; sb/Sb = 0 ; sb = 0
      k =  103 ; sb/Sb = 0.084700203450066 ; sb = 256
      k =   13 ; sb/Sb = 0.190208631131197 ; sb = 574.891294072192
      k =   14 ; sb/Sb = 0.268853195679606 ; sb = 812.588580552287
      k =   15 ; sb/Sb = 0.350234037040797 ; sb = 1058.55605807726
      k =   16 ; sb/Sb = 0.405300143839381 ; sb = 1224.9892278482
      k =   17 ; sb/Sb = 0.439364283198296 ; sb = 1327.94552925807
      k =   18 ; sb/Sb = 0.514884521178572 ; sb = 1556.19977346833
      k =  353 ; sb/Sb = 0.634292501906385 ; sb = 1917.1014221207
      Creating new point: f = 0.0175273462165497
    i = 4 ; sf/Sf = 0.646419351720785 ; sf = 1771.24935538887
      k =   12 ; sb/Sb = 0 ; sb = 0
      k =  103 ; sb/Sb = 0.084700203450066 ; sb = 256
      k =   13 ; sb/Sb = 0.190208631131197 ; sb = 574.891294072192
      k =   14 ; sb/Sb = 0.268853195679606 ; sb = 812.588580552287
      k =   15 ; sb/Sb = 0.350234037040797 ; sb = 1058.55605807726
      k =   16 ; sb/Sb = 0.405300143839381 ; sb = 1224.9892278482
      k =   17 ; sb/Sb = 0.439364283198296 ; sb = 1327.94552925807
      k =   18 ; sb/Sb = 0.514884521178572 ; sb = 1556.19977346833
      k =  353 ; sb/Sb = 0.634292501906385 ; sb = 1917.1014221207
      k =   19 ; sb/Sb = 0.753700482634198 ; sb = 2278.00307077308
      Creating new point: f = 0.10155811814658
    i = 97 ; sf/Sf = 0.726410851372693 ; sf = 1990.43353020954
      k =   12 ; sb/Sb = 0 ; sb = 0
      k =  103 ; sb/Sb = 0.084700203450066 ; sb = 256
      k =   13 ; sb/Sb = 0.190208631131197 ; sb = 574.891294072192
      k =   14 ; sb/Sb = 0.268853195679606 ; sb = 812.588580552287
      k =   15 ; sb/Sb = 0.350234037040797 ; sb = 1058.55605807726
      k =   16 ; sb/Sb = 0.405300143839381 ; sb = 1224.9892278482
      k =   17 ; sb/Sb = 0.439364283198296 ; sb = 1327.94552925807
      k =   18 ; sb/Sb = 0.514884521178572 ; sb = 1556.19977346833
      k =  353 ; sb/Sb = 0.634292501906385 ; sb = 1917.1014221207
      k =   19 ; sb/Sb = 0.753700482634198 ; sb = 2278.00307077308
      Creating new point: f = 0.771458900023517
    i = 3 ; sf/Sf = 0.819838325904753 ; sf = 2246.43353020954
      k =   12 ; sb/Sb = 0 ; sb = 0
      k =  103 ; sb/Sb = 0.084700203450066 ; sb = 256
      k =   13 ; sb/Sb = 0.190208631131197 ; sb = 574.891294072192
      k =   14 ; sb/Sb = 0.268853195679606 ; sb = 812.588580552287
      k =   15 ; sb/Sb = 0.350234037040797 ; sb = 1058.55605807726
      k =   16 ; sb/Sb = 0.405300143839381 ; sb = 1224.9892278482
      k =   17 ; sb/Sb = 0.439364283198296 ; sb = 1327.94552925807
      k =   18 ; sb/Sb = 0.514884521178572 ; sb = 1556.19977346833
      k =  353 ; sb/Sb = 0.634292501906385 ; sb = 1917.1014221207
      k =   19 ; sb/Sb = 0.753700482634198 ; sb = 2278.00307077308
      k =   20 ; sb/Sb = 0.820202553708948 ; sb = 2479.00058319549
    i = 94 ; sf/Sf = 0.819838325904753 ; sf = 2246.43353020954
      k =   12 ; sb/Sb = 0 ; sb = 0
      k =  103 ; sb/Sb = 0.084700203450066 ; sb = 256
      k =   13 ; sb/Sb = 0.190208631131197 ; sb = 574.891294072192
      k =   14 ; sb/Sb = 0.268853195679606 ; sb = 812.588580552287
      k =   15 ; sb/Sb = 0.350234037040797 ; sb = 1058.55605807726
      k =   16 ; sb/Sb = 0.405300143839381 ; sb = 1224.9892278482
      k =   17 ; sb/Sb = 0.439364283198296 ; sb = 1327.94552925807
      k =   18 ; sb/Sb = 0.514884521178572 ; sb = 1556.19977346833
      k =  353 ; sb/Sb = 0.634292501906385 ; sb = 1917.1014221207
      k =   19 ; sb/Sb = 0.753700482634198 ; sb = 2278.00307077308
      k =   20 ; sb/Sb = 0.820202553708948 ; sb = 2479.00058319549
      Creating new point: f = 0.994523060736173
    i = 96 ; sf/Sf = 0.909919162952377 ; sf = 2493.26343115349
      k =   12 ; sb/Sb = 0 ; sb = 0
      k =  103 ; sb/Sb = 0.084700203450066 ; sb = 256
      k =   13 ; sb/Sb = 0.190208631131197 ; sb = 574.891294072192
      k =   14 ; sb/Sb = 0.268853195679606 ; sb = 812.588580552287
      k =   15 ; sb/Sb = 0.350234037040797 ; sb = 1058.55605807726
      k =   16 ; sb/Sb = 0.405300143839381 ; sb = 1224.9892278482
      k =   17 ; sb/Sb = 0.439364283198296 ; sb = 1327.94552925807
      k =   18 ; sb/Sb = 0.514884521178572 ; sb = 1556.19977346833
      k =  353 ; sb/Sb = 0.634292501906385 ; sb = 1917.1014221207
      k =   19 ; sb/Sb = 0.753700482634198 ; sb = 2278.00307077308
      k =   20 ; sb/Sb = 0.820202553708948 ; sb = 2479.00058319549
      k =   22 ; sb/Sb = 0.820202553708948 ; sb = 2479.00058319549
      k =   23 ; sb/Sb = 0.942217755466704 ; sb = 2847.78236148721
      Creating new point: f = 0.735290422430708
    i = 93 ; sf/Sf = 1 ; sf = 2740.09333209744
      k =   12 ; sb/Sb = 0 ; sb = 0
      k =  103 ; sb/Sb = 0.084700203450066 ; sb = 256
      k =   13 ; sb/Sb = 0.190208631131197 ; sb = 574.891294072192
      k =   14 ; sb/Sb = 0.268853195679606 ; sb = 812.588580552287
      k =   15 ; sb/Sb = 0.350234037040797 ; sb = 1058.55605807726
      k =   16 ; sb/Sb = 0.405300143839381 ; sb = 1224.9892278482
      k =   17 ; sb/Sb = 0.439364283198296 ; sb = 1327.94552925807
      k =   18 ; sb/Sb = 0.514884521178572 ; sb = 1556.19977346833
      k =  353 ; sb/Sb = 0.634292501906385 ; sb = 1917.1014221207
      k =   19 ; sb/Sb = 0.753700482634198 ; sb = 2278.00307077308
      k =   20 ; sb/Sb = 0.820202553708948 ; sb = 2479.00058319549
      k =   22 ; sb/Sb = 0.820202553708948 ; sb = 2479.00058319549
      k =   23 ; sb/Sb = 0.942217755466704 ; sb = 2847.78236148721
      k =   24 ; sb/Sb = 1 ; sb = 3022.42485345294
Tear 8 : Sf = 141.42135623731 ; Sb = 398.728935198877
  Forwards path
Tear 9 : Sf = 547.813836992093 ; Sb = 500.656409935514
  Forwards path
    i = 120 ; sf/Sf = 0.532687963112376 ; sf = 291.813836992093
      k =   91 ; sb/Sb = 0 ; sb = 0
      k =   92 ; sb/Sb = 0.32206749332689 ; sb = 161.245154965971
      k =   93 ; sb/Sb = 1 ; sb = 500.656409935514
      Creating new point: f = 0.310680587982255
Tear 10 : Sf = 290.688837074973 ; Sb = 203.960780543711
  Forwards path
Tear 1 : Sf = 2762.33810402866 ; Sb = 2722.153873254
  Backwards path
    i = 36 ; sf/Sf = 0.0944012233070945 ; sf = 260.768096208106
      k =   35 ; sb/Sb = 0 ; sb = 0
      k =   34 ; sb/Sb = 0.101073026233841 ; sb = 275.136329843952
      Creating new point: f = 0.933990272426291
    i = 37 ; sf/Sf = 0.269144762029564 ; sf = 743.468831653993
      k =   35 ; sb/Sb = 0 ; sb = 0
      k =   34 ; sb/Sb = 0.101073026233841 ; sb = 275.136329843952
      k =  300 ; sb/Sb = 0.245759598045944 ; sb = 668.995441710112
      k =   33 ; sb/Sb = 0.390446169858047 ; sb = 1062.85455357627
      Creating new point: f = 0.161626360281654
    i = 38 ; sf/Sf = 0.449498045922171 ; sf = 1241.66557993724
      k =   35 ; sb/Sb = 0 ; sb = 0
      k =   34 ; sb/Sb = 0.101073026233841 ; sb = 275.136329843952
      k =  300 ; sb/Sb = 0.245759598045944 ; sb = 668.995441710112
      k =   33 ; sb/Sb = 0.390446169858047 ; sb = 1062.85455357627
      k =  384 ; sb/Sb = 0.491067564257264 ; sb = 1336.76147207232
      Creating new point: f = 0.586871971082356
    i = 39 ; sf/Sf = 0.597923033943024 ; sf = 1651.66557993724
      k =   35 ; sb/Sb = 0 ; sb = 0
      k =   34 ; sb/Sb = 0.101073026233841 ; sb = 275.136329843952
      k =  300 ; sb/Sb = 0.245759598045944 ; sb = 668.995441710112
      k =   33 ; sb/Sb = 0.390446169858047 ; sb = 1062.85455357627
      k =  384 ; sb/Sb = 0.491067564257264 ; sb = 1336.76147207232
      k =   32 ; sb/Sb = 0.591688958656481 ; sb = 1610.66839056836
      k =   31 ; sb/Sb = 0.723374742513436 ; sb = 1969.13735714706
      Creating new point: f = 0.047340533685202
    i = 40 ; sf/Sf = 0.724005172417462 ; sf = 1999.9470752826
      k =   35 ; sb/Sb = 0 ; sb = 0
      k =   34 ; sb/Sb = 0.101073026233841 ; sb = 275.136329843952
      k =  300 ; sb/Sb = 0.245759598045944 ; sb = 668.995441710112
      k =   33 ; sb/Sb = 0.390446169858047 ; sb = 1062.85455357627
      k =  384 ; sb/Sb = 0.491067564257264 ; sb = 1336.76147207232
      k =   32 ; sb/Sb = 0.591688958656481 ; sb = 1610.66839056836
      k =   31 ; sb/Sb = 0.723374742513436 ; sb = 1969.13735714706
      k =   30 ; sb/Sb = 0.845710411844595 ; sb = 2302.153873254
      Creating new point: f = 0.00515327955838774
    i = 41 ; sf/Sf = 0.847567513616654 ; sf = 2341.26803860012
      k =   35 ; sb/Sb = 0 ; sb = 0
      k =   34 ; sb/Sb = 0.101073026233841 ; sb = 275.136329843952
      k =  300 ; sb/Sb = 0.245759598045944 ; sb = 668.995441710112
      k =   33 ; sb/Sb = 0.390446169858047 ; sb = 1062.85455357627
      k =  384 ; sb/Sb = 0.491067564257264 ; sb = 1336.76147207232
      k =   32 ; sb/Sb = 0.591688958656481 ; sb = 1610.66839056836
      k =   31 ; sb/Sb = 0.723374742513436 ; sb = 1969.13735714706
      k =   30 ; sb/Sb = 0.845710411844595 ; sb = 2302.153873254
      k =  104 ; sb/Sb = 0.905956822457658 ; sb = 2466.153873254
      Creating new point: f = 0.0308251023282832
    i = 342 ; sf/Sf = 0.923783756808327 ; sf = 2551.80307131439
      k =   35 ; sb/Sb = 0 ; sb = 0
      k =   34 ; sb/Sb = 0.101073026233841 ; sb = 275.136329843952
      k =  300 ; sb/Sb = 0.245759598045944 ; sb = 668.995441710112
      k =   33 ; sb/Sb = 0.390446169858047 ; sb = 1062.85455357627
      k =  384 ; sb/Sb = 0.491067564257264 ; sb = 1336.76147207232
      k =   32 ; sb/Sb = 0.591688958656481 ; sb = 1610.66839056836
      k =   31 ; sb/Sb = 0.723374742513436 ; sb = 1969.13735714706
      k =   30 ; sb/Sb = 0.845710411844595 ; sb = 2302.153873254
      k =  104 ; sb/Sb = 0.905956822457658 ; sb = 2466.153873254
      k =   29 ; sb/Sb = 1 ; sb = 2722.153873254
      Creating new point: f = 0.189561165589529
Tear 2 : Sf = 757.667377536781 ; Sb = 929.725646139345
  Backwards path
    i = 240 ; sf/Sf = 0.325776070426059 ; sf = 246.82990094395
      k =   84 ; sb/Sb = 0 ; sb = 0
      k =  231 ; sb/Sb = 0.236261984680119 ; sb = 219.658826364888
      k =   83 ; sb/Sb = 0.472523969360239 ; sb = 439.317652729776
      Creating new point: f = 0.378876381095058
    i = 85 ; sf/Sf = 0.651552140852118 ; sf = 493.659801887899
      k =   84 ; sb/Sb = 0 ; sb = 0
      k =  231 ; sb/Sb = 0.236261984680119 ; sb = 219.658826364888
      k =   83 ; sb/Sb = 0.472523969360238 ; sb = 439.317652729776
      k =   82 ; sb/Sb = 1 ; sb = 929.725646139345
      Creating new point: f = 0.339405320986322
Tear 3 : Sf = 288.967053787253 ; Sb = 160
  Backwards path
    i = 61 ; sf/Sf = 0.356290795301771 ; sf = 102.95630140987
      k =   60 ; sb/Sb = 0 ; sb = 0
      k =   59 ; sb/Sb = 1 ; sb = 160
      Creating new point: f = 0.356290795301771
Tear 4 : Sf = 522.067781605314 ; Sb = 530.540533691503
  Backwards path
    i = 58 ; sf/Sf = 0.59007363961004 ; sf = 308.058436014987
      k =   57 ; sb/Sb = 0 ; sb = 0
      k =   56 ; sb/Sb = 0.346016158708061 ; sb = 183.575597506858
      k =   55 ; sb/Sb = 0.602386212360632 ; sb = 319.590302594213
      Creating new point: f = 0.951973436151486
    i = 59 ; sf/Sf = 1 ; sf = 522.067781605314
      k =   57 ; sb/Sb = 0 ; sb = 0
      k =   56 ; sb/Sb = 0.346016158708061 ; sb = 183.575597506858
      k =   55 ; sb/Sb = 0.602386212360632 ; sb = 319.590302594213
      k =   54 ; sb/Sb = 1 ; sb = 530.540533691503
Tear 5 : Sf = 1996.92954770597 ; Sb = 1687.25900293262
  Backwards path
    i = 50 ; sf/Sf = 0.147875252556556 ; sf = 295.296461204668
      k =   49 ; sb/Sb = 0 ; sb = 0
      k =   48 ; sb/Sb = 0.231144121514328 ; sb = 390
      Creating new point: f = 0.639753464582007
    i = 201 ; sf/Sf = 0.250532855192312 ; sf = 500.296461204668
      k =   49 ; sb/Sb = 0 ; sb = 0
      k =   48 ; sb/Sb = 0.231144121514328 ; sb = 390
      k =  171 ; sb/Sb = 0.392859230171977 ; sb = 662.855272992845
      Creating new point: f = 0.119894386114721
    i = 51 ; sf/Sf = 0.353190457828069 ; sf = 705.296461204668
      k =   49 ; sb/Sb = 0 ; sb = 0
      k =   48 ; sb/Sb = 0.231144121514328 ; sb = 390
      k =  171 ; sb/Sb = 0.392859230171977 ; sb = 662.855272992845
      Creating new point: f = 0.754699652535947
    i = 52 ; sf/Sf = 0.487933559431518 ; sf = 974.368942146142
      k =   49 ; sb/Sb = 0 ; sb = 0
      k =   48 ; sb/Sb = 0.231144121514328 ; sb = 390
      k =  171 ; sb/Sb = 0.392859230171977 ; sb = 662.855272992845
      k =   47 ; sb/Sb = 0.554574338829627 ; sb = 935.71054598569
      Creating new point: f = 0.58791247180752
    i = 53 ; sf/Sf = 0.580270762492929 ; sf = 1158.759831292
      k =   49 ; sb/Sb = 0 ; sb = 0
      k =   48 ; sb/Sb = 0.231144121514328 ; sb = 390
      k =  171 ; sb/Sb = 0.392859230171977 ; sb = 662.855272992845
      k =   47 ; sb/Sb = 0.554574338829627 ; sb = 935.71054598569
      k =   46 ; sb/Sb = 0.830280755672553 ; sb = 1400.89867997021
      Creating new point: f = 0.0932021240475579
    i = 54 ; sf/Sf = 0.700871858236396 ; sf = 1399.59172286785
      k =   49 ; sb/Sb = 0 ; sb = 0
      k =   48 ; sb/Sb = 0.231144121514328 ; sb = 390
      k =  171 ; sb/Sb = 0.392859230171977 ; sb = 662.855272992845
      k =   47 ; sb/Sb = 0.554574338829627 ; sb = 935.71054598569
      k =   46 ; sb/Sb = 0.830280755672553 ; sb = 1400.89867997021
    i = 62 ; sf/Sf = 0.700871858236396 ; sf = 1399.59172286785
      k =   49 ; sb/Sb = 0 ; sb = 0
      k =   48 ; sb/Sb = 0.231144121514328 ; sb = 390
      k =  171 ; sb/Sb = 0.392859230171977 ; sb = 662.855272992845
      k =   47 ; sb/Sb = 0.554574338829627 ; sb = 935.71054598569
      k =   46 ; sb/Sb = 0.830280755672553 ; sb = 1400.89867997021
      Creating new point: f = 0.530627908780654
    i = 63 ; sf/Sf = 0.889376557827231 ; sf = 1776.02232736222
      k =   49 ; sb/Sb = 0 ; sb = 0
      k =   48 ; sb/Sb = 0.231144121514328 ; sb = 390
      k =  171 ; sb/Sb = 0.392859230171977 ; sb = 662.855272992845
      k =   47 ; sb/Sb = 0.554574338829627 ; sb = 935.71054598569
      k =   46 ; sb/Sb = 0.830280755672553 ; sb = 1400.89867997021
      k =   45 ; sb/Sb = 0.88492289680956 ; sb = 1493.09412454314
      k =   44 ; sb/Sb = 1 ; sb = 1687.25900293262
      Creating new point: f = 0.0387015391784804
Tear 6 : Sf = 1384.82507604375 ; Sb = 1279.04068712402
  Backwards path
    i = 75 ; sf/Sf = 0.226633025324846 ; sf = 313.847096529504
      k =   74 ; sb/Sb = 0 ; sb = 0
      k =   73 ; sb/Sb = 0.242369146752515 ; sb = 310
      Creating new point: f = 0.935073743343508
    i = 76 ; sf/Sf = 0.356613340610756 ; sf = 493.847096529504
      k =   74 ; sb/Sb = 0 ; sb = 0
      k =   73 ; sb/Sb = 0.242369146752515 ; sb = 310
      k =   72 ; sb/Sb = 0.541108246561781 ; sb = 692.099463490856
      Creating new point: f = 0.382421296479709
    i = 127 ; sf/Sf = 0.546880145482496 ; sf = 757.333339054612
      k =   74 ; sb/Sb = 0 ; sb = 0
      k =   73 ; sb/Sb = 0.242369146752515 ; sb = 310
      k =   72 ; sb/Sb = 0.541108246561781 ; sb = 692.099463490856
      k =  438 ; sb/Sb = 0.770554123280891 ; sb = 985.57007530744
      Creating new point: f = 0.025155818893973
    i = 77 ; sf/Sf = 0.737146950354236 ; sf = 1020.81958157972
      k =   74 ; sb/Sb = 0 ; sb = 0
      k =   73 ; sb/Sb = 0.242369146752515 ; sb = 310
      k =   72 ; sb/Sb = 0.541108246561781 ; sb = 692.099463490856
      k =  438 ; sb/Sb = 0.770554123280891 ; sb = 985.57007530744
      Creating new point: f = 0.854400639469533
Tear 7 : Sf = 3022.42485345294 ; Sb = 2740.09333209744
  Backwards path
    i = 103 ; sf/Sf = 0.084700203450066 ; sf = 256
      k =   12 ; sb/Sb = 0 ; sb = 0
      k =   11 ; sb/Sb = 0.054253877315701 ; sb = 148.660687473185
      k =   10 ; sb/Sb = 0.133204865588149 ; sb = 364.993764001024
      Creating new point: f = 0.385635782408437
    i = 13 ; sf/Sf = 0.190208631131197 ; sf = 574.891294072192
      k =   12 ; sb/Sb = 0 ; sb = 0
      k =   11 ; sb/Sb = 0.054253877315701 ; sb = 148.660687473185
      k =   10 ; sb/Sb = 0.133204865588149 ; sb = 364.993764001024
      k =    9 ; sb/Sb = 0.17400763590452 ; sb = 476.797162876014
      k =    8 ; sb/Sb = 0.234417787498065 ; sb = 642.326616448482
      Creating new point: f = 0.268183323486453
    i = 14 ; sf/Sf = 0.268853195679606 ; sf = 812.588580552287
      k =   12 ; sb/Sb = 0 ; sb = 0
      k =   11 ; sb/Sb = 0.054253877315701 ; sb = 148.660687473185
      k =   10 ; sb/Sb = 0.133204865588149 ; sb = 364.993764001024
      k =    9 ; sb/Sb = 0.17400763590452 ; sb = 476.797162876014
      k =    8 ; sb/Sb = 0.234417787498065 ; sb = 642.326616448482
      k =    7 ; sb/Sb = 0.300513237839574 ; sb = 823.434319211231
      Creating new point: f = 0.520995136633703
    i = 15 ; sf/Sf = 0.350234037040797 ; sf = 1058.55605807726
      k =   12 ; sb/Sb = 0 ; sb = 0
      k =   11 ; sb/Sb = 0.054253877315701 ; sb = 148.660687473185
      k =   10 ; sb/Sb = 0.133204865588149 ; sb = 364.993764001024
      k =    9 ; sb/Sb = 0.17400763590452 ; sb = 476.797162876014
      k =    8 ; sb/Sb = 0.234417787498065 ; sb = 642.326616448482
      k =    7 ; sb/Sb = 0.300513237839574 ; sb = 823.434319211231
      k =    6 ; sb/Sb = 0.446493666795918 ; sb = 1223.43431921123
      Creating new point: f = 0.340599075894567
    i = 16 ; sf/Sf = 0.405300143839381 ; sf = 1224.9892278482
      k =   12 ; sb/Sb = 0 ; sb = 0
      k =   11 ; sb/Sb = 0.054253877315701 ; sb = 148.660687473185
      k =   10 ; sb/Sb = 0.133204865588149 ; sb = 364.993764001024
      k =    9 ; sb/Sb = 0.17400763590452 ; sb = 476.797162876014
      k =    8 ; sb/Sb = 0.234417787498065 ; sb = 642.326616448482
      k =    7 ; sb/Sb = 0.300513237839574 ; sb = 823.434319211231
      k =    6 ; sb/Sb = 0.446493666795918 ; sb = 1223.43431921123
      Creating new point: f = 0.717814756052977
    i = 17 ; sf/Sf = 0.439364283198296 ; sf = 1327.94552925807
      k =   12 ; sb/Sb = 0 ; sb = 0
      k =   11 ; sb/Sb = 0.054253877315701 ; sb = 148.660687473185
      k =   10 ; sb/Sb = 0.133204865588149 ; sb = 364.993764001024
      k =    9 ; sb/Sb = 0.17400763590452 ; sb = 476.797162876014
      k =    8 ; sb/Sb = 0.234417787498065 ; sb = 642.326616448482
      k =    7 ; sb/Sb = 0.300513237839574 ; sb = 823.434319211231
      k =    6 ; sb/Sb = 0.446493666795918 ; sb = 1223.43431921123
      Creating new point: f = 0.951162058855482
    i = 18 ; sf/Sf = 0.514884521178572 ; sf = 1556.19977346833
      k =   12 ; sb/Sb = 0 ; sb = 0
      k =   11 ; sb/Sb = 0.054253877315701 ; sb = 148.660687473185
      k =   10 ; sb/Sb = 0.133204865588149 ; sb = 364.993764001024
      k =    9 ; sb/Sb = 0.17400763590452 ; sb = 476.797162876014
      k =    8 ; sb/Sb = 0.234417787498065 ; sb = 642.326616448482
      k =    7 ; sb/Sb = 0.300513237839574 ; sb = 823.434319211231
      k =    6 ; sb/Sb = 0.446493666795918 ; sb = 1223.43431921123
      k =    5 ; sb/Sb = 0.516977426197808 ; sb = 1416.56639836951
      Creating new point: f = 0.970306563710627
    i = 353 ; sf/Sf = 0.634292501906385 ; sf = 1917.1014221207
      k =   12 ; sb/Sb = 0 ; sb = 0
      k =   11 ; sb/Sb = 0.054253877315701 ; sb = 148.660687473185
      k =   10 ; sb/Sb = 0.133204865588149 ; sb = 364.993764001024
      k =    9 ; sb/Sb = 0.17400763590452 ; sb = 476.797162876014
      k =    8 ; sb/Sb = 0.234417787498065 ; sb = 642.326616448482
      k =    7 ; sb/Sb = 0.300513237839574 ; sb = 823.434319211231
      k =    6 ; sb/Sb = 0.446493666795918 ; sb = 1223.43431921123
      k =    5 ; sb/Sb = 0.516977426197808 ; sb = 1416.56639836951
      k =    4 ; sb/Sb = 0.646419351720785 ; sb = 1771.24935538887
      Creating new point: f = 0.906314358617546
    i = 19 ; sf/Sf = 0.753700482634198 ; sf = 2278.00307077308
      k =   12 ; sb/Sb = 0 ; sb = 0
      k =   11 ; sb/Sb = 0.054253877315701 ; sb = 148.660687473185
      k =   10 ; sb/Sb = 0.133204865588149 ; sb = 364.993764001024
      k =    9 ; sb/Sb = 0.17400763590452 ; sb = 476.797162876014
      k =    8 ; sb/Sb = 0.234417787498065 ; sb = 642.326616448482
      k =    7 ; sb/Sb = 0.300513237839574 ; sb = 823.434319211231
      k =    6 ; sb/Sb = 0.446493666795918 ; sb = 1223.43431921123
      k =    5 ; sb/Sb = 0.516977426197808 ; sb = 1416.56639836951
      k =    4 ; sb/Sb = 0.646419351720785 ; sb = 1771.24935538887
      k =   97 ; sb/Sb = 0.726410851372693 ; sb = 1990.43353020954
      k =    3 ; sb/Sb = 0.819838325904753 ; sb = 2246.43353020954
      Creating new point: f = 0.292094283808777
    i = 20 ; sf/Sf = 0.820202553708948 ; sf = 2479.00058319549
      k =   12 ; sb/Sb = 0 ; sb = 0
      k =   11 ; sb/Sb = 0.054253877315701 ; sb = 148.660687473185
      k =   10 ; sb/Sb = 0.133204865588149 ; sb = 364.993764001024
      k =    9 ; sb/Sb = 0.17400763590452 ; sb = 476.797162876014
      k =    8 ; sb/Sb = 0.234417787498065 ; sb = 642.326616448482
      k =    7 ; sb/Sb = 0.300513237839574 ; sb = 823.434319211231
      k =    6 ; sb/Sb = 0.446493666795918 ; sb = 1223.43431921123
      k =    5 ; sb/Sb = 0.516977426197808 ; sb = 1416.56639836951
      k =    4 ; sb/Sb = 0.646419351720785 ; sb = 1771.24935538887
      k =   97 ; sb/Sb = 0.726410851372693 ; sb = 1990.43353020954
      k =    3 ; sb/Sb = 0.819838325904753 ; sb = 2246.43353020954
      k =   94 ; sb/Sb = 0.819838325904753 ; sb = 2246.43353020954
      k =   96 ; sb/Sb = 0.909919162952377 ; sb = 2493.26343115349
    i = 22 ; sf/Sf = 0.820202553708948 ; sf = 2479.00058319549
      k =   12 ; sb/Sb = 0 ; sb = 0
      k =   11 ; sb/Sb = 0.054253877315701 ; sb = 148.660687473185
      k =   10 ; sb/Sb = 0.133204865588149 ; sb = 364.993764001024
      k =    9 ; sb/Sb = 0.17400763590452 ; sb = 476.797162876014
      k =    8 ; sb/Sb = 0.234417787498065 ; sb = 642.326616448482
      k =    7 ; sb/Sb = 0.300513237839574 ; sb = 823.434319211231
      k =    6 ; sb/Sb = 0.446493666795918 ; sb = 1223.43431921123
      k =    5 ; sb/Sb = 0.516977426197808 ; sb = 1416.56639836951
      k =    4 ; sb/Sb = 0.646419351720785 ; sb = 1771.24935538887
      k =   97 ; sb/Sb = 0.726410851372693 ; sb = 1990.43353020954
      k =    3 ; sb/Sb = 0.819838325904753 ; sb = 2246.43353020954
      k =   94 ; sb/Sb = 0.819838325904753 ; sb = 2246.43353020954
      k =   96 ; sb/Sb = 0.909919162952377 ; sb = 2493.26343115349
      Creating new point: f = 0.00404334391344965
    i = 23 ; sf/Sf = 0.942217755466704 ; sf = 2847.78236148721
      k =   12 ; sb/Sb = 0 ; sb = 0
      k =   11 ; sb/Sb = 0.054253877315701 ; sb = 148.660687473185
      k =   10 ; sb/Sb = 0.133204865588149 ; sb = 364.993764001024
      k =    9 ; sb/Sb = 0.17400763590452 ; sb = 476.797162876014
      k =    8 ; sb/Sb = 0.234417787498065 ; sb = 642.326616448482
      k =    7 ; sb/Sb = 0.300513237839574 ; sb = 823.434319211231
      k =    6 ; sb/Sb = 0.446493666795918 ; sb = 1223.43431921123
      k =    5 ; sb/Sb = 0.516977426197808 ; sb = 1416.56639836951
      k =    4 ; sb/Sb = 0.646419351720785 ; sb = 1771.24935538887
      k =   97 ; sb/Sb = 0.726410851372693 ; sb = 1990.43353020954
      k =    3 ; sb/Sb = 0.819838325904753 ; sb = 2246.43353020954
      k =   94 ; sb/Sb = 0.819838325904753 ; sb = 2246.43353020954
      k =   96 ; sb/Sb = 0.909919162952377 ; sb = 2493.26343115349
      k =   93 ; sb/Sb = 1 ; sb = 2740.09333209744
      Creating new point: f = 0.358551203262596
Tear 8 : Sf = 398.728935198877 ; Sb = 141.42135623731
  Backwards path
    i = 1 ; sf/Sf = 0.112159804825024 ; sf = 44.7213595499958
      k =   95 ; sb/Sb = 0 ; sb = 0
      k =   94 ; sb/Sb = 1 ; sb = 141.42135623731
      Creating new point: f = 0.112159804825024
    i = 2 ; sf/Sf = 0.774282746861323 ; sf = 308.728935198877
      k =   95 ; sb/Sb = 0 ; sb = 0
      k =   94 ; sb/Sb = 1 ; sb = 141.42135623731
      Creating new point: f = 0.774282746861323
Tear 9 : Sf = 500.656409935514 ; Sb = 547.813836992093
  Backwards path
    i = 92 ; sf/Sf = 0.32206749332689 ; sf = 161.245154965971
      k =   91 ; sb/Sb = 0 ; sb = 0
      k =  120 ; sb/Sb = 0.532687963112376 ; sb = 291.813836992093
      Creating new point: f = 0.60460816768812
Tear 10 : Sf = 203.960780543711 ; Sb = 290.688837074973
  Backwards path
Triangulating...
[1] "Non-adjacent points in rim connected by line: 479 21"
[1] "In triangle: 318" "In triangle: 319"
[1] "Other points in triangles: 20 410"
[1] "Non-adjacent points in rim connected by line: 516 513"
[1] "In triangle: 54" "In triangle: 57"
[1] "Other points in triangles: 94 541"
Merging points...
Projecting to sphere...
Optimising mapping with FIRE...
E =  0.01468 | E_L =  0.01468 | E_A =  0.00000 |   2 flippped triangles
            X1           X2
id  59.0000000  279.0000000
A  338.8826452 8514.7632838
a   -0.3279332   -0.0204448
E =  0.01088 | E_L =  0.01088 | E_A =  0.00000 | 107 flippped triangles
        phi0    phi0.1    phi0.2    phi0.3    phi0.4    phi0.5    phi0.6
id      3.00     4.000     5.000    13.000     16.00    19.000    22.000
A   16369.83  7549.785 21056.912  5451.756  12615.85 11902.993  3216.545
a  -12083.10 -6605.686 -8031.725 -6287.325 -12950.72 -1591.438 -4173.354
      phi0.7    phi0.8    phi0.9   phi0.10  phi0.11   phi0.12   phi0.13
id  54.00000   57.0000    58.000   59.0000   60.000    63.000    64.000
A  318.73451  630.6913 15197.196  338.8826 4301.357 13487.692  8124.805
a  -28.63059 -970.0912 -5579.182 -615.8742 -260.425 -9522.625 -5219.124
     phi0.14   phi0.15   phi0.16   phi0.17  phi0.18   phi0.19   phi0.20
id    66.000    70.000    71.000     72.00    73.00    77.000    78.000
A   4985.858  3998.147 13837.661  21107.25 13467.12  9689.718  7545.842
a  -3423.246 -4511.663 -1340.684 -19386.99 -9300.79 -7926.278 -9178.628
     phi0.21   phi0.22   phi0.23   phi0.24   phi0.25   phi0.26   phi0.27
id     82.00     83.00     88.00     93.00    102.00    103.00    106.00
A   25693.02  32228.81  18663.71  19658.63  18027.92  21366.15  19658.63
a  -25399.33 -33331.32 -15443.06 -18599.90 -15041.24 -18541.23 -17885.22
     phi0.28   phi0.29   phi0.30    phi0.31   phi0.32   phi0.33   phi0.34
id    109.00    111.00   117.000    148.000    189.00    219.00   220.000
A   26248.24  15302.79  8577.946   9753.201  14573.80  29478.67 27358.447
a  -23612.05 -14002.30 -7274.598 -12451.029 -12910.36 -23422.22 -2796.414
    phi0.35   phi0.36   phi0.37   phi0.38   phi0.39   phi0.40   phi0.41
id   232.00   241.000    243.00   247.000    254.00 256.00000  258.0000
A  17412.96  4927.330  11733.84  8812.863  21122.05  53.89580  625.4028
a  -4338.54 -5226.952 -12119.60 -7164.148 -17212.62 -41.57298 -539.9154
     phi0.42   phi0.43   phi0.44   phi0.45   phi0.46   phi0.47   phi0.48
id   262.000  267.0000   278.000   283.000   289.000   295.000    300.00
A   2868.723  471.3944  7691.197 16679.607  2000.556 11475.356  14612.73
a  -2595.037 -956.4929 -7933.718 -4332.237 -1360.139 -9496.356 -12112.55
     phi0.49    phi0.50   phi0.51   phi0.52   phi0.53   phi0.54  phi0.55
id   302.000    305.000    309.00   315.000 318.00000   319.000   324.00
A   1809.472   9497.338  30689.97 18183.441  67.24884  6381.456 21541.43
a  -2109.049 -12682.511 -30927.07 -5421.212 -30.23799 -6643.845 -6020.80
     phi0.56   phi0.57    phi0.58   phi0.59    phi0.60   phi0.61   phi0.62
id    362.00    364.00   365.0000    367.00   370.0000    373.00    375.00
A   22679.52  23183.43 33717.5109  26576.41 29559.1832  28277.18  35291.42
a  -15076.18 -19312.74  -532.6186 -25056.60  -791.2206 -30533.47 -35375.05
     phi0.63   phi0.64   phi0.65   phi0.66   phi0.67    phi0.68   phi0.69
id    376.00    387.00   388.000    418.00    422.00   425.0000    433.00
A   18517.13  28828.03 10133.837  33123.14  19570.24 16674.5879  36486.61
a  -14382.39 -23884.16 -9252.714 -14405.96 -17672.09  -451.6789 -23525.13
     phi0.70   phi0.71   phi0.72    phi0.73   phi0.74   phi0.75   phi0.76
id 449.00000  451.0000  453.0000    466.000   477.000    483.00    484.00
A   34.42244  258.4049 1082.2790   8681.067 10019.781  23213.99  22939.77
a  -25.20929 -189.5407 -273.3632 -10970.515 -7925.409 -21867.34 -17966.11
     phi0.77   phi0.78   phi0.79   phi0.80   phi0.81   phi0.82   phi0.83
id   537.000    665.00   730.000   750.000 754.00000   755.000   759.000
A   7177.542  13678.65 22363.383  4924.909  35.44622 13136.955 26179.628
a  -6445.090 -13764.84 -5185.377 -2017.543 -15.34227 -8085.114 -1752.674
     phi0.84   phi0.85   phi0.86    phi0.87     phi0.88   phi0.89   phi0.90
id    776.00    787.00   791.000 797.000000 810.0000000    826.00    828.00
A   18170.92  18344.85 33150.552   3.966832   4.0848125  23914.70  25327.29
a  -17784.65 -11003.55 -6097.771  -2.917577  -0.6118299 -20958.38 -21516.07
     phi0.91   phi0.92   phi0.93   phi0.94   phi0.95   phi0.96   phi0.97
id    829.00    830.00   831.000    846.00   864.000    875.00   877.000
A   27821.77  27221.02 17444.267  13613.08  7818.989  15395.34 19126.899
a  -16920.40 -15985.45 -5668.056 -11831.97 -8831.299 -13746.12 -1952.112
     phi0.98   phi0.99  phi0.100  phi0.101  phi0.102  phi0.103  phi0.104
id    881.00    923.00    930.00   944.000    946.00    949.00    956.00
A   20806.63  10192.80  12444.95  4685.959  19362.50  18563.29  22188.67
a  -13714.46 -11750.08 -11542.22 -3625.480 -16353.84 -11831.01 -15169.32
    phi0.105  phi0.106
id    961.00  980.0000
A   28781.42  320.5573
a  -23413.69 -809.7813
E =  0.00919 | E_L =  0.00919 | E_A =  0.00000 |  82 flippped triangles
        phi0    phi0.1    phi0.2    phi0.3    phi0.4    phi0.5    phi0.6
id      3.00    4.0000    13.000    16.000    22.000    58.000   59.0000
A   16369.83 7549.7852  5451.756 12615.851  3216.545 15197.196  338.8826
a  -14823.24 -726.8452 -5067.244 -9588.204 -3696.840 -9771.861 -651.0686
      phi0.7    phi0.8    phi0.9   phi0.10   phi0.11   phi0.12   phi0.13
id    60.000    64.000    70.000    71.000     72.00    73.000    77.000
A   4301.357  8124.805  3998.147 13837.661  21107.25 13467.122  9689.718
a  -4775.069 -8533.609 -3428.897 -6360.063 -19722.63 -9614.226 -7663.590
     phi0.14   phi0.15   phi0.16   phi0.17   phi0.18   phi0.19   phi0.20
id    78.000     79.00     82.00     83.00     88.00     93.00    106.00
A   7545.842  25586.78  25693.02  32228.81  18663.71  19658.63  19658.63
a  -5908.907 -13638.26 -22640.40 -33327.34 -13508.26 -17277.60 -14738.77
     phi0.21   phi0.22   phi0.23   phi0.24   phi0.25   phi0.26   phi0.27
id    109.00    111.00   117.000   148.000   189.000   241.000    242.00
A   26248.24  15302.79  8577.946  9753.201 14573.797  4927.330  26611.57
a  -22505.90 -11739.74 -7139.282 -9863.780 -4940.108 -5086.329 -10814.11
     phi0.28   phi0.29   phi0.30   phi0.31   phi0.32   phi0.33   phi0.34
id   243.000    254.00  258.0000   262.000  267.0000   278.000  281.0000
A  11733.838  21122.05  625.4028  2868.723  471.3944  7691.197 1445.8948
a  -9739.212 -14546.86 -559.8685 -2220.880 -707.0842 -7474.054 -613.7471
     phi0.35   phi0.36   phi0.37   phi0.38    phi0.39   phi0.40   phi0.41
id   289.000   295.000   300.000   302.000    305.000    309.00    315.00
A   2000.556 11475.356 14612.732  1809.472   9497.338  30689.97  18183.44
a  -2697.110 -9667.433 -3969.636 -1734.587 -11071.597 -30719.23 -13978.01
     phi0.42   phi0.43   phi0.44   phi0.45   phi0.46   phi0.47   phi0.48
id 318.00000    321.00    323.00    324.00    362.00   364.000    367.00
A   67.24884  18796.31  26523.22  21541.43  22679.52 23183.426  26576.41
a  -37.17363 -19667.01 -27224.43 -17317.99 -11163.88 -5956.097 -21270.71
     phi0.49   phi0.50   phi0.51   phi0.52   phi0.53    phi0.54   phi0.55
id    373.00    375.00   376.000   387.000   388.000    466.000    483.00
A   28277.18  35291.42 18517.127 28828.034 10133.837   8681.067  23213.99
a  -23044.79 -10359.57 -9920.357 -4147.578 -8621.103 -10113.221 -18153.89
     phi0.56   phi0.57   phi0.58   phi0.59   phi0.60    phi0.61    phi0.62
id   537.000   606.000    665.00  752.0000   776.000 797.000000 810.000000
A   7177.542  5795.116  13678.65 1618.9266 18170.925   3.966832   4.084812
a  -8352.526 -1169.281 -13266.71 -610.9613 -3966.843  -3.644086  -2.978269
     phi0.63   phi0.64   phi0.65   phi0.66    phi0.67   phi0.68   phi0.69
id    826.00    828.00   829.000   830.000   831.0000    846.00   864.000
A   23914.70  25327.29 27821.773 27221.023 17444.2673  13613.08  7818.989
a  -16298.33 -15722.02 -6652.985 -8322.071  -957.1989 -10725.60 -6987.843
     phi0.70   phi0.71   phi0.72   phi0.73   phi0.74   phi0.75  phi0.76
id    875.00  876.0000   877.000   881.000    923.00    930.00    946.0
A   15395.34 1797.2516 19126.899 20806.631  10192.80  12444.95  19362.5
a  -13977.65 -781.2129 -8593.359 -5148.016 -10435.61 -13226.28 -14225.9
     phi0.77   phi0.78   phi0.79   phi0.80    phi0.81
id  948.0000    949.00    956.00    961.00 979.000000
A  1139.2602  18563.29  22188.67  28781.42   8.600514
a  -587.0372 -13378.92 -13809.04 -24818.95 -16.514807
E =  0.00831 | E_L =  0.00831 | E_A =  0.00000 |  77 flippped triangles
        phi0    phi0.1    phi0.2    phi0.3    phi0.4    phi0.5    phi0.6
id      3.00     4.000    13.000     16.00    22.000     58.00   59.0000
A   16369.83  7549.785  5451.756  12615.85  3216.545  15197.20  338.8826
a  -15153.37 -2887.563 -5215.679 -10129.79 -3501.169 -10112.88 -622.9690
      phi0.7    phi0.8    phi0.9   phi0.10   phi0.11   phi0.12   phi0.13
id    60.000    64.000    70.000     72.00    73.000   74.0000    77.000
A   4301.357  8124.805  3998.147  21107.25 13467.122 2023.9457  9689.718
a  -4779.805 -9145.834 -2618.352 -18123.07 -8352.089 -648.7529 -6932.603
     phi0.14   phi0.15   phi0.16   phi0.17   phi0.18   phi0.19   phi0.20
id    78.000     79.00     82.00     83.00     88.00     93.00    106.00
A   7545.842  25586.78  25693.02  32228.81  18663.71  19658.63  19658.63
a  -7929.615 -13429.65 -24280.12 -33538.99 -17587.58 -18637.06 -17940.59
     phi0.21   phi0.22   phi0.23   phi0.24    phi0.25   phi0.26   phi0.27
id    109.00   111.000   117.000   139.000    148.000   241.000   243.000
A   26248.24 15302.788  8577.946  8405.694   9753.201  4927.330 11733.838
a  -22297.17 -1406.617 -9407.479 -1572.770 -10839.008 -4646.584 -4896.463
     phi0.28   phi0.29   phi0.30   phi0.31   phi0.32   phi0.33   phi0.34
id   244.000    254.00  258.0000   262.000  267.0000   272.000   278.000
A   2455.981  21122.05  625.4028  2868.723  471.3944  4316.165  7691.197
a  -2306.208 -20283.51 -404.1011 -2583.624 -402.0494 -5178.146 -9007.259
     phi0.35   phi0.36   phi0.37    phi0.38   phi0.39   phi0.40  phi0.41
id   289.000    295.00   302.000    305.000    309.00   314.000   315.00
A   2000.556  11475.36  1809.472   9497.338  30689.97  2579.995 18183.44
a  -2886.104 -10382.89 -1536.762 -11093.037 -30694.82 -2085.301 -8547.76
      phi0.42   phi0.43   phi0.44   phi0.45   phi0.46   phi0.47   phi0.48
id 318.000000    321.00    323.00    324.00   360.000    362.00    364.00
A   67.248837  18796.31  26523.22  21541.43  8648.623  22679.52  23183.43
a   -3.249887 -17116.23 -22640.48 -10275.02 -9245.531 -12970.56 -17225.65
     phi0.49   phi0.50   phi0.51   phi0.52   phi0.53   phi0.54   phi0.55
id    373.00    375.00    376.00   388.000   466.000    483.00   537.000
A   28277.18  35291.42  18517.13 10133.837  8681.067  23213.99  7177.542
a  -25588.06 -16317.28 -12049.51 -8826.027 -7650.411 -17299.59 -7914.101
     phi0.56   phi0.57   phi0.58    phi0.59    phi0.60   phi0.61  phi0.62
id   606.000    665.00 794.00000 797.000000 810.000000    826.00   830.00
A   5795.116  13678.65 514.01941   3.966832   4.084812  23914.70 27221.02
a  -1800.102 -12926.87 -40.65196  -3.909881  -3.308685 -14758.57 -6591.80
     phi0.63   phi0.64   phi0.65   phi0.66   phi0.67   phi0.68   phi0.69
id   831.000   846.000   864.000    875.00  876.0000    892.00    923.00
A  17444.267 13613.079  7818.989  15395.34 1797.2516  13794.01  10192.80
a  -5888.152 -9510.124 -8396.305 -16106.96 -330.5959 -10931.78 -12361.59
    phi0.70  phi0.71    phi0.72   phi0.73   phi0.74   phi0.75    phi0.76
id   930.00    946.0  948.00000    949.00    956.00    961.00 979.000000
A  12444.95  19362.5 1139.26018  18563.29  22188.67  28781.42   8.600514
a  -9779.75 -17496.0  -49.54678 -16133.35 -11818.17 -25744.38  -4.309426
E =  0.00823 | E_L =  0.00823 | E_A =  0.00000 |  74 flippped triangles
        phi0    phi0.1    phi0.2    phi0.3    phi0.4    phi0.5    phi0.6
id      3.00     4.000    13.000    16.000    22.000     58.00   59.0000
A   16369.83  7549.785  5451.756 12615.851  3216.545  15197.20  338.8826
a  -16154.49 -2925.971 -4969.824 -9737.349 -3584.844 -11984.76 -662.1219
      phi0.7    phi0.8    phi0.9   phi0.10   phi0.11   phi0.12   phi0.13
id    60.000    64.000     72.00    73.000    74.000    77.000    78.000
A   4301.357  8124.805  21107.25 13467.122  2023.946  9689.718  7545.842
a  -4894.534 -8707.528 -18207.55 -8777.109 -1760.216 -5960.971 -1378.072
     phi0.14   phi0.15   phi0.16   phi0.17   phi0.18   phi0.19   phi0.20
id     79.00     82.00     83.00     88.00     93.00    106.00    109.00
A   25586.78  25693.02  32228.81  18663.71  19658.63  19658.63  26248.24
a  -13904.16 -24653.69 -34090.28 -16111.49 -18670.81 -16969.45 -23092.24
     phi0.21   phi0.22    phi0.23  phi0.24   phi0.25   phi0.26   phi0.27
id   117.000   139.000    148.000   241.00   244.000    254.00   262.000
A   8577.946  8405.694   9753.201  4927.33  2455.981  21122.05  2868.723
a  -9314.115 -1269.629 -10074.209 -4301.39 -2704.414 -19794.83 -2323.118
     phi0.28   phi0.29   phi0.30   phi0.31   phi0.32   phi0.33    phi0.34
id   272.000   278.000    280.00   289.000    295.00   302.000    305.000
A   4316.165  7691.197  13626.44  2000.556  11475.36  1809.472   9497.338
a  -3776.872 -7921.037 -14890.89 -2860.291 -10605.15 -1569.882 -11443.811
     phi0.35   phi0.36   phi0.37   phi0.38   phi0.39   phi0.40   phi0.41
id    309.00   314.000    315.00    321.00    323.00    324.00   360.000
A   30689.97  2579.995  18183.44  18796.31  26523.22  21541.43  8648.623
a  -30185.12 -2709.003 -10426.58 -14519.51 -20155.96 -11345.99 -9779.887
     phi0.42   phi0.43   phi0.44   phi0.45   phi0.46   phi0.47   phi0.48
id    362.00    364.00    373.00    375.00   376.000   466.000    483.00
A   22679.52  23183.43  28277.18  35291.42 18517.127  8681.067  23213.99
a  -12351.96 -16277.00 -22282.63 -12840.05 -7137.149 -7006.735 -17484.71
     phi0.49   phi0.50   phi0.51   phi0.52    phi0.53   phi0.54    phi0.55
id   537.000   606.000    665.00   752.000  753.00000  794.0000 797.000000
A   7177.542  5795.116  13678.65  1618.927 1096.80350  514.0194   3.966832
a  -8576.850 -2937.595 -12616.22 -1026.162  -22.89714 -500.3272  -3.179084
      phi0.56   phi0.57    phi0.58   phi0.59   phi0.60   phi0.61   phi0.62
id 810.000000    826.00   830.0000   831.000    846.00   864.000    875.00
A    4.084812  23914.70 27221.0233 17444.267  13613.08  7818.989  15395.34
a   -3.821603 -10204.97   -45.4971 -6013.978 -10194.33 -8609.806 -16202.15
     phi0.63   phi0.64   phi0.65   phi0.66   phi0.67  phi0.68   phi0.69
id  876.0000   877.000    892.00    923.00    930.00    946.0  948.0000
A  1797.2516 19126.899  13794.01  10192.80  12444.95  19362.5 1139.2602
a  -964.4625 -3704.143 -11060.74 -12651.64 -10040.26 -17487.8 -844.9424
     phi0.70   phi0.71   phi0.72    phi0.73
id    949.00    956.00    961.00 979.000000
A   18563.29  22188.67  28781.42   8.600514
a  -16646.16 -11374.12 -25653.83 -13.182596
FIRE:  8  stops.  8 hits of maxmove.  0 hits of dtmax.
Frms = 8.51318887301397e-06; Ftanrms = 8.49944509862803e-06
E =  1.70391 | E_L =  0.01744 | E_A =  1.68647 |   2 flippped triangles
          phi0      phi0.1
id  59.0000000  279.000000
A  338.8826452 8514.763284
a   -0.5968743   -4.254785
E =  1.69963 | E_L =  0.01313 | E_A =  1.68651 |   2 flippped triangles
          phi0      phi0.1
id  59.0000000  279.000000
A  338.8826452 8514.763284
a   -0.5968743   -4.254785
E =  1.69919 | E_L =  0.01271 | E_A =  1.68648 |   2 flippped triangles
          phi0      phi0.1
id  65.0000000  278.000000
A  886.5148039 7691.197286
a   -0.5416132   -7.169464
E =  1.69834 | E_L =  0.01185 | E_A =  1.68649 |   2 flippped triangles
         phi0      phi0.1
id  65.000000  279.000000
A  886.514804 8514.763284
a   -1.566747   -6.143736
E =  1.69803 | E_L =  0.01156 | E_A =  1.68647 |   2 flippped triangles
         phi0      phi0.1
id  59.000000  279.000000
A  338.882645 8514.763284
a   -2.265995   -1.030726
E =  1.69799 | E_L =  0.01153 | E_A =  1.68647 |   2 flippped triangles
          phi0       phi0.1
id  59.0000000  279.0000000
A  338.8826452 8514.7632838
a   -0.6823963   -0.4250759
Optimising mapping with BFGS...
E =  3.14498 | E_L =  0.01152 | E_A =  3.13345 |   2 flippped triangles
            phi0       phi0.1
id  6.500000e+01  278.0000000
A   8.865148e+02 7691.1972862
a  -3.180986e-04   -0.7264384
E =  3.14497 | E_L =  0.01152 | E_A =  3.13345 |   2 flippped triangles
        phi0    phi0.1
id  65.00000  279.0000
A  886.51480 8514.7633
a  -64.58005 -193.1923
Transforming image...
Mapping optimised. Error: 3.144971 ; 2 flipped triangles.
Inferring coordinates of datapoints
Inferring coordinates of landmarks
Mapping optimised. Error: 3.144971 ; 2 flipped triangles. OD displacement: 9.671341 degrees.
Computing Kernel Density estimates of datapoints

[1] 0.8
Saving developmental_retina/data/C57BL6J/P2/AP/GM154-3/R-CONTRA/r.mat
