[1] "Adding old segment 1"
[1] "Storing new segment 1"
[1] "Adding old segment 2"
[1] "Adding old segment 3"
[1] "Adding old segment 4"
[1] "Adding old segment 5"
[1] "Storing new segment 2"
simplify.outline: Removing vertex 1
Triangulating...
[1] "Non-adjacent points in rim connected by line: 51 41"
[1] "In triangle: 22" "In triangle: 83"
[1] "Other points in triangles: 52 55"
[1] "Non-adjacent points in rim connected by line: 54 53"
[1] "In triangle: 21" "In triangle: 31"
[1] "Other points in triangles: 55 40"
[1] "Non-adjacent points in rim connected by line: 55 41"
[1] "In triangle: 46"  "In triangle: 806"
[1] "Other points in triangles: 54 449"
[1] "Non-adjacent points in rim connected by line: 55 54"
[1] "In triangle: 21" "In triangle: 46"
[1] "Other points in triangles: 450 451"
[1] "Non-adjacent points in rim connected by line: 60 29"
[1] "In triangle: 3"  "In triangle: 60"
[1] "Other points in triangles: 28 66"
[1] "Non-adjacent points in rim connected by line: 69 18"
[1] "In triangle: 28" "In triangle: 34"
[1] "Other points in triangles: 19 70"
Stitching...
Tear 1 child of rim
Tear 2 child of rim
Tear 3 child of rim
Tear 4 child of rim
Tear 5 child of rim
Tear 1 : Sf = 1542.33198429619 ; Sb = 1718.78101277838
  Forwards path
    i = 224 ; sf/Sf = 0.2311732709627 ; sf = 356.545929720141
      k =   16 ; sb/Sb = 0 ; sb = 0
      k =   15 ; sb/Sb = 0.279873081710761 ; sb = 481.040538832228
      Creating new point: f = 0.825993230751679
    i = 17 ; sf/Sf = 0.462346541925401 ; sf = 713.091859440283
      k =   16 ; sb/Sb = 0 ; sb = 0
      k =   15 ; sb/Sb = 0.279873081710761 ; sb = 481.040538832228
      k =   14 ; sb/Sb = 0.546808070209693 ; sb = 939.843328710406
      Creating new point: f = 0.683587645219351
    i = 74 ; sf/Sf = 0.707572288932224 ; sf = 1091.31137242183
      k =   16 ; sb/Sb = 0 ; sb = 0
      k =   15 ; sb/Sb = 0.279873081710761 ; sb = 481.040538832228
      k =   14 ; sb/Sb = 0.546808070209693 ; sb = 939.843328710406
      k =   13 ; sb/Sb = 0.808621527918644 ; sb = 1389.84332871041
      Creating new point: f = 0.614041081498748
    i = 18 ; sf/Sf = 0.952798035939048 ; sf = 1469.53088540338
      k =   16 ; sb/Sb = 0 ; sb = 0
      k =   15 ; sb/Sb = 0.279873081710761 ; sb = 481.040538832228
      k =   14 ; sb/Sb = 0.546808070209693 ; sb = 939.843328710406
      k =   13 ; sb/Sb = 0.808621527918644 ; sb = 1389.84332871041
      k =   12 ; sb/Sb = 1 ; sb = 1718.78101277838
      Creating new point: f = 0.753358026388223
Tear 2 : Sf = 2104.97252923978 ; Sb = 1918.46769690549
  Forwards path
    i = 397 ; sf/Sf = 0.15628502435171 ; sf = 328.97568299192
      k =   25 ; sb/Sb = 0 ; sb = 0
      k =   24 ; sb/Sb = 0.284451256002865 ; sb = 545.71054598569
      Creating new point: f = 0.549426381686062
    i = 26 ; sf/Sf = 0.31257004870342 ; sf = 657.951365983839
      k =   25 ; sb/Sb = 0 ; sb = 0
      k =   24 ; sb/Sb = 0.284451256002865 ; sb = 545.71054598569
      k =  357 ; sb/Sb = 0.446479327337498 ; sb = 856.556166833081
      Creating new point: f = 0.173542722992002
    i = 90 ; sf/Sf = 0.485968986185906 ; sf = 1022.95136598384
      k =   25 ; sb/Sb = 0 ; sb = 0
      k =   24 ; sb/Sb = 0.284451256002865 ; sb = 545.71054598569
      k =  357 ; sb/Sb = 0.446479327337498 ; sb = 856.556166833081
      k =   23 ; sb/Sb = 0.608507398672131 ; sb = 1167.40178768047
      Creating new point: f = 0.24372109427169
    i = 27 ; sf/Sf = 0.659367923668392 ; sf = 1387.95136598384
      k =   25 ; sb/Sb = 0 ; sb = 0
      k =   24 ; sb/Sb = 0.284451256002865 ; sb = 545.71054598569
      k =  357 ; sb/Sb = 0.446479327337498 ; sb = 856.556166833081
      k =   23 ; sb/Sb = 0.608507398672131 ; sb = 1167.40178768047
      k =  286 ; sb/Sb = 0.804253699336065 ; sb = 1542.93474229298
      Creating new point: f = 0.259828792798394
    i = 58 ; sf/Sf = 0.756951562860376 ; sf = 1593.36224578621
      k =   25 ; sb/Sb = 0 ; sb = 0
      k =   24 ; sb/Sb = 0.284451256002865 ; sb = 545.71054598569
      k =  357 ; sb/Sb = 0.446479327337498 ; sb = 856.556166833081
      k =   23 ; sb/Sb = 0.608507398672131 ; sb = 1167.40178768047
      k =  286 ; sb/Sb = 0.804253699336065 ; sb = 1542.93474229298
      Creating new point: f = 0.758349780735324
    i = 59 ; sf/Sf = 0.817759957374783 ; sf = 1721.36224578621
      k =   25 ; sb/Sb = 0 ; sb = 0
      k =   24 ; sb/Sb = 0.284451256002865 ; sb = 545.71054598569
      k =  357 ; sb/Sb = 0.446479327337498 ; sb = 856.556166833081
      k =   23 ; sb/Sb = 0.608507398672131 ; sb = 1167.40178768047
      k =  286 ; sb/Sb = 0.804253699336065 ; sb = 1542.93474229298
      k =   22 ; sb/Sb = 1 ; sb = 1918.46769690549
      Creating new point: f = 0.0689987907455034
    i = 60 ; sf/Sf = 0.848164154631986 ; sf = 1785.36224578621
      k =   25 ; sb/Sb = 0 ; sb = 0
      k =   24 ; sb/Sb = 0.284451256002865 ; sb = 545.71054598569
      k =  357 ; sb/Sb = 0.446479327337498 ; sb = 856.556166833081
      k =   23 ; sb/Sb = 0.608507398672131 ; sb = 1167.40178768047
      k =  286 ; sb/Sb = 0.804253699336065 ; sb = 1542.93474229298
      k =   22 ; sb/Sb = 1 ; sb = 1918.46769690549
      Creating new point: f = 0.224323295750593
    i = 28 ; sf/Sf = 0.878568351889189 ; sf = 1849.36224578621
      k =   25 ; sb/Sb = 0 ; sb = 0
      k =   24 ; sb/Sb = 0.284451256002865 ; sb = 545.71054598569
      k =  357 ; sb/Sb = 0.446479327337498 ; sb = 856.556166833081
      k =   23 ; sb/Sb = 0.608507398672131 ; sb = 1167.40178768047
      k =  286 ; sb/Sb = 0.804253699336065 ; sb = 1542.93474229298
      k =   22 ; sb/Sb = 1 ; sb = 1918.46769690549
      Creating new point: f = 0.379647800755683
    i = 29 ; sf/Sf = 0.892820319353503 ; sf = 1879.36224578621
      k =   25 ; sb/Sb = 0 ; sb = 0
      k =   24 ; sb/Sb = 0.284451256002865 ; sb = 545.71054598569
      k =  357 ; sb/Sb = 0.446479327337498 ; sb = 856.556166833081
      k =   23 ; sb/Sb = 0.608507398672131 ; sb = 1167.40178768047
      k =  286 ; sb/Sb = 0.804253699336065 ; sb = 1542.93474229298
      k =   22 ; sb/Sb = 1 ; sb = 1918.46769690549
      Creating new point: f = 0.452456162476818
Tear 3 : Sf = 414.849370253831 ; Sb = 259.615099714943
  Forwards path
Tear 4 : Sf = 1194.50057343462 ; Sb = 1021.46931829632
  Forwards path
    i = 155 ; sf/Sf = 0.252715807489727 ; sf = 301.869176962472
      k =   37 ; sb/Sb = 0 ; sb = 0
      k =  142 ; sb/Sb = 0.416786536337901 ; sb = 425.73465914816
      Creating new point: f = 0.606343500704741
    i = 38 ; sf/Sf = 0.505431614979453 ; sf = 603.738353924943
      k =   37 ; sb/Sb = 0 ; sb = 0
      k =  142 ; sb/Sb = 0.416786536337901 ; sb = 425.73465914816
      k =   36 ; sb/Sb = 0.833573072675802 ; sb = 851.46931829632
      Creating new point: f = 0.212687001409483
Tear 5 : Sf = 3667.33765297359 ; Sb = 3905.67595683594
  Forwards path
    i = 5 ; sf/Sf = 0.106902050690743 ; sf = 392.045915678253
      k =    4 ; sb/Sb = 0 ; sb = 0
      k =    3 ; sb/Sb = 0.10292585183398 ; sb = 401.995024844836
      k =  380 ; sb/Sb = 0.18769905531579 ; sb = 733.091687467702
      Creating new point: f = 0.0469039589569806
    i = 436 ; sf/Sf = 0.188847159224889 ; sf = 692.566297682536
      k =    4 ; sb/Sb = 0 ; sb = 0
      k =    3 ; sb/Sb = 0.10292585183398 ; sb = 401.995024844836
      k =  380 ; sb/Sb = 0.18769905531579 ; sb = 733.091687467702
      k =    2 ; sb/Sb = 0.2724722587976 ; sb = 1064.18835009057
      Creating new point: f = 0.0135432408112948
    i = 88 ; sf/Sf = 0.270792267759036 ; sf = 993.086679686819
      k =    4 ; sb/Sb = 0 ; sb = 0
      k =    3 ; sb/Sb = 0.10292585183398 ; sb = 401.995024844836
      k =  380 ; sb/Sb = 0.18769905531579 ; sb = 733.091687467702
      k =    2 ; sb/Sb = 0.2724722587976 ; sb = 1064.18835009057
      Creating new point: f = 0.980182522665608
    i = 232 ; sf/Sf = 0.352737376293182 ; sf = 1293.6070616911
      k =    4 ; sb/Sb = 0 ; sb = 0
      k =    3 ; sb/Sb = 0.10292585183398 ; sb = 401.995024844836
      k =  380 ; sb/Sb = 0.18769905531579 ; sb = 733.091687467702
      k =    2 ; sb/Sb = 0.2724722587976 ; sb = 1064.18835009057
      k =  378 ; sb/Sb = 0.352008936897194 ; sb = 1374.83284143075
      k =    1 ; sb/Sb = 0.431545614996787 ; sb = 1685.47733277093
      Creating new point: f = 0.00915853431892624
    i = 6 ; sf/Sf = 0.434682484827329 ; sf = 1594.12744369538
      k =    4 ; sb/Sb = 0 ; sb = 0
      k =    3 ; sb/Sb = 0.10292585183398 ; sb = 401.995024844836
      k =  380 ; sb/Sb = 0.18769905531579 ; sb = 733.091687467702
      k =    2 ; sb/Sb = 0.2724722587976 ; sb = 1064.18835009057
      k =  378 ; sb/Sb = 0.352008936897194 ; sb = 1374.83284143075
      k =    1 ; sb/Sb = 0.431545614996787 ; sb = 1685.47733277093
      k =   46 ; sb/Sb = 0.543852485519802 ; sb = 2124.11157676016
      Creating new point: f = 0.0279312371178465
    i = 84 ; sf/Sf = 0.500634342915128 ; sf = 1835.99517614434
      k =    4 ; sb/Sb = 0 ; sb = 0
      k =    3 ; sb/Sb = 0.10292585183398 ; sb = 401.995024844836
      k =  380 ; sb/Sb = 0.18769905531579 ; sb = 733.091687467702
      k =    2 ; sb/Sb = 0.2724722587976 ; sb = 1064.18835009057
      k =  378 ; sb/Sb = 0.352008936897194 ; sb = 1374.83284143075
      k =    1 ; sb/Sb = 0.431545614996787 ; sb = 1685.47733277093
      k =   46 ; sb/Sb = 0.543852485519802 ; sb = 2124.11157676016
      Creating new point: f = 0.615178106171006
    i = 7 ; sf/Sf = 0.566586201002927 ; sf = 2077.8629085933
      k =    4 ; sb/Sb = 0 ; sb = 0
      k =    3 ; sb/Sb = 0.10292585183398 ; sb = 401.995024844836
      k =  380 ; sb/Sb = 0.18769905531579 ; sb = 733.091687467702
      k =    2 ; sb/Sb = 0.2724722587976 ; sb = 1064.18835009057
      k =  378 ; sb/Sb = 0.352008936897194 ; sb = 1374.83284143075
      k =    1 ; sb/Sb = 0.431545614996787 ; sb = 1685.47733277093
      k =   46 ; sb/Sb = 0.543852485519802 ; sb = 2124.11157676016
      k =   45 ; sb/Sb = 0.613030042672036 ; sb = 2394.29669848228
      Creating new point: f = 0.3286284803769
    i = 8 ; sf/Sf = 0.662644522436879 ; sf = 2430.14120766947
      k =    4 ; sb/Sb = 0 ; sb = 0
      k =    3 ; sb/Sb = 0.10292585183398 ; sb = 401.995024844836
      k =  380 ; sb/Sb = 0.18769905531579 ; sb = 733.091687467702
      k =    2 ; sb/Sb = 0.2724722587976 ; sb = 1064.18835009057
      k =  378 ; sb/Sb = 0.352008936897194 ; sb = 1374.83284143075
      k =    1 ; sb/Sb = 0.431545614996787 ; sb = 1685.47733277093
      k =   46 ; sb/Sb = 0.543852485519802 ; sb = 2124.11157676016
      k =   45 ; sb/Sb = 0.613030042672036 ; sb = 2394.29669848228
      k =   44 ; sb/Sb = 0.698140893250943 ; sb = 2726.71210125418
      Creating new point: f = 0.582939536232743
    i = 106 ; sf/Sf = 0.722404585506536 ; sf = 2649.3015371089
      k =    4 ; sb/Sb = 0 ; sb = 0
      k =    3 ; sb/Sb = 0.10292585183398 ; sb = 401.995024844836
      k =  380 ; sb/Sb = 0.18769905531579 ; sb = 733.091687467702
      k =    2 ; sb/Sb = 0.2724722587976 ; sb = 1064.18835009057
      k =  378 ; sb/Sb = 0.352008936897194 ; sb = 1374.83284143075
      k =    1 ; sb/Sb = 0.431545614996787 ; sb = 1685.47733277093
      k =   46 ; sb/Sb = 0.543852485519802 ; sb = 2124.11157676016
      k =   45 ; sb/Sb = 0.613030042672036 ; sb = 2394.29669848228
      k =   44 ; sb/Sb = 0.698140893250943 ; sb = 2726.71210125418
      k =  375 ; sb/Sb = 0.793297717009575 ; sb = 3098.36381993714
      Creating new point: f = 0.254986361431508
    i = 99 ; sf/Sf = 0.782164648576193 ; sf = 2868.46186654833
      k =    4 ; sb/Sb = 0 ; sb = 0
      k =    3 ; sb/Sb = 0.10292585183398 ; sb = 401.995024844836
      k =  380 ; sb/Sb = 0.18769905531579 ; sb = 733.091687467702
      k =    2 ; sb/Sb = 0.2724722587976 ; sb = 1064.18835009057
      k =  378 ; sb/Sb = 0.352008936897194 ; sb = 1374.83284143075
      k =    1 ; sb/Sb = 0.431545614996787 ; sb = 1685.47733277093
      k =   46 ; sb/Sb = 0.543852485519802 ; sb = 2124.11157676016
      k =   45 ; sb/Sb = 0.613030042672036 ; sb = 2394.29669848228
      k =   44 ; sb/Sb = 0.698140893250943 ; sb = 2726.71210125418
      k =  375 ; sb/Sb = 0.793297717009575 ; sb = 3098.36381993714
      Creating new point: f = 0.883002941947485
    i = 9 ; sf/Sf = 0.901684774715508 ; sf = 3306.78252542719
      k =    4 ; sb/Sb = 0 ; sb = 0
      k =    3 ; sb/Sb = 0.10292585183398 ; sb = 401.995024844836
      k =  380 ; sb/Sb = 0.18769905531579 ; sb = 733.091687467702
      k =    2 ; sb/Sb = 0.2724722587976 ; sb = 1064.18835009057
      k =  378 ; sb/Sb = 0.352008936897194 ; sb = 1374.83284143075
      k =    1 ; sb/Sb = 0.431545614996787 ; sb = 1685.47733277093
      k =   46 ; sb/Sb = 0.543852485519802 ; sb = 2124.11157676016
      k =   45 ; sb/Sb = 0.613030042672036 ; sb = 2394.29669848228
      k =   44 ; sb/Sb = 0.698140893250943 ; sb = 2726.71210125418
      k =  375 ; sb/Sb = 0.793297717009575 ; sb = 3098.36381993714
      k =   43 ; sb/Sb = 0.888454540768207 ; sb = 3470.0155386201
      k =   42 ; sb/Sb = 1 ; sb = 3905.67595683594
      Creating new point: f = 0.118608449312211
Tear 1 : Sf = 1718.78101277838 ; Sb = 1542.33198429619
  Backwards path
    i = 15 ; sf/Sf = 0.279873081710761 ; sf = 481.040538832228
      k =   16 ; sb/Sb = 0 ; sb = 0
      k =  224 ; sb/Sb = 0.2311732709627 ; sb = 356.545929720141
      k =   17 ; sb/Sb = 0.462346541925401 ; sb = 713.091859440283
      Creating new point: f = 0.210663674676813
    i = 14 ; sf/Sf = 0.546808070209693 ; sf = 939.843328710406
      k =   16 ; sb/Sb = 0 ; sb = 0
      k =  224 ; sb/Sb = 0.2311732709627 ; sb = 356.545929720141
      k =   17 ; sb/Sb = 0.462346541925401 ; sb = 713.091859440283
      k =   74 ; sb/Sb = 0.707572288932224 ; sb = 1091.31137242183
      Creating new point: f = 0.344423574258466
    i = 13 ; sf/Sf = 0.808621527918644 ; sf = 1389.84332871041
      k =   16 ; sb/Sb = 0 ; sb = 0
      k =  224 ; sb/Sb = 0.2311732709627 ; sb = 356.545929720141
      k =   17 ; sb/Sb = 0.462346541925401 ; sb = 713.091859440283
      k =   74 ; sb/Sb = 0.707572288932224 ; sb = 1091.31137242183
      k =   18 ; sb/Sb = 0.952798035939048 ; sb = 1469.53088540338
      Creating new point: f = 0.412066188888429
Tear 2 : Sf = 1918.46769690549 ; Sb = 2104.97252923978
  Backwards path
    i = 24 ; sf/Sf = 0.284451256002865 ; sf = 545.71054598569
      k =   25 ; sb/Sb = 0 ; sb = 0
      k =  397 ; sb/Sb = 0.15628502435171 ; sb = 328.97568299192
      k =   26 ; sb/Sb = 0.31257004870342 ; sb = 657.951365983839
      Creating new point: f = 0.820080056824415
    i = 357 ; sf/Sf = 0.446479327337498 ; sf = 856.556166833081
      k =   25 ; sb/Sb = 0 ; sb = 0
      k =  397 ; sb/Sb = 0.15628502435171 ; sb = 328.97568299192
      k =   26 ; sb/Sb = 0.31257004870342 ; sb = 657.951365983839
      k =   90 ; sb/Sb = 0.485968986185906 ; sb = 1022.95136598384
      Creating new point: f = 0.772261240917945
    i = 23 ; sf/Sf = 0.608507398672131 ; sf = 1167.40178768047
      k =   25 ; sb/Sb = 0 ; sb = 0
      k =  397 ; sb/Sb = 0.15628502435171 ; sb = 328.97568299192
      k =   26 ; sb/Sb = 0.31257004870342 ; sb = 657.951365983839
      k =   90 ; sb/Sb = 0.485968986185906 ; sb = 1022.95136598384
      k =   27 ; sb/Sb = 0.659367923668392 ; sb = 1387.95136598384
      Creating new point: f = 0.706684909753852
    i = 286 ; sf/Sf = 0.804253699336065 ; sf = 1542.93474229298
      k =   25 ; sb/Sb = 0 ; sb = 0
      k =  397 ; sb/Sb = 0.15628502435171 ; sb = 328.97568299192
      k =   26 ; sb/Sb = 0.31257004870342 ; sb = 657.951365983839
      k =   90 ; sb/Sb = 0.485968986185906 ; sb = 1022.95136598384
      k =   27 ; sb/Sb = 0.659367923668392 ; sb = 1387.95136598384
      k =   58 ; sb/Sb = 0.756951562860376 ; sb = 1593.36224578621
      k =   59 ; sb/Sb = 0.817759957374783 ; sb = 1721.36224578621
      Creating new point: f = 0.777888264497468
Tear 3 : Sf = 259.615099714943 ; Sb = 414.849370253831
  Backwards path
Tear 4 : Sf = 1021.46931829632 ; Sb = 1194.50057343462
  Backwards path
    i = 142 ; sf/Sf = 0.416786536337901 ; sf = 425.73465914816
      k =   37 ; sb/Sb = 0 ; sb = 0
      k =  155 ; sb/Sb = 0.252715807489727 ; sb = 301.869176962472
      k =   38 ; sb/Sb = 0.505431614979453 ; sb = 603.738353924943
      Creating new point: f = 0.64923017866559
    i = 36 ; sf/Sf = 0.833573072675802 ; sf = 851.46931829632
      k =   37 ; sb/Sb = 0 ; sb = 0
      k =  155 ; sb/Sb = 0.252715807489727 ; sb = 301.869176962472
      k =   38 ; sb/Sb = 0.505431614979453 ; sb = 603.738353924943
      k =   39 ; sb/Sb = 1 ; sb = 1194.50057343462
      Creating new point: f = 0.663490565986574
Tear 5 : Sf = 3905.67595683594 ; Sb = 3667.33765297359
  Backwards path
    i = 3 ; sf/Sf = 0.10292585183398 ; sf = 401.995024844836
      k =    4 ; sb/Sb = 0 ; sb = 0
      k =    5 ; sb/Sb = 0.106902050690743 ; sb = 392.045915678253
      Creating new point: f = 0.962805214389523
    i = 380 ; sf/Sf = 0.18769905531579 ; sf = 733.091687467702
      k =    4 ; sb/Sb = 0 ; sb = 0
      k =    5 ; sb/Sb = 0.106902050690743 ; sb = 392.045915678253
      k =  436 ; sb/Sb = 0.188847159224889 ; sb = 692.566297682536
      Creating new point: f = 0.985989353975648
    i = 2 ; sf/Sf = 0.2724722587976 ; sf = 1064.18835009057
      k =    4 ; sb/Sb = 0 ; sb = 0
      k =    5 ; sb/Sb = 0.106902050690743 ; sb = 392.045915678253
      k =  436 ; sb/Sb = 0.188847159224889 ; sb = 692.566297682536
      k =   88 ; sb/Sb = 0.270792267759036 ; sb = 993.086679686819
      k =  232 ; sb/Sb = 0.352737376293182 ; sb = 1293.6070616911
      Creating new point: f = 0.0205014194088781
    i = 378 ; sf/Sf = 0.352008936897194 ; sf = 1374.83284143075
      k =    4 ; sb/Sb = 0 ; sb = 0
      k =    5 ; sb/Sb = 0.106902050690743 ; sb = 392.045915678253
      k =  436 ; sb/Sb = 0.188847159224889 ; sb = 692.566297682536
      k =   88 ; sb/Sb = 0.270792267759036 ; sb = 993.086679686819
      k =  232 ; sb/Sb = 0.352737376293182 ; sb = 1293.6070616911
      Creating new point: f = 0.991110642123501
    i = 1 ; sf/Sf = 0.431545614996787 ; sf = 1685.47733277093
      k =    4 ; sb/Sb = 0 ; sb = 0
      k =    5 ; sb/Sb = 0.106902050690743 ; sb = 392.045915678253
      k =  436 ; sb/Sb = 0.188847159224889 ; sb = 692.566297682536
      k =   88 ; sb/Sb = 0.270792267759036 ; sb = 993.086679686819
      k =  232 ; sb/Sb = 0.352737376293182 ; sb = 1293.6070616911
      k =    6 ; sb/Sb = 0.434682484827329 ; sb = 1594.12744369538
      Creating new point: f = 0.961719864838124
    i = 46 ; sf/Sf = 0.543852485519802 ; sf = 2124.11157676016
      k =    4 ; sb/Sb = 0 ; sb = 0
      k =    5 ; sb/Sb = 0.106902050690743 ; sb = 392.045915678253
      k =  436 ; sb/Sb = 0.188847159224889 ; sb = 692.566297682536
      k =   88 ; sb/Sb = 0.270792267759036 ; sb = 993.086679686819
      k =  232 ; sb/Sb = 0.352737376293182 ; sb = 1293.6070616911
      k =    6 ; sb/Sb = 0.434682484827329 ; sb = 1594.12744369538
      k =   84 ; sb/Sb = 0.500634342915128 ; sb = 1835.99517614434
      k =    7 ; sb/Sb = 0.566586201002927 ; sb = 2077.8629085933
      Creating new point: f = 0.655298332112789
    i = 45 ; sf/Sf = 0.613030042672036 ; sf = 2394.29669848228
      k =    4 ; sb/Sb = 0 ; sb = 0
      k =    5 ; sb/Sb = 0.106902050690743 ; sb = 392.045915678253
      k =  436 ; sb/Sb = 0.188847159224889 ; sb = 692.566297682536
      k =   88 ; sb/Sb = 0.270792267759036 ; sb = 993.086679686819
      k =  232 ; sb/Sb = 0.352737376293182 ; sb = 1293.6070616911
      k =    6 ; sb/Sb = 0.434682484827329 ; sb = 1594.12744369538
      k =   84 ; sb/Sb = 0.500634342915128 ; sb = 1835.99517614434
      k =    7 ; sb/Sb = 0.566586201002927 ; sb = 2077.8629085933
      k =    8 ; sb/Sb = 0.662644522436879 ; sb = 2430.14120766947
      Creating new point: f = 0.483496286170726
    i = 44 ; sf/Sf = 0.698140893250943 ; sf = 2726.71210125418
      k =    4 ; sb/Sb = 0 ; sb = 0
      k =    5 ; sb/Sb = 0.106902050690743 ; sb = 392.045915678253
      k =  436 ; sb/Sb = 0.188847159224889 ; sb = 692.566297682536
      k =   88 ; sb/Sb = 0.270792267759036 ; sb = 993.086679686819
      k =  232 ; sb/Sb = 0.352737376293182 ; sb = 1293.6070616911
      k =    6 ; sb/Sb = 0.434682484827329 ; sb = 1594.12744369538
      k =   84 ; sb/Sb = 0.500634342915128 ; sb = 1835.99517614434
      k =    7 ; sb/Sb = 0.566586201002927 ; sb = 2077.8629085933
      k =    8 ; sb/Sb = 0.662644522436879 ; sb = 2430.14120766947
      k =  106 ; sb/Sb = 0.722404585506536 ; sb = 2649.3015371089
      Creating new point: f = 0.593981481791436
    i = 375 ; sf/Sf = 0.793297717009575 ; sf = 3098.36381993714
      k =    4 ; sb/Sb = 0 ; sb = 0
      k =    5 ; sb/Sb = 0.106902050690743 ; sb = 392.045915678253
      k =  436 ; sb/Sb = 0.188847159224889 ; sb = 692.566297682536
      k =   88 ; sb/Sb = 0.270792267759036 ; sb = 993.086679686819
      k =  232 ; sb/Sb = 0.352737376293182 ; sb = 1293.6070616911
      k =    6 ; sb/Sb = 0.434682484827329 ; sb = 1594.12744369538
      k =   84 ; sb/Sb = 0.500634342915128 ; sb = 1835.99517614434
      k =    7 ; sb/Sb = 0.566586201002927 ; sb = 2077.8629085933
      k =    8 ; sb/Sb = 0.662644522436879 ; sb = 2430.14120766947
      k =  106 ; sb/Sb = 0.722404585506536 ; sb = 2649.3015371089
      k =   99 ; sb/Sb = 0.782164648576193 ; sb = 2868.46186654833
      k =    9 ; sb/Sb = 0.901684774715508 ; sb = 3306.78252542719
      Creating new point: f = 0.0931480646230631
    i = 43 ; sf/Sf = 0.888454540768207 ; sf = 3470.0155386201
      k =    4 ; sb/Sb = 0 ; sb = 0
      k =    5 ; sb/Sb = 0.106902050690743 ; sb = 392.045915678253
      k =  436 ; sb/Sb = 0.188847159224889 ; sb = 692.566297682536
      k =   88 ; sb/Sb = 0.270792267759036 ; sb = 993.086679686819
      k =  232 ; sb/Sb = 0.352737376293182 ; sb = 1293.6070616911
      k =    6 ; sb/Sb = 0.434682484827329 ; sb = 1594.12744369538
      k =   84 ; sb/Sb = 0.500634342915128 ; sb = 1835.99517614434
      k =    7 ; sb/Sb = 0.566586201002927 ; sb = 2077.8629085933
      k =    8 ; sb/Sb = 0.662644522436879 ; sb = 2430.14120766947
      k =  106 ; sb/Sb = 0.722404585506536 ; sb = 2649.3015371089
      k =   99 ; sb/Sb = 0.782164648576193 ; sb = 2868.46186654833
      k =    9 ; sb/Sb = 0.901684774715508 ; sb = 3306.78252542719
      Creating new point: f = 0.889305388350409
Triangulating...
[1] "Non-adjacent points in rim connected by line: 51 41"
[1] "In triangle: 501" "In triangle: 502"
[1] "Other points in triangles: 451 449"
[1] "Non-adjacent points in rim connected by line: 54 53"
[1] "In triangle: 507" "In triangle: 511"
[1] "Other points in triangles: 452 450"
[1] "Non-adjacent points in rim connected by line: 60 29"
[1] "In triangle: 55" "In triangle: 57"
[1] "Other points in triangles: 28 453"
[1] "Non-adjacent points in rim connected by line: 476 475"
[1] "In triangle: 694" "In triangle: 699"
[1] "Other points in triangles: 439 46"
Merging points...
Projecting to sphere...
Optimising mapping with FIRE...
E =  0.00400 | E_L =  0.00400 | E_A =  0.00000 |   2 flippped triangles
           X1         X2
id 501.000000 945.000000
A    6.058004   2.678699
a  -45.784189  -6.778725
E =  0.00366 | E_L =  0.00366 | E_A =  0.00000 |  55 flippped triangles
        phi0   phi0.1    phi0.2    phi0.3    phi0.4    phi0.5    phi0.6
id   55.0000    73.00    76.000   80.0000    147.00   155.000   238.000
A   499.2675 11652.98  6133.338  537.6335  26565.17  5026.257  7277.166
a  -655.9206 -8573.50 -6052.670 -511.3037 -23282.36 -6025.439 -8098.986
      phi0.7    phi0.8    phi0.9   phi0.10   phi0.11   phi0.12   phi0.13
id    240.00    241.00    246.00   247.000   250.000   254.000   262.000
A   27786.65  13962.35  31246.25  5802.654  5878.568 11120.300  4283.279
a  -21683.69 -14327.37 -15543.60 -7332.097 -3166.383 -4327.873 -4559.003
     phi0.14   phi0.15   phi0.16   phi0.17   phi0.18   phi0.19   phi0.20
id    265.00    266.00    274.00   424.000   433.000   455.000    456.00
A   11115.98  16131.13  48441.19  6065.356  7192.794  6144.838  13275.51
a  -13309.65 -15725.14 -21878.25 -6109.080 -6657.925 -7924.073 -14650.19
     phi0.21   phi0.22    phi0.23    phi0.24     phi0.25    phi0.26    phi0.27
id   458.000 499.00000 501.000000 504.000000 505.0000000 506.000000 507.000000
A  32162.337 141.44003   6.058004  18.557677   5.9057189   5.518846   2.469619
a  -4290.503 -89.58248  -8.984366  -5.166555  -0.5156538  -8.198658  -2.162317
      phi0.28    phi0.29   phi0.30   phi0.31   phi0.32   phi0.33   phi0.34
id 509.000000 511.000000   512.000  513.0000  516.0000 522.00000 523.00000
A    6.733731   1.855693  2834.452  246.2793  108.5352  12.83169  39.53502
a   -9.669913  -1.588145 -2840.191 -283.9706 -104.0952 -14.65061 -34.77752
     phi0.35   phi0.36   phi0.37   phi0.38   phi0.39   phi0.40   phi0.41
id  588.0000  691.0000    693.00   699.000  704.0000 706.00000   743.000
A   302.0082  202.1763  22832.49  4781.286  324.8430  57.98974  4191.179
a  -298.7894 -191.6374 -20446.28 -3674.581 -369.4639 -55.26958 -4139.833
     phi0.42   phi0.43    phi0.44   phi0.45   phi0.46   phi0.47   phi0.48
id  826.0000 830.00000  831.00000 835.00000 850.00000  855.0000   860.000
A   271.6172  27.08318 3617.23140  23.87861  51.12821  292.3823  5909.635
a  -230.7315 -27.21674  -90.37767 -25.64711 -52.41817 -371.8597 -4203.731
     phi0.49   phi0.50   phi0.51    phi0.52   phi0.53   phi0.54
id    864.00  865.0000 941.00000 944.000000  948.0000   951.000
A   25524.27  178.2541  95.33269   4.594154  282.2034  6087.380
a  -15632.32 -185.5547 -73.38069  -3.219629 -275.1903 -3228.217
E =  0.00358 | E_L =  0.00358 | E_A =  0.00000 |  57 flippped triangles
        phi0    phi0.1    phi0.2    phi0.3    phi0.4    phi0.5    phi0.6
id   55.0000    73.000    76.000   80.0000    147.00   155.000    244.00
A   499.2675 11652.979  6133.338  537.6335  26565.17  5026.257  15491.17
a  -699.1843 -7623.699 -6015.997 -523.2195 -28994.07 -6274.249 -13402.18
      phi0.7    phi0.8    phi0.9   phi0.10   phi0.11   phi0.12   phi0.13
id    246.00   247.000    249.00   250.000    255.00   262.000    265.00
A   31246.25  5802.654  26189.85  5878.568  24751.28  4283.279  11115.98
a  -31976.35 -8215.586 -24756.14 -4010.765 -26580.58 -4757.331 -12528.64
     phi0.14   phi0.15   phi0.16   phi0.17   phi0.18   phi0.19   phi0.20
id    266.00    269.00    274.00   424.000   433.000   455.000    456.00
A   16131.13  27693.00  48441.19  6065.356  7192.794  6144.838  13275.51
a  -15349.10 -14984.48 -47717.06 -6009.067 -6569.742 -7477.594 -13957.86
     phi0.21   phi0.22    phi0.23    phi0.24    phi0.25    phi0.26    phi0.27
id   458.000  499.0000 501.000000 504.000000 505.000000 506.000000 507.000000
A  32162.337  141.4400   6.058004  18.557677   5.905719   5.518846   2.469619
a  -1114.237 -109.6539  -6.506751  -7.237992  -2.789032  -4.090350  -2.678876
      phi0.28    phi0.29   phi0.30   phi0.31   phi0.32   phi0.33   phi0.34
id 509.000000 511.000000   512.000  513.0000 516.00000 522.00000 523.00000
A    6.733731   1.855693  2834.452  246.2793 108.53521  12.83169  39.53502
a   -8.022206  -1.809520 -2898.607 -272.9823 -95.72174 -20.20545 -29.88858
     phi0.35   phi0.36   phi0.37   phi0.38   phi0.39   phi0.40   phi0.41
id  588.0000 690.00000  691.0000    693.00   694.000   699.000  704.0000
A   302.0082  10.90245  202.1763  22832.49  8226.548  4781.286  324.8430
a  -313.5261 -12.82230 -183.6705 -22335.98 -6677.852 -4236.824 -348.5405
     phi0.42    phi0.43   phi0.44   phi0.45   phi0.46   phi0.47   phi0.48
id 706.00000 742.000000   743.000  826.0000 830.00000 835.00000 850.00000
A   57.98974   9.612437  4191.179  271.6172  27.08318  23.87861  51.12821
a  -54.90619 -12.737625 -4297.742 -242.9883 -26.93060 -25.53838 -52.07010
     phi0.49   phi0.50   phi0.51   phi0.52   phi0.53   phi0.54    phi0.55
id  855.0000   860.000    864.00  865.0000   868.000 941.00000 944.000000
A   292.3823  5909.635  25524.27  178.2541  6011.090  95.33269   4.594154
a  -347.8241 -4674.328 -25175.46 -173.4111 -5861.762 -86.73675  -2.582059
     phi0.56
id  948.0000
A   282.2034
a  -298.6190
E =  0.00357 | E_L =  0.00357 | E_A =  0.00000 |  60 flippped triangles
        phi0    phi0.1    phi0.2    phi0.3    phi0.4    phi0.5    phi0.6
id   55.0000    70.000    73.000    76.000   80.0000    147.00   155.000
A   499.2675 10748.773 11652.979  6133.338  537.6335  26565.17  5026.257
a  -690.8307 -8522.171 -6906.256 -5605.666 -525.1516 -27818.44 -6206.986
      phi0.7    phi0.8    phi0.9   phi0.10   phi0.11   phi0.12   phi0.13
id   238.000    244.00    246.00   247.000    249.00   250.000    255.00
A   7277.166  15491.17  31246.25  5802.654  26189.85  5878.568  24751.28
a  -4809.764 -11538.36 -33364.45 -7958.229 -25067.94 -3223.630 -26033.61
     phi0.14   phi0.15   phi0.16   phi0.17   phi0.18   phi0.19   phi0.20
id   262.000    265.00    266.00    269.00    274.00   424.000   433.000
A   4283.279  11115.98  16131.13  27693.00  48441.19  6065.356  7192.794
a  -4460.600 -12895.93 -15857.35 -10704.62 -43513.02 -6121.893 -6641.169
     phi0.21   phi0.22   phi0.23   phi0.24    phi0.25    phi0.26     phi0.27
id   455.000    456.00   458.000  499.0000 501.000000 504.000000 505.0000000
A   6144.838  13275.51 32162.337  141.4400   6.058004  18.557677   5.9057189
a  -7665.663 -14345.51 -2806.816 -104.1226  -7.680808  -5.556979  -0.3118213
      phi0.28    phi0.29    phi0.30    phi0.31   phi0.32   phi0.33   phi0.34
id 506.000000 507.000000 509.000000 511.000000   512.000  513.0000 516.00000
A    5.518846   2.469619   6.733731   1.855693  2834.452  246.2793 108.53521
a   -7.458060  -2.233825  -8.335150  -1.647222 -2854.846 -268.5481 -97.32511
     phi0.35   phi0.36   phi0.37   phi0.38   phi0.39   phi0.40   phi0.41
id 522.00000 523.00000  588.0000 690.00000  691.0000    693.00   694.000
A   12.83169  39.53502  302.0082  10.90245  202.1763  22832.49  8226.548
a  -13.86777 -31.72984 -312.4373 -11.06305 -194.0330 -21707.03 -6805.266
     phi0.42   phi0.43   phi0.44    phi0.45   phi0.46   phi0.47   phi0.48
id   699.000  704.0000 706.00000 742.000000   743.000  826.0000 830.00000
A   4781.286  324.8430  57.98974   9.612437  4191.179  271.6172  27.08318
a  -4330.880 -352.8133 -57.08912  -9.953367 -4378.321 -238.7812 -27.07874
     phi0.49   phi0.50   phi0.51   phi0.52   phi0.53   phi0.54   phi0.55
id  831.0000 835.00000 850.00000  855.0000   860.000    864.00  865.0000
A  3617.2314  23.87861  51.12821  292.3823  5909.635  25524.27  178.2541
a  -362.7363 -25.42743 -52.97780 -345.6608 -5006.998 -23876.32 -181.8872
    phi0.56   phi0.57    phi0.58   phi0.59
id   868.00 941.00000 944.000000  948.0000
A   6011.09  95.33269   4.594154  282.2034
a  -5998.85 -83.85577  -3.347200 -290.9365
E =  0.00357 | E_L =  0.00357 | E_A =  0.00000 |  59 flippped triangles
        phi0    phi0.1    phi0.2    phi0.3    phi0.4    phi0.5    phi0.6
id   55.0000    70.000    73.000    76.000   80.0000    147.00   155.000
A   499.2675 10748.773 11652.979  6133.338  537.6335  26565.17  5026.257
a  -692.1296 -8396.771 -6962.916 -5593.657 -526.6870 -28011.49 -6212.564
      phi0.7    phi0.8    phi0.9   phi0.10   phi0.11   phi0.12   phi0.13
id   238.000    244.00    246.00   247.000    249.00   250.000    255.00
A   7277.166  15491.17  31246.25  5802.654  26189.85  5878.568  24751.28
a  -4715.580 -11531.02 -33505.71 -7963.908 -25048.77 -3173.356 -26042.16
     phi0.14   phi0.15   phi0.16   phi0.17   phi0.18   phi0.19   phi0.20
id   262.000    265.00    266.00    269.00    274.00   424.000   433.000
A   4283.279  11115.98  16131.13  27693.00  48441.19  6065.356  7192.794
a  -4437.647 -12764.25 -15654.16 -11560.67 -44384.05 -6098.139 -6647.644
     phi0.21   phi0.22   phi0.23   phi0.24    phi0.25    phi0.26    phi0.27
id   455.000    456.00   458.000  499.0000 501.000000 504.000000 506.000000
A   6144.838  13275.51 32162.337  141.4400   6.058004  18.557677   5.518846
a  -7663.094 -14300.99 -2479.891 -104.2152  -7.632479  -5.456103  -7.780417
      phi0.28    phi0.29    phi0.30   phi0.31   phi0.32   phi0.33   phi0.34
id 507.000000 509.000000 511.000000   512.000  513.0000 516.00000 522.00000
A    2.469619   6.733731   1.855693  2834.452  246.2793 108.53521  12.83169
a   -2.248669  -8.251933  -1.651377 -2852.595 -263.1536 -96.61961 -13.67496
     phi0.35   phi0.36   phi0.37   phi0.38   phi0.39   phi0.40   phi0.41
id 523.00000  588.0000 690.00000  691.0000    693.00   694.000   699.000
A   39.53502  302.0082  10.90245  202.1763  22832.49  8226.548  4781.286
a  -31.79383 -315.2395 -10.95272 -194.1476 -21809.17 -6819.715 -4343.392
     phi0.42   phi0.43    phi0.44   phi0.45   phi0.46   phi0.47   phi0.48
id  704.0000 706.00000 742.000000   743.000  826.0000 830.00000  831.0000
A   324.8430  57.98974   9.612437  4191.179  271.6172  27.08318 3617.2314
a  -352.9522 -56.81751  -9.887622 -4417.087 -239.5987 -27.03980 -386.4634
     phi0.49   phi0.50   phi0.51   phi0.52   phi0.53   phi0.54   phi0.55
id 835.00000 850.00000  855.0000   860.000    864.00  865.0000   868.000
A   23.87861  51.12821  292.3823  5909.635  25524.27  178.2541  6011.090
a  -25.39747 -52.83646 -340.7962 -5164.066 -23870.19 -181.8240 -6001.134
     phi0.56    phi0.57   phi0.58
id 941.00000 944.000000  948.0000
A   95.33269   4.594154  282.2034
a  -85.90311  -3.230131 -291.4408
FIRE:  15  stops.  6 hits of maxmove.  0 hits of dtmax.
Frms = 5.35078527038831e-05; Ftanrms = 5.35077977226331e-05
E =  0.00727 | E_L =  0.00557 | E_A =  0.00171 |   1 flippped triangles
           phi0
id 522.00000000
A   12.83168555
a   -0.03748267
FIRE:  8  stops.  1 hits of maxmove.  0 hits of dtmax.
Frms = 9.62783719212597e-06; Ftanrms = 9.62758986743754e-06
E =  0.00524 | E_L =  0.00522 | E_A =  0.00002 |   0 flippped triangles
E =  0.00456 | E_L =  0.00455 | E_A =  0.00001 |   0 flippped triangles
E =  0.00456 | E_L =  0.00455 | E_A =  0.00001 |   0 flippped triangles
Optimising mapping with BFGS...
E =  0.00448 | E_L =  0.00448 | E_A =  0.00000 |   0 flippped triangles
E =  0.00444 | E_L =  0.00444 | E_A =  0.00000 |   0 flippped triangles
E =  0.00442 | E_L =  0.00441 | E_A =  0.00000 |   0 flippped triangles
E =  0.00441 | E_L =  0.00441 | E_A =  0.00000 |   0 flippped triangles
Transforming image...
Mapping optimised. Error: 0.004414996 ; 0 flipped triangles.
Inferring coordinates of datapoints
Inferring coordinates of landmarks
Mapping optimised. Error: 0.004414996 ; 0 flipped triangles. OD displacement: 8.111535 degrees.
Computing Kernel Density estimates of datapoints

[1] 0.7
Saving developmental_retina/data/C57BL6J/P12/AP/GM264-2/R-CONTRA/r.mat
