[1] "Adding old segment 1"
[1] "Intersection found. Old points:"
   X    Y 
 -80 2149 
   X    Y 
-140 2059 
   X    Y 
-150 2089 
   X    Y 
 -90 1949 
[1] "Point i+1 has been changed:"
   X    Y 
 -80 2149 
        X         Y 
-138.2609 2061.6087 
   X    Y 
-150 2089 
   X    Y 
 -90 1949 
[1] "a= 0.408114588618067"
[1] "l= 122.51461083346"
[1] "New points:"
   X    Y 
 -80 2149 
        X         Y 
-138.2609 2061.6087 
       X        Y 
-109.696 1994.957 
   X    Y 
 -90 1949 
[1] "Storing new segment 1"
[1] "Adding old segment 2"
[1] "Adding old segment 7"
[1] "Adding old segment 4"
[1] "Adding old segment 8"
[1] "Adding old segment 5"
[1] "Adding old segment 9"
[1] "Adding old segment 3"
[1] "Adding old segment 6"
[1] "Intersection found. Old points:"
   X    Y 
-240 3539 
   X    Y 
-280 4869 
   X    Y 
-280 4829 
   X    Y 
-130 5819 
[1] "Point i+1 has been changed:"
   X    Y 
-240 3539 
        X         Y 
-278.9962 4835.6248 
   X    Y 
-280 4829 
   X    Y 
-130 5819 
[1] "a= 0.0502715315385727"
[1] "l= 994.598701685379"
[1] "New points:"
   X    Y 
-240 3539 
        X         Y 
-278.9962 4835.6248 
        X         Y 
-137.4903 5769.5642 
   X    Y 
-130 5819 
[1] "Storing new segment 2"
simplify.outline: Removing vertex 1
simplify.outline: Removing vertex 12
simplify.outline: Removing vertex 28
simplify.outline: Removing vertex 34
simplify.outline: Removing vertex 46
simplify.outline: Removing vertex 52
Triangulating...
Stitching...
Tear 1 child of rim
Tear 2 child of rim
Tear 3 child of rim
Tear 4 child of rim
Tear 1 : Sf = 3143.60861169549 ; Sb = 2291.80982186499
  Forwards path
    i = 4 ; sf/Sf = 0.0886140101879407 ; sf = 278.567765543682
      k =    5 ; sb/Sb = 0 ; sb = 0
      k =  412 ; sb/Sb = 0.141505100881799 ; sb = 324.302780044902
      Creating new point: f = 0.626224847272193
    i = 3 ; sf/Sf = 0.228073548091168 ; sf = 716.973969879342
      k =    5 ; sb/Sb = 0 ; sb = 0
      k =  412 ; sb/Sb = 0.141505100881799 ; sb = 324.302780044902
      k =  282 ; sb/Sb = 0.283010201763598 ; sb = 648.605560089805
      Creating new point: f = 0.611769092915464
    i = 175 ; sf/Sf = 0.32335936544788 ; sf = 1016.51528589435
      k =    5 ; sb/Sb = 0 ; sb = 0
      k =  412 ; sb/Sb = 0.141505100881799 ; sb = 324.302780044902
      k =  282 ; sb/Sb = 0.283010201763598 ; sb = 648.605560089805
      k =  380 ; sb/Sb = 0.424515302645396 ; sb = 972.908340134707
      Creating new point: f = 0.285142821232902
    i = 2 ; sf/Sf = 0.418645182804592 ; sf = 1316.05660190935
      k =    5 ; sb/Sb = 0 ; sb = 0
      k =  412 ; sb/Sb = 0.141505100881799 ; sb = 324.302780044902
      k =  282 ; sb/Sb = 0.283010201763598 ; sb = 648.605560089805
      k =  380 ; sb/Sb = 0.424515302645396 ; sb = 972.908340134707
      Creating new point: f = 0.95851654955034
    i = 1 ; sf/Sf = 0.567170256651277 ; sf = 1782.9613031065
      k =    5 ; sb/Sb = 0 ; sb = 0
      k =  412 ; sb/Sb = 0.141505100881799 ; sb = 324.302780044902
      k =  282 ; sb/Sb = 0.283010201763598 ; sb = 648.605560089805
      k =  380 ; sb/Sb = 0.424515302645396 ; sb = 972.908340134707
      k =    6 ; sb/Sb = 0.566020403527195 ; sb = 1297.21112017961
      k =   77 ; sb/Sb = 0.772101792278007 ; sb = 1769.5104710223
      Creating new point: f = 0.0055796068293817
    i = 61 ; sf/Sf = 0.67597916697719 ; sf = 2125.01393063624
      k =    5 ; sb/Sb = 0 ; sb = 0
      k =  412 ; sb/Sb = 0.141505100881799 ; sb = 324.302780044902
      k =  282 ; sb/Sb = 0.283010201763598 ; sb = 648.605560089805
      k =  380 ; sb/Sb = 0.424515302645396 ; sb = 972.908340134707
      k =    6 ; sb/Sb = 0.566020403527195 ; sb = 1297.21112017961
      k =   77 ; sb/Sb = 0.772101792278007 ; sb = 1769.5104710223
      Creating new point: f = 0.533569596539132
    i = 60 ; sf/Sf = 0.751054821607373 ; sf = 2361.02240506036
      k =    5 ; sb/Sb = 0 ; sb = 0
      k =  412 ; sb/Sb = 0.141505100881799 ; sb = 324.302780044902
      k =  282 ; sb/Sb = 0.283010201763598 ; sb = 648.605560089805
      k =  380 ; sb/Sb = 0.424515302645396 ; sb = 972.908340134707
      k =    6 ; sb/Sb = 0.566020403527195 ; sb = 1297.21112017961
      k =   77 ; sb/Sb = 0.772101792278007 ; sb = 1769.5104710223
      Creating new point: f = 0.8978705898761
    i = 59 ; sf/Sf = 0.879287352182326 ; sf = 2764.13529247529
      k =    5 ; sb/Sb = 0 ; sb = 0
      k =  412 ; sb/Sb = 0.141505100881799 ; sb = 324.302780044902
      k =  282 ; sb/Sb = 0.283010201763598 ; sb = 648.605560089805
      k =  380 ; sb/Sb = 0.424515302645396 ; sb = 972.908340134707
      k =    6 ; sb/Sb = 0.566020403527195 ; sb = 1297.21112017961
      k =   77 ; sb/Sb = 0.772101792278007 ; sb = 1769.5104710223
      k =    7 ; sb/Sb = 0.97818318102882 ; sb = 2241.80982186499
      Creating new point: f = 0.520112760080067
Tear 2 : Sf = 3880.32574928719 ; Sb = 4187.72919318699
  Forwards path
    i = 48 ; sf/Sf = 0.080014801330078 ; sf = 310.4834939252
      k =   49 ; sb/Sb = 0 ; sb = 0
      k =   50 ; sb/Sb = 0.0886111515781149 ; sb = 371.079506305589
      Creating new point: f = 0.902987941190914
    i = 47 ; sf/Sf = 0.185801671185239 ; sf = 720.971008960676
      k =   49 ; sb/Sb = 0 ; sb = 0
      k =   50 ; sb/Sb = 0.0886111515781149 ; sb = 371.079506305589
      k =   51 ; sb/Sb = 0.154181438406034 ; sb = 645.670110660509
      k =   52 ; sb/Sb = 0.336947727585211 ; sb = 1411.04583538661
      Creating new point: f = 0.17300910863385
    i = 46 ; sf/Sf = 0.339846925108816 ; sf = 1318.71677431581
      k =   49 ; sb/Sb = 0 ; sb = 0
      k =   50 ; sb/Sb = 0.0886111515781149 ; sb = 371.079506305589
      k =   51 ; sb/Sb = 0.154181438406034 ; sb = 645.670110660509
      k =   52 ; sb/Sb = 0.336947727585211 ; sb = 1411.04583538661
      k =   53 ; sb/Sb = 0.450468576481937 ; sb = 1886.4404083468
      Creating new point: f = 0.0255388992575505
    i = 45 ; sf/Sf = 0.451349458919324 ; sf = 1751.38292737149
      k =   49 ; sb/Sb = 0 ; sb = 0
      k =   50 ; sb/Sb = 0.0886111515781149 ; sb = 371.079506305589
      k =   51 ; sb/Sb = 0.154181438406034 ; sb = 645.670110660509
      k =   52 ; sb/Sb = 0.336947727585211 ; sb = 1411.04583538661
      k =   53 ; sb/Sb = 0.450468576481937 ; sb = 1886.4404083468
      k =   54 ; sb/Sb = 0.501124200226921 ; sb = 2098.57244270276
      Creating new point: f = 0.0173896276911249
    i = 300 ; sf/Sf = 0.565733366122212 ; sf = 2195.22974779494
      k =   49 ; sb/Sb = 0 ; sb = 0
      k =   50 ; sb/Sb = 0.0886111515781149 ; sb = 371.079506305589
      k =   51 ; sb/Sb = 0.154181438406034 ; sb = 645.670110660509
      k =   52 ; sb/Sb = 0.336947727585211 ; sb = 1411.04583538661
      k =   53 ; sb/Sb = 0.450468576481937 ; sb = 1886.4404083468
      k =   54 ; sb/Sb = 0.501124200226921 ; sb = 2098.57244270276
      k =  247 ; sb/Sb = 0.576495425891474 ; sb = 2414.20672474449
      Creating new point: f = 0.857212620938937
    i = 44 ; sf/Sf = 0.6801172733251 ; sf = 2639.07656821838
      k =   49 ; sb/Sb = 0 ; sb = 0
      k =   50 ; sb/Sb = 0.0886111515781149 ; sb = 371.079506305589
      k =   51 ; sb/Sb = 0.154181438406034 ; sb = 645.670110660509
      k =   52 ; sb/Sb = 0.336947727585211 ; sb = 1411.04583538661
      k =   53 ; sb/Sb = 0.450468576481937 ; sb = 1886.4404083468
      k =   54 ; sb/Sb = 0.501124200226921 ; sb = 2098.57244270276
      k =  247 ; sb/Sb = 0.576495425891474 ; sb = 2414.20672474449
      k =  199 ; sb/Sb = 0.651866651556026 ; sb = 2729.84100678623
      k =  322 ; sb/Sb = 0.727237877220579 ; sb = 3045.47528882796
      Creating new point: f = 0.374819720921165
    i = 385 ; sf/Sf = 0.761551288560689 ; sf = 2955.06707440488
      k =   49 ; sb/Sb = 0 ; sb = 0
      k =   50 ; sb/Sb = 0.0886111515781149 ; sb = 371.079506305589
      k =   51 ; sb/Sb = 0.154181438406034 ; sb = 645.670110660509
      k =   52 ; sb/Sb = 0.336947727585211 ; sb = 1411.04583538661
      k =   53 ; sb/Sb = 0.450468576481937 ; sb = 1886.4404083468
      k =   54 ; sb/Sb = 0.501124200226921 ; sb = 2098.57244270276
      k =  247 ; sb/Sb = 0.576495425891474 ; sb = 2414.20672474449
      k =  199 ; sb/Sb = 0.651866651556026 ; sb = 2729.84100678623
      k =  322 ; sb/Sb = 0.727237877220579 ; sb = 3045.47528882796
      k =   55 ; sb/Sb = 0.802609102885132 ; sb = 3361.10957086969
      Creating new point: f = 0.455258768018778
    i = 43 ; sf/Sf = 0.842985303796277 ; sf = 3271.05758059138
      k =   49 ; sb/Sb = 0 ; sb = 0
      k =   50 ; sb/Sb = 0.0886111515781149 ; sb = 371.079506305589
      k =   51 ; sb/Sb = 0.154181438406034 ; sb = 645.670110660509
      k =   52 ; sb/Sb = 0.336947727585211 ; sb = 1411.04583538661
      k =   53 ; sb/Sb = 0.450468576481937 ; sb = 1886.4404083468
      k =   54 ; sb/Sb = 0.501124200226921 ; sb = 2098.57244270276
      k =  247 ; sb/Sb = 0.576495425891474 ; sb = 2414.20672474449
      k =  199 ; sb/Sb = 0.651866651556026 ; sb = 2729.84100678623
      k =  322 ; sb/Sb = 0.727237877220579 ; sb = 3045.47528882796
      k =   55 ; sb/Sb = 0.802609102885132 ; sb = 3361.10957086969
      k =   56 ; sb/Sb = 1 ; sb = 4187.72919318699
      Creating new point: f = 0.204549457453699
    i = 42 ; sf/Sf = 0.946871655989512 ; sf = 3674.17046800631
      k =   49 ; sb/Sb = 0 ; sb = 0
      k =   50 ; sb/Sb = 0.0886111515781149 ; sb = 371.079506305589
      k =   51 ; sb/Sb = 0.154181438406034 ; sb = 645.670110660509
      k =   52 ; sb/Sb = 0.336947727585211 ; sb = 1411.04583538661
      k =   53 ; sb/Sb = 0.450468576481937 ; sb = 1886.4404083468
      k =   54 ; sb/Sb = 0.501124200226921 ; sb = 2098.57244270276
      k =  247 ; sb/Sb = 0.576495425891474 ; sb = 2414.20672474449
      k =  199 ; sb/Sb = 0.651866651556026 ; sb = 2729.84100678623
      k =  322 ; sb/Sb = 0.727237877220579 ; sb = 3045.47528882796
      k =   55 ; sb/Sb = 0.802609102885132 ; sb = 3361.10957086969
      k =   56 ; sb/Sb = 1 ; sb = 4187.72919318699
      Creating new point: f = 0.730847041140045
Tear 3 : Sf = 3959.43376569528 ; Sb = 3720.86051499213
  Forwards path
    i = 31 ; sf/Sf = 0.034352059697473 ; sf = 136.014705087354
      k =   32 ; sb/Sb = 0 ; sb = 0
      k =   33 ; sb/Sb = 0.0533463513649643 ; sb = 198.494332412792
      Creating new point: f = 0.643943940279185
    i = 109 ; sf/Sf = 0.118591782178242 ; sf = 469.556306690513
      k =   32 ; sb/Sb = 0 ; sb = 0
      k =   33 ; sb/Sb = 0.0533463513649642 ; sb = 198.494332412792
      k =   34 ; sb/Sb = 0.178829340935762 ; sb = 665.399033609942
      Creating new point: f = 0.519954386139857
    i = 30 ; sf/Sf = 0.202831504659012 ; sf = 803.097908293671
      k =   32 ; sb/Sb = 0 ; sb = 0
      k =   33 ; sb/Sb = 0.0533463513649642 ; sb = 198.494332412792
      k =   34 ; sb/Sb = 0.178829340935762 ; sb = 665.399033609942
      k =   35 ; sb/Sb = 0.320277237882456 ; sb = 1191.70692828757
      Creating new point: f = 0.169689081572528
    i = 29 ; sf/Sf = 0.276248274398542 ; sf = 1093.78674536864
      k =   32 ; sb/Sb = 0 ; sb = 0
      k =   33 ; sb/Sb = 0.0533463513649642 ; sb = 198.494332412792
      k =   34 ; sb/Sb = 0.178829340935762 ; sb = 665.399033609942
      k =   35 ; sb/Sb = 0.320277237882456 ; sb = 1191.70692828757
      Creating new point: f = 0.688726630552123
    i = 28 ; sf/Sf = 0.421289761287414 ; sf = 1668.06890598309
      k =   32 ; sb/Sb = 0 ; sb = 0
      k =   33 ; sb/Sb = 0.0533463513649642 ; sb = 198.494332412792
      k =   34 ; sb/Sb = 0.178829340935762 ; sb = 665.399033609942
      k =   35 ; sb/Sb = 0.320277237882456 ; sb = 1191.70692828757
      k =   36 ; sb/Sb = 0.473255285980965 ; sb = 1760.91690711788
      Creating new point: f = 0.660307309842994
    i = 215 ; sf/Sf = 0.525032243742778 ; sf = 2078.83039395391
      k =   32 ; sb/Sb = 0 ; sb = 0
      k =   33 ; sb/Sb = 0.0533463513649642 ; sb = 198.494332412792
      k =   34 ; sb/Sb = 0.178829340935762 ; sb = 665.399033609942
      k =   35 ; sb/Sb = 0.320277237882456 ; sb = 1191.70692828757
      k =   36 ; sb/Sb = 0.473255285980965 ; sb = 1760.91690711788
      k =   37 ; sb/Sb = 0.602285695326295 ; sb = 2241.02106248419
      Creating new point: f = 0.401277171982305
    i = 27 ; sf/Sf = 0.628774726198142 ; sf = 2489.59188192473
      k =   32 ; sb/Sb = 0 ; sb = 0
      k =   33 ; sb/Sb = 0.0533463513649642 ; sb = 198.494332412792
      k =   34 ; sb/Sb = 0.178829340935762 ; sb = 665.399033609942
      k =   35 ; sb/Sb = 0.320277237882456 ; sb = 1191.70692828757
      k =   36 ; sb/Sb = 0.473255285980965 ; sb = 1760.91690711788
      k =   37 ; sb/Sb = 0.602285695326295 ; sb = 2241.02106248419
      k =  272 ; sb/Sb = 0.736084142086082 ; sb = 2738.86641999996
      Creating new point: f = 0.197977117921283
    i = 26 ; sf/Sf = 0.718068653440082 ; sf = 2843.145272518
      k =   32 ; sb/Sb = 0 ; sb = 0
      k =   33 ; sb/Sb = 0.0533463513649642 ; sb = 198.494332412792
      k =   34 ; sb/Sb = 0.178829340935762 ; sb = 665.399033609942
      k =   35 ; sb/Sb = 0.320277237882456 ; sb = 1191.70692828757
      k =   36 ; sb/Sb = 0.473255285980965 ; sb = 1760.91690711788
      k =   37 ; sb/Sb = 0.602285695326295 ; sb = 2241.02106248419
      k =  272 ; sb/Sb = 0.736084142086082 ; sb = 2738.86641999996
      Creating new point: f = 0.865353529265227
    i = 103 ; sf/Sf = 0.859034326720041 ; sf = 3401.28951910664
      k =   32 ; sb/Sb = 0 ; sb = 0
      k =   33 ; sb/Sb = 0.0533463513649642 ; sb = 198.494332412792
      k =   34 ; sb/Sb = 0.178829340935762 ; sb = 665.399033609942
      k =   35 ; sb/Sb = 0.320277237882456 ; sb = 1191.70692828757
      k =   36 ; sb/Sb = 0.473255285980965 ; sb = 1760.91690711788
      k =   37 ; sb/Sb = 0.602285695326295 ; sb = 2241.02106248419
      k =  272 ; sb/Sb = 0.736084142086082 ; sb = 2738.86641999996
      k =   38 ; sb/Sb = 0.869882588845868 ; sb = 3236.71177751572
      Creating new point: f = 0.918920866508239
Tear 4 : Sf = 2851.28044235475 ; Sb = 2739.12184173175
  Forwards path
    i = 13 ; sf/Sf = 0.0455935509074788 ; sf = 130
      k =   14 ; sb/Sb = 0 ; sb = 0
      k =   15 ; sb/Sb = 0.201092761104988 ; sb = 550.817574156816
      Creating new point: f = 0.226728951638766
    i = 97 ; sf/Sf = 0.154669608871399 ; sf = 441.00643080168
      k =   14 ; sb/Sb = 0 ; sb = 0
      k =   15 ; sb/Sb = 0.201092761104988 ; sb = 550.817574156816
      Creating new point: f = 0.769145582473993
    i = 12 ; sf/Sf = 0.26374566683532 ; sf = 752.012861603359
      k =   14 ; sb/Sb = 0 ; sb = 0
      k =   15 ; sb/Sb = 0.201092761104988 ; sb = 550.817574156816
      k =   70 ; sb/Sb = 0.318274506007271 ; sb = 871.792651070897
      Creating new point: f = 0.534664386356236
    i = 11 ; sf/Sf = 0.484587661296313 ; sf = 1381.69532126061
      k =   14 ; sb/Sb = 0 ; sb = 0
      k =   15 ; sb/Sb = 0.201092761104988 ; sb = 550.817574156816
      k =   70 ; sb/Sb = 0.318274506007271 ; sb = 871.792651070897
      k =   72 ; sb/Sb = 0.376865378458412 ; sb = 1032.28018952794
      k =   16 ; sb/Sb = 0.435456250909553 ; sb = 1192.76772798498
      k =   17 ; sb/Sb = 0.439107056013454 ; sb = 1202.76772798498
      k =   68 ; sb/Sb = 0.490250913554545 ; sb = 1342.8569852462
      Creating new point: f = 0.889268183306633
    i = 288 ; sf/Sf = 0.620838962065514 ; sf = 1770.18599038922
      k =   14 ; sb/Sb = 0 ; sb = 0
      k =   15 ; sb/Sb = 0.201092761104988 ; sb = 550.817574156816
      k =   70 ; sb/Sb = 0.318274506007271 ; sb = 871.792651070897
      k =   72 ; sb/Sb = 0.376865378458412 ; sb = 1032.28018952794
      k =   16 ; sb/Sb = 0.435456250909553 ; sb = 1192.76772798498
      k =   17 ; sb/Sb = 0.439107056013454 ; sb = 1202.76772798498
      k =   68 ; sb/Sb = 0.490250913554545 ; sb = 1342.8569852462
      k =   18 ; sb/Sb = 0.541394771095636 ; sb = 1482.94624250742
      k =   19 ; sb/Sb = 0.699900267385409 ; sb = 1917.11210942926
      Creating new point: f = 0.501207799284395
    i = 10 ; sf/Sf = 0.757090262834714 ; sf = 2158.67665951784
      k =   14 ; sb/Sb = 0 ; sb = 0
      k =   15 ; sb/Sb = 0.201092761104988 ; sb = 550.817574156816
      k =   70 ; sb/Sb = 0.318274506007271 ; sb = 871.792651070897
      k =   72 ; sb/Sb = 0.376865378458412 ; sb = 1032.28018952794
      k =   16 ; sb/Sb = 0.435456250909553 ; sb = 1192.76772798498
      k =   17 ; sb/Sb = 0.439107056013454 ; sb = 1202.76772798498
      k =   68 ; sb/Sb = 0.490250913554545 ; sb = 1342.8569852462
      k =   18 ; sb/Sb = 0.541394771095636 ; sb = 1482.94624250742
      k =   19 ; sb/Sb = 0.699900267385409 ; sb = 1917.11210942926
      k =   89 ; sb/Sb = 0.849950133692705 ; sb = 2328.11697558051
      Creating new point: f = 0.381139929389758
    i = 438 ; sf/Sf = 0.878545131417357 ; sf = 2504.97855093629
      k =   14 ; sb/Sb = 0 ; sb = 0
      k =   15 ; sb/Sb = 0.201092761104988 ; sb = 550.817574156816
      k =   70 ; sb/Sb = 0.318274506007271 ; sb = 871.792651070897
      k =   72 ; sb/Sb = 0.376865378458412 ; sb = 1032.28018952794
      k =   16 ; sb/Sb = 0.435456250909553 ; sb = 1192.76772798498
      k =   17 ; sb/Sb = 0.439107056013454 ; sb = 1202.76772798498
      k =   68 ; sb/Sb = 0.490250913554545 ; sb = 1342.8569852462
      k =   18 ; sb/Sb = 0.541394771095636 ; sb = 1482.94624250742
      k =   19 ; sb/Sb = 0.699900267385409 ; sb = 1917.11210942926
      k =   89 ; sb/Sb = 0.849950133692705 ; sb = 2328.11697558051
      k =   20 ; sb/Sb = 1 ; sb = 2739.12184173175
      Creating new point: f = 0.190569964694879
Tear 1 : Sf = 2291.80982186499 ; Sb = 3143.60861169549
  Backwards path
    i = 412 ; sf/Sf = 0.141505100881799 ; sf = 324.302780044902
      k =    5 ; sb/Sb = 0 ; sb = 0
      k =    4 ; sb/Sb = 0.0886140101879407 ; sb = 278.567765543682
      k =    3 ; sb/Sb = 0.228073548091168 ; sb = 716.973969879342
      Creating new point: f = 0.379257607540331
    i = 282 ; sf/Sf = 0.283010201763598 ; sf = 648.605560089805
      k =    5 ; sb/Sb = 0 ; sb = 0
      k =    4 ; sb/Sb = 0.0886140101879407 ; sb = 278.567765543682
      k =    3 ; sb/Sb = 0.228073548091168 ; sb = 716.973969879342
      k =  175 ; sb/Sb = 0.32335936544788 ; sb = 1016.51528589435
      Creating new point: f = 0.57654596661294
    i = 380 ; sf/Sf = 0.424515302645396 ; sf = 972.908340134707
      k =    5 ; sb/Sb = 0 ; sb = 0
      k =    4 ; sb/Sb = 0.0886140101879407 ; sb = 278.567765543682
      k =    3 ; sb/Sb = 0.228073548091168 ; sb = 716.973969879342
      k =  175 ; sb/Sb = 0.32335936544788 ; sb = 1016.51528589435
      k =    2 ; sb/Sb = 0.418645182804592 ; sb = 1316.05660190935
      k =    1 ; sb/Sb = 0.567170256651277 ; sb = 1782.9613031065
      Creating new point: f = 0.0395227532212088
    i = 6 ; sf/Sf = 0.566020403527195 ; sf = 1297.21112017961
      k =    5 ; sb/Sb = 0 ; sb = 0
      k =    4 ; sb/Sb = 0.0886140101879407 ; sb = 278.567765543682
      k =    3 ; sb/Sb = 0.228073548091168 ; sb = 716.973969879342
      k =  175 ; sb/Sb = 0.32335936544788 ; sb = 1016.51528589435
      k =    2 ; sb/Sb = 0.418645182804592 ; sb = 1316.05660190935
      k =    1 ; sb/Sb = 0.567170256651277 ; sb = 1782.9613031065
      Creating new point: f = 0.992258188504458
    i = 77 ; sf/Sf = 0.772101792278007 ; sf = 1769.5104710223
      k =    5 ; sb/Sb = 0 ; sb = 0
      k =    4 ; sb/Sb = 0.0886140101879407 ; sb = 278.567765543682
      k =    3 ; sb/Sb = 0.228073548091168 ; sb = 716.973969879342
      k =  175 ; sb/Sb = 0.32335936544788 ; sb = 1016.51528589435
      k =    2 ; sb/Sb = 0.418645182804592 ; sb = 1316.05660190935
      k =    1 ; sb/Sb = 0.567170256651277 ; sb = 1782.9613031065
      k =   61 ; sb/Sb = 0.67597916697719 ; sb = 2125.01393063624
      k =   60 ; sb/Sb = 0.751054821607373 ; sb = 2361.02240506036
      k =   59 ; sb/Sb = 0.879287352182326 ; sb = 2764.13529247529
      Creating new point: f = 0.164131290057732
    i = 7 ; sf/Sf = 0.97818318102882 ; sf = 2241.80982186499
      k =    5 ; sb/Sb = 0 ; sb = 0
      k =    4 ; sb/Sb = 0.0886140101879407 ; sb = 278.567765543682
      k =    3 ; sb/Sb = 0.228073548091168 ; sb = 716.973969879342
      k =  175 ; sb/Sb = 0.32335936544788 ; sb = 1016.51528589435
      k =    2 ; sb/Sb = 0.418645182804592 ; sb = 1316.05660190935
      k =    1 ; sb/Sb = 0.567170256651277 ; sb = 1782.9613031065
      k =   61 ; sb/Sb = 0.67597916697719 ; sb = 2125.01393063624
      k =   60 ; sb/Sb = 0.751054821607373 ; sb = 2361.02240506036
      k =   59 ; sb/Sb = 0.879287352182326 ; sb = 2764.13529247529
      k =   58 ; sb/Sb = 1 ; sb = 3143.60861169549
      Creating new point: f = 0.819266503008596
Tear 2 : Sf = 4187.72919318699 ; Sb = 3880.32574928719
  Backwards path
    i = 50 ; sf/Sf = 0.0886111515781149 ; sf = 371.079506305589
      k =   49 ; sb/Sb = 0 ; sb = 0
      k =   48 ; sb/Sb = 0.080014801330078 ; sb = 310.4834939252
      k =   47 ; sb/Sb = 0.185801671185239 ; sb = 720.971008960676
      Creating new point: f = 0.0812610322983051
    i = 51 ; sf/Sf = 0.154181438406034 ; sf = 645.670110660509
      k =   49 ; sb/Sb = 0 ; sb = 0
      k =   48 ; sb/Sb = 0.080014801330078 ; sb = 310.4834939252
      k =   47 ; sb/Sb = 0.185801671185239 ; sb = 720.971008960676
      Creating new point: f = 0.701094920168269
    i = 52 ; sf/Sf = 0.336947727585211 ; sf = 1411.04583538661
      k =   49 ; sb/Sb = 0 ; sb = 0
      k =   48 ; sb/Sb = 0.080014801330078 ; sb = 310.4834939252
      k =   47 ; sb/Sb = 0.185801671185239 ; sb = 720.971008960676
      k =   46 ; sb/Sb = 0.339846925108816 ; sb = 1318.71677431581
      Creating new point: f = 0.981179572562206
    i = 53 ; sf/Sf = 0.450468576481937 ; sf = 1886.4404083468
      k =   49 ; sb/Sb = 0 ; sb = 0
      k =   48 ; sb/Sb = 0.080014801330078 ; sb = 310.4834939252
      k =   47 ; sb/Sb = 0.185801671185239 ; sb = 720.971008960676
      k =   46 ; sb/Sb = 0.339846925108816 ; sb = 1318.71677431581
      k =   45 ; sb/Sb = 0.451349458919324 ; sb = 1751.38292737149
      Creating new point: f = 0.99209988860985
    i = 54 ; sf/Sf = 0.501124200226921 ; sf = 2098.57244270276
      k =   49 ; sb/Sb = 0 ; sb = 0
      k =   48 ; sb/Sb = 0.080014801330078 ; sb = 310.4834939252
      k =   47 ; sb/Sb = 0.185801671185239 ; sb = 720.971008960676
      k =   46 ; sb/Sb = 0.339846925108816 ; sb = 1318.71677431581
      k =   45 ; sb/Sb = 0.451349458919324 ; sb = 1751.38292737149
      k =  300 ; sb/Sb = 0.565733366122212 ; sb = 2195.22974779494
      Creating new point: f = 0.435155106384929
    i = 247 ; sf/Sf = 0.576495425891474 ; sf = 2414.20672474449
      k =   49 ; sb/Sb = 0 ; sb = 0
      k =   48 ; sb/Sb = 0.080014801330078 ; sb = 310.4834939252
      k =   47 ; sb/Sb = 0.185801671185239 ; sb = 720.971008960676
      k =   46 ; sb/Sb = 0.339846925108816 ; sb = 1318.71677431581
      k =   45 ; sb/Sb = 0.451349458919324 ; sb = 1751.38292737149
      k =  300 ; sb/Sb = 0.565733366122212 ; sb = 2195.22974779494
      k =   44 ; sb/Sb = 0.6801172733251 ; sb = 2639.07656821838
      Creating new point: f = 0.09408718439887
    i = 199 ; sf/Sf = 0.651866651556026 ; sf = 2729.84100678623
      k =   49 ; sb/Sb = 0 ; sb = 0
      k =   48 ; sb/Sb = 0.080014801330078 ; sb = 310.4834939252
      k =   47 ; sb/Sb = 0.185801671185239 ; sb = 720.971008960676
      k =   46 ; sb/Sb = 0.339846925108816 ; sb = 1318.71677431581
      k =   45 ; sb/Sb = 0.451349458919324 ; sb = 1751.38292737149
      k =  300 ; sb/Sb = 0.565733366122212 ; sb = 2195.22974779494
      k =   44 ; sb/Sb = 0.6801172733251 ; sb = 2639.07656821838
      Creating new point: f = 0.753019262412811
    i = 322 ; sf/Sf = 0.727237877220579 ; sf = 3045.47528882796
      k =   49 ; sb/Sb = 0 ; sb = 0
      k =   48 ; sb/Sb = 0.080014801330078 ; sb = 310.4834939252
      k =   47 ; sb/Sb = 0.185801671185239 ; sb = 720.971008960676
      k =   46 ; sb/Sb = 0.339846925108816 ; sb = 1318.71677431581
      k =   45 ; sb/Sb = 0.451349458919324 ; sb = 1751.38292737149
      k =  300 ; sb/Sb = 0.565733366122212 ; sb = 2195.22974779494
      k =   44 ; sb/Sb = 0.6801172733251 ; sb = 2639.07656821838
      k =  385 ; sb/Sb = 0.761551288560689 ; sb = 2955.06707440488
      Creating new point: f = 0.578635398968834
    i = 55 ; sf/Sf = 0.802609102885132 ; sf = 3361.10957086969
      k =   49 ; sb/Sb = 0 ; sb = 0
      k =   48 ; sb/Sb = 0.080014801330078 ; sb = 310.4834939252
      k =   47 ; sb/Sb = 0.185801671185239 ; sb = 720.971008960676
      k =   46 ; sb/Sb = 0.339846925108816 ; sb = 1318.71677431581
      k =   45 ; sb/Sb = 0.451349458919324 ; sb = 1751.38292737149
      k =  300 ; sb/Sb = 0.565733366122212 ; sb = 2195.22974779494
      k =   44 ; sb/Sb = 0.6801172733251 ; sb = 2639.07656821838
      k =  385 ; sb/Sb = 0.761551288560689 ; sb = 2955.06707440488
      k =   43 ; sb/Sb = 0.842985303796277 ; sb = 3271.05758059138
      Creating new point: f = 0.504185065732828
Tear 3 : Sf = 3720.86051499213 ; Sb = 3959.43376569528
  Backwards path
    i = 33 ; sf/Sf = 0.0533463513649642 ; sf = 198.494332412792
      k =   32 ; sb/Sb = 0 ; sb = 0
      k =   31 ; sb/Sb = 0.034352059697473 ; sb = 136.014705087354
      k =  109 ; sb/Sb = 0.118591782178242 ; sb = 469.556306690513
      Creating new point: f = 0.225479038963208
    i = 34 ; sf/Sf = 0.178829340935762 ; sf = 665.399033609942
      k =   32 ; sb/Sb = 0 ; sb = 0
      k =   31 ; sb/Sb = 0.034352059697473 ; sb = 136.014705087354
      k =  109 ; sb/Sb = 0.118591782178242 ; sb = 469.556306690513
      k =   30 ; sb/Sb = 0.202831504659012 ; sb = 803.097908293671
      Creating new point: f = 0.715073091216209
    i = 35 ; sf/Sf = 0.320277237882456 ; sf = 1191.70692828757
      k =   32 ; sb/Sb = 0 ; sb = 0
      k =   31 ; sb/Sb = 0.034352059697473 ; sb = 136.014705087354
      k =  109 ; sb/Sb = 0.118591782178242 ; sb = 469.556306690513
      k =   30 ; sb/Sb = 0.202831504659012 ; sb = 803.097908293671
      k =   29 ; sb/Sb = 0.276248274398542 ; sb = 1093.78674536864
      k =   28 ; sb/Sb = 0.421289761287414 ; sb = 1668.06890598309
      Creating new point: f = 0.303561170175038
    i = 36 ; sf/Sf = 0.473255285980965 ; sf = 1760.91690711788
      k =   32 ; sb/Sb = 0 ; sb = 0
      k =   31 ; sb/Sb = 0.034352059697473 ; sb = 136.014705087354
      k =  109 ; sb/Sb = 0.118591782178242 ; sb = 469.556306690513
      k =   30 ; sb/Sb = 0.202831504659012 ; sb = 803.097908293671
      k =   29 ; sb/Sb = 0.276248274398542 ; sb = 1093.78674536864
      k =   28 ; sb/Sb = 0.421289761287414 ; sb = 1668.06890598309
      k =  215 ; sb/Sb = 0.525032243742778 ; sb = 2078.83039395391
      Creating new point: f = 0.500908822149198
    i = 37 ; sf/Sf = 0.602285695326295 ; sf = 2241.02106248419
      k =   32 ; sb/Sb = 0 ; sb = 0
      k =   31 ; sb/Sb = 0.034352059697473 ; sb = 136.014705087354
      k =  109 ; sb/Sb = 0.118591782178242 ; sb = 469.556306690513
      k =   30 ; sb/Sb = 0.202831504659012 ; sb = 803.097908293671
      k =   29 ; sb/Sb = 0.276248274398542 ; sb = 1093.78674536864
      k =   28 ; sb/Sb = 0.421289761287414 ; sb = 1668.06890598309
      k =  215 ; sb/Sb = 0.525032243742778 ; sb = 2078.83039395391
      k =   27 ; sb/Sb = 0.628774726198142 ; sb = 2489.59188192473
      Creating new point: f = 0.744665538698248
    i = 272 ; sf/Sf = 0.736084142086081 ; sf = 2738.86641999996
      k =   32 ; sb/Sb = 0 ; sb = 0
      k =   31 ; sb/Sb = 0.034352059697473 ; sb = 136.014705087354
      k =  109 ; sb/Sb = 0.118591782178242 ; sb = 469.556306690513
      k =   30 ; sb/Sb = 0.202831504659012 ; sb = 803.097908293671
      k =   29 ; sb/Sb = 0.276248274398542 ; sb = 1093.78674536864
      k =   28 ; sb/Sb = 0.421289761287414 ; sb = 1668.06890598309
      k =  215 ; sb/Sb = 0.525032243742778 ; sb = 2078.83039395391
      k =   27 ; sb/Sb = 0.628774726198142 ; sb = 2489.59188192473
      k =   26 ; sb/Sb = 0.718068653440082 ; sb = 2843.145272518
      k =  103 ; sb/Sb = 0.859034326720041 ; sb = 3401.28951910664
      Creating new point: f = 0.127800536306599
    i = 38 ; sf/Sf = 0.869882588845868 ; sf = 3236.71177751572
      k =   32 ; sb/Sb = 0 ; sb = 0
      k =   31 ; sb/Sb = 0.034352059697473 ; sb = 136.014705087354
      k =  109 ; sb/Sb = 0.118591782178242 ; sb = 469.556306690513
      k =   30 ; sb/Sb = 0.202831504659012 ; sb = 803.097908293671
      k =   29 ; sb/Sb = 0.276248274398542 ; sb = 1093.78674536864
      k =   28 ; sb/Sb = 0.421289761287414 ; sb = 1668.06890598309
      k =  215 ; sb/Sb = 0.525032243742778 ; sb = 2078.83039395391
      k =   27 ; sb/Sb = 0.628774726198142 ; sb = 2489.59188192473
      k =   26 ; sb/Sb = 0.718068653440082 ; sb = 2843.145272518
      k =  103 ; sb/Sb = 0.859034326720041 ; sb = 3401.28951910664
      k =   25 ; sb/Sb = 1 ; sb = 3959.43376569528
      Creating new point: f = 0.0769567645328923
Tear 4 : Sf = 2739.12184173175 ; Sb = 2851.28044235475
  Backwards path
    i = 15 ; sf/Sf = 0.201092761104988 ; sf = 550.817574156816
      k =   14 ; sb/Sb = 0 ; sb = 0
      k =   13 ; sb/Sb = 0.0455935509074788 ; sb = 130
      k =   97 ; sb/Sb = 0.154669608871399 ; sb = 441.00643080168
      k =   12 ; sb/Sb = 0.26374566683532 ; sb = 752.012861603359
      Creating new point: f = 0.425603501814707
    i = 70 ; sf/Sf = 0.318274506007271 ; sf = 871.792651070897
      k =   14 ; sb/Sb = 0 ; sb = 0
      k =   13 ; sb/Sb = 0.0455935509074788 ; sb = 130
      k =   97 ; sb/Sb = 0.154669608871399 ; sb = 441.00643080168
      k =   12 ; sb/Sb = 0.26374566683532 ; sb = 752.012861603359
      k =   11 ; sb/Sb = 0.484587661296313 ; sb = 1381.69532126061
      Creating new point: f = 0.246913361315354
    i = 72 ; sf/Sf = 0.376865378458412 ; sf = 1032.28018952794
      k =   14 ; sb/Sb = 0 ; sb = 0
      k =   13 ; sb/Sb = 0.0455935509074788 ; sb = 130
      k =   97 ; sb/Sb = 0.154669608871399 ; sb = 441.00643080168
      k =   12 ; sb/Sb = 0.26374566683532 ; sb = 752.012861603359
      k =   11 ; sb/Sb = 0.484587661296313 ; sb = 1381.69532126061
      Creating new point: f = 0.512220114200572
    i = 16 ; sf/Sf = 0.435456250909553 ; sf = 1192.76772798498
      k =   14 ; sb/Sb = 0 ; sb = 0
      k =   13 ; sb/Sb = 0.0455935509074788 ; sb = 130
      k =   97 ; sb/Sb = 0.154669608871399 ; sb = 441.00643080168
      k =   12 ; sb/Sb = 0.26374566683532 ; sb = 752.012861603359
      k =   11 ; sb/Sb = 0.484587661296313 ; sb = 1381.69532126061
      Creating new point: f = 0.77752686708579
    i = 17 ; sf/Sf = 0.439107056013454 ; sf = 1202.76772798498
      k =   14 ; sb/Sb = 0 ; sb = 0
      k =   13 ; sb/Sb = 0.0455935509074788 ; sb = 130
      k =   97 ; sb/Sb = 0.154669608871399 ; sb = 441.00643080168
      k =   12 ; sb/Sb = 0.26374566683532 ; sb = 752.012861603359
      k =   11 ; sb/Sb = 0.484587661296313 ; sb = 1381.69532126061
      Creating new point: f = 0.794058166365219
    i = 68 ; sf/Sf = 0.490250913554545 ; sf = 1342.8569852462
      k =   14 ; sb/Sb = 0 ; sb = 0
      k =   13 ; sb/Sb = 0.0455935509074788 ; sb = 130
      k =   97 ; sb/Sb = 0.154669608871399 ; sb = 441.00643080168
      k =   12 ; sb/Sb = 0.26374566683532 ; sb = 752.012861603359
      k =   11 ; sb/Sb = 0.484587661296313 ; sb = 1381.69532126061
      k =  288 ; sb/Sb = 0.620838962065514 ; sb = 1770.18599038922
      Creating new point: f = 0.0415647573730308
    i = 18 ; sf/Sf = 0.541394771095636 ; sf = 1482.94624250742
      k =   14 ; sb/Sb = 0 ; sb = 0
      k =   13 ; sb/Sb = 0.0455935509074788 ; sb = 130
      k =   97 ; sb/Sb = 0.154669608871399 ; sb = 441.00643080168
      k =   12 ; sb/Sb = 0.26374566683532 ; sb = 752.012861603359
      k =   11 ; sb/Sb = 0.484587661296313 ; sb = 1381.69532126061
      k =  288 ; sb/Sb = 0.620838962065514 ; sb = 1770.18599038922
      Creating new point: f = 0.416928935567004
    i = 19 ; sf/Sf = 0.699900267385409 ; sf = 1917.11210942926
      k =   14 ; sb/Sb = 0 ; sb = 0
      k =   13 ; sb/Sb = 0.0455935509074788 ; sb = 130
      k =   97 ; sb/Sb = 0.154669608871399 ; sb = 441.00643080168
      k =   12 ; sb/Sb = 0.26374566683532 ; sb = 752.012861603359
      k =   11 ; sb/Sb = 0.484587661296313 ; sb = 1381.69532126061
      k =  288 ; sb/Sb = 0.620838962065514 ; sb = 1770.18599038922
      k =   10 ; sb/Sb = 0.757090262834714 ; sb = 2158.67665951784
      Creating new point: f = 0.580260921353105
    i = 89 ; sf/Sf = 0.849950133692705 ; sf = 2328.11697558051
      k =   14 ; sb/Sb = 0 ; sb = 0
      k =   13 ; sb/Sb = 0.0455935509074788 ; sb = 130
      k =   97 ; sb/Sb = 0.154669608871399 ; sb = 441.00643080168
      k =   12 ; sb/Sb = 0.26374566683532 ; sb = 752.012861603359
      k =   11 ; sb/Sb = 0.484587661296313 ; sb = 1381.69532126061
      k =  288 ; sb/Sb = 0.620838962065514 ; sb = 1770.18599038922
      k =   10 ; sb/Sb = 0.757090262834714 ; sb = 2158.67665951784
      k =  438 ; sb/Sb = 0.878545131417357 ; sb = 2504.97855093629
      Creating new point: f = 0.764562770860064
Triangulating...
[1] "Non-adjacent points in rim connected by line: 469 468"
[1] "In triangle: 523" "In triangle: 526"
[1] "Other points in triangles: 35 276"
[1] "Non-adjacent points in rim connected by line: 476 475"
[1] "In triangle: 469" "In triangle: 953"
[1] "Other points in triangles: 566 15"
[1] "Non-adjacent points in rim connected by line: 504 503"
[1] "In triangle: 920" "In triangle: 936"
[1] "Other points in triangles: 286 12"
Merging points...
Projecting to sphere...
Optimising mapping with FIRE...
E =  0.00663 | E_L =  0.00663 | E_A =  0.00000 |   0 flippped triangles
E =  0.00492 | E_L =  0.00492 | E_A =  0.00000 |  71 flippped triangles
       phi0    phi0.1   phi0.2    phi0.3    phi0.4    phi0.5    phi0.6
id    12.00    24.000   60.000    61.000    86.000   113.000  418.0000
A  23959.33  2627.191 1035.688  2287.889  6667.274  1170.763  145.9493
a  -5820.87 -3082.523 -575.932 -1316.332 -6009.556 -1089.762 -122.8348
      phi0.7    phi0.8    phi0.9   phi0.10   phi0.11    phi0.12   phi0.13
id   425.000   428.000   429.000   436.000    437.00 442.000000  446.0000
A   6381.272  1322.224  2424.568  1635.280  35237.85  17.598940  885.1336
a  -1261.067 -1722.193 -1066.775 -2080.303 -30878.56  -6.684623 -993.2420
     phi0.14   phi0.15   phi0.16   phi0.17   phi0.18   phi0.19   phi0.20
id   469.000    523.00   528.000   539.000   615.000    616.00    662.00
A  11160.319  20644.81 27637.075 32717.290  9285.601  32779.72  39097.46
a  -1047.464 -19511.44 -1672.595 -2356.651 -8080.552 -30651.14 -10373.34
     phi0.21   phi0.22   phi0.23   phi0.24  phi0.25   phi0.26   phi0.27
id    663.00   667.000    747.00    748.00    752.0    762.00    773.00
A   36071.23  5790.514  68937.34  76668.19  50985.2  74663.04  47327.77
a  -14676.00 -6757.184 -25408.46 -44141.92 -33340.7 -38103.23 -20506.42
     phi0.28   phi0.29   phi0.30   phi0.31   phi0.32   phi0.33   phi0.34
id    776.00   778.000    779.00    780.00   781.000    783.00   788.000
A   45311.80 42626.584  36114.65  72591.07 43886.902  61321.66 64049.531
a  -30062.33 -3087.931 -22147.54 -10871.11 -8920.851 -55209.11 -3103.037
     phi0.35   phi0.36   phi0.37   phi0.38   phi0.39   phi0.40   phi0.41
id    789.00    796.00    823.00    831.00    833.00    843.00    850.00
A   52981.56  40724.28  42429.78  61949.91  71017.27  60098.70  45074.53
a  -48211.87 -16838.87 -30372.32 -42467.79 -66344.69 -52944.13 -29378.36
     phi0.42   phi0.43   phi0.44   phi0.45   phi0.46   phi0.47   phi0.48
id    868.00    881.00    913.00    915.00   916.000    920.00    921.00
A   36420.74  57538.97  18471.34  22763.11  4371.218  13296.03  19943.10
a  -24986.48 -49120.34 -19368.23 -22003.89 -2761.640 -12426.67 -17904.08
     phi0.49   phi0.50   phi0.51   phi0.52   phi0.53   phi0.54   phi0.55
id    925.00  927.0000    929.00   932.000   934.000    935.00   936.000
A   56878.72  875.1827  22573.81  1393.479  2342.304  21086.64  8151.341
a  -38100.94 -608.8197 -21560.51 -1744.160 -2318.631 -11396.28 -7606.806
     phi0.56   phi0.57   phi0.58   phi0.59   phi0.60   phi0.61   phi0.62
id    937.00    940.00   944.000  950.0000    957.00    959.00   961.000
A   72825.09  22164.70  1597.753  324.1152  39052.33  19310.04  4206.735
a  -47462.03 -17501.47 -1518.125 -330.7432 -12152.17 -16115.35 -4280.100
     phi0.63   phi0.64   phi0.65   phi0.66   phi0.67   phi0.68   phi0.69
id   962.000   963.000    964.00    965.00    968.00    969.00    972.00
A   7041.286  4266.218  15427.15  29654.44  51727.99  64703.22  13359.69
a  -7208.485 -3628.525 -16915.05 -16476.23 -49028.46 -37696.76 -14414.33
     phi0.70
id   975.000
A   7381.281
a  -6553.236
E =  0.00459 | E_L =  0.00459 | E_A =  0.00000 |  65 flippped triangles
        phi0    phi0.1    phi0.2    phi0.3    phi0.4    phi0.5    phi0.6
id   20.0000    24.000    40.000   60.0000    61.000    86.000   91.0000
A   904.3460  2627.191  1710.142 1035.6881  2287.889  6667.274 1615.4610
a  -872.0535 -2942.474 -1638.705 -976.8999 -2178.780 -5917.120 -938.3533
      phi0.7    phi0.8    phi0.9   phi0.10   phi0.11   phi0.12   phi0.13
id  113.0000  418.0000   428.000   429.000   436.000    437.00  446.0000
A  1170.7635  145.9493  1322.224  2424.568  1635.280  35237.85  885.1336
a  -948.8787 -132.4008 -1703.493 -2164.262 -2402.047 -28555.49 -387.4170
      phi0.14   phi0.15   phi0.16   phi0.17   phi0.18   phi0.19   phi0.20
id   469.0000    523.00    528.00   537.000    539.00   615.000    616.00
A  11160.3186  20644.81  27637.08 39959.643  32717.29  9285.601  32779.72
a   -389.1896 -21915.20 -19419.64 -2797.086 -22511.70 -7996.324 -30606.13
     phi0.21   phi0.22   phi0.23   phi0.24   phi0.25   phi0.26   phi0.27
id    662.00    663.00   667.000   773.000    779.00    780.00    783.00
A   39097.46  36071.23  5790.514 47327.768  36114.65  72591.07  61321.66
a  -12803.72 -19638.42 -6143.974 -7295.293 -21775.16 -36102.04 -64395.63
     phi0.28   phi0.29   phi0.30   phi0.31   phi0.32   phi0.33   phi0.34
id    786.00    788.00    823.00    831.00    833.00    843.00    844.00
A   44455.23  64049.53  42429.78  61949.91  71017.27  60098.70  23171.28
a  -31774.16 -68455.63 -25668.19 -37324.69 -50069.69 -52717.94 -24244.57
     phi0.35   phi0.36   phi0.37   phi0.38   phi0.39   phi0.40   phi0.41
id    868.00    881.00    913.00    915.00   916.000    920.00    921.00
A   36420.74  57538.97  18471.34  22763.11  4371.218  13296.03  19943.10
a  -23293.02 -47936.44 -12451.80 -17869.08 -2888.517 -13083.34 -19824.27
     phi0.42   phi0.43   phi0.44   phi0.45   phi0.46   phi0.47   phi0.48
id    925.00  927.0000    929.00   932.000   934.000    935.00   936.000
A   56878.72  875.1827  22573.81  1393.479  2342.304  21086.64  8151.341
a  -44477.72 -834.3563 -21315.20 -1659.874 -1047.999 -14865.30 -7941.220
     phi0.49   phi0.50   phi0.51   phi0.52   phi0.53   phi0.54   phi0.55
id    937.00    940.00   944.000    945.00  950.0000    957.00    959.00
A   72825.09  22164.70  1597.753  18050.15  324.1152  39052.33  19310.04
a  -44585.78 -15887.92 -1559.727 -19982.64 -266.4454 -33602.84 -19564.59
     phi0.56   phi0.57   phi0.58   phi0.59   phi0.60   phi0.61   phi0.62
id   961.000   962.000   963.000    964.00    965.00    968.00    969.00
A   4206.735  7041.286  4266.218  15427.15  29654.44  51727.99  64703.22
a  -3755.687 -5490.691 -4078.503 -17816.75 -12771.57 -46170.09 -62363.72
     phi0.63   phi0.64
id    972.00   975.000
A   13359.69  7381.281
a  -15219.92 -6952.296
E =  0.00427 | E_L =  0.00427 | E_A =  0.00000 |  70 flippped triangles
        phi0    phi0.1    phi0.2   phi0.3    phi0.4    phi0.5    phi0.6
id   20.0000    24.000    40.000   60.000    61.000    69.000    86.000
A   904.3460  2627.191  1710.142 1035.688  2287.889  1997.572  6667.274
a  -898.2609 -1652.279 -1643.793 -964.026 -2177.374 -2443.342 -5719.367
     phi0.7    phi0.8    phi0.9   phi0.10   phi0.11   phi0.12   phi0.13
id   91.000  113.0000  418.0000   428.000   429.000   436.000    437.00
A  1615.461 1170.7635  145.9493  1322.224  2424.568  1635.280  35237.85
a  -528.238 -701.2652 -142.4237 -1470.555 -2546.773 -2260.926 -26745.38
     phi0.14   phi0.15   phi0.16   phi0.17   phi0.18   phi0.19   phi0.20
id 446.00000    523.00    528.00   537.000    539.00   615.000    616.00
A  885.13360  20644.81  27637.08 39959.643  32717.29  9285.601  32779.72
a  -26.03154 -20429.99 -22432.81 -9533.989 -26651.68 -8894.506 -30751.28
     phi0.21   phi0.22   phi0.23   phi0.24   phi0.25   phi0.26   phi0.27
id   620.000    662.00    663.00   667.000   773.000    779.00    780.00
A  37906.436  39097.46  36071.23  5790.514 47327.768  36114.65  72591.07
a  -5109.268 -16003.27 -25801.04 -6305.405 -8979.501 -20291.45 -33421.42
     phi0.28   phi0.29   phi0.30   phi0.31   phi0.32   phi0.33   phi0.34
id    783.00    786.00    788.00    823.00    831.00    833.00    843.00
A   61321.66  44455.23  64049.53  42429.78  61949.91  71017.27  60098.70
a  -64371.32 -33039.33 -69246.32 -17690.24 -27867.69 -45784.25 -45266.92
     phi0.35   phi0.36   phi0.37   phi0.38   phi0.39   phi0.40   phi0.41
id    844.00    868.00    881.00    913.00    915.00   916.000    920.00
A   23171.28  36420.74  57538.97  18471.34  22763.11  4371.218  13296.03
a  -25105.35 -19942.06 -49689.47 -14115.33 -19815.56 -4911.090 -15119.18
     phi0.42   phi0.43   phi0.44   phi0.45   phi0.46   phi0.47   phi0.48
id    921.00    925.00  926.0000  927.0000   928.000    929.00   932.000
A   19943.10  56878.72  351.2016  875.1827  1731.278  22573.81  1393.479
a  -20460.33 -48472.61 -341.1698 -904.9966 -1702.427 -16097.99 -1485.805
     phi0.49   phi0.50   phi0.51   phi0.52    phi0.53   phi0.54   phi0.55
id   934.000    935.00   936.000    937.00   940.0000   944.000    945.00
A   2342.304  21086.64  8151.341  72825.09 22164.6965  1597.753  18050.15
a  -2238.422 -10376.37 -8332.649 -41110.71  -867.5567 -1688.150 -20106.22
     phi0.56   phi0.57   phi0.58   phi0.59   phi0.60   phi0.61   phi0.62
id   947.000  950.0000   954.000    957.00  958.0000    959.00   961.000
A   1301.398  324.1152 33073.692  39052.33 6689.1183  19310.04  4206.735
a  -1368.629 -326.6129 -8047.058 -30607.73 -936.9169 -22786.42 -4046.274
     phi0.63   phi0.64   phi0.65   phi0.66   phi0.67   phi0.68   phi0.69
id   963.000    964.00    968.00    969.00    972.00   974.000   975.000
A   4266.218  15427.15  51727.99  64703.22  13359.69 11568.323  7381.281
a  -4369.479 -15967.65 -50876.46 -62828.85 -15196.44 -7029.341 -6601.380
E =  0.00418 | E_L =  0.00418 | E_A =  0.00000 |  63 flippped triangles
        phi0    phi0.1    phi0.2    phi0.3    phi0.4    phi0.5    phi0.6
id    12.000   20.0000    24.000    40.000   60.0000    61.000    69.000
A  23959.327  904.3460  2627.191  1710.142 1035.6881  2287.889  1997.572
a  -7170.358 -898.2319 -2234.358 -1580.040 -925.8796 -2163.957 -2653.766
      phi0.7    phi0.8    phi0.9   phi0.10   phi0.11   phi0.12   phi0.13
id    86.000   91.0000  113.0000  418.0000   428.000   429.000   436.000
A   6667.274 1615.4610 1170.7635  145.9493  1322.224  2424.568  1635.280
a  -6026.249 -629.9788 -931.6995 -146.8061 -1520.455 -2402.107 -2546.346
     phi0.14   phi0.15   phi0.16   phi0.17   phi0.18   phi0.19   phi0.20
id    437.00  446.0000    523.00    528.00   537.000    539.00   615.000
A   35237.85  885.1336  20644.81  27637.08 39959.643  32717.29  9285.601
a  -26932.56 -232.6217 -21321.46 -20976.96  -621.943 -21587.85 -8991.928
     phi0.21   phi0.22   phi0.23   phi0.24      phi0.25   phi0.26   phi0.27
id    616.00    662.00    663.00   667.000   773.000000    783.00    786.00
A   32779.72  39097.46  36071.23  5790.514 47327.768341  61321.66  44455.23
a  -30923.64 -15405.88 -24435.38 -6565.497    -7.067491 -62720.29 -37242.80
     phi0.28   phi0.29  phi0.30   phi0.31   phi0.32   phi0.33   phi0.34
id    788.00    833.00    843.0    844.00    868.00    881.00   916.000
A   64049.53  71017.27  60098.7  23171.28  36420.74  57538.97  4371.218
a  -59050.53 -62011.63 -57100.4 -23211.15 -21563.05 -55548.24 -4846.627
     phi0.35   phi0.36   phi0.37   phi0.38   phi0.39   phi0.40   phi0.41
id    920.00    921.00    925.00  926.0000  927.0000   928.000    929.00
A   13296.03  19943.10  56878.72  351.2016  875.1827  1731.278  22573.81
a  -14763.10 -20415.45 -52948.87 -345.8262 -979.2405 -1790.919 -17697.40
     phi0.42   phi0.43   phi0.44   phi0.45   phi0.46   phi0.47   phi0.48
id   932.000   934.000    935.00   936.000    937.00    940.00   944.000
A   1393.479  2342.304  21086.64  8151.341  72825.09  22164.70  1597.753
a  -1433.488 -2372.069 -15996.78 -8294.202 -65299.13 -13275.73 -1592.675
     phi0.49   phi0.50   phi0.51   phi0.52   phi0.53   phi0.54   phi0.55
id    945.00   947.000  950.0000    957.00   958.000    959.00   961.000
A   18050.15  1301.398  324.1152  39052.33  6689.118  19310.04  4206.735
a  -18706.06 -1439.833 -332.5994 -34752.19 -1822.152 -23103.05 -3962.384
     phi0.56   phi0.57   phi0.58   phi0.59   phi0.60   phi0.61   phi0.62
id   963.000    964.00    968.00    969.00    972.00   974.000   975.000
A   4266.218  15427.15  51727.99  64703.22  13359.69 11568.323  7381.281
a  -4489.732 -17139.10 -48704.73 -52191.41 -15399.27 -4752.243 -6882.369
E =  0.00417 | E_L =  0.00417 | E_A =  0.00000 |  63 flippped triangles
        phi0    phi0.1    phi0.2    phi0.3    phi0.4    phi0.5    phi0.6
id   20.0000    24.000    40.000   60.0000    61.000    69.000    86.000
A   904.3460  2627.191  1710.142 1035.6881  2287.889  1997.572  6667.274
a  -890.4854 -2619.896 -1628.688 -958.1601 -2180.221 -2600.547 -6003.301
      phi0.7    phi0.8    phi0.9   phi0.10   phi0.11   phi0.12   phi0.13
id   91.0000  113.0000  418.0000   428.000   429.000   436.000    437.00
A  1615.4610 1170.7635  145.9493  1322.224  2424.568  1635.280  35237.85
a  -538.5367 -719.9305 -153.8732 -1480.755 -2595.099 -2544.933 -20001.69
     phi0.14   phi0.15   phi0.16   phi0.17   phi0.18   phi0.19   phi0.20
id 446.00000   469.000    523.00    528.00   537.000    539.00   615.000
A  885.13360 11160.319  20644.81  27637.08 39959.643  32717.29  9285.601
a  -22.23968 -3585.204 -20726.79 -22603.18 -4898.203 -23782.37 -9312.474
     phi0.21   phi0.22   phi0.23   phi0.24   phi0.25   phi0.26   phi0.27
id    616.00   620.000    662.00    663.00   667.000    783.00    786.00
A   32779.72 37906.436  39097.46  36071.23  5790.514  61321.66  44455.23
a  -30697.74 -4600.891 -15565.24 -25093.96 -6516.221 -60519.28 -30822.78
     phi0.28   phi0.29   phi0.30   phi0.31   phi0.32   phi0.33   phi0.34
id    788.00    833.00    843.00    844.00    868.00    881.00   916.000
A   64049.53  71017.27  60098.70  23171.28  36420.74  57538.97  4371.218
a  -57577.98 -56414.01 -43934.43 -23672.52 -22618.91 -56489.99 -4789.861
     phi0.35   phi0.36   phi0.37   phi0.38   phi0.39   phi0.40   phi0.41
id    920.00    921.00    925.00  926.0000  927.0000   928.000    929.00
A   13296.03  19943.10  56878.72  351.2016  875.1827  1731.278  22573.81
a  -13168.40 -20148.17 -48399.42 -365.9792 -985.1070 -1777.835 -15187.19
     phi0.42   phi0.43   phi0.44   phi0.45   phi0.46   phi0.47   phi0.48
id   932.000   934.000    935.00   936.000    937.00    940.00   944.000
A   1393.479  2342.304  21086.64  8151.341  72825.09  22164.70  1597.753
a  -1502.064 -2489.868 -14479.81 -7710.101 -60927.30 -15041.81 -1655.646
     phi0.49   phi0.50   phi0.51   phi0.52   phi0.53   phi0.54   phi0.55
id    945.00   947.000  950.0000   954.000    957.00   958.000    959.00
A   18050.15  1301.398  324.1152 33073.692  39052.33  6689.118  19310.04
a  -18890.24 -1415.422 -350.2373 -6406.024 -30609.29 -1977.815 -23409.22
     phi0.56   phi0.57   phi0.58   phi0.59   phi0.60   phi0.61   phi0.62
id   961.000   963.000    964.00    968.00    969.00    972.00   975.000
A   4206.735  4266.218  15427.15  51727.99  64703.22  13359.69  7381.281
a  -3957.356 -4553.212 -17177.92 -47646.83 -22365.52 -15218.64 -7152.502
E =  0.00417 | E_L =  0.00417 | E_A =  0.00000 |  63 flippped triangles
        phi0    phi0.1    phi0.2    phi0.3    phi0.4    phi0.5    phi0.6
id   20.0000    24.000    40.000   60.0000    61.000    69.000    86.000
A   904.3460  2627.191  1710.142 1035.6881  2287.889  1997.572  6667.274
a  -870.1498 -2615.160 -1629.621 -962.1639 -2163.380 -2636.331 -5998.636
      phi0.7    phi0.8    phi0.9   phi0.10   phi0.11   phi0.12   phi0.13
id   91.0000  113.0000  418.0000   428.000   429.000   436.000    437.00
A  1615.4610 1170.7635  145.9493  1322.224  2424.568  1635.280  35237.85
a  -614.5246 -837.3251 -153.1439 -1533.339 -2551.032 -2480.968 -20327.39
     phi0.14  phi0.15   phi0.16   phi0.17   phi0.18   phi0.19   phi0.20
id  446.0000   469.00    523.00    528.00   537.000    539.00   615.000
A   885.1336 11160.32  20644.81  27637.08 39959.643  32717.29  9285.601
a  -139.7795 -4910.40 -20945.76 -22192.22 -3917.671 -23293.64 -9221.268
     phi0.21   phi0.22   phi0.23   phi0.24   phi0.25   phi0.26   phi0.27
id    616.00   620.000    662.00    663.00   667.000    783.00    786.00
A   32779.72 37906.436  39097.46  36071.23  5790.514  61321.66  44455.23
a  -30699.57 -2333.506 -15458.97 -24802.86 -6512.775 -59521.48 -30439.55
     phi0.28   phi0.29   phi0.30   phi0.31   phi0.32   phi0.33   phi0.34
id    788.00    833.00    843.00    844.00    868.00    881.00   916.000
A   64049.53  71017.27  60098.70  23171.28  36420.74  57538.97  4371.218
a  -55492.01 -56439.65 -44523.97 -23806.97 -23518.62 -57260.20 -4803.444
     phi0.35   phi0.36   phi0.37   phi0.38   phi0.39   phi0.40   phi0.41
id    920.00    921.00    925.00  926.0000  927.0000   928.000    929.00
A   13296.03  19943.10  56878.72  351.2016  875.1827  1731.278  22573.81
a  -13134.73 -20529.28 -47817.12 -362.5106 -977.9408 -1777.763 -15838.35
     phi0.42   phi0.43   phi0.44   phi0.45   phi0.46   phi0.47   phi0.48
id   932.000   934.000    935.00   936.000    937.00    940.00   944.000
A   1393.479  2342.304  21086.64  8151.341  72825.09  22164.70  1597.753
a  -1467.833 -2510.614 -14769.41 -7731.864 -60802.97 -15381.35 -1665.613
     phi0.49   phi0.50   phi0.51   phi0.52   phi0.53   phi0.54   phi0.55
id    945.00   947.000  950.0000   954.000    957.00   958.000    959.00
A   18050.15  1301.398  324.1152 33073.692  39052.33  6689.118  19310.04
a  -19019.17 -1419.576 -348.1852 -6336.118 -31380.31 -1711.647 -23272.46
     phi0.56   phi0.57   phi0.58   phi0.59   phi0.60   phi0.61   phi0.62
id   961.000   963.000    964.00    968.00    969.00    972.00   975.000
A   4206.735  4266.218  15427.15  51727.99  64703.22  13359.69  7381.281
a  -4022.563 -4543.503 -17421.52 -47921.99 -21496.55 -15266.97 -7436.799
FIRE:  7  stops.  35 hits of maxmove.  0 hits of dtmax.
Frms = 5.76159574015336e-06; Ftanrms = 5.7539193209627e-06
E =  0.01044 | E_L =  0.01042 | E_A =  0.00001 |   0 flippped triangles
E =  0.00731 | E_L =  0.00730 | E_A =  0.00001 |   0 flippped triangles
E =  0.00676 | E_L =  0.00676 | E_A =  0.00000 |   0 flippped triangles
E =  0.00642 | E_L =  0.00642 | E_A =  0.00000 |   0 flippped triangles
E =  0.00611 | E_L =  0.00611 | E_A =  0.00000 |   0 flippped triangles
E =  0.00603 | E_L =  0.00603 | E_A =  0.00000 |   0 flippped triangles
E =  0.00595 | E_L =  0.00595 | E_A =  0.00000 |   0 flippped triangles
E =  0.00594 | E_L =  0.00594 | E_A =  0.00000 |   0 flippped triangles
E =  0.00589 | E_L =  0.00589 | E_A =  0.00000 |   0 flippped triangles
E =  0.00588 | E_L =  0.00588 | E_A =  0.00000 |   0 flippped triangles
E =  0.00588 | E_L =  0.00588 | E_A =  0.00000 |   0 flippped triangles
Optimising mapping with BFGS...
E =  0.00588 | E_L =  0.00588 | E_A =  0.00000 |   0 flippped triangles
Transforming image...
Mapping optimised. Error: 0.005882831 ; 0 flipped triangles.
Inferring coordinates of datapoints
Inferring coordinates of landmarks
Mapping optimised. Error: 0.005882831 ; 0 flipped triangles. OD displacement: 7.444758 degrees.
Computing Kernel Density estimates of datapoints

[1] 0.775
Saving developmental_retina/data/C57BL6J/P6/AP/GM125-4/R-CONTRA/r.mat
