[1] "Adding old segment 1"
[1] "Intersection found. Old points:"
    X     Y 
-1330 -1901 
    X     Y 
-1440 -1991 
    X     Y 
-1440 -1991 
    X     Y 
-1440 -2101 
[1] "Point i+1 has been changed:"
    X     Y 
-1330 -1901 
    X     Y 
-1440 -1991 
    X     Y 
-1440 -1991 
    X     Y 
-1440 -2101 
[1] "a= 0.454545454545455"
[1] "l= 110"
[1] "New points:"
    X     Y 
-1330 -1901 
    X     Y 
-1440 -1991 
    X     Y 
-1440 -2051 
    X     Y 
-1440 -2101 
[1] "Storing new segment 1"
[1] "Adding old segment 2"
[1] "Adding old segment 3"
[1] "Adding old segment 4"
[1] "Adding old segment 5"
[1] "Intersection found. Old points:"
    X     Y 
-2730 -2501 
    X     Y 
-2730 -2631 
    X     Y 
-2730 -2611 
    X     Y 
-2840 -3501 
[1] "Point i+1 has been changed:"
    X     Y 
-2730 -2501 
    X     Y 
-2730 -2611 
    X     Y 
-2730 -2611 
    X     Y 
-2840 -3501 
[1] "a= 0.0557555327566413"
[1] "l= 896.771988857811"
[1] "New points:"
    X     Y 
-2730 -2501 
    X     Y 
-2730 -2611 
        X         Y 
-2833.867 -3451.378 
    X     Y 
-2840 -3501 
[1] "Storing new segment 2"
Triangulating...
[1] "Non-adjacent points in rim connected by line: 22 20"
[1] "In triangle: 44" "In triangle: 48"
[1] "Other points in triangles: 21 239"
[1] "Non-adjacent points in rim connected by line: 32 30"
[1] "In triangle: 19" "In triangle: 23"
[1] "Other points in triangles: 88 31"
[1] "Non-adjacent points in rim connected by line: 64 1"
[1] "In triangle: 47" "In triangle: 91"
[1] "Other points in triangles: 67 62"
[1] "Non-adjacent points in rim connected by line: 69 52"
[1] "In triangle: 5"  "In triangle: 80"
[1] "Other points in triangles: 53 75"
[1] "Non-adjacent points in rim connected by line: 70 39"
[1] "In triangle: 64" "In triangle: 97"
[1] "Other points in triangles: 89 40"
[1] "Non-adjacent points in rim connected by line: 71 58"
[1] "In triangle: 68"  "In triangle: 112"
[1] "Other points in triangles: 78 57"
Stitching...
Tear 1 child of rim
Tear 2 child of rim
Tear 3 child of rim
Tear 1 : Sf = 3955.38799638142 ; Sb = 3673.38616476413
  Forwards path
    i = 24 ; sf/Sf = 0.100175319206528 ; sf = 396.232255123179
      k =   23 ; sb/Sb = 0 ; sb = 0
      k =   22 ; sb/Sb = 0.0796936696103897 ; sb = 292.745623366089
      k =   21 ; sb/Sb = 0.160632988704673 ; sb = 590.066998312459
      Creating new point: f = 0.253049442784168
    i = 25 ; sf/Sf = 0.127985486022182 ; sf = 506.232255123183
      k =   23 ; sb/Sb = 0 ; sb = 0
      k =   22 ; sb/Sb = 0.0796936696103897 ; sb = 292.745623366089
      k =   21 ; sb/Sb = 0.160632988704673 ; sb = 590.066998312459
      Creating new point: f = 0.596642237075643
    i = 77 ; sf/Sf = 0.235025805408356 ; sf = 929.618249552088
      k =   23 ; sb/Sb = 0 ; sb = 0
      k =   22 ; sb/Sb = 0.0796936696103897 ; sb = 292.745623366089
      k =   21 ; sb/Sb = 0.160632988704673 ; sb = 590.066998312459
      k =   20 ; sb/Sb = 0.192496504778735 ; sb = 707.113997419655
      k =   19 ; sb/Sb = 0.287464813364567 ; sb = 1055.9692682699
      Creating new point: f = 0.447826240805198
    i = 26 ; sf/Sf = 0.34206612479453 ; sf = 1353.00424398099
      k =   23 ; sb/Sb = 0 ; sb = 0
      k =   22 ; sb/Sb = 0.0796936696103897 ; sb = 292.745623366089
      k =   21 ; sb/Sb = 0.160632988704673 ; sb = 590.066998312459
      k =   20 ; sb/Sb = 0.192496504778735 ; sb = 707.113997419655
      k =   19 ; sb/Sb = 0.287464813364567 ; sb = 1055.9692682699
      k =  421 ; sb/Sb = 0.364570831643361 ; sb = 1339.20944903527
      Creating new point: f = 0.708132940188136
    i = 27 ; sf/Sf = 0.354707109710736 ; sf = 1403.00424398099
      k =   23 ; sb/Sb = 0 ; sb = 0
      k =   22 ; sb/Sb = 0.0796936696103897 ; sb = 292.745623366089
      k =   21 ; sb/Sb = 0.160632988704673 ; sb = 590.066998312459
      k =   20 ; sb/Sb = 0.192496504778735 ; sb = 707.113997419655
      k =   19 ; sb/Sb = 0.287464813364567 ; sb = 1055.9692682699
      k =  421 ; sb/Sb = 0.364570831643361 ; sb = 1339.20944903527
      Creating new point: f = 0.872075848905063
    i = 76 ; sf/Sf = 0.444893250731815 ; sf = 1759.72542361573
      k =   23 ; sb/Sb = 0 ; sb = 0
      k =   22 ; sb/Sb = 0.0796936696103897 ; sb = 292.745623366089
      k =   21 ; sb/Sb = 0.160632988704673 ; sb = 590.066998312459
      k =   20 ; sb/Sb = 0.192496504778735 ; sb = 707.113997419655
      k =   19 ; sb/Sb = 0.287464813364567 ; sb = 1055.9692682699
      k =  421 ; sb/Sb = 0.364570831643361 ; sb = 1339.20944903527
      k =   18 ; sb/Sb = 0.441676849922155 ; sb = 1622.44962980065
      k =  415 ; sb/Sb = 0.543289537882161 ; sb = 1995.71227191743
      Creating new point: f = 0.0316535353432053
    i = 28 ; sf/Sf = 0.535079391752894 ; sf = 2116.44660325047
      k =   23 ; sb/Sb = 0 ; sb = 0
      k =   22 ; sb/Sb = 0.0796936696103897 ; sb = 292.745623366089
      k =   21 ; sb/Sb = 0.160632988704673 ; sb = 590.066998312459
      k =   20 ; sb/Sb = 0.192496504778735 ; sb = 707.113997419655
      k =   19 ; sb/Sb = 0.287464813364567 ; sb = 1055.9692682699
      k =  421 ; sb/Sb = 0.364570831643361 ; sb = 1339.20944903527
      k =   18 ; sb/Sb = 0.441676849922155 ; sb = 1622.44962980065
      k =  415 ; sb/Sb = 0.543289537882161 ; sb = 1995.71227191743
      Creating new point: f = 0.919201565335048
    i = 29 ; sf/Sf = 0.615426748809183 ; sf = 2434.25157489189
      k =   23 ; sb/Sb = 0 ; sb = 0
      k =   22 ; sb/Sb = 0.0796936696103897 ; sb = 292.745623366089
      k =   21 ; sb/Sb = 0.160632988704673 ; sb = 590.066998312459
      k =   20 ; sb/Sb = 0.192496504778735 ; sb = 707.113997419655
      k =   19 ; sb/Sb = 0.287464813364567 ; sb = 1055.9692682699
      k =  421 ; sb/Sb = 0.364570831643361 ; sb = 1339.20944903527
      k =   18 ; sb/Sb = 0.441676849922155 ; sb = 1622.44962980065
      k =  415 ; sb/Sb = 0.543289537882161 ; sb = 1995.71227191743
      k =   17 ; sb/Sb = 0.644902225842167 ; sb = 2368.97491403421
      Creating new point: f = 0.709923262293917
    i = 30 ; sf/Sf = 0.698588674862682 ; sf = 2763.18925895986
      k =   23 ; sb/Sb = 0 ; sb = 0
      k =   22 ; sb/Sb = 0.0796936696103897 ; sb = 292.745623366089
      k =   21 ; sb/Sb = 0.160632988704673 ; sb = 590.066998312459
      k =   20 ; sb/Sb = 0.192496504778735 ; sb = 707.113997419655
      k =   19 ; sb/Sb = 0.287464813364567 ; sb = 1055.9692682699
      k =  421 ; sb/Sb = 0.364570831643361 ; sb = 1339.20944903527
      k =   18 ; sb/Sb = 0.441676849922155 ; sb = 1622.44962980065
      k =  415 ; sb/Sb = 0.543289537882161 ; sb = 1995.71227191743
      k =   17 ; sb/Sb = 0.644902225842167 ; sb = 2368.97491403421
      k =   16 ; sb/Sb = 0.812051343789525 ; sb = 2982.97817135456
      Creating new point: f = 0.321188946013001
    i = 31 ; sf/Sf = 0.734521105300743 ; sf = 2905.31596299538
      k =   23 ; sb/Sb = 0 ; sb = 0
      k =   22 ; sb/Sb = 0.0796936696103897 ; sb = 292.745623366089
      k =   21 ; sb/Sb = 0.160632988704673 ; sb = 590.066998312459
      k =   20 ; sb/Sb = 0.192496504778735 ; sb = 707.113997419655
      k =   19 ; sb/Sb = 0.287464813364567 ; sb = 1055.9692682699
      k =  421 ; sb/Sb = 0.364570831643361 ; sb = 1339.20944903527
      k =   18 ; sb/Sb = 0.441676849922155 ; sb = 1622.44962980065
      k =  415 ; sb/Sb = 0.543289537882161 ; sb = 1995.71227191743
      k =   17 ; sb/Sb = 0.644902225842167 ; sb = 2368.97491403421
      k =   16 ; sb/Sb = 0.812051343789525 ; sb = 2982.97817135456
      Creating new point: f = 0.536161246670777
    i = 32 ; sf/Sf = 0.794828010478126 ; sf = 3143.85317183291
      k =   23 ; sb/Sb = 0 ; sb = 0
      k =   22 ; sb/Sb = 0.0796936696103897 ; sb = 292.745623366089
      k =   21 ; sb/Sb = 0.160632988704673 ; sb = 590.066998312459
      k =   20 ; sb/Sb = 0.192496504778735 ; sb = 707.113997419655
      k =   19 ; sb/Sb = 0.287464813364567 ; sb = 1055.9692682699
      k =  421 ; sb/Sb = 0.364570831643361 ; sb = 1339.20944903527
      k =   18 ; sb/Sb = 0.441676849922155 ; sb = 1622.44962980065
      k =  415 ; sb/Sb = 0.543289537882161 ; sb = 1995.71227191743
      k =   17 ; sb/Sb = 0.644902225842167 ; sb = 2368.97491403421
      k =   16 ; sb/Sb = 0.812051343789525 ; sb = 2982.97817135456
      Creating new point: f = 0.896958275802428
    i = 33 ; sf/Sf = 0.916838073946501 ; sf = 3626.45031231345
      k =   23 ; sb/Sb = 0 ; sb = 0
      k =   22 ; sb/Sb = 0.0796936696103897 ; sb = 292.745623366089
      k =   21 ; sb/Sb = 0.160632988704673 ; sb = 590.066998312459
      k =   20 ; sb/Sb = 0.192496504778735 ; sb = 707.113997419655
      k =   19 ; sb/Sb = 0.287464813364567 ; sb = 1055.9692682699
      k =  421 ; sb/Sb = 0.364570831643361 ; sb = 1339.20944903527
      k =   18 ; sb/Sb = 0.441676849922155 ; sb = 1622.44962980065
      k =  415 ; sb/Sb = 0.543289537882161 ; sb = 1995.71227191743
      k =   17 ; sb/Sb = 0.644902225842167 ; sb = 2368.97491403421
      k =   16 ; sb/Sb = 0.812051343789525 ; sb = 2982.97817135456
      k =   15 ; sb/Sb = 0.866497021708836 ; sb = 3182.97817135456
      k =   14 ; sb/Sb = 1 ; sb = 3673.38616476413
      Creating new point: f = 0.377078121267628
Tear 2 : Sf = 1602.78922338627 ; Sb = 1625.8740988729
  Forwards path
    i = 4 ; sf/Sf = 0.144041352564463 ; sf = 230.867927612304
      k =    3 ; sb/Sb = 0 ; sb = 0
      k =    2 ; sb/Sb = 0.0275060409542153 ; sb = 44.7213595499958
      k =    1 ; sb/Sb = 0.0976329607378283 ; sb = 158.73890205991
      k =   62 ; sb/Sb = 0.142409551338092 ; sb = 231.540000952715
      k =   64 ; sb/Sb = 0.221136434365956 ; sb = 359.540000952715
      Creating new point: f = 0.0207273699098802
    i = 5 ; sf/Sf = 0.399845418387776 ; sf = 640.867927612304
      k =    3 ; sb/Sb = 0 ; sb = 0
      k =    2 ; sb/Sb = 0.0275060409542153 ; sb = 44.7213595499958
      k =    1 ; sb/Sb = 0.0976329607378283 ; sb = 158.73890205991
      k =   62 ; sb/Sb = 0.142409551338092 ; sb = 231.540000952715
      k =   64 ; sb/Sb = 0.221136434365956 ; sb = 359.540000952715
      k =   63 ; sb/Sb = 0.29986331739382 ; sb = 487.540000952715
      k =   61 ; sb/Sb = 0.461349183169391 ; sb = 750.095687451282
      Creating new point: f = 0.619138402694071
    i = 6 ; sf/Sf = 0.576314481410952 ; sf = 923.710640086923
      k =    3 ; sb/Sb = 0 ; sb = 0
      k =    2 ; sb/Sb = 0.0275060409542153 ; sb = 44.7213595499958
      k =    1 ; sb/Sb = 0.0976329607378283 ; sb = 158.73890205991
      k =   62 ; sb/Sb = 0.142409551338092 ; sb = 231.540000952715
      k =   64 ; sb/Sb = 0.221136434365956 ; sb = 359.540000952715
      k =   63 ; sb/Sb = 0.29986331739382 ; sb = 487.540000952715
      k =   61 ; sb/Sb = 0.461349183169391 ; sb = 750.095687451282
      k =   60 ; sb/Sb = 0.580135797269563 ; sb = 943.227766609561
      Creating new point: f = 0.96783041685666
    i = 7 ; sf/Sf = 0.806486564883356 ; sf = 1292.62797500086
      k =    3 ; sb/Sb = 0 ; sb = 0
      k =    2 ; sb/Sb = 0.0275060409542153 ; sb = 44.7213595499958
      k =    1 ; sb/Sb = 0.0976329607378283 ; sb = 158.73890205991
      k =   62 ; sb/Sb = 0.142409551338092 ; sb = 231.540000952715
      k =   64 ; sb/Sb = 0.221136434365956 ; sb = 359.540000952715
      k =   63 ; sb/Sb = 0.29986331739382 ; sb = 487.540000952715
      k =   61 ; sb/Sb = 0.461349183169391 ; sb = 750.095687451282
      k =   60 ; sb/Sb = 0.580135797269563 ; sb = 943.227766609561
      k =   59 ; sb/Sb = 0.728260360999804 ; sb = 1184.05965818541
      k =   58 ; sb/Sb = 1 ; sb = 1625.8740988729
      Creating new point: f = 0.28787189153326
Tear 3 : Sf = 1640.81527046763 ; Sb = 1451.78717324588
  Forwards path
    i = 47 ; sf/Sf = 0.185057108182106 ; sf = 303.64452901378
      k =   46 ; sb/Sb = 0 ; sb = 0
      k =   45 ; sb/Sb = 0.137761239171747 ; sb = 200
      k =   44 ; sb/Sb = 0.216297228889162 ; sb = 314.017542509914
      Creating new point: f = 0.60221904862391
    i = 48 ; sf/Sf = 0.463277634671007 ; sf = 760.153017434313
      k =   46 ; sb/Sb = 0 ; sb = 0
      k =   45 ; sb/Sb = 0.137761239171747 ; sb = 200
      k =   44 ; sb/Sb = 0.216297228889162 ; sb = 314.017542509914
      k =   43 ; sb/Sb = 0.354745560797916 ; sb = 515.015054932332
      k =   42 ; sb/Sb = 0.706306736990062 ; sb = 1025.40706113933
      Creating new point: f = 0.308714617036587
    i = 49 ; sf/Sf = 0.799527899338587 ; sf = 1311.87758639966
      k =   46 ; sb/Sb = 0 ; sb = 0
      k =   45 ; sb/Sb = 0.137761239171747 ; sb = 200
      k =   44 ; sb/Sb = 0.216297228889162 ; sb = 314.017542509914
      k =   43 ; sb/Sb = 0.354745560797916 ; sb = 515.015054932332
      k =   42 ; sb/Sb = 0.706306736990062 ; sb = 1025.40706113933
      k =   41 ; sb/Sb = 1 ; sb = 1451.78717324588
      Creating new point: f = 0.317409944624335
Tear 1 : Sf = 3673.38616476413 ; Sb = 3955.38799638142
  Backwards path
    i = 22 ; sf/Sf = 0.0796936696103897 ; sf = 292.745623366089
      k =   23 ; sb/Sb = 0 ; sb = 0
      k =   24 ; sb/Sb = 0.100175319206528 ; sb = 396.232255123179
      Creating new point: f = 0.795541958255086
    i = 21 ; sf/Sf = 0.160632988704673 ; sf = 590.066998312459
      k =   23 ; sb/Sb = 0 ; sb = 0
      k =   24 ; sb/Sb = 0.100175319206528 ; sb = 396.232255123179
      k =   25 ; sb/Sb = 0.127985486022182 ; sb = 506.232255123183
      k =   77 ; sb/Sb = 0.235025805408356 ; sb = 929.618249552088
      Creating new point: f = 0.305001917685869
    i = 20 ; sf/Sf = 0.192496504778735 ; sf = 707.113997419655
      k =   23 ; sb/Sb = 0 ; sb = 0
      k =   24 ; sb/Sb = 0.100175319206528 ; sb = 396.232255123179
      k =   25 ; sb/Sb = 0.127985486022182 ; sb = 506.232255123183
      k =   77 ; sb/Sb = 0.235025805408356 ; sb = 929.618249552088
      Creating new point: f = 0.602679617610381
    i = 19 ; sf/Sf = 0.287464813364567 ; sf = 1055.9692682699
      k =   23 ; sb/Sb = 0 ; sb = 0
      k =   24 ; sb/Sb = 0.100175319206528 ; sb = 396.232255123179
      k =   25 ; sb/Sb = 0.127985486022182 ; sb = 506.232255123183
      k =   77 ; sb/Sb = 0.235025805408356 ; sb = 929.618249552088
      k =   26 ; sb/Sb = 0.34206612479453 ; sb = 1353.00424398099
      Creating new point: f = 0.489899584165336
    i = 421 ; sf/Sf = 0.364570831643361 ; sf = 1339.20944903527
      k =   23 ; sb/Sb = 0 ; sb = 0
      k =   24 ; sb/Sb = 0.100175319206528 ; sb = 396.232255123179
      k =   25 ; sb/Sb = 0.127985486022182 ; sb = 506.232255123183
      k =   77 ; sb/Sb = 0.235025805408356 ; sb = 929.618249552088
      k =   26 ; sb/Sb = 0.34206612479453 ; sb = 1353.00424398099
      k =   27 ; sb/Sb = 0.354707109710736 ; sb = 1403.00424398099
      k =   76 ; sb/Sb = 0.444893250731815 ; sb = 1759.72542361573
      Creating new point: f = 0.109370706196642
    i = 18 ; sf/Sf = 0.441676849922155 ; sf = 1622.44962980065
      k =   23 ; sb/Sb = 0 ; sb = 0
      k =   24 ; sb/Sb = 0.100175319206528 ; sb = 396.232255123179
      k =   25 ; sb/Sb = 0.127985486022182 ; sb = 506.232255123183
      k =   77 ; sb/Sb = 0.235025805408356 ; sb = 929.618249552088
      k =   26 ; sb/Sb = 0.34206612479453 ; sb = 1353.00424398099
      k =   27 ; sb/Sb = 0.354707109710736 ; sb = 1403.00424398099
      k =   76 ; sb/Sb = 0.444893250731815 ; sb = 1759.72542361573
      Creating new point: f = 0.964335974760154
    i = 415 ; sf/Sf = 0.543289537882161 ; sf = 1995.71227191743
      k =   23 ; sb/Sb = 0 ; sb = 0
      k =   24 ; sb/Sb = 0.100175319206528 ; sb = 396.232255123179
      k =   25 ; sb/Sb = 0.127985486022182 ; sb = 506.232255123183
      k =   77 ; sb/Sb = 0.235025805408356 ; sb = 929.618249552088
      k =   26 ; sb/Sb = 0.34206612479453 ; sb = 1353.00424398099
      k =   27 ; sb/Sb = 0.354707109710736 ; sb = 1403.00424398099
      k =   76 ; sb/Sb = 0.444893250731815 ; sb = 1759.72542361573
      k =   28 ; sb/Sb = 0.535079391752894 ; sb = 2116.44660325047
      k =   29 ; sb/Sb = 0.615426748809182 ; sb = 2434.25157489189
      Creating new point: f = 0.102183151133585
    i = 17 ; sf/Sf = 0.644902225842167 ; sf = 2368.97491403421
      k =   23 ; sb/Sb = 0 ; sb = 0
      k =   24 ; sb/Sb = 0.100175319206528 ; sb = 396.232255123179
      k =   25 ; sb/Sb = 0.127985486022182 ; sb = 506.232255123183
      k =   77 ; sb/Sb = 0.235025805408356 ; sb = 929.618249552088
      k =   26 ; sb/Sb = 0.34206612479453 ; sb = 1353.00424398099
      k =   27 ; sb/Sb = 0.354707109710736 ; sb = 1403.00424398099
      k =   76 ; sb/Sb = 0.444893250731815 ; sb = 1759.72542361573
      k =   28 ; sb/Sb = 0.535079391752894 ; sb = 2116.44660325047
      k =   29 ; sb/Sb = 0.615426748809182 ; sb = 2434.25157489189
      k =   30 ; sb/Sb = 0.698588674862682 ; sb = 2763.18925895986
      Creating new point: f = 0.354434756766251
    i = 16 ; sf/Sf = 0.812051343789525 ; sf = 2982.97817135456
      k =   23 ; sb/Sb = 0 ; sb = 0
      k =   24 ; sb/Sb = 0.100175319206528 ; sb = 396.232255123179
      k =   25 ; sb/Sb = 0.127985486022182 ; sb = 506.232255123183
      k =   77 ; sb/Sb = 0.235025805408356 ; sb = 929.618249552088
      k =   26 ; sb/Sb = 0.34206612479453 ; sb = 1353.00424398099
      k =   27 ; sb/Sb = 0.354707109710736 ; sb = 1403.00424398099
      k =   76 ; sb/Sb = 0.444893250731815 ; sb = 1759.72542361573
      k =   28 ; sb/Sb = 0.535079391752894 ; sb = 2116.44660325047
      k =   29 ; sb/Sb = 0.615426748809182 ; sb = 2434.25157489189
      k =   30 ; sb/Sb = 0.698588674862682 ; sb = 2763.18925895986
      k =   31 ; sb/Sb = 0.734521105300743 ; sb = 2905.31596299538
      k =   32 ; sb/Sb = 0.794828010478126 ; sb = 3143.85317183291
      k =   33 ; sb/Sb = 0.916838073946501 ; sb = 3626.45031231345
      Creating new point: f = 0.141163219014826
    i = 15 ; sf/Sf = 0.866497021708836 ; sf = 3182.97817135456
      k =   23 ; sb/Sb = 0 ; sb = 0
      k =   24 ; sb/Sb = 0.100175319206528 ; sb = 396.232255123179
      k =   25 ; sb/Sb = 0.127985486022182 ; sb = 506.232255123183
      k =   77 ; sb/Sb = 0.235025805408356 ; sb = 929.618249552088
      k =   26 ; sb/Sb = 0.34206612479453 ; sb = 1353.00424398099
      k =   27 ; sb/Sb = 0.354707109710736 ; sb = 1403.00424398099
      k =   76 ; sb/Sb = 0.444893250731815 ; sb = 1759.72542361573
      k =   28 ; sb/Sb = 0.535079391752894 ; sb = 2116.44660325047
      k =   29 ; sb/Sb = 0.615426748809182 ; sb = 2434.25157489189
      k =   30 ; sb/Sb = 0.698588674862682 ; sb = 2763.18925895986
      k =   31 ; sb/Sb = 0.734521105300743 ; sb = 2905.31596299538
      k =   32 ; sb/Sb = 0.794828010478126 ; sb = 3143.85317183291
      k =   33 ; sb/Sb = 0.916838073946501 ; sb = 3626.45031231345
      Creating new point: f = 0.587402458398741
Tear 2 : Sf = 1625.8740988729 ; Sb = 1602.78922338627
  Backwards path
    i = 2 ; sf/Sf = 0.0275060409542153 ; sf = 44.7213595499958
      k =    3 ; sb/Sb = 0 ; sb = 0
      k =    4 ; sb/Sb = 0.144041352564463 ; sb = 230.867927612304
      Creating new point: f = 0.190959335388811
    i = 1 ; sf/Sf = 0.0976329607378283 ; sf = 158.73890205991
      k =    3 ; sb/Sb = 0 ; sb = 0
      k =    4 ; sb/Sb = 0.144041352564463 ; sb = 230.867927612304
      Creating new point: f = 0.67781202411394
    i = 62 ; sf/Sf = 0.142409551338092 ; sf = 231.540000952715
      k =    3 ; sb/Sb = 0 ; sb = 0
      k =    4 ; sb/Sb = 0.144041352564463 ; sb = 230.867927612304
      Creating new point: f = 0.98867130030843
    i = 64 ; sf/Sf = 0.221136434365956 ; sf = 359.540000952715
      k =    3 ; sb/Sb = 0 ; sb = 0
      k =    4 ; sb/Sb = 0.144041352564463 ; sb = 230.867927612304
      k =    5 ; sb/Sb = 0.399845418387776 ; sb = 640.867927612304
      Creating new point: f = 0.301383332408577
    i = 63 ; sf/Sf = 0.29986331739382 ; sf = 487.540000952715
      k =    3 ; sb/Sb = 0 ; sb = 0
      k =    4 ; sb/Sb = 0.144041352564463 ; sb = 230.867927612304
      k =    5 ; sb/Sb = 0.399845418387776 ; sb = 640.867927612304
      Creating new point: f = 0.609145770720411
    i = 61 ; sf/Sf = 0.461349183169391 ; sf = 750.095687451282
      k =    3 ; sb/Sb = 0 ; sb = 0
      k =    4 ; sb/Sb = 0.144041352564463 ; sb = 230.867927612304
      k =    5 ; sb/Sb = 0.399845418387776 ; sb = 640.867927612304
      k =    6 ; sb/Sb = 0.576314481410952 ; sb = 923.710640086923
      Creating new point: f = 0.348524346012636
    i = 60 ; sf/Sf = 0.580135797269563 ; sf = 943.227766609561
      k =    3 ; sb/Sb = 0 ; sb = 0
      k =    4 ; sb/Sb = 0.144041352564463 ; sb = 230.867927612304
      k =    5 ; sb/Sb = 0.399845418387776 ; sb = 640.867927612304
      k =    6 ; sb/Sb = 0.576314481410952 ; sb = 923.710640086923
      k =    7 ; sb/Sb = 0.806486564883356 ; sb = 1292.62797500086
      Creating new point: f = 0.0166019953461011
    i = 59 ; sf/Sf = 0.728260360999804 ; sf = 1184.05965818541
      k =    3 ; sb/Sb = 0 ; sb = 0
      k =    4 ; sb/Sb = 0.144041352564463 ; sb = 230.867927612304
      k =    5 ; sb/Sb = 0.399845418387776 ; sb = 640.867927612304
      k =    6 ; sb/Sb = 0.576314481410952 ; sb = 923.710640086923
      k =    7 ; sb/Sb = 0.806486564883355 ; sb = 1292.62797500086
      Creating new point: f = 0.660140349327244
Tear 3 : Sf = 1451.78717324588 ; Sb = 1640.81527046763
  Backwards path
    i = 45 ; sf/Sf = 0.137761239171747 ; sf = 200
      k =   46 ; sb/Sb = 0 ; sb = 0
      k =   47 ; sb/Sb = 0.185057108182106 ; sb = 303.64452901378
      Creating new point: f = 0.744425548010739
    i = 44 ; sf/Sf = 0.216297228889162 ; sf = 314.017542509914
      k =   46 ; sb/Sb = 0 ; sb = 0
      k =   47 ; sb/Sb = 0.185057108182106 ; sb = 303.64452901378
      k =   48 ; sb/Sb = 0.463277634671007 ; sb = 760.153017434313
      Creating new point: f = 0.112285463266501
    i = 43 ; sf/Sf = 0.354745560797916 ; sf = 515.015054932332
      k =   46 ; sb/Sb = 0 ; sb = 0
      k =   47 ; sb/Sb = 0.185057108182106 ; sb = 303.64452901378
      k =   48 ; sb/Sb = 0.463277634671007 ; sb = 760.153017434313
      Creating new point: f = 0.609906302591155
    i = 42 ; sf/Sf = 0.706306736990062 ; sf = 1025.40706113933
      k =   46 ; sb/Sb = 0 ; sb = 0
      k =   47 ; sb/Sb = 0.185057108182106 ; sb = 303.64452901378
      k =   48 ; sb/Sb = 0.463277634671007 ; sb = 760.153017434313
      k =   49 ; sb/Sb = 0.799527899338587 ; sb = 1311.87758639966
      Creating new point: f = 0.722762560675799
Triangulating...
[1] "Non-adjacent points in rim connected by line: 64 1"
[1] "In triangle: 858" "In triangle: 859"
[1] "Other points in triangles: 455 439"
[1] "Non-adjacent points in rim connected by line: 69 52"
[1] "In triangle: 827" "In triangle: 840"
[1] "Other points in triangles: 53 440"
[1] "Non-adjacent points in rim connected by line: 444 20"
[1] "In triangle: 59" "In triangle: 62"
[1] "Other points in triangles: 21 437"
[1] "Non-adjacent points in rim connected by line: 455 1"
[1] "In triangle: 769" "In triangle: 902"
[1] "Other points in triangles: 62 513"
Merging points...
Projecting to sphere...
Optimising mapping with FIRE...
E =  0.00844 | E_L =  0.00844 | E_A =  0.00000 |   0 flippped triangles
E =  0.00725 | E_L =  0.00725 | E_A =  0.00000 |  79 flippped triangles
        phi0    phi0.1    phi0.2    phi0.3    phi0.4    phi0.5    phi0.6
id      2.00     3.000     4.000      6.00      9.00    12.000    16.000
A   17882.70  6180.741  5820.804  24557.71  10232.99  1760.928  2766.450
a  -16692.48 -6405.599 -4463.556 -25633.94 -12119.78 -2094.814 -2619.965
      phi0.7    phi0.8    phi0.9   phi0.10   phi0.11   phi0.12   phi0.13
id     21.00     23.00    24.000     26.00    27.000    29.000    30.000
A   17928.56  15618.76  2929.154  16357.56  7835.714 13278.982  4188.210
a  -18664.94 -13730.56 -1589.557 -11086.62 -8362.721 -4163.191 -4401.669
    phi0.14   phi0.15   phi0.16   phi0.17   phi0.18   phi0.19   phi0.20
id    36.00     40.00     44.00     49.00     54.00    55.000     61.00
A   7576.59  26580.32  28860.93  25807.64  31734.30  1564.222  10795.85
a  -7011.58 -23060.04 -17694.68 -17768.29 -19077.82 -1645.925 -11683.24
     phi0.21   phi0.22   phi0.23   phi0.24   phi0.25   phi0.26   phi0.27
id     66.00    75.000    76.000     79.00    82.000    83.000     88.00
A   26974.98  1768.315  2249.562  16046.22  5106.827  3199.873  38827.32
a  -22738.09 -1408.665 -2747.803 -11520.76 -4935.137 -1941.766 -26605.00
     phi0.28   phi0.29   phi0.30   phi0.31   phi0.32   phi0.33   phi0.34
id    90.000     93.00    94.000     95.00   100.000   102.000    109.00
A   4571.572  13432.32  1958.564  47324.68  3541.407  8829.031  42171.72
a  -4216.388 -12288.59 -2094.476 -15667.85 -3043.105 -6762.696 -18805.05
     phi0.35   phi0.36   phi0.37   phi0.38   phi0.39    phi0.40   phi0.41
id    113.00   114.000    116.00    174.00    188.00   233.0000   235.000
A   12063.08  5898.067  11153.65  45064.45  47591.07 10643.5799  1225.123
a  -12824.50 -3801.925 -12773.87 -35835.71 -11143.63  -912.6991 -1141.504
     phi0.42   phi0.43   phi0.44   phi0.45   phi0.46   phi0.47   phi0.48
id   236.000   238.000   240.000   252.000   505.000    587.00   588.000
A   7422.788  8825.867  5884.429 12247.144  3382.265  27176.55 50932.838
a  -7447.776 -3854.103 -5423.421 -7995.904 -3844.418 -21089.41 -4962.463
     phi0.49   phi0.50   phi0.51   phi0.52   phi0.53   phi0.54   phi0.55
id    592.00    595.00    596.00   597.000    599.00    600.00    602.00
A   54362.98  37569.12  13866.73  6448.143  16037.28  13149.55  35911.29
a  -50809.39 -33769.32 -16650.21 -8106.565 -22777.26 -11861.29 -33722.27
     phi0.56   phi0.57   phi0.58   phi0.59   phi0.60   phi0.61   phi0.62
id   605.000    606.00    609.00    612.00    613.00    618.00  764.0000
A   9279.349  15870.30  33584.00  28105.23  25971.63  22425.01  252.8226
a  -4017.185 -10529.32 -22655.74 -28450.14 -21648.31 -24051.75 -179.7095
     phi0.63   phi0.64   phi0.65   phi0.66   phi0.67  phi0.68   phi0.69
id   773.000   776.000    779.00    786.00    787.00  859.000   861.000
A  14570.018  1545.434  33169.00  15140.48  12126.04 1088.680  8516.042
a   -528.282 -1363.269 -35721.48 -11426.03 -16358.19 -913.244 -7474.140
     phi0.70   phi0.71   phi0.72    phi0.73   phi0.74   phi0.75   phi0.76
id   862.000   868.000    871.00  902.00000  903.0000   904.000  905.0000
A   3017.244  1251.555  12554.44   98.19385  180.5517  1400.938  890.9669
a  -2523.015 -2065.226 -14270.35 -318.43930 -160.2510 -1352.115 -774.4778
     phi0.77   phi0.78
id   906.000   907.000
A   3481.449  3715.355
a  -3856.705 -4228.473
E =  0.00689 | E_L =  0.00689 | E_A =  0.00000 |  78 flippped triangles
        phi0    phi0.1    phi0.2    phi0.3    phi0.4    phi0.5    phi0.6
id      2.00     3.000     4.000      6.00      9.00    12.000    15.000
A   17882.70  6180.741  5820.804  24557.71  10232.99  1760.928 11765.832
a  -14312.12 -5801.323 -4581.459 -24844.56 -12398.99 -1847.296 -8875.647
      phi0.7    phi0.8    phi0.9   phi0.10   phi0.11  phi0.12   phi0.13
id    16.000    18.000     21.00     23.00    24.000    26.00    27.000
A   2766.450 11299.885  17928.56  15618.76  2929.154 16357.56  7835.714
a  -2386.381 -9616.353 -19613.70 -11583.26 -2641.952 -7038.10 -9067.367
     phi0.14   phi0.15   phi0.16   phi0.17   phi0.18   phi0.19   phi0.20
id    29.000    30.000    36.000     40.00    44.000    49.000     54.00
A  13278.982  4188.210  7576.590  26580.32 28860.933 25807.635  31734.30
a  -1718.193 -4047.399 -6254.643 -20326.86 -1579.913 -9428.962 -27387.76
     phi0.21   phi0.22   phi0.23   phi0.24   phi0.25   phi0.26   phi0.27
id    55.000     61.00     66.00    75.000    76.000     79.00    82.000
A   1564.222  10795.85  26974.98  1768.315  2249.562  16046.22  5106.827
a  -1559.321 -12375.86 -30801.12 -1682.985 -2473.903 -14091.72 -4878.373
     phi0.28   phi0.29   phi0.30   phi0.31   phi0.32   phi0.33   phi0.34
id    83.000     88.00     93.00    94.000   102.000    113.00   114.000
A   3199.873  38827.32  13432.32  1958.564  8829.031  12063.08  5898.067
a  -2603.256 -33335.35 -12990.79 -2051.992 -6764.707 -11334.54 -3206.073
     phi0.35   phi0.36   phi0.37   phi0.38   phi0.39   phi0.40  phi0.41
id    116.00   233.000   235.000   236.000   238.000   240.000   252.00
A   11153.65 10643.580  1225.123  7422.788  8825.867  5884.429 12247.14
a  -11173.17 -5485.639 -1065.978 -7066.007 -8669.034 -5694.721 -6860.00
     phi0.42   phi0.43   phi0.44   phi0.45   phi0.46   phi0.47   phi0.48
id   505.000    574.00    576.00    585.00    587.00    588.00    591.00
A   3382.265  41165.13  49677.84  29934.86  27176.55  50932.84  33099.00
a  -4307.828 -39666.94 -42734.94 -14521.23 -25133.05 -53299.87 -30377.48
     phi0.49   phi0.50   phi0.51   phi0.52   phi0.53   phi0.54   phi0.55
id    592.00   595.000    596.00   597.000   598.000    599.00    600.00
A   54362.98 37569.122  13866.73  6448.143 39405.165  16037.28  13149.55
a  -52408.76 -1277.502 -17641.80 -8661.886 -7543.749 -16907.17 -13579.61
     phi0.56   phi0.57   phi0.58   phi0.59     phi0.60   phi0.61     phi0.62
id    609.00    612.00    613.00    618.00   758.00000  764.0000   773.00000
A   33584.00  28105.23  25971.63  22425.01 21817.50900  252.8226 14570.01786
a  -25001.16 -24807.49 -16550.02 -24525.54   -15.05089 -237.5845   -12.64555
     phi0.63   phi0.64   phi0.65   phi0.66   phi0.67   phi0.68   phi0.69
id   776.000    779.00    786.00    787.00   859.000   861.000   862.000
A   1545.434  33169.00  15140.48  12126.04  1088.680  8516.042  3017.244
a  -1189.073 -27677.63 -12767.05 -12200.18 -1031.689 -8600.960 -2987.748
     phi0.70   phi0.71    phi0.72   phi0.73   phi0.74   phi0.75   phi0.76
id   868.000    871.00  902.00000  903.0000   904.000  905.0000   906.000
A   1251.555  12554.44   98.19385  180.5517  1400.938  890.9669  3481.449
a  -2076.973 -13358.93 -259.88723 -184.9800 -1225.746 -766.4569 -3619.708
     phi0.77
id   907.000
A   3715.355
a  -4058.453
E =  0.00677 | E_L =  0.00677 | E_A =  0.00000 |  73 flippped triangles
        phi0    phi0.1    phi0.2    phi0.3    phi0.4    phi0.5    phi0.6
id      2.00     3.000     4.000      6.00      9.00    12.000     15.00
A   17882.70  6180.741  5820.804  24557.71  10232.99  1760.928  11765.83
a  -14525.52 -5986.636 -3708.220 -24701.38 -11888.50 -1819.503 -10383.42
      phi0.7    phi0.8    phi0.9   phi0.10   phi0.11   phi0.12   phi0.13
id    16.000     18.00     21.00     23.00    24.000    26.000    27.000
A   2766.450  11299.89  17928.56  15618.76  2929.154 16357.561  7835.714
a  -2508.071 -10209.76 -19394.48 -13328.49 -2541.952 -7389.081 -9322.670
     phi0.14  phi0.15   phi0.16   phi0.17   phi0.18   phi0.19   phi0.20
id    29.000    30.00    36.000     54.00     61.00     66.00    75.000
A  13278.982  4188.21  7576.590  31734.30  10795.85  26974.98  1768.315
a  -1196.847 -3952.26 -6269.293 -28627.87 -11871.57 -28533.77 -1395.921
     phi0.21   phi0.22   phi0.23   phi0.24   phi0.25   phi0.26   phi0.27
id    76.000     79.00    83.000     86.00     88.00     93.00   94.0000
A   2249.562  16046.22  3199.873  32893.94  38827.32  13432.32 1958.5637
a  -2538.592 -16967.23 -2431.201 -24452.24 -34910.48 -13149.69 -827.6762
     phi0.28   phi0.29   phi0.30   phi0.31   phi0.32   phi0.33   phi0.34
id   102.000    113.00   114.000    116.00   235.000   236.000   238.000
A   8829.031  12063.08  5898.067  11153.65  1225.123  7422.788  8825.867
a  -7162.142 -11234.65 -3899.211 -10983.02 -1164.447 -7033.485 -7110.132
     phi0.35   phi0.36   phi0.37   phi0.38   phi0.39   phi0.40   phi0.41
id   240.000   252.000   505.000    574.00    576.00    585.00    587.00
A   5884.429 12247.144  3382.265  41165.13  49677.84  29934.86  27176.55
a  -5947.056 -6693.386 -4152.427 -39100.74 -40469.93 -12331.12 -24762.73
     phi0.42  phi0.43   phi0.44   phi0.45   phi0.46   phi0.47   phi0.48
id    588.00    591.0    592.00   595.000    596.00   597.000   598.000
A   50932.84  33099.0  54362.98 37569.122  13866.73  6448.143 39405.165
a  -52616.61 -29940.2 -51273.28 -3577.156 -17424.59 -8293.285 -2958.979
     phi0.49   phi0.50   phi0.51   phi0.52   phi0.53   phi0.54   phi0.55
id    599.00    600.00    609.00    612.00    613.00    618.00   754.000
A   16037.28  13149.55  33584.00  28105.23  25971.63  22425.01 20069.266
a  -17130.57 -17356.64 -25329.78 -25959.73 -16817.78 -24733.35 -8779.186
      phi0.56   phi0.57   phi0.58   phi0.59   phi0.60   phi0.61   phi0.62
id   756.0000    758.00    759.00   761.000    779.00    780.00    786.00
A  10717.9369  21817.51  30414.23 10805.541  33169.00  24203.56  15140.48
a   -215.0916 -27892.46 -29729.62 -5776.699 -28786.22 -21674.62 -11271.43
     phi0.63   phi0.64   phi0.65   phi0.66    phi0.67   phi0.68   phi0.69
id    787.00  859.0000  862.0000    871.00  902.00000  903.0000   904.000
A   12126.04 1088.6797 3017.2444  12554.44   98.19385  180.5517  1400.938
a  -13468.88 -678.9696 -831.5871 -13249.42 -521.40276 -161.4969 -1246.161
     phi0.70   phi0.71   phi0.72
id  905.0000   906.000   907.000
A   890.9669  3481.449  3715.355
a  -794.7767 -3791.393 -4220.081
E =  0.00677 | E_L =  0.00677 | E_A =  0.00000 |  70 flippped triangles
        phi0    phi0.1    phi0.2    phi0.3    phi0.4    phi0.5    phi0.6
id      2.00     3.000     4.000      6.00      9.00    12.000     15.00
A   17882.70  6180.741  5820.804  24557.71  10232.99  1760.928  11765.83
a  -14682.93 -5579.129 -3477.274 -24674.76 -12002.22 -1895.927 -10449.21
      phi0.7   phi0.8    phi0.9   phi0.10   phi0.11   phi0.12   phi0.13
id    16.000    18.00     21.00     23.00    24.000    26.000    27.000
A   2766.450 11299.89  17928.56  15618.76  2929.154 16357.561  7835.714
a  -2641.483 -9995.12 -18647.03 -13717.00 -2607.074 -7254.973 -8800.977
      phi0.14   phi0.15   phi0.16   phi0.17   phi0.18   phi0.19   phi0.20
id    29.0000    30.000    36.000     54.00     61.00     66.00    75.000
A  13278.9825  4188.210  7576.590  31734.30  10795.85  26974.98  1768.315
a   -733.8455 -3984.814 -6265.697 -28149.56 -11717.48 -27846.52 -1315.172
     phi0.21   phi0.22   phi0.23   phi0.24   phi0.25   phi0.26   phi0.27
id    76.000     79.00    83.000     86.00     88.00     93.00    94.000
A   2249.562  16046.22  3199.873  32893.94  38827.32  13432.32  1958.564
a  -2460.418 -17124.48 -1667.495 -31688.96 -34303.36 -12923.92 -1573.040
     phi0.28   phi0.29   phi0.30   phi0.31   phi0.32   phi0.33   phi0.34
id   102.000    113.00   114.000    116.00   235.000   236.000   238.000
A   8829.031  12063.08  5898.067  11153.65  1225.123  7422.788  8825.867
a  -7606.594 -11173.80 -4052.626 -10952.00 -1150.774 -6901.398 -7085.666
     phi0.35   phi0.36   phi0.37   phi0.38   phi0.39   phi0.40   phi0.41
id   240.000   252.000   505.000    574.00    576.00    585.00    587.00
A   5884.429 12247.144  3382.265  41165.13  49677.84  29934.86  27176.55
a  -5840.879 -6131.667 -4182.667 -39246.99 -40069.22 -12970.24 -24450.08
     phi0.42  phi0.43   phi0.44  phi0.45   phi0.46   phi0.47   phi0.48
id    588.00    591.0    592.00   595.00    596.00   597.000   598.000
A   50932.84  33099.0  54362.98 37569.12  13866.73  6448.143 39405.165
a  -52416.33 -30241.7 -51374.55 -1584.44 -17422.64 -8511.733 -1007.392
     phi0.49   phi0.50   phi0.51   phi0.52   phi0.53   phi0.54   phi0.55
id    599.00    600.00    609.00    612.00    613.00    618.00    754.00
A   16037.28  13149.55  33584.00  28105.23  25971.63  22425.01  20069.27
a  -17159.06 -16689.37 -24933.28 -25919.79 -16810.14 -24546.32 -18045.15
     phi0.56   phi0.57   phi0.58   phi0.59   phi0.60   phi0.61   phi0.62
id   756.000    758.00    759.00   761.000  764.0000    779.00    780.00
A  10717.937  21817.51  30414.23 10805.541  252.8226  33169.00  24203.56
a  -8409.243 -26651.38 -28975.83 -7273.854 -257.9990 -28753.72 -20971.24
    phi0.63   phi0.64   phi0.65   phi0.66   phi0.67   phi0.68   phi0.69
id   786.00    787.00    871.00   904.000  905.0000   906.000   907.000
A  15140.48  12126.04  12554.44  1400.938  890.9669  3481.449  3715.355
a  -9396.95 -13667.30 -13275.26 -1214.702 -769.3160 -3686.676 -3966.650
FIRE:  8  stops.  8 hits of maxmove.  0 hits of dtmax.
Frms = 6.10976091370515e-06; Ftanrms = 6.1078603184748e-06
E =  0.01463 | E_L =  0.01463 | E_A =  0.00000 |   0 flippped triangles
E =  0.01057 | E_L =  0.01044 | E_A =  0.00013 |   0 flippped triangles
E =  0.00981 | E_L =  0.00981 | E_A =  0.00001 |   0 flippped triangles
E =  0.00946 | E_L =  0.00945 | E_A =  0.00001 |   0 flippped triangles
E =  0.00920 | E_L =  0.00919 | E_A =  0.00001 |   0 flippped triangles
E =  0.00908 | E_L =  0.00908 | E_A =  0.00000 |   0 flippped triangles
E =  0.00902 | E_L =  0.00902 | E_A =  0.00000 |   0 flippped triangles
E =  0.00899 | E_L =  0.00899 | E_A =  0.00000 |   0 flippped triangles
E =  0.00899 | E_L =  0.00899 | E_A =  0.00000 |   0 flippped triangles
E =  0.00899 | E_L =  0.00899 | E_A =  0.00000 |   0 flippped triangles
Optimising mapping with BFGS...
E =  0.00899 | E_L =  0.00899 | E_A =  0.00000 |   0 flippped triangles
Transforming image...
Mapping optimised. Error: 0.008990997 ; 0 flipped triangles.
Inferring coordinates of datapoints
Inferring coordinates of landmarks
Mapping optimised. Error: 0.008990997 ; 0 flipped triangles. OD displacement: 7.979974 degrees.
Computing Kernel Density estimates of datapoints

[1] 0.8
Saving developmental_retina/data/C57BL6J/P2/single/GM111-2/R-CONTRA/r.mat
