[1] "Adding old segment 1"
[1] "Adding old segment 3"
[1] "Adding old segment 4"
[1] "Adding old segment 5"
[1] "Adding old segment 6"
[1] "Storing new segment 1"
[1] "Adding old segment 2"
[1] "Storing new segment 2"
simplify.outline: Removing vertex 65
simplify.outline: Removing vertex 94
Triangulating...
[1] "Non-adjacent points in rim connected by line: 15 13"
[1] "In triangle: 145" "In triangle: 148"
[1] "Other points in triangles: 14 16"
[1] "Non-adjacent points in rim connected by line: 16 12"
[1] "In triangle: 143" "In triangle: 150"
[1] "Other points in triangles: 162 13"
[1] "Non-adjacent points in rim connected by line: 16 13"
[1] "In triangle: 150" "In triangle: 839"
[1] "Other points in triangles: 484 483"
[1] "Non-adjacent points in rim connected by line: 60 58"
[1] "In triangle: 171" "In triangle: 179"
[1] "Other points in triangles: 59 134"
[1] "Non-adjacent points in rim connected by line: 71 69"
[1] "In triangle: 96" "In triangle: 98"
[1] "Other points in triangles: 143 70"
[1] "Non-adjacent points in rim connected by line: 99 97"
[1] "In triangle: 1"  "In triangle: 10"
[1] "Other points in triangles: 98 183"
[1] "Non-adjacent points in rim connected by line: 119 116"
[1] "In triangle: 33"  "In triangle: 130"
[1] "Other points in triangles: 120 121"
[1] "Non-adjacent points in rim connected by line: 121 116"
[1] "In triangle: 41"  "In triangle: 851"
[1] "Other points in triangles: 122 489"
[1] "Non-adjacent points in rim connected by line: 122 121"
[1] "In triangle: 41"  "In triangle: 132"
[1] "Other points in triangles: 490 1"
Stitching...
Tear 1 child of rim
Tear 2 child of rim
Tear 3 child of rim
Tear 4 child of rim
Tear 1 : Sf = 2184.04687726423 ; Sb = 2189.78163981658
  Forwards path
    i = 62 ; sf/Sf = 0.0137359689081301 ; sf = 30
      k =   61 ; sb/Sb = 0 ; sb = 0
      k =   60 ; sb/Sb = 0.0777675091264024 ; sb = 170.293863659264
      Creating new point: f = 0.176628634019945
    i = 63 ; sf/Sf = 0.118145396834635 ; sf = 258.035085019828
      k =   61 ; sb/Sb = 0 ; sb = 0
      k =   60 ; sb/Sb = 0.0777675091264024 ; sb = 170.293863659264
      k =   59 ; sb/Sb = 0.169669877068367 ; sb = 371.539981634245
      Creating new point: f = 0.439356336647721
    i = 64 ; sf/Sf = 0.260599749330861 ; sf = 569.162068741909
      k =   61 ; sb/Sb = 0 ; sb = 0
      k =   60 ; sb/Sb = 0.0777675091264024 ; sb = 170.293863659264
      k =   59 ; sb/Sb = 0.169669877068367 ; sb = 371.539981634245
      k =   58 ; sb/Sb = 0.221737873455196 ; sb = 485.557524144159
      k =   57 ; sb/Sb = 0.290844060461536 ; sb = 636.884983648374
      Creating new point: f = 0.562350168040668
    i = 65 ; sf/Sf = 0.377153310464137 ; sf = 823.720509969066
      k =   61 ; sb/Sb = 0 ; sb = 0
      k =   60 ; sb/Sb = 0.0777675091264024 ; sb = 170.293863659264
      k =   59 ; sb/Sb = 0.169669877068367 ; sb = 371.539981634245
      k =   58 ; sb/Sb = 0.221737873455196 ; sb = 485.557524144159
      k =   57 ; sb/Sb = 0.290844060461536 ; sb = 636.884983648374
      k =   56 ; sb/Sb = 0.355426461585858 ; sb = 778.306339885684
      k =   55 ; sb/Sb = 0.472479279866405 ; sb = 1034.62645224521
      Creating new point: f = 0.185615768995884
    i = 66 ; sf/Sf = 0.541283929779288 ; sf = 1182.18947654776
      k =   61 ; sb/Sb = 0 ; sb = 0
      k =   60 ; sb/Sb = 0.0777675091264024 ; sb = 170.293863659264
      k =   59 ; sb/Sb = 0.169669877068367 ; sb = 371.539981634245
      k =   58 ; sb/Sb = 0.221737873455196 ; sb = 485.557524144159
      k =   57 ; sb/Sb = 0.290844060461536 ; sb = 636.884983648374
      k =   56 ; sb/Sb = 0.355426461585858 ; sb = 778.306339885684
      k =   55 ; sb/Sb = 0.472479279866405 ; sb = 1034.62645224521
      k =   54 ; sb/Sb = 0.608256002778044 ; sb = 1331.94782719158
      Creating new point: f = 0.506748494420946
    i = 67 ; sf/Sf = 0.740284363683177 ; sf = 1616.81575278978
      k =   61 ; sb/Sb = 0 ; sb = 0
      k =   60 ; sb/Sb = 0.0777675091264024 ; sb = 170.293863659264
      k =   59 ; sb/Sb = 0.169669877068367 ; sb = 371.539981634245
      k =   58 ; sb/Sb = 0.221737873455196 ; sb = 485.557524144159
      k =   57 ; sb/Sb = 0.290844060461536 ; sb = 636.884983648374
      k =   56 ; sb/Sb = 0.355426461585858 ; sb = 778.306339885684
      k =   55 ; sb/Sb = 0.472479279866405 ; sb = 1034.62645224521
      k =   54 ; sb/Sb = 0.608256002778044 ; sb = 1331.94782719158
      k =   53 ; sb/Sb = 0.741396033473838 ; sb = 1623.49542193385
      Creating new point: f = 0.991650371530998
    i = 68 ; sf/Sf = 0.884057087900287 ; sf = 1930.82212215193
      k =   61 ; sb/Sb = 0 ; sb = 0
      k =   60 ; sb/Sb = 0.0777675091264024 ; sb = 170.293863659264
      k =   59 ; sb/Sb = 0.169669877068367 ; sb = 371.539981634245
      k =   58 ; sb/Sb = 0.221737873455196 ; sb = 485.557524144159
      k =   57 ; sb/Sb = 0.290844060461536 ; sb = 636.884983648374
      k =   56 ; sb/Sb = 0.355426461585858 ; sb = 778.306339885684
      k =   55 ; sb/Sb = 0.472479279866405 ; sb = 1034.62645224521
      k =   54 ; sb/Sb = 0.608256002778044 ; sb = 1331.94782719158
      k =   53 ; sb/Sb = 0.741396033473838 ; sb = 1623.49542193385
      k =   52 ; sb/Sb = 0.858359736539121 ; sb = 1879.62039143116
      k =   51 ; sb/Sb = 1 ; sb = 2189.78163981658
      Creating new point: f = 0.181426881970352
    i = 69 ; sf/Sf = 0.935248021592624 ; sf = 2042.62552102692
      k =   61 ; sb/Sb = 0 ; sb = 0
      k =   60 ; sb/Sb = 0.0777675091264024 ; sb = 170.293863659264
      k =   59 ; sb/Sb = 0.169669877068367 ; sb = 371.539981634245
      k =   58 ; sb/Sb = 0.221737873455196 ; sb = 485.557524144159
      k =   57 ; sb/Sb = 0.290844060461536 ; sb = 636.884983648374
      k =   56 ; sb/Sb = 0.355426461585858 ; sb = 778.306339885684
      k =   55 ; sb/Sb = 0.472479279866405 ; sb = 1034.62645224521
      k =   54 ; sb/Sb = 0.608256002778044 ; sb = 1331.94782719158
      k =   53 ; sb/Sb = 0.741396033473838 ; sb = 1623.49542193385
      k =   52 ; sb/Sb = 0.858359736539121 ; sb = 1879.62039143116
      k =   51 ; sb/Sb = 1 ; sb = 2189.78163981658
      Creating new point: f = 0.542842008160625
Tear 2 : Sf = 2987.42965783602 ; Sb = 3052.9250601052
  Forwards path
    i = 29 ; sf/Sf = 0.0436442236429085 ; sf = 130.384048104053
      k =   28 ; sb/Sb = 0 ; sb = 0
      k =   27 ; sb/Sb = 0.0264083054433729 ; sb = 80.6225774829855
      k =   26 ; sb/Sb = 0.0395104940698509 ; sb = 120.622577482985
      k =   25 ; sb/Sb = 0.0928325385865243 ; sb = 283.410783443983
      Creating new point: f = 0.0775238386023445
    i = 30 ; sf/Sf = 0.120049116930205 ; sf = 358.63829231432
      k =   28 ; sb/Sb = 0 ; sb = 0
      k =   27 ; sb/Sb = 0.0264083054433729 ; sb = 80.6225774829855
      k =   26 ; sb/Sb = 0.0395104940698509 ; sb = 120.622577482985
      k =   25 ; sb/Sb = 0.0928325385865243 ; sb = 283.410783443983
      k =   24 ; sb/Sb = 0.17653542737437 ; sb = 538.949430227595
      Creating new point: f = 0.325156977707954
    i = 31 ; sf/Sf = 0.190661735555038 ; sf = 569.588523411609
      k =   28 ; sb/Sb = 0 ; sb = 0
      k =   27 ; sb/Sb = 0.0264083054433729 ; sb = 80.6225774829855
      k =   26 ; sb/Sb = 0.0395104940698509 ; sb = 120.622577482985
      k =   25 ; sb/Sb = 0.0928325385865243 ; sb = 283.410783443983
      k =   24 ; sb/Sb = 0.17653542737437 ; sb = 538.949430227595
      k =   23 ; sb/Sb = 0.299837046995981 ; sb = 915.38003472197
      Creating new point: f = 0.114567093473864
    i = 32 ; sf/Sf = 0.267066628842335 ; sf = 797.842767621876
      k =   28 ; sb/Sb = 0 ; sb = 0
      k =   27 ; sb/Sb = 0.0264083054433729 ; sb = 80.6225774829855
      k =   26 ; sb/Sb = 0.0395104940698509 ; sb = 120.622577482985
      k =   25 ; sb/Sb = 0.0928325385865243 ; sb = 283.410783443983
      k =   24 ; sb/Sb = 0.17653542737437 ; sb = 538.949430227595
      k =   23 ; sb/Sb = 0.299837046995981 ; sb = 915.38003472197
      Creating new point: f = 0.73422556610195
    i = 33 ; sf/Sf = 0.324070101112413 ; sf = 968.13663128114
      k =   28 ; sb/Sb = 0 ; sb = 0
      k =   27 ; sb/Sb = 0.0264083054433729 ; sb = 80.6225774829855
      k =   26 ; sb/Sb = 0.0395104940698509 ; sb = 120.622577482985
      k =   25 ; sb/Sb = 0.0928325385865243 ; sb = 283.410783443983
      k =   24 ; sb/Sb = 0.17653542737437 ; sb = 538.949430227595
      k =   23 ; sb/Sb = 0.299837046995981 ; sb = 915.38003472197
      k =   22 ; sb/Sb = 0.400743040412135 ; sb = 1223.43847073696
      Creating new point: f = 0.240154754896374
    i = 34 ; sf/Sf = 0.339039946321217 ; sf = 1012.85799083114
      k =   28 ; sb/Sb = 0 ; sb = 0
      k =   27 ; sb/Sb = 0.0264083054433729 ; sb = 80.6225774829855
      k =   26 ; sb/Sb = 0.0395104940698509 ; sb = 120.622577482985
      k =   25 ; sb/Sb = 0.0928325385865243 ; sb = 283.410783443983
      k =   24 ; sb/Sb = 0.17653542737437 ; sb = 538.949430227595
      k =   23 ; sb/Sb = 0.299837046995981 ; sb = 915.38003472197
      k =   22 ; sb/Sb = 0.400743040412135 ; sb = 1223.43847073696
      Creating new point: f = 0.388509126148295
    i = 128 ; sf/Sf = 0.381886143440622 ; sf = 1140.85799083114
      k =   28 ; sb/Sb = 0 ; sb = 0
      k =   27 ; sb/Sb = 0.0264083054433729 ; sb = 80.6225774829855
      k =   26 ; sb/Sb = 0.0395104940698509 ; sb = 120.622577482985
      k =   25 ; sb/Sb = 0.0928325385865243 ; sb = 283.410783443983
      k =   24 ; sb/Sb = 0.17653542737437 ; sb = 538.949430227595
      k =   23 ; sb/Sb = 0.299837046995981 ; sb = 915.38003472197
      k =   22 ; sb/Sb = 0.400743040412135 ; sb = 1223.43847073696
      Creating new point: f = 0.813124113512822
    i = 35 ; sf/Sf = 0.452751663060124 ; sf = 1352.5637458604
      k =   28 ; sb/Sb = 0 ; sb = 0
      k =   27 ; sb/Sb = 0.0264083054433729 ; sb = 80.6225774829855
      k =   26 ; sb/Sb = 0.0395104940698509 ; sb = 120.622577482985
      k =   25 ; sb/Sb = 0.0928325385865243 ; sb = 283.410783443983
      k =   24 ; sb/Sb = 0.17653542737437 ; sb = 538.949430227595
      k =   23 ; sb/Sb = 0.299837046995981 ; sb = 915.38003472197
      k =   22 ; sb/Sb = 0.400743040412135 ; sb = 1223.43847073696
      k =   21 ; sb/Sb = 0.487961211140739 ; sb = 1489.70900985084
      Creating new point: f = 0.596304900842554
    i = 36 ; sf/Sf = 0.608897984485319 ; sf = 1819.03989744802
      k =   28 ; sb/Sb = 0 ; sb = 0
      k =   27 ; sb/Sb = 0.0264083054433729 ; sb = 80.6225774829855
      k =   26 ; sb/Sb = 0.0395104940698509 ; sb = 120.622577482985
      k =   25 ; sb/Sb = 0.0928325385865243 ; sb = 283.410783443983
      k =   24 ; sb/Sb = 0.17653542737437 ; sb = 538.949430227595
      k =   23 ; sb/Sb = 0.299837046995981 ; sb = 915.38003472197
      k =   22 ; sb/Sb = 0.400743040412135 ; sb = 1223.43847073696
      k =   21 ; sb/Sb = 0.487961211140739 ; sb = 1489.70900985084
      k =   20 ; sb/Sb = 0.611088675845456 ; sb = 1865.60793243509
      Creating new point: f = 0.982207939021641
    i = 37 ; sf/Sf = 0.770440579878216 ; sf = 2301.63703792857
      k =   28 ; sb/Sb = 0 ; sb = 0
      k =   27 ; sb/Sb = 0.0264083054433729 ; sb = 80.6225774829855
      k =   26 ; sb/Sb = 0.0395104940698509 ; sb = 120.622577482985
      k =   25 ; sb/Sb = 0.0928325385865243 ; sb = 283.410783443983
      k =   24 ; sb/Sb = 0.17653542737437 ; sb = 538.949430227595
      k =   23 ; sb/Sb = 0.299837046995981 ; sb = 915.38003472197
      k =   22 ; sb/Sb = 0.400743040412135 ; sb = 1223.43847073696
      k =   21 ; sb/Sb = 0.487961211140739 ; sb = 1489.70900985084
      k =   20 ; sb/Sb = 0.611088675845456 ; sb = 1865.60793243509
      k =   19 ; sb/Sb = 0.724793104326329 ; sb = 2212.73903158929
      k =   18 ; sb/Sb = 0.811517816097784 ; sb = 2477.50307748676
      Creating new point: f = 0.526349118025113
    i = 38 ; sf/Sf = 0.855978542626004 ; sf = 2557.17568471218
      k =   28 ; sb/Sb = 0 ; sb = 0
      k =   27 ; sb/Sb = 0.0264083054433729 ; sb = 80.6225774829855
      k =   26 ; sb/Sb = 0.0395104940698509 ; sb = 120.622577482985
      k =   25 ; sb/Sb = 0.0928325385865243 ; sb = 283.410783443983
      k =   24 ; sb/Sb = 0.17653542737437 ; sb = 538.949430227595
      k =   23 ; sb/Sb = 0.299837046995981 ; sb = 915.38003472197
      k =   22 ; sb/Sb = 0.400743040412135 ; sb = 1223.43847073696
      k =   21 ; sb/Sb = 0.487961211140739 ; sb = 1489.70900985084
      k =   20 ; sb/Sb = 0.611088675845456 ; sb = 1865.60793243509
      k =   19 ; sb/Sb = 0.724793104326329 ; sb = 2212.73903158929
      k =   18 ; sb/Sb = 0.811517816097784 ; sb = 2477.50307748676
      k =   17 ; sb/Sb = 0.859210502593204 ; sb = 2623.10527527237
      Creating new point: f = 0.932233635706156
    i = 39 ; sf/Sf = 0.949345264378934 ; sf = 2836.10219833181
      k =   28 ; sb/Sb = 0 ; sb = 0
      k =   27 ; sb/Sb = 0.0264083054433729 ; sb = 80.6225774829855
      k =   26 ; sb/Sb = 0.0395104940698509 ; sb = 120.622577482985
      k =   25 ; sb/Sb = 0.0928325385865243 ; sb = 283.410783443983
      k =   24 ; sb/Sb = 0.17653542737437 ; sb = 538.949430227595
      k =   23 ; sb/Sb = 0.299837046995981 ; sb = 915.38003472197
      k =   22 ; sb/Sb = 0.400743040412135 ; sb = 1223.43847073696
      k =   21 ; sb/Sb = 0.487961211140739 ; sb = 1489.70900985084
      k =   20 ; sb/Sb = 0.611088675845456 ; sb = 1865.60793243509
      k =   19 ; sb/Sb = 0.724793104326329 ; sb = 2212.73903158929
      k =   18 ; sb/Sb = 0.811517816097784 ; sb = 2477.50307748676
      k =   17 ; sb/Sb = 0.859210502593204 ; sb = 2623.10527527237
      k =   16 ; sb/Sb = 0.932453963650278 ; sb = 2846.71207302235
      k =   15 ; sb/Sb = 0.969800947367587 ; sb = 2960.72961553227
      Creating new point: f = 0.452280185637242
Tear 3 : Sf = 851.958875297927 ; Sb = 811.207613956876
  Forwards path
    i = 84 ; sf/Sf = 0.282680183936845 ; sf = 240.831891575846
      k =   83 ; sb/Sb = 0 ; sb = 0
      k =   82 ; sb/Sb = 0.156900919596577 ; sb = 127.279220613579
      k =   81 ; sb/Sb = 0.332104778128252 ; sb = 269.405924649098
      Creating new point: f = 0.71790236467611
    i = 85 ; sf/Sf = 0.647870327197318 ; sf = 551.958875297927
      k =   83 ; sb/Sb = 0 ; sb = 0
      k =   82 ; sb/Sb = 0.156900919596577 ; sb = 127.279220613579
      k =   81 ; sb/Sb = 0.332104778128252 ; sb = 269.405924649098
      k =   80 ; sb/Sb = 0.602463584210997 ; sb = 488.723046643711
      k =   79 ; sb/Sb = 0.852072394371807 ; sb = 691.207613956876
      Creating new point: f = 0.181911619854554
Tear 4 : Sf = 2301.65996728395 ; Sb = 1700.05554647179
  Forwards path
    i = 109 ; sf/Sf = 0.0393428450199059 ; sf = 90.5538513813742
      k =  108 ; sb/Sb = 0 ; sb = 0
      k =  107 ; sb/Sb = 0.0599865048430333 ; sb = 101.980390271856
      Creating new point: f = 0.655861599585678
    i = 110 ; sf/Sf = 0.110069280842263 ; sf = 253.342057342371
      k =  108 ; sb/Sb = 0 ; sb = 0
      k =  107 ; sb/Sb = 0.0599865048430333 ; sb = 101.980390271856
      k =  106 ; sb/Sb = 0.128583697528255 ; sb = 218.599428168762
      Creating new point: f = 0.730099498809649
    i = 111 ; sf/Sf = 0.169163459400644 ; sf = 389.356762429726
      k =  108 ; sb/Sb = 0 ; sb = 0
      k =  107 ; sb/Sb = 0.0599865048430333 ; sb = 101.980390271856
      k =  106 ; sb/Sb = 0.128583697528255 ; sb = 218.599428168762
      k =  105 ; sb/Sb = 0.171406474139227 ; sb = 291.400527061567
      Creating new point: f = 0.947620987799069
    i = 112 ; sf/Sf = 0.262143894665748 ; sf = 603.366108020053
      k =  108 ; sb/Sb = 0 ; sb = 0
      k =  107 ; sb/Sb = 0.0599865048430333 ; sb = 101.980390271856
      k =  106 ; sb/Sb = 0.128583697528255 ; sb = 218.599428168762
      k =  105 ; sb/Sb = 0.171406474139227 ; sb = 291.400527061567
      k =  104 ; sb/Sb = 0.257052027361171 ; sb = 437.002724847177
      k =  103 ; sb/Sb = 0.373809584386138 ; sb = 635.497057259969
      Creating new point: f = 0.0436106016117451
    i = 113 ; sf/Sf = 0.3451490885089 ; sf = 794.415839765481
      k =  108 ; sb/Sb = 0 ; sb = 0
      k =  107 ; sb/Sb = 0.0599865048430333 ; sb = 101.980390271856
      k =  106 ; sb/Sb = 0.128583697528255 ; sb = 218.599428168762
      k =  105 ; sb/Sb = 0.171406474139227 ; sb = 291.400527061567
      k =  104 ; sb/Sb = 0.257052027361171 ; sb = 437.002724847177
      k =  103 ; sb/Sb = 0.373809584386138 ; sb = 635.497057259969
      Creating new point: f = 0.754529842799725
    i = 114 ; sf/Sf = 0.441616871008396 ; sf = 1016.45187287723
      k =  108 ; sb/Sb = 0 ; sb = 0
      k =  107 ; sb/Sb = 0.0599865048430333 ; sb = 101.980390271856
      k =  106 ; sb/Sb = 0.128583697528255 ; sb = 218.599428168762
      k =  105 ; sb/Sb = 0.171406474139227 ; sb = 291.400527061567
      k =  104 ; sb/Sb = 0.257052027361171 ; sb = 437.002724847177
      k =  103 ; sb/Sb = 0.373809584386138 ; sb = 635.497057259969
      k =  102 ; sb/Sb = 0.486955205431236 ; sb = 827.850897876683
      Creating new point: f = 0.599292186440256
    i = 115 ; sf/Sf = 0.54078627372413 ; sf = 1244.70611708749
      k =  108 ; sb/Sb = 0 ; sb = 0
      k =  107 ; sb/Sb = 0.0599865048430333 ; sb = 101.980390271856
      k =  106 ; sb/Sb = 0.128583697528255 ; sb = 218.599428168762
      k =  105 ; sb/Sb = 0.171406474139227 ; sb = 291.400527061567
      k =  104 ; sb/Sb = 0.257052027361171 ; sb = 437.002724847177
      k =  103 ; sb/Sb = 0.373809584386138 ; sb = 635.497057259969
      k =  102 ; sb/Sb = 0.486955205431236 ; sb = 827.850897876683
      k =  101 ; sb/Sb = 0.628371940962245 ; sb = 1068.26720348011
      Creating new point: f = 0.380655571568404
    i = 124 ; sf/Sf = 0.633206734124649 ; sf = 1457.42659094932
      k =  108 ; sb/Sb = 0 ; sb = 0
      k =  107 ; sb/Sb = 0.0599865048430333 ; sb = 101.980390271856
      k =  106 ; sb/Sb = 0.128583697528255 ; sb = 218.599428168762
      k =  105 ; sb/Sb = 0.171406474139227 ; sb = 291.400527061567
      k =  104 ; sb/Sb = 0.257052027361171 ; sb = 437.002724847177
      k =  103 ; sb/Sb = 0.373809584386138 ; sb = 635.497057259969
      k =  102 ; sb/Sb = 0.486955205431236 ; sb = 827.850897876683
      k =  101 ; sb/Sb = 0.628371940962245 ; sb = 1068.26720348011
      k =  100 ; sb/Sb = 0.751195063189961 ; sb = 1277.07333365832
      Creating new point: f = 0.0393638679322957
    i = 131 ; sf/Sf = 0.679416964324909 ; sf = 1563.78682788023
      k =  108 ; sb/Sb = 0 ; sb = 0
      k =  107 ; sb/Sb = 0.0599865048430333 ; sb = 101.980390271856
      k =  106 ; sb/Sb = 0.128583697528255 ; sb = 218.599428168762
      k =  105 ; sb/Sb = 0.171406474139227 ; sb = 291.400527061567
      k =  104 ; sb/Sb = 0.257052027361171 ; sb = 437.002724847177
      k =  103 ; sb/Sb = 0.373809584386138 ; sb = 635.497057259969
      k =  102 ; sb/Sb = 0.486955205431236 ; sb = 827.850897876683
      k =  101 ; sb/Sb = 0.628371940962245 ; sb = 1068.26720348011
      k =  100 ; sb/Sb = 0.751195063189961 ; sb = 1277.07333365832
      Creating new point: f = 0.415597832369262
    i = 116 ; sf/Sf = 0.725627194525168 ; sf = 1670.14706481115
      k =  108 ; sb/Sb = 0 ; sb = 0
      k =  107 ; sb/Sb = 0.0599865048430333 ; sb = 101.980390271856
      k =  106 ; sb/Sb = 0.128583697528255 ; sb = 218.599428168762
      k =  105 ; sb/Sb = 0.171406474139227 ; sb = 291.400527061567
      k =  104 ; sb/Sb = 0.257052027361171 ; sb = 437.002724847177
      k =  103 ; sb/Sb = 0.373809584386138 ; sb = 635.497057259969
      k =  102 ; sb/Sb = 0.486955205431236 ; sb = 827.850897876683
      k =  101 ; sb/Sb = 0.628371940962245 ; sb = 1068.26720348011
      k =  100 ; sb/Sb = 0.751195063189961 ; sb = 1277.07333365832
      Creating new point: f = 0.791831796806227
    i = 122 ; sf/Sf = 0.730964330080407 ; sf = 1682.43133605861
      k =  108 ; sb/Sb = 0 ; sb = 0
      k =  107 ; sb/Sb = 0.0599865048430333 ; sb = 101.980390271856
      k =  106 ; sb/Sb = 0.128583697528255 ; sb = 218.599428168762
      k =  105 ; sb/Sb = 0.171406474139227 ; sb = 291.400527061567
      k =  104 ; sb/Sb = 0.257052027361171 ; sb = 437.002724847177
      k =  103 ; sb/Sb = 0.373809584386138 ; sb = 635.497057259969
      k =  102 ; sb/Sb = 0.486955205431236 ; sb = 827.850897876683
      k =  101 ; sb/Sb = 0.628371940962245 ; sb = 1068.26720348011
      k =  100 ; sb/Sb = 0.751195063189961 ; sb = 1277.07333365832
      Creating new point: f = 0.835285630729647
    i = 1 ; sf/Sf = 0.737915834745486 ; sf = 1698.43133605861
      k =  108 ; sb/Sb = 0 ; sb = 0
      k =  107 ; sb/Sb = 0.0599865048430333 ; sb = 101.980390271856
      k =  106 ; sb/Sb = 0.128583697528255 ; sb = 218.599428168762
      k =  105 ; sb/Sb = 0.171406474139227 ; sb = 291.400527061567
      k =  104 ; sb/Sb = 0.257052027361171 ; sb = 437.002724847177
      k =  103 ; sb/Sb = 0.373809584386138 ; sb = 635.497057259969
      k =  102 ; sb/Sb = 0.486955205431236 ; sb = 827.850897876683
      k =  101 ; sb/Sb = 0.628371940962245 ; sb = 1068.26720348011
      k =  100 ; sb/Sb = 0.751195063189961 ; sb = 1277.07333365832
      Creating new point: f = 0.891883318029851
    i = 121 ; sf/Sf = 0.744867339410565 ; sf = 1714.43133605861
      k =  108 ; sb/Sb = 0 ; sb = 0
      k =  107 ; sb/Sb = 0.0599865048430333 ; sb = 101.980390271856
      k =  106 ; sb/Sb = 0.128583697528255 ; sb = 218.599428168762
      k =  105 ; sb/Sb = 0.171406474139227 ; sb = 291.400527061567
      k =  104 ; sb/Sb = 0.257052027361171 ; sb = 437.002724847177
      k =  103 ; sb/Sb = 0.373809584386138 ; sb = 635.497057259969
      k =  102 ; sb/Sb = 0.486955205431236 ; sb = 827.850897876683
      k =  101 ; sb/Sb = 0.628371940962245 ; sb = 1068.26720348011
      k =  100 ; sb/Sb = 0.751195063189961 ; sb = 1277.07333365832
      Creating new point: f = 0.948481005330057
    i = 119 ; sf/Sf = 0.751818844075644 ; sf = 1730.43133605861
      k =  108 ; sb/Sb = 0 ; sb = 0
      k =  107 ; sb/Sb = 0.0599865048430333 ; sb = 101.980390271856
      k =  106 ; sb/Sb = 0.128583697528255 ; sb = 218.599428168762
      k =  105 ; sb/Sb = 0.171406474139227 ; sb = 291.400527061567
      k =  104 ; sb/Sb = 0.257052027361171 ; sb = 437.002724847177
      k =  103 ; sb/Sb = 0.373809584386138 ; sb = 635.497057259969
      k =  102 ; sb/Sb = 0.486955205431236 ; sb = 827.850897876683
      k =  101 ; sb/Sb = 0.628371940962245 ; sb = 1068.26720348011
      k =  100 ; sb/Sb = 0.751195063189961 ; sb = 1277.07333365832
      k =   99 ; sb/Sb = 0.900003267332759 ; sb = 1530.05554647179
      Creating new point: f = 0.00419184472574398
    i = 118 ; sf/Sf = 0.765721853405802 ; sf = 1762.43133605861
      k =  108 ; sb/Sb = 0 ; sb = 0
      k =  107 ; sb/Sb = 0.0599865048430333 ; sb = 101.980390271856
      k =  106 ; sb/Sb = 0.128583697528255 ; sb = 218.599428168762
      k =  105 ; sb/Sb = 0.171406474139227 ; sb = 291.400527061567
      k =  104 ; sb/Sb = 0.257052027361171 ; sb = 437.002724847177
      k =  103 ; sb/Sb = 0.373809584386138 ; sb = 635.497057259969
      k =  102 ; sb/Sb = 0.486955205431236 ; sb = 827.850897876683
      k =  101 ; sb/Sb = 0.628371940962245 ; sb = 1068.26720348011
      k =  100 ; sb/Sb = 0.751195063189961 ; sb = 1277.07333365832
      k =   99 ; sb/Sb = 0.900003267332759 ; sb = 1530.05554647179
      Creating new point: f = 0.0976208959682176
    i = 117 ; sf/Sf = 0.793527872066118 ; sf = 1826.43133605861
      k =  108 ; sb/Sb = 0 ; sb = 0
      k =  107 ; sb/Sb = 0.0599865048430333 ; sb = 101.980390271856
      k =  106 ; sb/Sb = 0.128583697528255 ; sb = 218.599428168762
      k =  105 ; sb/Sb = 0.171406474139227 ; sb = 291.400527061567
      k =  104 ; sb/Sb = 0.257052027361171 ; sb = 437.002724847177
      k =  103 ; sb/Sb = 0.373809584386138 ; sb = 635.497057259969
      k =  102 ; sb/Sb = 0.486955205431236 ; sb = 827.850897876683
      k =  101 ; sb/Sb = 0.628371940962245 ; sb = 1068.26720348011
      k =  100 ; sb/Sb = 0.751195063189961 ; sb = 1277.07333365832
      k =   99 ; sb/Sb = 0.900003267332759 ; sb = 1530.05554647179
      Creating new point: f = 0.284478998453167
    i = 2 ; sf/Sf = 0.837085237461221 ; sf = 1926.68558026887
      k =  108 ; sb/Sb = 0 ; sb = 0
      k =  107 ; sb/Sb = 0.0599865048430333 ; sb = 101.980390271856
      k =  106 ; sb/Sb = 0.128583697528255 ; sb = 218.599428168762
      k =  105 ; sb/Sb = 0.171406474139227 ; sb = 291.400527061567
      k =  104 ; sb/Sb = 0.257052027361171 ; sb = 437.002724847177
      k =  103 ; sb/Sb = 0.373809584386138 ; sb = 635.497057259969
      k =  102 ; sb/Sb = 0.486955205431236 ; sb = 827.850897876683
      k =  101 ; sb/Sb = 0.628371940962245 ; sb = 1068.26720348011
      k =  100 ; sb/Sb = 0.751195063189961 ; sb = 1277.07333365832
      k =   99 ; sb/Sb = 0.900003267332759 ; sb = 1530.05554647179
      Creating new point: f = 0.577187089690556
    i = 3 ; sf/Sf = 0.947682999444085 ; sf = 2181.24402149603
      k =  108 ; sb/Sb = 0 ; sb = 0
      k =  107 ; sb/Sb = 0.0599865048430333 ; sb = 101.980390271856
      k =  106 ; sb/Sb = 0.128583697528255 ; sb = 218.599428168762
      k =  105 ; sb/Sb = 0.171406474139227 ; sb = 291.400527061567
      k =  104 ; sb/Sb = 0.257052027361171 ; sb = 437.002724847177
      k =  103 ; sb/Sb = 0.373809584386138 ; sb = 635.497057259969
      k =  102 ; sb/Sb = 0.486955205431236 ; sb = 827.850897876683
      k =  101 ; sb/Sb = 0.628371940962245 ; sb = 1068.26720348011
      k =  100 ; sb/Sb = 0.751195063189961 ; sb = 1277.07333365832
      k =   99 ; sb/Sb = 0.900003267332759 ; sb = 1530.05554647179
      k =   98 ; sb/Sb = 1 ; sb = 1700.05554647179
      Creating new point: f = 0.476812900177341
Tear 1 : Sf = 2189.78163981658 ; Sb = 2184.04687726423
  Backwards path
    i = 60 ; sf/Sf = 0.0777675091264024 ; sf = 170.293863659264
      k =   61 ; sb/Sb = 0 ; sb = 0
      k =   62 ; sb/Sb = 0.0137359689081301 ; sb = 30
      k =   63 ; sb/Sb = 0.118145396834635 ; sb = 258.035085019828
      Creating new point: f = 0.613273547129719
    i = 59 ; sf/Sf = 0.169669877068367 ; sf = 371.539981634245
      k =   61 ; sb/Sb = 0 ; sb = 0
      k =   62 ; sb/Sb = 0.0137359689081301 ; sb = 30
      k =   63 ; sb/Sb = 0.118145396834635 ; sb = 258.035085019828
      k =   64 ; sb/Sb = 0.260599749330861 ; sb = 569.162068741909
      Creating new point: f = 0.361691161630859
    i = 58 ; sf/Sf = 0.221737873455196 ; sf = 485.557524144159
      k =   61 ; sb/Sb = 0 ; sb = 0
      k =   62 ; sb/Sb = 0.0137359689081301 ; sb = 30
      k =   63 ; sb/Sb = 0.118145396834635 ; sb = 258.035085019828
      k =   64 ; sb/Sb = 0.260599749330861 ; sb = 569.162068741909
      Creating new point: f = 0.727197693894998
    i = 57 ; sf/Sf = 0.290844060461536 ; sf = 636.884983648374
      k =   61 ; sb/Sb = 0 ; sb = 0
      k =   62 ; sb/Sb = 0.0137359689081301 ; sb = 30
      k =   63 ; sb/Sb = 0.118145396834635 ; sb = 258.035085019828
      k =   64 ; sb/Sb = 0.260599749330861 ; sb = 569.162068741909
      k =   65 ; sb/Sb = 0.377153310464137 ; sb = 823.720509969066
      Creating new point: f = 0.259488520441615
    i = 56 ; sf/Sf = 0.355426461585858 ; sf = 778.306339885684
      k =   61 ; sb/Sb = 0 ; sb = 0
      k =   62 ; sb/Sb = 0.0137359689081301 ; sb = 30
      k =   63 ; sb/Sb = 0.118145396834635 ; sb = 258.035085019828
      k =   64 ; sb/Sb = 0.260599749330861 ; sb = 569.162068741909
      k =   65 ; sb/Sb = 0.377153310464137 ; sb = 823.720509969066
      Creating new point: f = 0.813589145908336
    i = 55 ; sf/Sf = 0.472479279866405 ; sf = 1034.62645224521
      k =   61 ; sb/Sb = 0 ; sb = 0
      k =   62 ; sb/Sb = 0.0137359689081301 ; sb = 30
      k =   63 ; sb/Sb = 0.118145396834635 ; sb = 258.035085019828
      k =   64 ; sb/Sb = 0.260599749330861 ; sb = 569.162068741909
      k =   65 ; sb/Sb = 0.377153310464137 ; sb = 823.720509969066
      k =   66 ; sb/Sb = 0.541283929779288 ; sb = 1182.18947654776
      Creating new point: f = 0.580793332773758
    i = 54 ; sf/Sf = 0.608256002778044 ; sf = 1331.94782719158
      k =   61 ; sb/Sb = 0 ; sb = 0
      k =   62 ; sb/Sb = 0.0137359689081301 ; sb = 30
      k =   63 ; sb/Sb = 0.118145396834635 ; sb = 258.035085019828
      k =   64 ; sb/Sb = 0.260599749330861 ; sb = 569.162068741909
      k =   65 ; sb/Sb = 0.377153310464137 ; sb = 823.720509969066
      k =   66 ; sb/Sb = 0.541283929779288 ; sb = 1182.18947654776
      k =   67 ; sb/Sb = 0.740284363683177 ; sb = 1616.81575278978
      Creating new point: f = 0.336542346591574
    i = 53 ; sf/Sf = 0.741396033473838 ; sf = 1623.49542193385
      k =   61 ; sb/Sb = 0 ; sb = 0
      k =   62 ; sb/Sb = 0.0137359689081301 ; sb = 30
      k =   63 ; sb/Sb = 0.118145396834635 ; sb = 258.035085019828
      k =   64 ; sb/Sb = 0.260599749330861 ; sb = 569.162068741909
      k =   65 ; sb/Sb = 0.377153310464137 ; sb = 823.720509969066
      k =   66 ; sb/Sb = 0.541283929779288 ; sb = 1182.18947654776
      k =   67 ; sb/Sb = 0.740284363683177 ; sb = 1616.81575278978
      k =   68 ; sb/Sb = 0.884057087900287 ; sb = 1930.82212215193
      Creating new point: f = 0.00773213275824546
    i = 52 ; sf/Sf = 0.858359736539121 ; sf = 1879.62039143116
      k =   61 ; sb/Sb = 0 ; sb = 0
      k =   62 ; sb/Sb = 0.0137359689081301 ; sb = 30
      k =   63 ; sb/Sb = 0.118145396834635 ; sb = 258.035085019828
      k =   64 ; sb/Sb = 0.260599749330861 ; sb = 569.162068741909
      k =   65 ; sb/Sb = 0.377153310464137 ; sb = 823.720509969066
      k =   66 ; sb/Sb = 0.541283929779288 ; sb = 1182.18947654776
      k =   67 ; sb/Sb = 0.740284363683177 ; sb = 1616.81575278978
      k =   68 ; sb/Sb = 0.884057087900287 ; sb = 1930.82212215193
      Creating new point: f = 0.821264071463506
Tear 2 : Sf = 3052.9250601052 ; Sb = 2987.42965783602
  Backwards path
    i = 27 ; sf/Sf = 0.0264083054433729 ; sf = 80.6225774829855
      k =   28 ; sb/Sb = 0 ; sb = 0
      k =   29 ; sb/Sb = 0.0436442236429085 ; sb = 130.384048104053
      Creating new point: f = 0.605081342709685
    i = 26 ; sf/Sf = 0.0395104940698509 ; sf = 120.622577482985
      k =   28 ; sb/Sb = 0 ; sb = 0
      k =   29 ; sb/Sb = 0.0436442236429085 ; sb = 130.384048104053
      Creating new point: f = 0.905285757701196
    i = 25 ; sf/Sf = 0.0928325385865243 ; sf = 283.410783443983
      k =   28 ; sb/Sb = 0 ; sb = 0
      k =   29 ; sb/Sb = 0.0436442236429085 ; sb = 130.384048104053
      k =   30 ; sb/Sb = 0.120049116930205 ; sb = 358.63829231432
      Creating new point: f = 0.643784878524187
    i = 24 ; sf/Sf = 0.17653542737437 ; sf = 538.949430227595
      k =   28 ; sb/Sb = 0 ; sb = 0
      k =   29 ; sb/Sb = 0.0436442236429085 ; sb = 130.384048104053
      k =   30 ; sb/Sb = 0.120049116930205 ; sb = 358.63829231432
      k =   31 ; sb/Sb = 0.190661735555038 ; sb = 569.588523411609
      Creating new point: f = 0.799946405390778
    i = 23 ; sf/Sf = 0.299837046995981 ; sf = 915.38003472197
      k =   28 ; sb/Sb = 0 ; sb = 0
      k =   29 ; sb/Sb = 0.0436442236429085 ; sb = 130.384048104053
      k =   30 ; sb/Sb = 0.120049116930205 ; sb = 358.63829231432
      k =   31 ; sb/Sb = 0.190661735555038 ; sb = 569.588523411609
      k =   32 ; sb/Sb = 0.267066628842335 ; sb = 797.842767621876
      k =   33 ; sb/Sb = 0.324070101112413 ; sb = 968.13663128114
      Creating new point: f = 0.574884596474802
    i = 22 ; sf/Sf = 0.400743040412135 ; sf = 1223.43847073696
      k =   28 ; sb/Sb = 0 ; sb = 0
      k =   29 ; sb/Sb = 0.0436442236429085 ; sb = 130.384048104053
      k =   30 ; sb/Sb = 0.120049116930205 ; sb = 358.63829231432
      k =   31 ; sb/Sb = 0.190661735555038 ; sb = 569.588523411609
      k =   32 ; sb/Sb = 0.267066628842335 ; sb = 797.842767621876
      k =   33 ; sb/Sb = 0.324070101112413 ; sb = 968.13663128114
      k =   34 ; sb/Sb = 0.339039946321217 ; sb = 1012.85799083114
      k =  128 ; sb/Sb = 0.381886143440622 ; sb = 1140.85799083114
      k =   35 ; sb/Sb = 0.452751663060124 ; sb = 1352.5637458604
      Creating new point: f = 0.266094104336798
    i = 21 ; sf/Sf = 0.487961211140739 ; sf = 1489.70900985084
      k =   28 ; sb/Sb = 0 ; sb = 0
      k =   29 ; sb/Sb = 0.0436442236429085 ; sb = 130.384048104053
      k =   30 ; sb/Sb = 0.120049116930205 ; sb = 358.63829231432
      k =   31 ; sb/Sb = 0.190661735555038 ; sb = 569.588523411609
      k =   32 ; sb/Sb = 0.267066628842335 ; sb = 797.842767621876
      k =   33 ; sb/Sb = 0.324070101112413 ; sb = 968.13663128114
      k =   34 ; sb/Sb = 0.339039946321217 ; sb = 1012.85799083114
      k =  128 ; sb/Sb = 0.381886143440622 ; sb = 1140.85799083114
      k =   35 ; sb/Sb = 0.452751663060124 ; sb = 1352.5637458604
      k =   36 ; sb/Sb = 0.608897984485319 ; sb = 1819.03989744802
      Creating new point: f = 0.225490730484371
    i = 20 ; sf/Sf = 0.611088675845456 ; sf = 1865.60793243509
      k =   28 ; sb/Sb = 0 ; sb = 0
      k =   29 ; sb/Sb = 0.0436442236429085 ; sb = 130.384048104053
      k =   30 ; sb/Sb = 0.120049116930205 ; sb = 358.63829231432
      k =   31 ; sb/Sb = 0.190661735555038 ; sb = 569.588523411609
      k =   32 ; sb/Sb = 0.267066628842335 ; sb = 797.842767621876
      k =   33 ; sb/Sb = 0.324070101112413 ; sb = 968.13663128114
      k =   34 ; sb/Sb = 0.339039946321217 ; sb = 1012.85799083114
      k =  128 ; sb/Sb = 0.381886143440622 ; sb = 1140.85799083114
      k =   35 ; sb/Sb = 0.452751663060124 ; sb = 1352.5637458604
      k =   36 ; sb/Sb = 0.608897984485319 ; sb = 1819.03989744802
      k =   37 ; sb/Sb = 0.770440579878216 ; sb = 2301.63703792857
      Creating new point: f = 0.0135610756705309
    i = 19 ; sf/Sf = 0.724793104326329 ; sf = 2212.73903158929
      k =   28 ; sb/Sb = 0 ; sb = 0
      k =   29 ; sb/Sb = 0.0436442236429085 ; sb = 130.384048104053
      k =   30 ; sb/Sb = 0.120049116930205 ; sb = 358.63829231432
      k =   31 ; sb/Sb = 0.190661735555038 ; sb = 569.588523411609
      k =   32 ; sb/Sb = 0.267066628842335 ; sb = 797.842767621876
      k =   33 ; sb/Sb = 0.324070101112413 ; sb = 968.13663128114
      k =   34 ; sb/Sb = 0.339039946321217 ; sb = 1012.85799083114
      k =  128 ; sb/Sb = 0.381886143440622 ; sb = 1140.85799083114
      k =   35 ; sb/Sb = 0.452751663060124 ; sb = 1352.5637458604
      k =   36 ; sb/Sb = 0.608897984485319 ; sb = 1819.03989744802
      k =   37 ; sb/Sb = 0.770440579878216 ; sb = 2301.63703792857
      Creating new point: f = 0.717427620616931
    i = 18 ; sf/Sf = 0.811517816097784 ; sf = 2477.50307748676
      k =   28 ; sb/Sb = 0 ; sb = 0
      k =   29 ; sb/Sb = 0.0436442236429085 ; sb = 130.384048104053
      k =   30 ; sb/Sb = 0.120049116930205 ; sb = 358.63829231432
      k =   31 ; sb/Sb = 0.190661735555038 ; sb = 569.588523411609
      k =   32 ; sb/Sb = 0.267066628842335 ; sb = 797.842767621876
      k =   33 ; sb/Sb = 0.324070101112413 ; sb = 968.13663128114
      k =   34 ; sb/Sb = 0.339039946321217 ; sb = 1012.85799083114
      k =  128 ; sb/Sb = 0.381886143440622 ; sb = 1140.85799083114
      k =   35 ; sb/Sb = 0.452751663060124 ; sb = 1352.5637458604
      k =   36 ; sb/Sb = 0.608897984485319 ; sb = 1819.03989744802
      k =   37 ; sb/Sb = 0.770440579878216 ; sb = 2301.63703792857
      k =   38 ; sb/Sb = 0.855978542626004 ; sb = 2557.17568471218
      Creating new point: f = 0.480222288443853
    i = 17 ; sf/Sf = 0.859210502593204 ; sf = 2623.10527527237
      k =   28 ; sb/Sb = 0 ; sb = 0
      k =   29 ; sb/Sb = 0.0436442236429085 ; sb = 130.384048104053
      k =   30 ; sb/Sb = 0.120049116930205 ; sb = 358.63829231432
      k =   31 ; sb/Sb = 0.190661735555038 ; sb = 569.588523411609
      k =   32 ; sb/Sb = 0.267066628842335 ; sb = 797.842767621876
      k =   33 ; sb/Sb = 0.324070101112413 ; sb = 968.13663128114
      k =   34 ; sb/Sb = 0.339039946321217 ; sb = 1012.85799083114
      k =  128 ; sb/Sb = 0.381886143440622 ; sb = 1140.85799083114
      k =   35 ; sb/Sb = 0.452751663060124 ; sb = 1352.5637458604
      k =   36 ; sb/Sb = 0.608897984485319 ; sb = 1819.03989744802
      k =   37 ; sb/Sb = 0.770440579878216 ; sb = 2301.63703792857
      k =   38 ; sb/Sb = 0.855978542626004 ; sb = 2557.17568471218
      k =   39 ; sb/Sb = 0.949345264378934 ; sb = 2836.10219833181
      Creating new point: f = 0.0346157593039778
    i = 16 ; sf/Sf = 0.932453963650278 ; sf = 2846.71207302235
      k =   28 ; sb/Sb = 0 ; sb = 0
      k =   29 ; sb/Sb = 0.0436442236429085 ; sb = 130.384048104053
      k =   30 ; sb/Sb = 0.120049116930205 ; sb = 358.63829231432
      k =   31 ; sb/Sb = 0.190661735555038 ; sb = 569.588523411609
      k =   32 ; sb/Sb = 0.267066628842335 ; sb = 797.842767621876
      k =   33 ; sb/Sb = 0.324070101112413 ; sb = 968.13663128114
      k =   34 ; sb/Sb = 0.339039946321217 ; sb = 1012.85799083114
      k =  128 ; sb/Sb = 0.381886143440622 ; sb = 1140.85799083114
      k =   35 ; sb/Sb = 0.452751663060124 ; sb = 1352.5637458604
      k =   36 ; sb/Sb = 0.608897984485319 ; sb = 1819.03989744802
      k =   37 ; sb/Sb = 0.770440579878216 ; sb = 2301.63703792857
      k =   38 ; sb/Sb = 0.855978542626004 ; sb = 2557.17568471218
      k =   39 ; sb/Sb = 0.949345264378934 ; sb = 2836.10219833181
      Creating new point: f = 0.819086496649696
    i = 15 ; sf/Sf = 0.969800947367587 ; sf = 2960.72961553227
      k =   28 ; sb/Sb = 0 ; sb = 0
      k =   29 ; sb/Sb = 0.0436442236429085 ; sb = 130.384048104053
      k =   30 ; sb/Sb = 0.120049116930205 ; sb = 358.63829231432
      k =   31 ; sb/Sb = 0.190661735555038 ; sb = 569.588523411609
      k =   32 ; sb/Sb = 0.267066628842335 ; sb = 797.842767621876
      k =   33 ; sb/Sb = 0.324070101112413 ; sb = 968.13663128114
      k =   34 ; sb/Sb = 0.339039946321217 ; sb = 1012.85799083114
      k =  128 ; sb/Sb = 0.381886143440622 ; sb = 1140.85799083114
      k =   35 ; sb/Sb = 0.452751663060124 ; sb = 1352.5637458604
      k =   36 ; sb/Sb = 0.608897984485319 ; sb = 1819.03989744802
      k =   37 ; sb/Sb = 0.770440579878216 ; sb = 2301.63703792857
      k =   38 ; sb/Sb = 0.855978542626004 ; sb = 2557.17568471218
      k =   39 ; sb/Sb = 0.949345264378934 ; sb = 2836.10219833181
      k =   40 ; sb/Sb = 1 ; sb = 2987.42965783602
      Creating new point: f = 0.403825678642894
Tear 3 : Sf = 811.207613956876 ; Sb = 851.958875297927
  Backwards path
    i = 82 ; sf/Sf = 0.156900919596577 ; sf = 127.279220613579
      k =   83 ; sb/Sb = 0 ; sb = 0
      k =   84 ; sb/Sb = 0.282680183936845 ; sb = 240.831891575846
      Creating new point: f = 0.555047465342071
    i = 81 ; sf/Sf = 0.332104778128252 ; sf = 269.405924649098
      k =   83 ; sb/Sb = 0 ; sb = 0
      k =   84 ; sb/Sb = 0.282680183936845 ; sb = 240.831891575846
      k =   85 ; sb/Sb = 0.647870327197318 ; sb = 551.958875297927
      Creating new point: f = 0.135339343362712
    i = 80 ; sf/Sf = 0.602463584210997 ; sf = 488.723046643711
      k =   83 ; sb/Sb = 0 ; sb = 0
      k =   84 ; sb/Sb = 0.282680183936845 ; sb = 240.831891575846
      k =   85 ; sb/Sb = 0.647870327197318 ; sb = 551.958875297927
      Creating new point: f = 0.875662736729632
    i = 79 ; sf/Sf = 0.852072394371807 ; sf = 691.207613956876
      k =   83 ; sb/Sb = 0 ; sb = 0
      k =   84 ; sb/Sb = 0.282680183936845 ; sb = 240.831891575846
      k =   85 ; sb/Sb = 0.647870327197318 ; sb = 551.958875297927
      k =   86 ; sb/Sb = 1 ; sb = 851.958875297927
      Creating new point: f = 0.579905878278299
Tear 4 : Sf = 1700.05554647179 ; Sb = 2301.65996728395
  Backwards path
    i = 107 ; sf/Sf = 0.0599865048430333 ; sf = 101.980390271856
      k =  108 ; sb/Sb = 0 ; sb = 0
      k =  109 ; sb/Sb = 0.0393428450199059 ; sb = 90.5538513813742
      k =  110 ; sb/Sb = 0.110069280842263 ; sb = 253.342057342371
      Creating new point: f = 0.291880392148955
    i = 106 ; sf/Sf = 0.128583697528255 ; sf = 218.599428168762
      k =  108 ; sb/Sb = 0 ; sb = 0
      k =  109 ; sb/Sb = 0.0393428450199059 ; sb = 90.5538513813742
      k =  110 ; sb/Sb = 0.110069280842263 ; sb = 253.342057342371
      k =  111 ; sb/Sb = 0.169163459400644 ; sb = 389.356762429726
      Creating new point: f = 0.313303562849286
    i = 105 ; sf/Sf = 0.171406474139227 ; sf = 291.400527061567
      k =  108 ; sb/Sb = 0 ; sb = 0
      k =  109 ; sb/Sb = 0.0393428450199059 ; sb = 90.5538513813742
      k =  110 ; sb/Sb = 0.110069280842263 ; sb = 253.342057342371
      k =  111 ; sb/Sb = 0.169163459400644 ; sb = 389.356762429726
      k =  112 ; sb/Sb = 0.262143894665748 ; sb = 603.366108020053
      Creating new point: f = 0.0241235129969924
    i = 104 ; sf/Sf = 0.257052027361171 ; sf = 437.002724847177
      k =  108 ; sb/Sb = 0 ; sb = 0
      k =  109 ; sb/Sb = 0.0393428450199059 ; sb = 90.5538513813742
      k =  110 ; sb/Sb = 0.110069280842263 ; sb = 253.342057342371
      k =  111 ; sb/Sb = 0.169163459400644 ; sb = 389.356762429726
      k =  112 ; sb/Sb = 0.262143894665748 ; sb = 603.366108020053
      Creating new point: f = 0.94523721802271
    i = 103 ; sf/Sf = 0.373809584386138 ; sf = 635.497057259969
      k =  108 ; sb/Sb = 0 ; sb = 0
      k =  109 ; sb/Sb = 0.0393428450199059 ; sb = 90.5538513813742
      k =  110 ; sb/Sb = 0.110069280842263 ; sb = 253.342057342371
      k =  111 ; sb/Sb = 0.169163459400644 ; sb = 389.356762429726
      k =  112 ; sb/Sb = 0.262143894665748 ; sb = 603.366108020053
      k =  113 ; sb/Sb = 0.3451490885089 ; sb = 794.415839765481
      k =  114 ; sb/Sb = 0.441616871008396 ; sb = 1016.45187287723
      Creating new point: f = 0.297099146830585
    i = 102 ; sf/Sf = 0.486955205431236 ; sf = 827.850897876683
      k =  108 ; sb/Sb = 0 ; sb = 0
      k =  109 ; sb/Sb = 0.0393428450199059 ; sb = 90.5538513813742
      k =  110 ; sb/Sb = 0.110069280842263 ; sb = 253.342057342371
      k =  111 ; sb/Sb = 0.169163459400644 ; sb = 389.356762429726
      k =  112 ; sb/Sb = 0.262143894665748 ; sb = 603.366108020053
      k =  113 ; sb/Sb = 0.3451490885089 ; sb = 794.415839765481
      k =  114 ; sb/Sb = 0.441616871008396 ; sb = 1016.45187287723
      k =  115 ; sb/Sb = 0.54078627372413 ; sb = 1244.70611708749
      Creating new point: f = 0.457180674494945
    i = 101 ; sf/Sf = 0.628371940962245 ; sf = 1068.26720348011
      k =  108 ; sb/Sb = 0 ; sb = 0
      k =  109 ; sb/Sb = 0.0393428450199059 ; sb = 90.5538513813742
      k =  110 ; sb/Sb = 0.110069280842263 ; sb = 253.342057342371
      k =  111 ; sb/Sb = 0.169163459400644 ; sb = 389.356762429726
      k =  112 ; sb/Sb = 0.262143894665748 ; sb = 603.366108020053
      k =  113 ; sb/Sb = 0.3451490885089 ; sb = 794.415839765481
      k =  114 ; sb/Sb = 0.441616871008396 ; sb = 1016.45187287723
      k =  115 ; sb/Sb = 0.54078627372413 ; sb = 1244.70611708749
      k =  124 ; sb/Sb = 0.633206734124649 ; sb = 1457.42659094932
      Creating new point: f = 0.94768698249877
    i = 100 ; sf/Sf = 0.751195063189961 ; sf = 1277.07333365832
      k =  108 ; sb/Sb = 0 ; sb = 0
      k =  109 ; sb/Sb = 0.0393428450199059 ; sb = 90.5538513813742
      k =  110 ; sb/Sb = 0.110069280842263 ; sb = 253.342057342371
      k =  111 ; sb/Sb = 0.169163459400644 ; sb = 389.356762429726
      k =  112 ; sb/Sb = 0.262143894665748 ; sb = 603.366108020053
      k =  113 ; sb/Sb = 0.3451490885089 ; sb = 794.415839765481
      k =  114 ; sb/Sb = 0.441616871008396 ; sb = 1016.45187287723
      k =  115 ; sb/Sb = 0.54078627372413 ; sb = 1244.70611708749
      k =  124 ; sb/Sb = 0.633206734124649 ; sb = 1457.42659094932
      k =  131 ; sb/Sb = 0.679416964324909 ; sb = 1563.78682788023
      k =  116 ; sb/Sb = 0.725627194525168 ; sb = 1670.14706481115
      k =  122 ; sb/Sb = 0.730964330080407 ; sb = 1682.43133605861
      k =    1 ; sb/Sb = 0.737915834745486 ; sb = 1698.43133605861
      k =  121 ; sb/Sb = 0.744867339410565 ; sb = 1714.43133605861
      k =  119 ; sb/Sb = 0.751818844075644 ; sb = 1730.43133605861
      Creating new point: f = 0.910266781691587
    i = 99 ; sf/Sf = 0.900003267332759 ; sf = 1530.05554647179
      k =  108 ; sb/Sb = 0 ; sb = 0
      k =  109 ; sb/Sb = 0.0393428450199059 ; sb = 90.5538513813742
      k =  110 ; sb/Sb = 0.110069280842263 ; sb = 253.342057342371
      k =  111 ; sb/Sb = 0.169163459400644 ; sb = 389.356762429726
      k =  112 ; sb/Sb = 0.262143894665748 ; sb = 603.366108020053
      k =  113 ; sb/Sb = 0.3451490885089 ; sb = 794.415839765481
      k =  114 ; sb/Sb = 0.441616871008396 ; sb = 1016.45187287723
      k =  115 ; sb/Sb = 0.54078627372413 ; sb = 1244.70611708749
      k =  124 ; sb/Sb = 0.633206734124649 ; sb = 1457.42659094932
      k =  131 ; sb/Sb = 0.679416964324909 ; sb = 1563.78682788023
      k =  116 ; sb/Sb = 0.725627194525168 ; sb = 1670.14706481115
      k =  122 ; sb/Sb = 0.730964330080407 ; sb = 1682.43133605861
      k =    1 ; sb/Sb = 0.737915834745486 ; sb = 1698.43133605861
      k =  121 ; sb/Sb = 0.744867339410565 ; sb = 1714.43133605861
      k =  119 ; sb/Sb = 0.751818844075644 ; sb = 1730.43133605861
      k =  118 ; sb/Sb = 0.765721853405802 ; sb = 1762.43133605861
      k =  117 ; sb/Sb = 0.793527872066118 ; sb = 1826.43133605861
      k =    2 ; sb/Sb = 0.837085237461221 ; sb = 1926.68558026887
      k =    3 ; sb/Sb = 0.947682999444085 ; sb = 2181.24402149603
      Creating new point: f = 0.568890624398773
Triangulating...
[1] "Non-adjacent points in rim connected by line: 122 121"
[1] "In triangle: 134" "In triangle: 137"
[1] "Other points in triangles: 490 491"
[1] "Non-adjacent points in rim connected by line: 499 50"
[1] "In triangle: 941" "In triangle: 942"
[1] "Other points in triangles: 51 624"
[1] "Non-adjacent points in rim connected by line: 557 87"
[1] "In triangle: 272" "In triangle: 275"
[1] "Other points in triangles: 157 86"
Merging points...
Projecting to sphere...
Optimising mapping with FIRE...
E =  0.00643 | E_L =  0.00643 | E_A =  0.00000 |   0 flippped triangles
E =  0.00606 | E_L =  0.00606 | E_A =  0.00000 |  78 flippped triangles
        phi0    phi0.1    phi0.2    phi0.3    phi0.4     phi0.5    phi0.6
id     9.000  19.00000   22.0000  27.00000   30.0000   32.00000   42.0000
A   7182.578  48.45885  210.4377  36.39136  473.3818   90.99696  759.5956
a  -7332.477 -38.70089 -206.6576 -23.39131 -497.0437 -103.60320 -440.4315
      phi0.7    phi0.8    phi0.9   phi0.10   phi0.11   phi0.12   phi0.13
id   44.0000   46.0000  50.00000 52.000000    55.000  56.00000 58.000000
A  5059.1581  100.9311  19.58553 16.016148  1334.416  77.39530  5.834231
a  -444.0872 -132.1057 -23.39989 -9.674928 -1397.794 -73.90043 -5.136802
     phi0.14   phi0.15   phi0.16   phi0.17    phi0.18   phi0.19   phi0.20
id   59.0000  97.00000   99.0000   102.000 103.000000   105.000 106.00000
A   354.3339  14.27792 9187.3526  3040.889   9.110688 11044.821  93.46117
a  -424.1484 -15.77095 -430.7427 -1805.501  -8.684101 -4736.744 -99.46855
     phi0.21   phi0.22    phi0.23   phi0.24   phi0.25   phi0.26     phi0.27
id  109.0000   110.000   130.0000 132.00000 136.00000 138.00000 140.0000000
A   835.4023  1658.993   947.9589  35.89975  12.66853  18.34666   6.9284373
a  -855.3153 -1763.811 -1030.2130 -33.73613 -11.64797 -16.00729  -0.6062123
      phi0.28    phi0.29   phi0.30   phi0.31   phi0.32   phi0.33   phi0.34
id 141.000000 145.000000   200.000   202.000  205.0000  232.0000    277.00
A    5.680840  10.341129  1370.769  2445.948  185.0041  656.8950  13348.46
a   -1.509547  -9.303745 -1081.712 -2212.386 -177.3961 -598.2755 -11339.88
     phi0.35   phi0.36   phi0.37   phi0.38   phi0.39   phi0.40   phi0.41
id   283.000    293.00    300.00    302.00    309.00    321.00    324.00
A   1077.544  15257.73  15532.29  12878.09  23740.89  33678.66  26316.83
a  -1132.503 -14727.17 -16249.10 -11921.94 -22002.86 -31646.77 -16344.14
     phi0.42    phi0.43   phi0.44   phi0.45   phi0.46    phi0.47   phi0.48
id   353.000   492.0000   494.000   500.000   507.000  517.00000   520.000
A   2136.563   957.4687  8909.557 14554.334  6133.384 1212.23649  3176.084
a  -1978.223 -1023.3572 -3159.501 -2463.081 -5941.977  -63.43084 -3556.435
    phi0.49   phi0.50   phi0.51   phi0.52   phi0.53   phi0.54   phi0.55
id   521.00   523.000   530.000   540.000   674.000   727.000    741.00
A   1649.68 10140.542  6859.220  4052.864  2949.890 12963.091  24255.80
a  -2013.63 -6252.257 -6191.012 -4009.366 -2529.689 -3881.151 -15905.02
     phi0.56   phi0.57   phi0.58   phi0.59   phi0.60    phi0.61   phi0.62
id  750.0000   756.000 758.00000  763.0000   765.000 767.000000 768.00000
A   691.5396  2295.664  57.69028  708.2881  1805.910   6.606952  90.37464
a  -820.7125 -3393.117 -65.82539 -847.0197 -2270.358  -4.429544 -56.01877
     phi0.63   phi0.64   phi0.65   phi0.66   phi0.67   phi0.68   phi0.69
id   770.000   773.000   775.000  777.0000    800.00   802.000  803.0000
A   1354.320  4788.657  7859.809 2645.5373  24280.33  2366.648  736.2256
a  -1029.385 -3880.036 -1420.328 -664.5853 -17420.78 -1034.626 -679.3817
     phi0.70   phi0.71   phi0.72   phi0.73   phi0.74   phi0.75   phi0.76
id  807.0000   809.000  890.0000  913.0000   957.000   998.000  1000.000
A   214.5168  5098.229 1218.6109  853.1047 14209.364  7981.193  2325.994
a  -213.6069 -5226.342 -781.6397 -919.1205 -1155.242 -4956.208 -1911.382
     phi0.77
id  1003.000
A   2994.324
a  -3254.807
E =  0.00589 | E_L =  0.00589 | E_A =  0.00000 |  79 flippped triangles
        phi0    phi0.1    phi0.2    phi0.3    phi0.4    phi0.5    phi0.6
id     9.000 12.000000  19.00000   22.0000 26.000000  27.00000   30.0000
A   7182.578  1.514730  48.45885  210.4377  8.454376  36.39136  473.3818
a  -7428.420 -0.805688 -49.30847 -219.9696 -7.527840 -30.42787 -514.3657
       phi0.7    phi0.8    phi0.9   phi0.10   phi0.11   phi0.12   phi0.13
id   32.00000   42.0000    44.000   46.0000  50.00000    55.000  56.00000
A    90.99696  759.5956  5059.158  100.9311  19.58553  1334.416  77.39530
a  -103.26756 -331.7460 -5149.639 -132.7302 -22.84597 -1483.289 -79.89231
     phi0.14   phi0.15   phi0.16   phi0.17   phi0.18   phi0.19    phi0.20
id 58.000000   59.0000  97.00000    99.000   102.000   105.000  106.00000
A   5.834231  354.3339  14.27792  9187.353  3040.889 11044.821   93.46117
a  -4.629531 -424.6000 -19.04879 -6204.966 -1119.144 -7248.809 -103.62747
     phi0.21   phi0.22   phi0.23   phi0.24    phi0.25    phi0.26   phi0.27
id  109.0000   110.000  130.0000 132.00000 134.000000 137.000000 138.00000
A   835.4023  1658.993  947.9589  35.89975   5.797927   3.167134  18.34666
a  -824.4420 -1709.367 -969.9897 -29.58520  -6.108534  -2.879381 -27.06733
     phi0.28    phi0.29   phi0.30   phi0.31   phi0.32   phi0.33   phi0.34
id 139.00000 140.000000 142.00000 145.00000  200.0000   202.000  205.0000
A   17.98626   6.928437  11.50609  10.34113 1370.7685  2445.948  185.0041
a  -22.46729  -6.748381 -18.63046  -8.29868 -484.0171 -2022.950 -173.7215
     phi0.35   phi0.36   phi0.37   phi0.38   phi0.39   phi0.40   phi0.41
id  232.0000   277.000   283.000    293.00    300.00    302.00    309.00
A   656.8950 13348.460  1077.544  15257.73  15532.29  12878.09  23740.89
a  -471.0654 -9632.318 -1213.267 -15155.02 -15979.81 -12591.44 -24012.53
     phi0.42   phi0.43   phi0.44   phi0.45   phi0.46    phi0.47    phi0.48
id    321.00    324.00    339.00    345.00   353.000   492.0000 495.000000
A   33678.66  26316.83  24984.20  26789.35  2136.563   957.4687   7.939997
a  -33489.01 -19637.91 -12322.86 -13306.78 -2243.066 -1049.1865  -7.576200
     phi0.49   phi0.50   phi0.51   phi0.52   phi0.53   phi0.54    phi0.55
id    500.00   507.000   516.000   517.000   520.000   521.000   523.0000
A   14554.33  6133.384 15157.340  1212.236  3176.084  1649.680 10140.5422
a  -12285.95 -5333.997 -5938.592 -1057.419 -3365.049 -1974.318  -208.6171
    phi0.56   phi0.57   phi0.58   phi0.59   phi0.60   phi0.61   phi0.62
id   530.00   540.000   674.000   741.000  750.0000 758.00000  763.0000
A   6859.22  4052.864  2949.890 24255.798  691.5396  57.69028  708.2881
a  -5582.29 -3781.977 -2964.626 -8700.418 -588.9397 -52.51747 -575.9939
     phi0.63   phi0.64   phi0.65   phi0.66    phi0.67  phi0.68   phi0.69
id   765.000   770.000   773.000   777.000   797.0000   800.00  803.0000
A   1805.910  1354.320  4788.657  2645.537 10119.5115 24280.33  736.2256
a  -1913.548 -1341.442 -3556.370 -3905.657  -786.6471 -7758.02 -578.6640
     phi0.70   phi0.71   phi0.72    phi0.73   phi0.74   phi0.75   phi0.76
id  807.0000   809.000    906.00 911.000000  913.0000  1000.000  1003.000
A   214.5168  5098.229  19580.26   7.981749  853.1047  2325.994  2994.324
a  -187.1759 -4969.840 -11319.79  -8.256755 -892.8966 -2316.434 -2795.381
       phi0.77     phi0.78
id 1095.000000 1096.000000
A     7.127359    4.496566
a    -5.993901   -5.000918
E =  0.00586 | E_L =  0.00586 | E_A =  0.00000 |  85 flippped triangles
        phi0    phi0.1    phi0.2    phi0.3    phi0.4    phi0.5    phi0.6
id  7.000000     9.000 12.000000  19.00000   22.0000  27.00000   30.0000
A  33.760739  7182.578  1.514730  48.45885  210.4377  36.39136  473.3818
a  -1.496317 -7462.387 -1.816092 -49.86268 -210.7390 -15.59884 -516.8519
       phi0.7    phi0.8    phi0.9   phi0.10   phi0.11   phi0.12   phi0.13
id   32.00000   42.0000    44.000   46.0000  50.00000    55.000  56.00000
A    90.99696  759.5956  5059.158  100.9311  19.58553  1334.416  77.39530
a  -104.09600 -337.1847 -5220.809 -134.4801 -23.59349 -1463.766 -70.39963
     phi0.14   phi0.15   phi0.16   phi0.17   phi0.18   phi0.19    phi0.20
id 58.000000   59.0000  97.00000    99.000   102.000   105.000  106.00000
A   5.834231  354.3339  14.27792  9187.353  3040.889 11044.821   93.46117
a  -4.889157 -426.2859 -19.61920 -6645.868 -1012.031 -7434.716 -103.71577
     phi0.21   phi0.22   phi0.23   phi0.24    phi0.25     phi0.26    phi0.27
id  109.0000   110.000  130.0000 132.00000 134.000000 136.0000000 137.000000
A   835.4023  1658.993  947.9589  35.89975   5.797927  12.6685343   3.167134
a  -850.3412 -1694.901 -985.5078 -30.47515  -6.728625  -0.8176245  -3.150094
     phi0.28   phi0.29    phi0.30   phi0.31    phi0.32   phi0.33   phi0.34
id 138.00000 139.00000 140.000000 142.00000 145.000000  200.0000   202.000
A   18.34666  17.98626   6.928437  11.50609  10.341129 1370.7685  2445.948
a  -26.58688 -22.09064  -6.823861 -18.09061  -8.955207 -496.7025 -1990.429
     phi0.35   phi0.36   phi0.37   phi0.38   phi0.39   phi0.40   phi0.41
id  205.0000  232.0000    277.00   283.000    293.00    300.00    302.00
A   185.0041  656.8950  13348.46  1077.544  15257.73  15532.29  12878.09
a  -174.1133 -444.3213 -10410.96 -1201.132 -14953.50 -16145.51 -12983.45
     phi0.42   phi0.43   phi0.44   phi0.45   phi0.46   phi0.47   phi0.48
id    309.00    321.00    324.00    339.00   342.000    345.00    348.00
A   23740.89  33678.66  26316.83  24984.20 11400.000  26789.35  15059.17
a  -23946.79 -33387.66 -19703.85 -15886.22 -8300.145 -24331.66 -12791.31
     phi0.49   phi0.50    phi0.51    phi0.52   phi0.53   phi0.54   phi0.55
id    352.00   353.000   492.0000 495.000000    500.00    504.00   507.000
A   28930.26  2136.563   957.4687   7.939997  14554.33  19873.80  6133.384
a  -26557.58 -2183.708 -1015.5002  -8.183866 -11842.10 -21217.91 -5918.849
     phi0.56   phi0.57   phi0.58   phi0.59   phi0.60    phi0.61   phi0.62
id  514.0000   516.000   517.000   520.000   521.000   523.0000   530.000
A  6598.6665 15157.340  1212.236  3176.084  1649.680 10140.5422  6859.220
a  -319.0929 -6901.408 -1059.622 -3282.928 -1968.548  -482.5387 -5692.235
     phi0.63   phi0.64   phi0.65   phi0.66   phi0.67   phi0.68   phi0.69
id   540.000   674.000   741.000  750.0000 758.00000  763.0000   765.000
A   4052.864  2949.890 24255.798  691.5396  57.69028  708.2881  1805.910
a  -3837.988 -2939.958 -9743.217 -598.2366 -53.44089 -517.5931 -1819.083
     phi0.70   phi0.71   phi0.72  phi0.73   phi0.74   phi0.75   phi0.76
id   770.000   773.000   777.000   797.00   800.000  803.0000  807.0000
A   1354.320  4788.657  2645.537 10119.51 24280.331  736.2256  214.5168
a  -1278.144 -3744.402 -3968.399 -1324.92 -9457.403 -575.6423 -183.6201
     phi0.77   phi0.78    phi0.79   phi0.80   phi0.81   phi0.82     phi0.83
id   809.000    906.00 911.000000  913.0000  1000.000  1003.000 1095.000000
A   5098.229  19580.26   7.981749  853.1047  2325.994  2994.324    7.127359
a  -4930.036 -10479.57  -8.096821 -854.0867 -2298.517 -2931.499   -5.982911
       phi0.84
id 1096.000000
A     4.496566
a    -4.548424
E =  0.00586 | E_L =  0.00586 | E_A =  0.00000 |  86 flippped triangles
        phi0    phi0.1    phi0.2    phi0.3    phi0.4    phi0.5    phi0.6
id  7.000000     9.000 12.000000  19.00000   22.0000  27.00000   30.0000
A  33.760739  7182.578  1.514730  48.45885  210.4377  36.39136  473.3818
a  -5.234351 -7818.402 -1.891676 -49.08289 -209.7154 -14.33725 -514.5589
       phi0.7    phi0.8    phi0.9   phi0.10   phi0.11   phi0.12   phi0.13
id   32.00000   42.0000    44.000   46.0000  50.00000    55.000  56.00000
A    90.99696  759.5956  5059.158  100.9311  19.58553  1334.416  77.39530
a  -104.10387 -321.5281 -5194.346 -133.3550 -23.16911 -1458.140 -68.91496
     phi0.14   phi0.15   phi0.16   phi0.17  phi0.18   phi0.19    phi0.20
id 58.000000   59.0000  97.00000    99.000  102.000   105.000  106.00000
A   5.834231  354.3339  14.27792  9187.353 3040.889 11044.821   93.46117
a  -4.778831 -422.8563 -19.02587 -6913.285 -584.951 -7829.183 -103.25073
     phi0.21   phi0.22    phi0.23   phi0.24    phi0.25     phi0.26    phi0.27
id  109.0000   110.000   130.0000 132.00000 134.000000 136.0000000 137.000000
A   835.4023  1658.993   947.9589  35.89975   5.797927  12.6685343   3.167134
a  -853.6105 -1665.821 -1007.1419 -29.60083  -6.777229  -0.5536444  -3.176813
     phi0.28   phi0.29    phi0.30   phi0.31    phi0.32   phi0.33   phi0.34
id 138.00000 139.00000 140.000000 142.00000 145.000000   174.000  200.0000
A   18.34666  17.98626   6.928437  11.50609  10.341129 19947.585 1370.7685
a  -26.20147 -22.17794  -6.966462 -18.10806  -9.076425 -3123.871 -468.3104
     phi0.35   phi0.36   phi0.37   phi0.38   phi0.39   phi0.40   phi0.41
id   202.000  205.0000  232.0000    277.00   283.000    293.00    300.00
A   2445.948  185.0041  656.8950  13348.46  1077.544  15257.73  15532.29
a  -1970.556 -172.2964 -416.2127 -10841.61 -1218.218 -14787.14 -16208.98
     phi0.42   phi0.43   phi0.44   phi0.45   phi0.46   phi0.47   phi0.48
id    302.00    309.00    321.00    324.00    328.00    339.00   342.000
A   12878.09  23740.89  33678.66  26316.83  29275.64  24984.20 11400.000
a  -13174.03 -23803.32 -32046.34 -17184.35 -12895.46 -21009.41 -8161.578
     phi0.49   phi0.50   phi0.51   phi0.52   phi0.53    phi0.54   phi0.55
id    345.00    348.00    352.00   353.000  492.0000 495.000000    500.00
A   26789.35  15059.17  28930.26  2136.563  957.4687   7.939997  14554.33
a  -25574.70 -12555.90 -28460.08 -2138.122 -993.0652  -8.062878 -10969.58
     phi0.56   phi0.57   phi0.58   phi0.59   phi0.60   phi0.61   phi0.62
id    504.00   507.000   514.000   516.000   517.000   520.000   521.000
A   19873.80  6133.384  6598.667 15157.340  1212.236  3176.084  1649.680
a  -21547.66 -6022.282 -1099.275 -8181.415 -1048.064 -3269.077 -1962.108
    phi0.63   phi0.64   phi0.65   phi0.66   phi0.67   phi0.68   phi0.69
id   530.00   540.000   674.000    741.00  750.0000 758.00000  763.0000
A   6859.22  4052.864  2949.890  24255.80  691.5396  57.69028  708.2881
a  -5597.93 -3739.731 -2947.748 -12415.69 -595.3032 -53.79375 -500.6867
     phi0.70   phi0.71   phi0.72   phi0.73   phi0.74   phi0.75   phi0.76
id   765.000   770.000   773.000   777.000   797.000    800.00  803.0000
A   1805.910  1354.320  4788.657  2645.537 10119.511  24280.33  736.2256
a  -1779.386 -1266.192 -3875.274 -3930.916 -2163.211 -12770.27 -575.9170
     phi0.77   phi0.78   phi0.79    phi0.80   phi0.81   phi0.82   phi0.83
id  807.0000   809.000   906.000 911.000000  913.0000  1000.000  1003.000
A   214.5168  5098.229 19580.264   7.981749  853.1047  2325.994  2994.324
a  -183.7159 -4771.130 -8899.093  -8.071182 -855.6282 -2310.622 -2905.372
       phi0.84     phi0.85
id 1095.000000 1096.000000
A     7.127359    4.496566
a    -6.031260   -4.642589
FIRE:  7  stops.  0 hits of maxmove.  0 hits of dtmax.
Frms = 7.5147684677008e-06; Ftanrms = 7.51429945897867e-06
E =  0.00824 | E_L =  0.00822 | E_A =  0.00002 |   0 flippped triangles
E =  0.00710 | E_L =  0.00710 | E_A =  0.00000 |   0 flippped triangles
E =  0.00673 | E_L =  0.00672 | E_A =  0.00001 |   0 flippped triangles
E =  0.00656 | E_L =  0.00656 | E_A =  0.00000 |   0 flippped triangles
E =  0.00647 | E_L =  0.00646 | E_A =  0.00000 |   0 flippped triangles
E =  0.00644 | E_L =  0.00644 | E_A =  0.00000 |   0 flippped triangles
E =  0.00644 | E_L =  0.00644 | E_A =  0.00000 |   0 flippped triangles
Optimising mapping with BFGS...
E =  0.00644 | E_L =  0.00644 | E_A =  0.00000 |   0 flippped triangles
Transforming image...
Mapping optimised. Error: 0.006441599 ; 0 flipped triangles.
Inferring coordinates of datapoints
Inferring coordinates of landmarks
Mapping optimised. Error: 0.006441599 ; 0 flipped triangles. OD displacement: 8.790541 degrees.
Computing Kernel Density estimates of datapoints

[1] 0.7
Saving developmental_retina/data/nAChR-B2/P12/GMB195-1/R-CONTRA/r.mat
