[1] "Adding old segment 1"
[1] "Intersection found. Old points:"
   X    Y 
2480  499 
   X    Y 
2390  479 
   X    Y 
2390  479 
   X    Y 
2390  409 
[1] "Point i+1 has been changed:"
   X    Y 
2480  499 
   X    Y 
2390  479 
   X    Y 
2390  479 
   X    Y 
2390  409 
[1] "a= 0.5"
[1] "l= 70"
[1] "New points:"
   X    Y 
2480  499 
   X    Y 
2390  479 
   X    Y 
2390  444 
   X    Y 
2390  409 
[1] "Storing new segment 1"
[1] "Adding old segment 2"
[1] "Adding old segment 3"
[1] "Adding old segment 4"
[1] "Storing new segment 2"
simplify.outline: Removing vertex 42
simplify.outline: Removing vertex 48
Triangulating...
[1] "Non-adjacent points in rim connected by line: 52 50"
[1] "In triangle: 31" "In triangle: 77"
[1] "Other points in triangles: 54 55"
[1] "Non-adjacent points in rim connected by line: 53 51"
[1] "In triangle: 70" "In triangle: 75"
[1] "Other points in triangles: 23 55"
[1] "Non-adjacent points in rim connected by line: 54 50"
[1] "In triangle: 67"  "In triangle: 786"
[1] "Other points in triangles: 56 436"
[1] "Non-adjacent points in rim connected by line: 55 51"
[1] "In triangle: 78"  "In triangle: 789"
[1] "Other points in triangles: 52 437"
[1] "Non-adjacent points in rim connected by line: 55 52"
[1] "In triangle: 77" "In triangle: 78"
[1] "Other points in triangles: 436 439"
[1] "Non-adjacent points in rim connected by line: 56 24"
[1] "In triangle: 26" "In triangle: 62"
[1] "Other points in triangles: 54 57"
[1] "Non-adjacent points in rim connected by line: 56 54"
[1] "In triangle: 26" "In triangle: 67"
[1] "Other points in triangles: 441 438"
Stitching...
Tear 1 child of rim
Tear 2 child of rim
Tear 3 child of rim
Tear 1 : Sf = 1744.64770910752 ; Sb = 1579.43339122109
  Forwards path
    i = 48 ; sf/Sf = 0.21956399010937 ; sf = 383.061812346818
      k =   22 ; sb/Sb = 0 ; sb = 0
      k =   21 ; sb/Sb = 0.273424925694338 ; sb = 431.856457633784
      Creating new point: f = 0.803013805532933
    i = 49 ; sf/Sf = 0.292931237452089 ; sf = 511.061812346818
      k =   22 ; sb/Sb = 0 ; sb = 0
      k =   21 ; sb/Sb = 0.273424925694338 ; sb = 431.856457633784
      k =   20 ; sb/Sb = 0.435711042845096 ; sb = 688.17656999331
      Creating new point: f = 0.120197045195371
    i = 56 ; sf/Sf = 0.311273049287769 ; sf = 543.061812346818
      k =   22 ; sb/Sb = 0 ; sb = 0
      k =   21 ; sb/Sb = 0.273424925694338 ; sb = 431.856457633784
      k =   20 ; sb/Sb = 0.435711042845096 ; sb = 688.17656999331
      Creating new point: f = 0.233218492486768
    i = 50 ; sf/Sf = 0.329614861123448 ; sf = 575.061812346818
      k =   22 ; sb/Sb = 0 ; sb = 0
      k =   21 ; sb/Sb = 0.273424925694338 ; sb = 431.856457633784
      k =   20 ; sb/Sb = 0.435711042845096 ; sb = 688.17656999331
      Creating new point: f = 0.346239939778164
    i = 55 ; sf/Sf = 0.338785767041288 ; sf = 591.061812346818
      k =   22 ; sb/Sb = 0 ; sb = 0
      k =   21 ; sb/Sb = 0.273424925694338 ; sb = 431.856457633784
      k =   20 ; sb/Sb = 0.435711042845096 ; sb = 688.17656999331
      Creating new point: f = 0.402750663423862
    i = 53 ; sf/Sf = 0.347956672959128 ; sf = 607.061812346818
      k =   22 ; sb/Sb = 0 ; sb = 0
      k =   21 ; sb/Sb = 0.273424925694338 ; sb = 431.856457633784
      k =   20 ; sb/Sb = 0.435711042845096 ; sb = 688.17656999331
      Creating new point: f = 0.45926138706956
    i = 23 ; sf/Sf = 0.366298484794808 ; sf = 639.061812346818
      k =   22 ; sb/Sb = 0 ; sb = 0
      k =   21 ; sb/Sb = 0.273424925694338 ; sb = 431.856457633784
      k =   20 ; sb/Sb = 0.435711042845096 ; sb = 688.17656999331
      Creating new point: f = 0.572282834360956
    i = 51 ; sf/Sf = 0.384640296630488 ; sf = 671.061812346818
      k =   22 ; sb/Sb = 0 ; sb = 0
      k =   21 ; sb/Sb = 0.273424925694338 ; sb = 431.856457633784
      k =   20 ; sb/Sb = 0.435711042845096 ; sb = 688.17656999331
      Creating new point: f = 0.685304281652353
    i = 52 ; sf/Sf = 0.40189175784489 ; sf = 701.159534633283
      k =   22 ; sb/Sb = 0 ; sb = 0
      k =   21 ; sb/Sb = 0.273424925694338 ; sb = 431.856457633784
      k =   20 ; sb/Sb = 0.435711042845096 ; sb = 688.17656999331
      Creating new point: f = 0.791607035808313
    i = 54 ; sf/Sf = 0.410517488452092 ; sf = 716.208395776515
      k =   22 ; sb/Sb = 0 ; sb = 0
      k =   21 ; sb/Sb = 0.273424925694338 ; sb = 431.856457633784
      k =   20 ; sb/Sb = 0.435711042845096 ; sb = 688.17656999331
      Creating new point: f = 0.844758412886293
    i = 24 ; sf/Sf = 0.419143219059293 ; sf = 731.257256919747
      k =   22 ; sb/Sb = 0 ; sb = 0
      k =   21 ; sb/Sb = 0.273424925694338 ; sb = 431.856457633784
      k =   20 ; sb/Sb = 0.435711042845096 ; sb = 688.17656999331
      Creating new point: f = 0.897909789964273
    i = 62 ; sf/Sf = 0.523827353268667 ; sf = 913.894191848036
      k =   22 ; sb/Sb = 0 ; sb = 0
      k =   21 ; sb/Sb = 0.273424925694338 ; sb = 431.856457633784
      k =   20 ; sb/Sb = 0.435711042845096 ; sb = 688.17656999331
      k =   19 ; sb/Sb = 0.627960067527945 ; sb = 991.821099007089
      Creating new point: f = 0.458344642158446
    i = 60 ; sf/Sf = 0.628511487478041 ; sf = 1096.53112677632
      k =   22 ; sb/Sb = 0 ; sb = 0
      k =   21 ; sb/Sb = 0.273424925694338 ; sb = 431.856457633784
      k =   20 ; sb/Sb = 0.435711042845096 ; sb = 688.17656999331
      k =   19 ; sb/Sb = 0.627960067527945 ; sb = 991.821099007089
      k =   18 ; sb/Sb = 0.76953412756292 ; sb = 1215.42789675707
      Creating new point: f = 0.00389492220509801
    i = 25 ; sf/Sf = 0.837879755896789 ; sf = 1461.8049966329
      k =   22 ; sb/Sb = 0 ; sb = 0
      k =   21 ; sb/Sb = 0.273424925694338 ; sb = 431.856457633784
      k =   20 ; sb/Sb = 0.435711042845096 ; sb = 688.17656999331
      k =   19 ; sb/Sb = 0.627960067527945 ; sb = 991.821099007089
      k =   18 ; sb/Sb = 0.76953412756292 ; sb = 1215.42789675707
      k =   17 ; sb/Sb = 1 ; sb = 1579.43339122109
      Creating new point: f = 0.296554225626306
Tear 2 : Sf = 1509.9342453632 ; Sb = 1635.7638555622
  Forwards path
    i = 108 ; sf/Sf = 0.162393824405117 ; sf = 245.203996704785
      k =   35 ; sb/Sb = 0 ; sb = 0
      k =   34 ; sb/Sb = 0.0794735741090939 ; sb = 130
      k =  194 ; sb/Sb = 0.333913158415771 ; sb = 546.203075433135
      Creating new point: f = 0.325893671466146
    i = 36 ; sf/Sf = 0.324787648810234 ; sf = 490.407993409569
      k =   35 ; sb/Sb = 0 ; sb = 0
      k =   34 ; sb/Sb = 0.0794735741090939 ; sb = 130
      k =  194 ; sb/Sb = 0.333913158415771 ; sb = 546.203075433135
      Creating new point: f = 0.964134866709505
    i = 96 ; sf/Sf = 0.551128730126987 ; sf = 832.16814322227
      k =   35 ; sb/Sb = 0 ; sb = 0
      k =   34 ; sb/Sb = 0.0794735741090939 ; sb = 130
      k =  194 ; sb/Sb = 0.333913158415771 ; sb = 546.203075433135
      k =   33 ; sb/Sb = 0.588352742722449 ; sb = 962.40615086627
      Creating new point: f = 0.853701959555963
    i = 37 ; sf/Sf = 0.777469811443739 ; sf = 1173.92829303497
      k =   35 ; sb/Sb = 0 ; sb = 0
      k =   34 ; sb/Sb = 0.0794735741090939 ; sb = 130
      k =  194 ; sb/Sb = 0.333913158415771 ; sb = 546.203075433135
      k =   33 ; sb/Sb = 0.588352742722449 ; sb = 962.40615086627
      k =   32 ; sb/Sb = 0.854687285287644 ; sb = 1398.06656908211
      Creating new point: f = 0.710073379516654
Tear 3 : Sf = 4192.0292956251 ; Sb = 4443.22203134986
  Forwards path
    i = 170 ; sf/Sf = 0.0777571188732656 ; sf = 325.960120260132
      k =    6 ; sb/Sb = 0 ; sb = 0
      k =    5 ; sb/Sb = 0.0887782909976439 ; sb = 394.46165846632
      Creating new point: f = 0.875857352056137
    i = 7 ; sf/Sf = 0.155514237746531 ; sf = 651.920240520265
      k =    6 ; sb/Sb = 0 ; sb = 0
      k =    5 ; sb/Sb = 0.0887782909976439 ; sb = 394.46165846632
      k =    4 ; sb/Sb = 0.171807527959241 ; sb = 763.378993380255
      Creating new point: f = 0.803764423124285
    i = 410 ; sf/Sf = 0.21530905472637 ; sf = 902.581865026291
      k =    6 ; sb/Sb = 0 ; sb = 0
      k =    5 ; sb/Sb = 0.0887782909976439 ; sb = 394.46165846632
      k =    4 ; sb/Sb = 0.171807527959241 ; sb = 763.378993380255
      k =    3 ; sb/Sb = 0.237423784064653 ; sb = 1054.92658812252
      Creating new point: f = 0.662968742033136
    i = 346 ; sf/Sf = 0.275103871706209 ; sf = 1153.24348953232
      k =    6 ; sb/Sb = 0 ; sb = 0
      k =    5 ; sb/Sb = 0.0887782909976439 ; sb = 394.46165846632
      k =    4 ; sb/Sb = 0.171807527959241 ; sb = 763.378993380255
      k =    3 ; sb/Sb = 0.237423784064653 ; sb = 1054.92658812252
      k =    2 ; sb/Sb = 0.287749155196748 ; sb = 1278.5333858725
      Creating new point: f = 0.748729453830614
    i = 366 ; sf/Sf = 0.334898688686048 ; sf = 1403.90511403834
      k =    6 ; sb/Sb = 0 ; sb = 0
      k =    5 ; sb/Sb = 0.0887782909976439 ; sb = 394.46165846632
      k =    4 ; sb/Sb = 0.171807527959241 ; sb = 763.378993380255
      k =    3 ; sb/Sb = 0.237423784064653 ; sb = 1054.92658812252
      k =    2 ; sb/Sb = 0.287749155196748 ; sb = 1278.5333858725
      k =    1 ; sb/Sb = 0.387235680737699 ; sb = 1720.57410797851
      Creating new point: f = 0.473928838432422
    i = 8 ; sf/Sf = 0.394693505665887 ; sf = 1654.56673854437
      k =    6 ; sb/Sb = 0 ; sb = 0
      k =    5 ; sb/Sb = 0.0887782909976439 ; sb = 394.46165846632
      k =    4 ; sb/Sb = 0.171807527959241 ; sb = 763.378993380255
      k =    3 ; sb/Sb = 0.237423784064653 ; sb = 1054.92658812252
      k =    2 ; sb/Sb = 0.287749155196748 ; sb = 1278.5333858725
      k =    1 ; sb/Sb = 0.387235680737699 ; sb = 1720.57410797851
      k =   47 ; sb/Sb = 0.418583176268893 ; sb = 1859.85799075035
      Creating new point: f = 0.237908158269512
    i = 367 ; sf/Sf = 0.457547608999585 ; sf = 1918.05298106948
      k =    6 ; sb/Sb = 0 ; sb = 0
      k =    5 ; sb/Sb = 0.0887782909976439 ; sb = 394.46165846632
      k =    4 ; sb/Sb = 0.171807527959241 ; sb = 763.378993380255
      k =    3 ; sb/Sb = 0.237423784064653 ; sb = 1054.92658812252
      k =    2 ; sb/Sb = 0.287749155196748 ; sb = 1278.5333858725
      k =    1 ; sb/Sb = 0.387235680737699 ; sb = 1720.57410797851
      k =   47 ; sb/Sb = 0.418583176268893 ; sb = 1859.85799075035
      k =   46 ; sb/Sb = 0.521325844809777 ; sb = 2316.36647917088
      Creating new point: f = 0.379242950217777
    i = 9 ; sf/Sf = 0.520401712333283 ; sf = 2181.53922359459
      k =    6 ; sb/Sb = 0 ; sb = 0
      k =    5 ; sb/Sb = 0.0887782909976439 ; sb = 394.46165846632
      k =    4 ; sb/Sb = 0.171807527959241 ; sb = 763.378993380255
      k =    3 ; sb/Sb = 0.237423784064653 ; sb = 1054.92658812252
      k =    2 ; sb/Sb = 0.287749155196748 ; sb = 1278.5333858725
      k =    1 ; sb/Sb = 0.387235680737699 ; sb = 1720.57410797851
      k =   47 ; sb/Sb = 0.418583176268893 ; sb = 1859.85799075035
      k =   46 ; sb/Sb = 0.521325844809777 ; sb = 2316.36647917088
      Creating new point: f = 0.991005368172556
    i = 388 ; sf/Sf = 0.586649789804928 ; sf = 2459.25310513456
      k =    6 ; sb/Sb = 0 ; sb = 0
      k =    5 ; sb/Sb = 0.0887782909976439 ; sb = 394.46165846632
      k =    4 ; sb/Sb = 0.171807527959241 ; sb = 763.378993380255
      k =    3 ; sb/Sb = 0.237423784064653 ; sb = 1054.92658812252
      k =    2 ; sb/Sb = 0.287749155196748 ; sb = 1278.5333858725
      k =    1 ; sb/Sb = 0.387235680737699 ; sb = 1720.57410797851
      k =   47 ; sb/Sb = 0.418583176268893 ; sb = 1859.85799075035
      k =   46 ; sb/Sb = 0.521325844809777 ; sb = 2316.36647917088
      k =  162 ; sb/Sb = 0.57564461754273 ; sb = 2557.71684689382
      k =   45 ; sb/Sb = 0.629963390275683 ; sb = 2799.06721461677
      Creating new point: f = 0.202603477738757
    i = 10 ; sf/Sf = 0.652897867276573 ; sf = 2736.96698667454
      k =    6 ; sb/Sb = 0 ; sb = 0
      k =    5 ; sb/Sb = 0.0887782909976439 ; sb = 394.46165846632
      k =    4 ; sb/Sb = 0.171807527959241 ; sb = 763.378993380255
      k =    3 ; sb/Sb = 0.237423784064653 ; sb = 1054.92658812252
      k =    2 ; sb/Sb = 0.287749155196748 ; sb = 1278.5333858725
      k =    1 ; sb/Sb = 0.387235680737699 ; sb = 1720.57410797851
      k =   47 ; sb/Sb = 0.418583176268893 ; sb = 1859.85799075035
      k =   46 ; sb/Sb = 0.521325844809777 ; sb = 2316.36647917088
      k =  162 ; sb/Sb = 0.57564461754273 ; sb = 2557.71684689382
      k =   45 ; sb/Sb = 0.629963390275683 ; sb = 2799.06721461677
      k =  123 ; sb/Sb = 0.693426257357796 ; sb = 3081.04682380864
      Creating new point: f = 0.361384192920486
    i = 11 ; sf/Sf = 0.801488541665696 ; sf = 3359.86344677044
      k =    6 ; sb/Sb = 0 ; sb = 0
      k =    5 ; sb/Sb = 0.0887782909976439 ; sb = 394.46165846632
      k =    4 ; sb/Sb = 0.171807527959241 ; sb = 763.378993380255
      k =    3 ; sb/Sb = 0.237423784064653 ; sb = 1054.92658812252
      k =    2 ; sb/Sb = 0.287749155196748 ; sb = 1278.5333858725
      k =    1 ; sb/Sb = 0.387235680737699 ; sb = 1720.57410797851
      k =   47 ; sb/Sb = 0.418583176268893 ; sb = 1859.85799075035
      k =   46 ; sb/Sb = 0.521325844809777 ; sb = 2316.36647917088
      k =  162 ; sb/Sb = 0.57564461754273 ; sb = 2557.71684689382
      k =   45 ; sb/Sb = 0.629963390275683 ; sb = 2799.06721461677
      k =  123 ; sb/Sb = 0.693426257357796 ; sb = 3081.04682380864
      k =  160 ; sb/Sb = 0.756889124439909 ; sb = 3363.02643300051
      k =   44 ; sb/Sb = 0.883814858604134 ; sb = 3926.98565138425
      Creating new point: f = 0.35138199136262
    i = 413 ; sf/Sf = 0.900744270832848 ; sf = 3775.94637119777
      k =    6 ; sb/Sb = 0 ; sb = 0
      k =    5 ; sb/Sb = 0.0887782909976439 ; sb = 394.46165846632
      k =    4 ; sb/Sb = 0.171807527959241 ; sb = 763.378993380255
      k =    3 ; sb/Sb = 0.237423784064653 ; sb = 1054.92658812252
      k =    2 ; sb/Sb = 0.287749155196748 ; sb = 1278.5333858725
      k =    1 ; sb/Sb = 0.387235680737699 ; sb = 1720.57410797851
      k =   47 ; sb/Sb = 0.418583176268893 ; sb = 1859.85799075035
      k =   46 ; sb/Sb = 0.521325844809777 ; sb = 2316.36647917088
      k =  162 ; sb/Sb = 0.57564461754273 ; sb = 2557.71684689382
      k =   45 ; sb/Sb = 0.629963390275683 ; sb = 2799.06721461677
      k =  123 ; sb/Sb = 0.693426257357796 ; sb = 3081.04682380864
      k =  160 ; sb/Sb = 0.756889124439909 ; sb = 3363.02643300051
      k =   44 ; sb/Sb = 0.883814858604134 ; sb = 3926.98565138425
      k =   43 ; sb/Sb = 1 ; sb = 4443.22203134986
      Creating new point: f = 0.145710647896296
Tear 1 : Sf = 1579.43339122109 ; Sb = 1744.64770910752
  Backwards path
    i = 21 ; sf/Sf = 0.273424925694338 ; sf = 431.856457633784
      k =   22 ; sb/Sb = 0 ; sb = 0
      k =   48 ; sb/Sb = 0.21956399010937 ; sb = 383.061812346818
      k =   49 ; sb/Sb = 0.292931237452089 ; sb = 511.061812346818
      Creating new point: f = 0.734127795927364
    i = 20 ; sf/Sf = 0.435711042845096 ; sf = 688.17656999331
      k =   22 ; sb/Sb = 0 ; sb = 0
      k =   48 ; sb/Sb = 0.21956399010937 ; sb = 383.061812346818
      k =   49 ; sb/Sb = 0.292931237452089 ; sb = 511.061812346818
      k =   56 ; sb/Sb = 0.311273049287769 ; sb = 543.061812346818
      k =   50 ; sb/Sb = 0.329614861123448 ; sb = 575.061812346818
      k =   55 ; sb/Sb = 0.338785767041288 ; sb = 591.061812346818
      k =   53 ; sb/Sb = 0.347956672959128 ; sb = 607.061812346818
      k =   23 ; sb/Sb = 0.366298484794808 ; sb = 639.061812346818
      k =   51 ; sb/Sb = 0.384640296630488 ; sb = 671.061812346818
      k =   52 ; sb/Sb = 0.40189175784489 ; sb = 701.159534633283
      k =   54 ; sb/Sb = 0.410517488452092 ; sb = 716.208395776515
      k =   24 ; sb/Sb = 0.419143219059293 ; sb = 731.257256919747
      k =   62 ; sb/Sb = 0.523827353268667 ; sb = 913.894191848036
      Creating new point: f = 0.158264897645969
    i = 19 ; sf/Sf = 0.627960067527945 ; sf = 991.821099007089
      k =   22 ; sb/Sb = 0 ; sb = 0
      k =   48 ; sb/Sb = 0.21956399010937 ; sb = 383.061812346818
      k =   49 ; sb/Sb = 0.292931237452089 ; sb = 511.061812346818
      k =   56 ; sb/Sb = 0.311273049287769 ; sb = 543.061812346818
      k =   50 ; sb/Sb = 0.329614861123448 ; sb = 575.061812346818
      k =   55 ; sb/Sb = 0.338785767041288 ; sb = 591.061812346818
      k =   53 ; sb/Sb = 0.347956672959128 ; sb = 607.061812346818
      k =   23 ; sb/Sb = 0.366298484794808 ; sb = 639.061812346818
      k =   51 ; sb/Sb = 0.384640296630488 ; sb = 671.061812346818
      k =   52 ; sb/Sb = 0.40189175784489 ; sb = 701.159534633283
      k =   54 ; sb/Sb = 0.410517488452092 ; sb = 716.208395776515
      k =   24 ; sb/Sb = 0.419143219059293 ; sb = 731.257256919747
      k =   62 ; sb/Sb = 0.523827353268667 ; sb = 913.894191848036
      k =   60 ; sb/Sb = 0.628511487478041 ; sb = 1096.53112677632
      Creating new point: f = 0.994732535600923
    i = 18 ; sf/Sf = 0.76953412756292 ; sf = 1215.42789675707
      k =   22 ; sb/Sb = 0 ; sb = 0
      k =   48 ; sb/Sb = 0.21956399010937 ; sb = 383.061812346818
      k =   49 ; sb/Sb = 0.292931237452089 ; sb = 511.061812346818
      k =   56 ; sb/Sb = 0.311273049287769 ; sb = 543.061812346818
      k =   50 ; sb/Sb = 0.329614861123448 ; sb = 575.061812346818
      k =   55 ; sb/Sb = 0.338785767041288 ; sb = 591.061812346818
      k =   53 ; sb/Sb = 0.347956672959128 ; sb = 607.061812346818
      k =   23 ; sb/Sb = 0.366298484794808 ; sb = 639.061812346818
      k =   51 ; sb/Sb = 0.384640296630488 ; sb = 671.061812346818
      k =   52 ; sb/Sb = 0.40189175784489 ; sb = 701.159534633283
      k =   54 ; sb/Sb = 0.410517488452092 ; sb = 716.208395776515
      k =   24 ; sb/Sb = 0.419143219059293 ; sb = 731.257256919747
      k =   62 ; sb/Sb = 0.523827353268667 ; sb = 913.894191848036
      k =   60 ; sb/Sb = 0.628511487478041 ; sb = 1096.53112677632
      k =   25 ; sb/Sb = 0.837879755896789 ; sb = 1461.8049966329
      Creating new point: f = 0.673562623170889
Tear 2 : Sf = 1635.7638555622 ; Sb = 1509.9342453632
  Backwards path
    i = 34 ; sf/Sf = 0.0794735741090939 ; sf = 130
      k =   35 ; sb/Sb = 0 ; sb = 0
      k =  108 ; sb/Sb = 0.162393824405117 ; sb = 245.203996704785
      Creating new point: f = 0.489387908685705
    i = 194 ; sf/Sf = 0.333913158415771 ; sf = 546.203075433135
      k =   35 ; sb/Sb = 0 ; sb = 0
      k =  108 ; sb/Sb = 0.162393824405117 ; sb = 245.203996704785
      k =   36 ; sb/Sb = 0.324787648810234 ; sb = 490.407993409569
      k =   96 ; sb/Sb = 0.551128730126987 ; sb = 832.16814322227
      Creating new point: f = 0.0403175135174268
    i = 33 ; sf/Sf = 0.588352742722449 ; sf = 962.40615086627
      k =   35 ; sb/Sb = 0 ; sb = 0
      k =  108 ; sb/Sb = 0.162393824405117 ; sb = 245.203996704785
      k =   36 ; sb/Sb = 0.324787648810234 ; sb = 490.407993409569
      k =   96 ; sb/Sb = 0.551128730126987 ; sb = 832.16814322227
      k =   37 ; sb/Sb = 0.777469811443739 ; sb = 1173.92829303497
      Creating new point: f = 0.16445981603918
    i = 32 ; sf/Sf = 0.854687285287644 ; sf = 1398.06656908211
      k =   35 ; sb/Sb = 0 ; sb = 0
      k =  108 ; sb/Sb = 0.162393824405117 ; sb = 245.203996704785
      k =   36 ; sb/Sb = 0.324787648810234 ; sb = 490.407993409569
      k =   96 ; sb/Sb = 0.551128730126987 ; sb = 832.16814322227
      k =   37 ; sb/Sb = 0.777469811443739 ; sb = 1173.92829303497
      k =   38 ; sb/Sb = 1 ; sb = 1509.9342453632
      Creating new point: f = 0.346997745990686
Tear 3 : Sf = 4443.22203134986 ; Sb = 4192.0292956251
  Backwards path
    i = 5 ; sf/Sf = 0.0887782909976439 ; sf = 394.46165846632
      k =    6 ; sb/Sb = 0 ; sb = 0
      k =  170 ; sb/Sb = 0.0777571188732656 ; sb = 325.960120260132
      k =    7 ; sb/Sb = 0.155514237746531 ; sb = 651.920240520265
      Creating new point: f = 0.141738432237201
    i = 4 ; sf/Sf = 0.171807527959241 ; sf = 763.378993380255
      k =    6 ; sb/Sb = 0 ; sb = 0
      k =  170 ; sb/Sb = 0.0777571188732656 ; sb = 325.960120260132
      k =    7 ; sb/Sb = 0.155514237746531 ; sb = 651.920240520265
      k =  410 ; sb/Sb = 0.21530905472637 ; sb = 902.581865026291
      Creating new point: f = 0.272486664156911
    i = 3 ; sf/Sf = 0.237423784064653 ; sf = 1054.92658812252
      k =    6 ; sb/Sb = 0 ; sb = 0
      k =  170 ; sb/Sb = 0.0777571188732656 ; sb = 325.960120260132
      k =    7 ; sb/Sb = 0.155514237746531 ; sb = 651.920240520265
      k =  410 ; sb/Sb = 0.21530905472637 ; sb = 902.581865026291
      k =  346 ; sb/Sb = 0.275103871706209 ; sb = 1153.24348953232
      Creating new point: f = 0.369843582692788
    i = 2 ; sf/Sf = 0.287749155196748 ; sf = 1278.5333858725
      k =    6 ; sb/Sb = 0 ; sb = 0
      k =  170 ; sb/Sb = 0.0777571188732656 ; sb = 325.960120260132
      k =    7 ; sb/Sb = 0.155514237746531 ; sb = 651.920240520265
      k =  410 ; sb/Sb = 0.21530905472637 ; sb = 902.581865026291
      k =  346 ; sb/Sb = 0.275103871706209 ; sb = 1153.24348953232
      k =  366 ; sb/Sb = 0.334898688686048 ; sb = 1403.90511403834
      Creating new point: f = 0.211477919479241
    i = 1 ; sf/Sf = 0.387235680737699 ; sf = 1720.57410797851
      k =    6 ; sb/Sb = 0 ; sb = 0
      k =  170 ; sb/Sb = 0.0777571188732656 ; sb = 325.960120260132
      k =    7 ; sb/Sb = 0.155514237746531 ; sb = 651.920240520265
      k =  410 ; sb/Sb = 0.21530905472637 ; sb = 902.581865026291
      k =  346 ; sb/Sb = 0.275103871706209 ; sb = 1153.24348953232
      k =  366 ; sb/Sb = 0.334898688686048 ; sb = 1403.90511403834
      k =    8 ; sb/Sb = 0.394693505665887 ; sb = 1654.56673854437
      Creating new point: f = 0.875276398442652
    i = 47 ; sf/Sf = 0.418583176268893 ; sf = 1859.85799075035
      k =    6 ; sb/Sb = 0 ; sb = 0
      k =  170 ; sb/Sb = 0.0777571188732656 ; sb = 325.960120260132
      k =    7 ; sb/Sb = 0.155514237746531 ; sb = 651.920240520265
      k =  410 ; sb/Sb = 0.21530905472637 ; sb = 902.581865026291
      k =  346 ; sb/Sb = 0.275103871706209 ; sb = 1153.24348953232
      k =  366 ; sb/Sb = 0.334898688686048 ; sb = 1403.90511403834
      k =    8 ; sb/Sb = 0.394693505665887 ; sb = 1654.56673854437
      k =  367 ; sb/Sb = 0.457547608999585 ; sb = 1918.05298106948
      Creating new point: f = 0.380081320644627
    i = 46 ; sf/Sf = 0.521325844809777 ; sf = 2316.36647917088
      k =    6 ; sb/Sb = 0 ; sb = 0
      k =  170 ; sb/Sb = 0.0777571188732656 ; sb = 325.960120260132
      k =    7 ; sb/Sb = 0.155514237746531 ; sb = 651.920240520265
      k =  410 ; sb/Sb = 0.21530905472637 ; sb = 902.581865026291
      k =  346 ; sb/Sb = 0.275103871706209 ; sb = 1153.24348953232
      k =  366 ; sb/Sb = 0.334898688686048 ; sb = 1403.90511403834
      k =    8 ; sb/Sb = 0.394693505665887 ; sb = 1654.56673854437
      k =  367 ; sb/Sb = 0.457547608999585 ; sb = 1918.05298106948
      k =    9 ; sb/Sb = 0.520401712333283 ; sb = 2181.53922359459
      k =  388 ; sb/Sb = 0.586649789804928 ; sb = 2459.25310513456
      Creating new point: f = 0.0139495742633414
    i = 162 ; sf/Sf = 0.57564461754273 ; sf = 2557.71684689382
      k =    6 ; sb/Sb = 0 ; sb = 0
      k =  170 ; sb/Sb = 0.0777571188732656 ; sb = 325.960120260132
      k =    7 ; sb/Sb = 0.155514237746531 ; sb = 651.920240520265
      k =  410 ; sb/Sb = 0.21530905472637 ; sb = 902.581865026291
      k =  346 ; sb/Sb = 0.275103871706209 ; sb = 1153.24348953232
      k =  366 ; sb/Sb = 0.334898688686048 ; sb = 1403.90511403834
      k =    8 ; sb/Sb = 0.394693505665887 ; sb = 1654.56673854437
      k =  367 ; sb/Sb = 0.457547608999585 ; sb = 1918.05298106948
      k =    9 ; sb/Sb = 0.520401712333283 ; sb = 2181.53922359459
      k =  388 ; sb/Sb = 0.586649789804928 ; sb = 2459.25310513456
      Creating new point: f = 0.83387937156504
    i = 45 ; sf/Sf = 0.629963390275683 ; sf = 2799.06721461677
      k =    6 ; sb/Sb = 0 ; sb = 0
      k =  170 ; sb/Sb = 0.0777571188732656 ; sb = 325.960120260132
      k =    7 ; sb/Sb = 0.155514237746531 ; sb = 651.920240520265
      k =  410 ; sb/Sb = 0.21530905472637 ; sb = 902.581865026291
      k =  346 ; sb/Sb = 0.275103871706209 ; sb = 1153.24348953232
      k =  366 ; sb/Sb = 0.334898688686048 ; sb = 1403.90511403834
      k =    8 ; sb/Sb = 0.394693505665887 ; sb = 1654.56673854437
      k =  367 ; sb/Sb = 0.457547608999585 ; sb = 1918.05298106948
      k =    9 ; sb/Sb = 0.520401712333283 ; sb = 2181.53922359459
      k =  388 ; sb/Sb = 0.586649789804928 ; sb = 2459.25310513456
      k =   10 ; sb/Sb = 0.652897867276573 ; sb = 2736.96698667454
      Creating new point: f = 0.65380916886674
    i = 123 ; sf/Sf = 0.693426257357796 ; sf = 3081.04682380864
      k =    6 ; sb/Sb = 0 ; sb = 0
      k =  170 ; sb/Sb = 0.0777571188732656 ; sb = 325.960120260132
      k =    7 ; sb/Sb = 0.155514237746531 ; sb = 651.920240520265
      k =  410 ; sb/Sb = 0.21530905472637 ; sb = 902.581865026291
      k =  346 ; sb/Sb = 0.275103871706209 ; sb = 1153.24348953232
      k =  366 ; sb/Sb = 0.334898688686048 ; sb = 1403.90511403834
      k =    8 ; sb/Sb = 0.394693505665887 ; sb = 1654.56673854437
      k =  367 ; sb/Sb = 0.457547608999585 ; sb = 1918.05298106948
      k =    9 ; sb/Sb = 0.520401712333283 ; sb = 2181.53922359459
      k =  388 ; sb/Sb = 0.586649789804928 ; sb = 2459.25310513456
      k =   10 ; sb/Sb = 0.652897867276573 ; sb = 2736.96698667454
      k =   11 ; sb/Sb = 0.801488541665696 ; sb = 3359.86344677044
      Creating new point: f = 0.272751908878811
    i = 160 ; sf/Sf = 0.756889124439909 ; sf = 3363.02643300051
      k =    6 ; sb/Sb = 0 ; sb = 0
      k =  170 ; sb/Sb = 0.0777571188732656 ; sb = 325.960120260132
      k =    7 ; sb/Sb = 0.155514237746531 ; sb = 651.920240520265
      k =  410 ; sb/Sb = 0.21530905472637 ; sb = 902.581865026291
      k =  346 ; sb/Sb = 0.275103871706209 ; sb = 1153.24348953232
      k =  366 ; sb/Sb = 0.334898688686048 ; sb = 1403.90511403834
      k =    8 ; sb/Sb = 0.394693505665887 ; sb = 1654.56673854437
      k =  367 ; sb/Sb = 0.457547608999585 ; sb = 1918.05298106948
      k =    9 ; sb/Sb = 0.520401712333283 ; sb = 2181.53922359459
      k =  388 ; sb/Sb = 0.586649789804928 ; sb = 2459.25310513456
      k =   10 ; sb/Sb = 0.652897867276573 ; sb = 2736.96698667454
      k =   11 ; sb/Sb = 0.801488541665696 ; sb = 3359.86344677044
      Creating new point: f = 0.699850495940326
    i = 44 ; sf/Sf = 0.883814858604134 ; sf = 3926.98565138425
      k =    6 ; sb/Sb = 0 ; sb = 0
      k =  170 ; sb/Sb = 0.0777571188732656 ; sb = 325.960120260132
      k =    7 ; sb/Sb = 0.155514237746531 ; sb = 651.920240520265
      k =  410 ; sb/Sb = 0.21530905472637 ; sb = 902.581865026291
      k =  346 ; sb/Sb = 0.275103871706209 ; sb = 1153.24348953232
      k =  366 ; sb/Sb = 0.334898688686048 ; sb = 1403.90511403834
      k =    8 ; sb/Sb = 0.394693505665887 ; sb = 1654.56673854437
      k =  367 ; sb/Sb = 0.457547608999585 ; sb = 1918.05298106948
      k =    9 ; sb/Sb = 0.520401712333283 ; sb = 2181.53922359459
      k =  388 ; sb/Sb = 0.586649789804928 ; sb = 2459.25310513456
      k =   10 ; sb/Sb = 0.652897867276573 ; sb = 2736.96698667454
      k =   11 ; sb/Sb = 0.801488541665696 ; sb = 3359.86344677044
      k =  413 ; sb/Sb = 0.900744270832848 ; sb = 3775.94637119777
      Creating new point: f = 0.829436422755965
Triangulating...
[1] "Non-adjacent points in rim connected by line: 53 51"
[1] "In triangle: 273" "In triangle: 276"
[1] "Other points in triangles: 437 439"
Merging points...
Projecting to sphere...
Optimising mapping with FIRE...
E =  0.00605 | E_L =  0.00605 | E_A =  0.00000 |   0 flippped triangles
E =  0.00522 | E_L =  0.00522 | E_A =  0.00000 |  65 flippped triangles
        phi0    phi0.1    phi0.2    phi0.3    phi0.4     phi0.5    phi0.6
id     50.00    115.00   123.000    127.00    128.00    140.000  252.0000
A   22763.11  12704.46 18930.059  15322.51  22058.36   9944.396  235.4128
a  -16353.12 -11273.10 -5419.833 -12043.53 -10273.99 -11549.876 -193.9961
       phi0.7    phi0.8    phi0.9   phi0.10    phi0.11   phi0.12    phi0.13
id 253.000000   257.000 274.00000 275.00000 276.000000 278.00000 281.000000
A    1.246595  8401.546  42.36354  27.03263   8.655979  16.94542  16.368816
a   -1.070736 -4111.329 -31.36093 -33.25569 -10.099270  -4.95463  -2.051938
     phi0.14   phi0.15   phi0.16   phi0.17   phi0.18   phi0.19   phi0.20
id 286.00000 291.00000 293.00000 297.00000 303.00000 304.00000  312.0000
A   20.99166  32.41691  27.52509  59.28654  84.15901  23.54544  187.6270
a  -22.60836 -45.22171 -32.81177 -49.09682 -68.96066 -15.53240 -143.4449
     phi0.21   phi0.22   phi0.23   phi0.24   phi0.25   phi0.26   phi0.27
id   314.000 317.00000  318.0000  319.0000  320.0000  322.0000  331.0000
A   9868.410  60.78860  565.1997  311.8066 1144.3915  155.9033  691.4905
a  -9070.388 -14.86291 -383.1891 -277.9576 -989.8893 -186.8413 -551.9306
      phi0.28   phi0.29   phi0.30   phi0.31   phi0.32   phi0.33   phi0.34
id 332.000000  335.0000   343.000  346.0000    362.00   411.000    572.00
A    1.021674  261.2876  1602.496  155.9033  41864.21  2103.621  27412.56
a   -1.214532 -278.1358 -1131.486 -115.1135 -30946.08 -1159.156 -17278.78
     phi0.35   phi0.36   phi0.37   phi0.38   phi0.39   phi0.40   phi0.41
id  576.0000    643.00    667.00   676.000   688.000    692.00   695.000
A   318.8098  14800.83  27954.76 16261.185  4737.653  29831.74  1544.574
a  -188.4786 -13412.77 -23965.20 -4894.329 -2475.148 -16561.94 -1489.116
     phi0.42    phi0.43   phi0.44   phi0.45   phi0.46   phi0.47   phi0.48
id    697.00   698.0000 700.00000    705.00    706.00   741.000   825.000
A   22398.04 17273.4559  22.70959  22768.06  18429.69 17030.066  6203.633
a  -13329.06  -889.7052 -14.74244 -15927.74 -15629.60 -6705.316 -5390.155
     phi0.49   phi0.50   phi0.51   phi0.52   phi0.53   phi0.54   phi0.55
id   827.000   831.000   837.000    845.00   856.000   857.000  863.0000
A   6403.947  1352.201  1188.167  22696.65  1316.491  7012.105  345.9481
a  -5687.973 -1167.711 -1307.999 -23597.27 -1172.296 -2329.273 -327.3812
     phi0.56   phi0.57   phi0.58   phi0.59   phi0.60   phi0.61   phi0.62
id  865.0000   866.000    867.00   869.000 873.00000   921.000    942.00
A   650.2095  7425.193  14644.38  1398.306  20.21445 15104.452  27513.82
a  -656.1631 -6035.570 -13841.90 -1472.295 -17.43452 -9544.273 -23740.40
      phi0.63   phi0.64
id 946.000000 947.00000
A    6.726678  10.18165
a   -3.087919  -4.64958
E =  0.00514 | E_L =  0.00514 | E_A =  0.00000 |  47 flippped triangles
        phi0    phi0.1    phi0.2    phi0.3    phi0.4    phi0.5    phi0.6
id     50.00    115.00    127.00   140.000    246.00  252.0000   257.000
A   22763.11  12704.46  15322.51  9944.396  13097.33  235.4128  8401.546
a  -17190.13 -12744.29 -11208.51 -9840.505 -12654.39 -184.2795 -9190.901
      phi0.7    phi0.8    phi0.9    phi0.10   phi0.11   phi0.12   phi0.13
id 278.00000   279.000 282.00000  284.00000 286.00000 303.00000 304.00000
A   16.94542  5759.424  20.85140   33.86841  20.99166  84.15901  23.54544
a  -62.35608 -5344.631 -41.58817 -105.90293 -18.24991 -87.41302 -23.12331
     phi0.14   phi0.15   phi0.16   phi0.17   phi0.18   phi0.19   phi0.20
id 306.00000  312.0000   314.000  318.0000  319.0000  320.0000   323.000
A  208.42765  187.6270  9868.410  565.1997  311.8066 1144.3915  2448.799
a  -73.90738 -217.2932 -9738.726 -567.0501 -346.1914 -894.1476 -2786.554
     phi0.21   phi0.22   phi0.23   phi0.24   phi0.25   phi0.26   phi0.27
id   330.000  331.0000   334.000  335.0000   343.000  346.0000    362.00
A   4272.979  691.4905  7280.645  261.2876  1602.496  155.9033  41864.21
a  -3646.476 -703.7388 -6206.947 -272.1458 -1248.134 -166.0449 -37701.34
     phi0.28   phi0.29   phi0.30   phi0.31   phi0.32   phi0.33   phi0.34
id   411.000  576.0000    667.00   691.000   695.000 700.00000    705.00
A   2103.621  318.8098  27954.76  1478.990  1544.574  22.70959  22768.06
a  -1283.428 -300.3068 -23186.04 -1343.405 -1468.625 -21.81456 -17671.50
     phi0.35   phi0.36   phi0.37   phi0.38   phi0.39   phi0.40   phi0.41
id    706.00   827.000   831.000   832.000   837.000    845.00  863.0000
A   18429.69  6403.947  1352.201  5778.728  1188.167  22696.65  345.9481
a  -17299.45 -5984.643 -1297.845 -4737.342 -1256.702 -16995.42 -302.4057
     phi0.42   phi0.43   phi0.44   phi0.45   phi0.46
id  865.0000   866.000    867.00   869.000 873.00000
A   650.2095  7425.193  14644.38  1398.306  20.21445
a  -805.6454 -6899.665 -10655.10 -1471.905 -20.66834
E =  0.00512 | E_L =  0.00512 | E_A =  0.00000 |  47 flippped triangles
        phi0    phi0.1    phi0.2    phi0.3    phi0.4    phi0.5    phi0.6
id     50.00    115.00    127.00   140.000    246.00  252.0000   257.000
A   22763.11  12704.46  15322.51  9944.396  13097.33  235.4128  8401.546
a  -17189.14 -13048.31 -11837.31 -9844.984 -11888.43 -180.9176 -9254.366
      phi0.7    phi0.8    phi0.9    phi0.10   phi0.11   phi0.12   phi0.13
id 278.00000   279.000 282.00000  284.00000 286.00000 303.00000 304.00000
A   16.94542  5759.424  20.85140   33.86841  20.99166  84.15901  23.54544
a  -64.57603 -5382.603 -36.89888 -106.08914 -20.84961 -87.44734 -22.23621
     phi0.14   phi0.15   phi0.16   phi0.17   phi0.18   phi0.19   phi0.20
id 306.00000  312.0000   314.000  318.0000  319.0000  320.0000   323.000
A  208.42765  187.6270  9868.410  565.1997  311.8066 1144.3915  2448.799
a  -50.11751 -202.7351 -9645.851 -575.3260 -351.6204 -910.0319 -2818.118
     phi0.21   phi0.22   phi0.23   phi0.24   phi0.25   phi0.26   phi0.27
id   330.000  331.0000   334.000  335.0000   343.000  346.0000    362.00
A   4272.979  691.4905  7280.645  261.2876  1602.496  155.9033  41864.21
a  -3545.133 -701.9236 -5899.945 -231.2408 -1212.632 -170.1889 -37309.90
     phi0.28   phi0.29   phi0.30   phi0.31   phi0.32   phi0.33   phi0.34
id   411.000  576.0000    667.00   691.000   695.000 700.00000    705.00
A   2103.621  318.8098  27954.76  1478.990  1544.574  22.70959  22768.06
a  -1298.539 -310.0944 -22873.02 -1407.648 -1506.579 -21.91940 -17192.96
     phi0.35   phi0.36   phi0.37   phi0.38   phi0.39   phi0.40   phi0.41
id    706.00   827.000   831.000   832.000   837.000    845.00  863.0000
A   18429.69  6403.947  1352.201  5778.728  1188.167  22696.65  345.9481
a  -17862.45 -6141.248 -1304.832 -4567.821 -1244.256 -16437.31 -312.9412
     phi0.42   phi0.43   phi0.44   phi0.45   phi0.46
id  865.0000   866.000   867.000   869.000 873.00000
A   650.2095  7425.193 14644.384  1398.306  20.21445
a  -823.5819 -6832.913 -9838.613 -1450.938 -20.54163
E =  0.00511 | E_L =  0.00511 | E_A =  0.00000 |  47 flippped triangles
        phi0    phi0.1    phi0.2    phi0.3    phi0.4    phi0.5    phi0.6
id     50.00    115.00    127.00   140.000    246.00  252.0000   257.000
A   22763.11  12704.46  15322.51  9944.396  13097.33  235.4128  8401.546
a  -17303.50 -12879.31 -11803.68 -9688.998 -12734.09 -190.4138 -9018.543
      phi0.7    phi0.8    phi0.9    phi0.10   phi0.11   phi0.12   phi0.13
id 278.00000   279.000 282.00000  284.00000 286.00000 303.00000 304.00000
A   16.94542  5759.424  20.85140   33.86841  20.99166  84.15901  23.54544
a  -64.79689 -5407.511 -36.25317 -104.36447 -20.06358 -86.91749 -21.12989
     phi0.14   phi0.15   phi0.16   phi0.17   phi0.18   phi0.19   phi0.20
id 306.00000  312.0000   314.000  318.0000  319.0000  320.0000   323.000
A  208.42765  187.6270  9868.410  565.1997  311.8066 1144.3915  2448.799
a  -49.99594 -210.1455 -9432.453 -575.3695 -346.6524 -900.6621 -2794.804
     phi0.21   phi0.22   phi0.23   phi0.24   phi0.25   phi0.26   phi0.27
id   330.000  331.0000   334.000  335.0000   343.000  346.0000    362.00
A   4272.979  691.4905  7280.645  261.2876  1602.496  155.9033  41864.21
a  -3510.541 -704.3177 -6327.470 -252.7920 -1219.409 -167.1661 -37935.20
     phi0.28   phi0.29   phi0.30   phi0.31   phi0.32   phi0.33   phi0.34
id   411.000  576.0000    667.00   691.000   695.000 700.00000    705.00
A   2103.621  318.8098  27954.76  1478.990  1544.574  22.70959  22768.06
a  -1287.087 -315.8382 -22045.20 -1388.007 -1470.607 -22.15918 -16236.61
     phi0.35   phi0.36   phi0.37   phi0.38   phi0.39   phi0.40   phi0.41
id    706.00   827.000   831.000   832.000   837.000    845.00  863.0000
A   18429.69  6403.947  1352.201  5778.728  1188.167  22696.65  345.9481
a  -17412.36 -6081.176 -1302.799 -4606.192 -1250.047 -16575.18 -308.2868
     phi0.42   phi0.43   phi0.44   phi0.45   phi0.46
id  865.0000   866.000    867.00   869.000 873.00000
A   650.2095  7425.193  14644.38  1398.306  20.21445
a  -825.9845 -6898.724 -10160.94 -1473.192 -21.05703
E =  0.00509 | E_L =  0.00509 | E_A =  0.00000 |  47 flippped triangles
        phi0    phi0.1    phi0.2    phi0.3    phi0.4    phi0.5    phi0.6
id     50.00    115.00    127.00   140.000    246.00  252.0000   257.000
A   22763.11  12704.46  15322.51  9944.396  13097.33  235.4128  8401.546
a  -17300.50 -12850.53 -11819.03 -9655.250 -12311.88 -190.9843 -9303.061
      phi0.7    phi0.8    phi0.9    phi0.10   phi0.11   phi0.12   phi0.13
id 278.00000   279.000 282.00000  284.00000 286.00000 303.00000 304.00000
A   16.94542  5759.424  20.85140   33.86841  20.99166  84.15901  23.54544
a  -63.91137 -5400.930 -35.73935 -103.82463 -19.86701 -86.50042 -21.31259
     phi0.14   phi0.15   phi0.16   phi0.17   phi0.18   phi0.19   phi0.20
id 306.00000  312.0000   314.000  318.0000  319.0000  320.0000   323.000
A  208.42765  187.6270  9868.410  565.1997  311.8066 1144.3915  2448.799
a  -34.14231 -212.2567 -9391.408 -576.5937 -352.8789 -917.6268 -2785.559
     phi0.21   phi0.22   phi0.23   phi0.24   phi0.25   phi0.26   phi0.27
id   330.000  331.0000   334.000  335.0000   343.000  346.0000    362.00
A   4272.979  691.4905  7280.645  261.2876  1602.496  155.9033  41864.21
a  -3497.901 -699.3884 -6163.731 -252.5077 -1207.458 -169.8366 -37392.07
     phi0.28   phi0.29   phi0.30   phi0.31   phi0.32   phi0.33   phi0.34
id   411.000  576.0000    667.00   691.000   695.000 700.00000    705.00
A   2103.621  318.8098  27954.76  1478.990  1544.574  22.70959  22768.06
a  -1255.351 -316.2941 -22386.63 -1389.448 -1484.503 -21.95219 -16339.21
     phi0.35   phi0.36   phi0.37   phi0.38   phi0.39   phi0.40   phi0.41
id    706.00   827.000   831.000   832.000   837.000    845.00  863.0000
A   18429.69  6403.947  1352.201  5778.728  1188.167  22696.65  345.9481
a  -17456.73 -6177.894 -1300.132 -4550.389 -1250.267 -16459.70 -316.6238
     phi0.42   phi0.43   phi0.44   phi0.45   phi0.46
id  865.0000   866.000   867.000   869.000 873.00000
A   650.2095  7425.193 14644.384  1398.306  20.21445
a  -820.7536 -6944.036 -9893.201 -1467.148 -20.81252
E =  0.00509 | E_L =  0.00509 | E_A =  0.00000 |  47 flippped triangles
        phi0    phi0.1    phi0.2    phi0.3    phi0.4    phi0.5    phi0.6
id     50.00    115.00    127.00   140.000    246.00  252.0000   257.000
A   22763.11  12704.46  15322.51  9944.396  13097.33  235.4128  8401.546
a  -17360.17 -12790.81 -12005.39 -9606.905 -12941.31 -193.1464 -9379.372
      phi0.7    phi0.8    phi0.9    phi0.10   phi0.11   phi0.12   phi0.13
id 278.00000   279.000 282.00000  284.00000 286.00000 303.00000 304.00000
A   16.94542  5759.424  20.85140   33.86841  20.99166  84.15901  23.54544
a  -64.19212 -5388.921 -35.29729 -104.32010 -20.12288 -86.15683 -21.17651
     phi0.14   phi0.15   phi0.16   phi0.17   phi0.18   phi0.19   phi0.20
id 306.00000  312.0000   314.000  318.0000  319.0000  320.0000   323.000
A  208.42765  187.6270  9868.410  565.1997  311.8066 1144.3915  2448.799
a  -40.71157 -211.5624 -9267.808 -571.8320 -353.3736 -906.0833 -2787.581
     phi0.21   phi0.22   phi0.23   phi0.24   phi0.25   phi0.26   phi0.27
id   330.000  331.0000   334.000  335.0000   343.000  346.0000    362.00
A   4272.979  691.4905  7280.645  261.2876  1602.496  155.9033  41864.21
a  -3435.713 -707.6427 -6456.827 -259.6174 -1228.996 -170.6391 -38093.92
     phi0.28   phi0.29   phi0.30   phi0.31   phi0.32   phi0.33   phi0.34
id   411.000  576.0000    667.00   691.000   695.000 700.00000    705.00
A   2103.621  318.8098  27954.76  1478.990  1544.574  22.70959  22768.06
a  -1232.891 -318.1541 -21684.13 -1377.282 -1503.505 -22.34051 -16045.44
     phi0.35   phi0.36   phi0.37   phi0.38   phi0.39   phi0.40   phi0.41
id    706.00   827.000   831.000   832.000   837.000    845.00  863.0000
A   18429.69  6403.947  1352.201  5778.728  1188.167  22696.65  345.9481
a  -17283.51 -6124.133 -1312.243 -4406.327 -1244.249 -16300.73 -316.9164
     phi0.42   phi0.43   phi0.44   phi0.45   phi0.46
id  865.0000   866.000   867.000   869.000 873.00000
A   650.2095  7425.193 14644.384  1398.306  20.21445
a  -822.7278 -6921.739 -9514.155 -1459.236 -20.99581
E =  0.00509 | E_L =  0.00509 | E_A =  0.00000 |  47 flippped triangles
        phi0    phi0.1    phi0.2    phi0.3    phi0.4    phi0.5    phi0.6
id     50.00    115.00    127.00   140.000    246.00  252.0000   257.000
A   22763.11  12704.46  15322.51  9944.396  13097.33  235.4128  8401.546
a  -17370.49 -12812.61 -11957.24 -9556.375 -12612.44 -192.5208 -9181.425
      phi0.7    phi0.8    phi0.9    phi0.10   phi0.11   phi0.12   phi0.13
id 278.00000   279.000 282.00000  284.00000 286.00000 303.00000 304.00000
A   16.94542  5759.424  20.85140   33.86841  20.99166  84.15901  23.54544
a  -64.58511 -5399.986 -35.80231 -104.15904 -19.64379 -85.88482 -20.95791
     phi0.14   phi0.15   phi0.16   phi0.17   phi0.18   phi0.19   phi0.20
id 306.00000  312.0000   314.000  318.0000  319.0000  320.0000   323.000
A  208.42765  187.6270  9868.410  565.1997  311.8066 1144.3915  2448.799
a  -32.61344 -215.2376 -9287.614 -579.7434 -352.4034 -912.2169 -2796.323
     phi0.21   phi0.22   phi0.23   phi0.24   phi0.25   phi0.26   phi0.27
id   330.000  331.0000   334.000  335.0000   343.000  346.0000    362.00
A   4272.979  691.4905  7280.645  261.2876  1602.496  155.9033  41864.21
a  -3433.773 -702.1889 -6350.181 -249.1489 -1217.579 -169.0612 -37475.71
     phi0.28   phi0.29   phi0.30   phi0.31   phi0.32   phi0.33   phi0.34
id   411.000  576.0000    667.00   691.000   695.000 700.00000    705.00
A   2103.621  318.8098  27954.76  1478.990  1544.574  22.70959  22768.06
a  -1261.955 -327.6949 -21969.75 -1398.278 -1498.910 -22.23787 -15916.91
     phi0.35   phi0.36   phi0.37   phi0.38   phi0.39   phi0.40   phi0.41
id    706.00   827.000   831.000   832.000   837.000    845.00  863.0000
A   18429.69  6403.947  1352.201  5778.728  1188.167  22696.65  345.9481
a  -17377.48 -6133.014 -1307.527 -4495.305 -1245.375 -16269.04 -314.6724
     phi0.42   phi0.43   phi0.44   phi0.45   phi0.46
id  865.0000   866.000   867.000   869.000 873.00000
A   650.2095  7425.193 14644.384  1398.306  20.21445
a  -822.4996 -6909.407 -9650.479 -1462.732 -20.89540
FIRE:  13  stops.  0 hits of maxmove.  0 hits of dtmax.
Frms = 1.26177339343539e-05; Ftanrms = 1.26174277289922e-05
E =  0.00919 | E_L =  0.00749 | E_A =  0.00170 |   2 flippped triangles
          phi0     phi0.1
id 273.0000000 276.000000
A    5.2010044   8.655979
a   -0.6883003  -1.856424
FIRE:  2  stops.  0 hits of maxmove.  0 hits of dtmax.
Frms = 3.06848846338025e-06; Ftanrms = 3.06741759337449e-06
E =  0.00740 | E_L =  0.00740 | E_A =  0.00000 |   0 flippped triangles
E =  0.00638 | E_L =  0.00637 | E_A =  0.00000 |   0 flippped triangles
E =  0.00608 | E_L =  0.00607 | E_A =  0.00002 |   0 flippped triangles
E =  0.00589 | E_L =  0.00589 | E_A =  0.00000 |   0 flippped triangles
E =  0.00564 | E_L =  0.00564 | E_A =  0.00000 |   0 flippped triangles
E =  0.00557 | E_L =  0.00557 | E_A =  0.00000 |   0 flippped triangles
E =  0.00555 | E_L =  0.00555 | E_A =  0.00000 |   0 flippped triangles
E =  0.00555 | E_L =  0.00555 | E_A =  0.00000 |   0 flippped triangles
E =  0.00555 | E_L =  0.00555 | E_A =  0.00000 |   0 flippped triangles
Optimising mapping with BFGS...
E =  0.00555 | E_L =  0.00555 | E_A =  0.00000 |   0 flippped triangles
Transforming image...
Mapping optimised. Error: 0.005550695 ; 0 flipped triangles.
Inferring coordinates of datapoints
Inferring coordinates of landmarks
Mapping optimised. Error: 0.005550695 ; 0 flipped triangles. OD displacement: 7.490887 degrees.
Computing Kernel Density estimates of datapoints

[1] 0.7
Saving developmental_retina/data/C57BL6J/P12/AP/GM284-1/R-CONTRA/r.mat
