[1] "Adding old segment 1"
[1] "Adding old segment 3"
[1] "Adding old segment 4"
[1] "Adding old segment 5"
[1] "Adding old segment 6"
[1] "Adding old segment 7"
[1] "Intersection found. Old points:"
   X    Y 
  10 1869 
   X    Y 
 190 2129 
   X    Y 
 190 2129 
   X    Y 
 390 2379 
[1] "Point i+1 has been changed:"
   X    Y 
  10 1869 
   X    Y 
 190 2129 
   X    Y 
 190 2129 
   X    Y 
 390 2379 
[1] "a= 0.156173761888606"
[1] "l= 320.156211871642"
[1] "New points:"
   X    Y 
  10 1869 
   X    Y 
 190 2129 
        X         Y 
 358.7652 2339.9566 
   X    Y 
 390 2379 
[1] "Storing new segment 1"
[1] "Adding old segment 2"
[1] "Intersection found. Old points:"
   X    Y 
2610 3129 
   X    Y 
2390 3069 
   X    Y 
2390 3089 
   X    Y 
2410 2889 
[1] "Point i+1 has been changed:"
   X    Y 
2610 3129 
       X        Y 
2391.947 3069.531 
   X    Y 
2390 3089 
   X    Y 
2410 2889 
[1] "a= 0.275586280621894"
[1] "l= 181.431382894566"
[1] "New points:"
   X    Y 
2610 3129 
       X        Y 
2391.947 3069.531 
       X        Y 
2405.025 2938.752 
   X    Y 
2410 2889 
[1] "Storing new segment 2"
simplify.outline: Removing vertex 30
Triangulating...
[1] "Non-adjacent points in rim connected by line: 31 29"
[1] "In triangle: 144" "In triangle: 145"
[1] "Other points in triangles: 30 121"
[1] "Non-adjacent points in rim connected by line: 55 53"
[1] "In triangle: 118" "In triangle: 122"
[1] "Other points in triangles: 182 54"
[1] "Non-adjacent points in rim connected by line: 94 78"
[1] "In triangle: 21" "In triangle: 63"
[1] "Other points in triangles: 97 95"
[1] "Non-adjacent points in rim connected by line: 95 78"
[1] "In triangle: 47"  "In triangle: 801"
[1] "Other points in triangles: 96 456"
[1] "Non-adjacent points in rim connected by line: 96 95"
[1] "In triangle: 47" "In triangle: 84"
[1] "Other points in triangles: 457 77"
[1] "Non-adjacent points in rim connected by line: 105 48"
[1] "In triangle: 120" "In triangle: 155"
[1] "Other points in triangles: 111 49"
[1] "Non-adjacent points in rim connected by line: 123 17"
[1] "In triangle: 53"  "In triangle: 110"
[1] "Other points in triangles: 375 16"
Stitching...
Tear 1 child of rim
Tear 2 child of rim
Tear 3 child of rim
Tear 4 child of rim
Tear 1 : Sf = 3285.74950415118 ; Sb = 3862.43094525261
  Forwards path
    i = 4 ; sf/Sf = 0.0273910107530397 ; sf = 90
      k =    5 ; sb/Sb = 0 ; sb = 0
      k =    6 ; sb/Sb = 0.0687925839653687 ; sb = 265.706605111728
      Creating new point: f = 0.398168075309234
    i = 3 ; sf/Sf = 0.141955618925025 ; sf = 466.430604494374
      k =    5 ; sb/Sb = 0 ; sb = 0
      k =    6 ; sb/Sb = 0.0687925839653687 ; sb = 265.706605111728
      k =    7 ; sb/Sb = 0.107628229735131 ; sb = 415.706605111728
      k =    8 ; sb/Sb = 0.1764208137005 ; sb = 681.413210223457
      Creating new point: f = 0.498998397954847
    i = 113 ; sf/Sf = 0.206552707808324 ; sf = 678.680457262285
      k =    5 ; sb/Sb = 0 ; sb = 0
      k =    6 ; sb/Sb = 0.0687925839653687 ; sb = 265.706605111728
      k =    7 ; sb/Sb = 0.107628229735131 ; sb = 415.706605111728
      k =    8 ; sb/Sb = 0.1764208137005 ; sb = 681.413210223457
      k =    9 ; sb/Sb = 0.228844939900619 ; sb = 883.897777536623
      Creating new point: f = 0.574771508690515
    i = 2 ; sf/Sf = 0.271149796691624 ; sf = 890.930310030197
      k =    5 ; sb/Sb = 0 ; sb = 0
      k =    6 ; sb/Sb = 0.0687925839653687 ; sb = 265.706605111728
      k =    7 ; sb/Sb = 0.107628229735131 ; sb = 415.706605111728
      k =    8 ; sb/Sb = 0.1764208137005 ; sb = 681.413210223457
      k =    9 ; sb/Sb = 0.228844939900619 ; sb = 883.897777536623
      k =   10 ; sb/Sb = 0.304327867330198 ; sb = 1175.44537227889
      Creating new point: f = 0.560455963111297
    i = 1 ; sf/Sf = 0.286367024887757 ; sf = 940.930310030197
      k =    5 ; sb/Sb = 0 ; sb = 0
      k =    6 ; sb/Sb = 0.0687925839653687 ; sb = 265.706605111728
      k =    7 ; sb/Sb = 0.107628229735131 ; sb = 415.706605111728
      k =    8 ; sb/Sb = 0.1764208137005 ; sb = 681.413210223457
      k =    9 ; sb/Sb = 0.228844939900619 ; sb = 883.897777536623
      k =   10 ; sb/Sb = 0.304327867330198 ; sb = 1175.44537227889
      Creating new point: f = 0.762054241216367
    i = 90 ; sf/Sf = 0.368587599380831 ; sf = 1211.08652190184
      k =    5 ; sb/Sb = 0 ; sb = 0
      k =    6 ; sb/Sb = 0.0687925839653687 ; sb = 265.706605111728
      k =    7 ; sb/Sb = 0.107628229735131 ; sb = 415.706605111728
      k =    8 ; sb/Sb = 0.1764208137005 ; sb = 681.413210223457
      k =    9 ; sb/Sb = 0.228844939900619 ; sb = 883.897777536623
      k =   10 ; sb/Sb = 0.304327867330198 ; sb = 1175.44537227889
      k =   11 ; sb/Sb = 0.384295356356571 ; sb = 1484.3142765085
      Creating new point: f = 0.803573212476887
    i = 89 ; sf/Sf = 0.464829800929464 ; sf = 1527.31428791868
      k =    5 ; sb/Sb = 0 ; sb = 0
      k =    6 ; sb/Sb = 0.0687925839653687 ; sb = 265.706605111728
      k =    7 ; sb/Sb = 0.107628229735131 ; sb = 415.706605111728
      k =    8 ; sb/Sb = 0.1764208137005 ; sb = 681.413210223457
      k =    9 ; sb/Sb = 0.228844939900619 ; sb = 883.897777536623
      k =   10 ; sb/Sb = 0.304327867330198 ; sb = 1175.44537227889
      k =   11 ; sb/Sb = 0.384295356356571 ; sb = 1484.3142765085
      k =   12 ; sb/Sb = 0.449021432639509 ; sb = 1734.3142765085
      k =   13 ; sb/Sb = 0.560199656187942 ; sb = 2163.73248758018
      Creating new point: f = 0.142189430496414
    i = 88 ; sf/Sf = 0.584146844174223 ; sf = 1919.36020359693
      k =    5 ; sb/Sb = 0 ; sb = 0
      k =    6 ; sb/Sb = 0.0687925839653687 ; sb = 265.706605111728
      k =    7 ; sb/Sb = 0.107628229735131 ; sb = 415.706605111728
      k =    8 ; sb/Sb = 0.1764208137005 ; sb = 681.413210223457
      k =    9 ; sb/Sb = 0.228844939900619 ; sb = 883.897777536623
      k =   10 ; sb/Sb = 0.304327867330198 ; sb = 1175.44537227889
      k =   11 ; sb/Sb = 0.384295356356571 ; sb = 1484.3142765085
      k =   12 ; sb/Sb = 0.449021432639509 ; sb = 1734.3142765085
      k =   13 ; sb/Sb = 0.560199656187942 ; sb = 2163.73248758018
      k =   14 ; sb/Sb = 0.626207561388941 ; sb = 2418.68346325982
      Creating new point: f = 0.362792727831014
    i = 87 ; sf/Sf = 0.692904790345299 ; sf = 2276.71157130104
      k =    5 ; sb/Sb = 0 ; sb = 0
      k =    6 ; sb/Sb = 0.0687925839653687 ; sb = 265.706605111728
      k =    7 ; sb/Sb = 0.107628229735131 ; sb = 415.706605111728
      k =    8 ; sb/Sb = 0.1764208137005 ; sb = 681.413210223457
      k =    9 ; sb/Sb = 0.228844939900619 ; sb = 883.897777536623
      k =   10 ; sb/Sb = 0.304327867330198 ; sb = 1175.44537227889
      k =   11 ; sb/Sb = 0.384295356356571 ; sb = 1484.3142765085
      k =   12 ; sb/Sb = 0.449021432639509 ; sb = 1734.3142765085
      k =   13 ; sb/Sb = 0.560199656187942 ; sb = 2163.73248758018
      k =   14 ; sb/Sb = 0.626207561388941 ; sb = 2418.68346325982
      k =  268 ; sb/Sb = 0.721695526700403 ; sb = 2787.49913537802
      Creating new point: f = 0.698488325086885
    i = 86 ; sf/Sf = 0.772268142870698 ; sf = 2537.47966750915
      k =    5 ; sb/Sb = 0 ; sb = 0
      k =    6 ; sb/Sb = 0.0687925839653687 ; sb = 265.706605111728
      k =    7 ; sb/Sb = 0.107628229735131 ; sb = 415.706605111728
      k =    8 ; sb/Sb = 0.1764208137005 ; sb = 681.413210223457
      k =    9 ; sb/Sb = 0.228844939900619 ; sb = 883.897777536623
      k =   10 ; sb/Sb = 0.304327867330198 ; sb = 1175.44537227889
      k =   11 ; sb/Sb = 0.384295356356571 ; sb = 1484.3142765085
      k =   12 ; sb/Sb = 0.449021432639509 ; sb = 1734.3142765085
      k =   13 ; sb/Sb = 0.560199656187942 ; sb = 2163.73248758018
      k =   14 ; sb/Sb = 0.626207561388941 ; sb = 2418.68346325982
      k =  268 ; sb/Sb = 0.721695526700403 ; sb = 2787.49913537802
      k =   15 ; sb/Sb = 0.817183492011866 ; sb = 3156.31480749622
      Creating new point: f = 0.529622932118587
    i = 85 ; sf/Sf = 0.903277784493339 ; sf = 2967.94453250977
      k =    5 ; sb/Sb = 0 ; sb = 0
      k =    6 ; sb/Sb = 0.0687925839653687 ; sb = 265.706605111728
      k =    7 ; sb/Sb = 0.107628229735131 ; sb = 415.706605111728
      k =    8 ; sb/Sb = 0.1764208137005 ; sb = 681.413210223457
      k =    9 ; sb/Sb = 0.228844939900619 ; sb = 883.897777536623
      k =   10 ; sb/Sb = 0.304327867330198 ; sb = 1175.44537227889
      k =   11 ; sb/Sb = 0.384295356356571 ; sb = 1484.3142765085
      k =   12 ; sb/Sb = 0.449021432639509 ; sb = 1734.3142765085
      k =   13 ; sb/Sb = 0.560199656187942 ; sb = 2163.73248758018
      k =   14 ; sb/Sb = 0.626207561388941 ; sb = 2418.68346325982
      k =  268 ; sb/Sb = 0.721695526700403 ; sb = 2787.49913537802
      k =   15 ; sb/Sb = 0.817183492011866 ; sb = 3156.31480749622
      k =  123 ; sb/Sb = 0.933720497886272 ; sb = 3606.43094525261
      Creating new point: f = 0.738772133671076
Tear 2 : Sf = 1237.33534277533 ; Sb = 1899.6319482547
  Forwards path
    i = 23 ; sf/Sf = 0.0903582036412338 ; sf = 111.803398874989
      k =   24 ; sb/Sb = 0 ; sb = 0
      k =   25 ; sb/Sb = 0.191618957976812 ; sb = 364.005494464026
      Creating new point: f = 0.471551482145979
    i = 109 ; sf/Sf = 0.36326391353606 ; sf = 449.47927897305
      k =   24 ; sb/Sb = 0 ; sb = 0
      k =   25 ; sb/Sb = 0.191618957976812 ; sb = 364.005494464026
      k =   26 ; sb/Sb = 0.37526256913568 ; sb = 712.860765314274
      Creating new point: f = 0.934663364960517
    i = 22 ; sf/Sf = 0.636169623430887 ; sf = 787.155159071111
      k =   24 ; sb/Sb = 0 ; sb = 0
      k =   25 ; sb/Sb = 0.191618957976812 ; sb = 364.005494464026
      k =   26 ; sb/Sb = 0.37526256913568 ; sb = 712.860765314274
      k =   27 ; sb/Sb = 0.638102699704938 ; sb = 1212.16027462707
      Creating new point: f = 0.992645429486494
    i = 21 ; sf/Sf = 0.853630865860079 ; sf = 1056.22764001259
      k =   24 ; sb/Sb = 0 ; sb = 0
      k =   25 ; sb/Sb = 0.191618957976812 ; sb = 364.005494464026
      k =   26 ; sb/Sb = 0.37526256913568 ; sb = 712.860765314274
      k =   27 ; sb/Sb = 0.638102699704938 ; sb = 1212.16027462707
      k =   28 ; sb/Sb = 0.821444265246277 ; sb = 1560.44176997243
      k =   29 ; sb/Sb = 0.931363521115843 ; sb = 1769.24790015064
      Creating new point: f = 0.292820401295252
Tear 3 : Sf = 2744.07178865081 ; Sb = 1914.24646557535
  Forwards path
    i = 45 ; sf/Sf = 0.0407436129540766 ; sf = 111.803398874989
      k =   46 ; sb/Sb = 0 ; sb = 0
      k =   47 ; sb/Sb = 0.153730872530457 ; sb = 294.278779391243
      Creating new point: f = 0.265032080306475
    i = 44 ; sf/Sf = 0.206385316999299 ; sf = 566.33612596953
      k =   46 ; sb/Sb = 0 ; sb = 0
      k =   47 ; sb/Sb = 0.153730872530457 ; sb = 294.278779391243
      k =   48 ; sb/Sb = 0.249059702537778 ; sb = 476.76165530019
      Creating new point: f = 0.552345439095369
    i = 427 ; sf/Sf = 0.302219456771729 ; sf = 829.311885308675
      k =   46 ; sb/Sb = 0 ; sb = 0
      k =   47 ; sb/Sb = 0.153730872530457 ; sb = 294.278779391243
      k =   48 ; sb/Sb = 0.249059702537778 ; sb = 476.76165530019
      k =   49 ; sb/Sb = 0.290851604175666 ; sb = 556.76165530019
      k =  105 ; sb/Sb = 0.357718646796287 ; sb = 684.76165530019
      Creating new point: f = 0.170006809790591
    i = 224 ; sf/Sf = 0.398053596544159 ; sf = 1092.28764464782
      k =   46 ; sb/Sb = 0 ; sb = 0
      k =   47 ; sb/Sb = 0.153730872530457 ; sb = 294.278779391243
      k =   48 ; sb/Sb = 0.249059702537778 ; sb = 476.76165530019
      k =   49 ; sb/Sb = 0.290851604175666 ; sb = 556.76165530019
      k =  105 ; sb/Sb = 0.357718646796287 ; sb = 684.76165530019
      k =   50 ; sb/Sb = 0.475547460718365 ; sb = 910.315045893464
      Creating new point: f = 0.342318219162817
    i = 225 ; sf/Sf = 0.49388773631659 ; sf = 1355.26340398697
      k =   46 ; sb/Sb = 0 ; sb = 0
      k =   47 ; sb/Sb = 0.153730872530457 ; sb = 294.278779391243
      k =   48 ; sb/Sb = 0.249059702537778 ; sb = 476.76165530019
      k =   49 ; sb/Sb = 0.290851604175666 ; sb = 556.76165530019
      k =  105 ; sb/Sb = 0.357718646796287 ; sb = 684.76165530019
      k =   50 ; sb/Sb = 0.475547460718365 ; sb = 910.315045893464
      k =   51 ; sb/Sb = 0.543659927137293 ; sb = 1040.69909399752
      Creating new point: f = 0.26926459372977
    i = 43 ; sf/Sf = 0.58972187608902 ; sf = 1618.23916332611
      k =   46 ; sb/Sb = 0 ; sb = 0
      k =   47 ; sb/Sb = 0.153730872530457 ; sb = 294.278779391243
      k =   48 ; sb/Sb = 0.249059702537778 ; sb = 476.76165530019
      k =   49 ; sb/Sb = 0.290851604175666 ; sb = 556.76165530019
      k =  105 ; sb/Sb = 0.357718646796287 ; sb = 684.76165530019
      k =   50 ; sb/Sb = 0.475547460718365 ; sb = 910.315045893464
      k =   51 ; sb/Sb = 0.543659927137293 ; sb = 1040.69909399752
      k =   52 ; sb/Sb = 0.795768079958406 ; sb = 1523.29623447806
      Creating new point: f = 0.182707097871648
    i = 42 ; sf/Sf = 0.759246644321575 ; sf = 2083.42729731063
      k =   46 ; sb/Sb = 0 ; sb = 0
      k =   47 ; sb/Sb = 0.153730872530457 ; sb = 294.278779391243
      k =   48 ; sb/Sb = 0.249059702537778 ; sb = 476.76165530019
      k =   49 ; sb/Sb = 0.290851604175666 ; sb = 556.76165530019
      k =  105 ; sb/Sb = 0.357718646796287 ; sb = 684.76165530019
      k =   50 ; sb/Sb = 0.475547460718365 ; sb = 910.315045893464
      k =   51 ; sb/Sb = 0.543659927137293 ; sb = 1040.69909399752
      k =   52 ; sb/Sb = 0.795768079958406 ; sb = 1523.29623447806
      Creating new point: f = 0.855135840597964
    i = 41 ; sf/Sf = 0.886794327821534 ; sf = 2433.42729731063
      k =   46 ; sb/Sb = 0 ; sb = 0
      k =   47 ; sb/Sb = 0.153730872530457 ; sb = 294.278779391243
      k =   48 ; sb/Sb = 0.249059702537778 ; sb = 476.76165530019
      k =   49 ; sb/Sb = 0.290851604175666 ; sb = 556.76165530019
      k =  105 ; sb/Sb = 0.357718646796287 ; sb = 684.76165530019
      k =   50 ; sb/Sb = 0.475547460718365 ; sb = 910.315045893464
      k =   51 ; sb/Sb = 0.543659927137293 ; sb = 1040.69909399752
      k =   52 ; sb/Sb = 0.795768079958406 ; sb = 1523.29623447806
      k =   53 ; sb/Sb = 0.905968221314752 ; sb = 1734.24646557535
      Creating new point: f = 0.826008449197749
Tear 4 : Sf = 1425.18721545866 ; Sb = 961.380345891719
  Forwards path
    i = 67 ; sf/Sf = 0.155794291938192 ; sf = 222.036033111745
      k =   68 ; sb/Sb = 0 ; sb = 0
      k =   69 ; sb/Sb = 0.270444471962696 ; sb = 260
      Creating new point: f = 0.576067577967288
    i = 66 ; sf/Sf = 0.360362219281295 ; sf = 513.58362785401
      k =   68 ; sb/Sb = 0 ; sb = 0
      k =   69 ; sb/Sb = 0.270444471962696 ; sb = 260
      k =   70 ; sb/Sb = 0.701958775356366 ; sb = 674.849370253831
      Creating new point: f = 0.208377211627599
    i = 65 ; sf/Sf = 0.668135288834171 ; sf = 952.217871843236
      k =   68 ; sb/Sb = 0 ; sb = 0
      k =   69 ; sb/Sb = 0.270444471962696 ; sb = 260
      k =   70 ; sb/Sb = 0.701958775356366 ; sb = 674.849370253831
      Creating new point: f = 0.921616766220288
Tear 1 : Sf = 3862.43094525261 ; Sb = 3285.74950415118
  Backwards path
    i = 6 ; sf/Sf = 0.0687925839653687 ; sf = 265.706605111728
      k =    5 ; sb/Sb = 0 ; sb = 0
      k =    4 ; sb/Sb = 0.0273910107530397 ; sb = 90
      k =    3 ; sb/Sb = 0.141955618925025 ; sb = 466.430604494374
      Creating new point: f = 0.361381877640403
    i = 7 ; sf/Sf = 0.107628229735131 ; sf = 415.706605111728
      k =    5 ; sb/Sb = 0 ; sb = 0
      k =    4 ; sb/Sb = 0.0273910107530397 ; sb = 90
      k =    3 ; sb/Sb = 0.141955618925025 ; sb = 466.430604494374
      Creating new point: f = 0.700366546548469
    i = 8 ; sf/Sf = 0.1764208137005 ; sf = 681.413210223457
      k =    5 ; sb/Sb = 0 ; sb = 0
      k =    4 ; sb/Sb = 0.0273910107530397 ; sb = 90
      k =    3 ; sb/Sb = 0.141955618925025 ; sb = 466.430604494374
      k =  113 ; sb/Sb = 0.206552707808324 ; sb = 678.680457262285
      Creating new point: f = 0.533540990333789
    i = 9 ; sf/Sf = 0.228844939900619 ; sf = 883.897777536623
      k =    5 ; sb/Sb = 0 ; sb = 0
      k =    4 ; sb/Sb = 0.0273910107530397 ; sb = 90
      k =    3 ; sb/Sb = 0.141955618925025 ; sb = 466.430604494374
      k =  113 ; sb/Sb = 0.206552707808324 ; sb = 678.680457262285
      k =    2 ; sb/Sb = 0.271149796691624 ; sb = 890.930310030197
      Creating new point: f = 0.345096543476865
    i = 10 ; sf/Sf = 0.304327867330198 ; sf = 1175.44537227889
      k =    5 ; sb/Sb = 0 ; sb = 0
      k =    4 ; sb/Sb = 0.0273910107530397 ; sb = 90
      k =    3 ; sb/Sb = 0.141955618925025 ; sb = 466.430604494374
      k =  113 ; sb/Sb = 0.206552707808324 ; sb = 678.680457262285
      k =    2 ; sb/Sb = 0.271149796691624 ; sb = 890.930310030197
      k =    1 ; sb/Sb = 0.286367024887757 ; sb = 940.930310030197
      k =   90 ; sb/Sb = 0.368587599380831 ; sb = 1211.08652190184
      Creating new point: f = 0.218447056021899
    i = 11 ; sf/Sf = 0.384295356356571 ; sf = 1484.3142765085
      k =    5 ; sb/Sb = 0 ; sb = 0
      k =    4 ; sb/Sb = 0.0273910107530397 ; sb = 90
      k =    3 ; sb/Sb = 0.141955618925025 ; sb = 466.430604494374
      k =  113 ; sb/Sb = 0.206552707808324 ; sb = 678.680457262285
      k =    2 ; sb/Sb = 0.271149796691624 ; sb = 890.930310030197
      k =    1 ; sb/Sb = 0.286367024887757 ; sb = 940.930310030197
      k =   90 ; sb/Sb = 0.368587599380831 ; sb = 1211.08652190184
      k =   89 ; sb/Sb = 0.464829800929464 ; sb = 1527.31428791868
      Creating new point: f = 0.163210698872083
    i = 12 ; sf/Sf = 0.449021432639509 ; sf = 1734.3142765085
      k =    5 ; sb/Sb = 0 ; sb = 0
      k =    4 ; sb/Sb = 0.0273910107530397 ; sb = 90
      k =    3 ; sb/Sb = 0.141955618925025 ; sb = 466.430604494374
      k =  113 ; sb/Sb = 0.206552707808324 ; sb = 678.680457262285
      k =    2 ; sb/Sb = 0.271149796691624 ; sb = 890.930310030197
      k =    1 ; sb/Sb = 0.286367024887757 ; sb = 940.930310030197
      k =   90 ; sb/Sb = 0.368587599380831 ; sb = 1211.08652190184
      k =   89 ; sb/Sb = 0.464829800929464 ; sb = 1527.31428791868
      Creating new point: f = 0.835743904071371
    i = 13 ; sf/Sf = 0.560199656187942 ; sf = 2163.73248758018
      k =    5 ; sb/Sb = 0 ; sb = 0
      k =    4 ; sb/Sb = 0.0273910107530397 ; sb = 90
      k =    3 ; sb/Sb = 0.141955618925025 ; sb = 466.430604494374
      k =  113 ; sb/Sb = 0.206552707808324 ; sb = 678.680457262285
      k =    2 ; sb/Sb = 0.271149796691624 ; sb = 890.930310030197
      k =    1 ; sb/Sb = 0.286367024887757 ; sb = 940.930310030197
      k =   90 ; sb/Sb = 0.368587599380831 ; sb = 1211.08652190184
      k =   89 ; sb/Sb = 0.464829800929464 ; sb = 1527.31428791868
      k =   88 ; sb/Sb = 0.584146844174223 ; sb = 1919.36020359693
      Creating new point: f = 0.799297842663117
    i = 14 ; sf/Sf = 0.626207561388941 ; sf = 2418.68346325982
      k =    5 ; sb/Sb = 0 ; sb = 0
      k =    4 ; sb/Sb = 0.0273910107530397 ; sb = 90
      k =    3 ; sb/Sb = 0.141955618925025 ; sb = 466.430604494374
      k =  113 ; sb/Sb = 0.206552707808324 ; sb = 678.680457262285
      k =    2 ; sb/Sb = 0.271149796691624 ; sb = 890.930310030197
      k =    1 ; sb/Sb = 0.286367024887757 ; sb = 940.930310030197
      k =   90 ; sb/Sb = 0.368587599380831 ; sb = 1211.08652190184
      k =   89 ; sb/Sb = 0.464829800929464 ; sb = 1527.31428791868
      k =   88 ; sb/Sb = 0.584146844174223 ; sb = 1919.36020359693
      k =   87 ; sb/Sb = 0.692904790345299 ; sb = 2276.71157130104
      Creating new point: f = 0.386736957578772
    i = 268 ; sf/Sf = 0.721695526700403 ; sf = 2787.49913537802
      k =    5 ; sb/Sb = 0 ; sb = 0
      k =    4 ; sb/Sb = 0.0273910107530397 ; sb = 90
      k =    3 ; sb/Sb = 0.141955618925025 ; sb = 466.430604494374
      k =  113 ; sb/Sb = 0.206552707808324 ; sb = 678.680457262285
      k =    2 ; sb/Sb = 0.271149796691624 ; sb = 890.930310030197
      k =    1 ; sb/Sb = 0.286367024887757 ; sb = 940.930310030197
      k =   90 ; sb/Sb = 0.368587599380831 ; sb = 1211.08652190184
      k =   89 ; sb/Sb = 0.464829800929464 ; sb = 1527.31428791868
      k =   88 ; sb/Sb = 0.584146844174223 ; sb = 1919.36020359693
      k =   87 ; sb/Sb = 0.692904790345299 ; sb = 2276.71157130104
      k =   86 ; sb/Sb = 0.772268142870698 ; sb = 2537.47966750915
      Creating new point: f = 0.362771171314749
    i = 15 ; sf/Sf = 0.817183492011866 ; sf = 3156.31480749622
      k =    5 ; sb/Sb = 0 ; sb = 0
      k =    4 ; sb/Sb = 0.0273910107530397 ; sb = 90
      k =    3 ; sb/Sb = 0.141955618925025 ; sb = 466.430604494374
      k =  113 ; sb/Sb = 0.206552707808324 ; sb = 678.680457262285
      k =    2 ; sb/Sb = 0.271149796691624 ; sb = 890.930310030197
      k =    1 ; sb/Sb = 0.286367024887757 ; sb = 940.930310030197
      k =   90 ; sb/Sb = 0.368587599380831 ; sb = 1211.08652190184
      k =   89 ; sb/Sb = 0.464829800929464 ; sb = 1527.31428791868
      k =   88 ; sb/Sb = 0.584146844174223 ; sb = 1919.36020359693
      k =   87 ; sb/Sb = 0.692904790345299 ; sb = 2276.71157130104
      k =   86 ; sb/Sb = 0.772268142870698 ; sb = 2537.47966750915
      k =   85 ; sb/Sb = 0.90327778449334 ; sb = 2967.94453250977
      Creating new point: f = 0.34284002753432
    i = 123 ; sf/Sf = 0.933720497886272 ; sf = 3606.43094525261
      k =    5 ; sb/Sb = 0 ; sb = 0
      k =    4 ; sb/Sb = 0.0273910107530397 ; sb = 90
      k =    3 ; sb/Sb = 0.141955618925025 ; sb = 466.430604494374
      k =  113 ; sb/Sb = 0.206552707808324 ; sb = 678.680457262285
      k =    2 ; sb/Sb = 0.271149796691624 ; sb = 890.930310030197
      k =    1 ; sb/Sb = 0.286367024887757 ; sb = 940.930310030197
      k =   90 ; sb/Sb = 0.368587599380831 ; sb = 1211.08652190184
      k =   89 ; sb/Sb = 0.464829800929464 ; sb = 1527.31428791868
      k =   88 ; sb/Sb = 0.584146844174223 ; sb = 1919.36020359693
      k =   87 ; sb/Sb = 0.692904790345299 ; sb = 2276.71157130104
      k =   86 ; sb/Sb = 0.772268142870698 ; sb = 2537.47966750915
      k =   85 ; sb/Sb = 0.90327778449334 ; sb = 2967.94453250977
      k =   84 ; sb/Sb = 1 ; sb = 3285.74950415118
      Creating new point: f = 0.314743755955795
Tear 2 : Sf = 1899.6319482547 ; Sb = 1237.33534277533
  Backwards path
    i = 25 ; sf/Sf = 0.191618957976812 ; sf = 364.005494464026
      k =   24 ; sb/Sb = 0 ; sb = 0
      k =   23 ; sb/Sb = 0.0903582036412338 ; sb = 111.803398874989
      k =  109 ; sb/Sb = 0.36326391353606 ; sb = 449.47927897305
      Creating new point: f = 0.371046668003401
    i = 26 ; sf/Sf = 0.37526256913568 ; sf = 712.860765314274
      k =   24 ; sb/Sb = 0 ; sb = 0
      k =   23 ; sb/Sb = 0.0903582036412338 ; sb = 111.803398874989
      k =  109 ; sb/Sb = 0.36326391353606 ; sb = 449.47927897305
      k =   22 ; sb/Sb = 0.636169623430887 ; sb = 787.155159071111
      Creating new point: f = 0.0439663047147077
    i = 27 ; sf/Sf = 0.638102699704937 ; sf = 1212.16027462707
      k =   24 ; sb/Sb = 0 ; sb = 0
      k =   23 ; sb/Sb = 0.0903582036412338 ; sb = 111.803398874989
      k =  109 ; sb/Sb = 0.36326391353606 ; sb = 449.47927897305
      k =   22 ; sb/Sb = 0.636169623430887 ; sb = 787.155159071111
      k =   21 ; sb/Sb = 0.853630865860079 ; sb = 1056.22764001259
      Creating new point: f = 0.00888929104081639
    i = 28 ; sf/Sf = 0.821444265246277 ; sf = 1560.44176997243
      k =   24 ; sb/Sb = 0 ; sb = 0
      k =   23 ; sb/Sb = 0.0903582036412338 ; sb = 111.803398874989
      k =  109 ; sb/Sb = 0.36326391353606 ; sb = 449.47927897305
      k =   22 ; sb/Sb = 0.636169623430887 ; sb = 787.155159071111
      k =   21 ; sb/Sb = 0.853630865860079 ; sb = 1056.22764001259
      Creating new point: f = 0.851989254479301
    i = 29 ; sf/Sf = 0.931363521115843 ; sf = 1769.24790015064
      k =   24 ; sb/Sb = 0 ; sb = 0
      k =   23 ; sb/Sb = 0.0903582036412338 ; sb = 111.803398874989
      k =  109 ; sb/Sb = 0.36326391353606 ; sb = 449.47927897305
      k =   22 ; sb/Sb = 0.636169623430887 ; sb = 787.155159071111
      k =   21 ; sb/Sb = 0.853630865860079 ; sb = 1056.22764001259
      k =   20 ; sb/Sb = 1 ; sb = 1237.33534277533
      Creating new point: f = 0.531072727269509
Tear 3 : Sf = 1914.24646557535 ; Sb = 2744.07178865081
  Backwards path
    i = 47 ; sf/Sf = 0.153730872530457 ; sf = 294.278779391243
      k =   46 ; sb/Sb = 0 ; sb = 0
      k =   45 ; sb/Sb = 0.0407436129540766 ; sb = 111.803398874989
      k =   44 ; sb/Sb = 0.206385316999299 ; sb = 566.33612596953
      Creating new point: f = 0.682118432840646
    i = 48 ; sf/Sf = 0.249059702537778 ; sf = 476.76165530019
      k =   46 ; sb/Sb = 0 ; sb = 0
      k =   45 ; sb/Sb = 0.0407436129540766 ; sb = 111.803398874989
      k =   44 ; sb/Sb = 0.206385316999299 ; sb = 566.33612596953
      k =  427 ; sb/Sb = 0.302219456771729 ; sb = 829.311885308675
      Creating new point: f = 0.445294188895675
    i = 49 ; sf/Sf = 0.290851604175666 ; sf = 556.76165530019
      k =   46 ; sb/Sb = 0 ; sb = 0
      k =   45 ; sb/Sb = 0.0407436129540766 ; sb = 111.803398874989
      k =   44 ; sb/Sb = 0.206385316999299 ; sb = 566.33612596953
      k =  427 ; sb/Sb = 0.302219456771729 ; sb = 829.311885308675
      Creating new point: f = 0.881379927622269
    i = 105 ; sf/Sf = 0.357718646796287 ; sf = 684.76165530019
      k =   46 ; sb/Sb = 0 ; sb = 0
      k =   45 ; sb/Sb = 0.0407436129540766 ; sb = 111.803398874989
      k =   44 ; sb/Sb = 0.206385316999299 ; sb = 566.33612596953
      k =  427 ; sb/Sb = 0.302219456771729 ; sb = 829.311885308675
      k =  224 ; sb/Sb = 0.398053596544159 ; sb = 1092.28764464782
      Creating new point: f = 0.579117109584822
    i = 50 ; sf/Sf = 0.475547460718365 ; sf = 910.315045893464
      k =   46 ; sb/Sb = 0 ; sb = 0
      k =   45 ; sb/Sb = 0.0407436129540766 ; sb = 111.803398874989
      k =   44 ; sb/Sb = 0.206385316999299 ; sb = 566.33612596953
      k =  427 ; sb/Sb = 0.302219456771729 ; sb = 829.311885308675
      k =  224 ; sb/Sb = 0.398053596544159 ; sb = 1092.28764464782
      k =  225 ; sb/Sb = 0.49388773631659 ; sb = 1355.26340398697
      Creating new point: f = 0.80862482157427
    i = 51 ; sf/Sf = 0.543659927137293 ; sf = 1040.69909399752
      k =   46 ; sb/Sb = 0 ; sb = 0
      k =   45 ; sb/Sb = 0.0407436129540766 ; sb = 111.803398874989
      k =   44 ; sb/Sb = 0.206385316999299 ; sb = 566.33612596953
      k =  427 ; sb/Sb = 0.302219456771729 ; sb = 829.311885308675
      k =  224 ; sb/Sb = 0.398053596544159 ; sb = 1092.28764464782
      k =  225 ; sb/Sb = 0.49388773631659 ; sb = 1355.26340398697
      k =   43 ; sb/Sb = 0.58972187608902 ; sb = 1618.23916332611
      Creating new point: f = 0.519357620769517
    i = 52 ; sf/Sf = 0.795768079958406 ; sf = 1523.29623447806
      k =   46 ; sb/Sb = 0 ; sb = 0
      k =   45 ; sb/Sb = 0.0407436129540766 ; sb = 111.803398874989
      k =   44 ; sb/Sb = 0.206385316999299 ; sb = 566.33612596953
      k =  427 ; sb/Sb = 0.302219456771729 ; sb = 829.311885308675
      k =  224 ; sb/Sb = 0.398053596544159 ; sb = 1092.28764464782
      k =  225 ; sb/Sb = 0.49388773631659 ; sb = 1355.26340398697
      k =   43 ; sb/Sb = 0.58972187608902 ; sb = 1618.23916332611
      k =   42 ; sb/Sb = 0.759246644321575 ; sb = 2083.42729731063
      k =   41 ; sb/Sb = 0.886794327821534 ; sb = 2433.42729731063
      Creating new point: f = 0.286335546320151
    i = 53 ; sf/Sf = 0.905968221314752 ; sf = 1734.24646557535
      k =   46 ; sb/Sb = 0 ; sb = 0
      k =   45 ; sb/Sb = 0.0407436129540766 ; sb = 111.803398874989
      k =   44 ; sb/Sb = 0.206385316999299 ; sb = 566.33612596953
      k =  427 ; sb/Sb = 0.302219456771729 ; sb = 829.311885308675
      k =  224 ; sb/Sb = 0.398053596544159 ; sb = 1092.28764464782
      k =  225 ; sb/Sb = 0.49388773631659 ; sb = 1355.26340398697
      k =   43 ; sb/Sb = 0.58972187608902 ; sb = 1618.23916332611
      k =   42 ; sb/Sb = 0.759246644321575 ; sb = 2083.42729731063
      k =   41 ; sb/Sb = 0.886794327821534 ; sb = 2433.42729731063
      k =   40 ; sb/Sb = 1 ; sb = 2744.07178865081
      Creating new point: f = 0.1693721977375
Tear 4 : Sf = 961.380345891719 ; Sb = 1425.18721545866
  Backwards path
    i = 69 ; sf/Sf = 0.270444471962696 ; sf = 260
      k =   68 ; sb/Sb = 0 ; sb = 0
      k =   67 ; sb/Sb = 0.155794291938192 ; sb = 222.036033111745
      k =   66 ; sb/Sb = 0.360362219281295 ; sb = 513.58362785401
      Creating new point: f = 0.560450416219018
    i = 70 ; sf/Sf = 0.701958775356366 ; sf = 674.849370253831
      k =   68 ; sb/Sb = 0 ; sb = 0
      k =   67 ; sb/Sb = 0.155794291938192 ; sb = 222.036033111745
      k =   66 ; sb/Sb = 0.360362219281295 ; sb = 513.58362785401
      k =   65 ; sb/Sb = 0.668135288834171 ; sb = 952.217871843236
      k =   64 ; sb/Sb = 1 ; sb = 1425.18721545866
      Creating new point: f = 0.101919503292093
Triangulating...
[1] "Non-adjacent points in rim connected by line: 96 95"
[1] "In triangle: 116" "In triangle: 121"
[1] "Other points in triangles: 458 457"
[1] "Non-adjacent points in rim connected by line: 105 48"
[1] "In triangle: 700" "In triangle: 705"
[1] "Other points in triangles: 478 459"
[1] "Non-adjacent points in rim connected by line: 461 7"
[1] "In triangle: 108" "In triangle: 416"
[1] "Other points in triangles: 6 244"
[1] "Non-adjacent points in rim connected by line: 478 48"
[1] "In triangle: 703" "In triangle: 959"
[1] "Other points in triangles: 49 562"
[1] "Non-adjacent points in rim connected by line: 489 488"
[1] "In triangle: 98"  "In triangle: 101"
[1] "Other points in triangles: 541 3"
Merging points...
Projecting to sphere...
Optimising mapping with FIRE...
E =  0.00623 | E_L =  0.00623 | E_A =  0.00000 |   0 flippped triangles
E =  0.00556 | E_L =  0.00556 | E_A =  0.00000 |  56 flippped triangles
        phi0    phi0.1    phi0.2   phi0.3    phi0.4    phi0.5     phi0.6
id  36.00000    98.000  100.0000   101.00    112.00   115.000 116.000000
A   12.67863  7461.123  248.0201  3708.34  10910.13  6398.834   3.169657
a  -22.51311 -7277.715 -244.0908 -3514.57 -11170.22 -4998.015  -3.695123
      phi0.7    phi0.8    phi0.9   phi0.10   phi0.11   phi0.12   phi0.13
id 118.00000 120.00000  126.0000 130.00000  131.0000  135.0000    201.00
A   19.82861  14.26971  172.6144  19.93799  301.7211  110.6100  13150.92
a  -20.72203 -27.00936 -195.9509 -14.62669 -314.7250 -109.2737 -12488.72
     phi0.14   phi0.15   phi0.16   phi0.17   phi0.18   phi0.19   phi0.20
id   237.000    245.00    273.00    280.00    282.00  299.0000    356.00
A  18772.589  19541.34  14996.88  17574.19  19504.19  208.7167  37433.43
a  -5137.919 -12553.51 -10228.12 -10352.42 -15083.67 -205.8750 -11494.41
    phi0.21   phi0.22    phi0.23   phi0.24   phi0.25    phi0.26   phi0.27
id   357.00   361.000  437.00000   438.000  440.0000 442.000000    461.00
A  42348.47 36275.344 1035.07498  4247.010  730.8523   7.705799  12575.84
a  -2259.98 -9823.622  -98.64197 -1223.007 -246.4329  -9.593854 -10612.92
     phi0.28   phi0.29   phi0.30   phi0.31   phi0.32  phi0.33   phi0.34
id  466.0000   467.000    471.00    510.00    538.00   672.00   684.000
A   296.8827 20379.226  35405.25  13132.46  33911.15 39311.67  6455.622
a  -381.7451 -3435.541 -28830.15 -14323.77 -24878.61 -1501.46 -1333.071
     phi0.35   phi0.36   phi0.37   phi0.38   phi0.39   phi0.40   phi0.41
id   700.000   701.000    702.00   705.000    707.00    709.00    717.00
A   1948.447  2956.281  30931.25  1644.321  17159.43  13571.33  18201.35
a  -2207.905 -3622.537 -28095.05 -1879.339 -14631.69 -14906.12 -14924.87
     phi0.42   phi0.43   phi0.44   phi0.45   phi0.46   phi0.47   phi0.48
id  795.0000   797.000   803.000 805.00000   849.000    882.00   898.000
A   699.7597  5756.848  1322.173  18.16276 32707.845  22063.06  4818.439
a  -628.4538 -2148.386 -1396.714 -12.63516 -4138.437 -15806.50 -2258.732
     phi0.49   phi0.50   phi0.51    phi0.52   phi0.53   phi0.54   phi0.55
id    899.00   946.000   949.000 958.000000  959.0000   960.000  964.0000
A   15418.71 25141.785  5805.000   7.152751  468.1490  1169.370  827.7759
a  -14578.06 -1221.036 -5599.862  -3.488101 -375.2391 -1236.009 -897.5006
E =  0.00540 | E_L =  0.00540 | E_A =  0.00000 |  57 flippped triangles
        phi0    phi0.1    phi0.2    phi0.3    phi0.4    phi0.5    phi0.6
id  30.00000     34.00    98.000  100.0000   101.000 111.00000   112.000
A   17.14049  29642.30  7461.123  248.0201  3708.340 134.25209 10910.128
a  -19.44172 -13834.24 -6674.088 -235.5034 -3560.507 -35.38769 -9146.149
      phi0.7    phi0.8    phi0.9   phi0.10   phi0.11   phi0.12   phi0.13
id   115.000 118.00000 120.00000  126.0000 130.00000  131.0000  135.0000
A   6398.834  19.82861  14.26971  172.6144  19.93799  301.7211  110.6100
a  -4816.324 -20.68905 -21.46519 -190.3359 -17.99872 -310.4394 -106.5543
     phi0.14   phi0.15   phi0.16   phi0.17   phi0.18   phi0.19   phi0.20
id    201.00   245.000    280.00    282.00  299.0000   319.000  437.0000
A   13150.92 19541.344  17574.19  19504.19  208.7167 21081.742 1035.0750
a  -10514.78 -4733.849 -13033.13 -12701.33 -203.8270 -8085.148 -106.2095
    phi0.21   phi0.22    phi0.23   phi0.24   phi0.25   phi0.26   phi0.27
id  438.000  440.0000 442.000000    460.00   461.000  466.0000    470.00
A  4247.010  730.8523   7.705799  44119.43 12575.841  296.8827  35951.05
a  -581.243 -275.9350 -10.362214 -34691.99 -9104.344 -415.2541 -28320.70
     phi0.28   phi0.29    phi0.30   phi0.31   phi0.32   phi0.33  phi0.34
id    471.00    510.00   535.0000    538.00    670.00   682.000  684.000
A   35405.25  13132.46 32267.5249  33911.15  16836.62  6715.110 6455.622
a  -28622.04 -15605.71  -456.7834 -26431.86 -12736.25 -6972.584 -863.610
     phi0.35   phi0.36   phi0.37   phi0.38   phi0.39   phi0.40   phi0.41
id   700.000   701.000    702.00   705.000    707.00    709.00    717.00
A   1948.447  2956.281  30931.25  1644.321  17159.43  13571.33  18201.35
a  -2114.380 -2386.913 -28794.12 -1835.954 -14919.04 -14987.81 -10061.76
     phi0.42   phi0.43   phi0.44   phi0.45   phi0.46   phi0.47   phi0.48
id  795.0000   797.000   803.000 805.00000   849.000    876.00   882.000
A   699.7597  5756.848  1322.173  18.16276 32707.845  19995.17 22063.058
a  -656.4905 -1732.949 -1308.432 -14.09264 -1429.763 -15185.45 -9749.782
     phi0.49   phi0.50   phi0.51    phi0.52    phi0.53   phi0.54   phi0.55
id   898.000    899.00   949.000 957.000000 958.000000  959.0000   960.000
A   4818.439  15418.71  5805.000   4.285122   7.152751  468.1490  1169.370
a  -2330.756 -15290.12 -5572.415  -3.635145  -8.063238 -370.0126 -1285.674
     phi0.56
id  964.0000
A   827.7759
a  -871.6755
E =  0.00536 | E_L =  0.00536 | E_A =  0.00000 |  55 flippped triangles
        phi0    phi0.1    phi0.2    phi0.3    phi0.4    phi0.5    phi0.6
id  30.00000     34.00    98.000  100.0000   101.000 111.00000   112.000
A   17.14049  29642.30  7461.123  248.0201  3708.340 134.25209 10910.128
a  -20.57135 -14655.26 -7566.762 -219.0806 -3694.405 -34.91505 -9090.635
      phi0.7    phi0.8    phi0.9   phi0.10   phi0.11   phi0.12   phi0.13
id   115.000 118.00000 120.00000  126.0000 130.00000  131.0000  135.0000
A   6398.834  19.82861  14.26971  172.6144  19.93799  301.7211  110.6100
a  -4723.341 -20.32482 -22.90949 -193.5986 -17.77040 -301.3948 -100.5473
     phi0.14   phi0.15   phi0.16   phi0.17   phi0.18   phi0.19   phi0.20
id    201.00    280.00  299.0000    319.00  437.0000  438.0000  440.0000
A   13150.92  17574.19  208.7167  21081.74 1035.0750 4247.0103  730.8523
a  -10401.29 -12747.34 -217.8944 -15051.27 -349.8871 -481.0231 -449.6707
      phi0.21    phi0.22   phi0.23   phi0.24   phi0.25   phi0.26   phi0.27
id   441.0000 442.000000    460.00   461.000  466.0000    470.00    471.00
A  31707.3174   7.705799  44119.43 12575.841  296.8827  35951.05  35405.25
a   -566.2225 -10.845369 -34279.76 -9014.319 -416.0764 -27865.51 -29267.77
     phi0.28   phi0.29   phi0.30    phi0.31   phi0.32   phi0.33   phi0.34
id    510.00    535.00    538.00   605.0000    670.00   682.000  684.0000
A   13132.46  32267.52  33911.15 10259.7872  16836.62  6715.110 6455.6219
a  -15304.55 -10069.81 -26577.54  -901.5734 -12697.51 -6971.979 -229.6259
     phi0.35   phi0.36   phi0.37   phi0.38   phi0.39   phi0.40   phi0.41
id   700.000   701.000    702.00   705.000    707.00    709.00  795.0000
A   1948.447  2956.281  30931.25  1644.321  17159.43  13571.33  699.7597
a  -2059.401 -2313.979 -29264.84 -1808.512 -15170.64 -15213.44 -645.5668
     phi0.42   phi0.43   phi0.44    phi0.45   phi0.46   phi0.47   phi0.48
id   797.000   803.000 805.00000   849.0000    876.00   898.000    899.00
A   5756.848  1322.173  18.16276 32707.8454  19995.17  4818.439  15418.71
a  -1397.495 -1215.320 -14.98750  -531.5161 -15729.69 -2351.408 -15520.31
     phi0.49    phi0.50    phi0.51   phi0.52   phi0.53   phi0.54
id   949.000 957.000000 958.000000  959.0000   960.000  964.0000
A   5805.000   4.285122   7.152751  468.1490  1169.370  827.7759
a  -5587.294  -3.736236  -7.835088 -429.2557 -1282.507 -877.2222
E =  0.00533 | E_L =  0.00533 | E_A =  0.00000 |  57 flippped triangles
        phi0    phi0.1    phi0.2    phi0.3    phi0.4    phi0.5    phi0.6
id  30.00000     34.00    98.000  100.0000   101.000 111.00000   112.000
A   17.14049  29642.30  7461.123  248.0201  3708.340 134.25209 10910.128
a  -20.73543 -15821.27 -7032.636 -224.6668 -3581.139 -58.21304 -9120.568
      phi0.7    phi0.8    phi0.9   phi0.10   phi0.11   phi0.12   phi0.13
id   115.000 118.00000 120.00000  126.0000 130.00000  131.0000  135.0000
A   6398.834  19.82861  14.26971  172.6144  19.93799  301.7211  110.6100
a  -4820.011 -19.98740 -23.39912 -188.5654 -18.04531 -307.3518 -100.6288
     phi0.14   phi0.15   phi0.16   phi0.17    phi0.18   phi0.19   phi0.20
id    201.00    280.00  299.0000    319.00  437.00000  438.0000  440.0000
A   13150.92  17574.19  208.7167  21081.74 1035.07498 4247.0103  730.8523
a  -10394.17 -12560.37 -205.5500 -16877.83  -33.07679 -283.7811 -246.5552
     phi0.21    phi0.22   phi0.23   phi0.24   phi0.25   phi0.26   phi0.27
id   441.000 442.000000    460.00   461.000  466.0000    470.00    471.00
A  31707.317   7.705799  44119.43 12575.841  296.8827  35951.05  35405.25
a  -2905.049 -10.691448 -34146.45 -7983.207 -417.5719 -27288.28 -29725.18
     phi0.28   phi0.29   phi0.30   phi0.31   phi0.32   phi0.33   phi0.34
id    510.00    513.00    535.00    538.00   605.000    670.00   682.000
A   13132.46  17561.65  32267.52  33911.15 10259.787  16836.62  6715.110
a  -15561.74 -11247.06 -12675.89 -26955.36 -1994.474 -12828.97 -7040.265
     phi0.35   phi0.36   phi0.37   phi0.38   phi0.39   phi0.40   phi0.41
id  684.0000   695.000   700.000   701.000    702.00   705.000    707.00
A  6455.6219 16256.809  1948.447  2956.281  30931.25  1644.321  17159.43
a  -146.0526 -1408.339 -2035.492 -2064.183 -31087.03 -1785.878 -15758.44
     phi0.42   phi0.43   phi0.44   phi0.45   phi0.46   phi0.47   phi0.48
id    709.00  795.0000   797.000   803.000 805.00000   849.000    876.00
A   13571.33  699.7597  5756.848  1322.173  18.16276 32707.845  19995.17
a  -15241.59 -649.6479 -1255.513 -1223.159 -14.73269 -1498.752 -16568.07
     phi0.49   phi0.50   phi0.51    phi0.52    phi0.53   phi0.54   phi0.55
id   898.000    899.00   949.000 957.000000 958.000000  959.0000   960.000
A   4818.439  15418.71  5805.000   4.285122   7.152751  468.1490  1169.370
a  -2278.113 -15758.30 -5651.572  -3.734975  -7.877480 -426.0673 -1279.767
     phi0.56
id  964.0000
A   827.7759
a  -872.8350
E =  0.00532 | E_L =  0.00532 | E_A =  0.00000 |  57 flippped triangles
        phi0    phi0.1    phi0.2    phi0.3    phi0.4   phi0.5    phi0.6
id  30.00000     34.00    98.000  100.0000   101.000 111.0000   112.000
A   17.14049  29642.30  7461.123  248.0201  3708.340 134.2521 10910.128
a  -20.52978 -15404.66 -7383.096 -223.0665 -3627.932 -46.9538 -9135.778
      phi0.7    phi0.8    phi0.9   phi0.10   phi0.11   phi0.12   phi0.13
id   115.000 118.00000 120.00000  126.0000 130.00000  131.0000  135.0000
A   6398.834  19.82861  14.26971  172.6144  19.93799  301.7211  110.6100
a  -4816.012 -20.18092 -22.99959 -191.4016 -18.02628 -305.5913 -101.3659
     phi0.14   phi0.15   phi0.16   phi0.17   phi0.18   phi0.19   phi0.20
id    201.00    280.00  299.0000    319.00  437.0000  438.0000  440.0000
A   13150.92  17574.19  208.7167  21081.74 1035.0750 4247.0103  730.8523
a  -10411.43 -12369.21 -210.9374 -15310.06 -159.9973 -287.4604 -329.0742
    phi0.21    phi0.22   phi0.23   phi0.24   phi0.25   phi0.26   phi0.27
id   441.00 442.000000    460.00   461.000  466.0000    470.00    471.00
A  31707.32   7.705799  44119.43 12575.841  296.8827  35951.05  35405.25
a  -3757.61 -10.831468 -33599.04 -8435.566 -417.5664 -27025.45 -29657.95
     phi0.28   phi0.29   phi0.30   phi0.31    phi0.32   phi0.33   phi0.34
id    510.00    513.00    535.00    538.00   605.0000    670.00   682.000
A   13132.46  17561.65  32267.52  33911.15 10259.7872  16836.62  6715.110
a  -15386.13 -16652.75 -10527.63 -26749.51  -367.2882 -12874.02 -7075.529
     phi0.35   phi0.36   phi0.37   phi0.38   phi0.39   phi0.40   phi0.41
id   690.000   695.000   700.000   701.000    702.00   705.000    707.00
A  42620.723 16256.809  1948.447  2956.281  30931.25  1644.321  17159.43
a  -3386.059 -5969.268 -2064.116 -2289.510 -32366.37 -1795.042 -16119.04
     phi0.42   phi0.43   phi0.44   phi0.45   phi0.46   phi0.47   phi0.48
id    709.00  795.0000   797.000   803.000 805.00000   849.000    876.00
A   13571.33  699.7597  5756.848  1322.173  18.16276 32707.845  19995.17
a  -15240.08 -641.7613 -1175.518 -1177.220 -15.08354 -1503.633 -16164.13
     phi0.49   phi0.50   phi0.51    phi0.52    phi0.53   phi0.54   phi0.55
id   898.000    899.00   949.000 957.000000 958.000000  959.0000   960.000
A   4818.439  15418.71  5805.000   4.285122   7.152751  468.1490  1169.370
a  -2274.877 -15902.76 -5618.198  -3.764888  -8.057657 -437.1255 -1279.975
     phi0.56
id  964.0000
A   827.7759
a  -880.5835
FIRE:  11  stops.  2 hits of maxmove.  0 hits of dtmax.
Frms = 9.40559234950923e-06; Ftanrms = 9.40519287904546e-06
E =  0.00801 | E_L =  0.00796 | E_A =  0.00005 |   0 flippped triangles
E =  0.00670 | E_L =  0.00670 | E_A =  0.00000 |   0 flippped triangles
E =  0.00651 | E_L =  0.00651 | E_A =  0.00000 |   0 flippped triangles
E =  0.00637 | E_L =  0.00637 | E_A =  0.00000 |   0 flippped triangles
E =  0.00637 | E_L =  0.00637 | E_A =  0.00000 |   0 flippped triangles
Optimising mapping with BFGS...
E =  0.00635 | E_L =  0.00635 | E_A =  0.00000 |   0 flippped triangles
E =  0.00635 | E_L =  0.00635 | E_A =  0.00000 |   0 flippped triangles
Transforming image...
Mapping optimised. Error: 0.00634868 ; 0 flipped triangles.
Inferring coordinates of datapoints
Inferring coordinates of landmarks
Mapping optimised. Error: 0.00634868 ; 0 flipped triangles. OD displacement: 10.0627 degrees.
Computing Kernel Density estimates of datapoints

[1] 0.8
Saving developmental_retina/data/C57BL6J/P2/AP/GM117-4/R-CONTRA/r.mat
