[1] "Adding old segment 1"
[1] "Storing new segment 1"
[1] "Adding old segment 2"
[1] "Adding old segment 3"
[1] "Adding old segment 4"
[1] "Adding old segment 5"
[1] "Intersection found. Old points:"
    X     Y 
-1520  2819 
    X     Y 
-2140  2909 
    X     Y 
-2100  2909 
    X     Y 
-2320  2659 
[1] "Point i+1 has been changed:"
    X     Y 
-1520  2819 
        X         Y 
-2104.531  2903.851 
    X     Y 
-2100  2909 
    X     Y 
-2320  2659 
[1] "a= 0.153299909764134"
[1] "l= 326.158052388483"
[1] "New points:"
    X     Y 
-1520  2819 
        X         Y 
-2104.531  2903.851 
        X         Y 
-2286.969  2696.536 
    X     Y 
-2320  2659 
[1] "Intersection found. Old points:"
    X     Y 
 -140 -2721 
    X     Y 
  750 -3031 
    X     Y 
  680 -3031 
    X     Y 
 1190 -3031 
[1] "Point i+1 has been changed:"
    X     Y 
 -140 -2721 
    X     Y 
  750 -3031 
    X     Y 
  680 -3031 
    X     Y 
 1190 -3031 
[1] "a= 0.113636363636363"
[1] "l= 440.000000000003"
[1] "New points:"
    X     Y 
 -140 -2721 
    X     Y 
  750 -3031 
    X     Y 
 1140 -3031 
    X     Y 
 1190 -3031 
[1] "Storing new segment 2"
simplify.outline: Removing vertex 45
Triangulating...
[1] "Non-adjacent points in rim connected by line: 11 9"
[1] "In triangle: 102" "In triangle: 113"
[1] "Other points in triangles: 118 10"
[1] "Non-adjacent points in rim connected by line: 21 19"
[1] "In triangle: 108" "In triangle: 109"
[1] "Other points in triangles: 20 148"
[1] "Non-adjacent points in rim connected by line: 59 56"
[1] "In triangle: 65"  "In triangle: 132"
[1] "Other points in triangles: 57 166"
[1] "Non-adjacent points in rim connected by line: 59 57"
[1] "In triangle: 65" "In triangle: 80"
[1] "Other points in triangles: 451 58"
[1] "Non-adjacent points in rim connected by line: 70 68"
[1] "In triangle: 86"  "In triangle: 103"
[1] "Other points in triangles: 72 74"
[1] "Non-adjacent points in rim connected by line: 74 68"
[1] "In triangle: 27"  "In triangle: 804"
[1] "Other points in triangles: 75 453"
[1] "Non-adjacent points in rim connected by line: 75 74"
[1] "In triangle: 27"  "In triangle: 129"
[1] "Other points in triangles: 454 76"
[1] "Non-adjacent points in rim connected by line: 76 75"
[1] "In triangle: 68"  "In triangle: 129"
[1] "Other points in triangles: 1 455"
Stitching...
Tear 1 child of rim
Tear 2 child of rim
Tear 3 child of rim
Tear 4 child of rim
Tear 5 child of rim
Tear 6 child of rim
Tear 7 child of rim
Tear 8 child of rim
Tear 9 child of forward side of tear 8
Tear 1 : Sf = 1718.48601160312 ; Sb = 1824.73588741486
  Forwards path
    i = 42 ; sf/Sf = 0.23865305293094 ; sf = 410.121933088198
      k =   41 ; sb/Sb = 0 ; sb = 0
      k =   40 ; sb/Sb = 0.282112885815302 ; sb = 514.78150704935
      Creating new point: f = 0.845948784796682
    i = 95 ; sf/Sf = 0.50980261938891 ; sf = 876.08867009847
      k =   41 ; sb/Sb = 0 ; sb = 0
      k =   40 ; sb/Sb = 0.282112885815302 ; sb = 514.78150704935
      k =   39 ; sb/Sb = 0.546587949745925 ; sb = 997.378647529896
      Creating new point: f = 0.860911914301818
    i = 43 ; sf/Sf = 0.780952185846881 ; sf = 1342.05540710874
      k =   41 ; sb/Sb = 0 ; sb = 0
      k =   40 ; sb/Sb = 0.282112885815302 ; sb = 514.78150704935
      k =   39 ; sb/Sb = 0.546587949745925 ; sb = 997.378647529896
      k =   38 ; sb/Sb = 0.806942855946538 ; sb = 1472.45758833868
      Creating new point: f = 0.900172151625864
Tear 2 : Sf = 3241.69102807917 ; Sb = 3195.82841164698
  Forwards path
    i = 7 ; sf/Sf = 0.123392388890627 ; sf = 400
      k =    6 ; sb/Sb = 0 ; sb = 0
      k =    5 ; sb/Sb = 0.124575081470884 ; sb = 398.120584747888
      Creating new point: f = 0.99050618658007
    i = 141 ; sf/Sf = 0.19588541736387 ; sf = 635
      k =    6 ; sb/Sb = 0 ; sb = 0
      k =    5 ; sb/Sb = 0.124575081470884 ; sb = 398.120584747888
      k =    4 ; sb/Sb = 0.310643503581909 ; sb = 992.763334640628
      Creating new point: f = 0.383247920759147
    i = 8 ; sf/Sf = 0.268378445837113 ; sf = 870
      k =    6 ; sb/Sb = 0 ; sb = 0
      k =    5 ; sb/Sb = 0.124575081470884 ; sb = 398.120584747888
      k =    4 ; sb/Sb = 0.310643503581909 ; sb = 992.763334640628
      Creating new point: f = 0.772852065572
    i = 9 ; sf/Sf = 0.373895172930139 ; sf = 1212.05262752974
      k =    6 ; sb/Sb = 0 ; sb = 0
      k =    5 ; sb/Sb = 0.124575081470884 ; sb = 398.120584747888
      k =    4 ; sb/Sb = 0.310643503581909 ; sb = 992.763334640628
      k =    3 ; sb/Sb = 0.395128640210648 ; sb = 1262.76333464063
      Creating new point: f = 0.748672155508045
    i = 10 ; sf/Sf = 0.433472744477023 ; sf = 1405.18470668802
      k =    6 ; sb/Sb = 0 ; sb = 0
      k =    5 ; sb/Sb = 0.124575081470884 ; sb = 398.120584747888
      k =    4 ; sb/Sb = 0.310643503581909 ; sb = 992.763334640628
      k =    3 ; sb/Sb = 0.395128640210648 ; sb = 1262.76333464063
      k =   88 ; sb/Sb = 0.492796518611984 ; sb = 1574.8931153409
      Creating new point: f = 0.392596879281147
    i = 11 ; sf/Sf = 0.467405651421945 ; sf = 1515.18470668802
      k =    6 ; sb/Sb = 0 ; sb = 0
      k =    5 ; sb/Sb = 0.124575081470884 ; sb = 398.120584747888
      k =    4 ; sb/Sb = 0.310643503581909 ; sb = 992.763334640628
      k =    3 ; sb/Sb = 0.395128640210648 ; sb = 1262.76333464063
      k =   88 ; sb/Sb = 0.492796518611984 ; sb = 1574.8931153409
      Creating new point: f = 0.740028476038943
    i = 12 ; sf/Sf = 0.540989841516359 ; sf = 1753.72191552555
      k =    6 ; sb/Sb = 0 ; sb = 0
      k =    5 ; sb/Sb = 0.124575081470884 ; sb = 398.120584747888
      k =    4 ; sb/Sb = 0.310643503581909 ; sb = 992.763334640628
      k =    3 ; sb/Sb = 0.395128640210648 ; sb = 1262.76333464063
      k =   88 ; sb/Sb = 0.492796518611984 ; sb = 1574.8931153409
      k =    2 ; sb/Sb = 0.59046439701332 ; sb = 1887.02289604117
      Creating new point: f = 0.493440870153224
    i = 13 ; sf/Sf = 0.726719981657558 ; sf = 2355.80164446517
      k =    6 ; sb/Sb = 0 ; sb = 0
      k =    5 ; sb/Sb = 0.124575081470884 ; sb = 398.120584747888
      k =    4 ; sb/Sb = 0.310643503581909 ; sb = 992.763334640628
      k =    3 ; sb/Sb = 0.395128640210648 ; sb = 1262.76333464063
      k =   88 ; sb/Sb = 0.492796518611984 ; sb = 1574.8931153409
      k =    2 ; sb/Sb = 0.59046439701332 ; sb = 1887.02289604117
      k =   69 ; sb/Sb = 0.675253831909973 ; sb = 2157.99538109139
      k =   70 ; sb/Sb = 0.715306044830264 ; sb = 2285.99538109139
      k =   74 ; sb/Sb = 0.735332151290409 ; sb = 2349.99538109139
      Creating new point: f = 0.569952868772063
    i = 210 ; sf/Sf = 0.863359990828779 ; sf = 2798.74633627217
      k =    6 ; sb/Sb = 0 ; sb = 0
      k =    5 ; sb/Sb = 0.124575081470884 ; sb = 398.120584747888
      k =    4 ; sb/Sb = 0.310643503581909 ; sb = 992.763334640628
      k =    3 ; sb/Sb = 0.395128640210648 ; sb = 1262.76333464063
      k =   88 ; sb/Sb = 0.492796518611984 ; sb = 1574.8931153409
      k =    2 ; sb/Sb = 0.59046439701332 ; sb = 1887.02289604117
      k =   69 ; sb/Sb = 0.675253831909973 ; sb = 2157.99538109139
      k =   70 ; sb/Sb = 0.715306044830264 ; sb = 2285.99538109139
      k =   74 ; sb/Sb = 0.735332151290409 ; sb = 2349.99538109139
      k =   76 ; sb/Sb = 0.745345204520482 ; sb = 2381.99538109139
      k =    1 ; sb/Sb = 0.755358257750555 ; sb = 2413.99538109139
      k =   75 ; sb/Sb = 0.765371310980627 ; sb = 2445.99538109139
      k =   68 ; sb/Sb = 0.784206941940522 ; sb = 2506.19082566432
      k =   97 ; sb/Sb = 0.892103470970261 ; sb = 2851.00961865565
      Creating new point: f = 0.733601438341363
Tear 3 : Sf = 1089.95685524991 ; Sb = 1130.03261018017
  Forwards path
    i = 206 ; sf/Sf = 0.229045538320099 ; sf = 249.649754656399
      k =   28 ; sb/Sb = 0 ; sb = 0
      k =  381 ; sb/Sb = 0.28596393566873 ; sb = 323.14857264113
      Creating new point: f = 0.800959525838366
    i = 29 ; sf/Sf = 0.458091076640198 ; sf = 499.299509312797
      k =   28 ; sb/Sb = 0 ; sb = 0
      k =  381 ; sb/Sb = 0.28596393566873 ; sb = 323.14857264113
      k =   27 ; sb/Sb = 0.57192787133746 ; sb = 646.297145282261
      Creating new point: f = 0.601919051676732
    i = 102 ; sf/Sf = 0.729045538320099 ; sf = 794.628182281355
      k =   28 ; sb/Sb = 0 ; sb = 0
      k =  381 ; sb/Sb = 0.28596393566873 ; sb = 323.14857264113
      k =   27 ; sb/Sb = 0.57192787133746 ; sb = 646.297145282261
      k =   26 ; sb/Sb = 1 ; sb = 1130.03261018017
      Creating new point: f = 0.367035498137975
Tear 4 : Sf = 347.850542618522 ; Sb = 292.745623366089
  Forwards path
Tear 5 : Sf = 375.89892258425 ; Sb = 326.158052388483
  Forwards path
Tear 6 : Sf = 712.45383341933 ; Sb = 1014.64030019235
  Forwards path
    i = 19 ; sf/Sf = 0.502167101386614 ; sf = 357.770876399966
      k =   18 ; sb/Sb = 0 ; sb = 0
      k =   17 ; sb/Sb = 0.505051020460762 ; sb = 512.445119012758
      Creating new point: f = 0.994289846060469
Tear 7 : Sf = 410 ; Sb = 756.042326857432
  Forwards path
Tear 8 : Sf = 2865.07686709116 ; Sb = 3230.20528296594
  Forwards path
    i = 179 ; sf/Sf = 0.09933590008847 ; sf = 284.604989415154
      k =   54 ; sb/Sb = 0 ; sb = 0
      k =  420 ; sb/Sb = 0.132152035358531 ; sb = 426.87820276983
      Creating new point: f = 0.751678926616374
    i = 55 ; sf/Sf = 0.19867180017694 ; sf = 569.209978830308
      k =   54 ; sb/Sb = 0 ; sb = 0
      k =  420 ; sb/Sb = 0.132152035358531 ; sb = 426.87820276983
      k =   53 ; sb/Sb = 0.264304070717063 ; sb = 853.75640553966
      Creating new point: f = 0.503357853232748
    i = 56 ; sf/Sf = 0.342961308399315 ; sf = 982.610511002196
      k =   54 ; sb/Sb = 0 ; sb = 0
      k =  420 ; sb/Sb = 0.132152035358531 ; sb = 426.87820276983
      k =   53 ; sb/Sb = 0.264304070717063 ; sb = 853.75640553966
      k =   52 ; sb/Sb = 0.339627612070609 ; sb = 1097.06690675159
      k =   51 ; sb/Sb = 0.466100677566062 ; sb = 1505.6008710679
      Creating new point: f = 0.0263589430338132
    i = 57 ; sf/Sf = 0.477688996073635 ; sf = 1368.61569231457
      k =   54 ; sb/Sb = 0 ; sb = 0
      k =  420 ; sb/Sb = 0.132152035358531 ; sb = 426.87820276983
      k =   53 ; sb/Sb = 0.264304070717063 ; sb = 853.75640553966
      k =   52 ; sb/Sb = 0.339627612070609 ; sb = 1097.06690675159
      k =   51 ; sb/Sb = 0.466100677566062 ; sb = 1505.6008710679
      k =   50 ; sb/Sb = 0.593027595233518 ; sb = 1915.6008710679
    i = 61 ; sf/Sf = 0.477688996073635 ; sf = 1368.61569231457
      k =   54 ; sb/Sb = 0 ; sb = 0
      k =  420 ; sb/Sb = 0.132152035358531 ; sb = 426.87820276983
      k =   53 ; sb/Sb = 0.264304070717063 ; sb = 853.75640553966
      k =   52 ; sb/Sb = 0.339627612070609 ; sb = 1097.06690675159
      k =   51 ; sb/Sb = 0.466100677566062 ; sb = 1505.6008710679
      k =   50 ; sb/Sb = 0.593027595233518 ; sb = 1915.6008710679
      Creating new point: f = 0.0912991406435467
    i = 93 ; sf/Sf = 0.642159911861579 ; sf = 1839.83750844791
      k =   54 ; sb/Sb = 0 ; sb = 0
      k =  420 ; sb/Sb = 0.132152035358531 ; sb = 426.87820276983
      k =   53 ; sb/Sb = 0.264304070717063 ; sb = 853.75640553966
      k =   52 ; sb/Sb = 0.339627612070609 ; sb = 1097.06690675159
      k =   51 ; sb/Sb = 0.466100677566062 ; sb = 1505.6008710679
      k =   50 ; sb/Sb = 0.593027595233518 ; sb = 1915.6008710679
      k =  408 ; sb/Sb = 0.699551168981674 ; sb = 2259.6938817496
      Creating new point: f = 0.461234212290132
    i = 62 ; sf/Sf = 0.806630827649522 ; sf = 2311.05932458124
      k =   54 ; sb/Sb = 0 ; sb = 0
      k =  420 ; sb/Sb = 0.132152035358531 ; sb = 426.87820276983
      k =   53 ; sb/Sb = 0.264304070717063 ; sb = 853.75640553966
      k =   52 ; sb/Sb = 0.339627612070609 ; sb = 1097.06690675159
      k =   51 ; sb/Sb = 0.466100677566062 ; sb = 1505.6008710679
      k =   50 ; sb/Sb = 0.593027595233518 ; sb = 1915.6008710679
      k =  408 ; sb/Sb = 0.699551168981674 ; sb = 2259.6938817496
      k =   49 ; sb/Sb = 0.80607474272983 ; sb = 2603.78689243131
      k =  429 ; sb/Sb = 0.903037371364915 ; sb = 2916.99608769863
      Creating new point: f = 0.00573504377428867
    i = 63 ; sf/Sf = 0.942752829987268 ; sf = 2701.05932458125
      k =   54 ; sb/Sb = 0 ; sb = 0
      k =  420 ; sb/Sb = 0.132152035358531 ; sb = 426.87820276983
      k =   53 ; sb/Sb = 0.264304070717063 ; sb = 853.75640553966
      k =   52 ; sb/Sb = 0.339627612070609 ; sb = 1097.06690675159
      k =   51 ; sb/Sb = 0.466100677566062 ; sb = 1505.6008710679
      k =   50 ; sb/Sb = 0.593027595233518 ; sb = 1915.6008710679
      k =  408 ; sb/Sb = 0.699551168981674 ; sb = 2259.6938817496
      k =   49 ; sb/Sb = 0.80607474272983 ; sb = 2603.78689243131
      k =  429 ; sb/Sb = 0.903037371364915 ; sb = 2916.99608769863
      k =   48 ; sb/Sb = 1 ; sb = 3230.20528296594
      Creating new point: f = 0.409595523362102
    i = 64 ; sf/Sf = 0.960204368748517 ; sf = 2751.05932458125
      k =   54 ; sb/Sb = 0 ; sb = 0
      k =  420 ; sb/Sb = 0.132152035358531 ; sb = 426.87820276983
      k =   53 ; sb/Sb = 0.264304070717063 ; sb = 853.75640553966
      k =   52 ; sb/Sb = 0.339627612070609 ; sb = 1097.06690675159
      k =   51 ; sb/Sb = 0.466100677566062 ; sb = 1505.6008710679
      k =   50 ; sb/Sb = 0.593027595233518 ; sb = 1915.6008710679
      k =  408 ; sb/Sb = 0.699551168981674 ; sb = 2259.6938817496
      k =   49 ; sb/Sb = 0.80607474272983 ; sb = 2603.78689243131
      k =  429 ; sb/Sb = 0.903037371364915 ; sb = 2916.99608769863
      k =   48 ; sb/Sb = 1 ; sb = 3230.20528296594
      Creating new point: f = 0.58957763612977
Tear 9 : Sf = 865.693607827488 ; Sb = 474.268097674252
  Forwards path
    i = 60 ; sf/Sf = 0.2694233545043 ; sf = 233.238075793812
      k =   59 ; sb/Sb = 0 ; sb = 0
      k =   58 ; sb/Sb = 0.537567204983605 ; sb = 254.950975679639
      Creating new point: f = 0.501190087502673
Tear 1 : Sf = 1824.73588741486 ; Sb = 1718.48601160312
  Backwards path
    i = 40 ; sf/Sf = 0.282112885815302 ; sf = 514.78150704935
      k =   41 ; sb/Sb = 0 ; sb = 0
      k =   42 ; sb/Sb = 0.23865305293094 ; sb = 410.121933088198
      k =   95 ; sb/Sb = 0.50980261938891 ; sb = 876.08867009847
      Creating new point: f = 0.160279927613672
    i = 39 ; sf/Sf = 0.546587949745925 ; sf = 997.378647529896
      k =   41 ; sb/Sb = 0 ; sb = 0
      k =   42 ; sb/Sb = 0.23865305293094 ; sb = 410.121933088198
      k =   95 ; sb/Sb = 0.50980261938891 ; sb = 876.08867009847
      k =   43 ; sb/Sb = 0.780952185846881 ; sb = 1342.05540710874
      Creating new point: f = 0.135664352473587
    i = 38 ; sf/Sf = 0.806942855946538 ; sf = 1472.45758833868
      k =   41 ; sb/Sb = 0 ; sb = 0
      k =   42 ; sb/Sb = 0.23865305293094 ; sb = 410.121933088198
      k =   95 ; sb/Sb = 0.50980261938891 ; sb = 876.08867009847
      k =   43 ; sb/Sb = 0.780952185846881 ; sb = 1342.05540710874
      k =   44 ; sb/Sb = 1 ; sb = 1718.48601160312
      Creating new point: f = 0.11865295346654
Tear 2 : Sf = 3195.82841164698 ; Sb = 3241.69102807917
  Backwards path
    i = 5 ; sf/Sf = 0.124575081470884 ; sf = 398.120584747888
      k =    6 ; sb/Sb = 0 ; sb = 0
      k =    7 ; sb/Sb = 0.123392388890627 ; sb = 400
      k =  141 ; sb/Sb = 0.19588541736387 ; sb = 635
      Creating new point: f = 0.0163145698995542
    i = 4 ; sf/Sf = 0.310643503581909 ; sf = 992.763334640628
      k =    6 ; sb/Sb = 0 ; sb = 0
      k =    7 ; sb/Sb = 0.123392388890627 ; sb = 400
      k =  141 ; sb/Sb = 0.19588541736387 ; sb = 635
      k =    8 ; sb/Sb = 0.268378445837113 ; sb = 870
      k =    9 ; sb/Sb = 0.373895172930139 ; sb = 1212.05262752974
      Creating new point: f = 0.400553153127417
    i = 3 ; sf/Sf = 0.395128640210648 ; sf = 1262.76333464063
      k =    6 ; sb/Sb = 0 ; sb = 0
      k =    7 ; sb/Sb = 0.123392388890627 ; sb = 400
      k =  141 ; sb/Sb = 0.19588541736387 ; sb = 635
      k =    8 ; sb/Sb = 0.268378445837113 ; sb = 870
      k =    9 ; sb/Sb = 0.373895172930139 ; sb = 1212.05262752974
      k =   10 ; sb/Sb = 0.433472744477023 ; sb = 1405.18470668802
      Creating new point: f = 0.356400348809107
    i = 88 ; sf/Sf = 0.492796518611984 ; sf = 1574.8931153409
      k =    6 ; sb/Sb = 0 ; sb = 0
      k =    7 ; sb/Sb = 0.123392388890627 ; sb = 400
      k =  141 ; sb/Sb = 0.19588541736387 ; sb = 635
      k =    8 ; sb/Sb = 0.268378445837113 ; sb = 870
      k =    9 ; sb/Sb = 0.373895172930139 ; sb = 1212.05262752974
      k =   10 ; sb/Sb = 0.433472744477023 ; sb = 1405.18470668802
      k =   11 ; sb/Sb = 0.467405651421945 ; sb = 1515.18470668802
      k =   12 ; sb/Sb = 0.540989841516359 ; sb = 1753.72191552555
      Creating new point: f = 0.345058730108471
    i = 2 ; sf/Sf = 0.59046439701332 ; sf = 1887.02289604117
      k =    6 ; sb/Sb = 0 ; sb = 0
      k =    7 ; sb/Sb = 0.123392388890627 ; sb = 400
      k =  141 ; sb/Sb = 0.19588541736387 ; sb = 635
      k =    8 ; sb/Sb = 0.268378445837113 ; sb = 870
      k =    9 ; sb/Sb = 0.373895172930139 ; sb = 1212.05262752974
      k =   10 ; sb/Sb = 0.433472744477023 ; sb = 1405.18470668802
      k =   11 ; sb/Sb = 0.467405651421945 ; sb = 1515.18470668802
      k =   12 ; sb/Sb = 0.540989841516359 ; sb = 1753.72191552555
      k =   13 ; sb/Sb = 0.726719981657558 ; sb = 2355.80164446517
      Creating new point: f = 0.266378711927685
    i = 69 ; sf/Sf = 0.675253831909973 ; sf = 2157.99538109139
      k =    6 ; sb/Sb = 0 ; sb = 0
      k =    7 ; sb/Sb = 0.123392388890627 ; sb = 400
      k =  141 ; sb/Sb = 0.19588541736387 ; sb = 635
      k =    8 ; sb/Sb = 0.268378445837113 ; sb = 870
      k =    9 ; sb/Sb = 0.373895172930139 ; sb = 1212.05262752974
      k =   10 ; sb/Sb = 0.433472744477023 ; sb = 1405.18470668802
      k =   11 ; sb/Sb = 0.467405651421945 ; sb = 1515.18470668802
      k =   12 ; sb/Sb = 0.540989841516359 ; sb = 1753.72191552555
      k =   13 ; sb/Sb = 0.726719981657558 ; sb = 2355.80164446517
      Creating new point: f = 0.722898234457483
    i = 70 ; sf/Sf = 0.715306044830264 ; sf = 2285.99538109139
      k =    6 ; sb/Sb = 0 ; sb = 0
      k =    7 ; sb/Sb = 0.123392388890627 ; sb = 400
      k =  141 ; sb/Sb = 0.19588541736387 ; sb = 635
      k =    8 ; sb/Sb = 0.268378445837113 ; sb = 870
      k =    9 ; sb/Sb = 0.373895172930139 ; sb = 1212.05262752974
      k =   10 ; sb/Sb = 0.433472744477023 ; sb = 1405.18470668802
      k =   11 ; sb/Sb = 0.467405651421945 ; sb = 1515.18470668802
      k =   12 ; sb/Sb = 0.540989841516359 ; sb = 1753.72191552555
      k =   13 ; sb/Sb = 0.726719981657558 ; sb = 2355.80164446517
      Creating new point: f = 0.938545586523451
    i = 74 ; sf/Sf = 0.735332151290409 ; sf = 2349.99538109139
      k =    6 ; sb/Sb = 0 ; sb = 0
      k =    7 ; sb/Sb = 0.123392388890627 ; sb = 400
      k =  141 ; sb/Sb = 0.19588541736387 ; sb = 635
      k =    8 ; sb/Sb = 0.268378445837113 ; sb = 870
      k =    9 ; sb/Sb = 0.373895172930139 ; sb = 1212.05262752974
      k =   10 ; sb/Sb = 0.433472744477023 ; sb = 1405.18470668802
      k =   11 ; sb/Sb = 0.467405651421945 ; sb = 1515.18470668802
      k =   12 ; sb/Sb = 0.540989841516359 ; sb = 1753.72191552555
      k =   13 ; sb/Sb = 0.726719981657558 ; sb = 2355.80164446517
      k =  210 ; sb/Sb = 0.863359990828779 ; sb = 2798.74633627217
      Creating new point: f = 0.0630281693121007
    i = 76 ; sf/Sf = 0.745345204520482 ; sf = 2381.99538109139
      k =    6 ; sb/Sb = 0 ; sb = 0
      k =    7 ; sb/Sb = 0.123392388890627 ; sb = 400
      k =  141 ; sb/Sb = 0.19588541736387 ; sb = 635
      k =    8 ; sb/Sb = 0.268378445837113 ; sb = 870
      k =    9 ; sb/Sb = 0.373895172930139 ; sb = 1212.05262752974
      k =   10 ; sb/Sb = 0.433472744477023 ; sb = 1405.18470668802
      k =   11 ; sb/Sb = 0.467405651421945 ; sb = 1515.18470668802
      k =   12 ; sb/Sb = 0.540989841516359 ; sb = 1753.72191552555
      k =   13 ; sb/Sb = 0.726719981657558 ; sb = 2355.80164446517
      k =  210 ; sb/Sb = 0.863359990828779 ; sb = 2798.74633627217
      Creating new point: f = 0.136308706182716
    i = 1 ; sf/Sf = 0.755358257750555 ; sf = 2413.99538109139
      k =    6 ; sb/Sb = 0 ; sb = 0
      k =    7 ; sb/Sb = 0.123392388890627 ; sb = 400
      k =  141 ; sb/Sb = 0.19588541736387 ; sb = 635
      k =    8 ; sb/Sb = 0.268378445837113 ; sb = 870
      k =    9 ; sb/Sb = 0.373895172930139 ; sb = 1212.05262752974
      k =   10 ; sb/Sb = 0.433472744477023 ; sb = 1405.18470668802
      k =   11 ; sb/Sb = 0.467405651421945 ; sb = 1515.18470668802
      k =   12 ; sb/Sb = 0.540989841516359 ; sb = 1753.72191552555
      k =   13 ; sb/Sb = 0.726719981657558 ; sb = 2355.80164446517
      k =  210 ; sb/Sb = 0.863359990828779 ; sb = 2798.74633627217
      Creating new point: f = 0.209589243053329
    i = 75 ; sf/Sf = 0.765371310980627 ; sf = 2445.99538109139
      k =    6 ; sb/Sb = 0 ; sb = 0
      k =    7 ; sb/Sb = 0.123392388890627 ; sb = 400
      k =  141 ; sb/Sb = 0.19588541736387 ; sb = 635
      k =    8 ; sb/Sb = 0.268378445837113 ; sb = 870
      k =    9 ; sb/Sb = 0.373895172930139 ; sb = 1212.05262752974
      k =   10 ; sb/Sb = 0.433472744477023 ; sb = 1405.18470668802
      k =   11 ; sb/Sb = 0.467405651421945 ; sb = 1515.18470668802
      k =   12 ; sb/Sb = 0.540989841516359 ; sb = 1753.72191552555
      k =   13 ; sb/Sb = 0.726719981657558 ; sb = 2355.80164446517
      k =  210 ; sb/Sb = 0.863359990828779 ; sb = 2798.74633627217
      Creating new point: f = 0.282869779923944
    i = 68 ; sf/Sf = 0.784206941940522 ; sf = 2506.19082566432
      k =    6 ; sb/Sb = 0 ; sb = 0
      k =    7 ; sb/Sb = 0.123392388890627 ; sb = 400
      k =  141 ; sb/Sb = 0.19588541736387 ; sb = 635
      k =    8 ; sb/Sb = 0.268378445837113 ; sb = 870
      k =    9 ; sb/Sb = 0.373895172930139 ; sb = 1212.05262752974
      k =   10 ; sb/Sb = 0.433472744477023 ; sb = 1405.18470668802
      k =   11 ; sb/Sb = 0.467405651421945 ; sb = 1515.18470668802
      k =   12 ; sb/Sb = 0.540989841516359 ; sb = 1753.72191552555
      k =   13 ; sb/Sb = 0.726719981657558 ; sb = 2355.80164446517
      k =  210 ; sb/Sb = 0.863359990828779 ; sb = 2798.74633627217
      Creating new point: f = 0.420718357907369
    i = 97 ; sf/Sf = 0.892103470970261 ; sf = 2851.00961865565
      k =    6 ; sb/Sb = 0 ; sb = 0
      k =    7 ; sb/Sb = 0.123392388890627 ; sb = 400
      k =  141 ; sb/Sb = 0.19588541736387 ; sb = 635
      k =    8 ; sb/Sb = 0.268378445837113 ; sb = 870
      k =    9 ; sb/Sb = 0.373895172930139 ; sb = 1212.05262752974
      k =   10 ; sb/Sb = 0.433472744477023 ; sb = 1405.18470668802
      k =   11 ; sb/Sb = 0.467405651421945 ; sb = 1515.18470668802
      k =   12 ; sb/Sb = 0.540989841516359 ; sb = 1753.72191552555
      k =   13 ; sb/Sb = 0.726719981657558 ; sb = 2355.80164446517
      k =  210 ; sb/Sb = 0.863359990828779 ; sb = 2798.74633627217
      k =   14 ; sb/Sb = 1 ; sb = 3241.69102807917
      Creating new point: f = 0.210359178953685
Tear 3 : Sf = 1130.03261018017 ; Sb = 1089.95685524991
  Backwards path
    i = 381 ; sf/Sf = 0.28596393566873 ; sf = 323.14857264113
      k =   28 ; sb/Sb = 0 ; sb = 0
      k =  206 ; sb/Sb = 0.229045538320099 ; sb = 249.649754656399
      k =   29 ; sb/Sb = 0.458091076640198 ; sb = 499.299509312797
      Creating new point: f = 0.248502536945668
    i = 27 ; sf/Sf = 0.57192787133746 ; sf = 646.297145282261
      k =   28 ; sb/Sb = 0 ; sb = 0
      k =  206 ; sb/Sb = 0.229045538320099 ; sb = 249.649754656399
      k =   29 ; sb/Sb = 0.458091076640198 ; sb = 499.299509312797
      k =  102 ; sb/Sb = 0.729045538320099 ; sb = 794.628182281355
      Creating new point: f = 0.420132571323907
Tear 4 : Sf = 292.745623366089 ; Sb = 347.850542618522
  Backwards path
Tear 5 : Sf = 326.158052388483 ; Sb = 375.89892258425
  Backwards path
    i = 31 ; sf/Sf = 0.153299909764134 ; sf = 50.0000000000001
      k =   32 ; sb/Sb = 0 ; sb = 0
      k =   33 ; sb/Sb = 1 ; sb = 375.89892258425
      Creating new point: f = 0.153299909764134
Tear 6 : Sf = 1014.64030019235 ; Sb = 712.45383341933
  Backwards path
    i = 17 ; sf/Sf = 0.505051020460762 ; sf = 512.445119012758
      k =   18 ; sb/Sb = 0 ; sb = 0
      k =   19 ; sb/Sb = 0.502167101386614 ; sb = 357.770876399966
      k =   20 ; sb/Sb = 1 ; sb = 712.45383341933
      Creating new point: f = 0.00579294595070049
    i = 304 ; sf/Sf = 0.752525510230381 ; sf = 763.542709602553
      k =   18 ; sb/Sb = 0 ; sb = 0
      k =   19 ; sb/Sb = 0.502167101386614 ; sb = 357.770876399966
      k =   20 ; sb/Sb = 1 ; sb = 712.45383341933
      Creating new point: f = 0.50289647297535
Tear 7 : Sf = 756.042326857432 ; Sb = 410
  Backwards path
    i = 380 ; sf/Sf = 0.5 ; sf = 378.021163428716
      k =   24 ; sb/Sb = 0 ; sb = 0
      k =   25 ; sb/Sb = 1 ; sb = 410
      Creating new point: f = 0.5
Tear 8 : Sf = 3230.20528296594 ; Sb = 2865.07686709116
  Backwards path
    i = 420 ; sf/Sf = 0.132152035358531 ; sf = 426.87820276983
      k =   54 ; sb/Sb = 0 ; sb = 0
      k =  179 ; sb/Sb = 0.09933590008847 ; sb = 284.604989415154
      k =   55 ; sb/Sb = 0.19867180017694 ; sb = 569.209978830308
      Creating new point: f = 0.330355241567599
    i = 53 ; sf/Sf = 0.264304070717063 ; sf = 853.75640553966
      k =   54 ; sb/Sb = 0 ; sb = 0
      k =  179 ; sb/Sb = 0.09933590008847 ; sb = 284.604989415154
      k =   55 ; sb/Sb = 0.19867180017694 ; sb = 569.209978830308
      k =   56 ; sb/Sb = 0.342961308399315 ; sb = 982.610511002196
      Creating new point: f = 0.45486516205303
    i = 52 ; sf/Sf = 0.339627612070609 ; sf = 1097.06690675159
      k =   54 ; sb/Sb = 0 ; sb = 0
      k =  179 ; sb/Sb = 0.09933590008847 ; sb = 284.604989415154
      k =   55 ; sb/Sb = 0.19867180017694 ; sb = 569.209978830308
      k =   56 ; sb/Sb = 0.342961308399315 ; sb = 982.610511002196
      Creating new point: f = 0.976895781475888
    i = 51 ; sf/Sf = 0.466100677566062 ; sf = 1505.6008710679
      k =   54 ; sb/Sb = 0 ; sb = 0
      k =  179 ; sb/Sb = 0.09933590008847 ; sb = 284.604989415154
      k =   55 ; sb/Sb = 0.19867180017694 ; sb = 569.209978830308
      k =   56 ; sb/Sb = 0.342961308399315 ; sb = 982.610511002196
      k =   57 ; sb/Sb = 0.477688996073635 ; sb = 1368.61569231457
      Creating new point: f = 0.913987104598829
    i = 50 ; sf/Sf = 0.593027595233518 ; sf = 1915.6008710679
      k =   54 ; sb/Sb = 0 ; sb = 0
      k =  179 ; sb/Sb = 0.09933590008847 ; sb = 284.604989415154
      k =   55 ; sb/Sb = 0.19867180017694 ; sb = 569.209978830308
      k =   56 ; sb/Sb = 0.342961308399315 ; sb = 982.610511002196
      k =   57 ; sb/Sb = 0.477688996073635 ; sb = 1368.61569231457
      k =   61 ; sb/Sb = 0.477688996073635 ; sb = 1368.61569231457
      k =   93 ; sb/Sb = 0.642159911861579 ; sb = 1839.83750844791
      Creating new point: f = 0.701270486683446
    i = 408 ; sf/Sf = 0.699551168981674 ; sf = 2259.6938817496
      k =   54 ; sb/Sb = 0 ; sb = 0
      k =  179 ; sb/Sb = 0.09933590008847 ; sb = 284.604989415154
      k =   55 ; sb/Sb = 0.19867180017694 ; sb = 569.209978830308
      k =   56 ; sb/Sb = 0.342961308399315 ; sb = 982.610511002196
      k =   57 ; sb/Sb = 0.477688996073635 ; sb = 1368.61569231457
      k =   61 ; sb/Sb = 0.477688996073635 ; sb = 1368.61569231457
      k =   93 ; sb/Sb = 0.642159911861579 ; sb = 1839.83750844791
      k =   62 ; sb/Sb = 0.806630827649522 ; sb = 2311.05932458124
      Creating new point: f = 0.348944716730898
    i = 49 ; sf/Sf = 0.80607474272983 ; sf = 2603.78689243131
      k =   54 ; sb/Sb = 0 ; sb = 0
      k =  179 ; sb/Sb = 0.09933590008847 ; sb = 284.604989415154
      k =   55 ; sb/Sb = 0.19867180017694 ; sb = 569.209978830308
      k =   56 ; sb/Sb = 0.342961308399315 ; sb = 982.610511002196
      k =   57 ; sb/Sb = 0.477688996073635 ; sb = 1368.61569231457
      k =   61 ; sb/Sb = 0.477688996073635 ; sb = 1368.61569231457
      k =   93 ; sb/Sb = 0.642159911861579 ; sb = 1839.83750844791
      k =   62 ; sb/Sb = 0.806630827649522 ; sb = 2311.05932458124
      Creating new point: f = 0.996618946778351
    i = 429 ; sf/Sf = 0.903037371364915 ; sf = 2916.99608769863
      k =   54 ; sb/Sb = 0 ; sb = 0
      k =  179 ; sb/Sb = 0.09933590008847 ; sb = 284.604989415154
      k =   55 ; sb/Sb = 0.19867180017694 ; sb = 569.209978830308
      k =   56 ; sb/Sb = 0.342961308399315 ; sb = 982.610511002196
      k =   57 ; sb/Sb = 0.477688996073635 ; sb = 1368.61569231457
      k =   61 ; sb/Sb = 0.477688996073635 ; sb = 1368.61569231457
      k =   93 ; sb/Sb = 0.642159911861579 ; sb = 1839.83750844791
      k =   62 ; sb/Sb = 0.806630827649522 ; sb = 2311.05932458124
      k =   63 ; sb/Sb = 0.942752829987268 ; sb = 2701.05932458125
      Creating new point: f = 0.708236303167133
Tear 9 : Sf = 474.268097674252 ; Sb = 865.693607827488
  Backwards path
    i = 58 ; sf/Sf = 0.537567204983605 ; sf = 254.950975679639
      k =   59 ; sb/Sb = 0 ; sb = 0
      k =   60 ; sb/Sb = 0.2694233545043 ; sb = 233.238075793812
      k =   61 ; sb/Sb = 1 ; sb = 865.693607827488
      Creating new point: f = 0.367030416497051
Triangulating...
[1] "Non-adjacent points in rim connected by line: 76 75"
[1] "In triangle: 685" "In triangle: 688"
[1] "Other points in triangles: 456 455"
[1] "Non-adjacent points in rim connected by line: 467 68"
[1] "In triangle: 680" "In triangle: 698"
[1] "Other points in triangles: 454 453"
Merging points...
Projecting to sphere...
Optimising mapping with FIRE...
E =  0.00383 | E_L =  0.00383 | E_A =  0.00000 |   0 flippped triangles
E =  0.00371 | E_L =  0.00371 | E_A =  0.00000 |  42 flippped triangles
        phi0    phi0.1    phi0.2    phi0.3    phi0.4    phi0.5    phi0.6
id   28.0000    123.00  144.0000  146.0000   149.000   150.000    153.00
A   753.4470  20889.93 1005.3489  156.1914  2776.350  1735.398  13600.34
a  -704.1022 -21564.38 -689.1519 -138.4753 -2641.334 -2251.657 -12371.99
      phi0.7    phi0.8    phi0.9   phi0.10   phi0.11   phi0.12   phi0.13
id   241.000    251.00   252.000   337.000    415.00    416.00    417.00
A  26257.738  19360.38  3029.562  4472.711  33131.83  29269.18  27965.40
a  -5141.997 -19497.04 -2360.983 -3737.324 -35763.76 -34680.03 -25234.48
     phi0.14   phi0.15   phi0.16   phi0.17   phi0.18    phi0.19   phi0.20
id    438.00  511.0000   530.000 580.00000  594.0000 674.000000  678.0000
A   49091.31  654.9441  4600.931  19.24223  385.8193  11.532812  134.0910
a  -39953.52 -523.5189 -4457.374 -19.05612 -320.0922  -8.323931 -182.5227
     phi0.21   phi0.22   phi0.23   phi0.24   phi0.25   phi0.26   phi0.27
id  682.0000 683.00000 685.00000 686.00000 688.00000  697.0000  698.0000
A   109.3598  65.41456  15.42678  61.70713  33.11502  657.6258  212.8615
a  -129.7396 -34.03923 -14.76454 -71.35491 -37.07304 -622.4332 -258.2516
     phi0.28   phi0.29   phi0.30   phi0.31   phi0.32   phi0.33   phi0.34
id   702.000  704.0000 744.00000  747.0000   813.000  838.0000  875.0000
A   1415.385 2816.8448  19.79848  837.8142 36187.154 3395.3761 1049.8161
a  -1294.781 -375.3171 -19.71034 -890.4929 -4529.113 -796.8532 -888.8871
     phi0.35   phi0.36    phi0.37   phi0.38   phi0.39   phi0.40   phi0.41
id  880.0000   884.000 908.000000   939.000 941.00000 942.00000 944.00000
A  1005.3489  2263.221   5.686230 20942.272  16.35364  34.04188  92.07653
a  -951.4314 -2264.985  -3.368476 -1839.603 -12.90322 -22.94232 -91.53560
FIRE:  8  stops.  0 hits of maxmove.  0 hits of dtmax.
Frms = 8.10278418638581e-06; Ftanrms = 8.10210433872593e-06
E =  0.00628 | E_L =  0.00627 | E_A =  0.00001 |   0 flippped triangles
E =  0.00462 | E_L =  0.00461 | E_A =  0.00000 |   0 flippped triangles
E =  0.00445 | E_L =  0.00445 | E_A =  0.00000 |   0 flippped triangles
E =  0.00445 | E_L =  0.00445 | E_A =  0.00000 |   0 flippped triangles
Optimising mapping with BFGS...
E =  0.00445 | E_L =  0.00445 | E_A =  0.00000 |   0 flippped triangles
Transforming image...
Mapping optimised. Error: 0.004450813 ; 0 flipped triangles.
Inferring coordinates of datapoints
Inferring coordinates of landmarks
Mapping optimised. Error: 0.004450813 ; 0 flipped triangles. OD displacement: 6.533883 degrees.
Computing Kernel Density estimates of datapoints

[1] 0.7
Saving developmental_retina/data/C57BL6J/P8/ML/GM300-1/R-CONTRA/r.mat
