[1] "Adding old segment 1"
[1] "Intersection found. Old points:"
   X    Y 
-160 -171 
   X    Y 
-250 -231 
   X    Y 
-250 -231 
   X    Y 
-160 -371 
[1] "Point i+1 has been changed:"
   X    Y 
-160 -171 
   X    Y 
-250 -231 
   X    Y 
-250 -231 
   X    Y 
-160 -371 
[1] "a= 0.300420884063055"
[1] "l= 166.433169770932"
[1] "New points:"
   X    Y 
-160 -171 
   X    Y 
-250 -231 
        X         Y 
-187.0379 -328.9411 
   X    Y 
-160 -371 
[1] "Storing new segment 1"
[1] "Adding old segment 2"
[1] "Adding old segment 8"
[1] "Adding old segment 4"
[1] "Adding old segment 7"
[1] "Adding old segment 3"
[1] "Adding old segment 6"
[1] "Adding old segment 5"
[1] "Intersection found. Old points:"
   X    Y 
3620 -571 
   X    Y 
2730 -321 
   X    Y 
2770 -321 
   X    Y 
2620 -321 
[1] "Point i+1 has been changed:"
   X    Y 
3620 -571 
   X    Y 
2730 -321 
   X    Y 
2770 -321 
   X    Y 
2620 -321 
[1] "a= 0.454545454545453"
[1] "l= 110"
[1] "New points:"
   X    Y 
3620 -571 
   X    Y 
2730 -321 
   X    Y 
2670 -321 
   X    Y 
2620 -321 
[1] "Storing new segment 2"
simplify.outline: Removing vertex 10
simplify.outline: Removing vertex 18
simplify.outline: Removing vertex 27
simplify.outline: Removing vertex 37
Triangulating...
[1] "Non-adjacent points in rim connected by line: 24 22"
[1] "In triangle: 73" "In triangle: 76"
[1] "Other points in triangles: 23 100"
[1] "Non-adjacent points in rim connected by line: 48 46"
[1] "In triangle: 97"  "In triangle: 110"
[1] "Other points in triangles: 47 49"
[1] "Non-adjacent points in rim connected by line: 49 46"
[1] "In triangle: 246" "In triangle: 804"
[1] "Other points in triangles: 163 451"
[1] "Non-adjacent points in rim connected by line: 60 58"
[1] "In triangle: 40" "In triangle: 52"
[1] "Other points in triangles: 59 234"
[1] "Non-adjacent points in rim connected by line: 69 1"
[1] "In triangle: 22" "In triangle: 25"
[1] "Other points in triangles: 70 73"
[1] "Non-adjacent points in rim connected by line: 70 1"
[1] "In triangle: 14"  "In triangle: 809"
[1] "Other points in triangles: 71 454"
[1] "Non-adjacent points in rim connected by line: 71 70"
[1] "In triangle: 9"  "In triangle: 14"
[1] "Other points in triangles: 72 455"
[1] "Non-adjacent points in rim connected by line: 72 71"
[1] "In triangle: 9"  "In triangle: 20"
[1] "Other points in triangles: 456 67"
[1] "Non-adjacent points in rim connected by line: 347 241"
[1] "In triangle: 241" "In triangle: 603"
[1] "Other points in triangles: 29 346"
Stitching...
Tear 1 child of rim
Tear 2 child of rim
Tear 3 child of rim
Tear 4 child of backward side of tear 2
Tear 5 child of rim
Tear 1 : Sf = 5005.18538072803 ; Sb = 5133.86318337261
  Forwards path
    i = 5 ; sf/Sf = 0.031016183248745 ; sf = 155.2417469626
      k =    4 ; sb/Sb = 0 ; sb = 0
      k =    3 ; sb/Sb = 0.0724904166756712 ; sb = 372.155881318568
      Creating new point: f = 0.427865981064977
    i = 6 ; sf/Sf = 0.106224307595904 ; sf = 531.672351456974
      k =    4 ; sb/Sb = 0 ; sb = 0
      k =    3 ; sb/Sb = 0.0724904166756712 ; sb = 372.155881318568
      k =    2 ; sb/Sb = 0.182280803896586 ; sb = 935.804708160246
      Creating new point: f = 0.307257236030643
    i = 7 ; sf/Sf = 0.198410879062165 ; sf = 993.083231259348
      k =    4 ; sb/Sb = 0 ; sb = 0
      k =    3 ; sb/Sb = 0.0724904166756712 ; sb = 372.155881318568
      k =    2 ; sb/Sb = 0.182280803896586 ; sb = 935.804708160246
      k =   75 ; sb/Sb = 0.259816525152096 ; sb = 1333.86249291015
      Creating new point: f = 0.208034115171564
    i = 141 ; sf/Sf = 0.258290417703613 ; sf = 1292.79142267226
      k =    4 ; sb/Sb = 0 ; sb = 0
      k =    3 ; sb/Sb = 0.0724904166756712 ; sb = 372.155881318568
      k =    2 ; sb/Sb = 0.182280803896586 ; sb = 935.804708160246
      k =   75 ; sb/Sb = 0.259816525152096 ; sb = 1333.86249291015
      Creating new point: f = 0.980317363097018
    i = 8 ; sf/Sf = 0.318169956345061 ; sf = 1592.49961408518
      k =    4 ; sb/Sb = 0 ; sb = 0
      k =    3 ; sb/Sb = 0.0724904166756712 ; sb = 372.155881318568
      k =    2 ; sb/Sb = 0.182280803896586 ; sb = 935.804708160246
      k =   75 ; sb/Sb = 0.259816525152096 ; sb = 1333.86249291015
      k =    1 ; sb/Sb = 0.337352246407606 ; sb = 1731.92027766005
      Creating new point: f = 0.752600611022473
    i = 9 ; sf/Sf = 0.384584160312775 ; sf = 1924.91501685707
      k =    4 ; sb/Sb = 0 ; sb = 0
      k =    3 ; sb/Sb = 0.0724904166756712 ; sb = 372.155881318568
      k =    2 ; sb/Sb = 0.182280803896586 ; sb = 935.804708160246
      k =   75 ; sb/Sb = 0.259816525152096 ; sb = 1333.86249291015
      k =    1 ; sb/Sb = 0.337352246407606 ; sb = 1731.92027766005
      k =   71 ; sb/Sb = 0.341258761255838 ; sb = 1751.97579041469
      k =   67 ; sb/Sb = 0.344375322688917 ; sb = 1767.97579041469
      k =   72 ; sb/Sb = 0.347491884121995 ; sb = 1783.97579041469
      k =   70 ; sb/Sb = 0.350608445555074 ; sb = 1799.97579041469
      k =   69 ; sb/Sb = 0.35684156842123 ; sb = 1831.97579041469
      k =   68 ; sb/Sb = 0.369307814153544 ; sb = 1895.97579041469
      k =   66 ; sb/Sb = 0.40982427220835 ; sb = 2103.98174274292
      Creating new point: f = 0.37704051372327
    i = 10 ; sf/Sf = 0.453938454459559 ; sf = 2272.04611601126
      k =    4 ; sb/Sb = 0 ; sb = 0
      k =    3 ; sb/Sb = 0.0724904166756712 ; sb = 372.155881318568
      k =    2 ; sb/Sb = 0.182280803896586 ; sb = 935.804708160246
      k =   75 ; sb/Sb = 0.259816525152096 ; sb = 1333.86249291015
      k =    1 ; sb/Sb = 0.337352246407606 ; sb = 1731.92027766005
      k =   71 ; sb/Sb = 0.341258761255838 ; sb = 1751.97579041469
      k =   67 ; sb/Sb = 0.344375322688917 ; sb = 1767.97579041469
      k =   72 ; sb/Sb = 0.347491884121995 ; sb = 1783.97579041469
      k =   70 ; sb/Sb = 0.350608445555074 ; sb = 1799.97579041469
      k =   69 ; sb/Sb = 0.35684156842123 ; sb = 1831.97579041469
      k =   68 ; sb/Sb = 0.369307814153544 ; sb = 1895.97579041469
      k =   66 ; sb/Sb = 0.40982427220835 ; sb = 2103.98174274292
      k =   65 ; sb/Sb = 0.489400597039026 ; sb = 2512.51570705923
      Creating new point: f = 0.554363151918314
    i = 11 ; sf/Sf = 0.549609795144819 ; sf = 2750.89891176378
      k =    4 ; sb/Sb = 0 ; sb = 0
      k =    3 ; sb/Sb = 0.0724904166756712 ; sb = 372.155881318568
      k =    2 ; sb/Sb = 0.182280803896586 ; sb = 935.804708160246
      k =   75 ; sb/Sb = 0.259816525152096 ; sb = 1333.86249291015
      k =    1 ; sb/Sb = 0.337352246407606 ; sb = 1731.92027766005
      k =   71 ; sb/Sb = 0.341258761255838 ; sb = 1751.97579041469
      k =   67 ; sb/Sb = 0.344375322688917 ; sb = 1767.97579041469
      k =   72 ; sb/Sb = 0.347491884121995 ; sb = 1783.97579041469
      k =   70 ; sb/Sb = 0.350608445555074 ; sb = 1799.97579041469
      k =   69 ; sb/Sb = 0.35684156842123 ; sb = 1831.97579041469
      k =   68 ; sb/Sb = 0.369307814153544 ; sb = 1895.97579041469
      k =   66 ; sb/Sb = 0.40982427220835 ; sb = 2103.98174274292
      k =   65 ; sb/Sb = 0.489400597039026 ; sb = 2512.51570705923
      k =   64 ; sb/Sb = 0.589672358997274 ; sb = 3027.29721410858
      Creating new point: f = 0.600460158771952
    i = 12 ; sf/Sf = 0.679352107248295 ; sf = 3400.28323556595
      k =    4 ; sb/Sb = 0 ; sb = 0
      k =    3 ; sb/Sb = 0.0724904166756712 ; sb = 372.155881318568
      k =    2 ; sb/Sb = 0.182280803896586 ; sb = 935.804708160246
      k =   75 ; sb/Sb = 0.259816525152096 ; sb = 1333.86249291015
      k =    1 ; sb/Sb = 0.337352246407606 ; sb = 1731.92027766005
      k =   71 ; sb/Sb = 0.341258761255838 ; sb = 1751.97579041469
      k =   67 ; sb/Sb = 0.344375322688917 ; sb = 1767.97579041469
      k =   72 ; sb/Sb = 0.347491884121995 ; sb = 1783.97579041469
      k =   70 ; sb/Sb = 0.350608445555074 ; sb = 1799.97579041469
      k =   69 ; sb/Sb = 0.35684156842123 ; sb = 1831.97579041469
      k =   68 ; sb/Sb = 0.369307814153544 ; sb = 1895.97579041469
      k =   66 ; sb/Sb = 0.40982427220835 ; sb = 2103.98174274292
      k =   65 ; sb/Sb = 0.489400597039026 ; sb = 2512.51570705923
      k =   64 ; sb/Sb = 0.589672358997274 ; sb = 3027.29721410858
      k =   63 ; sb/Sb = 0.717713000849744 ; sb = 3684.64035129037
      Creating new point: f = 0.700400645869543
    i = 204 ; sf/Sf = 0.762290187032939 ; sf = 3815.4037000097
      k =    4 ; sb/Sb = 0 ; sb = 0
      k =    3 ; sb/Sb = 0.0724904166756712 ; sb = 372.155881318568
      k =    2 ; sb/Sb = 0.182280803896586 ; sb = 935.804708160246
      k =   75 ; sb/Sb = 0.259816525152096 ; sb = 1333.86249291015
      k =    1 ; sb/Sb = 0.337352246407606 ; sb = 1731.92027766005
      k =   71 ; sb/Sb = 0.341258761255838 ; sb = 1751.97579041469
      k =   67 ; sb/Sb = 0.344375322688917 ; sb = 1767.97579041469
      k =   72 ; sb/Sb = 0.347491884121995 ; sb = 1783.97579041469
      k =   70 ; sb/Sb = 0.350608445555074 ; sb = 1799.97579041469
      k =   69 ; sb/Sb = 0.35684156842123 ; sb = 1831.97579041469
      k =   68 ; sb/Sb = 0.369307814153544 ; sb = 1895.97579041469
      k =   66 ; sb/Sb = 0.40982427220835 ; sb = 2103.98174274292
      k =   65 ; sb/Sb = 0.489400597039026 ; sb = 2512.51570705923
      k =   64 ; sb/Sb = 0.589672358997274 ; sb = 3027.29721410858
      k =   63 ; sb/Sb = 0.717713000849744 ; sb = 3684.64035129037
      k =  219 ; sb/Sb = 0.781317118388888 ; sb = 4011.17518863549
      Creating new point: f = 0.700853779722056
    i = 13 ; sf/Sf = 0.845228266817583 ; sf = 4230.52416445346
      k =    4 ; sb/Sb = 0 ; sb = 0
      k =    3 ; sb/Sb = 0.0724904166756712 ; sb = 372.155881318568
      k =    2 ; sb/Sb = 0.182280803896586 ; sb = 935.804708160246
      k =   75 ; sb/Sb = 0.259816525152096 ; sb = 1333.86249291015
      k =    1 ; sb/Sb = 0.337352246407606 ; sb = 1731.92027766005
      k =   71 ; sb/Sb = 0.341258761255838 ; sb = 1751.97579041469
      k =   67 ; sb/Sb = 0.344375322688917 ; sb = 1767.97579041469
      k =   72 ; sb/Sb = 0.347491884121995 ; sb = 1783.97579041469
      k =   70 ; sb/Sb = 0.350608445555074 ; sb = 1799.97579041469
      k =   69 ; sb/Sb = 0.35684156842123 ; sb = 1831.97579041469
      k =   68 ; sb/Sb = 0.369307814153544 ; sb = 1895.97579041469
      k =   66 ; sb/Sb = 0.40982427220835 ; sb = 2103.98174274292
      k =   65 ; sb/Sb = 0.489400597039026 ; sb = 2512.51570705923
      k =   64 ; sb/Sb = 0.589672358997274 ; sb = 3027.29721410858
      k =   63 ; sb/Sb = 0.717713000849744 ; sb = 3684.64035129037
      k =  219 ; sb/Sb = 0.781317118388888 ; sb = 4011.17518863549
      k =   62 ; sb/Sb = 0.844921235928031 ; sb = 4337.7100259806
      k =   61 ; sb/Sb = 0.908726361889334 ; sb = 4665.27681306379
      Creating new point: f = 0.0048120097707767
Tear 2 : Sf = 1148.97077906203 ; Sb = 1112.09909638135
  Forwards path
    i = 50 ; sf/Sf = 0.191475713751048 ; sf = 220
      k =   49 ; sb/Sb = 0 ; sb = 0
      k =   48 ; sb/Sb = 0.18096059841233 ; sb = 201.246117974981
      k =   44 ; sb/Sb = 0.18096059841233 ; sb = 201.246117974981
      k =   43 ; sb/Sb = 0.637520713103165 ; sb = 708.986208966425
      Creating new point: f = 0.0230311737718009
    i = 51 ; sf/Sf = 0.656682601807905 ; sf = 754.509120595711
      k =   49 ; sb/Sb = 0 ; sb = 0
      k =   48 ; sb/Sb = 0.18096059841233 ; sb = 201.246117974981
      k =   44 ; sb/Sb = 0.18096059841233 ; sb = 201.246117974981
      k =   43 ; sb/Sb = 0.637520713103165 ; sb = 708.986208966425
      k =   42 ; sb/Sb = 1 ; sb = 1112.09909638135
      Creating new point: f = 0.052863403227215
Tear 3 : Sf = 1953.08436828065 ; Sb = 1784.78466563938
  Forwards path
    i = 35 ; sf/Sf = 0.0978194976357391 ; sf = 191.049731745428
      k =   34 ; sb/Sb = 0 ; sb = 0
      k =   33 ; sb/Sb = 0.0896466689121186 ; sb = 160
      k =   32 ; sb/Sb = 0.117661252947156 ; sb = 210
      Creating new point: f = 0.291734787616301
    i = 36 ; sf/Sf = 0.217787428403352 ; sf = 425.357222022628
      k =   34 ; sb/Sb = 0 ; sb = 0
      k =   33 ; sb/Sb = 0.0896466689121186 ; sb = 160
      k =   32 ; sb/Sb = 0.117661252947156 ; sb = 210
      k =   31 ; sb/Sb = 0.1512787537892 ; sb = 270
      k =   83 ; sb/Sb = 0.410258393661439 ; sb = 732.222889956783
      Creating new point: f = 0.256810437480575
    i = 429 ; sf/Sf = 0.369744435256128 ; sf = 722.142076757501
      k =   34 ; sb/Sb = 0 ; sb = 0
      k =   33 ; sb/Sb = 0.0896466689121186 ; sb = 160
      k =   32 ; sb/Sb = 0.117661252947156 ; sb = 210
      k =   31 ; sb/Sb = 0.1512787537892 ; sb = 270
      k =   83 ; sb/Sb = 0.410258393661439 ; sb = 732.222889956783
      Creating new point: f = 0.843563152588761
    i = 396 ; sf/Sf = 0.521701442108905 ; sf = 1018.92693149237
      k =   34 ; sb/Sb = 0 ; sb = 0
      k =   33 ; sb/Sb = 0.0896466689121186 ; sb = 160
      k =   32 ; sb/Sb = 0.117661252947156 ; sb = 210
      k =   31 ; sb/Sb = 0.1512787537892 ; sb = 270
      k =   83 ; sb/Sb = 0.410258393661439 ; sb = 732.222889956783
      k =   30 ; sb/Sb = 0.669238033533679 ; sb = 1194.44577991357
      Creating new point: f = 0.430315867696947
    i = 37 ; sf/Sf = 0.825615455814458 ; sf = 1612.49664096212
      k =   34 ; sb/Sb = 0 ; sb = 0
      k =   33 ; sb/Sb = 0.0896466689121186 ; sb = 160
      k =   32 ; sb/Sb = 0.117661252947156 ; sb = 210
      k =   31 ; sb/Sb = 0.1512787537892 ; sb = 270
      k =   83 ; sb/Sb = 0.410258393661439 ; sb = 732.222889956783
      k =   30 ; sb/Sb = 0.669238033533679 ; sb = 1194.44577991357
      k =  347 ; sb/Sb = 0.834619016766839 ; sb = 1489.61522277647
      Creating new point: f = 0.945558668376717
Tear 4 : Sf = 505.160628414783 ; Sb = 269.258240356725
  Forwards path
    i = 46 ; sf/Sf = 0.437300945319041 ; sf = 220.907220343745
      k =   45 ; sb/Sb = 0 ; sb = 0
      k =   44 ; sb/Sb = 1 ; sb = 269.258240356725
      Creating new point: f = 0.437300945319041
    i = 47 ; sf/Sf = 0.71865047265952 ; sf = 363.033924379264
      k =   45 ; sb/Sb = 0 ; sb = 0
      k =   44 ; sb/Sb = 1 ; sb = 269.258240356725
      Creating new point: f = 0.71865047265952
Tear 5 : Sf = 1492.9616807191 ; Sb = 2274.36755824355
  Forwards path
    i = 22 ; sf/Sf = 0.0617533897645127 ; sf = 92.1954445729289
      k =   21 ; sb/Sb = 0 ; sb = 0
      k =   20 ; sb/Sb = 0.0598033086579884 ; sb = 136.014705087354
      k =   19 ; sb/Sb = 0.160162744133995 ; sb = 364.268949297621
      Creating new point: f = 0.0194309692683604
    i = 23 ; sf/Sf = 0.12529710359872 ; sf = 187.06377437798
      k =   21 ; sb/Sb = 0 ; sb = 0
      k =   20 ; sb/Sb = 0.0598033086579884 ; sb = 136.014705087354
      k =   19 ; sb/Sb = 0.160162744133995 ; sb = 364.268949297621
      Creating new point: f = 0.652592301163242
    i = 24 ; sf/Sf = 0.226657682010435 ; sf = 338.391233882196
      k =   21 ; sb/Sb = 0 ; sb = 0
      k =   20 ; sb/Sb = 0.0598033086579884 ; sb = 136.014705087354
      k =   19 ; sb/Sb = 0.160162744133995 ; sb = 364.268949297621
      k =   18 ; sb/Sb = 0.239792662396905 ; sb = 545.376652060369
      Creating new point: f = 0.835049681413674
    i = 25 ; sf/Sf = 0.49231127876585 ; sf = 735.001874183235
      k =   21 ; sb/Sb = 0 ; sb = 0
      k =   20 ; sb/Sb = 0.0598033086579884 ; sb = 136.014705087354
      k =   19 ; sb/Sb = 0.160162744133995 ; sb = 364.268949297621
      k =   18 ; sb/Sb = 0.239792662396905 ; sb = 545.376652060369
      k =   94 ; sb/Sb = 0.468142101387421 ; sb = 1064.72720804351
      k =   17 ; sb/Sb = 0.696491540377937 ; sb = 1584.07776402666
      Creating new point: f = 0.105842946167398
    i = 26 ; sf/Sf = 0.756185641490344 ; sf = 1128.95618625508
      k =   21 ; sb/Sb = 0 ; sb = 0
      k =   20 ; sb/Sb = 0.0598033086579884 ; sb = 136.014705087354
      k =   19 ; sb/Sb = 0.160162744133995 ; sb = 364.268949297621
      k =   18 ; sb/Sb = 0.239792662396905 ; sb = 545.376652060369
      k =   94 ; sb/Sb = 0.468142101387421 ; sb = 1064.72720804351
      k =   17 ; sb/Sb = 0.696491540377937 ; sb = 1584.07776402666
      k =   16 ; sb/Sb = 1 ; sb = 2274.36755824355
      Creating new point: f = 0.19668018870624
Tear 1 : Sf = 5133.86318337261 ; Sb = 5005.18538072803
  Backwards path
    i = 3 ; sf/Sf = 0.0724904166756712 ; sf = 372.155881318568
      k =    4 ; sb/Sb = 0 ; sb = 0
      k =    5 ; sb/Sb = 0.031016183248745 ; sb = 155.2417469626
      k =    6 ; sb/Sb = 0.106224307595904 ; sb = 531.672351456974
      Creating new point: f = 0.551459483758461
    i = 2 ; sf/Sf = 0.182280803896586 ; sf = 935.804708160246
      k =    4 ; sb/Sb = 0 ; sb = 0
      k =    5 ; sb/Sb = 0.031016183248745 ; sb = 155.2417469626
      k =    6 ; sb/Sb = 0.106224307595904 ; sb = 531.672351456975
      k =    7 ; sb/Sb = 0.198410879062165 ; sb = 993.083231259348
      Creating new point: f = 0.82502793076015
    i = 75 ; sf/Sf = 0.259816525152096 ; sf = 1333.86249291015
      k =    4 ; sb/Sb = 0 ; sb = 0
      k =    5 ; sb/Sb = 0.031016183248745 ; sb = 155.2417469626
      k =    6 ; sb/Sb = 0.106224307595904 ; sb = 531.672351456975
      k =    7 ; sb/Sb = 0.198410879062165 ; sb = 993.083231259348
      k =  141 ; sb/Sb = 0.258290417703613 ; sb = 1292.79142267226
      k =    8 ; sb/Sb = 0.318169956345061 ; sb = 1592.49961408518
      Creating new point: f = 0.0254862926987641
    i = 1 ; sf/Sf = 0.337352246407606 ; sf = 1731.92027766005
      k =    4 ; sb/Sb = 0 ; sb = 0
      k =    5 ; sb/Sb = 0.031016183248745 ; sb = 155.2417469626
      k =    6 ; sb/Sb = 0.106224307595904 ; sb = 531.672351456975
      k =    7 ; sb/Sb = 0.198410879062165 ; sb = 993.083231259348
      k =  141 ; sb/Sb = 0.258290417703613 ; sb = 1292.79142267226
      k =    8 ; sb/Sb = 0.318169956345061 ; sb = 1592.49961408518
      k =    9 ; sb/Sb = 0.384584160312775 ; sb = 1924.91501685707
      Creating new point: f = 0.288828125860996
    i = 71 ; sf/Sf = 0.341258761255838 ; sf = 1751.97579041469
      k =    4 ; sb/Sb = 0 ; sb = 0
      k =    5 ; sb/Sb = 0.031016183248745 ; sb = 155.2417469626
      k =    6 ; sb/Sb = 0.106224307595904 ; sb = 531.672351456975
      k =    7 ; sb/Sb = 0.198410879062165 ; sb = 993.083231259348
      k =  141 ; sb/Sb = 0.258290417703613 ; sb = 1292.79142267226
      k =    8 ; sb/Sb = 0.318169956345061 ; sb = 1592.49961408518
      k =    9 ; sb/Sb = 0.384584160312775 ; sb = 1924.91501685707
      Creating new point: f = 0.347648598212539
    i = 67 ; sf/Sf = 0.344375322688917 ; sf = 1767.97579041469
      k =    4 ; sb/Sb = 0 ; sb = 0
      k =    5 ; sb/Sb = 0.031016183248745 ; sb = 155.2417469626
      k =    6 ; sb/Sb = 0.106224307595904 ; sb = 531.672351456975
      k =    7 ; sb/Sb = 0.198410879062165 ; sb = 993.083231259348
      k =  141 ; sb/Sb = 0.258290417703613 ; sb = 1292.79142267226
      k =    8 ; sb/Sb = 0.318169956345061 ; sb = 1592.49961408518
      k =    9 ; sb/Sb = 0.384584160312775 ; sb = 1924.91501685707
      Creating new point: f = 0.394574726162418
    i = 72 ; sf/Sf = 0.347491884121995 ; sf = 1783.97579041469
      k =    4 ; sb/Sb = 0 ; sb = 0
      k =    5 ; sb/Sb = 0.031016183248745 ; sb = 155.2417469626
      k =    6 ; sb/Sb = 0.106224307595904 ; sb = 531.672351456975
      k =    7 ; sb/Sb = 0.198410879062165 ; sb = 993.083231259348
      k =  141 ; sb/Sb = 0.258290417703613 ; sb = 1292.79142267226
      k =    8 ; sb/Sb = 0.318169956345061 ; sb = 1592.49961408518
      k =    9 ; sb/Sb = 0.384584160312775 ; sb = 1924.91501685707
      Creating new point: f = 0.441500854112298
    i = 70 ; sf/Sf = 0.350608445555073 ; sf = 1799.97579041469
      k =    4 ; sb/Sb = 0 ; sb = 0
      k =    5 ; sb/Sb = 0.031016183248745 ; sb = 155.2417469626
      k =    6 ; sb/Sb = 0.106224307595904 ; sb = 531.672351456975
      k =    7 ; sb/Sb = 0.198410879062165 ; sb = 993.083231259348
      k =  141 ; sb/Sb = 0.258290417703613 ; sb = 1292.79142267226
      k =    8 ; sb/Sb = 0.318169956345061 ; sb = 1592.49961408518
      k =    9 ; sb/Sb = 0.384584160312775 ; sb = 1924.91501685707
      Creating new point: f = 0.488426982062178
    i = 69 ; sf/Sf = 0.35684156842123 ; sf = 1831.97579041469
      k =    4 ; sb/Sb = 0 ; sb = 0
      k =    5 ; sb/Sb = 0.031016183248745 ; sb = 155.2417469626
      k =    6 ; sb/Sb = 0.106224307595904 ; sb = 531.672351456975
      k =    7 ; sb/Sb = 0.198410879062165 ; sb = 993.083231259348
      k =  141 ; sb/Sb = 0.258290417703613 ; sb = 1292.79142267226
      k =    8 ; sb/Sb = 0.318169956345061 ; sb = 1592.49961408518
      k =    9 ; sb/Sb = 0.384584160312775 ; sb = 1924.91501685707
      Creating new point: f = 0.582279237961937
    i = 68 ; sf/Sf = 0.369307814153544 ; sf = 1895.97579041469
      k =    4 ; sb/Sb = 0 ; sb = 0
      k =    5 ; sb/Sb = 0.031016183248745 ; sb = 155.2417469626
      k =    6 ; sb/Sb = 0.106224307595904 ; sb = 531.672351456975
      k =    7 ; sb/Sb = 0.198410879062165 ; sb = 993.083231259348
      k =  141 ; sb/Sb = 0.258290417703613 ; sb = 1292.79142267226
      k =    8 ; sb/Sb = 0.318169956345061 ; sb = 1592.49961408518
      k =    9 ; sb/Sb = 0.384584160312775 ; sb = 1924.91501685707
      Creating new point: f = 0.769983749761455
    i = 66 ; sf/Sf = 0.40982427220835 ; sf = 2103.98174274292
      k =    4 ; sb/Sb = 0 ; sb = 0
      k =    5 ; sb/Sb = 0.031016183248745 ; sb = 155.2417469626
      k =    6 ; sb/Sb = 0.106224307595904 ; sb = 531.672351456975
      k =    7 ; sb/Sb = 0.198410879062165 ; sb = 993.083231259348
      k =  141 ; sb/Sb = 0.258290417703613 ; sb = 1292.79142267226
      k =    8 ; sb/Sb = 0.318169956345061 ; sb = 1592.49961408518
      k =    9 ; sb/Sb = 0.384584160312775 ; sb = 1924.91501685707
      k =   10 ; sb/Sb = 0.453938454459559 ; sb = 2272.04611601126
      Creating new point: f = 0.363930052292874
    i = 65 ; sf/Sf = 0.489400597039026 ; sf = 2512.51570705923
      k =    4 ; sb/Sb = 0 ; sb = 0
      k =    5 ; sb/Sb = 0.031016183248745 ; sb = 155.2417469626
      k =    6 ; sb/Sb = 0.106224307595904 ; sb = 531.672351456975
      k =    7 ; sb/Sb = 0.198410879062165 ; sb = 993.083231259348
      k =  141 ; sb/Sb = 0.258290417703613 ; sb = 1292.79142267226
      k =    8 ; sb/Sb = 0.318169956345061 ; sb = 1592.49961408518
      k =    9 ; sb/Sb = 0.384584160312775 ; sb = 1924.91501685707
      k =   10 ; sb/Sb = 0.453938454459559 ; sb = 2272.04611601126
      k =   11 ; sb/Sb = 0.549609795144819 ; sb = 2750.89891176378
      Creating new point: f = 0.370666307438196
    i = 64 ; sf/Sf = 0.589672358997274 ; sf = 3027.29721410858
      k =    4 ; sb/Sb = 0 ; sb = 0
      k =    5 ; sb/Sb = 0.031016183248745 ; sb = 155.2417469626
      k =    6 ; sb/Sb = 0.106224307595904 ; sb = 531.672351456975
      k =    7 ; sb/Sb = 0.198410879062165 ; sb = 993.083231259348
      k =  141 ; sb/Sb = 0.258290417703613 ; sb = 1292.79142267226
      k =    8 ; sb/Sb = 0.318169956345061 ; sb = 1592.49961408518
      k =    9 ; sb/Sb = 0.384584160312775 ; sb = 1924.91501685707
      k =   10 ; sb/Sb = 0.453938454459559 ; sb = 2272.04611601126
      k =   11 ; sb/Sb = 0.549609795144819 ; sb = 2750.89891176378
      k =   12 ; sb/Sb = 0.679352107248295 ; sb = 3400.28323556595
      Creating new point: f = 0.308785647511067
    i = 63 ; sf/Sf = 0.717713000849744 ; sf = 3684.64035129037
      k =    4 ; sb/Sb = 0 ; sb = 0
      k =    5 ; sb/Sb = 0.031016183248745 ; sb = 155.2417469626
      k =    6 ; sb/Sb = 0.106224307595904 ; sb = 531.672351456975
      k =    7 ; sb/Sb = 0.198410879062165 ; sb = 993.083231259348
      k =  141 ; sb/Sb = 0.258290417703613 ; sb = 1292.79142267226
      k =    8 ; sb/Sb = 0.318169956345061 ; sb = 1592.49961408518
      k =    9 ; sb/Sb = 0.384584160312775 ; sb = 1924.91501685707
      k =   10 ; sb/Sb = 0.453938454459559 ; sb = 2272.04611601126
      k =   11 ; sb/Sb = 0.549609795144819 ; sb = 2750.89891176378
      k =   12 ; sb/Sb = 0.679352107248295 ; sb = 3400.28323556595
      k =  204 ; sb/Sb = 0.762290187032939 ; sb = 3815.40370000971
      Creating new point: f = 0.462524496601032
    i = 219 ; sf/Sf = 0.781317118388887 ; sf = 4011.17518863549
      k =    4 ; sb/Sb = 0 ; sb = 0
      k =    5 ; sb/Sb = 0.031016183248745 ; sb = 155.2417469626
      k =    6 ; sb/Sb = 0.106224307595904 ; sb = 531.672351456975
      k =    7 ; sb/Sb = 0.198410879062165 ; sb = 993.083231259348
      k =  141 ; sb/Sb = 0.258290417703613 ; sb = 1292.79142267226
      k =    8 ; sb/Sb = 0.318169956345061 ; sb = 1592.49961408518
      k =    9 ; sb/Sb = 0.384584160312775 ; sb = 1924.91501685707
      k =   10 ; sb/Sb = 0.453938454459559 ; sb = 2272.04611601126
      k =   11 ; sb/Sb = 0.549609795144819 ; sb = 2750.89891176378
      k =   12 ; sb/Sb = 0.679352107248295 ; sb = 3400.28323556595
      k =  204 ; sb/Sb = 0.762290187032939 ; sb = 3815.40370000971
      k =   13 ; sb/Sb = 0.845228266817583 ; sb = 4230.52416445346
      Creating new point: f = 0.229411283759564
    i = 62 ; sf/Sf = 0.844921235928031 ; sf = 4337.7100259806
      k =    4 ; sb/Sb = 0 ; sb = 0
      k =    5 ; sb/Sb = 0.031016183248745 ; sb = 155.2417469626
      k =    6 ; sb/Sb = 0.106224307595904 ; sb = 531.672351456975
      k =    7 ; sb/Sb = 0.198410879062165 ; sb = 993.083231259348
      k =  141 ; sb/Sb = 0.258290417703613 ; sb = 1292.79142267226
      k =    8 ; sb/Sb = 0.318169956345061 ; sb = 1592.49961408518
      k =    9 ; sb/Sb = 0.384584160312775 ; sb = 1924.91501685707
      k =   10 ; sb/Sb = 0.453938454459559 ; sb = 2272.04611601126
      k =   11 ; sb/Sb = 0.549609795144819 ; sb = 2750.89891176378
      k =   12 ; sb/Sb = 0.679352107248295 ; sb = 3400.28323556595
      k =  204 ; sb/Sb = 0.762290187032939 ; sb = 3815.40370000971
      k =   13 ; sb/Sb = 0.845228266817583 ; sb = 4230.52416445346
      Creating new point: f = 0.996298070918098
    i = 61 ; sf/Sf = 0.908726361889334 ; sf = 4665.27681306379
      k =    4 ; sb/Sb = 0 ; sb = 0
      k =    5 ; sb/Sb = 0.031016183248745 ; sb = 155.2417469626
      k =    6 ; sb/Sb = 0.106224307595904 ; sb = 531.672351456975
      k =    7 ; sb/Sb = 0.198410879062165 ; sb = 993.083231259348
      k =  141 ; sb/Sb = 0.258290417703613 ; sb = 1292.79142267226
      k =    8 ; sb/Sb = 0.318169956345061 ; sb = 1592.49961408518
      k =    9 ; sb/Sb = 0.384584160312775 ; sb = 1924.91501685707
      k =   10 ; sb/Sb = 0.453938454459559 ; sb = 2272.04611601126
      k =   11 ; sb/Sb = 0.549609795144819 ; sb = 2750.89891176378
      k =   12 ; sb/Sb = 0.679352107248295 ; sb = 3400.28323556595
      k =  204 ; sb/Sb = 0.762290187032939 ; sb = 3815.40370000971
      k =   13 ; sb/Sb = 0.845228266817583 ; sb = 4230.52416445346
      k =   14 ; sb/Sb = 1 ; sb = 5005.18538072803
      Creating new point: f = 0.410269328682331
    i = 60 ; sf/Sf = 0.95068435426105 ; sf = 4880.68340534917
      k =    4 ; sb/Sb = 0 ; sb = 0
      k =    5 ; sb/Sb = 0.031016183248745 ; sb = 155.2417469626
      k =    6 ; sb/Sb = 0.106224307595904 ; sb = 531.672351456975
      k =    7 ; sb/Sb = 0.198410879062165 ; sb = 993.083231259348
      k =  141 ; sb/Sb = 0.258290417703613 ; sb = 1292.79142267226
      k =    8 ; sb/Sb = 0.318169956345061 ; sb = 1592.49961408518
      k =    9 ; sb/Sb = 0.384584160312775 ; sb = 1924.91501685707
      k =   10 ; sb/Sb = 0.453938454459559 ; sb = 2272.04611601126
      k =   11 ; sb/Sb = 0.549609795144819 ; sb = 2750.89891176378
      k =   12 ; sb/Sb = 0.679352107248295 ; sb = 3400.28323556595
      k =  204 ; sb/Sb = 0.762290187032939 ; sb = 3815.40370000971
      k =   13 ; sb/Sb = 0.845228266817583 ; sb = 4230.52416445346
      k =   14 ; sb/Sb = 1 ; sb = 5005.18538072803
      Creating new point: f = 0.681365293746334
Tear 2 : Sf = 1112.09909638135 ; Sb = 1148.97077906203
  Backwards path
    i = 48 ; sf/Sf = 0.18096059841233 ; sf = 201.246117974981
      k =   49 ; sb/Sb = 0 ; sb = 0
      k =   50 ; sb/Sb = 0.191475713751048 ; sb = 220
    i = 44 ; sf/Sf = 0.18096059841233 ; sf = 201.246117974981
      k =   49 ; sb/Sb = 0 ; sb = 0
      k =   50 ; sb/Sb = 0.191475713751048 ; sb = 220
      Creating new point: f = 0.945083816987937
    i = 43 ; sf/Sf = 0.637520713103165 ; sf = 708.986208966425
      k =   49 ; sb/Sb = 0 ; sb = 0
      k =   50 ; sb/Sb = 0.191475713751048 ; sb = 220
      k =   51 ; sb/Sb = 0.656682601807905 ; sb = 754.509120595711
      Creating new point: f = 0.958809963487903
Tear 3 : Sf = 1784.78466563938 ; Sb = 1953.08436828065
  Backwards path
    i = 33 ; sf/Sf = 0.0896466689121186 ; sf = 160
      k =   34 ; sb/Sb = 0 ; sb = 0
      k =   35 ; sb/Sb = 0.0978194976357391 ; sb = 191.049731745428
      Creating new point: f = 0.916449900877077
    i = 32 ; sf/Sf = 0.117661252947156 ; sf = 210
      k =   34 ; sb/Sb = 0 ; sb = 0
      k =   35 ; sb/Sb = 0.0978194976357391 ; sb = 191.049731745428
      k =   36 ; sb/Sb = 0.217787428403352 ; sb = 425.357222022628
      Creating new point: f = 0.165392160925503
    i = 31 ; sf/Sf = 0.1512787537892 ; sf = 270
      k =   34 ; sb/Sb = 0 ; sb = 0
      k =   35 ; sb/Sb = 0.0978194976357391 ; sb = 191.049731745428
      k =   36 ; sb/Sb = 0.217787428403352 ; sb = 425.357222022628
      Creating new point: f = 0.445612888472804
    i = 83 ; sf/Sf = 0.41025839366144 ; sf = 732.222889956783
      k =   34 ; sb/Sb = 0 ; sb = 0
      k =   35 ; sb/Sb = 0.0978194976357391 ; sb = 191.049731745428
      k =   36 ; sb/Sb = 0.217787428403352 ; sb = 425.357222022628
      k =  429 ; sb/Sb = 0.369744435256128 ; sb = 722.142076757501
      k =  396 ; sb/Sb = 0.521701442108905 ; sb = 1018.92693149237
      Creating new point: f = 0.266614611885342
    i = 30 ; sf/Sf = 0.669238033533679 ; sf = 1194.44577991357
      k =   34 ; sb/Sb = 0 ; sb = 0
      k =   35 ; sb/Sb = 0.0978194976357391 ; sb = 191.049731745428
      k =   36 ; sb/Sb = 0.217787428403352 ; sb = 425.357222022628
      k =  429 ; sb/Sb = 0.369744435256128 ; sb = 722.142076757501
      k =  396 ; sb/Sb = 0.521701442108905 ; sb = 1018.92693149237
      k =   37 ; sb/Sb = 0.825615455814458 ; sb = 1612.49664096212
      Creating new point: f = 0.485455045741045
    i = 347 ; sf/Sf = 0.834619016766839 ; sf = 1489.61522277647
      k =   34 ; sb/Sb = 0 ; sb = 0
      k =   35 ; sb/Sb = 0.0978194976357391 ; sb = 191.049731745428
      k =   36 ; sb/Sb = 0.217787428403352 ; sb = 425.357222022628
      k =  429 ; sb/Sb = 0.369744435256128 ; sb = 722.142076757501
      k =  396 ; sb/Sb = 0.521701442108905 ; sb = 1018.92693149237
      k =   37 ; sb/Sb = 0.825615455814458 ; sb = 1612.49664096212
      k =   38 ; sb/Sb = 1 ; sb = 1953.08436828065
      Creating new point: f = 0.0516304985308886
Tear 4 : Sf = 269.258240356725 ; Sb = 505.160628414783
  Backwards path
Tear 5 : Sf = 2274.36755824355 ; Sb = 1492.9616807191
  Backwards path
    i = 20 ; sf/Sf = 0.0598033086579884 ; sf = 136.014705087354
      k =   21 ; sb/Sb = 0 ; sb = 0
      k =   22 ; sb/Sb = 0.0617533897645127 ; sb = 92.1954445729289
      Creating new point: f = 0.968421472667968
    i = 19 ; sf/Sf = 0.160162744133995 ; sf = 364.268949297621
      k =   21 ; sb/Sb = 0 ; sb = 0
      k =   22 ; sb/Sb = 0.0617533897645127 ; sb = 92.1954445729289
      k =   23 ; sb/Sb = 0.12529710359872 ; sb = 187.06377437798
      k =   24 ; sb/Sb = 0.226657682010435 ; sb = 338.391233882196
      Creating new point: f = 0.343976337562471
    i = 18 ; sf/Sf = 0.239792662396905 ; sf = 545.376652060369
      k =   21 ; sb/Sb = 0 ; sb = 0
      k =   22 ; sb/Sb = 0.0617533897645127 ; sb = 92.1954445729289
      k =   23 ; sb/Sb = 0.12529710359872 ; sb = 187.06377437798
      k =   24 ; sb/Sb = 0.226657682010435 ; sb = 338.391233882196
      k =   25 ; sb/Sb = 0.49231127876585 ; sb = 735.001874183235
      Creating new point: f = 0.0494440148633235
    i = 94 ; sf/Sf = 0.468142101387421 ; sf = 1064.72720804351
      k =   21 ; sb/Sb = 0 ; sb = 0
      k =   22 ; sb/Sb = 0.0617533897645127 ; sb = 92.1954445729289
      k =   23 ; sb/Sb = 0.12529710359872 ; sb = 187.06377437798
      k =   24 ; sb/Sb = 0.226657682010435 ; sb = 338.391233882196
      k =   25 ; sb/Sb = 0.49231127876585 ; sb = 735.001874183235
      Creating new point: f = 0.90901995051593
    i = 17 ; sf/Sf = 0.696491540377937 ; sf = 1584.07776402666
      k =   21 ; sb/Sb = 0 ; sb = 0
      k =   22 ; sb/Sb = 0.0617533897645127 ; sb = 92.1954445729289
      k =   23 ; sb/Sb = 0.12529710359872 ; sb = 187.06377437798
      k =   24 ; sb/Sb = 0.226657682010435 ; sb = 338.391233882196
      k =   25 ; sb/Sb = 0.49231127876585 ; sb = 735.001874183235
      k =   26 ; sb/Sb = 0.756185641490345 ; sb = 1128.95618625508
      Creating new point: f = 0.773778322016327
Triangulating...
[1] "Non-adjacent points in rim connected by line: 72 71"
[1] "In triangle: 277" "In triangle: 304"
[1] "Other points in triangles: 457 456"
Merging points...
Projecting to sphere...
Optimising mapping with FIRE...
E =  0.00489 | E_L =  0.00489 | E_A =  0.00000 |   0 flippped triangles
E =  0.00427 | E_L =  0.00427 | E_A =  0.00000 |  78 flippped triangles
        phi0    phi0.1    phi0.2    phi0.3    phi0.4    phi0.5    phi0.6
id   13.0000   16.0000 19.000000     59.00     60.00     61.00     71.00
A   659.6030  658.9500  3.180895  33097.57  32336.98  36122.56  31460.09
a  -606.1462 -633.3071 -3.124922 -38162.91 -40849.51 -33141.81 -29780.40
      phi0.7    phi0.8    phi0.9   phi0.10   phi0.11   phi0.12   phi0.13
id     72.00   73.0000     74.00   76.0000    77.000   79.0000    81.000
A   31816.65 7556.3888  18529.43 1863.8403  3868.774  805.7938 14770.891
a  -25752.83 -899.8662 -19701.57 -582.7144 -2113.117 -775.7736 -2240.243
     phi0.14   phi0.15   phi0.16   phi0.17   phi0.18   phi0.19   phi0.20
id    82.000     86.00  105.0000   118.000   194.000   196.000  244.0000
A   8142.056  17263.61  293.8728  8420.746  6436.657  2083.395 1021.1538
a  -6672.652 -11292.09 -270.1872 -8717.179 -6499.570 -1913.760 -925.1786
     phi0.21   phi0.22   phi0.23  phi0.24   phi0.25   phi0.26   phi0.27
id  245.0000  246.0000 251.00000 252.0000 253.00000 255.00000 256.00000
A   558.3362  266.4714  44.70007  32.0523  26.90839  63.66860  24.22523
a  -541.4632 -277.0843 -49.35638 -14.5013 -30.21974 -67.49567 -24.53686
     phi0.28   phi0.29   phi0.30   phi0.31   phi0.32   phi0.33   phi0.34
id   257.000  258.0000   263.000    264.00   266.000 273.00000   274.000
A   3582.322  932.1922 10747.123  38267.47  7185.523  44.09772  5647.190
a  -3679.357 -103.5750 -4904.567 -10260.39 -4945.587 -29.71545 -7030.843
     phi0.35   phi0.36   phi0.37   phi0.38   phi0.39   phi0.40   phi0.41
id 275.00000 279.00000    282.00   285.000   287.000  288.0000    289.00
A   18.84274  85.70511  21605.42  3244.121  2512.675  197.2226  12234.90
a  -17.07726 -71.12726 -17456.99 -2982.800 -2481.357 -171.0654 -13412.31
     phi0.42    phi0.43    phi0.44   phi0.45   phi0.46   phi0.47    phi0.48
id   294.000 304.000000    305.000    311.00  320.0000  323.0000 324.000000
A   8532.617   9.476440   7274.421  38457.46  695.1146  692.1117   3.346552
a  -6666.388  -8.171949 -10796.938 -28734.48 -648.6634 -666.5071  -3.280581
     phi0.49   phi0.50   phi0.51   phi0.52   phi0.53  phi0.54   phi0.55
id    355.00    365.00  372.0000   395.000    401.00  544.000   556.000
A   10882.11  15067.17  163.2488  6574.279  27457.49  863.359  6481.129
a  -10595.00 -16822.26 -144.4237 -6706.876 -18209.47 -254.706 -6190.688
     phi0.56   phi0.57   phi0.58   phi0.59   phi0.60   phi0.61   phi0.62
id   593.000  597.0000  598.0000  621.0000   623.000   625.000   629.000
A   2628.326  643.3776  350.1225  517.9657  6468.356  5374.836  1753.743
a  -2918.616 -616.7936 -372.1973 -666.6835 -7981.553 -6286.571 -2085.821
     phi0.63   phi0.64   phi0.65   phi0.66   phi0.67   phi0.68   phi0.69
id   630.000   631.000   632.000   634.000  706.0000   739.000   805.000
A  32240.340  9590.526  7573.721  2679.081  226.6385  2376.348  3383.459
a  -7702.584 -9749.067 -3423.638 -2414.213 -331.4576 -3233.028 -3780.134
     phi0.70   phi0.71   phi0.72   phi0.73   phi0.74   phi0.75   phi0.76
id  820.0000    825.00  828.0000   837.000  855.0000   906.000    985.00
A   652.8891  11885.77  196.6033  8309.895  611.6577  3294.395  24948.40
a  -360.7434 -13408.64 -180.3706 -1675.912 -177.0957 -2812.084 -22324.62
      phi0.77
id 989.000000
A    4.906200
a   -4.948364
E =  0.00395 | E_L =  0.00395 | E_A =  0.00000 |  82 flippped triangles
        phi0    phi0.1    phi0.2    phi0.3    phi0.4    phi0.5    phi0.6
id   13.0000   16.0000     59.00     60.00     61.00     71.00     72.00
A   659.6030  658.9500  33097.57  32336.98  36122.56  31460.09  31816.65
a  -620.4244 -689.3441 -34532.92 -35679.94 -34868.02 -26526.08 -21184.01
      phi0.7    phi0.8    phi0.9   phi0.10   phi0.11   phi0.12   phi0.13
id   73.0000     74.00    77.000   79.0000    81.000    82.000  105.0000
A  7556.3888  18529.43  3868.774  805.7938 14770.891  8142.056  293.8728
a  -286.7584 -18818.71 -3388.426 -729.6026 -8610.442 -6998.247 -242.2176
     phi0.14   phi0.15   phi0.16   phi0.17   phi0.18   phi0.19   phi0.20
id  110.0000   111.000 112.00000   118.000   194.000   196.000  244.0000
A   180.8090 10696.233  78.58785  8420.746  6436.657  2083.395 1021.1538
a  -180.5293 -1797.455 -48.99938 -8636.518 -5831.361 -1840.164 -803.9041
     phi0.21   phi0.22   phi0.23   phi0.24   phi0.25    phi0.26   phi0.27
id  245.0000  246.0000 251.00000 252.00000 253.00000 254.000000 255.00000
A   558.3362  266.4714  44.70007  32.05230  26.90839   5.959143  63.66860
a  -475.9472 -240.3502 -44.84399 -34.84203 -23.97680  -6.562568 -75.27027
     phi0.28   phi0.29   phi0.30   phi0.31   phi0.32   phi0.33    phi0.34
id 256.00000   257.000   263.000   266.000 273.00000   274.000 275.000000
A   24.22523  3582.322 10747.123  7185.523  44.09772  5647.190  18.842744
a  -21.46570 -2876.653 -3094.986 -6647.946 -38.57660 -6765.452  -5.375387
      phi0.35   phi0.36   phi0.37     phi0.38   phi0.39   phi0.40   phi0.41
id 277.000000 278.00000 279.00000   282.00000   285.000   287.000  288.0000
A    4.710686  19.62480  85.70511 21605.41725  3244.121  2512.675  197.2226
a   -5.189700 -25.75063 -99.83765   -43.91206 -3211.506 -2304.001 -172.2205
     phi0.42   phi0.43   phi0.44   phi0.45   phi0.46   phi0.47   phi0.48
id   294.000 304.00000   305.000    311.00  320.0000  323.0000    355.00
A   8532.617   9.47644  7274.421  38457.46  695.1146  692.1117  10882.11
a  -7821.385 -11.12980 -3162.297 -33577.83 -646.9235 -670.2232 -10401.19
     phi0.49   phi0.50   phi0.51    phi0.52   phi0.53    phi0.54   phi0.55
id    365.00 367.00000  372.0000 373.000000   395.000 543.000000  544.0000
A   15067.17  11.41688  163.2488   3.677733  6574.279  26.495462  863.3590
a  -17409.33 -15.62764 -150.4256  -3.390302 -5979.477  -8.403665 -329.0368
    phi0.56   phi0.57   phi0.58   phi0.59   phi0.60   phi0.61   phi0.62
id   554.00   556.000   593.000  597.0000  598.0000  621.0000   623.000
A   7970.95  6481.129  2628.326  643.3776  350.1225  517.9657  6468.356
a  -4038.37 -6639.878 -3013.289 -722.5144 -409.5233 -657.8968 -7281.075
     phi0.63   phi0.64   phi0.65    phi0.66   phi0.67   phi0.68   phi0.69
id   625.000   629.000    630.00    631.000   632.000   634.000  706.0000
A   5374.836  1753.743  32240.34   9590.526  7573.721  2679.081  226.6385
a  -6418.819 -2100.611 -18568.48 -11041.636 -4350.134 -1695.013 -281.2814
     phi0.70   phi0.71   phi0.72   phi0.73   phi0.74   phi0.75   phi0.76
id   739.000   805.000   812.000    825.00  828.0000   837.000 849.00000
A   2376.348  3383.459 14298.463  11885.77  196.6033  8309.895 561.71444
a  -3131.705 -3819.632 -4971.827 -14456.74 -172.8953 -5628.314 -28.03761
     phi0.77   phi0.78   phi0.79    phi0.80    phi0.81
id  855.0000  861.0000   906.000 989.000000 990.000000
A   611.6577 7987.5000  3294.395   4.906200   9.671954
a  -497.4248 -804.2988 -3042.976  -5.194889  -7.822456
E =  0.00390 | E_L =  0.00390 | E_A =  0.00000 |  77 flippped triangles
        phi0    phi0.1    phi0.2    phi0.3    phi0.4    phi0.5    phi0.6
id   13.0000     14.00   16.0000 19.000000     59.00     60.00     61.00
A   659.6030  16293.49  658.9500  3.180895  33097.57  32336.98  36122.56
a  -678.0468 -15565.90 -650.7624 -3.311683 -34611.11 -36277.01 -35782.69
      phi0.7    phi0.8    phi0.9   phi0.10   phi0.11   phi0.12   phi0.13
id     71.00     72.00   73.0000     74.00    77.000   79.0000     81.00
A   31460.09  31816.65 7556.3888  18529.43  3868.774  805.7938  14770.89
a  -25076.23 -19444.84 -787.5534 -16507.71 -3687.313 -764.5760 -10872.86
     phi0.14   phi0.15  phi0.16  phi0.17   phi0.18   phi0.19   phi0.20
id    82.000  105.0000  110.000   111.00 112.00000   118.000   194.000
A   8142.056  293.8728  180.809 10696.23  78.58785  8420.746  6436.657
a  -7999.308 -263.1110 -169.390 -5412.78 -70.22363 -8764.490 -5685.385
     phi0.21   phi0.22   phi0.23   phi0.24   phi0.25   phi0.26   phi0.27
id   196.000  244.0000  245.0000  246.0000 251.00000 252.00000 253.00000
A   2083.395 1021.1538  558.3362  266.4714  44.70007  32.05230  26.90839
a  -1914.924 -784.8527 -458.6256 -253.8948 -43.81863 -10.25135 -27.29148
      phi0.28   phi0.29   phi0.30   phi0.31   phi0.32   phi0.33   phi0.34
id 254.000000 255.00000 256.00000   257.000   266.000 273.00000   274.000
A    5.959143  63.66860  24.22523  3582.322  7185.523  44.09772  5647.190
a   -5.806856 -76.88351 -24.35350 -2898.864 -6447.862 -46.85065 -4237.359
     phi0.35    phi0.36   phi0.37   phi0.38   phi0.39   phi0.40   phi0.41
id 275.00000 277.000000 279.00000   285.000   287.000  288.0000   294.000
A   18.84274   4.710686  85.70511  3244.121  2512.675  197.2226  8532.617
a  -24.23498  -4.500817 -87.75606 -3055.709 -2459.192 -161.4698 -7563.344
     phi0.42   phi0.43   phi0.44   phi0.45    phi0.46   phi0.47   phi0.48
id 304.00000    311.00  320.0000  323.0000 324.000000    355.00    365.00
A    9.47644  38457.46  695.1146  692.1117   3.346552  10882.11  15067.17
a  -10.20350 -34117.20 -714.5589 -661.9351  -3.430809 -10341.69 -17767.16
     phi0.49   phi0.50    phi0.51   phi0.52   phi0.53   phi0.54   phi0.55
id 367.00000  372.0000 373.000000   395.000  544.0000   554.000   556.000
A   11.41688  163.2488   3.677733  6574.279  863.3590  7970.950  6481.129
a  -12.18810 -172.5405  -3.671568 -5707.489 -395.6539 -7191.649 -6507.043
     phi0.56   phi0.57   phi0.58   phi0.59   phi0.60   phi0.61   phi0.62
id   593.000  597.0000  598.0000  621.0000   623.000   625.000   629.000
A   2628.326  643.3776  350.1225  517.9657  6468.356  5374.836  1753.743
a  -2978.437 -743.6193 -431.4769 -642.6541 -6893.041 -5669.996 -2074.763
     phi0.63    phi0.64   phi0.65   phi0.66   phi0.67   phi0.68   phi0.69
id    630.00    631.000   632.000   634.000    640.00  706.0000   739.000
A   32240.34   9590.526  7573.721  2679.081  23871.32  226.6385  2376.348
a  -25618.81 -11611.694 -3580.134 -2865.313 -16480.32 -260.8322 -3053.744
     phi0.70   phi0.71   phi0.72   phi0.73   phi0.74   phi0.75   phi0.76
id   805.000   812.000    825.00  828.0000   837.000  855.0000   906.000
A   3383.459 14298.463  11885.77  196.6033  8309.895  611.6577  3294.395
a  -3856.287 -5190.098 -13876.71 -192.5836 -5501.215 -570.0989 -3027.188
E =  0.00390 | E_L =  0.00390 | E_A =  0.00000 |  77 flippped triangles
        phi0    phi0.1    phi0.2    phi0.3    phi0.4    phi0.5    phi0.6
id   13.0000     14.00   16.0000 19.000000     59.00     60.00     61.00
A   659.6030  16293.49  658.9500  3.180895  33097.57  32336.98  36122.56
a  -647.8478 -15804.62 -675.0558 -3.106308 -34500.37 -36282.08 -35065.15
      phi0.7    phi0.8   phi0.9   phi0.10   phi0.11   phi0.12   phi0.13
id     71.00     72.00   73.000     74.00    77.000   79.0000     81.00
A   31460.09  31816.65 7556.389  18529.43  3868.774  805.7938  14770.89
a  -24848.58 -18944.71 -713.056 -16244.79 -3654.409 -768.0641 -10253.67
     phi0.14   phi0.15   phi0.16   phi0.17   phi0.18   phi0.19   phi0.20
id    82.000  105.0000  110.0000   111.000 112.00000   118.000   194.000
A   8142.056  293.8728  180.8090 10696.233  78.58785  8420.746  6436.657
a  -7477.032 -261.6862 -168.2224 -4891.816 -70.95280 -8701.732 -5653.191
     phi0.21   phi0.22   phi0.23   phi0.24   phi0.25   phi0.26   phi0.27
id   196.000  244.0000  245.0000  246.0000 251.00000 252.00000 253.00000
A   2083.395 1021.1538  558.3362  266.4714  44.70007  32.05230  26.90839
a  -1915.908 -787.5023 -476.3560 -252.9075 -43.81371 -11.40858 -27.07392
      phi0.28   phi0.29   phi0.30   phi0.31   phi0.32   phi0.33   phi0.34
id 254.000000 255.00000 256.00000   257.000   266.000 273.00000   274.000
A    5.959143  63.66860  24.22523  3582.322  7185.523  44.09772  5647.190
a   -5.025227 -79.98859 -24.85247 -2762.820 -6339.422 -46.51916 -4242.577
     phi0.35    phi0.36   phi0.37   phi0.38   phi0.39   phi0.40   phi0.41
id 275.00000 277.000000 279.00000   285.000   287.000  288.0000   294.000
A   18.84274   4.710686  85.70511  3244.121  2512.675  197.2226  8532.617
a  -24.72874  -4.867896 -91.87113 -3010.412 -2640.057 -150.3152 -7605.929
     phi0.42   phi0.43   phi0.44   phi0.45    phi0.46   phi0.47   phi0.48
id 304.00000    311.00  320.0000  323.0000 324.000000    355.00    365.00
A    9.47644  38457.46  695.1146  692.1117   3.346552  10882.11  15067.17
a  -10.53054 -33107.96 -696.5711 -690.8276  -3.228894 -10336.83 -17635.16
     phi0.49   phi0.50    phi0.51   phi0.52   phi0.53   phi0.54   phi0.55
id 367.00000  372.0000 373.000000   395.000  544.0000   554.000   556.000
A   11.41688  163.2488   3.677733  6574.279  863.3590  7970.950  6481.129
a  -12.91556 -170.1972  -3.595049 -5630.204 -362.3327 -7205.697 -6410.287
     phi0.56   phi0.57   phi0.58   phi0.59   phi0.60   phi0.61   phi0.62
id   593.000  597.0000  598.0000  621.0000   623.000   625.000   629.000
A   2628.326  643.3776  350.1225  517.9657  6468.356  5374.836  1753.743
a  -2939.863 -724.2830 -426.9366 -647.5443 -6757.897 -5630.366 -2064.338
     phi0.63    phi0.64   phi0.65   phi0.66   phi0.67   phi0.68   phi0.69
id    630.00    631.000   632.000   634.000    640.00  706.0000   739.000
A   32240.34   9590.526  7573.721  2679.081  23871.32  226.6385  2376.348
a  -26548.83 -11728.681 -3453.806 -2873.285 -18060.37 -252.0931 -3112.217
     phi0.70   phi0.71   phi0.72   phi0.73   phi0.74   phi0.75   phi0.76
id   805.000   812.000    825.00  828.0000   837.000  855.0000   906.000
A   3383.459 14298.463  11885.77  196.6033  8309.895  611.6577  3294.395
a  -3834.093 -4629.145 -14063.31 -194.8093 -5072.338 -538.0142 -3024.490
FIRE:  6  stops.  0 hits of maxmove.  0 hits of dtmax.
Frms = 9.02807049349535e-06; Ftanrms = 9.02781415607186e-06
E =  0.00621 | E_L =  0.00619 | E_A =  0.00002 |   0 flippped triangles
E =  0.00483 | E_L =  0.00483 | E_A =  0.00000 |   0 flippped triangles
E =  0.00444 | E_L =  0.00444 | E_A =  0.00000 |   0 flippped triangles
E =  0.00439 | E_L =  0.00439 | E_A =  0.00000 |   0 flippped triangles
E =  0.00437 | E_L =  0.00437 | E_A =  0.00000 |   0 flippped triangles
E =  0.00437 | E_L =  0.00437 | E_A =  0.00000 |   0 flippped triangles
Optimising mapping with BFGS...
E =  0.00437 | E_L =  0.00437 | E_A =  0.00000 |   0 flippped triangles
Transforming image...
Mapping optimised. Error: 0.004372322 ; 0 flipped triangles.
Inferring coordinates of datapoints
Inferring coordinates of landmarks
Mapping optimised. Error: 0.004372322 ; 0 flipped triangles. OD displacement: NULL degrees.
Computing Kernel Density estimates of datapoints

[1] 0.8
Saving developmental_retina/data/C57BL6J/P6/AP/GM125-3/R-CONTRA/r.mat
