[1] "Adding old segment 1"
[1] "Intersection found. Old points:"
    X     Y 
-1380  2589 
    X     Y 
-1350  2479 
    X     Y 
-1360  2489 
    X     Y 
-1220  2539 
[1] "Point i+1 has been changed:"
    X     Y 
-1380  2589 
        X         Y 
-1353.373  2491.367 
    X     Y 
-1360  2489 
    X     Y 
-1220  2539 
[1] "a= 0.353048764550852"
[1] "l= 141.623495166765"
[1] "New points:"
    X     Y 
-1380  2589 
        X         Y 
-1353.373  2491.367 
        X         Y 
-1267.087  2522.183 
    X     Y 
-1220  2539 
[1] "Storing new segment 1"
[1] "Adding old segment 2"
[1] "Adding old segment 3"
[1] "Adding old segment 4"
[1] "Adding old segment 5"
[1] "Storing new segment 2"
simplify.outline: Removing vertex 19
simplify.outline: Removing vertex 26
simplify.outline: Removing vertex 35
simplify.outline: Removing vertex 44
Triangulating...
Stitching...
Tear 1 child of rim
Tear 2 child of rim
Tear 3 child of rim
Tear 4 child of rim
Tear 1 : Sf = 1270.2381626619 ; Sb = 1233.83475833698
  Forwards path
    i = 202 ; sf/Sf = 0.206044074457329 ; sf = 261.725046566048
      k =   12 ; sb/Sb = 0 ; sb = 0
      k =  297 ; sb/Sb = 0.255172929520143 ; sb = 314.841229828623
      Creating new point: f = 0.807468389553697
    i = 13 ; sf/Sf = 0.412088148914657 ; sf = 523.450093132096
      k =   12 ; sb/Sb = 0 ; sb = 0
      k =  297 ; sb/Sb = 0.255172929520143 ; sb = 314.841229828623
      k =   11 ; sb/Sb = 0.510345859040286 ; sb = 629.682459657247
      Creating new point: f = 0.614936779107394
    i = 14 ; sf/Sf = 0.752797248112808 ; sf = 956.231793299744
      k =   12 ; sb/Sb = 0 ; sb = 0
      k =  297 ; sb/Sb = 0.255172929520143 ; sb = 314.841229828623
      k =   11 ; sb/Sb = 0.510345859040286 ; sb = 629.682459657247
      k =  299 ; sb/Sb = 0.755172929520143 ; sb = 931.758608997111
      Creating new point: f = 0.990296492121239
Tear 2 : Sf = 2502.96055264189 ; Sb = 2587.53542548865
  Forwards path
    i = 125 ; sf/Sf = 0.0759363857679925 ; sf = 190.065778087482
      k =   22 ; sb/Sb = 0 ; sb = 0
      k =   21 ; sb/Sb = 0.0623161149322314 ; sb = 161.245154965971
      k =  203 ; sb/Sb = 0.135897456378269 ; sb = 351.639482612569
      Creating new point: f = 0.185104954164907
    i = 23 ; sf/Sf = 0.151872771535985 ; sf = 380.131556174964
      k =   22 ; sb/Sb = 0 ; sb = 0
      k =   21 ; sb/Sb = 0.0623161149322314 ; sb = 161.245154965971
      k =  203 ; sb/Sb = 0.135897456378269 ; sb = 351.639482612569
      k =  119 ; sb/Sb = 0.209478797824306 ; sb = 542.033810259166
      Creating new point: f = 0.217110952909608
    i = 152 ; sf/Sf = 0.277660303223733 ; sf = 694.972786003588
      k =   22 ; sb/Sb = 0 ; sb = 0
      k =   21 ; sb/Sb = 0.0623161149322314 ; sb = 161.245154965971
      k =  203 ; sb/Sb = 0.135897456378269 ; sb = 351.639482612569
      k =  119 ; sb/Sb = 0.209478797824306 ; sb = 542.033810259166
      k =   20 ; sb/Sb = 0.356641480716381 ; sb = 922.822465552362
      Creating new point: f = 0.463307029061363
    i = 24 ; sf/Sf = 0.40344783491148 ; sf = 1009.81401583221
      k =   22 ; sb/Sb = 0 ; sb = 0
      k =   21 ; sb/Sb = 0.0623161149322314 ; sb = 161.245154965971
      k =  203 ; sb/Sb = 0.135897456378269 ; sb = 351.639482612569
      k =  119 ; sb/Sb = 0.209478797824306 ; sb = 542.033810259166
      k =   20 ; sb/Sb = 0.356641480716381 ; sb = 922.822465552362
      k =  264 ; sb/Sb = 0.447193860393637 ; sb = 1157.12995582956
      Creating new point: f = 0.516898113135457
    i = 25 ; sf/Sf = 0.536436882297993 ; sf = 1342.68035537408
      k =   22 ; sb/Sb = 0 ; sb = 0
      k =   21 ; sb/Sb = 0.0623161149322314 ; sb = 161.245154965971
      k =  203 ; sb/Sb = 0.135897456378269 ; sb = 351.639482612569
      k =  119 ; sb/Sb = 0.209478797824306 ; sb = 542.033810259166
      k =   20 ; sb/Sb = 0.356641480716381 ; sb = 922.822465552362
      k =  264 ; sb/Sb = 0.447193860393637 ; sb = 1157.12995582956
      k =   19 ; sb/Sb = 0.537746240070894 ; sb = 1391.43744610676
      Creating new point: f = 0.985540327293801
    i = 193 ; sf/Sf = 0.67297924588098 ; sf = 1684.44050518678
      k =   22 ; sb/Sb = 0 ; sb = 0
      k =   21 ; sb/Sb = 0.0623161149322314 ; sb = 161.245154965971
      k =  203 ; sb/Sb = 0.135897456378269 ; sb = 351.639482612569
      k =  119 ; sb/Sb = 0.209478797824306 ; sb = 542.033810259166
      k =   20 ; sb/Sb = 0.356641480716381 ; sb = 922.822465552362
      k =  264 ; sb/Sb = 0.447193860393637 ; sb = 1157.12995582956
      k =   19 ; sb/Sb = 0.537746240070894 ; sb = 1391.43744610676
      k =  263 ; sb/Sb = 0.676040287439957 ; sb = 1749.27819280842
      Creating new point: f = 0.977865702702236
    i = 26 ; sf/Sf = 0.809521609463966 ; sf = 2026.20065499948
      k =   22 ; sb/Sb = 0 ; sb = 0
      k =   21 ; sb/Sb = 0.0623161149322314 ; sb = 161.245154965971
      k =  203 ; sb/Sb = 0.135897456378269 ; sb = 351.639482612569
      k =  119 ; sb/Sb = 0.209478797824306 ; sb = 542.033810259166
      k =   20 ; sb/Sb = 0.356641480716381 ; sb = 922.822465552362
      k =  264 ; sb/Sb = 0.447193860393637 ; sb = 1157.12995582956
      k =   19 ; sb/Sb = 0.537746240070894 ; sb = 1391.43744610676
      k =  263 ; sb/Sb = 0.676040287439957 ; sb = 1749.27819280842
      k =   18 ; sb/Sb = 0.814334334809021 ; sb = 2107.11893951008
      Creating new point: f = 0.965199331159847
Tear 3 : Sf = 1327.13612538436 ; Sb = 1180.42826387265
  Forwards path
    i = 369 ; sf/Sf = 0.177113094109158 ; sf = 235.053185470863
      k =   33 ; sb/Sb = 0 ; sb = 0
      k =   32 ; sb/Sb = 0.324691783198515 ; sb = 383.275357934736
      Creating new point: f = 0.545480678212519
    i = 34 ; sf/Sf = 0.354226188218316 ; sf = 470.106370941726
      k =   33 ; sb/Sb = 0 ; sb = 0
      k =   32 ; sb/Sb = 0.324691783198515 ; sb = 383.275357934736
      k =   31 ; sb/Sb = 0.556073912917175 ; sb = 656.405363609689
      Creating new point: f = 0.127643414189817
    i = 383 ; sf/Sf = 0.677113094109158 ; sf = 898.621248163043
      k =   33 ; sb/Sb = 0 ; sb = 0
      k =   32 ; sb/Sb = 0.324691783198515 ; sb = 383.275357934736
      k =   31 ; sb/Sb = 0.556073912917175 ; sb = 656.405363609689
      k =   30 ; sb/Sb = 1 ; sb = 1180.42826387265
      Creating new point: f = 0.272656157666626
Tear 4 : Sf = 3580.04965902499 ; Sb = 3335.34859605018
  Forwards path
    i = 73 ; sf/Sf = 0.0650632624161093 ; sf = 232.929710427846
      k =    1 ; sb/Sb = 0 ; sb = 0
      k =   43 ; sb/Sb = 0.00948110090775292 ; sb = 31.6227766016838
      k =   54 ; sb/Sb = 0.0942992066173547 ; sb = 314.52072639984
      Creating new point: f = 0.655310102051292
    i = 49 ; sf/Sf = 0.130126524832219 ; sf = 465.859420855691
      k =    1 ; sb/Sb = 0 ; sb = 0
      k =   43 ; sb/Sb = 0.00948110090775292 ; sb = 31.6227766016838
      k =   54 ; sb/Sb = 0.0942992066173547 ; sb = 314.52072639984
      k =   51 ; sb/Sb = 0.179117312326956 ; sb = 597.418676197996
      Creating new point: f = 0.422401772771591
    i = 2 ; sf/Sf = 0.260253049664437 ; sf = 931.718841711382
      k =    1 ; sb/Sb = 0 ; sb = 0
      k =   43 ; sb/Sb = 0.00948110090775292 ; sb = 31.6227766016838
      k =   54 ; sb/Sb = 0.0942992066173547 ; sb = 314.52072639984
      k =   51 ; sb/Sb = 0.179117312326956 ; sb = 597.418676197996
      k =   64 ; sb/Sb = 0.263935418036558 ; sb = 880.316625996152
      Creating new point: f = 0.956585114212188
    i = 3 ; sf/Sf = 0.36584408873725 ; sf = 1309.7400051401
      k =    1 ; sb/Sb = 0 ; sb = 0
      k =   43 ; sb/Sb = 0.00948110090775292 ; sb = 31.6227766016838
      k =   54 ; sb/Sb = 0.0942992066173547 ; sb = 314.52072639984
      k =   51 ; sb/Sb = 0.179117312326956 ; sb = 597.418676197996
      k =   64 ; sb/Sb = 0.263935418036558 ; sb = 880.316625996152
      k =   42 ; sb/Sb = 0.34875352374616 ; sb = 1163.21457579431
      k =   41 ; sb/Sb = 0.435078413839725 ; sb = 1451.13817677207
      Creating new point: f = 0.197979574286923
    i = 257 ; sf/Sf = 0.448893600130716 ; sf = 1607.06138008647
      k =    1 ; sb/Sb = 0 ; sb = 0
      k =   43 ; sb/Sb = 0.00948110090775292 ; sb = 31.6227766016838
      k =   54 ; sb/Sb = 0.0942992066173547 ; sb = 314.52072639984
      k =   51 ; sb/Sb = 0.179117312326956 ; sb = 597.418676197996
      k =   64 ; sb/Sb = 0.263935418036558 ; sb = 880.316625996152
      k =   42 ; sb/Sb = 0.34875352374616 ; sb = 1163.21457579431
      k =   41 ; sb/Sb = 0.435078413839725 ; sb = 1451.13817677207
      k =   61 ; sb/Sb = 0.5160849755053 ; sb = 1721.32329849419
      Creating new point: f = 0.17054403997573
    i = 4 ; sf/Sf = 0.531943111524182 ; sf = 1904.38275503284
      k =    1 ; sb/Sb = 0 ; sb = 0
      k =   43 ; sb/Sb = 0.00948110090775292 ; sb = 31.6227766016838
      k =   54 ; sb/Sb = 0.0942992066173547 ; sb = 314.52072639984
      k =   51 ; sb/Sb = 0.179117312326956 ; sb = 597.418676197996
      k =   64 ; sb/Sb = 0.263935418036558 ; sb = 880.316625996152
      k =   42 ; sb/Sb = 0.34875352374616 ; sb = 1163.21457579431
      k =   41 ; sb/Sb = 0.435078413839725 ; sb = 1451.13817677207
      k =   61 ; sb/Sb = 0.5160849755053 ; sb = 1721.32329849419
      k =   40 ; sb/Sb = 0.597091537170874 ; sb = 1991.50842021632
      Creating new point: f = 0.195763598563165
    i = 316 ; sf/Sf = 0.604406473803941 ; sf = 2163.8051904543
      k =    1 ; sb/Sb = 0 ; sb = 0
      k =   43 ; sb/Sb = 0.00948110090775292 ; sb = 31.6227766016838
      k =   54 ; sb/Sb = 0.0942992066173547 ; sb = 314.52072639984
      k =   51 ; sb/Sb = 0.179117312326956 ; sb = 597.418676197996
      k =   64 ; sb/Sb = 0.263935418036558 ; sb = 880.316625996152
      k =   42 ; sb/Sb = 0.34875352374616 ; sb = 1163.21457579431
      k =   41 ; sb/Sb = 0.435078413839725 ; sb = 1451.13817677207
      k =   61 ; sb/Sb = 0.5160849755053 ; sb = 1721.32329849419
      k =   40 ; sb/Sb = 0.597091537170874 ; sb = 1991.50842021632
      k =  407 ; sb/Sb = 0.697093558548234 ; sb = 2325.05002181948
      Creating new point: f = 0.0731478877358275
    i = 5 ; sf/Sf = 0.6768698360837 ; sf = 2423.22762587575
      k =    1 ; sb/Sb = 0 ; sb = 0
      k =   43 ; sb/Sb = 0.00948110090775292 ; sb = 31.6227766016838
      k =   54 ; sb/Sb = 0.0942992066173547 ; sb = 314.52072639984
      k =   51 ; sb/Sb = 0.179117312326956 ; sb = 597.418676197996
      k =   64 ; sb/Sb = 0.263935418036558 ; sb = 880.316625996152
      k =   42 ; sb/Sb = 0.34875352374616 ; sb = 1163.21457579431
      k =   41 ; sb/Sb = 0.435078413839725 ; sb = 1451.13817677207
      k =   61 ; sb/Sb = 0.5160849755053 ; sb = 1721.32329849419
      k =   40 ; sb/Sb = 0.597091537170874 ; sb = 1991.50842021632
      k =  407 ; sb/Sb = 0.697093558548234 ; sb = 2325.05002181948
      Creating new point: f = 0.797766863249503
    i = 319 ; sf/Sf = 0.774053517395275 ; sf = 2771.15003101805
      k =    1 ; sb/Sb = 0 ; sb = 0
      k =   43 ; sb/Sb = 0.00948110090775292 ; sb = 31.6227766016838
      k =   54 ; sb/Sb = 0.0942992066173547 ; sb = 314.52072639984
      k =   51 ; sb/Sb = 0.179117312326956 ; sb = 597.418676197996
      k =   64 ; sb/Sb = 0.263935418036558 ; sb = 880.316625996152
      k =   42 ; sb/Sb = 0.34875352374616 ; sb = 1163.21457579431
      k =   41 ; sb/Sb = 0.435078413839725 ; sb = 1451.13817677207
      k =   61 ; sb/Sb = 0.5160849755053 ; sb = 1721.32329849419
      k =   40 ; sb/Sb = 0.597091537170874 ; sb = 1991.50842021632
      k =  407 ; sb/Sb = 0.697093558548234 ; sb = 2325.05002181948
      k =   39 ; sb/Sb = 0.797095579925594 ; sb = 2658.59162342264
      Creating new point: f = 0.769584032273015
    i = 6 ; sf/Sf = 0.87123719870685 ; sf = 3119.07243616034
      k =    1 ; sb/Sb = 0 ; sb = 0
      k =   43 ; sb/Sb = 0.00948110090775292 ; sb = 31.6227766016838
      k =   54 ; sb/Sb = 0.0942992066173547 ; sb = 314.52072639984
      k =   51 ; sb/Sb = 0.179117312326956 ; sb = 597.418676197996
      k =   64 ; sb/Sb = 0.263935418036558 ; sb = 880.316625996152
      k =   42 ; sb/Sb = 0.34875352374616 ; sb = 1163.21457579431
      k =   41 ; sb/Sb = 0.435078413839725 ; sb = 1451.13817677207
      k =   61 ; sb/Sb = 0.5160849755053 ; sb = 1721.32329849419
      k =   40 ; sb/Sb = 0.597091537170874 ; sb = 1991.50842021632
      k =  407 ; sb/Sb = 0.697093558548234 ; sb = 2325.05002181948
      k =   39 ; sb/Sb = 0.797095579925594 ; sb = 2658.59162342264
      k =  425 ; sb/Sb = 0.898547789962797 ; sb = 2996.97010973641
      Creating new point: f = 0.730803387664671
    i = 352 ; sf/Sf = 0.935618599353425 ; sf = 3349.56104759267
      k =    1 ; sb/Sb = 0 ; sb = 0
      k =   43 ; sb/Sb = 0.00948110090775292 ; sb = 31.6227766016838
      k =   54 ; sb/Sb = 0.0942992066173547 ; sb = 314.52072639984
      k =   51 ; sb/Sb = 0.179117312326956 ; sb = 597.418676197996
      k =   64 ; sb/Sb = 0.263935418036558 ; sb = 880.316625996152
      k =   42 ; sb/Sb = 0.34875352374616 ; sb = 1163.21457579431
      k =   41 ; sb/Sb = 0.435078413839725 ; sb = 1451.13817677207
      k =   61 ; sb/Sb = 0.5160849755053 ; sb = 1721.32329849419
      k =   40 ; sb/Sb = 0.597091537170874 ; sb = 1991.50842021632
      k =  407 ; sb/Sb = 0.697093558548234 ; sb = 2325.05002181948
      k =   39 ; sb/Sb = 0.797095579925594 ; sb = 2658.59162342264
      k =  425 ; sb/Sb = 0.898547789962797 ; sb = 2996.97010973641
      k =   38 ; sb/Sb = 1 ; sb = 3335.34859605018
      Creating new point: f = 0.365401693832335
Tear 1 : Sf = 1233.83475833698 ; Sb = 1270.2381626619
  Backwards path
    i = 297 ; sf/Sf = 0.255172929520143 ; sf = 314.841229828623
      k =   12 ; sb/Sb = 0 ; sb = 0
      k =  202 ; sb/Sb = 0.206044074457329 ; sb = 261.725046566048
      k =   13 ; sb/Sb = 0.412088148914657 ; sb = 523.450093132096
      Creating new point: f = 0.238438572874313
    i = 11 ; sf/Sf = 0.510345859040286 ; sf = 629.682459657247
      k =   12 ; sb/Sb = 0 ; sb = 0
      k =  202 ; sb/Sb = 0.206044074457329 ; sb = 261.725046566048
      k =   13 ; sb/Sb = 0.412088148914657 ; sb = 523.450093132096
      k =   14 ; sb/Sb = 0.752797248112808 ; sb = 956.231793299744
      Creating new point: f = 0.288391799211923
    i = 299 ; sf/Sf = 0.755172929520143 ; sf = 931.758608997111
      k =   12 ; sb/Sb = 0 ; sb = 0
      k =  202 ; sb/Sb = 0.206044074457329 ; sb = 261.725046566048
      k =   13 ; sb/Sb = 0.412088148914657 ; sb = 523.450093132096
      k =   14 ; sb/Sb = 0.752797248112808 ; sb = 956.231793299744
      k =   15 ; sb/Sb = 1 ; sb = 1270.2381626619
      Creating new point: f = 0.00961025469659469
Tear 2 : Sf = 2587.53542548865 ; Sb = 2502.96055264189
  Backwards path
    i = 21 ; sf/Sf = 0.0623161149322314 ; sf = 161.245154965971
      k =   22 ; sb/Sb = 0 ; sb = 0
      k =  125 ; sb/Sb = 0.0759363857679925 ; sb = 190.065778087482
      Creating new point: f = 0.820635776933406
    i = 203 ; sf/Sf = 0.135897456378269 ; sf = 351.639482612569
      k =   22 ; sb/Sb = 0 ; sb = 0
      k =  125 ; sb/Sb = 0.0759363857679925 ; sb = 190.065778087482
      k =   23 ; sb/Sb = 0.151872771535985 ; sb = 380.131556174964
      Creating new point: f = 0.78962239253096
    i = 119 ; sf/Sf = 0.209478797824306 ; sf = 542.033810259166
      k =   22 ; sb/Sb = 0 ; sb = 0
      k =  125 ; sb/Sb = 0.0759363857679925 ; sb = 190.065778087482
      k =   23 ; sb/Sb = 0.151872771535985 ; sb = 380.131556174964
      k =  152 ; sb/Sb = 0.277660303223733 ; sb = 694.972786003588
      Creating new point: f = 0.457962927767126
    i = 20 ; sf/Sf = 0.356641480716381 ; sf = 922.822465552362
      k =   22 ; sb/Sb = 0 ; sb = 0
      k =  125 ; sb/Sb = 0.0759363857679925 ; sb = 190.065778087482
      k =   23 ; sb/Sb = 0.151872771535985 ; sb = 380.131556174964
      k =  152 ; sb/Sb = 0.277660303223733 ; sb = 694.972786003588
      k =   24 ; sb/Sb = 0.40344783491148 ; sb = 1009.81401583221
      Creating new point: f = 0.627893531520354
    i = 264 ; sf/Sf = 0.447193860393637 ; sf = 1157.12995582956
      k =   22 ; sb/Sb = 0 ; sb = 0
      k =  125 ; sb/Sb = 0.0759363857679925 ; sb = 190.065778087482
      k =   23 ; sb/Sb = 0.151872771535985 ; sb = 380.131556174964
      k =  152 ; sb/Sb = 0.277660303223733 ; sb = 694.972786003588
      k =   24 ; sb/Sb = 0.40344783491148 ; sb = 1009.81401583221
      k =   25 ; sb/Sb = 0.536436882297993 ; sb = 1342.68035537408
      Creating new point: f = 0.328944573570903
    i = 19 ; sf/Sf = 0.537746240070894 ; sf = 1391.43744610676
      k =   22 ; sb/Sb = 0 ; sb = 0
      k =  125 ; sb/Sb = 0.0759363857679925 ; sb = 190.065778087482
      k =   23 ; sb/Sb = 0.151872771535985 ; sb = 380.131556174964
      k =  152 ; sb/Sb = 0.277660303223733 ; sb = 694.972786003588
      k =   24 ; sb/Sb = 0.40344783491148 ; sb = 1009.81401583221
      k =   25 ; sb/Sb = 0.536436882297993 ; sb = 1342.68035537408
      k =  193 ; sb/Sb = 0.67297924588098 ; sb = 1684.44050518678
      Creating new point: f = 0.00958938851314685
    i = 263 ; sf/Sf = 0.676040287439957 ; sf = 1749.27819280842
      k =   22 ; sb/Sb = 0 ; sb = 0
      k =  125 ; sb/Sb = 0.0759363857679925 ; sb = 190.065778087482
      k =   23 ; sb/Sb = 0.151872771535985 ; sb = 380.131556174964
      k =  152 ; sb/Sb = 0.277660303223733 ; sb = 694.972786003588
      k =   24 ; sb/Sb = 0.40344783491148 ; sb = 1009.81401583221
      k =   25 ; sb/Sb = 0.536436882297993 ; sb = 1342.68035537408
      k =  193 ; sb/Sb = 0.67297924588098 ; sb = 1684.44050518678
      k =   26 ; sb/Sb = 0.809521609463966 ; sb = 2026.20065499948
      Creating new point: f = 0.0224182552480683
    i = 18 ; sf/Sf = 0.814334334809021 ; sf = 2107.11893951008
      k =   22 ; sb/Sb = 0 ; sb = 0
      k =  125 ; sb/Sb = 0.0759363857679925 ; sb = 190.065778087482
      k =   23 ; sb/Sb = 0.151872771535985 ; sb = 380.131556174964
      k =  152 ; sb/Sb = 0.277660303223733 ; sb = 694.972786003588
      k =   24 ; sb/Sb = 0.40344783491148 ; sb = 1009.81401583221
      k =   25 ; sb/Sb = 0.536436882297993 ; sb = 1342.68035537408
      k =  193 ; sb/Sb = 0.67297924588098 ; sb = 1684.44050518678
      k =   26 ; sb/Sb = 0.809521609463966 ; sb = 2026.20065499948
      k =   27 ; sb/Sb = 1 ; sb = 2502.96055264189
      Creating new point: f = 0.025266516225339
    i = 286 ; sf/Sf = 0.907167167404511 ; sf = 2347.32718249936
      k =   22 ; sb/Sb = 0 ; sb = 0
      k =  125 ; sb/Sb = 0.0759363857679925 ; sb = 190.065778087482
      k =   23 ; sb/Sb = 0.151872771535985 ; sb = 380.131556174964
      k =  152 ; sb/Sb = 0.277660303223733 ; sb = 694.972786003588
      k =   24 ; sb/Sb = 0.40344783491148 ; sb = 1009.81401583221
      k =   25 ; sb/Sb = 0.536436882297993 ; sb = 1342.68035537408
      k =  193 ; sb/Sb = 0.67297924588098 ; sb = 1684.44050518678
      k =   26 ; sb/Sb = 0.809521609463966 ; sb = 2026.20065499948
      k =   27 ; sb/Sb = 1 ; sb = 2502.96055264189
      Creating new point: f = 0.51263325811267
Tear 3 : Sf = 1180.42826387265 ; Sb = 1327.13612538436
  Backwards path
    i = 32 ; sf/Sf = 0.324691783198515 ; sf = 383.275357934736
      k =   33 ; sb/Sb = 0 ; sb = 0
      k =  369 ; sb/Sb = 0.177113094109158 ; sb = 235.053185470863
      k =   34 ; sb/Sb = 0.354226188218316 ; sb = 470.106370941726
      Creating new point: f = 0.833245502438129
    i = 31 ; sf/Sf = 0.556073912917175 ; sf = 656.405363609689
      k =   33 ; sb/Sb = 0 ; sb = 0
      k =  369 ; sb/Sb = 0.177113094109158 ; sb = 235.053185470863
      k =   34 ; sb/Sb = 0.354226188218316 ; sb = 470.106370941726
      k =  383 ; sb/Sb = 0.677113094109158 ; sb = 898.621248163043
      Creating new point: f = 0.625134438765682
Tear 4 : Sf = 3335.34859605018 ; Sb = 3580.04965902499
  Backwards path
    i = 43 ; sf/Sf = 0.00948110090775292 ; sf = 31.6227766016838
      k =    1 ; sb/Sb = 0 ; sb = 0
      k =   73 ; sb/Sb = 0.0650632624161093 ; sb = 232.929710427846
      Creating new point: f = 0.145721265053033
    i = 54 ; sf/Sf = 0.0942992066173547 ; sf = 314.52072639984
      k =    1 ; sb/Sb = 0 ; sb = 0
      k =   73 ; sb/Sb = 0.0650632624161093 ; sb = 232.929710427846
      k =   49 ; sb/Sb = 0.130126524832219 ; sb = 465.859420855691
      Creating new point: f = 0.449346422475223
    i = 51 ; sf/Sf = 0.179117312326956 ; sf = 597.418676197996
      k =    1 ; sb/Sb = 0 ; sb = 0
      k =   73 ; sb/Sb = 0.0650632624161093 ; sb = 232.929710427846
      k =   49 ; sb/Sb = 0.130126524832219 ; sb = 465.859420855691
      k =    2 ; sb/Sb = 0.260253049664437 ; sb = 931.718841711382
      Creating new point: f = 0.376485789948706
    i = 64 ; sf/Sf = 0.263935418036558 ; sf = 880.316625996152
      k =    1 ; sb/Sb = 0 ; sb = 0
      k =   73 ; sb/Sb = 0.0650632624161093 ; sb = 232.929710427846
      k =   49 ; sb/Sb = 0.130126524832219 ; sb = 465.859420855691
      k =    2 ; sb/Sb = 0.260253049664437 ; sb = 931.718841711382
      k =    3 ; sb/Sb = 0.36584408873725 ; sb = 1309.7400051401
      Creating new point: f = 0.0348738719161739
    i = 42 ; sf/Sf = 0.34875352374616 ; sf = 1163.21457579431
      k =    1 ; sb/Sb = 0 ; sb = 0
      k =   73 ; sb/Sb = 0.0650632624161093 ; sb = 232.929710427846
      k =   49 ; sb/Sb = 0.130126524832219 ; sb = 465.859420855691
      k =    2 ; sb/Sb = 0.260253049664437 ; sb = 931.718841711382
      k =    3 ; sb/Sb = 0.36584408873725 ; sb = 1309.7400051401
      Creating new point: f = 0.838143793818485
    i = 41 ; sf/Sf = 0.435078413839725 ; sf = 1451.13817677207
      k =    1 ; sb/Sb = 0 ; sb = 0
      k =   73 ; sb/Sb = 0.0650632624161093 ; sb = 232.929710427846
      k =   49 ; sb/Sb = 0.130126524832219 ; sb = 465.859420855691
      k =    2 ; sb/Sb = 0.260253049664437 ; sb = 931.718841711382
      k =    3 ; sb/Sb = 0.36584408873725 ; sb = 1309.7400051401
      k =  257 ; sb/Sb = 0.448893600130716 ; sb = 1607.06138008647
      Creating new point: f = 0.833651203249859
    i = 61 ; sf/Sf = 0.5160849755053 ; sf = 1721.32329849419
      k =    1 ; sb/Sb = 0 ; sb = 0
      k =   73 ; sb/Sb = 0.0650632624161093 ; sb = 232.929710427846
      k =   49 ; sb/Sb = 0.130126524832219 ; sb = 465.859420855691
      k =    2 ; sb/Sb = 0.260253049664437 ; sb = 931.718841711382
      k =    3 ; sb/Sb = 0.36584408873725 ; sb = 1309.7400051401
      k =  257 ; sb/Sb = 0.448893600130716 ; sb = 1607.06138008647
      k =    4 ; sb/Sb = 0.531943111524182 ; sb = 1904.38275503284
      Creating new point: f = 0.809052025077543
    i = 40 ; sf/Sf = 0.597091537170874 ; sf = 1991.50842021632
      k =    1 ; sb/Sb = 0 ; sb = 0
      k =   73 ; sb/Sb = 0.0650632624161093 ; sb = 232.929710427846
      k =   49 ; sb/Sb = 0.130126524832219 ; sb = 465.859420855691
      k =    2 ; sb/Sb = 0.260253049664437 ; sb = 931.718841711382
      k =    3 ; sb/Sb = 0.36584408873725 ; sb = 1309.7400051401
      k =  257 ; sb/Sb = 0.448893600130716 ; sb = 1607.06138008647
      k =    4 ; sb/Sb = 0.531943111524182 ; sb = 1904.38275503284
      k =  316 ; sb/Sb = 0.604406473803941 ; sb = 2163.8051904543
      Creating new point: f = 0.899053309107766
    i = 407 ; sf/Sf = 0.697093558548234 ; sf = 2325.05002181948
      k =    1 ; sb/Sb = 0 ; sb = 0
      k =   73 ; sb/Sb = 0.0650632624161093 ; sb = 232.929710427846
      k =   49 ; sb/Sb = 0.130126524832219 ; sb = 465.859420855691
      k =    2 ; sb/Sb = 0.260253049664437 ; sb = 931.718841711382
      k =    3 ; sb/Sb = 0.36584408873725 ; sb = 1309.7400051401
      k =  257 ; sb/Sb = 0.448893600130716 ; sb = 1607.06138008647
      k =    4 ; sb/Sb = 0.531943111524182 ; sb = 1904.38275503284
      k =  316 ; sb/Sb = 0.604406473803941 ; sb = 2163.8051904543
      k =    5 ; sb/Sb = 0.6768698360837 ; sb = 2423.22762587575
      k =  319 ; sb/Sb = 0.774053517395275 ; sb = 2771.15003101805
      Creating new point: f = 0.208097925408853
    i = 39 ; sf/Sf = 0.797095579925594 ; sf = 2658.59162342264
      k =    1 ; sb/Sb = 0 ; sb = 0
      k =   73 ; sb/Sb = 0.0650632624161093 ; sb = 232.929710427846
      k =   49 ; sb/Sb = 0.130126524832219 ; sb = 465.859420855691
      k =    2 ; sb/Sb = 0.260253049664437 ; sb = 931.718841711382
      k =    3 ; sb/Sb = 0.36584408873725 ; sb = 1309.7400051401
      k =  257 ; sb/Sb = 0.448893600130716 ; sb = 1607.06138008647
      k =    4 ; sb/Sb = 0.531943111524182 ; sb = 1904.38275503284
      k =  316 ; sb/Sb = 0.604406473803941 ; sb = 2163.8051904543
      k =    5 ; sb/Sb = 0.6768698360837 ; sb = 2423.22762587575
      k =  319 ; sb/Sb = 0.774053517395275 ; sb = 2771.15003101805
      k =    6 ; sb/Sb = 0.87123719870685 ; sb = 3119.07243616034
      Creating new point: f = 0.237098062342849
    i = 425 ; sf/Sf = 0.898547789962797 ; sf = 2996.97010973641
      k =    1 ; sb/Sb = 0 ; sb = 0
      k =   73 ; sb/Sb = 0.0650632624161093 ; sb = 232.929710427846
      k =   49 ; sb/Sb = 0.130126524832219 ; sb = 465.859420855691
      k =    2 ; sb/Sb = 0.260253049664437 ; sb = 931.718841711382
      k =    3 ; sb/Sb = 0.36584408873725 ; sb = 1309.7400051401
      k =  257 ; sb/Sb = 0.448893600130716 ; sb = 1607.06138008647
      k =    4 ; sb/Sb = 0.531943111524182 ; sb = 1904.38275503284
      k =  316 ; sb/Sb = 0.604406473803941 ; sb = 2163.8051904543
      k =    5 ; sb/Sb = 0.6768698360837 ; sb = 2423.22762587575
      k =  319 ; sb/Sb = 0.774053517395275 ; sb = 2771.15003101805
      k =    6 ; sb/Sb = 0.87123719870685 ; sb = 3119.07243616034
      k =  352 ; sb/Sb = 0.935618599353425 ; sb = 3349.56104759267
      Creating new point: f = 0.424200017111623
Triangulating...
Merging points...
Projecting to sphere...
Optimising mapping with FIRE...
E =  0.00357 | E_L =  0.00357 | E_A =  0.00000 |   0 flippped triangles
E =  0.00324 | E_L =  0.00324 | E_A =  0.00000 |  38 flippped triangles
        phi0    phi0.1    phi0.2    phi0.3    phi0.4    phi0.5    phi0.6
id   10.0000    17.000    52.000    58.000    74.000    93.000    95.000
A   195.4497  5513.274  1494.149  1002.437  2153.534  1565.396  3372.876
a  -201.0075 -5457.900 -1408.182 -1073.108 -2147.241 -1616.194 -2736.553
      phi0.7    phi0.8     phi0.9   phi0.10   phi0.11   phi0.12   phi0.13
id    100.00   101.000   104.0000   226.000   227.000   231.000   238.000
A   34738.12  7162.077 15872.4245  1053.780  9907.508  2301.528  3727.159
a  -11504.33 -7927.179  -855.7481 -1016.984 -7993.285 -2266.236 -3680.235
     phi0.14   phi0.15    phi0.16   phi0.17   phi0.18   phi0.19  phi0.20
id   239.000    280.00 411.000000   412.000   450.000    452.00   457.00
A   1576.575  15191.18  12.265678  1191.464 23146.377  23591.16 21081.87
a  -1734.867 -14038.06  -6.185395 -1136.501 -2388.679 -17593.96 -9296.42
     phi0.21   phi0.22   phi0.23   phi0.24   phi0.25   phi0.26   phi0.27
id    653.00    655.00  680.0000  700.0000   743.000 750.00000   784.000
A   20597.32  19606.43  717.9343  686.9081  1181.059  11.57271  2062.697
a  -11595.65 -12390.48 -243.5104 -220.3006 -1042.759 -10.55818 -2162.156
     phi0.28   phi0.29   phi0.30   phi0.31   phi0.32   phi0.33   phi0.34
id   785.000   786.000   792.000   793.000    806.00   808.000   822.000
A   3874.745  4307.176  4476.790  3770.036  14116.97  2998.499 17270.758
a  -3933.116 -4599.997 -4384.246 -3776.819 -12923.13 -2998.043 -9313.516
     phi0.35   phi0.36   phi0.37
id   839.000 840.00000   891.000
A   6891.408  79.06628  5077.258
a  -7807.869 -72.60633 -4681.975
E =  0.00319 | E_L =  0.00319 | E_A =  0.00000 |  37 flippped triangles
        phi0    phi0.1    phi0.2    phi0.3    phi0.4    phi0.5    phi0.6
id   10.0000    17.000    52.000    58.000    65.000    74.000    93.000
A   195.4497  5513.274  1494.149  1002.437 10562.798  2153.534  1565.396
a  -196.6350 -5417.594 -1512.452 -1054.934 -6158.394 -2067.788 -1653.583
      phi0.7    phi0.8    phi0.9   phi0.10   phi0.11   phi0.12   phi0.13
id    95.000   100.000   101.000  226.0000   227.000   231.000   232.000
A   3372.876 34738.118  7162.077 1053.7802  9907.508  2301.528 12112.431
a  -3141.305 -1330.389 -7433.880 -998.0808 -8434.893 -2162.178 -2596.084
     phi0.14   phi0.15   phi0.16   phi0.17   phi0.18   phi0.19   phi0.20
id   238.000   239.000 411.00000   412.000   450.000    452.00    457.00
A   3727.159  1576.575  12.26568  1191.464 23146.377  23591.16  21081.87
a  -3562.478 -1617.586 -12.05075 -1081.385 -5839.169 -18843.34 -10385.57
     phi0.21   phi0.22   phi0.23   phi0.24   phi0.25   phi0.26   phi0.27
id    655.00  680.0000  700.0000   743.000 750.00000   784.000   785.000
A   19606.43  717.9343  686.9081  1181.059  11.57271  2062.697  3874.745
a  -11702.53 -597.2264 -220.8657 -1033.804 -11.87408 -2033.063 -3790.350
     phi0.28   phi0.29   phi0.30   phi0.31   phi0.32   phi0.33   phi0.34
id   786.000   792.000   793.000    806.00   808.000   822.000   839.000
A   4307.176  4476.790  3770.036  14116.97  2998.499 17270.758  6891.408
a  -4391.877 -4297.418 -3788.652 -13689.53 -2954.254 -8361.022 -7248.816
     phi0.35   phi0.36
id 840.00000   891.000
A   79.06628  5077.258
a  -80.52113 -4654.891
E =  0.00318 | E_L =  0.00318 | E_A =  0.00000 |  36 flippped triangles
        phi0    phi0.1    phi0.2    phi0.3    phi0.4    phi0.5    phi0.6
id   10.0000    17.000    52.000    58.000    65.000    74.000    93.000
A   195.4497  5513.274  1494.149  1002.437 10562.798  2153.534  1565.396
a  -194.1635 -5383.645 -1481.481 -1039.375 -9409.278 -2071.248 -1565.747
      phi0.7    phi0.8    phi0.9   phi0.10   phi0.11   phi0.12   phi0.13
id    95.000   101.000   226.000   227.000   231.000   232.000   238.000
A   3372.876  7162.077  1053.780  9907.508  2301.528 12112.431  3727.159
a  -3122.262 -7493.551 -1034.529 -8182.888 -2153.405 -7436.519 -3621.850
     phi0.14   phi0.15   phi0.16  phi0.17   phi0.18   phi0.19   phi0.20
id   239.000 411.00000   412.000   450.00    452.00    457.00    655.00
A   1576.575  12.26568  1191.464 23146.38  23591.16  21081.87  19606.43
a  -1659.564 -11.46237 -1154.272 -5060.64 -18706.03 -10616.93 -13395.83
     phi0.21   phi0.22   phi0.23   phi0.24   phi0.25   phi0.26   phi0.27
id  680.0000  700.0000  743.0000 750.00000   784.000   785.000   786.000
A   717.9343  686.9081 1181.0593  11.57271  2062.697  3874.745  4307.176
a  -487.8166 -164.7300 -937.4595 -10.99194 -2036.841 -3892.010 -4336.198
     phi0.28   phi0.29   phi0.30   phi0.31   phi0.32   phi0.33   phi0.34
id   792.000   793.000    806.00   808.000    822.00   839.000 840.00000
A   4476.790  3770.036  14116.97  2998.499  17270.76  6891.408  79.06628
a  -4379.283 -3763.970 -13619.01 -2946.780 -10565.29 -7336.909 -79.46577
     phi0.35
id   891.000
A   5077.258
a  -4554.353
E =  0.00317 | E_L =  0.00317 | E_A =  0.00000 |  37 flippped triangles
        phi0    phi0.1    phi0.2    phi0.3    phi0.4    phi0.5    phi0.6
id   10.0000    17.000    52.000    58.000    65.000    74.000    93.000
A   195.4497  5513.274  1494.149  1002.437 10562.798  2153.534  1565.396
a  -193.0930 -5288.754 -1511.312 -1056.415 -8670.308 -2092.706 -1658.922
      phi0.7     phi0.8    phi0.9   phi0.10   phi0.11   phi0.12   phi0.13
id    95.000   100.0000   101.000   226.000   227.000   231.000   232.000
A   3372.876 34738.1184  7162.077  1053.780  9907.508  2301.528 12112.431
a  -3127.886  -394.9636 -7483.219 -1025.109 -8341.405 -2165.683 -6357.706
     phi0.14   phi0.15   phi0.16   phi0.17   phi0.18   phi0.19   phi0.20
id   238.000   239.000 411.00000   412.000   450.000    452.00    457.00
A   3727.159  1576.575  12.26568  1191.464 23146.377  23591.16  21081.87
a  -3664.936 -1640.305 -11.77080 -1121.612 -5955.575 -18975.22 -10647.66
     phi0.21   phi0.22   phi0.23   phi0.24   phi0.25   phi0.26   phi0.27
id    655.00  680.0000  700.0000  743.0000 750.00000   784.000   785.000
A   19606.43  717.9343  686.9081 1181.0593  11.57271  2062.697  3874.745
a  -12981.17 -539.1540 -186.5557 -976.8012 -11.44000 -2033.540 -3872.261
     phi0.28   phi0.29   phi0.30   phi0.31   phi0.32   phi0.33   phi0.34
id   786.000   792.000   793.000    806.00   808.000    822.00   839.000
A   4307.176  4476.790  3770.036  14116.97  2998.499  17270.76  6891.408
a  -4362.881 -4364.982 -3828.022 -13864.61 -2953.793 -10008.42 -7365.677
     phi0.35   phi0.36
id 840.00000   891.000
A   79.06628  5077.258
a  -78.59188 -4583.633
E =  0.00317 | E_L =  0.00317 | E_A =  0.00000 |  36 flippped triangles
        phi0    phi0.1    phi0.2    phi0.3    phi0.4    phi0.5    phi0.6
id   10.0000    17.000    52.000    58.000    65.000    74.000    93.000
A   195.4497  5513.274  1494.149  1002.437 10562.798  2153.534  1565.396
a  -192.6541 -5336.165 -1513.068 -1058.707 -9094.191 -2103.272 -1627.250
      phi0.7    phi0.8    phi0.9   phi0.10   phi0.11   phi0.12   phi0.13
id    95.000   101.000   226.000   227.000   231.000   232.000   238.000
A   3372.876  7162.077  1053.780  9907.508  2301.528 12112.431  3727.159
a  -3147.217 -7486.040 -1027.661 -8268.500 -2177.352 -6992.207 -3599.314
     phi0.14   phi0.15   phi0.16   phi0.17   phi0.18   phi0.19   phi0.20
id   239.000 411.00000   412.000   450.000    452.00    457.00    655.00
A   1576.575  12.26568  1191.464 23146.377  23591.16  21081.87  19606.43
a  -1639.311 -11.76132 -1135.332 -5741.948 -18891.42 -10623.47 -13453.73
     phi0.21   phi0.22   phi0.23   phi0.24   phi0.25   phi0.26   phi0.27
id  680.0000  700.0000  743.0000 750.00000   784.000   785.000   786.000
A   717.9343  686.9081 1181.0593  11.57271  2062.697  3874.745  4307.176
a  -524.0749 -183.1958 -966.5609 -11.30518 -2024.298 -3873.297 -4295.574
     phi0.28   phi0.29   phi0.30   phi0.31   phi0.32   phi0.33   phi0.34
id   792.000   793.000    806.00   808.000    822.00   839.000 840.00000
A   4476.790  3770.036  14116.97  2998.499  17270.76  6891.408  79.06628
a  -4313.155 -3820.609 -13838.65 -2934.097 -10638.35 -7374.710 -80.06543
     phi0.35
id   891.000
A   5077.258
a  -4637.519
FIRE:  2  stops.  0 hits of maxmove.  0 hits of dtmax.
Frms = 7.79526344826253e-06; Ftanrms = 7.79112511208366e-06
E =  0.01014 | E_L =  0.01014 | E_A =  0.00000 |   0 flippped triangles
E =  0.00348 | E_L =  0.00348 | E_A =  0.00000 |   0 flippped triangles
E =  0.00338 | E_L =  0.00338 | E_A =  0.00000 |   0 flippped triangles
E =  0.00337 | E_L =  0.00337 | E_A =  0.00000 |   0 flippped triangles
E =  0.00337 | E_L =  0.00337 | E_A =  0.00000 |   0 flippped triangles
Optimising mapping with BFGS...
E =  0.00337 | E_L =  0.00337 | E_A =  0.00000 |   0 flippped triangles
Transforming image...
Mapping optimised. Error: 0.003373431 ; 0 flipped triangles.
Inferring coordinates of datapoints
Inferring coordinates of landmarks
Mapping optimised. Error: 0.003373431 ; 0 flipped triangles. OD displacement: 7.266096 degrees.
Computing Kernel Density estimates of datapoints

[1] 0.725
Saving developmental_retina/data/nAChR-B2/P2/GMB389-6/R-CONTRA/r.mat
