[1] "Adding old segment 1"
[1] "Storing new segment 1"
[1] "Adding old segment 2"
[1] "Adding old segment 3"
[1] "Adding old segment 4"
[1] "Adding old segment 5"
[1] "Intersection found. Old points:"
    X     Y 
 3930 -1081 
   X    Y 
3400 -241 
   X    Y 
3400 -241 
   X    Y 
2840  209 
[1] "Point i+1 has been changed:"
    X     Y 
 3930 -1081 
   X    Y 
3400 -241 
   X    Y 
3400 -241 
   X    Y 
2840  209 
[1] "a= 0.0695990120351165"
[1] "l= 718.401002226472"
[1] "New points:"
    X     Y 
 3930 -1081 
   X    Y 
3400 -241 
        X         Y 
2878.9754  177.6804 
   X    Y 
2840  209 
[1] "Storing new segment 2"
simplify.outline: Removing vertex 18
Triangulating...
[1] "Non-adjacent points in rim connected by line: 49 40"
[1] "In triangle: 27" "In triangle: 58"
[1] "Other points in triangles: 57 58"
[1] "Non-adjacent points in rim connected by line: 51 50"
[1] "In triangle: 9"  "In triangle: 14"
[1] "Other points in triangles: 59 39"
[1] "Non-adjacent points in rim connected by line: 54 53"
[1] "In triangle: 57" "In triangle: 83"
[1] "Other points in triangles: 56 55"
[1] "Non-adjacent points in rim connected by line: 55 54"
[1] "In triangle: 10" "In triangle: 83"
[1] "Other points in triangles: 59 447"
[1] "Non-adjacent points in rim connected by line: 56 53"
[1] "In triangle: 66"  "In triangle: 800"
[1] "Other points in triangles: 57 447"
[1] "Non-adjacent points in rim connected by line: 57 49"
[1] "In triangle: 27" "In triangle: 49"
[1] "Other points in triangles: 445 56"
[1] "Non-adjacent points in rim connected by line: 57 56"
[1] "In triangle: 49" "In triangle: 66"
[1] "Other points in triangles: 450 449"
[1] "Non-adjacent points in rim connected by line: 58 40"
[1] "In triangle: 74"  "In triangle: 797"
[1] "Other points in triangles: 60 445"
[1] "Non-adjacent points in rim connected by line: 59 50"
[1] "In triangle: 30"  "In triangle: 798"
[1] "Other points in triangles: 55 446"
[1] "Non-adjacent points in rim connected by line: 59 55"
[1] "In triangle: 10" "In triangle: 30"
[1] "Other points in triangles: 448 453"
Stitching...
Tear 1 child of rim
Tear 2 child of rim
Tear 3 child of rim
Tear 4 child of rim
Tear 1 : Sf = 1821.12344970998 ; Sb = 1942.68426075145
  Forwards path
    i = 323 ; sf/Sf = 0.252904490755375 ; sf = 460.570298651574
      k =   22 ; sb/Sb = 0 ; sb = 0
      k =  126 ; sb/Sb = 0.175058148870958 ; sb = 340.082710527895
      k =  127 ; sb/Sb = 0.350116297741917 ; sb = 680.16542105579
      Creating new point: f = 0.444688478579767
    i = 23 ; sf/Sf = 0.50580898151075 ; sf = 921.140597303148
      k =   22 ; sb/Sb = 0 ; sb = 0
      k =  126 ; sb/Sb = 0.175058148870958 ; sb = 340.082710527895
      k =  127 ; sb/Sb = 0.350116297741917 ; sb = 680.16542105579
      k =  431 ; sb/Sb = 0.525174446612875 ; sb = 1020.24813158368
      Creating new point: f = 0.889376957159533
    i = 24 ; sf/Sf = 0.754429829800292 ; sf = 1373.90985421002
      k =   22 ; sb/Sb = 0 ; sb = 0
      k =  126 ; sb/Sb = 0.175058148870958 ; sb = 340.082710527895
      k =  127 ; sb/Sb = 0.350116297741917 ; sb = 680.16542105579
      k =  431 ; sb/Sb = 0.525174446612875 ; sb = 1020.24813158368
      k =   21 ; sb/Sb = 0.700232595483834 ; sb = 1360.33084211158
      k =   20 ; sb/Sb = 0.886754628920038 ; sb = 1722.68426075145
      Creating new point: f = 0.290567464433072
Tear 2 : Sf = 1149.03094336971 ; Sb = 1201.64305817855
  Forwards path
    i = 102 ; sf/Sf = 0.2549989694972 ; sf = 293.001706479672
      k =   14 ; sb/Sb = 0 ; sb = 0
      k =   13 ; sb/Sb = 0.183082653790282 ; sb = 220
      k =   12 ; sb/Sb = 0.476246498642973 ; sb = 572.278299076171
      Creating new point: f = 0.24531099918905
    i = 15 ; sf/Sf = 0.509997938994399 ; sf = 586.003412959344
      k =   14 ; sb/Sb = 0 ; sb = 0
      k =   13 ; sb/Sb = 0.183082653790282 ; sb = 220
      k =   12 ; sb/Sb = 0.476246498642973 ; sb = 572.278299076171
      k =  116 ; sb/Sb = 0.738123249321487 ; sb = 886.960678627362
      Creating new point: f = 0.12888292016751
    i = 107 ; sf/Sf = 0.7549989694972 ; sf = 867.517178164529
      k =   14 ; sb/Sb = 0 ; sb = 0
      k =   13 ; sb/Sb = 0.183082653790282 ; sb = 220
      k =   12 ; sb/Sb = 0.476246498642973 ; sb = 572.278299076171
      k =  116 ; sb/Sb = 0.738123249321487 ; sb = 886.960678627362
      k =   11 ; sb/Sb = 1 ; sb = 1201.64305817855
      Creating new point: f = 0.0644414600837547
Tear 3 : Sf = 3019.88111476257 ; Sb = 2885.77599343158
  Forwards path
    i = 211 ; sf/Sf = 0.136662497324295 ; sf = 412.704494765928
      k =    2 ; sb/Sb = 0 ; sb = 0
      k =    1 ; sb/Sb = 0.0173263621687224 ; sb = 50.0000000000003
      k =   45 ; sb/Sb = 0.248945518938979 ; sb = 718.401002226472
      Creating new point: f = 0.515225669670934
    i = 3 ; sf/Sf = 0.273324994648589 ; sf = 825.408989531856
      k =    2 ; sb/Sb = 0 ; sb = 0
      k =    1 ; sb/Sb = 0.0173263621687224 ; sb = 50.0000000000003
      k =   45 ; sb/Sb = 0.248945518938979 ; sb = 718.401002226472
      k =  149 ; sb/Sb = 0.421035637147639 ; sb = 1215.01453405983
      Creating new point: f = 0.141666912449038
    i = 209 ; sf/Sf = 0.413473430627489 ; sf = 1248.64060460805
      k =    2 ; sb/Sb = 0 ; sb = 0
      k =    1 ; sb/Sb = 0.0173263621687224 ; sb = 50.0000000000003
      k =   45 ; sb/Sb = 0.248945518938979 ; sb = 718.401002226472
      k =  149 ; sb/Sb = 0.421035637147639 ; sb = 1215.01453405983
      Creating new point: f = 0.956056706806482
    i = 4 ; sf/Sf = 0.553621866606388 ; sf = 1671.87221968424
      k =    2 ; sb/Sb = 0 ; sb = 0
      k =    1 ; sb/Sb = 0.0173263621687224 ; sb = 50.0000000000003
      k =   45 ; sb/Sb = 0.248945518938979 ; sb = 718.401002226472
      k =  149 ; sb/Sb = 0.421035637147639 ; sb = 1215.01453405983
      k =   44 ; sb/Sb = 0.5931257553563 ; sb = 1711.62806589318
      Creating new point: f = 0.770446501163927
    i = 140 ; sf/Sf = 0.65628826577122 ; sf = 1981.91253964279
      k =    2 ; sb/Sb = 0 ; sb = 0
      k =    1 ; sb/Sb = 0.0173263621687224 ; sb = 50.0000000000003
      k =   45 ; sb/Sb = 0.248945518938979 ; sb = 718.401002226472
      k =  149 ; sb/Sb = 0.421035637147639 ; sb = 1215.01453405983
      k =   44 ; sb/Sb = 0.5931257553563 ; sb = 1711.62806589318
      k =   82 ; sb/Sb = 0.70831674853405 ; sb = 2044.04346866508
      Creating new point: f = 0.548328551325661
    i = 5 ; sf/Sf = 0.758954664936051 ; sf = 2291.95285960134
      k =    2 ; sb/Sb = 0 ; sb = 0
      k =    1 ; sb/Sb = 0.0173263621687224 ; sb = 50.0000000000003
      k =   45 ; sb/Sb = 0.248945518938979 ; sb = 718.401002226472
      k =  149 ; sb/Sb = 0.421035637147639 ; sb = 1215.01453405983
      k =   44 ; sb/Sb = 0.5931257553563 ; sb = 1711.62806589318
      k =   82 ; sb/Sb = 0.70831674853405 ; sb = 2044.04346866508
      k =   43 ; sb/Sb = 0.8235077417118 ; sb = 2376.45887143697
      Creating new point: f = 0.439599616298664
    i = 6 ; sf/Sf = 0.886733081690656 ; sf = 2677.82848723283
      k =    2 ; sb/Sb = 0 ; sb = 0
      k =    1 ; sb/Sb = 0.0173263621687224 ; sb = 50.0000000000003
      k =   45 ; sb/Sb = 0.248945518938979 ; sb = 718.401002226472
      k =  149 ; sb/Sb = 0.421035637147639 ; sb = 1215.01453405983
      k =   44 ; sb/Sb = 0.5931257553563 ; sb = 1711.62806589318
      k =   82 ; sb/Sb = 0.70831674853405 ; sb = 2044.04346866508
      k =   43 ; sb/Sb = 0.8235077417118 ; sb = 2376.45887143697
      k =   42 ; sb/Sb = 0.92400064229039 ; sb = 2666.45887143697
      Creating new point: f = 0.62915230443977
Tear 4 : Sf = 1485.12659110866 ; Sb = 1676.00867851162
  Forwards path
    i = 35 ; sf/Sf = 0.226247347761377 ; sf = 336.005952328229
      k =   34 ; sb/Sb = 0 ; sb = 0
      k =   33 ; sb/Sb = 0.250595361100983 ; sb = 420
      Creating new point: f = 0.902839329376913
    i = 36 ; sf/Sf = 0.682384613253269 ; sf = 1013.42753450583
      k =   34 ; sb/Sb = 0 ; sb = 0
      k =   33 ; sb/Sb = 0.250595361100983 ; sb = 420
      k =   32 ; sb/Sb = 0.509642866336702 ; sb = 854.165866921848
      k =   31 ; sb/Sb = 0.845099191284919 ; sb = 1416.39357879667
      Creating new point: f = 0.514945565397321
Tear 1 : Sf = 1942.68426075145 ; Sb = 1821.12344970998
  Backwards path
    i = 126 ; sf/Sf = 0.175058148870958 ; sf = 340.082710527895
      k =   22 ; sb/Sb = 0 ; sb = 0
      k =  323 ; sb/Sb = 0.252904490755375 ; sb = 460.570298651574
      Creating new point: f = 0.692190748958608
    i = 127 ; sf/Sf = 0.350116297741917 ; sf = 680.16542105579
      k =   22 ; sb/Sb = 0 ; sb = 0
      k =  323 ; sb/Sb = 0.252904490755375 ; sb = 460.570298651574
      k =   23 ; sb/Sb = 0.50580898151075 ; sb = 921.140597303148
      Creating new point: f = 0.384381497917215
    i = 431 ; sf/Sf = 0.525174446612875 ; sf = 1020.24813158368
      k =   22 ; sb/Sb = 0 ; sb = 0
      k =  323 ; sb/Sb = 0.252904490755375 ; sb = 460.570298651574
      k =   23 ; sb/Sb = 0.50580898151075 ; sb = 921.140597303148
      k =   24 ; sb/Sb = 0.754429829800292 ; sb = 1373.90985421002
      Creating new point: f = 0.0778915575075666
    i = 21 ; sf/Sf = 0.700232595483834 ; sf = 1360.33084211158
      k =   22 ; sb/Sb = 0 ; sb = 0
      k =  323 ; sb/Sb = 0.252904490755375 ; sb = 460.570298651574
      k =   23 ; sb/Sb = 0.50580898151075 ; sb = 921.140597303148
      k =   24 ; sb/Sb = 0.754429829800292 ; sb = 1373.90985421002
      Creating new point: f = 0.782008489274637
    i = 20 ; sf/Sf = 0.886754628920038 ; sf = 1722.68426075145
      k =   22 ; sb/Sb = 0 ; sb = 0
      k =  323 ; sb/Sb = 0.252904490755375 ; sb = 460.570298651574
      k =   23 ; sb/Sb = 0.50580898151075 ; sb = 921.140597303148
      k =   24 ; sb/Sb = 0.754429829800292 ; sb = 1373.90985421002
      k =   25 ; sb/Sb = 1 ; sb = 1821.12344970998
      Creating new point: f = 0.538847202052813
Tear 2 : Sf = 1201.64305817855 ; Sb = 1149.03094336971
  Backwards path
    i = 13 ; sf/Sf = 0.183082653790282 ; sf = 220
      k =   14 ; sb/Sb = 0 ; sb = 0
      k =  102 ; sb/Sb = 0.2549989694972 ; sb = 293.001706479672
      Creating new point: f = 0.717974092802335
    i = 12 ; sf/Sf = 0.476246498642973 ; sf = 572.278299076171
      k =   14 ; sb/Sb = 0 ; sb = 0
      k =  102 ; sb/Sb = 0.2549989694972 ; sb = 293.001706479672
      k =   15 ; sb/Sb = 0.509997938994399 ; sb = 586.003412959344
      Creating new point: f = 0.867640875498532
    i = 116 ; sf/Sf = 0.738123249321487 ; sf = 886.960678627362
      k =   14 ; sb/Sb = 0 ; sb = 0
      k =  102 ; sb/Sb = 0.2549989694972 ; sb = 293.001706479672
      k =   15 ; sb/Sb = 0.509997938994399 ; sb = 586.003412959344
      k =  107 ; sb/Sb = 0.754998969497199 ; sb = 867.517178164529
      Creating new point: f = 0.931119799206233
Tear 3 : Sf = 2885.77599343158 ; Sb = 3019.88111476257
  Backwards path
    i = 1 ; sf/Sf = 0.0173263621687224 ; sf = 50.0000000000003
      k =    2 ; sb/Sb = 0 ; sb = 0
      k =  211 ; sb/Sb = 0.136662497324295 ; sb = 412.704494765928
      Creating new point: f = 0.126782127562089
    i = 45 ; sf/Sf = 0.248945518938979 ; sf = 718.401002226472
      k =    2 ; sb/Sb = 0 ; sb = 0
      k =  211 ; sb/Sb = 0.136662497324295 ; sb = 412.704494765928
      k =    3 ; sb/Sb = 0.273324994648589 ; sb = 825.408989531856
      Creating new point: f = 0.821608150100175
    i = 149 ; sf/Sf = 0.421035637147639 ; sf = 1215.01453405983
      k =    2 ; sb/Sb = 0 ; sb = 0
      k =  211 ; sb/Sb = 0.136662497324295 ; sb = 412.704494765928
      k =    3 ; sb/Sb = 0.273324994648589 ; sb = 825.408989531856
      k =  209 ; sb/Sb = 0.413473430627489 ; sb = 1248.64060460805
      k =    4 ; sb/Sb = 0.553621866606388 ; sb = 1671.87221968424
      Creating new point: f = 0.0539585509273098
    i = 44 ; sf/Sf = 0.5931257553563 ; sf = 1711.62806589318
      k =    2 ; sb/Sb = 0 ; sb = 0
      k =  211 ; sb/Sb = 0.136662497324295 ; sb = 412.704494765928
      k =    3 ; sb/Sb = 0.273324994648589 ; sb = 825.408989531856
      k =  209 ; sb/Sb = 0.413473430627489 ; sb = 1248.64060460805
      k =    4 ; sb/Sb = 0.553621866606388 ; sb = 1671.87221968424
      k =  140 ; sb/Sb = 0.65628826577122 ; sb = 1981.91253964279
      Creating new point: f = 0.384779139730886
    i = 82 ; sf/Sf = 0.70831674853405 ; sf = 2044.04346866508
      k =    2 ; sb/Sb = 0 ; sb = 0
      k =  211 ; sb/Sb = 0.136662497324295 ; sb = 412.704494765928
      k =    3 ; sb/Sb = 0.273324994648589 ; sb = 825.408989531856
      k =  209 ; sb/Sb = 0.413473430627489 ; sb = 1248.64060460805
      k =    4 ; sb/Sb = 0.553621866606388 ; sb = 1671.87221968424
      k =  140 ; sb/Sb = 0.65628826577122 ; sb = 1981.91253964279
      k =    5 ; sb/Sb = 0.758954664936051 ; sb = 2291.95285960134
      Creating new point: f = 0.506772256415642
    i = 43 ; sf/Sf = 0.8235077417118 ; sf = 2376.45887143697
      k =    2 ; sb/Sb = 0 ; sb = 0
      k =  211 ; sb/Sb = 0.136662497324295 ; sb = 412.704494765928
      k =    3 ; sb/Sb = 0.273324994648589 ; sb = 825.408989531856
      k =  209 ; sb/Sb = 0.413473430627489 ; sb = 1248.64060460805
      k =    4 ; sb/Sb = 0.553621866606388 ; sb = 1671.87221968424
      k =  140 ; sb/Sb = 0.65628826577122 ; sb = 1981.91253964279
      k =    5 ; sb/Sb = 0.758954664936051 ; sb = 2291.95285960134
      k =    6 ; sb/Sb = 0.886733081690656 ; sb = 2677.82848723283
      Creating new point: f = 0.505195465833028
    i = 42 ; sf/Sf = 0.92400064229039 ; sf = 2666.45887143697
      k =    2 ; sb/Sb = 0 ; sb = 0
      k =  211 ; sb/Sb = 0.136662497324295 ; sb = 412.704494765928
      k =    3 ; sb/Sb = 0.273324994648589 ; sb = 825.408989531856
      k =  209 ; sb/Sb = 0.413473430627489 ; sb = 1248.64060460805
      k =    4 ; sb/Sb = 0.553621866606388 ; sb = 1671.87221968424
      k =  140 ; sb/Sb = 0.65628826577122 ; sb = 1981.91253964279
      k =    5 ; sb/Sb = 0.758954664936051 ; sb = 2291.95285960134
      k =    6 ; sb/Sb = 0.886733081690656 ; sb = 2677.82848723283
      k =    7 ; sb/Sb = 1 ; sb = 3019.88111476257
      Creating new point: f = 0.329024230163584
Tear 4 : Sf = 1676.00867851162 ; Sb = 1485.12659110866
  Backwards path
    i = 33 ; sf/Sf = 0.250595361100983 ; sf = 420
      k =   34 ; sb/Sb = 0 ; sb = 0
      k =   35 ; sb/Sb = 0.226247347761377 ; sb = 336.005952328229
      k =   36 ; sb/Sb = 0.682384613253269 ; sb = 1013.42753450583
      Creating new point: f = 0.0533786979964235
    i = 32 ; sf/Sf = 0.509642866336702 ; sf = 854.165866921848
      k =   34 ; sb/Sb = 0 ; sb = 0
      k =   35 ; sb/Sb = 0.226247347761377 ; sb = 336.005952328229
      k =   36 ; sb/Sb = 0.682384613253269 ; sb = 1013.42753450583
      Creating new point: f = 0.621294377844168
    i = 31 ; sf/Sf = 0.845099191284919 ; sf = 1416.39357879667
      k =   34 ; sb/Sb = 0 ; sb = 0
      k =   35 ; sb/Sb = 0.226247347761377 ; sb = 336.005952328229
      k =   36 ; sb/Sb = 0.682384613253269 ; sb = 1013.42753450583
      k =   37 ; sb/Sb = 1 ; sb = 1485.12659110866
      Creating new point: f = 0.512300678182824
Triangulating...
[1] "Non-adjacent points in rim connected by line: 51 50"
[1] "In triangle: 588" "In triangle: 593"
[1] "Other points in triangles: 453 446"
[1] "Non-adjacent points in rim connected by line: 58 40"
[1] "In triangle: 493" "In triangle: 505"
[1] "Other points in triangles: 445 452"
Merging points...
Projecting to sphere...
Optimising mapping with FIRE...
E =  0.00351 | E_L =  0.00351 | E_A =  0.00000 |   3 flippped triangles
          X1         X2        X3
id 493.00000 576.000000 912.00000
A   16.18091   7.058301  10.95150
a  -23.85391  -5.229986 -70.61077
E =  0.00331 | E_L =  0.00331 | E_A =  0.00000 |  36 flippped triangles
        phi0    phi0.1    phi0.2    phi0.3    phi0.4    phi0.5    phi0.6
id    63.000    65.000   113.000    129.00    130.00    234.00   252.000
A   8984.176 10497.818  2242.975  31628.85  15808.67  14279.97 34164.721
a  -9383.337 -5831.344 -1853.589 -10295.97 -12516.92 -12364.65 -4052.695
      phi0.7    phi0.8    phi0.9    phi0.10    phi0.11   phi0.12   phi0.13
id    292.00  485.0000 486.00000 489.000000 490.000000 502.00000   503.000
A   22922.36  450.0292  19.52018   6.123427   6.964814  80.51595  3220.667
a  -14228.09 -176.3236 -15.22724  -7.396028 -10.323522 -95.50862 -2824.622
     phi0.14   phi0.15   phi0.16   phi0.17    phi0.18    phi0.19    phi0.20
id  506.0000   559.000   561.000   566.000 576.000000 581.000000 583.000000
A   237.2475  3367.324  3596.196 17422.757   7.058301   6.095381   3.772948
a  -220.6021 -3393.986 -3767.029 -7912.121  -7.735869  -1.337546  -4.046281
     phi0.21    phi0.22    phi0.23    phi0.24    phi0.25    phi0.26   phi0.27
id 585.00000 586.000000 588.000000 593.000000 594.000000 595.000000    630.00
A   10.12469   4.467093   2.217989   3.152864   7.282671   9.573113  21344.39
a  -12.45269  -5.079749  -2.042568  -2.870704  -7.225642 -33.092114 -19072.00
     phi0.28   phi0.29    phi0.30   phi0.31   phi0.32   phi0.33   phi0.34
id    631.00   640.000   641.0000   666.000   677.000    764.00    833.00
A   22676.67  4751.686 18410.3672  1761.160  6080.289  31472.77  14290.98
a  -20724.28 -4482.697  -562.3308 -1703.084 -5310.668 -27957.41 -11464.97
      phi0.35
id 911.000000
A    6.173115
a   -0.900299
E =  0.00326 | E_L =  0.00326 | E_A =  0.00000 |  44 flippped triangles
        phi0   phi0.1    phi0.2    phi0.3    phi0.4    phi0.5    phi0.6
id    63.000    65.00   113.000    129.00    130.00    234.00    252.00
A   8984.176 10497.82  2242.975  31628.85  15808.67  14279.97  34164.72
a  -7226.141 -1081.03 -1792.424 -12213.38 -13847.10 -13332.16 -32493.55
      phi0.7    phi0.8    phi0.9   phi0.10    phi0.11    phi0.12    phi0.13
id    283.00   284.000    292.00  485.0000 486.000000 489.000000 490.000000
A   20589.09  8432.823  22922.36  450.0292  19.520176   6.123427   6.964814
a  -17066.51 -8973.018 -20751.19 -156.5403  -8.107876  -7.400047 -10.123535
     phi0.14   phi0.15   phi0.16   phi0.17   phi0.18   phi0.19   phi0.20
id    500.00 502.00000   503.000  506.0000   559.000   561.000   566.000
A   30717.33  80.51595  3220.667  237.2475  3367.324  3596.196 17422.757
a  -24576.31 -89.74088 -2466.117 -220.8471 -3402.810 -3769.017 -9699.299
      phi0.21    phi0.22    phi0.23    phi0.24    phi0.25    phi0.26    phi0.27
id 575.000000 576.000000 577.000000 579.000000 580.000000 581.000000 588.000000
A    6.918070   7.058301   4.833300   3.240946   3.571220   6.095381   2.217989
a   -3.450867  -7.758229  -7.300397  -2.889346  -2.894965  -4.489433  -1.935667
      phi0.28    phi0.29    phi0.30    phi0.31   phi0.32   phi0.33   phi0.34
id 589.000000 590.000000 593.000000 594.000000    630.00    631.00   640.000
A    3.935091  21.539505   3.152864   7.282671  21344.39  22676.67  4751.686
a   -3.774130  -7.040543  -3.208985  -7.168526 -19517.70 -21464.97 -4351.539
     phi0.35   phi0.36   phi0.37   phi0.38   phi0.39  phi0.40   phi0.41
id   641.000   666.000   677.000   755.000    764.00   795.00    833.00
A  18410.367  1761.160  6080.289  5920.301  31472.77 15007.55  14290.98
a  -1563.952 -1733.412 -5170.788 -3577.695 -26498.65 -1310.17 -11867.46
      phi0.42    phi0.43
id 911.000000 912.000000
A    6.173115  10.951503
a   -5.364909  -3.375858
E =  0.00323 | E_L =  0.00323 | E_A =  0.00000 |  45 flippped triangles
        phi0    phi0.1    phi0.2    phi0.3    phi0.4    phi0.5    phi0.6
id    63.000    65.000   113.000   129.000    130.00    234.00    252.00
A   8984.176 10497.818  2242.975 31628.847  15808.67  14279.97  34164.72
a  -7724.085 -1417.735 -1856.305 -4962.257 -14310.05 -13714.21 -33317.98
      phi0.7    phi0.8    phi0.9   phi0.10   phi0.11   phi0.12    phi0.13
id    283.00   284.000    292.00   443.000   444.000  485.0000 486.000000
A   20589.09  8432.823  22922.36 15850.620  5863.166  450.0292  19.520176
a  -16451.04 -8690.399 -20868.73 -9339.902 -5787.892 -165.8892  -6.512568
      phi0.14    phi0.15   phi0.16   phi0.17   phi0.18   phi0.19   phi0.20
id 489.000000 490.000000    500.00 502.00000   503.000  506.0000   559.000
A    6.123427   6.964814  30717.33  80.51595  3220.667  237.2475  3367.324
a   -7.186268  -9.940725 -26537.47 -90.95540 -2501.241 -222.0643 -3406.223
     phi0.21   phi0.22    phi0.23    phi0.24    phi0.25    phi0.26    phi0.27
id   561.000    566.00 575.000000 576.000000 577.000000 579.000000 580.000000
A   3596.196  17422.76   6.918070   7.058301   4.833300   3.240946   3.571220
a  -3765.465 -10083.89  -3.741417  -7.932175  -7.885108  -2.994613  -3.135092
      phi0.28    phi0.29    phi0.30    phi0.31    phi0.32    phi0.33   phi0.34
id 581.000000 588.000000 589.000000 593.000000 594.000000 595.000000    630.00
A    6.095381   2.217989   3.935091   3.152864   7.282671   9.573113  21344.39
a   -6.091462  -2.214656  -3.883599  -3.235801  -6.268298  -3.769445 -19640.51
     phi0.35   phi0.36      phi0.37   phi0.38   phi0.39   phi0.40   phi0.41
id    631.00   640.000   641.000000   666.000   677.000   755.000    764.00
A   22676.67  4751.686 18410.367190  1761.160  6080.289  5920.301  31472.77
a  -21553.79 -4355.041    -5.425881 -1708.807 -5207.317 -5776.230 -25891.09
     phi0.42    phi0.43    phi0.44
id    833.00 911.000000 912.000000
A   14290.98   6.173115  10.951503
a  -11404.76  -5.627994  -4.130258
E =  0.00321 | E_L =  0.00321 | E_A =  0.00000 |  47 flippped triangles
        phi0    phi0.1    phi0.2    phi0.3    phi0.4    phi0.5    phi0.6
id    63.000    65.000   113.000   129.000    130.00    234.00    252.00
A   8984.176 10497.818  2242.975 31628.847  15808.67  14279.97  34164.72
a  -7523.119 -1215.487 -1835.836 -5273.881 -14364.00 -13653.69 -33637.33
      phi0.7    phi0.8    phi0.9   phi0.10   phi0.11   phi0.12    phi0.13
id    283.00   284.000    292.00    443.00   444.000  485.0000 486.000000
A   20589.09  8432.823  22922.36  15850.62  5863.166  450.0292  19.520176
a  -16487.01 -8742.060 -20706.78 -10193.89 -5909.753 -167.9906  -6.443765
      phi0.14    phi0.15   phi0.16   phi0.17   phi0.18   phi0.19   phi0.20
id 489.000000 490.000000    500.00 502.00000   503.000  506.0000   559.000
A    6.123427   6.964814  30717.33  80.51595  3220.667  237.2475  3367.324
a   -7.213015  -9.994859 -27136.47 -90.80930 -2516.183 -223.5056 -3414.916
     phi0.21   phi0.22    phi0.23    phi0.24    phi0.25    phi0.26    phi0.27
id   561.000   566.000 575.000000 576.000000 577.000000 579.000000 580.000000
A   3596.196 17422.757   6.918070   7.058301   4.833300   3.240946   3.571220
a  -3764.771 -9974.737  -4.156876  -7.894920  -7.390639  -3.086984  -3.154265
      phi0.28    phi0.29    phi0.30    phi0.31    phi0.32    phi0.33   phi0.34
id 581.000000 588.000000 589.000000 593.000000 594.000000 595.000000    630.00
A    6.095381   2.217989   3.935091   3.152864   7.282671   9.573113  21344.39
a   -5.306444  -2.272385  -3.915597  -2.774777  -6.186807 -31.330651 -19789.53
     phi0.35   phi0.36    phi0.37   phi0.38   phi0.39   phi0.40   phi0.41
id    631.00   640.000   641.0000   664.000   666.000   677.000   755.000
A   22676.67  4751.686 18410.3672 12316.051  1761.160  6080.289  5920.301
a  -21753.28 -4292.194  -174.9649 -2117.418 -1702.475 -5153.335 -5836.495
     phi0.42   phi0.43   phi0.44    phi0.45    phi0.46
id    764.00   806.000    833.00 911.000000 912.000000
A   31472.77  7487.518  14290.98   6.173115  10.951503
a  -26049.43 -4611.077 -11743.67  -5.410111  -3.251295
E =  0.00321 | E_L =  0.00321 | E_A =  0.00000 |  45 flippped triangles
        phi0    phi0.1    phi0.2    phi0.3    phi0.4    phi0.5    phi0.6
id    63.000    65.000   113.000   129.000    130.00    234.00    252.00
A   8984.176 10497.818  2242.975 31628.847  15808.67  14279.97  34164.72
a  -7586.466 -1237.472 -1849.569 -5712.379 -14344.71 -13652.36 -33258.53
      phi0.7    phi0.8    phi0.9   phi0.10   phi0.11   phi0.12    phi0.13
id    283.00   284.000    292.00   443.000   444.000  485.0000 486.000000
A   20589.09  8432.823  22922.36 15850.620  5863.166  450.0292  19.520176
a  -16535.56 -8719.069 -20769.94 -9094.619 -5720.254 -169.7800  -7.230085
      phi0.14    phi0.15   phi0.16   phi0.17   phi0.18   phi0.19   phi0.20
id 489.000000 490.000000    500.00 502.00000   503.000  506.0000   559.000
A    6.123427   6.964814  30717.33  80.51595  3220.667  237.2475  3367.324
a   -7.334767 -10.060019 -26498.04 -90.20774 -2544.259 -223.7889 -3421.499
     phi0.21   phi0.22    phi0.23    phi0.24    phi0.25    phi0.26    phi0.27
id   561.000    566.00 575.000000 576.000000 577.000000 579.000000 580.000000
A   3596.196  17422.76   6.918070   7.058301   4.833300   3.240946   3.571220
a  -3758.597 -10043.13  -4.021134  -7.896383  -7.843915  -3.026505  -3.203247
      phi0.28    phi0.29    phi0.30    phi0.31    phi0.32    phi0.33   phi0.34
id 581.000000 588.000000 589.000000 593.000000 594.000000 595.000000    630.00
A    6.095381   2.217989   3.935091   3.152864   7.282671   9.573113  21344.39
a   -5.580784  -2.186119  -3.863166  -3.124177  -6.212837 -11.608935 -19611.61
     phi0.35   phi0.36   phi0.37   phi0.38   phi0.39   phi0.40   phi0.41
id    631.00   640.000   666.000   677.000   755.000    764.00   806.000
A   22676.67  4751.686  1761.160  6080.289  5920.301  31472.77  7487.518
a  -21495.42 -4367.617 -1708.246 -5202.681 -5716.719 -25768.15 -1703.779
     phi0.42    phi0.43    phi0.44
id    833.00 911.000000 912.000000
A   14290.98   6.173115  10.951503
a  -11193.53  -5.454760  -3.907422
FIRE:  15  stops.  5 hits of maxmove.  0 hits of dtmax.
Frms = 0.000248328593632969; Ftanrms = 0.000248328582392783
E =  0.01228 | E_L =  0.00521 | E_A =  0.00707 |   9 flippped triangles
         phi0       phi0.1      phi0.2       phi0.3        phi0.4        phi0.5
id 573.000000 577.00000000 578.0000000 581.00000000 586.000000000 588.000000000
A    4.836368   4.83330041   4.1695396   6.09538078   4.467092592   2.217989403
a   -1.686666  -0.06229789  -0.1240624  -0.01194618  -0.008228658  -0.009777169
        phi0.6       phi0.7       phi0.8
id 590.0000000 593.00000000 910.00000000
A   21.5395051   3.15286376   3.09209692
a   -0.2863895  -0.01547292  -0.00374001
FIRE:  15  stops.  9 hits of maxmove.  0 hits of dtmax.
Frms = 0.00013496257468737; Ftanrms = 0.000134962557788297
E =  0.00858 | E_L =  0.00478 | E_A =  0.00380 |   5 flippped triangles
           phi0      phi0.1        phi0.2        phi0.3        phi0.4
id 581.00000000 586.0000000 588.000000000 593.000000000 595.000000000
A    6.09538078   4.4670926   2.217989403   3.152863756   9.573113375
a   -0.07375962  -0.4241287  -0.006536108  -0.001725826  -0.003633193
FIRE:  15  stops.  10 hits of maxmove.  0 hits of dtmax.
Frms = 0.000117126739475381; Ftanrms = 0.00011712671784373
E =  0.00820 | E_L =  0.00465 | E_A =  0.00354 |   5 flippped triangles
          phi0       phi0.1        phi0.2        phi0.3        phi0.4
id 586.0000000 592.00000000 593.000000000 595.000000000 909.000000000
A    4.4670926   5.15115769   3.152863756   9.573113375   2.157222570
a   -0.4759916  -0.09715959  -0.001699679  -0.004181575  -0.004249364
FIRE:  15  stops.  5 hits of maxmove.  0 hits of dtmax.
Frms = 6.08697159191496e-05; Ftanrms = 6.08696807634205e-05
E =  0.00754 | E_L =  0.00450 | E_A =  0.00304 |   4 flippped triangles
          phi0       phi0.1       phi0.2      phi0.3
id 592.0000000 593.00000000 595.00000000 909.0000000
A    5.1511577   3.15286376   9.57311337   2.1572226
a   -0.5652461  -0.06200332  -0.04684522  -0.0782706
FIRE:  13  stops.  0 hits of maxmove.  0 hits of dtmax.
Frms = 1.32054175401079e-05; Ftanrms = 1.32052692945847e-05
E =  0.00687 | E_L =  0.00425 | E_A =  0.00263 |   1 flippped triangles
          phi0
id 595.0000000
A    9.5731134
a   -0.6811067
FIRE:  1  stops.  0 hits of maxmove.  0 hits of dtmax.
Frms = 1.00001179034253e-05; Ftanrms = 9.99992116439012e-06
E =  0.00681 | E_L =  0.00423 | E_A =  0.00258 |   1 flippped triangles
          phi0
id 595.0000000
A    9.5731134
a   -0.6942086
E =  0.00668 | E_L =  0.00424 | E_A =  0.00245 |   1 flippped triangles
          phi0
id 595.0000000
A    9.5731134
a   -0.6942086
Optimising mapping with BFGS...
E =  0.00574 | E_L =  0.00542 | E_A =  0.00031 |   2 flippped triangles
          phi0     phi0.1
id 590.0000000 595.000000
A   21.5395051   9.573113
a   -0.4519141  -0.283783
E =  0.00460 | E_L =  0.00447 | E_A =  0.00013 |   0 flippped triangles
E =  0.00424 | E_L =  0.00423 | E_A =  0.00000 |   0 flippped triangles
E =  0.00424 | E_L =  0.00423 | E_A =  0.00000 |   0 flippped triangles
Transforming image...
Mapping optimised. Error: 0.00423522 ; 0 flipped triangles.
Inferring coordinates of datapoints
Inferring coordinates of landmarks
Mapping optimised. Error: 0.00423522 ; 0 flipped triangles. OD displacement: 4.445776 degrees.
Computing Kernel Density estimates of datapoints

[1] 0.7
Saving developmental_retina/data/C57BL6J/P16/AP/GM263-3/R-CONTRA/r.mat
