[1] "Adding old segment 1"
[1] "Intersection found. Old points:"
   X    Y 
1390  989 
   X    Y 
1370  949 
   X    Y 
1370  949 
   X    Y 
1390  789 
[1] "Point i+1 has been changed:"
   X    Y 
1390  989 
   X    Y 
1370  949 
   X    Y 
1370  949 
   X    Y 
1390  789 
[1] "a= 0.310086836473021"
[1] "l= 161.245154965971"
[1] "New points:"
   X    Y 
1390  989 
   X    Y 
1370  949 
        X         Y 
1383.7983  838.6139 
   X    Y 
1390  789 
[1] "Storing new segment 1"
[1] "Adding old segment 2"
[1] "Adding old segment 5"
[1] "Adding old segment 4"
[1] "Adding old segment 6"
[1] "Adding old segment 3"
[1] "Adding old segment 7"
[1] "Adding old segment 8"
[1] "Adding old segment 9"
[1] "Storing new segment 2"
simplify.outline: Removing vertex 1
simplify.outline: Removing vertex 20
simplify.outline: Removing vertex 28
simplify.outline: Removing vertex 28
simplify.outline: Removing vertex 48
Triangulating...
[1] "Non-adjacent points in rim connected by line: 22 20"
[1] "In triangle: 15" "In triangle: 53"
[1] "Other points in triangles: 186 21"
[1] "Non-adjacent points in rim connected by line: 28 26"
[1] "In triangle: 67" "In triangle: 78"
[1] "Other points in triangles: 27 68"
Stitching...
Tear 1 child of rim
Tear 2 child of rim
Tear 3 child of rim
Tear 4 child of rim
Tear 1 : Sf = 4418.51854464559 ; Sb = 4298.81369072843
  Forwards path
    i = 4 ; sf/Sf = 0.0895324541245715 ; sf = 395.60080889705
      k =    3 ; sb/Sb = 0 ; sb = 0
      k =    2 ; sb/Sb = 0.11881969034074 ; sb = 510.783711564885
      Creating new point: f = 0.753515295889249
    i = 5 ; sf/Sf = 0.159728209840313 ; sf = 705.762057282466
      k =    3 ; sb/Sb = 0 ; sb = 0
      k =    2 ; sb/Sb = 0.11881969034074 ; sb = 510.783711564885
      k =    1 ; sb/Sb = 0.207246773606717 ; sb = 890.91526773985
      Creating new point: f = 0.462624322647011
    i = 78 ; sf/Sf = 0.24627904348633 ; sf = 1088.18852080192
      k =    3 ; sb/Sb = 0 ; sb = 0
      k =    2 ; sb/Sb = 0.11881969034074 ; sb = 510.783711564885
      k =    1 ; sb/Sb = 0.207246773606717 ; sb = 890.91526773985
      k =   57 ; sb/Sb = 0.266827157387879 ; sb = 1147.04023723716
      Creating new point: f = 0.655119477292692
    i = 6 ; sf/Sf = 0.332829877132346 ; sf = 1470.61498432138
      k =    3 ; sb/Sb = 0 ; sb = 0
      k =    2 ; sb/Sb = 0.11881969034074 ; sb = 510.783711564885
      k =    1 ; sb/Sb = 0.207246773606717 ; sb = 890.91526773985
      k =   57 ; sb/Sb = 0.266827157387879 ; sb = 1147.04023723716
      k =   82 ; sb/Sb = 0.350579268191007 ; sb = 1507.07495778506
      Creating new point: f = 0.788072313778648
    i = 7 ; sf/Sf = 0.436246074605494 ; sf = 1927.56137067322
      k =    3 ; sb/Sb = 0 ; sb = 0
      k =    2 ; sb/Sb = 0.11881969034074 ; sb = 510.783711564885
      k =    1 ; sb/Sb = 0.207246773606717 ; sb = 890.91526773985
      k =   57 ; sb/Sb = 0.266827157387879 ; sb = 1147.04023723716
      k =   82 ; sb/Sb = 0.350579268191007 ; sb = 1507.07495778506
      k =   56 ; sb/Sb = 0.434331378994136 ; sb = 1867.10967833295
      k =  164 ; sb/Sb = 0.525951798068269 ; sb = 2260.96879019911
      Creating new point: f = 0.0208981319961962
    i = 8 ; sf/Sf = 0.539563166931322 ; sf = 2384.06985909375
      k =    3 ; sb/Sb = 0 ; sb = 0
      k =    2 ; sb/Sb = 0.11881969034074 ; sb = 510.783711564885
      k =    1 ; sb/Sb = 0.207246773606717 ; sb = 890.91526773985
      k =   57 ; sb/Sb = 0.266827157387879 ; sb = 1147.04023723716
      k =   82 ; sb/Sb = 0.350579268191007 ; sb = 1507.07495778506
      k =   56 ; sb/Sb = 0.434331378994136 ; sb = 1867.10967833295
      k =  164 ; sb/Sb = 0.525951798068269 ; sb = 2260.96879019911
      k =   55 ; sb/Sb = 0.617572217142402 ; sb = 2654.82790206527
      Creating new point: f = 0.14856261301359
    i = 9 ; sf/Sf = 0.664429581633584 ; sf = 2935.7944280591
      k =    3 ; sb/Sb = 0 ; sb = 0
      k =    2 ; sb/Sb = 0.11881969034074 ; sb = 510.783711564885
      k =    1 ; sb/Sb = 0.207246773606717 ; sb = 890.91526773985
      k =   57 ; sb/Sb = 0.266827157387879 ; sb = 1147.04023723716
      k =   82 ; sb/Sb = 0.350579268191007 ; sb = 1507.07495778506
      k =   56 ; sb/Sb = 0.434331378994136 ; sb = 1867.10967833295
      k =  164 ; sb/Sb = 0.525951798068269 ; sb = 2260.96879019911
      k =   55 ; sb/Sb = 0.617572217142402 ; sb = 2654.82790206527
      k =   54 ; sb/Sb = 0.740862045018192 ; sb = 3184.82790206527
      Creating new point: f = 0.380058641483292
    i = 363 ; sf/Sf = 0.759712804833043 ; sf = 3356.80511675952
      k =    3 ; sb/Sb = 0 ; sb = 0
      k =    2 ; sb/Sb = 0.11881969034074 ; sb = 510.783711564885
      k =    1 ; sb/Sb = 0.207246773606717 ; sb = 890.91526773985
      k =   57 ; sb/Sb = 0.266827157387879 ; sb = 1147.04023723716
      k =   82 ; sb/Sb = 0.350579268191007 ; sb = 1507.07495778506
      k =   56 ; sb/Sb = 0.434331378994136 ; sb = 1867.10967833295
      k =  164 ; sb/Sb = 0.525951798068269 ; sb = 2260.96879019911
      k =   55 ; sb/Sb = 0.617572217142402 ; sb = 2654.82790206527
      k =   54 ; sb/Sb = 0.740862045018192 ; sb = 3184.82790206527
      k =   53 ; sb/Sb = 0.866779282435674 ; sb = 3726.12264617424
      Creating new point: f = 0.14970753966235
    i = 10 ; sf/Sf = 0.854996028032503 ; sf = 3777.81580545994
      k =    3 ; sb/Sb = 0 ; sb = 0
      k =    2 ; sb/Sb = 0.11881969034074 ; sb = 510.783711564885
      k =    1 ; sb/Sb = 0.207246773606717 ; sb = 890.91526773985
      k =   57 ; sb/Sb = 0.266827157387879 ; sb = 1147.04023723716
      k =   82 ; sb/Sb = 0.350579268191007 ; sb = 1507.07495778506
      k =   56 ; sb/Sb = 0.434331378994136 ; sb = 1867.10967833295
      k =  164 ; sb/Sb = 0.525951798068269 ; sb = 2260.96879019911
      k =   55 ; sb/Sb = 0.617572217142402 ; sb = 2654.82790206527
      k =   54 ; sb/Sb = 0.740862045018192 ; sb = 3184.82790206527
      k =   53 ; sb/Sb = 0.866779282435674 ; sb = 3726.12264617424
      Creating new point: f = 0.90642064069351
    i = 368 ; sf/Sf = 0.927498014016252 ; sf = 4098.16717505276
      k =    3 ; sb/Sb = 0 ; sb = 0
      k =    2 ; sb/Sb = 0.11881969034074 ; sb = 510.783711564885
      k =    1 ; sb/Sb = 0.207246773606717 ; sb = 890.91526773985
      k =   57 ; sb/Sb = 0.266827157387879 ; sb = 1147.04023723716
      k =   82 ; sb/Sb = 0.350579268191007 ; sb = 1507.07495778506
      k =   56 ; sb/Sb = 0.434331378994136 ; sb = 1867.10967833295
      k =  164 ; sb/Sb = 0.525951798068269 ; sb = 2260.96879019911
      k =   55 ; sb/Sb = 0.617572217142402 ; sb = 2654.82790206527
      k =   54 ; sb/Sb = 0.740862045018192 ; sb = 3184.82790206527
      k =   53 ; sb/Sb = 0.866779282435674 ; sb = 3726.12264617424
      k =   52 ; sb/Sb = 0.910236717524246 ; sb = 3912.93806309694
      k =   51 ; sb/Sb = 1 ; sb = 4298.81369072843
      Creating new point: f = 0.192297964333781
Tear 2 : Sf = 1674.20217691696 ; Sb = 1815.32321280514
  Forwards path
    i = 284 ; sf/Sf = 0.185451612837439 ; sf = 310.4834939252
      k =   44 ; sb/Sb = 0 ; sb = 0
      k =   43 ; sb/Sb = 0.0718241507541656 ; sb = 130.384048104053
      k =  109 ; sb/Sb = 0.297679247580942 ; sb = 540.384048104053
      Creating new point: f = 0.50309895007781
    i = 45 ; sf/Sf = 0.370903225674877 ; sf = 620.966987850401
      k =   44 ; sb/Sb = 0 ; sb = 0
      k =   43 ; sb/Sb = 0.0718241507541656 ; sb = 130.384048104053
      k =  109 ; sb/Sb = 0.297679247580942 ; sb = 540.384048104053
      k =   42 ; sb/Sb = 0.523534344407718 ; sb = 950.384048104053
      Creating new point: f = 0.324207773580139
    i = 46 ; sf/Sf = 0.688372225515448 ; sf = 1152.47427848713
      k =   44 ; sb/Sb = 0 ; sb = 0
      k =   43 ; sb/Sb = 0.0718241507541656 ; sb = 130.384048104053
      k =  109 ; sb/Sb = 0.297679247580942 ; sb = 540.384048104053
      k =   42 ; sb/Sb = 0.523534344407718 ; sb = 950.384048104053
      k =   41 ; sb/Sb = 0.797974039096248 ; sb = 1448.5807963873
      Creating new point: f = 0.600634253345929
Tear 3 : Sf = 1697.66074403311 ; Sb = 1664.97884810926
  Forwards path
    i = 33 ; sf/Sf = 0.134452213148315 ; sf = 228.254244210267
      k =   32 ; sb/Sb = 0 ; sb = 0
      k =   31 ; sb/Sb = 0.120121646126087 ; sb = 200
      k =   30 ; sb/Sb = 0.28999930721218 ; sb = 482.842712474619
      Creating new point: f = 0.0843581606351753
    i = 306 ; sf/Sf = 0.316604579578539 ; sf = 537.487166131591
      k =   32 ; sb/Sb = 0 ; sb = 0
      k =   31 ; sb/Sb = 0.120121646126087 ; sb = 200
      k =   30 ; sb/Sb = 0.28999930721218 ; sb = 482.842712474619
      k =   29 ; sb/Sb = 0.442889202189663 ; sb = 737.401153701776
      Creating new point: f = 0.174015897978588
    i = 34 ; sf/Sf = 0.498756946008762 ; sf = 846.720088052916
      k =   32 ; sb/Sb = 0 ; sb = 0
      k =   31 ; sb/Sb = 0.120121646126087 ; sb = 200
      k =   30 ; sb/Sb = 0.28999930721218 ; sb = 482.842712474619
      k =   29 ; sb/Sb = 0.442889202189663 ; sb = 737.401153701776
      k =   74 ; sb/Sb = 0.657811299913619 ; sb = 1095.24190040343
      Creating new point: f = 0.259944158421786
    i = 423 ; sf/Sf = 0.749378473004381 ; sf = 1272.19041604301
      k =   32 ; sb/Sb = 0 ; sb = 0
      k =   31 ; sb/Sb = 0.120121646126087 ; sb = 200
      k =   30 ; sb/Sb = 0.28999930721218 ; sb = 482.842712474619
      k =   29 ; sb/Sb = 0.442889202189663 ; sb = 737.401153701776
      k =   74 ; sb/Sb = 0.657811299913619 ; sb = 1095.24190040343
      k =   28 ; sb/Sb = 0.872733397637574 ; sb = 1453.08264710509
      Creating new point: f = 0.42604820100151
Tear 4 : Sf = 935.897018650162 ; Sb = 1142.18511117963
  Forwards path
    i = 19 ; sf/Sf = 0.468677894307074 ; sf = 438.634243989226
      k =   18 ; sb/Sb = 0 ; sb = 0
      k =   17 ; sb/Sb = 0.135916451232909 ; sb = 155.2417469626
      k =   16 ; sb/Sb = 0.430094644451701 ; sb = 491.247699290829
      k =   94 ; sb/Sb = 0.650413214690582 ; sb = 742.892289934061
      Creating new point: f = 0.175124819544438
    i = 20 ; sf/Sf = 0.860685475532228 ; sf = 805.512970546109
      k =   18 ; sb/Sb = 0 ; sb = 0
      k =   17 ; sb/Sb = 0.135916451232909 ; sb = 155.2417469626
      k =   16 ; sb/Sb = 0.430094644451701 ; sb = 491.247699290829
      k =   94 ; sb/Sb = 0.650413214690582 ; sb = 742.892289934061
      k =   15 ; sb/Sb = 0.870731784929462 ; sb = 994.536880577294
      Creating new point: f = 0.954400986778637
Tear 1 : Sf = 4298.81369072843 ; Sb = 4418.51854464559
  Backwards path
    i = 2 ; sf/Sf = 0.11881969034074 ; sf = 510.783711564885
      k =    3 ; sb/Sb = 0 ; sb = 0
      k =    4 ; sb/Sb = 0.0895324541245715 ; sb = 395.60080889705
      k =    5 ; sb/Sb = 0.159728209840313 ; sb = 705.762057282466
      Creating new point: f = 0.41722232231201
    i = 1 ; sf/Sf = 0.207246773606717 ; sf = 890.91526773985
      k =    3 ; sb/Sb = 0 ; sb = 0
      k =    4 ; sb/Sb = 0.0895324541245715 ; sb = 395.60080889705
      k =    5 ; sb/Sb = 0.159728209840313 ; sb = 705.762057282466
      k =   78 ; sb/Sb = 0.24627904348633 ; sb = 1088.18852080192
      Creating new point: f = 0.549024911311071
    i = 57 ; sf/Sf = 0.266827157387879 ; sf = 1147.04023723716
      k =    3 ; sb/Sb = 0 ; sb = 0
      k =    4 ; sb/Sb = 0.0895324541245715 ; sb = 395.60080889705
      k =    5 ; sb/Sb = 0.159728209840313 ; sb = 705.762057282466
      k =   78 ; sb/Sb = 0.24627904348633 ; sb = 1088.18852080192
      k =    6 ; sb/Sb = 0.332829877132346 ; sb = 1470.61498432138
      Creating new point: f = 0.237410929923434
    i = 82 ; sf/Sf = 0.350579268191007 ; sf = 1507.07495778506
      k =    3 ; sb/Sb = 0 ; sb = 0
      k =    4 ; sb/Sb = 0.0895324541245715 ; sb = 395.60080889705
      k =    5 ; sb/Sb = 0.159728209840313 ; sb = 705.762057282466
      k =   78 ; sb/Sb = 0.24627904348633 ; sb = 1088.18852080192
      k =    6 ; sb/Sb = 0.332829877132346 ; sb = 1470.61498432138
      k =    7 ; sb/Sb = 0.436246074605494 ; sb = 1927.56137067322
      Creating new point: f = 0.171630668041822
    i = 56 ; sf/Sf = 0.434331378994136 ; sf = 1867.10967833295
      k =    3 ; sb/Sb = 0 ; sb = 0
      k =    4 ; sb/Sb = 0.0895324541245715 ; sb = 395.60080889705
      k =    5 ; sb/Sb = 0.159728209840313 ; sb = 705.762057282466
      k =   78 ; sb/Sb = 0.24627904348633 ; sb = 1088.18852080192
      k =    6 ; sb/Sb = 0.332829877132346 ; sb = 1470.61498432138
      k =    7 ; sb/Sb = 0.436246074605494 ; sb = 1927.56137067322
      Creating new point: f = 0.981485534586057
    i = 164 ; sf/Sf = 0.525951798068269 ; sf = 2260.96879019911
      k =    3 ; sb/Sb = 0 ; sb = 0
      k =    4 ; sb/Sb = 0.0895324541245715 ; sb = 395.60080889705
      k =    5 ; sb/Sb = 0.159728209840313 ; sb = 705.762057282466
      k =   78 ; sb/Sb = 0.24627904348633 ; sb = 1088.18852080192
      k =    6 ; sb/Sb = 0.332829877132346 ; sb = 1470.61498432138
      k =    7 ; sb/Sb = 0.436246074605494 ; sb = 1927.56137067322
      k =    8 ; sb/Sb = 0.539563166931322 ; sb = 2384.06985909375
      Creating new point: f = 0.868256369235329
    i = 55 ; sf/Sf = 0.617572217142402 ; sf = 2654.82790206527
      k =    3 ; sb/Sb = 0 ; sb = 0
      k =    4 ; sb/Sb = 0.0895324541245715 ; sb = 395.60080889705
      k =    5 ; sb/Sb = 0.159728209840313 ; sb = 705.762057282466
      k =   78 ; sb/Sb = 0.24627904348633 ; sb = 1088.18852080192
      k =    6 ; sb/Sb = 0.332829877132346 ; sb = 1470.61498432138
      k =    7 ; sb/Sb = 0.436246074605494 ; sb = 1927.56137067322
      k =    8 ; sb/Sb = 0.539563166931322 ; sb = 2384.06985909375
      k =    9 ; sb/Sb = 0.664429581633584 ; sb = 2935.7944280591
      Creating new point: f = 0.624740050373744
    i = 54 ; sf/Sf = 0.740862045018192 ; sf = 3184.82790206527
      k =    3 ; sb/Sb = 0 ; sb = 0
      k =    4 ; sb/Sb = 0.0895324541245715 ; sb = 395.60080889705
      k =    5 ; sb/Sb = 0.159728209840313 ; sb = 705.762057282466
      k =   78 ; sb/Sb = 0.24627904348633 ; sb = 1088.18852080192
      k =    6 ; sb/Sb = 0.332829877132346 ; sb = 1470.61498432138
      k =    7 ; sb/Sb = 0.436246074605494 ; sb = 1927.56137067322
      k =    8 ; sb/Sb = 0.539563166931322 ; sb = 2384.06985909375
      k =    9 ; sb/Sb = 0.664429581633584 ; sb = 2935.7944280591
      k =  363 ; sb/Sb = 0.759712804833043 ; sb = 3356.80511675952
      Creating new point: f = 0.802160766797422
    i = 53 ; sf/Sf = 0.866779282435674 ; sf = 3726.12264617424
      k =    3 ; sb/Sb = 0 ; sb = 0
      k =    4 ; sb/Sb = 0.0895324541245715 ; sb = 395.60080889705
      k =    5 ; sb/Sb = 0.159728209840313 ; sb = 705.762057282466
      k =   78 ; sb/Sb = 0.24627904348633 ; sb = 1088.18852080192
      k =    6 ; sb/Sb = 0.332829877132346 ; sb = 1470.61498432138
      k =    7 ; sb/Sb = 0.436246074605494 ; sb = 1927.56137067322
      k =    8 ; sb/Sb = 0.539563166931322 ; sb = 2384.06985909375
      k =    9 ; sb/Sb = 0.664429581633584 ; sb = 2935.7944280591
      k =  363 ; sb/Sb = 0.759712804833043 ; sb = 3356.80511675952
      k =   10 ; sb/Sb = 0.854996028032503 ; sb = 3777.81580545994
      k =  368 ; sb/Sb = 0.927498014016252 ; sb = 4098.16717505276
      Creating new point: f = 0.16252319496203
    i = 52 ; sf/Sf = 0.910236717524246 ; sf = 3912.93806309694
      k =    3 ; sb/Sb = 0 ; sb = 0
      k =    4 ; sb/Sb = 0.0895324541245715 ; sb = 395.60080889705
      k =    5 ; sb/Sb = 0.159728209840313 ; sb = 705.762057282466
      k =   78 ; sb/Sb = 0.24627904348633 ; sb = 1088.18852080192
      k =    6 ; sb/Sb = 0.332829877132346 ; sb = 1470.61498432138
      k =    7 ; sb/Sb = 0.436246074605494 ; sb = 1927.56137067322
      k =    8 ; sb/Sb = 0.539563166931322 ; sb = 2384.06985909375
      k =    9 ; sb/Sb = 0.664429581633584 ; sb = 2935.7944280591
      k =  363 ; sb/Sb = 0.759712804833043 ; sb = 3356.80511675952
      k =   10 ; sb/Sb = 0.854996028032503 ; sb = 3777.81580545994
      k =  368 ; sb/Sb = 0.927498014016252 ; sb = 4098.16717505276
      Creating new point: f = 0.761919673540048
Tear 2 : Sf = 1815.32321280514 ; Sb = 1674.20217691696
  Backwards path
    i = 43 ; sf/Sf = 0.0718241507541656 ; sf = 130.384048104053
      k =   44 ; sb/Sb = 0 ; sb = 0
      k =  284 ; sb/Sb = 0.185451612837439 ; sb = 310.4834939252
      Creating new point: f = 0.387293211718382
    i = 109 ; sf/Sf = 0.297679247580942 ; sf = 540.384048104053
      k =   44 ; sb/Sb = 0 ; sb = 0
      k =  284 ; sb/Sb = 0.185451612837439 ; sb = 310.4834939252
      k =   45 ; sb/Sb = 0.370903225674877 ; sb = 620.966987850401
      Creating new point: f = 0.605158580324014
    i = 42 ; sf/Sf = 0.523534344407718 ; sf = 950.384048104053
      k =   44 ; sb/Sb = 0 ; sb = 0
      k =  284 ; sb/Sb = 0.185451612837439 ; sb = 310.4834939252
      k =   45 ; sb/Sb = 0.370903225674877 ; sb = 620.966987850401
      k =   46 ; sb/Sb = 0.688372225515448 ; sb = 1152.47427848713
      Creating new point: f = 0.480774875057061
    i = 41 ; sf/Sf = 0.797974039096248 ; sf = 1448.5807963873
      k =   44 ; sb/Sb = 0 ; sb = 0
      k =  284 ; sb/Sb = 0.185451612837439 ; sb = 310.4834939252
      k =   45 ; sb/Sb = 0.370903225674877 ; sb = 620.966987850401
      k =   46 ; sb/Sb = 0.688372225515448 ; sb = 1152.47427848713
      k =   47 ; sb/Sb = 1 ; sb = 1674.20217691696
      Creating new point: f = 0.351707461769372
Tear 3 : Sf = 1664.97884810926 ; Sb = 1697.66074403311
  Backwards path
    i = 31 ; sf/Sf = 0.120121646126087 ; sf = 200
      k =   32 ; sb/Sb = 0 ; sb = 0
      k =   33 ; sb/Sb = 0.134452213148315 ; sb = 228.254244210267
      Creating new point: f = 0.893415164491042
    i = 30 ; sf/Sf = 0.28999930721218 ; sf = 482.842712474619
      k =   32 ; sb/Sb = 0 ; sb = 0
      k =   33 ; sb/Sb = 0.134452213148315 ; sb = 228.254244210267
      k =  306 ; sb/Sb = 0.316604579578539 ; sb = 537.487166131591
      Creating new point: f = 0.853939463495521
    i = 29 ; sf/Sf = 0.442889202189663 ; sf = 737.401153701776
      k =   32 ; sb/Sb = 0 ; sb = 0
      k =   33 ; sb/Sb = 0.134452213148315 ; sb = 228.254244210267
      k =  306 ; sb/Sb = 0.316604579578539 ; sb = 537.487166131591
      k =   34 ; sb/Sb = 0.498756946008762 ; sb = 846.720088052916
      Creating new point: f = 0.693291144584171
    i = 74 ; sf/Sf = 0.657811299913619 ; sf = 1095.24190040343
      k =   32 ; sb/Sb = 0 ; sb = 0
      k =   33 ; sb/Sb = 0.134452213148315 ; sb = 228.254244210267
      k =  306 ; sb/Sb = 0.316604579578539 ; sb = 537.487166131591
      k =   34 ; sb/Sb = 0.498756946008762 ; sb = 846.720088052916
      k =  423 ; sb/Sb = 0.749378473004381 ; sb = 1272.19041604301
      Creating new point: f = 0.634639632961926
    i = 28 ; sf/Sf = 0.872733397637575 ; sf = 1453.08264710509
      k =   32 ; sb/Sb = 0 ; sb = 0
      k =   33 ; sb/Sb = 0.134452213148315 ; sb = 228.254244210267
      k =  306 ; sb/Sb = 0.316604579578539 ; sb = 537.487166131591
      k =   34 ; sb/Sb = 0.498756946008762 ; sb = 846.720088052916
      k =  423 ; sb/Sb = 0.749378473004381 ; sb = 1272.19041604301
      k =   35 ; sb/Sb = 1 ; sb = 1697.66074403311
      Creating new point: f = 0.492196046013836
Tear 4 : Sf = 1142.18511117963 ; Sb = 935.897018650162
  Backwards path
    i = 17 ; sf/Sf = 0.135916451232909 ; sf = 155.2417469626
      k =   18 ; sb/Sb = 0 ; sb = 0
      k =   19 ; sb/Sb = 0.468677894307074 ; sb = 438.634243989226
      Creating new point: f = 0.289999705306897
    i = 16 ; sf/Sf = 0.430094644451701 ; sf = 491.247699290829
      k =   18 ; sb/Sb = 0 ; sb = 0
      k =   19 ; sb/Sb = 0.468677894307074 ; sb = 438.634243989226
      Creating new point: f = 0.917676403508604
    i = 94 ; sf/Sf = 0.650413214690582 ; sf = 742.892289934061
      k =   18 ; sb/Sb = 0 ; sb = 0
      k =   19 ; sb/Sb = 0.468677894307074 ; sb = 438.634243989226
      k =   20 ; sb/Sb = 0.860685475532228 ; sb = 805.512970546109
      Creating new point: f = 0.463601545193398
    i = 15 ; sf/Sf = 0.870731784929462 ; sf = 994.536880577294
      k =   18 ; sb/Sb = 0 ; sb = 0
      k =   19 ; sb/Sb = 0.468677894307074 ; sb = 438.634243989226
      k =   20 ; sb/Sb = 0.860685475532228 ; sb = 805.512970546109
      k =   21 ; sb/Sb = 1 ; sb = 935.897018650162
      Creating new point: f = 0.0721124336146199
Triangulating...
Merging points...
Projecting to sphere...
Optimising mapping with FIRE...
E =  0.00512 | E_L =  0.00512 | E_A =  0.00000 |   0 flippped triangles
E =  0.00473 | E_L =  0.00473 | E_A =  0.00000 |  37 flippped triangles
        phi0    phi0.1    phi0.2    phi0.3    phi0.4    phi0.5     phi0.6
id    27.000   30.0000     61.00    62.000   110.000   111.000    112.000
A   1810.305  177.3499  13492.28  3157.471  1756.300  2174.850   9878.778
a  -2107.664 -180.0669 -11872.09 -3048.159 -2265.418 -2193.651 -10078.765
      phi0.7    phi0.8    phi0.9   phi0.10   phi0.11   phi0.12   phi0.13
id    114.00   116.000    123.00  132.0000  134.0000    141.00  157.0000
A   21381.67 20075.426  42246.81 1471.6269  823.2565  10312.92  119.0732
a  -23004.37 -3598.426 -45030.82 -390.6777 -729.1218 -11071.97 -139.1045
     phi0.14   phi0.15    phi0.16   phi0.17   phi0.18   phi0.19   phi0.20
id   232.000   236.000    238.000   240.000   264.000    268.00   277.000
A   4051.783  4216.904   8033.398  8095.702  3711.986  38990.93 13411.786
a  -3885.260 -2697.110 -10048.397 -6456.086 -2887.209 -28303.12 -3404.881
     phi0.21   phi0.22   phi0.23   phi0.24   phi0.25   phi0.26   phi0.27
id   280.000   282.000   301.000   308.000   345.000   350.000    354.00
A   4275.255  4611.537  7105.548  4760.755  2526.958  4577.001  23139.01
a  -3763.365 -4525.697 -3582.182 -3940.342 -3154.540 -2976.234 -16664.40
     phi0.28   phi0.29   phi0.30   phi0.31   phi0.32   phi0.33   phi0.34
id   571.000  576.0000  577.0000    580.00   582.000   586.000    589.00
A   9386.630  766.8122  797.2112  11644.97  5385.950  8893.696  16719.94
a  -9078.861 -672.2286 -736.8854 -12159.50 -7944.726 -8021.926 -15041.56
     phi0.35   phi0.36
id    592.00   836.000
A   12780.57 22897.800
a  -10642.85 -9288.724
E =  0.00467 | E_L =  0.00467 | E_A =  0.00000 |  30 flippped triangles
        phi0    phi0.1    phi0.2    phi0.3    phi0.4     phi0.5    phi0.6
id    27.000   30.0000    61.000    62.000   110.000    112.000    114.00
A   1810.305  177.3499 13492.284  3157.471  1756.300   9878.778  21381.67
a  -2059.780 -158.4793 -8713.525 -2300.072 -2128.956 -10080.692 -22472.52
      phi0.7    phi0.8    phi0.9   phi0.10   phi0.11   phi0.12    phi0.13
id    123.00  132.0000  134.0000    141.00  157.0000   232.000    238.000
A   42246.81 1471.6269  823.2565  10312.92  119.0732  4051.783   8033.398
a  -44124.48 -400.6545 -806.5529 -11077.93 -132.8790 -4010.815 -10044.693
     phi0.14   phi0.15     phi0.16   phi0.17   phi0.18   phi0.19   phi0.20
id   240.000   264.000   277.00000   282.000   301.000   308.000   345.000
A   8095.702  3711.986 13411.78601  4611.537  7105.548  4760.755  2526.958
a  -7044.059 -2989.817   -88.51145 -4559.040 -4353.339 -4309.463 -3031.619
     phi0.21   phi0.22   phi0.23   phi0.24  phi0.25   phi0.26   phi0.27
id   571.000  576.0000  577.0000    580.00   582.00   586.000    589.00
A   9386.630  766.8122  797.2112  11644.97  5385.95  8893.696  16719.94
a  -8971.074 -695.5175 -748.8013 -12599.44 -7672.42 -8648.354 -17068.02
     phi0.28  phi0.29
id    592.00    836.0
A   12780.57  22897.8
a  -12622.87 -11069.0
E =  0.00467 | E_L =  0.00467 | E_A =  0.00000 |  30 flippped triangles
        phi0    phi0.1    phi0.2    phi0.3    phi0.4     phi0.5    phi0.6
id    27.000   30.0000    61.000    62.000   110.000    112.000    114.00
A   1810.305  177.3499 13492.284  3157.471  1756.300   9878.778  21381.67
a  -2087.336 -165.6223 -9588.994 -2472.516 -2117.614 -10311.333 -22587.08
      phi0.7    phi0.8    phi0.9   phi0.10   phi0.11   phi0.12   phi0.13
id    123.00  132.0000  134.0000    141.00  157.0000   232.000   238.000
A   42246.81 1471.6269  823.2565  10312.92  119.0732  4051.783  8033.398
a  -44096.11 -396.6317 -788.4548 -11070.75 -135.3345 -3842.030 -9982.855
     phi0.14   phi0.15    phi0.16   phi0.17   phi0.18   phi0.19   phi0.20
id   240.000   264.000   277.0000   282.000   301.000   308.000   345.000
A   8095.702  3711.986 13411.7860  4611.537  7105.548  4760.755  2526.958
a  -6944.126 -2996.977  -228.9675 -4451.093 -3078.701 -4176.355 -3058.857
     phi0.21   phi0.22   phi0.23   phi0.24   phi0.25   phi0.26   phi0.27
id   571.000  576.0000  577.0000    580.00   582.000   586.000    589.00
A   9386.630  766.8122  797.2112  11644.97  5385.950  8893.696  16719.94
a  -8967.332 -706.4959 -735.0833 -12554.73 -7623.164 -8415.110 -16959.37
     phi0.28   phi0.29
id    592.00    836.00
A   12780.57  22897.80
a  -12487.28 -10913.09
FIRE:  5  stops.  0 hits of maxmove.  0 hits of dtmax.
Frms = 6.89415012373689e-06; Ftanrms = 6.8894343035245e-06
E =  0.00639 | E_L =  0.00637 | E_A =  0.00001 |   0 flippped triangles
E =  0.00519 | E_L =  0.00519 | E_A =  0.00000 |   0 flippped triangles
E =  0.00513 | E_L =  0.00513 | E_A =  0.00000 |   0 flippped triangles
E =  0.00513 | E_L =  0.00513 | E_A =  0.00000 |   0 flippped triangles
Optimising mapping with BFGS...
E =  0.00513 | E_L =  0.00513 | E_A =  0.00000 |   0 flippped triangles
Transforming image...
Mapping optimised. Error: 0.005126207 ; 0 flipped triangles.
Inferring coordinates of datapoints
Inferring coordinates of landmarks
Mapping optimised. Error: 0.005126207 ; 0 flipped triangles. OD displacement: 8.452608 degrees.
Computing Kernel Density estimates of datapoints

[1] 0.8
Saving developmental_retina/data/C57BL6J/P12/AP/GM127-4/R-CONTRA/r.mat
