[1] "Adding old segment 1"
[1] "Intersection found. Old points:"
   X    Y 
1100 3359 
   X    Y 
 860 3449 
   X    Y 
 900 3449 
   X    Y 
 810 3359 
[1] "Point i+1 has been changed:"
   X    Y 
1100 3359 
        X         Y 
 889.0909 3438.0909 
   X    Y 
 900 3449 
   X    Y 
 810 3359 
[1] "a= 0.447021528336334"
[1] "l= 111.851436296779"
[1] "New points:"
   X    Y 
1100 3359 
        X         Y 
 889.0909 3438.0909 
        X         Y 
 845.3553 3394.3553 
   X    Y 
 810 3359 
[1] "Storing new segment 1"
[1] "Adding old segment 2"
[1] "Adding old segment 3"
[1] "Adding old segment 4"
[1] "Adding old segment 5"
[1] "Storing new segment 2"
simplify.outline: Removing vertex 29
simplify.outline: Removing vertex 42
simplify.outline: Removing vertex 55
simplify.outline: Removing vertex 68
simplify.outline: Removing vertex 76
Triangulating...
[1] "Non-adjacent points in rim connected by line: 68 66"
[1] "In triangle: 108" "In triangle: 129"
[1] "Other points in triangles: 88 67"
[1] "Non-adjacent points in rim connected by line: 78 70"
[1] "In triangle: 80"  "In triangle: 101"
[1] "Other points in triangles: 82 71"
Stitching...
Tear 1 child of rim
Tear 2 child of rim
Tear 3 child of rim
Tear 4 child of rim
Tear 1 : Sf = 3165.63352502333 ; Sb = 3547.11284622059
  Forwards path
    i = 31 ; sf/Sf = 0.114812922606083 ; sf = 363.455636907725
      k =   32 ; sb/Sb = 0 ; sb = 0
      k =   33 ; sb/Sb = 0.0802356738434182 ; sb = 284.604989415154
      k =   34 ; sb/Sb = 0.214732217471394 ; sb = 761.679407090217
      Creating new point: f = 0.257086523043352
    i = 30 ; sf/Sf = 0.132682502912132 ; sf = 420.024179402649
      k =   32 ; sb/Sb = 0 ; sb = 0
      k =   33 ; sb/Sb = 0.0802356738434182 ; sb = 284.604989415154
      k =   34 ; sb/Sb = 0.214732217471394 ; sb = 761.679407090217
      Creating new point: f = 0.38994927047184
    i = 29 ; sf/Sf = 0.269358510932514 ; sf = 852.690332458327
      k =   32 ; sb/Sb = 0 ; sb = 0
      k =   33 ; sb/Sb = 0.0802356738434182 ; sb = 284.604989415154
      k =   34 ; sb/Sb = 0.214732217471394 ; sb = 761.679407090217
      k =  159 ; sb/Sb = 0.325732955119681 ; sb = 1155.41154954242
      Creating new point: f = 0.492125499509798
    i = 133 ; sf/Sf = 0.346816623113385 ; sf = 1097.89432916311
      k =   32 ; sb/Sb = 0 ; sb = 0
      k =   33 ; sb/Sb = 0.0802356738434182 ; sb = 284.604989415154
      k =   34 ; sb/Sb = 0.214732217471394 ; sb = 761.679407090217
      k =  159 ; sb/Sb = 0.325732955119681 ; sb = 1155.41154954242
      k =   35 ; sb/Sb = 0.436733692767968 ; sb = 1549.14369199462
      Creating new point: f = 0.189941692644502
    i = 28 ; sf/Sf = 0.424274735294257 ; sf = 1343.0983258679
      k =   32 ; sb/Sb = 0 ; sb = 0
      k =   33 ; sb/Sb = 0.0802356738434182 ; sb = 284.604989415154
      k =   34 ; sb/Sb = 0.214732217471394 ; sb = 761.679407090217
      k =  159 ; sb/Sb = 0.325732955119681 ; sb = 1155.41154954242
      k =   35 ; sb/Sb = 0.436733692767968 ; sb = 1549.14369199462
      Creating new point: f = 0.887757885779204
    i = 27 ; sf/Sf = 0.497204190263496 ; sf = 1573.9662534802
      k =   32 ; sb/Sb = 0 ; sb = 0
      k =   33 ; sb/Sb = 0.0802356738434182 ; sb = 284.604989415154
      k =   34 ; sb/Sb = 0.214732217471394 ; sb = 761.679407090217
      k =  159 ; sb/Sb = 0.325732955119681 ; sb = 1155.41154954242
      k =   35 ; sb/Sb = 0.436733692767968 ; sb = 1549.14369199462
      k =   36 ; sb/Sb = 0.508940295884701 ; sb = 1805.26866149193
      Creating new point: f = 0.837464925441354
    i = 142 ; sf/Sf = 0.60260300215269 ; sf = 1907.62026589426
      k =   32 ; sb/Sb = 0 ; sb = 0
      k =   33 ; sb/Sb = 0.0802356738434182 ; sb = 284.604989415154
      k =   34 ; sb/Sb = 0.214732217471394 ; sb = 761.679407090217
      k =  159 ; sb/Sb = 0.325732955119681 ; sb = 1155.41154954242
      k =   35 ; sb/Sb = 0.436733692767968 ; sb = 1549.14369199462
      k =   36 ; sb/Sb = 0.508940295884701 ; sb = 1805.26866149193
      k =  148 ; sb/Sb = 0.638745745355936 ; sb = 2265.70323882079
      Creating new point: f = 0.721562204433833
    i = 26 ; sf/Sf = 0.708001814041883 ; sf = 2241.27427830831
      k =   32 ; sb/Sb = 0 ; sb = 0
      k =   33 ; sb/Sb = 0.0802356738434182 ; sb = 284.604989415154
      k =   34 ; sb/Sb = 0.214732217471394 ; sb = 761.679407090217
      k =  159 ; sb/Sb = 0.325732955119681 ; sb = 1155.41154954242
      k =   35 ; sb/Sb = 0.436733692767968 ; sb = 1549.14369199462
      k =   36 ; sb/Sb = 0.508940295884701 ; sb = 1805.26866149193
      k =  148 ; sb/Sb = 0.638745745355936 ; sb = 2265.70323882079
      k =   37 ; sb/Sb = 0.76855119482717 ; sb = 2726.13781614964
      Creating new point: f = 0.533537451378687
    i = 162 ; sf/Sf = 0.787494461770706 ; sf = 2492.91886895155
      k =   32 ; sb/Sb = 0 ; sb = 0
      k =   33 ; sb/Sb = 0.0802356738434182 ; sb = 284.604989415154
      k =   34 ; sb/Sb = 0.214732217471394 ; sb = 761.679407090217
      k =  159 ; sb/Sb = 0.325732955119681 ; sb = 1155.41154954242
      k =   35 ; sb/Sb = 0.436733692767968 ; sb = 1549.14369199462
      k =   36 ; sb/Sb = 0.508940295884701 ; sb = 1805.26866149193
      k =  148 ; sb/Sb = 0.638745745355936 ; sb = 2265.70323882079
      k =   37 ; sb/Sb = 0.76855119482717 ; sb = 2726.13781614964
      k =  283 ; sb/Sb = 0.884275597413585 ; sb = 3136.62533118511
      Creating new point: f = 0.1636929335573
    i = 25 ; sf/Sf = 0.86698710949953 ; sf = 2744.56345959478
      k =   32 ; sb/Sb = 0 ; sb = 0
      k =   33 ; sb/Sb = 0.0802356738434182 ; sb = 284.604989415154
      k =   34 ; sb/Sb = 0.214732217471394 ; sb = 761.679407090217
      k =  159 ; sb/Sb = 0.325732955119681 ; sb = 1155.41154954242
      k =   35 ; sb/Sb = 0.436733692767968 ; sb = 1549.14369199462
      k =   36 ; sb/Sb = 0.508940295884701 ; sb = 1805.26866149193
      k =  148 ; sb/Sb = 0.638745745355936 ; sb = 2265.70323882079
      k =   37 ; sb/Sb = 0.76855119482717 ; sb = 2726.13781614964
      k =  283 ; sb/Sb = 0.884275597413585 ; sb = 3136.62533118511
      Creating new point: f = 0.850606375771562
Tear 2 : Sf = 610.091906051002 ; Sb = 835.898918461799
  Forwards path
    i = 45 ; sf/Sf = 0.625869083089942 ; sf = 381.837661840736
      k =   46 ; sb/Sb = 0 ; sb = 0
      k =   47 ; sb/Sb = 0.593956580785965 ; sb = 496.487663492256
      k =   48 ; sb/Sb = 1 ; sb = 835.898918461799
      Creating new point: f = 0.0785938172960638
Tear 3 : Sf = 1429.87349731112 ; Sb = 1297.89164542501
  Forwards path
    i = 8 ; sf/Sf = 0.125885262114789 ; sf = 180
      k =    9 ; sb/Sb = 0 ; sb = 0
      k =   10 ; sb/Sb = 0.237352969410716 ; sb = 308.058436014987
      Creating new point: f = 0.530371549289347
    i = 7 ; sf/Sf = 0.205624863362258 ; sf = 294.017542509914
      k =    9 ; sb/Sb = 0 ; sb = 0
      k =   10 ; sb/Sb = 0.237352969410716 ; sb = 308.058436014987
      Creating new point: f = 0.866325219662386
    i = 6 ; sf/Sf = 0.411313565160093 ; sf = 588.126365906969
      k =    9 ; sb/Sb = 0 ; sb = 0
      k =   10 ; sb/Sb = 0.237352969410716 ; sb = 308.058436014987
      k =   11 ; sb/Sb = 0.534662555300788 ; sb = 693.934063646482
      Creating new point: f = 0.585116000308506
    i = 5 ; sf/Sf = 0.718077936144014 ; sf = 1026.76060989619
      k =    9 ; sb/Sb = 0 ; sb = 0
      k =   10 ; sb/Sb = 0.237352969410716 ; sb = 308.058436014987
      k =   11 ; sb/Sb = 0.534662555300788 ; sb = 693.934063646482
      k =   12 ; sb/Sb = 0.775368309234479 ; sb = 1006.34405068275
      Creating new point: f = 0.761990014138812
Tear 4 : Sf = 2365.01820917367 ; Sb = 2660.52796941312
  Forwards path
    i = 61 ; sf/Sf = 0.085092840805355 ; sf = 201.246117974981
      k =   62 ; sb/Sb = 0 ; sb = 0
      k =  410 ; sb/Sb = 0.109017121255614 ; sb = 290.043100245464
      Creating new point: f = 0.780545659482573
    i = 236 ; sf/Sf = 0.224322008362415 ; sf = 530.52563449552
      k =   62 ; sb/Sb = 0 ; sb = 0
      k =  410 ; sb/Sb = 0.109017121255614 ; sb = 290.043100245464
      k =   63 ; sb/Sb = 0.218034242511228 ; sb = 580.086200490927
      k =   64 ; sb/Sb = 0.364235677432184 ; sb = 969.059207266461
      Creating new point: f = 0.0430075522486223
    i = 60 ; sf/Sf = 0.363551175919475 ; sf = 859.805151016059
      k =   62 ; sb/Sb = 0 ; sb = 0
      k =  410 ; sb/Sb = 0.109017121255614 ; sb = 290.043100245464
      k =   63 ; sb/Sb = 0.218034242511228 ; sb = 580.086200490927
      k =   64 ; sb/Sb = 0.364235677432184 ; sb = 969.059207266461
      Creating new point: f = 0.995318093060585
    i = 59 ; sf/Sf = 0.504360457985548 ; sf = 1192.82166712299
      k =   62 ; sb/Sb = 0 ; sb = 0
      k =  410 ; sb/Sb = 0.109017121255614 ; sb = 290.043100245464
      k =   63 ; sb/Sb = 0.218034242511228 ; sb = 580.086200490927
      k =   64 ; sb/Sb = 0.364235677432184 ; sb = 969.059207266461
      k =   65 ; sb/Sb = 0.47014700755598 ; sb = 1250.83926333857
      k =   66 ; sb/Sb = 0.589598851436245 ; sb = 1568.64423497998
      Creating new point: f = 0.286420446249972
    i = 58 ; sf/Sf = 0.707494828839473 ; sf = 1673.23815310157
      k =   62 ; sb/Sb = 0 ; sb = 0
      k =  410 ; sb/Sb = 0.109017121255614 ; sb = 290.043100245464
      k =   63 ; sb/Sb = 0.218034242511228 ; sb = 580.086200490927
      k =   64 ; sb/Sb = 0.364235677432184 ; sb = 969.059207266461
      k =   65 ; sb/Sb = 0.47014700755598 ; sb = 1250.83926333857
      k =   66 ; sb/Sb = 0.589598851436245 ; sb = 1568.64423497998
      k =   67 ; sb/Sb = 0.616962254388503 ; sb = 1641.44533387279
      k =   68 ; sb/Sb = 0.6507901265382 ; sb = 1731.44533387279
      k =   69 ; sb/Sb = 0.701913327140131 ; sb = 1867.46003896014
      k =   81 ; sb/Sb = 0.837667820353309 ; sb = 2228.63866512731
      Creating new point: f = 0.041114673755791
    i = 57 ; sf/Sf = 0.880855016261985 ; sf = 2083.23815310157
      k =   62 ; sb/Sb = 0 ; sb = 0
      k =  410 ; sb/Sb = 0.109017121255614 ; sb = 290.043100245464
      k =   63 ; sb/Sb = 0.218034242511228 ; sb = 580.086200490927
      k =   64 ; sb/Sb = 0.364235677432184 ; sb = 969.059207266461
      k =   65 ; sb/Sb = 0.47014700755598 ; sb = 1250.83926333857
      k =   66 ; sb/Sb = 0.589598851436245 ; sb = 1568.64423497998
      k =   67 ; sb/Sb = 0.616962254388503 ; sb = 1641.44533387279
      k =   68 ; sb/Sb = 0.6507901265382 ; sb = 1731.44533387279
      k =   69 ; sb/Sb = 0.701913327140131 ; sb = 1867.46003896014
      k =   81 ; sb/Sb = 0.837667820353309 ; sb = 2228.63866512731
      k =   70 ; sb/Sb = 0.973422313566486 ; sb = 2589.81729129447
      Creating new point: f = 0.318127193336124
Tear 1 : Sf = 3547.11284622059 ; Sb = 3165.63352502333
  Backwards path
    i = 33 ; sf/Sf = 0.0802356738434182 ; sf = 284.604989415154
      k =   32 ; sb/Sb = 0 ; sb = 0
      k =   31 ; sb/Sb = 0.114812922606083 ; sb = 363.455636907725
      Creating new point: f = 0.698838353925564
    i = 34 ; sf/Sf = 0.214732217471394 ; sf = 761.679407090217
      k =   32 ; sb/Sb = 0 ; sb = 0
      k =   31 ; sb/Sb = 0.114812922606083 ; sb = 363.455636907725
      k =   30 ; sb/Sb = 0.132682502912132 ; sb = 420.024179402649
      k =   29 ; sb/Sb = 0.269358510932514 ; sb = 852.690332458327
      Creating new point: f = 0.6003227321874
    i = 159 ; sf/Sf = 0.325732955119681 ; sf = 1155.41154954242
      k =   32 ; sb/Sb = 0 ; sb = 0
      k =   31 ; sb/Sb = 0.114812922606083 ; sb = 363.455636907725
      k =   30 ; sb/Sb = 0.132682502912132 ; sb = 420.024179402649
      k =   29 ; sb/Sb = 0.269358510932514 ; sb = 852.690332458327
      k =  133 ; sb/Sb = 0.346816623113385 ; sb = 1097.89432916311
      Creating new point: f = 0.727805553219892
    i = 35 ; sf/Sf = 0.436733692767968 ; sf = 1549.14369199462
      k =   32 ; sb/Sb = 0 ; sb = 0
      k =   31 ; sb/Sb = 0.114812922606083 ; sb = 363.455636907725
      k =   30 ; sb/Sb = 0.132682502912132 ; sb = 420.024179402649
      k =   29 ; sb/Sb = 0.269358510932514 ; sb = 852.690332458327
      k =  133 ; sb/Sb = 0.346816623113385 ; sb = 1097.89432916311
      k =   28 ; sb/Sb = 0.424274735294257 ; sb = 1343.0983258679
      k =   27 ; sb/Sb = 0.497204190263496 ; sb = 1573.9662534802
      Creating new point: f = 0.170835740908344
    i = 36 ; sf/Sf = 0.508940295884701 ; sf = 1805.26866149193
      k =   32 ; sb/Sb = 0 ; sb = 0
      k =   31 ; sb/Sb = 0.114812922606083 ; sb = 363.455636907725
      k =   30 ; sb/Sb = 0.132682502912132 ; sb = 420.024179402649
      k =   29 ; sb/Sb = 0.269358510932514 ; sb = 852.690332458327
      k =  133 ; sb/Sb = 0.346816623113385 ; sb = 1097.89432916311
      k =   28 ; sb/Sb = 0.424274735294257 ; sb = 1343.0983258679
      k =   27 ; sb/Sb = 0.497204190263496 ; sb = 1573.9662534802
      k =  142 ; sb/Sb = 0.60260300215269 ; sb = 1907.62026589426
      Creating new point: f = 0.111349505851575
    i = 148 ; sf/Sf = 0.638745745355936 ; sf = 2265.70323882079
      k =   32 ; sb/Sb = 0 ; sb = 0
      k =   31 ; sb/Sb = 0.114812922606083 ; sb = 363.455636907725
      k =   30 ; sb/Sb = 0.132682502912132 ; sb = 420.024179402649
      k =   29 ; sb/Sb = 0.269358510932514 ; sb = 852.690332458327
      k =  133 ; sb/Sb = 0.346816623113385 ; sb = 1097.89432916311
      k =   28 ; sb/Sb = 0.424274735294257 ; sb = 1343.0983258679
      k =   27 ; sb/Sb = 0.497204190263496 ; sb = 1573.9662534802
      k =  142 ; sb/Sb = 0.60260300215269 ; sb = 1907.62026589426
      k =   26 ; sb/Sb = 0.708001814041883 ; sb = 2241.27427830832
      Creating new point: f = 0.342914142535526
    i = 37 ; sf/Sf = 0.76855119482717 ; sf = 2726.13781614964
      k =   32 ; sb/Sb = 0 ; sb = 0
      k =   31 ; sb/Sb = 0.114812922606083 ; sb = 363.455636907725
      k =   30 ; sb/Sb = 0.132682502912132 ; sb = 420.024179402649
      k =   29 ; sb/Sb = 0.269358510932514 ; sb = 852.690332458327
      k =  133 ; sb/Sb = 0.346816623113385 ; sb = 1097.89432916311
      k =   28 ; sb/Sb = 0.424274735294257 ; sb = 1343.0983258679
      k =   27 ; sb/Sb = 0.497204190263496 ; sb = 1573.9662534802
      k =  142 ; sb/Sb = 0.60260300215269 ; sb = 1907.62026589426
      k =   26 ; sb/Sb = 0.708001814041883 ; sb = 2241.27427830832
      k =  162 ; sb/Sb = 0.787494461770706 ; sb = 2492.91886895155
      Creating new point: f = 0.761697874146069
    i = 283 ; sf/Sf = 0.884275597413585 ; sf = 3136.62533118511
      k =   32 ; sb/Sb = 0 ; sb = 0
      k =   31 ; sb/Sb = 0.114812922606083 ; sb = 363.455636907725
      k =   30 ; sb/Sb = 0.132682502912132 ; sb = 420.024179402649
      k =   29 ; sb/Sb = 0.269358510932514 ; sb = 852.690332458327
      k =  133 ; sb/Sb = 0.346816623113385 ; sb = 1097.89432916311
      k =   28 ; sb/Sb = 0.424274735294257 ; sb = 1343.0983258679
      k =   27 ; sb/Sb = 0.497204190263496 ; sb = 1573.9662534802
      k =  142 ; sb/Sb = 0.60260300215269 ; sb = 1907.62026589426
      k =   26 ; sb/Sb = 0.708001814041883 ; sb = 2241.27427830832
      k =  162 ; sb/Sb = 0.787494461770706 ; sb = 2492.91886895155
      k =   25 ; sb/Sb = 0.86698710949953 ; sb = 2744.56345959478
      k =   24 ; sb/Sb = 1 ; sb = 3165.63352502333
      Creating new point: f = 0.129976033518303
Tear 2 : Sf = 835.898918461799 ; Sb = 610.091906051002
  Backwards path
    i = 47 ; sf/Sf = 0.593956580785965 ; sf = 496.487663492256
      k =   46 ; sb/Sb = 0 ; sb = 0
      k =   45 ; sb/Sb = 0.625869083089942 ; sb = 381.837661840736
      Creating new point: f = 0.949010898339276
Tear 3 : Sf = 1297.89164542501 ; Sb = 1429.87349731112
  Backwards path
    i = 10 ; sf/Sf = 0.237352969410716 ; sf = 308.058436014987
      k =    9 ; sb/Sb = 0 ; sb = 0
      k =    8 ; sb/Sb = 0.125885262114789 ; sb = 180
      k =    7 ; sb/Sb = 0.205624863362258 ; sb = 294.017542509914
      k =    6 ; sb/Sb = 0.411313565160093 ; sb = 588.126365906969
      Creating new point: f = 0.154253032719524
    i = 11 ; sf/Sf = 0.534662555300788 ; sf = 693.934063646482
      k =    9 ; sb/Sb = 0 ; sb = 0
      k =    8 ; sb/Sb = 0.125885262114789 ; sb = 180
      k =    7 ; sb/Sb = 0.205624863362258 ; sb = 294.017542509914
      k =    6 ; sb/Sb = 0.411313565160093 ; sb = 588.126365906969
      k =    5 ; sb/Sb = 0.718077936144015 ; sb = 1026.76060989619
      Creating new point: f = 0.402096859374716
    i = 12 ; sf/Sf = 0.775368309234479 ; sf = 1006.34405068275
      k =    9 ; sb/Sb = 0 ; sb = 0
      k =    8 ; sb/Sb = 0.125885262114789 ; sb = 180
      k =    7 ; sb/Sb = 0.205624863362258 ; sb = 294.017542509914
      k =    6 ; sb/Sb = 0.411313565160093 ; sb = 588.126365906969
      k =    5 ; sb/Sb = 0.718077936144015 ; sb = 1026.7606098962
      k =    4 ; sb/Sb = 1 ; sb = 1429.87349731112
      Creating new point: f = 0.203213513362082
Tear 4 : Sf = 2660.52796941312 ; Sb = 2365.01820917367
  Backwards path
    i = 410 ; sf/Sf = 0.109017121255614 ; sf = 290.043100245464
      k =   62 ; sb/Sb = 0 ; sb = 0
      k =   61 ; sb/Sb = 0.085092840805355 ; sb = 201.246117974981
      k =  236 ; sb/Sb = 0.224322008362415 ; sb = 530.52563449552
      Creating new point: f = 0.171833825268361
    i = 63 ; sf/Sf = 0.218034242511228 ; sf = 580.086200490927
      k =   62 ; sb/Sb = 0 ; sb = 0
      k =   61 ; sb/Sb = 0.085092840805355 ; sb = 201.246117974981
      k =  236 ; sb/Sb = 0.224322008362415 ; sb = 530.52563449552
      Creating new point: f = 0.954838731269368
    i = 64 ; sf/Sf = 0.364235677432184 ; sf = 969.059207266461
      k =   62 ; sb/Sb = 0 ; sb = 0
      k =   61 ; sb/Sb = 0.085092840805355 ; sb = 201.246117974981
      k =  236 ; sb/Sb = 0.224322008362415 ; sb = 530.52563449552
      k =   60 ; sb/Sb = 0.363551175919475 ; sb = 859.805151016059
      k =   59 ; sb/Sb = 0.504360457985548 ; sb = 1192.82166712299
      Creating new point: f = 0.00486119595715063
    i = 65 ; sf/Sf = 0.47014700755598 ; sf = 1250.83926333857
      k =   62 ; sb/Sb = 0 ; sb = 0
      k =   61 ; sb/Sb = 0.085092840805355 ; sb = 201.246117974981
      k =  236 ; sb/Sb = 0.224322008362415 ; sb = 530.52563449552
      k =   60 ; sb/Sb = 0.363551175919475 ; sb = 859.805151016059
      k =   59 ; sb/Sb = 0.504360457985548 ; sb = 1192.82166712299
      Creating new point: f = 0.757022762082452
    i = 66 ; sf/Sf = 0.589598851436245 ; sf = 1568.64423497998
      k =   62 ; sb/Sb = 0 ; sb = 0
      k =   61 ; sb/Sb = 0.085092840805355 ; sb = 201.246117974981
      k =  236 ; sb/Sb = 0.224322008362415 ; sb = 530.52563449552
      k =   60 ; sb/Sb = 0.363551175919475 ; sb = 859.805151016059
      k =   59 ; sb/Sb = 0.504360457985548 ; sb = 1192.82166712299
      k =   58 ; sb/Sb = 0.707494828839473 ; sb = 1673.23815310157
      Creating new point: f = 0.41961580943873
    i = 67 ; sf/Sf = 0.616962254388503 ; sf = 1641.44533387279
      k =   62 ; sb/Sb = 0 ; sb = 0
      k =   61 ; sb/Sb = 0.085092840805355 ; sb = 201.246117974981
      k =  236 ; sb/Sb = 0.224322008362415 ; sb = 530.52563449552
      k =   60 ; sb/Sb = 0.363551175919475 ; sb = 859.805151016059
      k =   59 ; sb/Sb = 0.504360457985548 ; sb = 1192.82166712299
      k =   58 ; sb/Sb = 0.707494828839473 ; sb = 1673.23815310157
      Creating new point: f = 0.554321732602937
    i = 68 ; sf/Sf = 0.6507901265382 ; sf = 1731.44533387279
      k =   62 ; sb/Sb = 0 ; sb = 0
      k =   61 ; sb/Sb = 0.085092840805355 ; sb = 201.246117974981
      k =  236 ; sb/Sb = 0.224322008362415 ; sb = 530.52563449552
      k =   60 ; sb/Sb = 0.363551175919475 ; sb = 859.805151016059
      k =   59 ; sb/Sb = 0.504360457985548 ; sb = 1192.82166712299
      k =   58 ; sb/Sb = 0.707494828839473 ; sb = 1673.23815310157
      Creating new point: f = 0.720851266760515
    i = 69 ; sf/Sf = 0.701913327140131 ; sf = 1867.46003896014
      k =   62 ; sb/Sb = 0 ; sb = 0
      k =   61 ; sb/Sb = 0.085092840805355 ; sb = 201.246117974981
      k =  236 ; sb/Sb = 0.224322008362415 ; sb = 530.52563449552
      k =   60 ; sb/Sb = 0.363551175919475 ; sb = 859.805151016059
      k =   59 ; sb/Sb = 0.504360457985548 ; sb = 1192.82166712299
      k =   58 ; sb/Sb = 0.707494828839473 ; sb = 1673.23815310157
      Creating new point: f = 0.972523105391376
    i = 81 ; sf/Sf = 0.837667820353309 ; sf = 2228.63866512731
      k =   62 ; sb/Sb = 0 ; sb = 0
      k =   61 ; sb/Sb = 0.085092840805355 ; sb = 201.246117974981
      k =  236 ; sb/Sb = 0.224322008362415 ; sb = 530.52563449552
      k =   60 ; sb/Sb = 0.363551175919475 ; sb = 859.805151016059
      k =   59 ; sb/Sb = 0.504360457985548 ; sb = 1192.82166712299
      k =   58 ; sb/Sb = 0.707494828839473 ; sb = 1673.23815310157
      k =   57 ; sb/Sb = 0.880855016261985 ; sb = 2083.23815310157
      Creating new point: f = 0.750881695787391
    i = 70 ; sf/Sf = 0.973422313566486 ; sf = 2589.81729129447
      k =   62 ; sb/Sb = 0 ; sb = 0
      k =   61 ; sb/Sb = 0.085092840805355 ; sb = 201.246117974981
      k =  236 ; sb/Sb = 0.224322008362415 ; sb = 530.52563449552
      k =   60 ; sb/Sb = 0.363551175919475 ; sb = 859.805151016059
      k =   59 ; sb/Sb = 0.504360457985548 ; sb = 1192.82166712299
      k =   58 ; sb/Sb = 0.707494828839473 ; sb = 1673.23815310157
      k =   57 ; sb/Sb = 0.880855016261985 ; sb = 2083.23815310157
      k =   56 ; sb/Sb = 1 ; sb = 2365.01820917367
      Creating new point: f = 0.776929874849329
Triangulating...
[1] "Non-adjacent points in rim connected by line: 78 70"
[1] "In triangle: 621" "In triangle: 624"
[1] "Other points in triangles: 71 449"
Merging points...
Projecting to sphere...
Optimising mapping with FIRE...
E =  0.00535 | E_L =  0.00535 | E_A =  0.00000 |   0 flippped triangles
E =  0.00483 | E_L =  0.00483 | E_A =  0.00000 |  43 flippped triangles
         phi0    phi0.1    phi0.2    phi0.3    phi0.4    phi0.5    phi0.6
id     64.000     72.00    74.000     92.00    99.000   148.000   164.000
A    9940.726  18069.41  1859.149  14708.65  4310.174 12300.220  5740.371
a  -12741.770 -15429.16 -1823.850 -13365.36 -4227.549 -2877.332 -6932.313
      phi0.7    phi0.8    phi0.9   phi0.10   phi0.11   phi0.12    phi0.13
id   233.000   236.000   245.000   269.000  270.0000    287.00    422.000
A  14927.193 15644.306  2334.226  4014.346  567.7406  27396.64   9502.786
a  -2372.823 -1285.674 -1908.474 -3614.908 -568.5470 -20730.10 -10418.047
     phi0.14  phi0.15   phi0.16   phi0.17   phi0.18   phi0.19   phi0.20
id   425.000    428.0   468.000    474.00    475.00   477.000    486.00
A   6058.168  34286.0  2158.270  27811.66  20167.20 28131.194  22416.90
a  -7985.074 -11287.6 -1446.836 -28470.72 -20336.01 -5446.271 -17645.82
     phi0.21   phi0.22   phi0.23   phi0.24   phi0.25   phi0.26   phi0.27
id    515.00   578.000   622.000   666.000   667.000  671.0000   676.000
A   11982.66 22117.662 19683.738  9636.004  6927.116  297.0179  4663.457
a  -12602.99 -8663.848 -4068.222 -3463.396 -6777.520 -290.9104 -4274.833
     phi0.28   phi0.29   phi0.30   phi0.31   phi0.32   phi0.33   phi0.34
id   681.000   683.000   684.000  689.0000  839.0000    845.00  846.0000
A   2600.029  3159.547  2761.619  699.1833  510.5721  23353.07  376.9409
a  -2427.896 -2995.431 -2380.020 -399.8860 -575.4049 -10396.10 -380.6079
      phi0.35   phi0.36   phi0.37   phi0.38   phi0.39    phi0.40   phi0.41
id 849.000000  853.0000   854.000   855.000   856.000 857.000000  862.0000
A    4.467138  728.6598  6617.707  4898.101  5164.222   3.529902  546.1735
a   -3.607432 -659.2837 -4879.357 -3393.380 -5210.306  -3.418491 -536.2456
     phi0.42
id  897.0000
A  1790.2204
a  -865.5126
E =  0.00480 | E_L =  0.00480 | E_A =  0.00000 |  43 flippped triangles
        phi0    phi0.1    phi0.2    phi0.3    phi0.4    phi0.5    phi0.6
id    64.000    74.000    75.000    92.000    99.000    145.00    148.00
A   9940.726  1859.149  6881.013 14708.650  4310.174  36147.16  12300.22
a  -2566.384 -1828.583 -5765.693 -9741.603 -4472.666 -22804.32 -15201.27
      phi0.7   phi0.8    phi0.9   phi0.10   phi0.11   phi0.12   phi0.13
id   164.000   233.00    234.00   245.000   264.000   269.000  270.0000
A   5740.371 14927.19  38431.93  2334.226  6913.698  4014.346  567.7406
a  -7187.588 -6183.45 -29754.74 -2100.583 -5438.820 -3735.084 -695.5289
     phi0.14   phi0.15   phi0.16   phi0.17   phi0.18   phi0.19   phi0.20
id    287.00   422.000   425.000    428.00  445.0000   468.000    474.00
A   27396.64  9502.786  6058.168  34286.00  958.4602  2158.270  27811.66
a  -10804.11 -7458.702 -7954.210 -17659.66 -640.7487 -1540.135 -28096.95
     phi0.21   phi0.22   phi0.23   phi0.24   phi0.25   phi0.26   phi0.27
id    475.00   477.000    486.00    515.00   578.000   666.000   667.000
A   20167.20 28131.194  22416.90  11982.66 22117.662  9636.004  6927.116
a  -21034.64 -6119.137 -21849.95 -14922.11 -8693.175 -3958.285 -6451.000
     phi0.28   phi0.29   phi0.30   phi0.31   phi0.32   phi0.33   phi0.34
id  671.0000   676.000   681.000   683.000   684.000  689.0000  837.0000
A   297.0179  4663.457  2600.029  3159.547  2761.619  699.1833 4776.8148
a  -272.8665 -4526.684 -2430.683 -2935.861 -2421.100 -576.9749 -228.0073
     phi0.35   phi0.36   phi0.37   phi0.38   phi0.39   phi0.40   phi0.41
id  839.0000  846.0000  853.0000   854.000   855.000   856.000  862.0000
A   510.5721  376.9409  728.6598  6617.707  4898.101  5164.222  546.1735
a  -478.9562 -345.6834 -756.1565 -5076.974 -3846.820 -5560.055 -442.0309
     phi0.42
id   897.000
A   1790.220
a  -1070.567
FIRE:  3  stops.  1 hits of maxmove.  0 hits of dtmax.
Frms = 1.57492639767976e-06; Ftanrms = 1.57233118437565e-06
E =  0.00788 | E_L =  0.00788 | E_A =  0.00000 |   0 flippped triangles
E =  0.00551 | E_L =  0.00551 | E_A =  0.00000 |   0 flippped triangles
E =  0.00537 | E_L =  0.00537 | E_A =  0.00000 |   0 flippped triangles
E =  0.00514 | E_L =  0.00514 | E_A =  0.00000 |   0 flippped triangles
E =  0.00508 | E_L =  0.00508 | E_A =  0.00000 |   0 flippped triangles
E =  0.00507 | E_L =  0.00507 | E_A =  0.00000 |   0 flippped triangles
E =  0.00506 | E_L =  0.00506 | E_A =  0.00000 |   0 flippped triangles
Optimising mapping with BFGS...
E =  0.00506 | E_L =  0.00506 | E_A =  0.00000 |   0 flippped triangles
Transforming image...
Mapping optimised. Error: 0.005062108 ; 0 flipped triangles.
Inferring coordinates of datapoints
Inferring coordinates of landmarks
Mapping optimised. Error: 0.005062108 ; 0 flipped triangles. OD displacement: 11.76061 degrees.
Computing Kernel Density estimates of datapoints

[1] 0.8
Saving developmental_retina/data/C57BL6J/P6/AP/GM122-4/R-CONTRA/r.mat
