[1] "Adding old segment 1"
[1] "Adding old segment 3"
[1] "Adding old segment 4"
[1] "Adding old segment 5"
[1] "Adding old segment 6"
[1] "Intersection found. Old points:"
    X     Y 
-2540  1589 
    X     Y 
-2120  1769 
    X     Y 
-2120  1769 
    X     Y 
-1870  1859 
[1] "Point i+1 has been changed:"
    X     Y 
-2540  1589 
    X     Y 
-2120  1769 
    X     Y 
-2120  1769 
    X     Y 
-1870  1859 
[1] "a= 0.188177482373745"
[1] "l= 265.706605111728"
[1] "New points:"
    X     Y 
-2540  1589 
    X     Y 
-2120  1769 
        X         Y 
-1917.044  1842.064 
    X     Y 
-1870  1859 
[1] "Storing new segment 1"
[1] "Adding old segment 2"
[1] "Storing new segment 2"
simplify.outline: Removing vertex 46
Triangulating...
[1] "Non-adjacent points in rim connected by line: 41 39"
[1] "In triangle: 135" "In triangle: 136"
[1] "Other points in triangles: 40 132"
[1] "Non-adjacent points in rim connected by line: 57 55"
[1] "In triangle: 153" "In triangle: 158"
[1] "Other points in triangles: 56 161"
Stitching...
Tear 1 child of rim
Tear 2 child of rim
Tear 3 child of rim
Tear 4 child of rim
Tear 1 : Sf = 1347.93127736549 ; Sb = 1057.83058343567
  Forwards path
    i = 11 ; sf/Sf = 0.0816065342848882 ; sf = 110
      k =   12 ; sb/Sb = 0 ; sb = 0
      k =   13 ; sb/Sb = 0.12289302468244 ; sb = 130
      Creating new point: f = 0.664045290574972
    i = 10 ; sf/Sf = 0.207943734495941 ; sf = 280.293863659264
      k =   12 ; sb/Sb = 0 ; sb = 0
      k =   13 ; sb/Sb = 0.12289302468244 ; sb = 130
      k =   14 ; sb/Sb = 0.390272997339299 ; sb = 412.842712474619
      Creating new point: f = 0.318089305524203
    i = 9 ; sf/Sf = 0.334715831690935 ; sf = 451.173938565615
      k =   12 ; sb/Sb = 0 ; sb = 0
      k =   13 ; sb/Sb = 0.12289302468244 ; sb = 130
      k =   14 ; sb/Sb = 0.390272997339299 ; sb = 412.842712474619
      Creating new point: f = 0.79221642856676
    i = 8 ; sf/Sf = 0.394527914722765 ; sf = 531.7965160486
      k =   12 ; sb/Sb = 0 ; sb = 0
      k =   13 ; sb/Sb = 0.12289302468244 ; sb = 130
      k =   14 ; sb/Sb = 0.390272997339299 ; sb = 412.842712474619
      k =   15 ; sb/Sb = 0.639847532035986 ; sb = 676.850288123501
      Creating new point: f = 0.017048684027947
    i = 7 ; sf/Sf = 0.530718535557422 ; sf = 715.372113555458
      k =   12 ; sb/Sb = 0 ; sb = 0
      k =   13 ; sb/Sb = 0.12289302468244 ; sb = 130
      k =   14 ; sb/Sb = 0.390272997339299 ; sb = 412.842712474619
      k =   15 ; sb/Sb = 0.639847532035986 ; sb = 676.850288123501
      Creating new point: f = 0.56273985800999
    i = 6 ; sf/Sf = 0.636159151427174 ; sf = 857.498817590977
      k =   12 ; sb/Sb = 0 ; sb = 0
      k =   13 ; sb/Sb = 0.12289302468244 ; sb = 130
      k =   14 ; sb/Sb = 0.390272997339299 ; sb = 412.842712474619
      k =   15 ; sb/Sb = 0.639847532035986 ; sb = 676.850288123501
      Creating new point: f = 0.985221326313222
    i = 5 ; sf/Sf = 0.809986626322741 ; sf = 1091.80630786818
      k =   12 ; sb/Sb = 0 ; sb = 0
      k =   13 ; sb/Sb = 0.12289302468244 ; sb = 130
      k =   14 ; sb/Sb = 0.390272997339299 ; sb = 412.842712474619
      k =   15 ; sb/Sb = 0.639847532035986 ; sb = 676.850288123501
      k =   16 ; sb/Sb = 0.823397602746608 ; sb = 871.015166512977
      Creating new point: f = 0.926935596527174
Tear 2 : Sf = 3261.81822723231 ; Sb = 2912.48548365484
  Forwards path
    i = 41 ; sf/Sf = 0.0282650467163395 ; sf = 92.1954445729289
      k =   42 ; sb/Sb = 0 ; sb = 0
      k =   43 ; sb/Sb = 0.0371389106901858 ; sb = 108.16653826392
      Creating new point: f = 0.761062890404287
    i = 40 ; sf/Sf = 0.0466596952896632 ; sf = 152.195444572929
      k =   42 ; sb/Sb = 0 ; sb = 0
      k =   43 ; sb/Sb = 0.0371389106901858 ; sb = 108.16653826392
      k =   44 ; sb/Sb = 0.109893333739967 ; sb = 320.062739268091
      Creating new point: f = 0.130861935266298
    i = 39 ; sf/Sf = 0.075744188414698 ; sf = 247.06377437798
      k =   42 ; sb/Sb = 0 ; sb = 0
      k =   43 ; sb/Sb = 0.0371389106901858 ; sb = 108.16653826392
      k =   44 ; sb/Sb = 0.109893333739967 ; sb = 320.062739268091
      Creating new point: f = 0.530624477608695
    i = 38 ; sf/Sf = 0.0980633655794469 ; sf = 319.864873270785
      k =   42 ; sb/Sb = 0 ; sb = 0
      k =   43 ; sb/Sb = 0.0371389106901858 ; sb = 108.16653826392
      k =   44 ; sb/Sb = 0.109893333739967 ; sb = 320.062739268091
      Creating new point: f = 0.837398639634244
    i = 37 ; sf/Sf = 0.126328412295786 ; sf = 412.060317843714
      k =   42 ; sb/Sb = 0 ; sb = 0
      k =   43 ; sb/Sb = 0.0371389106901858 ; sb = 108.16653826392
      k =   44 ; sb/Sb = 0.109893333739967 ; sb = 320.062739268091
      k =   45 ; sb/Sb = 0.159053479408089 ; sb = 463.240949900854
      Creating new point: f = 0.334317124826515
    i = 36 ; sf/Sf = 0.181512358015757 ; sf = 592.060317843714
      k =   42 ; sb/Sb = 0 ; sb = 0
      k =   43 ; sb/Sb = 0.0371389106901858 ; sb = 108.16653826392
      k =   44 ; sb/Sb = 0.109893333739967 ; sb = 320.062739268091
      k =   45 ; sb/Sb = 0.159053479408089 ; sb = 463.240949900854
      k =   46 ; sb/Sb = 0.188589507365378 ; sb = 549.26420257128
      Creating new point: f = 0.7603892656164
    i = 35 ; sf/Sf = 0.246474960540659 ; sf = 803.956518847885
      k =   42 ; sb/Sb = 0 ; sb = 0
      k =   43 ; sb/Sb = 0.0371389106901858 ; sb = 108.16653826392
      k =   44 ; sb/Sb = 0.109893333739967 ; sb = 320.062739268091
      k =   45 ; sb/Sb = 0.159053479408089 ; sb = 463.240949900854
      k =   46 ; sb/Sb = 0.188589507365378 ; sb = 549.26420257128
      k =   47 ; sb/Sb = 0.271278980987622 ; sb = 790.096094147126
      Creating new point: f = 0.700034123324123
    i = 34 ; sf/Sf = 0.333242344326433 ; sf = 1086.97595280958
      k =   42 ; sb/Sb = 0 ; sb = 0
      k =   43 ; sb/Sb = 0.0371389106901858 ; sb = 108.16653826392
      k =   44 ; sb/Sb = 0.109893333739967 ; sb = 320.062739268091
      k =   45 ; sb/Sb = 0.159053479408089 ; sb = 463.240949900854
      k =   46 ; sb/Sb = 0.188589507365378 ; sb = 549.26420257128
      k =   47 ; sb/Sb = 0.271278980987622 ; sb = 790.096094147126
      k =   48 ; sb/Sb = 0.340801925719718 ; sb = 992.580661460292
      Creating new point: f = 0.891264942496097
    i = 33 ; sf/Sf = 0.411824317478571 ; sf = 1343.29606516911
      k =   42 ; sb/Sb = 0 ; sb = 0
      k =   43 ; sb/Sb = 0.0371389106901858 ; sb = 108.16653826392
      k =   44 ; sb/Sb = 0.109893333739967 ; sb = 320.062739268091
      k =   45 ; sb/Sb = 0.159053479408089 ; sb = 463.240949900854
      k =   46 ; sb/Sb = 0.188589507365378 ; sb = 549.26420257128
      k =   47 ; sb/Sb = 0.271278980987622 ; sb = 790.096094147126
      k =   48 ; sb/Sb = 0.340801925719718 ; sb = 992.580661460292
      k =   49 ; sb/Sb = 0.449920056410829 ; sb = 1310.38563310171
      Creating new point: f = 0.650876177121303
    i = 32 ; sf/Sf = 0.506268095320962 ; sf = 1651.3545011841
      k =   42 ; sb/Sb = 0 ; sb = 0
      k =   43 ; sb/Sb = 0.0371389106901858 ; sb = 108.16653826392
      k =   44 ; sb/Sb = 0.109893333739967 ; sb = 320.062739268091
      k =   45 ; sb/Sb = 0.159053479408089 ; sb = 463.240949900854
      k =   46 ; sb/Sb = 0.188589507365378 ; sb = 549.26420257128
      k =   47 ; sb/Sb = 0.271278980987622 ; sb = 790.096094147126
      k =   48 ; sb/Sb = 0.340801925719718 ; sb = 992.580661460292
      k =   49 ; sb/Sb = 0.449920056410829 ; sb = 1310.38563310171
      k =   50 ; sb/Sb = 0.551831788935809 ; sb = 1607.20207469482
      Creating new point: f = 0.552910224505513
    i = 31 ; sf/Sf = 0.588759657448807 ; sf = 1920.42698212557
      k =   42 ; sb/Sb = 0 ; sb = 0
      k =   43 ; sb/Sb = 0.0371389106901858 ; sb = 108.16653826392
      k =   44 ; sb/Sb = 0.109893333739967 ; sb = 320.062739268091
      k =   45 ; sb/Sb = 0.159053479408089 ; sb = 463.240949900854
      k =   46 ; sb/Sb = 0.188589507365378 ; sb = 549.26420257128
      k =   47 ; sb/Sb = 0.271278980987622 ; sb = 790.096094147126
      k =   48 ; sb/Sb = 0.340801925719718 ; sb = 992.580661460292
      k =   49 ; sb/Sb = 0.449920056410829 ; sb = 1310.38563310171
      k =   50 ; sb/Sb = 0.551831788935809 ; sb = 1607.20207469482
      k =   51 ; sb/Sb = 0.633444997933442 ; sb = 1844.89936117492
      Creating new point: f = 0.45247416400536
    i = 30 ; sf/Sf = 0.665404026504323 ; sf = 2170.42698212557
      k =   42 ; sb/Sb = 0 ; sb = 0
      k =   43 ; sb/Sb = 0.0371389106901858 ; sb = 108.16653826392
      k =   44 ; sb/Sb = 0.109893333739967 ; sb = 320.062739268091
      k =   45 ; sb/Sb = 0.159053479408089 ; sb = 463.240949900854
      k =   46 ; sb/Sb = 0.188589507365378 ; sb = 549.26420257128
      k =   47 ; sb/Sb = 0.271278980987622 ; sb = 790.096094147126
      k =   48 ; sb/Sb = 0.340801925719718 ; sb = 992.580661460292
      k =   49 ; sb/Sb = 0.449920056410829 ; sb = 1310.38563310171
      k =   50 ; sb/Sb = 0.551831788935809 ; sb = 1607.20207469482
      k =   51 ; sb/Sb = 0.633444997933442 ; sb = 1844.89936117492
      k =   52 ; sb/Sb = 0.724091827636291 ; sb = 2108.9069368238
      Creating new point: f = 0.35256642373094
    i = 29 ; sf/Sf = 0.753834491338002 ; sf = 2458.87108416269
      k =   42 ; sb/Sb = 0 ; sb = 0
      k =   43 ; sb/Sb = 0.0371389106901858 ; sb = 108.16653826392
      k =   44 ; sb/Sb = 0.109893333739967 ; sb = 320.062739268091
      k =   45 ; sb/Sb = 0.159053479408089 ; sb = 463.240949900854
      k =   46 ; sb/Sb = 0.188589507365378 ; sb = 549.26420257128
      k =   47 ; sb/Sb = 0.271278980987622 ; sb = 790.096094147126
      k =   48 ; sb/Sb = 0.340801925719718 ; sb = 992.580661460292
      k =   49 ; sb/Sb = 0.449920056410829 ; sb = 1310.38563310171
      k =   50 ; sb/Sb = 0.551831788935809 ; sb = 1607.20207469482
      k =   51 ; sb/Sb = 0.633444997933442 ; sb = 1844.89936117492
      k =   52 ; sb/Sb = 0.724091827636291 ; sb = 2108.9069368238
      k =   53 ; sb/Sb = 0.803360180700352 ; sb = 2339.7748644361
      Creating new point: f = 0.375214856270244
    i = 28 ; sf/Sf = 0.855375987571107 ; sf = 2790.08098739627
      k =   42 ; sb/Sb = 0 ; sb = 0
      k =   43 ; sb/Sb = 0.0371389106901858 ; sb = 108.16653826392
      k =   44 ; sb/Sb = 0.109893333739967 ; sb = 320.062739268091
      k =   45 ; sb/Sb = 0.159053479408089 ; sb = 463.240949900854
      k =   46 ; sb/Sb = 0.188589507365378 ; sb = 549.26420257128
      k =   47 ; sb/Sb = 0.271278980987622 ; sb = 790.096094147126
      k =   48 ; sb/Sb = 0.340801925719718 ; sb = 992.580661460292
      k =   49 ; sb/Sb = 0.449920056410829 ; sb = 1310.38563310171
      k =   50 ; sb/Sb = 0.551831788935809 ; sb = 1607.20207469482
      k =   51 ; sb/Sb = 0.633444997933442 ; sb = 1844.89936117492
      k =   52 ; sb/Sb = 0.724091827636291 ; sb = 2108.9069368238
      k =   53 ; sb/Sb = 0.803360180700352 ; sb = 2339.7748644361
      k =   54 ; sb/Sb = 0.885764024890101 ; sb = 2579.7748644361
      Creating new point: f = 0.631230343465276
    i = 27 ; sf/Sf = 0.916997297656484 ; sf = 2991.07849981869
      k =   42 ; sb/Sb = 0 ; sb = 0
      k =   43 ; sb/Sb = 0.0371389106901858 ; sb = 108.16653826392
      k =   44 ; sb/Sb = 0.109893333739967 ; sb = 320.062739268091
      k =   45 ; sb/Sb = 0.159053479408089 ; sb = 463.240949900854
      k =   46 ; sb/Sb = 0.188589507365378 ; sb = 549.26420257128
      k =   47 ; sb/Sb = 0.271278980987622 ; sb = 790.096094147126
      k =   48 ; sb/Sb = 0.340801925719718 ; sb = 992.580661460292
      k =   49 ; sb/Sb = 0.449920056410829 ; sb = 1310.38563310171
      k =   50 ; sb/Sb = 0.551831788935809 ; sb = 1607.20207469482
      k =   51 ; sb/Sb = 0.633444997933442 ; sb = 1844.89936117492
      k =   52 ; sb/Sb = 0.724091827636291 ; sb = 2108.9069368238
      k =   53 ; sb/Sb = 0.803360180700352 ; sb = 2339.7748644361
      k =   54 ; sb/Sb = 0.885764024890101 ; sb = 2579.7748644361
      k =   55 ; sb/Sb = 0.961612375580087 ; sb = 2800.68208477985
      Creating new point: f = 0.411785786800326
Tear 3 : Sf = 1960.06673981263 ; Sb = 1473.11464771144
  Forwards path
    i = 102 ; sf/Sf = 0.0693928948053862 ; sf = 136.014705087354
      k =  103 ; sb/Sb = 0 ; sb = 0
      k =  104 ; sb/Sb = 0.100228608025664 ; sb = 147.648230602334
      Creating new point: f = 0.6923461891002
    i = 101 ; sf/Sf = 0.167926314732068 ; sf = 329.146784245634
      k =  103 ; sb/Sb = 0 ; sb = 0
      k =  104 ; sb/Sb = 0.100228608025664 ; sb = 147.648230602334
      k =  105 ; sb/Sb = 0.296034211130101 ; sb = 436.092332639453
      Creating new point: f = 0.345739374323703
    i = 100 ; sf/Sf = 0.270599409421802 ; sf = 530.392902220615
      k =  103 ; sb/Sb = 0 ; sb = 0
      k =  104 ; sb/Sb = 0.100228608025664 ; sb = 147.648230602334
      k =  105 ; sb/Sb = 0.296034211130101 ; sb = 436.092332639453
      Creating new point: f = 0.870101767748017
    i = 99 ; sf/Sf = 0.398146086747645 ; sf = 780.392902220615
      k =  103 ; sb/Sb = 0 ; sb = 0
      k =  104 ; sb/Sb = 0.100228608025664 ; sb = 147.648230602334
      k =  105 ; sb/Sb = 0.296034211130101 ; sb = 436.092332639453
      k =  106 ; sb/Sb = 0.432646876198382 ; sb = 637.338450614434
      Creating new point: f = 0.74745541027625
    i = 98 ; sf/Sf = 0.56957185787233 ; sf = 1116.39885454884
      k =  103 ; sb/Sb = 0 ; sb = 0
      k =  104 ; sb/Sb = 0.100228608025664 ; sb = 147.648230602334
      k =  105 ; sb/Sb = 0.296034211130101 ; sb = 436.092332639453
      k =  106 ; sb/Sb = 0.432646876198382 ; sb = 637.338450614434
      k =  107 ; sb/Sb = 0.563751457541267 ; sb = 830.470529772714
      k =  108 ; sb/Sb = 0.694327744265145 ; sb = 1022.82437038943
      Creating new point: f = 0.044574711665461
    i = 97 ; sf/Sf = 0.681464538636649 ; sf = 1335.71597654346
      k =  103 ; sb/Sb = 0 ; sb = 0
      k =  104 ; sb/Sb = 0.100228608025664 ; sb = 147.648230602334
      k =  105 ; sb/Sb = 0.296034211130101 ; sb = 436.092332639453
      k =  106 ; sb/Sb = 0.432646876198382 ; sb = 637.338450614434
      k =  107 ; sb/Sb = 0.563751457541267 ; sb = 830.470529772714
      k =  108 ; sb/Sb = 0.694327744265145 ; sb = 1022.82437038943
      Creating new point: f = 0.901488961347955
    i = 96 ; sf/Sf = 0.789088542866961 ; sf = 1546.66620764075
      k =  103 ; sb/Sb = 0 ; sb = 0
      k =  104 ; sb/Sb = 0.100228608025664 ; sb = 147.648230602334
      k =  105 ; sb/Sb = 0.296034211130101 ; sb = 436.092332639453
      k =  106 ; sb/Sb = 0.432646876198382 ; sb = 637.338450614434
      k =  107 ; sb/Sb = 0.563751457541267 ; sb = 830.470529772714
      k =  108 ; sb/Sb = 0.694327744265145 ; sb = 1022.82437038943
      k =  109 ; sb/Sb = 0.845053306227814 ; sb = 1244.86040350117
      Creating new point: f = 0.628697596929751
Tear 4 : Sf = 1279.51626564332 ; Sb = 937.469964889319
  Forwards path
    i = 78 ; sf/Sf = 0.0156309071928401 ; sf = 20
      k =   79 ; sb/Sb = 0 ; sb = 0
      k =   80 ; sb/Sb = 0.341510900468626 ; sb = 320.156211871642
      Creating new point: f = 0.0457698631914564
    i = 77 ; sf/Sf = 0.139204078753049 ; sf = 178.113883008419
      k =   79 ; sb/Sb = 0 ; sb = 0
      k =   80 ; sb/Sb = 0.341510900468626 ; sb = 320.156211871642
      Creating new point: f = 0.40761240288972
    i = 76 ; sf/Sf = 0.219669098365836 ; sf = 281.070184418289
      k =   79 ; sb/Sb = 0 ; sb = 0
      k =   80 ; sb/Sb = 0.341510900468626 ; sb = 320.156211871642
      Creating new point: f = 0.643227194401125
    i = 75 ; sf/Sf = 0.330747564386008 ; sf = 423.196888453808
      k =   79 ; sb/Sb = 0 ; sb = 0
      k =   80 ; sb/Sb = 0.341510900468626 ; sb = 320.156211871642
      Creating new point: f = 0.968483184379041
    i = 74 ; sf/Sf = 0.467462166257371 ; sf = 598.125445299167
      k =   79 ; sb/Sb = 0 ; sb = 0
      k =   80 ; sb/Sb = 0.341510900468626 ; sb = 320.156211871642
      k =   81 ; sb/Sb = 0.632663568289134 ; sb = 593.103093150766
      Creating new point: f = 0.432595266021717
    i = 124 ; sf/Sf = 0.545815405604321 ; sf = 698.379689509433
      k =   79 ; sb/Sb = 0 ; sb = 0
      k =   80 ; sb/Sb = 0.341510900468626 ; sb = 320.156211871642
      k =   81 ; sb/Sb = 0.632663568289134 ; sb = 593.103093150766
      Creating new point: f = 0.701709198356535
    i = 73 ; sf/Sf = 0.645853211638498 ; sf = 826.379689509433
      k =   79 ; sb/Sb = 0 ; sb = 0
      k =   80 ; sb/Sb = 0.341510900468626 ; sb = 320.156211871642
      k =   81 ; sb/Sb = 0.632663568289134 ; sb = 593.103093150766
      k =   82 ; sb/Sb = 0.774979211070303 ; sb = 726.519733792029
      Creating new point: f = 0.0926788024956948
    i = 72 ; sf/Sf = 0.667958652582807 ; sf = 854.663960756895
      k =   79 ; sb/Sb = 0 ; sb = 0
      k =   80 ; sb/Sb = 0.341510900468626 ; sb = 320.156211871642
      k =   81 ; sb/Sb = 0.632663568289134 ; sb = 593.103093150766
      k =   82 ; sb/Sb = 0.774979211070303 ; sb = 726.519733792029
      Creating new point: f = 0.248005655625255
    i = 71 ; sf/Sf = 0.844802180137284 ; sf = 1080.93813073659
      k =   79 ; sb/Sb = 0 ; sb = 0
      k =   80 ; sb/Sb = 0.341510900468626 ; sb = 320.156211871642
      k =   81 ; sb/Sb = 0.632663568289134 ; sb = 593.103093150766
      k =   82 ; sb/Sb = 0.774979211070303 ; sb = 726.519733792029
      k =   83 ; sb/Sb = 1 ; sb = 937.469964889319
      Creating new point: f = 0.310295637123537
    i = 70 ; sf/Sf = 0.97789455905569 ; sf = 1251.23199439585
      k =   79 ; sb/Sb = 0 ; sb = 0
      k =   80 ; sb/Sb = 0.341510900468626 ; sb = 320.156211871642
      k =   81 ; sb/Sb = 0.632663568289134 ; sb = 593.103093150766
      k =   82 ; sb/Sb = 0.774979211070303 ; sb = 726.519733792029
      k =   83 ; sb/Sb = 1 ; sb = 937.469964889319
      Creating new point: f = 0.901762672464827
Tear 1 : Sf = 1057.83058343567 ; Sb = 1347.93127736549
  Backwards path
    i = 13 ; sf/Sf = 0.12289302468244 ; sf = 130
      k =   12 ; sb/Sb = 0 ; sb = 0
      k =   11 ; sb/Sb = 0.0816065342848882 ; sb = 110
      k =   10 ; sb/Sb = 0.207943734495941 ; sb = 280.293863659264
      Creating new point: f = 0.326795989847653
    i = 14 ; sf/Sf = 0.390272997339299 ; sf = 412.842712474619
      k =   12 ; sb/Sb = 0 ; sb = 0
      k =   11 ; sb/Sb = 0.0816065342848882 ; sb = 110
      k =   10 ; sb/Sb = 0.207943734495941 ; sb = 280.293863659264
      k =    9 ; sb/Sb = 0.334715831690935 ; sb = 451.173938565615
      k =    8 ; sb/Sb = 0.394527914722765 ; sb = 531.7965160486
      Creating new point: f = 0.928861909370363
    i = 15 ; sf/Sf = 0.639847532035986 ; sf = 676.850288123501
      k =   12 ; sb/Sb = 0 ; sb = 0
      k =   11 ; sb/Sb = 0.0816065342848882 ; sb = 110
      k =   10 ; sb/Sb = 0.207943734495941 ; sb = 280.293863659264
      k =    9 ; sb/Sb = 0.334715831690935 ; sb = 451.173938565615
      k =    8 ; sb/Sb = 0.394527914722765 ; sb = 531.7965160486
      k =    7 ; sb/Sb = 0.530718535557422 ; sb = 715.372113555458
      k =    6 ; sb/Sb = 0.636159151427174 ; sb = 857.498817590977
      k =    5 ; sb/Sb = 0.809986626322741 ; sb = 1091.80630786818
      Creating new point: f = 0.0212186284764677
    i = 16 ; sf/Sf = 0.823397602746608 ; sf = 871.015166512977
      k =   12 ; sb/Sb = 0 ; sb = 0
      k =   11 ; sb/Sb = 0.0816065342848882 ; sb = 110
      k =   10 ; sb/Sb = 0.207943734495941 ; sb = 280.293863659264
      k =    9 ; sb/Sb = 0.334715831690935 ; sb = 451.173938565615
      k =    8 ; sb/Sb = 0.394527914722765 ; sb = 531.7965160486
      k =    7 ; sb/Sb = 0.530718535557422 ; sb = 715.372113555458
      k =    6 ; sb/Sb = 0.636159151427174 ; sb = 857.498817590977
      k =    5 ; sb/Sb = 0.809986626322741 ; sb = 1091.80630786818
      k =    4 ; sb/Sb = 1 ; sb = 1347.93127736549
      Creating new point: f = 0.0705791185342842
Tear 2 : Sf = 2912.48548365484 ; Sb = 3261.81822723231
  Backwards path
    i = 43 ; sf/Sf = 0.0371389106901858 ; sf = 108.16653826392
      k =   42 ; sb/Sb = 0 ; sb = 0
      k =   41 ; sb/Sb = 0.0282650467163395 ; sb = 92.1954445729289
      k =   40 ; sb/Sb = 0.0466596952896632 ; sb = 152.195444572929
      Creating new point: f = 0.482415520931202
    i = 44 ; sf/Sf = 0.109893333739967 ; sf = 320.062739268091
      k =   42 ; sb/Sb = 0 ; sb = 0
      k =   41 ; sb/Sb = 0.0282650467163395 ; sb = 92.1954445729289
      k =   40 ; sb/Sb = 0.0466596952896632 ; sb = 152.195444572929
      k =   39 ; sb/Sb = 0.075744188414698 ; sb = 247.06377437798
      k =   38 ; sb/Sb = 0.0980633655794469 ; sb = 319.864873270785
      k =   37 ; sb/Sb = 0.126328412295786 ; sb = 412.060317843714
      Creating new point: f = 0.418537010720082
    i = 45 ; sf/Sf = 0.159053479408089 ; sf = 463.240949900854
      k =   42 ; sb/Sb = 0 ; sb = 0
      k =   41 ; sb/Sb = 0.0282650467163395 ; sb = 92.1954445729289
      k =   40 ; sb/Sb = 0.0466596952896632 ; sb = 152.195444572929
      k =   39 ; sb/Sb = 0.075744188414698 ; sb = 247.06377437798
      k =   38 ; sb/Sb = 0.0980633655794469 ; sb = 319.864873270785
      k =   37 ; sb/Sb = 0.126328412295786 ; sb = 412.060317843714
      k =   36 ; sb/Sb = 0.181512358015757 ; sb = 592.060317843714
      Creating new point: f = 0.593017891079504
    i = 46 ; sf/Sf = 0.188589507365378 ; sf = 549.26420257128
      k =   42 ; sb/Sb = 0 ; sb = 0
      k =   41 ; sb/Sb = 0.0282650467163395 ; sb = 92.1954445729289
      k =   40 ; sb/Sb = 0.0466596952896632 ; sb = 152.195444572929
      k =   39 ; sb/Sb = 0.075744188414698 ; sb = 247.06377437798
      k =   38 ; sb/Sb = 0.0980633655794469 ; sb = 319.864873270785
      k =   37 ; sb/Sb = 0.126328412295786 ; sb = 412.060317843714
      k =   36 ; sb/Sb = 0.181512358015757 ; sb = 592.060317843714
      k =   35 ; sb/Sb = 0.246474960540659 ; sb = 803.956518847885
      Creating new point: f = 0.108941900024828
    i = 47 ; sf/Sf = 0.271278980987622 ; sf = 790.096094147126
      k =   42 ; sb/Sb = 0 ; sb = 0
      k =   41 ; sb/Sb = 0.0282650467163395 ; sb = 92.1954445729289
      k =   40 ; sb/Sb = 0.0466596952896632 ; sb = 152.195444572929
      k =   39 ; sb/Sb = 0.075744188414698 ; sb = 247.06377437798
      k =   38 ; sb/Sb = 0.0980633655794469 ; sb = 319.864873270785
      k =   37 ; sb/Sb = 0.126328412295786 ; sb = 412.060317843714
      k =   36 ; sb/Sb = 0.181512358015757 ; sb = 592.060317843714
      k =   35 ; sb/Sb = 0.246474960540659 ; sb = 803.956518847885
      k =   34 ; sb/Sb = 0.333242344326433 ; sb = 1086.97595280958
      Creating new point: f = 0.285868022806862
    i = 48 ; sf/Sf = 0.340801925719718 ; sf = 992.580661460292
      k =   42 ; sb/Sb = 0 ; sb = 0
      k =   41 ; sb/Sb = 0.0282650467163395 ; sb = 92.1954445729289
      k =   40 ; sb/Sb = 0.0466596952896632 ; sb = 152.195444572929
      k =   39 ; sb/Sb = 0.075744188414698 ; sb = 247.06377437798
      k =   38 ; sb/Sb = 0.0980633655794469 ; sb = 319.864873270785
      k =   37 ; sb/Sb = 0.126328412295786 ; sb = 412.060317843714
      k =   36 ; sb/Sb = 0.181512358015757 ; sb = 592.060317843714
      k =   35 ; sb/Sb = 0.246474960540659 ; sb = 803.956518847885
      k =   34 ; sb/Sb = 0.333242344326433 ; sb = 1086.97595280958
      k =   33 ; sb/Sb = 0.411824317478571 ; sb = 1343.29606516911
      Creating new point: f = 0.0961999437027291
    i = 49 ; sf/Sf = 0.44992005641083 ; sf = 1310.38563310171
      k =   42 ; sb/Sb = 0 ; sb = 0
      k =   41 ; sb/Sb = 0.0282650467163395 ; sb = 92.1954445729289
      k =   40 ; sb/Sb = 0.0466596952896632 ; sb = 152.195444572929
      k =   39 ; sb/Sb = 0.075744188414698 ; sb = 247.06377437798
      k =   38 ; sb/Sb = 0.0980633655794469 ; sb = 319.864873270785
      k =   37 ; sb/Sb = 0.126328412295786 ; sb = 412.060317843714
      k =   36 ; sb/Sb = 0.181512358015757 ; sb = 592.060317843714
      k =   35 ; sb/Sb = 0.246474960540659 ; sb = 803.956518847885
      k =   34 ; sb/Sb = 0.333242344326433 ; sb = 1086.97595280958
      k =   33 ; sb/Sb = 0.411824317478571 ; sb = 1343.29606516911
      k =   32 ; sb/Sb = 0.506268095320962 ; sb = 1651.3545011841
      Creating new point: f = 0.40336949455615
    i = 50 ; sf/Sf = 0.551831788935809 ; sf = 1607.20207469482
      k =   42 ; sb/Sb = 0 ; sb = 0
      k =   41 ; sb/Sb = 0.0282650467163395 ; sb = 92.1954445729289
      k =   40 ; sb/Sb = 0.0466596952896632 ; sb = 152.195444572929
      k =   39 ; sb/Sb = 0.075744188414698 ; sb = 247.06377437798
      k =   38 ; sb/Sb = 0.0980633655794469 ; sb = 319.864873270785
      k =   37 ; sb/Sb = 0.126328412295786 ; sb = 412.060317843714
      k =   36 ; sb/Sb = 0.181512358015757 ; sb = 592.060317843714
      k =   35 ; sb/Sb = 0.246474960540659 ; sb = 803.956518847885
      k =   34 ; sb/Sb = 0.333242344326433 ; sb = 1086.97595280958
      k =   33 ; sb/Sb = 0.411824317478571 ; sb = 1343.29606516911
      k =   32 ; sb/Sb = 0.506268095320962 ; sb = 1651.3545011841
      k =   31 ; sb/Sb = 0.588759657448807 ; sb = 1920.42698212557
      Creating new point: f = 0.552343687518395
    i = 51 ; sf/Sf = 0.633444997933442 ; sf = 1844.89936117492
      k =   42 ; sb/Sb = 0 ; sb = 0
      k =   41 ; sb/Sb = 0.0282650467163395 ; sb = 92.1954445729289
      k =   40 ; sb/Sb = 0.0466596952896632 ; sb = 152.195444572929
      k =   39 ; sb/Sb = 0.075744188414698 ; sb = 247.06377437798
      k =   38 ; sb/Sb = 0.0980633655794469 ; sb = 319.864873270785
      k =   37 ; sb/Sb = 0.126328412295786 ; sb = 412.060317843714
      k =   36 ; sb/Sb = 0.181512358015757 ; sb = 592.060317843714
      k =   35 ; sb/Sb = 0.246474960540659 ; sb = 803.956518847885
      k =   34 ; sb/Sb = 0.333242344326433 ; sb = 1086.97595280958
      k =   33 ; sb/Sb = 0.411824317478571 ; sb = 1343.29606516911
      k =   32 ; sb/Sb = 0.506268095320962 ; sb = 1651.3545011841
      k =   31 ; sb/Sb = 0.588759657448807 ; sb = 1920.42698212557
      k =   30 ; sb/Sb = 0.665404026504323 ; sb = 2170.42698212557
      Creating new point: f = 0.583021832331446
    i = 52 ; sf/Sf = 0.724091827636291 ; sf = 2108.9069368238
      k =   42 ; sb/Sb = 0 ; sb = 0
      k =   41 ; sb/Sb = 0.0282650467163395 ; sb = 92.1954445729289
      k =   40 ; sb/Sb = 0.0466596952896632 ; sb = 152.195444572929
      k =   39 ; sb/Sb = 0.075744188414698 ; sb = 247.06377437798
      k =   38 ; sb/Sb = 0.0980633655794469 ; sb = 319.864873270785
      k =   37 ; sb/Sb = 0.126328412295786 ; sb = 412.060317843714
      k =   36 ; sb/Sb = 0.181512358015757 ; sb = 592.060317843714
      k =   35 ; sb/Sb = 0.246474960540659 ; sb = 803.956518847885
      k =   34 ; sb/Sb = 0.333242344326433 ; sb = 1086.97595280958
      k =   33 ; sb/Sb = 0.411824317478571 ; sb = 1343.29606516911
      k =   32 ; sb/Sb = 0.506268095320962 ; sb = 1651.3545011841
      k =   31 ; sb/Sb = 0.588759657448807 ; sb = 1920.42698212557
      k =   30 ; sb/Sb = 0.665404026504323 ; sb = 2170.42698212557
      k =   29 ; sb/Sb = 0.753834491338002 ; sb = 2458.87108416269
      Creating new point: f = 0.66366043922023
    i = 53 ; sf/Sf = 0.803360180700352 ; sf = 2339.7748644361
      k =   42 ; sb/Sb = 0 ; sb = 0
      k =   41 ; sb/Sb = 0.0282650467163395 ; sb = 92.1954445729289
      k =   40 ; sb/Sb = 0.0466596952896632 ; sb = 152.195444572929
      k =   39 ; sb/Sb = 0.075744188414698 ; sb = 247.06377437798
      k =   38 ; sb/Sb = 0.0980633655794469 ; sb = 319.864873270785
      k =   37 ; sb/Sb = 0.126328412295786 ; sb = 412.060317843714
      k =   36 ; sb/Sb = 0.181512358015757 ; sb = 592.060317843714
      k =   35 ; sb/Sb = 0.246474960540659 ; sb = 803.956518847885
      k =   34 ; sb/Sb = 0.333242344326433 ; sb = 1086.97595280958
      k =   33 ; sb/Sb = 0.411824317478571 ; sb = 1343.29606516911
      k =   32 ; sb/Sb = 0.506268095320962 ; sb = 1651.3545011841
      k =   31 ; sb/Sb = 0.588759657448807 ; sb = 1920.42698212557
      k =   30 ; sb/Sb = 0.665404026504323 ; sb = 2170.42698212557
      k =   29 ; sb/Sb = 0.753834491338002 ; sb = 2458.87108416269
      k =   28 ; sb/Sb = 0.855375987571107 ; sb = 2790.08098739627
      Creating new point: f = 0.487738424187253
    i = 54 ; sf/Sf = 0.885764024890101 ; sf = 2579.7748644361
      k =   42 ; sb/Sb = 0 ; sb = 0
      k =   41 ; sb/Sb = 0.0282650467163395 ; sb = 92.1954445729289
      k =   40 ; sb/Sb = 0.0466596952896632 ; sb = 152.195444572929
      k =   39 ; sb/Sb = 0.075744188414698 ; sb = 247.06377437798
      k =   38 ; sb/Sb = 0.0980633655794469 ; sb = 319.864873270785
      k =   37 ; sb/Sb = 0.126328412295786 ; sb = 412.060317843714
      k =   36 ; sb/Sb = 0.181512358015757 ; sb = 592.060317843714
      k =   35 ; sb/Sb = 0.246474960540659 ; sb = 803.956518847885
      k =   34 ; sb/Sb = 0.333242344326433 ; sb = 1086.97595280958
      k =   33 ; sb/Sb = 0.411824317478571 ; sb = 1343.29606516911
      k =   32 ; sb/Sb = 0.506268095320962 ; sb = 1651.3545011841
      k =   31 ; sb/Sb = 0.588759657448807 ; sb = 1920.42698212557
      k =   30 ; sb/Sb = 0.665404026504323 ; sb = 2170.42698212557
      k =   29 ; sb/Sb = 0.753834491338002 ; sb = 2458.87108416269
      k =   28 ; sb/Sb = 0.855375987571107 ; sb = 2790.08098739627
      k =   27 ; sb/Sb = 0.916997297656484 ; sb = 2991.07849981869
      Creating new point: f = 0.493141695249442
    i = 55 ; sf/Sf = 0.961612375580087 ; sf = 2800.68208477985
      k =   42 ; sb/Sb = 0 ; sb = 0
      k =   41 ; sb/Sb = 0.0282650467163395 ; sb = 92.1954445729289
      k =   40 ; sb/Sb = 0.0466596952896632 ; sb = 152.195444572929
      k =   39 ; sb/Sb = 0.075744188414698 ; sb = 247.06377437798
      k =   38 ; sb/Sb = 0.0980633655794469 ; sb = 319.864873270785
      k =   37 ; sb/Sb = 0.126328412295786 ; sb = 412.060317843714
      k =   36 ; sb/Sb = 0.181512358015757 ; sb = 592.060317843714
      k =   35 ; sb/Sb = 0.246474960540659 ; sb = 803.956518847885
      k =   34 ; sb/Sb = 0.333242344326433 ; sb = 1086.97595280958
      k =   33 ; sb/Sb = 0.411824317478571 ; sb = 1343.29606516911
      k =   32 ; sb/Sb = 0.506268095320962 ; sb = 1651.3545011841
      k =   31 ; sb/Sb = 0.588759657448807 ; sb = 1920.42698212557
      k =   30 ; sb/Sb = 0.665404026504323 ; sb = 2170.42698212557
      k =   29 ; sb/Sb = 0.753834491338002 ; sb = 2458.87108416269
      k =   28 ; sb/Sb = 0.855375987571107 ; sb = 2790.08098739627
      k =   27 ; sb/Sb = 0.916997297656484 ; sb = 2991.07849981869
      k =   26 ; sb/Sb = 1 ; sb = 3261.81822723231
      Creating new point: f = 0.537513558762929
Tear 3 : Sf = 1473.11464771144 ; Sb = 1960.06673981263
  Backwards path
    i = 104 ; sf/Sf = 0.100228608025664 ; sf = 147.648230602334
      k =  103 ; sb/Sb = 0 ; sb = 0
      k =  102 ; sb/Sb = 0.0693928948053862 ; sb = 136.014705087354
      k =  101 ; sb/Sb = 0.167926314732068 ; sb = 329.146784245634
      Creating new point: f = 0.312946746831914
    i = 105 ; sf/Sf = 0.296034211130101 ; sf = 436.092332639453
      k =  103 ; sb/Sb = 0 ; sb = 0
      k =  102 ; sb/Sb = 0.0693928948053862 ; sb = 136.014705087354
      k =  101 ; sb/Sb = 0.167926314732068 ; sb = 329.146784245634
      k =  100 ; sb/Sb = 0.270599409421802 ; sb = 530.392902220615
      k =   99 ; sb/Sb = 0.398146086747645 ; sb = 780.392902220615
      Creating new point: f = 0.199415635448672
    i = 106 ; sf/Sf = 0.432646876198382 ; sf = 637.338450614434
      k =  103 ; sb/Sb = 0 ; sb = 0
      k =  102 ; sb/Sb = 0.0693928948053862 ; sb = 136.014705087354
      k =  101 ; sb/Sb = 0.167926314732068 ; sb = 329.146784245634
      k =  100 ; sb/Sb = 0.270599409421802 ; sb = 530.392902220615
      k =   99 ; sb/Sb = 0.398146086747645 ; sb = 780.392902220615
      k =   98 ; sb/Sb = 0.56957185787233 ; sb = 1116.39885454884
      Creating new point: f = 0.201257892698311
    i = 107 ; sf/Sf = 0.563751457541267 ; sf = 830.470529772714
      k =  103 ; sb/Sb = 0 ; sb = 0
      k =  102 ; sb/Sb = 0.0693928948053862 ; sb = 136.014705087354
      k =  101 ; sb/Sb = 0.167926314732068 ; sb = 329.146784245634
      k =  100 ; sb/Sb = 0.270599409421802 ; sb = 530.392902220615
      k =   99 ; sb/Sb = 0.398146086747645 ; sb = 780.392902220615
      k =   98 ; sb/Sb = 0.56957185787233 ; sb = 1116.39885454884
      Creating new point: f = 0.966047110111408
    i = 108 ; sf/Sf = 0.694327744265145 ; sf = 1022.82437038943
      k =  103 ; sb/Sb = 0 ; sb = 0
      k =  102 ; sb/Sb = 0.0693928948053862 ; sb = 136.014705087354
      k =  101 ; sb/Sb = 0.167926314732068 ; sb = 329.146784245634
      k =  100 ; sb/Sb = 0.270599409421802 ; sb = 530.392902220615
      k =   99 ; sb/Sb = 0.398146086747645 ; sb = 780.392902220615
      k =   98 ; sb/Sb = 0.56957185787233 ; sb = 1116.39885454884
      k =   97 ; sb/Sb = 0.681464538636649 ; sb = 1335.71597654346
      k =   96 ; sb/Sb = 0.789088542866961 ; sb = 1546.66620764075
      Creating new point: f = 0.119519857307758
    i = 109 ; sf/Sf = 0.845053306227814 ; sf = 1244.86040350117
      k =  103 ; sb/Sb = 0 ; sb = 0
      k =  102 ; sb/Sb = 0.0693928948053862 ; sb = 136.014705087354
      k =  101 ; sb/Sb = 0.167926314732068 ; sb = 329.146784245634
      k =  100 ; sb/Sb = 0.270599409421802 ; sb = 530.392902220615
      k =   99 ; sb/Sb = 0.398146086747645 ; sb = 780.392902220615
      k =   98 ; sb/Sb = 0.56957185787233 ; sb = 1116.39885454884
      k =   97 ; sb/Sb = 0.681464538636649 ; sb = 1335.71597654346
      k =   96 ; sb/Sb = 0.789088542866961 ; sb = 1546.66620764075
      k =   95 ; sb/Sb = 1 ; sb = 1960.06673981263
      Creating new point: f = 0.265347194133465
Tear 4 : Sf = 937.469964889319 ; Sb = 1279.51626564332
  Backwards path
    i = 80 ; sf/Sf = 0.341510900468626 ; sf = 320.156211871642
      k =   79 ; sb/Sb = 0 ; sb = 0
      k =   78 ; sb/Sb = 0.0156309071928401 ; sb = 20
      k =   77 ; sb/Sb = 0.139204078753049 ; sb = 178.113883008419
      k =   76 ; sb/Sb = 0.219669098365836 ; sb = 281.070184418289
      k =   75 ; sb/Sb = 0.330747564386008 ; sb = 423.196888453808
      k =   74 ; sb/Sb = 0.467462166257371 ; sb = 598.125445299167
      Creating new point: f = 0.0787285040170387
    i = 81 ; sf/Sf = 0.632663568289134 ; sf = 593.103093150766
      k =   79 ; sb/Sb = 0 ; sb = 0
      k =   78 ; sb/Sb = 0.0156309071928401 ; sb = 20
      k =   77 ; sb/Sb = 0.139204078753049 ; sb = 178.113883008419
      k =   76 ; sb/Sb = 0.219669098365836 ; sb = 281.070184418289
      k =   75 ; sb/Sb = 0.330747564386008 ; sb = 423.196888453808
      k =   74 ; sb/Sb = 0.467462166257371 ; sb = 598.125445299167
      k =  124 ; sb/Sb = 0.545815405604321 ; sb = 698.379689509433
      k =   73 ; sb/Sb = 0.645853211638498 ; sb = 826.379689509433
      Creating new point: f = 0.868153412472304
    i = 82 ; sf/Sf = 0.774979211070303 ; sf = 726.519733792029
      k =   79 ; sb/Sb = 0 ; sb = 0
      k =   78 ; sb/Sb = 0.0156309071928401 ; sb = 20
      k =   77 ; sb/Sb = 0.139204078753049 ; sb = 178.113883008419
      k =   76 ; sb/Sb = 0.219669098365836 ; sb = 281.070184418289
      k =   75 ; sb/Sb = 0.330747564386008 ; sb = 423.196888453808
      k =   74 ; sb/Sb = 0.467462166257371 ; sb = 598.125445299167
      k =  124 ; sb/Sb = 0.545815405604321 ; sb = 698.379689509433
      k =   73 ; sb/Sb = 0.645853211638498 ; sb = 826.379689509433
      k =   72 ; sb/Sb = 0.667958652582807 ; sb = 854.663960756895
      k =   71 ; sb/Sb = 0.844802180137284 ; sb = 1080.93813073659
      Creating new point: f = 0.605170909941999
Triangulating...
[1] "Non-adjacent points in rim connected by line: 553 72"
[1] "In triangle: 164" "In triangle: 165"
[1] "Other points in triangles: 127 73"
Merging points...
Projecting to sphere...
Optimising mapping with FIRE...
E =  0.00600 | E_L =  0.00600 | E_A =  0.00000 |   0 flippped triangles
E =  0.00567 | E_L =  0.00567 | E_A =  0.00000 |  69 flippped triangles
        phi0    phi0.1    phi0.2    phi0.3    phi0.4    phi0.5    phi0.6
id   37.0000    65.000   83.0000   140.000   145.000   149.000  153.0000
A   345.1372  7138.726  175.3042  1759.919  2005.541  4091.214  538.7718
a  -281.7026 -4977.300 -153.0818 -2034.472 -2088.117 -2812.529 -306.2229
      phi0.7    phi0.8    phi0.9   phi0.10   phi0.11   phi0.12     phi0.13
id   154.000    156.00  157.0000   160.000  164.0000 165.00000   180.00000
A   9370.543  15925.17  949.6514  2751.324  333.3566 127.56298 12450.31495
a  -8427.482 -12488.78 -747.2005 -2392.415 -295.5688 -90.30882   -43.76773
     phi0.14   phi0.15   phi0.16   phi0.17   phi0.18   phi0.19   phi0.20
id   181.000  183.0000   191.000   271.000    273.00  276.0000  279.0000
A   5242.186 5789.1479  1612.265  3688.486  15830.31  572.2544  828.4590
a  -4730.667 -664.1106 -1366.605 -4618.331 -16276.59 -639.3962 -679.2215
     phi0.21   phi0.22   phi0.23   phi0.24   phi0.25   phi0.26   phi0.27
id   280.000  282.0000   316.000  347.0000   515.000   647.000   649.000
A   1957.887 1062.6470 25655.265 1077.5435  3367.324  1848.880  7483.594
a  -2405.927 -952.7615 -2639.782 -969.8955 -3692.828 -2082.882 -7120.396
     phi0.28   phi0.29   phi0.30   phi0.31   phi0.32   phi0.33   phi0.34
id    652.00   711.000   725.000   726.000 741.00000  742.0000   746.000
A   17711.91  5235.616  7911.998  1128.226  33.29291  873.4045  1416.328
a  -16632.71 -1608.173 -7606.497 -1096.206 -28.05295 -840.5211 -1274.646
       phi0.35   phi0.36   phi0.37   phi0.38   phi0.39   phi0.40   phi0.41
id   748.00000  749.0000   752.000  755.0000   771.000   772.000   776.000
A  10224.98086  137.1366  4133.705  652.9319  1805.354  1816.012  2377.496
a    -97.81429 -139.9462 -4668.544 -647.8140 -1468.617 -2042.493 -1793.028
     phi0.42   phi0.43   phi0.44   phi0.45   phi0.46   phi0.47  phi0.48
id   780.000   784.000   785.000  787.0000   868.000   873.000   876.00
A   3591.092  4690.710  4756.644  818.9546  1481.893  4848.836 12680.83
a  -4167.064 -1804.821 -3915.439 -683.0058 -1578.098 -4363.097 -5532.31
       phi0.49   phi0.50   phi0.51   phi0.52   phi0.53   phi0.54   phi0.55
id   878.00000  880.0000  882.0000  887.0000  888.0000    892.00   894.000
A  25603.69473 1624.5279  967.9852  559.4464  310.6784  16297.85  8451.489
a    -92.57775 -715.8346 -795.7683 -955.7625 -153.5284 -15657.72 -7885.653
     phi0.56   phi0.57   phi0.58   phi0.59   phi0.60   phi0.61   phi0.62
id   901.000   908.000  911.0000  918.0000   919.000   921.000  922.0000
A  11554.305  7169.846  357.0247  586.1662  4864.628  9485.074  518.7761
a  -5545.716 -6711.878 -421.5531 -690.7383 -4139.305 -9204.936 -553.5921
     phi0.63   phi0.64   phi0.65   phi0.66   phi0.67   phi0.68
id 924.00000   976.000    985.00  1011.000 1013.0000  1020.000
A   20.50447 11223.306  17660.79  3281.833  271.0803 11042.101
a  -21.77523 -8532.187 -12442.22 -2602.035 -311.5240 -5901.213
E =  0.00560 | E_L =  0.00560 | E_A =  0.00000 |  66 flippped triangles
        phi0    phi0.1    phi0.2    phi0.3    phi0.4    phi0.5    phi0.6
id   42.0000    65.000   83.0000   140.000   145.000   149.000  153.0000
A   205.9329  7138.726  175.3042  1759.919  2005.541  4091.214  538.7718
a  -226.3797 -5240.996 -131.7347 -1790.983 -1959.726 -2383.599 -282.2582
      phi0.7    phi0.8    phi0.9   phi0.10   phi0.11   phi0.12   phi0.13
id   154.000    156.00  157.0000  165.0000   166.000    180.00   181.000
A   9370.543  15925.17  949.6514  127.5630 10290.321  12450.31  5242.186
a  -8698.517 -13245.79 -799.3839 -111.8728 -4317.694 -11613.42 -3958.509
     phi0.14   phi0.15   phi0.16   phi0.17   phi0.18   phi0.19   phi0.20
id   183.000    189.00   191.000   271.000    273.00  276.0000  279.0000
A   5789.148  29752.06  1612.265  3688.486  15830.31  572.2544  828.4590
a  -5420.605 -20626.60 -1253.438 -4443.317 -16475.61 -602.5639 -657.3885
     phi0.21   phi0.22   phi0.23   phi0.24   phi0.25   phi0.26   phi0.27
id   280.000  282.0000   316.000   347.000   515.000   647.000   649.000
A   1957.887 1062.6470 25655.265  1077.544  3367.324  1848.880  7483.594
a  -2496.688 -935.3217 -5935.624 -1084.178 -3666.117 -2027.229 -6632.664
     phi0.28   phi0.29   phi0.30   phi0.31   phi0.32   phi0.33   phi0.34
id    652.00   725.000   726.000 741.00000  742.0000   746.000   748.000
A   17711.91  7911.998  1128.226  33.29291  873.4045  1416.328 10224.981
a  -15710.36 -7148.531 -1129.669 -28.58850 -919.4438 -1292.457 -1186.494
     phi0.35   phi0.36   phi0.37   phi0.38   phi0.39   phi0.40   phi0.41
id  749.0000   752.000  755.0000   771.000   772.000   776.000   780.000
A   137.1366  4133.705  652.9319  1805.354  1816.012  2377.496  3591.092
a  -133.9390 -4529.337 -567.5622 -1220.685 -2110.530 -1815.023 -4063.624
     phi0.42   phi0.43   phi0.44   phi0.45   phi0.46   phi0.47    phi0.48
id   785.000  787.0000   868.000   873.000   880.000  882.0000   887.0000
A   4756.644  818.9546  1481.893  4848.836  1624.528  967.9852   559.4464
a  -3937.440 -653.2302 -1649.921 -4477.984 -1452.764 -840.5115 -1009.5033
     phi0.49   phi0.50   phi0.51   phi0.52   phi0.53   phi0.54   phi0.55
id  888.0000    892.00   894.000   901.000   908.000  911.0000  918.0000
A   310.6784  16297.85  8451.489 11554.305  7169.846  357.0247  586.1662
a  -165.5198 -14886.86 -6427.943 -5145.124 -6344.590 -389.0469 -665.3132
     phi0.56   phi0.57   phi0.58   phi0.59   phi0.60   phi0.61   phi0.62
id   919.000   921.000  922.0000 924.00000   976.000    985.00  1011.000
A   4864.628  9485.074  518.7761  20.50447 11223.306  17660.79  3281.833
a  -3691.389 -8343.640 -574.1622 -22.87891 -3701.443 -13608.44 -2003.186
     phi0.63   phi0.64   phi0.65
id 1013.0000  1020.000 1064.0000
A   271.0803 11042.101  513.2279
a  -303.0474 -5957.795 -243.2018
E =  0.00560 | E_L =  0.00560 | E_A =  0.00000 |  66 flippped triangles
        phi0    phi0.1    phi0.2     phi0.3    phi0.4    phi0.5    phi0.6
id   42.0000    65.000   83.0000   88.00000   140.000   145.000   149.000
A   205.9329  7138.726  175.3042 1805.78902  1759.919  2005.541  4091.214
a  -223.7060 -5298.291 -129.8517  -68.39334 -1711.419 -1958.996 -2256.774
      phi0.7    phi0.8    phi0.9   phi0.10   phi0.11   phi0.12   phi0.13
id  153.0000   154.000    156.00  157.0000  165.0000   166.000    180.00
A   538.7718  9370.543  15925.17  949.6514  127.5630 10290.321  12450.31
a  -292.9300 -8568.642 -12935.48 -792.5794 -114.1736 -3644.144 -11408.63
     phi0.14   phi0.15   phi0.16   phi0.17   phi0.18   phi0.19   phi0.20
id   181.000   183.000    189.00   191.000   271.000    273.00  276.0000
A   5242.186  5789.148  29752.06  1612.265  3688.486  15830.31  572.2544
a  -3680.960 -5372.901 -20177.91 -1291.916 -4496.158 -16330.16 -619.6658
     phi0.21   phi0.22   phi0.23   phi0.24   phi0.25   phi0.26   phi0.27
id  279.0000   280.000  282.0000   316.000   347.000   515.000   647.000
A   828.4590  1957.887 1062.6470 25655.265  1077.544  3367.324  1848.880
a  -640.1814 -2501.089 -940.1007 -6531.932 -1074.256 -3663.095 -2035.526
     phi0.28   phi0.29   phi0.30   phi0.31   phi0.32   phi0.33   phi0.34
id   649.000    652.00   725.000   726.000 741.00000  742.0000   746.000
A   7483.594  17711.91  7911.998  1128.226  33.29291  873.4045  1416.328
a  -6359.136 -15374.05 -6982.144 -1109.628 -29.23104 -908.5248 -1311.451
     phi0.35   phi0.36   phi0.37   phi0.38   phi0.39   phi0.40   phi0.41
id  749.0000   752.000  755.0000   771.000   772.000   776.000   780.000
A   137.1366  4133.705  652.9319  1805.354  1816.012  2377.496  3591.092
a  -146.0293 -4497.118 -559.2515 -1197.689 -2163.958 -1809.870 -4170.501
     phi0.42   phi0.43   phi0.44   phi0.45   phi0.46   phi0.47   phi0.48
id   785.000  787.0000   868.000   873.000   880.000  882.0000  887.0000
A   4756.644  818.9546  1481.893  4848.836  1624.528  967.9852  559.4464
a  -4394.117 -662.6163 -1600.624 -4332.255 -1389.157 -859.5901 -989.5184
     phi0.49   phi0.50   phi0.51   phi0.52   phi0.53   phi0.54   phi0.55
id  888.0000    892.00   894.000   901.000   908.000  911.0000  918.0000
A   310.6784  16297.85  8451.489 11554.305  7169.846  357.0247  586.1662
a  -187.6536 -15069.50 -5441.060 -5179.352 -5989.110 -396.3365 -674.4178
     phi0.56   phi0.57   phi0.58   phi0.59   phi0.60   phi0.61   phi0.62
id   919.000   921.000  922.0000 924.00000   976.000    985.00  1011.000
A   4864.628  9485.074  518.7761  20.50447 11223.306  17660.79  3281.833
a  -3514.140 -7968.983 -585.1422 -23.17732 -2421.841 -13286.80 -2059.003
     phi0.63   phi0.64   phi0.65
id 1013.0000  1020.000 1064.0000
A   271.0803 11042.101  513.2279
a  -311.6505 -5870.585 -130.6811
FIRE:  4  stops.  0 hits of maxmove.  0 hits of dtmax.
Frms = 6.44386281545835e-06; Ftanrms = 6.43983976295244e-06
E =  0.00763 | E_L =  0.00761 | E_A =  0.00003 |   0 flippped triangles
E =  0.00636 | E_L =  0.00635 | E_A =  0.00000 |   0 flippped triangles
E =  0.00616 | E_L =  0.00616 | E_A =  0.00000 |   0 flippped triangles
E =  0.00612 | E_L =  0.00612 | E_A =  0.00000 |   0 flippped triangles
E =  0.00612 | E_L =  0.00612 | E_A =  0.00000 |   0 flippped triangles
Optimising mapping with BFGS...
E =  0.00612 | E_L =  0.00612 | E_A =  0.00000 |   0 flippped triangles
Transforming image...
Mapping optimised. Error: 0.006115855 ; 0 flipped triangles.
Inferring coordinates of datapoints
Inferring coordinates of landmarks
Mapping optimised. Error: 0.006115855 ; 0 flipped triangles. OD displacement: 7.935693 degrees.
Computing Kernel Density estimates of datapoints

[1] 0.7
Saving developmental_retina/data/nAChR-B2/P12/GMB195-2/R-CONTRA/r.mat
