[1] "Adding old segment 1"
[1] "Adding old segment 3"
[1] "Adding old segment 6"
[1] "Adding old segment 5"
[1] "Adding old segment 4"
[1] "Intersection found. Old points:"
   X    Y 
1000 2729 
   X    Y 
1110 2619 
   X    Y 
1020 2659 
   X    Y 
1330 2819 
[1] "Point i+1 has been changed:"
   X    Y 
1000 2729 
       X        Y 
1052.979 2676.021 
   X    Y 
1020 2659 
   X    Y 
1330 2819 
[1] "a= 0.160388521050607"
[1] "l= 311.743007993844"
[1] "New points:"
   X    Y 
1000 2729 
       X        Y 
1052.979 2676.021 
       X        Y 
1285.569 2796.068 
   X    Y 
1330 2819 
[1] "Intersection found. Old points:"
    X     Y 
-3180 -2291 
    X     Y 
-2780 -1741 
    X     Y 
-2800 -1761 
    X     Y 
-2020 -1111 
[1] "Point i+1 has been changed:"
    X     Y 
-3180 -2291 
        X         Y 
-2786.154 -1749.462 
    X     Y 
-2800 -1761 
    X     Y 
-2020 -1111 
[1] "a= 0.0501349228652912"
[1] "l= 997.308804769607"
[1] "New points:"
    X     Y 
-3180 -2291 
        X         Y 
-2786.154 -1749.462 
        X         Y 
-2058.411 -1143.009 
    X     Y 
-2020 -1111 
[1] "Storing new segment 1"
[1] "Adding old segment 2"
[1] "Storing new segment 2"
simplify.outline: Removing vertex 43
Triangulating...
[1] "Non-adjacent points in rim connected by line: 16 14"
[1] "In triangle: 52"  "In triangle: 149"
[1] "Other points in triangles: 15 126"
[1] "Non-adjacent points in rim connected by line: 88 29"
[1] "In triangle: 126" "In triangle: 150"
[1] "Other points in triangles: 28 95"
[1] "Non-adjacent points in rim connected by line: 90 61"
[1] "In triangle: 40" "In triangle: 97"
[1] "Other points in triangles: 60 92"
Stitching...
Tear 1 child of rim
Tear 2 child of rim
Tear 3 child of rim
Tear 4 child of rim
Tear 5 child of rim
Tear 1 : Sf = 4399.89902436301 ; Sb = 4458.23877505059
  Forwards path
    i = 5 ; sf/Sf = 0.092292756682917 ; sf = 406.078810084939
      k =    6 ; sb/Sb = 0 ; sb = 0
      k =    7 ; sb/Sb = 0.0727865040804319 ; sb = 324.499614791759
      k =    8 ; sb/Sb = 0.137834612679485 ; sb = 614.499614791759
      Creating new point: f = 0.299874247270106
    i = 394 ; sf/Sf = 0.17110611484588 ; sf = 752.849627772933
      k =    6 ; sb/Sb = 0 ; sb = 0
      k =    7 ; sb/Sb = 0.0727865040804319 ; sb = 324.499614791759
      k =    8 ; sb/Sb = 0.137834612679485 ; sb = 614.499614791759
      k =    9 ; sb/Sb = 0.234154758983628 ; sb = 1043.91782586344
      Creating new point: f = 0.345426200468343
    i = 4 ; sf/Sf = 0.249919473008843 ; sf = 1099.62044546093
      k =    6 ; sb/Sb = 0 ; sb = 0
      k =    7 ; sb/Sb = 0.0727865040804319 ; sb = 324.499614791759
      k =    8 ; sb/Sb = 0.137834612679485 ; sb = 614.499614791759
      k =    9 ; sb/Sb = 0.234154758983628 ; sb = 1043.91782586344
      k =   10 ; sb/Sb = 0.352356701867281 ; sb = 1570.89031091365
      Creating new point: f = 0.133371022849703
    i = 3 ; sf/Sf = 0.309011738208643 ; sf = 1359.62044546093
      k =    6 ; sb/Sb = 0 ; sb = 0
      k =    7 ; sb/Sb = 0.0727865040804319 ; sb = 324.499614791759
      k =    8 ; sb/Sb = 0.137834612679485 ; sb = 614.499614791759
      k =    9 ; sb/Sb = 0.234154758983628 ; sb = 1043.91782586344
      k =   10 ; sb/Sb = 0.352356701867281 ; sb = 1570.89031091365
      Creating new point: f = 0.633297367190463
    i = 2 ; sf/Sf = 0.35947563110307 ; sf = 1581.65647857267
      k =    6 ; sb/Sb = 0 ; sb = 0
      k =    7 ; sb/Sb = 0.0727865040804319 ; sb = 324.499614791759
      k =    8 ; sb/Sb = 0.137834612679485 ; sb = 614.499614791759
      k =    9 ; sb/Sb = 0.234154758983628 ; sb = 1043.91782586344
      k =   10 ; sb/Sb = 0.352356701867281 ; sb = 1570.89031091365
      k =  410 ; sb/Sb = 0.43166007892547 ; sb = 1924.44370150693
      Creating new point: f = 0.0897682986509477
    i = 1 ; sf/Sf = 0.370839528256877 ; sf = 1631.65647857267
      k =    6 ; sb/Sb = 0 ; sb = 0
      k =    7 ; sb/Sb = 0.0727865040804319 ; sb = 324.499614791759
      k =    8 ; sb/Sb = 0.137834612679485 ; sb = 614.499614791759
      k =    9 ; sb/Sb = 0.234154758983628 ; sb = 1043.91782586344
      k =   10 ; sb/Sb = 0.352356701867281 ; sb = 1570.89031091365
      k =  410 ; sb/Sb = 0.43166007892547 ; sb = 1924.44370150693
      Creating new point: f = 0.233064808526806
    i = 93 ; sf/Sf = 0.47849072655986 ; sf = 2105.31088095748
      k =    6 ; sb/Sb = 0 ; sb = 0
      k =    7 ; sb/Sb = 0.0727865040804319 ; sb = 324.499614791759
      k =    8 ; sb/Sb = 0.137834612679485 ; sb = 614.499614791759
      k =    9 ; sb/Sb = 0.234154758983628 ; sb = 1043.91782586344
      k =   10 ; sb/Sb = 0.352356701867281 ; sb = 1570.89031091365
      k =  410 ; sb/Sb = 0.43166007892547 ; sb = 1924.44370150693
      k =   11 ; sb/Sb = 0.510963455983659 ; sb = 2277.9970921002
      Creating new point: f = 0.590525263508367
    i = 84 ; sf/Sf = 0.586141924862843 ; sf = 2578.96528334228
      k =    6 ; sb/Sb = 0 ; sb = 0
      k =    7 ; sb/Sb = 0.0727865040804319 ; sb = 324.499614791759
      k =    8 ; sb/Sb = 0.137834612679485 ; sb = 614.499614791759
      k =    9 ; sb/Sb = 0.234154758983628 ; sb = 1043.91782586344
      k =   10 ; sb/Sb = 0.352356701867281 ; sb = 1570.89031091365
      k =  410 ; sb/Sb = 0.43166007892547 ; sb = 1924.44370150693
      k =   11 ; sb/Sb = 0.510963455983659 ; sb = 2277.9970921002
      k =   99 ; sb/Sb = 0.639918647912691 ; sb = 2852.9101290023
      Creating new point: f = 0.582981326727483
    i = 149 ; sf/Sf = 0.662235813848355 ; sf = 2913.77071124962
      k =    6 ; sb/Sb = 0 ; sb = 0
      k =    7 ; sb/Sb = 0.0727865040804319 ; sb = 324.499614791759
      k =    8 ; sb/Sb = 0.137834612679485 ; sb = 614.499614791759
      k =    9 ; sb/Sb = 0.234154758983628 ; sb = 1043.91782586344
      k =   10 ; sb/Sb = 0.352356701867281 ; sb = 1570.89031091365
      k =  410 ; sb/Sb = 0.43166007892547 ; sb = 1924.44370150693
      k =   11 ; sb/Sb = 0.510963455983659 ; sb = 2277.9970921002
      k =   99 ; sb/Sb = 0.639918647912691 ; sb = 2852.9101290023
      k =  400 ; sb/Sb = 0.704396243877208 ; sb = 3140.36664745336
      Creating new point: f = 0.34612279818784
    i = 83 ; sf/Sf = 0.738329702833866 ; sf = 3248.57613915696
      k =    6 ; sb/Sb = 0 ; sb = 0
      k =    7 ; sb/Sb = 0.0727865040804319 ; sb = 324.499614791759
      k =    8 ; sb/Sb = 0.137834612679485 ; sb = 614.499614791759
      k =    9 ; sb/Sb = 0.234154758983628 ; sb = 1043.91782586344
      k =   10 ; sb/Sb = 0.352356701867281 ; sb = 1570.89031091365
      k =  410 ; sb/Sb = 0.43166007892547 ; sb = 1924.44370150693
      k =   11 ; sb/Sb = 0.510963455983659 ; sb = 2277.9970921002
      k =   99 ; sb/Sb = 0.639918647912691 ; sb = 2852.9101290023
      k =  400 ; sb/Sb = 0.704396243877208 ; sb = 3140.36664745336
      k =   12 ; sb/Sb = 0.768873839841724 ; sb = 3427.82316590441
      Creating new point: f = 0.526282942920717
    i = 82 ; sf/Sf = 0.829609459559331 ; sf = 3650.19785171742
      k =    6 ; sb/Sb = 0 ; sb = 0
      k =    7 ; sb/Sb = 0.0727865040804319 ; sb = 324.499614791759
      k =    8 ; sb/Sb = 0.137834612679485 ; sb = 614.499614791759
      k =    9 ; sb/Sb = 0.234154758983628 ; sb = 1043.91782586344
      k =   10 ; sb/Sb = 0.352356701867281 ; sb = 1570.89031091365
      k =  410 ; sb/Sb = 0.43166007892547 ; sb = 1924.44370150693
      k =   11 ; sb/Sb = 0.510963455983659 ; sb = 2277.9970921002
      k =   99 ; sb/Sb = 0.639918647912691 ; sb = 2852.9101290023
      k =  400 ; sb/Sb = 0.704396243877208 ; sb = 3140.36664745336
      k =   12 ; sb/Sb = 0.768873839841724 ; sb = 3427.82316590441
      k =   13 ; sb/Sb = 0.813396877397186 ; sb = 3626.3174983172
      k =   14 ; sb/Sb = 0.913708596455994 ; sb = 4073.53109381716
      Creating new point: f = 0.161622014997477
    i = 81 ; sf/Sf = 0.879610607036085 ; sf = 3870.19785171742
      k =    6 ; sb/Sb = 0 ; sb = 0
      k =    7 ; sb/Sb = 0.0727865040804319 ; sb = 324.499614791759
      k =    8 ; sb/Sb = 0.137834612679485 ; sb = 614.499614791759
      k =    9 ; sb/Sb = 0.234154758983628 ; sb = 1043.91782586344
      k =   10 ; sb/Sb = 0.352356701867281 ; sb = 1570.89031091365
      k =  410 ; sb/Sb = 0.43166007892547 ; sb = 1924.44370150693
      k =   11 ; sb/Sb = 0.510963455983659 ; sb = 2277.9970921002
      k =   99 ; sb/Sb = 0.639918647912691 ; sb = 2852.9101290023
      k =  400 ; sb/Sb = 0.704396243877208 ; sb = 3140.36664745336
      k =   12 ; sb/Sb = 0.768873839841724 ; sb = 3427.82316590441
      k =   13 ; sb/Sb = 0.813396877397186 ; sb = 3626.3174983172
      k =   14 ; sb/Sb = 0.913708596455994 ; sb = 4073.53109381716
      Creating new point: f = 0.660079702154055
    i = 80 ; sf/Sf = 0.927769939745964 ; sf = 4082.09405272159
      k =    6 ; sb/Sb = 0 ; sb = 0
      k =    7 ; sb/Sb = 0.0727865040804319 ; sb = 324.499614791759
      k =    8 ; sb/Sb = 0.137834612679485 ; sb = 614.499614791759
      k =    9 ; sb/Sb = 0.234154758983628 ; sb = 1043.91782586344
      k =   10 ; sb/Sb = 0.352356701867281 ; sb = 1570.89031091365
      k =  410 ; sb/Sb = 0.43166007892547 ; sb = 1924.44370150693
      k =   11 ; sb/Sb = 0.510963455983659 ; sb = 2277.9970921002
      k =   99 ; sb/Sb = 0.639918647912691 ; sb = 2852.9101290023
      k =  400 ; sb/Sb = 0.704396243877208 ; sb = 3140.36664745336
      k =   12 ; sb/Sb = 0.768873839841724 ; sb = 3427.82316590441
      k =   13 ; sb/Sb = 0.813396877397186 ; sb = 3626.3174983172
      k =   14 ; sb/Sb = 0.913708596455994 ; sb = 4073.53109381716
      k =   15 ; sb/Sb = 1 ; sb = 4458.23877505058
      Creating new point: f = 0.16295184354951
Tear 2 : Sf = 1776.09762222343 ; Sb = 2210.93505407253
  Forwards path
    i = 23 ; sf/Sf = 0.123867065214912 ; sf = 220
      k =   24 ; sb/Sb = 0 ; sb = 0
      k =   25 ; sb/Sb = 0.154709486784644 ; sb = 342.052627529741
      Creating new point: f = 0.800642984404281
    i = 22 ; sf/Sf = 0.412390124195898 ; sf = 732.445119012758
      k =   24 ; sb/Sb = 0 ; sb = 0
      k =   25 ; sb/Sb = 0.154709486784644 ; sb = 342.052627529741
      k =   26 ; sb/Sb = 0.329415730464241 ; sb = 728.316785846301
      k =  124 ; sb/Sb = 0.477296896798451 ; sb = 1055.27244033174
      Creating new point: f = 0.561088310218861
    i = 409 ; sf/Sf = 0.597528405354962 ; sf = 1061.26877996191
      k =   24 ; sb/Sb = 0 ; sb = 0
      k =   25 ; sb/Sb = 0.154709486784644 ; sb = 342.052627529741
      k =   26 ; sb/Sb = 0.329415730464241 ; sb = 728.316785846301
      k =  124 ; sb/Sb = 0.477296896798451 ; sb = 1055.27244033174
      k =   27 ; sb/Sb = 0.625178063132661 ; sb = 1382.22809481717
      Creating new point: f = 0.81302786241751
    i = 21 ; sf/Sf = 0.782666686514027 ; sf = 1390.09244091105
      k =   24 ; sb/Sb = 0 ; sb = 0
      k =   25 ; sb/Sb = 0.154709486784644 ; sb = 342.052627529741
      k =   26 ; sb/Sb = 0.329415730464241 ; sb = 728.316785846301
      k =  124 ; sb/Sb = 0.477296896798451 ; sb = 1055.27244033174
      k =   27 ; sb/Sb = 0.625178063132661 ; sb = 1382.22809481717
      k =   87 ; sb/Sb = 0.709323783181435 ; sb = 1568.26881692318
      k =   88 ; sb/Sb = 0.767217840161636 ; sb = 1696.26881692318
      k =   28 ; sb/Sb = 0.825111897141838 ; sb = 1824.26881692318
      Creating new point: f = 0.266846843324078
Tear 3 : Sf = 2526.91614011324 ; Sb = 2409.71157842279
  Forwards path
    i = 69 ; sf/Sf = 0.133029632817323 ; sf = 336.154726279432
      k =   70 ; sb/Sb = 0 ; sb = 0
      k =   71 ; sb/Sb = 0.10207340983354 ; sb = 245.967477524977
      k =   72 ; sb/Sb = 0.223061995087004 ; sb = 537.515072267242
      Creating new point: f = 0.255860690650537
    i = 68 ; sf/Sf = 0.313036641914737 ; sf = 791.017342901199
      k =   70 ; sb/Sb = 0 ; sb = 0
      k =   71 ; sb/Sb = 0.10207340983354 ; sb = 245.967477524977
      k =   72 ; sb/Sb = 0.223061995087004 ; sb = 537.515072267242
      k =   73 ; sb/Sb = 0.385756119640639 ; sb = 929.560987945495
      Creating new point: f = 0.553029478320656
    i = 175 ; sf/Sf = 0.437710221318266 ; sf = 1106.05702294167
      k =   70 ; sb/Sb = 0 ; sb = 0
      k =   71 ; sb/Sb = 0.10207340983354 ; sb = 245.967477524977
      k =   72 ; sb/Sb = 0.223061995087004 ; sb = 537.515072267242
      k =   73 ; sb/Sb = 0.385756119640639 ; sb = 929.560987945495
      k =   74 ; sb/Sb = 0.618482310083504 ; sb = 1490.36398365789
      Creating new point: f = 0.223241318816592
    i = 67 ; sf/Sf = 0.562383800721795 ; sf = 1421.09670298213
      k =   70 ; sb/Sb = 0 ; sb = 0
      k =   71 ; sb/Sb = 0.10207340983354 ; sb = 245.967477524977
      k =   72 ; sb/Sb = 0.223061995087004 ; sb = 537.515072267242
      k =   73 ; sb/Sb = 0.385756119640639 ; sb = 929.560987945495
      k =   74 ; sb/Sb = 0.618482310083504 ; sb = 1490.36398365789
      Creating new point: f = 0.758950596600421
    i = 66 ; sf/Sf = 0.677760638961151 ; sf = 1712.6442977244
      k =   70 ; sb/Sb = 0 ; sb = 0
      k =   71 ; sb/Sb = 0.10207340983354 ; sb = 245.967477524977
      k =   72 ; sb/Sb = 0.223061995087004 ; sb = 537.515072267242
      k =   73 ; sb/Sb = 0.385756119640639 ; sb = 929.560987945495
      k =   74 ; sb/Sb = 0.618482310083504 ; sb = 1490.36398365789
      k =  282 ; sb/Sb = 0.809241155041752 ; sb = 1950.03778104034
      Creating new point: f = 0.310750093347554
    i = 65 ; sf/Sf = 0.770485318881356 ; sf = 1946.9517880016
      k =   70 ; sb/Sb = 0 ; sb = 0
      k =   71 ; sb/Sb = 0.10207340983354 ; sb = 245.967477524977
      k =   72 ; sb/Sb = 0.223061995087004 ; sb = 537.515072267242
      k =   73 ; sb/Sb = 0.385756119640639 ; sb = 929.560987945495
      k =   74 ; sb/Sb = 0.618482310083504 ; sb = 1490.36398365789
      k =  282 ; sb/Sb = 0.809241155041752 ; sb = 1950.03778104034
      Creating new point: f = 0.796833346475344
    i = 64 ; sf/Sf = 0.860814491498868 ; sf = 2175.20603221186
      k =   70 ; sb/Sb = 0 ; sb = 0
      k =   71 ; sb/Sb = 0.10207340983354 ; sb = 245.967477524977
      k =   72 ; sb/Sb = 0.223061995087004 ; sb = 537.515072267242
      k =   73 ; sb/Sb = 0.385756119640639 ; sb = 929.560987945495
      k =   74 ; sb/Sb = 0.618482310083504 ; sb = 1490.36398365789
      k =  282 ; sb/Sb = 0.809241155041752 ; sb = 1950.03778104034
      k =   75 ; sb/Sb = 1 ; sb = 2409.71157842279
      Creating new point: f = 0.270358821203828
Tear 4 : Sf = 1706.45838751914 ; Sb = 2503.31405288792
  Forwards path
    i = 53 ; sf/Sf = 0.276171320768665 ; sf = 471.274866717927
      k =   54 ; sb/Sb = 0 ; sb = 0
      k =   55 ; sb/Sb = 0.116464649893178 ; sb = 291.547594742265
      k =   56 ; sb/Sb = 0.279661897895285 ; sb = 700.081559058575
      Creating new point: f = 0.978611299091422
    i = 52 ; sf/Sf = 0.549656147000848 ; sf = 937.965342301049
      k =   54 ; sb/Sb = 0 ; sb = 0
      k =   55 ; sb/Sb = 0.116464649893178 ; sb = 291.547594742265
      k =   56 ; sb/Sb = 0.279661897895285 ; sb = 700.081559058575
      k =   97 ; sb/Sb = 0.428125778507553 ; sb = 1071.73327774154
      k =   57 ; sb/Sb = 0.57658965911982 ; sb = 1443.3849964245
      Creating new point: f = 0.818585422879304
    i = 51 ; sf/Sf = 0.776086269500919 ; sf = 1324.35892402828
      k =   54 ; sb/Sb = 0 ; sb = 0
      k =   55 ; sb/Sb = 0.116464649893178 ; sb = 291.547594742265
      k =   56 ; sb/Sb = 0.279661897895285 ; sb = 700.081559058575
      k =   97 ; sb/Sb = 0.428125778507553 ; sb = 1071.73327774154
      k =   57 ; sb/Sb = 0.57658965911982 ; sb = 1443.3849964245
      k =   58 ; sb/Sb = 0.64461702606677 ; sb = 1613.67886008376
      k =   59 ; sb/Sb = 0.79285232474114 ; sb = 1984.75836638935
      Creating new point: f = 0.886895662570553
Tear 5 : Sf = 3034.59378544976 ; Sb = 2567.06292271281
  Forwards path
    i = 38 ; sf/Sf = 0.119951967281208 ; sf = 364.005494464026
      k =   39 ; sb/Sb = 0 ; sb = 0
      k =   40 ; sb/Sb = 0.149101598092347 ; sb = 382.753184180093
      Creating new point: f = 0.804498199991891
    i = 37 ; sf/Sf = 0.234722351711341 ; sf = 712.286989809386
      k =   39 ; sb/Sb = 0 ; sb = 0
      k =   40 ; sb/Sb = 0.149101598092347 ; sb = 382.753184180093
      k =   41 ; sb/Sb = 0.271422857374265 ; sb = 696.759553542244
      Creating new point: f = 0.699966253794528
    i = 303 ; sf/Sf = 0.365086030301165 ; sf = 1107.88779870644
      k =   39 ; sb/Sb = 0 ; sb = 0
      k =   40 ; sb/Sb = 0.149101598092347 ; sb = 382.753184180093
      k =   41 ; sb/Sb = 0.271422857374265 ; sb = 696.759553542244
      k =   42 ; sb/Sb = 0.424194114967013 ; sb = 1088.9329845648
      Creating new point: f = 0.613094206349885
    i = 36 ; sf/Sf = 0.495449708890989 ; sf = 1503.48860760349
      k =   39 ; sb/Sb = 0 ; sb = 0
      k =   40 ; sb/Sb = 0.149101598092347 ; sb = 382.753184180093
      k =   41 ; sb/Sb = 0.271422857374265 ; sb = 696.759553542244
      k =   42 ; sb/Sb = 0.424194114967013 ; sb = 1088.9329845648
      k =   43 ; sb/Sb = 0.605784708913049 ; sb = 1555.08746539706
      Creating new point: f = 0.39239694290086
    i = 259 ; sf/Sf = 0.675339935113587 ; sf = 2049.38237016173
      k =   39 ; sb/Sb = 0 ; sb = 0
      k =   40 ; sb/Sb = 0.149101598092347 ; sb = 382.753184180093
      k =   41 ; sb/Sb = 0.271422857374265 ; sb = 696.759553542244
      k =   42 ; sb/Sb = 0.424194114967013 ; sb = 1088.9329845648
      k =   43 ; sb/Sb = 0.605784708913049 ; sb = 1555.08746539706
      k =   44 ; sb/Sb = 0.821273259093577 ; sb = 2108.26013283464
      Creating new point: f = 0.322779220252155
    i = 35 ; sf/Sf = 0.855230161336185 ; sf = 2595.27613271998
      k =   39 ; sb/Sb = 0 ; sb = 0
      k =   40 ; sb/Sb = 0.149101598092347 ; sb = 382.753184180093
      k =   41 ; sb/Sb = 0.271422857374265 ; sb = 696.759553542244
      k =   42 ; sb/Sb = 0.424194114967013 ; sb = 1088.9329845648
      k =   43 ; sb/Sb = 0.605784708913049 ; sb = 1555.08746539706
      k =   44 ; sb/Sb = 0.821273259093577 ; sb = 2108.26013283464
      k =   45 ; sb/Sb = 1 ; sb = 2567.06292271281
      Creating new point: f = 0.189993405969325
Tear 1 : Sf = 4458.23877505058 ; Sb = 4399.89902436301
  Backwards path
    i = 7 ; sf/Sf = 0.0727865040804319 ; sf = 324.499614791759
      k =    6 ; sb/Sb = 0 ; sb = 0
      k =    5 ; sb/Sb = 0.092292756682917 ; sb = 406.078810084939
      Creating new point: f = 0.788648066180305
    i = 8 ; sf/Sf = 0.137834612679485 ; sf = 614.499614791759
      k =    6 ; sb/Sb = 0 ; sb = 0
      k =    5 ; sb/Sb = 0.092292756682917 ; sb = 406.078810084939
      k =  394 ; sb/Sb = 0.17110611484588 ; sb = 752.849627772933
      Creating new point: f = 0.577844378898316
    i = 9 ; sf/Sf = 0.234154758983628 ; sf = 1043.91782586344
      k =    6 ; sb/Sb = 0 ; sb = 0
      k =    5 ; sb/Sb = 0.092292756682917 ; sb = 406.078810084939
      k =  394 ; sb/Sb = 0.17110611484588 ; sb = 752.849627772933
      k =    4 ; sb/Sb = 0.249919473008843 ; sb = 1099.62044546093
      Creating new point: f = 0.799974085704888
    i = 10 ; sf/Sf = 0.352356701867281 ; sf = 1570.89031091365
      k =    6 ; sb/Sb = 0 ; sb = 0
      k =    5 ; sb/Sb = 0.092292756682917 ; sb = 406.078810084939
      k =  394 ; sb/Sb = 0.17110611484588 ; sb = 752.849627772933
      k =    4 ; sb/Sb = 0.249919473008843 ; sb = 1099.62044546093
      k =    3 ; sb/Sb = 0.309011738208643 ; sb = 1359.62044546093
      k =    2 ; sb/Sb = 0.35947563110307 ; sb = 1581.65647857267
      Creating new point: f = 0.858930240465566
    i = 410 ; sf/Sf = 0.43166007892547 ; sf = 1924.44370150693
      k =    6 ; sb/Sb = 0 ; sb = 0
      k =    5 ; sb/Sb = 0.092292756682917 ; sb = 406.078810084939
      k =  394 ; sb/Sb = 0.17110611484588 ; sb = 752.849627772933
      k =    4 ; sb/Sb = 0.249919473008843 ; sb = 1099.62044546093
      k =    3 ; sb/Sb = 0.309011738208643 ; sb = 1359.62044546093
      k =    2 ; sb/Sb = 0.35947563110307 ; sb = 1581.65647857267
      k =    1 ; sb/Sb = 0.370839528256877 ; sb = 1631.65647857267
      k =   93 ; sb/Sb = 0.47849072655986 ; sb = 2105.31088095748
      Creating new point: f = 0.564977925256477
    i = 11 ; sf/Sf = 0.510963455983659 ; sf = 2277.9970921002
      k =    6 ; sb/Sb = 0 ; sb = 0
      k =    5 ; sb/Sb = 0.092292756682917 ; sb = 406.078810084939
      k =  394 ; sb/Sb = 0.17110611484588 ; sb = 752.849627772933
      k =    4 ; sb/Sb = 0.249919473008843 ; sb = 1099.62044546093
      k =    3 ; sb/Sb = 0.309011738208643 ; sb = 1359.62044546093
      k =    2 ; sb/Sb = 0.35947563110307 ; sb = 1581.65647857267
      k =    1 ; sb/Sb = 0.370839528256877 ; sb = 1631.65647857267
      k =   93 ; sb/Sb = 0.47849072655986 ; sb = 2105.31088095748
      k =   84 ; sb/Sb = 0.586141924862843 ; sb = 2578.96528334228
      Creating new point: f = 0.30164763547178
    i = 99 ; sf/Sf = 0.639918647912692 ; sf = 2852.9101290023
      k =    6 ; sb/Sb = 0 ; sb = 0
      k =    5 ; sb/Sb = 0.092292756682917 ; sb = 406.078810084939
      k =  394 ; sb/Sb = 0.17110611484588 ; sb = 752.849627772933
      k =    4 ; sb/Sb = 0.249919473008843 ; sb = 1099.62044546093
      k =    3 ; sb/Sb = 0.309011738208643 ; sb = 1359.62044546093
      k =    2 ; sb/Sb = 0.35947563110307 ; sb = 1581.65647857267
      k =    1 ; sb/Sb = 0.370839528256877 ; sb = 1631.65647857267
      k =   93 ; sb/Sb = 0.47849072655986 ; sb = 2105.31088095748
      k =   84 ; sb/Sb = 0.586141924862843 ; sb = 2578.96528334228
      k =  149 ; sb/Sb = 0.662235813848355 ; sb = 2913.77071124962
      Creating new point: f = 0.706715398132531
    i = 400 ; sf/Sf = 0.704396243877208 ; sf = 3140.36664745336
      k =    6 ; sb/Sb = 0 ; sb = 0
      k =    5 ; sb/Sb = 0.092292756682917 ; sb = 406.078810084939
      k =  394 ; sb/Sb = 0.17110611484588 ; sb = 752.849627772933
      k =    4 ; sb/Sb = 0.249919473008843 ; sb = 1099.62044546093
      k =    3 ; sb/Sb = 0.309011738208643 ; sb = 1359.62044546093
      k =    2 ; sb/Sb = 0.35947563110307 ; sb = 1581.65647857267
      k =    1 ; sb/Sb = 0.370839528256877 ; sb = 1631.65647857267
      k =   93 ; sb/Sb = 0.47849072655986 ; sb = 2105.31088095748
      k =   84 ; sb/Sb = 0.586141924862843 ; sb = 2578.96528334228
      k =  149 ; sb/Sb = 0.662235813848355 ; sb = 2913.77071124962
      k =   83 ; sb/Sb = 0.738329702833866 ; sb = 3248.57613915696
      Creating new point: f = 0.554058027404547
    i = 12 ; sf/Sf = 0.768873839841724 ; sf = 3427.82316590441
      k =    6 ; sb/Sb = 0 ; sb = 0
      k =    5 ; sb/Sb = 0.092292756682917 ; sb = 406.078810084939
      k =  394 ; sb/Sb = 0.17110611484588 ; sb = 752.849627772933
      k =    4 ; sb/Sb = 0.249919473008843 ; sb = 1099.62044546093
      k =    3 ; sb/Sb = 0.309011738208643 ; sb = 1359.62044546093
      k =    2 ; sb/Sb = 0.35947563110307 ; sb = 1581.65647857267
      k =    1 ; sb/Sb = 0.370839528256877 ; sb = 1631.65647857267
      k =   93 ; sb/Sb = 0.47849072655986 ; sb = 2105.31088095748
      k =   84 ; sb/Sb = 0.586141924862843 ; sb = 2578.96528334228
      k =  149 ; sb/Sb = 0.662235813848355 ; sb = 2913.77071124962
      k =   83 ; sb/Sb = 0.738329702833866 ; sb = 3248.57613915696
      k =   82 ; sb/Sb = 0.829609459559331 ; sb = 3650.19785171742
      Creating new point: f = 0.334621148254407
    i = 13 ; sf/Sf = 0.813396877397186 ; sf = 3626.3174983172
      k =    6 ; sb/Sb = 0 ; sb = 0
      k =    5 ; sb/Sb = 0.092292756682917 ; sb = 406.078810084939
      k =  394 ; sb/Sb = 0.17110611484588 ; sb = 752.849627772933
      k =    4 ; sb/Sb = 0.249919473008843 ; sb = 1099.62044546093
      k =    3 ; sb/Sb = 0.309011738208643 ; sb = 1359.62044546093
      k =    2 ; sb/Sb = 0.35947563110307 ; sb = 1581.65647857267
      k =    1 ; sb/Sb = 0.370839528256877 ; sb = 1631.65647857267
      k =   93 ; sb/Sb = 0.47849072655986 ; sb = 2105.31088095748
      k =   84 ; sb/Sb = 0.586141924862843 ; sb = 2578.96528334228
      k =  149 ; sb/Sb = 0.662235813848355 ; sb = 2913.77071124962
      k =   83 ; sb/Sb = 0.738329702833866 ; sb = 3248.57613915696
      k =   82 ; sb/Sb = 0.829609459559331 ; sb = 3650.19785171742
      Creating new point: f = 0.822385786906657
    i = 14 ; sf/Sf = 0.913708596455994 ; sf = 4073.53109381716
      k =    6 ; sb/Sb = 0 ; sb = 0
      k =    5 ; sb/Sb = 0.092292756682917 ; sb = 406.078810084939
      k =  394 ; sb/Sb = 0.17110611484588 ; sb = 752.849627772933
      k =    4 ; sb/Sb = 0.249919473008843 ; sb = 1099.62044546093
      k =    3 ; sb/Sb = 0.309011738208643 ; sb = 1359.62044546093
      k =    2 ; sb/Sb = 0.35947563110307 ; sb = 1581.65647857267
      k =    1 ; sb/Sb = 0.370839528256877 ; sb = 1631.65647857267
      k =   93 ; sb/Sb = 0.47849072655986 ; sb = 2105.31088095748
      k =   84 ; sb/Sb = 0.586141924862843 ; sb = 2578.96528334228
      k =  149 ; sb/Sb = 0.662235813848355 ; sb = 2913.77071124962
      k =   83 ; sb/Sb = 0.738329702833866 ; sb = 3248.57613915696
      k =   82 ; sb/Sb = 0.829609459559331 ; sb = 3650.19785171742
      k =   81 ; sb/Sb = 0.879610607036085 ; sb = 3870.19785171742
      k =   80 ; sb/Sb = 0.927769939745964 ; sb = 4082.09405272159
      Creating new point: f = 0.708024540649717
Tear 2 : Sf = 2210.93505407253 ; Sb = 1776.09762222343
  Backwards path
    i = 25 ; sf/Sf = 0.154709486784644 ; sf = 342.052627529741
      k =   24 ; sb/Sb = 0 ; sb = 0
      k =   23 ; sb/Sb = 0.123867065214912 ; sb = 220
      k =   22 ; sb/Sb = 0.412390124195898 ; sb = 732.445119012758
      Creating new point: f = 0.106897596603413
    i = 26 ; sf/Sf = 0.329415730464241 ; sf = 728.316785846301
      k =   24 ; sb/Sb = 0 ; sb = 0
      k =   23 ; sb/Sb = 0.123867065214912 ; sb = 220
      k =   22 ; sb/Sb = 0.412390124195898 ; sb = 732.445119012758
      Creating new point: f = 0.712416768265567
    i = 124 ; sf/Sf = 0.477296896798451 ; sf = 1055.27244033174
      k =   24 ; sb/Sb = 0 ; sb = 0
      k =   23 ; sb/Sb = 0.123867065214912 ; sb = 220
      k =   22 ; sb/Sb = 0.412390124195898 ; sb = 732.445119012758
      k =  409 ; sb/Sb = 0.597528405354962 ; sb = 1061.26877996191
      Creating new point: f = 0.350585368926419
    i = 27 ; sf/Sf = 0.625178063132661 ; sf = 1382.22809481717
      k =   24 ; sb/Sb = 0 ; sb = 0
      k =   23 ; sb/Sb = 0.123867065214912 ; sb = 220
      k =   22 ; sb/Sb = 0.412390124195898 ; sb = 732.445119012758
      k =  409 ; sb/Sb = 0.597528405354962 ; sb = 1061.26877996191
      k =   21 ; sb/Sb = 0.782666686514027 ; sb = 1390.09244091105
      Creating new point: f = 0.149345978609056
    i = 87 ; sf/Sf = 0.709323783181435 ; sf = 1568.26881692318
      k =   24 ; sb/Sb = 0 ; sb = 0
      k =   23 ; sb/Sb = 0.123867065214912 ; sb = 220
      k =   22 ; sb/Sb = 0.412390124195898 ; sb = 732.445119012758
      k =  409 ; sb/Sb = 0.597528405354962 ; sb = 1061.26877996191
      k =   21 ; sb/Sb = 0.782666686514027 ; sb = 1390.09244091105
      Creating new point: f = 0.603847983931651
    i = 88 ; sf/Sf = 0.767217840161636 ; sf = 1696.26881692318
      k =   24 ; sb/Sb = 0 ; sb = 0
      k =   23 ; sb/Sb = 0.123867065214912 ; sb = 220
      k =   22 ; sb/Sb = 0.412390124195898 ; sb = 732.445119012758
      k =  409 ; sb/Sb = 0.597528405354962 ; sb = 1061.26877996191
      k =   21 ; sb/Sb = 0.782666686514027 ; sb = 1390.09244091105
      Creating new point: f = 0.916555094626173
    i = 28 ; sf/Sf = 0.825111897141838 ; sf = 1824.26881692318
      k =   24 ; sb/Sb = 0 ; sb = 0
      k =   23 ; sb/Sb = 0.123867065214912 ; sb = 220
      k =   22 ; sb/Sb = 0.412390124195898 ; sb = 732.445119012758
      k =  409 ; sb/Sb = 0.597528405354962 ; sb = 1061.26877996191
      k =   21 ; sb/Sb = 0.782666686514027 ; sb = 1390.09244091105
      k =   20 ; sb/Sb = 1 ; sb = 1776.09762222343
      Creating new point: f = 0.195300066736202
    i = 29 ; sf/Sf = 0.858999472906446 ; sf = 1899.19204607869
      k =   24 ; sb/Sb = 0 ; sb = 0
      k =   23 ; sb/Sb = 0.123867065214912 ; sb = 220
      k =   22 ; sb/Sb = 0.412390124195898 ; sb = 732.445119012758
      k =  409 ; sb/Sb = 0.597528405354962 ; sb = 1061.26877996191
      k =   21 ; sb/Sb = 0.782666686514027 ; sb = 1390.09244091105
      k =   20 ; sb/Sb = 1 ; sb = 1776.09762222343
      Creating new point: f = 0.351224509340327
    i = 30 ; sf/Sf = 0.977385133992109 ; sf = 2160.93505407253
      k =   24 ; sb/Sb = 0 ; sb = 0
      k =   23 ; sb/Sb = 0.123867065214912 ; sb = 220
      k =   22 ; sb/Sb = 0.412390124195898 ; sb = 732.445119012758
      k =  409 ; sb/Sb = 0.597528405354962 ; sb = 1061.26877996191
      k =   21 ; sb/Sb = 0.782666686514027 ; sb = 1390.09244091105
      k =   20 ; sb/Sb = 1 ; sb = 1776.09762222343
      Creating new point: f = 0.895943858559213
Tear 3 : Sf = 2409.71157842279 ; Sb = 2526.91614011324
  Backwards path
    i = 71 ; sf/Sf = 0.10207340983354 ; sf = 245.967477524977
      k =   70 ; sb/Sb = 0 ; sb = 0
      k =   69 ; sb/Sb = 0.133029632817323 ; sb = 336.154726279432
      Creating new point: f = 0.767298290402019
    i = 72 ; sf/Sf = 0.223061995087004 ; sf = 537.515072267242
      k =   70 ; sb/Sb = 0 ; sb = 0
      k =   69 ; sb/Sb = 0.133029632817323 ; sb = 336.154726279432
      k =   68 ; sb/Sb = 0.313036641914737 ; sb = 791.017342901199
      Creating new point: f = 0.500160314429528
    i = 73 ; sf/Sf = 0.385756119640639 ; sf = 929.560987945495
      k =   70 ; sb/Sb = 0 ; sb = 0
      k =   69 ; sb/Sb = 0.133029632817323 ; sb = 336.154726279432
      k =   68 ; sb/Sb = 0.313036641914737 ; sb = 791.017342901199
      k =  175 ; sb/Sb = 0.437710221318266 ; sb = 1106.05702294167
      Creating new point: f = 0.583278975977199
    i = 74 ; sf/Sf = 0.618482310083504 ; sf = 1490.36398365789
      k =   70 ; sb/Sb = 0 ; sb = 0
      k =   69 ; sb/Sb = 0.133029632817323 ; sb = 336.154726279432
      k =   68 ; sb/Sb = 0.313036641914737 ; sb = 791.017342901199
      k =  175 ; sb/Sb = 0.437710221318266 ; sb = 1106.05702294167
      k =   67 ; sb/Sb = 0.562383800721795 ; sb = 1421.09670298213
      k =   66 ; sb/Sb = 0.677760638961151 ; sb = 1712.6442977244
      Creating new point: f = 0.486219853289179
    i = 282 ; sf/Sf = 0.809241155041752 ; sf = 1950.03778104034
      k =   70 ; sb/Sb = 0 ; sb = 0
      k =   69 ; sb/Sb = 0.133029632817323 ; sb = 336.154726279432
      k =   68 ; sb/Sb = 0.313036641914737 ; sb = 791.017342901199
      k =  175 ; sb/Sb = 0.437710221318266 ; sb = 1106.05702294167
      k =   67 ; sb/Sb = 0.562383800721795 ; sb = 1421.09670298213
      k =   66 ; sb/Sb = 0.677760638961151 ; sb = 1712.6442977244
      k =   65 ; sb/Sb = 0.770485318881356 ; sb = 1946.9517880016
      k =   64 ; sb/Sb = 0.860814491498868 ; sb = 2175.20603221186
      Creating new point: f = 0.429051158527743
Tear 4 : Sf = 2503.31405288792 ; Sb = 1706.45838751914
  Backwards path
    i = 55 ; sf/Sf = 0.116464649893178 ; sf = 291.547594742265
      k =   54 ; sb/Sb = 0 ; sb = 0
      k =   53 ; sb/Sb = 0.276171320768665 ; sb = 471.274866717927
      Creating new point: f = 0.421711601222832
    i = 56 ; sf/Sf = 0.279661897895285 ; sf = 700.081559058575
      k =   54 ; sb/Sb = 0 ; sb = 0
      k =   53 ; sb/Sb = 0.276171320768665 ; sb = 471.274866717927
      k =   52 ; sb/Sb = 0.549656147000848 ; sb = 937.965342301049
      Creating new point: f = 0.0127633301441621
    i = 97 ; sf/Sf = 0.428125778507553 ; sf = 1071.73327774154
      k =   54 ; sb/Sb = 0 ; sb = 0
      k =   53 ; sb/Sb = 0.276171320768665 ; sb = 471.274866717927
      k =   52 ; sb/Sb = 0.549656147000848 ; sb = 937.965342301049
      Creating new point: f = 0.555622993174332
    i = 57 ; sf/Sf = 0.57658965911982 ; sf = 1443.3849964245
      k =   54 ; sb/Sb = 0 ; sb = 0
      k =   53 ; sb/Sb = 0.276171320768665 ; sb = 471.274866717927
      k =   52 ; sb/Sb = 0.549656147000848 ; sb = 937.965342301049
      k =   51 ; sb/Sb = 0.776086269500919 ; sb = 1324.35892402828
      Creating new point: f = 0.118948450063058
    i = 58 ; sf/Sf = 0.64461702606677 ; sf = 1613.67886008376
      k =   54 ; sb/Sb = 0 ; sb = 0
      k =   53 ; sb/Sb = 0.276171320768665 ; sb = 471.274866717927
      k =   52 ; sb/Sb = 0.549656147000848 ; sb = 937.965342301049
      k =   51 ; sb/Sb = 0.776086269500919 ; sb = 1324.35892402828
      Creating new point: f = 0.419382712942233
    i = 59 ; sf/Sf = 0.79285232474114 ; sf = 1984.75836638935
      k =   54 ; sb/Sb = 0 ; sb = 0
      k =   53 ; sb/Sb = 0.276171320768665 ; sb = 471.274866717927
      k =   52 ; sb/Sb = 0.549656147000848 ; sb = 937.965342301049
      k =   51 ; sb/Sb = 0.776086269500919 ; sb = 1324.35892402828
      k =   50 ; sb/Sb = 1 ; sb = 1706.45838751914
      Creating new point: f = 0.0748772985151521
    i = 89 ; sf/Sf = 0.897735563899915 ; sf = 2247.31405288792
      k =   54 ; sb/Sb = 0 ; sb = 0
      k =   53 ; sb/Sb = 0.276171320768665 ; sb = 471.274866717927
      k =   52 ; sb/Sb = 0.549656147000848 ; sb = 937.965342301049
      k =   51 ; sb/Sb = 0.776086269500919 ; sb = 1324.35892402828
      k =   50 ; sb/Sb = 1 ; sb = 1706.45838751914
      Creating new point: f = 0.543286443970419
    i = 90 ; sf/Sf = 0.948867781949958 ; sf = 2375.31405288792
      k =   54 ; sb/Sb = 0 ; sb = 0
      k =   53 ; sb/Sb = 0.276171320768665 ; sb = 471.274866717927
      k =   52 ; sb/Sb = 0.549656147000848 ; sb = 937.965342301049
      k =   51 ; sb/Sb = 0.776086269500919 ; sb = 1324.35892402828
      k =   50 ; sb/Sb = 1 ; sb = 1706.45838751914
      Creating new point: f = 0.77164322198521
Tear 5 : Sf = 2567.06292271281 ; Sb = 3034.59378544976
  Backwards path
    i = 40 ; sf/Sf = 0.149101598092347 ; sf = 382.753184180093
      k =   39 ; sb/Sb = 0 ; sb = 0
      k =   38 ; sb/Sb = 0.119951967281208 ; sb = 364.005494464026
      k =   37 ; sb/Sb = 0.234722351711341 ; sb = 712.286989809386
      Creating new point: f = 0.25398216583377
    i = 41 ; sf/Sf = 0.271422857374265 ; sf = 696.759553542244
      k =   39 ; sb/Sb = 0 ; sb = 0
      k =   38 ; sb/Sb = 0.119951967281208 ; sb = 364.005494464026
      k =   37 ; sb/Sb = 0.234722351711341 ; sb = 712.286989809386
      k =  303 ; sb/Sb = 0.365086030301165 ; sb = 1107.88779870644
      Creating new point: f = 0.281524010828192
    i = 42 ; sf/Sf = 0.424194114967013 ; sf = 1088.9329845648
      k =   39 ; sb/Sb = 0 ; sb = 0
      k =   38 ; sb/Sb = 0.119951967281208 ; sb = 364.005494464026
      k =   37 ; sb/Sb = 0.234722351711341 ; sb = 712.286989809386
      k =  303 ; sb/Sb = 0.365086030301165 ; sb = 1107.88779870644
      k =   36 ; sb/Sb = 0.495449708890989 ; sb = 1503.48860760349
      Creating new point: f = 0.453409149735838
    i = 43 ; sf/Sf = 0.605784708913049 ; sf = 1555.08746539706
      k =   39 ; sb/Sb = 0 ; sb = 0
      k =   38 ; sb/Sb = 0.119951967281208 ; sb = 364.005494464026
      k =   37 ; sb/Sb = 0.234722351711341 ; sb = 712.286989809386
      k =  303 ; sb/Sb = 0.365086030301165 ; sb = 1107.88779870644
      k =   36 ; sb/Sb = 0.495449708890989 ; sb = 1503.48860760349
      k =  259 ; sb/Sb = 0.675339935113587 ; sb = 2049.38237016173
      Creating new point: f = 0.61334627421909
    i = 44 ; sf/Sf = 0.821273259093577 ; sf = 2108.26013283464
      k =   39 ; sb/Sb = 0 ; sb = 0
      k =   38 ; sb/Sb = 0.119951967281208 ; sb = 364.005494464026
      k =   37 ; sb/Sb = 0.234722351711341 ; sb = 712.286989809386
      k =  303 ; sb/Sb = 0.365086030301165 ; sb = 1107.88779870644
      k =   36 ; sb/Sb = 0.495449708890989 ; sb = 1503.48860760349
      k =  259 ; sb/Sb = 0.675339935113587 ; sb = 2049.38237016173
      k =   35 ; sb/Sb = 0.855230161336185 ; sb = 2595.27613271998
      Creating new point: f = 0.811235424204816
Triangulating...
[1] "Non-adjacent points in rim connected by line: 477 29"
[1] "In triangle: 835" "In triangle: 837"
[1] "Other points in triangles: 28 459"
[1] "Non-adjacent points in rim connected by line: 526 49"
[1] "In triangle: 642" "In triangle: 646"
[1] "Other points in triangles: 98 50"
Merging points...
Projecting to sphere...
Optimising mapping with FIRE...
E =  0.00347 | E_L =  0.00347 | E_A =  0.00000 |   0 flippped triangles
E =  0.00316 | E_L =  0.00316 | E_A =  0.00000 |  22 flippped triangles
        phi0    phi0.1    phi0.2    phi0.3    phi0.4    phi0.5    phi0.6
id    246.00   251.000   269.000   277.000   278.000   282.000    295.00
A   13089.22  1791.446  2165.776  8019.361  5551.243 10186.364  16740.72
a  -13580.84 -1466.977 -1732.566 -6859.099 -6886.468 -1499.097 -14435.17
      phi0.7    phi0.8    phi0.9   phi0.10  phi0.11   phi0.12   phi0.13
id    364.00   369.000 530.00000   533.000   598.00 623.00000   638.000
A   19254.09  7097.523 102.84188  4130.579 48355.01  47.78931  7299.190
a  -16094.66 -4370.411 -79.05106 -2977.823 -6148.62 -59.01126 -6427.418
     phi0.14   phi0.15   phi0.16   phi0.17  phi0.18   phi0.19   phi0.20
id    668.00    677.00    681.00   685.000   710.00   794.000   880.000
A   42485.13  40618.81  40305.41  7541.956 10955.52  7186.425  8386.217
a  -25630.81 -14596.05 -23768.49 -7531.206 -9069.25 -7453.576 -7412.134
     phi0.21
id   881.000
A  17484.142
a  -1311.082
E =  0.00309 | E_L =  0.00309 | E_A =  0.00000 |  20 flippped triangles
        phi0    phi0.1    phi0.2    phi0.3    phi0.4    phi0.5    phi0.6
id     71.00    246.00   251.000   269.000   277.000   278.000    309.00
A   19252.49  13089.22  1791.446  2165.776  8019.361  5551.243  29335.54
a  -18547.14 -13764.08 -1503.164 -1564.087 -6597.617 -6613.396 -23285.61
     phi0.7    phi0.8    phi0.9  phi0.10   phi0.11   phi0.12   phi0.13
id 530.0000   533.000 623.00000   638.00   685.000   710.000    721.00
A  102.8419  4130.579  47.78931  7299.19  7541.956 10955.518  18891.69
a  -77.9072 -2837.504 -59.43658 -6747.30 -7770.830 -8581.921 -12186.25
     phi0.14   phi0.15   phi0.16   phi0.17   phi0.18   phi0.19
id   794.000   880.000   881.000   888.000    902.00   908.000
A   7186.425  8386.217 17484.142 13230.211  25192.78 25088.769
a  -7551.802 -7680.992 -1269.944 -5406.936 -11002.94 -5218.287
E =  0.00306 | E_L =  0.00306 | E_A =  0.00000 |  22 flippped triangles
        phi0    phi0.1    phi0.2    phi0.3    phi0.4    phi0.5    phi0.6
id     71.00    246.00   251.000   269.000   277.000   278.000    309.00
A   19252.49  13089.22  1791.446  2165.776  8019.361  5551.243  29335.54
a  -18294.97 -13729.52 -1516.249 -1592.267 -6664.908 -6800.700 -23152.24
      phi0.7    phi0.8    phi0.9   phi0.10   phi0.11   phi0.12   phi0.13
id 530.00000   533.000 623.00000   638.000   685.000   708.000   710.000
A  102.84188  4130.579  47.78931  7299.190  7541.956  9719.309 10955.518
a  -79.41969 -2928.916 -60.95485 -6841.195 -6607.937 -9507.106 -8447.001
     phi0.14   phi0.15   phi0.16   phi0.17   phi0.18   phi0.19   phi0.20
id   721.000   794.000   880.000   881.000    888.00   891.000   902.000
A  18891.692  7186.425  8386.217 17484.142  13230.21  8585.456 25192.777
a  -8031.021 -7382.758 -7341.367 -2201.974 -15395.93 -7225.508 -7479.055
     phi0.21
id    908.00
A   25088.77
a  -21604.37
E =  0.00305 | E_L =  0.00305 | E_A =  0.00000 |  22 flippped triangles
        phi0    phi0.1    phi0.2    phi0.3    phi0.4    phi0.5    phi0.6
id     71.00    246.00   251.000   269.000   277.000   278.000    309.00
A   19252.49  13089.22  1791.446  2165.776  8019.361  5551.243  29335.54
a  -18338.83 -13723.45 -1509.845 -1590.263 -6597.783 -6716.800 -23083.21
      phi0.7    phi0.8    phi0.9   phi0.10   phi0.11   phi0.12  phi0.13
id 530.00000   533.000 623.00000   638.000   685.000   708.000   710.00
A  102.84188  4130.579  47.78931  7299.190  7541.956  9719.309 10955.52
a  -80.65354 -2891.530 -61.00875 -6761.749 -6871.683 -9218.870 -8091.96
     phi0.14   phi0.15   phi0.16    phi0.17   phi0.18   phi0.19   phi0.20
id   721.000   794.000   880.000   881.0000    888.00   891.000   902.000
A  18891.692  7186.425  8386.217 17484.1418  13230.21  8585.456 25192.777
a  -5109.809 -7518.131 -7331.983  -210.3446 -15365.76 -7079.321 -3868.441
     phi0.21
id    908.00
A   25088.77
a  -19935.85
FIRE:  4  stops.  0 hits of maxmove.  0 hits of dtmax.
Frms = 8.82907955154263e-06; Ftanrms = 8.82458433562247e-06
E =  0.00427 | E_L =  0.00424 | E_A =  0.00004 |   0 flippped triangles
E =  0.00333 | E_L =  0.00333 | E_A =  0.00000 |   0 flippped triangles
E =  0.00330 | E_L =  0.00330 | E_A =  0.00000 |   0 flippped triangles
E =  0.00330 | E_L =  0.00330 | E_A =  0.00000 |   0 flippped triangles
Optimising mapping with BFGS...
E =  0.00330 | E_L =  0.00330 | E_A =  0.00000 |   0 flippped triangles
Transforming image...
Mapping optimised. Error: 0.003296053 ; 0 flipped triangles.
Inferring coordinates of datapoints
Inferring coordinates of landmarks
Mapping optimised. Error: 0.003296053 ; 0 flipped triangles. OD displacement: 6.466846 degrees.
Computing Kernel Density estimates of datapoints

[1] 0.8
Saving developmental_retina/data/C57BL6J/P6/single/GM125-2/R-CONTRA/r.mat
