[1] "Adding old segment 1"
[1] "Adding old segment 5"
[1] "Adding old segment 4"
[1] "Adding old segment 3"
[1] "Storing new segment 1"
[1] "Adding old segment 2"
[1] "Storing new segment 2"
simplify.outline: Removing vertex 1
simplify.outline: Removing vertex 88
Triangulating...
[1] "Non-adjacent points in rim connected by line: 10 8"
[1] "In triangle: 126" "In triangle: 189"
[1] "Other points in triangles: 11 9"
[1] "Non-adjacent points in rim connected by line: 11 7"
[1] "In triangle: 118" "In triangle: 180"
[1] "Other points in triangles: 118 8"
[1] "Non-adjacent points in rim connected by line: 11 8"
[1] "In triangle: 180" "In triangle: 807"
[1] "Other points in triangles: 462 461"
[1] "Non-adjacent points in rim connected by line: 22 20"
[1] "In triangle: 133" "In triangle: 136"
[1] "Other points in triangles: 460 21"
[1] "Non-adjacent points in rim connected by line: 76 74"
[1] "In triangle: 75"  "In triangle: 202"
[1] "Other points in triangles: 75 157"
[1] "Non-adjacent points in rim connected by line: 97 95"
[1] "In triangle: 197" "In triangle: 230"
[1] "Other points in triangles: 96 172"
[1] "Non-adjacent points in rim connected by line: 109 38"
[1] "In triangle: 40"  "In triangle: 162"
[1] "Other points in triangles: 39 112"
[1] "Non-adjacent points in rim connected by line: 111 65"
[1] "In triangle: 55"  "In triangle: 170"
[1] "Other points in triangles: 113 64"
[1] "Non-adjacent points in rim connected by line: 117 55"
[1] "In triangle: 11"  "In triangle: 139"
[1] "Other points in triangles: 123 54"
Stitching...
Tear 1 child of rim
Tear 2 child of rim
Tear 3 child of rim
Tear 4 child of rim
Tear 5 child of backward side of tear 2
Tear 1 : Sf = 1552.62381145366 ; Sb = 1746.24057078854
  Forwards path
    i = 79 ; sf/Sf = 0.178606363261689 ; sf = 277.308492477241
      k =   80 ; sb/Sb = 0 ; sb = 0
      k =   81 ; sb/Sb = 0.194703986201894 ; sb = 340
      Creating new point: f = 0.917322581554579
    i = 78 ; sf/Sf = 0.441336818687013 ; sf = 685.230053564664
      k =   80 ; sb/Sb = 0 ; sb = 0
      k =   81 ; sb/Sb = 0.194703986201894 ; sb = 340
      k =   82 ; sb/Sb = 0.372228208915386 ; sb = 650
      k =   83 ; sb/Sb = 0.510142706839974 ; sb = 890.831891575846
      Creating new point: f = 0.501097497446682
    i = 77 ; sf/Sf = 0.729374134745723 ; sf = 1132.44364906462
      k =   80 ; sb/Sb = 0 ; sb = 0
      k =   81 ; sb/Sb = 0.194703986201894 ; sb = 340
      k =   82 ; sb/Sb = 0.372228208915386 ; sb = 650
      k =   83 ; sb/Sb = 0.510142706839974 ; sb = 890.831891575846
      k =   84 ; sb/Sb = 0.702644663272951 ; sb = 1226.98661785528
      k =   85 ; sb/Sb = 0.928246060160637 ; sb = 1620.94092992712
      Creating new point: f = 0.118480966170964
    i = 76 ; sf/Sf = 0.882468068206364 ; sf = 1370.14093554472
      k =   80 ; sb/Sb = 0 ; sb = 0
      k =   81 ; sb/Sb = 0.194703986201894 ; sb = 340
      k =   82 ; sb/Sb = 0.372228208915386 ; sb = 650
      k =   83 ; sb/Sb = 0.510142706839974 ; sb = 890.831891575846
      k =   84 ; sb/Sb = 0.702644663272951 ; sb = 1226.98661785528
      k =   85 ; sb/Sb = 0.928246060160637 ; sb = 1620.94092992712
      Creating new point: f = 0.797084625424271
Tear 2 : Sf = 3153.07884098121 ; Sb = 3448.12057747024
  Forwards path
    i = 106 ; sf/Sf = 0.0313962810188756 ; sf = 98.9949493661167
      k =    1 ; sb/Sb = 0 ; sb = 0
      k =    2 ; sb/Sb = 0.0233816004027722 ; sb = 80.6225774829855
      k =    3 ; sb/Sb = 0.0417236368201206 ; sb = 143.868130686353
      Creating new point: f = 0.436956967794636
    i = 105 ; sf/Sf = 0.101815082548954 ; sf = 321.030982477862
      k =    1 ; sb/Sb = 0 ; sb = 0
      k =    2 ; sb/Sb = 0.0233816004027722 ; sb = 80.6225774829855
      k =    3 ; sb/Sb = 0.0417236368201206 ; sb = 143.868130686353
      k =    4 ; sb/Sb = 0.0651052372228929 ; sb = 224.490708169339
      k =    5 ; sb/Sb = 0.118581003224422 ; sb = 408.881597315196
      Creating new point: f = 0.686476287689099
    i = 104 ; sf/Sf = 0.203352731310065 ; sf = 641.187194349504
      k =    1 ; sb/Sb = 0 ; sb = 0
      k =    2 ; sb/Sb = 0.0233816004027722 ; sb = 80.6225774829855
      k =    3 ; sb/Sb = 0.0417236368201206 ; sb = 143.868130686353
      k =    4 ; sb/Sb = 0.0651052372228929 ; sb = 224.490708169339
      k =    5 ; sb/Sb = 0.118581003224422 ; sb = 408.881597315196
      k =    6 ; sb/Sb = 0.192520115837093 ; sb = 663.832572994836
      k =    7 ; sb/Sb = 0.251243284810993 ; sb = 866.317140308001
      Creating new point: f = 0.184469190989792
    i = 103 ; sf/Sf = 0.320354986413566 ; sf = 1010.10452926344
      k =    1 ; sb/Sb = 0 ; sb = 0
      k =    2 ; sb/Sb = 0.0233816004027722 ; sb = 80.6225774829855
      k =    3 ; sb/Sb = 0.0417236368201206 ; sb = 143.868130686353
      k =    4 ; sb/Sb = 0.0651052372228929 ; sb = 224.490708169339
      k =    5 ; sb/Sb = 0.118581003224422 ; sb = 408.881597315196
      k =    6 ; sb/Sb = 0.192520115837093 ; sb = 663.832572994836
      k =    7 ; sb/Sb = 0.251243284810993 ; sb = 866.317140308001
      k =    8 ; sb/Sb = 0.298006485616537 ; sb = 1027.56229527397
      k =    9 ; sb/Sb = 0.344769686422082 ; sb = 1188.80745023994
      Creating new point: f = 0.47790785087532
    i = 102 ; sf/Sf = 0.413631697282467 ; sf = 1304.21335266049
      k =    1 ; sb/Sb = 0 ; sb = 0
      k =    2 ; sb/Sb = 0.0233816004027722 ; sb = 80.6225774829855
      k =    3 ; sb/Sb = 0.0417236368201206 ; sb = 143.868130686353
      k =    4 ; sb/Sb = 0.0651052372228929 ; sb = 224.490708169339
      k =    5 ; sb/Sb = 0.118581003224422 ; sb = 408.881597315196
      k =    6 ; sb/Sb = 0.192520115837093 ; sb = 663.832572994836
      k =    7 ; sb/Sb = 0.251243284810993 ; sb = 866.317140308001
      k =    8 ; sb/Sb = 0.298006485616537 ; sb = 1027.56229527397
      k =    9 ; sb/Sb = 0.344769686422082 ; sb = 1188.80745023994
      k =   10 ; sb/Sb = 0.373332660310373 ; sb = 1287.2960282579
      k =   13 ; sb/Sb = 0.373332660310373 ; sb = 1287.2960282579
      k =   14 ; sb/Sb = 0.469737468466987 ; sb = 1619.7114310298
      Creating new point: f = 0.418018953023867
    i = 101 ; sf/Sf = 0.509932660349819 ; sf = 1607.85788167427
      k =    1 ; sb/Sb = 0 ; sb = 0
      k =    2 ; sb/Sb = 0.0233816004027722 ; sb = 80.6225774829855
      k =    3 ; sb/Sb = 0.0417236368201206 ; sb = 143.868130686353
      k =    4 ; sb/Sb = 0.0651052372228929 ; sb = 224.490708169339
      k =    5 ; sb/Sb = 0.118581003224422 ; sb = 408.881597315196
      k =    6 ; sb/Sb = 0.192520115837093 ; sb = 663.832572994836
      k =    7 ; sb/Sb = 0.251243284810993 ; sb = 866.317140308001
      k =    8 ; sb/Sb = 0.298006485616537 ; sb = 1027.56229527397
      k =    9 ; sb/Sb = 0.344769686422082 ; sb = 1188.80745023994
      k =   10 ; sb/Sb = 0.373332660310373 ; sb = 1287.2960282579
      k =   13 ; sb/Sb = 0.373332660310373 ; sb = 1287.2960282579
      k =   14 ; sb/Sb = 0.469737468466987 ; sb = 1619.7114310298
      k =   15 ; sb/Sb = 0.554041027621592 ; sb = 1910.40026810477
      Creating new point: f = 0.476791161439788
    i = 100 ; sf/Sf = 0.623621211971048 ; sf = 1966.32684825297
      k =    1 ; sb/Sb = 0 ; sb = 0
      k =    2 ; sb/Sb = 0.0233816004027722 ; sb = 80.6225774829855
      k =    3 ; sb/Sb = 0.0417236368201206 ; sb = 143.868130686353
      k =    4 ; sb/Sb = 0.0651052372228929 ; sb = 224.490708169339
      k =    5 ; sb/Sb = 0.118581003224422 ; sb = 408.881597315196
      k =    6 ; sb/Sb = 0.192520115837093 ; sb = 663.832572994836
      k =    7 ; sb/Sb = 0.251243284810993 ; sb = 866.317140308001
      k =    8 ; sb/Sb = 0.298006485616537 ; sb = 1027.56229527397
      k =    9 ; sb/Sb = 0.344769686422082 ; sb = 1188.80745023994
      k =   10 ; sb/Sb = 0.373332660310373 ; sb = 1287.2960282579
      k =   13 ; sb/Sb = 0.373332660310373 ; sb = 1287.2960282579
      k =   14 ; sb/Sb = 0.469737468466987 ; sb = 1619.7114310298
      k =   15 ; sb/Sb = 0.554041027621592 ; sb = 1910.40026810477
      k =   16 ; sb/Sb = 0.634464112095248 ; sb = 2187.70876058201
      Creating new point: f = 0.865176768645929
    i = 99 ; sf/Sf = 0.716465583498082 ; sf = 2259.07247161906
      k =    1 ; sb/Sb = 0 ; sb = 0
      k =    2 ; sb/Sb = 0.0233816004027722 ; sb = 80.6225774829855
      k =    3 ; sb/Sb = 0.0417236368201206 ; sb = 143.868130686353
      k =    4 ; sb/Sb = 0.0651052372228929 ; sb = 224.490708169339
      k =    5 ; sb/Sb = 0.118581003224422 ; sb = 408.881597315196
      k =    6 ; sb/Sb = 0.192520115837093 ; sb = 663.832572994836
      k =    7 ; sb/Sb = 0.251243284810993 ; sb = 866.317140308001
      k =    8 ; sb/Sb = 0.298006485616537 ; sb = 1027.56229527397
      k =    9 ; sb/Sb = 0.344769686422082 ; sb = 1188.80745023994
      k =   10 ; sb/Sb = 0.373332660310373 ; sb = 1287.2960282579
      k =   13 ; sb/Sb = 0.373332660310373 ; sb = 1287.2960282579
      k =   14 ; sb/Sb = 0.469737468466987 ; sb = 1619.7114310298
      k =   15 ; sb/Sb = 0.554041027621592 ; sb = 1910.40026810477
      k =   16 ; sb/Sb = 0.634464112095248 ; sb = 2187.70876058201
      k =   17 ; sb/Sb = 0.724555071608065 ; sb = 2498.35325192219
      Creating new point: f = 0.910207548529532
    i = 98 ; sf/Sf = 0.816052807667978 ; sf = 2573.07884098121
      k =    1 ; sb/Sb = 0 ; sb = 0
      k =    2 ; sb/Sb = 0.0233816004027722 ; sb = 80.6225774829855
      k =    3 ; sb/Sb = 0.0417236368201206 ; sb = 143.868130686353
      k =    4 ; sb/Sb = 0.0651052372228929 ; sb = 224.490708169339
      k =    5 ; sb/Sb = 0.118581003224422 ; sb = 408.881597315196
      k =    6 ; sb/Sb = 0.192520115837093 ; sb = 663.832572994836
      k =    7 ; sb/Sb = 0.251243284810993 ; sb = 866.317140308001
      k =    8 ; sb/Sb = 0.298006485616537 ; sb = 1027.56229527397
      k =    9 ; sb/Sb = 0.344769686422082 ; sb = 1188.80745023994
      k =   10 ; sb/Sb = 0.373332660310373 ; sb = 1287.2960282579
      k =   13 ; sb/Sb = 0.373332660310373 ; sb = 1287.2960282579
      k =   14 ; sb/Sb = 0.469737468466987 ; sb = 1619.7114310298
      k =   15 ; sb/Sb = 0.554041027621592 ; sb = 1910.40026810477
      k =   16 ; sb/Sb = 0.634464112095248 ; sb = 2187.70876058201
      k =   17 ; sb/Sb = 0.724555071608065 ; sb = 2498.35325192219
      k =   18 ; sb/Sb = 0.813896041302633 ; sb = 2806.41168793718
      k =   19 ; sb/Sb = 0.881848273544204 ; sb = 3040.71917821438
      Creating new point: f = 0.0317394483477389
    i = 97 ; sf/Sf = 0.936569933678613 ; sf = 2953.07884098121
      k =    1 ; sb/Sb = 0 ; sb = 0
      k =    2 ; sb/Sb = 0.0233816004027722 ; sb = 80.6225774829855
      k =    3 ; sb/Sb = 0.0417236368201206 ; sb = 143.868130686353
      k =    4 ; sb/Sb = 0.0651052372228929 ; sb = 224.490708169339
      k =    5 ; sb/Sb = 0.118581003224422 ; sb = 408.881597315196
      k =    6 ; sb/Sb = 0.192520115837093 ; sb = 663.832572994836
      k =    7 ; sb/Sb = 0.251243284810993 ; sb = 866.317140308001
      k =    8 ; sb/Sb = 0.298006485616537 ; sb = 1027.56229527397
      k =    9 ; sb/Sb = 0.344769686422082 ; sb = 1188.80745023994
      k =   10 ; sb/Sb = 0.373332660310373 ; sb = 1287.2960282579
      k =   13 ; sb/Sb = 0.373332660310373 ; sb = 1287.2960282579
      k =   14 ; sb/Sb = 0.469737468466987 ; sb = 1619.7114310298
      k =   15 ; sb/Sb = 0.554041027621592 ; sb = 1910.40026810477
      k =   16 ; sb/Sb = 0.634464112095248 ; sb = 2187.70876058201
      k =   17 ; sb/Sb = 0.724555071608065 ; sb = 2498.35325192219
      k =   18 ; sb/Sb = 0.813896041302633 ; sb = 2806.41168793718
      k =   19 ; sb/Sb = 0.881848273544204 ; sb = 3040.71917821438
      k =   20 ; sb/Sb = 0.941635997508351 ; sb = 3246.87445949526
      Creating new point: f = 0.915265818903297
Tear 3 : Sf = 1103.34649570574 ; Sb = 1221.54035732221
  Forwards path
    i = 59 ; sf/Sf = 0.1461419015636 ; sf = 161.245154965971
      k =   60 ; sb/Sb = 0 ; sb = 0
      k =   61 ; sb/Sb = 0.0736774675192005 ; sb = 90
      k =   62 ; sb/Sb = 0.209926072629372 ; sb = 256.433169770932
      Creating new point: f = 0.531854502185939
    i = 58 ; sf/Sf = 0.282091941359624 ; sf = 311.245154965971
      k =   60 ; sb/Sb = 0 ; sb = 0
      k =   61 ; sb/Sb = 0.0736774675192005 ; sb = 90
      k =   62 ; sb/Sb = 0.209926072629372 ; sb = 256.433169770932
      k =   63 ; sb/Sb = 0.414585704627151 ; sb = 506.433169770932
      Creating new point: f = 0.35261408430088
    i = 57 ; sf/Sf = 0.566542109779977 ; sf = 625.092251495475
      k =   60 ; sb/Sb = 0 ; sb = 0
      k =   61 ; sb/Sb = 0.0736774675192005 ; sb = 90
      k =   62 ; sb/Sb = 0.209926072629372 ; sb = 256.433169770932
      k =   63 ; sb/Sb = 0.414585704627151 ; sb = 506.433169770932
      k =  110 ; sb/Sb = 0.571892183058102 ; sb = 698.589381642575
      Creating new point: f = 0.965989491777523
    i = 56 ; sf/Sf = 0.793125509440018 ; sf = 875.092251495475
      k =   60 ; sb/Sb = 0 ; sb = 0
      k =   61 ; sb/Sb = 0.0736774675192005 ; sb = 90
      k =   62 ; sb/Sb = 0.209926072629372 ; sb = 256.433169770932
      k =   63 ; sb/Sb = 0.414585704627151 ; sb = 506.433169770932
      k =  110 ; sb/Sb = 0.571892183058102 ; sb = 698.589381642575
      k =  111 ; sb/Sb = 0.624285048849533 ; sb = 762.589381642575
      k =   64 ; sb/Sb = 0.676677914640965 ; sb = 826.589381642575
      k =   65 ; sb/Sb = 0.701237070480698 ; sb = 856.589381642575
      k =   66 ; sb/Sb = 0.909949761920977 ; sb = 1111.54035732221
      Creating new point: f = 0.440262824101491
Tear 4 : Sf = 1287.22229710732 ; Sb = 1752.01157146598
  Forwards path
    i = 35 ; sf/Sf = 0.185311588661553 ; sf = 238.537208837531
      k =   36 ; sb/Sb = 0 ; sb = 0
      k =   37 ; sb/Sb = 0.0811220121774626 ; sb = 142.126704035519
      k =   38 ; sb/Sb = 0.185901912320047 ; sb = 325.702301542377
      Creating new point: f = 0.994366060115628
    i = 34 ; sf/Sf = 0.317607202280081 ; sf = 408.831072496795
      k =   36 ; sb/Sb = 0 ; sb = 0
      k =   37 ; sb/Sb = 0.0811220121774626 ; sb = 142.126704035519
      k =   38 ; sb/Sb = 0.185901912320047 ; sb = 325.702301542377
      k =   39 ; sb/Sb = 0.20302508689754 ; sb = 355.702301542377
      k =  109 ; sb/Sb = 0.239554525996192 ; sb = 419.702301542377
      k =  108 ; sb/Sb = 0.276083965094844 ; sb = 483.702301542377
      k =  107 ; sb/Sb = 0.349142843292147 ; sb = 611.702301542377
      Creating new point: f = 0.568353062759863
    i = 33 ; sf/Sf = 0.54819397991758 ; sf = 705.647514089912
      k =   36 ; sb/Sb = 0 ; sb = 0
      k =   37 ; sb/Sb = 0.0811220121774626 ; sb = 142.126704035519
      k =   38 ; sb/Sb = 0.185901912320047 ; sb = 325.702301542377
      k =   39 ; sb/Sb = 0.20302508689754 ; sb = 355.702301542377
      k =  109 ; sb/Sb = 0.239554525996192 ; sb = 419.702301542377
      k =  108 ; sb/Sb = 0.276083965094844 ; sb = 483.702301542377
      k =  107 ; sb/Sb = 0.349142843292147 ; sb = 611.702301542377
      k =   40 ; sb/Sb = 0.440565208042668 ; sb = 771.875342476073
      k =   41 ; sb/Sb = 0.647307795491686 ; sb = 1134.09074800157
      Creating new point: f = 0.520593135661772
    i = 32 ; sf/Sf = 0.779173023408762 ; sf = 1002.96888903628
      k =   36 ; sb/Sb = 0 ; sb = 0
      k =   37 ; sb/Sb = 0.0811220121774626 ; sb = 142.126704035519
      k =   38 ; sb/Sb = 0.185901912320047 ; sb = 325.702301542377
      k =   39 ; sb/Sb = 0.20302508689754 ; sb = 355.702301542377
      k =  109 ; sb/Sb = 0.239554525996192 ; sb = 419.702301542377
      k =  108 ; sb/Sb = 0.276083965094844 ; sb = 483.702301542377
      k =  107 ; sb/Sb = 0.349142843292147 ; sb = 611.702301542377
      k =   40 ; sb/Sb = 0.440565208042668 ; sb = 771.875342476073
      k =   41 ; sb/Sb = 0.647307795491686 ; sb = 1134.09074800157
      k =   42 ; sb/Sb = 0.774039854073901 ; sb = 1356.12678111332
      k =   43 ; sb/Sb = 0.904321096462771 ; sb = 1584.38102532358
      Creating new point: f = 0.0394006784149281
Tear 5 : Sf = 301.023611085934 ; Sb = 171.172427686237
  Forwards path
    i = 11 ; sf/Sf = 0.315152454197252 ; sf = 94.8683298050514
      k =   12 ; sb/Sb = 0 ; sb = 0
      k =   13 ; sb/Sb = 1 ; sb = 171.172427686237
      Creating new point: f = 0.315152454197252
Tear 1 : Sf = 1746.24057078854 ; Sb = 1552.62381145366
  Backwards path
    i = 81 ; sf/Sf = 0.194703986201894 ; sf = 340
      k =   80 ; sb/Sb = 0 ; sb = 0
      k =   79 ; sb/Sb = 0.178606363261689 ; sb = 277.308492477241
      k =   78 ; sb/Sb = 0.441336818687013 ; sb = 685.230053564664
      Creating new point: f = 0.0612704869488605
    i = 82 ; sf/Sf = 0.372228208915386 ; sf = 650
      k =   80 ; sb/Sb = 0 ; sb = 0
      k =   79 ; sb/Sb = 0.178606363261689 ; sb = 277.308492477241
      k =   78 ; sb/Sb = 0.441336818687013 ; sb = 685.230053564664
      Creating new point: f = 0.736960035106135
    i = 83 ; sf/Sf = 0.510142706839974 ; sf = 890.831891575846
      k =   80 ; sb/Sb = 0 ; sb = 0
      k =   79 ; sb/Sb = 0.178606363261689 ; sb = 277.308492477241
      k =   78 ; sb/Sb = 0.441336818687013 ; sb = 685.230053564664
      k =   77 ; sb/Sb = 0.729374134745723 ; sb = 1132.44364906462
      Creating new point: f = 0.238878382476444
    i = 84 ; sf/Sf = 0.702644663272951 ; sf = 1226.98661785528
      k =   80 ; sb/Sb = 0 ; sb = 0
      k =   79 ; sb/Sb = 0.178606363261689 ; sb = 277.308492477241
      k =   78 ; sb/Sb = 0.441336818687013 ; sb = 685.230053564664
      k =   77 ; sb/Sb = 0.729374134745723 ; sb = 1132.44364906462
      Creating new point: f = 0.907201359051255
    i = 85 ; sf/Sf = 0.928246060160636 ; sf = 1620.94092992712
      k =   80 ; sb/Sb = 0 ; sb = 0
      k =   79 ; sb/Sb = 0.178606363261689 ; sb = 277.308492477241
      k =   78 ; sb/Sb = 0.441336818687013 ; sb = 685.230053564664
      k =   77 ; sb/Sb = 0.729374134745723 ; sb = 1132.44364906462
      k =   76 ; sb/Sb = 0.882468068206364 ; sb = 1370.14093554472
      k =   75 ; sb/Sb = 1 ; sb = 1552.62381145366
      Creating new point: f = 0.389494082634922
Tear 2 : Sf = 3448.12057747024 ; Sb = 3153.07884098121
  Backwards path
    i = 2 ; sf/Sf = 0.0233816004027722 ; sf = 80.6225774829855
      k =    1 ; sb/Sb = 0 ; sb = 0
      k =  106 ; sb/Sb = 0.0313962810188756 ; sb = 98.9949493661167
      Creating new point: f = 0.744725159923085
    i = 3 ; sf/Sf = 0.0417236368201206 ; sf = 143.868130686353
      k =    1 ; sb/Sb = 0 ; sb = 0
      k =  106 ; sb/Sb = 0.0313962810188756 ; sb = 98.9949493661167
      k =  105 ; sb/Sb = 0.101815082548954 ; sb = 321.030982477862
      Creating new point: f = 0.146656227837588
    i = 4 ; sf/Sf = 0.0651052372228929 ; sf = 224.490708169339
      k =    1 ; sb/Sb = 0 ; sb = 0
      k =  106 ; sb/Sb = 0.0313962810188756 ; sb = 98.9949493661167
      k =  105 ; sb/Sb = 0.101815082548954 ; sb = 321.030982477862
      Creating new point: f = 0.478692557549691
    i = 5 ; sf/Sf = 0.118581003224422 ; sf = 408.881597315196
      k =    1 ; sb/Sb = 0 ; sb = 0
      k =  106 ; sb/Sb = 0.0313962810188756 ; sb = 98.9949493661167
      k =  105 ; sb/Sb = 0.101815082548954 ; sb = 321.030982477862
      k =  104 ; sb/Sb = 0.203352731310065 ; sb = 641.187194349504
      Creating new point: f = 0.165120237468901
    i = 6 ; sf/Sf = 0.192520115837093 ; sf = 663.832572994836
      k =    1 ; sb/Sb = 0 ; sb = 0
      k =  106 ; sb/Sb = 0.0313962810188756 ; sb = 98.9949493661167
      k =  105 ; sb/Sb = 0.101815082548954 ; sb = 321.030982477862
      k =  104 ; sb/Sb = 0.203352731310065 ; sb = 641.187194349504
      Creating new point: f = 0.893314296665878
    i = 7 ; sf/Sf = 0.251243284810993 ; sf = 866.317140308001
      k =    1 ; sb/Sb = 0 ; sb = 0
      k =  106 ; sb/Sb = 0.0313962810188756 ; sb = 98.9949493661167
      k =  105 ; sb/Sb = 0.101815082548954 ; sb = 321.030982477862
      k =  104 ; sb/Sb = 0.203352731310065 ; sb = 641.187194349504
      k =  103 ; sb/Sb = 0.320354986413566 ; sb = 1010.10452926344
      Creating new point: f = 0.409313080833897
    i = 8 ; sf/Sf = 0.298006485616537 ; sf = 1027.56229527397
      k =    1 ; sb/Sb = 0 ; sb = 0
      k =  106 ; sb/Sb = 0.0313962810188756 ; sb = 98.9949493661167
      k =  105 ; sb/Sb = 0.101815082548954 ; sb = 321.030982477862
      k =  104 ; sb/Sb = 0.203352731310065 ; sb = 641.187194349504
      k =  103 ; sb/Sb = 0.320354986413566 ; sb = 1010.10452926344
      Creating new point: f = 0.808990854259525
    i = 9 ; sf/Sf = 0.344769686422082 ; sf = 1188.80745023994
      k =    1 ; sb/Sb = 0 ; sb = 0
      k =  106 ; sb/Sb = 0.0313962810188756 ; sb = 98.9949493661167
      k =  105 ; sb/Sb = 0.101815082548954 ; sb = 321.030982477862
      k =  104 ; sb/Sb = 0.203352731310065 ; sb = 641.187194349504
      k =  103 ; sb/Sb = 0.320354986413566 ; sb = 1010.10452926344
      k =  102 ; sb/Sb = 0.413631697282467 ; sb = 1304.21335266049
      Creating new point: f = 0.261744864083276
    i = 10 ; sf/Sf = 0.373332660310372 ; sf = 1287.2960282579
      k =    1 ; sb/Sb = 0 ; sb = 0
      k =  106 ; sb/Sb = 0.0313962810188756 ; sb = 98.9949493661167
      k =  105 ; sb/Sb = 0.101815082548954 ; sb = 321.030982477862
      k =  104 ; sb/Sb = 0.203352731310065 ; sb = 641.187194349504
      k =  103 ; sb/Sb = 0.320354986413566 ; sb = 1010.10452926344
      k =  102 ; sb/Sb = 0.413631697282467 ; sb = 1304.21335266049
    i = 13 ; sf/Sf = 0.373332660310372 ; sf = 1287.2960282579
      k =    1 ; sb/Sb = 0 ; sb = 0
      k =  106 ; sb/Sb = 0.0313962810188756 ; sb = 98.9949493661167
      k =  105 ; sb/Sb = 0.101815082548954 ; sb = 321.030982477862
      k =  104 ; sb/Sb = 0.203352731310065 ; sb = 641.187194349504
      k =  103 ; sb/Sb = 0.320354986413566 ; sb = 1010.10452926344
      k =  102 ; sb/Sb = 0.413631697282467 ; sb = 1304.21335266049
      Creating new point: f = 0.567962499999229
    i = 14 ; sf/Sf = 0.469737468466987 ; sf = 1619.7114310298
      k =    1 ; sb/Sb = 0 ; sb = 0
      k =  106 ; sb/Sb = 0.0313962810188756 ; sb = 98.9949493661167
      k =  105 ; sb/Sb = 0.101815082548954 ; sb = 321.030982477862
      k =  104 ; sb/Sb = 0.203352731310065 ; sb = 641.187194349504
      k =  103 ; sb/Sb = 0.320354986413566 ; sb = 1010.10452926344
      k =  102 ; sb/Sb = 0.413631697282467 ; sb = 1304.21335266049
      k =  101 ; sb/Sb = 0.509932660349819 ; sb = 1607.85788167427
      Creating new point: f = 0.582608619866864
    i = 15 ; sf/Sf = 0.554041027621592 ; sf = 1910.40026810477
      k =    1 ; sb/Sb = 0 ; sb = 0
      k =  106 ; sb/Sb = 0.0313962810188756 ; sb = 98.9949493661167
      k =  105 ; sb/Sb = 0.101815082548954 ; sb = 321.030982477862
      k =  104 ; sb/Sb = 0.203352731310065 ; sb = 641.187194349504
      k =  103 ; sb/Sb = 0.320354986413566 ; sb = 1010.10452926344
      k =  102 ; sb/Sb = 0.413631697282467 ; sb = 1304.21335266049
      k =  101 ; sb/Sb = 0.509932660349819 ; sb = 1607.85788167427
      k =  100 ; sb/Sb = 0.623621211971048 ; sb = 1966.32684825297
      Creating new point: f = 0.387975452609568
    i = 16 ; sf/Sf = 0.634464112095248 ; sf = 2187.70876058201
      k =    1 ; sb/Sb = 0 ; sb = 0
      k =  106 ; sb/Sb = 0.0313962810188756 ; sb = 98.9949493661167
      k =  105 ; sb/Sb = 0.101815082548954 ; sb = 321.030982477862
      k =  104 ; sb/Sb = 0.203352731310065 ; sb = 641.187194349504
      k =  103 ; sb/Sb = 0.320354986413566 ; sb = 1010.10452926344
      k =  102 ; sb/Sb = 0.413631697282467 ; sb = 1304.21335266049
      k =  101 ; sb/Sb = 0.509932660349819 ; sb = 1607.85788167427
      k =  100 ; sb/Sb = 0.623621211971048 ; sb = 1966.32684825297
      k =   99 ; sb/Sb = 0.716465583498082 ; sb = 2259.07247161906
      Creating new point: f = 0.116785756054607
    i = 17 ; sf/Sf = 0.724555071608064 ; sf = 2498.35325192219
      k =    1 ; sb/Sb = 0 ; sb = 0
      k =  106 ; sb/Sb = 0.0313962810188756 ; sb = 98.9949493661167
      k =  105 ; sb/Sb = 0.101815082548954 ; sb = 321.030982477862
      k =  104 ; sb/Sb = 0.203352731310065 ; sb = 641.187194349504
      k =  103 ; sb/Sb = 0.320354986413566 ; sb = 1010.10452926344
      k =  102 ; sb/Sb = 0.413631697282467 ; sb = 1304.21335266049
      k =  101 ; sb/Sb = 0.509932660349819 ; sb = 1607.85788167427
      k =  100 ; sb/Sb = 0.623621211971048 ; sb = 1966.32684825297
      k =   99 ; sb/Sb = 0.716465583498082 ; sb = 2259.07247161906
      k =   98 ; sb/Sb = 0.816052807667978 ; sb = 2573.07884098121
      Creating new point: f = 0.0812301796481596
    i = 18 ; sf/Sf = 0.813896041302633 ; sf = 2806.41168793718
      k =    1 ; sb/Sb = 0 ; sb = 0
      k =  106 ; sb/Sb = 0.0313962810188756 ; sb = 98.9949493661167
      k =  105 ; sb/Sb = 0.101815082548954 ; sb = 321.030982477862
      k =  104 ; sb/Sb = 0.203352731310065 ; sb = 641.187194349504
      k =  103 ; sb/Sb = 0.320354986413566 ; sb = 1010.10452926344
      k =  102 ; sb/Sb = 0.413631697282467 ; sb = 1304.21335266049
      k =  101 ; sb/Sb = 0.509932660349819 ; sb = 1607.85788167427
      k =  100 ; sb/Sb = 0.623621211971048 ; sb = 1966.32684825297
      k =   99 ; sb/Sb = 0.716465583498082 ; sb = 2259.07247161906
      k =   98 ; sb/Sb = 0.816052807667978 ; sb = 2573.07884098121
      Creating new point: f = 0.978342941242487
    i = 19 ; sf/Sf = 0.881848273544204 ; sf = 3040.71917821438
      k =    1 ; sb/Sb = 0 ; sb = 0
      k =  106 ; sb/Sb = 0.0313962810188756 ; sb = 98.9949493661167
      k =  105 ; sb/Sb = 0.101815082548954 ; sb = 321.030982477862
      k =  104 ; sb/Sb = 0.203352731310065 ; sb = 641.187194349504
      k =  103 ; sb/Sb = 0.320354986413566 ; sb = 1010.10452926344
      k =  102 ; sb/Sb = 0.413631697282467 ; sb = 1304.21335266049
      k =  101 ; sb/Sb = 0.509932660349819 ; sb = 1607.85788167427
      k =  100 ; sb/Sb = 0.623621211971048 ; sb = 1966.32684825297
      k =   99 ; sb/Sb = 0.716465583498082 ; sb = 2259.07247161906
      k =   98 ; sb/Sb = 0.816052807667978 ; sb = 2573.07884098121
      k =   97 ; sb/Sb = 0.936569933678613 ; sb = 2953.07884098121
      Creating new point: f = 0.54594287180745
    i = 20 ; sf/Sf = 0.94163599750835 ; sf = 3246.87445949526
      k =    1 ; sb/Sb = 0 ; sb = 0
      k =  106 ; sb/Sb = 0.0313962810188756 ; sb = 98.9949493661167
      k =  105 ; sb/Sb = 0.101815082548954 ; sb = 321.030982477862
      k =  104 ; sb/Sb = 0.203352731310065 ; sb = 641.187194349504
      k =  103 ; sb/Sb = 0.320354986413566 ; sb = 1010.10452926344
      k =  102 ; sb/Sb = 0.413631697282467 ; sb = 1304.21335266049
      k =  101 ; sb/Sb = 0.509932660349819 ; sb = 1607.85788167427
      k =  100 ; sb/Sb = 0.623621211971048 ; sb = 1966.32684825297
      k =   99 ; sb/Sb = 0.716465583498082 ; sb = 2259.07247161906
      k =   98 ; sb/Sb = 0.816052807667978 ; sb = 2573.07884098121
      k =   97 ; sb/Sb = 0.936569933678613 ; sb = 2953.07884098121
      k =   96 ; sb/Sb = 1 ; sb = 3153.07884098121
      Creating new point: f = 0.0798684933430261
Tear 3 : Sf = 1221.54035732221 ; Sb = 1103.34649570574
  Backwards path
    i = 61 ; sf/Sf = 0.0736774675192005 ; sf = 90
      k =   60 ; sb/Sb = 0 ; sb = 0
      k =   59 ; sb/Sb = 0.1461419015636 ; sb = 161.245154965971
      Creating new point: f = 0.504150190540232
    i = 62 ; sf/Sf = 0.209926072629372 ; sf = 256.433169770932
      k =   60 ; sb/Sb = 0 ; sb = 0
      k =   59 ; sb/Sb = 0.1461419015636 ; sb = 161.245154965971
      k =   58 ; sb/Sb = 0.282091941359624 ; sb = 311.245154965971
      Creating new point: f = 0.469173610846106
    i = 63 ; sf/Sf = 0.414585704627151 ; sf = 506.433169770932
      k =   60 ; sb/Sb = 0 ; sb = 0
      k =   59 ; sb/Sb = 0.1461419015636 ; sb = 161.245154965971
      k =   58 ; sb/Sb = 0.282091941359624 ; sb = 311.245154965971
      k =   57 ; sb/Sb = 0.566542109779977 ; sb = 625.092251495475
      Creating new point: f = 0.465789013250755
    i = 110 ; sf/Sf = 0.571892183058102 ; sf = 698.589381642575
      k =   60 ; sb/Sb = 0 ; sb = 0
      k =   59 ; sb/Sb = 0.1461419015636 ; sb = 161.245154965971
      k =   58 ; sb/Sb = 0.282091941359624 ; sb = 311.245154965971
      k =   57 ; sb/Sb = 0.566542109779977 ; sb = 625.092251495475
      k =   56 ; sb/Sb = 0.793125509440018 ; sb = 875.092251495475
      Creating new point: f = 0.0236119384127519
    i = 111 ; sf/Sf = 0.624285048849533 ; sf = 762.589381642575
      k =   60 ; sb/Sb = 0 ; sb = 0
      k =   59 ; sb/Sb = 0.1461419015636 ; sb = 161.245154965971
      k =   58 ; sb/Sb = 0.282091941359624 ; sb = 311.245154965971
      k =   57 ; sb/Sb = 0.566542109779977 ; sb = 625.092251495475
      k =   56 ; sb/Sb = 0.793125509440018 ; sb = 875.092251495475
      Creating new point: f = 0.254841877896581
    i = 64 ; sf/Sf = 0.676677914640965 ; sf = 826.589381642575
      k =   60 ; sb/Sb = 0 ; sb = 0
      k =   59 ; sb/Sb = 0.1461419015636 ; sb = 161.245154965971
      k =   58 ; sb/Sb = 0.282091941359624 ; sb = 311.245154965971
      k =   57 ; sb/Sb = 0.566542109779977 ; sb = 625.092251495475
      k =   56 ; sb/Sb = 0.793125509440018 ; sb = 875.092251495475
      Creating new point: f = 0.486071817380409
    i = 65 ; sf/Sf = 0.701237070480698 ; sf = 856.589381642575
      k =   60 ; sb/Sb = 0 ; sb = 0
      k =   59 ; sb/Sb = 0.1461419015636 ; sb = 161.245154965971
      k =   58 ; sb/Sb = 0.282091941359624 ; sb = 311.245154965971
      k =   57 ; sb/Sb = 0.566542109779977 ; sb = 625.092251495475
      k =   56 ; sb/Sb = 0.793125509440018 ; sb = 875.092251495475
      Creating new point: f = 0.594460851513453
    i = 66 ; sf/Sf = 0.909949761920977 ; sf = 1111.54035732221
      k =   60 ; sb/Sb = 0 ; sb = 0
      k =   59 ; sb/Sb = 0.1461419015636 ; sb = 161.245154965971
      k =   58 ; sb/Sb = 0.282091941359624 ; sb = 311.245154965971
      k =   57 ; sb/Sb = 0.566542109779977 ; sb = 625.092251495475
      k =   56 ; sb/Sb = 0.793125509440018 ; sb = 875.092251495475
      k =   55 ; sb/Sb = 1 ; sb = 1103.34649570574
      Creating new point: f = 0.564710768179929
Tear 4 : Sf = 1752.01157146598 ; Sb = 1287.22229710732
  Backwards path
    i = 37 ; sf/Sf = 0.0811220121774626 ; sf = 142.126704035519
      k =   36 ; sb/Sb = 0 ; sb = 0
      k =   35 ; sb/Sb = 0.185311588661553 ; sb = 238.537208837531
      Creating new point: f = 0.43776006003392
    i = 38 ; sf/Sf = 0.185901912320047 ; sf = 325.702301542377
      k =   36 ; sb/Sb = 0 ; sb = 0
      k =   35 ; sb/Sb = 0.185311588661553 ; sb = 238.537208837531
      k =   34 ; sb/Sb = 0.317607202280081 ; sb = 408.831072496795
      Creating new point: f = 0.00446215594264554
    i = 39 ; sf/Sf = 0.20302508689754 ; sf = 355.702301542377
      k =   36 ; sb/Sb = 0 ; sb = 0
      k =   35 ; sb/Sb = 0.185311588661553 ; sb = 238.537208837531
      k =   34 ; sb/Sb = 0.317607202280081 ; sb = 408.831072496795
      Creating new point: f = 0.133893314762979
    i = 109 ; sf/Sf = 0.239554525996192 ; sf = 419.702301542377
      k =   36 ; sb/Sb = 0 ; sb = 0
      k =   35 ; sb/Sb = 0.185311588661553 ; sb = 238.537208837531
      k =   34 ; sb/Sb = 0.317607202280081 ; sb = 408.831072496795
      Creating new point: f = 0.410013120246355
    i = 108 ; sf/Sf = 0.276083965094844 ; sf = 483.702301542377
      k =   36 ; sb/Sb = 0 ; sb = 0
      k =   35 ; sb/Sb = 0.185311588661553 ; sb = 238.537208837531
      k =   34 ; sb/Sb = 0.317607202280081 ; sb = 408.831072496795
      Creating new point: f = 0.686132925729732
    i = 107 ; sf/Sf = 0.349142843292147 ; sf = 611.702301542377
      k =   36 ; sb/Sb = 0 ; sb = 0
      k =   35 ; sb/Sb = 0.185311588661553 ; sb = 238.537208837531
      k =   34 ; sb/Sb = 0.317607202280081 ; sb = 408.831072496795
      k =   33 ; sb/Sb = 0.54819397991758 ; sb = 705.647514089912
      Creating new point: f = 0.136762573011202
    i = 40 ; sf/Sf = 0.440565208042668 ; sf = 771.875342476073
      k =   36 ; sb/Sb = 0 ; sb = 0
      k =   35 ; sb/Sb = 0.185311588661553 ; sb = 238.537208837531
      k =   34 ; sb/Sb = 0.317607202280081 ; sb = 408.831072496795
      k =   33 ; sb/Sb = 0.54819397991758 ; sb = 705.647514089912
      Creating new point: f = 0.533239620338886
    i = 41 ; sf/Sf = 0.647307795491686 ; sf = 1134.09074800157
      k =   36 ; sb/Sb = 0 ; sb = 0
      k =   35 ; sb/Sb = 0.185311588661553 ; sb = 238.537208837531
      k =   34 ; sb/Sb = 0.317607202280081 ; sb = 408.831072496795
      k =   33 ; sb/Sb = 0.54819397991758 ; sb = 705.647514089912
      k =   32 ; sb/Sb = 0.779173023408762 ; sb = 1002.96888903628
      Creating new point: f = 0.429103065265267
    i = 42 ; sf/Sf = 0.774039854073901 ; sf = 1356.12678111332
      k =   36 ; sb/Sb = 0 ; sb = 0
      k =   35 ; sb/Sb = 0.185311588661553 ; sb = 238.537208837531
      k =   34 ; sb/Sb = 0.317607202280081 ; sb = 408.831072496795
      k =   33 ; sb/Sb = 0.54819397991758 ; sb = 705.647514089912
      k =   32 ; sb/Sb = 0.779173023408762 ; sb = 1002.96888903628
      Creating new point: f = 0.977776471591211
    i = 43 ; sf/Sf = 0.904321096462771 ; sf = 1584.38102532358
      k =   36 ; sb/Sb = 0 ; sb = 0
      k =   35 ; sb/Sb = 0.185311588661553 ; sb = 238.537208837531
      k =   34 ; sb/Sb = 0.317607202280081 ; sb = 408.831072496795
      k =   33 ; sb/Sb = 0.54819397991758 ; sb = 705.647514089912
      k =   32 ; sb/Sb = 0.779173023408762 ; sb = 1002.96888903628
      k =   31 ; sb/Sb = 1 ; sb = 1287.22229710732
      Creating new point: f = 0.566724568645727
Tear 5 : Sf = 171.172427686237 ; Sb = 301.023611085934
  Backwards path
Triangulating...
[1] "Non-adjacent points in rim connected by line: 109 38"
[1] "In triangle: 157" "In triangle: 808"
[1] "Other points in triangles: 39 534"
[1] "Non-adjacent points in rim connected by line: 111 65"
[1] "In triangle: 250" "In triangle: 255"
[1] "Other points in triangles: 64 468"
Merging points...
Projecting to sphere...
Optimising mapping with FIRE...
E =  0.00317 | E_L =  0.00317 | E_A =  0.00000 |   0 flippped triangles
E =  0.00276 | E_L =  0.00276 | E_A =  0.00000 |  40 flippped triangles
        phi0    phi0.1    phi0.2    phi0.3    phi0.4    phi0.5    phi0.6
id     3.000    33.000  59.00000    66.000     73.00  74.00000     78.00
A   3977.625 14377.649  46.93406  4898.685  18965.35  57.52809  26932.46
a  -2332.333 -8429.628 -53.64584 -4650.710 -16489.59 -57.85834 -26039.59
      phi0.7    phi0.8    phi0.9   phi0.10  phi0.11   phi0.12   phi0.13
id    80.000    83.000    100.00   124.000   129.00 130.00000   151.000
A   7166.270  3328.471  26837.26  2656.003 21024.66 108.94065  6053.571
a  -7235.611 -1100.169 -22153.93 -2226.267 -3600.50 -94.69343 -5805.932
       phi0.14   phi0.15   phi0.16   phi0.17   phi0.18   phi0.19   phi0.20
id 163.0000000  440.0000    446.00  447.0000   450.000   510.000 532.00000
A    1.4407849  841.3967  10621.64 1064.3305  1886.557  1451.858  58.80620
a   -0.8524179 -788.8064 -11768.40 -915.2574 -1321.196 -1648.186 -68.95445
     phi0.21   phi0.22    phi0.23   phi0.24   phi0.25   phi0.26   phi0.27
id 730.00000   787.000 789.000000  793.0000    814.00   884.000   888.000
A   74.49308 33585.323  22.559342  682.7634  11959.81  4642.804  3764.171
a  -75.27929 -3364.556  -1.537641 -637.2635 -13555.95 -4988.025 -3824.735
     phi0.28   phi0.29   phi0.30   phi0.31   phi0.32   phi0.33   phi0.34
id   895.000   898.000   907.000 914.00000   924.000   925.000   926.000
A   1445.621  3945.214  2644.352  78.28046  3132.553  2867.447  4350.000
a  -1628.409 -3473.173 -2211.031 -34.46300 -2085.183 -2081.099 -2706.214
     phi0.35   phi0.36   phi0.37   phi0.38  phi0.39
id   931.000  934.0000   983.000 995.00000  1014.00
A   5035.641  988.9983 10074.317  62.29034 12063.70
a  -1109.674 -628.3311 -1376.596 -67.00167 -6965.75
E =  0.00272 | E_L =  0.00272 | E_A =  0.00000 |  36 flippped triangles
        phi0   phi0.1    phi0.2    phi0.3    phi0.4    phi0.5    phi0.6
id     3.000    33.00  59.00000    66.000     73.00  74.00000     78.00
A   3977.625 14377.65  46.93406  4898.685  18965.35  57.52809  26932.46
a  -1773.095 -8708.11 -44.79444 -4826.069 -15829.26 -52.09239 -23181.26
     phi0.7    phi0.8    phi0.9   phi0.10   phi0.11   phi0.12   phi0.13
id    80.00    100.00   124.000   129.000 130.00000   151.000  440.0000
A   7166.27  26837.26  2656.003 21024.656 108.94065  6053.571  841.3967
a  -7215.43 -17291.38 -2247.027 -4198.485 -91.25591 -5221.641 -811.0868
     phi0.14   phi0.15   phi0.16   phi0.17   phi0.18   phi0.19   phi0.20
id    446.00  447.0000   510.000 532.00000   718.000 730.00000   756.000
A   10621.64 1064.3305  1451.858  58.80620  3948.283  74.49308 12122.365
a  -11512.28 -925.1216 -1665.112 -66.90369 -1848.273 -69.24131 -1869.517
      phi0.21   phi0.22   phi0.23   phi0.24   phi0.25   phi0.26   phi0.27
id 789.000000  793.0000    814.00   884.000   888.000   895.000   898.000
A   22.559342  682.7634  11959.81  4642.804  3764.171  1445.621  3945.214
a   -9.883624 -650.5592 -12826.63 -4043.341 -3721.650 -1671.711 -3605.516
     phi0.28   phi0.29   phi0.30   phi0.31   phi0.32   phi0.33   phi0.34
id   907.000   924.000   925.000   926.000   931.000  934.0000 995.00000
A   2644.352  3132.553  2867.447  4350.000  5035.641  988.9983  62.29034
a  -2205.604 -2301.388 -2118.272 -2991.719 -4421.655 -536.7887 -62.48833
     phi0.35
id  1014.000
A  12063.702
a  -7232.689
E =  0.00272 | E_L =  0.00272 | E_A =  0.00000 |  36 flippped triangles
        phi0    phi0.1    phi0.2    phi0.3    phi0.4    phi0.5    phi0.6
id     3.000    33.000  59.00000    66.000     73.00  74.00000     78.00
A   3977.625 14377.649  46.93406  4898.685  18965.35  57.52809  26932.46
a  -2028.200 -9100.101 -46.31917 -4878.599 -16260.06 -49.24120 -23701.67
      phi0.7    phi0.8    phi0.9   phi0.10   phi0.11   phi0.12   phi0.13
id    80.000    100.00   124.000   129.000 130.00000   151.000  440.0000
A   7166.270  26837.26  2656.003 21024.656 108.94065  6053.571  841.3967
a  -7288.279 -18022.37 -2245.011 -2614.395 -90.60018 -1258.572 -804.1634
     phi0.14   phi0.15   phi0.16   phi0.17   phi0.18   phi0.19   phi0.20
id    446.00  447.0000   510.000 532.00000   718.000 730.00000   756.000
A   10621.64 1064.3305  1451.858  58.80620  3948.283  74.49308 12122.365
a  -11729.63 -919.9132 -1663.509 -66.64884 -1337.605 -70.22543 -2271.406
     phi0.21   phi0.22   phi0.23   phi0.24   phi0.25   phi0.26   phi0.27
id 789.00000  793.0000    814.00   884.000   888.000   895.000   898.000
A   22.55934  682.7634  11959.81  4642.804  3764.171  1445.621  3945.214
a   -8.78683 -631.5728 -11259.94 -3897.456 -3869.828 -1675.638 -3712.629
     phi0.28   phi0.29   phi0.30   phi0.31   phi0.32   phi0.33   phi0.34
id   907.000   924.000   925.000   926.000   931.000  934.0000 995.00000
A   2644.352  3132.553  2867.447  4350.000  5035.641  988.9983  62.29034
a  -2193.957 -2247.204 -1985.534 -2984.873 -3838.925 -522.1191 -63.55973
     phi0.35
id  1014.000
A  12063.702
a  -7278.577
E =  0.00272 | E_L =  0.00272 | E_A =  0.00000 |  35 flippped triangles
        phi0    phi0.1    phi0.2    phi0.3    phi0.4    phi0.5    phi0.6
id     3.000    33.000  59.00000    66.000     73.00  74.00000     78.00
A   3977.625 14377.649  46.93406  4898.685  18965.35  57.52809  26932.46
a  -2011.010 -8451.595 -46.42286 -4867.960 -16142.77 -49.83203 -23714.63
      phi0.7    phi0.8    phi0.9   phi0.10   phi0.11   phi0.12   phi0.13
id    80.000    100.00   124.000   129.000 130.00000  440.0000    446.00
A   7166.270  26837.26  2656.003 21024.656 108.94065  841.3967  10621.64
a  -7265.168 -18047.44 -2243.742 -2477.197 -90.59346 -802.7392 -11647.80
     phi0.14   phi0.15   phi0.16   phi0.17   phi0.18   phi0.19   phi0.20
id  447.0000   510.000 532.00000   718.000 730.00000   756.000 789.00000
A  1064.3305  1451.858  58.80620  3948.283  74.49308 12122.365  22.55934
a  -921.8325 -1661.449 -66.55678 -1500.863 -69.79035 -1949.854 -12.06564
     phi0.21   phi0.22   phi0.23   phi0.24   phi0.25   phi0.26   phi0.27
id  793.0000    814.00   884.000   888.000   895.000   898.000   907.000
A   682.7634  11959.81  4642.804  3764.171  1445.621  3945.214  2644.352
a  -644.1078 -10465.95 -4112.499 -3849.361 -1674.421 -3716.954 -2197.684
     phi0.28   phi0.29  phi0.30   phi0.31   phi0.32   phi0.33   phi0.34
id   924.000   925.000   926.00   931.000  934.0000 995.00000  1014.000
A   3132.553  2867.447  4350.00  5035.641  988.9983  62.29034 12063.702
a  -2254.918 -1979.822 -2992.79 -4014.342 -522.6434 -63.16566 -6854.853
FIRE:  4  stops.  0 hits of maxmove.  0 hits of dtmax.
Frms = 9.23540063025268e-06; Ftanrms = 9.23450302212416e-06
E =  0.00548 | E_L =  0.00545 | E_A =  0.00003 |   0 flippped triangles
E =  0.00316 | E_L =  0.00316 | E_A =  0.00000 |   0 flippped triangles
E =  0.00301 | E_L =  0.00301 | E_A =  0.00000 |   0 flippped triangles
E =  0.00299 | E_L =  0.00299 | E_A =  0.00000 |   0 flippped triangles
E =  0.00299 | E_L =  0.00299 | E_A =  0.00000 |   0 flippped triangles
E =  0.00299 | E_L =  0.00299 | E_A =  0.00000 |   0 flippped triangles
Optimising mapping with BFGS...
E =  0.00299 | E_L =  0.00299 | E_A =  0.00000 |   0 flippped triangles
Transforming image...
Mapping optimised. Error: 0.00298633 ; 0 flipped triangles.
Inferring coordinates of datapoints
Inferring coordinates of landmarks
Mapping optimised. Error: 0.00298633 ; 0 flipped triangles. OD displacement: 9.084655 degrees.
Computing Kernel Density estimates of datapoints

[1] 0.7
Saving developmental_retina/data/nAChR-B2/P28/GMB195-6/R-CONTRA/r.mat
