[1] "Adding old segment 1"
[1] "Storing new segment 1"
[1] "Adding old segment 2"
[1] "Adding old segment 3"
[1] "Adding old segment 4"
[1] "Storing new segment 2"
Triangulating...
[1] "Non-adjacent points in rim connected by line: 8 6"
[1] "In triangle: 36"  "In triangle: 146"
[1] "Other points in triangles: 7 105"
[1] "Non-adjacent points in rim connected by line: 54 1"
[1] "In triangle: 19" "In triangle: 31"
[1] "Other points in triangles: 56 50"
[1] "Non-adjacent points in rim connected by line: 57 27"
[1] "In triangle: 59" "In triangle: 92"
[1] "Other points in triangles: 26 58"
[1] "Non-adjacent points in rim connected by line: 73 49"
[1] "In triangle: 46"  "In triangle: 152"
[1] "Other points in triangles: 48 108"
Stitching...
Tear 1 child of rim
Tear 2 child of backward side of tear 1
Tear 3 child of rim
Tear 4 child of rim
Tear 5 child of rim
Tear 1 : Sf = 3847.68572801132 ; Sb = 3011.47380526832
  Forwards path
    i = 87 ; sf/Sf = 0.0790123788068147 ; sf = 304.014802271205
      k =    3 ; sb/Sb = 0 ; sb = 0
      k =    4 ; sb/Sb = 0.206440859823248 ; sb = 621.691241694782
      Creating new point: f = 0.382736144746074
    i = 2 ; sf/Sf = 0.158024757613629 ; sf = 608.02960454241
      k =    3 ; sb/Sb = 0 ; sb = 0
      k =    4 ; sb/Sb = 0.206440859823248 ; sb = 621.691241694782
      Creating new point: f = 0.765472289492148
    i = 74 ; sf/Sf = 0.228305015611614 ; sf = 878.44595020221
      k =    3 ; sb/Sb = 0 ; sb = 0
      k =    4 ; sb/Sb = 0.206440859823248 ; sb = 621.691241694782
      k =  354 ; sb/Sb = 0.295046405989954 ; sb = 888.524522977309
      Creating new point: f = 0.246758320830503
    i = 1 ; sf/Sf = 0.298585273609599 ; sf = 1148.86229586201
      k =    3 ; sb/Sb = 0 ; sb = 0
      k =    4 ; sb/Sb = 0.206440859823248 ; sb = 621.691241694782
      k =  354 ; sb/Sb = 0.295046405989954 ; sb = 888.524522977309
      k =  260 ; sb/Sb = 0.383651952156659 ; sb = 1155.35780425984
      Creating new point: f = 0.0399395723263972
    i = 50 ; sf/Sf = 0.311580097910346 ; sf = 1198.86229586201
      k =    3 ; sb/Sb = 0 ; sb = 0
      k =    4 ; sb/Sb = 0.206440859823248 ; sb = 621.691241694782
      k =  354 ; sb/Sb = 0.295046405989954 ; sb = 888.524522977309
      k =  260 ; sb/Sb = 0.383651952156659 ; sb = 1155.35780425984
      Creating new point: f = 0.186598837608713
    i = 54 ; sf/Sf = 0.328213473015303 ; sf = 1262.86229586201
      k =    3 ; sb/Sb = 0 ; sb = 0
      k =    4 ; sb/Sb = 0.206440859823248 ; sb = 621.691241694782
      k =  354 ; sb/Sb = 0.295046405989954 ; sb = 888.524522977309
      k =  260 ; sb/Sb = 0.383651952156659 ; sb = 1155.35780425984
      Creating new point: f = 0.374322697170075
    i = 52 ; sf/Sf = 0.344846848120259 ; sf = 1326.86229586201
      k =    3 ; sb/Sb = 0 ; sb = 0
      k =    4 ; sb/Sb = 0.206440859823248 ; sb = 621.691241694782
      k =  354 ; sb/Sb = 0.295046405989954 ; sb = 888.524522977309
      k =  260 ; sb/Sb = 0.383651952156659 ; sb = 1155.35780425984
      Creating new point: f = 0.562046556731439
    i = 49 ; sf/Sf = 0.38735229328997 ; sf = 1490.40989060427
      k =    3 ; sb/Sb = 0 ; sb = 0
      k =    4 ; sb/Sb = 0.206440859823248 ; sb = 621.691241694782
      k =  354 ; sb/Sb = 0.295046405989954 ; sb = 888.524522977309
      k =  260 ; sb/Sb = 0.383651952156659 ; sb = 1155.35780425984
      k =  205 ; sb/Sb = 0.472257498323365 ; sb = 1422.19108554236
      Creating new point: f = 0.0417619584032464
    i = 48 ; sf/Sf = 0.432815610517745 ; sf = 1665.33844744963
      k =    3 ; sb/Sb = 0 ; sb = 0
      k =    4 ; sb/Sb = 0.206440859823248 ; sb = 621.691241694782
      k =  354 ; sb/Sb = 0.295046405989954 ; sb = 888.524522977309
      k =  260 ; sb/Sb = 0.383651952156659 ; sb = 1155.35780425984
      k =  205 ; sb/Sb = 0.472257498323365 ; sb = 1422.19108554236
      Creating new point: f = 0.554859830879968
    i = 73 ; sf/Sf = 0.499349110937571 ; sf = 1921.33844744963
      k =    3 ; sb/Sb = 0 ; sb = 0
      k =    4 ; sb/Sb = 0.206440859823248 ; sb = 621.691241694782
      k =  354 ; sb/Sb = 0.295046405989954 ; sb = 888.524522977309
      k =  260 ; sb/Sb = 0.383651952156659 ; sb = 1155.35780425984
      k =  205 ; sb/Sb = 0.472257498323365 ; sb = 1422.19108554236
      k =    5 ; sb/Sb = 0.56086304449007 ; sb = 1689.02436682489
      Creating new point: f = 0.30575526912542
    i = 47 ; sf/Sf = 0.618673400811043 ; sf = 2380.46081460088
      k =    3 ; sb/Sb = 0 ; sb = 0
      k =    4 ; sb/Sb = 0.206440859823248 ; sb = 621.691241694782
      k =  354 ; sb/Sb = 0.295046405989954 ; sb = 888.524522977309
      k =  260 ; sb/Sb = 0.383651952156659 ; sb = 1155.35780425984
      k =  205 ; sb/Sb = 0.472257498323365 ; sb = 1422.19108554236
      k =    5 ; sb/Sb = 0.56086304449007 ; sb = 1689.02436682489
      k =    6 ; sb/Sb = 0.710439050894042 ; sb = 2139.4685920071
      Creating new point: f = 0.386494851084871
    i = 139 ; sf/Sf = 0.719540362107046 ; sf = 2768.56518200738
      k =    3 ; sb/Sb = 0 ; sb = 0
      k =    4 ; sb/Sb = 0.206440859823248 ; sb = 621.691241694782
      k =  354 ; sb/Sb = 0.295046405989954 ; sb = 888.524522977309
      k =  260 ; sb/Sb = 0.383651952156659 ; sb = 1155.35780425984
      k =  205 ; sb/Sb = 0.472257498323365 ; sb = 1422.19108554236
      k =    5 ; sb/Sb = 0.56086304449007 ; sb = 1689.02436682489
      k =    6 ; sb/Sb = 0.710439050894042 ; sb = 2139.4685920071
      k =    7 ; sb/Sb = 0.842138898193793 ; sb = 2536.07923230814
      Creating new point: f = 0.0691064674683255
    i = 46 ; sf/Sf = 0.820407323403048 ; sf = 3156.66954941388
      k =    3 ; sb/Sb = 0 ; sb = 0
      k =    4 ; sb/Sb = 0.206440859823248 ; sb = 621.691241694782
      k =  354 ; sb/Sb = 0.295046405989954 ; sb = 888.524522977309
      k =  260 ; sb/Sb = 0.383651952156659 ; sb = 1155.35780425984
      k =  205 ; sb/Sb = 0.472257498323365 ; sb = 1422.19108554236
      k =    5 ; sb/Sb = 0.56086304449007 ; sb = 1689.02436682489
      k =    6 ; sb/Sb = 0.710439050894042 ; sb = 2139.4685920071
      k =    7 ; sb/Sb = 0.842138898193793 ; sb = 2536.07923230814
      Creating new point: f = 0.83499164777858
    i = 45 ; sf/Sf = 0.87740707273236 ; sf = 3375.98667140849
      k =    3 ; sb/Sb = 0 ; sb = 0
      k =    4 ; sb/Sb = 0.206440859823248 ; sb = 621.691241694782
      k =  354 ; sb/Sb = 0.295046405989954 ; sb = 888.524522977309
      k =  260 ; sb/Sb = 0.383651952156659 ; sb = 1155.35780425984
      k =  205 ; sb/Sb = 0.472257498323365 ; sb = 1422.19108554236
      k =    5 ; sb/Sb = 0.56086304449007 ; sb = 1689.02436682489
      k =    6 ; sb/Sb = 0.710439050894042 ; sb = 2139.4685920071
      k =    7 ; sb/Sb = 0.842138898193793 ; sb = 2536.07923230814
      k =   10 ; sb/Sb = 0.842138898193793 ; sb = 2536.07923230814
      k =   11 ; sb/Sb = 1 ; sb = 3011.47380526833
      Creating new point: f = 0.223412697206829
    i = 109 ; sf/Sf = 0.93870353636618 ; sf = 3611.83619970991
      k =    3 ; sb/Sb = 0 ; sb = 0
      k =    4 ; sb/Sb = 0.206440859823248 ; sb = 621.691241694782
      k =  354 ; sb/Sb = 0.295046405989954 ; sb = 888.524522977309
      k =  260 ; sb/Sb = 0.383651952156659 ; sb = 1155.35780425984
      k =  205 ; sb/Sb = 0.472257498323365 ; sb = 1422.19108554236
      k =    5 ; sb/Sb = 0.56086304449007 ; sb = 1689.02436682489
      k =    6 ; sb/Sb = 0.710439050894042 ; sb = 2139.4685920071
      k =    7 ; sb/Sb = 0.842138898193793 ; sb = 2536.07923230814
      k =   10 ; sb/Sb = 0.842138898193793 ; sb = 2536.07923230814
      k =   11 ; sb/Sb = 1 ; sb = 3011.47380526833
      Creating new point: f = 0.611706348603415
Tear 2 : Sf = 491.75219410293 ; Sb = 537.121960079831
  Forwards path
    i = 8 ; sf/Sf = 0.631709415972956 ; sf = 310.644491340181
      k =    9 ; sb/Sb = 0 ; sb = 0
      k =   10 ; sb/Sb = 1 ; sb = 537.121960079831
      Creating new point: f = 0.631709415972956
Tear 3 : Sf = 1283.68513824027 ; Sb = 944.366330692618
  Forwards path
    i = 209 ; sf/Sf = 0.253656284865668 ; sf = 325.614803103299
      k =   30 ; sb/Sb = 0 ; sb = 0
      k =   31 ; sb/Sb = 0.116480222160529 ; sb = 110
      k =   32 ; sb/Sb = 0.442686722755538 ; sb = 418.058436014987
      Creating new point: f = 0.420519095894551
    i = 29 ; sf/Sf = 0.507312569731335 ; sf = 651.229606206598
      k =   30 ; sb/Sb = 0 ; sb = 0
      k =   31 ; sb/Sb = 0.116480222160529 ; sb = 110
      k =   32 ; sb/Sb = 0.442686722755538 ; sb = 418.058436014987
      k =  225 ; sb/Sb = 0.721343361377769 ; sb = 681.212383353803
      Creating new point: f = 0.23191927992575
    i = 212 ; sf/Sf = 0.753656284865668 ; sf = 967.457372223435
      k =   30 ; sb/Sb = 0 ; sb = 0
      k =   31 ; sb/Sb = 0.116480222160529 ; sb = 110
      k =   32 ; sb/Sb = 0.442686722755538 ; sb = 418.058436014987
      k =  225 ; sb/Sb = 0.721343361377769 ; sb = 681.212383353803
      k =   33 ; sb/Sb = 1 ; sb = 944.366330692618
      Creating new point: f = 0.115959639962875
Tear 4 : Sf = 1424.04183179786 ; Sb = 1063.03467909416
  Forwards path
    i = 423 ; sf/Sf = 0.176266210966965 ; sf = 251.010457949465
      k =   20 ; sb/Sb = 0 ; sb = 0
      k =   21 ; sb/Sb = 0.319977357016938 ; sb = 340.147027033899
      Creating new point: f = 0.550870888522385
    i = 224 ; sf/Sf = 0.35253242193393 ; sf = 502.020915898929
      k =   20 ; sb/Sb = 0 ; sb = 0
      k =   21 ; sb/Sb = 0.319977357016938 ; sb = 340.147027033899
      k =   22 ; sb/Sb = 0.587375414353371 ; sb = 624.400435104937
      Creating new point: f = 0.121747574538405
    i = 19 ; sf/Sf = 0.70506484386786 ; sf = 1004.04183179786
      k =   20 ; sb/Sb = 0 ; sb = 0
      k =   21 ; sb/Sb = 0.319977357016938 ; sb = 340.147027033899
      k =   22 ; sb/Sb = 0.587375414353371 ; sb = 624.400435104937
      k =   23 ; sb/Sb = 1 ; sb = 1063.03467909416
      Creating new point: f = 0.285221563640122
Tear 5 : Sf = 265.706605111728 ; Sb = 256.124969497314
  Forwards path
Tear 1 : Sf = 3011.47380526833 ; Sb = 3847.68572801132
  Backwards path
    i = 4 ; sf/Sf = 0.206440859823248 ; sf = 621.691241694782
      k =    3 ; sb/Sb = 0 ; sb = 0
      k =   87 ; sb/Sb = 0.0790123788068147 ; sb = 304.014802271205
      k =    2 ; sb/Sb = 0.158024757613629 ; sb = 608.02960454241
      k =   74 ; sb/Sb = 0.228305015611614 ; sb = 878.44595020221
      Creating new point: f = 0.688900462075809
    i = 354 ; sf/Sf = 0.295046405989954 ; sf = 888.524522977309
      k =    3 ; sb/Sb = 0 ; sb = 0
      k =   87 ; sb/Sb = 0.0790123788068147 ; sb = 304.014802271205
      k =    2 ; sb/Sb = 0.158024757613629 ; sb = 608.02960454241
      k =   74 ; sb/Sb = 0.228305015611614 ; sb = 878.44595020221
      k =    1 ; sb/Sb = 0.298585273609599 ; sb = 1148.86229586201
      Creating new point: f = 0.949646348484569
    i = 260 ; sf/Sf = 0.383651952156659 ; sf = 1155.35780425984
      k =    3 ; sb/Sb = 0 ; sb = 0
      k =   87 ; sb/Sb = 0.0790123788068147 ; sb = 304.014802271205
      k =    2 ; sb/Sb = 0.158024757613629 ; sb = 608.02960454241
      k =   74 ; sb/Sb = 0.228305015611614 ; sb = 878.44595020221
      k =    1 ; sb/Sb = 0.298585273609599 ; sb = 1148.86229586201
      k =   50 ; sb/Sb = 0.311580097910346 ; sb = 1198.86229586201
      k =   54 ; sb/Sb = 0.328213473015303 ; sb = 1262.86229586201
      k =   52 ; sb/Sb = 0.344846848120259 ; sb = 1326.86229586201
      k =   49 ; sb/Sb = 0.38735229328997 ; sb = 1490.40989060427
      Creating new point: f = 0.912944303523075
    i = 205 ; sf/Sf = 0.472257498323364 ; sf = 1422.19108554236
      k =    3 ; sb/Sb = 0 ; sb = 0
      k =   87 ; sb/Sb = 0.0790123788068147 ; sb = 304.014802271205
      k =    2 ; sb/Sb = 0.158024757613629 ; sb = 608.02960454241
      k =   74 ; sb/Sb = 0.228305015611614 ; sb = 878.44595020221
      k =    1 ; sb/Sb = 0.298585273609599 ; sb = 1148.86229586201
      k =   50 ; sb/Sb = 0.311580097910346 ; sb = 1198.86229586201
      k =   54 ; sb/Sb = 0.328213473015303 ; sb = 1262.86229586201
      k =   52 ; sb/Sb = 0.344846848120259 ; sb = 1326.86229586201
      k =   49 ; sb/Sb = 0.38735229328997 ; sb = 1490.40989060427
      k =   48 ; sb/Sb = 0.432815610517745 ; sb = 1665.33844744963
      k =   73 ; sb/Sb = 0.499349110937571 ; sb = 1921.33844744963
      Creating new point: f = 0.592812456232452
    i = 5 ; sf/Sf = 0.56086304449007 ; sf = 1689.02436682489
      k =    3 ; sb/Sb = 0 ; sb = 0
      k =   87 ; sb/Sb = 0.0790123788068147 ; sb = 304.014802271205
      k =    2 ; sb/Sb = 0.158024757613629 ; sb = 608.02960454241
      k =   74 ; sb/Sb = 0.228305015611614 ; sb = 878.44595020221
      k =    1 ; sb/Sb = 0.298585273609599 ; sb = 1148.86229586201
      k =   50 ; sb/Sb = 0.311580097910346 ; sb = 1198.86229586201
      k =   54 ; sb/Sb = 0.328213473015303 ; sb = 1262.86229586201
      k =   52 ; sb/Sb = 0.344846848120259 ; sb = 1326.86229586201
      k =   49 ; sb/Sb = 0.38735229328997 ; sb = 1490.40989060427
      k =   48 ; sb/Sb = 0.432815610517745 ; sb = 1665.33844744963
      k =   73 ; sb/Sb = 0.499349110937571 ; sb = 1921.33844744963
      k =   47 ; sb/Sb = 0.618673400811043 ; sb = 2380.46081460088
      Creating new point: f = 0.51551895777236
    i = 6 ; sf/Sf = 0.710439050894042 ; sf = 2139.4685920071
      k =    3 ; sb/Sb = 0 ; sb = 0
      k =   87 ; sb/Sb = 0.0790123788068147 ; sb = 304.014802271205
      k =    2 ; sb/Sb = 0.158024757613629 ; sb = 608.02960454241
      k =   74 ; sb/Sb = 0.228305015611614 ; sb = 878.44595020221
      k =    1 ; sb/Sb = 0.298585273609599 ; sb = 1148.86229586201
      k =   50 ; sb/Sb = 0.311580097910346 ; sb = 1198.86229586201
      k =   54 ; sb/Sb = 0.328213473015303 ; sb = 1262.86229586201
      k =   52 ; sb/Sb = 0.344846848120259 ; sb = 1326.86229586201
      k =   49 ; sb/Sb = 0.38735229328997 ; sb = 1490.40989060427
      k =   48 ; sb/Sb = 0.432815610517745 ; sb = 1665.33844744963
      k =   73 ; sb/Sb = 0.499349110937571 ; sb = 1921.33844744963
      k =   47 ; sb/Sb = 0.618673400811043 ; sb = 2380.46081460088
      k =  139 ; sb/Sb = 0.719540362107046 ; sb = 2768.56518200738
      Creating new point: f = 0.909769154378555
    i = 7 ; sf/Sf = 0.842138898193793 ; sf = 2536.07923230814
      k =    3 ; sb/Sb = 0 ; sb = 0
      k =   87 ; sb/Sb = 0.0790123788068147 ; sb = 304.014802271205
      k =    2 ; sb/Sb = 0.158024757613629 ; sb = 608.02960454241
      k =   74 ; sb/Sb = 0.228305015611614 ; sb = 878.44595020221
      k =    1 ; sb/Sb = 0.298585273609599 ; sb = 1148.86229586201
      k =   50 ; sb/Sb = 0.311580097910346 ; sb = 1198.86229586201
      k =   54 ; sb/Sb = 0.328213473015303 ; sb = 1262.86229586201
      k =   52 ; sb/Sb = 0.344846848120259 ; sb = 1326.86229586201
      k =   49 ; sb/Sb = 0.38735229328997 ; sb = 1490.40989060427
      k =   48 ; sb/Sb = 0.432815610517745 ; sb = 1665.33844744963
      k =   73 ; sb/Sb = 0.499349110937571 ; sb = 1921.33844744963
      k =   47 ; sb/Sb = 0.618673400811043 ; sb = 2380.46081460088
      k =  139 ; sb/Sb = 0.719540362107046 ; sb = 2768.56518200738
      k =   46 ; sb/Sb = 0.820407323403048 ; sb = 3156.66954941388
      k =   45 ; sb/Sb = 0.87740707273236 ; sb = 3375.98667140849
    i = 10 ; sf/Sf = 0.842138898193793 ; sf = 2536.07923230814
      k =    3 ; sb/Sb = 0 ; sb = 0
      k =   87 ; sb/Sb = 0.0790123788068147 ; sb = 304.014802271205
      k =    2 ; sb/Sb = 0.158024757613629 ; sb = 608.02960454241
      k =   74 ; sb/Sb = 0.228305015611614 ; sb = 878.44595020221
      k =    1 ; sb/Sb = 0.298585273609599 ; sb = 1148.86229586201
      k =   50 ; sb/Sb = 0.311580097910346 ; sb = 1198.86229586201
      k =   54 ; sb/Sb = 0.328213473015303 ; sb = 1262.86229586201
      k =   52 ; sb/Sb = 0.344846848120259 ; sb = 1326.86229586201
      k =   49 ; sb/Sb = 0.38735229328997 ; sb = 1490.40989060427
      k =   48 ; sb/Sb = 0.432815610517745 ; sb = 1665.33844744963
      k =   73 ; sb/Sb = 0.499349110937571 ; sb = 1921.33844744963
      k =   47 ; sb/Sb = 0.618673400811043 ; sb = 2380.46081460088
      k =  139 ; sb/Sb = 0.719540362107046 ; sb = 2768.56518200738
      k =   46 ; sb/Sb = 0.820407323403048 ; sb = 3156.66954941388
      k =   45 ; sb/Sb = 0.87740707273236 ; sb = 3375.98667140849
      Creating new point: f = 0.381257374750756
Tear 2 : Sf = 537.121960079831 ; Sb = 491.75219410293
  Backwards path
Tear 3 : Sf = 944.366330692618 ; Sb = 1283.68513824027
  Backwards path
    i = 31 ; sf/Sf = 0.116480222160529 ; sf = 110
      k =   30 ; sb/Sb = 0 ; sb = 0
      k =  209 ; sb/Sb = 0.253656284865668 ; sb = 325.614803103299
      Creating new point: f = 0.459204952174614
    i = 32 ; sf/Sf = 0.442686722755538 ; sf = 418.058436014987
      k =   30 ; sb/Sb = 0 ; sb = 0
      k =  209 ; sb/Sb = 0.253656284865668 ; sb = 325.614803103299
      k =   29 ; sb/Sb = 0.507312569731335 ; sb = 651.229606206598
      Creating new point: f = 0.745222764695057
    i = 225 ; sf/Sf = 0.721343361377769 ; sf = 681.212383353803
      k =   30 ; sb/Sb = 0 ; sb = 0
      k =  209 ; sb/Sb = 0.253656284865668 ; sb = 325.614803103299
      k =   29 ; sb/Sb = 0.507312569731335 ; sb = 651.229606206598
      k =  212 ; sb/Sb = 0.753656284865668 ; sb = 967.457372223435
      Creating new point: f = 0.868829925414259
Tear 4 : Sf = 1063.03467909416 ; Sb = 1424.04183179786
  Backwards path
    i = 21 ; sf/Sf = 0.319977357016938 ; sf = 340.147027033899
      k =   20 ; sb/Sb = 0 ; sb = 0
      k =  423 ; sb/Sb = 0.176266210966965 ; sb = 251.010457949465
      k =  224 ; sb/Sb = 0.35253242193393 ; sb = 502.020915898929
      Creating new point: f = 0.815307399311525
    i = 22 ; sf/Sf = 0.587375414353371 ; sf = 624.400435104937
      k =   20 ; sb/Sb = 0 ; sb = 0
      k =  423 ; sb/Sb = 0.176266210966965 ; sb = 251.010457949465
      k =  224 ; sb/Sb = 0.35253242193393 ; sb = 502.020915898929
      k =   19 ; sb/Sb = 0.70506484386786 ; sb = 1004.04183179786
      Creating new point: f = 0.666159983615505
Tear 5 : Sf = 256.124969497314 ; Sb = 265.706605111728
  Backwards path
Triangulating...
[1] "Non-adjacent points in rim connected by line: 54 1"
[1] "In triangle: 226" "In triangle: 233"
[1] "Other points in triangles: 444 50"
[1] "Non-adjacent points in rim connected by line: 459 8"
[1] "In triangle: 302" "In triangle: 325"
[1] "Other points in triangles: 443 7"
Merging points...
Projecting to sphere...
Optimising mapping with FIRE...
E =  0.00825 | E_L =  0.00825 | E_A =  0.00000 |   0 flippped triangles
E =  0.00811 | E_L =  0.00811 | E_A =  0.00000 |  59 flippped triangles
        phi0    phi0.1    phi0.2    phi0.3    phi0.4    phi0.5    phi0.6
id    55.000    92.000    97.000  227.0000  228.0000 229.00000 230.00000
A   6923.738  3422.012  1467.358  728.6506  122.7455  40.65789  86.26951
a  -5704.861 -3394.642 -1336.420 -578.6330 -224.4455 -48.21898 -52.04017
      phi0.7    phi0.8    phi0.9   phi0.10   phi0.11   phi0.12   phi0.13
id  232.0000 235.00000   236.000  237.0000  240.0000  241.0000   245.000
A   917.8843  44.01837  1527.933  315.0147  586.5263  607.4341  5447.408
a  -842.6105 -27.23999 -1475.512 -384.5831 -591.4281 -677.8688 -3905.839
     phi0.14   phi0.15   phi0.16   phi0.17   phi0.18   phi0.19   phi0.20
id   246.000   247.000  248.0000  251.0000    260.00    262.00    263.00
A   3593.060  4261.022  152.9789  561.7431  28765.99  41797.28  30516.73
a  -3923.642 -1863.439 -142.0572 -534.5369 -22674.05 -41169.72 -25103.62
     phi0.21   phi0.22   phi0.23   phi0.24   phi0.25   phi0.26   phi0.27
id    265.00    266.00   267.000    269.00    281.00   284.000   287.000
A   28744.99  18957.27  1932.675  17162.87  31274.26 10664.184  4103.748
a  -23921.01 -18806.78 -2716.139 -17026.39 -22031.58 -7325.668 -5307.834
     phi0.28   phi0.29   phi0.30   phi0.31   phi0.32   phi0.33   phi0.34
id   289.000   318.000   339.000    350.00    363.00    491.00   492.000
A   9868.085  2832.844 26339.734  22779.53  47163.52  18787.40  3634.710
a  -7513.822 -3478.929 -3812.927 -16257.59 -27610.98 -16188.81 -3045.804
     phi0.35   phi0.36   phi0.37   phi0.38   phi0.39   phi0.40   phi0.41
id    502.00    506.00    507.00    509.00    512.00   575.000    592.00
A   38120.82  26920.32  45014.52  39068.41  38148.27  6141.902  27026.48
a  -37823.76 -24105.50 -21270.21 -27674.96 -33462.72 -3158.981 -15770.84
    phi0.42   phi0.43   phi0.44   phi0.45   phi0.46   phi0.47   phi0.48
id 621.0000 622.00000  623.0000 624.00000   625.000   657.000   666.000
A  350.4539  32.72745  217.3890  84.54112 17201.434  3721.447  1596.645
a  -52.5897 -29.14102 -238.6649 -56.65128 -2183.181 -4170.823 -1360.351
     phi0.49   phi0.50   phi0.51   phi0.52   phi0.53   phi0.54   phi0.55
id  667.0000   682.000    686.00    835.00   843.000    848.00    851.00
A   552.9727 20996.237  10941.85  45793.36  1613.158  17999.89  22015.71
a  -293.4860 -9007.733 -11389.73 -45179.03 -1425.107 -14423.55 -18579.00
     phi0.56   phi0.57   phi0.58
id   852.000   854.000   856.000
A   2894.859 14355.369  6655.795
a  -2243.504 -6343.121 -5216.227
FIRE:  8  stops.  2 hits of maxmove.  0 hits of dtmax.
Frms = 6.65532650498698e-06; Ftanrms = 6.65373479750282e-06
E =  0.01180 | E_L =  0.01180 | E_A =  0.00001 |   0 flippped triangles
E =  0.00927 | E_L =  0.00922 | E_A =  0.00005 |   0 flippped triangles
E =  0.00891 | E_L =  0.00891 | E_A =  0.00000 |   0 flippped triangles
E =  0.00822 | E_L =  0.00822 | E_A =  0.00000 |   0 flippped triangles
E =  0.00805 | E_L =  0.00805 | E_A =  0.00000 |   0 flippped triangles
E =  0.00786 | E_L =  0.00786 | E_A =  0.00000 |   0 flippped triangles
E =  0.00771 | E_L =  0.00771 | E_A =  0.00000 |   0 flippped triangles
E =  0.00763 | E_L =  0.00763 | E_A =  0.00000 |   0 flippped triangles
E =  0.00754 | E_L =  0.00754 | E_A =  0.00000 |   0 flippped triangles
E =  0.00749 | E_L =  0.00748 | E_A =  0.00000 |   0 flippped triangles
E =  0.00745 | E_L =  0.00745 | E_A =  0.00000 |   0 flippped triangles
E =  0.00741 | E_L =  0.00741 | E_A =  0.00000 |   0 flippped triangles
E =  0.00741 | E_L =  0.00741 | E_A =  0.00000 |   0 flippped triangles
Optimising mapping with BFGS...
E =  0.00741 | E_L =  0.00741 | E_A =  0.00000 |   0 flippped triangles
Transforming image...
Mapping optimised. Error: 0.007411246 ; 0 flipped triangles.
Inferring coordinates of datapoints
Inferring coordinates of landmarks
Mapping optimised. Error: 0.007411246 ; 0 flipped triangles. OD displacement: 7.276137 degrees.
Computing Kernel Density estimates of datapoints

[1] 0.775
Saving developmental_retina/data/C57BL6J/P2/AP/GM143-2/R-CONTRA/r.mat
