[1] "Adding old segment 1"
[1] "Intersection found. Old points:"
    X     Y 
-1720 -1401 
    X     Y 
-1570 -1491 
    X     Y 
-1570 -1491 
    X     Y 
-1570 -1321 
[1] "Point i+1 has been changed:"
    X     Y 
-1720 -1401 
    X     Y 
-1570 -1491 
    X     Y 
-1570 -1491 
    X     Y 
-1570 -1321 
[1] "a= 0.294117647058824"
[1] "l= 170"
[1] "New points:"
    X     Y 
-1720 -1401 
    X     Y 
-1570 -1491 
    X     Y 
-1570 -1371 
    X     Y 
-1570 -1321 
[1] "Storing new segment 1"
[1] "Adding old segment 2"
[1] "Adding old segment 3"
[1] "Adding old segment 4"
[1] "Adding old segment 5"
[1] "Storing new segment 2"
simplify.outline: Removing vertex 31
simplify.outline: Removing vertex 45
Triangulating...
[1] "Non-adjacent points in rim connected by line: 42 39"
[1] "In triangle: 25" "In triangle: 93"
[1] "Other points in triangles: 73 69"
Stitching...
Tear 1 child of rim
Tear 2 child of backward side of tear 1
Tear 3 child of rim
Tear 4 child of rim
Tear 5 child of forward side of tear 4
Tear 6 child of rim
Tear 1 : Sf = 1929.61497111986 ; Sb = 1786.72692371685
  Forwards path
    i = 17 ; sf/Sf = 0.268935117927695 ; sf = 518.941229813165
      k =   16 ; sb/Sb = 0 ; sb = 0
      k =   15 ; sb/Sb = 0.23076305454896 ; sb = 412.310562561766
      k =   14 ; sb/Sb = 0.397732429579659 ; sb = 710.639240365292
      Creating new point: f = 0.228617154323762
    i = 18 ; sf/Sf = 0.407218291139017 ; sf = 785.774511095692
      k =   16 ; sb/Sb = 0 ; sb = 0
      k =   15 ; sb/Sb = 0.23076305454896 ; sb = 412.310562561766
      k =   14 ; sb/Sb = 0.397732429579659 ; sb = 710.639240365292
      k =   11 ; sb/Sb = 0.397732429579659 ; sb = 710.639240365292
      k =  333 ; sb/Sb = 0.542305068875 ; sb = 968.951067427082
      Creating new point: f = 0.0656131174307447
    i = 19 ; sf/Sf = 0.524138136201494 ; sf = 1011.38479454926
      k =   16 ; sb/Sb = 0 ; sb = 0
      k =   15 ; sb/Sb = 0.23076305454896 ; sb = 412.310562561766
      k =   14 ; sb/Sb = 0.397732429579659 ; sb = 710.639240365292
      k =   11 ; sb/Sb = 0.397732429579659 ; sb = 710.639240365292
      k =  333 ; sb/Sb = 0.542305068875 ; sb = 968.951067427082
      Creating new point: f = 0.874340450848424
    i = 20 ; sf/Sf = 0.702610791269354 ; sf = 1355.76830170371
      k =   16 ; sb/Sb = 0 ; sb = 0
      k =   15 ; sb/Sb = 0.23076305454896 ; sb = 412.310562561766
      k =   14 ; sb/Sb = 0.397732429579659 ; sb = 710.639240365292
      k =   11 ; sb/Sb = 0.397732429579659 ; sb = 710.639240365292
      k =  333 ; sb/Sb = 0.542305068875 ; sb = 968.951067427082
      k =   10 ; sb/Sb = 0.686877708170341 ; sb = 1227.26289448887
      k =  332 ; sb/Sb = 0.84343885408517 ; sb = 1506.99490910286
      Creating new point: f = 0.100491619469694
    i = 76 ; sf/Sf = 0.851305395634677 ; sf = 1642.69163641178
      k =   16 ; sb/Sb = 0 ; sb = 0
      k =   15 ; sb/Sb = 0.23076305454896 ; sb = 412.310562561766
      k =   14 ; sb/Sb = 0.397732429579659 ; sb = 710.639240365292
      k =   11 ; sb/Sb = 0.397732429579659 ; sb = 710.639240365292
      k =  333 ; sb/Sb = 0.542305068875 ; sb = 968.951067427082
      k =   10 ; sb/Sb = 0.686877708170341 ; sb = 1227.26289448887
      k =  332 ; sb/Sb = 0.84343885408517 ; sb = 1506.99490910286
      k =    9 ; sb/Sb = 1 ; sb = 1786.72692371685
      Creating new point: f = 0.0502458097348473
Tear 2 : Sf = 1049.01243489749 ; Sb = 787.464284904401
  Forwards path
    i = 422 ; sf/Sf = 0.408938290248153 ; sf = 428.981351576033
      k =   12 ; sb/Sb = 0 ; sb = 0
      k =  291 ; sb/Sb = 0.5 ; sb = 393.732142452201
      Creating new point: f = 0.817876580496306
    i = 13 ; sf/Sf = 0.817876580496306 ; sf = 857.962703152066
      k =   12 ; sb/Sb = 0 ; sb = 0
      k =  291 ; sb/Sb = 0.5 ; sb = 393.732142452201
      k =   11 ; sb/Sb = 1 ; sb = 787.464284904401
      Creating new point: f = 0.635753160992612
Tear 3 : Sf = 1907.28645412743 ; Sb = 1991.13845157495
  Forwards path
    i = 62 ; sf/Sf = 0.126269387094255 ; sf = 240.831891575846
      k =   27 ; sb/Sb = 0 ; sb = 0
      k =   26 ; sb/Sb = 0.260431757564825 ; sb = 518.555686498567
      Creating new point: f = 0.484846350057079
    i = 28 ; sf/Sf = 0.25253877418851 ; sf = 481.663783151692
      k =   27 ; sb/Sb = 0 ; sb = 0
      k =   26 ; sb/Sb = 0.260431757564824 ; sb = 518.555686498567
      Creating new point: f = 0.969692700114158
    i = 91 ; sf/Sf = 0.439404080641383 ; sf = 838.069450895627
      k =   27 ; sb/Sb = 0 ; sb = 0
      k =   26 ; sb/Sb = 0.260431757564824 ; sb = 518.555686498567
      k =  228 ; sb/Sb = 0.445323818173618 ; sb = 886.701377767662
      Creating new point: f = 0.967982738075698
    i = 89 ; sf/Sf = 0.626269387094255 ; sf = 1194.47511863956
      k =   27 ; sb/Sb = 0 ; sb = 0
      k =   26 ; sb/Sb = 0.260431757564824 ; sb = 518.555686498567
      k =  228 ; sb/Sb = 0.445323818173618 ; sb = 886.701377767662
      k =  230 ; sb/Sb = 0.630215878782412 ; sb = 1254.84706903676
      Creating new point: f = 0.978655158717132
    i = 443 ; sf/Sf = 0.813134693547128 ; sf = 1550.8807863835
      k =   27 ; sb/Sb = 0 ; sb = 0
      k =   26 ; sb/Sb = 0.260431757564824 ; sb = 518.555686498567
      k =  228 ; sb/Sb = 0.445323818173618 ; sb = 886.701377767662
      k =  230 ; sb/Sb = 0.630215878782412 ; sb = 1254.84706903676
      k =  265 ; sb/Sb = 0.815107939391206 ; sb = 1622.99276030585
      Creating new point: f = 0.989327579358566
Tear 4 : Sf = 1894.11579468141 ; Sb = 2228.64266262164
  Forwards path
    i = 138 ; sf/Sf = 0.28755150882286 ; sf = 544.655854645849
      k =   34 ; sb/Sb = 0 ; sb = 0
      k =  412 ; sb/Sb = 0.170344933183672 ; sb = 379.637985454564
      k =   33 ; sb/Sb = 0.340689866367344 ; sb = 759.275970909129
      Creating new point: f = 0.688054369734683
    i = 140 ; sf/Sf = 0.43132726323429 ; sf = 816.983781968773
      k =   34 ; sb/Sb = 0 ; sb = 0
      k =  412 ; sb/Sb = 0.170344933183672 ; sb = 379.637985454564
      k =   33 ; sb/Sb = 0.340689866367344 ; sb = 759.275970909129
      k =  418 ; sb/Sb = 0.441803857630265 ; sb = 984.622925625628
      Creating new point: f = 0.896388281531347
    i = 35 ; sf/Sf = 0.57510301764572 ; sf = 1089.3117092917
      k =   34 ; sb/Sb = 0 ; sb = 0
      k =  412 ; sb/Sb = 0.170344933183672 ; sb = 379.637985454564
      k =   33 ; sb/Sb = 0.340689866367344 ; sb = 759.275970909129
      k =  418 ; sb/Sb = 0.441803857630265 ; sb = 984.622925625628
      k =  392 ; sb/Sb = 0.542917848893187 ; sb = 1209.96988034213
      k =  410 ; sb/Sb = 0.644031840156109 ; sb = 1435.31683505863
      Creating new point: f = 0.318305788848183
    i = 36 ; sf/Sf = 0.835570649417273 ; sf = 1582.66756463346
      k =   34 ; sb/Sb = 0 ; sb = 0
      k =  412 ; sb/Sb = 0.170344933183672 ; sb = 379.637985454564
      k =   33 ; sb/Sb = 0.340689866367344 ; sb = 759.275970909129
      k =  418 ; sb/Sb = 0.441803857630265 ; sb = 984.622925625628
      k =  392 ; sb/Sb = 0.542917848893187 ; sb = 1209.96988034213
      k =  410 ; sb/Sb = 0.644031840156109 ; sb = 1435.31683505863
      k =   32 ; sb/Sb = 0.745145831419031 ; sb = 1660.66378977513
      k =  399 ; sb/Sb = 0.872572915709515 ; sb = 1944.65322619838
    i = 40 ; sf/Sf = 0.835570649417273 ; sf = 1582.66756463346
      k =   34 ; sb/Sb = 0 ; sb = 0
      k =  412 ; sb/Sb = 0.170344933183672 ; sb = 379.637985454564
      k =   33 ; sb/Sb = 0.340689866367344 ; sb = 759.275970909129
      k =  418 ; sb/Sb = 0.441803857630265 ; sb = 984.622925625628
      k =  392 ; sb/Sb = 0.542917848893187 ; sb = 1209.96988034213
      k =  410 ; sb/Sb = 0.644031840156109 ; sb = 1435.31683505863
      k =   32 ; sb/Sb = 0.745145831419031 ; sb = 1660.66378977513
      k =  399 ; sb/Sb = 0.872572915709515 ; sb = 1944.65322619838
      Creating new point: f = 0.709620081960825
Tear 5 : Sf = 939.780757243542 ; Sb = 914.050243680253
  Forwards path
    i = 39 ; sf/Sf = 0.551065012831237 ; sf = 517.880295048962
      k =   38 ; sb/Sb = 0 ; sb = 0
      k =   37 ; sb/Sb = 0.122316469633916 ; sb = 111.803398874989
      k =  107 ; sb/Sb = 0.561158234816958 ; sb = 512.926821277621
      Creating new point: f = 0.977000315862117
Tear 6 : Sf = 5084.14176550219 ; Sb = 4150.83100560118
  Forwards path
    i = 1 ; sf/Sf = 0.00786760122847381 ; sf = 40
      k =   55 ; sb/Sb = 0 ; sb = 0
      k =   54 ; sb/Sb = 0.05499001137417 ; sb = 228.254244210267
      Creating new point: f = 0.143073278798582
    i = 72 ; sf/Sf = 0.0613210800090872 ; sf = 311.765063979902
      k =   55 ; sb/Sb = 0 ; sb = 0
      k =   54 ; sb/Sb = 0.05499001137417 ; sb = 228.254244210267
      k =  356 ; sb/Sb = 0.111809845278069 ; sb = 464.103772511682
      Creating new point: f = 0.111423568143918
    i = 59 ; sf/Sf = 0.114774558789701 ; sf = 583.530127959803
      k =   55 ; sb/Sb = 0 ; sb = 0
      k =   54 ; sb/Sb = 0.05499001137417 ; sb = 228.254244210267
      k =  356 ; sb/Sb = 0.111809845278069 ; sb = 464.103772511682
      k =   53 ; sb/Sb = 0.168629679181969 ; sb = 699.953300813097
      Creating new point: f = 0.0521774406564698
    i = 129 ; sf/Sf = 0.168228037570314 ; sf = 855.295191939705
      k =   55 ; sb/Sb = 0 ; sb = 0
      k =   54 ; sb/Sb = 0.05499001137417 ; sb = 228.254244210267
      k =  356 ; sb/Sb = 0.111809845278069 ; sb = 464.103772511682
      k =   53 ; sb/Sb = 0.168629679181969 ; sb = 699.953300813097
      Creating new point: f = 0.992931313169023
    i = 2 ; sf/Sf = 0.221681516350927 ; sf = 1127.06025591961
      k =   55 ; sb/Sb = 0 ; sb = 0
      k =   54 ; sb/Sb = 0.05499001137417 ; sb = 228.254244210267
      k =  356 ; sb/Sb = 0.111809845278069 ; sb = 464.103772511682
      k =   53 ; sb/Sb = 0.168629679181969 ; sb = 699.953300813097
      k =   52 ; sb/Sb = 0.281062701618528 ; sb = 1166.64377639622
      Creating new point: f = 0.471852806402083
    i = 3 ; sf/Sf = 0.288815947108447 ; sf = 1468.38121923713
      k =   55 ; sb/Sb = 0 ; sb = 0
      k =   54 ; sb/Sb = 0.05499001137417 ; sb = 228.254244210267
      k =  356 ; sb/Sb = 0.111809845278069 ; sb = 464.103772511682
      k =   53 ; sb/Sb = 0.168629679181969 ; sb = 699.953300813097
      k =   52 ; sb/Sb = 0.281062701618528 ; sb = 1166.64377639622
      k =   51 ; sb/Sb = 0.339082864629468 ; sb = 1407.47566797206
      Creating new point: f = 0.133630191429443
    i = 4 ; sf/Sf = 0.314385651100987 ; sf = 1598.38121923713
      k =   55 ; sb/Sb = 0 ; sb = 0
      k =   54 ; sb/Sb = 0.05499001137417 ; sb = 228.254244210267
      k =  356 ; sb/Sb = 0.111809845278069 ; sb = 464.103772511682
      k =   53 ; sb/Sb = 0.168629679181969 ; sb = 699.953300813097
      k =   52 ; sb/Sb = 0.281062701618528 ; sb = 1166.64377639622
      k =   51 ; sb/Sb = 0.339082864629468 ; sb = 1407.47566797206
      Creating new point: f = 0.574333951391621
    i = 108 ; sf/Sf = 0.377529737587358 ; sf = 1919.41470658697
      k =   55 ; sb/Sb = 0 ; sb = 0
      k =   54 ; sb/Sb = 0.05499001137417 ; sb = 228.254244210267
      k =  356 ; sb/Sb = 0.111809845278069 ; sb = 464.103772511682
      k =   53 ; sb/Sb = 0.168629679181969 ; sb = 699.953300813097
      k =   52 ; sb/Sb = 0.281062701618528 ; sb = 1166.64377639622
      k =   51 ; sb/Sb = 0.339082864629468 ; sb = 1407.47566797206
      k =   64 ; sb/Sb = 0.412985471743469 ; sb = 1714.23290097562
      Creating new point: f = 0.52023703167308
    i = 60 ; sf/Sf = 0.440673824073729 ; sf = 2240.44819393681
      k =   55 ; sb/Sb = 0 ; sb = 0
      k =   54 ; sb/Sb = 0.05499001137417 ; sb = 228.254244210267
      k =  356 ; sb/Sb = 0.111809845278069 ; sb = 464.103772511682
      k =   53 ; sb/Sb = 0.168629679181969 ; sb = 699.953300813097
      k =   52 ; sb/Sb = 0.281062701618528 ; sb = 1166.64377639622
      k =   51 ; sb/Sb = 0.339082864629468 ; sb = 1407.47566797206
      k =   64 ; sb/Sb = 0.412985471743469 ; sb = 1714.23290097562
      k =   50 ; sb/Sb = 0.486888078857471 ; sb = 2020.99013397918
      Creating new point: f = 0.374660020959041
    i = 325 ; sf/Sf = 0.5038179105601 ; sf = 2561.48168128665
      k =   55 ; sb/Sb = 0 ; sb = 0
      k =   54 ; sb/Sb = 0.05499001137417 ; sb = 228.254244210267
      k =  356 ; sb/Sb = 0.111809845278069 ; sb = 464.103772511682
      k =   53 ; sb/Sb = 0.168629679181969 ; sb = 699.953300813097
      k =   52 ; sb/Sb = 0.281062701618528 ; sb = 1166.64377639622
      k =   51 ; sb/Sb = 0.339082864629468 ; sb = 1407.47566797206
      k =   64 ; sb/Sb = 0.412985471743469 ; sb = 1714.23290097562
      k =   50 ; sb/Sb = 0.486888078857471 ; sb = 2020.99013397918
      k =   94 ; sb/Sb = 0.57375143876296 ; sb = 2381.54526152558
      Creating new point: f = 0.194901874864721
    i = 5 ; sf/Sf = 0.56696199704647 ; sf = 2882.51516863649
      k =   55 ; sb/Sb = 0 ; sb = 0
      k =   54 ; sb/Sb = 0.05499001137417 ; sb = 228.254244210267
      k =  356 ; sb/Sb = 0.111809845278069 ; sb = 464.103772511682
      k =   53 ; sb/Sb = 0.168629679181969 ; sb = 699.953300813097
      k =   52 ; sb/Sb = 0.281062701618528 ; sb = 1166.64377639622
      k =   51 ; sb/Sb = 0.339082864629468 ; sb = 1407.47566797206
      k =   64 ; sb/Sb = 0.412985471743469 ; sb = 1714.23290097562
      k =   50 ; sb/Sb = 0.486888078857471 ; sb = 2020.99013397918
      k =   94 ; sb/Sb = 0.57375143876296 ; sb = 2381.54526152558
      Creating new point: f = 0.921837680192468
    i = 337 ; sf/Sf = 0.612064874937769 ; sf = 3111.82459386799
      k =   55 ; sb/Sb = 0 ; sb = 0
      k =   54 ; sb/Sb = 0.05499001137417 ; sb = 228.254244210267
      k =  356 ; sb/Sb = 0.111809845278069 ; sb = 464.103772511682
      k =   53 ; sb/Sb = 0.168629679181969 ; sb = 699.953300813097
      k =   52 ; sb/Sb = 0.281062701618528 ; sb = 1166.64377639622
      k =   51 ; sb/Sb = 0.339082864629468 ; sb = 1407.47566797206
      k =   64 ; sb/Sb = 0.412985471743469 ; sb = 1714.23290097562
      k =   50 ; sb/Sb = 0.486888078857471 ; sb = 2020.99013397918
      k =   94 ; sb/Sb = 0.57375143876296 ; sb = 2381.54526152558
      k =   49 ; sb/Sb = 0.660614798668449 ; sb = 2742.10038907198
      Creating new point: f = 0.441077068818153
    i = 326 ; sf/Sf = 0.657167752829068 ; sf = 3341.13401909948
      k =   55 ; sb/Sb = 0 ; sb = 0
      k =   54 ; sb/Sb = 0.05499001137417 ; sb = 228.254244210267
      k =  356 ; sb/Sb = 0.111809845278069 ; sb = 464.103772511682
      k =   53 ; sb/Sb = 0.168629679181969 ; sb = 699.953300813097
      k =   52 ; sb/Sb = 0.281062701618528 ; sb = 1166.64377639622
      k =   51 ; sb/Sb = 0.339082864629468 ; sb = 1407.47566797206
      k =   64 ; sb/Sb = 0.412985471743469 ; sb = 1714.23290097562
      k =   50 ; sb/Sb = 0.486888078857471 ; sb = 2020.99013397918
      k =   94 ; sb/Sb = 0.57375143876296 ; sb = 2381.54526152558
      k =   49 ; sb/Sb = 0.660614798668449 ; sb = 2742.10038907198
      Creating new point: f = 0.960316457443839
    i = 340 ; sf/Sf = 0.702270630720367 ; sf = 3570.44344433098
      k =   55 ; sb/Sb = 0 ; sb = 0
      k =   54 ; sb/Sb = 0.05499001137417 ; sb = 228.254244210267
      k =  356 ; sb/Sb = 0.111809845278069 ; sb = 464.103772511682
      k =   53 ; sb/Sb = 0.168629679181969 ; sb = 699.953300813097
      k =   52 ; sb/Sb = 0.281062701618528 ; sb = 1166.64377639622
      k =   51 ; sb/Sb = 0.339082864629468 ; sb = 1407.47566797206
      k =   64 ; sb/Sb = 0.412985471743469 ; sb = 1714.23290097562
      k =   50 ; sb/Sb = 0.486888078857471 ; sb = 2020.99013397918
      k =   94 ; sb/Sb = 0.57375143876296 ; sb = 2381.54526152558
      k =   49 ; sb/Sb = 0.660614798668449 ; sb = 2742.10038907198
      k =  182 ; sb/Sb = 0.729201743433381 ; sb = 3026.79320598172
      Creating new point: f = 0.60734345573615
    i = 248 ; sf/Sf = 0.747373508611666 ; sf = 3799.75286956248
      k =   55 ; sb/Sb = 0 ; sb = 0
      k =   54 ; sb/Sb = 0.05499001137417 ; sb = 228.254244210267
      k =  356 ; sb/Sb = 0.111809845278069 ; sb = 464.103772511682
      k =   53 ; sb/Sb = 0.168629679181969 ; sb = 699.953300813097
      k =   52 ; sb/Sb = 0.281062701618528 ; sb = 1166.64377639622
      k =   51 ; sb/Sb = 0.339082864629468 ; sb = 1407.47566797206
      k =   64 ; sb/Sb = 0.412985471743469 ; sb = 1714.23290097562
      k =   50 ; sb/Sb = 0.486888078857471 ; sb = 2020.99013397918
      k =   94 ; sb/Sb = 0.57375143876296 ; sb = 2381.54526152558
      k =   49 ; sb/Sb = 0.660614798668449 ; sb = 2742.10038907198
      k =  182 ; sb/Sb = 0.729201743433381 ; sb = 3026.79320598172
      k =   48 ; sb/Sb = 0.797788688198313 ; sb = 3311.48602289145
      Creating new point: f = 0.264944957682035
    i = 433 ; sf/Sf = 0.792476386502965 ; sf = 4029.06229479398
      k =   55 ; sb/Sb = 0 ; sb = 0
      k =   54 ; sb/Sb = 0.05499001137417 ; sb = 228.254244210267
      k =  356 ; sb/Sb = 0.111809845278069 ; sb = 464.103772511682
      k =   53 ; sb/Sb = 0.168629679181969 ; sb = 699.953300813097
      k =   52 ; sb/Sb = 0.281062701618528 ; sb = 1166.64377639622
      k =   51 ; sb/Sb = 0.339082864629468 ; sb = 1407.47566797206
      k =   64 ; sb/Sb = 0.412985471743469 ; sb = 1714.23290097562
      k =   50 ; sb/Sb = 0.486888078857471 ; sb = 2020.99013397918
      k =   94 ; sb/Sb = 0.57375143876296 ; sb = 2381.54526152558
      k =   49 ; sb/Sb = 0.660614798668449 ; sb = 2742.10038907198
      k =  182 ; sb/Sb = 0.729201743433381 ; sb = 3026.79320598172
      k =   48 ; sb/Sb = 0.797788688198313 ; sb = 3311.48602289145
      Creating new point: f = 0.922546459627923
    i = 329 ; sf/Sf = 0.837579264394264 ; sf = 4258.37172002548
      k =   55 ; sb/Sb = 0 ; sb = 0
      k =   54 ; sb/Sb = 0.05499001137417 ; sb = 228.254244210267
      k =  356 ; sb/Sb = 0.111809845278069 ; sb = 464.103772511682
      k =   53 ; sb/Sb = 0.168629679181969 ; sb = 699.953300813097
      k =   52 ; sb/Sb = 0.281062701618528 ; sb = 1166.64377639622
      k =   51 ; sb/Sb = 0.339082864629468 ; sb = 1407.47566797206
      k =   64 ; sb/Sb = 0.412985471743469 ; sb = 1714.23290097562
      k =   50 ; sb/Sb = 0.486888078857471 ; sb = 2020.99013397918
      k =   94 ; sb/Sb = 0.57375143876296 ; sb = 2381.54526152558
      k =   49 ; sb/Sb = 0.660614798668449 ; sb = 2742.10038907198
      k =  182 ; sb/Sb = 0.729201743433381 ; sb = 3026.79320598172
      k =   48 ; sb/Sb = 0.797788688198313 ; sb = 3311.48602289145
      k =  240 ; sb/Sb = 0.898894344099157 ; sb = 3731.15851424632
      Creating new point: f = 0.393554404463527
    i = 436 ; sf/Sf = 0.882682142285563 ; sf = 4487.68114525697
      k =   55 ; sb/Sb = 0 ; sb = 0
      k =   54 ; sb/Sb = 0.05499001137417 ; sb = 228.254244210267
      k =  356 ; sb/Sb = 0.111809845278069 ; sb = 464.103772511682
      k =   53 ; sb/Sb = 0.168629679181969 ; sb = 699.953300813097
      k =   52 ; sb/Sb = 0.281062701618528 ; sb = 1166.64377639622
      k =   51 ; sb/Sb = 0.339082864629468 ; sb = 1407.47566797206
      k =   64 ; sb/Sb = 0.412985471743469 ; sb = 1714.23290097562
      k =   50 ; sb/Sb = 0.486888078857471 ; sb = 2020.99013397918
      k =   94 ; sb/Sb = 0.57375143876296 ; sb = 2381.54526152558
      k =   49 ; sb/Sb = 0.660614798668449 ; sb = 2742.10038907198
      k =  182 ; sb/Sb = 0.729201743433381 ; sb = 3026.79320598172
      k =   48 ; sb/Sb = 0.797788688198313 ; sb = 3311.48602289145
      k =  240 ; sb/Sb = 0.898894344099157 ; sb = 3731.15851424632
      Creating new point: f = 0.839650891246939
    i = 6 ; sf/Sf = 0.927785020176861 ; sf = 4716.99057048847
      k =   55 ; sb/Sb = 0 ; sb = 0
      k =   54 ; sb/Sb = 0.05499001137417 ; sb = 228.254244210267
      k =  356 ; sb/Sb = 0.111809845278069 ; sb = 464.103772511682
      k =   53 ; sb/Sb = 0.168629679181969 ; sb = 699.953300813097
      k =   52 ; sb/Sb = 0.281062701618528 ; sb = 1166.64377639622
      k =   51 ; sb/Sb = 0.339082864629468 ; sb = 1407.47566797206
      k =   64 ; sb/Sb = 0.412985471743469 ; sb = 1714.23290097562
      k =   50 ; sb/Sb = 0.486888078857471 ; sb = 2020.99013397918
      k =   94 ; sb/Sb = 0.57375143876296 ; sb = 2381.54526152558
      k =   49 ; sb/Sb = 0.660614798668449 ; sb = 2742.10038907198
      k =  182 ; sb/Sb = 0.729201743433381 ; sb = 3026.79320598172
      k =   48 ; sb/Sb = 0.797788688198313 ; sb = 3311.48602289145
      k =  240 ; sb/Sb = 0.898894344099157 ; sb = 3731.15851424632
      k =   47 ; sb/Sb = 1 ; sb = 4150.83100560118
      Creating new point: f = 0.28574737803035
Tear 1 : Sf = 1786.72692371685 ; Sb = 1929.61497111986
  Backwards path
    i = 15 ; sf/Sf = 0.23076305454896 ; sf = 412.310562561766
      k =   16 ; sb/Sb = 0 ; sb = 0
      k =   17 ; sb/Sb = 0.268935117927695 ; sb = 518.941229813165
      Creating new point: f = 0.858062183649076
    i = 14 ; sf/Sf = 0.397732429579659 ; sf = 710.639240365292
      k =   16 ; sb/Sb = 0 ; sb = 0
      k =   17 ; sb/Sb = 0.268935117927695 ; sb = 518.941229813165
      k =   18 ; sb/Sb = 0.407218291139017 ; sb = 785.774511095692
    i = 11 ; sf/Sf = 0.397732429579659 ; sf = 710.639240365292
      k =   16 ; sb/Sb = 0 ; sb = 0
      k =   17 ; sb/Sb = 0.268935117927695 ; sb = 518.941229813165
      k =   18 ; sb/Sb = 0.407218291139017 ; sb = 785.774511095692
      Creating new point: f = 0.931402633168811
    i = 333 ; sf/Sf = 0.542305068875 ; sf = 968.951067427082
      k =   16 ; sb/Sb = 0 ; sb = 0
      k =   17 ; sb/Sb = 0.268935117927695 ; sb = 518.941229813165
      k =   18 ; sb/Sb = 0.407218291139017 ; sb = 785.774511095692
      k =   19 ; sb/Sb = 0.524138136201494 ; sb = 1011.38479454926
      k =   20 ; sb/Sb = 0.702610791269353 ; sb = 1355.76830170371
      Creating new point: f = 0.101791126862537
    i = 10 ; sf/Sf = 0.686877708170341 ; sf = 1227.26289448887
      k =   16 ; sb/Sb = 0 ; sb = 0
      k =   17 ; sb/Sb = 0.268935117927695 ; sb = 518.941229813165
      k =   18 ; sb/Sb = 0.407218291139017 ; sb = 785.774511095692
      k =   19 ; sb/Sb = 0.524138136201494 ; sb = 1011.38479454926
      k =   20 ; sb/Sb = 0.702610791269353 ; sb = 1355.76830170371
      Creating new point: f = 0.911845973866249
    i = 332 ; sf/Sf = 0.843438854085171 ; sf = 1506.99490910286
      k =   16 ; sb/Sb = 0 ; sb = 0
      k =   17 ; sb/Sb = 0.268935117927695 ; sb = 518.941229813165
      k =   18 ; sb/Sb = 0.407218291139017 ; sb = 785.774511095692
      k =   19 ; sb/Sb = 0.524138136201494 ; sb = 1011.38479454926
      k =   20 ; sb/Sb = 0.702610791269353 ; sb = 1355.76830170371
      k =   76 ; sb/Sb = 0.851305395634677 ; sb = 1642.69163641178
      Creating new point: f = 0.947095985203478
Tear 2 : Sf = 787.464284904401 ; Sb = 1049.01243489749
  Backwards path
    i = 291 ; sf/Sf = 0.5 ; sf = 393.732142452201
      k =   12 ; sb/Sb = 0 ; sb = 0
      k =  422 ; sb/Sb = 0.408938290248153 ; sb = 428.981351576033
      k =   13 ; sb/Sb = 0.817876580496306 ; sb = 857.962703152066
      Creating new point: f = 0.222678364739552
Tear 3 : Sf = 1991.13845157495 ; Sb = 1907.28645412743
  Backwards path
    i = 26 ; sf/Sf = 0.260431757564825 ; sf = 518.555686498567
      k =   27 ; sb/Sb = 0 ; sb = 0
      k =   62 ; sb/Sb = 0.126269387094255 ; sb = 240.831891575846
      k =   28 ; sb/Sb = 0.25253877418851 ; sb = 481.663783151692
      k =   91 ; sb/Sb = 0.439404080641383 ; sb = 838.069450895627
      Creating new point: f = 0.0422388913498226
    i = 228 ; sf/Sf = 0.445323818173618 ; sf = 886.701377767662
      k =   27 ; sb/Sb = 0 ; sb = 0
      k =   62 ; sb/Sb = 0.126269387094255 ; sb = 240.831891575846
      k =   28 ; sb/Sb = 0.25253877418851 ; sb = 481.663783151692
      k =   91 ; sb/Sb = 0.439404080641383 ; sb = 838.069450895627
      k =   89 ; sb/Sb = 0.626269387094255 ; sb = 1194.47511863956
      Creating new point: f = 0.0316791685123672
    i = 230 ; sf/Sf = 0.630215878782412 ; sf = 1254.84706903676
      k =   27 ; sb/Sb = 0 ; sb = 0
      k =   62 ; sb/Sb = 0.126269387094255 ; sb = 240.831891575846
      k =   28 ; sb/Sb = 0.25253877418851 ; sb = 481.663783151692
      k =   91 ; sb/Sb = 0.439404080641383 ; sb = 838.069450895627
      k =   89 ; sb/Sb = 0.626269387094255 ; sb = 1194.47511863956
      k =  443 ; sb/Sb = 0.813134693547128 ; sb = 1550.8807863835
      Creating new point: f = 0.021119445674911
    i = 265 ; sf/Sf = 0.815107939391206 ; sf = 1622.99276030585
      k =   27 ; sb/Sb = 0 ; sb = 0
      k =   62 ; sb/Sb = 0.126269387094255 ; sb = 240.831891575846
      k =   28 ; sb/Sb = 0.25253877418851 ; sb = 481.663783151692
      k =   91 ; sb/Sb = 0.439404080641383 ; sb = 838.069450895627
      k =   89 ; sb/Sb = 0.626269387094255 ; sb = 1194.47511863956
      k =  443 ; sb/Sb = 0.813134693547128 ; sb = 1550.8807863835
      k =   29 ; sb/Sb = 1 ; sb = 1907.28645412743
      Creating new point: f = 0.0105597228374558
Tear 4 : Sf = 2228.64266262164 ; Sb = 1894.11579468141
  Backwards path
    i = 412 ; sf/Sf = 0.170344933183672 ; sf = 379.637985454564
      k =   34 ; sb/Sb = 0 ; sb = 0
      k =  138 ; sb/Sb = 0.28755150882286 ; sb = 544.655854645849
      Creating new point: f = 0.592397980733981
    i = 33 ; sf/Sf = 0.340689866367344 ; sf = 759.275970909129
      k =   34 ; sb/Sb = 0 ; sb = 0
      k =  138 ; sb/Sb = 0.28755150882286 ; sb = 544.655854645849
      k =  140 ; sb/Sb = 0.43132726323429 ; sb = 816.983781968773
      Creating new point: f = 0.369591922935926
    i = 418 ; sf/Sf = 0.441803857630265 ; sf = 984.622925625628
      k =   34 ; sb/Sb = 0 ; sb = 0
      k =  138 ; sb/Sb = 0.28755150882286 ; sb = 544.655854645849
      k =  140 ; sb/Sb = 0.43132726323429 ; sb = 816.983781968773
      k =   35 ; sb/Sb = 0.57510301764572 ; sb = 1089.3117092917
      Creating new point: f = 0.07286760162632
    i = 392 ; sf/Sf = 0.542917848893187 ; sf = 1209.96988034213
      k =   34 ; sb/Sb = 0 ; sb = 0
      k =  138 ; sb/Sb = 0.28755150882286 ; sb = 544.655854645849
      k =  140 ; sb/Sb = 0.43132726323429 ; sb = 816.983781968773
      k =   35 ; sb/Sb = 0.57510301764572 ; sb = 1089.3117092917
      Creating new point: f = 0.776143280316714
    i = 410 ; sf/Sf = 0.644031840156109 ; sf = 1435.31683505863
      k =   34 ; sb/Sb = 0 ; sb = 0
      k =  138 ; sb/Sb = 0.28755150882286 ; sb = 544.655854645849
      k =  140 ; sb/Sb = 0.43132726323429 ; sb = 816.983781968773
      k =   35 ; sb/Sb = 0.57510301764572 ; sb = 1089.3117092917
      k =   36 ; sb/Sb = 0.835570649417273 ; sb = 1582.66756463346
      Creating new point: f = 0.26463488780381
    i = 32 ; sf/Sf = 0.745145831419031 ; sf = 1660.66378977513
      k =   34 ; sb/Sb = 0 ; sb = 0
      k =  138 ; sb/Sb = 0.28755150882286 ; sb = 544.655854645849
      k =  140 ; sb/Sb = 0.43132726323429 ; sb = 816.983781968773
      k =   35 ; sb/Sb = 0.57510301764572 ; sb = 1089.3117092917
      k =   36 ; sb/Sb = 0.835570649417273 ; sb = 1582.66756463346
      Creating new point: f = 0.652836640840076
    i = 399 ; sf/Sf = 0.872572915709515 ; sf = 1944.65322619838
      k =   34 ; sb/Sb = 0 ; sb = 0
      k =  138 ; sb/Sb = 0.28755150882286 ; sb = 544.655854645849
      k =  140 ; sb/Sb = 0.43132726323429 ; sb = 816.983781968773
      k =   35 ; sb/Sb = 0.57510301764572 ; sb = 1089.3117092917
      k =   36 ; sb/Sb = 0.835570649417273 ; sb = 1582.66756463346
      k =   40 ; sb/Sb = 0.835570649417273 ; sb = 1582.66756463346
      k =   41 ; sb/Sb = 1 ; sb = 1894.11579468141
      Creating new point: f = 0.225034436742032
Tear 5 : Sf = 914.050243680253 ; Sb = 939.780757243542
  Backwards path
    i = 37 ; sf/Sf = 0.122316469633916 ; sf = 111.803398874989
      k =   38 ; sb/Sb = 0 ; sb = 0
      k =   39 ; sb/Sb = 0.551065012831237 ; sb = 517.880295048962
      Creating new point: f = 0.221963773394875
    i = 107 ; sf/Sf = 0.561158234816958 ; sf = 512.926821277621
      k =   38 ; sb/Sb = 0 ; sb = 0
      k =   39 ; sb/Sb = 0.551065012831237 ; sb = 517.880295048962
      k =   40 ; sb/Sb = 1 ; sb = 939.780757243542
      Creating new point: f = 0.0224825916317514
Tear 6 : Sf = 4150.83100560118 ; Sb = 5084.14176550219
  Backwards path
    i = 54 ; sf/Sf = 0.05499001137417 ; sf = 228.254244210267
      k =   55 ; sb/Sb = 0 ; sb = 0
      k =    1 ; sb/Sb = 0.00786760122847381 ; sb = 40
      k =   72 ; sb/Sb = 0.0613210800090872 ; sb = 311.765063979902
      Creating new point: f = 0.881559277724439
    i = 356 ; sf/Sf = 0.111809845278069 ; sf = 464.103772511682
      k =   55 ; sb/Sb = 0 ; sb = 0
      k =    1 ; sb/Sb = 0.00786760122847381 ; sb = 40
      k =   72 ; sb/Sb = 0.0613210800090872 ; sb = 311.765063979902
      k =   59 ; sb/Sb = 0.114774558789701 ; sb = 583.530127959803
      Creating new point: f = 0.94453656564058
    i = 53 ; sf/Sf = 0.168629679181969 ; sf = 699.953300813097
      k =   55 ; sb/Sb = 0 ; sb = 0
      k =    1 ; sb/Sb = 0.00786760122847381 ; sb = 40
      k =   72 ; sb/Sb = 0.0613210800090872 ; sb = 311.765063979902
      k =   59 ; sb/Sb = 0.114774558789701 ; sb = 583.530127959803
      k =  129 ; sb/Sb = 0.168228037570314 ; sb = 855.295191939705
      k =    2 ; sb/Sb = 0.221681516350927 ; sb = 1127.06025591961
      Creating new point: f = 0.00751385355672102
    i = 52 ; sf/Sf = 0.281062701618528 ; sf = 1166.64377639622
      k =   55 ; sb/Sb = 0 ; sb = 0
      k =    1 ; sb/Sb = 0.00786760122847381 ; sb = 40
      k =   72 ; sb/Sb = 0.0613210800090872 ; sb = 311.765063979902
      k =   59 ; sb/Sb = 0.114774558789701 ; sb = 583.530127959803
      k =  129 ; sb/Sb = 0.168228037570314 ; sb = 855.295191939705
      k =    2 ; sb/Sb = 0.221681516350927 ; sb = 1127.06025591961
      k =    3 ; sb/Sb = 0.288815947108447 ; sb = 1468.38121923713
      Creating new point: f = 0.884511637286043
    i = 51 ; sf/Sf = 0.339082864629468 ; sf = 1407.47566797206
      k =   55 ; sb/Sb = 0 ; sb = 0
      k =    1 ; sb/Sb = 0.00786760122847381 ; sb = 40
      k =   72 ; sb/Sb = 0.0613210800090872 ; sb = 311.765063979902
      k =   59 ; sb/Sb = 0.114774558789701 ; sb = 583.530127959803
      k =  129 ; sb/Sb = 0.168228037570314 ; sb = 855.295191939705
      k =    2 ; sb/Sb = 0.221681516350927 ; sb = 1127.06025591961
      k =    3 ; sb/Sb = 0.288815947108447 ; sb = 1468.38121923713
      k =    4 ; sb/Sb = 0.314385651100987 ; sb = 1598.38121923713
      k =  108 ; sb/Sb = 0.377529737587358 ; sb = 1919.41470658697
      Creating new point: f = 0.391124726047175
    i = 64 ; sf/Sf = 0.412985471743469 ; sf = 1714.23290097562
      k =   55 ; sb/Sb = 0 ; sb = 0
      k =    1 ; sb/Sb = 0.00786760122847381 ; sb = 40
      k =   72 ; sb/Sb = 0.0613210800090872 ; sb = 311.765063979902
      k =   59 ; sb/Sb = 0.114774558789701 ; sb = 583.530127959803
      k =  129 ; sb/Sb = 0.168228037570314 ; sb = 855.295191939705
      k =    2 ; sb/Sb = 0.221681516350927 ; sb = 1127.06025591961
      k =    3 ; sb/Sb = 0.288815947108447 ; sb = 1468.38121923713
      k =    4 ; sb/Sb = 0.314385651100987 ; sb = 1598.38121923713
      k =  108 ; sb/Sb = 0.377529737587358 ; sb = 1919.41470658697
      k =   60 ; sb/Sb = 0.440673824073729 ; sb = 2240.44819393681
      Creating new point: f = 0.561505219713079
    i = 50 ; sf/Sf = 0.486888078857471 ; sf = 2020.99013397918
      k =   55 ; sb/Sb = 0 ; sb = 0
      k =    1 ; sb/Sb = 0.00786760122847381 ; sb = 40
      k =   72 ; sb/Sb = 0.0613210800090872 ; sb = 311.765063979902
      k =   59 ; sb/Sb = 0.114774558789701 ; sb = 583.530127959803
      k =  129 ; sb/Sb = 0.168228037570314 ; sb = 855.295191939705
      k =    2 ; sb/Sb = 0.221681516350927 ; sb = 1127.06025591961
      k =    3 ; sb/Sb = 0.288815947108447 ; sb = 1468.38121923713
      k =    4 ; sb/Sb = 0.314385651100987 ; sb = 1598.38121923713
      k =  108 ; sb/Sb = 0.377529737587358 ; sb = 1919.41470658697
      k =   60 ; sb/Sb = 0.440673824073729 ; sb = 2240.44819393681
      k =  325 ; sb/Sb = 0.5038179105601 ; sb = 2561.48168128665
      Creating new point: f = 0.731885713378986
    i = 94 ; sf/Sf = 0.57375143876296 ; sf = 2381.54526152558
      k =   55 ; sb/Sb = 0 ; sb = 0
      k =    1 ; sb/Sb = 0.00786760122847381 ; sb = 40
      k =   72 ; sb/Sb = 0.0613210800090872 ; sb = 311.765063979902
      k =   59 ; sb/Sb = 0.114774558789701 ; sb = 583.530127959803
      k =  129 ; sb/Sb = 0.168228037570314 ; sb = 855.295191939705
      k =    2 ; sb/Sb = 0.221681516350927 ; sb = 1127.06025591961
      k =    3 ; sb/Sb = 0.288815947108447 ; sb = 1468.38121923713
      k =    4 ; sb/Sb = 0.314385651100987 ; sb = 1598.38121923713
      k =  108 ; sb/Sb = 0.377529737587358 ; sb = 1919.41470658697
      k =   60 ; sb/Sb = 0.440673824073729 ; sb = 2240.44819393681
      k =  325 ; sb/Sb = 0.5038179105601 ; sb = 2561.48168128665
      k =    5 ; sb/Sb = 0.56696199704647 ; sb = 2882.51516863649
      k =  337 ; sb/Sb = 0.612064874937769 ; sb = 3111.82459386799
      Creating new point: f = 0.15053233926342
    i = 49 ; sf/Sf = 0.660614798668449 ; sf = 2742.10038907198
      k =   55 ; sb/Sb = 0 ; sb = 0
      k =    1 ; sb/Sb = 0.00786760122847381 ; sb = 40
      k =   72 ; sb/Sb = 0.0613210800090872 ; sb = 311.765063979902
      k =   59 ; sb/Sb = 0.114774558789701 ; sb = 583.530127959803
      k =  129 ; sb/Sb = 0.168228037570314 ; sb = 855.295191939705
      k =    2 ; sb/Sb = 0.221681516350927 ; sb = 1127.06025591961
      k =    3 ; sb/Sb = 0.288815947108447 ; sb = 1468.38121923713
      k =    4 ; sb/Sb = 0.314385651100987 ; sb = 1598.38121923713
      k =  108 ; sb/Sb = 0.377529737587358 ; sb = 1919.41470658697
      k =   60 ; sb/Sb = 0.440673824073729 ; sb = 2240.44819393681
      k =  325 ; sb/Sb = 0.5038179105601 ; sb = 2561.48168128665
      k =    5 ; sb/Sb = 0.56696199704647 ; sb = 2882.51516863649
      k =  337 ; sb/Sb = 0.612064874937769 ; sb = 3111.82459386799
      k =  326 ; sb/Sb = 0.657167752829068 ; sb = 3341.13401909948
      k =  340 ; sb/Sb = 0.702270630720367 ; sb = 3570.44344433098
      Creating new point: f = 0.0764262947408462
    i = 182 ; sf/Sf = 0.729201743433381 ; sf = 3026.79320598172
      k =   55 ; sb/Sb = 0 ; sb = 0
      k =    1 ; sb/Sb = 0.00786760122847381 ; sb = 40
      k =   72 ; sb/Sb = 0.0613210800090872 ; sb = 311.765063979902
      k =   59 ; sb/Sb = 0.114774558789701 ; sb = 583.530127959803
      k =  129 ; sb/Sb = 0.168228037570314 ; sb = 855.295191939705
      k =    2 ; sb/Sb = 0.221681516350927 ; sb = 1127.06025591961
      k =    3 ; sb/Sb = 0.288815947108447 ; sb = 1468.38121923713
      k =    4 ; sb/Sb = 0.314385651100987 ; sb = 1598.38121923713
      k =  108 ; sb/Sb = 0.377529737587358 ; sb = 1919.41470658697
      k =   60 ; sb/Sb = 0.440673824073729 ; sb = 2240.44819393681
      k =  325 ; sb/Sb = 0.5038179105601 ; sb = 2561.48168128665
      k =    5 ; sb/Sb = 0.56696199704647 ; sb = 2882.51516863649
      k =  337 ; sb/Sb = 0.612064874937769 ; sb = 3111.82459386799
      k =  326 ; sb/Sb = 0.657167752829068 ; sb = 3341.13401909948
      k =  340 ; sb/Sb = 0.702270630720367 ; sb = 3570.44344433098
      k =  248 ; sb/Sb = 0.747373508611666 ; sb = 3799.75286956248
      Creating new point: f = 0.597104086748516
    i = 48 ; sf/Sf = 0.797788688198313 ; sf = 3311.48602289145
      k =   55 ; sb/Sb = 0 ; sb = 0
      k =    1 ; sb/Sb = 0.00786760122847381 ; sb = 40
      k =   72 ; sb/Sb = 0.0613210800090872 ; sb = 311.765063979902
      k =   59 ; sb/Sb = 0.114774558789701 ; sb = 583.530127959803
      k =  129 ; sb/Sb = 0.168228037570314 ; sb = 855.295191939705
      k =    2 ; sb/Sb = 0.221681516350927 ; sb = 1127.06025591961
      k =    3 ; sb/Sb = 0.288815947108447 ; sb = 1468.38121923713
      k =    4 ; sb/Sb = 0.314385651100987 ; sb = 1598.38121923713
      k =  108 ; sb/Sb = 0.377529737587358 ; sb = 1919.41470658697
      k =   60 ; sb/Sb = 0.440673824073729 ; sb = 2240.44819393681
      k =  325 ; sb/Sb = 0.5038179105601 ; sb = 2561.48168128665
      k =    5 ; sb/Sb = 0.56696199704647 ; sb = 2882.51516863649
      k =  337 ; sb/Sb = 0.612064874937769 ; sb = 3111.82459386799
      k =  326 ; sb/Sb = 0.657167752829068 ; sb = 3341.13401909948
      k =  340 ; sb/Sb = 0.702270630720367 ; sb = 3570.44344433098
      k =  248 ; sb/Sb = 0.747373508611666 ; sb = 3799.75286956248
      k =  433 ; sb/Sb = 0.792476386502965 ; sb = 4029.06229479398
      k =  329 ; sb/Sb = 0.837579264394264 ; sb = 4258.37172002548
      Creating new point: f = 0.117781878756188
    i = 240 ; sf/Sf = 0.898894344099157 ; sf = 3731.15851424632
      k =   55 ; sb/Sb = 0 ; sb = 0
      k =    1 ; sb/Sb = 0.00786760122847381 ; sb = 40
      k =   72 ; sb/Sb = 0.0613210800090872 ; sb = 311.765063979902
      k =   59 ; sb/Sb = 0.114774558789701 ; sb = 583.530127959803
      k =  129 ; sb/Sb = 0.168228037570314 ; sb = 855.295191939705
      k =    2 ; sb/Sb = 0.221681516350927 ; sb = 1127.06025591961
      k =    3 ; sb/Sb = 0.288815947108447 ; sb = 1468.38121923713
      k =    4 ; sb/Sb = 0.314385651100987 ; sb = 1598.38121923713
      k =  108 ; sb/Sb = 0.377529737587358 ; sb = 1919.41470658697
      k =   60 ; sb/Sb = 0.440673824073729 ; sb = 2240.44819393681
      k =  325 ; sb/Sb = 0.5038179105601 ; sb = 2561.48168128665
      k =    5 ; sb/Sb = 0.56696199704647 ; sb = 2882.51516863649
      k =  337 ; sb/Sb = 0.612064874937769 ; sb = 3111.82459386799
      k =  326 ; sb/Sb = 0.657167752829068 ; sb = 3341.13401909948
      k =  340 ; sb/Sb = 0.702270630720367 ; sb = 3570.44344433098
      k =  248 ; sb/Sb = 0.747373508611666 ; sb = 3799.75286956248
      k =  433 ; sb/Sb = 0.792476386502965 ; sb = 4029.06229479398
      k =  329 ; sb/Sb = 0.837579264394264 ; sb = 4258.37172002548
      k =  436 ; sb/Sb = 0.882682142285563 ; sb = 4487.68114525697
      k =    6 ; sb/Sb = 0.927785020176862 ; sb = 4716.99057048847
      Creating new point: f = 0.359449387080496
Triangulating...
[1] "Non-adjacent points in rim connected by line: 459 454"
[1] "In triangle: 816" "In triangle: 824"
[1] "Other points in triangles: 350 11"
[1] "Non-adjacent points in rim connected by line: 491 18"
[1] "In triangle: 818" "In triangle: 909"
[1] "Other points in triangles: 19 558"
Merging points...
Projecting to sphere...
Optimising mapping with FIRE...
E =  0.00340 | E_L =  0.00340 | E_A =  0.00000 |   0 flippped triangles
E =  0.00295 | E_L =  0.00295 | E_A =  0.00000 |  35 flippped triangles
        phi0    phi0.1    phi0.2    phi0.3    phi0.4    phi0.5    phi0.6
id   72.0000    76.000   131.000  199.0000  221.0000  226.0000  229.0000
A  1015.4448  1768.546  5382.495  930.1843  203.9766  502.4606  498.2297
a  -570.3553 -1291.916 -5265.483 -464.3639 -201.9213 -599.1731 -336.0120
      phi0.7    phi0.8    phi0.9   phi0.10   phi0.11   phi0.12   phi0.13
id 230.00000  235.0000  239.0000   243.000   254.000   258.000   345.000
A   76.31310  306.0170 1049.7371  3498.935  3575.248  1948.261  8998.020
a  -73.25259 -249.5877 -815.7943 -3209.759 -3289.295 -1845.559 -2638.442
     phi0.14   phi0.15   phi0.16   phi0.17   phi0.18   phi0.19   phi0.20
id   370.000  393.0000  394.0000   423.000   475.000   483.000  570.0000
A   2155.087 1395.5140  741.8554  1436.480 12525.345  4947.208  747.4718
a  -1490.209 -603.1025 -549.1688 -1296.963 -2707.114 -5577.991 -735.7832
     phi0.21   phi0.22   phi0.23   phi0.24   phi0.25   phi0.26   phi0.27
id  594.0000  602.0000   624.000  677.0000   696.000   701.000  717.0000
A   305.2524  332.6826  5111.922  310.3515  7800.373  5866.313  654.9082
a  -316.3499 -336.3438 -5000.005 -308.5813 -4169.001 -5849.310 -685.0823
      phi0.28   phi0.29    phi0.30   phi0.31   phi0.32   phi0.33   phi0.34
id    809.000   818.000    850.000   851.000   852.000  905.0000   991.000
A    9675.129  1812.086   8596.558  5093.635  5565.162  982.5295  3913.334
a  -10009.380 -1687.330 -11326.519 -5367.565 -4835.050 -819.1656 -1713.325
E =  0.00294 | E_L =  0.00294 | E_A =  0.00000 |  23 flippped triangles
        phi0    phi0.1    phi0.2    phi0.3    phi0.4    phi0.5     phi0.6
id   131.000  221.0000  235.0000   345.000   370.000   423.000   475.0000
A   5382.495  203.9766  306.0170  8998.020  2155.087  1436.480 12525.3448
a  -5112.818 -226.0264 -249.9495 -2062.235 -1694.818 -1282.362  -234.9034
      phi0.7    phi0.8    phi0.9   phi0.10   phi0.11   phi0.12   phi0.13
id   483.000   498.000  594.0000  602.0000   624.000  677.0000   696.000
A   4947.208 21071.314  305.2524  332.6826  5111.922  310.3515  7800.373
a  -5343.942 -1201.895 -297.3415 -326.2138 -4584.488 -305.2749 -3853.233
     phi0.14   phi0.15   phi0.16   phi0.17    phi0.18   phi0.19   phi0.20
id   701.000  717.0000   809.000   818.000    850.000   851.000   852.000
A   5866.313  654.9082  9675.129  1812.086   8596.558  5093.635  5565.162
a  -6086.470 -668.9526 -9843.893 -1888.270 -11297.451 -5077.682 -4924.485
     phi0.21   phi0.22
id  905.0000   991.000
A   982.5295  3913.334
a  -822.1304 -2472.145
FIRE:  4  stops.  0 hits of maxmove.  0 hits of dtmax.
Frms = 8.16690471838704e-06; Ftanrms = 8.16665656094572e-06
E =  0.00398 | E_L =  0.00397 | E_A =  0.00001 |   0 flippped triangles
E =  0.00316 | E_L =  0.00316 | E_A =  0.00000 |   0 flippped triangles
E =  0.00304 | E_L =  0.00304 | E_A =  0.00000 |   0 flippped triangles
E =  0.00299 | E_L =  0.00299 | E_A =  0.00000 |   0 flippped triangles
E =  0.00296 | E_L =  0.00296 | E_A =  0.00000 |   0 flippped triangles
E =  0.00295 | E_L =  0.00295 | E_A =  0.00000 |   0 flippped triangles
E =  0.00295 | E_L =  0.00295 | E_A =  0.00000 |   0 flippped triangles
Optimising mapping with BFGS...
E =  0.00295 | E_L =  0.00295 | E_A =  0.00000 |   0 flippped triangles
Transforming image...
Mapping optimised. Error: 0.002946261 ; 0 flipped triangles.
Inferring coordinates of datapoints
Inferring coordinates of landmarks
Mapping optimised. Error: 0.002946261 ; 0 flipped triangles. OD displacement: 6.625443 degrees.
Computing Kernel Density estimates of datapoints

[1] 0.7
Saving developmental_retina/data/nAChR-B2/P28/GMBH513-1/R-CONTRA/r.mat
