[1] "Adding old segment 1"
[1] "Adding old segment 4"
[1] "Adding old segment 3"
[1] "Storing new segment 1"
[1] "Adding old segment 2"
[1] "Intersection found. Old points:"
   X    Y 
-620 -201 
   X    Y 
-710 -161 
   X    Y 
-710 -161 
   X    Y 
-820 -291 
[1] "Point i+1 has been changed:"
   X    Y 
-620 -201 
   X    Y 
-710 -161 
   X    Y 
-710 -161 
   X    Y 
-820 -291 
[1] "a= 0.293610109757352"
[1] "l= 170.293863659264"
[1] "New points:"
   X    Y 
-620 -201 
   X    Y 
-710 -161 
        X         Y 
-787.7029 -252.8307 
   X    Y 
-820 -291 
[1] "Storing new segment 2"
Triangulating...
[1] "Non-adjacent points in rim connected by line: 9 7"
[1] "In triangle: 41" "In triangle: 48"
[1] "Other points in triangles: 8 10"
[1] "Non-adjacent points in rim connected by line: 10 7"
[1] "In triangle: 55"  "In triangle: 818"
[1] "Other points in triangles: 311 459"
[1] "Non-adjacent points in rim connected by line: 32 28"
[1] "In triangle: 5"   "In triangle: 114"
[1] "Other points in triangles: 125 213"
[1] "Non-adjacent points in rim connected by line: 71 69"
[1] "In triangle: 153" "In triangle: 179"
[1] "Other points in triangles: 70 136"
[1] "Non-adjacent points in rim connected by line: 74 72"
[1] "In triangle: 134" "In triangle: 315"
[1] "Other points in triangles: 73 204"
[1] "Non-adjacent points in rim connected by line: 86 25"
[1] "In triangle: 15" "In triangle: 61"
[1] "Other points in triangles: 90 88"
[1] "Non-adjacent points in rim connected by line: 88 25"
[1] "In triangle: 34"  "In triangle: 828"
[1] "Other points in triangles: 89 464"
[1] "Non-adjacent points in rim connected by line: 89 88"
[1] "In triangle: 34" "In triangle: 46"
[1] "Other points in triangles: 465 26"
Stitching...
Tear 1 child of rim
Tear 2 child of rim
Tear 3 child of rim
Tear 4 child of rim
Tear 5 child of backward side of tear 4
Tear 6 child of forward side of tear 4
Tear 1 : Sf = 1107.63018154873 ; Sb = 1045.43508587409
  Forwards path
    i = 66 ; sf/Sf = 0.165737265528622 ; sf = 183.575597506858
      k =   65 ; sb/Sb = 0 ; sb = 0
      k =   64 ; sb/Sb = 0.172177117864283 ; sb = 180
      Creating new point: f = 0.962597513446957
    i = 67 ; sf/Sf = 0.391444369004659 ; sf = 433.575597506858
      k =   65 ; sb/Sb = 0 ; sb = 0
      k =   64 ; sb/Sb = 0.172177117864283 ; sb = 180
      k =   63 ; sb/Sb = 0.412076014953619 ; sb = 430.798724079689
      Creating new point: f = 0.913998579404569
    i = 68 ; sf/Sf = 0.637868568909973 ; sf = 706.522478785982
      k =   65 ; sb/Sb = 0 ; sb = 0
      k =   64 ; sb/Sb = 0.172177117864283 ; sb = 180
      k =   63 ; sb/Sb = 0.412076014953619 ; sb = 430.798724079689
      k =   62 ; sb/Sb = 0.563318196457619 ; sb = 588.912607088108
      k =   61 ; sb/Sb = 0.824402681728086 ; sb = 861.859488367232
      Creating new point: f = 0.285541181717958
    i = 69 ; sf/Sf = 0.836490819968885 ; sf = 926.522478785982
      k =   65 ; sb/Sb = 0 ; sb = 0
      k =   64 ; sb/Sb = 0.172177117864283 ; sb = 180
      k =   63 ; sb/Sb = 0.412076014953619 ; sb = 430.798724079689
      k =   62 ; sb/Sb = 0.563318196457619 ; sb = 588.912607088108
      k =   61 ; sb/Sb = 0.824402681728086 ; sb = 861.859488367232
      k =   60 ; sb/Sb = 1 ; sb = 1045.43508587409
      Creating new point: f = 0.0688401073533467
Tear 2 : Sf = 1447.66177164963 ; Sb = 1059.09389593961
  Forwards path
    i = 406 ; sf/Sf = 0.148796215044017 ; sf = 215.40659228538
      k =   44 ; sb/Sb = 0 ; sb = 0
      k =   43 ; sb/Sb = 0.0472101672870475 ; sb = 50
      k =   42 ; sb/Sb = 0.387123371753789 ; sb = 410
      Creating new point: f = 0.298858786366767
    i = 45 ; sf/Sf = 0.297592430088033 ; sf = 430.81318457076
      k =   44 ; sb/Sb = 0 ; sb = 0
      k =   43 ; sb/Sb = 0.0472101672870475 ; sb = 50
      k =   42 ; sb/Sb = 0.387123371753789 ; sb = 410
      Creating new point: f = 0.736606461622422
    i = 46 ; sf/Sf = 0.507340684107183 ; sf = 734.45771358454
      k =   44 ; sb/Sb = 0 ; sb = 0
      k =   43 ; sb/Sb = 0.0472101672870475 ; sb = 50
      k =   42 ; sb/Sb = 0.387123371753789 ; sb = 410
      k =   41 ; sb/Sb = 0.697707433591047 ; sb = 738.937684067971
      Creating new point: f = 0.387068517432123
    i = 47 ; sf/Sf = 0.770377715788473 ; sf = 1115.24636887774
      k =   44 ; sb/Sb = 0 ; sb = 0
      k =   43 ; sb/Sb = 0.0472101672870475 ; sb = 50
      k =   42 ; sb/Sb = 0.387123371753789 ; sb = 410
      k =   41 ; sb/Sb = 0.697707433591047 ; sb = 738.937684067971
      k =  439 ; sb/Sb = 0.848853716795523 ; sb = 899.015790003792
      Creating new point: f = 0.480794371232507
Tear 3 : Sf = 468.328157299975 ; Sb = 318.31986396308
  Forwards path
    i = 56 ; sf/Sf = 0.427050983124842 ; sf = 200
      k =   55 ; sb/Sb = 0 ; sb = 0
      k =   54 ; sb/Sb = 0.746724642065264 ; sb = 237.697286480094
      Creating new point: f = 0.571898875526218
    i = 57 ; sf/Sf = 0.522542485937369 ; sf = 244.721359549996
      k =   55 ; sb/Sb = 0 ; sb = 0
      k =   54 ; sb/Sb = 0.746724642065264 ; sb = 237.697286480094
      Creating new point: f = 0.69977935171945
Tear 4 : Sf = 2344.16807146472 ; Sb = 3470.58467129364
  Forwards path
    i = 18 ; sf/Sf = 0.0486388087517426 ; sf = 114.017542509914
      k =   17 ; sb/Sb = 0 ; sb = 0
      k =   16 ; sb/Sb = 0.0201695122378063 ; sb = 70
      k =   15 ; sb/Sb = 0.0976989507693199 ; sb = 339.072480941474
      Creating new point: f = 0.367206277424082
    i = 19 ; sf/Sf = 0.147124890198987 ; sf = 344.885470122218
      k =   17 ; sb/Sb = 0 ; sb = 0
      k =   16 ; sb/Sb = 0.0201695122378063 ; sb = 70
      k =   15 ; sb/Sb = 0.0976989507693199 ; sb = 339.072480941474
      k =   14 ; sb/Sb = 0.175228389300834 ; sb = 608.144961882948
      Creating new point: f = 0.637511896975451
    i = 20 ; sf/Sf = 0.278539714829075 ; sf = 652.943906137205
      k =   17 ; sb/Sb = 0 ; sb = 0
      k =   16 ; sb/Sb = 0.0201695122378063 ; sb = 70
      k =   15 ; sb/Sb = 0.0976989507693199 ; sb = 339.072480941474
      k =   14 ; sb/Sb = 0.175228389300834 ; sb = 608.144961882948
      k =   13 ; sb/Sb = 0.25387418161841 ; sb = 881.091843162072
      k =  228 ; sb/Sb = 0.327574475797728 ; sb = 1136.87495441065
      Creating new point: f = 0.334673470239507
    i = 21 ; sf/Sf = 0.411263552982743 ; sf = 964.070889859286
      k =   17 ; sb/Sb = 0 ; sb = 0
      k =   16 ; sb/Sb = 0.0201695122378063 ; sb = 70
      k =   15 ; sb/Sb = 0.0976989507693199 ; sb = 339.072480941474
      k =   14 ; sb/Sb = 0.175228389300834 ; sb = 608.144961882948
      k =   13 ; sb/Sb = 0.25387418161841 ; sb = 881.091843162072
      k =  228 ; sb/Sb = 0.327574475797728 ; sb = 1136.87495441065
      k =   12 ; sb/Sb = 0.401274769977046 ; sb = 1392.65806565922
      k =  418 ; sb/Sb = 0.466885026547976 ; sb = 1620.36401639393
      Creating new point: f = 0.152244230212676
    i = 22 ; sf/Sf = 0.549692029482297 ; sf = 1288.57050465104
      k =   17 ; sb/Sb = 0 ; sb = 0
      k =   16 ; sb/Sb = 0.0201695122378063 ; sb = 70
      k =   15 ; sb/Sb = 0.0976989507693199 ; sb = 339.072480941474
      k =   14 ; sb/Sb = 0.175228389300834 ; sb = 608.144961882948
      k =   13 ; sb/Sb = 0.25387418161841 ; sb = 881.091843162072
      k =  228 ; sb/Sb = 0.327574475797728 ; sb = 1136.87495441065
      k =   12 ; sb/Sb = 0.401274769977046 ; sb = 1392.65806565922
      k =  418 ; sb/Sb = 0.466885026547976 ; sb = 1620.36401639393
      k =   11 ; sb/Sb = 0.532495283118906 ; sb = 1848.06996712865
      k =    8 ; sb/Sb = 0.532495283118906 ; sb = 1848.06996712865
      k =    7 ; sb/Sb = 0.600314416841716 ; sb = 2083.44201304744
      Creating new point: f = 0.253567767964676
    i = 23 ; sf/Sf = 0.658702407148581 ; sf = 1544.10915143466
      k =   17 ; sb/Sb = 0 ; sb = 0
      k =   16 ; sb/Sb = 0.0201695122378063 ; sb = 70
      k =   15 ; sb/Sb = 0.0976989507693199 ; sb = 339.072480941474
      k =   14 ; sb/Sb = 0.175228389300834 ; sb = 608.144961882948
      k =   13 ; sb/Sb = 0.25387418161841 ; sb = 881.091843162072
      k =  228 ; sb/Sb = 0.327574475797728 ; sb = 1136.87495441065
      k =   12 ; sb/Sb = 0.401274769977046 ; sb = 1392.65806565922
      k =  418 ; sb/Sb = 0.466885026547976 ; sb = 1620.36401639393
      k =   11 ; sb/Sb = 0.532495283118906 ; sb = 1848.06996712865
      k =    8 ; sb/Sb = 0.532495283118906 ; sb = 1848.06996712865
      k =    7 ; sb/Sb = 0.600314416841716 ; sb = 2083.44201304744
      k =    6 ; sb/Sb = 0.658229013792753 ; sb = 2284.43952546986
      k =    5 ; sb/Sb = 0.72142214773605 ; sb = 2503.75664746447
      Creating new point: f = 0.00749121504644715
    i = 24 ; sf/Sf = 0.752261023812776 ; sf = 1763.42627342927
      k =   17 ; sb/Sb = 0 ; sb = 0
      k =   16 ; sb/Sb = 0.0201695122378063 ; sb = 70
      k =   15 ; sb/Sb = 0.0976989507693199 ; sb = 339.072480941474
      k =   14 ; sb/Sb = 0.175228389300834 ; sb = 608.144961882948
      k =   13 ; sb/Sb = 0.25387418161841 ; sb = 881.091843162072
      k =  228 ; sb/Sb = 0.327574475797728 ; sb = 1136.87495441065
      k =   12 ; sb/Sb = 0.401274769977046 ; sb = 1392.65806565922
      k =  418 ; sb/Sb = 0.466885026547976 ; sb = 1620.36401639393
      k =   11 ; sb/Sb = 0.532495283118906 ; sb = 1848.06996712865
      k =    8 ; sb/Sb = 0.532495283118906 ; sb = 1848.06996712865
      k =    7 ; sb/Sb = 0.600314416841716 ; sb = 2083.44201304744
      k =    6 ; sb/Sb = 0.658229013792753 ; sb = 2284.43952546986
      k =    5 ; sb/Sb = 0.72142214773605 ; sb = 2503.75664746447
      k =    4 ; sb/Sb = 0.770743067378801 ; sb = 2674.92907515071
      Creating new point: f = 0.625269688807566
    i = 25 ; sf/Sf = 0.794275322709195 ; sf = 1861.91485144723
      k =   17 ; sb/Sb = 0 ; sb = 0
      k =   16 ; sb/Sb = 0.0201695122378063 ; sb = 70
      k =   15 ; sb/Sb = 0.0976989507693199 ; sb = 339.072480941474
      k =   14 ; sb/Sb = 0.175228389300834 ; sb = 608.144961882948
      k =   13 ; sb/Sb = 0.25387418161841 ; sb = 881.091843162072
      k =  228 ; sb/Sb = 0.327574475797728 ; sb = 1136.87495441065
      k =   12 ; sb/Sb = 0.401274769977046 ; sb = 1392.65806565922
      k =  418 ; sb/Sb = 0.466885026547976 ; sb = 1620.36401639393
      k =   11 ; sb/Sb = 0.532495283118906 ; sb = 1848.06996712865
      k =    8 ; sb/Sb = 0.532495283118906 ; sb = 1848.06996712865
      k =    7 ; sb/Sb = 0.600314416841716 ; sb = 2083.44201304744
      k =    6 ; sb/Sb = 0.658229013792753 ; sb = 2284.43952546986
      k =    5 ; sb/Sb = 0.72142214773605 ; sb = 2503.75664746447
      k =    4 ; sb/Sb = 0.770743067378801 ; sb = 2674.92907515071
      k =  310 ; sb/Sb = 0.824878886001698 ; sb = 2862.81201743127
      Creating new point: f = 0.434689193384449
    i = 89 ; sf/Sf = 0.801953953016941 ; sf = 1879.91485144723
      k =   17 ; sb/Sb = 0 ; sb = 0
      k =   16 ; sb/Sb = 0.0201695122378063 ; sb = 70
      k =   15 ; sb/Sb = 0.0976989507693199 ; sb = 339.072480941474
      k =   14 ; sb/Sb = 0.175228389300834 ; sb = 608.144961882948
      k =   13 ; sb/Sb = 0.25387418161841 ; sb = 881.091843162072
      k =  228 ; sb/Sb = 0.327574475797728 ; sb = 1136.87495441065
      k =   12 ; sb/Sb = 0.401274769977046 ; sb = 1392.65806565922
      k =  418 ; sb/Sb = 0.466885026547976 ; sb = 1620.36401639393
      k =   11 ; sb/Sb = 0.532495283118906 ; sb = 1848.06996712865
      k =    8 ; sb/Sb = 0.532495283118906 ; sb = 1848.06996712865
      k =    7 ; sb/Sb = 0.600314416841716 ; sb = 2083.44201304744
      k =    6 ; sb/Sb = 0.658229013792753 ; sb = 2284.43952546986
      k =    5 ; sb/Sb = 0.72142214773605 ; sb = 2503.75664746447
      k =    4 ; sb/Sb = 0.770743067378801 ; sb = 2674.92907515071
      k =  310 ; sb/Sb = 0.824878886001698 ; sb = 2862.81201743127
      Creating new point: f = 0.576529300416626
    i = 26 ; sf/Sf = 0.815604851341823 ; sf = 1911.91485144723
      k =   17 ; sb/Sb = 0 ; sb = 0
      k =   16 ; sb/Sb = 0.0201695122378063 ; sb = 70
      k =   15 ; sb/Sb = 0.0976989507693199 ; sb = 339.072480941474
      k =   14 ; sb/Sb = 0.175228389300834 ; sb = 608.144961882948
      k =   13 ; sb/Sb = 0.25387418161841 ; sb = 881.091843162072
      k =  228 ; sb/Sb = 0.327574475797728 ; sb = 1136.87495441065
      k =   12 ; sb/Sb = 0.401274769977046 ; sb = 1392.65806565922
      k =  418 ; sb/Sb = 0.466885026547976 ; sb = 1620.36401639393
      k =   11 ; sb/Sb = 0.532495283118906 ; sb = 1848.06996712865
      k =    8 ; sb/Sb = 0.532495283118906 ; sb = 1848.06996712865
      k =    7 ; sb/Sb = 0.600314416841716 ; sb = 2083.44201304744
      k =    6 ; sb/Sb = 0.658229013792753 ; sb = 2284.43952546986
      k =    5 ; sb/Sb = 0.72142214773605 ; sb = 2503.75664746447
      k =    4 ; sb/Sb = 0.770743067378801 ; sb = 2674.92907515071
      k =  310 ; sb/Sb = 0.824878886001698 ; sb = 2862.81201743127
      Creating new point: f = 0.828689490696052
    i = 88 ; sf/Sf = 0.829255749666706 ; sf = 1943.91485144723
      k =   17 ; sb/Sb = 0 ; sb = 0
      k =   16 ; sb/Sb = 0.0201695122378063 ; sb = 70
      k =   15 ; sb/Sb = 0.0976989507693199 ; sb = 339.072480941474
      k =   14 ; sb/Sb = 0.175228389300834 ; sb = 608.144961882948
      k =   13 ; sb/Sb = 0.25387418161841 ; sb = 881.091843162072
      k =  228 ; sb/Sb = 0.327574475797728 ; sb = 1136.87495441065
      k =   12 ; sb/Sb = 0.401274769977046 ; sb = 1392.65806565922
      k =  418 ; sb/Sb = 0.466885026547976 ; sb = 1620.36401639393
      k =   11 ; sb/Sb = 0.532495283118906 ; sb = 1848.06996712865
      k =    8 ; sb/Sb = 0.532495283118906 ; sb = 1848.06996712865
      k =    7 ; sb/Sb = 0.600314416841716 ; sb = 2083.44201304744
      k =    6 ; sb/Sb = 0.658229013792753 ; sb = 2284.43952546986
      k =    5 ; sb/Sb = 0.72142214773605 ; sb = 2503.75664746447
      k =    4 ; sb/Sb = 0.770743067378801 ; sb = 2674.92907515071
      k =  310 ; sb/Sb = 0.824878886001698 ; sb = 2862.81201743127
      k =    3 ; sb/Sb = 0.879014704624595 ; sb = 3050.69495971183
      Creating new point: f = 0.0808496809754779
    i = 86 ; sf/Sf = 0.842906647991588 ; sf = 1975.91485144723
      k =   17 ; sb/Sb = 0 ; sb = 0
      k =   16 ; sb/Sb = 0.0201695122378063 ; sb = 70
      k =   15 ; sb/Sb = 0.0976989507693199 ; sb = 339.072480941474
      k =   14 ; sb/Sb = 0.175228389300834 ; sb = 608.144961882948
      k =   13 ; sb/Sb = 0.25387418161841 ; sb = 881.091843162072
      k =  228 ; sb/Sb = 0.327574475797728 ; sb = 1136.87495441065
      k =   12 ; sb/Sb = 0.401274769977046 ; sb = 1392.65806565922
      k =  418 ; sb/Sb = 0.466885026547976 ; sb = 1620.36401639393
      k =   11 ; sb/Sb = 0.532495283118906 ; sb = 1848.06996712865
      k =    8 ; sb/Sb = 0.532495283118906 ; sb = 1848.06996712865
      k =    7 ; sb/Sb = 0.600314416841716 ; sb = 2083.44201304744
      k =    6 ; sb/Sb = 0.658229013792753 ; sb = 2284.43952546986
      k =    5 ; sb/Sb = 0.72142214773605 ; sb = 2503.75664746447
      k =    4 ; sb/Sb = 0.770743067378801 ; sb = 2674.92907515071
      k =  310 ; sb/Sb = 0.824878886001698 ; sb = 2862.81201743127
      k =    3 ; sb/Sb = 0.879014704624595 ; sb = 3050.69495971183
      Creating new point: f = 0.333009871254903
    i = 85 ; sf/Sf = 0.870208444641352 ; sf = 2039.91485144723
      k =   17 ; sb/Sb = 0 ; sb = 0
      k =   16 ; sb/Sb = 0.0201695122378063 ; sb = 70
      k =   15 ; sb/Sb = 0.0976989507693199 ; sb = 339.072480941474
      k =   14 ; sb/Sb = 0.175228389300834 ; sb = 608.144961882948
      k =   13 ; sb/Sb = 0.25387418161841 ; sb = 881.091843162072
      k =  228 ; sb/Sb = 0.327574475797728 ; sb = 1136.87495441065
      k =   12 ; sb/Sb = 0.401274769977046 ; sb = 1392.65806565922
      k =  418 ; sb/Sb = 0.466885026547976 ; sb = 1620.36401639393
      k =   11 ; sb/Sb = 0.532495283118906 ; sb = 1848.06996712865
      k =    8 ; sb/Sb = 0.532495283118906 ; sb = 1848.06996712865
      k =    7 ; sb/Sb = 0.600314416841716 ; sb = 2083.44201304744
      k =    6 ; sb/Sb = 0.658229013792753 ; sb = 2284.43952546986
      k =    5 ; sb/Sb = 0.72142214773605 ; sb = 2503.75664746447
      k =    4 ; sb/Sb = 0.770743067378801 ; sb = 2674.92907515071
      k =  310 ; sb/Sb = 0.824878886001698 ; sb = 2862.81201743127
      k =    3 ; sb/Sb = 0.879014704624595 ; sb = 3050.69495971183
      Creating new point: f = 0.837330251813757
    i = 27 ; sf/Sf = 0.937014656756212 ; sf = 2196.51984086239
      k =   17 ; sb/Sb = 0 ; sb = 0
      k =   16 ; sb/Sb = 0.0201695122378063 ; sb = 70
      k =   15 ; sb/Sb = 0.0976989507693199 ; sb = 339.072480941474
      k =   14 ; sb/Sb = 0.175228389300834 ; sb = 608.144961882948
      k =   13 ; sb/Sb = 0.25387418161841 ; sb = 881.091843162072
      k =  228 ; sb/Sb = 0.327574475797728 ; sb = 1136.87495441065
      k =   12 ; sb/Sb = 0.401274769977046 ; sb = 1392.65806565922
      k =  418 ; sb/Sb = 0.466885026547976 ; sb = 1620.36401639393
      k =   11 ; sb/Sb = 0.532495283118906 ; sb = 1848.06996712865
      k =    8 ; sb/Sb = 0.532495283118906 ; sb = 1848.06996712865
      k =    7 ; sb/Sb = 0.600314416841716 ; sb = 2083.44201304744
      k =    6 ; sb/Sb = 0.658229013792753 ; sb = 2284.43952546986
      k =    5 ; sb/Sb = 0.72142214773605 ; sb = 2503.75664746447
      k =    4 ; sb/Sb = 0.770743067378801 ; sb = 2674.92907515071
      k =  310 ; sb/Sb = 0.824878886001698 ; sb = 2862.81201743127
      k =    3 ; sb/Sb = 0.879014704624595 ; sb = 3050.69495971183
      k =    2 ; sb/Sb = 0.912740145780182 ; sb = 3167.74195881903
      k =   93 ; sb/Sb = 0.953488713998976 ; sb = 3309.16331505634
    i = 29 ; sf/Sf = 0.937014656756212 ; sf = 2196.51984086239
      k =   17 ; sb/Sb = 0 ; sb = 0
      k =   16 ; sb/Sb = 0.0201695122378063 ; sb = 70
      k =   15 ; sb/Sb = 0.0976989507693199 ; sb = 339.072480941474
      k =   14 ; sb/Sb = 0.175228389300834 ; sb = 608.144961882948
      k =   13 ; sb/Sb = 0.25387418161841 ; sb = 881.091843162072
      k =  228 ; sb/Sb = 0.327574475797728 ; sb = 1136.87495441065
      k =   12 ; sb/Sb = 0.401274769977046 ; sb = 1392.65806565922
      k =  418 ; sb/Sb = 0.466885026547976 ; sb = 1620.36401639393
      k =   11 ; sb/Sb = 0.532495283118906 ; sb = 1848.06996712865
      k =    8 ; sb/Sb = 0.532495283118906 ; sb = 1848.06996712865
      k =    7 ; sb/Sb = 0.600314416841716 ; sb = 2083.44201304744
      k =    6 ; sb/Sb = 0.658229013792753 ; sb = 2284.43952546986
      k =    5 ; sb/Sb = 0.72142214773605 ; sb = 2503.75664746447
      k =    4 ; sb/Sb = 0.770743067378801 ; sb = 2674.92907515071
      k =  310 ; sb/Sb = 0.824878886001698 ; sb = 2862.81201743127
      k =    3 ; sb/Sb = 0.879014704624595 ; sb = 3050.69495971183
      k =    2 ; sb/Sb = 0.912740145780182 ; sb = 3167.74195881903
      k =   93 ; sb/Sb = 0.953488713998976 ; sb = 3309.16331505634
      Creating new point: f = 0.595714451749359
Tear 5 : Sf = 331.360830515618 ; Sb = 414.64249196573
  Forwards path
Tear 6 : Sf = 228.254244210267 ; Sb = 315.753068076939
  Forwards path
Tear 1 : Sf = 1045.43508587409 ; Sb = 1107.63018154873
  Backwards path
    i = 64 ; sf/Sf = 0.172177117864283 ; sf = 180
      k =   65 ; sb/Sb = 0 ; sb = 0
      k =   66 ; sb/Sb = 0.165737265528622 ; sb = 183.575597506858
      k =   67 ; sb/Sb = 0.391444369004659 ; sb = 433.575597506858
      Creating new point: f = 0.0285318992467789
    i = 63 ; sf/Sf = 0.412076014953619 ; sf = 430.798724079689
      k =   65 ; sb/Sb = 0 ; sb = 0
      k =   66 ; sb/Sb = 0.165737265528622 ; sb = 183.575597506858
      k =   67 ; sb/Sb = 0.391444369004659 ; sb = 433.575597506858
      k =   68 ; sb/Sb = 0.637868568909973 ; sb = 706.522478785982
      Creating new point: f = 0.0837241064671712
    i = 62 ; sf/Sf = 0.563318196457619 ; sf = 588.912607088108
      k =   65 ; sb/Sb = 0 ; sb = 0
      k =   66 ; sb/Sb = 0.165737265528622 ; sb = 183.575597506858
      k =   67 ; sb/Sb = 0.391444369004659 ; sb = 433.575597506858
      k =   68 ; sb/Sb = 0.637868568909973 ; sb = 706.522478785982
      Creating new point: f = 0.697471382757865
    i = 61 ; sf/Sf = 0.824402681728086 ; sf = 861.859488367232
      k =   65 ; sb/Sb = 0 ; sb = 0
      k =   66 ; sb/Sb = 0.165737265528622 ; sb = 183.575597506858
      k =   67 ; sb/Sb = 0.391444369004659 ; sb = 433.575597506858
      k =   68 ; sb/Sb = 0.637868568909973 ; sb = 706.522478785982
      k =   69 ; sb/Sb = 0.836490819968885 ; sb = 926.522478785982
      Creating new point: f = 0.939140060207992
Tear 2 : Sf = 1059.09389593961 ; Sb = 1447.66177164963
  Backwards path
    i = 43 ; sf/Sf = 0.0472101672870475 ; sf = 50
      k =   44 ; sb/Sb = 0 ; sb = 0
      k =  406 ; sb/Sb = 0.148796215044017 ; sb = 215.40659228538
      Creating new point: f = 0.317280700137983
    i = 42 ; sf/Sf = 0.387123371753789 ; sf = 410
      k =   44 ; sb/Sb = 0 ; sb = 0
      k =  406 ; sb/Sb = 0.148796215044017 ; sb = 215.40659228538
      k =   45 ; sb/Sb = 0.297592430088033 ; sb = 430.81318457076
      k =   46 ; sb/Sb = 0.507340684107183 ; sb = 734.45771358454
      Creating new point: f = 0.426849520557067
    i = 41 ; sf/Sf = 0.697707433591047 ; sf = 738.937684067971
      k =   44 ; sb/Sb = 0 ; sb = 0
      k =  406 ; sb/Sb = 0.148796215044017 ; sb = 215.40659228538
      k =   45 ; sb/Sb = 0.297592430088033 ; sb = 430.81318457076
      k =   46 ; sb/Sb = 0.507340684107184 ; sb = 734.45771358454
      k =   47 ; sb/Sb = 0.770377715788473 ; sb = 1115.24636887774
      Creating new point: f = 0.723726040653173
    i = 439 ; sf/Sf = 0.848853716795523 ; sf = 899.015790003792
      k =   44 ; sb/Sb = 0 ; sb = 0
      k =  406 ; sb/Sb = 0.148796215044017 ; sb = 215.40659228538
      k =   45 ; sb/Sb = 0.297592430088033 ; sb = 430.81318457076
      k =   46 ; sb/Sb = 0.507340684107184 ; sb = 734.45771358454
      k =   47 ; sb/Sb = 0.770377715788473 ; sb = 1115.24636887774
      k =   48 ; sb/Sb = 1 ; sb = 1447.66177164963
      Creating new point: f = 0.341761259263314
Tear 3 : Sf = 318.31986396308 ; Sb = 468.328157299975
  Backwards path
    i = 54 ; sf/Sf = 0.746724642065264 ; sf = 237.697286480094
      k =   55 ; sb/Sb = 0 ; sb = 0
      k =   56 ; sb/Sb = 0.427050983124842 ; sb = 200
      k =   57 ; sb/Sb = 0.522542485937369 ; sb = 244.721359549996
      k =   58 ; sb/Sb = 1 ; sb = 468.328157299975
      Creating new point: f = 0.469533203531253
Tear 4 : Sf = 3470.58467129364 ; Sb = 2344.16807146472
  Backwards path
    i = 16 ; sf/Sf = 0.0201695122378063 ; sf = 70
      k =   17 ; sb/Sb = 0 ; sb = 0
      k =   18 ; sb/Sb = 0.0486388087517426 ; sb = 114.017542509914
      Creating new point: f = 0.414679404274753
    i = 15 ; sf/Sf = 0.0976989507693199 ; sf = 339.072480941474
      k =   17 ; sb/Sb = 0 ; sb = 0
      k =   18 ; sb/Sb = 0.0486388087517426 ; sb = 114.017542509914
      k =   19 ; sb/Sb = 0.147124890198987 ; sb = 344.885470122218
      Creating new point: f = 0.498142897926721
    i = 14 ; sf/Sf = 0.175228389300834 ; sf = 608.144961882948
      k =   17 ; sb/Sb = 0 ; sb = 0
      k =   18 ; sb/Sb = 0.0486388087517426 ; sb = 114.017542509914
      k =   19 ; sb/Sb = 0.147124890198987 ; sb = 344.885470122218
      k =   20 ; sb/Sb = 0.278539714829075 ; sb = 652.943906137205
      Creating new point: f = 0.213853339461158
    i = 13 ; sf/Sf = 0.25387418161841 ; sf = 881.091843162072
      k =   17 ; sb/Sb = 0 ; sb = 0
      k =   18 ; sb/Sb = 0.0486388087517426 ; sb = 114.017542509914
      k =   19 ; sb/Sb = 0.147124890198987 ; sb = 344.885470122218
      k =   20 ; sb/Sb = 0.278539714829075 ; sb = 652.943906137205
      Creating new point: f = 0.812307833000619
    i = 228 ; sf/Sf = 0.327574475797728 ; sf = 1136.87495441065
      k =   17 ; sb/Sb = 0 ; sb = 0
      k =   18 ; sb/Sb = 0.0486388087517426 ; sb = 114.017542509914
      k =   19 ; sb/Sb = 0.147124890198987 ; sb = 344.885470122218
      k =   20 ; sb/Sb = 0.278539714829075 ; sb = 652.943906137205
      k =   21 ; sb/Sb = 0.411263552982743 ; sb = 964.070889859286
      Creating new point: f = 0.369449540118636
    i = 12 ; sf/Sf = 0.401274769977046 ; sf = 1392.65806565922
      k =   17 ; sb/Sb = 0 ; sb = 0
      k =   18 ; sb/Sb = 0.0486388087517426 ; sb = 114.017542509914
      k =   19 ; sb/Sb = 0.147124890198987 ; sb = 344.885470122218
      k =   20 ; sb/Sb = 0.278539714829075 ; sb = 652.943906137205
      k =   21 ; sb/Sb = 0.411263552982743 ; sb = 964.070889859286
      Creating new point: f = 0.924740098352699
    i = 418 ; sf/Sf = 0.466885026547976 ; sf = 1620.36401639393
      k =   17 ; sb/Sb = 0 ; sb = 0
      k =   18 ; sb/Sb = 0.0486388087517426 ; sb = 114.017542509914
      k =   19 ; sb/Sb = 0.147124890198987 ; sb = 344.885470122218
      k =   20 ; sb/Sb = 0.278539714829075 ; sb = 652.943906137205
      k =   21 ; sb/Sb = 0.411263552982743 ; sb = 964.070889859286
      k =   22 ; sb/Sb = 0.549692029482297 ; sb = 1288.57050465104
      Creating new point: f = 0.401806586128339
    i = 11 ; sf/Sf = 0.532495283118906 ; sf = 1848.06996712865
      k =   17 ; sb/Sb = 0 ; sb = 0
      k =   18 ; sb/Sb = 0.0486388087517426 ; sb = 114.017542509914
      k =   19 ; sb/Sb = 0.147124890198987 ; sb = 344.885470122218
      k =   20 ; sb/Sb = 0.278539714829075 ; sb = 652.943906137205
      k =   21 ; sb/Sb = 0.411263552982743 ; sb = 964.070889859286
      k =   22 ; sb/Sb = 0.549692029482297 ; sb = 1288.57050465104
    i = 8 ; sf/Sf = 0.532495283118906 ; sf = 1848.06996712865
      k =   17 ; sb/Sb = 0 ; sb = 0
      k =   18 ; sb/Sb = 0.0486388087517426 ; sb = 114.017542509914
      k =   19 ; sb/Sb = 0.147124890198987 ; sb = 344.885470122218
      k =   20 ; sb/Sb = 0.278539714829075 ; sb = 652.943906137205
      k =   21 ; sb/Sb = 0.411263552982743 ; sb = 964.070889859286
      k =   22 ; sb/Sb = 0.549692029482297 ; sb = 1288.57050465104
      Creating new point: f = 0.875771612906206
    i = 7 ; sf/Sf = 0.600314416841716 ; sf = 2083.44201304744
      k =   17 ; sb/Sb = 0 ; sb = 0
      k =   18 ; sb/Sb = 0.0486388087517426 ; sb = 114.017542509914
      k =   19 ; sb/Sb = 0.147124890198987 ; sb = 344.885470122218
      k =   20 ; sb/Sb = 0.278539714829075 ; sb = 652.943906137205
      k =   21 ; sb/Sb = 0.411263552982743 ; sb = 964.070889859286
      k =   22 ; sb/Sb = 0.549692029482297 ; sb = 1288.57050465104
      k =   23 ; sb/Sb = 0.658702407148581 ; sb = 1544.10915143466
      Creating new point: f = 0.464381359308656
    i = 6 ; sf/Sf = 0.658229013792753 ; sf = 2284.43952546986
      k =   17 ; sb/Sb = 0 ; sb = 0
      k =   18 ; sb/Sb = 0.0486388087517426 ; sb = 114.017542509914
      k =   19 ; sb/Sb = 0.147124890198987 ; sb = 344.885470122218
      k =   20 ; sb/Sb = 0.278539714829075 ; sb = 652.943906137205
      k =   21 ; sb/Sb = 0.411263552982743 ; sb = 964.070889859286
      k =   22 ; sb/Sb = 0.549692029482297 ; sb = 1288.57050465104
      k =   23 ; sb/Sb = 0.658702407148581 ; sb = 1544.10915143466
      Creating new point: f = 0.995657355143954
    i = 5 ; sf/Sf = 0.72142214773605 ; sf = 2503.75664746447
      k =   17 ; sb/Sb = 0 ; sb = 0
      k =   18 ; sb/Sb = 0.0486388087517426 ; sb = 114.017542509914
      k =   19 ; sb/Sb = 0.147124890198987 ; sb = 344.885470122218
      k =   20 ; sb/Sb = 0.278539714829075 ; sb = 652.943906137205
      k =   21 ; sb/Sb = 0.411263552982743 ; sb = 964.070889859286
      k =   22 ; sb/Sb = 0.549692029482297 ; sb = 1288.57050465104
      k =   23 ; sb/Sb = 0.658702407148581 ; sb = 1544.10915143466
      k =   24 ; sb/Sb = 0.752261023812776 ; sb = 1763.42627342927
      Creating new point: f = 0.6703790930619
    i = 4 ; sf/Sf = 0.770743067378801 ; sf = 2674.92907515071
      k =   17 ; sb/Sb = 0 ; sb = 0
      k =   18 ; sb/Sb = 0.0486388087517426 ; sb = 114.017542509914
      k =   19 ; sb/Sb = 0.147124890198987 ; sb = 344.885470122218
      k =   20 ; sb/Sb = 0.278539714829075 ; sb = 652.943906137205
      k =   21 ; sb/Sb = 0.411263552982743 ; sb = 964.070889859286
      k =   22 ; sb/Sb = 0.549692029482297 ; sb = 1288.57050465104
      k =   23 ; sb/Sb = 0.658702407148581 ; sb = 1544.10915143466
      k =   24 ; sb/Sb = 0.752261023812776 ; sb = 1763.42627342927
      k =   25 ; sb/Sb = 0.794275322709195 ; sb = 1861.91485144723
      Creating new point: f = 0.439898892793388
    i = 310 ; sf/Sf = 0.824878886001698 ; sf = 2862.81201743127
      k =   17 ; sb/Sb = 0 ; sb = 0
      k =   18 ; sb/Sb = 0.0486388087517426 ; sb = 114.017542509914
      k =   19 ; sb/Sb = 0.147124890198987 ; sb = 344.885470122218
      k =   20 ; sb/Sb = 0.278539714829075 ; sb = 652.943906137205
      k =   21 ; sb/Sb = 0.411263552982743 ; sb = 964.070889859286
      k =   22 ; sb/Sb = 0.549692029482297 ; sb = 1288.57050465104
      k =   23 ; sb/Sb = 0.658702407148581 ; sb = 1544.10915143466
      k =   24 ; sb/Sb = 0.752261023812776 ; sb = 1763.42627342927
      k =   25 ; sb/Sb = 0.794275322709195 ; sb = 1861.91485144723
      k =   89 ; sb/Sb = 0.801953953016941 ; sb = 1879.91485144723
      k =   26 ; sb/Sb = 0.815604851341823 ; sb = 1911.91485144723
      k =   88 ; sb/Sb = 0.829255749666705 ; sb = 1943.91485144723
      Creating new point: f = 0.679371748229241
    i = 3 ; sf/Sf = 0.879014704624595 ; sf = 3050.69495971183
      k =   17 ; sb/Sb = 0 ; sb = 0
      k =   18 ; sb/Sb = 0.0486388087517426 ; sb = 114.017542509914
      k =   19 ; sb/Sb = 0.147124890198987 ; sb = 344.885470122218
      k =   20 ; sb/Sb = 0.278539714829075 ; sb = 652.943906137205
      k =   21 ; sb/Sb = 0.411263552982743 ; sb = 964.070889859286
      k =   22 ; sb/Sb = 0.549692029482297 ; sb = 1288.57050465104
      k =   23 ; sb/Sb = 0.658702407148581 ; sb = 1544.10915143466
      k =   24 ; sb/Sb = 0.752261023812776 ; sb = 1763.42627342927
      k =   25 ; sb/Sb = 0.794275322709195 ; sb = 1861.91485144723
      k =   89 ; sb/Sb = 0.801953953016941 ; sb = 1879.91485144723
      k =   26 ; sb/Sb = 0.815604851341823 ; sb = 1911.91485144723
      k =   88 ; sb/Sb = 0.829255749666705 ; sb = 1943.91485144723
      k =   86 ; sb/Sb = 0.842906647991588 ; sb = 1975.91485144723
      k =   85 ; sb/Sb = 0.870208444641352 ; sb = 2039.91485144723
      k =   27 ; sb/Sb = 0.937014656756212 ; sb = 2196.51984086239
      Creating new point: f = 0.131817980760565
    i = 2 ; sf/Sf = 0.912740145780182 ; sf = 3167.74195881903
      k =   17 ; sb/Sb = 0 ; sb = 0
      k =   18 ; sb/Sb = 0.0486388087517426 ; sb = 114.017542509914
      k =   19 ; sb/Sb = 0.147124890198987 ; sb = 344.885470122218
      k =   20 ; sb/Sb = 0.278539714829075 ; sb = 652.943906137205
      k =   21 ; sb/Sb = 0.411263552982743 ; sb = 964.070889859286
      k =   22 ; sb/Sb = 0.549692029482297 ; sb = 1288.57050465104
      k =   23 ; sb/Sb = 0.658702407148581 ; sb = 1544.10915143466
      k =   24 ; sb/Sb = 0.752261023812776 ; sb = 1763.42627342927
      k =   25 ; sb/Sb = 0.794275322709195 ; sb = 1861.91485144723
      k =   89 ; sb/Sb = 0.801953953016941 ; sb = 1879.91485144723
      k =   26 ; sb/Sb = 0.815604851341823 ; sb = 1911.91485144723
      k =   88 ; sb/Sb = 0.829255749666705 ; sb = 1943.91485144723
      k =   86 ; sb/Sb = 0.842906647991588 ; sb = 1975.91485144723
      k =   85 ; sb/Sb = 0.870208444641352 ; sb = 2039.91485144723
      k =   27 ; sb/Sb = 0.937014656756212 ; sb = 2196.51984086239
      Creating new point: f = 0.63664290778386
    i = 93 ; sf/Sf = 0.953488713998976 ; sf = 3309.16331505634
      k =   17 ; sb/Sb = 0 ; sb = 0
      k =   18 ; sb/Sb = 0.0486388087517426 ; sb = 114.017542509914
      k =   19 ; sb/Sb = 0.147124890198987 ; sb = 344.885470122218
      k =   20 ; sb/Sb = 0.278539714829075 ; sb = 652.943906137205
      k =   21 ; sb/Sb = 0.411263552982743 ; sb = 964.070889859286
      k =   22 ; sb/Sb = 0.549692029482297 ; sb = 1288.57050465104
      k =   23 ; sb/Sb = 0.658702407148581 ; sb = 1544.10915143466
      k =   24 ; sb/Sb = 0.752261023812776 ; sb = 1763.42627342927
      k =   25 ; sb/Sb = 0.794275322709195 ; sb = 1861.91485144723
      k =   89 ; sb/Sb = 0.801953953016941 ; sb = 1879.91485144723
      k =   26 ; sb/Sb = 0.815604851341823 ; sb = 1911.91485144723
      k =   88 ; sb/Sb = 0.829255749666705 ; sb = 1943.91485144723
      k =   86 ; sb/Sb = 0.842906647991588 ; sb = 1975.91485144723
      k =   85 ; sb/Sb = 0.870208444641352 ; sb = 2039.91485144723
      k =   27 ; sb/Sb = 0.937014656756212 ; sb = 2196.51984086239
      k =   29 ; sb/Sb = 0.937014656756212 ; sb = 2196.51984086239
      k =   30 ; sb/Sb = 1 ; sb = 2344.16807146472
      Creating new point: f = 0.26155382179946
    i = 1 ; sf/Sf = 0.99423728221777 ; sf = 3450.58467129364
      k =   17 ; sb/Sb = 0 ; sb = 0
      k =   18 ; sb/Sb = 0.0486388087517426 ; sb = 114.017542509914
      k =   19 ; sb/Sb = 0.147124890198987 ; sb = 344.885470122218
      k =   20 ; sb/Sb = 0.278539714829075 ; sb = 652.943906137205
      k =   21 ; sb/Sb = 0.411263552982743 ; sb = 964.070889859286
      k =   22 ; sb/Sb = 0.549692029482297 ; sb = 1288.57050465104
      k =   23 ; sb/Sb = 0.658702407148581 ; sb = 1544.10915143466
      k =   24 ; sb/Sb = 0.752261023812776 ; sb = 1763.42627342927
      k =   25 ; sb/Sb = 0.794275322709195 ; sb = 1861.91485144723
      k =   89 ; sb/Sb = 0.801953953016941 ; sb = 1879.91485144723
      k =   26 ; sb/Sb = 0.815604851341823 ; sb = 1911.91485144723
      k =   88 ; sb/Sb = 0.829255749666705 ; sb = 1943.91485144723
      k =   86 ; sb/Sb = 0.842906647991588 ; sb = 1975.91485144723
      k =   85 ; sb/Sb = 0.870208444641352 ; sb = 2039.91485144723
      k =   27 ; sb/Sb = 0.937014656756212 ; sb = 2196.51984086239
      k =   29 ; sb/Sb = 0.937014656756212 ; sb = 2196.51984086239
      k =   30 ; sb/Sb = 1 ; sb = 2344.16807146472
      Creating new point: f = 0.908507003606769
Tear 5 : Sf = 414.64249196573 ; Sb = 331.360830515618
  Backwards path
    i = 9 ; sf/Sf = 0.42118812072971 ; sf = 174.64249196573
      k =   10 ; sb/Sb = 0 ; sb = 0
      k =   11 ; sb/Sb = 1 ; sb = 331.360830515618
      Creating new point: f = 0.42118812072971
Tear 6 : Sf = 315.753068076939 ; Sb = 228.254244210267
  Backwards path
Triangulating...
[1] "Non-adjacent points in rim connected by line: 86 25"
[1] "In triangle: 58" "In triangle: 62"
[1] "Other points in triangles: 465 464"
[1] "Non-adjacent points in rim connected by line: 89 88"
[1] "In triangle: 60" "In triangle: 65"
[1] "Other points in triangles: 465 466"
[1] "Non-adjacent points in rim connected by line: 482 7"
[1] "In triangle: 299" "In triangle: 302"
[1] "Other points in triangles: 460 6"
Merging points...
Projecting to sphere...
Optimising mapping with FIRE...
E =  0.00752 | E_L =  0.00752 | E_A =  0.00000 |   0 flippped triangles
E =  0.00628 | E_L =  0.00628 | E_A =  0.00000 |  52 flippped triangles
        phi0    phi0.1    phi0.2    phi0.3    phi0.4    phi0.5    phi0.6
id    26.000     29.00    33.000    34.000   59.0000  62.00000  65.00000
A  13852.632  22606.62 13894.737 21135.394  279.1454  64.92394  13.47264
a  -2802.861 -25621.90 -2887.598 -7225.581 -266.5162 -59.48937 -11.45246
      phi0.7    phi0.8    phi0.9   phi0.10   phi0.11   phi0.12   phi0.13
id  71.00000  72.00000   79.0000   84.0000 86.000000  241.0000   248.000
A   56.31201  26.57635  222.9235  202.9236  1.658695  310.7965 10430.991
a  -81.51444 -25.36151 -328.3110 -255.0432 -1.897610 -239.9101 -2544.716
     phi0.14   phi0.15   phi0.16   phi0.17   phi0.18   phi0.19   phi0.20
id   255.000  257.0000   274.000   276.000    277.00   279.000   280.000
A  11700.000 2208.6741  1571.213 19597.160  23525.18  4067.052 15611.717
a  -6595.079 -627.3228 -1973.039 -6236.738 -11550.20 -1200.942 -1954.703
     phi0.21   phi0.22   phi0.23   phi0.24   phi0.25   phi0.26   phi0.27
id   296.000  315.0000  317.0000   333.000   350.000   354.000   357.000
A   3328.791 1700.5724  658.5396 12612.500  4250.054  2333.373 10735.050
a  -2606.752 -656.1192 -316.9439 -5958.723 -5060.355 -2673.200 -6548.609
     phi0.28   phi0.29   phi0.30   phi0.31   phi0.32   phi0.33   phi0.34
id   516.000   517.000   524.000   526.000   688.000   699.000   846.000
A   3562.903  3367.324  5737.572 11726.360  4749.463  5742.636 13297.775
a  -5486.648 -3017.597 -5005.857 -9558.228 -1417.653 -3175.824 -1962.446
     phi0.35   phi0.36   phi0.37   phi0.38   phi0.39   phi0.40   phi0.41
id    853.00    862.00   873.000  879.0000   888.000   891.000   911.000
A   23252.35  22572.55  2860.799  626.6236  1560.573  1185.657  7893.580
a  -20558.96 -19338.11 -1212.511 -577.7147 -1491.135 -1318.602 -1170.909
     phi0.42   phi0.43   phi0.44   phi0.45   phi0.46   phi0.47   phi0.48
id   912.000   913.000  927.0000  929.0000   931.000  937.0000   940.000
A   9738.046  6672.978  703.3997 5681.1673  1792.024  241.4645  7549.216
a  -8855.267 -6909.021 -592.9324 -633.8658 -1961.505 -223.1849 -7439.429
    phi0.49   phi0.50   phi0.51
id 946.0000 951.00000 952.00000
A  519.9170  33.61061  29.78714
a  -66.7746 -37.30856 -25.82103
E =  0.00600 | E_L =  0.00600 | E_A =  0.00000 |  49 flippped triangles
        phi0    phi0.1    phi0.2    phi0.3    phi0.4    phi0.5    phi0.6
id    26.000     29.00    33.000     34.00    40.000   59.0000  62.00000
A  13852.632  22606.62 13894.737  21135.39 18114.824  279.1454  64.92394
a  -4649.345 -26109.17 -7249.558 -15118.17 -3178.145 -275.9024 -66.80001
      phi0.7    phi0.8    phi0.9   phi0.10   phi0.11   phi0.12   phi0.13
id  65.00000  71.00000  72.00000   79.0000   84.0000  241.0000   242.000
A   13.47264  56.31201  26.57635  222.9235  202.9236  310.7965  3678.733
a  -13.16252 -82.85024 -27.26177 -343.1778 -196.2176 -249.1551 -3373.431
     phi0.14   phi0.15   phi0.16   phi0.17   phi0.18   phi0.19   phi0.20
id   245.000   255.000  257.0000   274.000   296.000  299.0000 302.00000
A   5247.011 11700.000 2208.6741  1571.213  3328.791 5239.9955  99.50865
a  -4279.084 -8945.764 -289.7054 -1579.011 -2857.387  -36.1931 -84.89202
     phi0.21   phi0.22   phi0.23   phi0.24   phi0.25   phi0.26   phi0.27
id  315.0000  317.0000   333.000   350.000   354.000   357.000   516.000
A  1700.5724  658.5396 12612.500  4250.054  2333.373 10735.050  3562.903
a  -498.2926 -416.2627 -8401.605 -5186.334 -2428.856 -8002.307 -5516.439
     phi0.28   phi0.29   phi0.30   phi0.31   phi0.32   phi0.33   phi0.34
id   517.000   524.000    526.00    853.00    856.00    860.00    862.00
A   3367.324  5737.572  11726.36  23252.35  16077.76  30296.47  22572.55
a  -3264.263 -5085.997 -10019.21 -22010.74 -10542.69 -19469.64 -21121.29
     phi0.35   phi0.36   phi0.37   phi0.38   phi0.39   phi0.40   phi0.41
id   873.000  879.0000   888.000   891.000   911.000   912.000   913.000
A   2860.799  626.6236  1560.573  1185.657  7893.580  9738.046  6672.978
a  -1124.644 -581.7589 -1653.940 -1248.436 -5702.647 -7534.049 -6616.968
     phi0.42   phi0.43   phi0.44   phi0.45   phi0.46   phi0.47   phi0.48
id  927.0000   931.000  937.0000   940.000 946.00000 951.00000 952.00000
A   703.3997  1792.024  241.4645  7549.216 519.91703  33.61061  29.78714
a  -602.3427 -1875.741 -222.5510 -7477.480 -95.94267 -36.04106 -33.77930
E =  0.00593 | E_L =  0.00593 | E_A =  0.00000 |  49 flippped triangles
        phi0    phi0.1    phi0.2    phi0.3    phi0.4    phi0.5    phi0.6
id    26.000     29.00    33.000     34.00    40.000   59.0000  62.00000
A  13852.632  22606.62 13894.737  21135.39 18114.824  279.1454  64.92394
a  -5639.622 -25979.67 -9340.393 -16812.18 -6831.665 -270.0278 -64.13399
      phi0.7    phi0.8    phi0.9   phi0.10   phi0.11   phi0.12   phi0.13
id  65.00000  71.00000  72.00000   79.0000   84.0000  241.0000   242.000
A   13.47264  56.31201  26.57635  222.9235  202.9236  310.7965  3678.733
a  -12.17101 -85.83649 -26.17886 -294.4663 -201.2930 -237.9649 -3595.781
     phi0.14  phi0.15  phi0.16   phi0.17   phi0.18   phi0.19   phi0.20
id   245.000   255.00  257.000   274.000   296.000  299.0000 302.00000
A   5247.011 11700.00 2208.674  1571.213  3328.791 5239.9955  99.50865
a  -4722.704 -8712.22 -211.588 -1577.785 -2689.839 -690.5916 -82.47861
     phi0.21   phi0.22   phi0.23   phi0.24   phi0.25  phi0.26   phi0.27
id  315.0000  317.0000   333.000   350.000   354.000   357.00   516.000
A  1700.5724  658.5396 12612.500  4250.054  2333.373 10735.05  3562.903
a  -542.5102 -395.0202 -8129.535 -4962.545 -2408.345 -7414.85 -5517.721
     phi0.28   phi0.29   phi0.30   phi0.31   phi0.32   phi0.33   phi0.34
id   517.000   524.000    526.00    853.00   856.000    860.00    862.00
A   3367.324  5737.572  11726.36  23252.35 16077.763  30296.47  22572.55
a  -3249.735 -5133.812 -10009.94 -21861.22 -9804.566 -18286.67 -21164.39
     phi0.35   phi0.36   phi0.37   phi0.38   phi0.39   phi0.40   phi0.41
id   873.000  879.0000   888.000   891.000   911.000   912.000   913.000
A   2860.799  626.6236  1560.573  1185.657  7893.580  9738.046  6672.978
a  -1411.063 -572.7593 -1711.704 -1289.053 -5691.648 -7613.607 -6469.233
     phi0.42   phi0.43   phi0.44   phi0.45   phi0.46   phi0.47   phi0.48
id  927.0000   931.000  937.0000   940.000 946.00000 951.00000 952.00000
A   703.3997  1792.024  241.4645  7549.216 519.91703  33.61061  29.78714
a  -598.4267 -1914.352 -210.7640 -7586.445 -61.23702 -34.37565 -38.38467
E =  0.00593 | E_L =  0.00593 | E_A =  0.00000 |  50 flippped triangles
        phi0    phi0.1    phi0.2    phi0.3     phi0.4    phi0.5    phi0.6
id    26.000     29.00     33.00     34.00    35.0000    40.000   59.0000
A  13852.632  22606.62  13894.74  21135.39 26232.9880 18114.824  279.1454
a  -5990.256 -25861.60 -10081.96 -17796.17  -566.3757 -8942.523 -267.1818
      phi0.7    phi0.8    phi0.9   phi0.10   phi0.11   phi0.12   phi0.13
id  62.00000  65.00000  71.00000  72.00000   79.0000   84.0000  241.0000
A   64.92394  13.47264  56.31201  26.57635  222.9235  202.9236  310.7965
a  -64.21992 -12.99661 -82.14193 -25.60895 -310.7157 -187.0915 -245.4900
     phi0.14   phi0.15   phi0.16   phi0.17   phi0.18   phi0.19   phi0.20
id   242.000   245.000   255.000  257.0000   274.000   296.000  299.0000
A   3678.733  5247.011 11700.000 2208.6741  1571.213  3328.791 5239.9955
a  -3475.040 -4577.775 -8897.882 -147.1484 -1636.682 -2599.143 -614.7496
     phi0.21   phi0.22   phi0.23   phi0.24   phi0.25   phi0.26   phi0.27
id 302.00000  315.0000  317.0000   333.000   350.000   354.000   357.000
A   99.50865 1700.5724  658.5396 12612.500  4250.054  2333.373 10735.050
a  -83.04697 -534.7699 -396.2849 -8161.878 -5435.870 -2476.517 -8198.429
     phi0.28   phi0.29   phi0.30   phi0.31   phi0.32   phi0.33   phi0.34
id   516.000   517.000   524.000    526.00    853.00   856.000    860.00
A   3562.903  3367.324  5737.572  11726.36  23252.35 16077.763  30296.47
a  -5539.296 -3237.090 -5185.166 -10065.02 -20898.00 -8309.228 -15702.07
     phi0.35   phi0.36   phi0.37   phi0.38   phi0.39  phi0.40   phi0.41
id    862.00   873.000  879.0000   888.000   891.000   911.00   912.000
A   22572.55  2860.799  626.6236  1560.573  1185.657  7893.58  9738.046
a  -20134.98 -1088.005 -576.9967 -1631.817 -1252.081 -5661.33 -7617.272
     phi0.42   phi0.43   phi0.44   phi0.45   phi0.46   phi0.47   phi0.48
id   913.000  927.0000   931.000  937.0000   940.000 946.00000 951.00000
A   6672.978  703.3997  1792.024  241.4645  7549.216 519.91703  33.61061
a  -6559.149 -605.2003 -1877.985 -215.6192 -7563.656 -67.48617 -33.85804
     phi0.49
id 952.00000
A   29.78714
a  -36.70356
FIRE:  4  stops.  3 hits of maxmove.  0 hits of dtmax.
Frms = 2.33384802689324e-06; Ftanrms = 2.32683378469103e-06
E =  0.01120 | E_L =  0.01120 | E_A =  0.00000 |   0 flippped triangles
E =  0.00887 | E_L =  0.00884 | E_A =  0.00003 |   0 flippped triangles
E =  0.00799 | E_L =  0.00798 | E_A =  0.00000 |   0 flippped triangles
E =  0.00795 | E_L =  0.00795 | E_A =  0.00000 |   0 flippped triangles
E =  0.00788 | E_L =  0.00788 | E_A =  0.00000 |   0 flippped triangles
E =  0.00786 | E_L =  0.00786 | E_A =  0.00000 |   0 flippped triangles
E =  0.00786 | E_L =  0.00786 | E_A =  0.00000 |   0 flippped triangles
Optimising mapping with BFGS...
E =  0.00786 | E_L =  0.00786 | E_A =  0.00000 |   0 flippped triangles
Transforming image...
Mapping optimised. Error: 0.007862869 ; 0 flipped triangles.
Inferring coordinates of datapoints
Inferring coordinates of landmarks
Mapping optimised. Error: 0.007862869 ; 0 flipped triangles. OD displacement: 4.829808 degrees.
Computing Kernel Density estimates of datapoints

[1] 0.8
Saving developmental_retina/data/C57BL6J/P0/AP/GM116-2/R-CONTRA/r.mat
