[1] "Adding old segment 1"
[1] "Adding old segment 2"
[1] "Adding old segment 3"
[1] "Adding old segment 4"
[1] "Adding old segment 5"
[1] "Storing new segment 1"
[1] "Adding old segment 6"
[1] "Storing new segment 2"
[1] "Adding old segment 7"
[1] "Storing new segment 3"
simplify.outline: Removing vertex 1
simplify.outline: Removing vertex 59
Triangulating...
[1] "Non-adjacent points in rim connected by line: 9 6"
[1] "In triangle: 34" "In triangle: 68"
[1] "Other points in triangles: 91 127"
[1] "Non-adjacent points in rim connected by line: 17 15"
[1] "In triangle: 50" "In triangle: 86"
[1] "Other points in triangles: 18 126"
[1] "Non-adjacent points in rim connected by line: 18 15"
[1] "In triangle: 55"  "In triangle: 803"
[1] "Other points in triangles: 19 453"
[1] "Non-adjacent points in rim connected by line: 19 15"
[1] "In triangle: 693" "In triangle: 805"
[1] "Other points in triangles: 397 454"
[1] "Non-adjacent points in rim connected by line: 57 55"
[1] "In triangle: 69"  "In triangle: 102"
[1] "Other points in triangles: 118 56"
[1] "Non-adjacent points in rim connected by line: 82 80"
[1] "In triangle: 135" "In triangle: 138"
[1] "Other points in triangles: 128 81"
[1] "Non-adjacent points in rim connected by line: 86 8"
[1] "In triangle: 13" "In triangle: 71"
[1] "Other points in triangles: 91 7"
[1] "Non-adjacent points in rim connected by line: 91 6"
[1] "In triangle: 74"  "In triangle: 801"
[1] "Other points in triangles: 86 452"
[1] "Non-adjacent points in rim connected by line: 91 86"
[1] "In triangle: 13" "In triangle: 74"
[1] "Other points in triangles: 458 459"
[1] "Non-adjacent points in rim connected by line: 126 17"
[1] "In triangle: 54" "In triangle: 86"
[1] "Other points in triangles: 16 453"
Stitching...
Tear 1 child of rim
Tear 2 child of rim
Tear 3 child of rim
Tear 4 child of rim
Tear 5 child of rim
Tear 1 : Sf = 3960.27511494809 ; Sb = 3359.31668916249
  Forwards path
    i = 27 ; sf/Sf = 0.088809513908225 ; sf = 351.71010790138
      k =   26 ; sb/Sb = 0 ; sb = 0
      k =   25 ; sb/Sb = 0.0499001915131121 ; sb = 167.630546142402
      k =   24 ; sb/Sb = 0.170304132477658 ; sb = 572.105514465536
      Creating new point: f = 0.323156551882054
    i = 28 ; sf/Sf = 0.183861143799677 ; sf = 728.140712395754
      k =   26 ; sb/Sb = 0 ; sb = 0
      k =   25 ; sb/Sb = 0.0499001915131121 ; sb = 167.630546142402
      k =   24 ; sb/Sb = 0.170304132477658 ; sb = 572.105514465536
      k =  311 ; sb/Sb = 0.283745053804081 ; sb = 953.18949471136
      Creating new point: f = 0.11950723921758
    i = 29 ; sf/Sf = 0.25014141154607 ; sf = 990.628807363887
      k =   26 ; sb/Sb = 0 ; sb = 0
      k =   25 ; sb/Sb = 0.0499001915131121 ; sb = 167.630546142402
      k =   24 ; sb/Sb = 0.170304132477658 ; sb = 572.105514465536
      k =  311 ; sb/Sb = 0.283745053804081 ; sb = 953.18949471136
      Creating new point: f = 0.70377847900831
    i = 30 ; sf/Sf = 0.381105065368487 ; sf = 1509.28090655949
      k =   26 ; sb/Sb = 0 ; sb = 0
      k =   25 ; sb/Sb = 0.0499001915131121 ; sb = 167.630546142402
      k =   24 ; sb/Sb = 0.170304132477658 ; sb = 572.105514465536
      k =  311 ; sb/Sb = 0.283745053804081 ; sb = 953.18949471136
      k =   23 ; sb/Sb = 0.397185975130505 ; sb = 1334.27347495719
      Creating new point: f = 0.858244189363156
    i = 432 ; sf/Sf = 0.454168859556028 ; sf = 1798.63363248409
      k =   26 ; sb/Sb = 0 ; sb = 0
      k =   25 ; sb/Sb = 0.0499001915131121 ; sb = 167.630546142402
      k =   24 ; sb/Sb = 0.170304132477658 ; sb = 572.105514465536
      k =  311 ; sb/Sb = 0.283745053804081 ; sb = 953.18949471136
      k =   23 ; sb/Sb = 0.397185975130505 ; sb = 1334.27347495719
      k =  309 ; sb/Sb = 0.47315261558652 ; sb = 1589.46947806068
      Creating new point: f = 0.750104046769272
    i = 31 ; sf/Sf = 0.527232653743569 ; sf = 2087.9863584087
      k =   26 ; sb/Sb = 0 ; sb = 0
      k =   25 ; sb/Sb = 0.0499001915131121 ; sb = 167.630546142402
      k =   24 ; sb/Sb = 0.170304132477658 ; sb = 572.105514465536
      k =  311 ; sb/Sb = 0.283745053804081 ; sb = 953.18949471136
      k =   23 ; sb/Sb = 0.397185975130505 ; sb = 1334.27347495719
      k =  309 ; sb/Sb = 0.47315261558652 ; sb = 1589.46947806068
      k =   22 ; sb/Sb = 0.549119256042535 ; sb = 1844.66548116418
      Creating new point: f = 0.71189192825187
    i = 32 ; sf/Sf = 0.618694836297077 ; sf = 2450.20176393419
      k =   26 ; sb/Sb = 0 ; sb = 0
      k =   25 ; sb/Sb = 0.0499001915131121 ; sb = 167.630546142402
      k =   24 ; sb/Sb = 0.170304132477658 ; sb = 572.105514465536
      k =  311 ; sb/Sb = 0.283745053804081 ; sb = 953.18949471136
      k =   23 ; sb/Sb = 0.397185975130505 ; sb = 1334.27347495719
      k =  309 ; sb/Sb = 0.47315261558652 ; sb = 1589.46947806068
      k =   22 ; sb/Sb = 0.549119256042535 ; sb = 1844.66548116418
      k =   21 ; sb/Sb = 0.655828149471712 ; sb = 2203.13444774288
      Creating new point: f = 0.652012948674415
    i = 33 ; sf/Sf = 0.72832506508676 ; sf = 2884.36763085604
      k =   26 ; sb/Sb = 0 ; sb = 0
      k =   25 ; sb/Sb = 0.0499001915131121 ; sb = 167.630546142402
      k =   24 ; sb/Sb = 0.170304132477658 ; sb = 572.105514465536
      k =  311 ; sb/Sb = 0.283745053804081 ; sb = 953.18949471136
      k =   23 ; sb/Sb = 0.397185975130505 ; sb = 1334.27347495719
      k =  309 ; sb/Sb = 0.47315261558652 ; sb = 1589.46947806068
      k =   22 ; sb/Sb = 0.549119256042535 ; sb = 1844.66548116418
      k =   21 ; sb/Sb = 0.655828149471712 ; sb = 2203.13444774288
      k =  197 ; sb/Sb = 0.731969560037068 ; sb = 2458.91755899145
      Creating new point: f = 0.952135179487119
    i = 34 ; sf/Sf = 0.783704329311813 ; sf = 3103.68475285065
      k =   26 ; sb/Sb = 0 ; sb = 0
      k =   25 ; sb/Sb = 0.0499001915131121 ; sb = 167.630546142402
      k =   24 ; sb/Sb = 0.170304132477658 ; sb = 572.105514465536
      k =  311 ; sb/Sb = 0.283745053804081 ; sb = 953.18949471136
      k =   23 ; sb/Sb = 0.397185975130505 ; sb = 1334.27347495719
      k =  309 ; sb/Sb = 0.47315261558652 ; sb = 1589.46947806068
      k =   22 ; sb/Sb = 0.549119256042535 ; sb = 1844.66548116418
      k =   21 ; sb/Sb = 0.655828149471712 ; sb = 2203.13444774288
      k =  197 ; sb/Sb = 0.731969560037068 ; sb = 2458.91755899145
      k =   20 ; sb/Sb = 0.808110970602424 ; sb = 2714.70067024002
      Creating new point: f = 0.679456407369005
    i = 35 ; sf/Sf = 0.867184768296584 ; sf = 3434.29025794699
      k =   26 ; sb/Sb = 0 ; sb = 0
      k =   25 ; sb/Sb = 0.0499001915131121 ; sb = 167.630546142402
      k =   24 ; sb/Sb = 0.170304132477658 ; sb = 572.105514465536
      k =  311 ; sb/Sb = 0.283745053804081 ; sb = 953.18949471136
      k =   23 ; sb/Sb = 0.397185975130505 ; sb = 1334.27347495719
      k =  309 ; sb/Sb = 0.47315261558652 ; sb = 1589.46947806068
      k =   22 ; sb/Sb = 0.549119256042535 ; sb = 1844.66548116418
      k =   21 ; sb/Sb = 0.655828149471712 ; sb = 2203.13444774288
      k =  197 ; sb/Sb = 0.731969560037068 ; sb = 2458.91755899145
      k =   20 ; sb/Sb = 0.808110970602424 ; sb = 2714.70067024002
      k =   19 ; sb/Sb = 0.879118628084398 ; sb = 2953.23787907755
      Creating new point: f = 0.831935593835864
    i = 36 ; sf/Sf = 0.967077022600799 ; sf = 3829.89106684404
      k =   26 ; sb/Sb = 0 ; sb = 0
      k =   25 ; sb/Sb = 0.0499001915131121 ; sb = 167.630546142402
      k =   24 ; sb/Sb = 0.170304132477658 ; sb = 572.105514465536
      k =  311 ; sb/Sb = 0.283745053804081 ; sb = 953.18949471136
      k =   23 ; sb/Sb = 0.397185975130505 ; sb = 1334.27347495719
      k =  309 ; sb/Sb = 0.47315261558652 ; sb = 1589.46947806068
      k =   22 ; sb/Sb = 0.549119256042535 ; sb = 1844.66548116418
      k =   21 ; sb/Sb = 0.655828149471712 ; sb = 2203.13444774288
      k =  197 ; sb/Sb = 0.731969560037068 ; sb = 2458.91755899145
      k =   20 ; sb/Sb = 0.808110970602424 ; sb = 2714.70067024002
      k =   19 ; sb/Sb = 0.879118628084398 ; sb = 2953.23787907755
      k =   18 ; sb/Sb = 1 ; sb = 3359.31668916249
      Creating new point: f = 0.727642258873541
Tear 2 : Sf = 2127.17535566582 ; Sb = 2227.67336615717
  Forwards path
    i = 391 ; sf/Sf = 0.111501856051412 ; sf = 237.184000303562
      k =    4 ; sb/Sb = 0 ; sb = 0
      k =    3 ; sb/Sb = 0.0638005132146881 ; sb = 142.126704035519
      k =  113 ; sb/Sb = 0.163497500447716 ; sb = 364.219027180647
      Creating new point: f = 0.478463233048644
    i = 105 ; sf/Sf = 0.223003712102824 ; sf = 474.368000607124
      k =    4 ; sb/Sb = 0 ; sb = 0
      k =    3 ; sb/Sb = 0.0638005132146881 ; sb = 142.126704035519
      k =  113 ; sb/Sb = 0.163497500447716 ; sb = 364.219027180647
      k =    2 ; sb/Sb = 0.263194487680745 ; sb = 586.311350325775
      Creating new point: f = 0.596870711007748
    i = 229 ; sf/Sf = 0.334505568154237 ; sf = 711.552000910685
      k =    4 ; sb/Sb = 0 ; sb = 0
      k =    3 ; sb/Sb = 0.0638005132146881 ; sb = 142.126704035519
      k =  113 ; sb/Sb = 0.163497500447716 ; sb = 364.219027180647
      k =    2 ; sb/Sb = 0.263194487680745 ; sb = 586.311350325775
      k =    1 ; sb/Sb = 0.383980813463162 ; sb = 855.383831267249
      Creating new point: f = 0.590390344366882
    i = 5 ; sf/Sf = 0.446007424205649 ; sf = 948.736001214247
      k =    4 ; sb/Sb = 0 ; sb = 0
      k =    3 ; sb/Sb = 0.0638005132146881 ; sb = 142.126704035519
      k =  113 ; sb/Sb = 0.163497500447716 ; sb = 364.219027180647
      k =    2 ; sb/Sb = 0.263194487680745 ; sb = 586.311350325775
      k =    1 ; sb/Sb = 0.383980813463162 ; sb = 855.383831267249
      k =   85 ; sb/Sb = 0.48525700901366 ; sb = 1080.99411472082
      Creating new point: f = 0.61245004717381
    i = 6 ; sf/Sf = 0.536800164279411 ; sf = 1141.86808037253
      k =    4 ; sb/Sb = 0 ; sb = 0
      k =    3 ; sb/Sb = 0.0638005132146881 ; sb = 142.126704035519
      k =  113 ; sb/Sb = 0.163497500447716 ; sb = 364.219027180647
      k =    2 ; sb/Sb = 0.263194487680745 ; sb = 586.311350325775
      k =    1 ; sb/Sb = 0.383980813463162 ; sb = 855.383831267249
      k =   85 ; sb/Sb = 0.48525700901366 ; sb = 1080.99411472082
      k =   84 ; sb/Sb = 0.542392504076449 ; sb = 1208.2733353344
      Creating new point: f = 0.902121443230828
    i = 86 ; sf/Sf = 0.610421264203322 ; sf = 1298.47306978768
      k =    4 ; sb/Sb = 0 ; sb = 0
      k =    3 ; sb/Sb = 0.0638005132146881 ; sb = 142.126704035519
      k =  113 ; sb/Sb = 0.163497500447716 ; sb = 364.219027180647
      k =    2 ; sb/Sb = 0.263194487680745 ; sb = 586.311350325775
      k =    1 ; sb/Sb = 0.383980813463162 ; sb = 855.383831267249
      k =   85 ; sb/Sb = 0.48525700901366 ; sb = 1080.99411472082
      k =   84 ; sb/Sb = 0.542392504076449 ; sb = 1208.2733353344
      k =   83 ; sb/Sb = 0.601435928654691 ; sb = 1339.80279971406
      k =   82 ; sb/Sb = 0.70954508650277 ; sb = 1580.6346912899
      Creating new point: f = 0.0831135467844245
    i = 7 ; sf/Sf = 0.670594958703433 ; sf = 1426.47306978768
      k =    4 ; sb/Sb = 0 ; sb = 0
      k =    3 ; sb/Sb = 0.0638005132146881 ; sb = 142.126704035519
      k =  113 ; sb/Sb = 0.163497500447716 ; sb = 364.219027180647
      k =    2 ; sb/Sb = 0.263194487680745 ; sb = 586.311350325775
      k =    1 ; sb/Sb = 0.383980813463162 ; sb = 855.383831267249
      k =   85 ; sb/Sb = 0.48525700901366 ; sb = 1080.99411472082
      k =   84 ; sb/Sb = 0.542392504076449 ; sb = 1208.2733353344
      k =   83 ; sb/Sb = 0.601435928654691 ; sb = 1339.80279971406
      k =   82 ; sb/Sb = 0.70954508650277 ; sb = 1580.6346912899
      Creating new point: f = 0.639714816259398
    i = 8 ; sf/Sf = 0.713936681484944 ; sf = 1518.66851436061
      k =    4 ; sb/Sb = 0 ; sb = 0
      k =    3 ; sb/Sb = 0.0638005132146881 ; sb = 142.126704035519
      k =  113 ; sb/Sb = 0.163497500447716 ; sb = 364.219027180647
      k =    2 ; sb/Sb = 0.263194487680745 ; sb = 586.311350325775
      k =    1 ; sb/Sb = 0.383980813463162 ; sb = 855.383831267249
      k =   85 ; sb/Sb = 0.48525700901366 ; sb = 1080.99411472082
      k =   84 ; sb/Sb = 0.542392504076449 ; sb = 1208.2733353344
      k =   83 ; sb/Sb = 0.601435928654691 ; sb = 1339.80279971406
      k =   82 ; sb/Sb = 0.70954508650277 ; sb = 1580.6346912899
      k =   81 ; sb/Sb = 0.776879913178351 ; sb = 1730.6346912899
      Creating new point: f = 0.0652202611782513
    i = 91 ; sf/Sf = 0.807161398301225 ; sf = 1716.97383451113
      k =    4 ; sb/Sb = 0 ; sb = 0
      k =    3 ; sb/Sb = 0.0638005132146881 ; sb = 142.126704035519
      k =  113 ; sb/Sb = 0.163497500447716 ; sb = 364.219027180647
      k =    2 ; sb/Sb = 0.263194487680745 ; sb = 586.311350325775
      k =    1 ; sb/Sb = 0.383980813463162 ; sb = 855.383831267249
      k =   85 ; sb/Sb = 0.48525700901366 ; sb = 1080.99411472082
      k =   84 ; sb/Sb = 0.542392504076449 ; sb = 1208.2733353344
      k =   83 ; sb/Sb = 0.601435928654691 ; sb = 1339.80279971406
      k =   82 ; sb/Sb = 0.70954508650277 ; sb = 1580.6346912899
      k =   81 ; sb/Sb = 0.776879913178351 ; sb = 1730.6346912899
      k =   80 ; sb/Sb = 0.851591570775639 ; sb = 1897.06786106084
      Creating new point: f = 0.405311381071189
    i = 9 ; sf/Sf = 0.900386115117507 ; sf = 1915.27915466165
      k =    4 ; sb/Sb = 0 ; sb = 0
      k =    3 ; sb/Sb = 0.0638005132146881 ; sb = 142.126704035519
      k =  113 ; sb/Sb = 0.163497500447716 ; sb = 364.219027180647
      k =    2 ; sb/Sb = 0.263194487680745 ; sb = 586.311350325775
      k =    1 ; sb/Sb = 0.383980813463162 ; sb = 855.383831267249
      k =   85 ; sb/Sb = 0.48525700901366 ; sb = 1080.99411472082
      k =   84 ; sb/Sb = 0.542392504076449 ; sb = 1208.2733353344
      k =   83 ; sb/Sb = 0.601435928654691 ; sb = 1339.80279971406
      k =   82 ; sb/Sb = 0.70954508650277 ; sb = 1580.6346912899
      k =   81 ; sb/Sb = 0.776879913178351 ; sb = 1730.6346912899
      k =   80 ; sb/Sb = 0.851591570775639 ; sb = 1897.06786106084
      k =   79 ; sb/Sb = 1 ; sb = 2227.67336615717
      Creating new point: f = 0.328785531906017
Tear 3 : Sf = 1997.21545675412 ; Sb = 1916.65410383822
  Forwards path
    i = 69 ; sf/Sf = 0.136663713649962 ; sf = 272.946881279124
      k =   68 ; sb/Sb = 0 ; sb = 0
      k =   67 ; sb/Sb = 0.0970497243111757 ; sb = 186.010752377383
      k =   66 ; sb/Sb = 0.34293387512074 ; sb = 657.28561909531
      Creating new point: f = 0.161108348010063
    i = 70 ; sf/Sf = 0.335056057241742 ; sf = 669.179136402303
      k =   68 ; sb/Sb = 0 ; sb = 0
      k =   67 ; sb/Sb = 0.0970497243111757 ; sb = 186.010752377383
      k =   66 ; sb/Sb = 0.34293387512074 ; sb = 657.28561909531
      Creating new point: f = 0.967961262029048
    i = 71 ; sf/Sf = 0.444867505602475 ; sf = 888.496258396916
      k =   68 ; sb/Sb = 0 ; sb = 0
      k =   67 ; sb/Sb = 0.0970497243111757 ; sb = 186.010752377383
      k =   66 ; sb/Sb = 0.34293387512074 ; sb = 657.28561909531
      k =  382 ; sb/Sb = 0.476259260369899 ; sb = 912.824265878922
      Creating new point: f = 0.764547803790262
    i = 72 ; sf/Sf = 0.545506378460529 ; sf = 1089.49377081933
      k =   68 ; sb/Sb = 0 ; sb = 0
      k =   67 ; sb/Sb = 0.0970497243111757 ; sb = 186.010752377383
      k =   66 ; sb/Sb = 0.34293387512074 ; sb = 657.28561909531
      k =  382 ; sb/Sb = 0.476259260369899 ; sb = 912.824265878922
      k =   65 ; sb/Sb = 0.609584645619058 ; sb = 1168.36291266254
      Creating new point: f = 0.519384346508507
    i = 73 ; sf/Sf = 0.613608547721929 ; sf = 1225.50847590669
      k =   68 ; sb/Sb = 0 ; sb = 0
      k =   67 ; sb/Sb = 0.0970497243111757 ; sb = 186.010752377383
      k =   66 ; sb/Sb = 0.34293387512074 ; sb = 657.28561909531
      k =  382 ; sb/Sb = 0.476259260369899 ; sb = 912.824265878922
      k =   65 ; sb/Sb = 0.609584645619058 ; sb = 1168.36291266254
      k =  349 ; sb/Sb = 0.729500335273734 ; sb = 1398.19981135376
      Creating new point: f = 0.033556093572563
    i = 74 ; sf/Sf = 0.852740563166359 ; sf = 1703.10663335707
      k =   68 ; sb/Sb = 0 ; sb = 0
      k =   67 ; sb/Sb = 0.0970497243111757 ; sb = 186.010752377383
      k =   66 ; sb/Sb = 0.34293387512074 ; sb = 657.28561909531
      k =  382 ; sb/Sb = 0.476259260369899 ; sb = 912.824265878922
      k =   65 ; sb/Sb = 0.609584645619058 ; sb = 1168.36291266254
      k =  349 ; sb/Sb = 0.729500335273734 ; sb = 1398.19981135376
      k =   64 ; sb/Sb = 0.849416024928409 ; sb = 1628.03671004498
      k =   63 ; sb/Sb = 1 ; sb = 1916.65410383822
      Creating new point: f = 0.0220776363246443
Tear 4 : Sf = 1896.2688399361 ; Sb = 1736.53591982583
  Forwards path
    i = 52 ; sf/Sf = 0.231194119263402 ; sf = 438.406204335659
      k =   51 ; sb/Sb = 0 ; sb = 0
      k =   50 ; sb/Sb = 0.183010882765552 ; sb = 317.804971641414
      k =  133 ; sb/Sb = 0.351221876874368 ; sb = 609.909405020985
      Creating new point: f = 0.286445227632863
    i = 53 ; sf/Sf = 0.457709802510491 ; sf = 867.94083623395
      k =   51 ; sb/Sb = 0 ; sb = 0
      k =   50 ; sb/Sb = 0.183010882765552 ; sb = 317.804971641414
      k =  133 ; sb/Sb = 0.351221876874368 ; sb = 609.909405020985
      k =   49 ; sb/Sb = 0.519432870983185 ; sb = 902.013838400555
      Creating new point: f = 0.633061627156398
    i = 54 ; sf/Sf = 0.633009525720147 ; sf = 1200.35623900584
      k =   51 ; sb/Sb = 0 ; sb = 0
      k =   50 ; sb/Sb = 0.183010882765552 ; sb = 317.804971641414
      k =  133 ; sb/Sb = 0.351221876874368 ; sb = 609.909405020985
      k =   49 ; sb/Sb = 0.519432870983185 ; sb = 902.013838400555
      k =   48 ; sb/Sb = 0.816265751241772 ; sb = 1417.47479715495
      Creating new point: f = 0.382628281065154
    i = 55 ; sf/Sf = 0.856061083992541 ; sf = 1623.32195865698
      k =   51 ; sb/Sb = 0 ; sb = 0
      k =   50 ; sb/Sb = 0.183010882765552 ; sb = 317.804971641414
      k =  133 ; sb/Sb = 0.351221876874368 ; sb = 609.909405020985
      k =   49 ; sb/Sb = 0.519432870983185 ; sb = 902.013838400555
      k =   48 ; sb/Sb = 0.816265751241772 ; sb = 1417.47479715495
      k =   47 ; sb/Sb = 1 ; sb = 1736.53591982583
      Creating new point: f = 0.216591805935619
Tear 5 : Sf = 429.418211071678 ; Sb = 596.824932455071
  Forwards path
    i = 126 ; sf/Sf = 0.403844565974242 ; sf = 173.418211071677
      k =   15 ; sb/Sb = 0 ; sb = 0
      k =   14 ; sb/Sb = 1 ; sb = 596.824932455071
      Creating new point: f = 0.403844565974242
Tear 1 : Sf = 3359.31668916249 ; Sb = 3960.27511494809
  Backwards path
    i = 25 ; sf/Sf = 0.0499001915131121 ; sf = 167.630546142402
      k =   26 ; sb/Sb = 0 ; sb = 0
      k =   27 ; sb/Sb = 0.088809513908225 ; sb = 351.71010790138
      Creating new point: f = 0.561878894694532
    i = 24 ; sf/Sf = 0.170304132477658 ; sf = 572.105514465536
      k =   26 ; sb/Sb = 0 ; sb = 0
      k =   27 ; sb/Sb = 0.088809513908225 ; sb = 351.71010790138
      k =   28 ; sb/Sb = 0.183861143799677 ; sb = 728.140712395754
      Creating new point: f = 0.857372131992881
    i = 311 ; sf/Sf = 0.283745053804081 ; sf = 953.18949471136
      k =   26 ; sb/Sb = 0 ; sb = 0
      k =   27 ; sb/Sb = 0.088809513908225 ; sb = 351.71010790138
      k =   28 ; sb/Sb = 0.183861143799677 ; sb = 728.140712395754
      k =   29 ; sb/Sb = 0.25014141154607 ; sb = 990.628807363888
      k =   30 ; sb/Sb = 0.381105065368487 ; sb = 1509.28090655949
      Creating new point: f = 0.256587543774376
    i = 23 ; sf/Sf = 0.397185975130505 ; sf = 1334.27347495719
      k =   26 ; sb/Sb = 0 ; sb = 0
      k =   27 ; sb/Sb = 0.088809513908225 ; sb = 351.71010790138
      k =   28 ; sb/Sb = 0.183861143799677 ; sb = 728.140712395754
      k =   29 ; sb/Sb = 0.25014141154607 ; sb = 990.628807363888
      k =   30 ; sb/Sb = 0.381105065368487 ; sb = 1509.28090655949
      k =  432 ; sb/Sb = 0.454168859556028 ; sb = 1798.63363248409
      Creating new point: f = 0.220094096410338
    i = 309 ; sf/Sf = 0.47315261558652 ; sf = 1589.46947806068
      k =   26 ; sb/Sb = 0 ; sb = 0
      k =   27 ; sb/Sb = 0.088809513908225 ; sb = 351.71010790138
      k =   28 ; sb/Sb = 0.183861143799677 ; sb = 728.140712395754
      k =   29 ; sb/Sb = 0.25014141154607 ; sb = 990.628807363888
      k =   30 ; sb/Sb = 0.381105065368487 ; sb = 1509.28090655949
      k =  432 ; sb/Sb = 0.454168859556028 ; sb = 1798.63363248409
      k =   31 ; sb/Sb = 0.527232653743569 ; sb = 2087.9863584087
      Creating new point: f = 0.25982439375875
    i = 22 ; sf/Sf = 0.549119256042535 ; sf = 1844.66548116418
      k =   26 ; sb/Sb = 0 ; sb = 0
      k =   27 ; sb/Sb = 0.088809513908225 ; sb = 351.71010790138
      k =   28 ; sb/Sb = 0.183861143799677 ; sb = 728.140712395754
      k =   29 ; sb/Sb = 0.25014141154607 ; sb = 990.628807363888
      k =   30 ; sb/Sb = 0.381105065368487 ; sb = 1509.28090655949
      k =  432 ; sb/Sb = 0.454168859556028 ; sb = 1798.63363248409
      k =   31 ; sb/Sb = 0.527232653743569 ; sb = 2087.9863584087
      k =   32 ; sb/Sb = 0.618694836297076 ; sb = 2450.20176393419
      Creating new point: f = 0.239296741974877
    i = 21 ; sf/Sf = 0.655828149471712 ; sf = 2203.13444774288
      k =   26 ; sb/Sb = 0 ; sb = 0
      k =   27 ; sb/Sb = 0.088809513908225 ; sb = 351.71010790138
      k =   28 ; sb/Sb = 0.183861143799677 ; sb = 728.140712395754
      k =   29 ; sb/Sb = 0.25014141154607 ; sb = 990.628807363888
      k =   30 ; sb/Sb = 0.381105065368487 ; sb = 1509.28090655949
      k =  432 ; sb/Sb = 0.454168859556028 ; sb = 1798.63363248409
      k =   31 ; sb/Sb = 0.527232653743569 ; sb = 2087.9863584087
      k =   32 ; sb/Sb = 0.618694836297076 ; sb = 2450.20176393419
      k =   33 ; sb/Sb = 0.72832506508676 ; sb = 2884.36763085604
      Creating new point: f = 0.338714181157762
    i = 197 ; sf/Sf = 0.731969560037068 ; sf = 2458.91755899145
      k =   26 ; sb/Sb = 0 ; sb = 0
      k =   27 ; sb/Sb = 0.088809513908225 ; sb = 351.71010790138
      k =   28 ; sb/Sb = 0.183861143799677 ; sb = 728.140712395754
      k =   29 ; sb/Sb = 0.25014141154607 ; sb = 990.628807363888
      k =   30 ; sb/Sb = 0.381105065368487 ; sb = 1509.28090655949
      k =  432 ; sb/Sb = 0.454168859556028 ; sb = 1798.63363248409
      k =   31 ; sb/Sb = 0.527232653743569 ; sb = 2087.9863584087
      k =   32 ; sb/Sb = 0.618694836297076 ; sb = 2450.20176393419
      k =   33 ; sb/Sb = 0.72832506508676 ; sb = 2884.36763085604
      k =   34 ; sb/Sb = 0.783704329311813 ; sb = 3103.68475285065
      Creating new point: f = 0.0658097394630897
    i = 20 ; sf/Sf = 0.808110970602424 ; sf = 2714.70067024002
      k =   26 ; sb/Sb = 0 ; sb = 0
      k =   27 ; sb/Sb = 0.088809513908225 ; sb = 351.71010790138
      k =   28 ; sb/Sb = 0.183861143799677 ; sb = 728.140712395754
      k =   29 ; sb/Sb = 0.25014141154607 ; sb = 990.628807363888
      k =   30 ; sb/Sb = 0.381105065368487 ; sb = 1509.28090655949
      k =  432 ; sb/Sb = 0.454168859556028 ; sb = 1798.63363248409
      k =   31 ; sb/Sb = 0.527232653743569 ; sb = 2087.9863584087
      k =   32 ; sb/Sb = 0.618694836297076 ; sb = 2450.20176393419
      k =   33 ; sb/Sb = 0.72832506508676 ; sb = 2884.36763085604
      k =   34 ; sb/Sb = 0.783704329311813 ; sb = 3103.68475285065
      k =   35 ; sb/Sb = 0.867184768296584 ; sb = 3434.29025794698
      Creating new point: f = 0.292363595441364
    i = 19 ; sf/Sf = 0.879118628084398 ; sf = 2953.23787907755
      k =   26 ; sb/Sb = 0 ; sb = 0
      k =   27 ; sb/Sb = 0.088809513908225 ; sb = 351.71010790138
      k =   28 ; sb/Sb = 0.183861143799677 ; sb = 728.140712395754
      k =   29 ; sb/Sb = 0.25014141154607 ; sb = 990.628807363888
      k =   30 ; sb/Sb = 0.381105065368487 ; sb = 1509.28090655949
      k =  432 ; sb/Sb = 0.454168859556028 ; sb = 1798.63363248409
      k =   31 ; sb/Sb = 0.527232653743569 ; sb = 2087.9863584087
      k =   32 ; sb/Sb = 0.618694836297076 ; sb = 2450.20176393419
      k =   33 ; sb/Sb = 0.72832506508676 ; sb = 2884.36763085604
      k =   34 ; sb/Sb = 0.783704329311813 ; sb = 3103.68475285065
      k =   35 ; sb/Sb = 0.867184768296584 ; sb = 3434.29025794698
      k =   36 ; sb/Sb = 0.967077022600799 ; sb = 3829.89106684403
      Creating new point: f = 0.11946731877199
Tear 2 : Sf = 2227.67336615717 ; Sb = 2127.17535566582
  Backwards path
    i = 3 ; sf/Sf = 0.0638005132146881 ; sf = 142.126704035519
      k =    4 ; sb/Sb = 0 ; sb = 0
      k =  391 ; sb/Sb = 0.111501856051412 ; sb = 237.184000303562
      Creating new point: f = 0.57219238740986
    i = 113 ; sf/Sf = 0.163497500447716 ; sf = 364.219027180647
      k =    4 ; sb/Sb = 0 ; sb = 0
      k =  391 ; sb/Sb = 0.111501856051412 ; sb = 237.184000303562
      k =  105 ; sb/Sb = 0.223003712102824 ; sb = 474.368000607124
      Creating new point: f = 0.466320886822992
    i = 2 ; sf/Sf = 0.263194487680745 ; sf = 586.311350325775
      k =    4 ; sb/Sb = 0 ; sb = 0
      k =  391 ; sb/Sb = 0.111501856051412 ; sb = 237.184000303562
      k =  105 ; sb/Sb = 0.223003712102824 ; sb = 474.368000607124
      k =  229 ; sb/Sb = 0.334505568154237 ; sb = 711.552000910685
      Creating new point: f = 0.360449386236124
    i = 1 ; sf/Sf = 0.383980813463162 ; sf = 855.383831267249
      k =    4 ; sb/Sb = 0 ; sb = 0
      k =  391 ; sb/Sb = 0.111501856051412 ; sb = 237.184000303562
      k =  105 ; sb/Sb = 0.223003712102824 ; sb = 474.368000607124
      k =  229 ; sb/Sb = 0.334505568154237 ; sb = 711.552000910685
      k =    5 ; sb/Sb = 0.446007424205649 ; sb = 948.736001214247
      Creating new point: f = 0.443716786975394
    i = 85 ; sf/Sf = 0.48525700901366 ; sf = 1080.99411472082
      k =    4 ; sb/Sb = 0 ; sb = 0
      k =  391 ; sb/Sb = 0.111501856051412 ; sb = 237.184000303562
      k =  105 ; sb/Sb = 0.223003712102824 ; sb = 474.368000607124
      k =  229 ; sb/Sb = 0.334505568154237 ; sb = 711.552000910685
      k =    5 ; sb/Sb = 0.446007424205649 ; sb = 948.736001214247
      k =    6 ; sb/Sb = 0.536800164279411 ; sb = 1141.86808037253
      Creating new point: f = 0.432298714369939
    i = 84 ; sf/Sf = 0.542392504076449 ; sf = 1208.2733353344
      k =    4 ; sb/Sb = 0 ; sb = 0
      k =  391 ; sb/Sb = 0.111501856051412 ; sb = 237.184000303562
      k =  105 ; sb/Sb = 0.223003712102824 ; sb = 474.368000607124
      k =  229 ; sb/Sb = 0.334505568154237 ; sb = 711.552000910685
      k =    5 ; sb/Sb = 0.446007424205649 ; sb = 948.736001214247
      k =    6 ; sb/Sb = 0.536800164279411 ; sb = 1141.86808037253
      k =   86 ; sb/Sb = 0.610421264203322 ; sb = 1298.47306978768
      Creating new point: f = 0.0759611008639854
    i = 83 ; sf/Sf = 0.601435928654691 ; sf = 1339.80279971406
      k =    4 ; sb/Sb = 0 ; sb = 0
      k =  391 ; sb/Sb = 0.111501856051412 ; sb = 237.184000303562
      k =  105 ; sb/Sb = 0.223003712102824 ; sb = 474.368000607124
      k =  229 ; sb/Sb = 0.334505568154237 ; sb = 711.552000910685
      k =    5 ; sb/Sb = 0.446007424205649 ; sb = 948.736001214247
      k =    6 ; sb/Sb = 0.536800164279411 ; sb = 1141.86808037253
      k =   86 ; sb/Sb = 0.610421264203322 ; sb = 1298.47306978768
      Creating new point: f = 0.877951625852946
    i = 82 ; sf/Sf = 0.70954508650277 ; sf = 1580.6346912899
      k =    4 ; sb/Sb = 0 ; sb = 0
      k =  391 ; sb/Sb = 0.111501856051412 ; sb = 237.184000303562
      k =  105 ; sb/Sb = 0.223003712102824 ; sb = 474.368000607124
      k =  229 ; sb/Sb = 0.334505568154237 ; sb = 711.552000910685
      k =    5 ; sb/Sb = 0.446007424205649 ; sb = 948.736001214247
      k =    6 ; sb/Sb = 0.536800164279411 ; sb = 1141.86808037253
      k =   86 ; sb/Sb = 0.610421264203322 ; sb = 1298.47306978768
      k =    7 ; sb/Sb = 0.670594958703433 ; sb = 1426.47306978768
      k =    8 ; sb/Sb = 0.713936681484944 ; sb = 1518.66851436061
      Creating new point: f = 0.898675117177224
    i = 81 ; sf/Sf = 0.77687991317835 ; sf = 1730.6346912899
      k =    4 ; sb/Sb = 0 ; sb = 0
      k =  391 ; sb/Sb = 0.111501856051412 ; sb = 237.184000303562
      k =  105 ; sb/Sb = 0.223003712102824 ; sb = 474.368000607124
      k =  229 ; sb/Sb = 0.334505568154237 ; sb = 711.552000910685
      k =    5 ; sb/Sb = 0.446007424205649 ; sb = 948.736001214247
      k =    6 ; sb/Sb = 0.536800164279411 ; sb = 1141.86808037253
      k =   86 ; sb/Sb = 0.610421264203322 ; sb = 1298.47306978768
      k =    7 ; sb/Sb = 0.670594958703433 ; sb = 1426.47306978768
      k =    8 ; sb/Sb = 0.713936681484944 ; sb = 1518.66851436061
      k =   91 ; sb/Sb = 0.807161398301225 ; sb = 1716.97383451113
      Creating new point: f = 0.67517750488263
    i = 80 ; sf/Sf = 0.851591570775639 ; sf = 1897.06786106084
      k =    4 ; sb/Sb = 0 ; sb = 0
      k =  391 ; sb/Sb = 0.111501856051412 ; sb = 237.184000303562
      k =  105 ; sb/Sb = 0.223003712102824 ; sb = 474.368000607124
      k =  229 ; sb/Sb = 0.334505568154237 ; sb = 711.552000910685
      k =    5 ; sb/Sb = 0.446007424205649 ; sb = 948.736001214247
      k =    6 ; sb/Sb = 0.536800164279411 ; sb = 1141.86808037253
      k =   86 ; sb/Sb = 0.610421264203322 ; sb = 1298.47306978768
      k =    7 ; sb/Sb = 0.670594958703433 ; sb = 1426.47306978768
      k =    8 ; sb/Sb = 0.713936681484944 ; sb = 1518.66851436061
      k =   91 ; sb/Sb = 0.807161398301225 ; sb = 1716.97383451113
      k =    9 ; sb/Sb = 0.900386115117507 ; sb = 1915.27915466165
      Creating new point: f = 0.476592195629535
Tear 3 : Sf = 1916.65410383822 ; Sb = 1997.21545675412
  Backwards path
    i = 67 ; sf/Sf = 0.0970497243111757 ; sf = 186.010752377383
      k =   68 ; sb/Sb = 0 ; sb = 0
      k =   69 ; sb/Sb = 0.136663713649962 ; sb = 272.946881279124
      Creating new point: f = 0.710135278189133
    i = 66 ; sf/Sf = 0.34293387512074 ; sf = 657.28561909531
      k =   68 ; sb/Sb = 0 ; sb = 0
      k =   69 ; sb/Sb = 0.136663713649962 ; sb = 272.946881279124
      k =   70 ; sb/Sb = 0.335056057241742 ; sb = 669.179136402303
      k =   71 ; sb/Sb = 0.444867505602475 ; sb = 888.496258396916
      Creating new point: f = 0.0717394952584436
    i = 382 ; sf/Sf = 0.476259260369899 ; sf = 912.824265878922
      k =   68 ; sb/Sb = 0 ; sb = 0
      k =   69 ; sb/Sb = 0.136663713649962 ; sb = 272.946881279124
      k =   70 ; sb/Sb = 0.335056057241742 ; sb = 669.179136402303
      k =   71 ; sb/Sb = 0.444867505602475 ; sb = 888.496258396916
      k =   72 ; sb/Sb = 0.545506378460529 ; sb = 1089.49377081933
      Creating new point: f = 0.311924745139988
    i = 65 ; sf/Sf = 0.609584645619058 ; sf = 1168.36291266254
      k =   68 ; sb/Sb = 0 ; sb = 0
      k =   69 ; sb/Sb = 0.136663713649962 ; sb = 272.946881279124
      k =   70 ; sb/Sb = 0.335056057241742 ; sb = 669.179136402303
      k =   71 ; sb/Sb = 0.444867505602475 ; sb = 888.496258396916
      k =   72 ; sb/Sb = 0.545506378460529 ; sb = 1089.49377081933
      k =   73 ; sb/Sb = 0.613608547721929 ; sb = 1225.50847590669
      Creating new point: f = 0.94091374553099
    i = 349 ; sf/Sf = 0.729500335273734 ; sf = 1398.19981135376
      k =   68 ; sb/Sb = 0 ; sb = 0
      k =   69 ; sb/Sb = 0.136663713649962 ; sb = 272.946881279124
      k =   70 ; sb/Sb = 0.335056057241742 ; sb = 669.179136402303
      k =   71 ; sb/Sb = 0.444867505602475 ; sb = 888.496258396916
      k =   72 ; sb/Sb = 0.545506378460529 ; sb = 1089.49377081933
      k =   73 ; sb/Sb = 0.613608547721929 ; sb = 1225.50847590669
      k =   74 ; sb/Sb = 0.852740563166359 ; sb = 1703.10663335707
      Creating new point: f = 0.484635180849449
    i = 64 ; sf/Sf = 0.849416024928409 ; sf = 1628.03671004498
      k =   68 ; sb/Sb = 0 ; sb = 0
      k =   69 ; sb/Sb = 0.136663713649962 ; sb = 272.946881279124
      k =   70 ; sb/Sb = 0.335056057241742 ; sb = 669.179136402303
      k =   71 ; sb/Sb = 0.444867505602475 ; sb = 888.496258396916
      k =   72 ; sb/Sb = 0.545506378460529 ; sb = 1089.49377081933
      k =   73 ; sb/Sb = 0.613608547721929 ; sb = 1225.50847590669
      k =   74 ; sb/Sb = 0.852740563166359 ; sb = 1703.10663335707
      Creating new point: f = 0.986097477446626
Tear 4 : Sf = 1736.53591982583 ; Sb = 1896.2688399361
  Backwards path
    i = 50 ; sf/Sf = 0.183010882765552 ; sf = 317.804971641414
      k =   51 ; sb/Sb = 0 ; sb = 0
      k =   52 ; sb/Sb = 0.231194119263402 ; sb = 438.406204335659
      Creating new point: f = 0.791589696782233
    i = 133 ; sf/Sf = 0.351221876874368 ; sf = 609.909405020985
      k =   51 ; sb/Sb = 0 ; sb = 0
      k =   52 ; sb/Sb = 0.231194119263402 ; sb = 438.406204335659
      k =   53 ; sb/Sb = 0.457709802510491 ; sb = 867.94083623395
      Creating new point: f = 0.529887184367879
    i = 49 ; sf/Sf = 0.519432870983185 ; sf = 902.013838400555
      k =   51 ; sb/Sb = 0 ; sb = 0
      k =   52 ; sb/Sb = 0.231194119263402 ; sb = 438.406204335659
      k =   53 ; sb/Sb = 0.457709802510491 ; sb = 867.94083623395
      k =   54 ; sb/Sb = 0.633009525720147 ; sb = 1200.35623900584
      Creating new point: f = 0.352100204966519
    i = 48 ; sf/Sf = 0.816265751241772 ; sf = 1417.47479715495
      k =   51 ; sb/Sb = 0 ; sb = 0
      k =   52 ; sb/Sb = 0.231194119263402 ; sb = 438.406204335659
      k =   53 ; sb/Sb = 0.457709802510491 ; sb = 867.94083623395
      k =   54 ; sb/Sb = 0.633009525720147 ; sb = 1200.35623900584
      k =   55 ; sb/Sb = 0.856061083992541 ; sb = 1623.32195865698
      Creating new point: f = 0.821586842705802
Tear 5 : Sf = 596.824932455071 ; Sb = 429.418211071678
  Backwards path
Triangulating...
[1] "Non-adjacent points in rim connected by line: 476 475"
[1] "In triangle: 810" "In triangle: 822"
[1] "Other points in triangles: 1 558"
Merging points...
Projecting to sphere...
Optimising mapping with FIRE...
E =  0.00402 | E_L =  0.00402 | E_A =  0.00000 |   0 flippped triangles
E =  0.00376 | E_L =  0.00376 | E_A =  0.00000 |  58 flippped triangles
        phi0    phi0.1     phi0.2    phi0.3    phi0.4    phi0.5    phi0.6
id    57.000    70.000    74.0000    75.000    79.000    96.000    99.000
A   5678.337  3521.293 13850.2635  7078.356 14960.785  9618.427  2793.667
a  -4073.185 -2976.898  -109.6878 -6677.138 -4010.083 -3255.839 -2049.232
      phi0.7    phi0.8    phi0.9   phi0.10   phi0.11   phi0.12   phi0.13
id   101.000    108.00   181.000   184.000   193.000    194.00    195.00
A  10357.069  27811.16 29836.027 36689.063  1868.860  14302.99  15312.28
a  -3551.269 -12019.61 -5026.622 -2305.174 -1999.169 -11221.70 -12467.94
     phi0.14   phi0.15   phi0.16   phi0.17   phi0.18   phi0.19  phi0.20
id    196.00    197.00    200.00    206.00   246.000  253.0000   258.00
A   19737.75  18343.21  41645.46  26456.06  4871.178 2373.6653  7963.58
a  -12809.83 -13413.83 -23449.73 -17274.65 -4359.105 -251.6064 -6190.27
     phi0.21  phi0.22   phi0.23   phi0.24   phi0.25   phi0.26   phi0.27
id    276.00   283.00   305.000    418.00   445.000   448.000   449.000
A   10640.54 28574.99  3927.655  29074.64 17049.859  5085.572  5355.959
a  -10966.17 -9757.86 -3189.384 -14103.94 -4078.954 -5412.963 -4484.689
     phi0.28    phi0.29   phi0.30   phi0.31   phi0.32   phi0.33   phi0.34
id   450.000   466.0000   468.000  469.0000  471.0000   472.000  473.0000
A   4471.702 14902.4227  4154.684  352.3327 2139.3106  3192.206  610.2048
a  -3953.564  -987.3656 -5398.507 -353.6940 -919.7047 -3110.660 -269.4433
     phi0.35   phi0.36   phi0.37   phi0.38   phi0.39   phi0.40   phi0.41
id   474.000    527.00   528.000    542.00   624.000   707.000 720.00000
A   2558.755  14602.71 13449.225  15173.37 11142.995  2422.405  80.11745
a  -2905.622 -12477.87 -4429.789 -14319.95 -7705.677 -2441.112 -78.55312
     phi0.42   phi0.43   phi0.44   phi0.45   phi0.46   phi0.47   phi0.48
id 724.00000   730.000    793.00   796.000   810.000    812.00    815.00
A   54.68837  4875.998  27385.28 10929.170  4514.886  14963.10  14553.79
a  -53.46979 -2059.324 -18094.40 -9986.879 -3688.087 -13705.45 -12692.59
     phi0.49   phi0.50   phi0.51   phi0.52   phi0.53   phi0.54   phi0.55
id    817.00  831.0000   901.000   909.000 921.00000   957.000 959.00000
A   17728.29  539.6553  7508.291 11313.687  86.99404  2141.914  59.38235
a  -10204.08 -454.0025 -6668.975 -1449.794 -80.11627 -1881.910 -54.18835
     phi0.56   phi0.57
id   963.000   983.000
A   2386.261  5360.773
a  -2403.416 -4829.104
E =  0.00368 | E_L =  0.00368 | E_A =  0.00000 |  54 flippped triangles
        phi0    phi0.1    phi0.2     phi0.3    phi0.4    phi0.5    phi0.6
id    57.000    70.000    75.000    79.0000    96.000    99.000   106.000
A   5678.337  3521.293  7078.356 14960.7846  9618.427  2793.667 10573.321
a  -4498.676 -2877.279 -6656.878  -850.9406 -5015.039 -2361.919 -7649.612
      phi0.7   phi0.8    phi0.9   phi0.10   phi0.11   phi0.12   phi0.13
id   108.000   193.00    194.00    195.00    196.00    197.00    200.00
A  27811.156  1868.86  14302.99  15312.28  19737.75  18343.21  41645.46
a  -9321.322 -1980.90 -10394.34 -11580.77 -16148.76 -14267.94 -32161.15
     phi0.14   phi0.15   phi0.16   phi0.17   phi0.18   phi0.19   phi0.20
id   206.000   246.000   258.000   276.000   283.000   305.000   418.000
A  26456.059  4871.178  7963.580 10640.536 28574.991  3927.655 29074.637
a  -1358.313 -4579.296 -6427.083 -9926.628 -2802.013 -3457.570 -9492.892
     phi0.21   phi0.22   phi0.23   phi0.24   phi0.25   phi0.26   phi0.27
id   445.000   448.000   449.000   450.000   468.000  469.0000   471.000
A  17049.859  5085.572  5355.959  4471.702  4154.684  352.3327  2139.311
a  -7331.401 -5578.749 -4507.703 -4037.948 -5734.757 -346.5800 -1030.654
     phi0.28   phi0.29   phi0.30   phi0.31   phi0.32   phi0.33   phi0.34
id   472.000  473.0000   474.000    527.00    528.00    542.00    624.00
A   3192.206  610.2048  2558.755  14602.71  13449.23  15173.37  11142.99
a  -3221.188 -327.9429 -2968.357 -11158.48 -10805.73 -13242.91 -10755.32
     phi0.35   phi0.36   phi0.37   phi0.38   phi0.39   phi0.40   phi0.41
id   707.000 720.00000 724.00000   730.000    793.00   796.000   810.000
A   2422.405  80.11745  54.68837  4875.998  27385.28 10929.170  4514.886
a  -2441.073 -84.59093 -53.46753 -1986.550 -15549.43 -8649.091 -3698.670
     phi0.42   phi0.43   phi0.44   phi0.45   phi0.46   phi0.47   phi0.48
id    812.00    815.00    817.00   820.000  831.0000   901.000   909.000
A   14963.10  14553.79  17728.29  5731.540  539.6553  7508.291 11313.687
a  -12063.78 -11740.52 -11440.90 -1022.749 -427.3811 -6849.821 -5497.051
     phi0.49   phi0.50   phi0.51   phi0.52   phi0.53
id 921.00000   957.000 959.00000   963.000   983.000
A   86.99404  2141.914  59.38235  2386.261  5360.773
a  -87.08864 -1927.169 -55.26365 -2409.740 -4721.957
E =  0.00367 | E_L =  0.00367 | E_A =  0.00000 |  56 flippped triangles
        phi0    phi0.1     phi0.2    phi0.3    phi0.4    phi0.5    phi0.6
id    57.000    70.000    74.0000    75.000    79.000    96.000    99.000
A   5678.337  3521.293 13850.2635  7078.356 14960.785  9618.427  2793.667
a  -4297.549 -2912.417  -298.9051 -6399.524 -2452.359 -4345.465 -2314.218
      phi0.7    phi0.8    phi0.9   phi0.10   phi0.11   phi0.12   phi0.13
id   106.000    108.00   193.000    194.00    195.00    196.00    197.00
A  10573.321  27811.16  1868.860  14302.99  15312.28  19737.75  18343.21
a  -8213.293 -11910.26 -1975.786 -10662.88 -12050.41 -15680.77 -14067.04
     phi0.14   phi0.15   phi0.16   phi0.17  phi0.18   phi0.19   phi0.20
id    200.00   206.000   246.000   258.000   276.00   283.000   305.000
A   41645.46 26456.059  4871.178  7963.580 10640.54 28574.991  3927.655
a  -29847.47 -1809.826 -4437.570 -6337.554 -9949.58 -6644.935 -3370.126
     phi0.21   phi0.22   phi0.23   phi0.24    phi0.25   phi0.26   phi0.27
id   445.000   448.000   449.000   450.000   466.0000   468.000  469.0000
A  17049.859  5085.572  5355.959  4471.702 14902.4227  4154.684  352.3327
a  -7147.508 -5503.047 -4417.546 -4052.914  -937.5949 -5839.133 -342.5375
     phi0.28   phi0.29   phi0.30   phi0.31   phi0.32   phi0.33   phi0.34
id  471.0000   472.000  473.0000   474.000    527.00    528.00    542.00
A  2139.3106  3192.206  610.2048  2558.755  14602.71  13449.23  15173.37
a  -948.4658 -3219.011 -287.8807 -2985.241 -11204.78 -10570.76 -12769.43
     phi0.35   phi0.36   phi0.37   phi0.38   phi0.39   phi0.40   phi0.41
id    624.00   707.000 720.00000 724.00000   730.000   796.000   810.000
A   11142.99  2422.405  80.11745  54.68837  4875.998 10929.170  4514.886
a  -10634.92 -2436.238 -84.36166 -53.55985 -1912.401 -9794.213 -3557.780
     phi0.42   phi0.43   phi0.44  phi0.45   phi0.46   phi0.47   phi0.48
id    812.00    815.00   817.000  820.000  831.0000  891.0000   901.000
A   14963.10  14553.79 17728.293 5731.540  539.6553  307.0748  7508.291
a  -12398.23 -11812.96 -8745.366 -952.856 -463.0102 -330.3181 -6566.112
     phi0.49   phi0.50   phi0.51   phi0.52   phi0.53   phi0.54   phi0.55
id  905.0000   909.000 921.00000   957.000 959.00000   963.000   983.000
A   333.4314 11313.687  86.99404  2141.914  59.38235  2386.261  5360.773
a  -346.0622 -3888.202 -86.76514 -1910.214 -55.24408 -2379.357 -4606.655
FIRE:  5  stops.  0 hits of maxmove.  0 hits of dtmax.
Frms = 2.06674117497333e-06; Ftanrms = 2.06539245903218e-06
E =  0.00592 | E_L =  0.00592 | E_A =  0.00000 |   0 flippped triangles
E =  0.00491 | E_L =  0.00486 | E_A =  0.00004 |   0 flippped triangles
E =  0.00424 | E_L =  0.00424 | E_A =  0.00000 |   0 flippped triangles
E =  0.00399 | E_L =  0.00399 | E_A =  0.00000 |   0 flippped triangles
E =  0.00393 | E_L =  0.00393 | E_A =  0.00000 |   0 flippped triangles
E =  0.00390 | E_L =  0.00390 | E_A =  0.00000 |   0 flippped triangles
E =  0.00390 | E_L =  0.00390 | E_A =  0.00000 |   0 flippped triangles
E =  0.00390 | E_L =  0.00390 | E_A =  0.00000 |   0 flippped triangles
Optimising mapping with BFGS...
E =  0.00390 | E_L =  0.00390 | E_A =  0.00000 |   0 flippped triangles
Transforming image...
Mapping optimised. Error: 0.003896521 ; 0 flipped triangles.
Inferring coordinates of datapoints
Inferring coordinates of landmarks
Mapping optimised. Error: 0.003896521 ; 0 flipped triangles. OD displacement: 11.40492 degrees.
Computing Kernel Density estimates of datapoints

[1] 0.8
Saving developmental_retina/data/C57BL6J/P6/AP/GM112-4/R-CONTRA/r.mat
