[1] "Adding old segment 1"
[1] "Adding old segment 3"
[1] "Adding old segment 4"
[1] "Adding old segment 5"
[1] "Adding old segment 6"
[1] "Intersection found. Old points:"
    X     Y 
  650 -2311 
    X     Y 
 1050 -1841 
    X     Y 
 1030 -1891 
    X     Y 
  900 -1581 
[1] "Point i+1 has been changed:"
    X     Y 
  650 -2311 
        X         Y 
 1022.555 -1873.247 
    X     Y 
 1030 -1891 
    X     Y 
  900 -1581 
[1] "a= 0.157776301022701"
[1] "l= 316.90437458542"
[1] "New points:"
    X     Y 
  650 -2311 
        X         Y 
 1022.555 -1873.247 
         X          Y 
  919.3363 -1627.1097 
    X     Y 
  900 -1581 
[1] "Storing new segment 1"
[1] "Adding old segment 2"
[1] "Storing new segment 2"
simplify.outline: Removing vertex 34
simplify.outline: Removing vertex 41
Triangulating...
[1] "Non-adjacent points in rim connected by line: 7 5"
[1] "In triangle: 114" "In triangle: 439"
[1] "Other points in triangles: 6 267"
[1] "Non-adjacent points in rim connected by line: 25 23"
[1] "In triangle: 37" "In triangle: 51"
[1] "Other points in triangles: 119 24"
[1] "Non-adjacent points in rim connected by line: 28 26"
[1] "In triangle: 32" "In triangle: 53"
[1] "Other points in triangles: 27 127"
[1] "Non-adjacent points in rim connected by line: 54 52"
[1] "In triangle: 77"  "In triangle: 194"
[1] "Other points in triangles: 53 143"
[1] "Non-adjacent points in rim connected by line: 81 1"
[1] "In triangle: 54"  "In triangle: 126"
[1] "Other points in triangles: 82 83"
[1] "Non-adjacent points in rim connected by line: 82 1"
[1] "In triangle: 36"  "In triangle: 819"
[1] "Other points in triangles: 85 465"
[1] "Non-adjacent points in rim connected by line: 83 81"
[1] "In triangle: 113" "In triangle: 126"
[1] "Other points in triangles: 84 465"
[1] "Non-adjacent points in rim connected by line: 84 83"
[1] "In triangle: 26"  "In triangle: 113"
[1] "Other points in triangles: 77 467"
[1] "Non-adjacent points in rim connected by line: 93 54"
[1] "In triangle: 55"  "In triangle: 108"
[1] "Other points in triangles: 55 97"
[1] "Non-adjacent points in rim connected by line: 96 75"
[1] "In triangle: 111" "In triangle: 137"
[1] "Other points in triangles: 115 74"
Stitching...
Tear 1 child of rim
Tear 2 child of rim
Tear 3 child of rim
Tear 4 child of rim
Tear 1 : Sf = 3868.85761662074 ; Sb = 3878.59938485476
  Forwards path
    i = 30 ; sf/Sf = 0.0426286623514359 ; sf = 164.924225024706
      k =   29 ; sb/Sb = 0 ; sb = 0
      k =   28 ; sb/Sb = 0.0243231646168321 ; sb = 94.339811320566
      k =   27 ; sb/Sb = 0.085607474465449 ; sb = 332.03709780066
      Creating new point: f = 0.298697950255483
    i = 31 ; sf/Sf = 0.123419950926892 ; sf = 477.494217186462
      k =   29 ; sb/Sb = 0 ; sb = 0
      k =   28 ; sb/Sb = 0.0243231646168321 ; sb = 94.339811320566
      k =   27 ; sb/Sb = 0.085607474465449 ; sb = 332.03709780066
      k =   26 ; sb/Sb = 0.122251296096138 ; sb = 474.163801836179
      k =   25 ; sb/Sb = 0.188286723858396 ; sb = 730.288771333493
      Creating new point: f = 0.0176973916934499
    i = 32 ; sf/Sf = 0.189621655636052 ; sf = 733.619186683776
      k =   29 ; sb/Sb = 0 ; sb = 0
      k =   28 ; sb/Sb = 0.0243231646168321 ; sb = 94.339811320566
      k =   27 ; sb/Sb = 0.085607474465449 ; sb = 332.03709780066
      k =   26 ; sb/Sb = 0.122251296096138 ; sb = 474.163801836179
      k =   25 ; sb/Sb = 0.188286723858396 ; sb = 730.288771333493
      k =   24 ; sb/Sb = 0.240108913385697 ; sb = 931.286283755911
      Creating new point: f = 0.025759849011261
    i = 33 ; sf/Sf = 0.319708940090336 ; sf = 1236.90836797024
      k =   29 ; sb/Sb = 0 ; sb = 0
      k =   28 ; sb/Sb = 0.0243231646168321 ; sb = 94.339811320566
      k =   27 ; sb/Sb = 0.085607474465449 ; sb = 332.03709780066
      k =   26 ; sb/Sb = 0.122251296096138 ; sb = 474.163801836179
      k =   25 ; sb/Sb = 0.188286723858396 ; sb = 730.288771333493
      k =   24 ; sb/Sb = 0.240108913385697 ; sb = 931.286283755911
      k =   23 ; sb/Sb = 0.271474681936326 ; sb = 1052.94153436188
      k =  359 ; sb/Sb = 0.347576752187637 ; sb = 1348.11097722478
      Creating new point: f = 0.633810065806709
    i = 34 ; sf/Sf = 0.36962860586676 ; sf = 1430.04044712852
      k =   29 ; sb/Sb = 0 ; sb = 0
      k =   28 ; sb/Sb = 0.0243231646168321 ; sb = 94.339811320566
      k =   27 ; sb/Sb = 0.085607474465449 ; sb = 332.03709780066
      k =   26 ; sb/Sb = 0.122251296096138 ; sb = 474.163801836179
      k =   25 ; sb/Sb = 0.188286723858396 ; sb = 730.288771333493
      k =   24 ; sb/Sb = 0.240108913385697 ; sb = 931.286283755911
      k =   23 ; sb/Sb = 0.271474681936326 ; sb = 1052.94153436188
      k =  359 ; sb/Sb = 0.347576752187637 ; sb = 1348.11097722478
      k =   22 ; sb/Sb = 0.423678822438948 ; sb = 1643.28042008769
      Creating new point: f = 0.289766804060673
    i = 156 ; sf/Sf = 0.516265755395861 ; sf = 1997.35869996373
      k =   29 ; sb/Sb = 0 ; sb = 0
      k =   28 ; sb/Sb = 0.0243231646168321 ; sb = 94.339811320566
      k =   27 ; sb/Sb = 0.085607474465449 ; sb = 332.03709780066
      k =   26 ; sb/Sb = 0.122251296096138 ; sb = 474.163801836179
      k =   25 ; sb/Sb = 0.188286723858396 ; sb = 730.288771333493
      k =   24 ; sb/Sb = 0.240108913385697 ; sb = 931.286283755911
      k =   23 ; sb/Sb = 0.271474681936326 ; sb = 1052.94153436188
      k =  359 ; sb/Sb = 0.347576752187637 ; sb = 1348.11097722478
      k =   22 ; sb/Sb = 0.423678822438948 ; sb = 1643.28042008769
      k =   21 ; sb/Sb = 0.533125471451841 ; sb = 2067.78012562352
      Creating new point: f = 0.845954935961587
    i = 35 ; sf/Sf = 0.662902904924961 ; sf = 2564.67695279895
      k =   29 ; sb/Sb = 0 ; sb = 0
      k =   28 ; sb/Sb = 0.0243231646168321 ; sb = 94.339811320566
      k =   27 ; sb/Sb = 0.085607474465449 ; sb = 332.03709780066
      k =   26 ; sb/Sb = 0.122251296096138 ; sb = 474.163801836179
      k =   25 ; sb/Sb = 0.188286723858396 ; sb = 730.288771333493
      k =   24 ; sb/Sb = 0.240108913385697 ; sb = 931.286283755911
      k =   23 ; sb/Sb = 0.271474681936326 ; sb = 1052.94153436188
      k =  359 ; sb/Sb = 0.347576752187637 ; sb = 1348.11097722478
      k =   22 ; sb/Sb = 0.423678822438948 ; sb = 1643.28042008769
      k =   21 ; sb/Sb = 0.533125471451841 ; sb = 2067.78012562352
      k =  189 ; sb/Sb = 0.636456712649891 ; sb = 2468.56061417055
      k =   20 ; sb/Sb = 0.739787953847941 ; sb = 2869.34110271759
      Creating new point: f = 0.255936074786731
    i = 36 ; sf/Sf = 0.740660271295189 ; sf = 2865.50913192878
      k =   29 ; sb/Sb = 0 ; sb = 0
      k =   28 ; sb/Sb = 0.0243231646168321 ; sb = 94.339811320566
      k =   27 ; sb/Sb = 0.085607474465449 ; sb = 332.03709780066
      k =   26 ; sb/Sb = 0.122251296096138 ; sb = 474.163801836179
      k =   25 ; sb/Sb = 0.188286723858396 ; sb = 730.288771333493
      k =   24 ; sb/Sb = 0.240108913385697 ; sb = 931.286283755911
      k =   23 ; sb/Sb = 0.271474681936326 ; sb = 1052.94153436188
      k =  359 ; sb/Sb = 0.347576752187637 ; sb = 1348.11097722478
      k =   22 ; sb/Sb = 0.423678822438948 ; sb = 1643.28042008769
      k =   21 ; sb/Sb = 0.533125471451841 ; sb = 2067.78012562352
      k =  189 ; sb/Sb = 0.636456712649891 ; sb = 2468.56061417055
      k =   20 ; sb/Sb = 0.739787953847941 ; sb = 2869.34110271759
      k =  330 ; sb/Sb = 0.84863318035025 ; sb = 3291.50813127382
      Creating new point: f = 0.00801429217687951
    i = 170 ; sf/Sf = 0.835436114368539 ; sf = 3232.18337427476
      k =   29 ; sb/Sb = 0 ; sb = 0
      k =   28 ; sb/Sb = 0.0243231646168321 ; sb = 94.339811320566
      k =   27 ; sb/Sb = 0.085607474465449 ; sb = 332.03709780066
      k =   26 ; sb/Sb = 0.122251296096138 ; sb = 474.163801836179
      k =   25 ; sb/Sb = 0.188286723858396 ; sb = 730.288771333493
      k =   24 ; sb/Sb = 0.240108913385697 ; sb = 931.286283755911
      k =   23 ; sb/Sb = 0.271474681936326 ; sb = 1052.94153436188
      k =  359 ; sb/Sb = 0.347576752187637 ; sb = 1348.11097722478
      k =   22 ; sb/Sb = 0.423678822438948 ; sb = 1643.28042008769
      k =   21 ; sb/Sb = 0.533125471451841 ; sb = 2067.78012562352
      k =  189 ; sb/Sb = 0.636456712649891 ; sb = 2468.56061417055
      k =   20 ; sb/Sb = 0.739787953847941 ; sb = 2869.34110271759
      k =  330 ; sb/Sb = 0.84863318035025 ; sb = 3291.50813127382
      Creating new point: f = 0.87875383785038
    i = 37 ; sf/Sf = 0.930211957441889 ; sf = 3598.85761662074
      k =   29 ; sb/Sb = 0 ; sb = 0
      k =   28 ; sb/Sb = 0.0243231646168321 ; sb = 94.339811320566
      k =   27 ; sb/Sb = 0.085607474465449 ; sb = 332.03709780066
      k =   26 ; sb/Sb = 0.122251296096138 ; sb = 474.163801836179
      k =   25 ; sb/Sb = 0.188286723858396 ; sb = 730.288771333493
      k =   24 ; sb/Sb = 0.240108913385697 ; sb = 931.286283755911
      k =   23 ; sb/Sb = 0.271474681936326 ; sb = 1052.94153436188
      k =  359 ; sb/Sb = 0.347576752187637 ; sb = 1348.11097722478
      k =   22 ; sb/Sb = 0.423678822438948 ; sb = 1643.28042008769
      k =   21 ; sb/Sb = 0.533125471451841 ; sb = 2067.78012562352
      k =  189 ; sb/Sb = 0.636456712649891 ; sb = 2468.56061417055
      k =   20 ; sb/Sb = 0.739787953847941 ; sb = 2869.34110271759
      k =  330 ; sb/Sb = 0.84863318035025 ; sb = 3291.50813127382
      k =   19 ; sb/Sb = 0.95747840685256 ; sb = 3713.67515983005
      Creating new point: f = 0.749493383523879
Tear 2 : Sf = 2239.74164289184 ; Sb = 2487.11395530187
  Forwards path
    i = 6 ; sf/Sf = 0.0705946971652812 ; sf = 158.113883008419
      k =    5 ; sb/Sb = 0 ; sb = 0
      k =    4 ; sb/Sb = 0.114431825211889 ; sb = 284.604989415154
      Creating new point: f = 0.616914892640781
    i = 7 ; sf/Sf = 0.141189394330562 ; sf = 316.227766016838
      k =    5 ; sb/Sb = 0 ; sb = 0
      k =    4 ; sb/Sb = 0.114431825211889 ; sb = 284.604989415154
      k =    3 ; sb/Sb = 0.182902296094915 ; sb = 454.898853074418
      Creating new point: f = 0.390789909483544
    i = 8 ; sf/Sf = 0.248716033548154 ; sf = 557.059657592684
      k =    5 ; sb/Sb = 0 ; sb = 0
      k =    4 ; sb/Sb = 0.114431825211889 ; sb = 284.604989415154
      k =    3 ; sb/Sb = 0.182902296094915 ; sb = 454.898853074418
      k =    2 ; sb/Sb = 0.263316785979326 ; sb = 654.898853074418
      Creating new point: f = 0.818431324352616
    i = 9 ; sf/Sf = 0.319310730713435 ; sf = 715.173540601103
      k =    5 ; sb/Sb = 0 ; sb = 0
      k =    4 ; sb/Sb = 0.114431825211889 ; sb = 284.604989415154
      k =    3 ; sb/Sb = 0.182902296094915 ; sb = 454.898853074418
      k =    2 ; sb/Sb = 0.263316785979326 ; sb = 654.898853074418
      k =   88 ; sb/Sb = 0.353671331280073 ; sb = 879.62090361686
      Creating new point: f = 0.619713646366455
    i = 10 ; sf/Sf = 0.487379492433803 ; sf = 1091.60414509548
      k =    5 ; sb/Sb = 0 ; sb = 0
      k =    4 ; sb/Sb = 0.114431825211889 ; sb = 284.604989415154
      k =    3 ; sb/Sb = 0.182902296094915 ; sb = 454.898853074418
      k =    2 ; sb/Sb = 0.263316785979326 ; sb = 654.898853074418
      k =   88 ; sb/Sb = 0.353671331280073 ; sb = 879.62090361686
      k =    1 ; sb/Sb = 0.444025876580819 ; sb = 1104.3429541593
      k =   83 ; sb/Sb = 0.460430874351761 ; sb = 1145.14405305211
      k =   77 ; sb/Sb = 0.473297192733267 ; sb = 1177.14405305211
      k =   84 ; sb/Sb = 0.486163511114773 ; sb = 1209.14405305211
      k =   81 ; sb/Sb = 0.499029829496278 ; sb = 1241.14405305211
      Creating new point: f = 0.0945088783733119
    i = 11 ; sf/Sf = 0.63498826067971 ; sf = 1422.20965019181
      k =    5 ; sb/Sb = 0 ; sb = 0
      k =    4 ; sb/Sb = 0.114431825211889 ; sb = 284.604989415154
      k =    3 ; sb/Sb = 0.182902296094915 ; sb = 454.898853074418
      k =    2 ; sb/Sb = 0.263316785979326 ; sb = 654.898853074418
      k =   88 ; sb/Sb = 0.353671331280073 ; sb = 879.62090361686
      k =    1 ; sb/Sb = 0.444025876580819 ; sb = 1104.3429541593
      k =   83 ; sb/Sb = 0.460430874351761 ; sb = 1145.14405305211
      k =   77 ; sb/Sb = 0.473297192733267 ; sb = 1177.14405305211
      k =   84 ; sb/Sb = 0.486163511114773 ; sb = 1209.14405305211
      k =   81 ; sb/Sb = 0.499029829496278 ; sb = 1241.14405305211
      k =   82 ; sb/Sb = 0.511896147877784 ; sb = 1273.14405305211
      k =   80 ; sb/Sb = 0.52476246625929 ; sb = 1305.14405305211
      k =   79 ; sb/Sb = 0.576227739785313 ; sb = 1433.14405305211
      k =   78 ; sb/Sb = 0.679158286837359 ; sb = 1689.14405305211
      Creating new point: f = 0.570875435692433
    i = 12 ; sf/Sf = 0.724840641026196 ; sf = 1623.45576816679
      k =    5 ; sb/Sb = 0 ; sb = 0
      k =    4 ; sb/Sb = 0.114431825211889 ; sb = 284.604989415154
      k =    3 ; sb/Sb = 0.182902296094915 ; sb = 454.898853074418
      k =    2 ; sb/Sb = 0.263316785979326 ; sb = 654.898853074418
      k =   88 ; sb/Sb = 0.353671331280073 ; sb = 879.62090361686
      k =    1 ; sb/Sb = 0.444025876580819 ; sb = 1104.3429541593
      k =   83 ; sb/Sb = 0.460430874351761 ; sb = 1145.14405305211
      k =   77 ; sb/Sb = 0.473297192733267 ; sb = 1177.14405305211
      k =   84 ; sb/Sb = 0.486163511114773 ; sb = 1209.14405305211
      k =   81 ; sb/Sb = 0.499029829496278 ; sb = 1241.14405305211
      k =   82 ; sb/Sb = 0.511896147877784 ; sb = 1273.14405305211
      k =   80 ; sb/Sb = 0.52476246625929 ; sb = 1305.14405305211
      k =   79 ; sb/Sb = 0.576227739785313 ; sb = 1433.14405305211
      k =   78 ; sb/Sb = 0.679158286837359 ; sb = 1689.14405305211
      k =   76 ; sb/Sb = 0.79808115341517 ; sb = 1984.91877412228
      Creating new point: f = 0.384134317506948
    i = 13 ; sf/Sf = 0.882125879792096 ; sf = 1975.73406724296
      k =    5 ; sb/Sb = 0 ; sb = 0
      k =    4 ; sb/Sb = 0.114431825211889 ; sb = 284.604989415154
      k =    3 ; sb/Sb = 0.182902296094915 ; sb = 454.898853074418
      k =    2 ; sb/Sb = 0.263316785979326 ; sb = 654.898853074418
      k =   88 ; sb/Sb = 0.353671331280073 ; sb = 879.62090361686
      k =    1 ; sb/Sb = 0.444025876580819 ; sb = 1104.3429541593
      k =   83 ; sb/Sb = 0.460430874351761 ; sb = 1145.14405305211
      k =   77 ; sb/Sb = 0.473297192733267 ; sb = 1177.14405305211
      k =   84 ; sb/Sb = 0.486163511114773 ; sb = 1209.14405305211
      k =   81 ; sb/Sb = 0.499029829496278 ; sb = 1241.14405305211
      k =   82 ; sb/Sb = 0.511896147877784 ; sb = 1273.14405305211
      k =   80 ; sb/Sb = 0.52476246625929 ; sb = 1305.14405305211
      k =   79 ; sb/Sb = 0.576227739785313 ; sb = 1433.14405305211
      k =   78 ; sb/Sb = 0.679158286837359 ; sb = 1689.14405305211
      k =   76 ; sb/Sb = 0.79808115341517 ; sb = 1984.91877412228
      k =  353 ; sb/Sb = 0.899040576707585 ; sb = 2236.01636471208
      Creating new point: f = 0.832460444365867
Tear 3 : Sf = 2137.82669347158 ; Sb = 1941.97551948305
  Forwards path
    i = 49 ; sf/Sf = 0.102908248209188 ; sf = 220
      k =   48 ; sb/Sb = 0 ; sb = 0
      k =   47 ; sb/Sb = 0.136822839652716 ; sb = 265.706605111728
      Creating new point: f = 0.752127703754649
    i = 50 ; sf/Sf = 0.153504743516424 ; sf = 328.16653826392
      k =   48 ; sb/Sb = 0 ; sb = 0
      k =   47 ; sb/Sb = 0.136822839652716 ; sb = 265.706605111728
      k =   46 ; sb/Sb = 0.174311004751823 ; sb = 338.507704004534
      Creating new point: f = 0.444991207748006
    i = 51 ; sf/Sf = 0.371806103962659 ; sf = 794.857013847041
      k =   48 ; sb/Sb = 0 ; sb = 0
      k =   47 ; sb/Sb = 0.136822839652716 ; sb = 265.706605111728
      k =   46 ; sb/Sb = 0.174311004751823 ; sb = 338.507704004534
      k =   45 ; sb/Sb = 0.233023146777313 ; sb = 452.525246514447
      k =   44 ; sb/Sb = 0.496045881327981 ; sb = 963.308958079333
      Creating new point: f = 0.527646241008156
    i = 52 ; sf/Sf = 0.571251696726854 ; sf = 1221.2371259536
      k =   48 ; sb/Sb = 0 ; sb = 0
      k =   47 ; sb/Sb = 0.136822839652716 ; sb = 265.706605111728
      k =   46 ; sb/Sb = 0.174311004751823 ; sb = 338.507704004534
      k =   45 ; sb/Sb = 0.233023146777313 ; sb = 452.525246514447
      k =   44 ; sb/Sb = 0.496045881327981 ; sb = 963.308958079333
      k =  101 ; sb/Sb = 0.686016007734178 ; sb = 1332.22629299327
      Creating new point: f = 0.395882325403449
    i = 53 ; sf/Sf = 0.729048657958008 ; sf = 1558.57968182226
      k =   48 ; sb/Sb = 0 ; sb = 0
      k =   47 ; sb/Sb = 0.136822839652716 ; sb = 265.706605111728
      k =   46 ; sb/Sb = 0.174311004751823 ; sb = 338.507704004534
      k =   45 ; sb/Sb = 0.233023146777313 ; sb = 452.525246514447
      k =   44 ; sb/Sb = 0.496045881327981 ; sb = 963.308958079333
      k =  101 ; sb/Sb = 0.686016007734178 ; sb = 1332.22629299327
      k =   43 ; sb/Sb = 0.875986134140375 ; sb = 1701.1436279072
      Creating new point: f = 0.226523248880807
    i = 54 ; sf/Sf = 0.803008761221412 ; sf = 1716.69356483068
      k =   48 ; sb/Sb = 0 ; sb = 0
      k =   47 ; sb/Sb = 0.136822839652716 ; sb = 265.706605111728
      k =   46 ; sb/Sb = 0.174311004751823 ; sb = 338.507704004534
      k =   45 ; sb/Sb = 0.233023146777313 ; sb = 452.525246514447
      k =   44 ; sb/Sb = 0.496045881327981 ; sb = 963.308958079333
      k =  101 ; sb/Sb = 0.686016007734178 ; sb = 1332.22629299327
      k =   43 ; sb/Sb = 0.875986134140375 ; sb = 1701.1436279072
      Creating new point: f = 0.615848163605881
    i = 55 ; sf/Sf = 0.846134541648081 ; sf = 1808.88900940361
      k =   48 ; sb/Sb = 0 ; sb = 0
      k =   47 ; sb/Sb = 0.136822839652716 ; sb = 265.706605111728
      k =   46 ; sb/Sb = 0.174311004751823 ; sb = 338.507704004534
      k =   45 ; sb/Sb = 0.233023146777313 ; sb = 452.525246514447
      k =   44 ; sb/Sb = 0.496045881327981 ; sb = 963.308958079333
      k =  101 ; sb/Sb = 0.686016007734178 ; sb = 1332.22629299327
      k =   43 ; sb/Sb = 0.875986134140375 ; sb = 1701.1436279072
      Creating new point: f = 0.842861648528544
    i = 93 ; sf/Sf = 0.906008431515245 ; sf = 1936.88900940361
      k =   48 ; sb/Sb = 0 ; sb = 0
      k =   47 ; sb/Sb = 0.136822839652716 ; sb = 265.706605111728
      k =   46 ; sb/Sb = 0.174311004751823 ; sb = 338.507704004534
      k =   45 ; sb/Sb = 0.233023146777313 ; sb = 452.525246514447
      k =   44 ; sb/Sb = 0.496045881327981 ; sb = 963.308958079333
      k =  101 ; sb/Sb = 0.686016007734178 ; sb = 1332.22629299327
      k =   43 ; sb/Sb = 0.875986134140375 ; sb = 1701.1436279072
      k =   42 ; sb/Sb = 1 ; sb = 1941.97551948305
      Creating new point: f = 0.242088230753594
Tear 4 : Sf = 2191.34886087375 ; Sb = 1962.6263708534
  Forwards path
    i = 65 ; sf/Sf = 0.166110244225963 ; sf = 364.005494464026
      k =   64 ; sb/Sb = 0 ; sb = 0
      k =   63 ; sb/Sb = 0.116300406231175 ; sb = 228.254244210267
      k =   62 ; sb/Sb = 0.33029936509433 ; sb = 648.254244210267
      Creating new point: f = 0.23275738470597
    i = 294 ; sf/Sf = 0.309003679327926 ; sf = 677.134860701049
      k =   64 ; sb/Sb = 0 ; sb = 0
      k =   63 ; sb/Sb = 0.116300406231175 ; sb = 228.254244210267
      k =   62 ; sb/Sb = 0.33029936509433 ; sb = 648.254244210267
      Creating new point: f = 0.900486965546303
    i = 293 ; sf/Sf = 0.451897114429889 ; sf = 990.264226938073
      k =   64 ; sb/Sb = 0 ; sb = 0
      k =   63 ; sb/Sb = 0.116300406231175 ; sb = 228.254244210267
      k =   62 ; sb/Sb = 0.33029936509433 ; sb = 648.254244210267
      k =   61 ; sb/Sb = 0.559300721521359 ; sb = 1097.69834529515
      Creating new point: f = 0.53099139338201
    i = 66 ; sf/Sf = 0.737683984633814 ; sf = 1616.52295941212
      k =   64 ; sb/Sb = 0 ; sb = 0
      k =   63 ; sb/Sb = 0.116300406231175 ; sb = 228.254244210267
      k =   62 ; sb/Sb = 0.33029936509433 ; sb = 648.254244210267
      k =   61 ; sb/Sb = 0.559300721521359 ; sb = 1097.69834529515
      k =   60 ; sb/Sb = 0.808132911456032 ; sb = 1586.06296317814
      Creating new point: f = 0.716881779480726
Tear 1 : Sf = 3878.59938485476 ; Sb = 3868.85761662074
  Backwards path
    i = 28 ; sf/Sf = 0.0243231646168321 ; sf = 94.339811320566
      k =   29 ; sb/Sb = 0 ; sb = 0
      k =   30 ; sb/Sb = 0.0426286623514359 ; sb = 164.924225024706
      Creating new point: f = 0.570582403367691
    i = 27 ; sf/Sf = 0.0856074744654491 ; sf = 332.03709780066
      k =   29 ; sb/Sb = 0 ; sb = 0
      k =   30 ; sb/Sb = 0.0426286623514359 ; sb = 164.924225024706
      k =   31 ; sb/Sb = 0.123419950926892 ; sb = 477.494217186462
      Creating new point: f = 0.531973346035604
    i = 26 ; sf/Sf = 0.122251296096138 ; sf = 474.163801836179
      k =   29 ; sb/Sb = 0 ; sb = 0
      k =   30 ; sb/Sb = 0.0426286623514359 ; sb = 164.924225024706
      k =   31 ; sb/Sb = 0.123419950926891 ; sb = 477.494217186462
      Creating new point: f = 0.985534890563583
    i = 25 ; sf/Sf = 0.188286723858396 ; sf = 730.288771333493
      k =   29 ; sb/Sb = 0 ; sb = 0
      k =   30 ; sb/Sb = 0.0426286623514359 ; sb = 164.924225024706
      k =   31 ; sb/Sb = 0.123419950926891 ; sb = 477.494217186462
      k =   32 ; sb/Sb = 0.189621655636052 ; sb = 733.619186683776
      Creating new point: f = 0.97983538666382
    i = 24 ; sf/Sf = 0.240108913385697 ; sf = 931.286283755911
      k =   29 ; sb/Sb = 0 ; sb = 0
      k =   30 ; sb/Sb = 0.0426286623514359 ; sb = 164.924225024706
      k =   31 ; sb/Sb = 0.123419950926891 ; sb = 477.494217186462
      k =   32 ; sb/Sb = 0.189621655636052 ; sb = 733.619186683776
      k =   33 ; sb/Sb = 0.319708940090336 ; sb = 1236.90836797024
      Creating new point: f = 0.388102941509151
    i = 23 ; sf/Sf = 0.271474681936326 ; sf = 1052.94153436188
      k =   29 ; sb/Sb = 0 ; sb = 0
      k =   30 ; sb/Sb = 0.0426286623514359 ; sb = 164.924225024706
      k =   31 ; sb/Sb = 0.123419950926891 ; sb = 477.494217186462
      k =   32 ; sb/Sb = 0.189621655636052 ; sb = 733.619186683776
      k =   33 ; sb/Sb = 0.319708940090336 ; sb = 1236.90836797024
      Creating new point: f = 0.629216196215081
    i = 359 ; sf/Sf = 0.347576752187637 ; sf = 1348.11097722478
      k =   29 ; sb/Sb = 0 ; sb = 0
      k =   30 ; sb/Sb = 0.0426286623514359 ; sb = 164.924225024706
      k =   31 ; sb/Sb = 0.123419950926891 ; sb = 477.494217186462
      k =   32 ; sb/Sb = 0.189621655636052 ; sb = 733.619186683776
      k =   33 ; sb/Sb = 0.319708940090336 ; sb = 1236.90836797024
      k =   34 ; sb/Sb = 0.36962860586676 ; sb = 1430.04044712852
      Creating new point: f = 0.558253178659346
    i = 22 ; sf/Sf = 0.423678822438948 ; sf = 1643.28042008769
      k =   29 ; sb/Sb = 0 ; sb = 0
      k =   30 ; sb/Sb = 0.0426286623514359 ; sb = 164.924225024706
      k =   31 ; sb/Sb = 0.123419950926891 ; sb = 477.494217186462
      k =   32 ; sb/Sb = 0.189621655636052 ; sb = 733.619186683776
      k =   33 ; sb/Sb = 0.319708940090336 ; sb = 1236.90836797024
      k =   34 ; sb/Sb = 0.36962860586676 ; sb = 1430.04044712852
      k =  156 ; sb/Sb = 0.516265755395861 ; sb = 1997.35869996373
      Creating new point: f = 0.368598385509817
    i = 21 ; sf/Sf = 0.533125471451842 ; sf = 2067.78012562352
      k =   29 ; sb/Sb = 0 ; sb = 0
      k =   30 ; sb/Sb = 0.0426286623514359 ; sb = 164.924225024706
      k =   31 ; sb/Sb = 0.123419950926891 ; sb = 477.494217186462
      k =   32 ; sb/Sb = 0.189621655636052 ; sb = 733.619186683776
      k =   33 ; sb/Sb = 0.319708940090336 ; sb = 1236.90836797024
      k =   34 ; sb/Sb = 0.36962860586676 ; sb = 1430.04044712852
      k =  156 ; sb/Sb = 0.516265755395861 ; sb = 1997.35869996373
      k =   35 ; sb/Sb = 0.662902904924961 ; sb = 2564.67695279895
      Creating new point: f = 0.114975748711176
    i = 189 ; sf/Sf = 0.636456712649891 ; sf = 2468.56061417055
      k =   29 ; sb/Sb = 0 ; sb = 0
      k =   30 ; sb/Sb = 0.0426286623514359 ; sb = 164.924225024706
      k =   31 ; sb/Sb = 0.123419950926891 ; sb = 477.494217186462
      k =   32 ; sb/Sb = 0.189621655636052 ; sb = 733.619186683776
      k =   33 ; sb/Sb = 0.319708940090336 ; sb = 1236.90836797024
      k =   34 ; sb/Sb = 0.36962860586676 ; sb = 1430.04044712852
      k =  156 ; sb/Sb = 0.516265755395861 ; sb = 1997.35869996373
      k =   35 ; sb/Sb = 0.662902904924961 ; sb = 2564.67695279895
      Creating new point: f = 0.819648756403155
    i = 20 ; sf/Sf = 0.739787953847941 ; sf = 2869.34110271759
      k =   29 ; sb/Sb = 0 ; sb = 0
      k =   30 ; sb/Sb = 0.0426286623514359 ; sb = 164.924225024706
      k =   31 ; sb/Sb = 0.123419950926891 ; sb = 477.494217186462
      k =   32 ; sb/Sb = 0.189621655636052 ; sb = 733.619186683776
      k =   33 ; sb/Sb = 0.319708940090336 ; sb = 1236.90836797024
      k =   34 ; sb/Sb = 0.36962860586676 ; sb = 1430.04044712852
      k =  156 ; sb/Sb = 0.516265755395861 ; sb = 1997.35869996373
      k =   35 ; sb/Sb = 0.662902904924961 ; sb = 2564.67695279895
      k =   36 ; sb/Sb = 0.740660271295189 ; sb = 2865.50913192878
      Creating new point: f = 0.988781545878308
    i = 330 ; sf/Sf = 0.84863318035025 ; sf = 3291.50813127382
      k =   29 ; sb/Sb = 0 ; sb = 0
      k =   30 ; sb/Sb = 0.0426286623514359 ; sb = 164.924225024706
      k =   31 ; sb/Sb = 0.123419950926891 ; sb = 477.494217186462
      k =   32 ; sb/Sb = 0.189621655636052 ; sb = 733.619186683776
      k =   33 ; sb/Sb = 0.319708940090336 ; sb = 1236.90836797024
      k =   34 ; sb/Sb = 0.36962860586676 ; sb = 1430.04044712852
      k =  156 ; sb/Sb = 0.516265755395861 ; sb = 1997.35869996373
      k =   35 ; sb/Sb = 0.662902904924961 ; sb = 2564.67695279895
      k =   36 ; sb/Sb = 0.740660271295189 ; sb = 2865.50913192878
      k =  170 ; sb/Sb = 0.835436114368539 ; sb = 3232.18337427476
      k =   37 ; sb/Sb = 0.930211957441889 ; sb = 3598.85761662074
      Creating new point: f = 0.139245039176255
    i = 19 ; sf/Sf = 0.95747840685256 ; sf = 3713.67515983005
      k =   29 ; sb/Sb = 0 ; sb = 0
      k =   30 ; sb/Sb = 0.0426286623514359 ; sb = 164.924225024706
      k =   31 ; sb/Sb = 0.123419950926891 ; sb = 477.494217186462
      k =   32 ; sb/Sb = 0.189621655636052 ; sb = 733.619186683776
      k =   33 ; sb/Sb = 0.319708940090336 ; sb = 1236.90836797024
      k =   34 ; sb/Sb = 0.36962860586676 ; sb = 1430.04044712852
      k =  156 ; sb/Sb = 0.516265755395861 ; sb = 1997.35869996373
      k =   35 ; sb/Sb = 0.662902904924961 ; sb = 2564.67695279895
      k =   36 ; sb/Sb = 0.740660271295189 ; sb = 2865.50913192878
      k =  170 ; sb/Sb = 0.835436114368539 ; sb = 3232.18337427476
      k =   37 ; sb/Sb = 0.930211957441889 ; sb = 3598.85761662074
      k =   38 ; sb/Sb = 1 ; sb = 3868.85761662074
      Creating new point: f = 0.390703742521031
Tear 2 : Sf = 2487.11395530187 ; Sb = 2239.74164289184
  Backwards path
    i = 4 ; sf/Sf = 0.114431825211889 ; sf = 284.604989415154
      k =    5 ; sb/Sb = 0 ; sb = 0
      k =    6 ; sb/Sb = 0.0705946971652812 ; sb = 158.113883008419
      k =    7 ; sb/Sb = 0.141189394330562 ; sb = 316.227766016838
      Creating new point: f = 0.620969135174182
    i = 3 ; sf/Sf = 0.182902296094915 ; sf = 454.898853074418
      k =    5 ; sb/Sb = 0 ; sb = 0
      k =    6 ; sb/Sb = 0.0705946971652812 ; sb = 158.113883008419
      k =    7 ; sb/Sb = 0.141189394330562 ; sb = 316.227766016838
      k =    8 ; sb/Sb = 0.248716033548154 ; sb = 557.059657592684
      Creating new point: f = 0.387930861299796
    i = 2 ; sf/Sf = 0.263316785979326 ; sf = 654.898853074418
      k =    5 ; sb/Sb = 0 ; sb = 0
      k =    6 ; sb/Sb = 0.0705946971652812 ; sb = 158.113883008419
      k =    7 ; sb/Sb = 0.141189394330562 ; sb = 316.227766016838
      k =    8 ; sb/Sb = 0.248716033548154 ; sb = 557.059657592684
      k =    9 ; sb/Sb = 0.319310730713435 ; sb = 715.173540601103
      Creating new point: f = 0.206825059352378
    i = 88 ; sf/Sf = 0.353671331280073 ; sf = 879.62090361686
      k =    5 ; sb/Sb = 0 ; sb = 0
      k =    6 ; sb/Sb = 0.0705946971652812 ; sb = 158.113883008419
      k =    7 ; sb/Sb = 0.141189394330562 ; sb = 316.227766016838
      k =    8 ; sb/Sb = 0.248716033548154 ; sb = 557.059657592684
      k =    9 ; sb/Sb = 0.319310730713435 ; sb = 715.173540601103
      k =   10 ; sb/Sb = 0.487379492433803 ; sb = 1091.60414509548
      Creating new point: f = 0.204443706343282
    i = 1 ; sf/Sf = 0.444025876580819 ; sf = 1104.3429541593
      k =    5 ; sb/Sb = 0 ; sb = 0
      k =    6 ; sb/Sb = 0.0705946971652812 ; sb = 158.113883008419
      k =    7 ; sb/Sb = 0.141189394330562 ; sb = 316.227766016838
      k =    8 ; sb/Sb = 0.248716033548154 ; sb = 557.059657592684
      k =    9 ; sb/Sb = 0.319310730713435 ; sb = 715.173540601103
      k =   10 ; sb/Sb = 0.487379492433803 ; sb = 1091.60414509548
      Creating new point: f = 0.742048341350222
    i = 83 ; sf/Sf = 0.460430874351761 ; sf = 1145.14405305211
      k =    5 ; sb/Sb = 0 ; sb = 0
      k =    6 ; sb/Sb = 0.0705946971652812 ; sb = 158.113883008419
      k =    7 ; sb/Sb = 0.141189394330562 ; sb = 316.227766016838
      k =    8 ; sb/Sb = 0.248716033548154 ; sb = 557.059657592684
      k =    9 ; sb/Sb = 0.319310730713435 ; sb = 715.173540601103
      k =   10 ; sb/Sb = 0.487379492433803 ; sb = 1091.60414509548
      Creating new point: f = 0.839657186700295
    i = 77 ; sf/Sf = 0.473297192733267 ; sf = 1177.14405305211
      k =    5 ; sb/Sb = 0 ; sb = 0
      k =    6 ; sb/Sb = 0.0705946971652812 ; sb = 158.113883008419
      k =    7 ; sb/Sb = 0.141189394330562 ; sb = 316.227766016838
      k =    8 ; sb/Sb = 0.248716033548154 ; sb = 557.059657592684
      k =    9 ; sb/Sb = 0.319310730713435 ; sb = 715.173540601103
      k =   10 ; sb/Sb = 0.487379492433803 ; sb = 1091.60414509548
      Creating new point: f = 0.916211081962002
    i = 84 ; sf/Sf = 0.486163511114773 ; sf = 1209.14405305211
      k =    5 ; sb/Sb = 0 ; sb = 0
      k =    6 ; sb/Sb = 0.0705946971652812 ; sb = 158.113883008419
      k =    7 ; sb/Sb = 0.141189394330562 ; sb = 316.227766016838
      k =    8 ; sb/Sb = 0.248716033548154 ; sb = 557.059657592684
      k =    9 ; sb/Sb = 0.319310730713435 ; sb = 715.173540601103
      k =   10 ; sb/Sb = 0.487379492433803 ; sb = 1091.60414509548
      Creating new point: f = 0.992764977223708
    i = 81 ; sf/Sf = 0.499029829496278 ; sf = 1241.14405305211
      k =    5 ; sb/Sb = 0 ; sb = 0
      k =    6 ; sb/Sb = 0.0705946971652812 ; sb = 158.113883008419
      k =    7 ; sb/Sb = 0.141189394330562 ; sb = 316.227766016838
      k =    8 ; sb/Sb = 0.248716033548154 ; sb = 557.059657592684
      k =    9 ; sb/Sb = 0.319310730713435 ; sb = 715.173540601103
      k =   10 ; sb/Sb = 0.487379492433803 ; sb = 1091.60414509548
      k =   11 ; sb/Sb = 0.63498826067971 ; sb = 1422.20965019181
      Creating new point: f = 0.0789271342137806
    i = 82 ; sf/Sf = 0.511896147877784 ; sf = 1273.14405305211
      k =    5 ; sb/Sb = 0 ; sb = 0
      k =    6 ; sb/Sb = 0.0705946971652812 ; sb = 158.113883008419
      k =    7 ; sb/Sb = 0.141189394330562 ; sb = 316.227766016838
      k =    8 ; sb/Sb = 0.248716033548154 ; sb = 557.059657592684
      k =    9 ; sb/Sb = 0.319310730713435 ; sb = 715.173540601103
      k =   10 ; sb/Sb = 0.487379492433803 ; sb = 1091.60414509548
      k =   11 ; sb/Sb = 0.63498826067971 ; sb = 1422.20965019181
      Creating new point: f = 0.166092134873303
    i = 80 ; sf/Sf = 0.52476246625929 ; sf = 1305.14405305211
      k =    5 ; sb/Sb = 0 ; sb = 0
      k =    6 ; sb/Sb = 0.0705946971652812 ; sb = 158.113883008419
      k =    7 ; sb/Sb = 0.141189394330562 ; sb = 316.227766016838
      k =    8 ; sb/Sb = 0.248716033548154 ; sb = 557.059657592684
      k =    9 ; sb/Sb = 0.319310730713435 ; sb = 715.173540601103
      k =   10 ; sb/Sb = 0.487379492433803 ; sb = 1091.60414509548
      k =   11 ; sb/Sb = 0.63498826067971 ; sb = 1422.20965019181
      Creating new point: f = 0.253257135532825
    i = 79 ; sf/Sf = 0.576227739785313 ; sf = 1433.14405305211
      k =    5 ; sb/Sb = 0 ; sb = 0
      k =    6 ; sb/Sb = 0.0705946971652812 ; sb = 158.113883008419
      k =    7 ; sb/Sb = 0.141189394330562 ; sb = 316.227766016838
      k =    8 ; sb/Sb = 0.248716033548154 ; sb = 557.059657592684
      k =    9 ; sb/Sb = 0.319310730713435 ; sb = 715.173540601103
      k =   10 ; sb/Sb = 0.487379492433803 ; sb = 1091.60414509548
      k =   11 ; sb/Sb = 0.63498826067971 ; sb = 1422.20965019181
      Creating new point: f = 0.601917138170912
    i = 78 ; sf/Sf = 0.679158286837359 ; sf = 1689.14405305211
      k =    5 ; sb/Sb = 0 ; sb = 0
      k =    6 ; sb/Sb = 0.0705946971652812 ; sb = 158.113883008419
      k =    7 ; sb/Sb = 0.141189394330562 ; sb = 316.227766016838
      k =    8 ; sb/Sb = 0.248716033548154 ; sb = 557.059657592684
      k =    9 ; sb/Sb = 0.319310730713435 ; sb = 715.173540601103
      k =   10 ; sb/Sb = 0.487379492433803 ; sb = 1091.60414509548
      k =   11 ; sb/Sb = 0.63498826067971 ; sb = 1422.20965019181
      k =   12 ; sb/Sb = 0.724840641026196 ; sb = 1623.45576816679
      Creating new point: f = 0.491584374140358
    i = 76 ; sf/Sf = 0.79808115341517 ; sf = 1984.91877412228
      k =    5 ; sb/Sb = 0 ; sb = 0
      k =    6 ; sb/Sb = 0.0705946971652812 ; sb = 158.113883008419
      k =    7 ; sb/Sb = 0.141189394330562 ; sb = 316.227766016838
      k =    8 ; sb/Sb = 0.248716033548154 ; sb = 557.059657592684
      k =    9 ; sb/Sb = 0.319310730713435 ; sb = 715.173540601103
      k =   10 ; sb/Sb = 0.487379492433803 ; sb = 1091.60414509548
      k =   11 ; sb/Sb = 0.63498826067971 ; sb = 1422.20965019181
      k =   12 ; sb/Sb = 0.724840641026196 ; sb = 1623.45576816679
      k =   13 ; sb/Sb = 0.882125879792096 ; sb = 1975.73406724296
      Creating new point: f = 0.465654075128966
    i = 353 ; sf/Sf = 0.899040576707585 ; sf = 2236.01636471208
      k =    5 ; sb/Sb = 0 ; sb = 0
      k =    6 ; sb/Sb = 0.0705946971652812 ; sb = 158.113883008419
      k =    7 ; sb/Sb = 0.141189394330562 ; sb = 316.227766016838
      k =    8 ; sb/Sb = 0.248716033548154 ; sb = 557.059657592684
      k =    9 ; sb/Sb = 0.319310730713435 ; sb = 715.173540601103
      k =   10 ; sb/Sb = 0.487379492433803 ; sb = 1091.60414509548
      k =   11 ; sb/Sb = 0.63498826067971 ; sb = 1422.20965019181
      k =   12 ; sb/Sb = 0.724840641026196 ; sb = 1623.45576816679
      k =   13 ; sb/Sb = 0.882125879792096 ; sb = 1975.73406724296
      k =   14 ; sb/Sb = 1 ; sb = 2239.74164289184
      Creating new point: f = 0.14349796957683
Tear 3 : Sf = 1941.97551948305 ; Sb = 2137.82669347158
  Backwards path
    i = 47 ; sf/Sf = 0.136822839652716 ; sf = 265.706605111728
      k =   48 ; sb/Sb = 0 ; sb = 0
      k =   49 ; sb/Sb = 0.102908248209188 ; sb = 220
      k =   50 ; sb/Sb = 0.153504743516424 ; sb = 328.16653826392
      Creating new point: f = 0.670295269219516
    i = 46 ; sf/Sf = 0.174311004751823 ; sf = 338.507704004534
      k =   48 ; sb/Sb = 0 ; sb = 0
      k =   49 ; sb/Sb = 0.102908248209188 ; sb = 220
      k =   50 ; sb/Sb = 0.153504743516424 ; sb = 328.16653826392
      k =   51 ; sb/Sb = 0.371806103962659 ; sb = 794.857013847041
      Creating new point: f = 0.0953098102222924
    i = 45 ; sf/Sf = 0.233023146777313 ; sf = 452.525246514447
      k =   48 ; sb/Sb = 0 ; sb = 0
      k =   49 ; sb/Sb = 0.102908248209188 ; sb = 220
      k =   50 ; sb/Sb = 0.153504743516424 ; sb = 328.16653826392
      k =   51 ; sb/Sb = 0.371806103962659 ; sb = 794.857013847041
      Creating new point: f = 0.364259769606308
    i = 44 ; sf/Sf = 0.496045881327981 ; sf = 963.308958079333
      k =   48 ; sb/Sb = 0 ; sb = 0
      k =   49 ; sb/Sb = 0.102908248209188 ; sb = 220
      k =   50 ; sb/Sb = 0.153504743516424 ; sb = 328.16653826392
      k =   51 ; sb/Sb = 0.371806103962659 ; sb = 794.857013847041
      k =   52 ; sb/Sb = 0.571251696726854 ; sb = 1221.2371259536
      Creating new point: f = 0.62292565929101
    i = 101 ; sf/Sf = 0.686016007734178 ; sf = 1332.22629299327
      k =   48 ; sb/Sb = 0 ; sb = 0
      k =   49 ; sb/Sb = 0.102908248209188 ; sb = 220
      k =   50 ; sb/Sb = 0.153504743516424 ; sb = 328.16653826392
      k =   51 ; sb/Sb = 0.371806103962659 ; sb = 794.857013847041
      k =   52 ; sb/Sb = 0.571251696726854 ; sb = 1221.2371259536
      k =   53 ; sb/Sb = 0.729048657958008 ; sb = 1558.57968182226
      Creating new point: f = 0.727291008089874
    i = 43 ; sf/Sf = 0.875986134140375 ; sf = 1701.1436279072
      k =   48 ; sb/Sb = 0 ; sb = 0
      k =   49 ; sb/Sb = 0.102908248209188 ; sb = 220
      k =   50 ; sb/Sb = 0.153504743516424 ; sb = 328.16653826392
      k =   51 ; sb/Sb = 0.371806103962659 ; sb = 794.857013847041
      k =   52 ; sb/Sb = 0.571251696726854 ; sb = 1221.2371259536
      k =   53 ; sb/Sb = 0.729048657958008 ; sb = 1558.57968182226
      k =   54 ; sb/Sb = 0.803008761221412 ; sb = 1716.69356483068
      k =   55 ; sb/Sb = 0.846134541648081 ; sb = 1808.88900940361
      k =   93 ; sb/Sb = 0.906008431515245 ; sb = 1936.88900940361
      Creating new point: f = 0.498574463067668
Tear 4 : Sf = 1962.6263708534 ; Sb = 2191.34886087375
  Backwards path
    i = 63 ; sf/Sf = 0.116300406231175 ; sf = 228.254244210267
      k =   64 ; sb/Sb = 0 ; sb = 0
      k =   65 ; sb/Sb = 0.166110244225963 ; sb = 364.005494464026
      Creating new point: f = 0.700139878627648
    i = 62 ; sf/Sf = 0.33029936509433 ; sf = 648.254244210267
      k =   64 ; sb/Sb = 0 ; sb = 0
      k =   65 ; sb/Sb = 0.166110244225963 ; sb = 364.005494464026
      k =  294 ; sb/Sb = 0.309003679327926 ; sb = 677.134860701049
      k =  293 ; sb/Sb = 0.451897114429889 ; sb = 990.264226938073
      Creating new point: f = 0.149031939439406
    i = 61 ; sf/Sf = 0.559300721521359 ; sf = 1097.69834529515
      k =   64 ; sb/Sb = 0 ; sb = 0
      k =   65 ; sb/Sb = 0.166110244225963 ; sb = 364.005494464026
      k =  294 ; sb/Sb = 0.309003679327926 ; sb = 677.134860701049
      k =  293 ; sb/Sb = 0.451897114429889 ; sb = 990.264226938073
      k =   66 ; sb/Sb = 0.737683984633814 ; sb = 1616.52295941212
      Creating new point: f = 0.375817150084019
    i = 60 ; sf/Sf = 0.808132911456032 ; sf = 1586.06296317814
      k =   64 ; sb/Sb = 0 ; sb = 0
      k =   65 ; sb/Sb = 0.166110244225963 ; sb = 364.005494464026
      k =  294 ; sb/Sb = 0.309003679327926 ; sb = 677.134860701049
      k =  293 ; sb/Sb = 0.451897114429889 ; sb = 990.264226938073
      k =   66 ; sb/Sb = 0.737683984633814 ; sb = 1616.52295941212
      k =   67 ; sb/Sb = 1 ; sb = 2191.34886087375
      Creating new point: f = 0.2685650997095
Triangulating...
[1] "Non-adjacent points in rim connected by line: 496 495"
[1] "In triangle: 159" "In triangle: 162"
[1] "Other points in triangles: 43 583"
[1] "Non-adjacent points in rim connected by line: 533 54"
[1] "In triangle: 642" "In triangle: 645"
[1] "Other points in triangles: 53 464"
[1] "Non-adjacent points in rim connected by line: 534 54"
[1] "In triangle: 650" "In triangle: 652"
[1] "Other points in triangles: 469 55"
Merging points...
Projecting to sphere...
Optimising mapping with FIRE...
E =  0.00401 | E_L =  0.00401 | E_A =  0.00000 |   0 flippped triangles
E =  0.00352 | E_L =  0.00352 | E_A =  0.00000 |  71 flippped triangles
        phi0    phi0.1    phi0.2    phi0.3    phi0.4    phi0.5    phi0.6
id    76.000    84.000 113.00000   159.000    267.00   271.000  282.0000
A   1862.051  3775.268  35.92762  1470.425  15853.91 15842.822  133.3837
a  -1081.805 -4082.974 -29.47478 -1379.872 -16022.62 -5719.081 -151.7631
      phi0.7    phi0.8    phi0.9   phi0.10   phi0.11   phi0.12   phi0.13
id   283.000   284.000   285.000 286.00000   288.000 302.00000   310.000
A   1453.201 10544.472  5617.464  27.53486  1510.623  36.10878  2034.845
a  -1688.464 -9310.547 -4710.978 -19.60276 -1353.358 -14.89359 -1221.887
     phi0.14   phi0.15   phi0.16   phi0.17   phi0.18   phi0.19   phi0.20
id  314.0000   320.000 328.00000  377.0000 379.00000   382.000   383.000
A   863.3708  1675.201  15.41856  195.1579  57.26030  4079.494  7101.627
a  -197.1837 -1349.297 -13.74532 -138.2608 -55.17295 -3295.349 -8163.100
     phi0.21   phi0.22   phi0.23   phi0.24   phi0.25   phi0.26   phi0.27
id  392.0000   443.000  503.0000  507.0000   511.000   518.000  530.0000
A   271.0641  8976.602  336.0009  726.3033 13721.811  6324.067  846.0458
a  -106.6174 -7610.858 -293.2280 -896.8255 -6271.952 -6287.669 -855.5921
    phi0.28   phi0.29   phi0.30   phi0.31   phi0.32   phi0.33   phi0.34
id    532.0   534.000    545.00   551.000    556.00    563.00    566.00
A   29720.8  1437.716  14036.04  7024.649  45301.06  57804.13  43899.47
a  -29738.6 -1425.688 -14753.11 -8285.299 -25455.51 -54135.82 -41733.36
     phi0.35   phi0.36   phi0.37   phi0.38   phi0.39   phi0.40   phi0.41
id    569.00   573.000    586.00   652.000    655.00    658.00    664.00
A   43175.65 44581.773  42522.73  1139.480  44187.51  39360.69  34730.92
a  -29696.92 -1991.001 -23799.75 -1100.606 -60445.74 -48042.30 -30985.91
     phi0.42   phi0.43   phi0.44   phi0.45   phi0.46   phi0.47   phi0.48
id   668.000   704.000    705.00  707.0000   730.000   787.000  814.0000
A   6768.939 16189.942  11008.58 5840.0953  8568.423  3164.535 1378.5964
a  -7716.117 -6670.168 -12579.44 -884.7087 -8759.834 -3789.497 -777.4836
     phi0.49   phi0.50   phi0.51   phi0.52    phi0.53   phi0.54   phi0.55
id    817.00  822.0000   824.000  830.0000 832.000000  835.0000  838.0000
A   38988.97 5258.5775 11323.457  772.5079   9.990667  238.7801 1703.5532
a  -20043.70 -823.9236 -8720.187 -746.6550  -9.418682 -224.4529 -898.1481
     phi0.56   phi0.57    phi0.58   phi0.59   phi0.60   phi0.61   phi0.62
id   849.000  855.0000 876.000000 877.00000 878.00000 879.00000 882.00000
A   4572.296  712.9972   6.844024 111.20447  57.93695  98.89629  62.41352
a  -1133.575 -622.8984  -4.133249 -90.51738 -55.36781 -78.20706 -70.00103
     phi0.63   phi0.64   phi0.65   phi0.66   phi0.67   phi0.68   phi0.69
id  883.0000  884.0000  885.0000   887.000 888.00000   979.000  1026.000
A   298.1711  251.1904  868.0909  1928.972  98.52960  3072.052  2623.432
a  -278.9093 -272.0592 -611.1861 -1357.726 -99.99686 -2610.715 -3150.835
     phi0.70
id  1030.000
A   1217.189
a  -1279.527
E =  0.00336 | E_L =  0.00336 | E_A =  0.00000 |  72 flippped triangles
        phi0    phi0.1    phi0.2    phi0.3    phi0.4     phi0.5    phi0.6
id    61.000    76.000    84.000   159.000    267.00   271.0000  282.0000
A   1695.180  1862.051  3775.268  1470.425  15853.91 15842.8218  133.3837
a  -1604.569 -2036.448 -4291.711 -1375.496 -14980.07  -759.5668 -169.9319
      phi0.7    phi0.8    phi0.9   phi0.10   phi0.11   phi0.12   phi0.13
id   283.000   284.000   285.000 286.00000  288.0000   310.000   320.000
A   1453.201 10544.472  5617.464  27.53486 1510.6228  2034.845  1675.201
a  -1075.483 -2652.343 -5089.170 -15.28973 -856.7433 -1401.359 -1579.012
     phi0.14  phi0.15   phi0.16   phi0.17   phi0.18   phi0.19   phi0.20
id  377.0000 379.0000   382.000   383.000   390.000  392.0000   443.000
A   195.1579  57.2603  4079.494  7101.627 16339.828  271.0641  8976.602
a  -176.1728 -59.9173 -2636.768 -6257.312 -1507.282 -231.7198 -8135.399
     phi0.21   phi0.22   phi0.23   phi0.24   phi0.25   phi0.26   phi0.27
id  503.0000  507.0000   518.000  530.0000    532.00   534.000    545.00
A   336.0009  726.3033  6324.067  846.0458  29720.80  1437.716  14036.04
a  -310.7138 -825.8527 -5879.629 -843.1006 -28656.08 -1540.388 -14133.11
     phi0.28   phi0.29   phi0.30   phi0.31   phi0.32   phi0.33   phi0.34
id   551.000    562.00    563.00    566.00   569.000    573.00    586.00
A   7024.649  56661.98  57804.13  43899.47 43175.652  44581.77  42522.73
a  -8227.389 -33821.65 -57902.71 -45690.60 -8049.306 -28237.36 -16274.78
     phi0.35   phi0.36   phi0.37   phi0.38   phi0.39  phi0.40   phi0.41
id   652.000    655.00    658.00    664.00   668.000   704.00    705.00
A   1139.480  44187.51  39360.69  34730.92  6768.939 16189.94  11008.58
a  -1128.046 -60454.86 -47513.26 -30227.12 -7344.394 -5445.50 -11965.70
     phi0.42   phi0.43    phi0.44   phi0.45   phi0.46   phi0.47   phi0.48
id   730.000   787.000 812.000000   814.000    817.00   818.000  822.0000
A   8568.423  3164.535  14.288409  1378.596  38988.97  1352.156 5258.5775
a  -8445.059 -3910.362  -2.853971 -1315.854 -27345.96 -1280.753 -927.4861
     phi0.49   phi0.50    phi0.51   phi0.52   phi0.53   phi0.54   phi0.55
id   824.000  830.0000 832.000000  835.0000   844.000   849.000  855.0000
A  11323.457  772.5079   9.990667  238.7801  7412.483  4572.296  712.9972
a  -8210.538 -802.1762  -3.551299 -209.7522 -1852.004 -2555.739 -358.3761
      phi0.56   phi0.57   phi0.58   phi0.59   phi0.60   phi0.61   phi0.62
id 876.000000 877.00000 878.00000 879.00000 882.00000  883.0000  884.0000
A    6.844024 111.20447  57.93695  98.89629  62.41352  298.1711  251.1904
a   -5.912373 -99.12172 -56.00596 -88.04706 -87.76096 -264.3882 -270.2801
     phi0.63   phi0.64   phi0.65   phi0.66   phi0.67   phi0.68    phi0.69
id  885.0000   887.000  888.0000   979.000   986.000 1012.0000  1013.0000
A   868.0909  1928.972   98.5296  3072.052 10788.253 7510.3170 17359.8391
a  -534.7344 -1265.625 -123.3293 -1456.894 -6903.719 -358.9989  -533.8711
     phi0.70   phi0.71
id  1026.000  1030.000
A   2623.432  1217.189
a  -3089.340 -1364.338
E =  0.00335 | E_L =  0.00335 | E_A =  0.00000 |  67 flippped triangles
        phi0    phi0.1    phi0.2    phi0.3    phi0.4    phi0.5    phi0.6
id    61.000    84.000 113.00000   159.000    267.00  282.0000   284.000
A   1695.180  3775.268  35.92762  1470.425  15853.91  133.3837 10544.472
a  -1641.888 -4222.017 -36.53377 -1384.115 -15152.10 -170.1993 -6120.972
      phi0.7    phi0.8    phi0.9   phi0.10   phi0.11   phi0.12   phi0.13
id   285.000 286.00000   303.000 314.00000   320.000  377.0000 379.00000
A   5617.464  27.53486  1365.638 863.37080  1675.201  195.1579  57.26030
a  -6028.956 -23.01136 -1232.329 -73.80334 -1675.867 -154.7028 -58.15163
     phi0.14     phi0.15   phi0.16   phi0.17   phi0.18   phi0.19   phi0.20
id   383.000   390.00000  392.0000   443.000  503.0000  507.0000   518.000
A   7101.627 16339.82786  271.0641  8976.602  336.0009  726.3033  6324.067
a  -6445.106   -74.68521 -277.8668 -8690.215 -315.9750 -801.2201 -3414.451
     phi0.21   phi0.22   phi0.23   phi0.24   phi0.25   phi0.26   phi0.27
id  530.0000    532.00   534.000    545.00   551.000    562.00    563.00
A   846.0458  29720.80  1437.716  14036.04  7024.649  56661.98  57804.13
a  -824.7338 -28026.92 -1523.220 -13588.33 -8271.212 -33286.36 -54080.91
     phi0.28   phi0.29   phi0.30   phi0.31   phi0.32   phi0.33   phi0.34
id    566.00    573.00   652.000    655.00    658.00    664.00   668.000
A   43899.47  44581.77  1139.480  44187.51  39360.69  34730.92  6768.939
a  -44949.34 -26191.55 -1124.961 -59617.54 -47295.71 -29999.22 -7361.575
     phi0.35   phi0.36   phi0.37   phi0.38    phi0.39   phi0.40   phi0.41
id   703.000   704.000    705.00   730.000 812.000000   814.000    817.00
A   2104.520 16189.942  11008.58  8568.423  14.288409  1378.596  38988.97
a  -1912.114 -3740.429 -11997.54 -8287.074  -3.756795 -1343.377 -24466.18
     phi0.42   phi0.43   phi0.44   phi0.45    phi0.46   phi0.47   phi0.48
id   818.000   822.000   824.000  830.0000 832.000000  835.0000   844.000
A   1352.156  5258.577 11323.457  772.5079   9.990667  238.7801  7412.483
a  -1347.979 -1038.219 -8526.931 -803.2521  -5.469801 -207.6599 -3932.280
     phi0.49   phi0.50    phi0.51   phi0.52   phi0.53   phi0.54   phi0.55
id   849.000  855.0000 876.000000 877.00000 878.00000 879.00000 882.00000
A   4572.296  712.9972   6.844024 111.20447  57.93695  98.89629  62.41352
a  -2613.722 -634.5509  -5.570162 -98.09038 -57.08840 -87.64920 -85.53267
     phi0.56   phi0.57   phi0.58   phi0.59   phi0.60   phi0.61   phi0.62
id  883.0000  884.0000  885.0000   887.000  888.0000    892.00   979.000
A   298.1711  251.1904  868.0909  1928.972   98.5296  14512.72  3072.052
a  -221.8071 -261.8052 -519.8632 -1247.985 -123.8801 -14331.49 -1295.077
     phi0.63   phi0.64   phi0.65   phi0.66
id   986.000 1012.0000  1026.000  1030.000
A  10788.253 7510.3170  2623.432  1217.189
a  -8070.492  -62.2787 -3090.169 -1331.518
FIRE:  7  stops.  0 hits of maxmove.  0 hits of dtmax.
Frms = 8.20755999658572e-06; Ftanrms = 8.2060236483431e-06
E =  0.00744 | E_L =  0.00744 | E_A =  0.00000 |   0 flippped triangles
E =  0.00507 | E_L =  0.00505 | E_A =  0.00001 |   0 flippped triangles
E =  0.00466 | E_L =  0.00466 | E_A =  0.00000 |   0 flippped triangles
E =  0.00438 | E_L =  0.00438 | E_A =  0.00000 |   0 flippped triangles
E =  0.00417 | E_L =  0.00417 | E_A =  0.00000 |   0 flippped triangles
E =  0.00402 | E_L =  0.00402 | E_A =  0.00000 |   0 flippped triangles
E =  0.00396 | E_L =  0.00396 | E_A =  0.00000 |   0 flippped triangles
E =  0.00394 | E_L =  0.00394 | E_A =  0.00000 |   0 flippped triangles
E =  0.00391 | E_L =  0.00391 | E_A =  0.00000 |   0 flippped triangles
E =  0.00391 | E_L =  0.00391 | E_A =  0.00000 |   0 flippped triangles
Optimising mapping with BFGS...
E =  0.00391 | E_L =  0.00391 | E_A =  0.00000 |   0 flippped triangles
Transforming image...
Mapping optimised. Error: 0.003909512 ; 0 flipped triangles.
Inferring coordinates of datapoints
Inferring coordinates of landmarks
Mapping optimised. Error: 0.003909512 ; 0 flipped triangles. OD displacement: 6.910192 degrees.
Computing Kernel Density estimates of datapoints

[1] 0.8
Saving developmental_retina/data/C57BL6J/P22/AP/GM120-2/R-CONTRA/r.mat
