[1] "Adding old segment 1"
[1] "Adding old segment 2"
[1] "Adding old segment 4"
[1] "Adding old segment 5"
[1] "Adding old segment 6"
[1] "Storing new segment 1"
[1] "Adding old segment 3"
[1] "Storing new segment 2"
simplify.outline: Removing vertex 35
simplify.outline: Removing vertex 81
simplify.outline: Removing vertex 163
Triangulating...
[1] "Non-adjacent points in rim connected by line: 14 11"
[1] "In triangle: 259" "In triangle: 268"
[1] "Other points in triangles: 12 193"
[1] "Non-adjacent points in rim connected by line: 14 12"
[1] "In triangle: 259" "In triangle: 267"
[1] "Other points in triangles: 507 13"
[1] "Non-adjacent points in rim connected by line: 55 51"
[1] "In triangle: 228" "In triangle: 232"
[1] "Other points in triangles: 52 165"
[1] "Non-adjacent points in rim connected by line: 55 52"
[1] "In triangle: 225" "In triangle: 228"
[1] "Other points in triangles: 53 509"
[1] "Non-adjacent points in rim connected by line: 55 53"
[1] "In triangle: 225" "In triangle: 233"
[1] "Other points in triangles: 510 54"
[1] "Non-adjacent points in rim connected by line: 56 50"
[1] "In triangle: 87"  "In triangle: 217"
[1] "Other points in triangles: 165 167"
[1] "Non-adjacent points in rim connected by line: 93 90"
[1] "In triangle: 43" "In triangle: 45"
[1] "Other points in triangles: 197 91"
[1] "Non-adjacent points in rim connected by line: 93 91"
[1] "In triangle: 39" "In triangle: 45"
[1] "Other points in triangles: 92 513"
[1] "Non-adjacent points in rim connected by line: 104 102"
[1] "In triangle: 1"  "In triangle: 15"
[1] "Other points in triangles: 103 229"
[1] "Non-adjacent points in rim connected by line: 161 1"
[1] "In triangle: 243" "In triangle: 280"
[1] "Other points in triangles: 162 291"
Stitching...
Tear 1 child of rim
Tear 2 child of rim
Tear 3 child of rim
Tear 4 child of rim
Tear 5 child of rim
Tear 1 : Sf = 3777.08905999001 ; Sb = 3939.63059617133
  Forwards path
    i = 40 ; sf/Sf = 0.0367808218678501 ; sf = 138.924439894498
      k =   41 ; sb/Sb = 0 ; sb = 0
      k =   42 ; sb/Sb = 0.0897068728435869 ; sb = 353.411940941446
      Creating new point: f = 0.410011192029637
    i = 39 ; sf/Sf = 0.127340674203089 ; sf = 480.977067424239
      k =   41 ; sb/Sb = 0 ; sb = 0
      k =   42 ; sb/Sb = 0.0897068728435869 ; sb = 353.411940941446
      k =   43 ; sb/Sb = 0.154719305670722 ; sb = 609.53691043876
      Creating new point: f = 0.578870836284017
    i = 38 ; sf/Sf = 0.187713909093248 ; sf = 709.012152444067
      k =   41 ; sb/Sb = 0 ; sb = 0
      k =   42 ; sb/Sb = 0.0897068728435869 ; sb = 353.411940941446
      k =   43 ; sb/Sb = 0.154719305670722 ; sb = 609.53691043876
      k =   44 ; sb/Sb = 0.223018217046567 ; sb = 878.609391380234
      Creating new point: f = 0.483091205377474
    i = 37 ; sf/Sf = 0.27540310518397 ; sf = 1040.22205567765
      k =   41 ; sb/Sb = 0 ; sb = 0
      k =   42 ; sb/Sb = 0.0897068728435869 ; sb = 353.411940941446
      k =   43 ; sb/Sb = 0.154719305670722 ; sb = 609.53691043876
      k =   44 ; sb/Sb = 0.223018217046567 ; sb = 878.609391380234
      k =   45 ; sb/Sb = 0.286475943322467 ; sb = 1128.60939138023
      Creating new point: f = 0.825508432332499
    i = 36 ; sf/Sf = 0.373075500262446 ; sf = 1409.13939059159
      k =   41 ; sb/Sb = 0 ; sb = 0
      k =   42 ; sb/Sb = 0.0897068728435869 ; sb = 353.411940941446
      k =   43 ; sb/Sb = 0.154719305670722 ; sb = 609.53691043876
      k =   44 ; sb/Sb = 0.223018217046567 ; sb = 878.609391380234
      k =   45 ; sb/Sb = 0.286475943322467 ; sb = 1128.60939138023
      k =   46 ; sb/Sb = 0.375895062825327 ; sb = 1480.8876904564
      Creating new point: f = 0.968468012450163
    i = 35 ; sf/Sf = 0.477979633797552 ; sf = 1805.37164571476
      k =   41 ; sb/Sb = 0 ; sb = 0
      k =   42 ; sb/Sb = 0.0897068728435869 ; sb = 353.411940941446
      k =   43 ; sb/Sb = 0.154719305670722 ; sb = 609.53691043876
      k =   44 ; sb/Sb = 0.223018217046567 ; sb = 878.609391380234
      k =   45 ; sb/Sb = 0.286475943322467 ; sb = 1128.60939138023
      k =   46 ; sb/Sb = 0.375895062825327 ; sb = 1480.8876904564
      k =   47 ; sb/Sb = 0.430217248717149 ; sb = 1694.89703604673
      k =   48 ; sb/Sb = 0.481299732991324 ; sb = 1896.14315402171
      Creating new point: f = 0.935005134520226
    i = 34 ; sf/Sf = 0.531588263114251 ; sf = 2007.85621302793
      k =   41 ; sb/Sb = 0 ; sb = 0
      k =   42 ; sb/Sb = 0.0897068728435869 ; sb = 353.411940941446
      k =   43 ; sb/Sb = 0.154719305670722 ; sb = 609.53691043876
      k =   44 ; sb/Sb = 0.223018217046567 ; sb = 878.609391380234
      k =   45 ; sb/Sb = 0.286475943322467 ; sb = 1128.60939138023
      k =   46 ; sb/Sb = 0.375895062825327 ; sb = 1480.8876904564
      k =   47 ; sb/Sb = 0.430217248717149 ; sb = 1694.89703604673
      k =   48 ; sb/Sb = 0.481299732991324 ; sb = 1896.14315402171
      k =   49 ; sb/Sb = 0.50922113255272 ; sb = 2006.14315402171
      k =   50 ; sb/Sb = 0.546955809407362 ; sb = 2154.8038414949
      Creating new point: f = 0.59274737260085
    i = 33 ; sf/Sf = 0.582169472270578 ; sf = 2198.90594477336
      k =   41 ; sb/Sb = 0 ; sb = 0
      k =   42 ; sb/Sb = 0.0897068728435869 ; sb = 353.411940941446
      k =   43 ; sb/Sb = 0.154719305670722 ; sb = 609.53691043876
      k =   44 ; sb/Sb = 0.223018217046567 ; sb = 878.609391380234
      k =   45 ; sb/Sb = 0.286475943322467 ; sb = 1128.60939138023
      k =   46 ; sb/Sb = 0.375895062825327 ; sb = 1480.8876904564
      k =   47 ; sb/Sb = 0.430217248717149 ; sb = 1694.89703604673
      k =   48 ; sb/Sb = 0.481299732991324 ; sb = 1896.14315402171
      k =   49 ; sb/Sb = 0.50922113255272 ; sb = 2006.14315402171
      k =   50 ; sb/Sb = 0.546955809407362 ; sb = 2154.8038414949
      k =   51 ; sb/Sb = 0.587089999440834 ; sb = 2312.91772450332
      Creating new point: f = 0.877398119504788
    i = 32 ; sf/Sf = 0.626233344508574 ; sf = 2365.33911454429
      k =   41 ; sb/Sb = 0 ; sb = 0
      k =   42 ; sb/Sb = 0.0897068728435869 ; sb = 353.411940941446
      k =   43 ; sb/Sb = 0.154719305670722 ; sb = 609.53691043876
      k =   44 ; sb/Sb = 0.223018217046567 ; sb = 878.609391380234
      k =   45 ; sb/Sb = 0.286475943322467 ; sb = 1128.60939138023
      k =   46 ; sb/Sb = 0.375895062825327 ; sb = 1480.8876904564
      k =   47 ; sb/Sb = 0.430217248717149 ; sb = 1694.89703604673
      k =   48 ; sb/Sb = 0.481299732991324 ; sb = 1896.14315402171
      k =   49 ; sb/Sb = 0.50922113255272 ; sb = 2006.14315402171
      k =   50 ; sb/Sb = 0.546955809407362 ; sb = 2154.8038414949
      k =   51 ; sb/Sb = 0.587089999440834 ; sb = 2312.91772450332
      k =   52 ; sb/Sb = 0.605569168265331 ; sb = 2385.71882339612
      k =   53 ; sb/Sb = 0.628971221407706 ; sb = 2477.91426796905
      Creating new point: f = 0.883006978811841
    i = 31 ; sf/Sf = 0.691783392212096 ; sf = 2612.92748260709
      k =   41 ; sb/Sb = 0 ; sb = 0
      k =   42 ; sb/Sb = 0.0897068728435869 ; sb = 353.411940941446
      k =   43 ; sb/Sb = 0.154719305670722 ; sb = 609.53691043876
      k =   44 ; sb/Sb = 0.223018217046567 ; sb = 878.609391380234
      k =   45 ; sb/Sb = 0.286475943322467 ; sb = 1128.60939138023
      k =   46 ; sb/Sb = 0.375895062825327 ; sb = 1480.8876904564
      k =   47 ; sb/Sb = 0.430217248717149 ; sb = 1694.89703604673
      k =   48 ; sb/Sb = 0.481299732991324 ; sb = 1896.14315402171
      k =   49 ; sb/Sb = 0.50922113255272 ; sb = 2006.14315402171
      k =   50 ; sb/Sb = 0.546955809407362 ; sb = 2154.8038414949
      k =   51 ; sb/Sb = 0.587089999440834 ; sb = 2312.91772450332
      k =   52 ; sb/Sb = 0.605569168265331 ; sb = 2385.71882339612
      k =   53 ; sb/Sb = 0.628971221407706 ; sb = 2477.91426796905
      k =   54 ; sb/Sb = 0.642640433978976 ; sb = 2531.7659160404
      k =   55 ; sb/Sb = 0.672350579702016 ; sb = 2648.81291514759
      k =   56 ; sb/Sb = 0.687151337672857 ; sb = 2707.12243409605
      k =   57 ; sb/Sb = 0.703404445879641 ; sb = 2771.15367647037
      Creating new point: f = 0.284994997898676
    i = 30 ; sf/Sf = 0.753817272418728 ; sf = 2847.23497288429
      k =   41 ; sb/Sb = 0 ; sb = 0
      k =   42 ; sb/Sb = 0.0897068728435869 ; sb = 353.411940941446
      k =   43 ; sb/Sb = 0.154719305670722 ; sb = 609.53691043876
      k =   44 ; sb/Sb = 0.223018217046567 ; sb = 878.609391380234
      k =   45 ; sb/Sb = 0.286475943322467 ; sb = 1128.60939138023
      k =   46 ; sb/Sb = 0.375895062825327 ; sb = 1480.8876904564
      k =   47 ; sb/Sb = 0.430217248717149 ; sb = 1694.89703604673
      k =   48 ; sb/Sb = 0.481299732991324 ; sb = 1896.14315402171
      k =   49 ; sb/Sb = 0.50922113255272 ; sb = 2006.14315402171
      k =   50 ; sb/Sb = 0.546955809407362 ; sb = 2154.8038414949
      k =   51 ; sb/Sb = 0.587089999440834 ; sb = 2312.91772450332
      k =   52 ; sb/Sb = 0.605569168265331 ; sb = 2385.71882339612
      k =   53 ; sb/Sb = 0.628971221407706 ; sb = 2477.91426796905
      k =   54 ; sb/Sb = 0.642640433978976 ; sb = 2531.7659160404
      k =   55 ; sb/Sb = 0.672350579702016 ; sb = 2648.81291514759
      k =   56 ; sb/Sb = 0.687151337672857 ; sb = 2707.12243409605
      k =   57 ; sb/Sb = 0.703404445879641 ; sb = 2771.15367647037
      k =   58 ; sb/Sb = 0.733114591602681 ; sb = 2888.20067557757
      k =   59 ; sb/Sb = 0.755959373062005 ; sb = 2978.20067557757
      Creating new point: f = 0.906232386285218
    i = 29 ; sf/Sf = 0.807098017134743 ; sf = 3048.48109085927
      k =   41 ; sb/Sb = 0 ; sb = 0
      k =   42 ; sb/Sb = 0.0897068728435869 ; sb = 353.411940941446
      k =   43 ; sb/Sb = 0.154719305670722 ; sb = 609.53691043876
      k =   44 ; sb/Sb = 0.223018217046567 ; sb = 878.609391380234
      k =   45 ; sb/Sb = 0.286475943322467 ; sb = 1128.60939138023
      k =   46 ; sb/Sb = 0.375895062825327 ; sb = 1480.8876904564
      k =   47 ; sb/Sb = 0.430217248717149 ; sb = 1694.89703604673
      k =   48 ; sb/Sb = 0.481299732991324 ; sb = 1896.14315402171
      k =   49 ; sb/Sb = 0.50922113255272 ; sb = 2006.14315402171
      k =   50 ; sb/Sb = 0.546955809407362 ; sb = 2154.8038414949
      k =   51 ; sb/Sb = 0.587089999440834 ; sb = 2312.91772450332
      k =   52 ; sb/Sb = 0.605569168265331 ; sb = 2385.71882339612
      k =   53 ; sb/Sb = 0.628971221407706 ; sb = 2477.91426796905
      k =   54 ; sb/Sb = 0.642640433978976 ; sb = 2531.7659160404
      k =   55 ; sb/Sb = 0.672350579702016 ; sb = 2648.81291514759
      k =   56 ; sb/Sb = 0.687151337672857 ; sb = 2707.12243409605
      k =   57 ; sb/Sb = 0.703404445879641 ; sb = 2771.15367647037
      k =   58 ; sb/Sb = 0.733114591602681 ; sb = 2888.20067557757
      k =   59 ; sb/Sb = 0.755959373062005 ; sb = 2978.20067557757
      k =   60 ; sb/Sb = 0.788957390725472 ; sb = 3108.20067557757
      k =   61 ; sb/Sb = 0.81733654865557 ; sb = 3220.00407445256
      Creating new point: f = 0.639223561669946
    i = 28 ; sf/Sf = 0.884286452491106 ; sf = 3340.02868560154
      k =   41 ; sb/Sb = 0 ; sb = 0
      k =   42 ; sb/Sb = 0.0897068728435869 ; sb = 353.411940941446
      k =   43 ; sb/Sb = 0.154719305670722 ; sb = 609.53691043876
      k =   44 ; sb/Sb = 0.223018217046567 ; sb = 878.609391380234
      k =   45 ; sb/Sb = 0.286475943322467 ; sb = 1128.60939138023
      k =   46 ; sb/Sb = 0.375895062825327 ; sb = 1480.8876904564
      k =   47 ; sb/Sb = 0.430217248717149 ; sb = 1694.89703604673
      k =   48 ; sb/Sb = 0.481299732991324 ; sb = 1896.14315402171
      k =   49 ; sb/Sb = 0.50922113255272 ; sb = 2006.14315402171
      k =   50 ; sb/Sb = 0.546955809407362 ; sb = 2154.8038414949
      k =   51 ; sb/Sb = 0.587089999440834 ; sb = 2312.91772450332
      k =   52 ; sb/Sb = 0.605569168265331 ; sb = 2385.71882339612
      k =   53 ; sb/Sb = 0.628971221407706 ; sb = 2477.91426796905
      k =   54 ; sb/Sb = 0.642640433978976 ; sb = 2531.7659160404
      k =   55 ; sb/Sb = 0.672350579702016 ; sb = 2648.81291514759
      k =   56 ; sb/Sb = 0.687151337672857 ; sb = 2707.12243409605
      k =   57 ; sb/Sb = 0.703404445879641 ; sb = 2771.15367647037
      k =   58 ; sb/Sb = 0.733114591602681 ; sb = 2888.20067557757
      k =   59 ; sb/Sb = 0.755959373062005 ; sb = 2978.20067557757
      k =   60 ; sb/Sb = 0.788957390725472 ; sb = 3108.20067557757
      k =   61 ; sb/Sb = 0.81733654865557 ; sb = 3220.00407445256
      k =   62 ; sb/Sb = 0.852872875370074 ; sb = 3360.00407445256
      k =   63 ; sb/Sb = 0.873804308025839 ; sb = 3442.46618696491
      k =   64 ; sb/Sb = 0.896649089485163 ; sb = 3532.46618696491
      Creating new point: f = 0.458841967209502
    i = 27 ; sf/Sf = 0.944717710686239 ; sf = 3568.2829298118
      k =   41 ; sb/Sb = 0 ; sb = 0
      k =   42 ; sb/Sb = 0.0897068728435869 ; sb = 353.411940941446
      k =   43 ; sb/Sb = 0.154719305670722 ; sb = 609.53691043876
      k =   44 ; sb/Sb = 0.223018217046567 ; sb = 878.609391380234
      k =   45 ; sb/Sb = 0.286475943322467 ; sb = 1128.60939138023
      k =   46 ; sb/Sb = 0.375895062825327 ; sb = 1480.8876904564
      k =   47 ; sb/Sb = 0.430217248717149 ; sb = 1694.89703604673
      k =   48 ; sb/Sb = 0.481299732991324 ; sb = 1896.14315402171
      k =   49 ; sb/Sb = 0.50922113255272 ; sb = 2006.14315402171
      k =   50 ; sb/Sb = 0.546955809407362 ; sb = 2154.8038414949
      k =   51 ; sb/Sb = 0.587089999440834 ; sb = 2312.91772450332
      k =   52 ; sb/Sb = 0.605569168265331 ; sb = 2385.71882339612
      k =   53 ; sb/Sb = 0.628971221407706 ; sb = 2477.91426796905
      k =   54 ; sb/Sb = 0.642640433978976 ; sb = 2531.7659160404
      k =   55 ; sb/Sb = 0.672350579702016 ; sb = 2648.81291514759
      k =   56 ; sb/Sb = 0.687151337672857 ; sb = 2707.12243409605
      k =   57 ; sb/Sb = 0.703404445879641 ; sb = 2771.15367647037
      k =   58 ; sb/Sb = 0.733114591602681 ; sb = 2888.20067557757
      k =   59 ; sb/Sb = 0.755959373062005 ; sb = 2978.20067557757
      k =   60 ; sb/Sb = 0.788957390725472 ; sb = 3108.20067557757
      k =   61 ; sb/Sb = 0.81733654865557 ; sb = 3220.00407445256
      k =   62 ; sb/Sb = 0.852872875370074 ; sb = 3360.00407445256
      k =   63 ; sb/Sb = 0.873804308025839 ; sb = 3442.46618696491
      k =   64 ; sb/Sb = 0.896649089485163 ; sb = 3532.46618696491
      k =   65 ; sb/Sb = 0.938511954796694 ; sb = 3697.39041198962
      k =   66 ; sb/Sb = 0.973866508827014 ; sb = 3836.67429476146
      Creating new point: f = 0.175529180320675
Tear 2 : Sf = 1794.01854089684 ; Sb = 1869.23822217469
  Forwards path
    i = 2 ; sf/Sf = 0.05738864959467 ; sf = 102.95630140987
      k =    3 ; sb/Sb = 0 ; sb = 0
      k =    4 ; sb/Sb = 0.0760345590783863 ; sb = 142.126704035519
      Creating new point: f = 0.754770597610835
    i = 1 ; sf/Sf = 0.118703512006856 ; sf = 212.95630140987
      k =    3 ; sb/Sb = 0 ; sb = 0
      k =    4 ; sb/Sb = 0.0760345590783863 ; sb = 142.126704035519
      k =    5 ; sb/Sb = 0.230345603339797 ; sb = 430.570806072638
      Creating new point: f = 0.276512631566318
    i = 162 ; sf/Sf = 0.191380602645436 ; sf = 343.340349513923
      k =    3 ; sb/Sb = 0 ; sb = 0
      k =    4 ; sb/Sb = 0.0760345590783863 ; sb = 142.126704035519
      k =    5 ; sb/Sb = 0.230345603339797 ; sb = 430.570806072638
      Creating new point: f = 0.747490525510586
    i = 161 ; sf/Sf = 0.263843621859837 ; sf = 473.340349513923
      k =    3 ; sb/Sb = 0 ; sb = 0
      k =    4 ; sb/Sb = 0.0760345590783863 ; sb = 142.126704035519
      k =    5 ; sb/Sb = 0.230345603339797 ; sb = 430.570806072638
      k =    6 ; sb/Sb = 0.367366645633345 ; sb = 686.695775569952
      Creating new point: f = 0.244473534570514
    i = 160 ; sf/Sf = 0.367527473579895 ; sf = 659.351101891306
      k =    3 ; sb/Sb = 0 ; sb = 0
      k =    4 ; sb/Sb = 0.0760345590783863 ; sb = 142.126704035519
      k =    5 ; sb/Sb = 0.230345603339797 ; sb = 430.570806072638
      k =    6 ; sb/Sb = 0.367366645633345 ; sb = 686.695775569952
      k =    7 ; sb/Sb = 0.489477482819584 ; sb = 914.950019780219
      Creating new point: f = 0.00131706530112602
    i = 159 ; sf/Sf = 0.469853950883238 ; sf = 842.926699398164
      k =    3 ; sb/Sb = 0 ; sb = 0
      k =    4 ; sb/Sb = 0.0760345590783863 ; sb = 142.126704035519
      k =    5 ; sb/Sb = 0.230345603339797 ; sb = 430.570806072638
      k =    6 ; sb/Sb = 0.367366645633345 ; sb = 686.695775569952
      k =    7 ; sb/Sb = 0.489477482819584 ; sb = 914.950019780219
      Creating new point: f = 0.839297376150027
    i = 158 ; sf/Sf = 0.557987868902489 ; sf = 1001.04058240658
      k =    3 ; sb/Sb = 0 ; sb = 0
      k =    4 ; sb/Sb = 0.0760345590783863 ; sb = 142.126704035519
      k =    5 ; sb/Sb = 0.230345603339797 ; sb = 430.570806072638
      k =    6 ; sb/Sb = 0.367366645633345 ; sb = 686.695775569952
      k =    7 ; sb/Sb = 0.489477482819584 ; sb = 914.950019780219
      k =    8 ; sb/Sb = 0.588989011190203 ; sb = 1100.9607721576
      Creating new point: f = 0.688466825951526
    i = 157 ; sf/Sf = 0.685218574163852 ; sf = 1229.29482661685
      k =    3 ; sb/Sb = 0 ; sb = 0
      k =    4 ; sb/Sb = 0.0760345590783863 ; sb = 142.126704035519
      k =    5 ; sb/Sb = 0.230345603339797 ; sb = 430.570806072638
      k =    6 ; sb/Sb = 0.367366645633345 ; sb = 686.695775569952
      k =    7 ; sb/Sb = 0.489477482819584 ; sb = 914.950019780219
      k =    8 ; sb/Sb = 0.588989011190203 ; sb = 1100.9607721576
      k =    9 ; sb/Sb = 0.717828604088994 ; sb = 1341.79266373345
      Creating new point: f = 0.746894342092821
    i = 156 ; sf/Sf = 0.807467657434182 ; sf = 1448.61194861146
      k =    3 ; sb/Sb = 0 ; sb = 0
      k =    4 ; sb/Sb = 0.0760345590783863 ; sb = 142.126704035519
      k =    5 ; sb/Sb = 0.230345603339797 ; sb = 430.570806072638
      k =    6 ; sb/Sb = 0.367366645633345 ; sb = 686.695775569952
      k =    7 ; sb/Sb = 0.489477482819584 ; sb = 914.950019780219
      k =    8 ; sb/Sb = 0.588989011190203 ; sb = 1100.9607721576
      k =    9 ; sb/Sb = 0.717828604088994 ; sb = 1341.79266373345
      k =   10 ; sb/Sb = 0.802415940862189 ; sb = 1499.90654674187
      k =   11 ; sb/Sb = 0.888678437024063 ; sb = 1661.15170170784
      Creating new point: f = 0.0585621422606755
    i = 155 ; sf/Sf = 0.927536980785599 ; sf = 1664.01854089684
      k =    3 ; sb/Sb = 0 ; sb = 0
      k =    4 ; sb/Sb = 0.0760345590783863 ; sb = 142.126704035519
      k =    5 ; sb/Sb = 0.230345603339797 ; sb = 430.570806072638
      k =    6 ; sb/Sb = 0.367366645633345 ; sb = 686.695775569952
      k =    7 ; sb/Sb = 0.489477482819584 ; sb = 914.950019780219
      k =    8 ; sb/Sb = 0.588989011190203 ; sb = 1100.9607721576
      k =    9 ; sb/Sb = 0.717828604088994 ; sb = 1341.79266373345
      k =   10 ; sb/Sb = 0.802415940862189 ; sb = 1499.90654674187
      k =   11 ; sb/Sb = 0.888678437024063 ; sb = 1661.15170170784
      k =   12 ; sb/Sb = 1 ; sb = 1869.23822217469
      Creating new point: f = 0.349065740030399
Tear 3 : Sf = 925.091753511853 ; Sb = 997.205053568822
  Forwards path
    i = 145 ; sf/Sf = 0.120856551202147 ; sf = 111.803398874989
      k =  146 ; sb/Sb = 0 ; sb = 0
      k =  147 ; sb/Sb = 0.130364361406666 ; sb = 130
      Creating new point: f = 0.92706741242831
    i = 144 ; sf/Sf = 0.218144198247254 ; sf = 201.803398874989
      k =  146 ; sb/Sb = 0 ; sb = 0
      k =  147 ; sb/Sb = 0.130364361406666 ; sb = 130
      k =  148 ; sb/Sb = 0.339755729241126 ; sb = 338.806130178211
      Creating new point: f = 0.419214209966785
    i = 143 ; sf/Sf = 0.302570955336561 ; sf = 279.905895634056
      k =  146 ; sb/Sb = 0 ; sb = 0
      k =  147 ; sb/Sb = 0.130364361406666 ; sb = 130
      k =  148 ; sb/Sb = 0.339755729241126 ; sb = 338.806130178211
      Creating new point: f = 0.822414962521463
    i = 142 ; sf/Sf = 0.481503967055758 ; sf = 445.435349206525
      k =  146 ; sb/Sb = 0 ; sb = 0
      k =  147 ; sb/Sb = 0.130364361406666 ; sb = 130
      k =  148 ; sb/Sb = 0.339755729241126 ; sb = 338.806130178211
      k =  149 ; sb/Sb = 0.518299688189646 ; sb = 516.85106832586
      Creating new point: f = 0.79391225919608
    i = 141 ; sf/Sf = 0.680238592470562 ; sf = 629.283112315027
      k =  146 ; sb/Sb = 0 ; sb = 0
      k =  147 ; sb/Sb = 0.130364361406666 ; sb = 130
      k =  148 ; sb/Sb = 0.339755729241126 ; sb = 338.806130178211
      k =  149 ; sb/Sb = 0.518299688189646 ; sb = 516.85106832586
      k =  150 ; sb/Sb = 0.626769393469228 ; sb = 625.017606589779
      k =  151 ; sb/Sb = 0.757518879382312 ; sb = 755.401654693832
      Creating new point: f = 0.408943856474337
    i = 140 ; sf/Sf = 0.849437764153568 ; sf = 785.807870740012
      k =  146 ; sb/Sb = 0 ; sb = 0
      k =  147 ; sb/Sb = 0.130364361406666 ; sb = 130
      k =  148 ; sb/Sb = 0.339755729241126 ; sb = 338.806130178211
      k =  149 ; sb/Sb = 0.518299688189646 ; sb = 516.85106832586
      k =  150 ; sb/Sb = 0.626769393469228 ; sb = 625.017606589779
      k =  151 ; sb/Sb = 0.757518879382312 ; sb = 755.401654693832
      k =  152 ; sb/Sb = 0.869635638593334 ; sb = 867.205053568822
      Creating new point: f = 0.819849640839598
Tear 4 : Sf = 1591.48782234651 ; Sb = 2024.91628391482
  Forwards path
    i = 119 ; sf/Sf = 0.0490751456985144 ; sf = 78.1024967590665
      k =  120 ; sb/Sb = 0 ; sb = 0
      k =  121 ; sb/Sb = 0.0455304968927828 ; sb = 92.1954445729289
      k =  122 ; sb/Sb = 0.131777268353423 ; sb = 266.837936538659
      Creating new point: f = 0.0410989158863686
    i = 118 ; sf/Sf = 0.124476288148395 ; sf = 198.102496759067
      k =  120 ; sb/Sb = 0 ; sb = 0
      k =  121 ; sb/Sb = 0.0455304968927828 ; sb = 92.1954445729289
      k =  122 ; sb/Sb = 0.131777268353423 ; sb = 266.837936538659
      Creating new point: f = 0.915347785414097
    i = 117 ; sf/Sf = 0.169786735703664 ; sf = 270.213522268346
      k =  120 ; sb/Sb = 0 ; sb = 0
      k =  121 ; sb/Sb = 0.0455304968927828 ; sb = 92.1954445729289
      k =  122 ; sb/Sb = 0.131777268353423 ; sb = 266.837936538659
      k =  123 ; sb/Sb = 0.177307765246205 ; sb = 359.033381111588
      Creating new point: f = 0.834813365638142
    i = 116 ; sf/Sf = 0.323184775504385 ; sf = 514.34463458302
      k =  120 ; sb/Sb = 0 ; sb = 0
      k =  121 ; sb/Sb = 0.0455304968927828 ; sb = 92.1954445729289
      k =  122 ; sb/Sb = 0.131777268353423 ; sb = 266.837936538659
      k =  123 ; sb/Sb = 0.177307765246205 ; sb = 359.033381111588
      k =  124 ; sb/Sb = 0.222838262138988 ; sb = 451.228825684516
      k =  125 ; sb/Sb = 0.249432768044799 ; sb = 505.080473755861
      k =  126 ; sb/Sb = 0.389810624813023 ; sb = 789.333881826899
      Creating new point: f = 0.525382059232871
    i = 115 ; sf/Sf = 0.463686508920284 ; sf = 737.951432332999
      k =  120 ; sb/Sb = 0 ; sb = 0
      k =  121 ; sb/Sb = 0.0455304968927828 ; sb = 92.1954445729289
      k =  122 ; sb/Sb = 0.131777268353423 ; sb = 266.837936538659
      k =  123 ; sb/Sb = 0.177307765246205 ; sb = 359.033381111588
      k =  124 ; sb/Sb = 0.222838262138988 ; sb = 451.228825684516
      k =  125 ; sb/Sb = 0.249432768044799 ; sb = 505.080473755861
      k =  126 ; sb/Sb = 0.389810624813023 ; sb = 789.333881826899
      k =  127 ; sb/Sb = 0.521029187882717 ; sb = 1055.04048693863
      Creating new point: f = 0.56299872806886
    i = 114 ; sf/Sf = 0.589981859472238 ; sf = 938.948944755417
      k =  120 ; sb/Sb = 0 ; sb = 0
      k =  121 ; sb/Sb = 0.0455304968927828 ; sb = 92.1954445729289
      k =  122 ; sb/Sb = 0.131777268353423 ; sb = 266.837936538659
      k =  123 ; sb/Sb = 0.177307765246205 ; sb = 359.033381111588
      k =  124 ; sb/Sb = 0.222838262138988 ; sb = 451.228825684516
      k =  125 ; sb/Sb = 0.249432768044799 ; sb = 505.080473755861
      k =  126 ; sb/Sb = 0.389810624813023 ; sb = 789.333881826899
      k =  127 ; sb/Sb = 0.521029187882717 ; sb = 1055.04048693863
      k =  128 ; sb/Sb = 0.625790079007482 ; sb = 1267.17252129459
      Creating new point: f = 0.658190960855814
    i = 113 ; sf/Sf = 0.780774729358029 ; sf = 1242.5934737692
      k =  120 ; sb/Sb = 0 ; sb = 0
      k =  121 ; sb/Sb = 0.0455304968927828 ; sb = 92.1954445729289
      k =  122 ; sb/Sb = 0.131777268353423 ; sb = 266.837936538659
      k =  123 ; sb/Sb = 0.177307765246205 ; sb = 359.033381111588
      k =  124 ; sb/Sb = 0.222838262138988 ; sb = 451.228825684516
      k =  125 ; sb/Sb = 0.249432768044799 ; sb = 505.080473755861
      k =  126 ; sb/Sb = 0.389810624813023 ; sb = 789.333881826899
      k =  127 ; sb/Sb = 0.521029187882717 ; sb = 1055.04048693863
      k =  128 ; sb/Sb = 0.625790079007482 ; sb = 1267.17252129459
      k =  129 ; sb/Sb = 0.756263076025255 ; sb = 1531.36941756705
      k =  130 ; sb/Sb = 0.808759793529957 ; sb = 1637.6708756944
      Creating new point: f = 0.466917828349525
    i = 112 ; sf/Sf = 0.907226289432338 ; sf = 1443.83959174418
      k =  120 ; sb/Sb = 0 ; sb = 0
      k =  121 ; sb/Sb = 0.0455304968927828 ; sb = 92.1954445729289
      k =  122 ; sb/Sb = 0.131777268353423 ; sb = 266.837936538659
      k =  123 ; sb/Sb = 0.177307765246205 ; sb = 359.033381111588
      k =  124 ; sb/Sb = 0.222838262138988 ; sb = 451.228825684516
      k =  125 ; sb/Sb = 0.249432768044799 ; sb = 505.080473755861
      k =  126 ; sb/Sb = 0.389810624813023 ; sb = 789.333881826899
      k =  127 ; sb/Sb = 0.521029187882717 ; sb = 1055.04048693863
      k =  128 ; sb/Sb = 0.625790079007482 ; sb = 1267.17252129459
      k =  129 ; sb/Sb = 0.756263076025255 ; sb = 1531.36941756705
      k =  130 ; sb/Sb = 0.808759793529957 ; sb = 1637.6708756944
      k =  131 ; sb/Sb = 0.91375322853936 ; sb = 1850.27379194909
      Creating new point: f = 0.937834788370934
Tear 5 : Sf = 1082.27846804181 ; Sb = 1550.13644381492
  Forwards path
    i = 83 ; sf/Sf = 0.0744933765788185 ; sf = 80.6225774829855
      k =   84 ; sb/Sb = 0 ; sb = 0
      k =   85 ; sb/Sb = 0.129824776894936 ; sb = 201.246117974981
      Creating new point: f = 0.573799380676803
    i = 82 ; sf/Sf = 0.22058690765913 ; sf = 238.736460491404
      k =   84 ; sb/Sb = 0 ; sb = 0
      k =   85 ; sb/Sb = 0.129824776894936 ; sb = 201.246117974981
      k =   86 ; sb/Sb = 0.253071819119974 ; sb = 392.295849720409
      Creating new point: f = 0.736424413321584
    i = 81 ; sf/Sf = 0.355119934126017 ; sf = 384.338658277015
      k =   84 ; sb/Sb = 0 ; sb = 0
      k =   85 ; sb/Sb = 0.129824776894936 ; sb = 201.246117974981
      k =   86 ; sb/Sb = 0.253071819119974 ; sb = 392.295849720409
      k =   87 ; sb/Sb = 0.400319659863934 ; sb = 620.550093930676
      Creating new point: f = 0.69303641052019
    i = 80 ; sf/Sf = 0.599056761333303 ; sf = 648.346233925897
      k =   84 ; sb/Sb = 0 ; sb = 0
      k =   85 ; sb/Sb = 0.129824776894936 ; sb = 201.246117974981
      k =   86 ; sb/Sb = 0.253071819119974 ; sb = 392.295849720409
      k =   87 ; sb/Sb = 0.400319659863934 ; sb = 620.550093930676
      k =   88 ; sb/Sb = 0.593851010731148 ; sb = 920.550093930676
      k =   89 ; sb/Sb = 0.712276455303675 ; sb = 1104.12569143753
      Creating new point: f = 0.0439580414576062
    i = 79 ; sf/Sf = 0.794843896771337 ; sf = 860.242434930067
      k =   84 ; sb/Sb = 0 ; sb = 0
      k =   85 ; sb/Sb = 0.129824776894936 ; sb = 201.246117974981
      k =   86 ; sb/Sb = 0.253071819119974 ; sb = 392.295849720409
      k =   87 ; sb/Sb = 0.400319659863934 ; sb = 620.550093930676
      k =   88 ; sb/Sb = 0.593851010731148 ; sb = 920.550093930676
      k =   89 ; sb/Sb = 0.712276455303675 ; sb = 1104.12569143753
      k =   90 ; sb/Sb = 0.832272829248414 ; sb = 1290.13644381492
      Creating new point: f = 0.688082804116114
Tear 1 : Sf = 3939.63059617133 ; Sb = 3777.08905999001
  Backwards path
    i = 42 ; sf/Sf = 0.0897068728435869 ; sf = 353.411940941446
      k =   41 ; sb/Sb = 0 ; sb = 0
      k =   40 ; sb/Sb = 0.0367808218678501 ; sb = 138.924439894498
      k =   39 ; sb/Sb = 0.127340674203089 ; sb = 480.977067424239
      Creating new point: f = 0.584431727867804
    i = 43 ; sf/Sf = 0.154719305670722 ; sf = 609.53691043876
      k =   41 ; sb/Sb = 0 ; sb = 0
      k =   40 ; sb/Sb = 0.0367808218678501 ; sb = 138.924439894498
      k =   39 ; sb/Sb = 0.127340674203089 ; sb = 480.977067424239
      k =   38 ; sb/Sb = 0.187713909093248 ; sb = 709.012152444067
      Creating new point: f = 0.453489555718599
    i = 44 ; sf/Sf = 0.223018217046567 ; sf = 878.609391380234
      k =   41 ; sb/Sb = 0 ; sb = 0
      k =   40 ; sb/Sb = 0.0367808218678501 ; sb = 138.924439894498
      k =   39 ; sb/Sb = 0.127340674203089 ; sb = 480.977067424239
      k =   38 ; sb/Sb = 0.187713909093248 ; sb = 709.012152444067
      k =   37 ; sb/Sb = 0.27540310518397 ; sb = 1040.22205567765
      Creating new point: f = 0.40260727121724
    i = 45 ; sf/Sf = 0.286475943322467 ; sf = 1128.60939138023
      k =   41 ; sb/Sb = 0 ; sb = 0
      k =   40 ; sb/Sb = 0.0367808218678501 ; sb = 138.924439894498
      k =   39 ; sb/Sb = 0.127340674203089 ; sb = 480.977067424239
      k =   38 ; sb/Sb = 0.187713909093248 ; sb = 709.012152444067
      k =   37 ; sb/Sb = 0.27540310518397 ; sb = 1040.22205567765
      k =   36 ; sb/Sb = 0.373075500262446 ; sb = 1409.13939059159
      Creating new point: f = 0.113367120050659
    i = 46 ; sf/Sf = 0.375895062825327 ; sf = 1480.8876904564
      k =   41 ; sb/Sb = 0 ; sb = 0
      k =   40 ; sb/Sb = 0.0367808218678501 ; sb = 138.924439894498
      k =   39 ; sb/Sb = 0.127340674203089 ; sb = 480.977067424239
      k =   38 ; sb/Sb = 0.187713909093248 ; sb = 709.012152444067
      k =   37 ; sb/Sb = 0.27540310518397 ; sb = 1040.22205567765
      k =   36 ; sb/Sb = 0.373075500262446 ; sb = 1409.13939059159
      k =   35 ; sb/Sb = 0.477979633797552 ; sb = 1805.37164571476
      Creating new point: f = 0.0268775163367426
    i = 47 ; sf/Sf = 0.430217248717149 ; sf = 1694.89703604673
      k =   41 ; sb/Sb = 0 ; sb = 0
      k =   40 ; sb/Sb = 0.0367808218678501 ; sb = 138.924439894498
      k =   39 ; sb/Sb = 0.127340674203089 ; sb = 480.977067424239
      k =   38 ; sb/Sb = 0.187713909093248 ; sb = 709.012152444067
      k =   37 ; sb/Sb = 0.27540310518397 ; sb = 1040.22205567765
      k =   36 ; sb/Sb = 0.373075500262446 ; sb = 1409.13939059159
      k =   35 ; sb/Sb = 0.477979633797552 ; sb = 1805.37164571476
      Creating new point: f = 0.544704450903082
    i = 48 ; sf/Sf = 0.481299732991324 ; sf = 1896.14315402171
      k =   41 ; sb/Sb = 0 ; sb = 0
      k =   40 ; sb/Sb = 0.0367808218678501 ; sb = 138.924439894498
      k =   39 ; sb/Sb = 0.127340674203089 ; sb = 480.977067424239
      k =   38 ; sb/Sb = 0.187713909093248 ; sb = 709.012152444067
      k =   37 ; sb/Sb = 0.27540310518397 ; sb = 1040.22205567765
      k =   36 ; sb/Sb = 0.373075500262446 ; sb = 1409.13939059159
      k =   35 ; sb/Sb = 0.477979633797552 ; sb = 1805.37164571476
      k =   34 ; sb/Sb = 0.531588263114251 ; sb = 2007.85621302793
      Creating new point: f = 0.0619321783841691
    i = 49 ; sf/Sf = 0.50922113255272 ; sf = 2006.14315402171
      k =   41 ; sb/Sb = 0 ; sb = 0
      k =   40 ; sb/Sb = 0.0367808218678501 ; sb = 138.924439894498
      k =   39 ; sb/Sb = 0.127340674203089 ; sb = 480.977067424239
      k =   38 ; sb/Sb = 0.187713909093248 ; sb = 709.012152444067
      k =   37 ; sb/Sb = 0.27540310518397 ; sb = 1040.22205567765
      k =   36 ; sb/Sb = 0.373075500262446 ; sb = 1409.13939059159
      k =   35 ; sb/Sb = 0.477979633797552 ; sb = 1805.37164571476
      k =   34 ; sb/Sb = 0.531588263114251 ; sb = 2007.85621302793
      Creating new point: f = 0.582769959862349
    i = 50 ; sf/Sf = 0.546955809407362 ; sf = 2154.8038414949
      k =   41 ; sb/Sb = 0 ; sb = 0
      k =   40 ; sb/Sb = 0.0367808218678501 ; sb = 138.924439894498
      k =   39 ; sb/Sb = 0.127340674203089 ; sb = 480.977067424239
      k =   38 ; sb/Sb = 0.187713909093248 ; sb = 709.012152444067
      k =   37 ; sb/Sb = 0.27540310518397 ; sb = 1040.22205567765
      k =   36 ; sb/Sb = 0.373075500262446 ; sb = 1409.13939059159
      k =   35 ; sb/Sb = 0.477979633797552 ; sb = 1805.37164571476
      k =   34 ; sb/Sb = 0.531588263114251 ; sb = 2007.85621302793
      k =   33 ; sb/Sb = 0.582169472270578 ; sb = 2198.90594477336
      Creating new point: f = 0.303819274972565
    i = 51 ; sf/Sf = 0.587089999440834 ; sf = 2312.91772450332
      k =   41 ; sb/Sb = 0 ; sb = 0
      k =   40 ; sb/Sb = 0.0367808218678501 ; sb = 138.924439894498
      k =   39 ; sb/Sb = 0.127340674203089 ; sb = 480.977067424239
      k =   38 ; sb/Sb = 0.187713909093248 ; sb = 709.012152444067
      k =   37 ; sb/Sb = 0.27540310518397 ; sb = 1040.22205567765
      k =   36 ; sb/Sb = 0.373075500262446 ; sb = 1409.13939059159
      k =   35 ; sb/Sb = 0.477979633797552 ; sb = 1805.37164571476
      k =   34 ; sb/Sb = 0.531588263114251 ; sb = 2007.85621302793
      k =   33 ; sb/Sb = 0.582169472270578 ; sb = 2198.90594477336
      k =   32 ; sb/Sb = 0.626233344508574 ; sb = 2365.33911454429
      Creating new point: f = 0.111668060938433
    i = 52 ; sf/Sf = 0.605569168265331 ; sf = 2385.71882339612
      k =   41 ; sb/Sb = 0 ; sb = 0
      k =   40 ; sb/Sb = 0.0367808218678501 ; sb = 138.924439894498
      k =   39 ; sb/Sb = 0.127340674203089 ; sb = 480.977067424239
      k =   38 ; sb/Sb = 0.187713909093248 ; sb = 709.012152444067
      k =   37 ; sb/Sb = 0.27540310518397 ; sb = 1040.22205567765
      k =   36 ; sb/Sb = 0.373075500262446 ; sb = 1409.13939059159
      k =   35 ; sb/Sb = 0.477979633797552 ; sb = 1805.37164571476
      k =   34 ; sb/Sb = 0.531588263114251 ; sb = 2007.85621302793
      k =   33 ; sb/Sb = 0.582169472270578 ; sb = 2198.90594477336
      k =   32 ; sb/Sb = 0.626233344508574 ; sb = 2365.33911454429
      Creating new point: f = 0.531040392191758
    i = 53 ; sf/Sf = 0.628971221407706 ; sf = 2477.91426796905
      k =   41 ; sb/Sb = 0 ; sb = 0
      k =   40 ; sb/Sb = 0.0367808218678501 ; sb = 138.924439894498
      k =   39 ; sb/Sb = 0.127340674203089 ; sb = 480.977067424239
      k =   38 ; sb/Sb = 0.187713909093248 ; sb = 709.012152444067
      k =   37 ; sb/Sb = 0.27540310518397 ; sb = 1040.22205567765
      k =   36 ; sb/Sb = 0.373075500262446 ; sb = 1409.13939059159
      k =   35 ; sb/Sb = 0.477979633797552 ; sb = 1805.37164571476
      k =   34 ; sb/Sb = 0.531588263114251 ; sb = 2007.85621302793
      k =   33 ; sb/Sb = 0.582169472270578 ; sb = 2198.90594477336
      k =   32 ; sb/Sb = 0.626233344508574 ; sb = 2365.33911454429
      k =   31 ; sb/Sb = 0.691783392212096 ; sb = 2612.92748260709
      Creating new point: f = 0.0417677331298902
    i = 54 ; sf/Sf = 0.642640433978976 ; sf = 2531.7659160404
      k =   41 ; sb/Sb = 0 ; sb = 0
      k =   40 ; sb/Sb = 0.0367808218678501 ; sb = 138.924439894498
      k =   39 ; sb/Sb = 0.127340674203089 ; sb = 480.977067424239
      k =   38 ; sb/Sb = 0.187713909093248 ; sb = 709.012152444067
      k =   37 ; sb/Sb = 0.27540310518397 ; sb = 1040.22205567765
      k =   36 ; sb/Sb = 0.373075500262446 ; sb = 1409.13939059159
      k =   35 ; sb/Sb = 0.477979633797552 ; sb = 1805.37164571476
      k =   34 ; sb/Sb = 0.531588263114251 ; sb = 2007.85621302793
      k =   33 ; sb/Sb = 0.582169472270578 ; sb = 2198.90594477336
      k =   32 ; sb/Sb = 0.626233344508574 ; sb = 2365.33911454429
      k =   31 ; sb/Sb = 0.691783392212096 ; sb = 2612.92748260709
      Creating new point: f = 0.250298665602962
    i = 55 ; sf/Sf = 0.672350579702016 ; sf = 2648.81291514759
      k =   41 ; sb/Sb = 0 ; sb = 0
      k =   40 ; sb/Sb = 0.0367808218678501 ; sb = 138.924439894498
      k =   39 ; sb/Sb = 0.127340674203089 ; sb = 480.977067424239
      k =   38 ; sb/Sb = 0.187713909093248 ; sb = 709.012152444067
      k =   37 ; sb/Sb = 0.27540310518397 ; sb = 1040.22205567765
      k =   36 ; sb/Sb = 0.373075500262446 ; sb = 1409.13939059159
      k =   35 ; sb/Sb = 0.477979633797552 ; sb = 1805.37164571476
      k =   34 ; sb/Sb = 0.531588263114251 ; sb = 2007.85621302793
      k =   33 ; sb/Sb = 0.582169472270578 ; sb = 2198.90594477336
      k =   32 ; sb/Sb = 0.626233344508574 ; sb = 2365.33911454429
      k =   31 ; sb/Sb = 0.691783392212096 ; sb = 2612.92748260709
      Creating new point: f = 0.703542358993032
    i = 56 ; sf/Sf = 0.687151337672857 ; sf = 2707.12243409605
      k =   41 ; sb/Sb = 0 ; sb = 0
      k =   40 ; sb/Sb = 0.0367808218678501 ; sb = 138.924439894498
      k =   39 ; sb/Sb = 0.127340674203089 ; sb = 480.977067424239
      k =   38 ; sb/Sb = 0.187713909093248 ; sb = 709.012152444067
      k =   37 ; sb/Sb = 0.27540310518397 ; sb = 1040.22205567765
      k =   36 ; sb/Sb = 0.373075500262446 ; sb = 1409.13939059159
      k =   35 ; sb/Sb = 0.477979633797552 ; sb = 1805.37164571476
      k =   34 ; sb/Sb = 0.531588263114251 ; sb = 2007.85621302793
      k =   33 ; sb/Sb = 0.582169472270578 ; sb = 2198.90594477336
      k =   32 ; sb/Sb = 0.626233344508574 ; sb = 2365.33911454429
      k =   31 ; sb/Sb = 0.691783392212096 ; sb = 2612.92748260709
      Creating new point: f = 0.929335603839838
    i = 57 ; sf/Sf = 0.703404445879641 ; sf = 2771.15367647037
      k =   41 ; sb/Sb = 0 ; sb = 0
      k =   40 ; sb/Sb = 0.0367808218678501 ; sb = 138.924439894498
      k =   39 ; sb/Sb = 0.127340674203089 ; sb = 480.977067424239
      k =   38 ; sb/Sb = 0.187713909093248 ; sb = 709.012152444067
      k =   37 ; sb/Sb = 0.27540310518397 ; sb = 1040.22205567765
      k =   36 ; sb/Sb = 0.373075500262446 ; sb = 1409.13939059159
      k =   35 ; sb/Sb = 0.477979633797552 ; sb = 1805.37164571476
      k =   34 ; sb/Sb = 0.531588263114251 ; sb = 2007.85621302793
      k =   33 ; sb/Sb = 0.582169472270578 ; sb = 2198.90594477336
      k =   32 ; sb/Sb = 0.626233344508574 ; sb = 2365.33911454429
      k =   31 ; sb/Sb = 0.691783392212096 ; sb = 2612.92748260709
      k =   30 ; sb/Sb = 0.753817272418728 ; sb = 2847.23497288429
      Creating new point: f = 0.187333979896715
    i = 58 ; sf/Sf = 0.733114591602681 ; sf = 2888.20067557757
      k =   41 ; sb/Sb = 0 ; sb = 0
      k =   40 ; sb/Sb = 0.0367808218678501 ; sb = 138.924439894498
      k =   39 ; sb/Sb = 0.127340674203089 ; sb = 480.977067424239
      k =   38 ; sb/Sb = 0.187713909093248 ; sb = 709.012152444067
      k =   37 ; sb/Sb = 0.27540310518397 ; sb = 1040.22205567765
      k =   36 ; sb/Sb = 0.373075500262446 ; sb = 1409.13939059159
      k =   35 ; sb/Sb = 0.477979633797552 ; sb = 1805.37164571476
      k =   34 ; sb/Sb = 0.531588263114251 ; sb = 2007.85621302793
      k =   33 ; sb/Sb = 0.582169472270578 ; sb = 2198.90594477336
      k =   32 ; sb/Sb = 0.626233344508574 ; sb = 2365.33911454429
      k =   31 ; sb/Sb = 0.691783392212096 ; sb = 2612.92748260709
      k =   30 ; sb/Sb = 0.753817272418728 ; sb = 2847.23497288429
      Creating new point: f = 0.666268162702577
    i = 59 ; sf/Sf = 0.755959373062005 ; sf = 2978.20067557757
      k =   41 ; sb/Sb = 0 ; sb = 0
      k =   40 ; sb/Sb = 0.0367808218678501 ; sb = 138.924439894498
      k =   39 ; sb/Sb = 0.127340674203089 ; sb = 480.977067424239
      k =   38 ; sb/Sb = 0.187713909093248 ; sb = 709.012152444067
      k =   37 ; sb/Sb = 0.27540310518397 ; sb = 1040.22205567765
      k =   36 ; sb/Sb = 0.373075500262446 ; sb = 1409.13939059159
      k =   35 ; sb/Sb = 0.477979633797552 ; sb = 1805.37164571476
      k =   34 ; sb/Sb = 0.531588263114251 ; sb = 2007.85621302793
      k =   33 ; sb/Sb = 0.582169472270578 ; sb = 2198.90594477336
      k =   32 ; sb/Sb = 0.626233344508574 ; sb = 2365.33911454429
      k =   31 ; sb/Sb = 0.691783392212096 ; sb = 2612.92748260709
      k =   30 ; sb/Sb = 0.753817272418728 ; sb = 2847.23497288429
      k =   29 ; sb/Sb = 0.807098017134743 ; sb = 3048.48109085927
      Creating new point: f = 0.040204029705178
    i = 60 ; sf/Sf = 0.788957390725472 ; sf = 3108.20067557757
      k =   41 ; sb/Sb = 0 ; sb = 0
      k =   40 ; sb/Sb = 0.0367808218678501 ; sb = 138.924439894498
      k =   39 ; sb/Sb = 0.127340674203089 ; sb = 480.977067424239
      k =   38 ; sb/Sb = 0.187713909093248 ; sb = 709.012152444067
      k =   37 ; sb/Sb = 0.27540310518397 ; sb = 1040.22205567765
      k =   36 ; sb/Sb = 0.373075500262446 ; sb = 1409.13939059159
      k =   35 ; sb/Sb = 0.477979633797552 ; sb = 1805.37164571476
      k =   34 ; sb/Sb = 0.531588263114251 ; sb = 2007.85621302793
      k =   33 ; sb/Sb = 0.582169472270578 ; sb = 2198.90594477336
      k =   32 ; sb/Sb = 0.626233344508574 ; sb = 2365.33911454429
      k =   31 ; sb/Sb = 0.691783392212096 ; sb = 2612.92748260709
      k =   30 ; sb/Sb = 0.753817272418728 ; sb = 2847.23497288429
      k =   29 ; sb/Sb = 0.807098017134743 ; sb = 3048.48109085927
      Creating new point: f = 0.659527536524504
    i = 61 ; sf/Sf = 0.81733654865557 ; sf = 3220.00407445256
      k =   41 ; sb/Sb = 0 ; sb = 0
      k =   40 ; sb/Sb = 0.0367808218678501 ; sb = 138.924439894498
      k =   39 ; sb/Sb = 0.127340674203089 ; sb = 480.977067424239
      k =   38 ; sb/Sb = 0.187713909093248 ; sb = 709.012152444067
      k =   37 ; sb/Sb = 0.27540310518397 ; sb = 1040.22205567765
      k =   36 ; sb/Sb = 0.373075500262446 ; sb = 1409.13939059159
      k =   35 ; sb/Sb = 0.477979633797552 ; sb = 1805.37164571476
      k =   34 ; sb/Sb = 0.531588263114251 ; sb = 2007.85621302793
      k =   33 ; sb/Sb = 0.582169472270578 ; sb = 2198.90594477336
      k =   32 ; sb/Sb = 0.626233344508574 ; sb = 2365.33911454429
      k =   31 ; sb/Sb = 0.691783392212096 ; sb = 2612.92748260709
      k =   30 ; sb/Sb = 0.753817272418728 ; sb = 2847.23497288429
      k =   29 ; sb/Sb = 0.807098017134743 ; sb = 3048.48109085927
      k =   28 ; sb/Sb = 0.884286452491106 ; sb = 3340.02868560153
      Creating new point: f = 0.13264333541103
    i = 62 ; sf/Sf = 0.852872875370074 ; sf = 3360.00407445256
      k =   41 ; sb/Sb = 0 ; sb = 0
      k =   40 ; sb/Sb = 0.0367808218678501 ; sb = 138.924439894498
      k =   39 ; sb/Sb = 0.127340674203089 ; sb = 480.977067424239
      k =   38 ; sb/Sb = 0.187713909093248 ; sb = 709.012152444067
      k =   37 ; sb/Sb = 0.27540310518397 ; sb = 1040.22205567765
      k =   36 ; sb/Sb = 0.373075500262446 ; sb = 1409.13939059159
      k =   35 ; sb/Sb = 0.477979633797552 ; sb = 1805.37164571476
      k =   34 ; sb/Sb = 0.531588263114251 ; sb = 2007.85621302793
      k =   33 ; sb/Sb = 0.582169472270578 ; sb = 2198.90594477336
      k =   32 ; sb/Sb = 0.626233344508574 ; sb = 2365.33911454429
      k =   31 ; sb/Sb = 0.691783392212096 ; sb = 2612.92748260709
      k =   30 ; sb/Sb = 0.753817272418728 ; sb = 2847.23497288429
      k =   29 ; sb/Sb = 0.807098017134743 ; sb = 3048.48109085927
      k =   28 ; sb/Sb = 0.884286452491106 ; sb = 3340.02868560153
      Creating new point: f = 0.593027414326996
    i = 63 ; sf/Sf = 0.873804308025839 ; sf = 3442.46618696491
      k =   41 ; sb/Sb = 0 ; sb = 0
      k =   40 ; sb/Sb = 0.0367808218678501 ; sb = 138.924439894498
      k =   39 ; sb/Sb = 0.127340674203089 ; sb = 480.977067424239
      k =   38 ; sb/Sb = 0.187713909093248 ; sb = 709.012152444067
      k =   37 ; sb/Sb = 0.27540310518397 ; sb = 1040.22205567765
      k =   36 ; sb/Sb = 0.373075500262446 ; sb = 1409.13939059159
      k =   35 ; sb/Sb = 0.477979633797552 ; sb = 1805.37164571476
      k =   34 ; sb/Sb = 0.531588263114251 ; sb = 2007.85621302793
      k =   33 ; sb/Sb = 0.582169472270578 ; sb = 2198.90594477336
      k =   32 ; sb/Sb = 0.626233344508574 ; sb = 2365.33911454429
      k =   31 ; sb/Sb = 0.691783392212096 ; sb = 2612.92748260709
      k =   30 ; sb/Sb = 0.753817272418728 ; sb = 2847.23497288429
      k =   29 ; sb/Sb = 0.807098017134743 ; sb = 3048.48109085927
      k =   28 ; sb/Sb = 0.884286452491106 ; sb = 3340.02868560153
      Creating new point: f = 0.864200583716029
    i = 64 ; sf/Sf = 0.896649089485163 ; sf = 3532.46618696491
      k =   41 ; sb/Sb = 0 ; sb = 0
      k =   40 ; sb/Sb = 0.0367808218678501 ; sb = 138.924439894498
      k =   39 ; sb/Sb = 0.127340674203089 ; sb = 480.977067424239
      k =   38 ; sb/Sb = 0.187713909093248 ; sb = 709.012152444067
      k =   37 ; sb/Sb = 0.27540310518397 ; sb = 1040.22205567765
      k =   36 ; sb/Sb = 0.373075500262446 ; sb = 1409.13939059159
      k =   35 ; sb/Sb = 0.477979633797552 ; sb = 1805.37164571476
      k =   34 ; sb/Sb = 0.531588263114251 ; sb = 2007.85621302793
      k =   33 ; sb/Sb = 0.582169472270578 ; sb = 2198.90594477336
      k =   32 ; sb/Sb = 0.626233344508574 ; sb = 2365.33911454429
      k =   31 ; sb/Sb = 0.691783392212096 ; sb = 2612.92748260709
      k =   30 ; sb/Sb = 0.753817272418728 ; sb = 2847.23497288429
      k =   29 ; sb/Sb = 0.807098017134743 ; sb = 3048.48109085927
      k =   28 ; sb/Sb = 0.884286452491106 ; sb = 3340.02868560153
      k =   27 ; sb/Sb = 0.944717710686239 ; sb = 3568.2829298118
      Creating new point: f = 0.20457354957161
    i = 65 ; sf/Sf = 0.938511954796694 ; sf = 3697.39041198962
      k =   41 ; sb/Sb = 0 ; sb = 0
      k =   40 ; sb/Sb = 0.0367808218678501 ; sb = 138.924439894498
      k =   39 ; sb/Sb = 0.127340674203089 ; sb = 480.977067424239
      k =   38 ; sb/Sb = 0.187713909093248 ; sb = 709.012152444067
      k =   37 ; sb/Sb = 0.27540310518397 ; sb = 1040.22205567765
      k =   36 ; sb/Sb = 0.373075500262446 ; sb = 1409.13939059159
      k =   35 ; sb/Sb = 0.477979633797552 ; sb = 1805.37164571476
      k =   34 ; sb/Sb = 0.531588263114251 ; sb = 2007.85621302793
      k =   33 ; sb/Sb = 0.582169472270578 ; sb = 2198.90594477336
      k =   32 ; sb/Sb = 0.626233344508574 ; sb = 2365.33911454429
      k =   31 ; sb/Sb = 0.691783392212096 ; sb = 2612.92748260709
      k =   30 ; sb/Sb = 0.753817272418728 ; sb = 2847.23497288429
      k =   29 ; sb/Sb = 0.807098017134743 ; sb = 3048.48109085927
      k =   28 ; sb/Sb = 0.884286452491106 ; sb = 3340.02868560153
      k =   27 ; sb/Sb = 0.944717710686239 ; sb = 3568.2829298118
      Creating new point: f = 0.897308841899228
    i = 66 ; sf/Sf = 0.973866508827014 ; sf = 3836.67429476146
      k =   41 ; sb/Sb = 0 ; sb = 0
      k =   40 ; sb/Sb = 0.0367808218678501 ; sb = 138.924439894498
      k =   39 ; sb/Sb = 0.127340674203089 ; sb = 480.977067424239
      k =   38 ; sb/Sb = 0.187713909093248 ; sb = 709.012152444067
      k =   37 ; sb/Sb = 0.27540310518397 ; sb = 1040.22205567765
      k =   36 ; sb/Sb = 0.373075500262446 ; sb = 1409.13939059159
      k =   35 ; sb/Sb = 0.477979633797552 ; sb = 1805.37164571476
      k =   34 ; sb/Sb = 0.531588263114251 ; sb = 2007.85621302793
      k =   33 ; sb/Sb = 0.582169472270578 ; sb = 2198.90594477336
      k =   32 ; sb/Sb = 0.626233344508574 ; sb = 2365.33911454429
      k =   31 ; sb/Sb = 0.691783392212096 ; sb = 2612.92748260709
      k =   30 ; sb/Sb = 0.753817272418728 ; sb = 2847.23497288429
      k =   29 ; sb/Sb = 0.807098017134743 ; sb = 3048.48109085927
      k =   28 ; sb/Sb = 0.884286452491106 ; sb = 3340.02868560153
      k =   27 ; sb/Sb = 0.944717710686239 ; sb = 3568.2829298118
      k =   26 ; sb/Sb = 1 ; sb = 3777.08905999001
      Creating new point: f = 0.527271907560441
Tear 2 : Sf = 1869.23822217469 ; Sb = 1794.01854089684
  Backwards path
    i = 4 ; sf/Sf = 0.0760345590783863 ; sf = 142.126704035519
      k =    3 ; sb/Sb = 0 ; sb = 0
      k =    2 ; sb/Sb = 0.05738864959467 ; sb = 102.95630140987
      k =    1 ; sb/Sb = 0.118703512006856 ; sb = 212.95630140987
      Creating new point: f = 0.304100975687922
    i = 5 ; sf/Sf = 0.230345603339797 ; sf = 430.570806072638
      k =    3 ; sb/Sb = 0 ; sb = 0
      k =    2 ; sb/Sb = 0.05738864959467 ; sb = 102.95630140987
      k =    1 ; sb/Sb = 0.118703512006856 ; sb = 212.95630140987
      k =  162 ; sb/Sb = 0.191380602645436 ; sb = 343.340349513923
      k =  161 ; sb/Sb = 0.263843621859837 ; sb = 473.340349513923
      Creating new point: f = 0.537722566859563
    i = 6 ; sf/Sf = 0.367366645633345 ; sf = 686.695775569952
      k =    3 ; sb/Sb = 0 ; sb = 0
      k =    2 ; sb/Sb = 0.05738864959467 ; sb = 102.95630140987
      k =    1 ; sb/Sb = 0.118703512006856 ; sb = 212.95630140987
      k =  162 ; sb/Sb = 0.191380602645436 ; sb = 343.340349513923
      k =  161 ; sb/Sb = 0.263843621859837 ; sb = 473.340349513923
      k =  160 ; sb/Sb = 0.367527473579895 ; sb = 659.351101891306
      Creating new point: f = 0.998448862152771
    i = 7 ; sf/Sf = 0.489477482819584 ; sf = 914.950019780219
      k =    3 ; sb/Sb = 0 ; sb = 0
      k =    2 ; sb/Sb = 0.05738864959467 ; sb = 102.95630140987
      k =    1 ; sb/Sb = 0.118703512006856 ; sb = 212.95630140987
      k =  162 ; sb/Sb = 0.191380602645436 ; sb = 343.340349513923
      k =  161 ; sb/Sb = 0.263843621859837 ; sb = 473.340349513923
      k =  160 ; sb/Sb = 0.367527473579895 ; sb = 659.351101891306
      k =  159 ; sb/Sb = 0.469853950883238 ; sb = 842.926699398164
      k =  158 ; sb/Sb = 0.557987868902489 ; sb = 1001.04058240658
      Creating new point: f = 0.222655844394198
    i = 8 ; sf/Sf = 0.588989011190203 ; sf = 1100.9607721576
      k =    3 ; sb/Sb = 0 ; sb = 0
      k =    2 ; sb/Sb = 0.05738864959467 ; sb = 102.95630140987
      k =    1 ; sb/Sb = 0.118703512006856 ; sb = 212.95630140987
      k =  162 ; sb/Sb = 0.191380602645436 ; sb = 343.340349513923
      k =  161 ; sb/Sb = 0.263843621859837 ; sb = 473.340349513923
      k =  160 ; sb/Sb = 0.367527473579895 ; sb = 659.351101891306
      k =  159 ; sb/Sb = 0.469853950883238 ; sb = 842.926699398164
      k =  158 ; sb/Sb = 0.557987868902489 ; sb = 1001.04058240658
      k =  157 ; sb/Sb = 0.685218574163852 ; sb = 1229.29482661685
      Creating new point: f = 0.243660853911247
    i = 9 ; sf/Sf = 0.717828604088994 ; sf = 1341.79266373345
      k =    3 ; sb/Sb = 0 ; sb = 0
      k =    2 ; sb/Sb = 0.05738864959467 ; sb = 102.95630140987
      k =    1 ; sb/Sb = 0.118703512006856 ; sb = 212.95630140987
      k =  162 ; sb/Sb = 0.191380602645436 ; sb = 343.340349513923
      k =  161 ; sb/Sb = 0.263843621859837 ; sb = 473.340349513923
      k =  160 ; sb/Sb = 0.367527473579895 ; sb = 659.351101891306
      k =  159 ; sb/Sb = 0.469853950883238 ; sb = 842.926699398164
      k =  158 ; sb/Sb = 0.557987868902489 ; sb = 1001.04058240658
      k =  157 ; sb/Sb = 0.685218574163852 ; sb = 1229.29482661685
      k =  156 ; sb/Sb = 0.807467657434182 ; sb = 1448.61194861146
      Creating new point: f = 0.266750711357329
    i = 10 ; sf/Sf = 0.802415940862189 ; sf = 1499.90654674187
      k =    3 ; sb/Sb = 0 ; sb = 0
      k =    2 ; sb/Sb = 0.05738864959467 ; sb = 102.95630140987
      k =    1 ; sb/Sb = 0.118703512006856 ; sb = 212.95630140987
      k =  162 ; sb/Sb = 0.191380602645436 ; sb = 343.340349513923
      k =  161 ; sb/Sb = 0.263843621859837 ; sb = 473.340349513923
      k =  160 ; sb/Sb = 0.367527473579895 ; sb = 659.351101891306
      k =  159 ; sb/Sb = 0.469853950883238 ; sb = 842.926699398164
      k =  158 ; sb/Sb = 0.557987868902489 ; sb = 1001.04058240658
      k =  157 ; sb/Sb = 0.685218574163852 ; sb = 1229.29482661685
      k =  156 ; sb/Sb = 0.807467657434182 ; sb = 1448.61194861146
      Creating new point: f = 0.958676855180814
    i = 11 ; sf/Sf = 0.888678437024063 ; sf = 1661.15170170784
      k =    3 ; sb/Sb = 0 ; sb = 0
      k =    2 ; sb/Sb = 0.05738864959467 ; sb = 102.95630140987
      k =    1 ; sb/Sb = 0.118703512006856 ; sb = 212.95630140987
      k =  162 ; sb/Sb = 0.191380602645436 ; sb = 343.340349513923
      k =  161 ; sb/Sb = 0.263843621859837 ; sb = 473.340349513923
      k =  160 ; sb/Sb = 0.367527473579895 ; sb = 659.351101891306
      k =  159 ; sb/Sb = 0.469853950883238 ; sb = 842.926699398164
      k =  158 ; sb/Sb = 0.557987868902489 ; sb = 1001.04058240658
      k =  157 ; sb/Sb = 0.685218574163852 ; sb = 1229.29482661685
      k =  156 ; sb/Sb = 0.807467657434182 ; sb = 1448.61194861146
      k =  155 ; sb/Sb = 0.927536980785599 ; sb = 1664.01854089684
      Creating new point: f = 0.676365763736291
Tear 3 : Sf = 997.205053568822 ; Sb = 925.091753511853
  Backwards path
    i = 147 ; sf/Sf = 0.130364361406666 ; sf = 130
      k =  146 ; sb/Sb = 0 ; sb = 0
      k =  145 ; sb/Sb = 0.120856551202147 ; sb = 111.803398874989
      k =  144 ; sb/Sb = 0.218144198247254 ; sb = 201.803398874989
      Creating new point: f = 0.0977288534906281
    i = 148 ; sf/Sf = 0.339755729241126 ; sf = 338.806130178211
      k =  146 ; sb/Sb = 0 ; sb = 0
      k =  145 ; sb/Sb = 0.120856551202147 ; sb = 111.803398874989
      k =  144 ; sb/Sb = 0.218144198247254 ; sb = 201.803398874989
      k =  143 ; sb/Sb = 0.302570955336561 ; sb = 279.905895634056
      k =  142 ; sb/Sb = 0.481503967055758 ; sb = 445.435349206525
      Creating new point: f = 0.207813938564448
    i = 149 ; sf/Sf = 0.518299688189646 ; sf = 516.85106832586
      k =  146 ; sb/Sb = 0 ; sb = 0
      k =  145 ; sb/Sb = 0.120856551202147 ; sb = 111.803398874989
      k =  144 ; sb/Sb = 0.218144198247254 ; sb = 201.803398874989
      k =  143 ; sb/Sb = 0.302570955336561 ; sb = 279.905895634056
      k =  142 ; sb/Sb = 0.481503967055758 ; sb = 445.435349206525
      k =  141 ; sb/Sb = 0.680238592470562 ; sb = 629.283112315027
      Creating new point: f = 0.185150026358454
    i = 150 ; sf/Sf = 0.626769393469228 ; sf = 625.017606589779
      k =  146 ; sb/Sb = 0 ; sb = 0
      k =  145 ; sb/Sb = 0.120856551202147 ; sb = 111.803398874989
      k =  144 ; sb/Sb = 0.218144198247254 ; sb = 201.803398874989
      k =  143 ; sb/Sb = 0.302570955336561 ; sb = 279.905895634056
      k =  142 ; sb/Sb = 0.481503967055758 ; sb = 445.435349206525
      k =  141 ; sb/Sb = 0.680238592470562 ; sb = 629.283112315027
      Creating new point: f = 0.730951771037727
    i = 151 ; sf/Sf = 0.757518879382312 ; sf = 755.401654693832
      k =  146 ; sb/Sb = 0 ; sb = 0
      k =  145 ; sb/Sb = 0.120856551202147 ; sb = 111.803398874989
      k =  144 ; sb/Sb = 0.218144198247254 ; sb = 201.803398874989
      k =  143 ; sb/Sb = 0.302570955336561 ; sb = 279.905895634056
      k =  142 ; sb/Sb = 0.481503967055758 ; sb = 445.435349206525
      k =  141 ; sb/Sb = 0.680238592470562 ; sb = 629.283112315027
      k =  140 ; sb/Sb = 0.849437764153568 ; sb = 785.807870740012
      Creating new point: f = 0.456741520322184
    i = 152 ; sf/Sf = 0.869635638593334 ; sf = 867.205053568822
      k =  146 ; sb/Sb = 0 ; sb = 0
      k =  145 ; sb/Sb = 0.120856551202147 ; sb = 111.803398874989
      k =  144 ; sb/Sb = 0.218144198247254 ; sb = 201.803398874989
      k =  143 ; sb/Sb = 0.302570955336561 ; sb = 279.905895634056
      k =  142 ; sb/Sb = 0.481503967055758 ; sb = 445.435349206525
      k =  141 ; sb/Sb = 0.680238592470562 ; sb = 629.283112315027
      k =  140 ; sb/Sb = 0.849437764153568 ; sb = 785.807870740012
      k =  139 ; sb/Sb = 1 ; sb = 925.091753511853
      Creating new point: f = 0.134149671238722
Tear 4 : Sf = 2024.91628391482 ; Sb = 1591.48782234651
  Backwards path
    i = 121 ; sf/Sf = 0.0455304968927828 ; sf = 92.1954445729289
      k =  120 ; sb/Sb = 0 ; sb = 0
      k =  119 ; sb/Sb = 0.0490751456985144 ; sb = 78.1024967590665
      Creating new point: f = 0.927770997818169
    i = 122 ; sf/Sf = 0.131777268353423 ; sf = 266.837936538659
      k =  120 ; sb/Sb = 0 ; sb = 0
      k =  119 ; sb/Sb = 0.0490751456985144 ; sb = 78.1024967590665
      k =  118 ; sb/Sb = 0.124476288148395 ; sb = 198.102496759067
      k =  117 ; sb/Sb = 0.169786735703664 ; sb = 270.213522268346
      Creating new point: f = 0.161132378931413
    i = 123 ; sf/Sf = 0.177307765246205 ; sf = 359.033381111588
      k =  120 ; sb/Sb = 0 ; sb = 0
      k =  119 ; sb/Sb = 0.0490751456985144 ; sb = 78.1024967590665
      k =  118 ; sb/Sb = 0.124476288148395 ; sb = 198.102496759067
      k =  117 ; sb/Sb = 0.169786735703664 ; sb = 270.213522268346
      k =  116 ; sb/Sb = 0.323184775504385 ; sb = 514.34463458302
      Creating new point: f = 0.0490295022825087
    i = 124 ; sf/Sf = 0.222838262138988 ; sf = 451.228825684516
      k =  120 ; sb/Sb = 0 ; sb = 0
      k =  119 ; sb/Sb = 0.0490751456985144 ; sb = 78.1024967590665
      k =  118 ; sb/Sb = 0.124476288148395 ; sb = 198.102496759067
      k =  117 ; sb/Sb = 0.169786735703664 ; sb = 270.213522268346
      k =  116 ; sb/Sb = 0.323184775504385 ; sb = 514.34463458302
      Creating new point: f = 0.345842270893705
    i = 125 ; sf/Sf = 0.249432768044799 ; sf = 505.080473755861
      k =  120 ; sb/Sb = 0 ; sb = 0
      k =  119 ; sb/Sb = 0.0490751456985144 ; sb = 78.1024967590665
      k =  118 ; sb/Sb = 0.124476288148395 ; sb = 198.102496759067
      k =  117 ; sb/Sb = 0.169786735703664 ; sb = 270.213522268346
      k =  116 ; sb/Sb = 0.323184775504385 ; sb = 514.34463458302
      Creating new point: f = 0.519211539108342
    i = 126 ; sf/Sf = 0.389810624813023 ; sf = 789.333881826899
      k =  120 ; sb/Sb = 0 ; sb = 0
      k =  119 ; sb/Sb = 0.0490751456985144 ; sb = 78.1024967590665
      k =  118 ; sb/Sb = 0.124476288148395 ; sb = 198.102496759067
      k =  117 ; sb/Sb = 0.169786735703664 ; sb = 270.213522268346
      k =  116 ; sb/Sb = 0.323184775504385 ; sb = 514.34463458302
      k =  115 ; sb/Sb = 0.463686508920284 ; sb = 737.951432332999
      Creating new point: f = 0.474199482731065
    i = 127 ; sf/Sf = 0.521029187882717 ; sf = 1055.04048693863
      k =  120 ; sb/Sb = 0 ; sb = 0
      k =  119 ; sb/Sb = 0.0490751456985144 ; sb = 78.1024967590665
      k =  118 ; sb/Sb = 0.124476288148395 ; sb = 198.102496759067
      k =  117 ; sb/Sb = 0.169786735703664 ; sb = 270.213522268346
      k =  116 ; sb/Sb = 0.323184775504385 ; sb = 514.34463458302
      k =  115 ; sb/Sb = 0.463686508920284 ; sb = 737.951432332999
      k =  114 ; sb/Sb = 0.589981859472238 ; sb = 938.948944755417
      Creating new point: f = 0.454036341890862
    i = 128 ; sf/Sf = 0.625790079007482 ; sf = 1267.17252129459
      k =  120 ; sb/Sb = 0 ; sb = 0
      k =  119 ; sb/Sb = 0.0490751456985144 ; sb = 78.1024967590665
      k =  118 ; sb/Sb = 0.124476288148395 ; sb = 198.102496759067
      k =  117 ; sb/Sb = 0.169786735703664 ; sb = 270.213522268346
      k =  116 ; sb/Sb = 0.323184775504385 ; sb = 514.34463458302
      k =  115 ; sb/Sb = 0.463686508920284 ; sb = 737.951432332999
      k =  114 ; sb/Sb = 0.589981859472238 ; sb = 938.948944755417
      k =  113 ; sb/Sb = 0.780774729358029 ; sb = 1242.5934737692
      Creating new point: f = 0.187681120141855
    i = 129 ; sf/Sf = 0.756263076025255 ; sf = 1531.36941756705
      k =  120 ; sb/Sb = 0 ; sb = 0
      k =  119 ; sb/Sb = 0.0490751456985144 ; sb = 78.1024967590665
      k =  118 ; sb/Sb = 0.124476288148395 ; sb = 198.102496759067
      k =  117 ; sb/Sb = 0.169786735703664 ; sb = 270.213522268346
      k =  116 ; sb/Sb = 0.323184775504385 ; sb = 514.34463458302
      k =  115 ; sb/Sb = 0.463686508920284 ; sb = 737.951432332999
      k =  114 ; sb/Sb = 0.589981859472238 ; sb = 938.948944755417
      k =  113 ; sb/Sb = 0.780774729358029 ; sb = 1242.5934737692
      Creating new point: f = 0.871527414271578
    i = 130 ; sf/Sf = 0.808759793529957 ; sf = 1637.6708756944
      k =  120 ; sb/Sb = 0 ; sb = 0
      k =  119 ; sb/Sb = 0.0490751456985144 ; sb = 78.1024967590665
      k =  118 ; sb/Sb = 0.124476288148395 ; sb = 198.102496759067
      k =  117 ; sb/Sb = 0.169786735703664 ; sb = 270.213522268346
      k =  116 ; sb/Sb = 0.323184775504385 ; sb = 514.34463458302
      k =  115 ; sb/Sb = 0.463686508920284 ; sb = 737.951432332999
      k =  114 ; sb/Sb = 0.589981859472238 ; sb = 938.948944755417
      k =  113 ; sb/Sb = 0.780774729358029 ; sb = 1242.5934737692
      k =  112 ; sb/Sb = 0.907226289432338 ; sb = 1443.83959174418
      Creating new point: f = 0.221310548920728
    i = 131 ; sf/Sf = 0.91375322853936 ; sf = 1850.27379194909
      k =  120 ; sb/Sb = 0 ; sb = 0
      k =  119 ; sb/Sb = 0.0490751456985144 ; sb = 78.1024967590665
      k =  118 ; sb/Sb = 0.124476288148395 ; sb = 198.102496759067
      k =  117 ; sb/Sb = 0.169786735703664 ; sb = 270.213522268346
      k =  116 ; sb/Sb = 0.323184775504385 ; sb = 514.34463458302
      k =  115 ; sb/Sb = 0.463686508920284 ; sb = 737.951432332999
      k =  114 ; sb/Sb = 0.589981859472238 ; sb = 938.948944755417
      k =  113 ; sb/Sb = 0.780774729358029 ; sb = 1242.5934737692
      k =  112 ; sb/Sb = 0.907226289432338 ; sb = 1443.83959174418
      k =  111 ; sb/Sb = 1 ; sb = 1591.48782234651
      Creating new point: f = 0.0703533260347669
Tear 5 : Sf = 1550.13644381492 ; Sb = 1082.27846804181
  Backwards path
    i = 85 ; sf/Sf = 0.129824776894936 ; sf = 201.246117974981
      k =   84 ; sb/Sb = 0 ; sb = 0
      k =   83 ; sb/Sb = 0.0744933765788185 ; sb = 80.6225774829855
      k =   82 ; sb/Sb = 0.22058690765913 ; sb = 238.736460491404
      Creating new point: f = 0.378739564352786
    i = 86 ; sf/Sf = 0.253071819119975 ; sf = 392.295849720409
      k =   84 ; sb/Sb = 0 ; sb = 0
      k =   83 ; sb/Sb = 0.0744933765788185 ; sb = 80.6225774829855
      k =   82 ; sb/Sb = 0.22058690765913 ; sb = 238.736460491404
      k =   81 ; sb/Sb = 0.355119934126017 ; sb = 384.338658277015
      Creating new point: f = 0.241464213761963
    i = 87 ; sf/Sf = 0.400319659863934 ; sf = 620.550093930676
      k =   84 ; sb/Sb = 0 ; sb = 0
      k =   83 ; sb/Sb = 0.0744933765788185 ; sb = 80.6225774829855
      k =   82 ; sb/Sb = 0.22058690765913 ; sb = 238.736460491404
      k =   81 ; sb/Sb = 0.355119934126017 ; sb = 384.338658277015
      k =   80 ; sb/Sb = 0.599056761333303 ; sb = 648.346233925897
      Creating new point: f = 0.185292750813343
    i = 88 ; sf/Sf = 0.593851010731148 ; sf = 920.550093930676
      k =   84 ; sb/Sb = 0 ; sb = 0
      k =   83 ; sb/Sb = 0.0744933765788185 ; sb = 80.6225774829855
      k =   82 ; sb/Sb = 0.22058690765913 ; sb = 238.736460491404
      k =   81 ; sb/Sb = 0.355119934126017 ; sb = 384.338658277015
      k =   80 ; sb/Sb = 0.599056761333303 ; sb = 648.346233925897
      Creating new point: f = 0.978659431371012
    i = 89 ; sf/Sf = 0.712276455303675 ; sf = 1104.12569143753
      k =   84 ; sb/Sb = 0 ; sb = 0
      k =   83 ; sb/Sb = 0.0744933765788185 ; sb = 80.6225774829855
      k =   82 ; sb/Sb = 0.22058690765913 ; sb = 238.736460491404
      k =   81 ; sb/Sb = 0.355119934126017 ; sb = 384.338658277015
      k =   80 ; sb/Sb = 0.599056761333303 ; sb = 648.346233925897
      k =   79 ; sb/Sb = 0.794843896771337 ; sb = 860.242434930067
      Creating new point: f = 0.578279536686956
    i = 90 ; sf/Sf = 0.832272829248415 ; sf = 1290.13644381492
      k =   84 ; sb/Sb = 0 ; sb = 0
      k =   83 ; sb/Sb = 0.0744933765788185 ; sb = 80.6225774829855
      k =   82 ; sb/Sb = 0.22058690765913 ; sb = 238.736460491404
      k =   81 ; sb/Sb = 0.355119934126017 ; sb = 384.338658277015
      k =   80 ; sb/Sb = 0.599056761333303 ; sb = 648.346233925897
      k =   79 ; sb/Sb = 0.794843896771337 ; sb = 860.242434930067
      k =   78 ; sb/Sb = 1 ; sb = 1082.27846804181
      Creating new point: f = 0.182441233226973
    i = 91 ; sf/Sf = 0.929038504682022 ; sf = 1440.13644381492
      k =   84 ; sb/Sb = 0 ; sb = 0
      k =   83 ; sb/Sb = 0.0744933765788185 ; sb = 80.6225774829855
      k =   82 ; sb/Sb = 0.22058690765913 ; sb = 238.736460491404
      k =   81 ; sb/Sb = 0.355119934126017 ; sb = 384.338658277015
      k =   80 ; sb/Sb = 0.599056761333303 ; sb = 648.346233925897
      k =   79 ; sb/Sb = 0.794843896771337 ; sb = 860.242434930067
      k =   78 ; sb/Sb = 1 ; sb = 1082.27846804181
      Creating new point: f = 0.654109752519104
Triangulating...
Merging points...
Projecting to sphere...
Optimising mapping with FIRE...
E =  0.00495 | E_L =  0.00495 | E_A =  0.00000 |   0 flippped triangles
E =  0.00457 | E_L =  0.00457 | E_A =  0.00000 |  90 flippped triangles
        phi0    phi0.1    phi0.2    phi0.3    phi0.4    phi0.5    phi0.6
id     34.00     68.00 91.000000   105.000   122.000  124.0000  127.0000
A   17704.81  17916.99 70.552870  1613.782  5074.436  906.4976  528.4170
a  -13592.86 -13005.52 -7.425232 -1552.202 -4469.744 -676.2852 -571.2079
      phi0.7     phi0.8    phi0.9   phi0.10   phi0.11   phi0.12   phi0.13
id  128.0000   140.0000   152.000 153.00000   168.000   176.000   183.000
A   181.8502   946.7263  2285.933  87.71046  3315.072  6679.452  2925.855
a  -215.9750 -1045.8953 -1817.740 -78.64560 -5701.016 -6259.154 -2735.037
     phi0.14   phi0.15   phi0.16   phi0.17   phi0.18   phi0.19   phi0.20
id    213.00   330.000  337.0000   338.000   433.000   506.000   513.000
A   21834.20  6334.973  812.3945  6679.452  3865.267  1148.352  3449.008
a  -16083.43 -5623.996 -748.6221 -5391.089 -2707.845 -1172.118 -4050.568
     phi0.21   phi0.22   phi0.23   phi0.24   phi0.25   phi0.26      phi0.27
id   521.000   523.000   527.000   533.000   559.000   565.000 583.00000000
A   1470.033  3848.914  1437.443  6181.610  2690.797  8174.831   0.11212998
a  -2168.544 -3354.372 -2090.137 -5299.376 -2401.781 -6080.643  -0.06821823
     phi0.28   phi0.29     phi0.30   phi0.31   phi0.32   phi0.33   phi0.34
id    589.00    707.00 716.0000000    722.00   730.000 737.00000 739.00000
A   17806.58  16737.20   0.1217299  25995.74  1669.372  74.71355  42.75526
a  -12702.86 -15390.19  -0.1022272 -24534.51 -1513.921 -74.07491 -57.73157
     phi0.35   phi0.36   phi0.37   phi0.38   phi0.39   phi0.40   phi0.41
id   780.000    784.00   792.000   796.000  799.0000  801.0000  802.0000
A   9139.822  22437.86  1292.188  2550.000  639.0625  633.2922 1039.7824
a  -6852.323 -13575.87 -1209.551 -2182.447 -368.9398 -585.0068 -985.7729
     phi0.42   phi0.43   phi0.44   phi0.45   phi0.46   phi0.47   phi0.48
id   803.000    806.00  811.0000   820.000   823.000    825.00   827.000
A   1487.500  11650.23  260.4940 12126.091  2563.148  20307.41  2943.190
a  -1586.416 -11911.67 -262.4435 -8774.788 -2448.549 -16156.60 -3287.506
     phi0.49  phi0.50   phi0.51   phi0.52   phi0.53   phi0.54   phi0.55
id   836.000 842.0000    843.00   850.000   851.000  852.0000   855.000
A  13092.304 110.6310  19590.85  1729.885  1894.224  230.4401  3168.926
a  -7049.099 -99.9504 -13790.95 -1603.631 -1619.186 -212.3620 -2368.540
     phi0.56   phi0.57   phi0.58   phi0.59   phi0.60   phi0.61   phi0.62
id   857.000   863.000   868.000   871.000  875.0000  876.0000   878.000
A   2846.798  4052.028  2708.668  9891.891 1084.5309  211.8173  3195.536
a  -2336.567 -4083.977 -2466.027 -9672.817 -858.7034 -199.8873 -3215.255
     phi0.63   phi0.64   phi0.65   phi0.66   phi0.67   phi0.68   phi0.69
id   879.000    968.00   969.000    970.00   973.000   978.000   980.000
A   3093.009  13118.72  1636.218  14779.37  4943.237  6917.481  1105.720
a  -2966.722 -12701.12 -1346.904 -13401.48 -3800.834 -4089.559 -1249.971
     phi0.70   phi0.71   phi0.72   phi0.73    phi0.74   phi0.75   phi0.76
id   981.000   983.000 984.00000   989.000 1006.00000  1029.000  1031.000
A   1747.243  1812.293  77.45040  5035.977  120.10251  6312.723  4990.848
a  -1749.562 -1576.401 -58.43117 -3892.877  -96.25779 -2605.563 -2341.332
      phi0.77   phi0.78   phi0.79   phi0.80   phi0.81   phi0.82   phi0.83
id 1038.00000   1043.00   1045.00  1049.000  1050.000  1052.000 1075.0000
A    69.39136  58445.53  30917.33  2167.642  4146.794  3919.696  465.2459
a   -45.09238 -26873.96 -18081.61 -1772.674 -3613.336 -3285.712 -473.8940
     phi0.84   phi0.85   phi0.86   phi0.87   phi0.88   phi0.89
id 1082.0000  1083.000  1085.000 1088.0000   1091.00 1189.0000
A   719.1454  6755.241 14228.920 1317.3977  12322.11  976.1338
a  -689.2627 -4612.552 -8307.241 -423.1621 -12794.23 -821.0784
E =  0.00451 | E_L =  0.00451 | E_A =  0.00000 |  87 flippped triangles
        phi0    phi0.1    phi0.2    phi0.3    phi0.4    phi0.5    phi0.6
id    34.000    68.000 91.000000   105.000   122.000  124.0000  127.0000
A  17704.812 17916.991 70.552870  1613.782  5074.436  906.4976  528.4170
a  -5254.415 -3531.957 -2.363087 -1846.852 -4319.878 -735.7804 -576.3802
      phi0.7    phi0.8     phi0.9   phi0.10   phi0.11   phi0.12   phi0.13
id  128.0000 129.00000   140.0000   152.000 153.00000   168.000   176.000
A   181.8502  42.86451   946.7263  2285.933  87.71046  3315.072  6679.452
a  -217.3335 -48.24834 -1075.4265 -1939.287 -77.04532 -5850.708 -6602.244
     phi0.14   phi0.15   phi0.16   phi0.17   phi0.18   phi0.19   phi0.20
id   183.000   330.000  337.0000   338.000   433.000   506.000   513.000
A   2925.855  6334.973  812.3945  6679.452  3865.267  1148.352  3449.008
a  -2857.135 -5170.831 -807.9227 -6572.252 -3298.196 -1208.274 -3636.491
     phi0.21   phi0.22   phi0.23   phi0.24   phi0.25   phi0.26   phi0.27
id   521.000   523.000   527.000   533.000   559.000   562.000   565.000
A   1470.033  3848.914  1437.443  6181.610  2690.797 11276.730  8174.831
a  -2141.129 -3428.324 -2015.141 -5810.038 -2805.118 -2757.543 -4897.281
     phi0.28   phi0.29   phi0.30     phi0.31   phi0.32   phi0.33   phi0.34
id 566.00000    589.00    707.00 716.0000000    722.00   730.000 737.00000
A   72.17672  17806.58  16737.20   0.1217299  25995.74  1669.372  74.71355
a  -18.32959 -14032.78 -17032.45  -0.1099751 -26328.28 -1462.791 -30.09716
     phi0.35   phi0.36   phi0.37   phi0.38   phi0.39   phi0.40   phi0.41
id 739.00000   780.000    784.00   792.000   796.000  799.0000  801.0000
A   42.75526  9139.822  22437.86  1292.188  2550.000  639.0625  633.2922
a  -55.23045 -7212.701 -19396.44 -1182.166 -2308.609 -457.6901 -584.6716
     phi0.42   phi0.43   phi0.44   phi0.45   phi0.46   phi0.47   phi0.48
id  802.0000   803.000    806.00  811.0000   814.000   820.000   823.000
A  1039.7824  1487.500  11650.23  260.4940 23864.341 12126.091  2563.148
a  -960.6413 -1556.523 -10876.17 -254.3896 -1708.967 -2545.769 -2029.668
     phi0.49   phi0.50   phi0.51   phi0.52   phi0.53   phi0.54   phi0.55
id    825.00   827.000  842.0000   850.000   851.000  852.0000   855.000
A   20307.41  2943.190  110.6310  1729.885  1894.224  230.4401  3168.926
a  -12801.41 -3059.078 -102.8567 -1582.705 -1675.384 -211.0882 -1508.570
     phi0.56   phi0.57   phi0.58   phi0.59   phi0.60   phi0.61   phi0.62
id   857.000   863.000   868.000   871.000  875.0000  876.0000   878.000
A   2846.798  4052.028  2708.668  9891.891 1084.5309  211.8173  3195.536
a  -2231.477 -3814.771 -3186.136 -1354.484 -740.0131 -197.1827 -3463.592
     phi0.63   phi0.64   phi0.65   phi0.66   phi0.67   phi0.68   phi0.69
id   879.000   968.000   969.000    970.00    972.00   973.000   980.000
A   3093.009 13118.716  1636.218  14779.37  21693.30  4943.237  1105.720
a  -2814.095 -3987.549 -1458.960 -10656.51 -23858.07 -4911.960 -1259.718
     phi0.70   phi0.71    phi0.72   phi0.73   phi0.74   phi0.75   phi0.76
id   981.000   983.000 984.000000   989.000 1006.0000  1029.000  1031.000
A   1747.243  1812.293  77.450404  5035.977  120.1025  6312.723  4990.848
a  -1762.108 -1544.720  -6.252015 -4440.945  -98.5302 -2433.238 -2174.508
     phi0.77   phi0.78   phi0.79   phi0.80   phi0.81   phi0.82   phi0.83
id  1049.000  1050.000  1052.000 1075.0000 1082.0000  1083.000  1085.000
A   2167.642  4146.794  3919.696  465.2459  719.1454  6755.241 14228.920
a  -1889.204 -3117.640 -3241.543 -476.9837 -678.2771 -5419.383 -9653.202
    phi0.84   phi0.85   phi0.86
id 1088.000   1091.00 1189.0000
A  1317.398  12322.11  976.1338
a  -733.917 -10683.55 -858.7250
E =  0.00450 | E_L =  0.00450 | E_A =  0.00000 |  85 flippped triangles
        phi0    phi0.1    phi0.2    phi0.3    phi0.4    phi0.5    phi0.6
id     34.00    68.000   105.000   122.000  124.0000  127.0000  128.0000
A   17704.81 17916.991  1613.782  5074.436  906.4976  528.4170  181.8502
a  -10549.76 -6685.536 -1795.595 -4232.821 -717.9503 -566.2247 -215.3516
      phi0.7     phi0.8    phi0.9   phi0.10   phi0.11   phi0.12   phi0.13
id 129.00000   140.0000   152.000 153.00000   168.000   176.000   183.000
A   42.86451   946.7263  2285.933  87.71046  3315.072  6679.452  2925.855
a  -47.69784 -1070.0235 -1946.745 -76.32795 -5982.469 -6509.752 -2797.042
     phi0.14   phi0.15   phi0.16   phi0.17   phi0.18   phi0.19   phi0.20
id   330.000  337.0000   338.000   433.000   506.000   513.000   521.000
A   6334.973  812.3945  6679.452  3865.267  1148.352  3449.008  1470.033
a  -5047.938 -804.3752 -6520.494 -3007.037 -1193.275 -3574.791 -2181.971
     phi0.21   phi0.22   phi0.23   phi0.24  phi0.25   phi0.26   phi0.27
id   523.000   527.000   533.000   559.000   562.00   565.000    589.00
A   3848.914  1437.443  6181.610  2690.797 11276.73  8174.831  17806.58
a  -3468.891 -2069.115 -5275.908 -2861.825 -3987.20 -4450.496 -14087.50
     phi0.28     phi0.29   phi0.30   phi0.31   phi0.32   phi0.33   phi0.34
id    707.00 716.0000000    722.00   730.000 737.00000 739.00000   780.000
A   16737.20   0.1217299  25995.74  1669.372  74.71355  42.75526  9139.822
a  -16986.62  -0.1104175 -26481.58 -1475.641 -74.02672 -54.91484 -7309.321
     phi0.35   phi0.36   phi0.37   phi0.38   phi0.39   phi0.40   phi0.41
id    784.00   792.000   796.000  799.0000  801.0000  802.0000   803.000
A   22437.86  1292.188  2550.000  639.0625  633.2922 1039.7824  1487.500
a  -19572.40 -1219.213 -2329.097 -437.8207 -587.5151 -982.7099 -1542.306
     phi0.42   phi0.43   phi0.44   phi0.45   phi0.46   phi0.47   phi0.48
id    806.00  811.0000   814.000   820.000   823.000    825.00   827.000
A   11650.23  260.4940 23864.341 12126.091  2563.148  20307.41  2943.190
a  -10945.31 -259.1631 -3632.536 -9580.065 -1854.269 -12185.25 -3122.335
     phi0.49   phi0.50   phi0.51   phi0.52   phi0.53   phi0.54   phi0.55
id  842.0000   843.000   850.000   851.000  852.0000   855.000   857.000
A   110.6310 19590.846  1729.885  1894.224  230.4401  3168.926  2846.798
a  -101.7241 -7010.912 -1637.456 -1686.178 -212.3350 -2280.301 -2297.846
     phi0.56   phi0.57   phi0.58   phi0.59   phi0.60   phi0.61   phi0.62
id   863.000   868.000  875.0000  876.0000   878.000   879.000   968.000
A   4052.028  2708.668 1084.5309  211.8173  3195.536  3093.009 13118.716
a  -3952.416 -3099.341 -747.1259 -200.2007 -3451.887 -2876.918 -2322.994
     phi0.63   phi0.64   phi0.65   phi0.66   phi0.67   phi0.68   phi0.69
id   969.000    970.00    972.00   973.000   980.000   981.000   983.000
A   1636.218  14779.37  21693.30  4943.237  1105.720  1747.243  1812.293
a  -1470.210 -11147.73 -24117.65 -4915.509 -1259.273 -1774.976 -1548.878
     phi0.70   phi0.71    phi0.72   phi0.73   phi0.74   phi0.75   phi0.76
id 984.00000   989.000 1006.00000  1029.000  1031.000  1049.000  1050.000
A   77.45040  5035.977  120.10251  6312.723  4990.848  2167.642  4146.794
a  -57.84251 -4585.891  -96.46721 -2414.720 -2175.743 -1974.182 -3304.123
     phi0.77   phi0.78   phi0.79   phi0.80   phi0.81   phi0.82   phi0.83
id  1052.000 1075.0000 1082.0000  1083.000  1085.000 1088.0000   1091.00
A   3919.696  465.2459  719.1454  6755.241 14228.920 1317.3977  12322.11
a  -3305.976 -480.3126 -688.8463 -5111.578 -9244.076 -705.2136 -12123.26
     phi0.84
id 1189.0000
A   976.1338
a  -860.1964
FIRE:  5  stops.  0 hits of maxmove.  0 hits of dtmax.
Frms = 9.7651948166307e-06; Ftanrms = 9.76468079892835e-06
E =  0.00821 | E_L =  0.00817 | E_A =  0.00003 |   0 flippped triangles
E =  0.00571 | E_L =  0.00569 | E_A =  0.00002 |   0 flippped triangles
E =  0.00533 | E_L =  0.00533 | E_A =  0.00000 |   0 flippped triangles
E =  0.00517 | E_L =  0.00517 | E_A =  0.00000 |   0 flippped triangles
E =  0.00514 | E_L =  0.00514 | E_A =  0.00000 |   0 flippped triangles
E =  0.00504 | E_L =  0.00504 | E_A =  0.00000 |   0 flippped triangles
E =  0.00502 | E_L =  0.00502 | E_A =  0.00000 |   0 flippped triangles
E =  0.00500 | E_L =  0.00500 | E_A =  0.00000 |   0 flippped triangles
E =  0.00499 | E_L =  0.00499 | E_A =  0.00000 |   0 flippped triangles
E =  0.00497 | E_L =  0.00497 | E_A =  0.00000 |   0 flippped triangles
E =  0.00497 | E_L =  0.00497 | E_A =  0.00000 |   0 flippped triangles
E =  0.00497 | E_L =  0.00497 | E_A =  0.00000 |   0 flippped triangles
Optimising mapping with BFGS...
E =  0.00497 | E_L =  0.00497 | E_A =  0.00000 |   0 flippped triangles
Transforming image...
Mapping optimised. Error: 0.00496907 ; 0 flipped triangles.
Inferring coordinates of datapoints
Inferring coordinates of landmarks
Mapping optimised. Error: 0.00496907 ; 0 flipped triangles. OD displacement: 6.652936 degrees.
Computing Kernel Density estimates of datapoints

[1] 0.7
Saving developmental_retina/data/nAChR-B2/P8/GMB185-2/R-CONT2/r.mat
