[1] "Adding old segment 1"
[1] "Storing new segment 1"
[1] "Adding old segment 2"
[1] "Adding old segment 3"
[1] "Adding old segment 4"
[1] "Adding old segment 5"
[1] "Storing new segment 2"
simplify.outline: Removing vertex 1
Triangulating...
Stitching...
Tear 1 child of rim
Tear 2 child of rim
Tear 3 child of rim
Tear 4 child of rim
Tear 1 : Sf = 2838.51459570442 ; Sb = 2389.95560296279
  Forwards path
    i = 1 ; sf/Sf = 0.132615349261911 ; sf = 376.430604494374
      k =    2 ; sb/Sb = 0 ; sb = 0
      k =    3 ; sb/Sb = 0.0376576032995878 ; sb = 90
      k =    4 ; sb/Sb = 0.254791858500748 ; sb = 608.941229813165
      Creating new point: f = 0.437322733229502
    i = 52 ; sf/Sf = 0.222847391712886 ; sf = 632.555573991688
      k =    2 ; sb/Sb = 0 ; sb = 0
      k =    3 ; sb/Sb = 0.0376576032995878 ; sb = 90
      k =    4 ; sb/Sb = 0.254791858500748 ; sb = 608.941229813165
      Creating new point: f = 0.852881496020667
    i = 261 ; sf/Sf = 0.323806744908329 ; sf = 919.13017160983
      k =    2 ; sb/Sb = 0 ; sb = 0
      k =    3 ; sb/Sb = 0.0376576032995878 ; sb = 90
      k =    4 ; sb/Sb = 0.254791858500748 ; sb = 608.941229813165
      k =  423 ; sb/Sb = 0.35232113783718 ; sb = 842.031877416195
      Creating new point: f = 0.707632486132814
    i = 256 ; sf/Sf = 0.424766098103772 ; sf = 1205.70476922797
      k =    2 ; sb/Sb = 0 ; sb = 0
      k =    3 ; sb/Sb = 0.0376576032995878 ; sb = 90
      k =    4 ; sb/Sb = 0.254791858500748 ; sb = 608.941229813165
      k =  423 ; sb/Sb = 0.35232113783718 ; sb = 842.031877416195
      k =  216 ; sb/Sb = 0.449850417173613 ; sb = 1075.12252501923
      Creating new point: f = 0.742802169353563
    i = 51 ; sf/Sf = 0.626684804494658 ; sf = 1778.85396446426
      k =    2 ; sb/Sb = 0 ; sb = 0
      k =    3 ; sb/Sb = 0.0376576032995878 ; sb = 90
      k =    4 ; sb/Sb = 0.254791858500748 ; sb = 608.941229813165
      k =  423 ; sb/Sb = 0.35232113783718 ; sb = 842.031877416195
      k =  216 ; sb/Sb = 0.449850417173613 ; sb = 1075.12252501923
      k =    5 ; sb/Sb = 0.644908975846478 ; sb = 1541.30382022529
      Creating new point: f = 0.90657076789753
    i = 50 ; sf/Sf = 0.767999357891586 ; sf = 2179.97738686689
      k =    2 ; sb/Sb = 0 ; sb = 0
      k =    3 ; sb/Sb = 0.0376576032995878 ; sb = 90
      k =    4 ; sb/Sb = 0.254791858500748 ; sb = 608.941229813165
      k =  423 ; sb/Sb = 0.35232113783718 ; sb = 842.031877416195
      k =  216 ; sb/Sb = 0.449850417173613 ; sb = 1075.12252501923
      k =    5 ; sb/Sb = 0.644908975846478 ; sb = 1541.30382022529
      k =    6 ; sb/Sb = 0.860911473686037 ; sb = 2057.5402001909
      Creating new point: f = 0.569856289979276
    i = 49 ; sf/Sf = 0.852550622966353 ; sf = 2419.97738686689
      k =    2 ; sb/Sb = 0 ; sb = 0
      k =    3 ; sb/Sb = 0.0376576032995878 ; sb = 90
      k =    4 ; sb/Sb = 0.254791858500748 ; sb = 608.941229813165
      k =  423 ; sb/Sb = 0.35232113783718 ; sb = 842.031877416195
      k =  216 ; sb/Sb = 0.449850417173613 ; sb = 1075.12252501923
      k =    5 ; sb/Sb = 0.644908975846478 ; sb = 1541.30382022529
      k =    6 ; sb/Sb = 0.860911473686037 ; sb = 2057.5402001909
      Creating new point: f = 0.961292805392027
    i = 48 ; sf/Sf = 0.936586551193925 ; sf = 2658.51459570442
      k =    2 ; sb/Sb = 0 ; sb = 0
      k =    3 ; sb/Sb = 0.0376576032995878 ; sb = 90
      k =    4 ; sb/Sb = 0.254791858500748 ; sb = 608.941229813165
      k =  423 ; sb/Sb = 0.35232113783718 ; sb = 842.031877416195
      k =  216 ; sb/Sb = 0.449850417173613 ; sb = 1075.12252501923
      k =    5 ; sb/Sb = 0.644908975846478 ; sb = 1541.30382022529
      k =    6 ; sb/Sb = 0.860911473686037 ; sb = 2057.5402001909
      k =    7 ; sb/Sb = 1 ; sb = 2389.95560296279
      Creating new point: f = 0.544078505347501
Tear 2 : Sf = 1662.96212399759 ; Sb = 2111.40503654566
  Forwards path
    i = 102 ; sf/Sf = 0.211624355129249 ; sf = 351.923287095355
      k =   19 ; sb/Sb = 0 ; sb = 0
      k =   20 ; sb/Sb = 0.164748372101839 ; sb = 347.850542618522
      k =  397 ; sb/Sb = 0.314013285622174 ; sb = 663.00923280491
      Creating new point: f = 0.314045557806349
    i = 18 ; sf/Sf = 0.423248710258498 ; sf = 703.846574190711
      k =   19 ; sb/Sb = 0 ; sb = 0
      k =   20 ; sb/Sb = 0.164748372101839 ; sb = 347.850542618522
      k =  397 ; sb/Sb = 0.314013285622174 ; sb = 663.00923280491
      k =   21 ; sb/Sb = 0.463278199142509 ; sb = 978.167922991299
      Creating new point: f = 0.731822516491406
    i = 17 ; sf/Sf = 0.651835730184826 ; sf = 1083.97813036568
      k =   19 ; sb/Sb = 0 ; sb = 0
      k =   20 ; sb/Sb = 0.164748372101839 ; sb = 347.850542618522
      k =  397 ; sb/Sb = 0.314013285622174 ; sb = 663.00923280491
      k =   21 ; sb/Sb = 0.463278199142509 ; sb = 978.167922991299
      k =   22 ; sb/Sb = 0.611921917944549 ; sb = 1292.0150195208
      k =  413 ; sb/Sb = 0.805960958972275 ; sb = 1701.71002803323
      Creating new point: f = 0.205699904662862
    i = 16 ; sf/Sf = 0.799744978372449 ; sf = 1329.94560789065
      k =   19 ; sb/Sb = 0 ; sb = 0
      k =   20 ; sb/Sb = 0.164748372101839 ; sb = 347.850542618522
      k =  397 ; sb/Sb = 0.314013285622174 ; sb = 663.00923280491
      k =   21 ; sb/Sb = 0.463278199142509 ; sb = 978.167922991299
      k =   22 ; sb/Sb = 0.611921917944549 ; sb = 1292.0150195208
      k =  413 ; sb/Sb = 0.805960958972275 ; sb = 1701.71002803323
      Creating new point: f = 0.967965309625823
Tear 3 : Sf = 1432.30944446528 ; Sb = 1346.94410111956
  Forwards path
    i = 28 ; sf/Sf = 0.235523515656632 ; sf = 337.34255586866
      k =   29 ; sb/Sb = 0 ; sb = 0
      k =   30 ; sb/Sb = 0.0371210653496614 ; sb = 50
      k =   53 ; sb/Sb = 0.228897269608684 ; sb = 308.31182706179
      k =   31 ; sb/Sb = 0.420673473867707 ; sb = 566.62365412358
      Creating new point: f = 0.034551972042358
    i = 88 ; sf/Sf = 0.531897813247261 ; sf = 761.842261404483
      k =   29 ; sb/Sb = 0 ; sb = 0
      k =   30 ; sb/Sb = 0.0371210653496614 ; sb = 50
      k =   53 ; sb/Sb = 0.228897269608684 ; sb = 308.31182706179
      k =   31 ; sb/Sb = 0.420673473867707 ; sb = 566.62365412358
      k =  203 ; sb/Sb = 0.710336736933853 ; sb = 956.783877621568
      Creating new point: f = 0.383978065434397
    i = 27 ; sf/Sf = 0.82827211083789 ; sf = 1186.3419669403
      k =   29 ; sb/Sb = 0 ; sb = 0
      k =   30 ; sb/Sb = 0.0371210653496614 ; sb = 50
      k =   53 ; sb/Sb = 0.228897269608684 ; sb = 308.31182706179
      k =   31 ; sb/Sb = 0.420673473867707 ; sb = 566.62365412358
      k =  203 ; sb/Sb = 0.710336736933853 ; sb = 956.783877621568
      k =   32 ; sb/Sb = 1 ; sb = 1346.94410111956
      Creating new point: f = 0.407146466057401
Tear 4 : Sf = 1243.11534071997 ; Sb = 1426.15634083602
  Forwards path
    i = 38 ; sf/Sf = 0.46802377000238 ; sf = 581.807528311554
      k =   39 ; sb/Sb = 0 ; sb = 0
      k =   40 ; sb/Sb = 0.228289425639786 ; sb = 325.576411921994
      k =   41 ; sb/Sb = 0.62697976747136 ; sb = 894.171170955174
      Creating new point: f = 0.601304619673653
    i = 37 ; sf/Sf = 0.661756309282575 ; sf = 822.6394198874
      k =   39 ; sb/Sb = 0 ; sb = 0
      k =   40 ; sb/Sb = 0.228289425639786 ; sb = 325.576411921994
      k =   41 ; sb/Sb = 0.62697976747136 ; sb = 894.171170955174
      k =   42 ; sb/Sb = 0.856985679126772 ; sb = 1222.19556029231
      Creating new point: f = 0.151198469469411
Tear 1 : Sf = 2389.95560296279 ; Sb = 2838.51459570442
  Backwards path
    i = 3 ; sf/Sf = 0.0376576032995878 ; sf = 90
      k =    2 ; sb/Sb = 0 ; sb = 0
      k =    1 ; sb/Sb = 0.132615349261911 ; sb = 376.430604494374
      Creating new point: f = 0.283961121462759
    i = 4 ; sf/Sf = 0.254791858500748 ; sf = 608.941229813165
      k =    2 ; sb/Sb = 0 ; sb = 0
      k =    1 ; sb/Sb = 0.132615349261911 ; sb = 376.430604494374
      k =   52 ; sb/Sb = 0.222847391712886 ; sb = 632.555573991688
      k =  261 ; sb/Sb = 0.323806744908329 ; sb = 919.13017160983
      Creating new point: f = 0.316409186239748
    i = 423 ; sf/Sf = 0.35232113783718 ; sf = 842.031877416195
      k =    2 ; sb/Sb = 0 ; sb = 0
      k =    1 ; sb/Sb = 0.132615349261911 ; sb = 376.430604494374
      k =   52 ; sb/Sb = 0.222847391712886 ; sb = 632.555573991688
      k =  261 ; sb/Sb = 0.323806744908329 ; sb = 919.13017160983
      k =  256 ; sb/Sb = 0.424766098103772 ; sb = 1205.70476922797
      Creating new point: f = 0.282434385981568
    i = 216 ; sf/Sf = 0.449850417173613 ; sf = 1075.12252501923
      k =    2 ; sb/Sb = 0 ; sb = 0
      k =    1 ; sb/Sb = 0.132615349261911 ; sb = 376.430604494374
      k =   52 ; sb/Sb = 0.222847391712886 ; sb = 632.555573991688
      k =  261 ; sb/Sb = 0.323806744908329 ; sb = 919.13017160983
      k =  256 ; sb/Sb = 0.424766098103772 ; sb = 1205.70476922797
      k =   51 ; sb/Sb = 0.626684804494658 ; sb = 1778.85396446426
      Creating new point: f = 0.124229792861694
    i = 5 ; sf/Sf = 0.644908975846478 ; sf = 1541.30382022529
      k =    2 ; sb/Sb = 0 ; sb = 0
      k =    1 ; sb/Sb = 0.132615349261911 ; sb = 376.430604494374
      k =   52 ; sb/Sb = 0.222847391712886 ; sb = 632.555573991688
      k =  261 ; sb/Sb = 0.323806744908329 ; sb = 919.13017160983
      k =  256 ; sb/Sb = 0.424766098103772 ; sb = 1205.70476922797
      k =   51 ; sb/Sb = 0.626684804494658 ; sb = 1778.85396446426
      k =   50 ; sb/Sb = 0.767999357891586 ; sb = 2179.97738686689
      Creating new point: f = 0.12896174465932
    i = 6 ; sf/Sf = 0.860911473686037 ; sf = 2057.5402001909
      k =    2 ; sb/Sb = 0 ; sb = 0
      k =    1 ; sb/Sb = 0.132615349261911 ; sb = 376.430604494374
      k =   52 ; sb/Sb = 0.222847391712886 ; sb = 632.555573991688
      k =  261 ; sb/Sb = 0.323806744908329 ; sb = 919.13017160983
      k =  256 ; sb/Sb = 0.424766098103772 ; sb = 1205.70476922797
      k =   51 ; sb/Sb = 0.626684804494658 ; sb = 1778.85396446426
      k =   50 ; sb/Sb = 0.767999357891586 ; sb = 2179.97738686689
      k =   49 ; sb/Sb = 0.852550622966353 ; sb = 2419.97738686689
      k =   48 ; sb/Sb = 0.936586551193925 ; sb = 2658.51459570442
      Creating new point: f = 0.099491382983747
Tear 2 : Sf = 2111.40503654566 ; Sb = 1662.96212399759
  Backwards path
    i = 20 ; sf/Sf = 0.164748372101839 ; sf = 347.850542618522
      k =   19 ; sb/Sb = 0 ; sb = 0
      k =  102 ; sb/Sb = 0.211624355129249 ; sb = 351.923287095355
      Creating new point: f = 0.778494384548599
    i = 397 ; sf/Sf = 0.314013285622174 ; sf = 663.00923280491
      k =   19 ; sb/Sb = 0 ; sb = 0
      k =  102 ; sb/Sb = 0.211624355129249 ; sb = 351.923287095355
      k =   18 ; sb/Sb = 0.423248710258498 ; sb = 703.846574190711
      Creating new point: f = 0.483823945643644
    i = 21 ; sf/Sf = 0.463278199142509 ; sf = 978.167922991299
      k =   19 ; sb/Sb = 0 ; sb = 0
      k =  102 ; sb/Sb = 0.211624355129249 ; sb = 351.923287095355
      k =   18 ; sb/Sb = 0.423248710258498 ; sb = 703.846574190711
      k =   17 ; sb/Sb = 0.651835730184826 ; sb = 1083.97813036568
      Creating new point: f = 0.17511706875094
    i = 22 ; sf/Sf = 0.611921917944549 ; sf = 1292.0150195208
      k =   19 ; sb/Sb = 0 ; sb = 0
      k =  102 ; sb/Sb = 0.211624355129249 ; sb = 351.923287095355
      k =   18 ; sb/Sb = 0.423248710258498 ; sb = 703.846574190711
      k =   17 ; sb/Sb = 0.651835730184826 ; sb = 1083.97813036568
      Creating new point: f = 0.825388982046573
    i = 413 ; sf/Sf = 0.805960958972275 ; sf = 1701.71002803323
      k =   19 ; sb/Sb = 0 ; sb = 0
      k =  102 ; sb/Sb = 0.211624355129249 ; sb = 351.923287095355
      k =   18 ; sb/Sb = 0.423248710258498 ; sb = 703.846574190711
      k =   17 ; sb/Sb = 0.651835730184826 ; sb = 1083.97813036568
      k =   16 ; sb/Sb = 0.799744978372449 ; sb = 1329.94560789065
      k =   15 ; sb/Sb = 1 ; sb = 1662.96212399759
      Creating new point: f = 0.0310403232303771
Tear 3 : Sf = 1346.94410111956 ; Sb = 1432.30944446528
  Backwards path
    i = 30 ; sf/Sf = 0.0371210653496614 ; sf = 50
      k =   29 ; sb/Sb = 0 ; sb = 0
      k =   28 ; sb/Sb = 0.235523515656632 ; sb = 337.34255586866
      Creating new point: f = 0.157610866355188
    i = 53 ; sf/Sf = 0.228897269608684 ; sf = 308.31182706179
      k =   29 ; sb/Sb = 0 ; sb = 0
      k =   28 ; sb/Sb = 0.235523515656632 ; sb = 337.34255586866
      Creating new point: f = 0.971865883415193
    i = 31 ; sf/Sf = 0.420673473867707 ; sf = 566.62365412358
      k =   29 ; sb/Sb = 0 ; sb = 0
      k =   28 ; sb/Sb = 0.235523515656632 ; sb = 337.34255586866
      k =   88 ; sb/Sb = 0.531897813247261 ; sb = 761.842261404483
      Creating new point: f = 0.624716649575384
    i = 203 ; sf/Sf = 0.710336736933854 ; sf = 956.783877621568
      k =   29 ; sb/Sb = 0 ; sb = 0
      k =   28 ; sb/Sb = 0.235523515656632 ; sb = 337.34255586866
      k =   88 ; sb/Sb = 0.531897813247261 ; sb = 761.842261404483
      k =   27 ; sb/Sb = 0.82827211083789 ; sb = 1186.34196694031
      Creating new point: f = 0.602072869129372
Tear 4 : Sf = 1426.15634083602 ; Sb = 1243.11534071997
  Backwards path
    i = 40 ; sf/Sf = 0.228289425639786 ; sf = 325.576411921994
      k =   39 ; sb/Sb = 0 ; sb = 0
      k =   38 ; sb/Sb = 0.46802377000238 ; sb = 581.807528311554
      Creating new point: f = 0.48777314374145
    i = 41 ; sf/Sf = 0.62697976747136 ; sf = 894.171170955174
      k =   39 ; sb/Sb = 0 ; sb = 0
      k =   38 ; sb/Sb = 0.46802377000238 ; sb = 581.807528311554
      k =   37 ; sb/Sb = 0.661756309282575 ; sb = 822.6394198874
      Creating new point: f = 0.820491994063438
    i = 42 ; sf/Sf = 0.856985679126772 ; sf = 1222.19556029231
      k =   39 ; sb/Sb = 0 ; sb = 0
      k =   38 ; sb/Sb = 0.46802377000238 ; sb = 581.807528311554
      k =   37 ; sb/Sb = 0.661756309282575 ; sb = 822.6394198874
      k =   36 ; sb/Sb = 1 ; sb = 1243.11534071997
      Creating new point: f = 0.577185547585853
Triangulating...
Merging points...
Projecting to sphere...
Optimising mapping with FIRE...
E =  0.00569 | E_L =  0.00569 | E_A =  0.00000 |   0 flippped triangles
E =  0.00560 | E_L =  0.00560 | E_A =  0.00000 |  26 flippped triangles
        phi0    phi0.1    phi0.2    phi0.3    phi0.4    phi0.5    phi0.6
id    18.000    92.000    95.000    140.00    148.00   171.000   174.000
A   5692.517 10950.679  6568.082  26561.29  36895.16 10910.128  7828.485
a  -5342.153 -1573.348 -6882.796 -22673.93 -33619.53 -9513.166 -9308.292
      phi0.7    phi0.8    phi0.9   phi0.10   phi0.11   phi0.12   phi0.13
id    242.00    273.00   409.000   416.000    439.00    443.00   625.000
A   18182.99  33182.96 18648.630 10704.259  14273.65  15549.35  2998.024
a  -16622.21 -26959.41 -2455.777 -6352.557 -13752.95 -14350.89 -2720.275
     phi0.14   phi0.15  phi0.16   phi0.17   phi0.18   phi0.19   phi0.20
id   632.000   633.000   635.00    639.00   640.000    641.00    714.00
A   3367.324  8367.950 14160.63  20593.30  2362.555  25527.78  33526.01
a  -2821.445 -8773.826 -4992.83 -14872.19 -2226.668 -22885.62 -23767.85
     phi0.21   phi0.22   phi0.23   phi0.24   phi0.25
id    715.00   720.000  787.0000   788.000   810.000
A   36836.44 27629.769  910.7787  8340.442 10233.254
a  -22365.06 -2310.815 -824.2859 -7705.637 -6365.025
E =  0.00556 | E_L =  0.00556 | E_A =  0.00000 |  27 flippped triangles
        phi0    phi0.1    phi0.2    phi0.3    phi0.4    phi0.5    phi0.6
id    18.000    92.000    95.000    140.00    148.00   171.000   174.000
A   5692.517 10950.679  6568.082  26561.29  36895.16 10910.128  7828.485
a  -5578.634 -2592.907 -6754.834 -21145.77 -31495.71 -9992.355 -9481.920
      phi0.7    phi0.8    phi0.9   phi0.10   phi0.11   phi0.12   phi0.13
id    242.00    273.00   409.000   416.000    439.00    443.00   625.000
A   18182.99  33182.96 18648.630 10704.259  14273.65  15549.35  2998.024
a  -16852.01 -27404.04 -3885.244 -6863.711 -12388.68 -12973.97 -2350.686
     phi0.14   phi0.15   phi0.16   phi0.17   phi0.18   phi0.19   phi0.20
id   629.000   632.000   633.000   635.000    639.00   640.000    641.00
A   3807.671  3367.324  8367.950 14160.633  20593.30  2362.555  25527.78
a  -1273.792 -2966.138 -7322.604 -6449.477 -12314.43 -2085.197 -22980.29
     phi0.21   phi0.22   phi0.23   phi0.24   phi0.25   phi0.26
id    714.00    715.00   720.000  787.0000   788.000   810.000
A   33526.01  36836.44 27629.769  910.7787  8340.442 10233.254
a  -24984.67 -23926.96 -2730.317 -854.2194 -7308.423 -5651.949
E =  0.00553 | E_L =  0.00553 | E_A =  0.00000 |  27 flippped triangles
        phi0    phi0.1    phi0.2    phi0.3    phi0.4    phi0.5    phi0.6
id    18.000    92.000    95.000    140.00    148.00   171.000   174.000
A   5692.517 10950.679  6568.082  26561.29  36895.16 10910.128  7828.485
a  -5125.639 -1511.242 -6626.518 -21458.54 -31908.63 -9734.216 -9444.047
      phi0.7    phi0.8    phi0.9   phi0.10   phi0.11   phi0.12   phi0.13
id    242.00    273.00   409.000   416.000    439.00    443.00   625.000
A   18182.99  33182.96 18648.630 10704.259  14273.65  15549.35  2998.024
a  -16728.35 -27952.06 -3226.648 -6327.172 -12827.57 -13550.11 -2389.827
     phi0.14   phi0.15   phi0.16   phi0.17   phi0.18   phi0.19   phi0.20
id  629.0000   632.000   633.000   635.000    639.00   640.000    641.00
A  3807.6710  3367.324  8367.950 14160.633  20593.30  2362.555  25527.78
a  -350.0386 -2939.550 -8103.906 -6110.944 -13247.44 -2095.017 -22961.89
     phi0.21   phi0.22   phi0.23   phi0.24   phi0.25   phi0.26
id    714.00    715.00   720.000  787.0000   788.000   810.000
A   33526.01  36836.44 27629.769  910.7787  8340.442 10233.254
a  -24389.98 -23270.05 -2890.455 -836.6686 -7124.138 -5351.437
E =  0.00551 | E_L =  0.00551 | E_A =  0.00000 |  27 flippped triangles
        phi0    phi0.1    phi0.2    phi0.3    phi0.4   phi0.5    phi0.6
id    18.000    92.000    95.000    140.00    148.00   171.00   174.000
A   5692.517 10950.679  6568.082  26561.29  36895.16 10910.13  7828.485
a  -5266.405 -2148.035 -6707.105 -20982.82 -31299.30 -9934.37 -9420.752
      phi0.7    phi0.8    phi0.9   phi0.10   phi0.11   phi0.12   phi0.13
id    242.00    273.00   409.000   416.000    439.00    443.00   625.000
A   18182.99  33182.96 18648.630 10704.259  14273.65  15549.35  2998.024
a  -16913.44 -28073.58 -3777.298 -6522.801 -12356.51 -13067.81 -2293.493
     phi0.14   phi0.15   phi0.16   phi0.17   phi0.18   phi0.19   phi0.20
id   629.000   632.000   633.000   635.000    639.00   640.000    641.00
A   3807.671  3367.324  8367.950 14160.633  20593.30  2362.555  25527.78
a  -1136.313 -2981.540 -7488.255 -6698.495 -12524.26 -2128.819 -23154.50
     phi0.21   phi0.22   phi0.23   phi0.24   phi0.25   phi0.26
id    714.00    715.00   720.000  787.0000   788.000   810.000
A   33526.01  36836.44 27629.769  910.7787  8340.442 10233.254
a  -25104.56 -24304.98 -3719.562 -854.0450 -7407.204 -5847.718
E =  0.00551 | E_L =  0.00551 | E_A =  0.00000 |  27 flippped triangles
        phi0    phi0.1    phi0.2    phi0.3    phi0.4    phi0.5    phi0.6
id    18.000    92.000    95.000    140.00    148.00   171.000   174.000
A   5692.517 10950.679  6568.082  26561.29  36895.16 10910.128  7828.485
a  -4932.399 -1529.793 -6652.389 -21070.04 -31550.73 -9766.052 -9462.314
      phi0.7    phi0.8    phi0.9   phi0.10   phi0.11   phi0.12   phi0.13
id    242.00    273.00   409.000   416.000    439.00    443.00   625.000
A   18182.99  33182.96 18648.630 10704.259  14273.65  15549.35  2998.024
a  -16832.14 -28339.97 -3250.968 -6200.365 -12487.68 -13233.24 -2289.807
     phi0.14   phi0.15   phi0.16   phi0.17   phi0.18   phi0.19   phi0.20
id  629.0000   632.000   633.000   635.000    639.00   640.000    641.00
A  3807.6710  3367.324  8367.950 14160.633  20593.30  2362.555  25527.78
a  -952.1605 -2979.320 -7635.954 -6442.811 -12829.78 -2123.130 -23119.65
     phi0.21   phi0.22   phi0.23   phi0.24   phi0.25   phi0.26
id    714.00    715.00   720.000  787.0000   788.000   810.000
A   33526.01  36836.44 27629.769  910.7787  8340.442 10233.254
a  -24748.58 -23880.74 -4009.253 -862.4315 -7014.565 -5147.951
FIRE:  3  stops.  0 hits of maxmove.  0 hits of dtmax.
Frms = 5.57408293460842e-07; Ftanrms = 5.50472816300163e-07
E =  0.00740 | E_L =  0.00740 | E_A =  0.00000 |   0 flippped triangles
E =  0.00633 | E_L =  0.00633 | E_A =  0.00000 |   0 flippped triangles
E =  0.00628 | E_L =  0.00628 | E_A =  0.00000 |   0 flippped triangles
E =  0.00628 | E_L =  0.00628 | E_A =  0.00000 |   0 flippped triangles
Optimising mapping with BFGS...
E =  0.00628 | E_L =  0.00628 | E_A =  0.00000 |   0 flippped triangles
Transforming image...
Mapping optimised. Error: 0.006278262 ; 0 flipped triangles.
Inferring coordinates of datapoints
Inferring coordinates of landmarks
Mapping optimised. Error: 0.006278262 ; 0 flipped triangles. OD displacement: 8.937073 degrees.
Computing Kernel Density estimates of datapoints

[1] 0.8
Saving developmental_retina/data/C57BL6J/P12/AP/GM127-2/R-CONTRA/r.mat
